5.214103074981522923e+00
2.761657767305227273e-01
3.359176486113085947e+00
1.562049276278044552e+01
1.269478208972782740e+00
1.352528482564508527e+00
1.236857797684558413e+01
1.856613552305154613e+01
1.059159841029784221e+00
1.736877286855602831e+00
7.833059797280012226e+00
6.230935439723465086e-01
1.326517588647224022e+00
2.655150372198194830e+00
6.484723390157329348e+00
5.155806934532939367e-01
1.550005930581539815e+01
4.441825425388952198e+00
6.697153926683034442e+00
6.113077041015731794e+00
1.481714708173116790e+01
2.663743431762053859e+00
3.214656157288620641e-01
6.482737759919708909e-01
4.153448428664401781e+00
4.761426201876867159e-01
1.883487748696705921e+01
1.509513525388935307e+01
2.050553230252701553e+01
4.459044593042808202e+00
8.609956539975703649e+00
1.690810451717434759e+01
1.785674661715964395e-01
1.633151930677858577e-01
3.895555553949898719e-01
1.215686917602669581e+01
7.214260284503954956e+00
2.947820499760058222e-01
1.765503238271661501e-01
8.878880933816537535e+00
3.872228013424554582e+00
8.920449021539567980e+00
2.071766863084498755e-01
1.603505561458490547e+01
1.558730416650203399e+00
1.114325079139024233e+01
1.242501753984763369e+01
1.513139489733342335e+00
4.594029130750792334e+00
3.931117885294658443e+00
2.129188447770237413e+00
1.398240256434321616e+01
4.789726716191955447e+00
4.040775589159378289e-01
1.717842640628005069e-01
2.201609578795770128e-01
2.385335984389151398e-01
1.234633417531200550e+01
7.197155613338406255e+00
5.850255328025608215e+00
4.420404193146650895e-01
9.453108083375199033e-01
1.462171535438402792e+01
1.366410009135315384e+01
1.045981611105986175e+01
1.947824244013256134e+01
3.252542701155247684e-01
1.966561204646763095e+00
2.028995539560853700e+01
1.556993689216090715e+00
9.237211917770384417e+00
2.436005074952305893e+00
5.185925106177395882e+00
1.168243305689416545e+01
4.224281460269615707e+00
4.230743190512709972e+00
1.900676838598633900e+00
4.289477874493421439e+00
2.918390030595462203e+00
7.406899932947847986e+00
1.533791517067233734e+01
3.111934302422868504e-01
1.285116565778909425e+01
2.505137336419813732e+00
6.060072192874537134e-01
1.242261007132481510e+01
1.708652052699897173e+00
1.512391947551494376e+01
3.813837403019237016e+00
1.932115299187104895e+01
1.505662892271155329e+01
4.468956491951551868e+00
1.122423083154526857e+01
8.356447331399991185e+00
3.430505320257962509e+00
2.059794183785743082e-01
3.381177921518985663e+00
2.319741551273294178e+00
1.725560493643650517e+01
5.650517627987127200e-01
1.814130501356356617e-01
1.252384221316275248e+00
6.285334847540072545e+00
1.780097928187785072e+01
6.924369465499160547e+00
7.666095366497732932e+00
2.472794211526686770e+00
1.789042971000825544e+00
1.037146367027070148e+01
5.773937965288541418e-01
3.214299925867517560e-01
1.294794573193982945e+00
1.195608788437040815e+01
2.076786486246358365e-01
1.058516460225085831e+00
6.668654271248582788e+00
2.038775537990379083e-01
7.868570497856056889e+00
5.027567065947585512e+00
2.287299172261877400e-01
7.733655725628779010e+00
1.058270747822279745e+01
4.509748198422554033e+00
1.912454647086766046e+00
2.484414759161796660e+00
8.034977227194873839e-01
6.132217964248712905e-01
2.281436462778886620e-01
1.374965393133646785e+01
8.968610826231573796e+00
7.465287424406787053e+00
1.093714547321918218e+01
2.901634149206719915e-01
1.416754194715531234e+01
1.187633048879779807e+01
3.095432799483738284e-01
6.986013089192977255e+00
6.568843253608670496e-01
7.467419584070121630e+00
1.653780533573416811e-01
4.612701194545389072e+00
5.695452015798739609e+00
5.036592947331750558e-01
3.295479510627803421e+00
1.139881649453625201e+01
4.107966636901664859e-01
2.010382906456934293e+01
1.967353274303813127e+00
4.709753301914845203e-01
3.753849629035192592e+00
4.883939637830196467e+00
1.836856545350269432e-01
2.941082768693085159e-01
1.397367673888215478e+00
4.452281547300426467e+00
1.930280257806910038e+00
2.561890822881293328e+00
2.113151292952795690e-01
6.518251338504843506e-01
1.604296028002840657e+01
3.012201592820268892e-01
1.728817892342834894e-01
7.183399871777393919e+00
7.928896204413069526e-01
2.011446775406327547e-01
8.581450614622383455e+00
3.668886056310893373e+00
3.218639669644779433e-01
3.306971112641316157e+00
7.538278970352070285e-01
3.390085894862520099e-01
1.003115747969691363e+01
3.627646798674478035e+00
1.735321520793074157e+01
2.053796178126277638e+01
2.274881331945737550e-01
3.043629688994599625e-01
1.261641678990394411e+01
2.825558231759046079e-01
5.800534717922044337e+00
1.170867375628869489e+01
6.099254174970077935e-01
1.543851440240332451e+01
1.946649815738379585e+00
1.737819343900261160e+01
8.480122365709560128e+00
1.805313623640836806e-01
1.808366967060292055e-02
9.121164797066123597e+00
1.561657213950727474e+01
1.489494313902969580e+01
1.777261467484943225e+01
1.212736341136903206e+01
3.050754664931818461e-01
2.178732820686111182e+00
8.973059397395783954e-01
8.675564252647046004e+00
3.532023316612189490e+00
1.483533842984308682e-01
5.880095334885254488e+00
3.798386562039989256e-01
3.538747384848041633e-01
8.001169679601735751e+00
2.288740386597280518e-01
5.592099097991051870e+00
1.781333017603790592e-01
1.235103731895521051e+01
5.793049311141446722e+00
1.115691457233129924e+01
6.306854712643360727e+00
1.580252292148138116e+00
2.036075718881427221e+01
6.944455165843112177e+00
8.534006755741098127e-01
1.824157679930533127e-01
2.705281907269677100e-01
2.969429527417895898e+00
2.427725549087961898e+00
1.159738400362789884e-01
4.570177823668209349e+00
1.825711862261200302e+00
1.272523377014554313e+01
1.773620727121093255e-01
4.924205414954920812e+00
3.529308055809170064e+00
2.889334424194438533e+00
1.955067845128959902e+01
1.106753674632423667e+01
7.607014968749660433e+00
7.046175032443851016e+00
6.978388830227469697e+00
1.593099549941320348e+01
1.106539425834797141e-01
1.283634176138715155e+01
6.913314167789117448e+00
6.322112612546949784e+00
7.448993038864874627e+00
4.888339097931580390e+00
4.881406927627661041e+00
2.405971406194599149e-01
8.310259054454048666e+00
3.274193396164405634e+00
8.043580956284507311e-01
4.327052538489201794e+00
1.727131942205737125e-01
8.523888497979783097e+00
9.524852121985921016e+00
8.510798984951772894e+00
7.842777791853410285e+00
3.994247806168909509e+00
1.157698126350450352e+01
2.848905209565363861e-01
1.641156920967439348e+01
4.011189679356492732e+00
2.956338251017381902e-01
4.497206763184276923e+00
5.747904256528182820e+00
8.274793565476000978e+00
1.896532663976323585e-01
2.362581402725136837e+00
1.741385535351158254e+01
6.477524665773771950e+00
6.628073033431830297e+00
5.668013851535809167e+00
1.939907091962111696e-01
8.270582882006609182e+00
1.286809874649052254e+01
4.639377473338292646e+00
1.355937286827704469e+01
3.668627677801883813e+00
1.182782991984355325e+00
5.124374259355730654e-01
4.809917633146800209e-01
4.331495218424596394e-01
1.002347534658894812e+00
5.370773488511477289e+00
5.771468354490927322e-01
2.102818190801843734e+00
2.218344431866078603e-01
1.174299392575453238e+00
5.289941547261414634e+00
2.812287873978909225e+00
2.983020759903319830e-01
5.937870952092731969e+00
1.097469185709750855e-01
1.609595019565314700e-01
1.145288997001678766e+01
1.538395117551756464e+01
2.921191411199395849e-01
1.620896093470727450e+01
1.011661786872091184e+01
9.398541329573728120e+00
4.137058216490122065e-01
1.546923982715813395e+01
1.694709083954711204e+01
8.082031742008709552e-01
2.042785208559548149e+00
2.228156376485712631e+00
3.555113734897314970e+00
2.099027416074362762e+01
2.048673754143220282e+00
8.350972117260388572e+00
2.825117162874899446e+00
3.767589239190722417e+00
1.570988852751797715e+01
4.941096153246750111e-01
1.282104441853166854e+00
7.871690778445479708e+00
2.323393397986256992e-01
8.213101478867425698e+00
5.985821180456102120e+00
2.316127660571637215e+00
1.669006369254189792e+01
9.030847375467498495e+00
5.782069570942144132e+00
1.391084596953110264e+01
1.318884028699844180e+01
1.569952649240626608e+00
1.606909568914191766e+01
1.971716850809563581e+01
1.316575055782357229e+00
3.920239939298088228e+00
3.540753551824245449e+00
1.844471704100218901e+01
8.396836760805708177e-01
5.297243554666645871e+00
1.072193216241500124e+01
1.668024084606909341e+01
1.079836532325659526e+01
4.710900988343143525e-01
3.335304495671050695e+00
1.478573484798112858e+01
1.083824040689530088e+00
3.255122909487063732e-01
6.370556002939544715e-01
9.044064723577823983e+00
8.015603680194059999e-01
2.153432610640886313e+00
1.119258317181454565e+01
9.108220376150573117e+00
4.565474574514040818e+00
3.132486435679053272e-01
1.976820247920590035e+01
1.599778762023091327e-01
2.709210655863128370e+00
1.073726995188986733e+00
1.839367180292798309e+01
1.764243846106849367e-01
2.224725482718744318e-01
3.529687058177315429e+00
7.498076855399241403e+00
1.058349559476580204e+01
2.193426086232088124e-01
1.934724915159714564e-01
2.570242185467229046e+00
1.018729507431422654e+01
2.661605108746438297e+00
1.851034193983797138e+01
5.294015318744275334e+00
1.813985254372440181e+01
5.094897455740394765e-01
1.760268885823472118e+01
4.355227021885847094e+00
1.691754385086157342e+01
1.249229563294350598e+01
1.723208733032997320e-01
4.289919730026426903e-01
1.237982176191807060e+00
3.096313973336087821e-01
2.719882465243220748e-01
5.626960461224904897e+00
2.731243546054910265e+00
1.128630325331110518e+00
1.410023278881901021e+01
1.711897274537243874e+01
7.649174957920837237e+00
8.241677026652960425e-01
1.569126980810445771e-01
1.436191746238898403e+01
4.441826905081177834e+00
3.965459855558279401e+00
1.688726474746385930e+00
1.496669051045518561e-01
1.165642413088474605e+00
8.829136773429101526e-01
7.829851276806254035e+00
2.599522911530244507e+00
1.652938366333620568e-01
7.799619463745209202e+00
3.497664965831003947e+00
2.332662334395942061e+00
1.325628053769574954e+01
7.158339058684415335e-01
7.501313397577979103e+00
1.616492124923096796e+01
7.964043371613740430e-01
2.124097560540851415e+00
2.906806886993587913e+00
2.046787670474112364e+00
2.028409471547921683e+01
3.839824021743305948e+00
4.020773066476204249e+00
7.957205792707086722e+00
1.757582816559246641e-01
1.743291461984020740e+00
2.114024050754315986e+00
8.298018561432837004e+00
1.532536592027796907e+01
1.237933157608836687e+01
1.345861392387371502e+01
4.371909420747714381e-01
1.973244435569733835e+00
1.326423140015324353e+00
3.074050998341514962e+00
1.144356202955085067e+01
1.779031638078424749e+01
1.171646997381246535e+01
1.041851050568398662e+01
4.008966931673744183e-01
4.423268968024019365e+00
3.642912629727727558e-01
2.789185291024806057e-01
2.175526049450902999e+00
4.281513740829120174e+00
1.128640975755570708e-01
2.865202144982036625e+00
6.154498147997510493e+00
5.821835731303265149e+00
3.630198649818430656e+00
1.404779049303380045e+00
9.110669911491502404e+00
7.306799560090093237e+00
4.008482620288960518e+00
1.080487872356358281e+01
1.863109542707067945e+01
1.266251484098698654e+01
1.694097549685866966e+01
2.916520176496473660e+00
1.589971933696247675e+01
3.844626686708926266e-01
3.423035976925423718e+00
1.334531717392333672e+00
3.220712300854437077e-02
5.173027999594856929e+00
1.649441592570141424e+01
9.165075047731830793e+00
1.924613840813639731e+00
3.131859321021177589e+00
5.356749789020272878e+00
1.638931224536531417e+01
1.670535536493174655e+00
2.135179831553541407e-01
1.854837508878513574e+01
4.476607138310111367e+00
2.973155746237557406e-01
1.109643012454007049e+01
3.754198980201314484e+00
2.115637336025530668e-01
1.551475603816350635e+01
8.158775594760138361e+00
1.635897917076808983e-02
1.882868337796960034e+01
4.377588440260208102e+00
1.953150909476103203e-01
8.530076232904791667e+00
7.286529897061818417e+00
4.763838719137548416e+00
2.233282885329763268e+00
1.025742432211082633e+00
3.369958161545219877e+00
1.628554902450070063e-01
1.459742867297910962e+01
3.161467678632700284e+00
2.881547887598383539e+00
1.734506003184780099e+00
4.792300255608736292e-01
1.864649401908475923e+01
7.977870312823510668e-01
1.848666762097060712e+00
6.001533662844416028e+00
2.638977291774748046e+00
1.155037864117357982e+00
4.512202696492818355e+00
1.206442706275411503e+01
1.755935342638139929e+01
3.685834868528405917e-01
6.846932154786401492e-01
2.236092071159740513e+00
3.341608189669809659e-01
7.118207163921440817e+00
1.273201346161113712e+01
1.882546377720046016e-01
2.480297458085150009e+00
4.476792665483857903e+00
3.010385180050176857e+00
2.420371438784089779e+00
5.690128424468506196e+00
2.163665100370344430e+00
1.687274981792452522e+01
2.075129404839985980e+01
3.743958509415892699e+00
3.201977795267751947e-01
6.453438744030012941e+00
2.654174773042988988e+00
4.151683690683954708e+00
9.629139149947903986e-01
1.883945280974184655e+01
2.068666941888843169e+01
4.928217305102006840e+00
1.181791058607973177e+01
2.338027616506013651e+00
1.647815012888610653e+00
9.007806423404753904e-01
1.753535825762588374e+01
1.509664280548195459e+00
3.921826841727972801e-01
1.596687974624651574e+01
2.534372353608988160e+00
2.977030003458029483e+00
5.981194645815194555e+00
1.058451129567024651e+01
3.190180719400597664e-01
1.331502482928818232e+01
8.724926022497087041e-01
3.678842857080467432e+00
3.006781635565646815e-01
2.972163881777671435e+00
3.040343343918873842e+00
1.135198519581344767e+00
5.002677058769151586e-01
8.634020536137892776e+00
7.311146438547582171e+00
1.193525938000817810e+01
7.854763753144458072e-01
1.249030541423757867e+01
7.441393131479852485e+00
5.714156102595637776e+00
1.074298346796929948e+01
5.322362409076716538e+00
2.629610867335690494e-01
1.285438797039037961e+00
5.681813741989863997e-01
1.812431122060070010e-01
1.632850083640953187e+01
4.989836785645580530e-01
6.768009224067546015e+00
2.388122552676505528e+00
1.144384339198645240e+00
5.267871754284162655e+00
5.468586396754012924e+00
1.553610778114590252e+00
1.728144427139854145e+01
3.184186364157651106e+00
1.313561400919135913e+01
3.832384646848989274e+00
4.926934724187943537e+00
1.291427355101656538e+01
6.693270599691384604e+00
7.891835618543971975e-01
1.463393998790769324e+01
1.126903606074636777e+01
9.986644273034348984e+00
2.938103718079744020e+00
2.548306813123308312e-01
1.034558172268316412e+01
8.186752502516302599e+00
3.483030685017139305e+00
4.384736431792491396e-01
4.443921546949527013e+00
7.077609103101750065e+00
1.787410819046159949e+00
1.836008743567289514e+01
1.410806096613626437e+01
2.272906348395481668e+00
1.285779458548759635e+00
2.366249826791481770e+00
1.200007203095351649e+01
4.052476475010909907e-01
1.037355126834204722e+00
6.052138308402652989e+00
2.675509855559865979e+00
1.500776464104629149e+01
9.612596274823136111e-02
1.760168966692634029e+01
5.055322510867641839e+00
2.633898772854420312e+00
1.737537546546791267e+00
4.368398969919746300e+00
1.719307532206568112e+01
9.779799767225213714e+00
2.701429224329053636e+00
7.599109467539104656e+00
1.409584884319163289e-01
1.226750917460138268e+01
1.286830490540423977e+00
1.101956219261911674e+00
1.768393799076791451e-01
5.238327918669987149e-01
2.876956709523058375e+00
5.881092664149718985e+00
4.092237708667912699e+00
1.764990372747051284e+00
2.922114179739843665e-01
5.492549112431183822e+00
4.463430129081102926e-01
6.184895604790301427e-01
2.047197913626881416e+01
4.349208971153266212e+00
4.437461297856863496e+00
1.066785602712687897e+01
4.869645950883839114e-01
3.116190524508424264e+00
3.617331015102860925e-01
3.213581762373340922e+00
1.177138887310859472e+00
1.819739701715296221e+01
3.738032787303480653e+00
2.861423229168216786e-01
2.456439616994099850e+00
5.155972800688225499e-01
1.205194568002402544e+00
1.032507109935293776e+01
2.007023700005686528e+00
4.570005451086501247e-01
1.690080886998831389e+01
1.351492090422234726e+00
2.080092671966457374e+01
1.758418210527203129e+01
2.325212625595246330e+00
5.330365593845321825e+00
2.839080878674718367e+00
4.213855685595194522e+00
2.472836896070477852e+00
5.309772960377443951e+00
1.950283678032001333e+01
3.162564391537506125e+00
9.006149650163979281e-01
1.704728409489610996e+01
6.277933232981672163e+00
1.290305864618178511e+01
3.758016952565677915e+00
4.597694584640789728e+00
9.260018542313300793e-01
4.570625620067996220e-01
4.464155852416378245e+00
2.608124250810929912e+00
1.006290111810793064e+01
5.595059382778911489e-02
5.141596030848910814e+00
2.308826325082629971e+00
1.589342502385633260e+01
2.172268192812325527e+00
5.247509234388735067e+00
2.075307727838344363e+01
1.184166565223926781e+01
1.219522661170624644e+01
5.192479211129793493e-01
6.440905016802498828e+00
1.095084419677713861e+01
2.080364649997094517e+01
5.610107146700510583e+00
4.439196237366048181e-01
1.984086569824779489e-01
3.899227833885376526e+00
2.178392057363603751e+00
2.306613702967082180e-01
3.871402051228358676e+00
3.301750911175703740e-01
6.815742923833675526e+00
1.748969132315793829e+01
3.179249196498188379e-01
2.357217551620979012e+00
3.763149388073674939e-01
5.616551876004219679e+00
1.098487817607207262e+01
7.095355801677889040e+00
7.522680509108871094e-01
5.365038600267167723e+00
3.843952877777048749e-01
9.242213372995438547e+00
1.476599498828223833e-01
2.578405125443335333e+00
7.589638077935069838e+00
7.010095563699387355e+00
3.338021308685420463e-01
1.682458421696392037e+01
9.576872567492230814e+00
6.124654500849074701e+00
3.565195817125647704e+00
2.096859398150906273e+01
1.674568796421643802e-01
1.030464879148970248e+01
4.031739241707731125e+00
1.714823314343450988e+01
1.130201845380719128e+01
6.195153486902812645e+00
3.796860795423215862e+00
4.549973878938279981e+00
2.311920490962219077e+00
2.400208316051059221e+00
2.069448261426826807e+00
3.164609045344042748e+00
2.826491123239860404e+00
4.921902827652797074e-01
1.108658341256997737e+01
3.800436658882414331e+00
1.005176775038134984e+01
1.732522446381016579e+01
5.354022587386142007e+00
1.256692569888779687e+01
5.776546989292800305e+00
1.722648541626394247e-01
2.368644378192539257e+00
4.489037467415281313e+00
1.825245329865247568e+00
7.887643844815409366e+00
5.117139195377130356e+00
2.473723905666045830e+00
2.449326366213485928e-01
8.601651478987408339e+00
2.274534358198348372e+00
3.070067129474889911e-01
7.579378089418336906e+00
5.234917020324433068e+00
8.474044642441824760e-02
1.184237877727725419e+01
1.353450884301541990e+01
1.406154165023440683e+01
1.494248877476885839e-01
5.121783622720004203e-01
3.617868446313194930e+00
9.234041829836085569e+00
1.618123764035003020e+01
2.780425967082288619e+00
2.107451469602064265e+01
1.999611739892420970e-01
1.787325994680005792e+01
1.220621406897137540e+01
1.134466559155332988e+01
1.150869324120603565e+01
1.275030415899057346e+01
3.813520134596980693e+00
1.871658383656907843e+00
6.925771416555427606e+00
6.415506439242376624e-01
1.327644733966944823e+00
1.294910310300480738e+01
4.457881132005613090e+00
9.267254582455759504e+00
1.830645687836567059e-01
1.102798797494143912e+01
7.528123929074967080e+00
4.904644266229630567e+00
1.803776013451836358e+00
1.771416971365455950e+01
5.160847488615821987e+00
4.891430680606666748e+00
1.775174416111997644e+01
1.700934275316461797e+00
4.493238919144009635e+00
4.843063022394472839e+00
2.345011733203621052e-01
1.035577058502315495e+01
2.522153722816001142e+00
1.667617783129278219e-01
1.847178415978618560e+01
7.731717103893121390e+00
2.771063618559188244e-02
1.422905505772804879e+01
2.428619261091188974e+00
7.900524065610255775e+00
5.888598840125458977e+00
4.113507032216259240e+00
1.970266777518832946e+00
1.689472080240889795e+01
6.297655688585905409e+00
1.841645373822478504e+01
1.933238486551724478e+01
1.788533545781853817e+01
6.443408186575406704e-01
4.195290797867892607e+00
1.485799799077034411e-01
3.811889898791597786e-01
9.633585436333454766e+00
2.361813050358104515e+00
4.400693175437420113e-01
3.793190809537944297e+00
1.705504009079108763e-01
1.999035243107405435e+01
1.137686123007371763e-01
1.081361869218726346e+00
9.593894389037221915e-01
1.457026033624658723e+01
4.545065600939562245e+00
1.323716214773059185e+01
5.077039809899275280e-01
6.857078543690515726e-01
8.481612204972655888e+00
2.001214845096264483e+01
7.378715367649930634e+00
1.459512184749625696e+01
1.205480459637966323e-01
5.387906980182082251e+00
1.208449914465737685e+00
2.547873581220953199e+00
5.851141863877784566e+00
8.957651844452737322e+00
8.897691977979880207e-01
1.859259309662641968e+01
9.433032574207050658e+00
4.370329504968778478e-01
2.659392530815999911e-01
1.210221122508184166e+01
1.162514782693415860e+01
6.460764168967176424e+00
5.294307547922404433e-01
1.311390835953802103e+01
1.474320688712892347e+00
7.434155949866229740e+00
9.917437706442630008e-01
6.484340142471447521e+00
4.472828343962607089e-01
1.482970381321328368e+01
4.963479427689308388e+00
1.222302479942527054e+00
6.504542906035723604e+00
1.415514271418950809e+00
6.527298061691257480e+00
5.352473400512326229e+00
3.354572145408260542e-01
1.500539499298687574e+01
6.747434737444063302e+00
7.779031983759397306e+00
2.645104837470283243e+00
8.143602243699387344e+00
1.730788003999351177e-01
1.354734024544443693e+00
2.350206603259775040e+00
3.737540183504797220e-01
1.204836389915978145e+01
1.346848834105909631e+01
1.443223002453617099e+01
1.662904672520476579e+00
3.190081473690686842e+00
6.603648604844003955e+00
4.356844771184048781e+00
9.148450396394634865e+00
1.602687926718923794e+00
1.500931456642400619e+01
1.693905230327852340e+00
6.486914067009365681e+00
1.275254100943581159e+00
1.507136703280785195e+00
1.933362988337163080e-01
1.988027237524748614e+01
1.871261574302450015e+01
1.611865084157137318e+01
1.902730553586460260e+01
2.713945117142720354e-01
1.282902643356562122e-01
1.484278741651497135e+01
1.248271126861634350e+01
2.997607333606735480e-01
5.865307788306666215e-01
6.809529453504684859e+00
1.521755569086808002e+01
9.355736392578222649e+00
1.401452417091953784e+00
9.784174334762409941e+00
1.568089998302977861e+01
3.747971003942610846e+00
1.274140862660699147e+00
1.716262305398088550e-01
4.765918595275883130e-01
5.475491053350138415e+00
7.303693433763929210e-01
5.484291718213510691e+00
1.671296104183510778e+01
2.323948428861997595e+00
8.872616907053936686e+00
7.084763135278597801e+00
8.909358278185658397e-01
7.075009007662753646e-01
4.198402280127619401e-01
9.699103992771965110e+00
4.789323207501697155e+00
4.443029609066932117e+00
1.532663583082604930e+01
8.160872561899834565e+00
4.322880273312541544e-01
1.568327989270995815e+00
1.987681360534264741e+01
5.280873882011499099e+00
1.035899744693834101e+01
2.643283688182859748e-01
1.327771256634957808e+01
3.996427877870856626e+00
1.376402539124629598e+01
1.411823889314939073e+00
2.550114910698753068e-01
1.092959085815648734e+01
1.019138889360556632e+00
3.800874362691742725e+00
1.135455987447513637e+00
2.795951992603943115e+00
1.452475130642982393e+00
2.171843153711934704e+00
1.752170514293979187e+00
1.566851205375641154e+00
9.260516143138580958e+00
6.948849513477524553e+00
4.813915269091014082e+00
3.324868235791016424e-01
3.647529499872941283e+00
1.652542433604104488e+01
2.052553985057207875e+00
4.629476074347054215e+00
8.835209332758759970e+00
2.838575529395949815e+00
2.079444894609193994e+01
3.982520722899629995e+00
5.450322990976295578e+00
1.024855303047343824e+01
3.578677295814108206e+00
3.460930883661270219e+00
5.336733424907549761e+00
1.029083856327024371e+01
1.730267781228752355e+01
1.136735965510797897e+01
5.753720954427871348e+00
1.802393580652925098e-01
1.289987415237177437e+01
5.305363524616139692e+00
2.080696820625864696e+00
1.037611160133773325e+01
4.033308307287398753e-01
1.041967628595987883e+01
1.023241181445655901e+00
7.592062969990940324e+00
1.530919032500412236e+01
3.222145332264293671e+00
1.594761958599634255e+01
3.800115600330564281e+00
1.184693508880776491e+01
4.624767703766202054e+00
1.732322468566405704e-01
9.680733184410772907e+00
2.493230160987320865e+00
4.638676634190943560e+00
1.856471389892783153e-01
1.246381273570541204e+01
7.932599917951528301e-01
1.094238816298078021e+01
1.574225145281388372e+01
1.124277052909321029e+01
4.344932295718564319e+00
4.507999534519899321e+00
1.632847558418540856e+01
7.285600774421160608e+00
1.492720763098360059e+01
1.957443070025508547e+00
4.552275836408417931e+00
9.611943415343914277e-01
5.465643636228363356e+00
1.698457417258300950e+01
2.478523536279985784e+00
1.321624284231407431e+00
4.241459136304594202e-02
1.355119037785823366e+01
7.118010020034465590e+00
2.407642068114083655e-01
2.847477352473773315e+00
3.174808602671239099e-01
6.262079254264436123e+00
2.345817685157185473e+00
2.675797349615069987e+00
9.154502880235425577e-01
5.812891824366655413e+00
1.917316603915266426e-01
3.813512813363828524e-01
1.054589803195858977e+01
2.088368408560544509e+01
1.114481582633966683e+00
6.278902911395529252e+00
1.031217029062847601e+01
9.625393952651147833e-01
3.336417451897758513e-01
1.534515894066575292e+00
4.478972760447220480e+00
1.940449450834253398e+01
1.584281531200826265e+01
9.057118043238343574e+00
1.496141374697895365e+01
7.388807095321814344e+00
3.220960788040325262e+00
2.212091244476954266e+00
5.196930517265400340e+00
9.385473414714077478e+00
1.761343666386204765e+00
1.757880536808099858e+00
