6.003603722262920847e-04
7.231175655625141476e-04
6.108151484101377073e-04
6.475724767705951304e-04
9.181861303343258861e-04
1.003733914367783454e-03
2.546577110116737732e-03
6.411254942835870269e-04
9.532892696053557949e-04
1.175281498774570065e-03
1.165191292722344944e-03
8.328562947435686186e-04
1.617368900395187766e-03
1.110198429708118655e-03
7.418724462700611354e-04
7.656788157321416620e-04
8.060611648979781451e-04
1.917662327690564019e-03
1.115003333421679850e-03
6.475408290352831827e-04
1.110762503048669941e-03
1.036558193452755475e-03
1.019242712241124867e-03
7.004698569874404351e-04
1.116345492009367417e-03
7.983706751584478817e-04
6.480444344482531611e-04
7.845530899919169214e-04
1.007559649679770587e-03
1.705837116047651068e-03
7.224656334372533224e-04
8.551110391033404446e-04
6.016894754905181397e-04
7.207281986457024416e-04
8.796544226256563723e-04
1.108958763434431507e-03
1.040753522232818352e-03
1.436066588520404450e-03
1.206508372344228166e-03
9.403123132479866914e-04
1.297616811192808806e-03
8.063934753832604010e-04
2.802908220317206975e-03
3.657146141894899050e-03
7.282755403018914596e-04
8.732459556336360585e-04
7.548466575309168564e-04
1.573856653554374894e-03
8.478545266643558887e-04
2.127271068433993738e-03
6.659758848470987693e-04
1.268141455726498829e-03
1.004805792990714651e-03
9.372174225991771780e-04
7.901895098798868535e-04
7.420743862529274393e-04
8.533796564504820019e-04
1.174578705066620446e-03
6.447183483501363506e-04
1.273316853179383510e-03
8.752669216989877269e-04
1.526021406677467761e-03
5.920564258690994095e-04
1.124022612571617908e-03
1.658840045454885266e-03
5.938876988977830453e-04
6.776172843700444806e-04
7.394132543595513963e-04
9.745997179578483761e-04
1.439481596617002597e-03
9.794410063915679962e-04
6.431810156515453203e-04
1.507635375442305508e-03
7.612938410281160908e-04
1.084887305248923668e-03
7.907365819612720325e-04
6.134660455039104383e-04
6.526895284128954961e-04
6.586158482466198446e-04
6.988194613298691002e-04
7.225328385681084120e-04
1.366257996634206865e-03
8.963403978636434255e-04
1.219779112979891980e-03
7.345727443766241014e-04
2.297155241908613310e-03
6.314638378918624147e-04
1.478173784104442126e-03
7.071640561296283238e-04
1.016599572160582343e-03
7.188776602452706015e-04
1.081391704452385003e-03
1.065179225115194363e-03
7.835897711392752736e-04
8.824347813320170724e-04
8.062158645562957950e-04
8.593067524165907316e-04
1.748345896952103193e-03
9.408825336449672810e-04
8.027116457416502617e-04
7.124036888359212621e-04
8.929426735406609380e-04
1.000623928514451921e-03
1.421281908302359041e-03
8.035642337305474959e-04
8.953183001199559957e-04
9.193326395220057998e-04
9.086871713167923859e-04
8.520800057631708248e-04
1.039475074351987015e-03
6.303799092411881220e-04
1.116633296311781006e-03
1.268406558648920877e-03
1.031124084982146119e-03
7.076606934281102178e-04
7.067274548533307660e-04
1.021153015209649417e-03
7.258220174041391014e-04
7.939091786159585898e-04
1.083123866347422476e-03
1.119328516268448294e-03
5.978270042829115843e-04
1.236932250653884633e-03
1.258211262164102675e-03
1.140034042972562630e-03
8.318515547397650712e-04
7.890829694445683279e-04
7.873224388797978686e-04
1.534091957891793459e-03
1.000136131830847448e-03
1.685370946226904610e-03
7.961788997046193245e-04
1.107254427978539768e-03
1.344609363039767167e-03
5.951350392608884855e-04
6.690867590298554043e-04
1.451634449819094123e-03
7.105625532907736347e-04
7.609308423845146220e-04
8.756329036583046467e-04
7.279242181067975071e-04
7.188937811329455070e-04
7.136760257122012506e-04
7.235887358274753923e-04
1.215223653317390505e-03
6.613851625160665874e-04
1.192410201454636911e-03
1.001822840941723461e-03
9.563204671985314678e-04
1.540147666675531143e-03
7.751149341196004973e-04
2.147110764895581586e-03
1.049198252126497515e-03
8.297796002915115926e-04
8.960202226029942820e-04
6.712191274183117130e-04
1.006599192273189940e-03
1.594165223436450583e-03
6.046935157165217933e-04
6.305992731131706674e-04
9.592984912630744126e-04
1.407754837258744099e-03
2.031340855550459439e-03
9.391166636121832563e-04
6.071628501465920792e-04
7.733506327268641891e-04
7.728168256021999494e-04
1.216310845986042031e-03
8.693573208738982708e-04
1.027173343193818564e-03
8.906292321103699734e-04
9.615743283135768250e-04
1.065115683367973262e-03
6.977455977040145866e-04
2.534488771374181649e-03
7.270355804083475848e-04
9.204698299090986226e-04
8.714917878133070575e-04
7.092079560318879884e-04
7.848434539043013186e-04
9.350267585412421227e-04
9.075330097785835144e-04
8.637271036662360832e-04
1.442330401325720617e-03
6.929426289578975847e-04
2.002236559766076493e-03
8.239556561555729311e-04
7.764017552649546579e-04
5.912220068695839747e-04
7.824282952444919920e-04
1.400222116298039353e-03
7.317385501536884541e-04
9.967211324836159833e-04
8.374661091247154838e-04
9.224911041771026009e-04
6.708430190935343309e-04
1.015013568889191120e-03
1.144864083955235336e-03
1.510029786421306086e-03
7.793838651419165769e-04
1.121640840697829631e-03
1.167737707319567355e-03
7.677336915420834070e-04
1.241035571875122052e-03
8.748508784991206044e-04
1.223155308015031742e-03
7.498644479340105641e-04
1.504507423766423841e-03
9.921851957739511157e-04
6.604681900983490556e-04
7.782087640984190454e-04
9.478441336598501018e-04
1.967938083505394245e-03
7.636526706781101344e-04
1.215106335974845035e-03
7.653022542419774454e-04
8.929263126722118476e-04
1.162798890743059433e-03
9.157196711056820454e-04
8.233823153330844039e-04
1.169356468428232269e-03
1.391397667788303334e-03
6.432088705173861880e-04
7.994356036896708767e-04
6.618425270106876365e-04
9.085714985038421000e-04
8.660695332302866586e-04
1.021036839451429498e-03
8.136939390902121587e-04
1.078309540130031798e-03
1.233501010039623992e-03
6.937272405439413132e-04
1.425622292814834532e-03
1.058386878360709606e-03
6.731829486382015547e-04
9.406231758764841897e-04
7.108636527980818128e-04
8.093477901359623838e-04
7.434384124353060879e-04
6.003436486678573108e-04
1.029376094031801041e-03
6.844695572556535636e-04
1.176057786532942392e-03
1.259762281967788519e-03
8.311115569757593965e-04
7.677062095898840206e-04
8.074250690982127899e-04
1.167791881447227979e-03
8.118910831924117501e-04
7.283682456101880746e-04
7.874963718506024441e-04
1.266526705045150757e-03
1.443771431368169860e-03
1.108497359825480130e-03
7.771571760713173564e-04
7.301243018423444857e-04
1.083611424522184499e-03
8.703514194650848477e-04
7.013923676693111300e-04
1.480723821681471540e-03
8.015760383783891415e-04
1.499420012429335779e-03
1.061302620216148049e-03
8.913531060829053745e-04
7.899350475996327501e-04
1.005083620373786561e-03
1.152374759751374723e-03
7.856352883148394733e-04
1.053148211428921307e-03
7.017151843848992753e-04
9.309040765067446007e-04
7.037765213762241278e-04
6.500613013707967625e-04
9.662634231947852875e-04
7.354858328304220540e-04
1.053861637963255261e-03
1.388697898939144195e-03
9.745564170190343335e-04
2.154822589739782863e-03
8.989855127663432064e-04
1.047549842890757891e-03
7.435735536817620912e-04
1.496728048890283436e-03
7.300609829826084371e-04
8.560818388955897858e-04
1.133741529864827537e-03
1.142585263091353606e-03
7.788765702108616700e-04
1.376293401140992389e-03
9.599188482063176087e-04
1.279372368721862479e-03
8.043919776470447036e-04
8.576928506563994466e-04
8.531420252512037818e-04
6.810536597707566231e-04
1.175173964923798475e-03
7.715309430253296805e-04
9.274627566613567178e-04
8.196571979320745960e-04
1.088998138830414922e-03
7.617891242903823690e-04
1.747880719520890401e-03
9.893387423234739370e-04
1.055658721312422886e-03
6.346967201613142864e-04
9.707192260582138020e-04
1.816423942296664261e-03
6.885049864868680435e-04
2.418322614780388582e-03
1.142700656549676570e-03
1.445836152947854508e-03
6.757676055865103780e-04
8.481633022380109625e-04
7.506579560675726102e-04
8.169750195725249738e-04
6.124938432334079905e-04
9.562699092697911222e-04
6.260233691423969541e-04
1.519137916997690936e-03
9.598947373530041568e-04
7.277232267077570578e-04
1.304219617489443166e-03
9.878413029951417165e-04
7.122643361343150396e-04
8.944720067362735370e-04
8.263136838706834587e-04
8.831976662299151565e-04
9.581226830282554277e-04
1.290556197876015264e-03
1.128273644808111369e-03
7.218408848194632094e-04
8.409599648365416718e-04
5.909727864551132109e-04
7.410274567736066824e-04
7.206939858214403286e-04
8.790823154869657589e-04
9.175258390035672318e-04
7.645482036057229787e-04
7.969487294944858826e-04
2.142261190521003826e-03
2.021457417509121834e-03
1.463279123916046750e-03
1.133729421527240400e-03
8.635091830530200506e-04
1.168333978591208416e-03
1.625892814106498453e-03
8.496072360294369338e-04
6.265237618795771457e-04
1.075892092874695732e-03
1.168715092178478467e-03
9.898383383508098723e-04
6.906787906161576283e-04
1.368242381430919167e-03
9.145653317275578538e-04
1.464993064468484091e-03
1.356351516467122105e-03
1.432747401707709905e-03
1.521175408130260968e-03
9.190478283747667695e-04
7.852925631325333774e-04
8.302566047881487343e-04
1.443228472853802079e-03
1.023353460186650571e-03
7.767248651134489893e-04
1.433799058640372213e-03
5.865308833160291909e-04
1.034842080026304820e-03
1.251980844114222073e-03
8.717134650229815818e-04
9.771118730132282403e-04
8.330694264942728163e-04
1.131933720674799032e-03
1.424295627440800606e-03
7.408423849798128052e-04
1.600255322232563629e-03
1.174559146944930549e-03
8.808300244102723955e-04
1.034020578462484154e-03
7.361705111437344016e-04
8.187288049349435810e-04
8.498647677337905831e-04
1.138775760258512034e-03
8.434770619287021041e-04
9.337617706411391934e-04
6.890604135922745975e-04
9.882892522760284605e-04
1.737090104430110121e-03
9.053138701484169000e-04
1.215432052089370591e-03
8.261689063503743725e-04
8.458150881122949993e-04
6.633881681169092812e-04
1.779068826036638582e-03
8.690301651057039762e-04
2.234507929327206495e-03
6.881669286065269977e-04
1.786813603604171146e-03
7.089783453504863546e-04
9.404666229425306121e-04
1.219867803990786837e-03
8.212515165397920062e-04
6.605882026137382176e-04
1.532478543364243235e-03
1.243105306558468055e-03
1.088440356306328172e-03
6.667486389715301942e-04
8.691468563982547232e-04
8.070546139302155588e-04
6.498205292332472419e-04
7.393696906523067498e-04
1.308796777321858448e-03
7.207586971023126690e-04
1.177599108067546975e-03
1.355855317252775043e-03
7.591485995171037837e-04
1.740756653920536197e-03
1.426390692494198306e-03
8.473800736225580365e-04
1.036934381367906428e-03
1.387393995031152094e-03
8.035752494727778882e-04
8.232782335992362959e-04
1.157208681041501904e-03
8.351883855488710954e-04
1.012159455917755911e-03
8.799245499687346431e-04
1.490793108047737446e-03
6.761530861550250383e-04
1.401955754667574177e-03
8.065697162895065853e-04
8.163551501812847796e-04
8.771685876381097235e-04
8.560416900873367603e-04
6.790914862664791706e-04
1.096453512616036045e-03
1.161721529660585681e-03
1.681509172551613925e-03
7.373952192855834625e-04
7.746745936004793614e-04
1.239599950920186426e-03
1.348100810264045175e-03
9.118242689350453383e-04
1.183913185484528324e-03
1.684744675241003041e-03
7.346640843015416573e-04
1.056683429809690978e-03
7.434881211298255107e-04
6.656893314211254770e-04
8.219419173210788755e-04
7.106847392433803239e-04
9.872755717588903648e-04
1.183546152294376493e-03
1.077583686975144102e-03
5.925880115508657450e-04
8.910426209483119590e-04
1.067768337028793951e-03
1.017070833163919710e-03
1.291326671828501660e-03
8.492255614795197810e-04
1.590708229845126144e-03
1.201938292216511023e-03
1.035001442133703367e-03
9.369774351719464085e-04
9.188529918946357128e-04
6.356106029207391536e-04
1.747566147017230514e-03
8.064853557257477008e-04
7.589644883862551499e-04
7.652410759801422631e-04
1.128771521775300685e-03
6.699308032405552372e-04
1.421893372469648685e-03
8.267381913077589527e-04
6.339392477798134074e-04
6.307067906475017629e-04
7.889043457017722158e-04
6.634569819370021802e-04
1.165560562747242198e-03
6.210383298647559249e-04
7.310373523938204238e-04
7.738466952763125607e-04
6.961957811636903040e-04
6.404265923240222251e-04
1.424382432884809240e-03
7.703545487989741508e-04
1.170774320516584270e-03
1.121171830456009098e-03
8.040059558508603739e-04
1.585699260763474274e-03
9.893872102257614872e-04
1.344576170105286949e-03
7.767542954654200853e-04
8.422695193808554717e-04
1.028838544485479942e-03
5.785631791852687651e-04
9.041477585936941565e-04
1.779055843643240643e-03
7.454807188915195263e-04
1.146560974121305131e-03
1.090826666037779651e-03
6.006789418785082359e-04
6.780353691877654375e-04
1.492934211493746359e-03
7.954054064339469415e-04
8.349536290500547079e-04
1.170766797098720530e-03
6.082644955679848307e-04
1.133348816642845962e-03
1.579457004581654106e-03
9.245661020691414798e-04
1.066736672113120787e-03
8.945154672169671785e-04
6.421681701172405341e-04
7.012126209166845989e-04
6.310155046675161800e-04
1.112080638990131740e-03
2.321478285758922250e-03
2.274722327760829617e-03
1.093167669841772468e-03
8.325016376349236250e-04
4.201064530787419239e-03
6.905194301996155212e-04
1.001311314825837013e-03
1.567990339427804232e-03
1.526626165932069411e-03
1.021270668671657444e-03
6.351966363746428500e-04
6.682451556450159013e-04
7.713436871376842807e-04
6.307386880374763220e-04
7.647834739023913952e-04
8.092369880664754961e-04
6.682360439606965232e-04
1.003766367294955638e-03
1.169097506194967688e-03
5.888055260698976841e-04
6.403295237717501753e-04
7.547318731333053704e-04
1.304123279402996747e-03
6.841334235178079181e-04
8.547688286686582143e-04
7.361112644758307892e-04
1.534947721310253328e-03
6.896307093522364507e-04
1.735752773136300768e-03
1.397144370576072769e-03
8.934783716567888537e-04
1.297518829086942438e-03
8.734020432115817845e-04
6.984506478598317362e-04
6.800913320122487123e-04
9.667551872599306753e-04
1.637111750341943431e-03
6.325654792513475634e-04
1.152635266807338753e-03
1.107273377829189357e-03
7.017479000966600359e-04
9.846594733748600687e-04
1.037066385446252506e-03
1.262177999015755931e-03
7.248687310814313275e-04
5.924500041412278416e-04
6.530059995761188299e-04
1.419576761675795003e-03
1.024576216788921582e-03
8.559782918144983157e-04
1.322423325854331236e-03
7.575168166788858294e-04
8.306281524640117151e-04
8.495511431575807721e-04
8.640171500314548347e-04
8.213537125634038250e-04
5.803044408816138968e-04
8.726392925569960218e-04
9.235058639768435476e-04
1.228474427466369392e-03
7.784972107871921277e-04
1.128709270303822603e-03
1.242331206906096370e-03
7.396913397729525065e-04
7.610158206211192116e-04
5.957482443442577201e-04
1.891927118575586694e-03
8.627029890613788264e-04
8.339741145767186857e-04
8.490784904336172922e-04
8.208918602965721784e-04
1.014946342603823210e-03
6.603747470117360277e-04
9.914264709592795002e-04
1.101509558257148490e-03
8.724574505715803566e-04
7.394151440303270472e-04
9.905400787572323298e-04
1.437408388489647615e-03
6.783368370476951324e-04
1.252172721205984654e-03
8.720499819241826550e-04
8.376970553135963541e-04
8.775657715876181977e-04
9.764712448124515838e-04
1.063341565351862963e-03
1.356723444675160843e-03
1.195398283532636682e-03
1.003427480098646480e-03
8.446079269997083718e-04
9.768368881125529240e-04
1.239709149325928872e-03
1.111541039073133362e-03
7.755465591287793049e-04
1.092618516883188439e-03
1.529999288279193471e-03
1.250912778505527479e-03
7.904436082675317691e-04
8.478505137670158372e-04
1.030016026018834574e-03
1.614184590588689776e-03
1.969696862515737164e-03
7.369873434422851734e-04
7.875853477618949532e-04
7.530764138604879648e-04
9.034310987936025345e-04
6.679150526527311785e-04
1.223271889701312573e-03
5.907610943536542071e-04
1.575790315842425654e-03
7.896406250806907489e-04
9.668246821989414600e-04
8.149109585803833260e-04
1.225682964707216095e-03
6.917084260762673383e-04
7.785032146749581994e-04
9.080165404392255861e-04
8.809724676454697059e-04
1.036837953860144821e-03
9.678867616436906580e-04
1.019941051733947541e-03
1.552833656194954485e-03
1.054000536690324376e-03
8.393009701564529664e-04
6.436192279321874526e-04
1.776895959420845194e-03
1.310172164547160475e-03
1.383334159587736208e-03
7.642441136710462863e-04
5.936702565126471959e-04
7.383340050625455389e-04
1.122953414180854863e-03
6.910116517178965020e-04
1.065766991357186338e-03
1.301265718123926877e-03
7.421394976421827284e-04
7.561614296275902172e-04
9.086058735164952941e-04
7.018910443836145737e-04
1.179681055288789955e-03
1.046699723850813384e-03
2.105529403480555905e-03
9.724745615535162254e-04
7.053597287772486388e-04
8.613445314828351712e-04
8.643475092177678974e-04
8.530506949052318270e-04
1.192386223351169297e-03
8.524679120256201548e-04
1.153637554496360611e-03
9.759556983262457092e-04
6.478907616149789071e-04
8.514195819239328295e-04
1.300158725281873665e-03
1.630299495576367037e-03
9.871044614691054826e-04
6.280640654541813639e-04
7.162567986000905381e-04
7.690045873935507899e-04
1.067763326260503208e-03
7.175832109863961505e-04
7.698960471587614363e-04
1.114727385312142254e-03
1.079064989405783236e-03
7.286141777609082479e-04
1.175699207043460386e-03
9.436769919057325269e-04
7.824578422899674483e-04
9.454748669237317705e-04
1.115206916829254756e-03
5.854552916995811812e-04
8.112102773305513532e-04
6.100460348338539477e-04
5.984605494936516296e-04
6.436018806744965917e-04
9.539800996562446253e-04
9.151133946168163880e-04
7.356057502869002779e-04
9.564231668269633502e-04
1.103998200130674101e-03
1.282433448112735861e-03
1.590807571876461622e-03
1.505748614866360413e-03
6.475419495284468223e-04
9.010558413625760705e-04
7.717773893787013405e-04
8.467109068908358410e-04
1.043012934321234375e-03
1.404880397347700810e-03
8.867953084108430974e-04
7.286875405464650086e-04
1.076909463994442720e-03
8.750815968321571476e-04
9.335467518066675350e-04
6.004590990398252963e-04
7.319497053458993855e-04
8.291142346147378382e-04
8.997434817778470493e-04
7.122246889875388049e-04
9.768918533182072410e-04
1.022618119171844146e-03
1.364102808423844860e-03
1.242319983860885099e-03
6.440966799054054486e-04
8.514563130917106532e-04
7.582255169106954119e-04
1.343311569835634652e-03
1.132439293630846692e-03
7.913827901435883418e-04
8.919609590802801647e-04
6.363338259187604606e-04
6.708470573196004781e-04
7.876859358630785386e-04
1.470611582376764792e-03
7.759351766295245409e-04
1.368531071453463676e-03
6.411936981286047018e-04
9.631075269018580208e-04
8.582174917903223187e-04
8.214577140866863129e-04
8.127349405530123879e-04
6.934705406720498419e-04
1.114645359940192497e-03
9.611393299476074991e-04
6.084372614302569751e-04
6.281630878045298648e-04
8.397585070589900840e-04
7.893685278668899916e-04
7.834290707067828596e-04
1.433179431767191364e-03
1.035893456318573392e-03
9.240728286955181975e-04
6.468865705902852523e-04
8.469119039028851544e-04
1.049659994214464107e-03
1.409169577717012947e-03
7.358433287985245621e-04
6.919809209478480641e-04
6.590558491914672240e-04
1.509213571216392246e-03
9.359178953853908084e-04
1.974035545327849136e-03
8.713475902589312141e-04
7.487253198858193287e-04
1.140883248624421052e-03
2.303205096437886765e-03
7.670966916516133586e-04
1.016966290848545992e-03
6.531697538060007944e-04
9.692226686145145008e-04
1.187964345549583425e-03
6.540664739700714379e-04
6.108729858704727575e-04
1.253922996479045525e-03
6.178497940365617214e-04
9.548537027704740582e-04
6.200282652078210974e-04
8.155248174742925566e-04
1.955767056750316868e-03
8.107987586733545523e-04
1.112172211633073076e-03
1.048412877907873219e-03
1.025407433457920263e-03
1.142829846117529059e-03
8.165705303987143933e-04
6.859932002856803778e-04
9.108774176014522656e-04
9.294869093761413221e-04
1.079626915872031623e-03
6.563127247819955292e-04
1.009412526706866386e-03
9.831687963607769944e-04
1.117280910411902559e-03
1.318732725454732071e-03
6.570542866601692495e-04
7.961968617089504969e-04
7.129455823586943472e-04
9.400459426167392506e-04
1.010713937297331435e-03
9.730793859904819394e-04
9.488749430148585252e-04
1.849218131996275584e-03
8.444244177999355762e-04
5.776283496214483894e-04
8.299429522192363663e-04
1.093308433316096629e-03
6.069051582549774048e-04
7.946886457909059856e-04
1.090131229327112030e-03
1.290438290265168543e-03
1.119615139423341598e-03
8.057721680398787336e-04
9.521133467146864577e-04
7.881360024454229238e-04
8.451770825334190256e-04
8.203529780416570980e-04
2.028548032095303655e-03
6.604944377874511158e-04
7.510581666752198272e-04
7.756302815756415184e-04
1.224621804518646320e-03
9.444315591187493709e-04
6.502005919346915590e-04
8.491742329602765694e-04
1.761218928426603551e-03
6.117740028789791064e-04
9.324325998177644334e-04
1.096645492974514116e-03
1.294660714499673614e-03
6.457904791886089676e-04
8.364405400483339954e-04
1.262030950685918149e-03
1.005538384154192229e-03
6.629473972347277441e-04
9.143367365153807699e-04
6.636809610014715848e-04
9.342408094639627911e-04
1.019778757811203593e-03
6.654095364737391827e-04
7.053583057594383894e-04
1.463704979793612913e-03
9.635044251921488605e-04
8.908737424417506904e-04
1.016820087097386471e-03
8.535384726373027075e-04
1.682559275834110682e-03
7.051384808675994391e-04
8.059722756275258630e-04
1.462817786798276858e-03
1.074588121585903690e-03
9.320551531559032087e-04
6.757899052886578301e-04
6.515613502831206971e-04
7.561578828684200042e-04
1.443403514967446510e-03
1.014946018843304164e-03
6.406946146661917805e-04
1.048016231511659591e-03
8.040558374357160672e-04
7.524103213903387275e-04
1.649271676834627304e-03
6.337738389947850147e-04
1.142704593529010691e-03
7.124014935998557434e-04
7.856527899072295431e-04
1.036378567599499862e-03
6.544363872998418220e-04
7.846162401304472350e-04
9.580493567263005054e-04
1.058293992394432987e-03
7.614119044087565768e-04
1.222802000651648270e-03
9.856770532044453140e-04
9.008407867907964424e-04
6.728605371663854339e-04
2.406522467650180214e-03
9.020445218262502455e-04
1.078164466668822671e-03
1.383929240347816407e-03
6.159285155746697243e-04
7.573584115342450176e-04
1.132793497737300155e-03
1.045835876309287021e-03
1.267979224635427688e-03
7.424083202510832046e-04
8.885445524144223745e-04
6.747198051816820190e-04
6.241273331760779095e-04
1.135252086241121238e-03
7.565550730320757308e-04
6.555380598608658276e-04
8.057886063856776636e-04
9.015921226531351494e-04
8.641275718245250296e-04
1.260855417035474909e-03
9.245842267294434843e-04
1.107623014486003830e-03
8.780988268570960381e-04
1.043863445878068534e-03
7.942532237455800876e-04
1.337259429454497718e-03
1.114497485139998153e-03
8.360302488316991455e-04
6.140766593463719549e-04
7.579165140855764890e-04
7.861392796501002122e-04
1.099231212289762801e-03
1.173502591689270808e-03
1.470944981688255930e-03
5.924568171242718855e-04
1.110369369268490725e-03
7.954216798743712511e-04
1.171784825065552487e-03
1.329527186232411055e-03
1.086652965338938143e-03
1.532366451667463046e-03
9.604679931588970326e-04
1.211314948657570695e-03
9.188328414008159516e-04
1.373630403388367231e-03
6.081300768890453897e-04
1.156911024908655918e-03
1.014816469474241582e-03
9.823080147318870303e-04
9.809422149801793299e-04
1.077711980923053148e-03
1.040258295272992973e-03
8.014360162502269557e-04
7.087712254072649773e-04
1.241907747519893418e-03
1.395972497434649342e-03
2.254124132081088833e-03
7.631057681169740306e-04
1.342826847760201104e-03
1.189447377617791147e-03
7.730020330451307150e-04
6.085351271122099726e-04
8.899034312854656138e-04
9.705216776244401889e-04
9.190063784534580147e-04
6.648082748236650409e-04
9.608674457308108907e-04
9.061516002873413241e-04
6.500759360893258038e-04
8.268878909341721402e-04
9.895768732261838938e-04
8.589491755673107085e-04
8.807757836433754333e-04
1.027161834835081449e-03
1.217704236526030107e-03
6.369678157927567003e-04
8.827021496583799471e-04
5.849927084596286348e-04
7.520482532394363179e-04
1.466782143367362278e-03
7.060060253283625790e-04
9.367918666338420240e-04
6.845600047858245874e-04
1.266536667802053420e-03
1.362520270958166588e-03
6.123866387103173029e-04
1.168761769385731272e-03
8.343255176217305447e-04
8.814453814074700751e-04
8.178524554528767906e-04
9.221308917903829226e-04
5.881377563622719375e-04
1.291525324052697835e-03
7.998224536229393963e-04
8.862207084402890260e-04
8.457886543347742847e-04
1.254861382027837226e-03
1.132243336111541385e-03
1.138146637766374470e-03
7.384422451659261501e-04
1.582409559292810748e-03
9.724756654501634946e-04
7.690805876770574106e-04
7.514863376417530924e-04
9.141296979297279697e-04
9.331988416886102941e-04
1.310843457052760560e-03
3.803990873843097857e-03
9.444793648495137953e-04
6.397126072481172047e-04
1.040296689770290163e-03
7.280783322016544813e-04
1.058075126674843259e-03
9.676545864700368971e-04
1.080629739578714945e-03
7.516633913573016711e-04
1.223888907165755508e-03
5.798702242322084470e-04
7.268310051330069150e-04
1.117824533691610337e-03
1.491279799999925115e-03
1.014785688147956189e-03
1.179690424792460487e-03
1.475662087810972883e-03
1.400084891347362897e-03
7.366550616878074368e-04
8.023032478315899729e-04
7.369668405547966962e-04
5.895405871580429403e-04
