3.794567441854424517e-01
3.096489184005273843e-01
7.983464084065152733e-01
1.897972615262755736e-01
4.814394957308182899e-01
1.876479248739627292e-01
7.525282426785905310e-01
7.235961172228432270e-01
3.907560943829936351e-01
8.362691515329567782e-01
1.738582289739801778e-01
8.917572230003961709e-01
6.460215111664358023e-01
6.041957899022878387e-01
9.961556004184273228e-01
9.909930232377496262e-01
6.554765935430776347e-01
4.720369924944189943e-01
3.827045767687754507e-01
9.805385381729261329e-01
9.356170404183495881e-01
5.353660036199527905e-01
2.295290683856103520e-01
5.057042810004132027e-01
6.031277624067478138e-01
6.240753626817030497e-01
5.916043518579425786e-01
5.264228259928978026e-01
2.847168325428456326e-01
9.744526866527373210e-01
5.320773498126790679e-01
8.728413906267187272e-01
6.507604269136298969e-01
6.705904744123672989e-01
4.975270703542210016e-01
9.569420716573111552e-01
4.427405193604068145e-01
6.423609601755372323e-01
7.844283298122451953e-01
7.465877862861002301e-01
4.738092645882497900e-01
6.314419389454467568e-01
8.370829412732451458e-02
4.248062373132129310e-01
7.224084808344296560e-01
9.591191358780968290e-01
5.121208202822854494e-01
4.543393045713584599e-01
4.296770023621447332e-01
3.518597585437106545e-01
6.735673460442371807e-01
7.688633458837723644e-01
2.610204890728778926e-01
9.615968454487051620e-01
1.692278070734249129e-01
4.984881022813365536e-01
5.772267465981982815e-01
5.127101332514204524e-01
8.115275925035916327e-01
6.600716236307858642e-01
9.576999573162621182e-01
6.767305389877075195e-01
7.740166012282655439e-01
4.935125947631862076e-01
2.704432815134528156e-01
8.733110957873575497e-01
3.453261263663074954e-01
9.976737548734749828e-01
4.027730954097918925e-01
8.571337230300835053e-01
6.687324367271497705e-01
6.926666428075980431e-01
6.715457355061632549e-01
5.328443057031504448e-01
5.117969633558396847e-01
3.887544343092563803e-01
4.168150205113669293e-01
1.627925788752264957e-01
7.899025425153128888e-01
6.027852155347321883e-01
3.838986935838659686e-01
5.917363554293703087e-01
4.078187576914832913e-01
8.673299238992200344e-01
6.196925620162851978e-01
9.233391299500541827e-01
4.658276721633726192e-01
3.984928281650332860e-01
1.638191605233729753e-01
2.229897885677831482e-01
7.316693615143815554e-01
8.358559304647070753e-01
5.875887459414776970e-01
8.605564406412399281e-01
3.692517515006200068e-01
7.810932260941452210e-01
4.631241359505861022e-01
2.064620003901464773e-01
4.726981064444245595e-01
3.240816800989653745e-01
3.293352531334917677e-01
3.838297400512053481e-01
8.298894057203262120e-01
6.832539096206510232e-01
8.806823698760681829e-01
8.363706356266409347e-01
3.345899049940219139e-01
9.136291652803727459e-01
7.866675400513984950e-01
5.150643878221575767e-01
4.588503968425497459e-01
9.176680348528828413e-01
9.372786644778017262e-01
7.752264269348426717e-01
4.679708467835989039e-01
3.896302616565947008e-01
4.148983919612376225e-01
8.160621933905110037e-01
9.375906003873337724e-01
7.525603755410676943e-01
8.381091130207802831e-01
8.233742855398665794e-01
9.359803133763495708e-01
6.457958705397237598e-01
8.341927632910354218e-01
7.789711753405605954e-01
3.890246032556233802e-01
4.738685797001804256e-01
5.442495627226959787e-01
3.510298848688007678e-01
3.939865567089871345e-01
3.007565758122757171e-01
3.045900384043734310e-01
7.188356352580558273e-01
3.323102259149010029e-01
5.730928080270019098e-01
5.677446780337694898e-01
9.615763305005665673e-01
3.655187149102936961e-01
4.350194674374303072e-01
7.958525871733546087e-01
8.422035814075475857e-01
7.773404337755839277e-01
6.414434078304303011e-01
6.855127451554001716e-01
5.277726380070316692e-01
8.879341322458259578e-01
5.448238443014236099e-01
8.544665323021799486e-01
4.966281768266058161e-01
1.362063261673005787e-01
4.193397765392996024e-01
4.188816109177691538e-01
6.252075765212878888e-01
7.108758340008389798e-01
9.070776620653373534e-01
6.650234316225302200e-02
5.661078140733799557e-01
9.177302568897914847e-01
3.816257179453586557e-01
3.570904027302579387e-01
2.979131200017229864e-01
9.933744463940877845e-01
4.213385948232745148e-01
3.249813420698973165e-01
8.542688902457274969e-01
8.534808051313279575e-01
9.618596111264408888e-02
4.782870485639773572e-01
6.537939662052281165e-01
8.550679888663608175e-01
2.932219553254684086e-01
9.672597283695555381e-01
4.269143375877232915e-01
6.976313450674084260e-01
5.256992304669380056e-01
9.886397151451856713e-01
7.207560928924366950e-01
5.486878231991176857e-01
2.365701701090728026e-01
5.511615350966305726e-01
2.319280395140121132e-01
4.092291306963172781e-01
5.594502253787082546e-01
8.475980960904407890e-01
8.439326104497942849e-01
7.710743813427105575e-01
2.009691593974215762e-01
8.431392417876061307e-01
6.318698513746362488e-01
5.150974713166202035e-01
8.704474305801189749e-01
4.798510843741440879e-01
2.444023417427917677e-01
9.166125243373045572e-01
4.725306099882756738e-01
1.005035186212123399e+00
4.948286681461381842e-01
8.692841295945490376e-01
1.245566388687865678e-01
4.579429815946925442e-01
6.284935714629876768e-01
6.088643425016995181e-01
4.300146632667857793e-01
3.726565290962357557e-01
7.458180357900964230e-01
8.052071604052630782e-01
2.936807614883077400e-01
9.468633208013296221e-01
6.220905483466359076e-01
8.378368051017679452e-01
8.328361659855300081e-01
4.292839661282253916e-01
9.007610999435701205e-01
1.432474818943152151e-01
7.092421757421385475e-01
7.639578702574671976e-01
5.680764922635720415e-01
2.077285712791763217e-01
1.792684043427538454e-01
2.228890126144464356e-01
3.465409740085977353e-01
2.093968840515266772e-01
3.002644096451738132e-01
8.682948868255085939e-01
8.042617033670715898e-01
5.956779569327484980e-01
8.833051623834953237e-01
4.651597842816003747e-01
8.386954501450463728e-02
9.604646379377939081e-01
8.563817934051354275e-02
6.426573897327250151e-01
9.118449517946161098e-01
6.709054417825334182e-01
3.407968959926995223e-01
4.659974885354837282e-01
8.173902090057502123e-01
9.329631684387286183e-01
4.626327944372001788e-01
1.866482924134363064e-01
7.117382126391003094e-01
8.127380978659807242e-01
2.515568901358533060e-01
7.988341850614123496e-01
1.915605124284415206e-01
5.395529609888155553e-01
1.910936308540698569e-01
6.928942939597089179e-01
5.045023402745619778e-01
5.932938566062246899e-01
5.499436161865663975e-01
4.959904525605353109e-01
5.437958521272422407e-01
4.679607538447148607e-01
5.813056624053004606e-01
8.677591034514060553e-01
3.117794541478166037e-01
2.700633354765737959e-01
4.434480974600675252e-01
3.474078631526320571e-01
5.325658328408387071e-02
6.334863912611284897e-01
2.081452017785103137e-01
6.936370635746734736e-01
7.233010860895725536e-01
5.334502616771624739e-01
2.913863024677733060e-01
5.920063446087526771e-01
3.812760408181924410e-01
1.788907074634060457e-01
4.062051619755036591e-01
4.268851363903614082e-01
3.159038322780376440e-01
5.842727211149385536e-01
1.145917517269293556e-01
8.068668619032081102e-01
8.267848160590690609e-01
3.546803886188279464e-01
9.167619673757764209e-01
5.654732494450092073e-01
7.487624218274967491e-01
6.869800884816633646e-01
8.137932994580592272e-01
8.225725580134335413e-01
9.315419921342074083e-01
7.515865985004772654e-01
5.518112623489648261e-01
2.232259540622461846e-01
5.878250629203306543e-01
2.183223871326259447e-01
2.474953531923584638e-01
5.949324053028115511e-01
7.483768112540652995e-01
2.100765651219684282e-01
9.636830564005065547e-01
1.856375514534380489e-01
5.692952832266375829e-01
4.334217356972306923e-01
3.014010594022755174e-01
4.547631064058850758e-01
9.780644780866959431e-01
9.653711466577791223e-01
3.096128635748852109e-01
8.637708528051686319e-01
1.001250797860536945e+00
9.421966260359370127e-01
4.014189170579831600e-01
5.716330988771721744e-01
5.484179530234963851e-01
9.884404916436070332e-01
3.875955447157508060e-01
5.487805590155876434e-01
5.188250992046690158e-01
2.679966768111833875e-01
9.696325163996194485e-01
2.195674378449682940e-01
7.876772115869875579e-01
8.965912083051551518e-01
8.104251813490139789e-01
7.127038244775782960e-01
5.185820735071157150e-01
3.094517806959553030e-01
9.061064290564787571e-01
9.505177114431475616e-01
3.912146413420973801e-01
3.277231520417488442e-01
7.545204396850055950e-01
5.260731870254612419e-01
2.836232256515940353e-01
7.673802979202514196e-01
2.979170192470175227e-01
4.328908749709459713e-01
1.554007655253807629e-01
3.733457833262768255e-01
6.220073563855244014e-01
7.309501793561223870e-01
1.678705366008446942e-01
3.272676156575488604e-01
9.435151280807232421e-01
6.372207338663438136e-01
8.508277719205419309e-01
2.153961806085049613e-01
1.026512907911797667e-01
7.277443779098714538e-01
8.779603187761022554e-01
4.125874981446559508e-01
2.910935221056111244e-01
9.725059113589169524e-01
6.840804466189869260e-01
4.836685822175835203e-01
2.056350574493867600e-01
2.121607782755958738e-01
5.333670808942039265e-01
6.922614265393189914e-01
8.895766857825945229e-01
6.853316638481076195e-01
2.662553992448017381e-01
2.895549355457820440e-01
6.431864020199159482e-01
2.813465724041295801e-01
2.466565306285261328e-01
9.683756808673258387e-01
5.700467259577872703e-01
6.967303424054489547e-01
3.447951454153168060e-01
9.774322936533057504e-01
8.232984477690131753e-01
6.591633729210882864e-01
5.047979224767511486e-01
3.308161084126108320e-01
1.725950646929700627e-01
7.856421335787440174e-01
6.918003068818361356e-01
1.750879855319982803e-01
2.772478063711920071e-01
2.357729971517741330e-01
7.135031308962093144e-01
8.222869093918638850e-02
1.609294727044126572e-01
9.911189676566242168e-01
2.266056841925634668e-01
5.915776125292452337e-01
4.150093324828061370e-01
5.513786764258968853e-01
9.792787512679754780e-01
3.907210319567692158e-01
7.713191033168124155e-01
2.950044194809410825e-01
9.703088400900402588e-01
5.787317540400010313e-02
6.062517040356176778e-01
8.867997463128578506e-01
9.142166474050236191e-01
3.300574375142505401e-01
8.540151762371632760e-01
2.831958820180029979e-01
9.305189676249269182e-01
4.608920158621520047e-01
9.765501419189164256e-01
6.348413481297465744e-01
7.132460009007155488e-01
2.180130381262297967e-01
8.803408061156834385e-01
4.562332985609754976e-01
2.794938706072745971e-01
8.906250376881115205e-01
9.404913114826396470e-01
4.313606946530346709e-01
4.240802238770531307e-01
4.985460916119455743e-01
3.294940048811216826e-01
4.266866225477621011e-02
8.457500900024510493e-01
8.338440220519581780e-01
5.195129118958043968e-01
8.631653865515804824e-01
6.800411445071712357e-01
5.319680968734277204e-01
7.810347685740213208e-01
3.804407309714936680e-01
8.048798727300848777e-01
9.129567098005237913e-01
4.162943152827092153e-01
4.076558230578534725e-01
8.276842950809742971e-01
2.082161598252243728e-01
3.489800109118648686e-01
9.247688359624097743e-01
2.878244968759828826e-01
8.366671371182154981e-01
9.882217471190339886e-01
3.729893267818937264e-01
8.391558165843447936e-01
6.576280028184953164e-01
8.521385653226887236e-01
4.955591034118425608e-01
6.920683429623516458e-01
7.713604644783427222e-01
9.855746771062101619e-01
5.587614798667672744e-01
6.009243748388836126e-01
8.085067622063732973e-01
8.702512106025236394e-01
5.574570550319936091e-01
9.583731832105624182e-01
4.556738435357411410e-01
3.611669853057645763e-01
7.207204359453797116e-01
4.774528982174947589e-01
4.102296184175043825e-01
2.776080404369592469e-01
4.941594763182211025e-01
9.211527148858846825e-01
6.888881978457139788e-01
9.372772129907795957e-01
7.023459929071773633e-01
1.708638656648482634e-01
4.992330780084685560e-01
4.292987449416616474e-01
8.752486133358391429e-01
2.420394891149502958e-01
1.872796883290538672e-01
3.261825229516041591e-01
3.145814909694177319e-01
4.585114683462421792e-01
9.728927259509339009e-01
2.910384670568031407e-01
5.818684614656306486e-01
5.810443108204433882e-01
6.775078731990343828e-01
2.687352294551648146e-01
1.817961149201440529e-01
7.838651598871383408e-01
3.580107679589040193e-01
6.414811292010406119e-01
4.259506865661148445e-01
2.564042883331906775e-01
5.980763412836730408e-01
2.464438789349669701e-01
2.595753356499577724e-01
2.647304161776607989e-01
5.815225496591113208e-01
5.984568963249742302e-01
7.356999286461801679e-01
1.414633174181084974e-01
1.997235788508945897e-01
5.552378075673591873e-01
6.872367787193026656e-01
4.348679990032593978e-01
5.920331969080664392e-01
9.412604824332508890e-01
6.821355217829252471e-01
8.418697674038990719e-01
2.763202582958984022e-01
5.642107746337932106e-01
8.598487310209339540e-01
6.652750921252906791e-01
5.109430866197584020e-01
2.300102292727578823e-01
1.348015948292739519e-01
2.634710206196155813e-01
9.308318787431573149e-01
5.011442410548636595e-01
1.004187545715722996e+00
6.887994188835069309e-01
3.725091770137429759e-01
7.088230123114946934e-01
4.761331013137431456e-01
1.885586795191062370e-01
6.010509975185674980e-01
1.705186265446408667e-01
3.919386881839535541e-01
8.506031173302200932e-01
4.004546966549247244e-01
9.286410930738130398e-01
2.153588453866265018e-01
1.595919047138565361e-01
3.827335747389633003e-01
8.263834949972922450e-01
5.381594840711643180e-01
9.378933432076629328e-01
2.527545034442857386e-01
8.756824387549304589e-01
3.958613163031431403e-01
1.893503747820252381e-01
4.807307832978093276e-01
5.060342240301514138e-01
8.878717112442507942e-01
4.505522278518862000e-01
4.449979385114090635e-01
1.709884194695868442e-01
6.359095882188837701e-01
2.625913176356317602e-01
7.913295289087619588e-01
3.275160549139048971e-01
6.540186622982456788e-01
2.712679159869393897e-01
1.922965417749127603e-01
6.882330704812797961e-01
6.496030117201554432e-01
5.763285756383070835e-01
1.969025798055299148e-01
7.083599253693345643e-01
1.304339210534530558e-01
5.008173513653206843e-01
5.027157794366401422e-01
8.130888600920103126e-01
3.495490920339236474e-01
5.102386583442627410e-01
5.603574170568788038e-01
4.277055659253017894e-01
3.622823383221845384e-01
4.446599488479107687e-01
8.921233450568460954e-01
8.274983147500385439e-01
1.377462130804702478e-01
3.469033053396677890e-01
4.341263122928337159e-01
1.217918489058388842e-01
6.154966435889986931e-01
4.037642497250654161e-01
8.625135515709360101e-01
4.717370335745704746e-01
2.554734189123648025e-01
6.392642796744487654e-01
2.203471528661169465e-01
3.642209780680034092e-01
2.640666679543839934e-01
1.941556604010993281e-01
4.924030987994000852e-01
2.064506102979783708e-01
2.516265341382656340e-01
7.412931807057905331e-01
4.956179391948470347e-01
6.427450163183747733e-01
9.222607407023862836e-01
2.061708781066926011e-01
5.230922189815763179e-01
2.504494693440589281e-01
9.908158154571484744e-01
3.275944527673289586e-01
7.691039790773731566e-01
7.318517906195508571e-01
6.299168178913007177e-01
5.349550976445751616e-01
3.854294905948461580e-01
9.928827130277887436e-01
1.736611788282547975e-01
8.684400288631141107e-01
1.504572923678596241e-01
5.578980074909145603e-01
2.361312999295541726e-01
9.760425993029810954e-01
9.208287628559912452e-01
6.787829319047300469e-01
6.477866870538178112e-01
3.568690728978660687e-01
1.266824659413229026e-01
2.175853198734031824e-01
4.197567591052410174e-01
6.580584087440212171e-01
2.898457518625278118e-01
9.982023585768419471e-02
3.127654989600521240e-01
8.601454439382373307e-01
9.368935888214119379e-01
6.817177089850263716e-01
8.969657375329896931e-01
4.171982604366691327e-01
7.904865086143463282e-01
6.917980342822982465e-01
8.533399611734687751e-01
3.765180729926168035e-01
5.682347101362160702e-01
5.035647922793896614e-01
3.159054218911150902e-01
2.541602606840676626e-01
2.941052289780697326e-01
5.404922697718900215e-01
5.484539989648207214e-01
7.199963008807775955e-01
4.756922364711682061e-01
4.526963966679179996e-01
2.462089160249124331e-01
3.998184282294449665e-01
9.680873656910086167e-01
7.366974561480595929e-01
7.868011835364596696e-01
3.228935577535524404e-01
5.784374869495085836e-01
2.828427226558696828e-01
4.790599947926497681e-01
9.019048299220872034e-01
5.214220449979578564e-01
7.368321951045033735e-01
9.210672091844449572e-01
3.124796224945452505e-01
2.269350453500215692e-01
9.131058991464504615e-01
4.999654252849682345e-01
9.025462063441056504e-01
3.389742768366633685e-01
7.492330027868235875e-01
7.913853584497370086e-01
1.541325581071305850e-01
5.110649459142239115e-01
6.242099255098768618e-01
1.739676347187652239e-01
7.594101300007140010e-01
5.589901138364541389e-01
8.892502263504218352e-01
5.656172370773884239e-01
4.982948233250065750e-01
2.163027705323683492e-01
7.714055617298153367e-01
5.384294125380221230e-01
5.691124245210918975e-01
7.182035131803029548e-01
4.432781785063611424e-01
3.812482218934235556e-01
8.647832170225718817e-01
6.353441209874727269e-01
8.447267146514201297e-01
8.907642618252242794e-01
3.322251420003108913e-01
7.022628002395033819e-01
9.438134498039876252e-01
9.618021759992589903e-01
1.517243026261817229e-01
2.372417494645224501e-01
7.114400640094004080e-01
1.822221113255101110e-01
1.633232315923283384e-01
6.652446361898173288e-01
2.271115963493008649e-01
2.698016360973947703e-01
9.873836934623074768e-01
7.849213979098080829e-01
4.771972222654705109e-01
5.094041830216554656e-01
3.423778534939789786e-01
7.594962126362705401e-01
3.822501926889965707e-01
9.599854782575791834e-01
8.094593352119879848e-01
2.257256495318776257e-01
4.327006583567140630e-01
3.687310879852688239e-01
3.530058813582016009e-01
6.688970511573870681e-01
4.134598603378690784e-01
4.444231349542184795e-01
9.031357692174559748e-01
4.255165858601403506e-01
4.625660759858261084e-01
7.414793345806232061e-01
3.583391599204161504e-01
9.174654646452615747e-01
4.402810433721689454e-01
7.072830664815042967e-01
8.762504819755053687e-01
1.325059816301386584e-01
3.178078219875998811e-01
4.775912967760297945e-01
5.767281219911796208e-01
2.063630951689874871e-01
4.856505915524453876e-01
7.417158614205424660e-01
6.250038325620326241e-01
6.828544360485009346e-01
9.576227782786631559e-01
4.691793154647461717e-01
3.815744774785778115e-01
8.744928886352811848e-01
5.658365503828586274e-01
2.351451851684822070e-01
3.942719793117134275e-01
4.291179469447681250e-01
3.610577421969124456e-01
2.888314501109311982e-01
7.991469057429086975e-01
7.664417630770005152e-01
1.924662159342908629e-01
3.354066288101585358e-01
2.390784827003288038e-01
3.941854071797711301e-01
3.323384119345979548e-01
3.271514739257356807e-01
2.467533961543554033e-01
9.792336142000048760e-01
6.838759212364485807e-01
8.751918567169416630e-01
6.518703591013251808e-01
3.935403478788185305e-01
6.870923360377504396e-01
5.048721384865829664e-01
8.662105841426113173e-01
7.375494956771112554e-01
4.624599076809061127e-01
6.128880801126881384e-01
5.292724376427176969e-01
8.758945074978444767e-01
9.222560909792232309e-01
5.369287282891080926e-01
9.472279643285527184e-01
7.874673275425819741e-01
3.044741498385114542e-01
2.022559807292413081e-01
6.586560558204914706e-01
2.859787313050143887e-01
8.773249385389768618e-01
3.393451380709756049e-01
5.421610214086475255e-01
4.996476835425624485e-01
2.379009498106746667e-01
5.032555313326084745e-01
6.508715383748899797e-01
1.289611895311056633e-01
1.750205202856785769e-01
9.822198507173832693e-01
4.984432116395866585e-01
6.926772883465091013e-01
6.894473241983012368e-02
1.791985677790284559e-01
2.684091331067060548e-01
3.041491430589621237e-01
1.654595474462295379e-01
5.559308751189465658e-01
3.563556741601892064e-01
6.327911805067233386e-01
7.818151389704114385e-01
3.040488263360592858e-01
9.705677660485838576e-01
5.324737796671978884e-01
4.691932218249123543e-01
7.294705227701842043e-01
7.647687722143109434e-01
4.986891504521129281e-01
6.521279731180015249e-01
6.758018673441511526e-01
2.676164816025625171e-01
3.374997467248956884e-01
3.554368616547642357e-01
2.142082019883838062e-01
6.711014257358779433e-01
4.902065395401573600e-01
9.108738930842688042e-01
3.512867121170462070e-01
8.078311552773732584e-01
8.279495143091557541e-01
2.514908718633779294e-01
2.193168955838843415e-01
4.571003906841735187e-01
5.669072615916211921e-01
8.057782716519550359e-01
3.301354717721139975e-01
2.145233709456934590e-01
8.622274167854476756e-01
8.413740318671620866e-01
4.223211200660488274e-01
3.068677893000580359e-01
9.376618661489580786e-01
6.858491809138042017e-01
9.818124632805317331e-01
5.215053316220720214e-01
6.169763330219970587e-01
6.712849857778302454e-01
8.729237848119176801e-01
9.021571287822054419e-01
6.684380543576921019e-01
5.054588270798546779e-01
7.608824231964991247e-01
5.858878761271626434e-01
9.386065687214099063e-01
5.517004692034216395e-01
4.550487547305073766e-01
3.683253145629837855e-01
2.852586799187943889e-01
6.059555296009533354e-01
3.710137133526946740e-01
5.611245791472596611e-01
6.330630388270289677e-01
9.062787646486456516e-01
5.292885649029110962e-01
6.279090341238958706e-01
3.378708423858885479e-01
7.421107108194152646e-01
3.657072680254095931e-01
1.555646682782315382e-01
9.651047754071230278e-01
2.105937590576639484e-01
7.489116572991009191e-01
5.928027324160326517e-01
6.959311673802265341e-01
9.118851194338558619e-01
5.594790724470026788e-01
8.329671565961709323e-01
4.626269564019014902e-01
4.460464341556604762e-01
2.724976005758433795e-01
5.869801288228468916e-01
2.028939567283073175e-01
9.742238902816640067e-01
6.688630443504616219e-01
9.199646932660827670e-01
9.680032642161776613e-01
6.940186297235337864e-01
7.431245326259846573e-01
8.374639322019615806e-01
2.359308968901976666e-01
6.090164979068894979e-01
7.276475300356702869e-01
5.203262961714256729e-01
4.434256583130087304e-01
7.228969274617720320e-01
9.953795766056998673e-01
9.999272202501724438e-01
5.659067004867588402e-01
3.263366421030325371e-01
6.341467019672163419e-01
8.768935562811520645e-01
5.667422459140827179e-02
7.323821027489968438e-01
8.251856139559698988e-01
2.286024685321538102e-02
2.819571013043565832e-01
3.478089995836025627e-01
3.875484079042670338e-01
1.245737642976752074e-01
4.395721998234831118e-01
8.261834846259206167e-01
1.665632619184934660e-01
1.930778121230499744e-01
5.404799208354116313e-01
8.858594178974896760e-01
6.422621250022284567e-01
4.693784577831942584e-01
8.106801072332334712e-01
4.323540313923187606e-01
8.872441671207665914e-01
7.055604491877496276e-01
5.191568263157237961e-01
2.414437869429679473e-01
3.806557106852223593e-01
7.356099892713363619e-01
6.874565381942341347e-01
2.521454516234075682e-01
6.570075578852555553e-01
3.563376859735072344e-01
5.266288310931276362e-01
2.809226543897884176e-01
9.556322135286302588e-01
1.073396892282283549e-01
1.974142288574306792e-01
2.680705854645191177e-01
7.543767056637191715e-01
2.040106902109169451e-01
9.968452088633771302e-01
2.031014002077821401e-01
2.631577485862688914e-01
7.423606699671856379e-01
9.487948942391872809e-01
6.664134835377268917e-01
2.778255392309861294e-01
3.181170503706235442e-01
5.331303077032522042e-01
6.385892233516640148e-01
7.793417400918916105e-01
6.728948190860287726e-01
6.140931292904399097e-01
6.767961409849553300e-01
8.306811513378973277e-01
6.462218655799474298e-01
8.152105467504845437e-01
2.318065987027962405e-01
1.867530168702901672e-01
4.422858382059804416e-01
7.623618816162273104e-01
4.643139805162525557e-01
3.052705819928905329e-01
7.900946352407814954e-01
9.655262807834879002e-01
8.388304755557811632e-01
5.548516524393458660e-01
4.163142829103216869e-01
5.842912119894639877e-01
9.758429044142078457e-01
6.920688137338116830e-01
4.862449944245569866e-01
9.029888706205833060e-01
2.740205659295660290e-01
7.781377183329585279e-01
4.703227184582252085e-01
9.130319231055330498e-01
2.978893254039405303e-01
7.232476722784249024e-01
3.995514840133115309e-01
7.857758503530153371e-01
2.839539644429348031e-01
4.816948716509071304e-01
1.993602453189475543e-01
1.388963936598086590e-01
7.575404841341440987e-01
8.128038037944195215e-01
8.324355944857262379e-01
8.703866183982092997e-01
3.912367263090045788e-01
1.803534781068249770e-01
8.076538811422837583e-01
2.938869816402526203e-01
6.820813644440513190e-01
5.324145725374747062e-01
1.322473547470585375e-01
8.334125083489840602e-02
2.330488945840673842e-01
5.014706970820871357e-01
7.435132784195125355e-01
9.419473436673132527e-01
1.543149755605386364e-01
2.943685415133366345e-01
3.969669899225060639e-01
6.687792064172753959e-01
8.337810886275353051e-01
3.257446825214077024e-01
7.579065874737084263e-01
4.039478081379625496e-01
2.346291901796777879e-01
4.692093780116456392e-01
7.821742589259392808e-01
6.415191137599726146e-01
4.774242078991920990e-01
4.045563439958157481e-01
7.182855505740294300e-01
8.029621361234438870e-02
3.475196646383219568e-01
7.538266944007400161e-01
2.737294480484056547e-01
3.171935805933093766e-01
2.783858699639816803e-01
6.459277044572356852e-01
4.817357146906003917e-01
6.045563631227734991e-01
5.100463250167693863e-01
7.049652455836964426e-01
1.965780071792759542e-01
9.738339958627767468e-01
4.095681500083922510e-01
3.014761267212347495e-01
6.428917006605416873e-01
2.185348739094504222e-01
4.413853776746459734e-01
2.421303254452357445e-01
9.985508699262662935e-01
2.308210708885597151e-01
1.005172816169303873e+00
3.966385399744910001e-01
9.653078554035812164e-01
3.359608296635339664e-01
6.968126129504338406e-01
