4.317463703540753150e-01
6.918707551538191280e-01
1.333631753561763666e+00
1.662987329442649820e+00
2.435440129228336748e+00
8.205312729448154263e-01
4.318756427661879504e-01
5.997246271369072179e-01
4.124119308451607013e-01
1.249093187875954580e+00
6.071582243486591812e-01
2.172511388522226916e+00
8.361290485814358853e-01
3.974172649006353919e-01
1.738278531807966099e+00
7.349962988302711775e-01
4.452766290743899180e-01
1.269309352451668538e+00
7.791446491374007799e-01
4.249250517164194774e-01
2.560308657523537423e+00
3.626555898495480434e-01
1.094382365151315151e+00
1.090675182093529205e+00
1.388631307152643934e+00
1.040750516901401967e+00
1.198010716631864980e+00
1.873027362749304814e+00
3.911755576126601519e-01
4.643907696932164653e-01
1.498869506180755540e+00
4.320417808772220036e-01
5.755391789724726426e-01
1.156093035600951113e+00
6.274938547373036801e-01
2.674704003901454463e+00
3.897109715391620655e-01
2.596559846000284111e+00
3.980155602645625845e-01
3.893671046718737427e-01
3.944608012300269140e-01
1.339688391413105029e+00
2.008517912801276672e+00
2.791275270721578661e+00
3.585775771706133930e-01
6.210330434251873921e-01
6.522511208004437844e-01
1.377469425003712500e+00
7.056291282197356685e-01
6.544786909387995122e-01
1.434473456258213542e+00
1.959004251782892503e+00
1.618342548936989145e+00
1.343496385101199397e+00
7.867101997426022564e-01
3.952096168979998270e-01
1.305576476165441480e-01
8.076948688059102377e-01
1.652928322619189316e+00
8.683762761138699160e-01
2.260058696523143507e+00
2.309847050998523887e-01
1.139283260096794814e+00
7.094920167518554699e-01
8.930685828201226917e-01
1.290963753969372352e+00
3.972677105413595644e-01
1.142746474964788872e+00
1.734694650645352887e+00
6.566499679520187982e-01
1.476945564126443955e+00
1.412104130277660685e+00
7.317268917507697701e-01
9.076943222442914738e-01
3.947758157400662604e-01
1.152885206990090561e+00
1.142167806623217485e+00
2.696575995965896921e-01
2.431921753250531282e+00
9.688253672496438540e-01
7.877727302633268369e-01
4.498055862480085931e-01
1.422590082438196957e+00
9.664892705191946431e-01
6.390609092792272072e-01
2.655865487115522949e+00
2.325817873147051795e+00
1.378353150894514156e+00
4.126761668593861287e-01
4.056671926645238346e-01
4.038180941633805476e-01
9.413239703195381836e-01
1.165590986034882093e+00
1.181095750739089567e+00
2.222386366985872108e+00
1.472851426961808929e+00
2.715437421890351644e+00
6.992767534649543260e-01
6.860275792293046848e-01
1.391429391448854691e+00
2.403438599481364069e+00
5.794462663971020611e-01
3.601803698361128458e-01
5.885435791939327421e-01
6.992028175184281658e-01
4.152247514761854275e-01
4.671851061074431266e-01
1.590574651150687524e+00
3.902231929272019784e-01
2.039056611998131707e+00
1.413888649241930917e+00
3.621579832435170010e-01
6.039954806987182234e-01
4.229600080019443875e-01
4.051092967451124793e-01
3.934157754247168959e-01
5.598340869410388665e-01
1.075065510690670800e+00
7.090610906053810281e-01
4.006415727516364211e-01
1.294605622398473876e+00
1.827693536700717436e+00
2.836098928696801913e+00
1.615637177331045837e+00
4.445775959407227140e-01
1.078496800602823047e+00
1.270011277455681986e+00
1.621551680381082328e+00
2.680092788633392509e+00
4.006239104784820038e-01
2.214643476231417996e+00
4.819828557492930599e-01
2.558154365133292196e-01
1.861579139956237139e+00
2.425634562195005728e+00
1.212278137741550577e+00
3.913735629103393121e-01
2.667661676212860211e+00
7.443667533601596720e-01
1.249908411542125286e+00
5.114325121543197294e-01
1.626702510476644825e+00
6.058018165075185202e-01
3.679955710791221191e-01
8.649407724661618557e-01
2.060238711053068883e+00
2.566634540185509294e+00
5.365668972880446308e-01
2.442151972576908747e+00
9.655592978781157854e-01
4.209712965356930403e-01
2.415089788568135276e+00
7.856282378863755911e-01
6.155688872150295587e-01
4.477108075224740524e-01
2.804858099643784408e-01
1.012074693703947537e+00
1.160422021304483797e+00
2.085147840298723576e+00
1.162888714448249594e+00
4.148861053967794477e-01
8.306667590880759677e-01
4.063197956674000633e-01
1.879185624794742271e+00
2.032051901184957821e+00
1.769324264212650322e+00
2.724879228071978243e+00
1.516793309098891873e+00
2.221842281118962870e+00
4.475205149048647191e-01
4.223832603601249680e-01
3.904176963555417990e-01
5.893530205886798184e-02
6.586047416863097803e-01
4.845167903323116532e-01
1.623275687453209271e+00
2.410981457461866651e+00
2.150979139106047100e+00
5.823353618781639263e-01
1.650310458753923459e+00
4.200651665521761280e-01
1.282145958263546826e+00
2.672316111809724060e+00
1.315228271600413112e+00
7.968397933261265331e-01
1.604788357499983720e+00
1.364027831581349881e+00
1.447125297778009356e+00
4.228534161922948842e-01
7.662202528310781968e-01
4.296585306983788932e-01
1.828193249618479399e+00
1.423394386295227632e+00
1.920911488440013137e+00
1.070642485084112083e+00
2.437562215153206591e+00
7.498581290074559647e-01
5.089539255170905108e-01
4.280347765254284287e-01
1.574315677933423974e+00
2.669655964954487981e+00
5.175163409993819297e-01
1.173769515508685135e+00
5.122559970705674592e-01
4.306310755408457869e-01
8.060905000353194572e-01
7.638446308166699783e-01
5.422965959177036277e-01
2.654317594309483663e+00
5.010881858137634648e-01
7.698881197430926804e-01
5.944158992637115224e-01
2.117830856832549014e+00
7.213726708696333034e-01
1.461920111837342606e+00
4.304883046682434489e-01
1.251733886661339223e+00
2.002352471408793022e+00
1.967552440890069088e+00
9.487677049756224612e-01
3.903167721167221660e-01
9.186835775346516852e-01
2.366579663224295249e+00
2.298823242814867829e+00
6.469576642720260562e-01
4.148173193389801949e-01
1.695671007336765346e+00
1.317531312189758053e+00
4.494000283363874804e-01
2.080603837420635038e+00
2.217966859507458643e+00
1.306375188289454092e+00
3.785864726341336972e-01
8.847377657287862629e-01
4.226439190092394771e-01
9.328889977554010171e-01
1.233870013828719303e+00
5.143271541158385141e-01
2.303313723871553087e+00
3.875376567168236086e-01
1.527561350346500424e+00
5.205620753140055568e-01
2.095453099651074069e+00
5.139618149630816868e-01
2.293609020311647484e+00
3.903485853287673724e-01
4.486530977047561985e-01
2.496038180038448129e+00
5.120679964876189150e-01
6.406316656800993270e-01
1.620965549092319158e+00
2.274476918201765230e+00
2.014316513828904309e+00
7.257750800335611707e-01
1.591938924456943294e+00
6.408671717539297097e-01
2.805462714211389041e+00
1.059334530627442206e+00
3.177691554025620091e-01
5.360904701987317944e-01
3.942944951832898504e-01
2.403182977665407893e+00
1.083470688640447488e+00
1.917920035736094375e+00
7.585021491517012215e-01
3.889475591459758963e-01
4.563506030701781069e-01
1.179313166218339148e+00
1.159424632761015150e+00
4.558228930470111795e-01
1.158351036788202837e+00
4.168143442375488172e-01
9.230402924722274083e-01
2.409882830971168843e+00
1.942714936372685663e+00
7.896431105382871740e-01
4.122391035737867360e-01
1.885867890816690595e+00
9.231154107224867067e-01
4.425733631812092672e-01
2.362824030002988795e+00
9.671565074178541943e-01
2.844754186325258338e+00
8.664124241231347945e-01
1.620771776189608326e+00
7.387365786978634663e-01
6.675915795135424213e-01
2.005111460714585903e+00
2.882520979187414234e+00
4.539218042600482450e-01
2.605988507141582033e+00
5.575545156232877275e-01
1.123140400536079886e+00
5.016703436484145628e-01
7.304213218625779103e-01
1.045369768559858192e+00
8.850888933471287023e-01
2.298647196948304661e+00
6.089176324359647507e-01
4.106716576035688848e-01
4.094075153839135117e-01
1.174423400439947196e+00
1.534782401043469857e+00
1.115349628147656036e+00
6.188936048384425792e-01
5.955455686693817974e-01
4.912494272930977290e-01
4.093404594088216331e-01
5.689515783111973590e-01
1.022301341102851646e+00
2.840243747020070764e+00
7.099971635186906882e-01
3.907431027408379554e-01
5.582271855381868431e-01
1.108208999851879373e+00
3.845207429486809936e-01
1.284677014124546046e+00
1.820796326769346329e+00
3.432560019042698585e-01
4.027062480346462747e-01
5.310736045565003227e-01
2.740842683021470272e+00
4.309974330920803287e-01
3.951523972945195640e-01
1.178468371066799802e+00
8.563304378989765597e-01
2.542050700421470744e+00
5.252171123141120557e-01
1.035097267922014952e+00
9.927358317057335957e-02
6.602351509290255160e-01
2.798085508224775086e+00
1.562829673836668487e+00
2.219499631293818442e+00
5.616766710636112991e-01
1.188213374881663897e+00
4.973985859603515247e-01
7.546020596926980017e-01
7.343272474202628963e-01
5.857582006841026701e-01
1.333157919411532610e+00
7.532099750186465048e-01
2.828649273448003321e+00
6.575316130257953251e-01
1.656555463297991970e+00
4.777461770588055656e-01
2.089458312134815365e+00
5.697810098360960307e-01
2.572558500208852461e+00
6.640264555946492342e-01
8.422518428804119939e-01
3.930952716147629311e-01
1.055459490410104451e+00
5.436103639808742560e-01
1.113598062578837977e+00
1.675356498082769319e+00
3.945379808857111259e-01
7.944312412046865557e-01
1.709744602915157730e+00
2.182558347974949520e+00
1.562609237658415084e+00
1.782399016350925791e+00
1.751869113406450129e+00
5.089557546021180601e-01
1.147063686774828506e+00
5.990677686772932775e-01
1.246878707467987457e+00
4.305247847029519126e-01
6.715829369349981537e-01
9.895675049627614683e-01
1.773022451465350091e+00
1.124838359605784488e+00
5.924377600536896438e-01
1.098901982446612191e+00
1.606000025381925989e+00
2.285128729986650953e+00
2.624965549704925127e-01
1.017535182168110675e+00
4.688088458544264481e-01
3.835892549574981825e-01
1.770602460311757831e+00
1.152291487310784790e+00
3.709230891429851074e-01
1.004586797628970185e+00
3.921599426764149632e-01
1.625347008918780700e+00
4.356597033567404798e-01
1.065754910702718661e+00
1.768762325494652066e+00
2.248554278951170993e+00
2.540104574733888398e+00
1.210246681669144841e+00
2.234928207980871218e+00
2.043140837946003430e+00
4.321309068581096757e-01
1.077414108098668777e+00
1.788167203957765405e+00
1.613720903904739767e+00
3.888195107757018154e-01
2.531079466820771007e+00
2.570317963228016200e+00
4.523951036997470587e-01
4.020216408542680031e-01
1.632678846503164971e+00
1.939367403191547101e+00
4.002879823263091330e-01
5.488685852036686574e-01
6.140474498838602857e-01
2.590975096087886342e+00
1.416110144024259165e+00
7.171219643892328133e-01
1.286290263724100713e+00
6.214448488687958350e-02
7.581049066025989935e-01
3.983726385172601248e-01
2.318675386241918268e+00
6.823168885307376863e-01
6.672286722479013887e-01
2.722324954983033063e+00
2.141320523507928009e+00
4.220339708915882837e-01
2.091112230430105079e+00
1.035661967506932291e+00
4.862099154509362253e-01
9.156684430702928257e-01
4.957309949447245012e-01
4.206311692116756484e-01
1.718291694684600524e+00
2.182485945850642484e+00
1.519634126021209619e+00
2.769627080856908452e-01
1.070600410190140517e+00
8.592942793764110077e-01
4.040552700197614366e-01
1.326527184682931404e+00
1.460666887514874501e+00
1.881332367231681735e+00
4.960671694914384755e-01
3.412479813035718124e-01
9.107522907706069315e-01
3.395292082165728836e-02
9.020520644547311839e-01
2.419021019616939938e+00
2.275349649605129976e+00
1.455843263771926077e+00
1.513570139663271030e+00
1.238101445678275292e+00
5.801437095634670582e-01
1.972526875680320702e+00
1.995735371166520666e+00
1.157111875392661471e+00
6.107938792729815658e-01
1.520480441654199488e+00
1.183656657275955482e+00
3.695446542328088557e-01
2.345551841572575125e+00
4.028417915016077044e-01
5.127322136259917507e-01
3.965992227422217575e-01
1.913130979487981165e+00
5.895943104748555541e-01
2.249447858211071960e+00
1.306828264556828545e+00
7.171967024726472184e-01
1.805274037801815945e+00
2.099965034134559705e+00
7.039795003051255717e-01
6.674640037524981473e-01
4.412075233020679721e-01
1.311447846979649778e+00
8.370512302955601669e-01
3.903485325147852403e-01
4.232803561788371915e-01
1.192081644264836759e+00
2.105835645853982641e+00
1.743768228468960846e+00
1.365651920519429741e+00
6.776222625489982665e-01
1.571638572557059410e+00
1.504066864773717871e+00
2.531221723170245408e+00
2.574958724926031284e+00
1.563808794027593541e+00
2.321178721066199380e+00
5.014248875966674790e-01
5.886932802564434075e-01
8.519733601389364308e-01
7.846339337006084103e-01
2.650064642269957194e+00
5.107492436915306300e-01
4.221836192098598617e-01
2.573364442229543858e+00
1.240891504230923648e+00
1.278192913764495842e+00
2.729762857540264598e+00
6.235910605182679589e-01
4.631983953245933372e-01
4.011126203755547848e-01
1.079901429318447015e+00
1.174195934627548787e+00
4.179191337282613938e-01
4.742334215494686811e-01
1.467926914624940293e+00
1.198722713958566999e+00
2.249408897029089527e+00
1.131618213546795593e+00
4.029368977236333915e-01
3.877926075172232201e-01
1.415725364278167531e+00
2.832906942897183811e+00
4.153252308771162027e-01
1.504294512116095772e+00
7.718894547486935265e-01
6.495663543592377076e-01
1.260309986665827164e+00
1.528830119662421883e+00
8.615802064956435968e-01
8.020057006904688368e-01
7.996220937640106108e-01
3.976912958885884808e-01
1.009145202923722451e+00
6.516125605767383866e-02
2.159984803024811217e+00
1.439516922647845476e+00
8.643056479324454644e-01
2.797057237996519508e+00
3.834319225195496617e-01
5.832293467337549275e-01
4.308855387900784595e-01
5.154802309567083629e-01
8.990904344166287254e-01
3.921532178394562251e-01
9.368938139812820198e-01
6.054594223419051957e-01
4.271130560211848781e-01
2.109841272556219227e+00
3.904462709634417550e-01
1.035171637521353771e-01
2.193468253378298094e+00
1.714401969536031523e+00
1.247950113111543136e+00
3.962607198709067746e-01
3.981254409955268248e-01
9.214084033586724676e-01
5.753362010758006351e-01
4.859053034863148879e-01
1.225663777790839681e+00
7.274370720616656349e-01
1.813660963304595253e+00
1.066661581263359304e+00
5.494495316202143709e-01
1.166716966567528990e+00
1.752616458795491328e+00
2.805606508564028267e+00
7.619481735921616039e-01
6.615387672642196737e-01
9.754056689314521966e-01
3.966795538253600206e-01
3.912176854336334442e-01
4.850049191397536319e-01
9.233726622630760161e-01
1.836145180968537627e+00
5.292861593737302472e-01
1.391143062725726409e+00
5.448131061052894353e-01
5.054544797345190688e-01
6.570678167588260843e-01
2.312285569354882941e+00
2.635559791422576126e+00
6.596844137360571292e-01
7.828461227704764935e-01
8.753118343398450518e-01
2.331068488459070664e+00
1.119925728306145452e+00
9.444329381131445489e-01
7.576564124390743338e-01
3.961693657204745644e-01
1.440157836905873845e+00
1.509276181485417867e+00
2.436449919469182657e+00
4.931294188984844951e-01
1.028487188882929448e+00
1.257128563162387191e+00
6.203923674416342848e-01
8.628989371061665525e-02
1.096276450924646539e+00
2.739329177267957327e-01
2.258768713690560315e+00
3.346348940805738414e-01
2.480766675185185066e-01
2.336590764768928352e+00
9.197425774471046367e-01
9.283846727613997984e-01
3.131385519565347830e-01
3.911182460109432490e-01
1.197416287631294152e+00
2.888105326486698488e+00
5.407475670898319597e-01
2.552389146904206374e+00
5.266630760433311798e-01
1.403786483854274847e+00
5.083865625553778411e-01
5.485859102079305716e-01
1.712142420228927930e+00
8.461534773066418103e-01
4.605542036193148725e-01
1.840798398450173678e+00
9.754538771876861691e-01
4.010257487900289464e-01
2.481302767531794018e+00
7.800570907347675886e-01
1.810916616349624642e+00
2.356841178304652562e+00
1.847137670848974178e+00
1.994452477912028954e+00
2.385354674754242232e+00
2.503225439461818524e+00
3.924667816711071011e-01
2.787763754318780318e+00
2.228270675852096261e+00
5.016358351306936525e-01
1.376353230456055288e+00
5.685243254563744353e-01
1.402938509688282265e+00
1.161247225666959260e+00
1.491180198896809861e+00
1.441463700665110315e+00
1.225691676081055448e+00
2.783621298300237523e+00
1.735128310627660486e+00
9.401183052600977641e-01
1.306465162067846908e+00
1.915161690522872995e+00
3.301246370132564500e-01
5.791015471478155874e-01
2.406694190980741777e+00
6.264633540894601893e-01
5.315837702423794608e-01
3.871679115725994991e-01
3.957893253191231420e-01
1.436384905724472638e-01
3.939746515523021020e-01
2.149980382571060833e+00
1.933070344839780352e+00
2.580750732588994900e+00
8.231560070932102402e-01
1.726924752310943667e+00
1.193717404467084853e+00
2.809515475509974713e+00
2.709069560250935704e-01
2.278365457073459055e+00
1.643101599930934631e+00
4.487073239472605946e-01
2.805747977294157813e+00
6.424543112430525227e-01
1.450783520307703300e+00
1.217611970934739940e+00
1.013438436866456405e+00
3.961107578485512093e-01
5.341736947841161376e-01
1.145450804383495891e+00
4.805616409600078076e-01
2.513125440640477493e+00
1.594014952307103217e+00
6.770428077166769087e-01
2.454336882564963407e+00
8.630524895415903064e-01
2.777390189109596008e+00
2.667739352183074786e+00
4.423229782763068996e-01
9.415693230129694724e-01
1.586831225495850761e+00
3.906375994233414750e-01
1.196630339300368995e+00
1.467632335132665666e+00
2.852104277526902543e+00
5.405910018234247882e-01
2.020721525622087622e+00
9.594462458376135094e-01
1.914731412535042310e+00
8.660779576165087423e-01
6.921729725651475373e-01
4.720432015874347909e-01
4.270453572669741238e-01
2.804785632804775553e+00
5.610891803179061110e-01
3.849712469624948508e-01
1.367233406116783678e+00
5.370784459613447970e-01
6.069892270084135122e-01
2.164318083413756089e+00
2.336530720937903371e+00
5.373986411766169535e-01
3.928077916869002206e-01
5.438060723713685762e-01
1.591199740225790471e+00
1.104561607872977191e+00
9.209509543415207444e-01
8.714634733129469346e-01
2.017435311811661247e+00
9.497047240358733600e-01
5.017216380899365280e-01
2.534375597291222526e+00
8.862742085353969568e-01
3.939687541431413087e-01
1.969807248443560255e+00
8.783200449329056081e-01
9.530066249048696481e-02
2.385588833167374023e+00
8.663361104381004374e-01
4.521376699811850419e-01
3.988372403796680010e-01
1.212929347753548270e-01
8.258118302312882353e-01
1.682935720113763134e+00
7.107731330396661606e-01
2.458028790364319427e+00
4.342469608915383028e-01
8.086236626538900740e-01
5.734470929441395359e-01
3.771749259435434598e-01
3.072272322218357332e-01
2.514043898133571542e+00
1.717873148885796120e+00
1.232345558589201140e+00
1.035228569130816512e+00
2.232353003876222708e+00
1.940859800530530421e+00
4.445725048424841730e-01
9.747362579797436144e-01
9.309511457462501527e-01
7.770024753527466910e-01
2.477837112525168806e+00
3.590425699968098350e-01
5.354631000408588415e-01
1.412842782655813867e+00
4.044831065359948408e-01
6.187755908030394547e-01
8.449860245125168090e-01
1.336572234638532253e-01
5.704345498446218299e-01
1.562685955228873436e+00
5.910269439347650700e-01
1.911089449278937202e+00
1.199759660091292979e+00
7.626744538000891360e-01
3.825199260085067610e-01
2.667384021860720988e+00
1.941775763987470538e-01
6.150406131263905785e-01
2.554314663854791778e+00
5.745236721314883610e-01
9.843475997420693124e-01
2.261437250144546773e+00
6.141556619097017222e-01
8.669962092308368673e-01
2.568978830284816439e+00
7.042764796085778656e-01
1.942386540449162036e+00
1.147089848087440966e+00
3.917040721410244286e-01
4.216908499690371070e-01
5.119596374897402713e-01
7.902320887202151090e-01
1.498946084635390141e+00
6.020262293462030900e-01
4.136450309889099231e-01
1.940626125456655249e+00
2.297285924148204650e+00
2.574996804718645116e+00
1.280040884937288181e+00
4.784863505479802215e-01
1.004678785458375190e+00
1.986506473597591471e+00
1.274014651259056441e+00
5.968434969597555817e-01
2.072775995508567171e+00
2.489170904102649295e+00
1.875378308163901719e+00
5.765194790040424344e-01
4.623814648391735282e-01
2.352226168902254333e+00
4.404124415700461648e-01
1.651888071694499693e+00
2.271217084163473565e+00
2.006341562845832538e+00
5.822699882532023086e-01
2.812415118282730830e+00
9.059981954705418339e-01
5.664802819901151310e-01
1.633525324216779095e+00
3.897845325374534320e-01
1.554517091512621851e+00
1.120779949605172687e+00
6.899765443386433050e-01
1.048973865894539559e+00
1.236948417614596840e+00
8.394270940519279467e-01
2.180364458957510188e+00
5.301591696733538583e-01
8.175597426152474423e-01
1.797656940659416502e+00
5.865842017168634293e-01
8.136253283182961482e-01
3.998229783100516466e-01
3.818660692373347376e-01
3.982118138997454149e-01
5.745000443366091725e-01
6.158079536806895238e-01
5.512906323657763563e-01
1.130216439191342959e+00
1.421593492401717507e+00
3.916613534496711235e-01
1.125665215664957364e+00
1.240852090278069975e+00
4.453446751316970653e-01
5.898366064857106794e-01
1.498182602573684630e+00
1.814173873019565786e+00
6.915408644479270617e-01
3.903842964206517552e-01
7.361108150236667091e-01
1.047349632596575875e+00
1.452582738693620756e+00
5.495213579989386560e-02
1.086259052767172939e+00
4.760226566004346904e-01
9.668720142599794842e-01
3.570785301241370391e-01
8.393005289388545398e-01
2.321178516703682249e+00
8.613640745875101867e-01
9.986283673230279545e-01
2.234577807797103688e+00
2.141686977611124476e+00
1.183720234993447917e+00
1.465273408144900147e+00
1.113696300371662451e+00
1.264324004482809904e+00
2.819317640809960501e+00
2.817648961963255871e+00
2.617590036697759470e-01
1.495816009987843476e+00
1.456857196798572174e+00
3.786463581703931602e-01
2.347992430577844125e+00
8.533033891330108478e-01
1.338283118323219556e+00
7.825271237778604894e-01
4.720806275830818910e-01
2.186491517205769064e+00
5.391838723137020173e-01
4.863183412756063029e-01
4.637401485789960920e-01
2.646633774532686445e+00
3.631152335315881441e-01
4.270131306850243891e-01
3.601259290532726198e-01
7.004479070245152039e-01
7.751462295755896514e-01
4.990568794793378005e-01
2.895511873831931204e+00
6.569018349939256263e-01
7.966869662954771947e-01
4.850210549647404057e-01
5.690707013892104538e-01
4.106167359276921558e-01
1.818112299728650960e+00
1.813048369874327159e+00
7.460405365152948942e-01
8.222128950332374675e-01
1.672835470812185088e+00
1.976872087400287636e+00
3.554102632151044661e-02
1.651700297116034610e+00
9.733144072113102396e-01
1.231340192654248877e+00
1.757436494748642497e+00
2.840674478739099396e+00
2.161938853856080200e+00
1.963430630780482078e+00
2.316202232017655405e+00
2.193683838519555618e+00
8.291853923659278092e-01
1.132179732549822626e+00
5.482657165049379389e-01
2.190185387966410602e+00
2.645857012358226790e+00
2.770729008582982544e+00
9.360430987538352898e-01
1.621761069259954002e+00
8.417864473732122876e-01
2.224409044401225000e+00
2.282668384374376913e+00
7.829488122688562646e-01
1.868030432936506724e+00
1.432298483973019509e+00
1.973996850131461978e+00
7.107445358410061642e-01
6.968021864655967734e-01
5.600386587027292862e-01
1.326967553286758639e+00
4.082265964355027976e-01
7.000209482713278808e-01
5.063762337831910765e-01
5.724655268553199283e-01
1.186046476205954159e+00
7.631750868031791368e-01
1.188063638395084665e+00
2.649287627205915374e+00
2.530821567440904918e+00
4.320552372265421548e-01
4.668979386651045393e-01
2.854310382519854361e+00
8.979916849516980104e-01
1.524646374691495110e+00
2.493065398934183552e+00
1.662138659784451855e+00
9.254344399377979480e-01
2.490493677061865974e+00
2.070755480207092880e+00
2.021249010543197944e+00
6.061649452047029873e-01
6.252190078812294161e-01
3.951306178912515343e-01
3.165095708208511271e-01
2.121823578827211509e+00
9.419923920178145949e-01
7.996619648629691435e-01
7.757972724492455674e-01
2.565339562158504894e+00
5.951560613893508433e-01
2.325890781893997339e+00
5.084370050070051716e-01
4.303875855147575313e-01
2.542869390446726996e+00
2.026740262399698622e+00
2.606113311794874043e+00
2.141427680870369610e+00
5.858466499560340823e-01
4.925476168992152792e-01
1.936272543660075618e+00
6.146228833593960772e-01
7.791042242230338255e-01
8.758305669433045226e-01
4.134385095082401262e-01
7.219803044295478589e-01
2.034696675708766112e+00
5.858628999870229004e-01
2.759808909693044932e+00
7.505158013485379032e-01
1.246488673531849889e+00
7.636457375565635086e-01
1.428125568243951538e+00
3.211720808130837934e-01
1.633285753566106946e+00
2.650530011462025382e+00
1.166072568483088379e+00
1.167487175951313016e+00
3.847189615586317224e-01
2.575231383607565316e+00
1.984399820197285669e+00
1.511446269680129628e+00
2.510821048911662245e+00
2.700553360897362865e+00
1.691818718532082988e+00
1.939026397666983037e+00
6.014100891149747330e-01
9.498023906022692309e-01
9.436955946282963303e-01
5.744180490695508512e-01
5.193059585028256819e-01
1.376457571077036812e+00
1.328752078826240579e+00
7.548295653771046609e-01
9.375721706694695179e-01
4.580614760794840534e-01
6.797515428457652220e-01
1.112452764325713384e+00
2.293592761169499727e+00
2.656029264008596402e-01
1.347275869217999578e+00
7.535124995899054046e-01
3.907881184384151552e-01
1.533244529276940327e+00
1.090848403406461609e+00
9.815688757572206269e-01
9.939521496895632469e-01
8.017117656400513104e-01
2.879528395874156321e-01
4.484392148232022035e-01
8.195524203023929477e-01
4.030999823321019804e-01
5.520194457275409139e-01
8.936343661879300182e-01
8.128358032558231638e-01
7.529406533278322211e-01
1.235758379762309067e+00
5.055957771245453980e-01
2.008270156477276913e+00
