6.292319866226123715e+00
6.839626992400138494e-01
1.206282817310922972e+01
8.018677025816639770e+00
8.118623739178428167e+00
6.771098109865006265e+00
5.551859272464354511e+00
1.206190646691410784e+01
3.585936261129659908e+00
2.720868897559880484e+00
3.416608617083729094e+00
1.415423201201643000e+00
2.920363598864110788e+00
1.084737695348812103e+01
1.320518183875565654e+01
5.371793096613459717e+00
4.711898979194373283e+00
8.211261373130563257e+00
3.722211977196550947e+00
9.055382995256973544e+00
1.089812335035833257e+01
1.425614304865426840e+00
3.871400676573724997e+00
1.347359953302764257e+00
6.149926378279729988e+00
1.035053022789033506e+01
5.239175398500450775e+00
1.018992580520473723e+01
1.140333528810903729e+01
6.061016279187168010e+00
7.674200038055622564e+00
1.260520583981434184e+00
5.346362707246959722e+00
4.637539668150552075e+00
7.082002340620509706e+00
7.644210202234813956e+00
1.023226835964116610e+01
1.996702368780512771e+00
1.131834089229344009e+01
6.247584659629810133e+00
5.057156643908710336e+00
5.343861450687902526e+00
5.721436899681967780e+00
8.436421388239068619e+00
5.372065179006351165e+00
3.023532961850496914e+00
6.309520073643446914e+00
7.093815216344713015e+00
6.536614302282774069e+00
2.386867824751260247e+00
7.229138364866195765e+00
9.886540642788144595e+00
3.284410838679840516e+00
6.484993785527020549e+00
1.267402923952001359e+01
1.063180016877461220e+01
1.305279447125303705e+01
6.921737482538874886e+00
5.299739865767946867e+00
1.246344687635764359e+01
7.281642603079346188e+00
5.385310334534626264e+00
6.123286937812307151e+00
3.293730700902768760e+00
8.310126819005585475e+00
8.933345169416000431e+00
5.806254972369677247e+00
1.130918910246738207e+01
5.444192359110663126e+00
5.965242730205075894e+00
1.349038438166238052e+01
9.678376411144196112e+00
1.303303580698395692e+01
1.045715669813437287e+01
6.492323922726606078e+00
5.634323560277616494e+00
1.238020809584762993e+01
6.704121232233998917e+00
2.704462624489326394e+00
7.659284737062311166e+00
3.583022815859306487e+00
5.385834867469597498e+00
6.550565244005552401e+00
5.205501347218278951e+00
1.234726239947720572e+01
9.671421394143683514e+00
8.775597884828814088e+00
8.391044792558137289e+00
8.345744163098093082e+00
4.662533697730079751e+00
8.770200679976259295e+00
1.367134991601884586e+01
1.533093040839663246e+00
7.961086516369751953e-01
9.293599466043675150e+00
1.042486787224044598e+01
1.076770816161412370e+01
8.953986259305447559e-01
1.088847413409541076e+01
5.847059228290067523e+00
1.273487157522052193e+01
9.942461287653419078e+00
7.861871207148531937e+00
1.126439499275824474e+01
5.542446810574969795e+00
2.778610941402483103e+00
2.889173749255712131e+00
6.586279990768154846e+00
3.053018222533088188e+00
5.489052517186557623e+00
9.689810265418447699e+00
2.331646347247096518e+00
7.406430716855085805e+00
9.952878664092086325e+00
7.180645286171684738e+00
6.679643482862962500e+00
9.929648374134560029e+00
3.314562443326836583e+00
2.352503955974316607e+00
7.291709004950716277e+00
9.909545080088703273e+00
5.410001634170042095e+00
1.273421608859289655e+01
1.015718443663218018e+01
9.132153115194297399e+00
7.497734290580527983e+00
9.412883563127488529e+00
8.390942787871820130e+00
7.381501418358208610e+00
5.520185678918178240e+00
3.337439488594277304e+00
1.564912218200860572e+00
6.734367295619306582e+00
1.218293301710596488e+01
5.274836490235513153e+00
7.678905791036129358e+00
3.642932271881422324e+00
7.818945238821515709e+00
9.444860374864319397e+00
9.236830243344600788e+00
7.875399163294408034e+00
3.658046727433287515e+00
9.696714252893736230e+00
1.065597809902325466e+01
8.615712707822041239e+00
8.587689631348450092e+00
8.103823796282915382e+00
6.429340731117213714e+00
7.062637730447522522e+00
6.186620461235210477e+00
6.606242022367702305e+00
5.641089816802619339e+00
8.263258082554644446e+00
8.022186423302656522e+00
8.171368488936373575e-01
1.108877615393838845e+01
4.275739557426917692e+00
7.668852689432320346e+00
5.919087209071762778e+00
9.779280954101789547e+00
4.300789208682144427e+00
6.331153243945437659e+00
7.820451399115762925e+00
7.284674688997545999e+00
6.748915838389899946e+00
7.686618610699428089e+00
1.343118303342514963e+01
1.839818842063665194e+00
1.082018655098423743e+01
8.234144958252748836e+00
4.517913983973707026e+00
6.139267239638424911e+00
6.124293532149851060e+00
5.396737440000237029e+00
7.148377228506953784e+00
7.030620365410248596e+00
9.802083243360535381e-01
4.167786515377827961e+00
6.479911837378354633e+00
6.726332003231556556e+00
8.859911186160967844e+00
9.718629127360431497e+00
6.568360190546754573e+00
7.237910968036322501e+00
1.151871974431480794e+01
6.048418533770035133e+00
9.494456477756909152e+00
6.934017882105994346e+00
1.260677251261309451e+01
5.964494271807622816e+00
6.464093089251520929e+00
7.508447372976111645e+00
3.280574371127875200e+00
9.457602222381400026e+00
7.417494188805599187e+00
5.448026346157016420e+00
1.046149343536327514e+01
5.539416964331714155e+00
9.237092868396878487e+00
4.972639125358280232e+00
4.913680582253788565e+00
5.043386019038761603e+00
7.846295580739498732e+00
8.559497386031413413e+00
6.095645436894648661e+00
8.442564911194452293e+00
1.006392172110744276e+01
7.677851623520258073e+00
5.377954051574493022e+00
1.312598684323934251e+01
6.055214790057682706e+00
1.026929356028150409e+01
1.111857566357701366e+01
4.415979013577968182e+00
1.297870462834694649e+01
5.237501133665851683e+00
6.925807112484733352e+00
5.518650040110987476e+00
1.100007706721524769e+01
3.298905127014873706e+00
7.593954118940793308e+00
8.210386275363864783e+00
7.674939141427830513e+00
6.517231267798465844e+00
8.086593175158894198e+00
6.863381131341222741e+00
9.392705200137871913e-01
6.308585533341849683e+00
1.362963352586786137e+01
6.988922000587369787e+00
7.132222432203059626e+00
9.080161785329204704e+00
7.882874284457330738e+00
1.079339165592051231e+01
9.052702500047038470e+00
6.198231995535971706e+00
9.004103874215140024e+00
6.827154092352341941e+00
5.567234527623895701e+00
4.642569844387647748e+00
6.782618392700685561e+00
6.416317991603616377e+00
6.696030751869177067e+00
8.499726521268428314e+00
1.504239800003658090e+00
6.828410125864708746e+00
1.000574616391945959e+01
1.268066066121390634e+01
5.118407401661492884e+00
7.204768808357925991e+00
1.214306908591480472e+01
1.050164401683541016e+01
6.949081952832988129e+00
1.011007924045521911e+01
1.001554487866332899e+01
1.130640147657286931e+01
7.296381712314540913e+00
4.279263320502720624e+00
1.049662898848012915e+01
8.881747204508705806e+00
1.111766435004086162e+01
1.127854992001836365e+01
1.003047571857183229e+01
3.741588630941699911e+00
1.342959841216914363e+01
9.045039317062304463e+00
1.285653038656868929e+01
5.362719312435517693e+00
1.227930205778010198e+01
1.113135849126802945e+01
1.116415197896805012e+01
6.309569436281091903e+00
4.661840839926195024e+00
9.201192524557924912e+00
3.521013292233482694e+00
3.572018263742598343e+00
6.737376349483494842e+00
6.221805386127699400e+00
5.313189259612408399e+00
1.982009341485089227e+00
7.426150328241690524e+00
1.943734488811973193e+00
1.343899751621644656e+00
7.286495025357043964e+00
2.069605153004663300e+00
2.448253016965347584e+00
7.061985722072251725e+00
4.506289402147435119e+00
1.065052040151507740e+01
7.791322323354003210e+00
5.301095225340984207e+00
3.626203119917254192e+00
5.768485816620726681e+00
5.007135754525730675e+00
7.368697031698934197e+00
5.607156090767656309e+00
1.005175745317333913e+01
7.518865029472973305e+00
9.348508788974609018e+00
5.506648894064388733e-01
3.453443182163758340e+00
9.821337376727441892e+00
5.561699605754041542e+00
1.234418654192868781e+00
7.376272158731409512e+00
9.047490138750072575e+00
6.070848401115823023e+00
8.904119609335229280e-01
7.333742570352878687e+00
1.066775539858194044e+01
7.863989776237658269e+00
1.368037304071141325e+00
6.465153764983392115e+00
2.944683528186539334e+00
6.999629564243057267e+00
3.784059295207545137e+00
2.114674949366055046e+00
5.844413170980612415e-01
1.335666068703480214e+01
6.842312917275780393e+00
7.082611007258361013e+00
5.865982333791705194e+00
2.409987113155124927e+00
1.076432091242285782e+00
5.088852771626780402e+00
8.109558517935713695e+00
6.439073300039376058e+00
5.686792022184524953e+00
7.324463816557519102e+00
7.005994642493424962e+00
6.201451613716998601e+00
6.787226403054049229e+00
1.156707969575350603e+01
1.169126860021127534e+01
9.178448616823562389e+00
1.092801020079937402e+01
1.470434827981305759e+00
7.293457910629481233e+00
1.035589974796430823e+01
9.267138016447541204e+00
9.400844132724174074e+00
7.199577992411823502e+00
9.988083500619834965e+00
1.154869648617734690e+01
2.586277925197510985e+00
7.704787409541091314e+00
9.234804850542163379e+00
4.673984603605759069e+00
8.484159682534754054e+00
9.947520452404722491e+00
7.057375900211405373e+00
8.476511856496927066e+00
3.390241555685161945e+00
8.041239158261037190e+00
1.317947893459788666e+01
5.496589884067339504e+00
1.084483279836022618e+01
7.834344887637245236e+00
5.766141508746392752e+00
1.498527512484494340e+00
8.051812734631310420e+00
6.279916518341321030e+00
9.174013912773995472e+00
7.403312283700103968e+00
1.360967668918667828e+00
5.474863797277759403e+00
1.338766100467661779e+01
2.982630503780824505e+00
7.327607212506154433e+00
1.265127310244759151e+01
5.427927240806360132e+00
1.288093250383337285e+01
6.545435310853967792e+00
8.820114660086504799e+00
5.440042595233800071e+00
6.441931610196495406e+00
1.186985553803932270e+01
5.276447583456590706e+00
8.100705947806970286e+00
5.353133064680215547e+00
1.192188880496163428e+01
3.896909129982659703e+00
8.472668028625638392e-01
3.529278771753098454e+00
2.102152084980577484e+00
6.901784901119144777e+00
8.247807288497613243e+00
8.081291346035593293e+00
6.803987635183942118e+00
9.135692328004052953e+00
4.710980306552636776e+00
6.635630890401413851e+00
1.064263901164882320e+01
5.895403957751214286e+00
1.050177587974190274e+01
6.228737266372371018e+00
5.956911990165385973e+00
4.823854068423816810e-01
5.760715644338044505e+00
7.964556927586628809e+00
1.164531275227279394e+01
9.950020398914862341e+00
1.877543422627550251e+00
7.612840741424160562e+00
7.551451291852592895e+00
8.250527055826278655e+00
6.138887576064759877e+00
6.917228333896456860e+00
5.252995063217558602e+00
5.695682608524770707e+00
2.142132111274801076e+00
1.169791782470289476e+01
1.257006667208384876e+01
8.524140216906491929e+00
6.924466460697765946e+00
8.595168875185319024e+00
8.172097770471836498e+00
5.777729326094019235e+00
6.499815660658935457e+00
4.974301178552336999e+00
1.238629241918468082e+01
1.526846640240621777e+00
1.727436938174575998e+00
1.873866795826532483e+00
4.766552291194182445e+00
5.816214907735850481e+00
7.346747678501625245e+00
9.509775601074352380e+00
4.958840337343036531e+00
6.715121264750231411e+00
1.979996217965404703e+00
4.062612286794784922e+00
7.224924172047372473e+00
1.468829077289687701e+00
9.077423043000345970e+00
8.237798460624134123e+00
9.842019135037169519e+00
6.971691648033223387e+00
8.316210161204791618e+00
5.163008456736508656e+00
4.586106553288431087e+00
9.381806979550603387e+00
5.314231817645426403e+00
1.093411452198245648e+01
1.283971352877926364e+01
6.104216968027933454e+00
6.404924503157872095e+00
8.321317944223618923e+00
4.720372370308361099e+00
7.771200914642760083e+00
1.214252129014055726e+01
5.532594032487697433e+00
4.800688404134594300e+00
1.768717043641117481e+00
5.383185726835582940e+00
1.914297946270358874e+00
8.971346422022804745e+00
1.124587219291954554e+01
7.205155313057454158e+00
3.163583200070440249e+00
8.114701081119347847e+00
8.655432521572981486e+00
4.775584967833292005e+00
7.574464445589057071e+00
2.128140432131960580e+00
6.440225928188358928e+00
1.140636127401137045e+01
6.965390083646816777e+00
2.009369987740485364e+00
6.539973345235269520e+00
8.334538219268948112e+00
1.357125459708943893e+01
9.938308244794793467e+00
5.009677703496706602e-01
1.260246167884546864e+01
8.361397203926776101e+00
9.302334313001633603e+00
1.739500357129360353e+00
1.028663645995662002e+01
2.920514475498583451e+00
5.770710287622095258e+00
9.410129560481342637e+00
6.371727813547638952e+00
7.213954226300829831e+00
1.176153629290458191e+01
3.381918062990776352e+00
3.821919017064375534e+00
8.174928627906403733e+00
7.053381704449434686e+00
1.169039473271560681e+01
6.487095837153588285e+00
5.998597820728512886e+00
5.898644190595362602e+00
1.312701473391498652e+01
7.074260316435347917e+00
1.029037143629231599e+00
7.909605659504044262e+00
8.066959258048253645e+00
2.411336892450264724e+00
1.027172694740769820e+01
7.589692455020374595e+00
7.564555445550491974e+00
6.507029467255070365e+00
6.684455070988055247e+00
3.328471133065237897e+00
8.938192707521588787e+00
1.201815369327744243e+01
1.135518585922016754e+01
6.771414642978650811e+00
6.117817669146455195e+00
7.827953600326772232e+00
5.901702808169561720e+00
9.136996053772515225e+00
6.658333509890392854e+00
7.838196594969327968e+00
9.525679397923420666e+00
8.514311940632657283e+00
8.269161593415974565e+00
6.980067597371944821e+00
1.185395275597276132e+01
1.248737832917258039e+01
1.050429476382022997e+01
1.257467963564550573e+01
6.256773284815205116e+00
3.935187853149282766e+00
6.706763557693666833e+00
1.230215071700898477e+01
9.895939919012086250e+00
4.759059394128272835e+00
9.281767684905027238e+00
7.958290243132885244e+00
1.259848687891471286e+01
5.970764903652395539e+00
2.308355228792573044e+00
6.705774423608739987e+00
1.021918297326902270e+01
1.170387162973575101e+01
1.359292010788017713e+01
1.142199253142925919e+01
8.176661104527360280e+00
7.712749357462775457e+00
5.390596250998117789e+00
5.234455452326998603e+00
2.879901114922753802e+00
9.567331771472623814e+00
5.672916278877131013e+00
1.038191628463723326e+01
1.108258277746804055e+01
5.225266191769502910e+00
6.211583248479382036e+00
8.708902522125205437e+00
1.717122209288909795e+00
9.357993108150672867e+00
1.555014309669277450e+00
7.223415433992728119e+00
5.869619637607998541e+00
1.121524612621693784e+01
7.077731105078748364e+00
7.493726684282316697e+00
6.247612219576049952e+00
1.079638471775370867e+00
7.191000059559926605e+00
5.332750449209837207e+00
6.827933239263752618e+00
4.625869191951290205e+00
1.243216686382986680e+01
1.123220846077693835e+01
8.225922985421833644e+00
1.277584480677897361e+01
3.686892304050951807e+00
4.249082430595880311e+00
1.301194751312504039e+01
1.148631431287632232e+01
6.846076255899093077e+00
2.317079116986350051e+00
6.562188462238400355e+00
8.010920669026070584e+00
9.565641110529085722e+00
9.654019766050979001e+00
5.036909231936316900e+00
1.160293184416534196e+01
3.443369764596485361e+00
5.371976960943118051e+00
1.015759638130483111e+01
5.929971543427480896e+00
3.846288394944452183e+00
8.445100700940344041e+00
5.954766036521708550e+00
1.309415070899927613e+01
4.870628565793022169e+00
3.565225106881190875e+00
6.468937886709697160e+00
4.346742868019631167e+00
1.368057893702093253e+01
8.577892604781292007e+00
5.581895860479655802e+00
5.019590218928521530e+00
9.181408183972415316e+00
1.002700123099928931e+01
2.448582617678184192e+00
9.041818669606673353e+00
7.809379976363832299e+00
6.277295985703210235e+00
6.131336435245170691e+00
1.088838712360331940e+01
2.397890471695699244e+00
4.769111563145147059e+00
1.092852310340082944e+01
8.741985424394265181e+00
1.151219198643422992e+01
8.041655478686823955e+00
9.243306530813553579e+00
7.859700400934952924e+00
8.628993951249583461e+00
3.186283874447998876e+00
7.049387208920538939e+00
4.718275176558527129e+00
1.087028405237067119e+01
1.249790696044128602e+01
7.285393961930854978e+00
1.060892995343288803e+01
4.931793845901568218e+00
3.082522903623695409e+00
9.747040945018772717e+00
2.151549042084575536e+00
2.715071537133264989e+00
9.787147091191389592e+00
1.019810031479581269e+01
5.719094541115304686e+00
1.079285465700525570e+01
1.467276631038689105e+00
5.447104401278258123e+00
1.134777601793887314e+01
4.930317100866341562e+00
1.170430361701608213e+01
6.404266747313016594e+00
8.628952733472504022e+00
7.200208640031911855e+00
6.449070516879986670e+00
7.216926078400170752e+00
6.324866777536061413e+00
9.756999054565433482e+00
5.840897643446444576e+00
2.247546397521648309e+00
7.419602298455334477e+00
1.079478146249246606e+01
1.058101859096541375e+01
1.037983136517486571e+01
1.095519345723993787e+01
1.033611771538695123e+01
6.923462008531156009e+00
5.870224540328953466e+00
7.354754821818926480e+00
2.391584826477626269e+00
5.201566483628609738e+00
9.204322855245274937e+00
5.413008941407436048e+00
2.879714150480283674e+00
4.964619307810263393e+00
4.227544600266600838e+00
7.010575986620518840e+00
5.779418773583151037e+00
9.072484821809158717e+00
4.250010458376342615e-01
6.782777230812486735e+00
9.756583097038964425e+00
1.097905224655907830e+01
1.057993928718063437e+01
6.212886162094001463e+00
5.422361613773298394e+00
2.281053130990199129e+00
6.029357763871633580e+00
2.209331079061099157e+00
6.019872243746547724e+00
7.593340722787101704e+00
2.015802703306611043e+00
6.688949233311117126e+00
4.964077843768036402e+00
1.755672162781088064e+00
6.617851962894500062e+00
5.571804055469097960e+00
7.584949707693051657e+00
1.336644897948309207e+01
1.101760770390957944e+01
7.765477368718554096e+00
8.586411940943822430e+00
1.055051569976941650e+01
7.680131683709730872e+00
8.877032774217868294e+00
5.853691120764631606e+00
5.992233815962610954e+00
6.201082039846358640e+00
1.301635926191552350e+01
7.796905637776676556e+00
6.066907109394374054e+00
7.562928487868047611e+00
2.016116594472360468e+00
1.030120172231446496e+01
6.717469619784870893e+00
3.283339516154593518e+00
1.304540167808597317e+01
6.024624365734817744e+00
5.394376932078024822e+00
4.873806301116733408e+00
3.602337088170728951e-01
5.562472536562895975e+00
8.379161907217161698e+00
7.623998149142136249e+00
8.467331846929203820e+00
9.759698171196236061e+00
1.050586184058427364e+01
9.670097314109247222e+00
4.514636246829964783e+00
9.177110631415283493e+00
5.760846094746475465e+00
4.684803775098185241e+00
8.558841584694445004e+00
6.101518585082539303e+00
8.643581226285538932e+00
6.586366707227091055e+00
8.798285511498271205e+00
1.324271176899452485e+01
5.869558447012913405e+00
1.361168134140545405e+01
7.636175278818042145e+00
7.496900471828896961e+00
7.599568677961797469e+00
1.371977577263772829e+01
1.371189935304520802e+01
8.207085960874739072e+00
6.627353406388047929e+00
5.684694922244280413e+00
6.783432154366504818e+00
8.231508841864831894e+00
3.896163032559790906e+00
1.732256201830548292e+00
5.894130310355459201e+00
9.335987388931405562e+00
5.763830541336041335e+00
6.881423919601704853e+00
6.982878969095008159e+00
7.969364146407947658e+00
5.592678689151154181e+00
8.986455426846534422e+00
1.206505629708688154e+01
1.278384370791090419e+01
1.255086571806302675e+00
4.732493581131227423e+00
7.375831133601440825e+00
7.134696405916374218e+00
1.038085809673765247e+01
9.143991031010358483e+00
7.498868362691917255e+00
1.243160600147142958e+01
4.253611347950839061e+00
8.093971256738067055e+00
4.921325417099566835e+00
1.320759160007114730e+01
6.073191090384941759e+00
7.933443582764899915e+00
1.070036756554914703e+01
7.803211929121667723e+00
7.296829251283645235e+00
5.709231174977972501e+00
8.635734707562885859e+00
1.272997394402286098e+01
6.269683855031694009e+00
8.651491568028511381e+00
5.814026571560334311e+00
6.100557154695319007e+00
9.754204503187761333e+00
5.680671931956439380e+00
5.332923894518606822e+00
9.918163078714465897e+00
5.568729917096619353e+00
1.307259186812906648e+00
9.281425585844838011e+00
6.559399379833804389e+00
7.130922554155705306e+00
6.089427037596959913e+00
8.430825824990451522e+00
1.339177826768964330e+01
7.061244158669039095e+00
4.476094406469544040e+00
1.047943544512552627e+01
5.819888234973464414e+00
5.975918236672647099e-01
9.137206159312778908e+00
1.221074235897146387e+01
5.522516562247205663e+00
1.219182036011712178e+01
1.264292900685471821e+01
1.289443379893792141e+01
9.960927801168958595e+00
1.133030296042776186e+01
8.537247677473763119e+00
7.876482527472367323e+00
6.310496757428124326e+00
3.522351536333717448e+00
8.154615138831609045e+00
1.172098767011310372e+01
1.262975625182707518e+01
7.483065617677222559e-01
8.033019340131504649e+00
2.229199081661134674e+00
1.193106826722519287e+01
6.354994027519828670e+00
1.022582873140262905e+01
8.992716588325677662e+00
1.142037990507331457e+01
1.331167209580565114e+01
9.715872427979881820e+00
5.716147491416284865e+00
6.081193357700996671e+00
7.643779010023914466e+00
5.270732083111044020e+00
3.256386570784958412e+00
2.901889360492487580e+00
5.975630073688360966e+00
1.073430409311183942e+00
1.460118915326893640e+00
1.231500156842016303e+01
6.776080397198975369e+00
4.241741533877351422e+00
9.077995823735937719e+00
6.645188253760075270e+00
1.271489125153471278e+01
8.595605101010928450e+00
1.300637964400620383e+01
8.206431579187345449e+00
2.221698511101910523e+00
8.047943144490346867e+00
7.620588812955888969e+00
3.287230002447091959e+00
3.059557300660504353e+00
1.355534083028725156e+01
1.342148193915412868e+01
1.991401266616756871e+00
6.310584218419868385e+00
1.330164054126407258e+01
1.242689423661717463e+01
9.616840148768048380e+00
6.926706589173357465e+00
5.062266937876798600e+00
1.318919689672229723e+01
9.835594112576266923e+00
5.100428430398947555e+00
5.739633296870445989e+00
1.208572124482185473e+01
3.010205593098000065e+00
2.788492628719322575e+00
7.318541317383390421e+00
4.875110353254204831e+00
8.425318866085403258e+00
2.730057557855645189e+00
9.831501741259524252e+00
1.075088484613991469e+01
5.509681629813796278e+00
6.573700813983603730e+00
6.948125581397390782e+00
9.562169576794911308e+00
8.896140373557733128e+00
5.096743548093986220e+00
4.088651611868857394e+00
1.246202521786520023e+01
7.761140508611770628e+00
8.111228468047663398e+00
3.578395734676993012e+00
4.376295950827209680e+00
6.468334853743376023e+00
9.147700215185233574e+00
5.217982291369634318e+00
3.195797319870690600e+00
7.926536461368589137e+00
1.176589750817769442e+01
9.080018944956938398e+00
3.463570712224817605e+00
2.953911466876026459e+00
5.492973365928496499e+00
1.363521707228810342e+01
7.873857253316282723e+00
7.507077615923829939e+00
1.192977915028673053e+01
8.100202672767473189e+00
8.822009695832308651e+00
5.112582243060429299e+00
7.606831526398970311e+00
9.388158965301125036e+00
7.003273993945264841e+00
5.537388260446505228e+00
7.603635327113984488e+00
5.374043688071491687e+00
7.442443451703614876e+00
1.363251220847101131e+01
1.304904046476402435e+01
9.895554087590384684e-01
5.726543073284494412e+00
7.436526129421755726e+00
1.095963722130145968e+01
7.905712740423131990e+00
1.110098194766635515e+01
9.960259711068648159e+00
5.207972959800020618e+00
5.836313877851579512e+00
7.099796912366845625e+00
6.619272142752280708e+00
5.986428895603916445e+00
6.323465144728670495e+00
6.314950384280295204e+00
5.533606453592851082e+00
6.830328246509894008e+00
8.745975449552323866e+00
7.472113889971162770e+00
4.555993314493886892e+00
1.633430823491001549e+00
1.263026907572037771e+01
1.267238484591269199e+01
5.987814843750222771e+00
1.112846540915214355e+01
1.138348425108337736e+01
1.270368744858348897e+01
7.127967002069206970e+00
1.708601187729597459e+00
8.360786297399410927e+00
2.100093684192271049e+00
1.067632921052868156e+01
6.595873216394670280e+00
2.955673175025470001e-01
6.583709427267347980e-01
7.113750291561926176e+00
7.685773570282649736e+00
1.115718102317132221e+01
9.822799491759784729e+00
1.158049675901479247e+01
1.151408659769341014e+01
3.326490890160542335e+00
5.005585542946677791e+00
6.685529398832551706e+00
1.095453445752664301e+01
7.920692301489926201e+00
1.910655840848752618e+00
6.364707672636456870e+00
7.074466462935027344e+00
5.789971900900097168e+00
5.482021703663185974e+00
9.854792608447249691e+00
1.939427506626595576e+00
7.125112175502573919e+00
5.648091863993474071e+00
1.103326628363866746e+01
9.710423031473698341e-01
1.301218684324286023e+01
4.163635808458656662e+00
8.511387322635695085e+00
8.030082979335420035e+00
1.211629768836804999e+01
8.845866264019608849e+00
8.840187407107464423e+00
1.326749916767662008e+01
1.023246363450006946e+01
9.993179047182797481e-01
1.127312342173190451e+01
7.580252081069451364e+00
1.229114096245658416e+01
3.303454510020638502e+00
1.180127881891531771e+01
5.894218755729630388e+00
8.911420548952191822e+00
7.062080765038541763e+00
1.180794997785525169e+01
9.142960403571679606e+00
6.526545590146759501e-01
1.243582570369045648e+01
5.744694747395649337e+00
7.084887868288005208e+00
8.287624592630434606e+00
8.325783810215103387e+00
6.971624080483199926e+00
4.421141955763173037e+00
4.827015852520410988e+00
1.366908280613886717e+01
8.428232200195242996e+00
5.627517608726676279e+00
4.452725300576859446e+00
1.811986216404288808e+00
9.132376980546402123e+00
7.965300726952525778e+00
2.818443426295221599e+00
8.837760891597664425e+00
9.929318913823388826e+00
6.824603630431497869e+00
5.222237937081692927e+00
2.845750132558195311e+00
7.919034326515924427e+00
4.779846199764984149e+00
8.790554261248004764e+00
5.712765282179635307e+00
8.319786551642550876e+00
5.114460722840838969e+00
1.291023074111720348e+01
