2.636118858936548737e+00
2.278075016653086760e+00
2.609718241407230188e+00
1.191951348108662767e+00
2.198540681629407523e+00
2.080354643324066277e+00
1.202677964386986043e+00
1.095860527673094387e+00
1.193643900502360022e+00
1.781090455418933960e+00
1.636958002003102930e+00
5.406897128117585938e-01
1.257286414838213462e+00
1.644951410215810261e+00
1.120614818462351447e+00
2.557631383994356078e+00
2.730435831147871362e+00
1.307571044193190701e+00
1.845438906433893189e+00
2.743652205021672508e+00
9.044159036983699940e-01
1.987372824165199559e+00
1.791683732261777795e+00
1.589806438672389133e+00
2.742018074345610845e+00
1.014007301406357975e+00
7.285310530179557320e-01
2.025515977938223244e+00
1.445119022084597304e+00
2.059609698284699419e+00
1.166182657753232155e+00
7.445265243707485103e-01
7.803789997608665541e-01
2.199329314547997516e+00
1.214027630704200833e+00
2.713252103000053594e+00
2.329656162415203902e+00
1.330229671393607704e+00
4.998072261314458475e-01
2.716306046636653537e+00
1.044481886244968516e+00
5.487816978361598208e-01
2.159428614898672105e+00
1.470771296710922993e+00
9.384308937477895407e-01
1.179156340292489169e+00
1.763719450556764157e+00
7.904367528160214373e-01
1.412390862129438096e+00
6.334080431872255446e-01
7.022673712331404250e-01
2.760101161461229857e+00
2.437880450413178135e+00
6.504278571810487852e-01
1.208285852304992414e+00
1.207012327076692149e+00
1.477041076517395801e+00
1.109676329266937600e+00
1.895204230299387671e+00
2.804684215576656925e+00
1.245366062170879529e+00
1.398461177590745619e+00
1.384463816091863420e+00
8.606145385526060565e-01
1.661275751861673200e+00
2.354120080956901617e+00
2.473519274151978475e+00
9.688872125932241897e-01
2.663154495940401212e+00
6.648155776636431868e-01
9.422464709401054961e-01
1.970964364284668369e+00
2.308186302450570437e+00
1.196610002493081915e+00
1.618554583717670470e+00
2.324673430990204626e+00
5.256352037372962194e-01
2.659098954928472480e+00
1.855956595306557766e+00
3.405339132748056996e-01
5.847054298191687316e-01
3.265284760715496115e-01
7.601908476258072422e-01
7.825600588717198658e-01
3.514258518748569204e-01
2.766099474544322590e+00
1.919729615523188659e+00
2.615309004774359458e+00
7.045829420501186213e-01
1.728766205507053400e+00
2.610959414835654968e+00
3.622855085891256155e-01
2.796192298297558665e+00
1.754846614029709206e+00
1.676836088937337488e+00
9.597893351250335048e-01
2.133723508620277709e+00
9.365656215653395122e-01
2.365749403632520398e+00
1.033350903231864626e+00
2.229742058921719838e+00
1.627443677215990592e+00
7.988466234066696758e-01
1.304796721875919552e+00
2.585922479164660004e+00
1.830255483091310253e+00
2.079897208411531029e+00
2.001043284220602736e+00
5.137556226432093975e-01
1.177223912670646522e+00
2.209018473923685111e+00
2.203540428444287880e+00
1.004002031801094708e+00
7.144178291433979089e-01
2.391640430767632886e+00
3.695211812029935983e-01
2.742572419514079485e+00
5.322970558718380651e-01
2.664053211839253255e+00
8.138191695482556165e-01
1.536849105118029080e+00
1.384066504586272339e+00
6.710916864919492797e-01
2.546990248228416132e+00
1.267067013050338975e+00
2.071896506645471092e+00
1.964368283043990138e+00
1.119639704074468334e+00
2.082098731046635454e+00
1.914218231602934583e+00
2.176600246119960946e+00
1.197493515536578457e+00
2.004237744590832371e+00
2.596986045643312035e+00
2.684259036087871753e+00
2.381917275446026050e+00
1.657464408103326292e+00
8.473181074557837311e-01
2.345765931265639370e+00
1.179466062008464711e+00
1.772374008260459544e+00
8.706530273231930517e-01
2.137672568537139384e+00
1.160484571313534552e+00
1.485755770089736583e+00
1.993291147512164629e+00
7.999136263937677294e-01
1.025263896586373402e+00
8.082968867702882143e-01
2.565262333310393217e+00
2.457272632683301428e+00
2.237902539281067416e+00
2.466533989215690781e+00
6.178139567887939165e-01
2.211897627328736515e+00
1.074925119810218321e+00
1.680001223732097149e+00
2.773780053789179689e+00
4.823756234156448830e-01
2.184296538714199265e+00
1.839564029281255619e+00
2.800494218438071226e+00
1.268703709864943630e+00
1.733366845975476078e+00
2.496781377612860897e+00
2.264954476368650660e+00
1.620680724833629904e+00
2.311334728243171988e+00
8.818437100098102110e-01
8.917111595634826804e-01
2.816487763791391430e+00
2.169053691553922025e+00
1.625913761117955048e+00
1.854487501863579357e+00
1.689258760539603887e+00
8.103084734323362515e-01
1.287132922918943656e+00
2.534006450307325409e+00
9.490714287823074358e-01
1.431949902892667437e+00
8.259422845611159580e-01
1.935366233477507025e+00
3.895952274113058666e-01
2.219231898846026230e+00
2.185179439471297780e+00
1.484834599739982552e+00
1.213888690088421152e+00
1.506181195931843408e+00
2.005417857979118867e+00
7.841293440191307029e-01
1.596498274805063566e+00
2.074834560708610276e+00
1.718364294081760502e+00
2.782853941489976002e+00
2.765126561114279902e+00
1.978046395524482026e+00
2.744173308647539056e+00
1.498771101978451314e+00
1.682201559460206219e+00
1.722396941154027417e+00
1.640353200259187183e+00
1.397539582100374878e+00
2.736186932291099883e+00
2.498974299337465510e+00
1.896944074575069861e+00
2.580732676386478630e+00
2.768690290156752276e+00
2.327055567908506983e+00
2.803006222141864789e+00
2.528668072217887364e+00
1.540273351609411367e+00
2.723940116349336193e+00
1.046072534909018303e+00
1.686065661950875372e+00
2.445692707439597768e+00
2.881421180271185878e-01
2.336367529995031056e+00
2.599561062390176591e+00
3.553935331310922319e-01
8.147353392716042420e-01
2.540665044124641891e+00
2.644818342730486549e+00
2.124945871439395617e+00
6.372196893799186856e-01
1.787880538890053161e+00
2.651426393043517571e+00
1.940050587991171138e+00
1.313255930608400623e+00
1.512574507852057826e+00
2.380342690196471267e+00
1.901120033537319287e+00
1.736801103487496167e+00
6.660718056301141443e-01
2.023568826021223011e+00
2.782134203503880965e+00
2.017142599186057428e+00
1.550495261123878921e+00
1.721528892137634825e+00
2.378598823315035027e+00
1.647339572605460933e+00
2.439241885226142159e+00
1.747366501151291551e+00
1.609764569876375173e+00
1.475772647164873774e+00
2.709357707149242955e+00
1.978475952047185293e+00
2.655609739158591331e+00
2.042141276639906522e+00
2.444491613438567246e+00
2.218561927025073821e+00
4.565357353429300713e-01
2.059379540732664715e+00
1.992425418368417356e+00
1.357998241423000740e+00
1.740237397718329415e+00
1.220556962864011830e+00
2.658435026151682035e+00
2.997519269299402378e-01
1.582547112322223004e+00
9.944696639948351624e-01
1.136146869254782255e+00
6.666197028181025663e-01
2.161558397063994885e+00
1.556393376793359096e+00
2.665652054932747372e+00
7.819034337514259025e-01
2.006583834445412773e+00
6.149748527353393612e-01
6.783507065569758243e-01
7.678352803023639206e-01
5.323819901120847575e-01
1.818508979475810472e+00
7.206099677534871795e-01
2.302220428572233857e+00
7.338257067491865682e-01
1.656502824923851591e+00
1.549178567226092706e+00
2.043508652053506403e+00
1.438850588258426155e+00
1.168743623873064186e+00
1.740061909789570427e+00
5.156050111754738596e-01
1.943239795775720147e+00
1.952071925872273850e+00
2.305610281419196106e+00
1.668746492887940081e+00
1.852309365328545232e-01
2.545946397156676255e+00
4.250505487739004162e-01
2.277185408392925048e+00
1.987953217997841637e+00
6.923998385279761525e-01
2.154127181497412558e+00
2.384278592675219244e+00
2.688445877101746095e+00
1.040706249786155224e+00
1.092678438714115075e+00
1.410143782810444613e+00
1.965098645170913372e+00
6.381779557282574178e-01
1.758756515066222104e+00
2.485535401609588302e+00
1.127436346164802261e+00
4.340130373798945507e-01
1.631355005340128672e+00
1.373422588395645683e+00
1.686521669007051694e+00
2.792591264632854120e+00
1.302339375548727363e+00
2.179341286297016289e+00
5.900351656696978253e-01
1.643488385499575655e+00
2.451809131784705720e+00
2.202767571485828135e+00
2.493526595447058014e+00
2.798060897448683804e+00
1.268004443174301832e+00
1.664778059664101972e+00
3.492733950472454163e-01
2.587851206207860688e+00
7.232686212698572481e-01
1.610394541401979351e+00
3.351036819815761958e-01
1.688853476315253621e+00
5.144857231190125280e-01
1.369290313163638695e+00
7.105973595927846942e-01
1.187878026948528287e+00
1.052216234332171929e+00
1.008085957206407812e+00
1.384692554438567980e+00
2.282662684885290005e+00
1.190079808505764447e+00
2.188614108831161253e+00
1.917215227316622750e+00
2.776136427112413596e+00
1.811343229758855422e+00
1.204620934179874370e+00
2.394320466294325822e+00
1.155314791827413146e+00
2.573784064379365688e+00
2.705103937283371840e-01
2.255619679395251431e+00
1.027333319796020383e+00
7.615791646563480066e-01
1.081026292261937138e+00
2.606546001853750738e+00
7.243263697790470745e-01
1.232360583692980960e+00
1.892678176676918067e+00
2.357043184749207931e+00
1.570274931533701679e+00
1.855217182835998013e+00
5.963036167686360800e-01
1.325677122348473791e+00
2.564344296667844247e+00
1.142067861324495892e+00
9.294804850490213655e-01
1.476025458623254183e+00
2.171393232368950876e+00
2.145860440629973720e+00
2.118936751979417110e+00
2.575445528607967383e+00
9.596917665219456550e-01
6.489947032287782802e-01
1.265462402643721784e+00
1.173513974793870540e+00
1.469916789083523412e+00
2.666347807885968813e+00
2.530747825309215493e+00
2.293712039361502697e+00
2.149083829646581290e+00
2.755397106644206229e+00
4.503736452463190654e-01
2.683625493737194834e+00
7.906607631665296676e-01
2.524932427244518163e+00
2.334702322814313558e+00
1.291837347754377197e+00
7.169401446306973291e-01
2.029590645934377768e+00
2.076032665365298957e+00
1.702860664354281850e+00
1.356563968560391631e+00
2.485228250721887910e+00
1.377385557116040937e+00
2.612768907777572203e+00
1.899712967766606919e+00
5.547000511640045595e-01
1.497991712192491276e+00
1.443115170894721411e+00
2.354345403085262856e+00
9.629455696228383932e-01
9.557510299555497246e-01
2.478401872735148448e+00
2.734142884436608245e+00
1.530752497725250683e+00
2.053191901148037513e+00
7.982070974868989977e-01
2.729126907947162284e+00
1.574959998108197867e+00
1.420159784445795381e+00
1.562815195486871422e+00
1.465988546742447829e+00
1.762272932778272461e+00
7.798700598607257728e-01
2.975370543826854064e-01
9.794892999778728182e-01
2.664153041127352406e+00
2.075725939743394477e+00
1.302328120140948897e+00
9.311676655912815015e-01
1.246940435288919069e+00
1.304124621235001280e+00
8.236744240229797454e-01
1.143884264407882378e+00
1.960011533121189808e+00
1.172668242046857934e+00
2.168820980182692981e+00
2.237906658795493886e+00
8.236592955305290786e-01
2.132164585148326630e+00
2.596096496919171770e+00
2.262060649121785172e+00
1.228749428078282468e+00
2.551176075586954806e+00
2.640609560431440350e+00
2.468279163265077791e+00
2.385398980255994061e+00
1.616576808531659193e+00
1.742979586571160588e+00
2.727721582276136925e+00
1.611253351946406509e+00
1.877257527944794724e+00
2.496275969855898946e+00
7.328891030083710678e-01
5.782951987104583136e-01
1.613097383279467278e+00
1.442116465139778869e+00
6.847241349031323310e-01
2.684009762837309410e+00
1.328628388820152884e+00
2.499334362008959420e+00
1.551574621955511102e+00
1.778490643944437455e+00
1.803297701949691856e+00
1.479056968921304005e+00
2.158063473239657970e+00
4.180329249831778449e-01
6.684151381069870501e-01
2.550607057945891487e+00
1.447422315789602898e+00
1.296667836446932176e+00
5.644449521707615158e-01
8.408235122350474766e-01
2.797032602981158744e-01
2.463038330022770395e-01
2.370107799747156463e+00
1.838603029433205416e+00
7.606897009685232858e-01
1.672895130053235091e+00
1.930596523612315485e+00
2.598623970216071832e+00
2.471246967865992961e+00
2.328013060477787999e+00
2.417543496556870508e+00
2.039794143521692416e+00
5.741998418720003494e-01
1.984744492691869366e+00
1.144848705219629004e+00
2.136333126716248199e+00
1.102875433503665015e+00
2.695294674094776077e+00
6.862923019676108183e-01
1.016138146053932489e+00
2.718483169522934340e+00
1.292587465686339643e+00
2.677870050756851139e+00
2.312661374968607575e+00
1.774854718748118731e+00
9.191708602997635813e-01
2.202542199997743033e+00
2.771108292960790198e+00
2.738684709225873259e+00
1.754207022415513517e+00
1.615959845354373314e+00
2.411603117643752459e+00
1.609023750566120015e+00
2.271490598495103708e+00
2.507847061687570545e+00
2.011000180569153528e+00
1.273421579999704401e+00
1.681710306385889808e+00
2.069949333559959026e+00
1.367287561349450398e+00
1.013420461137606310e+00
1.522716846960538106e+00
2.219057960074436231e+00
2.671932796479016048e+00
4.866311814082398546e-01
4.023826926072450738e-01
1.471176178253382316e+00
7.394062099274264499e-01
1.638861860340991905e+00
1.981012878043168834e+00
1.681334150897562996e+00
1.975985961843701011e+00
2.471303457659639324e+00
2.629615456188314049e+00
1.747560403743161794e+00
1.165598002811901068e+00
2.246697987299742127e+00
2.145233141431738544e-01
1.946727882366816376e+00
7.750799709078691757e-01
1.288126159327957376e+00
2.228543310894422369e+00
5.075876403960472016e-01
1.491585481533075352e+00
1.947256460793790056e-01
7.311194955969780862e-01
1.363843195692253873e+00
1.432137793020376026e+00
1.597791648689029564e+00
4.700749723571577277e-01
2.657414696561733791e+00
2.421238711074667815e+00
7.804756723097198146e-01
8.364905735038149492e-01
2.715837074740936607e+00
4.942925735170187185e-01
2.632610653925794075e+00
2.704087101001503957e+00
1.697737643791093820e+00
1.312646171803645734e+00
2.781157771846017646e+00
2.403374326397168304e+00
9.241616766395640559e-01
2.674296644955157731e+00
1.382242807464914902e+00
1.770159863993539862e+00
3.561617277868102671e-01
2.130027029728102761e+00
1.882079796541823447e+00
2.134226256679649047e+00
1.702183569412371034e+00
2.497312955864723349e+00
8.729616059425133745e-01
2.633656090028006602e+00
2.519548374801366730e+00
2.579673428038609106e+00
2.022625328454390470e+00
1.322593064960343678e+00
2.781988029606496049e+00
1.613839433959435299e+00
7.581985997105261665e-01
1.926292626765363503e+00
2.660854748733916697e+00
1.232826829141548952e+00
1.619649076438245405e+00
3.515506831139982302e-01
1.933537494459920181e+00
1.806996875778380307e+00
2.584805111273030143e+00
2.386765645364590238e+00
1.235549340143497377e+00
2.734002834216384681e+00
1.955829948382299843e+00
2.322915887223849563e+00
1.338332000346236672e+00
2.249471925027108465e+00
7.790095968836932006e-01
1.479336995754062301e+00
2.105802095214714065e+00
1.569171214625328492e+00
1.933160953373692648e+00
1.603153506475341272e+00
2.207222825169235403e+00
1.150101895414175512e+00
1.742386835573027870e+00
2.815485146468180044e+00
2.367233693756777502e+00
1.492094387606393013e+00
1.339686649897056991e+00
2.286158234229828334e+00
2.758272992178449456e+00
6.857103927220102868e-01
2.337240234494198710e+00
1.452409113309831579e+00
1.667829658192200082e+00
2.007718728128121466e+00
2.162032546964451019e+00
2.764764675029581564e+00
1.201237325416301571e+00
2.427986822184610816e+00
8.889030139991642709e-01
2.194284393261546562e+00
7.798210232574139811e-01
1.906065088118355622e+00
7.214053219121813187e-01
2.023650145637092557e+00
1.324282738876855658e+00
9.827940581580287827e-01
1.942233074097550194e+00
1.913810053168375491e+00
1.427276342513890794e+00
4.458223730586272082e-01
1.125557984540841439e+00
2.482078662583733220e+00
4.150716807585361767e-01
2.207566771120075710e+00
1.817525791772976795e+00
2.608102079181656929e+00
1.814004966624742421e+00
2.809029416442143212e+00
4.929650417652896022e-01
1.388500009714105810e+00
2.694930831850199660e+00
1.674790548593532380e+00
1.868140208585182149e+00
4.227654121038097457e-01
1.660079259981177113e+00
9.888716700932966841e-01
2.602823476806375158e+00
1.605425189898513905e+00
1.449882837033484861e+00
2.709901546238819403e+00
6.362662762037075703e-01
1.677050785899568908e+00
3.915339379606637693e-01
1.628753708789444365e+00
2.001691902238903253e+00
2.794369887498933558e+00
2.625504531359550864e+00
1.535302976889750592e+00
1.089945989966425666e+00
1.285905141519436468e+00
2.162277216406223612e+00
1.888765954843776074e+00
2.264336182414817600e+00
4.948807499018469391e-01
2.554912254557047291e+00
1.423897716998385965e+00
1.526809304008602153e+00
2.343732572754838372e+00
8.567419580577511073e-01
2.452549203723410010e+00
2.503676846895918295e+00
2.787615226207686980e+00
2.728341910689590755e+00
2.727850187737261400e+00
1.718411400894872765e+00
7.473127590767137951e-01
1.046752880295682919e+00
2.212256436148390293e+00
1.869871844702881036e+00
6.776985992055584163e-01
2.660464713869134634e+00
1.855367086460022463e+00
3.920082767257078160e-01
2.450300695249866489e+00
5.960622078555590786e-01
1.070069025032541310e+00
2.322922403468985930e+00
2.597102341501813960e+00
8.730511444415943734e-01
1.174380690696411378e+00
1.514804317099170961e+00
1.305782398027475200e+00
6.656195588187180379e-01
8.657394342428700318e-01
1.951552401836244233e+00
1.831237206418008467e+00
7.737110636498267802e-01
2.653334749279783633e+00
1.017091545661389373e+00
1.461244545167466047e+00
1.213326695279885792e+00
2.674546281003372883e+00
9.211690283643851895e-01
2.278528687835427391e+00
1.860925954227270473e+00
1.154367787204934714e+00
1.896900726997789111e+00
2.125849745317542894e+00
1.248019220784490901e+00
2.048701283813064711e-01
3.547039109672078250e-01
1.033471807615418347e+00
9.343397472736858500e-01
2.049927751313310953e+00
2.203596534887820368e+00
8.930334661754724124e-01
2.761738640038051695e+00
1.441928865073405230e+00
1.826571022489119622e+00
1.160596317604079220e+00
9.901008325890414685e-01
1.644990724119012038e+00
1.369121834722051290e+00
1.668877307464327719e+00
1.842856181779843006e+00
1.220271225725865216e+00
1.187001334452683299e+00
5.888616159477738643e-01
2.099594659109887740e+00
2.187942919170215994e+00
2.483418403517538398e+00
1.965266320083525864e+00
1.618856817019933114e+00
1.251862047376640419e+00
6.260927962619157183e-01
1.025805963203311189e+00
1.728667327955057065e+00
5.829082171219337472e-01
9.079459550676235446e-01
1.256484610610999697e+00
2.139419602252856656e+00
3.046055791410397506e-01
4.141090574887256737e-01
1.533735756047634124e+00
2.575325767450312942e+00
1.353716012055007578e+00
1.441857149925520165e+00
1.639211700013065043e+00
9.175247139617827008e-01
2.665839924332001232e+00
1.084718062238465341e+00
1.799515005516235000e+00
6.801517699578577547e-01
1.078305984000823559e+00
1.713157080406731758e+00
5.495309047838097261e-01
2.995729241472076532e-01
2.228998921943863287e+00
1.713778672898720323e+00
2.592160041284112371e+00
1.149798037566898579e+00
6.532388117715508535e-01
1.514997371298443474e+00
2.453310659803079830e+00
2.412730487016859993e+00
3.237781860038689841e-01
1.144619261903930596e+00
1.267158095248696714e+00
1.324249071649271414e+00
7.248060856852973632e-01
6.700681401344261712e-01
1.776061675062905021e+00
6.451036053383047975e-01
5.651959388881254709e-01
2.655062949687208906e+00
5.259899449170077901e-01
1.943715815619822651e+00
1.737899699744873017e+00
2.275439759537972062e+00
2.521261715777979528e+00
2.113546300767803920e+00
1.150994928079701385e+00
2.671848987628565819e+00
2.299526592942025438e+00
1.794536204294855830e+00
7.412227385984269112e-01
7.615488766918369068e-01
2.316134470818639102e+00
6.598534218465381684e-01
6.569596157157940874e-01
1.869883471451043055e+00
1.656672449838300309e+00
2.021969241074060175e+00
1.985256144446338133e+00
2.648058545969221189e+00
2.733137747501388937e+00
2.786177572019533089e-01
8.426761827915234537e-01
2.524911720623760125e+00
1.013703988173254356e+00
2.759713192415387262e+00
1.925992215616323167e+00
2.502311038470103277e+00
1.855938873593916960e-01
2.312762289298170515e+00
4.921456244252184753e-01
2.780837766199171668e+00
2.671447918132360932e+00
9.158753397374281846e-01
1.716613138951204709e+00
2.198126237747581868e+00
2.158664897231853619e+00
1.620691218272827694e+00
7.224148439774880082e-01
1.868788346636546249e+00
2.720348787151583014e+00
5.857648351601566494e-01
2.408671265589811927e+00
1.697549859996794419e+00
1.846276064595801625e+00
6.879449588046882003e-01
1.647403252257389816e+00
4.943626062335853555e-01
1.163144401377110615e+00
2.029007881711071271e+00
1.096205323120136299e+00
1.025212849042209662e+00
2.237143560132398790e+00
1.021683631906711520e+00
2.658652062110054448e+00
1.123120497264607831e+00
5.204458123852281348e-01
1.723072086512460688e+00
4.504125794151058737e-01
2.734270582259449078e+00
2.619333982676112171e+00
1.197662080505341287e+00
1.174059709700462584e+00
2.237029007190365792e+00
8.860042808154452443e-01
6.311956194999435166e-01
2.041038846229580539e+00
2.120426547907699799e+00
1.914686656989829983e+00
2.382528109069292022e+00
1.883784605066410656e+00
2.145519977166822301e+00
1.483599413329757200e+00
3.086095361682978933e-01
2.160383583250220063e+00
2.620633676711547899e+00
1.039020224678624205e+00
1.780064470947610111e+00
1.580018511715892471e+00
2.058647299427383892e+00
1.165808455381969866e+00
2.687468369424771186e+00
2.142050558518263426e+00
1.166566026269904910e+00
2.441862710183423157e+00
9.668277892004801810e-01
9.971203777174217908e-01
2.336487324783345088e+00
1.717522122721494515e+00
9.374164935497872886e-01
1.355235807124814951e+00
2.350959903626973269e+00
2.616863934979243744e+00
2.585916697017654808e+00
2.389284130212188551e+00
2.172700378889931283e+00
2.730751816074635574e+00
8.612759233635847167e-01
6.420610361311381853e-01
1.764610480686205962e+00
2.334009125023413844e+00
9.386913040226880778e-01
6.191389356654990461e-01
2.647881030988400664e+00
2.525177509704545464e+00
2.637102315152890064e+00
3.520762351586315675e-01
1.314962296228635585e+00
2.557617226939811417e+00
1.640427204395460858e+00
5.243308802765674903e-01
2.174421741222150928e+00
2.589274404376635808e+00
1.674430873316584023e+00
2.524475682228890960e+00
1.518247469785154014e+00
8.886542696992758561e-01
1.118510531435378486e+00
8.936329646048708497e-01
2.010681621930234808e+00
9.494984377294896083e-01
1.467949691932203038e+00
1.530818833962204417e+00
2.813247844222738436e+00
2.801212080919580849e+00
4.078362177294134749e-01
1.211384269889086873e+00
2.606677201629337581e+00
1.355568687060825450e+00
1.122109679103797886e+00
1.774922133891740916e+00
1.512848780873210952e+00
1.747184700752069553e+00
1.089214086879606969e+00
1.454227432309123991e+00
1.315260180847709126e+00
8.971298424177760467e-01
1.343208245219360997e+00
5.935091958054194983e-01
2.260235196392370138e+00
1.661505457772802230e-01
2.705219297350699215e+00
2.142087437557025797e+00
2.717139052485680661e+00
1.742601864642222331e+00
2.529122887734042813e+00
2.180613841449693169e+00
1.701838076979843128e+00
7.819214525239684965e-01
1.832759768488485319e+00
4.301483455872106565e-01
7.774062227329306962e-01
2.303599298040049703e+00
3.013762489658118326e-01
1.161287677756749348e+00
1.492558522864469106e+00
9.736457902518099727e-01
2.758561803766723664e+00
2.563917184420576145e+00
2.201863906258168413e+00
1.661110243326535674e+00
1.913715084959009882e+00
6.459500478065925977e-01
2.546342408505074761e+00
2.819105630498523474e-01
2.298759016306904712e+00
1.143564259146476303e+00
1.525990244616434843e+00
2.296804753994445836e+00
7.557507752642196319e-01
9.739570015905602007e-01
2.114621919343727452e+00
1.319392570714018609e+00
2.103155142612539219e+00
1.130521140323242690e+00
5.051982961125156546e-01
1.528438736774481610e+00
7.370229355863188170e-01
2.002527686615671154e+00
2.110473123119529060e+00
1.358227117829057029e+00
5.312946964501946701e-01
1.492157217764676469e+00
1.196290538718028040e+00
2.743258968832046896e-01
1.972614138423578023e+00
1.788641996442559945e+00
1.340354141204085137e+00
2.174638482784709392e+00
2.820677490640869589e+00
2.294260117706025781e+00
1.737447095322005586e+00
1.502446946860288790e+00
7.709654866576596266e-01
6.501878352158455554e-01
2.417243912218142388e+00
1.799521097574469097e+00
2.034342037566737371e+00
1.983706462476666710e+00
1.015799592151495290e+00
1.955175713173883612e+00
1.668617429054651380e+00
1.280050080050613381e+00
1.694264767653760995e+00
2.083344871219420469e+00
1.815876059421742461e+00
2.955690482990492862e-01
1.601867929631144882e+00
2.758986258485617515e+00
1.753604641499184380e+00
9.059914378639553068e-01
1.799271590382267139e+00
2.436494774229593929e+00
1.897933909193512347e+00
2.820694162188881471e+00
5.180098572121005773e-01
2.586210410014497807e+00
1.010788750619923348e+00
1.327104214591296572e+00
6.735941201335878814e-01
2.383284983563199511e+00
2.116063675156942825e+00
3.953295112440218251e-01
3.983020386297583260e-01
1.688262418567490375e+00
7.556268378027692911e-01
3.760459584660415522e-01
1.926109700293967109e+00
1.012195333478502324e+00
2.624407434682956008e+00
2.365647582193324272e+00
1.789601707652931584e+00
2.095764926359557023e+00
8.707278736794938911e-01
2.457280917165422629e+00
2.058188416770027729e+00
1.096744045836179460e+00
2.367639419109948573e+00
2.650140360486480606e+00
2.588653103214527906e+00
1.678510256727465455e+00
2.421706485296127198e+00
4.995328631603609959e-01
1.356340228160256345e+00
1.945615816537235032e+00
9.765555523852678110e-01
4.989543957369028115e-01
1.280773243482848489e+00
