1.241265445291287878e-01
1.435123671918274446e-01
1.272646688330917875e-01
1.328561142619529289e-01
1.526288563716862445e-01
1.548397661650490198e-01
1.491478618744991047e-01
1.499601758968381326e-01
1.535681279555027035e-01
1.459975879188187831e-01
1.466241634206766065e-01
1.474377178240312558e-01
1.299169166696625688e-01
1.302560664144792602e-01
1.588897096558057054e-01
1.462736985236919307e-01
1.589547994543558107e-01
1.352159305468504658e-01
1.508219101538779694e-01
1.360408410272177515e-01
1.592652583638149433e-01
1.497801625869084607e-01
1.598496602936054778e-01
1.563643528031560259e-01
1.555397051067233805e-01
1.511840352516752306e-01
1.504249033716308359e-01
1.290183398247887192e-01
1.410454713461310738e-01
1.551193036018951588e-01
1.578436259768081218e-01
1.390863242429614399e-01
1.348920258503746583e-01
1.545145255603991852e-01
1.388089332079441851e-01
1.558211454439994148e-01
1.505416919658151831e-01
1.309087646761378787e-01
1.578741351484208022e-01
1.404758481936870251e-01
1.556754851351967728e-01
1.595116566681379355e-01
1.557799610344270946e-01
1.525781679401931601e-01
1.363321577788485783e-01
1.380571372570819355e-01
1.557997105027588425e-01
1.450601194483586709e-01
1.382568398273456567e-01
1.575622486901829822e-01
1.475194021249712495e-01
1.576352632661982556e-01
1.555990255421389745e-01
1.442243842870714332e-01
1.401378329719576432e-01
1.399395206559390925e-01
1.590365536982543959e-01
1.528305868573217874e-01
1.547846173440620698e-01
1.330722086629022027e-01
1.546040127553035826e-01
1.537320026046880284e-01
1.394684573763165236e-01
1.328012257552984021e-01
1.424971170886569771e-01
1.371415266987548454e-01
1.390328914741619515e-01
1.561579916180804994e-01
1.508355701603307231e-01
1.568933169168794661e-01
1.394203898042041534e-01
1.334160388721947199e-01
1.464799750740463091e-01
1.470963862815277134e-01
1.588859806016669485e-01
1.397477027863787968e-01
1.500525926878419347e-01
1.587193997428199832e-01
1.557766061948739900e-01
1.591115335900624150e-01
1.220469796255527484e-01
1.443123221729660788e-01
1.589493363845569107e-01
1.514552846845849676e-01
1.520436049064508299e-01
1.480781093528874826e-01
1.487508607282506390e-01
1.501192573779012163e-01
1.394230504432730777e-01
1.535270852537831965e-01
1.043299896469462584e-01
1.482054241282314000e-01
1.582274099041190152e-01
1.554777434093826960e-01
1.578582308440316662e-01
1.313022814997807097e-01
1.475270465151218846e-01
1.445312831556837541e-01
1.484577292193876852e-01
1.476943106445724463e-01
1.595434196551796246e-01
1.444022560672245103e-01
1.440804350842813386e-01
1.468948324852583365e-01
1.544746853163243006e-01
1.394441629999556842e-01
1.510982661011339989e-01
1.594371724778946287e-01
1.290650088805868623e-01
1.208469623472298998e-01
1.429183514371385189e-01
1.372719016581821772e-01
1.542174550775834985e-01
1.517408179354834963e-01
1.547835333477087516e-01
1.486252063423475767e-01
1.449080864571243021e-01
1.565505924692613127e-01
1.598773701664657210e-01
1.593684727274868318e-01
1.521097674793420174e-01
1.447363831272293067e-01
1.542577158390443792e-01
1.579942104926730928e-01
1.576359475987482717e-01
1.592345097643372842e-01
1.472569384473745580e-01
1.361750785644291195e-01
1.514329820229574075e-01
1.355291553655396386e-01
1.394096205625865170e-01
1.420640107810318409e-01
1.547871905663260605e-01
1.381654844283603523e-01
1.491696850592924006e-01
1.590682789281756548e-01
1.335780542029108842e-01
1.541420025316409537e-01
1.255512316293145303e-01
1.590577016792972809e-01
1.395403675233725105e-01
1.598580144192698338e-01
1.403996036828691896e-01
1.394076208645803616e-01
1.405745014501164625e-01
1.377060408093569166e-01
1.266620604970651320e-01
1.496481553806931486e-01
1.577331884481545654e-01
1.523827133866348105e-01
1.563428647109526559e-01
1.486908330807424350e-01
1.578108792279482031e-01
1.538661798003043146e-01
1.319464913805270256e-01
1.529915129311171518e-01
1.355084556836535226e-01
1.429506453956297385e-01
1.574386236349173684e-01
1.585241498121479076e-01
1.494588492203856311e-01
1.489093684665488970e-01
1.588847878509331013e-01
1.110350314852366488e-01
1.333071840856163148e-01
1.390740594762809312e-01
1.255725300912976239e-01
1.354364214859183624e-01
1.567398077389446642e-01
1.525558690798372308e-01
1.488522071319538509e-01
1.590316389005571041e-01
1.596376977413597464e-01
1.419159704548123568e-01
1.251244705467284557e-01
1.410562347691433904e-01
1.596389408358551698e-01
1.567071341256097150e-01
1.453803427997878983e-01
1.526420968903096642e-01
1.517060853313927371e-01
1.561581520023078429e-01
1.584868768683696527e-01
1.517478344383711153e-01
1.426547346435781405e-01
1.578283446228436193e-01
1.476488515684291625e-01
1.470503254982801489e-01
1.178183504754435201e-01
1.369363607021146789e-01
1.470088645539351924e-01
1.415913473756686691e-01
1.378860725238344187e-01
1.493579735404923781e-01
1.112865056561587046e-01
1.411809987512681053e-01
1.450372723984107159e-01
1.570276090294503990e-01
1.489609696702139940e-01
1.409737193708953396e-01
1.456573517370789994e-01
1.562587701695566655e-01
1.505690025852380598e-01
1.424776833652910968e-01
1.596917579829461864e-01
1.387619578420645206e-01
1.381453065818237513e-01
1.468078228433015719e-01
1.244274684486569305e-01
1.324028016424910192e-01
1.587111423581269165e-01
1.377280349186039698e-01
1.506331175376806331e-01
1.301976595725791164e-01
1.522939030632653734e-01
1.548838456892502879e-01
1.368771182938280095e-01
1.206610520401997511e-01
1.599726324753403262e-01
1.523201773262332082e-01
1.058672914041621782e-01
1.588291306914479672e-01
1.576339957833111649e-01
1.566487034979235360e-01
1.309152255839910461e-01
1.395795472200518084e-01
1.543243368656354308e-01
1.333309138913607583e-01
1.364087545620503994e-01
1.462246912921106312e-01
1.504391361911155689e-01
1.367577814406943371e-01
1.597888300707622777e-01
1.493734209412983238e-01
1.587423309700633500e-01
1.542894488748283721e-01
1.460212790841536878e-01
1.562521330252016616e-01
1.550073462805924007e-01
1.475814970559083394e-01
1.582398617641401217e-01
1.528747152935657772e-01
1.480776538847397017e-01
1.508390552877926505e-01
1.378794024436944543e-01
1.568095912939247716e-01
1.533162961822395753e-01
1.552773443207581539e-01
1.485387863730656122e-01
1.589912635762934234e-01
1.536090696597582628e-01
1.554725526928717183e-01
1.479617424209257182e-01
1.596971463310916106e-01
1.508828798213788791e-01
1.587025306989518214e-01
1.389070460213256142e-01
1.556505011126924631e-01
1.474337622134913872e-01
1.419029936670162528e-01
1.235075471278939824e-01
1.516513724907993799e-01
1.539514528109059421e-01
1.544906858252730886e-01
1.187896637668933858e-01
1.466430537897814024e-01
1.470059402490540568e-01
1.481485982119580824e-01
1.541871346788110386e-01
1.245506367488431188e-01
1.585540596311580397e-01
1.560446546387527500e-01
1.577442953722039687e-01
1.592673648961311361e-01
1.466119985761990818e-01
1.428035871188512440e-01
1.500309708600538472e-01
1.453716270127836108e-01
1.553648584715463521e-01
1.259938735617286976e-01
1.556060401297200135e-01
1.449093134845939324e-01
1.317064546897568356e-01
1.544224347650109408e-01
1.545547044207357668e-01
1.535878341909149569e-01
1.522506245010048498e-01
1.334937612054175604e-01
1.494554910517296997e-01
1.443839782601563371e-01
1.553658799697550386e-01
1.461941868434663006e-01
1.491443403431374770e-01
1.572796011507052172e-01
1.332269562006970220e-01
1.517889659063119956e-01
1.553633537890295457e-01
1.465888590944952330e-01
1.350738796239733253e-01
1.590480025767339600e-01
1.388682780409945805e-01
1.469180197061291382e-01
1.296351941070659763e-01
1.538952333263503003e-01
1.094710012743444483e-01
1.510042174734862463e-01
1.363627955198399300e-01
1.285214017683884158e-01
1.524398500972107828e-01
1.538419524674541627e-01
1.566096922258120305e-01
1.526587903512380551e-01
1.386177200180452873e-01
1.578853057237569746e-01
1.452824587010974056e-01
1.549293043788814439e-01
1.578827437546526102e-01
1.402828085467183461e-01
1.519429338108921335e-01
1.461761050810878315e-01
1.442265402067009483e-01
1.478244224135967788e-01
1.285465272412867344e-01
1.194871489221420308e-01
1.327614246503328044e-01
1.434749735212885735e-01
1.554166027494491287e-01
1.258623808053409843e-01
1.452806860810768597e-01
1.521754553124841647e-01
1.336451275059849786e-01
1.548745370053735138e-01
1.374682420637262092e-01
1.531892606477563423e-01
1.542678226739103153e-01
1.513021423236535767e-01
1.385384008713979598e-01
1.303752925746589075e-01
1.538235221998375535e-01
1.557103135459131926e-01
1.561781603841873589e-01
1.428115329653577015e-01
1.521229999307755487e-01
1.499471436630506194e-01
1.259595191271136172e-01
1.400470211257182074e-01
1.237565377588080162e-01
1.284222708078658348e-01
1.400657665042785716e-01
1.599107612070457540e-01
1.532820647337469477e-01
1.551028106233155734e-01
1.411825028870062892e-01
1.137838270559190235e-01
1.597131299486195810e-01
1.583529287444848666e-01
1.453883694998953091e-01
1.537405319234831924e-01
1.478044018651323843e-01
1.513924878353865855e-01
1.494368837723951682e-01
1.314283898253052751e-01
1.130526104908630841e-01
1.552465907469203765e-01
1.506463283261257058e-01
1.482100969544181412e-01
1.557539439469652898e-01
1.600114336171418461e-01
1.420591030631340179e-01
1.567049632714192231e-01
1.391585856792103004e-01
1.549048124389432179e-01
1.235019147281705421e-01
1.481661615575592950e-01
1.550263239242682944e-01
1.245239178631652871e-01
1.598944647910419403e-01
1.580870540601009289e-01
1.228787919546335122e-01
1.450273491947643434e-01
1.592787434433630411e-01
1.569599423655126114e-01
1.595045506349760112e-01
1.411118735908270527e-01
1.574654528874040726e-01
1.286226505731152270e-01
1.556723860504925505e-01
1.046468623246845780e-01
1.584589888354352438e-01
1.511403477277493690e-01
1.551220012964434625e-01
1.399862336436889232e-01
1.411261129011257554e-01
1.549421866478888077e-01
1.567085437950029581e-01
1.423874796577318524e-01
1.346602181580655033e-01
1.367048417569755037e-01
1.419191514985227165e-01
1.099853784355279973e-01
1.334484222952925236e-01
1.566469080093472466e-01
1.330606388551272556e-01
1.538203701989990513e-01
1.567144220169433555e-01
1.532384774760949253e-01
1.563718724132116822e-01
1.426108826716390443e-01
1.449166071142596324e-01
1.571545097011891878e-01
1.274413121867850607e-01
1.503962682711012522e-01
1.542985106779487248e-01
1.437198922351398955e-01
1.581129115867521140e-01
1.561761748257826654e-01
1.501579317673753522e-01
1.534682019578427203e-01
1.447965551139890616e-01
1.554919681881211380e-01
1.328015471036215478e-01
1.306607015823037510e-01
1.332786817363451060e-01
1.560605125250675573e-01
1.578404784218370160e-01
1.551671596404687048e-01
1.510498564173656244e-01
1.499906302639566202e-01
1.552045732028835001e-01
1.394270110135239493e-01
1.432881384714629891e-01
1.513570345107213555e-01
1.554197345149446463e-01
1.565588443642547678e-01
1.599192494710340307e-01
1.592624651270641012e-01
1.515766503368723150e-01
1.248519482503457761e-01
1.212730276203827368e-01
1.528716284416580806e-01
1.536647063825041515e-01
1.337769309469063472e-01
1.589966925483112803e-01
1.594825457736450125e-01
1.591759779716948042e-01
1.522777507712347322e-01
1.419896080683326067e-01
1.459687414262159921e-01
1.576436468291772808e-01
1.528042959068664219e-01
1.591026642666839852e-01
1.387787502372607173e-01
1.564349768736559010e-01
1.456165252095351914e-01
1.583718887636731409e-01
1.267021434225021337e-01
1.591283986308249521e-01
1.556894666318233700e-01
1.413529486387377354e-01
1.505030944909706847e-01
1.532567809394346503e-01
1.522856055193707592e-01
1.558012091224835749e-01
1.416473436236196926e-01
1.305571461298562219e-01
1.569688717399579936e-01
1.580035891707922135e-01
1.515473564582953125e-01
1.480975096635931132e-01
1.380016284678197980e-01
1.522276530661088034e-01
1.392943257261647916e-01
1.355896723548399851e-01
1.494473043093565434e-01
1.431287542315201056e-01
1.524712259025109706e-01
1.360405921303038390e-01
1.532873893651810482e-01
1.389155719935048217e-01
1.199172036573354916e-01
1.457100864882234226e-01
1.557016515614123853e-01
1.531890124786374763e-01
1.433880309741100423e-01
1.588637524747828766e-01
1.590838269460927989e-01
1.368977318778503705e-01
1.424205776290453640e-01
1.461316207057894723e-01
1.524522642061201250e-01
1.387254101516162408e-01
1.536402952197402638e-01
1.380359876317346635e-01
1.406793855680654737e-01
1.552859599083699360e-01
1.540771263324805795e-01
1.202184944801905075e-01
1.540820591449247601e-01
1.509436519391457177e-01
1.572515025381242826e-01
1.417484443228572422e-01
1.561023135616047830e-01
1.252501346682760308e-01
1.461692994880239849e-01
1.400214596442905801e-01
1.412524252324373064e-01
1.086324875751674968e-01
1.556310515978392151e-01
1.538212788309605561e-01
1.585721630224299350e-01
1.553460333515602476e-01
1.171771800896365540e-01
1.033318382231633026e-01
1.581895288327414273e-01
1.478844620078727523e-01
1.463366322875728487e-01
1.346366000685659536e-01
1.436270741875321222e-01
1.427765418899646921e-01
1.586397575611440125e-01
1.290598763982866437e-01
1.373965382074935626e-01
1.504554761413979536e-01
1.440628937067260362e-01
1.497697802130650013e-01
1.451143046214442567e-01
1.577496639510701515e-01
1.471566438743026617e-01
9.732171719263446596e-02
1.328222386322017723e-01
1.373042222052825445e-01
1.329183467248498951e-01
1.573515955860095294e-01
1.543465346951241046e-01
1.578515316169054328e-01
1.399649557389707755e-01
1.449242297873847840e-01
1.310539827417926129e-01
1.498851709789721931e-01
1.595577451273565706e-01
1.474203916726256614e-01
1.569386721958081765e-01
1.551950915634248140e-01
1.551789369514938732e-01
1.568732123727423489e-01
1.433185540624551946e-01
1.443451831522950812e-01
1.528395760877641618e-01
1.153321075159082498e-01
1.567228031778602482e-01
1.546863529203935939e-01
1.380757014849341990e-01
1.490299992908273030e-01
1.589669870725030354e-01
1.566537698354262542e-01
1.459894787576575537e-01
1.262416525940719403e-01
1.501027608157207427e-01
1.245894747324003543e-01
1.562015839404282125e-01
1.414865333938276071e-01
1.587737699522646095e-01
1.289909860698504607e-01
1.476196508393473328e-01
1.562551259977384421e-01
1.466840932105183959e-01
1.391248803535158896e-01
1.520448574436515099e-01
1.590754795068982930e-01
1.538042553520286848e-01
1.594761884803253815e-01
1.264375742561456017e-01
1.560466392817849990e-01
1.414357215094689257e-01
1.379941558873135077e-01
1.522345765675499618e-01
1.484310449396263054e-01
1.484083694013749732e-01
1.493911257778910706e-01
1.413472951156618806e-01
1.508299051790246148e-01
1.255540952468686688e-01
1.473735300989701402e-01
1.235703899223898200e-01
1.356121226595083384e-01
1.421406606178155230e-01
1.363367343195321102e-01
1.590330217476322028e-01
1.576920879025371092e-01
1.496044864246761086e-01
1.390211503805811599e-01
1.333304413796541077e-01
1.288782417217256282e-01
1.478272418960440149e-01
1.508004381510972824e-01
1.516206277482660403e-01
1.529956396915361783e-01
1.385006113130700933e-01
1.412519330613337398e-01
1.472539732363747078e-01
1.531798295201979576e-01
1.405720854294293665e-01
1.405834158662238598e-01
1.594297897945037013e-01
1.087904077684358900e-01
1.545979704904086316e-01
1.383292696699631452e-01
1.469104606978874072e-01
1.518204734288283175e-01
1.412765477113388790e-01
1.256068635669913003e-01
1.546289772754101954e-01
1.401666855975163550e-01
1.583904979077047082e-01
1.578355761999058193e-01
1.292405863519632270e-01
1.580891306952709463e-01
1.543093210299264773e-01
1.559082155222318855e-01
1.404930511879060040e-01
1.539129332048615739e-01
1.395932071891792248e-01
1.307536601247603625e-01
1.562720394600973228e-01
1.569655088966199485e-01
1.241991570402121159e-01
1.596163663728281112e-01
1.354619044456650268e-01
1.399776244169659845e-01
1.533458417217121728e-01
1.451513163446242205e-01
1.463156376753678711e-01
1.532095864433817012e-01
1.352054594622608685e-01
1.582085807468845418e-01
1.308317239482692795e-01
1.484107975052433859e-01
1.397191641561005004e-01
1.490785434295571754e-01
1.099783587785173322e-01
1.381059710089124482e-01
1.575543721668868358e-01
1.466430325093683040e-01
1.593743082831013680e-01
1.235863111222132993e-01
1.364734958052528369e-01
1.369798395517171086e-01
1.582023147435024368e-01
1.487237330801212121e-01
1.181857017907659291e-01
1.227325949220814255e-01
1.314379958626882838e-01
1.579930170570827130e-01
1.365011882821145772e-01
1.576846728834317146e-01
1.326303692265002887e-01
1.388315693786062455e-01
1.506186782362228804e-01
1.554816500216614217e-01
1.543759837149731307e-01
1.589300248562116880e-01
1.554688604069299485e-01
1.501737411587368010e-01
1.266168604013676591e-01
1.516631247279256745e-01
1.360601369487946244e-01
1.566831119606456046e-01
1.389097269682491864e-01
1.548283227150537011e-01
1.547464967511564815e-01
1.256773263645216687e-01
1.512904214006145776e-01
1.541816237829477521e-01
1.270003586639329718e-01
1.367662016525336144e-01
1.022955285801530195e-01
1.585931055631853437e-01
1.547205478867013650e-01
1.521964191754211770e-01
1.473852060378185169e-01
1.531514567308817076e-01
1.439997066311525242e-01
1.396449090883505328e-01
1.569088328924275744e-01
1.482784751677094226e-01
1.408730062423798057e-01
1.566327593921569283e-01
1.391880367573649080e-01
1.254253817193439757e-01
1.495619569384330494e-01
1.379825567942911391e-01
1.427236240239437015e-01
1.596374287958705895e-01
1.547044856280809788e-01
1.087096242491907006e-01
1.398085024646585073e-01
1.466618697460523313e-01
1.456630227605487660e-01
1.443736652520969110e-01
1.459103577998262513e-01
1.465755495231760297e-01
1.567151467585686242e-01
1.227116317624370873e-01
1.421910474105707589e-01
1.530702311280904282e-01
1.513921688846504021e-01
1.389109976457895967e-01
1.589727147611182112e-01
1.499335554476745880e-01
1.523913495176936195e-01
1.536349563282607411e-01
1.587636647626091690e-01
1.309856246231624888e-01
1.472064832330897133e-01
1.423961002620776073e-01
1.443993993650685426e-01
1.430391188910506706e-01
1.477609151144558541e-01
1.490449955320743147e-01
1.475168407038174034e-01
1.295283393195506561e-01
1.559804076459532785e-01
1.596928041700497181e-01
1.207736619816751900e-01
1.346321047871876508e-01
1.572347742001113657e-01
1.557255773052552417e-01
1.527505579297759875e-01
1.549966892311645528e-01
1.503246865171013469e-01
1.563389086340379597e-01
1.297768176667722373e-01
1.535501188733442157e-01
1.234219070225752585e-01
1.553177610681926168e-01
1.040224922784593609e-01
1.468225712985577192e-01
1.547439747077599403e-01
1.598548425316531352e-01
1.422101719014085552e-01
1.555208435477939966e-01
1.568969763652777183e-01
1.293143276257405772e-01
1.492363843808793278e-01
1.407004767985102489e-01
1.290120316909035003e-01
1.541932435218095754e-01
1.494807169244940781e-01
1.345170390254984139e-01
1.386910365621212837e-01
1.332640528928377699e-01
1.512691134191142817e-01
1.238782938049358823e-01
1.431134830440921324e-01
1.552625214689369038e-01
1.540503353507796380e-01
1.343847146430275918e-01
9.820110994958722306e-02
1.552331367359844339e-01
1.286032724968785845e-01
1.526826622421616209e-01
1.412952867988206962e-01
1.495874140477425895e-01
1.438289457042445929e-01
1.420456864321393009e-01
1.359847845903840446e-01
1.598255992808666759e-01
1.531790481386416380e-01
1.369274808668849708e-01
1.521878515400147680e-01
1.593993083209568062e-01
1.262041879003383826e-01
1.566445081347658530e-01
1.445413759279225163e-01
1.479154978959336120e-01
1.582956772107214638e-01
1.261304527546696364e-01
1.579300911480106262e-01
1.480177090687952723e-01
1.548741114885826831e-01
1.268221396729564132e-01
1.532917207730599141e-01
1.343083636757327615e-01
1.345869742550248049e-01
1.538014070185578508e-01
1.470089574288307999e-01
1.367749713780914145e-01
1.570985167617489076e-01
1.514816005558185241e-01
1.348440655763095686e-01
1.587351356498429567e-01
1.519346781193270657e-01
1.495822333270487858e-01
1.550476225541433384e-01
1.550168950172514937e-01
1.531331118127744473e-01
1.403410712265343863e-01
1.569559261177908838e-01
1.592022238674927481e-01
1.564483631777803252e-01
1.489204631887587893e-01
1.464058837026516180e-01
1.439717797437837510e-01
1.569768978525296066e-01
1.499031671136676069e-01
1.574944085373519154e-01
1.555209026779637571e-01
1.248178809583286308e-01
1.484287444329893679e-01
1.558125295772748720e-01
1.313419776369422753e-01
1.442469962832606256e-01
1.512201986462063941e-01
1.325778460427604333e-01
1.559553125734611523e-01
1.555745218283965392e-01
1.347152446291632888e-01
1.345678662444017570e-01
1.454997073400070284e-01
1.599777201005812555e-01
1.382066948416348084e-01
1.584357951516373320e-01
1.461712701017437999e-01
1.595750874860679125e-01
1.553674985382884066e-01
1.483814464100709773e-01
1.590657819937524864e-01
1.533684936997734283e-01
1.542667505613239953e-01
1.553289732409511292e-01
1.599307012717256227e-01
1.415088130232179109e-01
1.561845476329978555e-01
1.316114128829484753e-01
1.517884507149672713e-01
1.510401971038527746e-01
1.590747708820607342e-01
1.532730429041235520e-01
1.372661437557860520e-01
1.422186146339816937e-01
1.490180747988206766e-01
1.106817888350227347e-01
1.537536344907619035e-01
1.493016177823917601e-01
1.580700915610667168e-01
1.485498667557770269e-01
1.575357419318736962e-01
1.534826192557039726e-01
1.243199932511746403e-01
1.459418819933285816e-01
1.547382701006046468e-01
1.506568685913958761e-01
1.365677736432705791e-01
1.518847621678983684e-01
1.434893270860684300e-01
1.160702965087125060e-01
1.585349886054231994e-01
1.567960713221490110e-01
1.427785873958419549e-01
1.536014176009180832e-01
1.142515339693984805e-01
1.511932025030063020e-01
1.366721444161257126e-01
1.519396501900143193e-01
1.372143874038568578e-01
1.112838521797345909e-01
1.506160282324319755e-01
1.338724005571856057e-01
1.217593231265726994e-01
1.274379998498944844e-01
1.582237503266251122e-01
1.570341587535994954e-01
1.555617244239096142e-01
1.546248388710386723e-01
1.556122619359244785e-01
1.485881748947804060e-01
1.419125082831975693e-01
1.570752865078484661e-01
1.575306364511946666e-01
1.327615199841111204e-01
1.382570988784258825e-01
1.399187123056527537e-01
1.437191399333526687e-01
1.576298263398535626e-01
1.488275472443154890e-01
1.286779560581022830e-01
1.490550339314986594e-01
1.467445357965956321e-01
1.134245320378685362e-01
1.537727149506007696e-01
1.350487278055834683e-01
1.340487983982567577e-01
1.347622704009694139e-01
9.993710799339694528e-02
1.567608865365567317e-01
1.492539154021491343e-01
1.444396252546736037e-01
1.477299380488712455e-01
1.415564356040314997e-01
1.554304101477380629e-01
1.551649298998606374e-01
1.527305618670959375e-01
1.479655867583972162e-01
1.452948491177337986e-01
1.536290763242549873e-01
1.391152986927711999e-01
1.518817412723855453e-01
1.589194148315482280e-01
1.514304394844871171e-01
1.390613031847936776e-01
1.513083728981623466e-01
1.425523352888271866e-01
1.353878171359053639e-01
1.567090064122041437e-01
9.143499106789809705e-02
1.542615984384016203e-01
1.337825053865256408e-01
1.599717335146734754e-01
1.589558980344751016e-01
1.513483048534586817e-01
1.589667517854945478e-01
1.544330780769743727e-01
1.384635854084277640e-01
1.595079583340251184e-01
1.452493864342384866e-01
1.221742524117580553e-01
1.446887854323623546e-01
1.514793585458188430e-01
1.489358415078492759e-01
1.563167831403121100e-01
1.269451779614660936e-01
1.198780326239532595e-01
1.391887094542791359e-01
1.483666799185113239e-01
1.533221309582481762e-01
1.521208747874427114e-01
1.270262652385435453e-01
1.575236994239528066e-01
1.328893553468617761e-01
1.558631602942276984e-01
1.535621667377211064e-01
1.587850222065810557e-01
1.479384901094214777e-01
1.482476674950060080e-01
1.321018770533841369e-01
1.582904256530633103e-01
1.466387937801491848e-01
1.575924169516716433e-01
1.541954565514271347e-01
1.537384164692862099e-01
1.526324064052381191e-01
1.539018599669938203e-01
1.483771467519798271e-01
1.573377839899669506e-01
1.589129732647711069e-01
1.482296221326966645e-01
1.562401123650251911e-01
1.498379888999835097e-01
1.319191470651648324e-01
1.561472704293116742e-01
1.267910551488829474e-01
1.363443114944579426e-01
1.382704786401866004e-01
1.569649564493016680e-01
1.557116797745382308e-01
1.516538410988044483e-01
1.544714120261966583e-01
1.356701464155184167e-01
1.541179064971038848e-01
1.464684202407000313e-01
1.510929511908424838e-01
1.527142636454486280e-01
1.458748051919502853e-01
1.343065340786331330e-01
1.440317357993380620e-01
1.573754127934817726e-01
1.535487188101417599e-01
1.591428672436027980e-01
1.556375796391655797e-01
1.429908902975252638e-01
1.520099821306305499e-01
1.580682478422323622e-01
1.588560600561018665e-01
1.517866521115723843e-01
1.450543901175539163e-01
1.228313133916583560e-01
1.434924778178129356e-01
1.402888216080521722e-01
1.499249502323582173e-01
1.588185456866963718e-01
1.513704954724000851e-01
1.573395506068748506e-01
1.321402112577633736e-01
1.567498517261068924e-01
1.588289464751324598e-01
1.405639906729315158e-01
1.268233608296087112e-01
1.597982858455798127e-01
1.412870204615812308e-01
1.574230398275048570e-01
