8.901486332128396128e+00
2.933549243623873704e+00
8.330627319030824651e+00
3.845943792542755091e+00
4.752298466292007362e+00
8.015558056083877503e+00
6.976026600969746916e+00
2.899882906823777251e+00
3.223104938604905545e+00
8.076026414649769336e+00
1.514726724522988910e+01
5.236380330526687388e+00
9.133246990340801119e+00
9.707909516324825461e+00
9.144849482206978131e-01
9.800021347370931224e+00
1.464809689737880127e+01
1.103650297188896801e+01
1.532733001451307686e+01
5.802496812950784566e+00
1.703931357944703295e+00
5.241717045447379597e+00
1.327148875893016822e+01
1.442262410836057640e+01
5.715955457454943378e+00
4.125693380959037704e+00
9.271764404139913651e+00
8.782427072065296159e+00
2.177079804332643587e+00
1.407203022926706382e+01
1.287707395386895826e+01
7.283411753724076121e+00
1.136479032141296130e+01
5.293152410751021719e+00
1.623536412021967124e+01
2.163904933996433133e+00
6.786077348274031529e+00
3.419764642638971175e+00
1.394816358953002400e+01
1.405742777472415383e+01
4.846644778810058618e+00
1.081399314191327221e+01
1.068356790720570082e+01
1.339581678996500536e+01
4.655735935611366116e+00
7.586254414867839913e+00
1.268813470746494509e+01
1.008444512918856439e+01
7.100384930108946335e+00
4.604631904519980168e+00
5.817398514364014339e+00
3.804170846942001916e+00
3.919665056605181608e+00
1.726557039000311988e+00
2.777210497782823584e+00
2.399165461155464918e+00
5.944881073453426978e+00
1.318190594796459791e+01
1.501155281155067911e+01
7.963910765260568070e+00
1.667093417808861133e+01
4.321529575020541358e+00
5.029547139645524467e+00
8.846215682084066501e+00
4.694141317140909209e+00
1.431663735511931179e+01
7.151899680415072069e+00
1.093693412780659813e+01
3.389811721189655014e+00
7.921920237630939887e+00
2.686008749788723282e+00
6.691442883416550025e+00
3.904934869107811846e+00
1.209019835939432497e+01
2.611235146997926027e+00
3.196942320734691201e+00
2.082721704076231362e+00
1.627398554728441127e+01
9.067256029004946427e+00
9.533342616898603517e-01
4.319688139788937065e+00
5.512071903294049946e+00
6.093836494939183446e+00
7.740360817161398899e+00
2.304760986736072770e+00
2.182261858648899544e+00
1.535112296685884781e+00
4.786793893706673408e+00
3.732992727028155766e+00
1.523225046932959259e+01
5.064112962501636339e+00
1.138664071236678055e+01
1.468715719346106319e+01
4.184037942425034906e+00
2.562325597689686152e+00
3.479942612042846051e+00
1.002901454187279562e+01
1.073435929982757031e+01
9.450431736282752126e+00
4.062426424838140093e+00
3.953168581461035114e+00
3.321058179410589783e+00
6.294753864727845816e+00
1.647947462637939964e+01
3.034995964362332987e+00
6.406204542646027456e+00
6.415517998997805726e+00
4.866037478886325651e+00
1.616463022579878128e+01
1.565858035204436227e+00
7.415741583205285536e+00
7.532060910949159194e+00
1.696414713953140030e+00
9.357020956957029512e+00
1.017326730576285243e+01
1.608163354520156130e+00
2.633827959878253022e+00
2.107927104959764542e+00
8.680146545134936886e+00
4.568783263339931011e+00
1.441040893701578440e+01
7.016183533796266580e+00
1.151560728721689308e+01
8.272906399297479396e+00
5.235400713482209589e+00
2.151828984920920007e+00
1.370832426041355490e+01
3.202858607456073425e+00
6.527112778280322658e+00
7.876919937615888268e-01
1.365446958440208292e+01
4.278275700983647845e+00
3.845143766715643174e+00
1.262182082426196317e+01
7.341138775355943835e+00
6.210737713026113660e+00
3.684845594780165712e+00
6.144060890831570809e+00
8.216390588154439456e+00
1.206585036443018488e+01
3.083982222660613282e+00
3.030399197201415262e+00
1.465212389057663600e+01
2.666773409502851244e+00
1.052542883462744783e+01
1.017250037431275089e+01
3.763336589141103250e+00
7.725778347728720519e+00
3.931361048533294156e+00
9.160391376783946882e+00
4.622240898281328114e+00
5.935506495371472901e+00
9.229160395782942672e+00
1.636416924460068145e+01
1.368286909953250863e+01
1.975616789822609132e+00
3.548417543573734179e+00
9.727100215406933259e+00
4.530437082624585443e+00
1.681411249989702128e+01
8.365970960764979480e+00
8.619888106046278864e+00
1.007238741680024319e+01
4.364832024543824573e+00
8.312566796888340548e+00
1.115441942569053246e+01
8.942835612540713797e+00
1.184170068719304680e+01
8.378465817138874172e+00
3.114640734701701774e+00
6.782989016123492920e-01
2.383246014102122778e+00
3.103573244494933547e+00
1.358635040162185348e+01
4.987336595870321077e+00
4.678671741979034238e+00
1.004299468339852019e+01
1.462653219023862583e+01
7.536286925318934848e+00
5.337610584472122000e+00
6.818927245021963124e+00
2.559750831503923241e+00
6.932175935965338098e+00
1.307210023374502583e+01
5.747709187158307031e+00
3.436054516105964574e+00
5.233555992161814885e+00
1.333438128766933239e+01
9.968600371607639232e+00
3.467233371074263992e+00
5.174355152619552811e+00
9.396805781182299810e+00
1.039744779557250176e+01
1.092067876701679729e+01
5.425466992624232709e+00
2.556456784547581851e+00
2.577835495067998917e+00
7.115462927120828063e+00
6.244984437661369014e+00
1.250664328799820346e+01
3.321231737208270474e+00
1.396117782623782233e+01
6.770105212678261708e+00
1.115091484246230813e+01
1.357437260544576496e+01
2.063019975028614006e+00
1.019958441390095949e+01
1.546301790478569416e+01
6.083951530303742139e+00
1.578904752243686360e+01
7.499716541560207617e+00
7.366141735015249381e+00
1.261134929340625099e+01
4.753003566812500580e+00
2.250591231006196846e+00
2.993680646340395324e+00
7.651379856191312889e+00
7.812527814242464785e+00
2.094319982803912961e+00
2.787859750360285105e+00
4.537567094364675313e+00
1.485496371867259136e+01
1.217839704382311083e+01
6.170181165167287318e+00
9.079133788071281685e+00
1.093164957510248492e+01
1.671135917565407469e+00
9.243930765026908247e+00
1.614855743198462079e+01
9.348042771316702471e+00
1.021071885389431344e+01
5.968752642650108520e+00
1.516146032599115046e+01
6.008307681941184697e+00
2.344694889886204336e+00
9.385780792652294480e+00
8.166176370877458623e+00
1.801040524199418735e+00
6.911408919643423410e+00
4.090416812579055872e+00
4.469421119427456901e+00
1.204710917023761851e+01
8.738831219682790419e+00
3.285864407496613904e+00
1.888430676867673519e+00
5.381129689768039626e+00
3.647395917253010378e+00
5.344915812589193571e+00
4.418625374253549509e+00
1.177106047031573066e+00
3.549829324970403821e+00
1.204568674443387444e+01
5.690474403545884741e+00
1.559530618961059645e+01
9.880480757514590096e+00
8.688290977057404163e+00
4.542130614395478716e+00
1.386141983780551001e+01
2.826051810165596034e+00
5.013522489575410468e+00
8.726186843407010230e+00
3.744716556288854026e+00
4.696390812473149268e+00
5.277834428260984367e+00
1.254036416274122345e+01
9.063200089304297435e+00
2.320461436344253059e+00
5.942150718113321517e+00
6.633947759432248681e+00
4.111307537026052117e+00
6.958832429951494980e+00
9.574823837980954266e+00
3.145917759259108326e+00
8.275807786972380953e+00
3.312426099371695187e+00
1.827290575968460118e+00
3.086105832912467317e+00
1.555298592595549501e+01
1.349346269368345830e+01
1.282586395447534322e+01
1.076400341482945500e+01
8.278480480460329360e+00
1.032451852798692116e+01
1.348145939274679517e+00
9.457322725388095819e+00
3.855237127147848941e+00
5.728278895734714382e+00
4.230609356622902162e+00
1.205678020407780826e+00
8.024061160161028994e+00
3.412643451690313690e+00
1.607472267122937115e+00
4.937967196500118838e+00
3.099343683151650097e+00
1.635652430408693547e+01
5.476388761739155342e+00
7.082472933062794240e+00
3.461715383168469717e+00
1.595918633002558451e+01
1.156605332875804137e+01
1.202717729908163591e+01
9.273658663105560862e+00
1.452832438946951221e+01
1.935215145751490340e+00
4.066841323833551236e+00
1.010299487525971074e+01
1.557910580785010524e+01
1.053736454797848276e+00
1.225447275125423729e+01
1.251386373654307427e+01
1.544292054178377782e+00
1.794427684830822267e+00
4.082863980322727571e+00
8.685853618579651325e+00
7.060519173122459691e+00
6.777697734399023233e+00
1.458166945010463245e+01
1.303272081294780005e+00
2.628414250559282017e+00
1.312271933650964684e+01
3.409986625589358056e+00
4.079275427690349787e+00
7.913106333801596115e+00
1.007793984496659156e+01
1.531598316904543289e+01
2.894423223360968578e+00
3.272338930020221248e+00
4.453984905042990050e+00
3.380397079895002044e+00
2.675589906317853206e+00
1.284677660364545915e+01
4.120314260499923442e+00
5.406099435561793953e+00
1.167193042732958830e+01
1.118642320368883958e+01
5.157206613827620245e+00
6.916001918622256994e+00
7.835941382675708944e+00
7.885438563413680768e+00
7.002288475300916026e+00
4.123891005212660055e+00
1.083847954676010161e+01
1.066623655865756426e+01
2.883188617462076220e+00
1.297043506621812980e+01
6.957426439461746881e+00
2.526260131665515551e+00
1.223622453623617545e+01
1.944210172780420853e+00
6.310747142891071526e+00
8.003285761107601815e+00
5.301169242577629781e+00
9.385188567048494690e+00
9.860429501808749109e+00
1.162030734833371071e+01
1.558962958867808979e+01
8.696005544309327817e+00
1.395750193590592936e+01
3.675058938640644701e+00
1.466456763013225739e+01
4.540064364332828895e+00
1.075052598350705146e+01
1.112885534889069028e+01
3.042524393940848171e+00
1.237660644480960359e+00
1.243727390946001954e+01
2.929886540234179382e+00
9.273163535134923308e+00
3.583511439443724189e+00
9.267746827092354422e+00
1.403262733290877584e+01
1.305535431277162850e+01
5.641854140015364116e+00
1.185401705744564715e+00
1.207687931894853506e+01
5.312270441914797914e+00
5.535831300255283693e+00
1.186801229203442531e+01
4.138533781964156333e+00
6.118648886072070248e+00
4.157783899820985951e+00
1.077019276524857894e+01
1.458108127604168303e+00
3.384381519789157355e+00
5.491745858154476245e+00
4.298420630506284645e+00
4.357211716484489905e+00
7.902112356845537811e+00
8.821460722834437718e+00
1.079967885487812929e+01
7.714387229381927114e+00
3.363691372436117710e+00
5.207859040836124720e+00
1.135288750630196830e+01
1.516558509423291845e+01
1.655308014217626678e+01
1.439694280933750825e+01
8.525833106671210970e+00
8.332704594294961797e-01
4.695009238408766272e+00
5.201194981051890487e+00
1.644054449196331191e+01
9.391528959579927616e+00
8.838537066151003430e+00
7.547247321950244725e+00
1.949536573997288302e+00
6.659305176595416986e-01
1.231370130295963072e+01
1.123558649193161507e+01
1.500556036999474685e+01
3.698086793530432459e+00
1.529971925686920198e+00
6.287780891683650175e+00
1.107748602847733110e+01
4.429812755786669776e+00
1.263514177154771900e+01
8.499970325679809591e+00
3.276329460629806789e+00
2.046372762590197514e+00
3.412333835362654777e-01
9.667857116002632978e+00
1.001183462948901592e+01
8.381598062218063916e+00
5.924002491261732395e+00
8.331331007604850569e+00
5.694342194219727205e+00
3.856012009266168050e+00
1.379308263179450478e+01
3.380197435303502029e+00
2.238600967987042889e+00
7.589275087796083064e+00
5.907427210685984864e-01
5.960019679767316170e+00
3.894018832573417743e+00
1.485763767351793341e+01
1.225821779075291751e+01
4.511497194608984351e+00
4.285965886844621764e+00
9.574923440928404972e+00
2.061786971740519281e+00
1.572278959648211627e+00
5.282780937832209034e+00
9.585267342901401477e+00
6.825554306395506643e+00
6.972172523318830528e+00
1.200079053221800507e+01
1.479555153836515657e+01
3.219893227564416982e+00
2.433428097039180393e+00
3.356548130529000584e+00
6.647012173972367322e+00
3.657356817134499671e+00
1.177129890309926452e+01
5.042667204576889439e+00
6.197242776968102440e+00
6.379717793128508951e+00
3.473257539784779802e+00
6.848965535306574814e+00
1.840425186390546086e+00
1.760462339663362963e+00
6.833371363772416274e+00
2.530224819948058368e+00
1.539595699093490033e+01
1.312517846796700560e+01
1.020591615972391342e+00
3.961385932600340443e+00
1.967257714063829654e+00
1.211528835652314484e+01
9.019674760463390228e+00
1.376322487171770304e+00
9.855240480541855419e+00
7.761198370042006189e+00
1.048040266688229849e+01
8.098688593476683906e+00
6.718385271825349392e+00
3.518890823029544812e+00
8.762130735391419734e+00
7.920352311387666155e+00
1.008099222313447108e+01
1.079227386123386268e+01
5.983431477088927863e+00
2.803374656574376456e+00
8.483011375959682354e+00
5.021644048937057292e+00
6.288832686586740550e+00
9.901428444016026731e+00
8.869006830352288873e+00
5.015403832635046300e+00
1.419598115061994115e+01
9.159998286111413535e+00
2.993686554313344850e+00
1.403461429793468263e+01
3.906070640497660840e+00
1.565824288180457202e+01
1.272975612862073547e+01
5.922402434348429168e+00
2.823463070378889661e+00
2.845104791265147703e+00
3.205164610315361262e+00
8.705153554171003449e+00
6.199674451075825488e+00
5.473812857161441947e+00
1.477367614539150864e+01
9.982494364601757653e+00
6.079607521741209553e+00
6.676647437431985743e+00
9.407519396662280542e+00
1.647669009693398579e+01
1.596955014316862353e+01
3.687936827210350099e+00
2.488121916314107285e+00
5.404258429804543518e+00
8.855463647917988013e+00
1.014633834539968404e+01
8.333304598190224510e+00
3.784994989203060989e+00
3.956765080681140745e+00
4.718589283579715854e+00
1.103418379318522469e+01
9.179969496543533225e+00
6.644162172919941156e+00
4.145344727432153320e+00
1.039562619468131466e+01
7.806542867921031359e+00
1.167302658275342964e+01
7.093627241666990102e+00
7.221196284761958850e+00
1.482788652522763861e+01
6.225796413496911264e+00
9.252759250325800267e+00
6.087887045342166736e+00
3.856182268569754434e+00
7.463796060539134025e-01
4.894984103441536227e+00
3.177768918920957475e+00
1.553822741128141338e+00
1.096495159487325122e+00
3.397811774346483293e+00
8.670788337570195736e+00
1.512352423755211461e+01
8.946263617214706088e+00
5.032649955267112674e+00
1.148401756362761716e+01
9.051457501978429576e+00
4.347944523406997774e+00
4.077897223193486020e+00
1.519230427115038973e+00
1.165141338999914922e+01
9.084270611469159817e+00
2.472568643987272274e+00
8.846450847877855850e+00
1.854966831447101061e+00
5.349906691703147921e+00
4.233479673834010804e+00
9.393828223695910751e+00
1.516173556316179649e+01
1.079452345980041628e+01
5.568400417374787637e+00
1.453251763995615953e+01
5.624868291717770141e+00
1.457132932985747331e+01
9.344541130855329669e+00
1.006975436371026156e+01
1.154992989732185826e+01
1.222705049815322198e+01
1.044948478119815860e+01
7.017871391421795835e+00
1.792415214313308747e+00
1.255534144857351464e+01
1.131371979555180118e+01
3.073231162336964140e+00
5.782563851053123649e+00
1.655902657727627059e+01
1.202878866699637683e+01
3.652151470684022794e+00
4.786400324561202346e+00
2.182876264323977189e+00
6.033710767134101260e+00
1.233147678111261802e+00
7.099854671202477263e+00
1.434631982490974877e+01
8.583573569501446343e+00
6.874356127480658607e+00
1.108697164714355665e+01
4.173390157998151828e+00
1.109815638043681574e+01
1.290266618737347937e+00
9.821461975354024432e-01
1.698106858894911531e+00
1.439844320548415446e+01
1.856160973013081028e+00
4.676046461697816348e+00
1.112240675516470034e+01
1.234488740217663860e+01
1.528155580292201776e+01
1.560519130807896282e+01
1.116433362807565111e+01
7.301036941911967837e+00
5.096967097545579861e+00
4.335584742072671638e+00
6.440030185965239795e+00
7.710551996059650470e+00
4.685077300091507801e+00
1.423060687391980217e+01
5.774471034798753344e+00
3.264374464846024448e+00
6.724918705310973799e+00
1.527639271502047613e+01
8.398818132732337460e+00
2.924459347400248710e+00
1.202644650882207777e+01
1.173704961247617806e+00
4.378390613765040129e+00
3.674207854541439389e+00
6.032948739334401012e+00
7.623589320215417686e+00
6.767443697860166196e+00
6.454473390751336304e+00
7.125943884015415009e+00
8.195065126820326729e-01
6.064644859485554207e+00
3.291900196673441581e+00
6.644367193872826149e+00
3.808783813445209887e+00
7.801483774055671283e+00
1.439300864962909543e+01
6.287343972905439227e-01
1.513164424551590237e+01
1.290578777137536548e+01
2.491353029065734859e+00
1.492437958828275013e+00
3.485735471401934404e+00
7.119645155005651205e+00
1.185042695940892088e+01
3.912628972177103925e+00
9.258243657194119791e+00
9.697331162379954961e+00
3.722829012886044620e+00
3.030031190374724126e+00
1.186694270230724690e+01
4.146637648118303154e-01
2.421044684575063499e+00
7.357727798948211273e+00
1.134801644337067472e+01
7.051375967740930228e+00
6.439614805234129769e+00
1.376863562238213134e+01
2.660038725879940724e+00
6.341829881404462910e+00
3.695279159195486329e+00
2.828696570981237723e+00
7.946324568319190540e+00
7.441862205191814184e+00
9.215417007395906523e+00
2.140632615595388977e+00
4.459693110086469403e+00
4.515024867508644846e+00
8.884370717424875608e+00
1.425115237196381379e+01
7.057246988281633548e+00
6.515702011737717569e+00
5.366349175125374238e+00
1.750036674867444519e+00
4.376543277697807710e+00
1.164274262746947031e+01
6.826865330710877977e+00
8.852528639742068606e+00
4.257482349567649926e+00
3.293642247836630510e+00
2.891720367342935472e+00
4.655168705479454161e+00
1.619547101565304104e+01
5.896018482483690093e+00
4.939855021895327880e+00
7.202915393171391401e+00
1.225958093446377006e+01
1.425311196673395742e+01
7.268306818071518016e+00
1.015178723230391888e+01
1.993097693583099739e+00
1.254357199026081915e+01
5.505809718968812660e+00
3.879175890425301532e+00
3.825025974198025924e+00
1.275107663916678824e+01
1.021553177867027529e+01
1.384239732642082821e+01
9.609081195429681088e+00
1.345737782502341418e+01
9.835185048287485188e+00
1.168928951968186780e+01
7.053111715137631244e+00
7.321414633916733194e+00
1.195806693267306464e+01
1.195286764860560069e+01
6.112234379943837226e+00
1.235257793560793083e+01
1.560232132947120931e+01
3.423468684627014813e+00
1.174936381463755453e+01
5.296194915051712471e+00
8.612407635799254280e+00
9.535114051632456178e-01
1.870123403700512110e+00
1.348850265593682707e+01
4.806488407660344464e+00
1.298519799520692253e+01
1.033695912653224802e+01
9.585414848819331368e+00
8.221713931736280401e+00
1.014181420948015955e+01
4.502953346527672984e+00
5.797882397014062050e+00
3.177385722948322666e+00
5.928762510991684387e+00
7.035093609615685750e+00
1.661330472883408760e+01
5.193607196680230409e+00
1.925623288014868928e+00
1.529260513268396160e+01
8.701788936044792422e+00
7.524723598522536250e+00
1.197004129480150780e+01
2.066745610380103848e+00
8.229011819491828916e+00
5.924701624177721726e+00
7.101812806133809275e+00
1.302639494412363774e+01
8.879830772814369055e+00
1.323269342584947772e+01
6.769048083382114278e+00
9.839770049028899734e+00
1.686723584036162737e+00
7.448233309216389486e+00
3.456760161602626891e+00
6.507000778889802106e+00
6.973973614548422795e+00
1.510646133298210536e+01
3.395038621933502476e+00
5.622327667531392237e+00
3.007284841992722058e+00
1.557831325859142524e+01
4.975291224515602018e+00
6.630872997792724988e+00
5.500808056994970663e+00
1.485292109913786263e+01
6.771352802770819856e+00
1.923707410956942532e+00
1.319431481875021639e+01
3.192386876815635155e+00
8.781654120391232610e+00
3.307220524889197044e+00
3.716640866147726374e+00
5.892753481327896559e+00
1.927973693125161425e+00
2.236489578904175435e+00
2.445192606834872162e+00
1.551148348999192450e+01
2.738990945554874656e+00
1.316409052167230165e+01
9.231207479833482665e+00
4.266667752413663806e+00
1.665342152954401200e+01
5.112388878858295627e+00
5.092468423973339320e+00
5.190373151760632631e+00
1.251328624138664125e+01
5.313439280762642269e+00
3.084281246365504714e+00
7.910797857845909498e+00
5.768855532162553423e+00
2.936601811451513555e+00
2.092478762223134670e+00
1.389566564313812336e+01
1.266679210269204381e+00
1.071706713304496894e+01
1.380061012471727011e+01
2.323575549213621194e+00
5.601917454982657141e+00
2.930507411176651811e+00
2.130632959750903943e+00
8.529187986582780212e+00
9.621228933111089177e+00
1.461107118933035842e+01
1.288205968668624379e+01
1.481612910591971932e+01
4.379425088108981790e+00
4.590388002290981539e+00
2.642709169355048182e+00
3.765380426273079451e+00
9.681111475165536717e+00
1.023950821158703128e+01
9.158605060088433447e+00
1.465732358555318582e+00
1.450762797057533149e+01
2.118853789474453908e+00
4.887822421413667406e+00
1.078530755230061011e+01
8.719380205391493277e+00
1.350554129752080001e+01
1.539268245794836609e+01
1.216983889940741292e+01
1.225626538847379976e+01
3.069173402563445840e+00
9.257335813631557997e+00
6.657346339284250014e+00
1.578782076546571034e+01
1.072217823918478530e+01
2.204379550536683219e+00
1.432289457162650770e+01
8.478690918977605406e+00
1.300194202918252628e+01
1.173752817185322073e+01
1.120593590394784300e+01
1.407256159969942289e+01
2.698666619438908398e+00
5.729070579334769597e+00
8.579042578890422988e+00
6.429887919526439788e+00
1.512691607721736631e+01
5.966178739844325563e+00
1.271895524859107063e+01
1.020436923558041364e+01
4.121407356090005081e+00
1.045992372950166960e+01
7.895760416728458075e+00
1.291762207108352278e+01
1.534406916500957330e+01
8.081670382190482727e+00
8.733632447836381374e+00
1.599484517686442864e+01
1.148862483774073162e+01
9.997173960112505142e+00
2.556451989891726839e+00
8.243467385438762562e+00
3.503487000596288592e+00
9.279963891953130428e+00
3.289642886189438009e+00
1.038497881640361165e+00
6.873729773579003499e+00
9.178118076214976995e+00
7.653106731181207323e+00
1.213973924039006924e+01
1.016474132551119069e+01
1.082660908940540878e+01
1.361027633350053812e+01
1.021690119065475244e+01
5.153412935748515444e+00
7.312001074744109985e+00
1.261846237816710925e+01
1.624658992004179936e+01
5.377783361463025713e+00
2.485417188201965111e+00
5.104745930257317710e+00
1.577888499607271067e+00
1.239903135534757972e+01
6.736964072208434295e+00
4.697668066630448891e+00
9.098297799232952343e+00
4.541142977829809801e+00
1.275804225235406442e+01
4.177662098109848898e+00
2.532652067908463422e+00
1.186873748534438278e+01
6.636349119112840533e+00
9.333088472033820082e+00
6.625468582753540225e+00
5.205180178626948262e+00
4.259446858884760267e+00
8.860181171434694747e+00
2.003201829660383293e+00
9.687444700048800428e+00
1.115403473666981071e+01
3.145467147779966499e+00
9.100814065940082687e-01
8.765881049996576024e+00
1.181300835462722532e+01
1.322845471026774788e+01
7.563385223165196569e-01
8.296121820822959236e+00
2.213162017645960322e+00
1.659670503024403843e+01
4.453729907062846216e+00
2.275304977763819902e+00
6.265157634106084394e+00
1.320317119836508368e+01
1.332263892143037864e+01
4.910167572914160061e+00
1.244739165811684423e+01
1.301869520012500558e+01
1.336465950656288193e+01
1.041485154500339183e+00
6.004618572431234647e+00
3.807597718040745427e+00
2.037605830944809515e+00
4.244066272493956404e+00
7.805507430766026822e+00
2.702338489481205475e+00
9.655962754543672588e+00
1.084136117278645983e+01
2.037414969715491075e+00
1.330186612782387456e+01
1.914831565096222210e+00
7.076605461368921546e+00
1.776672915337990766e+00
6.601462381262243717e+00
1.393785360440260490e+01
6.009365184144122907e+00
2.496394628079898315e+00
1.227292823813386313e+01
1.221137620798029566e+01
4.609510990193098401e+00
5.947610518442257188e+00
1.014626964795279740e+01
9.440666785072936662e+00
6.207326807859701923e+00
1.388888959164273684e+00
1.187487241423094808e+01
1.298599237824788766e+01
6.793907638315741515e+00
9.716329882201055312e+00
4.240866015836640912e+00
5.146559256516844094e+00
9.772661705662454068e+00
8.520418259775391689e+00
1.859180356783464827e+00
4.390076176924325502e+00
9.721059552974882223e+00
3.918868360580439081e+00
3.826322419706513323e+00
2.231513036774737557e+00
7.931021278588474388e+00
1.431740455604997919e+01
9.496742481333667385e+00
8.912249971743481325e+00
1.129623528377589281e+01
5.108790308896560717e+00
6.521087390376010262e+00
3.145460493452989059e+00
9.783130759425581857e+00
1.338017857213290540e+01
5.706974178732640013e+00
3.645700093172696832e+00
5.618110083673395927e+00
9.043813306035019650e+00
1.656578511071954196e+00
2.061441881582334990e+00
2.271119349192352033e+00
1.674594791768285518e+01
4.240952640786094463e+00
1.369314692448462267e+00
9.859499611859119383e+00
1.624077115811782690e+01
5.191949819009138878e+00
8.675696104562277355e+00
1.096860717288884324e+01
2.144995698626428471e+00
4.902980802286073470e+00
9.152457096733698449e+00
5.163334598230160388e+00
5.558979913336314027e+00
3.031708727025863137e+00
1.619719671593983179e+01
4.073521747785231462e+00
8.588791450628987079e+00
1.595590668400953227e+01
6.884392126674422130e+00
2.322867054807435050e+00
2.112002525577207912e+00
1.134043282743370185e+01
7.439868077785757983e+00
1.040937029149062454e+01
5.619237005483582514e+00
1.597490331181018686e+00
8.085733071984300580e+00
1.338153773066065710e+01
2.157001700504686870e+00
3.593041166848502499e+00
2.639639559516214096e+00
5.823886123016684735e+00
3.419430075191811191e+00
4.080215080969694874e+00
1.317951740256468973e+01
9.201768712381568349e+00
2.371223851960320150e+00
1.178625715867523915e+01
1.257246089330087813e+01
6.406910392655548181e-01
1.563144459989425528e+01
4.828151089944033636e+00
1.047009207352118842e+01
3.805965333737551859e+00
1.277401917937218023e+00
1.575763444307761496e+01
1.382384853289162763e+01
7.535258734335537056e+00
5.823568416009833548e+00
3.421609454295748698e+00
6.640574580067732491e+00
6.263499018662606943e+00
