1.059119363445481105e-01
1.045619926097433594e-01
8.746559895329289458e-02
1.037562017882791426e-01
1.049797816870977896e-01
8.922765023832300579e-02
1.000883560112287851e-01
1.014494827402938337e-01
9.915630110892062477e-02
8.528128254205843972e-02
9.700596673462991149e-02
9.814439772954550167e-02
1.027585086766681643e-01
9.872315042795781759e-02
8.724404694523490988e-02
1.001320209382465659e-01
1.038053459167712772e-01
1.021421117191563255e-01
1.015116906560019489e-01
9.537487795431268123e-02
1.007220874644599862e-01
9.809534548268360188e-02
9.933297712157376780e-02
1.005812207688759202e-01
1.033832527017829045e-01
1.044374639231499535e-01
1.012473315742900004e-01
9.926037311134099095e-02
9.810953487419017682e-02
1.048306253044718472e-01
1.046735292330934070e-01
9.932694651499585081e-02
8.652245484585080471e-02
9.618983937826749986e-02
1.048098135459193392e-01
1.012215581697144540e-01
9.302066827257396420e-02
9.488299259354723847e-02
9.409689133682799800e-02
9.679972807035974736e-02
1.044690949704656369e-01
9.988833670083843708e-02
1.012163965381847330e-01
1.047527022155071708e-01
1.051156434861573313e-01
1.025145411092361625e-01
1.028659323637725609e-01
1.045242893640956489e-01
1.032914435160034866e-01
1.014460633609932105e-01
8.521968286834448458e-02
9.500176749418928757e-02
1.009780782241654906e-01
9.953439367934904802e-02
1.058755488703043146e-01
9.692008297234118441e-02
8.524964181260424878e-02
9.364719813937703863e-02
8.736534722862845936e-02
1.059131986783432844e-01
1.060095029086831203e-01
1.058785174245319705e-01
1.042939521283876153e-01
1.046048039040789052e-01
9.631144922328002678e-02
1.031872847637270441e-01
9.493851202940183087e-02
9.530637299473675161e-02
1.047746770910675668e-01
9.739986016725844797e-02
1.054483568058970089e-01
1.004325632081063818e-01
1.021923740161927441e-01
9.983533947859840607e-02
9.648607437950593169e-02
1.062593148600196880e-01
1.041396621814353746e-01
1.000451309460564236e-01
9.248298575582829251e-02
1.025881952775738043e-01
9.392182750012112447e-02
1.025678526611816244e-01
8.659008017628969101e-02
1.003443624223075425e-01
1.022542781017650865e-01
1.003577542164604541e-01
1.006566215664536773e-01
9.853751631327478666e-02
9.334272679248432902e-02
9.492639605700042837e-02
1.044875526864747634e-01
1.020887748372205778e-01
1.019949978645292854e-01
1.039431326258279942e-01
9.729533496525498426e-02
1.013662364815448858e-01
9.919578208215432125e-02
9.550096863349967491e-02
1.009428488775783173e-01
9.489620137151580370e-02
1.033733868046474713e-01
9.461879974397817417e-02
1.044329309690602975e-01
9.992272681061269146e-02
1.016251939650822111e-01
1.056096162256791871e-01
9.254330355330736557e-02
1.024097414441513115e-01
1.047545503936128525e-01
9.722888126750020565e-02
9.966407827617543291e-02
1.006968775092704632e-01
1.053194838890323254e-01
1.056591574809748468e-01
1.009442628808028125e-01
7.176045158241518840e-02
1.007172123950768883e-01
1.008417587144025268e-01
1.031416132254791840e-01
9.828716064164634558e-02
9.506689911564875084e-02
7.362992021358046035e-02
9.785951587376441607e-02
1.012072383878558357e-01
1.039959918330727179e-01
1.030117312440084337e-01
9.811143325684007488e-02
1.042309973149949942e-01
9.886506359105068364e-02
1.021192230638496568e-01
1.055600574304477179e-01
9.975996748718478357e-02
1.041808280849746832e-01
1.042315412077294279e-01
9.777187154019782722e-02
9.263547661158795521e-02
9.610222445426200300e-02
1.049837366984240072e-01
9.652787726177497474e-02
9.418900963715531871e-02
1.026538737996507133e-01
1.055279307320804577e-01
9.634439665313830614e-02
1.037858969174376977e-01
9.581076540038536982e-02
1.030991131449940923e-01
1.049044341836848221e-01
8.952462354314358328e-02
1.050557756872877307e-01
9.935985225836993506e-02
1.011900385559059146e-01
1.057706175691629086e-01
1.037680443758862286e-01
9.231626629020153740e-02
9.877905385552826489e-02
9.900509139299853989e-02
1.029784845668344356e-01
8.414373327926706614e-02
1.031674744346538913e-01
9.892057214568678036e-02
1.005947081746945693e-01
1.028805863547168770e-01
1.004251990903783642e-01
1.045034339789313454e-01
1.006546008678450704e-01
9.409839469558520242e-02
9.679946907666542311e-02
8.880500123730401818e-02
9.071979415818468007e-02
1.007667503871486070e-01
9.449703197266857979e-02
1.060078336769088164e-01
1.029252574330855041e-01
1.044966925861072621e-01
1.062052288781276110e-01
9.225851706605300850e-02
9.335784403991707892e-02
9.982319479615031632e-02
1.049037808217785639e-01
1.061366967912555220e-01
9.965892218458335949e-02
9.890999972060980638e-02
9.778372168466821501e-02
1.035982556395075860e-01
9.009604521517861064e-02
1.053264238586657103e-01
9.947643529760627490e-02
1.038982675420496021e-01
9.116496518966099583e-02
9.214127861526213992e-02
1.039783649841766744e-01
9.908952911175766820e-02
8.729008588891566667e-02
6.903893798909807589e-02
1.015542310733724418e-01
9.700263045553203511e-02
1.023432858222477204e-01
9.566792670833787482e-02
1.045221471317742956e-01
1.047156999623599510e-01
6.688103102905741670e-02
1.009643277461962502e-01
1.053226572563907282e-01
9.559383272886592953e-02
9.836789489436476019e-02
1.011722468377218853e-01
8.819850268332446452e-02
9.721817323542561451e-02
9.314647854196854426e-02
1.034932299149905754e-01
1.010475652925686280e-01
1.052049333780367690e-01
1.014188423622773283e-01
9.766785075958345219e-02
1.001646327459872199e-01
9.183311947253008922e-02
1.016346184660486540e-01
9.219084089728138420e-02
1.058559904627019432e-01
1.010472285633240430e-01
1.030799169650760266e-01
1.025263773290540775e-01
9.129605849256536287e-02
1.053729697688537276e-01
1.028041170900316215e-01
1.025883467609178257e-01
1.027266974087559098e-01
9.537985067148536944e-02
9.752756268519868765e-02
9.558816830541747023e-02
1.031729061267309677e-01
1.051558364857035910e-01
1.044393984105863038e-01
1.022249353277285416e-01
1.013189298622481915e-01
9.679974667830518187e-02
1.022653025428938989e-01
9.515831869041983804e-02
1.012761749781971449e-01
9.750713427365585717e-02
1.009565162917061831e-01
9.615490231871456905e-02
8.392469226066623378e-02
1.044516125275307544e-01
9.175539270091337407e-02
1.056751134987403418e-01
1.048442708647538552e-01
1.005681148130773139e-01
9.129670711847466535e-02
1.036547812555387305e-01
1.021484087337524993e-01
9.058389760710283678e-02
7.963968565587802029e-02
1.059982834617528152e-01
1.043505299647554674e-01
1.021584161204801278e-01
1.055033291978111909e-01
7.832436103566067787e-02
9.279882750288659388e-02
9.968528712720657603e-02
8.942316157100019258e-02
9.837676191112149082e-02
8.497705609027847440e-02
1.026119025914891403e-01
1.010568873716316124e-01
1.040878432536482684e-01
1.012711778495919840e-01
9.712558083678574095e-02
9.719526786825480325e-02
9.527446876973151568e-02
9.558341903011199903e-02
1.035846324223465009e-01
9.839882172412837968e-02
9.319435677912620009e-02
9.565991556797176498e-02
1.031255013108193647e-01
1.048099373783107080e-01
9.247410348892769194e-02
9.987374208590601987e-02
1.014681531247511731e-01
9.581827229089540099e-02
1.012785358227890481e-01
9.389174143383115234e-02
1.055327095369592572e-01
1.027717379215648819e-01
1.059706584908747112e-01
9.435189660574481996e-02
1.020382320648555857e-01
1.054951513115880007e-01
9.030467789350091201e-02
9.120301981281266068e-02
9.651059425644450962e-02
1.051969765046154165e-01
9.559675257864590214e-02
9.914133675801892198e-02
1.006539321197378878e-01
1.006380012107445099e-01
1.030635925636595590e-01
1.039601773355890157e-01
9.889341187481512363e-02
9.759290378889802497e-02
9.985924899543344169e-02
9.892891785600586851e-02
9.821039043193122153e-02
1.059090013695656585e-01
1.035483019768985713e-01
1.027699963398270300e-01
9.485998513183879766e-02
8.716359590925872036e-02
9.175939791469014950e-02
9.662662814688946500e-02
1.042161533521194089e-01
1.022808192209777034e-01
9.973932525542569816e-02
1.001278173775523306e-01
1.057113430538454135e-01
1.051302460738094136e-01
1.038985151485355418e-01
1.033208547580522496e-01
8.664810248507015533e-02
9.687986325594466486e-02
9.917490569318776483e-02
1.021087616460354813e-01
9.938953656675898751e-02
9.765917691702966086e-02
1.039100729502792642e-01
8.803453753432995132e-02
1.040569909121358549e-01
1.003493190346889385e-01
1.058748175370398115e-01
1.024821176837273640e-01
8.677288565179423763e-02
9.963660023644474450e-02
1.020145037565342999e-01
9.839854812118786764e-02
1.049035424120834115e-01
9.760391019384821731e-02
1.005100203923229712e-01
1.039051805655090699e-01
1.014289261109123652e-01
1.048764503012350469e-01
9.073818760017209051e-02
1.004058915958635778e-01
9.225871237122786062e-02
1.059390582434752981e-01
9.436142631418405202e-02
1.042571129923135498e-01
8.772652624807562860e-02
9.655211854244319380e-02
8.795796404656432144e-02
1.029801796253699692e-01
1.045054028506363364e-01
1.041185739669867188e-01
1.008597585630353621e-01
9.726107841314621250e-02
1.028800301243387172e-01
1.005847693230132733e-01
8.989236863885666229e-02
9.884033261315115781e-02
9.888530692709904257e-02
1.056759857135828040e-01
1.060806485303907587e-01
8.842767114802352335e-02
9.796853528910480502e-02
8.430857453330642404e-02
1.000277541902651474e-01
1.053240630622884338e-01
8.922543407474396726e-02
9.257268563011770979e-02
8.496377549659923922e-02
9.880601959808713031e-02
1.024584870276493420e-01
8.422247735905306898e-02
9.357045669648011987e-02
1.042333420654945469e-01
9.218743816839275462e-02
1.061521707013042132e-01
1.034369322914089617e-01
9.691318948017843549e-02
9.701204141322285202e-02
9.631010021994919346e-02
9.949158998999108050e-02
1.013514671181001137e-01
1.045897502524561623e-01
9.865588614561465741e-02
1.032023445162842668e-01
9.737026543277567392e-02
9.198667238616189956e-02
1.027753644388997023e-01
1.053332882453751895e-01
9.063411872766374833e-02
1.014653842755032787e-01
1.044931424688007315e-01
9.916851111060150104e-02
9.135601454476914574e-02
9.384695945882140511e-02
9.866492776913428353e-02
1.059632690889671103e-01
1.048953229053889297e-01
9.588349301193811736e-02
1.058410737086658976e-01
1.015453043805627092e-01
1.046735510908912981e-01
1.030977212492802941e-01
1.016618608813727176e-01
9.302606854828257554e-02
1.006920499773908406e-01
1.028314240655369277e-01
1.062781694503643348e-01
8.294745928141361579e-02
1.030106873502210502e-01
8.497690189305341646e-02
9.293678733098184597e-02
1.022646722228380545e-01
1.042326218138176774e-01
1.054661024256206281e-01
9.394959119438670014e-02
1.047427976971325170e-01
1.061246201711685266e-01
9.757386550252257484e-02
9.012358124307451313e-02
8.390986569759940894e-02
9.302948918586850802e-02
9.537045617032202660e-02
1.045934901467265032e-01
9.713960612516887860e-02
8.874023598365948784e-02
9.794293660656332168e-02
1.033921770860226630e-01
8.379859753320692550e-02
1.033836406257014340e-01
1.031742925235453467e-01
1.023216448496509778e-01
9.309940090849419536e-02
1.061639565522373985e-01
9.978856073599770560e-02
1.031206600664162920e-01
9.166320196920099694e-02
1.061179693147415309e-01
1.007831923043570471e-01
9.811359500159963498e-02
9.696186832523703836e-02
8.823282774672008832e-02
1.052762840584719750e-01
9.095361999358174410e-02
9.119508127026071387e-02
9.887314030247744412e-02
1.020567634420393860e-01
7.500645491483158567e-02
1.036990973065019944e-01
1.049630063335982855e-01
1.048020249162014694e-01
9.675961516905307036e-02
1.044351901832590718e-01
9.758815644549664881e-02
9.450500568976066829e-02
9.686432150869181412e-02
1.010711669675471852e-01
9.115367258645332149e-02
8.891870681000514642e-02
9.798762216906400924e-02
1.058458583633374028e-01
9.928130660783222872e-02
9.453390910549810955e-02
1.008479469212623658e-01
1.055863102691037003e-01
1.052454837587766256e-01
9.583229585150346286e-02
9.380848496002604231e-02
9.865152983891586902e-02
1.036674167824750553e-01
9.671605226349949680e-02
9.194039305706445953e-02
1.060807517839517933e-01
9.286896413543677120e-02
9.755117831376668158e-02
9.464064552323328550e-02
9.974081797311741548e-02
9.592334134544888702e-02
1.050088640155957542e-01
1.001913821456702769e-01
9.477437923613529769e-02
9.304570797957950612e-02
9.379336301169169388e-02
9.084892105718803124e-02
1.022066887233400723e-01
1.018053714266811405e-01
9.964015955825407389e-02
9.617477763988871442e-02
9.632439316938690155e-02
8.193053547614173593e-02
1.035911692694696379e-01
1.053933717441669499e-01
8.834364526136159745e-02
1.029115947115595009e-01
9.494600349048949728e-02
1.003703652624310660e-01
9.744522085249364418e-02
1.011639917059208305e-01
9.841280670214121173e-02
1.057620335703761127e-01
1.057743227581609269e-01
1.033945286153406112e-01
1.000096546606419196e-01
8.986247399371934119e-02
1.030438324730880151e-01
9.241021247354908041e-02
9.817519608729827207e-02
9.719583939144849083e-02
9.658228871032113749e-02
7.867722609410136847e-02
9.831960591133642735e-02
1.034299097755205232e-01
1.030023252201490852e-01
9.783205502431713274e-02
1.059073849913917953e-01
1.046312408788745707e-01
9.007385722669333794e-02
9.199405468832264066e-02
1.031043318681208187e-01
1.023728791326094512e-01
1.034982184339809791e-01
1.026233944376144791e-01
1.021915981307986721e-01
9.084330914409510793e-02
1.045728786952207501e-01
1.055064048913978841e-01
9.617100254694699313e-02
1.026241619515868980e-01
1.028854531006751366e-01
9.977521990686512299e-02
1.004167342680960945e-01
1.058912777562764640e-01
1.012031642186092678e-01
9.162505015408457798e-02
9.783295498934478640e-02
1.061098402185911421e-01
1.042711149045632973e-01
1.006788000307960312e-01
8.338118028628753453e-02
1.046510597310395113e-01
9.224701425370876451e-02
7.612449147371361247e-02
1.036757355189183438e-01
1.011695763246235891e-01
1.045547279546831521e-01
9.886051537201254180e-02
9.556720750286751276e-02
8.510918130054143105e-02
1.022671821060805175e-01
1.042859216499637254e-01
9.100058769354454902e-02
1.030587129571707700e-01
9.124221073463982534e-02
9.149605385159903514e-02
1.053320573449416653e-01
8.657755188256356649e-02
1.040753781767920494e-01
9.580448122811749401e-02
9.772290936437841302e-02
1.052386202201815169e-01
1.033307896665466297e-01
1.034226172978625902e-01
1.002566279977198799e-01
1.054388042302081413e-01
9.396890881844698062e-02
1.043114277002788470e-01
1.032090665192097328e-01
1.014717835951230857e-01
1.046520279587200841e-01
9.793844108549401573e-02
1.059354982363703429e-01
9.350073321252477809e-02
1.049175187921092267e-01
9.189856096024690002e-02
1.013514206860382516e-01
1.047243511230743357e-01
1.024626057986695732e-01
9.375131550658047375e-02
1.047516973744164054e-01
1.030167310094775579e-01
1.010092478047772829e-01
1.054727376485929402e-01
8.973793314890354811e-02
9.190326008871189944e-02
1.043773875152717856e-01
8.428882749917072925e-02
1.055750810987885618e-01
1.047241066178816044e-01
9.246182126057601869e-02
1.049840702732440373e-01
1.034790509733670288e-01
1.056738005010040143e-01
1.047563608925435735e-01
1.060356392398700415e-01
9.748808057149557782e-02
1.062053266885377018e-01
1.042260703392994814e-01
9.804609909807407431e-02
1.055813578269303721e-01
1.030994776179952332e-01
1.054181905487112658e-01
1.008065859737545533e-01
1.015479541325454149e-01
9.134007292177191706e-02
1.001324758382080848e-01
1.056105674548583895e-01
1.055308915383930263e-01
9.549719165958645006e-02
1.016805384139477658e-01
9.748334471116028299e-02
1.055418434026037244e-01
9.451287069120303808e-02
9.205570380540262221e-02
9.642039631135168598e-02
1.027537618457126517e-01
9.984641906644436959e-02
8.927433892029643103e-02
9.874928436855481828e-02
1.038397503771174568e-01
9.419741803166634120e-02
8.425117079368690809e-02
1.003039545053960868e-01
9.910434005827242765e-02
8.098737090503255187e-02
1.047597386327745600e-01
9.321692583652228803e-02
1.024470673295025669e-01
1.026669521802192619e-01
1.010003051670699259e-01
1.010651888472389182e-01
1.022278280905495607e-01
8.701812064119816836e-02
1.047091272219566743e-01
9.979804718560543464e-02
9.800019425682499064e-02
9.914615639284575510e-02
1.004590865947010553e-01
1.042587137836531452e-01
1.036921951951607634e-01
1.052462049748521256e-01
1.046525110946542186e-01
9.785591406385737989e-02
1.031801644071393825e-01
1.011641853556232706e-01
9.304037968970023387e-02
9.416453849393471853e-02
9.264847115478733186e-02
9.853688178481084803e-02
1.054047250349054998e-01
9.788842128048148850e-02
1.002427236527147630e-01
1.042613226083185379e-01
9.825452075983213962e-02
8.748876782159203946e-02
1.027709787281056442e-01
9.832346225508144244e-02
9.592009659298862678e-02
1.034003641831527098e-01
7.975710010426562135e-02
9.311120748738301034e-02
1.020811073491705023e-01
9.895275866339309223e-02
1.062052030772383804e-01
1.012704471600786998e-01
9.653902981650581971e-02
9.495882657850773789e-02
1.046893699942717942e-01
1.020586869741871017e-01
1.001066631797552647e-01
9.101332143377148520e-02
1.046025507923724202e-01
1.057101463038729178e-01
1.025843057587258328e-01
9.606019203271187745e-02
1.011223950770988728e-01
7.816491731104072138e-02
1.025068791808458751e-01
9.628056747343562149e-02
9.614741221716360808e-02
9.232080359927551105e-02
1.060698372570197806e-01
9.087779178994168094e-02
1.035584301930640022e-01
1.058313913197305028e-01
1.037600273802725126e-01
1.026215690977173023e-01
1.006695335564307958e-01
1.003545229619443868e-01
9.931156349092921942e-02
9.890274544409478896e-02
9.041865063193138541e-02
9.224769299707885617e-02
9.970980502680357183e-02
1.036777510323608209e-01
1.059422310239831466e-01
9.992135268909176082e-02
9.916868154168845262e-02
1.055029243654368870e-01
7.836586683521039320e-02
1.001661798023753824e-01
1.000312646894243873e-01
8.491600143959394942e-02
8.625276440063181504e-02
1.058276063144631407e-01
1.025926911732801816e-01
1.057670288104899520e-01
9.788403369188100611e-02
1.019304352443166500e-01
1.049403157291349670e-01
1.049836954553330093e-01
9.848755040800198646e-02
1.043121514489199764e-01
1.029034573760062438e-01
1.028282944159797652e-01
1.048386711769947466e-01
1.058660458673039984e-01
1.043722545406603058e-01
9.497327528289645215e-02
1.032765602435519320e-01
1.048458316059949907e-01
1.015289122103524566e-01
9.612483802088087059e-02
1.009431857534733301e-01
1.006311324011555236e-01
8.411316132145080227e-02
1.062162313809337233e-01
1.062753543106028514e-01
9.523878038305660931e-02
9.322006703894358814e-02
1.059188869202145611e-01
1.002632239999582953e-01
1.006810684102035225e-01
9.603869029811981650e-02
9.676836173982715505e-02
1.060526046531355543e-01
1.013220215915562189e-01
1.019851232641286465e-01
8.861159072892288435e-02
1.019052987306186403e-01
9.357824281322126014e-02
1.011419609893439153e-01
1.014365578816881774e-01
1.055783916456408261e-01
1.058431851512292438e-01
1.051853734934000278e-01
1.004099033376626010e-01
9.285542192412016282e-02
1.031500885622699260e-01
1.022515481046058772e-01
9.949780798880636379e-02
1.008536591136404981e-01
1.025728998632066263e-01
9.938992344635490250e-02
8.907104692981646088e-02
1.042252281493573907e-01
1.008629727116252817e-01
1.006990428595843368e-01
1.024794679814183401e-01
1.054472261040330094e-01
1.051369305493384115e-01
9.646033514546596688e-02
1.045588507635042963e-01
9.354318170389169795e-02
9.825830095850685009e-02
1.057225204909449656e-01
9.284918117411021521e-02
1.032049142157414473e-01
9.558796404212650810e-02
8.974635130753869094e-02
1.044520100255636880e-01
1.036501346956073960e-01
9.306724152032848363e-02
9.579776846408950830e-02
9.251949047772617396e-02
1.030450203847685514e-01
1.033104965077940030e-01
1.029856444826079964e-01
9.211057051909414539e-02
9.108702522642080079e-02
1.013090946262498460e-01
9.528287843819663316e-02
9.928023847047276473e-02
1.035988854009907562e-01
1.014198039653900763e-01
9.967084751762128603e-02
9.801225494844571784e-02
9.198743630976048691e-02
1.057374891707930920e-01
9.912006877726962928e-02
7.802621845597003392e-02
1.037802332696983465e-01
1.034953525238003907e-01
1.013738894071637003e-01
9.819086488071451790e-02
1.044308256457468082e-01
9.761135753167135554e-02
9.108733671365044915e-02
9.718347181702099991e-02
1.055815704761777774e-01
1.009594143162680785e-01
1.053729536385229065e-01
9.897556488933224872e-02
1.055062897096085001e-01
9.473686587940256809e-02
9.495517380075269021e-02
9.690052680005031838e-02
1.009142180061514821e-01
8.955767408191978030e-02
1.033551473561667156e-01
1.048974660135720688e-01
1.050325569322009822e-01
1.027156155594487613e-01
9.814883782209536667e-02
1.013990449791924986e-01
9.740413892254810857e-02
1.018723367454120177e-01
9.892634183014104021e-02
1.054759508254192457e-01
1.001844700621749018e-01
1.007052846242525446e-01
9.612105694130150535e-02
1.046443228774472656e-01
1.018030346632295968e-01
8.128979171055353281e-02
9.839480373391895629e-02
1.050101233158842740e-01
1.060790045692758254e-01
9.715055294991274681e-02
1.049393054857588325e-01
9.922299999932199244e-02
1.055474045631600577e-01
1.058146604082785130e-01
1.023288323386720017e-01
1.039840114484439637e-01
1.000434238830880534e-01
1.048190547919261306e-01
1.043863103933711511e-01
9.422553550343799877e-02
1.012191738025903925e-01
1.037577776918188061e-01
1.025158564057448013e-01
9.266426065200962514e-02
1.041008155497710336e-01
9.956164014176253907e-02
9.825868088696100566e-02
9.929189269200806855e-02
1.045094699159457990e-01
1.054318895631598391e-01
1.057677531699909440e-01
9.443481210843895912e-02
1.023205809343598893e-01
9.389705347497181998e-02
1.009312209482122746e-01
9.657513129387847173e-02
1.062603342785479882e-01
9.711210903945008410e-02
1.041661598656562354e-01
9.635855855286251659e-02
1.039242549218369338e-01
1.059018884561253315e-01
1.045048380190230081e-01
9.734192259931105651e-02
1.019307581422645020e-01
1.020089221829680315e-01
8.594608919374970013e-02
8.448678123431259401e-02
9.895674240366753027e-02
9.117582230256564280e-02
9.935908288530262422e-02
1.048874162212393435e-01
1.032289138726484035e-01
9.974776134746021761e-02
1.044554245297618089e-01
1.032606736053094110e-01
9.350967304524900048e-02
8.863772115760992776e-02
1.019538964303767781e-01
1.054045305920890824e-01
1.052033965724538250e-01
1.037797092357037460e-01
8.923666175318625826e-02
8.899973019846310618e-02
1.026752727109662561e-01
9.891409056066265137e-02
1.043355386703583854e-01
9.102848621255606176e-02
1.003022281269819321e-01
1.046621869254094894e-01
1.020698837192284408e-01
9.947066714661745301e-02
1.021860501584136993e-01
9.983008375583037053e-02
1.045512156308946172e-01
1.033411179271384733e-01
1.044637322209198277e-01
9.881728835730127503e-02
1.019023059886354776e-01
9.788626342341935627e-02
1.044421861351639141e-01
9.317731844638482697e-02
1.042615420629562500e-01
1.046746204921434192e-01
8.334979607234210830e-02
1.043566981452949544e-01
1.044917380456261147e-01
9.906588241512746806e-02
1.030654576256665456e-01
1.023119753856789188e-01
1.057642669074856934e-01
1.021065591506552794e-01
9.699251149797216698e-02
9.546480130789311569e-02
9.664127734457352015e-02
1.020494463962771936e-01
1.062775097070483704e-01
1.029279548320851667e-01
9.960381775847068631e-02
9.699288767376258724e-02
1.055535856976495129e-01
9.281470255734822206e-02
8.875661279598007214e-02
9.721064259090607396e-02
9.393648471657496668e-02
1.057529028157443984e-01
9.687464739974670225e-02
1.053100367266211895e-01
1.045941547599490012e-01
1.027365259966743077e-01
1.058081357126015309e-01
9.380635556147867704e-02
1.029780786519158275e-01
9.850105369632991548e-02
1.012070155643569891e-01
9.424684323028884037e-02
1.018228189237301018e-01
1.007020463707949121e-01
1.050423655258279909e-01
1.017414789552560789e-01
9.913760559726986221e-02
8.490026694495336756e-02
1.048724872661189744e-01
1.057224035304054344e-01
8.817376535660893799e-02
9.962511482543684460e-02
1.058369008848349391e-01
9.481667821711164956e-02
9.833695080860070659e-02
1.023728749780162817e-01
8.330491614300591929e-02
1.041249717548695802e-01
1.020023408149886290e-01
9.181948696563650703e-02
1.001041068040559451e-01
1.028964084172751259e-01
1.012634424151089979e-01
1.029484934168316546e-01
1.026704313398019014e-01
1.046874654817044059e-01
1.059335320397805091e-01
1.030707326458674272e-01
6.903976346470205860e-02
1.006362837223528234e-01
8.837221654898945455e-02
1.048069847960345635e-01
1.048557365255626678e-01
9.881487791535220611e-02
1.008581236103696516e-01
1.058205372729576210e-01
1.004206044124863750e-01
8.901149271441533006e-02
1.016640961812344812e-01
9.968930686432450616e-02
8.726911468143715156e-02
8.514898784338280346e-02
9.818863765446808611e-02
9.998403578791853485e-02
8.111979346299871829e-02
1.046493958897961180e-01
1.043273521041845897e-01
9.966156364639285059e-02
1.023508159277356361e-01
1.037767635426253138e-01
9.743324009082771076e-02
8.520843446103412711e-02
9.028536075309087638e-02
8.841949482741323640e-02
7.766267790262500192e-02
1.024206631668247991e-01
8.161236683798564484e-02
9.823313811250630745e-02
9.890370754559443811e-02
9.513909831835247466e-02
9.808679523376780118e-02
1.045427573878935229e-01
9.930705882033584453e-02
9.563017828968418954e-02
1.053495133551637097e-01
1.008043128197018690e-01
1.036648933945158724e-01
