7.172840552816545784e-04
1.020244314582636645e-03
7.229773138176016521e-04
1.345356735693354353e-03
7.694152331357447232e-04
9.631702384309413952e-04
1.034883395570141643e-03
6.305628597176671582e-04
7.037250231648486086e-04
1.252185744483587902e-03
7.304171757956145258e-04
1.485665925913116740e-03
7.555207248823765393e-04
9.508161471935569833e-04
1.051153905987254385e-03
6.576347082351854901e-04
7.694935884260638423e-04
6.648461617143331922e-04
9.666128745709579115e-04
1.159053127388901027e-03
1.024297932864233311e-03
6.483647355305083683e-04
6.988438177650513035e-04
1.089325880837219715e-03
7.764724134478167292e-04
1.299868433189879180e-03
6.845786474565614859e-04
6.019082827527401239e-04
7.250698473460016934e-04
8.190025437184262833e-04
1.061466735264961171e-03
1.106232699697702517e-03
6.101533242680719183e-04
2.134538788256458430e-03
1.021461700915407512e-03
9.474246553758445101e-04
1.824619062165957041e-03
1.023148352079529142e-03
6.694902414287345503e-04
6.429523336983827483e-04
1.096514854079610893e-03
9.946598979418221943e-04
8.434933575097974378e-04
9.003324173185441948e-04
9.198216926287287052e-04
1.237693403349127098e-03
2.375600179798782914e-03
6.745274239561653822e-04
9.534931988197993015e-04
1.276556451793235290e-03
9.473692007373059982e-04
7.983014405185988793e-04
7.306817700197823723e-04
7.783783621100340494e-04
8.244087469032427033e-04
6.405802327711854335e-04
1.148792325946767666e-03
7.934947906959417211e-04
8.576657680518989585e-04
1.476214217865951623e-03
7.672830953285816229e-04
9.079948182613870001e-04
1.019321926932235077e-03
1.162465724418340748e-03
1.129663704291594380e-03
7.595849240820050320e-04
1.158733328367376591e-03
1.385781708396576200e-03
6.840145888374320887e-04
2.008613019579739110e-03
7.497961748517288551e-04
1.184821073267087674e-03
6.704179514458716077e-04
8.339390636904631809e-04
7.543042979885970344e-04
2.275702963571360395e-03
5.748012132180418563e-04
7.867223574569403568e-04
9.298691345513986116e-04
6.767033874561978381e-04
7.498459991955541649e-04
6.859960314299018902e-04
6.858905169587326380e-04
1.067539448111575568e-03
8.958204465679940349e-04
1.309026894059888649e-03
7.061826489322946959e-04
2.280708638328226862e-03
1.534213334774920442e-03
7.997565442257899672e-04
9.058487444483564804e-04
7.254753027234747079e-04
8.901935284261870912e-04
1.166616147371399900e-03
1.264542060939700127e-03
9.741614453027079828e-04
1.585953079344650830e-03
8.866110870688267975e-04
8.397348838003047171e-04
1.059490491116923559e-03
1.312812192576141672e-03
9.439796053611204532e-04
1.423353382661930603e-03
7.431237789325249735e-04
2.673968114372976459e-03
9.277810985266406489e-04
1.098007362586404714e-03
6.983353933029832952e-04
1.260849463558316383e-03
7.983911787129255007e-04
1.517667392530600576e-03
5.924602766761463517e-04
8.983545235874074511e-04
7.979100588567545217e-04
8.248032463241207523e-04
6.221055806446881137e-04
7.446302469648423796e-04
1.104546166209402231e-03
7.972232785393761414e-04
9.485804694934781402e-04
9.504028419142486429e-04
8.572924494468813546e-04
7.153637853752219979e-04
1.255010836322039162e-03
9.277742632438415720e-04
1.199850720970338687e-03
1.419924309472584420e-03
1.087973586091622825e-03
7.228063822289410890e-04
1.173252075799901574e-03
1.929588977187534542e-03
6.878593990065766687e-04
6.435594405810271014e-04
9.534946946662847160e-04
8.587800236869555688e-04
3.096758386558603072e-03
6.882549537915894512e-04
1.105795293420645548e-03
6.710450516221822198e-04
1.475356601102883981e-03
8.762990974633620136e-04
7.875638766202333477e-04
9.538458165932736177e-04
8.483917445916273848e-04
8.450919970531785893e-04
7.508202843092098800e-04
1.203611580123233570e-03
8.725586727318652806e-04
1.406746568714320814e-03
1.268477406477805684e-03
1.814495655120721730e-03
9.317515783335191806e-04
7.817180831127638896e-04
6.452860282287098577e-04
6.823360570210746778e-04
1.954928399039694824e-03
6.954692783345704440e-04
1.136948881553716782e-03
1.009996255461367322e-03
7.634799773420539257e-04
3.149760878817422626e-03
1.118987913603237006e-03
1.039350623589151970e-03
6.615307863164471931e-04
1.002268750408112771e-03
9.987689887341420075e-04
6.783266885315259939e-04
1.038014207743042901e-03
8.162537583693384299e-04
7.198678603653754175e-04
6.800999932761606298e-04
1.041676462577164350e-03
1.476725435172355095e-03
6.799790481375345835e-04
6.445111604505769339e-04
8.002646641105037525e-04
8.134742657297647011e-04
1.105580802749767805e-03
7.299513422080920006e-04
1.278105851577540555e-03
6.018305088756262375e-04
1.482663273809521447e-03
7.340900715583424359e-04
5.868313764632620460e-04
7.042447257935831404e-04
7.404821900003410789e-04
7.479765072434729420e-04
1.111202813783996506e-03
6.800435241028364008e-04
7.656916237405485617e-04
7.161283005977951482e-04
7.757605100863758200e-04
1.187101063724367448e-03
1.684477944114636059e-03
6.531405621273974433e-04
8.132812451442496347e-04
8.749134809179588343e-04
1.521410397407011329e-03
1.854797598936191918e-03
6.032128704830976018e-04
1.138988823951508217e-03
1.083759532882182502e-03
7.189737882839560435e-04
6.942157091079650347e-04
7.592591858201446203e-04
7.101481749277848950e-04
1.132113874848586933e-03
7.327244047888693346e-04
6.663155638267330297e-04
5.794389343474986133e-04
1.050041950463422415e-03
1.059126184717827917e-03
1.795680084205155021e-03
1.067529467045616595e-03
6.905667443130446715e-04
8.211312005983685460e-04
1.508062796083896838e-03
7.494681673993370012e-04
1.286478563222536288e-03
9.258080175710167682e-04
7.590398688878965093e-04
6.555259190835935291e-04
7.784919936159610723e-04
6.649375640020144642e-04
8.918922022349776027e-04
1.457338936253704418e-03
8.682086597749982858e-04
1.005537801679585270e-03
1.174303341764454649e-03
6.895230701880813041e-04
1.559353066616901533e-03
9.297410018404044440e-04
8.349743710904777285e-04
2.171215425846265579e-03
2.451042780366990709e-03
8.744502418368148202e-04
9.089112838200181458e-04
1.886258179386166977e-03
1.048229829333184940e-03
1.135388726492651606e-03
7.359422054638483637e-04
7.277772691536209216e-04
5.894643075392398896e-04
8.877880804341163222e-04
6.080233750934793506e-04
7.685745356488945471e-04
5.949553382420267114e-04
7.637203385897987354e-04
1.257332841744820658e-03
2.935585932535356764e-03
6.389608195055799817e-04
9.711563276726947877e-04
9.029349667117669365e-04
1.355847979869030618e-03
8.040136330436279495e-04
9.477140416604168697e-04
9.605585531183865157e-04
1.506598226985245755e-03
1.396162628837154711e-03
8.168831079077791936e-04
8.999618828747120436e-04
7.699342946274276029e-04
1.460714015321645104e-03
1.668063653138686158e-03
7.999318962118454404e-04
8.860776635442723509e-04
9.462420908027406770e-04
6.868826929342717984e-04
6.498896654789442602e-04
1.110868702109351009e-03
1.239025310482437222e-03
1.190869107372381167e-03
3.104764884858441602e-03
1.410588832363430514e-03
8.364424647609561324e-04
2.082643216113743128e-03
9.363176054009687095e-04
9.743491243202336916e-04
9.172368154271052718e-04
7.097163728130219829e-04
8.134136766171511145e-04
9.957378659119092441e-04
1.354444669575992312e-03
8.242911114365578974e-04
8.760947399432390641e-04
1.242597074697225201e-03
7.289335368167372976e-04
1.798693223750611435e-03
7.343567007561412931e-04
6.814375667504641741e-04
7.277835508658702475e-04
1.161046984953472729e-03
1.399285713646766793e-03
8.996495314442217242e-04
8.465851308058226212e-04
9.766489174716833609e-04
5.818637492366702732e-04
1.210714030895433235e-03
8.697883597289657190e-04
2.877727807478477375e-03
1.429564980088893862e-03
1.028249376638606114e-03
6.785077436207384051e-04
8.261027264183993905e-04
1.037486756523091575e-03
6.979736615788706324e-04
1.731865356375870838e-03
1.182535811684470471e-03
1.110256151351288276e-03
7.817174753174807112e-04
9.263678627774716342e-04
9.031508210656082145e-04
1.129770144488757323e-03
6.564875651883507425e-04
8.121389035193181827e-04
9.355027163599638094e-04
9.166654545617341663e-04
8.596979030817325290e-04
8.106007687836060821e-04
1.215531469553417362e-03
1.541290637609378771e-03
2.005018902459830728e-03
1.204557580643989250e-03
1.001727788732312751e-03
7.999824542446985765e-04
8.618508360204808674e-04
7.687582120817018378e-04
6.320582803164365247e-04
1.884790587001105395e-03
8.362212316585043931e-04
6.781063232245182655e-04
7.991763823088728937e-04
7.486667298587030336e-04
8.632530207213894718e-04
1.516927389647738933e-03
1.649508730881989529e-03
9.998525202706489041e-04
7.984926459313307053e-04
1.159233654445743006e-03
7.980081099036485806e-04
8.732594160177399329e-04
6.219535027044773966e-04
6.810000711728957752e-04
7.635223137530496767e-04
9.049632734658933243e-04
6.088633955940403420e-04
9.794897236068828006e-04
9.470819735296109919e-04
8.602680571779108137e-04
1.807228804139115888e-03
1.320421887994850836e-03
8.420907255863918422e-04
9.844805442671168694e-04
6.982585783371410846e-04
1.113920166431302998e-03
1.016023573974634978e-03
7.238159793723990916e-04
9.509113898835110318e-04
7.598186339983462219e-04
8.937601370784534682e-04
7.349726085989199270e-04
8.820615600063971135e-04
8.454289696421650197e-04
7.192151123125232592e-04
1.455507155502141527e-03
1.293827778093576764e-03
1.224905639192827231e-03
1.571008726813665716e-03
1.234347957091775630e-03
2.142789323654022832e-03
6.332030380384926459e-04
1.117155704271963982e-03
5.736984909678740849e-04
1.080885658605969636e-03
1.114802616759587436e-03
8.051740980254505761e-04
6.331197605845415499e-04
1.372108808787771052e-03
1.489142013217568689e-03
3.406869158999563819e-03
9.965797902864936223e-04
9.898433938396304123e-04
9.469269351184080074e-04
1.469575249229232829e-03
1.463474038268271996e-03
8.091305584517950343e-04
1.046180413152502731e-03
1.033761883265259989e-03
7.001145002630275622e-04
1.133986582663747784e-03
1.052127077359266702e-03
8.311486715647307781e-04
2.182663183016446233e-03
8.751174306460052016e-04
8.418193887880698247e-04
7.112902664035192007e-04
6.004216983820201458e-04
9.533423334810967216e-04
6.266506183944852218e-04
9.167252306678829767e-04
6.373308624564252584e-04
1.050060000663367377e-03
8.414285675294744466e-04
7.060570834828743198e-04
7.625958026342648504e-04
1.040897330764891651e-03
1.356316532263909368e-03
7.155870532464115707e-04
1.777857622603538695e-03
1.197054429646427507e-03
8.036818923393676452e-04
7.083533867082074473e-04
8.800844877582078996e-04
1.507934749554108505e-03
1.497803343109583738e-03
5.991730588202769277e-04
1.111406833063019722e-03
1.873008526810663677e-03
8.388008922223732459e-04
7.424241211365706014e-04
6.866894340681358030e-04
8.355470277291203928e-04
8.096086857657814728e-04
1.128891834050938696e-03
1.623239294721348733e-03
8.211893348411840234e-04
1.463914422069274900e-03
9.074140058471055108e-04
1.515963762984565231e-03
1.375505886306371134e-03
6.831524234149644612e-04
1.558901896102451263e-03
7.429402755959518606e-04
1.462419051747476705e-03
5.915894431643077718e-04
7.982611063624823859e-04
8.380322586296027080e-04
6.606311560889786133e-04
1.245991960800147454e-03
2.605068740584816009e-03
7.058753007442763929e-04
1.078616703385531801e-03
1.270879457977261298e-03
7.682388505402587466e-04
1.067681478288004266e-03
8.470998998109664346e-04
7.678347607317040921e-04
1.093176888756010367e-03
5.895609349865462345e-04
7.189975650763960223e-04
1.140735616773861944e-03
7.053009330012098869e-04
7.895622115423332928e-04
1.041538636189077820e-03
8.826781869749405433e-04
6.492770462023649295e-04
6.478596909066319061e-04
9.705557043372428335e-04
1.209201485552850990e-03
1.745651667074345605e-03
7.440828003097369608e-04
8.610590312450672537e-04
6.318941432823611598e-04
7.776922375038696194e-04
7.056242347474370570e-04
7.991882872436204292e-04
1.333286145878060215e-03
1.242151340318939411e-03
8.367821418410723066e-04
6.865582179956585072e-04
2.266039226706850415e-03
7.325843795222620244e-04
1.103502052696107155e-03
7.772622035641464687e-04
6.766791824408125832e-04
9.443960738845847726e-04
7.455349711597195452e-04
1.270427742889752940e-03
1.255075396350559171e-03
9.310140751083027973e-04
7.783391331417942099e-04
7.920754412466710862e-04
1.097716657388923128e-03
6.470461210045841448e-04
7.315298795317729018e-04
8.835741104701507484e-04
7.772029596335081319e-04
7.496981291233758681e-04
8.817213513202914587e-04
1.421481855085055326e-03
6.489638863907779562e-04
1.285663245849251804e-03
6.014625083816239979e-04
6.034421102371374931e-04
1.176098328340573250e-03
6.394350688500298908e-04
7.079396164459267338e-04
8.498842872030603485e-04
1.070345156438036243e-03
1.042689519113237494e-03
9.731563701673100848e-04
7.514147866529997380e-04
1.307999897125533811e-03
6.808293430385689961e-04
6.549718010957188011e-04
6.120508504539488512e-04
9.707434638355371846e-04
7.381096141956159469e-04
6.420138066960230042e-04
1.063510531146988087e-03
9.430429189448912659e-04
8.815451690019828358e-04
6.729579238082963140e-04
1.191855143964449647e-03
1.136794848563256336e-03
1.437896693387615910e-03
5.958693576997770892e-04
6.230351224557218598e-04
7.510931087421088368e-04
6.490939222080435462e-04
6.812071167889343975e-04
6.920723673771353966e-04
9.304189297159504071e-04
7.177525126142028167e-04
6.980818891304682800e-04
7.701587630693622084e-04
7.423015371798437996e-04
8.471574003968185317e-04
8.471348591613416098e-04
8.294720080651100383e-04
8.536516667573066774e-04
9.727559447608209601e-04
1.116580632417912139e-03
6.352193510134773085e-04
7.574234995889633131e-04
5.903590216141367400e-04
1.494315914237116317e-03
7.753260827036479765e-04
9.271622691459305158e-04
7.322797172470196575e-04
1.265690823732823359e-03
9.513848114535404261e-04
1.315039766184330008e-03
9.094100102004423064e-04
1.162981033587226314e-03
7.040233079102617593e-04
6.906961640666033769e-04
7.329981465428624847e-04
6.358919233928427396e-04
1.760308110520103844e-03
1.565571987411000596e-03
7.897260140176477544e-04
9.364135495106896447e-04
7.358684020132703115e-04
7.819262681429818389e-04
9.190416715333602762e-04
1.162004262779118245e-03
9.602183420503386697e-04
8.864936327002665524e-04
9.259122018534749962e-04
8.183457484728131866e-04
9.445536390317141491e-04
1.382371870539135213e-03
1.325974624800934677e-03
8.114851996628445535e-04
9.185924739580948609e-04
8.188521414899690596e-04
7.062654513184965467e-04
7.966890181921940095e-04
6.852658379678349928e-04
9.851232158031601391e-04
6.175241262863655255e-04
9.096228154827409179e-04
1.043458605069233361e-03
1.139279761759124298e-03
6.870023114074466294e-04
1.276094622593627013e-03
1.058694393575394495e-03
1.063975167340794207e-03
7.091021289233205615e-04
1.136397333385781800e-03
6.721510237206914902e-04
6.873462558318781720e-04
1.640183483517069184e-03
6.042131654300644328e-04
6.590590135061237705e-04
1.034716390348352361e-03
7.864022162135342288e-04
1.593611526063042939e-03
9.043726301099381517e-04
7.209568647751882263e-04
6.660503650014376652e-04
1.408448319103056123e-03
7.936663978020064509e-04
7.779842771539143042e-04
9.945064288554422965e-04
1.060767660742318284e-03
7.175081228812864743e-04
1.306328393135843804e-03
8.565684993724713685e-04
1.633603005836930730e-03
6.488304490246493651e-04
1.279353049583210151e-03
1.039402943878760125e-03
1.037744061650412372e-03
2.281152291915362375e-03
1.065751947399758018e-03
6.364765779128141437e-04
1.069831811230890660e-03
7.916937919233180436e-04
6.226325640070981028e-04
7.622867059371915555e-04
1.977080063255026200e-03
9.825456515070488638e-04
7.412930081835593724e-04
9.521388961009690866e-04
7.110802698716610446e-04
1.277741397386748280e-03
1.460432720182189064e-03
8.620313719569583713e-04
6.496681534167999357e-04
6.212299786494842029e-04
7.879795530539536116e-04
9.634934213013691701e-04
1.568466644008555599e-03
7.255884078228216211e-04
7.094602626612170771e-04
1.263201253311693924e-03
6.790972422981646391e-04
1.010196359413805456e-03
7.007986617509358220e-04
8.411669567946398985e-04
7.969829978938946938e-04
9.347193059926829943e-04
7.794814335526676708e-04
6.616668255365037304e-04
6.132688912549458596e-04
6.206083195634316298e-04
7.881013107813514273e-04
5.949862908230601176e-04
6.849249406691257673e-04
7.961198398395758933e-04
7.563953350326988335e-04
7.091841921695642972e-04
6.886741356571503487e-04
6.781100444252794249e-04
7.891058990509031840e-04
7.022993159094625222e-04
6.756301116153242770e-04
1.449797720601739368e-03
1.052348744574654578e-03
7.336653597969301950e-04
5.847526809244208128e-04
6.763858299592345269e-04
7.462074626888784553e-04
6.466624702561429416e-04
1.208292194553504950e-03
5.952476282992117318e-04
7.985911682868546916e-04
7.045070570493120474e-04
6.492476321283774604e-04
8.931659690612605076e-04
7.760477851176299582e-04
1.001367808943977528e-03
8.401061959247992485e-04
9.476388451011798957e-04
1.827600783631281147e-03
8.464373288707014104e-04
7.170657759650091731e-04
7.017811065812078978e-04
7.322951500814410845e-04
1.110892345032657869e-03
1.246017280635360958e-03
1.032937281153659863e-03
6.451593226025066326e-04
5.878753060913541589e-04
9.848884567433535946e-04
8.516451706336173114e-04
1.435153584596750775e-03
8.379000075627021302e-04
8.127481233156216758e-04
8.321480223531814826e-04
9.516967162481882857e-04
1.394272136335203980e-03
1.238446963279049009e-03
6.270770772466549006e-04
8.529497302550454341e-04
1.344572723879532963e-03
1.496123657803140545e-03
1.205087157797522747e-03
6.702443495802923009e-04
7.923137584006160724e-04
7.042711141226058085e-04
8.819432836603516594e-04
1.192437629917281715e-03
6.962776235898997983e-04
5.884246062648289645e-04
8.659658094987437603e-04
6.513806196445518296e-04
1.802299789754922528e-03
1.458529107764464528e-03
1.112953733669450572e-03
1.528226507301710122e-03
2.340078128451698273e-03
8.456526949877508480e-04
1.351930163339437998e-03
7.178408812288519054e-04
1.191761691058559284e-03
8.714802965293752708e-04
9.083831268176961217e-04
8.789641093726208599e-04
7.827717641537142949e-04
1.736890264038953510e-03
7.367664348536883496e-04
9.107268627479920197e-04
7.213978026049943249e-04
7.596536328446150356e-04
2.508531159903568293e-03
8.788279609046651840e-04
6.380262682072538032e-04
6.271129672888954478e-04
9.346047333067663415e-04
1.346870198946578190e-03
8.582266708832685543e-04
1.228363234789097780e-03
9.305045776816238574e-04
1.107014223721851072e-03
3.995878223520800410e-03
9.097200975373294883e-04
8.463577693996795484e-04
1.955881074913511184e-03
8.109832000151593126e-04
6.563081674198107405e-04
7.477054275951995751e-04
8.618653745760023388e-04
8.990599543110811259e-04
6.349930452775615769e-04
1.631864585532108924e-03
8.389631231940392498e-04
9.070781012331610325e-04
7.806375626227068194e-04
7.691448185022027898e-04
7.324918953539306899e-04
1.788601941666416841e-03
1.387987547433429782e-03
6.272345824681268504e-04
2.235935818121430937e-03
8.348968891932390156e-04
7.226025946953418310e-04
8.852027703557933426e-04
9.972302878660677800e-04
7.174372878665722904e-04
7.527663170249582420e-04
1.184286156766760269e-03
7.569169876186631219e-04
1.010976169430307693e-03
9.256020022093852141e-04
7.596732968951912550e-04
1.150410975194502122e-03
1.125010596154658263e-03
8.365053395359969488e-04
8.600593696300851522e-04
8.167638049828862025e-04
8.173804099893497996e-04
7.298712341179815037e-04
7.121104852380650716e-04
8.178838792880415093e-04
9.684215331262791427e-04
1.252679778813420687e-03
1.171780609958203824e-03
3.583367349751395009e-03
9.240062098155247660e-04
1.012717519309096594e-03
1.216994206703496222e-03
1.590440518985768896e-03
1.137222239499906251e-03
7.793526792661184793e-04
8.129312242710862125e-04
1.649152466935079660e-03
6.169771925015922476e-04
2.204033263119937937e-03
8.216465692290992814e-04
9.442336369618284939e-04
8.315190832744196597e-04
3.226440424879821120e-03
6.687383842329088293e-04
7.374838250857474863e-04
6.568123952827499990e-04
9.179533079792751103e-04
1.921230247609520460e-03
9.218542077233750137e-04
7.395985863901237975e-04
1.258254306961100301e-03
1.147182062154262052e-03
8.970424767823112445e-04
8.522108545047569388e-04
6.556186039971213710e-04
1.230348968581968568e-03
1.096201067878649739e-03
7.208313302639067282e-04
1.725567395759986097e-03
7.248896303813261773e-04
7.321257688543555357e-04
8.911372616968557710e-04
1.045535519374353852e-03
8.512023375954311157e-04
6.107555542915541055e-04
8.559855698157073931e-04
8.043316420475165327e-04
1.088895699791654192e-03
8.960199577708983587e-04
7.760500141152893664e-04
8.091080521520316142e-04
1.508585616494721162e-03
8.076705371347024090e-04
7.053469557155416783e-04
8.683204150412126687e-04
7.434578658205607486e-04
6.379048092049546814e-04
1.516345681466105223e-03
6.979157207308307178e-04
6.739054762449466158e-04
7.088394173869674983e-04
1.144590507081035598e-03
8.263859643162837360e-04
1.694080388545697504e-03
8.582227119292306933e-04
6.376453889518054943e-04
6.947782403772660058e-04
1.420611332220984022e-03
1.093785690649344685e-03
7.339717449756546618e-04
1.377728125783645374e-03
9.549389997960100983e-04
7.386363870413969589e-04
8.032852863131750365e-04
6.834619533719120225e-04
1.506041687547688985e-03
7.439347523661864105e-04
8.809775217465294628e-04
9.458254085373576621e-04
6.172064388666779425e-04
7.235928202291826497e-04
1.461553574685507499e-03
5.991647284750003860e-04
9.229679174340405358e-04
9.416309983707564502e-04
1.233027298732289811e-03
6.783008252077055069e-04
1.376643848451970234e-03
1.363894013648751877e-03
7.052001990547578222e-04
1.138312404483273095e-03
1.144362992557224458e-03
6.779824760381694291e-04
9.547230452925023741e-04
1.031052016158979286e-03
8.154461861533399743e-04
8.389922081595849396e-04
1.221726866412071229e-03
6.300976683292769387e-04
7.387254865526136005e-04
7.241514348751643343e-04
1.173108975589307870e-03
1.211040387369831991e-03
1.147532568958381863e-03
8.746218906038840573e-04
8.560924199804464995e-04
7.633893743465196627e-04
6.927533390563656111e-04
7.434382372100268145e-04
6.827731222546819809e-04
8.448326283716063806e-04
8.540102808169001058e-04
3.471967586985442739e-03
7.111619326758234850e-04
7.512712403995699039e-04
6.957352457899261241e-04
8.730721522949918493e-04
9.962441215423736840e-04
8.044718944701479768e-04
7.645308858828301192e-04
7.744393502654397295e-04
1.571770374383155448e-03
1.193541257905525281e-03
1.340462579654482997e-03
7.442621612503216725e-04
1.086113289494379085e-03
7.789466616741954480e-04
1.665316735612072576e-03
7.898372508015832167e-04
6.144960698459931044e-04
7.093752137421160649e-04
6.819645770834754797e-04
6.944384840349652338e-04
8.586987492630313631e-04
6.541628725272545649e-04
7.165176686954715648e-04
9.740833579407668068e-04
9.571397835709110355e-04
6.262016062101989590e-04
6.988768892537501392e-04
6.547585644458337904e-04
7.773979684112967753e-04
1.790934018636159558e-03
9.699338349020265003e-04
8.522460926769636225e-04
6.949300887746126228e-04
1.665494379427903161e-03
7.841852350516124656e-04
6.455915144703213175e-04
7.295128784648456568e-04
6.460465307854233730e-04
1.385139909005414852e-03
7.072380282240599237e-04
8.266716539324130619e-04
6.209814507244154147e-04
4.081971384328518006e-03
2.513772866925699685e-03
1.208547775305982962e-03
1.280744461766362020e-03
8.869477461346239383e-04
7.448673257364858214e-04
1.137145359130193895e-03
8.110382994306823256e-04
7.849907076214479324e-04
6.971071868262460752e-04
7.571125537677460661e-04
1.021820115093994554e-03
1.095862069138320684e-03
1.175432016363826652e-03
7.583025269963429181e-04
1.117601251171797304e-03
7.494767569802023759e-04
1.883422385691091959e-03
1.597262148158876127e-03
7.847985593267877563e-04
7.695740390855024954e-04
8.444724048100683616e-04
7.775841844331001949e-04
1.199316319710871243e-03
7.829578126004870398e-04
1.647843104991087403e-03
7.355787660379032190e-04
6.442115267939428885e-04
1.194937498156779365e-03
7.618088488510001187e-04
1.787047731697508079e-03
7.857687430304441953e-04
1.356248466000636302e-03
1.160567263331185785e-03
8.751099283253907339e-04
7.523333601079351110e-04
8.838430570253007559e-04
9.711319636493735913e-04
7.886852905911044716e-04
1.135432474472797010e-03
8.912444903510492820e-04
6.691148860374728337e-04
1.209842015990851907e-03
6.470339845789975248e-04
1.544912161300004451e-03
8.835725699257680407e-04
1.033391346010474870e-03
8.529011483602747879e-04
7.924757223514963854e-04
8.254343695235844729e-04
7.808269495382104105e-04
7.264209436934818392e-04
9.468745767750100240e-04
1.445665351750564064e-03
6.842644895516076598e-04
1.011914931606209319e-03
7.007871879126511758e-04
1.284735321686080291e-03
1.096441782188571808e-03
7.022251429983461350e-04
7.583139795120261107e-04
1.296989018647227120e-03
1.002504350836446248e-03
9.379565501869839604e-04
7.155778559238816939e-04
8.124472031013276353e-04
1.147868105349510170e-03
8.733784358420857959e-04
6.267841367490972022e-04
7.010103796651493205e-04
8.554178512479057410e-04
9.476132153843023348e-04
1.206458540032059965e-03
1.016827740957161174e-03
7.947806004563020069e-04
1.140238431214056448e-03
1.166005172514571761e-03
5.870075958855609051e-04
7.848644487754531315e-04
8.405841981738557036e-04
1.247503378914848783e-03
7.117361873221569489e-04
8.078669610909559179e-04
