1.004424913321924672e-03
6.402145630704438473e-04
2.264075060055179955e-03
2.103175681792008363e-03
7.626377295467971426e-04
8.124360189976731570e-04
1.326903048983879389e-03
1.508871906387531390e-03
9.324406920953624486e-04
5.689416761808018886e-04
1.105557098323556612e-03
1.048641260642997749e-03
5.285249424361683273e-04
6.513529935893790741e-04
8.399158841496512764e-04
7.184404438664336113e-04
1.138027119436508649e-03
1.757150554876043842e-03
6.866348261613128496e-04
5.536853801080991256e-04
1.383381467890108536e-03
1.342629795384405172e-03
8.919538612640133578e-04
7.387174371283759854e-04
8.416590402829494206e-04
1.008453116883078603e-03
6.910125646584563486e-04
1.297976119948479699e-03
8.196409285840989970e-04
7.935218849990310300e-04
8.816527537152778204e-04
9.666227526251541368e-04
8.338572582148691056e-04
5.758881181103077613e-04
6.296937872491497300e-04
6.841466608267355145e-04
1.011029074968774122e-03
1.304468503998208869e-03
7.414922202063747901e-04
6.553095971100776065e-04
1.158393085212186232e-03
6.095243353045763819e-04
7.261089506103403845e-04
7.650316158530435845e-04
1.681325162382281890e-03
1.660883625985944004e-03
9.141732804593034629e-04
7.589785524787690018e-04
1.220856478580861987e-03
6.136448797759125979e-04
5.135866373805745471e-04
1.167622790865273765e-03
6.419026260461649629e-04
1.146229151542786911e-03
6.750939806863049319e-04
8.409141801846793576e-04
8.135670648590990605e-04
5.564177764560893340e-04
7.677365993591641702e-04
6.430515407561559517e-04
1.215372209771404394e-03
7.925178600595250786e-04
7.911068482478850975e-04
1.126341690426616591e-03
6.511936195143853186e-04
7.651809895437886684e-04
8.724391782663960294e-04
7.945069914076329084e-04
9.945087806328095463e-04
6.154243258777009583e-04
1.030077446026568663e-03
9.459755893078978855e-04
7.083957511280075670e-04
1.625543717661990725e-03
1.106700520399370039e-03
7.995677562348276314e-04
6.644127964042964270e-04
1.271598209068725092e-03
1.174860957321048833e-03
8.523385255729615728e-04
5.393951203157323340e-04
1.359747310480966366e-03
1.424874261509575515e-03
1.167720126450604457e-03
7.225112805497032687e-04
1.298089625486868780e-03
6.627702188491721002e-04
6.230274377208434682e-04
8.360716773214625598e-04
1.082162879885625092e-03
1.169971178192238210e-03
7.550703354360020466e-04
8.716177825482954644e-04
7.744336932289315511e-04
9.080509947568675714e-04
5.618491692020337932e-04
9.184255691636129988e-04
7.853235920862031887e-04
8.952449573571565587e-04
9.164865195930638805e-04
6.745364199734163891e-04
9.173385618417734819e-04
1.612859131423751780e-03
8.428852464910122034e-04
1.130164162897135793e-03
9.916765729024485006e-04
7.810198118430302858e-04
9.685745352955682204e-04
8.799898669311447853e-04
9.506429673030085490e-04
2.443298293956744360e-03
1.181397126479614154e-03
2.306868634391176856e-03
6.701867882375416681e-04
1.482146628369429130e-03
3.347287653218152317e-03
1.082313429278850860e-03
1.161181426898472363e-03
2.001756774103744582e-03
9.440329236419857340e-04
1.409092095878818583e-03
1.781139687593430486e-03
1.138503604258668837e-03
1.357233080253842858e-03
1.321522120068472630e-03
6.348394789160606696e-04
6.293775223789558216e-04
7.725783861565882612e-04
1.056847891994424369e-03
8.890446782416771979e-04
1.549790309828468762e-03
5.948533962062403473e-04
1.997973024374895875e-03
1.115267242423987433e-03
6.840813092087984432e-04
7.057991977498772468e-04
1.596415469701460785e-03
6.804026894264068957e-04
9.208526024236238965e-04
1.195485995739069360e-03
6.867856550622426001e-04
1.018795869728033590e-03
5.142680942450400658e-04
1.674974161214159941e-03
9.130218286192175918e-04
6.063872787299772566e-04
7.443208302900032299e-04
6.668836243250356307e-04
6.080488661219596649e-04
6.944877173145573958e-04
9.381610434504374400e-04
1.176232585044235859e-03
5.574642251101333615e-04
6.317773061446688935e-04
1.321513716405643213e-03
7.722689077352031927e-04
7.808549514771022815e-04
7.798552676295622630e-04
1.569276018061934634e-03
8.909545146513199411e-04
2.181790712310014650e-03
6.113017095276276989e-04
1.340259165657491742e-03
7.994285636072884747e-04
1.228244481496256141e-03
1.088795372907145525e-03
1.765559839990220271e-03
5.169795708214714553e-04
1.032421480729618386e-03
5.418321064025971405e-04
7.410223510423782521e-04
1.875843729787339152e-03
9.821508821814452922e-04
7.713614013894942636e-04
9.750938534218452471e-04
7.604350037181099734e-04
1.113962863747547686e-03
1.645350366718684567e-03
7.835534190639638526e-04
8.137587145644397746e-04
6.483866762854857647e-04
7.640453913357787580e-04
5.908975354539185675e-04
6.152614705013908624e-04
8.493223440864516166e-04
1.176639551741884759e-03
8.417525657344827796e-04
5.793007401335367474e-04
8.474509356380537138e-04
1.251139220685836212e-03
7.196298369126584828e-04
7.448225162067901141e-04
1.569370823504635630e-03
9.522648561044112954e-04
5.389920758486848283e-04
5.192587727094963041e-04
2.266196585278191632e-03
5.451433752852877582e-04
1.039341055507546959e-03
1.231910163100493954e-03
1.037275710221970040e-03
6.426307075278038603e-04
1.951532067219040193e-03
1.625652738182754506e-03
8.712515981003233611e-04
6.149413020102756540e-04
8.711185718166770606e-04
1.389385307794563417e-03
7.524351224803756425e-04
5.901210284166677651e-04
1.331948179951895732e-03
1.019905530486869697e-03
6.551232052607329666e-04
1.161428766233424956e-03
9.695355963208645341e-04
8.473678347356587617e-04
1.851332599455280357e-03
8.829654669233152117e-04
3.253042901902312642e-03
1.406071571022039822e-03
6.096541428439184980e-04
8.071590344074897711e-04
6.972185811782789962e-04
2.069664293666330108e-03
6.334719395374247821e-04
1.656991881408759583e-03
6.678396412676338703e-04
8.117792980706524646e-04
6.193225387519019813e-04
1.038520246244260901e-03
1.023822638813647566e-03
1.213574760160568422e-03
5.691069198978452844e-04
6.709844825145627138e-04
9.120218136209805402e-04
7.731743304360904441e-04
9.347816530110737970e-04
6.152283989707690729e-04
9.268516401208654054e-04
1.081389316841589081e-03
9.936072558951079218e-04
7.760674386037105018e-04
1.048448335881038912e-03
2.280049930212276702e-03
2.512011298151553117e-03
1.550152512987236844e-03
1.419018279090689550e-03
7.695481164394304702e-04
1.124353509729561539e-03
8.622747446368529429e-04
7.064219662611324587e-04
7.657096903575347528e-04
6.037294768328666005e-04
5.895627705967880581e-04
1.034928102337569688e-03
1.450465130965526792e-03
8.884271594537263830e-04
1.459637853675490931e-03
7.961891111622984313e-04
1.700714464918992499e-03
2.213663481497412516e-03
7.348728556642314391e-04
6.239220047918982767e-04
8.057016288509909500e-04
6.063663051039098030e-04
1.845651658809296198e-03
7.330095653866648556e-04
7.615706900005475176e-04
2.525818617740804677e-03
1.286594622965931073e-03
1.452375122707765930e-03
1.227209182503701326e-03
8.938083539927276595e-04
8.150182493731518299e-04
5.173780116189078543e-04
9.410026302339958779e-04
8.885334790357183720e-04
5.602237544258596670e-04
1.110251834909865235e-03
6.405714743270835140e-04
5.982828705928112771e-04
6.686632025358255722e-04
5.807209813692266152e-04
1.439054477977268383e-03
9.882963679399058097e-04
7.308775907336185996e-04
6.136761622205781815e-04
7.920094950533733890e-04
9.687955106333586731e-04
5.308875955711616842e-04
1.452420685242277474e-03
6.262964300631492995e-04
9.733271831153411007e-04
9.537297363528748906e-04
5.894016437390772658e-04
1.079823257722926488e-03
8.940355719876260472e-04
8.580691710736428144e-04
8.754038067645332922e-04
5.782721580731398732e-04
1.041449002844578803e-03
9.190582502494791745e-04
8.036132743816403520e-04
8.549458615869562610e-04
6.626066353290550361e-04
5.481364870439802989e-04
5.943901476507956489e-04
8.217680422991407085e-04
7.370213832106559462e-04
8.465809771230094465e-04
7.374585003278977908e-04
3.254203502879080175e-03
5.742323968179394427e-04
7.339517675205904255e-04
9.279038597155858268e-04
8.659633871101599838e-04
6.313516383733990033e-04
9.664929821470516231e-04
7.227428822032224342e-04
7.322977299839527601e-04
8.580622114678172546e-04
8.232648268076368792e-04
1.121004161321091999e-03
1.352309711430463692e-03
1.055958092330068574e-03
1.253032140238600958e-03
2.575734752537136869e-03
7.499739378896764282e-04
1.398787192364557520e-03
1.097912271682523200e-03
1.242045995172221537e-03
7.983160982322723377e-04
1.393852540740228964e-03
8.565229568095707787e-04
6.578193150042917735e-04
1.423977557420083064e-03
4.514975062240488002e-03
1.288711881946944839e-03
9.717730453776006515e-04
8.440507528326191044e-04
5.704094488317499982e-04
6.967265566679143977e-04
6.091265295315644122e-04
8.618026537313250952e-04
1.048433937153698701e-03
9.286666235368779216e-04
6.232282381983582581e-04
2.180549240797375905e-03
6.697289057427137631e-04
2.196890458756949483e-03
8.520005213982297142e-04
5.155464713449943665e-04
1.328184598516379085e-03
1.097064610611091879e-03
1.103281980309231370e-03
6.201581062377865741e-04
1.337934510533038846e-03
9.892849800719129456e-04
7.011592581462772764e-04
5.401107473536504323e-04
6.377827694515129627e-04
6.546921727732544832e-04
8.935860637077032084e-04
1.100814654147678606e-03
8.114573650068191693e-04
6.286983963594639305e-04
1.035699061092741494e-03
6.446660700465401935e-04
1.308605722459266468e-03
7.341621388750360459e-04
5.140233038866113581e-04
9.091800307566077566e-04
1.648313520994759262e-03
7.010628431987627829e-04
9.614755792852982706e-04
6.774465047393580077e-04
5.963801532486918185e-04
8.976094051776395454e-04
1.598294984436591159e-03
8.620318711986070439e-04
8.056054377358201754e-04
6.643203184230999899e-04
1.203469103423160207e-03
9.979642873166540314e-04
1.109096728375225972e-03
6.100712509105592641e-04
1.615460128374403325e-03
6.144834826408994465e-04
7.326165890300263134e-04
6.111519056520500889e-04
1.160842993619480568e-03
1.041842981242097413e-03
1.274752428127109809e-03
1.017792829699071169e-03
6.890655243940230950e-04
6.230751306755778415e-04
6.214687977263143879e-04
8.503638513083383067e-04
1.029446834072166202e-03
9.206082076779082421e-04
6.783093765119251398e-04
5.644291093352578337e-04
8.692819169781282633e-04
1.069141009010629280e-03
7.056679673998266867e-04
7.034920710410844796e-04
1.014060820946825064e-03
8.593664575247387692e-04
8.554413776091392401e-04
7.184311041892877921e-04
5.990582366507177627e-04
6.944335731577504786e-04
7.332906528029748110e-04
1.004241207006453113e-03
2.691108114939065859e-03
6.313177277032568655e-04
2.019967197090718428e-03
8.294121353929530000e-04
1.507430870690013068e-03
6.397912625324915286e-04
7.239129948597036821e-04
1.403581071561273499e-03
8.067479028978630489e-04
6.437391799580847269e-04
9.415812519822136691e-04
5.448626495480685594e-04
1.005260622834284589e-03
1.008398441245200944e-03
8.272303754733975785e-04
5.916453363162551366e-04
1.004278906365732192e-03
9.144287617038408507e-04
1.536576580289786709e-03
7.012456101360250082e-04
1.077954064048103951e-03
8.307467792447837621e-04
8.415368934627095662e-04
9.944241048507724244e-04
7.672851523007032278e-04
6.319263654891166130e-04
1.185176000631011327e-03
1.190901695612331911e-03
1.221294669579331589e-03
6.473425281909166466e-04
7.563305441196455439e-04
8.722945893617255675e-04
1.090759791502599963e-03
2.927027785347540920e-03
1.428003495023835896e-03
1.600470511235776473e-03
1.345572163485269550e-03
1.264537678835279694e-03
6.741491519086737633e-04
6.125232815586379668e-04
6.250859038667060325e-04
1.093129090048196739e-03
7.646477059532254825e-04
1.535333348793801187e-03
8.625400404151024360e-04
6.185892076218060419e-04
9.263541609650810006e-04
5.282395117704865662e-04
7.262261793090781740e-04
6.444859677001131635e-04
1.674386400268858786e-03
8.958534705856518836e-04
6.333554319163527775e-04
5.315422850244017321e-04
8.843879626408002311e-04
8.588110498162910807e-04
9.975118913681936365e-04
2.323848159394820579e-03
6.040618109857004989e-04
1.123917780273712497e-03
8.276876537983592205e-04
1.025202167524229963e-03
1.203736049931603078e-03
1.002326892953409347e-03
6.634573047628515661e-04
5.878794693370268439e-04
1.037848880637435656e-03
1.011943508696380115e-03
8.658232814026530725e-04
2.101463404452428609e-03
9.697119334546270165e-04
1.019941644059668131e-03
1.932020989907669078e-03
6.467072175672948552e-04
9.100815708430795960e-04
9.154614756944199532e-04
1.043576838042777153e-03
1.038541885075821040e-03
5.819306593378589755e-04
1.142925393157930404e-03
7.617716762643707371e-04
7.927827740262544543e-04
7.172801130019010665e-04
1.154539102844898829e-03
1.201067579229218082e-03
5.243976973098643784e-04
9.904799004843639967e-04
7.225193213356309813e-04
1.181720113375386372e-03
6.130309623959185770e-04
6.302292143451433595e-04
6.769294797184543556e-04
8.140303263308235667e-04
5.357809656363096522e-04
9.515149636306466157e-04
1.020772191592237386e-03
1.508350736012047848e-03
5.733812526746677333e-04
1.231123840488857098e-03
6.381253365070251732e-04
7.438583484431593278e-04
1.000456273805622100e-03
1.535222034631910770e-03
6.271252069014875575e-04
8.018964084972638687e-04
6.116609579179218322e-04
9.228626223432024591e-04
2.401016641527386510e-03
6.565346001991851244e-04
8.837862644153780594e-04
7.272642066590655468e-04
1.063816485192301464e-03
1.287380771317792267e-03
1.090384908034421107e-03
9.095073058784936947e-04
6.062713079591501748e-04
1.920793774006524521e-03
1.101281791076411370e-03
2.173197915010843546e-03
1.000152096575499796e-03
1.239572713044488888e-03
6.968809952960916196e-04
6.517548653214203609e-04
1.239613384884374024e-03
5.944578967352318099e-04
9.713229985407142476e-04
8.038222306668391885e-04
1.415230173463127286e-03
9.290030437414360060e-04
9.363315381823513221e-04
6.721055721497918353e-04
9.727891001007327697e-04
6.891137320635187325e-04
7.330272186203318262e-04
9.763100389502039379e-04
9.176099360074357328e-04
6.076882943762009328e-04
7.237031011455745746e-04
1.399457135514170633e-03
8.740121112862649999e-04
9.011550092891913244e-04
5.885502395845147380e-04
1.730354030844282994e-03
2.695218805035843202e-03
7.990889075002812923e-04
6.278923976764255472e-04
7.761050251028523295e-04
1.997752381414537315e-03
6.205000999588121272e-04
7.719939365904114614e-04
8.017434272669662172e-04
7.369111216036316027e-04
8.800359891997210906e-04
1.763630934431848277e-03
1.461666508176187249e-03
1.142461056300119512e-03
7.415595659513245751e-04
1.265490293947128114e-03
1.160780323515276996e-03
1.014323028020680745e-03
6.924178847287721988e-04
2.896899266527077407e-03
6.553921111450786846e-04
1.151527641705846075e-03
9.916794534361977453e-04
1.160001559404213838e-03
7.080590810092388457e-04
9.270735833603030353e-04
6.986698452845112924e-04
9.492329600966086011e-04
1.172974389202218653e-03
7.109370480281416039e-04
7.771231865242450576e-04
7.331034323528868137e-04
6.143785445036880743e-04
8.613960227189674992e-04
8.784279656328003753e-04
8.760957829901283751e-04
8.729725740145104738e-04
1.007656003721899094e-03
8.129948825003850948e-04
9.042557343340808153e-04
6.342221646404214543e-04
1.271277107186101702e-03
1.565813114497918625e-03
8.914396145744821805e-04
5.555928732200298564e-04
9.803808993427282070e-04
9.840826787350868531e-04
1.652479239907164764e-03
9.025215399736641851e-04
9.608600317535343849e-04
8.507451436774580338e-04
2.731457052306455243e-03
9.443546216733401987e-04
8.788226645488640947e-04
9.374895719472675507e-04
9.474906065975535968e-04
1.008888688049618034e-03
1.244491112517004958e-03
4.100167510579354885e-03
5.091703559017411078e-04
1.043453040982086607e-03
7.763238857514033085e-04
8.915114350870640293e-04
1.034391346980092401e-03
8.123295541882445377e-04
7.064129929792592683e-04
8.269497848146516346e-04
4.977773100018640512e-04
5.832721349972540660e-04
1.383429112794795027e-03
1.179622900203412209e-03
8.929773315229968655e-04
9.100457614507906096e-04
6.928190513357371022e-04
9.404408797903737608e-04
9.946116143607350909e-04
7.015486008757691435e-04
7.569089697513278888e-04
2.444647137579331053e-03
1.555719987421515542e-03
8.477625162756012144e-04
1.134272338266231620e-03
6.048402316039615300e-04
6.261095866405055064e-04
9.553693140893162626e-04
7.801946009326674557e-04
6.413497085018957577e-04
8.506307402623759263e-04
1.141401825106707355e-03
6.495809869080157841e-04
8.801410306286311163e-04
1.106736137130346883e-03
7.123663513150782414e-04
6.775102884389123861e-04
1.183931366639452568e-03
8.698014578387122707e-04
6.748412984224360939e-04
5.972276249972496799e-04
7.199190866640340931e-04
1.268403276583792523e-03
5.014609367276878348e-04
9.117608973242931694e-04
1.169783588528752619e-03
9.116985379603335720e-04
6.518607442866796884e-04
1.144529036171320745e-03
8.942816278366910818e-04
6.990889421438377166e-04
1.031053334870071650e-03
7.897288042409305372e-04
1.497319045062009456e-03
8.290799315160768748e-04
6.895364418955302922e-04
6.959961122431749820e-04
1.344066369593512359e-03
1.295399253244693908e-03
2.927219624708081273e-03
6.626416921381338620e-04
2.660774067387562409e-03
1.205410978451323511e-03
6.607838578815020212e-04
9.734592312686165400e-04
5.309672087255069579e-04
7.785162984103547335e-04
6.841169354005378640e-04
7.614876121914163033e-04
9.804844791795734073e-04
9.911253324509554721e-04
6.491155933301081572e-04
5.504567936924757319e-04
1.264603448085218230e-03
8.224837381372474433e-04
7.550593818615597159e-04
1.963974596546138283e-03
1.409322082846717079e-03
1.103806245995874423e-03
1.057428938077141587e-03
8.039701396484940374e-04
9.364473423116564249e-04
1.341844997653736556e-03
1.311097720839871951e-03
1.223967212598674409e-03
1.096536188698152108e-03
8.380528595470774405e-04
8.688808430354891168e-04
1.076413124743340463e-03
1.172015004821993275e-03
1.226252800946821394e-03
7.436369122165139081e-04
7.524144761592839546e-04
6.900023550576124326e-04
7.066145770856811564e-04
2.255941091338518802e-03
2.165322850924323965e-03
9.380063202232856228e-04
6.782076470151635669e-04
9.624469280488628497e-04
1.058260215104394686e-03
6.957705382770216574e-04
8.859721812601103899e-04
6.400755656340305398e-04
1.038152624453828575e-03
7.166549043079985465e-04
1.017426240112554500e-03
8.471769547688898661e-04
1.210128392125642055e-03
2.522908527340190100e-03
8.453930810374359322e-04
5.502376858541300781e-04
1.298056779733515074e-03
7.932320288713248704e-04
7.651794682002373152e-04
1.119096660723775151e-03
5.883824164914698172e-04
1.248003799382561146e-03
9.961765855141125475e-04
1.575533249710533556e-03
1.197895073437545144e-03
1.078238238952104007e-03
1.176953477352711726e-03
5.592240934894597559e-04
6.185519276375983297e-03
1.083075995066167235e-03
9.300556381704268207e-04
8.432960526226524357e-04
8.357412460988264099e-04
9.068494472367574387e-04
6.834141093717179807e-04
7.391214563605186293e-04
6.579120842893093363e-04
8.394563904563505548e-04
1.714467604231829402e-03
1.452534329044541730e-03
1.329036831195742245e-03
1.390650913902701565e-03
5.766268681039163390e-04
1.002920551885237623e-03
8.190635438279329642e-04
8.679927410094606536e-04
1.004525384335927920e-03
8.142982433785995837e-04
1.061778506313978791e-03
9.677837175029243167e-04
8.035344774053528342e-04
1.603227888826872383e-03
8.057635840644928726e-04
1.055437569481201777e-03
1.081747450687361002e-03
6.011220011955149822e-04
9.705024151620057250e-04
8.461562416191266509e-04
6.255485734069654320e-04
6.449670548677472609e-04
5.921718402235877062e-04
6.440401122417904268e-04
8.119416602118844544e-04
6.974085855121507551e-04
5.450251883852722055e-04
1.783903956817804335e-03
9.181735169710126491e-04
1.120459177053137858e-03
7.930166456285728596e-04
6.960674383120099258e-04
8.922977039510791896e-04
1.375696936801435507e-03
9.434429904165539567e-04
8.334411998713339795e-04
6.940020059869830317e-04
7.367782670092273356e-04
6.653650031945547655e-04
7.844933882802114077e-04
1.185056989592638390e-03
8.640067569937328424e-04
1.631049916927216313e-03
7.973041132053057881e-04
1.514938883037436970e-03
1.240854347608368307e-03
1.056387735420780474e-03
8.987809761609388218e-04
6.030198331824888165e-04
9.871939860362664507e-04
8.141966672500800537e-04
1.703858150686671409e-03
8.280516913108584972e-04
8.611364303588436983e-04
9.424817417613866929e-04
6.316735923685381409e-04
6.925910673665694592e-04
8.336884357657878926e-04
5.099263362771652491e-04
9.834650628930557709e-04
6.630449584543508280e-04
6.727028135348153172e-04
6.316401978976965382e-04
9.185469915089538358e-04
6.575012110173849948e-04
8.593075289439630832e-04
1.888867722002113931e-03
9.965665660120576978e-04
8.559315906944933066e-04
1.127996134064715526e-03
5.935311381349634352e-04
5.200746803415599254e-04
8.413731739866454808e-04
7.577954546592446244e-04
1.694473295260857156e-03
1.059423444421320150e-03
6.098116315355179250e-04
1.397165665996819885e-03
7.404619064696899835e-04
6.542786559697555101e-04
9.785127097114534097e-04
1.043423508619824129e-03
5.853744627521645458e-04
6.510893032836551205e-04
6.891023933995435490e-04
5.688098276028482128e-04
1.008131735864647863e-03
1.184633944464300211e-03
8.415026722459916690e-04
6.896386213817102054e-04
8.347586403659776983e-04
7.589999594795262140e-04
7.495325655471622890e-04
8.273000677543395709e-04
1.089265081891494088e-03
7.727457179017461087e-04
1.035606114025848122e-03
2.315534297992825029e-03
1.074345347165358297e-03
1.191194069612603896e-03
9.822708574942844943e-04
9.759633353978164469e-04
9.607952975516368321e-04
6.879523455990208935e-04
8.622068016603934683e-04
1.327917204074622942e-03
6.898448721313865358e-04
1.045799365914195029e-03
2.886694852738440602e-03
7.402069026958651944e-04
1.009554042152976602e-03
7.381133736396983764e-04
5.827045671472561028e-04
9.297371473297956403e-04
1.383634162902730707e-03
8.626004358045618594e-04
6.545728367315599818e-04
7.470511167944805407e-04
7.556233736144580279e-04
8.082781143942003319e-04
6.740993964783624547e-04
7.711876825280775680e-04
5.948935753196726373e-04
1.100431967424706772e-03
6.876093549393138844e-04
1.062670700936650453e-03
5.044166483503964181e-04
8.838127005378028844e-04
5.156412672012246389e-04
5.380644537151386920e-04
5.832031398665788423e-04
1.022621862298764761e-03
1.164260707240746080e-03
2.162095062606512151e-03
8.694149815851846558e-04
9.736995048420384697e-04
1.021707461486026213e-03
8.383128020370241625e-04
5.784024017231945277e-04
6.524552223816676867e-04
8.014518478265694832e-04
9.442901006469226269e-04
1.001500498133877466e-03
1.233840079170193558e-03
9.813431776135473229e-04
6.870037740022718296e-04
6.225542957350914614e-04
7.257613855127447800e-04
8.813031720926866198e-04
7.222939785312731996e-04
6.201452516260655846e-04
8.341250310236469900e-04
7.478750435933713761e-04
8.498312591316934273e-04
1.002198273123554957e-03
2.418274031756542479e-03
6.815866608185539325e-04
1.097494714212217436e-03
7.617597406316594993e-04
1.059509197357057925e-03
7.908254429351422232e-04
6.781804275214479462e-04
1.421306048645852322e-03
2.424715364445008490e-03
1.192435039106146859e-03
6.230981258568574774e-04
5.862679925617065614e-04
6.297611838934776517e-04
1.185556457217691812e-03
3.156667480074799945e-03
8.426206179523486675e-04
9.298175238893040002e-04
1.292271652493039418e-03
7.656641653578902425e-04
8.916239647994772055e-04
1.282685843552601674e-03
5.506303002933625283e-04
6.028840020934645447e-04
6.592649380695562869e-04
6.959066696091320732e-04
6.792808122274862116e-04
1.016724202215247685e-03
9.158509427070110403e-04
7.899027122250207008e-04
6.355518281557192813e-04
1.046965157069082528e-03
7.235815684026517111e-04
8.181570529044621901e-04
8.782047096816383760e-04
1.066947783187821401e-03
5.773916323972757289e-04
6.640803851268873561e-04
1.130014534709274619e-03
9.560795048540799606e-04
1.085458243770349041e-03
8.363334969333058961e-04
1.353955858000552553e-03
9.235904696395717643e-04
1.057477862825612416e-03
9.354209535111130151e-04
1.149639421589391045e-03
1.055148525502038045e-03
2.133573865878160558e-03
8.578129966746644635e-04
1.803425062685436913e-03
6.807361008887742593e-04
1.368478945096015349e-03
1.706674529161069168e-03
1.001797124653459664e-03
7.419862649003507128e-04
1.379915596874628936e-03
8.243765239987990321e-04
1.260102469975896882e-03
6.081513278100812974e-04
5.658993216148134730e-04
1.310319341350290809e-03
1.220269724250219430e-03
1.085283697329918673e-03
8.120961012202418221e-04
8.623668134834892732e-04
8.878365084881895174e-04
6.910416486822393116e-04
6.574560409425137582e-04
7.092386287505977579e-04
1.021138539854637116e-03
1.176367533721897835e-03
1.905954231812646837e-03
7.310347698484808429e-04
8.430063118936678875e-04
7.482555275006158579e-04
8.392580608691497341e-04
1.796020015206202351e-03
5.734949522223635899e-04
1.097338241515337463e-03
6.794247665889662207e-04
1.129336339444151705e-03
7.889587748505390687e-04
9.477489650327298272e-04
6.814720427991134526e-04
1.268535838761133787e-03
5.456891848487896218e-04
5.557094135708377748e-04
9.076485196155905126e-04
9.465717314941970301e-04
1.159298706537029416e-03
1.174251234283184503e-03
1.096829752651186504e-03
6.713055219155643393e-04
1.365975743594115277e-03
1.026972225929782823e-03
9.766355762919683593e-04
1.521822939161223548e-03
8.514771180058597561e-04
