1.956886060226941559e+00
9.122041373116503982e-01
1.404679509710062169e+00
1.887492686055078472e+00
7.662383041238380876e-01
1.457945411638614797e+00
2.277781838175477080e+00
2.361706394276645415e+00
1.934312716500159901e+00
9.699598184410027635e-01
1.812841366271846777e+00
6.918775796941538658e-01
1.179207409559685615e+00
2.208679692479535550e+00
1.112649802956677370e+00
9.290803684132866724e-01
9.928657668625391342e-01
2.150523544378062368e+00
1.599511170784903014e+00
8.828187601969847975e-01
1.584274405703581357e+00
1.838857906163674505e+00
1.087202505554336840e+00
2.518760454566276508e+00
8.395801361413786079e-01
1.692072769925870190e+00
1.309387385163152562e+00
1.978104353771447776e+00
7.985771474842694451e-01
1.657729240567793916e+00
2.241935248734543862e+00
1.596643264553140762e+00
1.633821311986977776e+00
1.846030920845553869e+00
2.344776569416680889e+00
2.174431925641063135e+00
5.579425822934082069e-01
1.144562728182004552e+00
2.463409837943287162e+00
2.506577451039738946e+00
2.181948517210026584e+00
1.741067084076430627e+00
6.464552422249665309e-01
1.576261834662122663e+00
1.349403042378851003e+00
1.853806596177902666e+00
2.395787269161794963e+00
1.829457999189726403e+00
2.258507272786060671e+00
2.204564179058842388e+00
1.717665295374615209e+00
2.113003408155189611e+00
1.171620470150902982e+00
2.492334197232092485e+00
1.026080671257868282e+00
2.065414540696765222e+00
2.152387230801383389e+00
2.512646565657419728e+00
1.914500153746049538e+00
1.640971145762826211e+00
8.364776808150377052e-01
7.550529137306902783e-01
2.168727931914677498e+00
1.025197957698549045e+00
2.096306709614442543e+00
1.557364227224705910e+00
1.189130248381135457e+00
2.014958520333790304e+00
7.177068258585703742e-01
1.189390206043742682e+00
1.981042341619106528e+00
1.955610267638405952e+00
2.399536642693688826e+00
1.827992285563198260e+00
1.049405097743267845e+00
2.329380245126546622e+00
1.367950425486469390e+00
7.170823391797336299e-01
8.305835998512397511e-01
7.645668877386320172e-01
2.299175714973789031e+00
1.371468704075516243e+00
1.382274725694226492e+00
7.495191108231746835e-01
1.747925349411668883e+00
7.777206629231654400e-01
2.008464753206148590e+00
9.681579772696431441e-01
8.698745565487630005e-01
1.869812174702567331e+00
2.516879869950460424e+00
7.866210953925888427e-01
2.248359187575002860e+00
1.023194931743662162e+00
2.521661251561196693e+00
1.426491705294922419e+00
9.709115310698162027e-01
9.482741159898246952e-01
2.125831347568558627e+00
1.130088737176160318e+00
1.536801553224215189e+00
7.171492668828316486e-01
2.412689855598113553e+00
2.056675336857407110e+00
1.640914433777114878e+00
1.012081399318541575e+00
1.523094025981062583e+00
1.187221824649702384e+00
4.128690293768846886e-01
1.061553968053617014e+00
5.283596520798384821e-01
1.663449882515168232e+00
1.758640234946218017e+00
1.547483238003602990e+00
8.277139255415820740e-01
1.404702908165553987e+00
1.058493612071247592e+00
6.542475198541217729e-01
7.205182510755079317e-01
1.141814465036993465e+00
8.045349579559178954e-01
2.401766626952606565e+00
2.324476384427222708e+00
2.494933804588856052e+00
1.632551158630111132e+00
2.383459880506265005e+00
1.493085565259346659e+00
1.536378985917995932e+00
1.759738690972756592e+00
1.417231522277187183e+00
7.299845449758326499e-01
2.033083141978951236e+00
1.943932363965309440e+00
1.924737166035380476e+00
2.248563983318888404e+00
2.495707225916078631e+00
1.053170494180139194e+00
1.454579183988992996e+00
1.004466940597210423e+00
1.331070931875309116e+00
1.098887525241927454e+00
2.136115432663837854e+00
1.193037693664821708e+00
2.445599943087493955e+00
1.670204245080944006e+00
2.495010379302122772e+00
2.317908383242329506e+00
1.607434840508236373e+00
1.507900862835447997e+00
2.299790505594706769e+00
1.245019258413050833e+00
1.865202242046214653e+00
9.261691038513159002e-01
1.745430863184301407e+00
1.996397090641126137e+00
2.120941990286882906e+00
1.692665740379439843e+00
2.440866379623400029e+00
6.838247507023395011e-01
1.955919939089482140e+00
7.573427285069750381e-01
2.382347646335987168e+00
2.428578709312050776e+00
2.322026494266677510e+00
2.420463561728663393e+00
2.021841232723473603e+00
1.045941435933932295e+00
1.754037803655670302e+00
2.235085182078514254e+00
2.134447733543762382e+00
2.365929642188129733e+00
2.498837396578755143e+00
8.458271167302376936e-01
8.767563644929377009e-01
2.415494089717672210e+00
1.596401146450535657e+00
1.380808419609923288e+00
1.086593528118157570e+00
7.368220683416458749e-01
2.441886811800989321e+00
1.240262366597110200e+00
1.499430717856595763e+00
9.791256606744838109e-01
1.648031451978189788e+00
2.293214744299214569e+00
2.464393417437868550e+00
2.110764735215044041e+00
2.387695311475969806e+00
1.789986756983867000e+00
7.361495213081270528e-01
1.064438609194588992e+00
2.212104251000103883e+00
1.231189117613852746e+00
8.280618223522637766e-01
1.493411201699349711e+00
1.323441676965952052e+00
7.819606306559327979e-01
1.849202258363593199e+00
9.661929710990940778e-01
7.433382084804346368e-01
2.259728109225330961e+00
1.360036189224683278e+00
1.461752637898680707e+00
2.083123820091628442e+00
1.890029553264359174e+00
1.975965356293586828e+00
2.234992062152863390e+00
2.105251398919383732e+00
6.834403233821074730e-01
7.325129623772288490e-01
2.388800675134781670e+00
2.498819762545307910e+00
1.732832578139888557e+00
1.527335832004433236e+00
2.280362875318134197e+00
8.264947482809679169e-01
1.851196777435198282e+00
2.212558660191926929e+00
2.397419129994692533e+00
1.014560120995054326e+00
9.925346541748281126e-01
2.041960435387538464e+00
1.999280221817764103e+00
1.024748725604390565e+00
1.816945197769575415e+00
2.170241329854786017e+00
2.443517753354437438e+00
1.976217734921006830e+00
1.678551677236165718e+00
1.319312916056269547e+00
6.719347035637226462e-01
1.845271967985393058e+00
9.563169505689657068e-01
1.139720923330509228e+00
1.365604657762711005e+00
2.179437662435184997e+00
2.494136201302585842e+00
2.128883468755891517e+00
6.039630350326748998e-01
1.001708137355632022e+00
2.518420628384951510e+00
1.019145726757917592e+00
5.145121925569374755e-01
1.445471111813862342e+00
2.475847824319736823e+00
1.575064366861646858e+00
1.833984421782954621e+00
1.980157941532605825e+00
1.272475865725087640e+00
1.745496820456617915e+00
1.359368324970735564e+00
2.456889193896687917e+00
1.354284174863019441e+00
1.731669746394097320e+00
2.156268551937930766e+00
6.303982886324004387e-01
2.474537530914041383e+00
1.678146171938488251e+00
4.518562906148519409e-01
1.664129953692680797e+00
1.037778614518020781e+00
2.417442591836402421e+00
2.152862617104993159e+00
2.269079892178502256e+00
1.943197707179437295e+00
8.196657355434431302e-01
2.414309441322912253e+00
1.286953800237606194e+00
1.516262206192136308e-01
1.837196044323667232e+00
2.518110860467575485e+00
8.135565118117971117e-01
7.350170683824773787e-01
1.509125324351576980e+00
1.495576747354751213e+00
2.378415930930622313e+00
2.041454758918090029e+00
5.892478856629133066e-01
7.786214119502954389e-01
1.792266899988147699e+00
1.714410333552885524e+00
5.795915401073165052e-01
8.665680366551675728e-01
2.098796219213705072e+00
1.756410607849623329e+00
1.364925730426507000e+00
1.332584249903620899e+00
9.143775123818846939e-01
2.051984698547438590e+00
1.217799821162617535e+00
8.498105925504351177e-01
6.507347441536597277e-01
2.284690019311450548e+00
2.168085043192997219e+00
6.697829833589331594e-01
1.379747957772446521e+00
9.055716985629196358e-01
9.753882397779111146e-01
1.409646214684483478e+00
1.597570136666848883e+00
8.585370532651525055e-01
8.123192292856235008e-01
2.364222522478182320e+00
2.401394214452130083e+00
1.877214799332017625e+00
1.833437793601928156e+00
6.930586985869648942e-01
8.802477157928916274e-01
1.494660146214018770e+00
2.310984364366644783e+00
2.270108511250394923e+00
7.646022569779675759e-01
6.079111905120041515e-01
1.578521250958142774e+00
1.672472795604997620e+00
1.555701816161447759e+00
1.892213184801904147e+00
6.479550916720581144e-01
1.580477826676368824e+00
1.705398412939503450e+00
1.435793185285069606e+00
9.501628006708489060e-01
2.090818173574616523e+00
2.039648437548596149e+00
9.759057062024302232e-01
1.933562771835965588e+00
2.419155348268289263e+00
6.907482523501189409e-01
1.460952042840456988e+00
1.445524611973215467e+00
1.744443958801502825e+00
2.383451776593987770e+00
6.933486563627961896e-01
4.433728671462416893e-01
2.486606266104966600e+00
4.867436350214584539e-01
1.761037920165248183e+00
2.156872598907934258e+00
2.095098866245647340e+00
2.140071746451205126e+00
1.270194808928049701e+00
1.536749818819021396e+00
8.650533968602541757e-01
1.474767888924868320e+00
1.240649440921397284e+00
1.889558002834058614e+00
9.777943315614165964e-01
6.830487122291185598e-01
1.612548299749055669e+00
2.511816991201667459e+00
8.543624191413732305e-01
1.570748611558437480e+00
2.146037985181533436e+00
1.216679238877771851e+00
1.167855382708098189e+00
1.485465123247283747e+00
9.656484518835983799e-01
2.417506505104000780e+00
1.691126334411147791e+00
2.181309098112898415e+00
1.146557520880042258e+00
1.616362581209997762e+00
1.691456194750151854e+00
1.437332686952755401e+00
1.887375957015832384e+00
1.918436408261740889e+00
8.595765311935695818e-01
2.129254014687316676e+00
9.609041542930584212e-01
2.378008728237672731e+00
2.308449598776295630e+00
1.484217653219748190e+00
1.099642839136922179e+00
2.457758453119884390e+00
2.255013172394534582e+00
1.639583951343285051e+00
1.100506217457812408e+00
1.544009599482957684e+00
2.269890185853378206e+00
1.095037492975051929e+00
6.042890832016595271e-01
2.512145154678392611e+00
1.010122850732913635e+00
5.181929782533969409e-01
1.206740898392535621e+00
2.080536190620831949e+00
1.844281795943328195e+00
7.849040215968541290e-01
8.790609175162592548e-01
1.684177632009952630e+00
1.270802406078664459e+00
2.395166690268964338e+00
2.385058690514082702e+00
2.249097726963334765e+00
1.965602088149456472e+00
1.253656781724639124e+00
1.279402992333126932e+00
9.873246677968086082e-01
1.325999594131014536e+00
4.154543454213139309e-01
2.246699523211888483e+00
2.325975139307447037e+00
1.510577017999914062e+00
8.357286407736816969e-01
2.515978994902225097e+00
9.099016187722700488e-01
6.372444787332127714e-01
1.013151612559475723e+00
1.490205361235606318e+00
1.326904889256556253e+00
1.846944776546127764e+00
9.401371320493839834e-01
7.610448584921349902e-01
2.356701467213970780e+00
1.316628602151818761e+00
2.014632122794472124e+00
5.314524829842065534e-01
1.954925222146465913e+00
2.309311391804325542e+00
4.769514361669954794e-01
1.704074528510596931e+00
5.480500890387239865e-01
3.566401319796404512e-01
2.064362198740532506e+00
1.674485524438935169e+00
2.325099468347460618e+00
2.477895583752964814e+00
2.414349927574163779e+00
1.903786433737511663e+00
2.434437453111373273e+00
1.736017234900369521e+00
7.471178757486522937e-01
8.478023880696209380e-01
1.835209191911634896e+00
6.537277655953126487e-01
8.165321633025526271e-01
1.894929103233512713e+00
2.435380580258145411e+00
2.097410373196956890e+00
2.424389075566653062e+00
1.457469093514786929e+00
2.141551127340735938e+00
8.702109419161996318e-01
1.963848167837300984e+00
1.938878240572907918e+00
2.212258938957261556e+00
2.136040113062493528e+00
2.491573920974576417e+00
7.112550460338202818e-01
1.177233294163912314e+00
1.285619356099200639e+00
1.179861882911702020e+00
2.125354165195745715e+00
3.203055681237633179e-01
2.418682630326156602e+00
1.714830553642490374e+00
6.489835355547675100e-01
1.208376277038489821e+00
1.749336349975766591e+00
2.308046413185482759e+00
2.197168388884555679e+00
2.454740693887634606e+00
1.303211700954179708e+00
9.729308939499609066e-01
2.427145823821505122e+00
2.452404082422005249e+00
2.411994889216092286e+00
1.221123177137760640e+00
6.841538264941071645e-01
1.118019073884962689e+00
2.391950945373480408e+00
1.284694114475109172e+00
8.208473829212971085e-01
1.746605669414400319e+00
1.251210298479320970e+00
1.239362080784146558e+00
2.295421784777793128e+00
1.089274565560637065e+00
1.155064339702829290e+00
6.776864852067925327e-01
2.187632151451321505e+00
9.876982745007668596e-01
2.031742818487269009e+00
2.104110757707636559e+00
8.454018848211033443e-01
2.263821587724205830e+00
1.397471785737102401e+00
2.389967346900426559e+00
2.130323954571548217e+00
2.360223959737879795e+00
8.649819324705517731e-01
2.405334472948564617e+00
9.091023936031754626e-01
1.069399696376374109e+00
2.387201325594535462e+00
1.417864453788167944e+00
2.189270677864566750e+00
1.041444861547276890e+00
1.154407083163635717e+00
1.612589707169753472e+00
2.124281788257549319e+00
7.802975740375756031e-01
9.581996043351623804e-01
2.151635716144844057e+00
8.308730133441541987e-01
1.085341694727070427e+00
8.286508259918514696e-01
2.041042038563368965e+00
2.336371471662547439e+00
1.178774387385962852e+00
1.066049482368971235e+00
1.651721397218446796e+00
2.481313531809487216e+00
1.661819526733201435e+00
2.005952483919319018e+00
1.005399663132251264e+00
2.197556363805988067e+00
6.250357551836800418e-01
2.068241761627322539e+00
1.715711344097909041e+00
2.019865769166420577e+00
1.606725062408109306e+00
1.882362258477927375e+00
1.801038255684029865e+00
1.076743876850333903e+00
1.540109737858314620e+00
2.379107469655075136e+00
2.151087676544613192e+00
8.859211540255526041e-01
1.259547964328772585e+00
8.409916024201780083e-01
1.204945756275539681e+00
1.699415534746576473e+00
4.426714141414094805e-01
1.901890420549439797e+00
9.478153790765910802e-01
1.884462450447803361e+00
1.214979217356644270e+00
2.277791718068744142e+00
1.663201806873351396e+00
1.620893385857546720e+00
9.614147945709264897e-01
2.125258311397520306e+00
1.675752873366936235e+00
8.673594114409486355e-01
2.246955980050471258e+00
1.151020837316194090e+00
1.317563087812770428e+00
6.636321033789036594e-01
2.441712786160610715e+00
9.546628983471836527e-01
2.263005914174417210e+00
9.477459558490296532e-01
2.261820214530265272e+00
2.238875021431568690e+00
1.907632652442834642e+00
7.152434947448320646e-01
6.266459906588702777e-01
1.856867081491237359e+00
9.724629815728429438e-01
2.231941618813138017e+00
2.267579413753185058e+00
9.564107129346017810e-01
9.509649690828329005e-01
7.423714800576639572e-01
1.033889117665668378e+00
1.542189812955565786e+00
2.258479125081156003e+00
1.558721482732682739e+00
1.790506204898536291e+00
9.369527612795938154e-01
5.672902839012914367e-01
1.101840653476057197e+00
2.254535389518111721e+00
2.255742725235279078e+00
1.910560272231756285e+00
1.432040723404537808e+00
1.050941338342569642e+00
2.134293114045426876e+00
1.200398679687218584e+00
2.479639551264717134e+00
1.149017399285970908e+00
2.288541473950455263e+00
1.549818298791899585e+00
2.202275383467128922e+00
2.446438177849865170e+00
2.500915505973690056e+00
8.354483869029482035e-01
1.546925022022425988e+00
1.981157623039968341e+00
2.020390952427732589e+00
1.365555400533465802e+00
1.068915434379073881e+00
1.963448829648041238e+00
7.306488408808378132e-01
8.110572603670493930e-01
2.171880817956059140e+00
1.432763734278282630e+00
9.330526004713118882e-01
2.075052141938465766e+00
2.193178716281573237e+00
2.067835971386401628e+00
1.791581324031462419e+00
1.926491569423252059e+00
2.157792772075845189e+00
2.464906059669160765e+00
1.727120372963910189e+00
1.005873943388011060e+00
1.188933718537214412e+00
1.545057809501080071e+00
1.589635700482985525e+00
2.241207309110220258e+00
2.322095212399864828e+00
6.867990531464902570e-01
1.511420720043856081e+00
1.106498507081673521e+00
1.235866320385117678e+00
2.203093903589198099e+00
8.814178831573453721e-01
2.261163406744385984e+00
9.811467927625244778e-01
1.373779381000767685e+00
6.403417033913392231e-01
1.278327658165134828e+00
8.105768907687651570e-01
2.501670085589094761e+00
2.268308230717217544e+00
1.832961255661674116e+00
7.360261714663632882e-01
5.527562581666258801e-01
2.371643197050614660e+00
2.189189953297581148e+00
8.658743010360889780e-01
5.232827690057327841e-01
1.081207969900654486e+00
2.101614358160026619e+00
5.339264923555540054e-01
1.029029571481682614e+00
1.707053248520190358e+00
2.599028853893491364e-01
2.396390609069092292e+00
1.910737716066843284e+00
1.444990776290257406e+00
2.247548240610551584e+00
1.231568183408324968e+00
1.615674088573300970e+00
1.799170147665263508e+00
1.797628656509270284e+00
1.678869323874645714e+00
1.937735060349459637e+00
1.925475022956244286e+00
4.918151692673958242e-01
8.285680456539645800e-01
7.466297671612744935e-01
1.547633922285728270e+00
2.202870045124629694e+00
1.399702765365709700e+00
7.160998560037845628e-01
1.416835236710882295e+00
1.323650446743040998e+00
2.076428404755463308e+00
1.072853772134875427e+00
8.365410321457891207e-01
1.646722769998085534e+00
1.999364060375552921e+00
1.932098142564679044e+00
1.448307445988938236e+00
2.213184082586021617e+00
2.439579090745152001e+00
2.290990552803457092e+00
9.415635548589911252e-01
2.126535202709249006e+00
2.252416945971081663e+00
9.868605860526843410e-01
1.590660977808473930e+00
1.911408174601439525e+00
1.925484109980102332e+00
1.036246319525839121e+00
2.448850150940097059e+00
6.758534816311081439e-01
1.581605916919110788e+00
1.565577851889223382e+00
2.169531859933933049e+00
8.576227158277276441e-01
1.873506607595611273e+00
2.420866393567881580e+00
1.603728572314209844e+00
1.421009476990404030e+00
1.385079356978149878e+00
1.168307183552038886e+00
5.110104938375976680e-01
1.500912337658213414e+00
1.091848521765525382e+00
1.820258416659664258e+00
1.582641928407114706e+00
1.890583873107053003e+00
1.970540591441955591e+00
2.007257860043095032e+00
2.468019924274324151e+00
2.048832381015132320e+00
1.027381619098565180e+00
1.448535263653482952e+00
2.519175070053010224e+00
9.497418787458529188e-01
2.138615194174504186e+00
2.126988017328461211e+00
6.627490903149022561e-01
6.846018882110234127e-01
1.694102458702110292e+00
1.096266899444089615e+00
5.058995007810224154e-01
2.509918337242790010e+00
1.903418337286899797e+00
9.949920993161730509e-01
5.507588362204962618e-01
1.026829739412381315e+00
1.798041162545430671e+00
1.392230612883720964e+00
2.168348461976326025e+00
7.182354898691545309e-01
1.131426676406096288e+00
1.133527620121355106e+00
1.203813460463030394e+00
2.090487070044483531e+00
1.818504000467531245e+00
1.632534821648383705e+00
2.373451263743203477e+00
1.758394522643946578e+00
2.029102931373132801e+00
2.085435402938768501e+00
1.359229879467638513e+00
8.703390415567758831e-01
7.955709387050111658e-01
1.819523624159469222e+00
1.336788185073851887e+00
1.204044134963052626e+00
1.765090650084092161e+00
1.190511436318133498e+00
1.930252409555676341e+00
1.856215473227352586e+00
1.708797077333382042e+00
2.309783466190098888e+00
1.937229972537761080e+00
6.588136742532729739e-01
2.220310323249685247e+00
1.788954397858353973e+00
2.047134521842131960e+00
7.413741185646726128e-01
2.365337522578140561e+00
1.385798379383538448e+00
2.196470409616232189e+00
1.204521408338981914e+00
1.816999309445830102e+00
8.808990267091506565e-01
2.496240091524230653e+00
1.755481340013035130e+00
1.065960153169676294e+00
1.609361994638246696e+00
1.489123784942708806e+00
1.878024764088244147e+00
6.499752535290496125e-01
1.976021437017664972e+00
7.942229399184506100e-01
1.828294126991491630e+00
2.515003066446498625e+00
2.205950967551415953e+00
5.902264745052135941e-01
1.830480135478972370e+00
2.175074032123444301e+00
9.918657963378478826e-01
2.116608794408536998e+00
1.434498931979631520e+00
2.419064152856819305e+00
1.712969090916725889e+00
1.574296461836076411e+00
2.509833977559080331e+00
5.521206454097997707e-01
1.218909056311650696e+00
1.342864467307545162e+00
1.644551484590806911e+00
5.949752131334641314e-01
1.732958876700687378e+00
7.851679542526281974e-01
2.215333639634026852e+00
1.257072617968004069e+00
8.691744541338369823e-01
1.569476253444350489e+00
1.895614041328350874e+00
1.635520205565757390e+00
7.456842833114052382e-01
9.876202152246035260e-01
1.289899937312083189e+00
2.009825046046341157e+00
2.479400647485559439e+00
1.616247514361230042e+00
2.207676860459065971e+00
1.990298513332175112e+00
2.130579334388129631e+00
1.643925523897054486e+00
1.812386840727086224e+00
1.582582482389646161e+00
2.029895887579403979e+00
2.221397110655567886e+00
1.480315691065753558e+00
2.411539728369094693e+00
1.670969859534055413e+00
1.498087562326591460e+00
8.564425139187461511e-01
1.246152496651442787e+00
1.485119649762620009e+00
1.249309899616326991e+00
2.090993545565631884e+00
2.341594055964328902e+00
8.490960548041267542e-01
1.188204259717387412e+00
1.332537613816309419e+00
6.198713125859609541e-01
1.493575049900468965e+00
9.719799926547132429e-01
5.169164958225758166e-01
2.308076590837679465e+00
1.119777353541770548e+00
1.597807518244635627e+00
2.280570068903030378e+00
7.296293637327498915e-01
8.619816734013425741e-01
1.980958499750272050e+00
2.506356208348548442e+00
8.336467315677446033e-01
2.003646768337998374e+00
2.429517577895636826e+00
8.537908412804757763e-01
2.340494595774826436e+00
2.211652861274592485e+00
8.503950304525180748e-01
2.285612519541154075e+00
2.000197890434352477e+00
2.332578942177285342e+00
1.113937482262541634e+00
2.297957232998859567e+00
1.422958607659079222e+00
2.217659455280902581e+00
1.195765225354770367e+00
2.349073756682125591e+00
8.057145786883066485e-01
2.408785414303197925e+00
1.473534921046163459e+00
1.108966415559714536e+00
1.420929392262453961e+00
7.367099249347176526e-01
1.238847407797521338e+00
8.206221765804829760e-01
2.257272203110759268e+00
8.186183350125904035e-01
1.889398904195440210e+00
1.813417721593455045e+00
1.419791276581716666e+00
2.486843504900964064e+00
1.290858436678043120e+00
2.219555686934915339e+00
2.278456664424734157e+00
1.894857095073383402e+00
1.168496142002871441e+00
1.292885372083009132e+00
9.080754455500497091e-01
1.856010984939048925e+00
2.369835748217025362e+00
1.937628823650039855e+00
1.706251182140217981e+00
2.361088639623414309e+00
1.813971895697298553e+00
8.922402186862864459e-01
3.534191823243517661e-01
1.387945887176806004e+00
2.319515286314252300e+00
1.964572367121330210e+00
2.034813707386736503e+00
2.029309624827037695e+00
8.305554048685233060e-01
1.033397101165311804e+00
2.244550742125731357e+00
2.488426316673557182e+00
2.122816294711062035e+00
2.116289583109325800e+00
1.767091300325908776e+00
1.384772323471622713e+00
1.664134873117570912e+00
1.693373520891183315e+00
2.218652727974085526e+00
2.453182087483262386e+00
8.158017744555778883e-01
7.835754323522331477e-01
1.498798970186709933e+00
2.131504440273705114e+00
1.504166564783804061e+00
1.487711176613973674e+00
2.021928265639172828e+00
1.038413473391907038e+00
2.021791459897742893e+00
1.208424644309720186e+00
1.149148146074093102e+00
6.556604280058369039e-01
5.067300184359609938e-01
1.818475738580245915e+00
1.164015478460622477e+00
1.425748980935056531e+00
9.558204302384335493e-01
9.155211329192416425e-01
1.108323086363585119e+00
1.679709774662483834e+00
2.035138017179974668e+00
9.816435565755664561e-01
1.955676071747723510e+00
6.168530787421476758e-01
1.559380791894362295e+00
1.305058624949310353e+00
1.037022980948106188e+00
2.488077168493153746e+00
2.064239420983089435e+00
6.117035950527764943e-01
2.186684704466183238e+00
1.299169766177182606e+00
1.994445028704480594e+00
2.509077608872100296e+00
1.274249936672904093e+00
5.652293917044218796e-01
1.654555745958269819e+00
2.007111961644526765e+00
1.732406431418573201e+00
1.995254031631192637e+00
4.650991853356442052e-01
1.921546662997878796e+00
1.241570379925255097e+00
1.562421800133218186e+00
2.281445576608700510e+00
9.546864273921977784e-01
1.830716600107826331e+00
1.751601402123356799e+00
1.479420876995548362e+00
5.544491943302704007e-01
2.479955553817800418e+00
1.791426570937190599e+00
2.409505038304206259e+00
2.347981683635687933e+00
1.124071207460943578e+00
2.093438034562519867e+00
1.039700207047002500e+00
1.653628208979669001e+00
1.509387001186179633e+00
1.868630981584218587e+00
8.779243351063305001e-01
2.220165059294814114e+00
8.202697572318162766e-01
1.830601845123894789e+00
1.689548526215938429e+00
2.300132880511486455e+00
7.133567517521625101e-01
1.702493635464914723e+00
2.482583171726104876e+00
1.533536906290035029e+00
2.036206013687129168e+00
2.014901028317620302e+00
2.397541063378769710e+00
6.785628659513182059e-01
1.594652637788685157e+00
1.979593495569354378e+00
2.339479624015618597e+00
1.551480000989463148e+00
4.809323111598841627e-01
8.886303590935028529e-01
8.530027899746067677e-01
1.364325650341507545e+00
1.914622449745728927e+00
2.173435245379318648e+00
1.665062570522078067e+00
2.333982833668559298e+00
1.862304627648654121e+00
2.153759946904306499e+00
7.248463647099294693e-01
1.551878232917496714e+00
1.056373651858372620e+00
1.714512157643937273e+00
9.212694124113351979e-01
1.242466480620375791e+00
2.223428548750044698e+00
1.039977149802730816e+00
2.306522243273938511e+00
2.339704527140806789e+00
1.986063063933451334e+00
1.297167359433128553e+00
2.134962675089599582e+00
1.298033635039221645e+00
1.471379444869985509e+00
1.506386908417221893e+00
1.730309483860043906e+00
2.329719895594766221e+00
2.457374591383493012e+00
2.379077107939631119e+00
8.706645049188735941e-01
2.066192290157339517e+00
