6.078744319016667758e-02
1.082962495486027577e-01
1.030968246619873852e-01
9.758334363967204050e-02
1.104659699387254557e-01
8.974042262719975072e-02
5.038862506632825478e-02
1.185081612176443755e-01
1.118962701369291129e-01
9.323178286224399758e-02
9.168077365801849399e-02
1.220547474078248346e-01
1.203850974895150916e-01
1.038956871719358133e-01
1.214803709898463896e-01
1.017153744152916872e-01
1.069119867640221377e-01
9.343820918727169245e-02
1.079103688566322439e-01
9.222787067021782914e-02
7.477096631694735152e-02
6.915983199894212841e-02
8.872172846910265920e-02
4.370212881502773955e-02
1.158926267006501892e-01
2.100586144231321450e-02
1.205907466559312663e-01
1.167713415274378580e-01
1.182465141704479167e-01
1.103973682849156146e-01
1.119686392022608279e-01
1.160216377437532920e-01
9.692414736392596097e-02
1.093895510080076516e-01
1.027487197593252854e-01
8.678621925988230790e-02
1.018673327630580799e-01
1.086546518049150839e-01
7.202665085057245731e-02
1.132951941403007867e-01
1.067472723210012853e-01
9.047145174043133564e-02
1.135033585682055229e-01
1.089856660560228063e-01
9.274684403955989198e-02
9.616779850500606353e-02
5.532508514353370183e-02
1.117588820157071755e-01
9.932418143080699868e-02
1.076525420328413862e-01
1.199800939986971487e-01
8.787624160074793134e-02
6.992518228081275045e-02
6.661409279301344633e-02
3.675987576248512800e-02
1.219240115169423766e-01
9.916828840601417394e-02
1.046338528501595255e-01
9.833333818103003054e-02
9.199878443717447729e-02
1.034684391593540115e-01
1.012515275659273961e-01
8.368685927222133114e-02
1.163509443490538670e-01
7.830331663695451472e-02
6.482179336519133805e-02
9.927040145325101428e-02
1.055459095168956168e-01
9.918559152854851402e-02
1.128888760627378002e-01
8.784403031901337477e-02
9.342132564090120661e-02
1.192924971437255705e-01
8.377702438327951084e-02
1.170378420260429903e-01
1.113672103730801721e-01
6.667146152027575434e-02
9.397370247721162362e-02
1.079870862245608520e-01
1.124009034011932417e-01
9.772480468875055504e-02
1.175600120967685847e-01
8.229437178012323495e-02
9.783512331094956771e-02
8.300281406350848434e-02
4.186691705089467391e-02
1.175081304461894210e-01
8.062919045294152098e-02
1.142038619522985493e-01
1.197681441288364207e-01
1.042048259498101481e-01
1.040851949754452860e-01
5.718445951526952148e-02
1.028398094032881849e-01
1.005574407867643461e-01
1.196908087175089092e-01
1.095191764070103796e-01
9.375855787705662803e-02
2.814058494073403208e-02
1.199657655188304251e-01
8.829788936892034312e-02
1.050497916678570648e-01
1.217113731161464235e-01
6.443730058357978463e-02
7.296191647626117105e-02
9.218767757082797776e-02
4.105723600888643715e-02
1.406171850594942728e-02
1.133060273494434500e-01
1.045618793890573661e-01
1.199962155847821982e-01
1.191667755643128629e-01
9.076554702220869519e-02
1.215744269232626878e-01
1.027495456816614056e-01
1.149549371798835734e-01
1.114275894464147182e-01
1.046906306921375346e-01
4.564057366164142593e-02
3.943738622709144770e-02
8.823770632084897148e-02
1.094933599445812172e-01
8.104349718009390413e-02
9.440822987505670394e-02
7.974168944965473460e-02
3.044275115960399722e-02
2.674479411219282676e-02
1.182005528631098618e-01
9.620230773115757972e-02
9.869721431692084213e-02
1.037424673342260822e-01
9.544099799317369570e-02
1.182141908490488419e-01
8.081244180392142817e-02
1.166722663907820284e-01
1.738456408258946817e-02
1.202047223212367039e-01
9.667851539268455807e-02
1.039213433134852094e-01
1.175246312080458211e-01
6.266695193712082390e-02
1.020455632247996014e-01
7.879525052930017037e-02
9.181640785805131322e-02
6.215369460584168476e-02
8.754130268422594119e-02
1.113200799192327478e-01
1.017120495033788097e-01
1.211768634455722138e-01
1.141960771106053096e-01
1.188817701106705121e-01
1.124131654375197797e-01
1.105530018859487151e-01
1.133368632624440903e-01
7.129479078454335761e-02
7.697747441722581352e-02
7.553768878107687545e-02
6.716983052753958128e-02
1.216803915819618248e-01
8.524890496821416197e-02
1.008327570217003449e-01
1.037712444261307959e-01
2.232036801320250868e-02
1.097031858986316222e-01
8.412766592848587577e-02
9.345166468623124223e-02
4.232875011473023058e-02
9.483824583570367450e-02
1.126850003542281820e-01
3.032121731017217367e-02
8.325266026642656747e-02
1.156308678924467398e-01
3.867045339107114815e-02
1.085264847109384534e-01
3.919061233032116592e-02
7.842801756937263502e-02
1.105197229201077685e-01
9.146782781832921150e-02
9.900566749094633079e-02
5.265435466080297527e-02
1.178521625432941422e-01
1.053986741631281615e-01
3.618846740348722474e-02
1.090674318083044714e-01
2.466617744429458123e-02
1.014949663529410157e-01
9.402769726558427021e-02
1.000472490953372151e-01
1.048091443620336460e-01
1.065565116807194318e-01
1.151429950313240524e-01
1.218745084684561691e-01
7.658849562357029905e-02
6.166856640235626047e-02
3.129093624230133014e-02
8.951352271773689584e-02
9.127059591780804781e-02
1.198944174500697485e-01
8.819166850306343897e-02
6.797489377813832612e-02
8.392777224553497895e-02
7.694068346053600793e-02
9.525563122932828586e-02
9.862650380417117835e-02
1.197637095002794527e-01
8.917887363675690293e-02
7.247314654582279192e-02
1.173522173679088371e-01
9.669656422383916816e-02
1.052020699857067754e-01
1.113485278851478882e-01
6.017380899455773702e-02
1.189164766436106579e-01
4.436201645963312040e-02
1.157350423440359766e-01
1.084551790249312364e-01
9.989541702269340295e-02
1.009299989334388192e-01
7.702873567614816619e-02
1.110704867990774114e-01
1.115610805310995463e-01
1.155678108359509126e-01
8.991601723033988691e-02
6.770437551052099767e-02
1.137315835707877476e-01
7.177255443380449462e-02
9.727440363799175205e-02
1.172634161575600020e-01
8.532901916461614611e-02
1.080899725815689799e-01
9.755895114710802507e-02
2.991564562719966486e-02
1.121432486318772181e-01
1.043844730640357266e-01
1.138652552957980235e-01
7.156748509697391514e-02
1.204706655616836208e-01
9.262226257954733755e-02
7.178635789455281579e-02
8.722235980396129962e-02
1.090696957730957067e-01
8.253958225881768973e-02
5.415230694476648454e-02
1.083764571705003177e-01
1.059490509336346725e-01
7.909988092187275610e-02
8.872000024670465002e-02
1.075138650137492241e-01
1.055648107916779821e-01
5.541152586186812168e-02
7.173658281050088181e-02
9.004826898211346076e-02
1.054064824539828055e-01
1.160197550987575876e-01
1.188136853788101105e-01
9.576760663511149629e-02
6.576069716038958346e-02
1.190156854769454098e-01
1.026919230154311885e-01
8.297985788984468813e-02
8.341675449188912239e-02
6.804632930685072800e-02
9.254861027753352731e-02
3.267796602464582978e-02
8.183668169190502772e-02
8.471157233700334077e-02
1.135372128080801291e-01
1.018473615663145898e-01
1.177985025245897460e-01
1.129999072913236008e-01
8.220771588970757215e-02
1.079310944599211619e-01
1.050649195736802766e-01
9.880901082773463351e-02
1.187695231761150272e-01
1.069310092735887702e-01
1.052375845040301600e-01
1.130352468868846411e-01
3.212562956771818773e-02
9.912561764104303730e-02
1.947011082655749140e-02
9.796547732541628639e-02
6.090015151537327837e-02
4.126559635704658835e-02
8.456086748182536916e-02
9.852215041073535129e-02
1.062305960945410938e-01
1.098633842819146389e-01
1.113823412998251050e-01
7.182360230635119469e-02
9.724889870027873806e-02
8.323937751370895366e-02
1.005881444899193178e-01
1.139241136022344641e-01
1.215319685998183380e-01
5.429494916477191346e-02
1.060912459110929934e-01
1.020323668459788835e-01
9.222334532791502670e-02
1.031663934014750567e-01
4.112032203872901387e-02
6.873897275116264138e-02
5.565766482099016726e-02
9.670577085380571702e-02
9.701258601738853293e-02
1.127639691428166113e-01
8.615100792968409527e-02
8.995091542145954022e-02
1.070413939920674962e-01
8.979887792737951957e-02
8.224888428710377952e-02
1.171122738572375060e-01
1.212310212934642334e-01
2.230728827046935675e-02
1.159724852751450042e-01
8.589964256073792659e-02
2.065831207495350680e-02
1.133817812678622472e-01
9.147001806471043162e-02
8.808965869732612863e-02
3.675109056617026360e-02
5.672998439949532984e-02
9.991114118859187321e-02
1.176435602478115572e-01
1.174677160512258844e-01
9.278904012883862351e-02
9.342656248789991957e-02
1.168961508742832056e-01
1.139399192772297814e-01
8.034287247736937587e-02
1.105934301668770048e-01
1.141927378287446310e-01
1.199787623918562030e-01
8.461722004283865617e-02
1.162955840603946411e-01
1.142876083706218793e-01
1.195982141324775927e-01
1.103015448888645389e-01
1.143278185736018582e-01
1.146319471774042420e-01
9.748624961049980053e-02
1.081974332437854874e-01
5.696756194849240951e-02
1.150041706425593419e-01
8.923945088478352217e-02
1.169014209097200413e-01
1.125280089051798604e-01
1.111177636577483502e-01
9.170658767868651584e-02
7.645191428857670002e-02
1.155486411942924785e-01
3.638346476886219344e-02
1.155056787009618169e-01
8.570765574295048650e-02
1.065620955224664546e-01
1.064509773297438733e-01
9.156355404741624293e-02
9.998027436324635753e-02
9.075880793437754446e-02
1.161819762246859983e-01
9.003988798329955190e-02
1.152569968736360390e-01
7.311406904543533980e-02
1.005751156625474957e-01
8.740658518111529829e-02
1.091087145078605269e-01
7.022296714117483296e-02
9.448252418203588465e-02
9.213674190709186806e-02
5.418254169505170442e-02
1.061684097351953127e-01
4.399959137672112414e-02
7.719581039157497049e-02
9.723969241964619536e-02
9.289985891724295008e-02
1.012269345689624372e-01
1.005115286160947752e-01
1.211277453028244827e-01
1.039122391536321938e-01
9.766402474175529813e-02
1.183668006690586777e-01
1.017269909017907425e-01
1.068358368612427889e-01
9.638448092847697046e-02
1.209147630357206293e-01
8.206533860931421176e-02
1.098568102088508386e-01
5.085878118815401194e-02
1.148315526089173366e-01
1.025859689310307660e-01
1.136366240288428225e-01
1.108625419554373631e-01
9.069209423222211741e-02
1.179234769105735603e-01
9.162179820400082053e-02
1.117169109538403704e-01
1.093517717561604402e-01
9.406293267391308000e-02
1.156866494813340307e-01
9.396099882822846194e-02
9.169590934919841230e-02
6.454919950887118285e-02
9.982554775729857166e-02
1.142668388412764469e-01
1.132602131252383182e-01
6.500598207813040874e-02
1.107319136878171240e-01
1.028674727982070436e-01
1.009109614369322894e-01
9.083257715354647877e-02
9.542007174469706310e-02
9.848145530716673202e-02
3.222186668790572722e-02
1.009083624881439017e-01
9.483152202887069893e-02
4.663831074917254571e-02
9.642482339689785464e-02
1.112414348142700543e-01
1.202469273041646414e-01
1.103027680462158044e-01
6.771082510564450929e-02
6.517885029706957378e-02
8.682987233409450445e-02
1.045512893912619173e-01
9.328482653539585390e-02
9.643370661247720188e-02
7.710882911506729276e-02
9.706776290833198095e-02
9.814265356570149590e-02
1.035648237916995118e-01
1.124603205341685036e-01
4.724380808738282145e-02
1.179950375679102437e-01
9.967089810912836689e-02
2.868536470485294129e-02
1.015611931253355832e-01
1.188456620723879198e-01
1.188611399978599242e-01
1.163123324124652608e-01
3.489261777533374242e-02
9.293371780547543537e-02
1.131305813290784112e-01
4.028077888842675897e-02
1.086659191807455294e-01
8.001624068812758506e-02
7.744163419838445694e-02
9.840257132781445037e-02
1.194540585174546782e-01
7.373514553225930801e-02
6.020861625368163772e-02
1.185002853703149839e-01
1.038752948730396614e-01
1.030875319741044183e-01
1.050244587055617629e-01
8.856110432229706564e-02
9.674235080767634720e-02
1.180490673758778364e-01
2.607874306492904276e-02
1.178723990565460622e-01
1.079542822189131085e-01
9.618787138447874863e-02
1.156673077779385994e-01
1.068046095503051157e-01
9.680872310134250314e-02
1.152700258198608857e-01
1.216082612317184175e-01
1.122473825937785330e-01
9.401238392718924697e-02
1.121912004413109232e-01
8.597633576225435781e-02
5.038383652301495208e-02
1.086006304777688558e-01
9.958647159193936838e-02
1.139835288711109201e-01
1.085022708246700940e-01
7.209543326310433042e-02
1.143402340818864688e-01
1.078422004891395475e-01
1.116789214777713229e-01
1.057123615910968012e-01
9.287053534467347438e-02
6.414508196924377514e-02
3.729970135639632672e-02
1.167943159881379422e-01
1.214999351058044935e-01
1.168006985240895856e-01
9.390442699506915125e-02
1.125721551077650123e-01
6.928608401970905162e-02
8.232084340410752987e-02
1.198267755953449365e-01
9.175763905142331200e-02
9.418207145499862820e-02
1.010554353052549315e-01
1.055897774946116668e-01
8.381317290195060277e-02
1.148988364961665426e-01
1.043138280435815107e-01
1.220053203551734328e-01
1.116222459657681965e-01
1.088801660133535271e-01
1.017233348301630896e-01
9.223563595985354024e-02
1.026470811931558536e-01
8.313340145883590937e-02
1.089341821229485446e-01
1.073333010886589195e-01
1.137887081061946665e-01
6.576438684377615418e-02
1.181848052604028976e-01
1.011362853791643451e-01
1.187586897847275197e-01
1.163814205773461286e-01
9.876883194316164738e-02
1.010661768526896764e-01
6.185029340750910348e-02
9.850448499724254181e-02
1.139494256113306597e-01
1.102460072789919615e-01
9.231970065653283264e-02
1.199509410987761870e-01
5.297360321411107714e-02
6.647969534457059959e-02
7.406760369992661242e-02
1.144611302899133931e-01
1.176825778532649414e-01
6.625226269933018330e-02
1.092772239956942976e-01
1.001166483307191074e-01
1.047170430659173507e-01
3.120847223726589542e-02
8.909685779588218113e-02
5.229114222455066852e-02
8.875268495909445499e-02
1.130695380278151779e-01
8.010189170171722051e-02
9.196728320232097631e-02
3.814213249407186895e-02
1.084587390746036273e-01
1.065742264220704283e-01
1.062740306452138600e-01
1.164201113512422503e-01
7.084891860261542662e-02
9.236333715303189640e-02
2.084563149295707782e-02
1.025631639522707195e-01
8.059582833298890858e-02
1.189727740763325686e-01
1.188610534612723063e-01
1.154701597343511521e-01
9.658595151280618962e-02
7.678216392030280668e-02
1.193865809326152411e-01
8.555283690856783918e-02
7.781123312239625334e-02
7.047756179223861606e-02
9.901255305741633872e-02
9.204823060813115132e-02
1.090669275556274825e-01
1.179927594328781526e-01
5.593577252067512273e-02
1.199332838305446486e-01
6.161827006945437557e-02
1.167195321607706338e-01
7.534511786674061296e-02
1.039408151998831575e-01
1.208859234912881414e-01
9.808205068943279259e-02
9.509936125591808564e-02
1.095486411115929454e-01
1.099631243769380595e-01
1.200955035340408456e-01
1.090069922219315951e-01
8.834198083343679231e-02
9.570431971679592420e-02
1.170287522455541601e-01
1.219831491540914886e-01
1.175079599567750432e-01
1.179317901152548698e-01
1.066845294178322134e-01
7.262146048869737303e-02
4.402042956734433105e-02
7.851716312952654320e-02
1.143441505479927539e-01
1.004772736820409851e-01
9.070349745314360002e-02
1.130824599886131876e-01
1.066484460257821482e-01
1.201911861950139548e-01
1.218182653054731973e-01
1.192589018349673319e-01
1.208577662206859055e-01
1.001352564728187483e-01
7.094399385519628565e-02
1.014822176206929133e-01
1.207261920655148951e-01
1.182571345651418776e-01
9.706621815974192380e-02
1.139934237784280269e-01
7.687803663616149530e-02
8.010593022474296609e-02
1.184067275705311534e-01
1.213180012812951625e-01
1.197415974647493969e-01
7.264420137740174033e-02
6.382793273881637308e-02
4.298964271188529529e-02
1.047112135085722234e-01
1.011771911821440773e-01
1.165486371463812926e-01
4.689728152599691169e-02
4.369545740755653718e-02
9.832261253786586663e-02
7.420191912804377510e-02
4.916787689069199163e-02
8.077012822080942289e-02
1.215935102933000111e-01
1.184085190560677792e-01
1.184916435146174951e-01
9.005848913222713747e-02
1.100722310427972583e-01
1.162331005303950671e-01
1.179670348195958479e-01
4.952203213665406362e-02
7.213095773767774777e-02
4.937478527502698472e-02
1.202760787740896203e-01
5.382575223181559898e-02
1.123160370221525789e-01
6.519746308640261834e-02
7.099515520609149533e-02
1.194953942308735334e-01
5.918382884041014508e-02
1.107528500903427887e-01
5.685528679284842374e-02
1.124601093813155095e-01
7.369512546827400312e-02
6.884613107048433156e-02
1.043738777930411366e-01
9.676172589529703771e-02
5.125947146095366502e-02
5.437385130824513857e-02
8.595033771926108290e-02
1.055380544673306109e-01
1.148734885614489248e-01
9.669695247059280352e-02
1.191804092566570855e-01
1.078924922922158552e-01
8.758146899446130063e-02
8.632314700271431773e-02
1.053953843053124645e-01
1.149154182728911455e-01
9.825680171729316015e-02
1.035098459575836127e-01
9.446430055126643632e-02
1.060341604570788493e-01
1.100009792419919114e-01
1.195426374111326212e-01
1.179941993125503269e-01
1.212480722645207787e-01
7.551927402757382946e-02
1.009475658715791868e-01
1.147452350876039112e-01
1.008054034770067969e-01
1.131211661101146765e-01
1.054025041539750351e-01
9.614564187839355625e-02
5.629722807977202703e-02
8.310448582982482568e-02
1.017183199525292653e-01
1.072188492858904135e-01
1.172772969872164645e-01
1.060210344638435609e-01
1.004494790237789731e-01
4.370777311259480685e-02
1.180196447837084522e-01
8.881354937754366852e-02
1.210430798776901962e-01
1.192214112620553490e-01
7.821207952417769116e-02
6.309782425476546941e-02
1.170897969428817548e-01
1.045774670539579426e-01
1.194575601032990264e-01
1.214928841277168464e-01
1.167644946319724431e-01
1.195770901189809471e-01
1.057408709727434837e-01
1.171258601981230718e-01
1.196349433416914465e-01
1.119018552868229488e-01
1.211064268648064934e-01
1.155354095498189598e-01
9.572331145349499693e-02
1.067432742522998190e-01
9.729386718041184434e-02
9.818964033307440997e-02
1.125714995209693009e-01
7.031190977321076507e-02
1.165271489526339549e-01
5.504280768680724217e-02
1.150434679892308465e-01
1.210499398370246393e-01
1.171351041759823852e-01
1.211776092232663832e-01
1.124199342581639061e-01
7.169680211815605830e-02
1.083654618175815543e-01
1.089826409864806250e-01
1.037004970837231838e-01
1.182287609308894649e-01
8.984302552860402857e-02
8.865809082618361647e-02
1.168866912692073656e-01
9.967821243051613878e-02
1.054843464243999246e-01
9.388603333582935806e-02
1.061008601351675351e-01
5.773949209853859732e-02
1.140033144421076505e-01
1.149003150478649510e-01
1.028870988083908367e-01
1.175797560428279293e-01
1.114014263368398733e-01
9.632560203654116915e-02
9.614222762593287175e-02
1.156500616010624621e-01
8.680648961511291950e-02
3.438663299918102295e-02
7.260532249225594426e-02
9.605849606174297894e-02
1.095030724581861764e-01
1.098822446896897259e-01
9.929139603353544230e-02
1.076009433588315661e-01
1.083950813861933454e-01
1.103187227265311626e-01
6.946954885808276359e-02
1.219956270434283119e-01
9.503416384030366482e-02
9.765838115486766280e-02
9.307389080757197397e-02
1.116170706442447258e-01
1.060188782041831673e-01
9.202628237258386745e-02
6.790939326008885168e-02
1.047061008310128938e-01
8.373691046633659207e-02
5.290370489246538216e-02
1.218577760779120528e-01
1.196616717248912276e-01
1.061025872752931754e-01
1.091437880886927808e-01
4.888882707989484350e-02
1.101499126914436411e-01
9.891519282798523494e-02
7.743387984847961703e-02
9.826339001694014974e-02
1.024058413795929795e-01
9.551778448436641644e-02
1.182295582460979461e-01
9.964021903986113038e-02
9.949342073285991073e-02
1.186695375653130241e-01
5.240346040994971200e-02
8.445821656680917167e-02
9.708882735486451532e-02
8.492258184364430418e-02
9.014731041148410506e-02
1.054803887242832111e-01
1.049805956068527585e-01
7.909447818024646637e-02
9.255294183779862183e-02
9.466664970265434298e-02
9.677704567115240353e-02
9.833638212602649475e-02
1.134501394615832215e-01
4.962907700290142277e-02
1.012708578121792602e-01
1.142320780147309950e-01
5.037559709295268834e-02
9.115206535355656337e-02
9.657471592468055976e-02
1.047070679001949195e-01
3.623879887763028357e-02
1.133208505024858315e-01
7.960735916602139361e-02
1.083028362301985820e-01
1.156268551757825558e-01
1.175456009717309735e-01
8.754745878673872439e-02
9.658923093327807796e-02
1.178605220595406872e-01
6.475353081515256015e-02
7.490659261519358458e-02
1.000689364932187408e-01
8.997278026256458339e-02
1.129334337666578481e-01
8.041636933017518030e-02
1.101676582918605235e-01
1.133804052908153059e-01
1.013214669327385381e-01
1.158951978676866501e-01
9.731052786570051905e-02
1.206900724924869495e-01
9.841025603215680650e-02
8.436814589479654791e-02
1.144624604235101040e-01
1.029664868135306555e-01
1.135608463312166028e-01
9.213477144246766393e-02
9.816320093596807295e-02
1.191053144251631307e-01
8.125032685305420832e-02
8.405289637302371109e-02
1.024135772315378223e-01
1.000314521447916438e-01
1.014311513507136914e-01
9.302345258713164144e-02
9.899709918199163516e-02
1.144613486520212053e-01
6.431504599345906625e-02
1.034249169024228365e-01
1.024773459928363245e-01
6.825367259709684553e-02
1.117646699951923700e-01
9.416054726889504234e-02
1.069295443427896453e-01
1.068983194134634634e-01
1.069454392407951232e-01
5.928485841127966588e-02
9.538306929282042157e-02
1.152274573228020682e-01
1.148236287987237092e-01
1.021202750957218575e-01
9.355479626458904074e-02
1.145079284726280011e-01
9.594370119778466988e-02
9.615905792526234508e-02
1.089604162818710725e-01
1.118673523346439963e-01
8.757859833332470867e-02
1.203746676632204277e-01
7.254419952108594194e-02
1.208503655346349626e-01
1.201060675084345136e-01
1.116705987604697387e-01
1.143447128481373254e-01
1.157938590106744048e-01
9.361949429476240647e-02
1.072967554402730755e-01
7.149029638697194933e-02
1.179335605842533330e-01
1.070198759569967739e-01
1.104101442437100677e-01
1.013852446981313021e-01
1.068859413678997089e-01
1.096938494893550525e-01
1.052625184442159967e-01
1.168752589294333039e-01
1.196474480227008030e-01
1.163422123997762542e-01
5.878762419168618442e-02
8.230419283875449465e-02
1.202557239986939974e-01
1.088171830089125769e-01
4.595294220652119260e-02
9.086511269792370282e-02
8.948290889105191270e-02
3.503112710885339376e-02
1.176496059447301179e-01
1.006565340715460388e-01
6.090057701813683666e-02
1.059158210212264167e-01
3.639591030274536704e-02
6.244953379098552165e-02
1.003271598021972244e-01
7.408436294169200298e-02
1.043411694793803524e-01
8.602668232482101052e-02
6.596873584773650656e-02
9.909852461364315745e-02
1.094058105175066825e-01
1.151059225940688213e-01
1.106691071719213409e-01
1.175439765227141165e-01
9.215540223652693430e-02
1.180427196381955979e-01
1.193584555129798691e-01
1.217998355289494627e-01
1.067760162672302532e-01
8.039141867852517276e-02
1.050870474324492598e-01
7.618282131210719899e-02
5.815827392478154639e-02
1.039714259364989124e-01
7.598736660816911292e-02
9.288279854372255562e-02
1.003023726441437530e-01
2.092677173976028454e-02
9.593441663235760530e-02
1.145469594780838263e-01
7.107216693596442314e-02
1.126432556130285423e-01
1.012169856671923801e-01
9.645685615265607582e-02
1.119575476611255060e-01
7.314631350202459303e-02
1.154146822935490924e-01
9.823968394552955175e-02
1.174721012879074988e-01
1.170465054553823103e-01
9.530035585337190418e-02
6.203468704154764535e-02
1.022737182376540627e-01
1.127459361489740047e-01
1.039602151666561142e-01
9.801500263226418930e-02
6.124105861479527124e-02
1.078012388223574952e-01
1.197586334898487759e-01
3.549496547104076527e-02
3.972194632540766018e-02
1.008541752709412043e-01
1.064639365291579487e-01
8.145663960462641573e-02
8.690841229532236811e-02
1.082969132044306476e-01
5.838651282776934764e-02
1.019650466127934307e-01
1.145401417211448364e-01
1.186992041529774528e-01
6.996012590306949219e-02
1.085872404966338051e-01
6.203147248642779110e-02
3.818894836926103875e-02
8.127250013745368484e-02
9.808651537071208515e-02
1.027173847204028850e-01
9.707643263226074792e-02
1.078443989856291696e-01
1.085564279055957482e-01
9.030265604261965284e-02
1.075660900724792479e-01
1.119698122692025510e-01
9.355395331723356800e-02
6.454161351250850553e-02
6.870248802095746399e-02
4.530861841151794661e-02
1.080722028625349385e-01
1.009950052004468107e-01
9.295915571278393075e-02
1.037235667797496846e-01
1.026114754579816046e-01
1.138645870729102505e-01
1.110178446992632628e-01
9.045053202943034720e-02
1.087999945071669305e-01
1.067381148700610460e-01
8.228807592341808030e-02
1.189866278803588112e-01
1.208522991864788149e-01
9.339049213814512584e-02
1.100322823556604546e-01
1.053991407678497721e-01
1.094275554510449888e-01
4.818138389846873121e-02
5.376557281081639772e-02
1.029021988966332957e-01
1.020265551747081001e-01
1.206916282910091981e-01
1.064893035585916248e-01
9.985707785135609915e-02
1.010906301516616285e-01
1.169537034150855970e-01
1.125440149213975116e-01
1.095227893693435928e-01
1.047175948606320350e-01
9.966350906328724779e-02
1.112131114576519891e-01
1.028425630098257076e-01
9.324028353829350024e-02
6.493460343723794770e-02
1.220082793044634240e-01
1.187354918805507004e-01
9.690820122500971856e-02
1.212300177342774538e-01
9.981880050126983039e-02
1.168557526145449638e-01
1.129960439424698426e-01
9.912783104801543843e-02
1.108932977999347591e-01
1.215338935810901938e-01
1.169800761971051262e-01
1.003715844061187773e-01
9.246018228969640762e-02
1.106234450870225289e-01
9.203906514031724717e-02
1.007340304745757559e-01
9.613949440807322000e-02
