7.156325111885768284e-04
5.962939587766439252e-04
2.608405571243893606e-03
1.221601186011069071e-03
2.235052504389200504e-03
7.872107650798731461e-04
6.142011921446119448e-04
7.182092347928528383e-04
7.536104346273927133e-04
8.932794240184606122e-04
1.529542957920424027e-03
8.542306882083933618e-04
1.250931618928491623e-03
1.366412127771961856e-03
8.561905451276818728e-04
6.215678206706173534e-04
1.301179214206497122e-03
6.330531237370552820e-04
7.925172078793926971e-04
6.739383618305178156e-04
7.598786694839649745e-04
8.441287361494300215e-04
6.085871579319850413e-04
8.035711064972529596e-04
8.300728548478685485e-04
1.038431491047592378e-03
1.775942584306490100e-03
1.388295428368180448e-03
7.626567889328273895e-04
1.273330193972386582e-03
1.300101802407971786e-03
1.416583460415474964e-03
2.175846063199073522e-03
6.501227132085209354e-04
8.880620071308910476e-04
9.520937254428963941e-04
8.423923023035176892e-04
1.029341309892718064e-03
1.129782728881871708e-03
6.731035124838695601e-04
8.160675304536920034e-04
1.130776704793076985e-03
8.386632064556457820e-04
1.291733025407665542e-03
1.228714282106156035e-03
8.122974610718515075e-04
6.715839717669108743e-04
1.560310776563843260e-03
8.396927285332695832e-04
1.244553406067651531e-03
6.640111697311820672e-04
7.542465076424821700e-04
6.183006004335287560e-04
6.537257562852381767e-04
8.441941118636469687e-04
8.546822292403464865e-04
1.176734761626962045e-03
7.060573850491576580e-04
1.127412314386871299e-03
6.663789134634493265e-04
1.658906115216095050e-03
7.270356042513166335e-04
6.055878732689046586e-04
1.194382767701378072e-03
6.469631655308905006e-04
9.789865484690449694e-04
1.090925591005108752e-03
1.345085714628172164e-03
8.587970559233949405e-04
6.886092322852898186e-04
1.427792112228657350e-03
7.586610090376386855e-04
5.918946470076369556e-04
1.218296026921728524e-03
7.772167793969002704e-04
1.530034657172746337e-03
9.802207377955292778e-04
6.707163849451831718e-04
6.989025879896958301e-04
5.937805556993362883e-04
7.349721807342916510e-04
8.609863643687198746e-04
5.903206152659544763e-04
1.260520742166097458e-03
7.153662925510708738e-04
7.628225310286281024e-04
1.069861222968291042e-03
6.514577064674475105e-04
6.796751956912737598e-04
7.346170166019546375e-04
7.803344179523951729e-04
6.430556293249990295e-04
6.517493323615044989e-04
1.597275474564775278e-03
9.023670549336493740e-04
6.066238358394855515e-04
1.241076133256853497e-03
5.966793468473062176e-04
8.327606078049461192e-04
5.931631190861342499e-04
7.880864935412687424e-04
1.204203058811814187e-03
1.266438360220510477e-03
1.387772602107835819e-03
1.043634614803280866e-03
6.491787380157226827e-04
6.232168399723877648e-04
7.467296573000543501e-04
1.709477659329073154e-03
9.896576677894492954e-04
1.227250345725183333e-03
1.934007138153954163e-03
8.822728160203800914e-04
7.040564255862897299e-04
7.926241898115585259e-04
1.238859422364320308e-03
1.346751996509973478e-03
7.874946558633620121e-04
7.986072661738949970e-04
7.235124951986013570e-04
6.191915744739263840e-04
1.225853348064030995e-03
6.132331664126389062e-04
6.377056802691344469e-04
7.273611418038606908e-04
6.147874852032314281e-04
9.070277580843047775e-04
6.312907907495054344e-04
8.695063957481839311e-04
6.302906053934923198e-04
9.479980653999878605e-04
9.061168512065646483e-04
5.900009317567494766e-04
5.802685950009469447e-04
1.911252754251455566e-03
1.543562921510033704e-03
1.058237687401229104e-03
6.272243844554156473e-04
7.550864518017577631e-04
1.586315889572406440e-03
7.425318375674421021e-04
6.780773859147298799e-04
5.853148452481004346e-04
7.139204950644612632e-04
9.532466457556404080e-04
7.943159591040820436e-04
8.440039891047047870e-04
8.610719002358868494e-04
1.071718379942040002e-03
5.823127647542821221e-04
1.286376459332409230e-03
1.784222405771947531e-03
2.109113319003648283e-03
5.997452972144980739e-04
6.260871855977916903e-04
5.956397358166473253e-04
7.165792890662244733e-04
1.250220172709917135e-03
1.969521493360908669e-03
6.362239974858199592e-04
6.221735291502843070e-04
1.363896305258919996e-03
8.629494427500430161e-04
1.028393092038209578e-03
7.020194018005613710e-04
2.419370492700830336e-03
7.646216400576221883e-04
9.002907957777633342e-04
8.685982059874661730e-04
6.790036630047332177e-04
8.439234691219837763e-04
6.124957579560319325e-04
7.412273035183801441e-04
1.113101547683493630e-03
8.338588590136612397e-04
7.855756301338979140e-04
1.089596509751765505e-03
2.223686146167887148e-03
1.005873146495467243e-03
1.402423098389932784e-03
9.701647002086989961e-04
9.252512980588284679e-04
8.967767348170434293e-04
6.937164274954598590e-04
1.226606105226257922e-03
9.400213170020981597e-04
6.167842125236139370e-04
8.490702062905873147e-04
4.270009172870153046e-03
1.265328313384627302e-03
5.697211075983937660e-04
1.292078004152658792e-03
8.514220046924068442e-04
7.239668751175871607e-04
7.288363768164524571e-04
7.614273752593026488e-04
9.235698790407972448e-04
2.035523754958475096e-03
1.667114201351417883e-03
5.915677185282669243e-04
8.085783349312785761e-04
6.097167394289234200e-04
8.802532267320529492e-04
9.312920881291410430e-04
6.824188732353595214e-04
2.160978778443580894e-03
5.915078254159435080e-04
7.658030717753925003e-04
1.685349493626996098e-03
8.521293954583510424e-04
1.021784343669287446e-03
8.089064079970745714e-04
9.889039977236605949e-04
6.444881837646746197e-04
6.819768799375031153e-04
6.371703678840695073e-04
1.299689424166385315e-03
1.220146192929199820e-03
8.180229030447691259e-04
3.397083073251267859e-03
9.529372331364932384e-04
1.001471208444681960e-03
8.581922355864699545e-04
6.232799818021559799e-04
2.012175454778421680e-03
7.504318297345899261e-04
2.391534516135343080e-03
1.302128578605864229e-03
7.441760566011829808e-04
9.531167577466433723e-04
6.196657327359088785e-04
7.264654595730022984e-04
2.283665627304638616e-03
1.587023271061155198e-03
1.673132319166913736e-03
9.448932289588549485e-04
2.166528666988620181e-03
6.244937583256945013e-04
6.523990640998454530e-04
6.086379438959842484e-04
7.347567233450049166e-04
8.042378886580504307e-04
5.989468445732909095e-04
6.449084372110368236e-04
5.906727326555438577e-04
7.287640720567064309e-04
9.696216844075749306e-04
7.576907784045223623e-04
5.999562220936661711e-04
6.190931432922698987e-04
9.933019692484536690e-04
1.063100536952490049e-03
5.800721232583098616e-04
1.117000021299971923e-03
6.110249444263008865e-04
2.539564628309713950e-03
6.481872252263949814e-04
1.112057344796945615e-03
7.644745483491637234e-04
7.539970390357061568e-04
9.357491383220374603e-04
5.888854408868213382e-04
1.648973052723637714e-03
6.934082845096370537e-04
5.922321630759361548e-04
6.649770222391772692e-04
6.363024545791094288e-04
9.142783664497292073e-04
6.738427706856383714e-04
1.935462051322391856e-03
5.861881770835466847e-04
7.236791359529745398e-04
1.233074509093190800e-03
6.330194391735791950e-04
1.073681681206645720e-03
9.105731291436118448e-04
2.132893819555419044e-03
9.320200490289804037e-04
6.081292646915284657e-04
6.199836347199377991e-04
7.079973923922521862e-04
1.530453612271872720e-03
1.083492212846829273e-03
5.907133523844643620e-04
6.071074881362004735e-04
8.811628012936480831e-04
1.092178979290241636e-03
2.990755950606353505e-03
1.958991662075219940e-03
1.025586322315715339e-03
1.032687852261765949e-03
8.486131178344020814e-04
7.348192472834360776e-04
1.480261115315729698e-03
2.071465069007679110e-03
6.127644597859668038e-04
8.398131084845521970e-04
7.608652133555693234e-04
5.860319880011622068e-04
2.538275505828339711e-03
1.636515340447803257e-03
6.451255690179011305e-04
7.012839714314823749e-04
7.755869535830214488e-04
1.012418920644208176e-03
9.573369206738091466e-04
9.567994380288235385e-04
6.282185101923917466e-04
7.203527971055869979e-04
7.953787416710037059e-04
9.734877279138793313e-04
2.639391227864367178e-03
2.039512880204602616e-03
6.260636547603736857e-04
7.537091841449346285e-04
8.853403375584234644e-04
8.064917079415322198e-04
6.604134700959802574e-04
6.556077714956588072e-04
1.800102883765720150e-03
6.529421430722122778e-04
1.002509330355093710e-03
8.534505912645920381e-04
1.204216091613975227e-03
6.459024889644188238e-04
6.527810176514148993e-04
1.455811822586096675e-03
2.779987949390735555e-03
1.140146582142079635e-03
7.261543573381824953e-04
2.027287008307155757e-03
9.022717680037049652e-04
1.040058363701951974e-03
7.998770948224609174e-04
1.839055143553323338e-03
6.458932969952270540e-04
1.313744759829822478e-03
1.007364984179382264e-03
2.296361870994110405e-03
5.778105334825912182e-04
1.341829275057559090e-03
1.185129443860251331e-03
7.029455607562108471e-04
1.314740383678727901e-03
1.246855104969156469e-03
6.390198413000689999e-04
6.506284141753411509e-04
1.968699227851644640e-03
7.076105824427026932e-04
6.546551697397644254e-04
7.863125264499181127e-04
6.365522383952812446e-04
2.752610793581463950e-03
6.600160583643328209e-04
1.025982347469642621e-03
8.217418704522485478e-04
7.271005804457973849e-04
1.057904211292698968e-03
1.395121977374921699e-03
1.289989760476524918e-03
8.327557491129267651e-04
1.146392039257020361e-03
6.511522777699130845e-04
9.454434801052576543e-04
6.255395222793666077e-04
1.322836346208425620e-03
6.972098940304918488e-04
9.044360806566306785e-04
9.108682686612490711e-04
1.024661193279922076e-03
8.739817941311904060e-04
8.023406025184629843e-04
6.632178697131750839e-04
8.245533363477762414e-04
7.742883130129756030e-04
1.183347104518575827e-03
6.917272566303354171e-04
1.528382600211250497e-03
1.082868887608807919e-03
8.408426368653046986e-04
5.961395210835629963e-04
9.094083900776035777e-04
8.610618693982290692e-04
6.638259359310252211e-04
7.410343216962929835e-04
6.593209306921624666e-04
9.813753056898966154e-04
6.620792961727708665e-04
6.827025747139507834e-04
8.463434604323123375e-04
6.162118573477951607e-04
1.807525113512897796e-03
1.224337752732810583e-03
7.282531389167431210e-04
1.966875576854361461e-03
6.975974044697633419e-04
1.052868538559694443e-03
6.329110828036091287e-04
6.491713240245486566e-04
1.363936694983127742e-03
9.136196587340194349e-04
6.740378930059053855e-04
1.034290559439935992e-03
9.987143749543340131e-04
8.313568627868225640e-04
7.853354108823751767e-04
1.639974012736618173e-03
9.776881955847280953e-04
6.067636609299349856e-04
7.039673189698996509e-04
6.237591699987226615e-04
6.508174148222293414e-04
8.942236290067730794e-04
9.036457291288698150e-04
1.086941399528496997e-03
9.674112388457697118e-04
2.545870197012587224e-03
5.827308129123471908e-04
1.074036708823954394e-03
1.081726737729749119e-03
8.842129405264193302e-04
1.128237532646191510e-03
6.017317257708896649e-04
6.981565845931903859e-04
7.829294447031144187e-04
8.192225844467108465e-04
6.989236495614355128e-04
8.909931672587566211e-04
1.252824204907764839e-03
6.906661855546542602e-04
1.948236391731710546e-03
6.250554269407571735e-04
1.162260947892297669e-03
1.575766042088982402e-03
6.713864585400637196e-04
6.654984984241889018e-04
7.115738990001874023e-04
6.186099529369509190e-04
1.359267705347887677e-03
9.167983900020335161e-04
7.168589877294068505e-04
7.479746150309944403e-04
9.995708057166298888e-04
7.490723845344604125e-04
1.321522321479233746e-03
9.390442765619440172e-04
9.706781510068718212e-04
9.255729168489426270e-04
5.885468252836597832e-04
1.003184570114005764e-03
1.577753470815014460e-03
2.085417874190125670e-03
6.197788212548630254e-04
6.988618949626341148e-04
9.141615318517151527e-04
6.581492643065588611e-04
5.772166027973449961e-04
7.104031486284900169e-04
1.103591094820022831e-03
1.265371804986119373e-03
9.534825173554033802e-04
1.645419796771652957e-03
7.746801526281077736e-04
6.615279422765230543e-04
9.034531892213085690e-04
1.042645914167871207e-03
9.211935977903309633e-04
5.908080329217415714e-04
9.825246142692711099e-04
7.770770420401943920e-04
6.311849729203696142e-04
1.697313701118086104e-03
2.196602613208307238e-03
8.131668958048874490e-04
1.279495608177135674e-03
1.098707518288163454e-03
1.395477190330806890e-03
6.571936543359512342e-04
1.151735224559119648e-03
9.730539777096241811e-04
1.592202216830391993e-03
1.251127891097994320e-03
6.915167994990670860e-04
1.635061006386734177e-03
1.286052599995467791e-03
8.269245258041033140e-04
9.032073674243489220e-04
1.029961611632145132e-03
6.883864403413800367e-04
7.452339166506684407e-04
5.804297111501410898e-04
9.072310706293813462e-04
1.652398518500143446e-03
8.869288289657649990e-04
1.017816746387061261e-03
7.502830639828182019e-04
6.410909588387698598e-04
1.293102159580727722e-03
7.008998834726081666e-04
6.078996800571778497e-04
1.334364526111987085e-03
7.806034646334262909e-04
7.895235022112373144e-04
9.796558053449682963e-04
5.964765037523369088e-04
8.249886390929876473e-04
1.584225725791903877e-03
5.925697338308078986e-04
6.298352868119441251e-04
6.001451238375908517e-04
7.944028901847058300e-04
1.582235037283689786e-03
7.421786527337677743e-04
9.562879395972319427e-04
1.675138097085869353e-03
7.397777009933810197e-04
2.509764038822445958e-03
1.565570940484058973e-03
6.678977633586060140e-04
5.868307231763318513e-04
7.043385920590808976e-04
8.265571656270632875e-04
1.329324557023013869e-03
6.327707512240678166e-04
6.599195463132233059e-04
1.436664515649173791e-03
6.771239331485299790e-04
7.210267423501653256e-04
6.373390865768485593e-04
1.910735039942862814e-03
6.147223329431407771e-04
8.119532601722127905e-04
6.878676759501951149e-04
9.684701585368666070e-04
1.264548884514539407e-03
1.022084542427444034e-03
6.164792485612003402e-04
8.142282688677266508e-04
1.431640633280761464e-03
6.463599416116800082e-04
1.962880809990553543e-03
7.477455678574179525e-04
7.086001065394873953e-04
1.115807867225646456e-03
6.679114706330496580e-04
6.058058833883954789e-04
5.722813749815401814e-04
2.369982367172356399e-03
8.778323619923111745e-04
1.013247085765029516e-03
1.625174804551911918e-03
7.015699764613010083e-04
1.023920128496998627e-03
6.190238264169343552e-04
7.315285369303132059e-04
6.627168060997462411e-04
6.298545328351678107e-04
1.125856492734356304e-03
9.086602894941889740e-04
1.166305983790291712e-03
8.274455492117806579e-04
3.409602267760277784e-03
7.209010688286717405e-04
1.368620148758454202e-03
8.672016675207608414e-04
6.309515478512651510e-04
7.029715528154716108e-04
7.325115977407619782e-04
6.254558545277157534e-04
7.525370280548511481e-04
1.846573373180551356e-03
8.569816457941688325e-04
6.253925714053940347e-04
6.698818501839742118e-04
8.856816386275260036e-04
9.048962126105361417e-04
6.710773468686240598e-04
6.136331043434216370e-04
9.924756663365565026e-04
5.975198647543612405e-04
7.207123678647310615e-04
6.559467368206354544e-04
5.856888273185271694e-04
3.699885926669081726e-03
6.052731284332295769e-04
9.620319473965399269e-04
6.716077159335566427e-04
7.854238102678992627e-04
1.589371920883392774e-03
2.592360289866362400e-03
7.465876307901194104e-04
1.109574157704785969e-03
5.996532041341099111e-04
6.108912376206435558e-04
8.551895290526383012e-04
8.927924243030676155e-04
1.037134181594995654e-03
1.062751763701574870e-03
8.850429445988606657e-04
7.399675094826184320e-04
6.262796530146526449e-04
1.168660097840509100e-03
6.661335830282318808e-04
1.532662393129507637e-03
6.424929608973422050e-04
6.173953773695229665e-04
8.430135245540306245e-04
1.130677158114749229e-03
8.316404074662331987e-04
9.114243574025827693e-04
5.862460948390254244e-04
9.732531004076060447e-04
6.077881067486158627e-04
7.894548865364774560e-04
9.403833515350364710e-04
5.921173125646289875e-04
1.105671137440176338e-03
5.808191589083694243e-04
1.253832920024985963e-03
9.061139275539276030e-04
6.188878584522790284e-04
1.249878225259227777e-03
6.898865133056570004e-04
5.837149154963379612e-04
5.925893880691269914e-04
5.980916505089061037e-04
2.529392581835271468e-03
8.524856144369925446e-04
1.490222900730651771e-03
8.511534875279807687e-04
6.940714572974982519e-04
8.407491497446785813e-04
8.764628052235883806e-04
6.560537295740977246e-04
6.139144801786593306e-04
1.489725515038961903e-03
6.189228703917923260e-04
1.113871330381256426e-03
1.168373409498197181e-03
1.192692924019418460e-03
6.456738884550598844e-04
7.633372339269504014e-04
9.743287290422985355e-04
1.854005708545944505e-03
1.104077713860941463e-03
1.190360140954417742e-03
7.976816261830087197e-04
7.922989762425581292e-04
1.092413911527372657e-03
9.559779225959541679e-04
6.677966648926881221e-04
7.009864896183085840e-04
1.388928054949398975e-03
6.410211627801066419e-04
6.806984340945701657e-04
1.854000090851511606e-03
1.024907823093704770e-03
1.999716393222715580e-03
1.158487673764798873e-03
8.586752509639255723e-04
6.138290632680347804e-04
1.112626390786485226e-03
1.247577968041042873e-03
9.955186649758926334e-04
1.008495450386707624e-03
8.862750015278276225e-04
1.038317609051646545e-03
1.462387721749705462e-03
9.937733695910015621e-04
1.527814162763402100e-03
2.022788658379965319e-03
2.026709947338527305e-03
8.689528768847581486e-04
5.693979345641538448e-04
7.086468481229871554e-04
7.060249693693138517e-04
8.514145229608933302e-04
6.387390932861438221e-04
1.539151633292593600e-03
8.002007694359633376e-04
9.019971896743692865e-04
1.592699844132864024e-03
1.083077669578041448e-03
8.333410245650904428e-04
6.537444430859054708e-04
1.150933758450033064e-03
6.360112531245333978e-04
7.618338822772841717e-04
7.487840357461307246e-04
6.310984332786773350e-04
6.841546952387436058e-04
1.544209443763237691e-03
6.317492822779229586e-04
1.085090228263974922e-03
1.058120201943895918e-03
1.075104593441704101e-03
6.548332522574256244e-04
2.965361327154766077e-03
7.482848009115480132e-04
1.075441900612997704e-03
7.996537052128407019e-04
6.475562466546807075e-04
8.460731194029517477e-04
6.018630301244847283e-04
6.622630353951641877e-04
7.695387201947861359e-04
6.229228957416473424e-04
1.343746276720360214e-03
5.913128866980961115e-04
7.503190482250133349e-04
9.321128736161197895e-04
7.837755758332713750e-04
6.244590050114184237e-04
7.853276122155275658e-04
9.815417077990260409e-04
7.252570178446522816e-04
6.151561863956102674e-04
7.935689965024741001e-04
7.376604033145836700e-04
1.224724482668140867e-03
7.649635766357546765e-04
1.325543646177759077e-03
7.015513692359739550e-04
6.616848245523436695e-04
6.396516364519138275e-04
1.063413662537018986e-03
7.265373497705154750e-04
9.025582452328333085e-04
6.141290571113326323e-04
6.594803115973304521e-04
1.255392750611857532e-03
5.781502607796535536e-04
2.041828515611119645e-03
2.428834723927167285e-03
6.943756739599385355e-04
8.808979977719222192e-04
9.291811385144594032e-04
6.057895167773166009e-04
7.517013193396961980e-04
1.125248195521703562e-03
5.799722786274898916e-04
8.418572790028293036e-04
2.401934395300484720e-03
9.857931714250002791e-04
6.951188573642124975e-04
9.972894372157938957e-04
1.843096847022054939e-03
1.002254530002218494e-03
9.247701150421781466e-04
1.060378277588998504e-03
8.312880603208903322e-04
6.108676942440312589e-04
6.019687001130253137e-04
1.219238783976009637e-03
5.879115238398149390e-04
8.483651130444814495e-04
6.482766348481317853e-04
9.151068019069819558e-04
8.281455914018780650e-04
1.164820364898136451e-03
1.744631867050732386e-03
1.176878615260548364e-03
1.211256913936950607e-03
1.472564737792916162e-03
7.576271765974515893e-04
6.619470520893038683e-04
8.634172698157814834e-04
5.986271251962789215e-04
6.560273526247033075e-04
7.747136554578442583e-04
6.273863104684855151e-04
7.240162758067761415e-04
1.590748659415924544e-03
5.961341900977240290e-04
6.227759281689037143e-04
7.156124321342649140e-04
7.891601975960079287e-04
8.506497988009803111e-04
1.723788341016092721e-03
1.180897955332217610e-03
7.085727600277254117e-04
2.007910611233834283e-03
5.733597582076487486e-04
9.774516083203969342e-04
8.445843145102601779e-04
6.735890242622319174e-04
8.676889109197123045e-04
1.456249167111711360e-03
6.933703203274701804e-04
7.923430542152631786e-04
6.598593662033677048e-04
1.751065538652045277e-03
1.072790882031577015e-03
7.161526714152868225e-04
6.362078106314374799e-04
5.907008792523366211e-04
6.199439731524439062e-04
6.169125078420279297e-04
1.156577555142641487e-03
5.942764427841411940e-04
1.459458063925869438e-03
1.094626648598127482e-03
6.141781378355047833e-04
1.666750047119081686e-03
9.432342154597839548e-04
1.560455936705340985e-03
7.230962773179129945e-04
2.306186825767208952e-03
7.346655551736231251e-04
8.382843373187400101e-04
8.117962446209900677e-04
1.647067342477061356e-03
6.758769712324046728e-04
6.500857619055681576e-04
6.306498189316621199e-04
6.164077758924918797e-04
8.902880598451283489e-04
7.861876333813589031e-04
8.571739695890192353e-04
8.253943875838346206e-04
1.224593172394970210e-03
6.493499653062986734e-04
1.206791189585666420e-03
6.247836389741878629e-04
6.679598894761164382e-04
1.387403153838042509e-03
1.211007530887797320e-03
6.269014646617591772e-04
9.656269780029338740e-04
7.572158910002360415e-04
6.635404399997340283e-04
1.552372119713586913e-03
1.714575935521043312e-03
1.800212773598111604e-03
7.494064871734745087e-04
1.201350714521119039e-03
6.209550448628159023e-04
5.870938922322021950e-04
9.641218380645205253e-04
1.532879293379190095e-03
1.863417203316487369e-03
1.094479681569335457e-03
6.090286578389050506e-04
9.394640649320139649e-04
1.236225851775577672e-03
1.016139635820325965e-03
1.186978191721411958e-03
2.106346921250785986e-03
2.813586517056591851e-03
7.671746104983594638e-04
1.067207483946480033e-03
6.147982051399800401e-04
9.444131077203825938e-04
1.532865259711548500e-03
8.761377715528174352e-04
1.294072888477390462e-03
3.146649080269175482e-03
6.825240488835606105e-04
2.093602943317346941e-03
1.009898222515837095e-03
6.449677710340519059e-04
7.919393862069714273e-04
6.652782678975995533e-04
6.185948364001329436e-04
1.108982756988024024e-03
9.231874596469686082e-04
5.860879386900983085e-04
1.020622947438776847e-03
7.869158673238960903e-04
8.025607214533335030e-04
1.051975228394327888e-03
6.508523150331749435e-04
6.002214980094830021e-04
1.648444773160737901e-03
6.769389875522689943e-04
6.467282243906960796e-04
8.263295367154986464e-04
5.762198585433121745e-04
6.371262297299589176e-04
9.383209027718852164e-04
9.298365162843435843e-04
6.502372834717685349e-04
1.462261360386310494e-03
9.917180110458969928e-04
7.753421286888968235e-04
1.427923796848764486e-03
1.295667646597420918e-03
1.780942462329665422e-03
8.090458954030548596e-04
8.899052563790427499e-04
6.295452382944669674e-04
7.465502580163582919e-04
9.566767355922595759e-04
5.877439259351568360e-04
9.923821785731777156e-04
9.008298134311901531e-04
1.068190050108600323e-03
6.196102315062860773e-04
1.376643578917057832e-03
6.060474317204269518e-04
8.101251948979846596e-04
1.170478310703442978e-03
1.189471143328556593e-03
9.065941973168863957e-04
8.172009370823015350e-04
2.811605214877285243e-03
1.215511138703675130e-03
6.210615410011808201e-04
1.076610488278617389e-03
6.370454192456182939e-04
1.079277857967333694e-03
9.412681225002729338e-04
6.445620556702957383e-04
6.895595205694164198e-04
6.132407098583130033e-04
7.883393961024569210e-04
1.761420367765466170e-03
1.847852046570582982e-03
6.192365697665075256e-04
6.384097867654957899e-04
1.132204848128552568e-03
7.086892861533963112e-04
7.489872371237541208e-04
7.817627466097421029e-04
6.149264233255682987e-04
7.896580645378374706e-04
6.556171536727984934e-04
9.410088366855049640e-04
9.574385531067075876e-04
5.773793687850500671e-04
1.706086336894228114e-03
8.325267515448444688e-04
7.355342113354300946e-04
9.818920205641201195e-04
5.801966666060241230e-04
6.266493301585071519e-04
5.827253395445920704e-04
1.084345361380847353e-03
6.036703376715370521e-04
1.643930437130857163e-03
7.830385138139208875e-04
9.645097924480463148e-04
1.080609101974906337e-03
9.274404879764218271e-04
8.546359439253141789e-04
9.598837210548895413e-04
6.631370429772492046e-04
1.111772811642454438e-03
8.485358810332322430e-04
7.567718420886705450e-04
1.496551134846048218e-03
9.749030015015030777e-04
1.038458702305682926e-03
9.319995585709637664e-04
1.443647967349449401e-03
6.501056974339026193e-04
7.228624096987225443e-04
1.139657416256978839e-03
9.436222855770217462e-04
8.552519506586217166e-04
1.744322501272443449e-03
9.251374763582032382e-04
7.205613822133488493e-04
1.674644024471406761e-03
2.532607040776688970e-03
8.136054788134608994e-04
6.778808032478951268e-04
6.221358427136821538e-04
8.194466969230364663e-04
6.546460039260729473e-04
6.151113091739120577e-04
3.331306543184166507e-03
6.562548558245377521e-04
1.821933728630986682e-03
5.845514722395875979e-04
1.093546455600475894e-03
9.367652939464382556e-04
7.556814012202005271e-04
5.794522833678575477e-04
7.652564930990588378e-04
9.116366241947240767e-04
6.229503494613731866e-04
6.998855196400291653e-04
7.957002642911085175e-04
1.018066181033264964e-03
6.034187970121734782e-04
6.230818768388369372e-04
1.773034748319570744e-03
6.738408837144926281e-04
8.031292912584553703e-04
8.568731932572257268e-04
6.900177064407600740e-04
9.884238428545949213e-04
5.941031643911124987e-04
1.315646140531680870e-03
1.818224529242023482e-03
2.302819669925999877e-03
6.687150891979943244e-04
2.626939770850961631e-03
1.053128516758458470e-03
