9.375305501029894406e-02
9.144039277907319019e-02
7.839179901574958031e-02
8.227400353175773340e-02
9.988525185387506222e-02
9.991925674583483630e-02
9.135848900205614798e-02
9.697604635798735828e-02
9.467982425576609851e-02
8.602512064037905193e-02
9.842203490128198506e-02
9.831323454955259722e-02
9.351942001171945074e-02
9.596713877291124239e-02
9.345303693500955911e-02
9.382174742548794744e-02
9.698117244853518559e-02
9.962644552287910904e-02
9.614866029654904611e-02
9.240135196071201651e-02
9.873724481808618392e-02
8.866460526675240539e-02
8.956276169191729197e-02
8.224831120015510533e-02
8.781352516875860770e-02
8.146478892520260529e-02
7.717754563974812965e-02
9.706332531121333873e-02
8.184294833286112625e-02
8.899478188592729877e-02
9.395811371408320511e-02
9.284407108768251427e-02
8.597313890259572489e-02
9.188407601412287851e-02
9.314096438677083034e-02
9.712500740528060006e-02
9.933449166839213029e-02
9.941398823247551975e-02
8.785041375330684965e-02
9.923014886206742158e-02
9.334007863570907559e-02
9.302736356240390303e-02
9.296563302387998717e-02
9.868454862684812590e-02
9.059945390911876284e-02
9.994649444838048236e-02
9.260375843863938305e-02
9.154970212082508274e-02
9.326553418992904188e-02
9.943320003728159384e-02
9.669485364695995511e-02
8.472210642948552195e-02
9.920405737501067356e-02
8.452124428276804047e-02
9.350279486856165334e-02
9.956068749556197528e-02
8.104070622093559328e-02
9.217765215248661936e-02
9.963915132060235935e-02
9.423764542912768660e-02
9.301378094931714302e-02
9.360843659315504217e-02
7.760950369656516301e-02
8.983761135385569252e-02
9.622830908969232100e-02
9.830604676100686279e-02
9.727445098532103152e-02
9.628653365143580167e-02
9.697426536527047058e-02
8.806241145915241764e-02
8.897315165072081089e-02
9.151549713022674726e-02
9.169439395102188528e-02
8.865908130825603251e-02
9.748895577251993905e-02
9.858703448323052898e-02
8.826344930846342918e-02
9.168680863500740241e-02
9.958684620999111448e-02
9.798226835210868679e-02
9.682946281529625221e-02
9.309360225761260932e-02
9.529863911185786074e-02
9.010996462904642679e-02
8.763658206306448872e-02
9.023003904588923485e-02
9.929834218398372880e-02
9.863976456164504081e-02
9.457541125233601131e-02
9.500233167233344822e-02
9.780279867116312142e-02
9.675475510268183310e-02
8.689349177193113338e-02
9.102478585549449164e-02
7.619896183713145699e-02
9.884760701104045033e-02
7.934218974620962928e-02
9.257154673023355873e-02
8.475184322426279615e-02
9.161964702193296783e-02
9.788976017392987672e-02
8.445529811626868721e-02
9.765051639610283774e-02
9.581330008289987155e-02
8.250530194268596018e-02
9.327417862863182640e-02
8.863250998795980939e-02
9.215217604281422670e-02
9.718299456093038025e-02
8.493696077794606059e-02
8.531917560345843310e-02
9.568235557373769296e-02
8.376363966258995597e-02
8.663229460750528077e-02
9.389295110880346851e-02
8.949646179970079107e-02
9.939205424085235940e-02
8.252015880757190835e-02
9.766154055226046460e-02
8.142293806728764793e-02
9.868112872298269445e-02
8.924856707284799240e-02
9.994996363502914316e-02
9.974023520931653286e-02
9.451950479669370131e-02
9.949104996602965711e-02
9.563099145995163086e-02
9.643669067095515801e-02
8.637913820051625058e-02
9.945684151612899093e-02
9.697063866353677897e-02
9.102472408359565947e-02
9.413887122065422997e-02
9.120922653910559785e-02
9.175035435860093291e-02
7.822328962601632352e-02
9.290131483231355014e-02
8.244518093893074551e-02
9.764028681194990289e-02
9.858940447660013984e-02
9.893808466878113717e-02
9.772773444531523968e-02
9.925216616188546614e-02
9.866921028090290535e-02
9.873158795144587607e-02
8.981600939522339788e-02
8.561070562254716187e-02
9.652513342960537812e-02
9.130063538273039403e-02
9.757349406239829159e-02
9.581090182688561940e-02
9.355780013695892683e-02
9.917322979597781307e-02
9.837601245132907013e-02
9.647793488299097331e-02
9.538169095336385128e-02
8.904237039822707200e-02
8.614759679984929086e-02
9.179170527491953280e-02
9.003283932901977316e-02
8.706273964723434955e-02
8.975458653403627085e-02
9.684578147947231486e-02
9.301617637428992447e-02
8.967850040890712471e-02
9.971357613807649289e-02
9.178760444000567953e-02
9.689032214541695720e-02
9.221563251205036615e-02
6.759323966592049870e-02
8.720356690719655024e-02
9.510146174869439639e-02
9.260728635030646139e-02
7.986388687837647771e-02
9.955768514454665929e-02
9.768219125868923824e-02
9.219840122320972775e-02
9.917321651619351308e-02
9.219934787539095511e-02
9.886111136012505629e-02
9.004936129535696943e-02
9.251717535811167237e-02
9.519316946308462035e-02
9.966518573926839986e-02
8.689002349723802532e-02
9.922844217003021217e-02
9.321317218173208463e-02
9.573443787443328135e-02
9.869072875726171701e-02
9.953307107004136234e-02
9.707949898114826004e-02
9.525639712048641905e-02
9.823544855194146774e-02
8.957664905458961879e-02
9.041185166573990906e-02
8.015576099795612697e-02
9.638876704261785389e-02
9.837397949201445724e-02
9.538589033451412569e-02
9.295183440063611857e-02
9.822377124623958566e-02
9.362026523847943871e-02
9.553924692569364108e-02
9.761313629455617424e-02
9.137964810553862727e-02
9.695021185795361929e-02
9.014797562665839703e-02
8.812213881272916438e-02
9.486933217746849889e-02
9.555366351157895677e-02
9.888247979769866636e-02
9.704154040455292840e-02
9.354241867808849031e-02
9.616586480738803511e-02
9.524108877024015096e-02
7.552194460340361237e-02
8.960097890073166760e-02
7.571296633726865011e-02
8.375791839564820929e-02
9.562935395849851694e-02
8.880526176078296086e-02
8.601895349871373220e-02
7.837371463032417884e-02
9.097027101128468685e-02
9.406756087743313455e-02
9.922275838297493766e-02
9.421974305408789552e-02
9.474654814117006163e-02
8.278583090983673842e-02
9.889584398859763148e-02
8.565172445094618170e-02
9.748033269341219165e-02
9.894987164680023317e-02
9.702560764029925788e-02
9.988504957386835914e-02
9.552994051172802870e-02
9.064139376456908925e-02
9.229816133419020685e-02
9.978064679679987670e-02
9.642683812009120170e-02
9.732701382636747833e-02
9.919203912977980764e-02
9.848283135015592493e-02
8.528639692261560934e-02
9.334441394889053667e-02
9.191322868463888685e-02
9.709518881902068355e-02
8.887902597323391052e-02
8.724042687487813807e-02
8.470552191190919289e-02
9.287040036999560932e-02
9.881402051996643343e-02
8.521269343928135342e-02
9.489571807333754827e-02
8.959786920372790620e-02
8.151349032567327402e-02
8.723404288652054916e-02
9.008398135989297006e-02
9.851862757384448332e-02
9.834275955188288842e-02
9.849144794799055691e-02
9.263077692414997677e-02
9.141945933039946626e-02
8.697580898457181464e-02
9.908886229158128667e-02
9.393976521992890294e-02
8.920715009812342500e-02
9.060115735239916701e-02
8.983052935108215564e-02
9.286723225261392378e-02
8.842276412109802142e-02
8.604496172532231923e-02
8.856827773097368517e-02
9.098795318073868432e-02
9.119560805868606734e-02
9.758495037474415601e-02
9.937015677906177458e-02
9.643005155827444330e-02
9.456203414556228759e-02
8.689431630302309195e-02
9.466056145533902066e-02
8.253553280975384210e-02
9.587030895575580913e-02
9.804536746169641159e-02
9.451201990479127235e-02
9.846211388881212501e-02
8.885455478469905799e-02
9.493512314398100393e-02
9.299985324064050096e-02
9.014956205368471198e-02
9.844693696576747866e-02
9.694147018866797194e-02
8.810318393357005617e-02
9.508859396108670925e-02
7.703547176124744822e-02
8.545664984829796917e-02
9.049582682209419970e-02
9.858962165688893442e-02
9.505101944016816629e-02
9.820443731368143359e-02
9.872038038269531635e-02
7.613537724198338186e-02
9.812625198459336284e-02
9.825465250697078268e-02
9.363652268222549813e-02
9.875195713213057169e-02
9.285530820470172531e-02
9.749645670635599670e-02
7.520243828598978386e-02
9.048427256237821792e-02
9.982184790113272921e-02
8.815799064018717268e-02
9.553292189345985452e-02
9.901394873701566124e-02
7.199327179023543022e-02
9.716480050540578228e-02
9.245102229758822565e-02
9.737597992542858238e-02
9.736604810886750894e-02
9.249008503890897293e-02
9.376046632408568948e-02
9.423607003634019985e-02
9.770293926220507963e-02
9.395410650771672534e-02
9.395821517665987888e-02
8.512888690297473748e-02
9.212437584618840547e-02
9.066271614486993979e-02
9.777262455869441260e-02
8.553694789125347586e-02
9.141059405653258196e-02
9.062735779735138497e-02
9.955082455528635466e-02
9.445057714519183856e-02
9.781614589280833438e-02
9.388056101132617737e-02
9.308617537413536869e-02
9.781349085249552155e-02
9.852437416681023019e-02
8.170813659482099867e-02
9.528079152305987676e-02
9.527104903050767626e-02
7.126093110433735778e-02
8.985153279637526913e-02
7.966511882905671915e-02
9.065867662058720022e-02
9.189057716115821284e-02
9.710501196384430100e-02
9.855043613821548587e-02
9.089863717878504668e-02
9.509393662861106988e-02
9.525242733710226339e-02
9.465399144501079887e-02
9.236637848815126839e-02
9.356335906510702960e-02
8.835799940831759458e-02
9.327318536569260965e-02
9.901213544593991112e-02
9.742251909532198551e-02
8.411093136387148839e-02
9.451388070130399555e-02
8.755584141061351078e-02
8.891036009578232036e-02
8.730263130054330412e-02
9.945267496338261459e-02
9.361093007569834534e-02
9.676708818312468319e-02
9.959423834971485590e-02
9.961497877641302401e-02
9.696083477861718036e-02
9.345847969526324683e-02
9.605205518379261731e-02
9.807367477208667195e-02
8.943159905001073218e-02
9.465469428564791954e-02
8.944169992080112930e-02
8.970539002558952646e-02
9.912846923141255262e-02
8.941727129076924852e-02
8.868110450329171057e-02
9.928961131264640860e-02
9.726966804124889676e-02
8.859769971544972922e-02
9.836139717132567906e-02
9.350674144010041877e-02
9.754546089635474093e-02
8.732460069220326915e-02
8.743595037118788438e-02
9.818126506520064023e-02
7.793341506678296005e-02
9.015902625439700668e-02
9.963665907112713438e-02
9.079792583365405012e-02
9.104680740785288384e-02
9.540740988499955832e-02
9.941514767355782989e-02
9.262422601031221336e-02
9.892418050252554940e-02
9.750539993931972571e-02
9.829641507098421660e-02
8.497325197534920382e-02
9.916854739725251833e-02
8.477550081203845400e-02
9.741491711383540308e-02
8.175429037629922124e-02
9.748818774802801845e-02
9.611240959037614662e-02
9.255002914882717868e-02
9.557156486982651411e-02
8.837246494457670631e-02
9.902932078404055871e-02
9.926095625713986237e-02
8.988974144906738961e-02
9.176290169242296013e-02
9.835245648451335088e-02
9.360256860428661785e-02
9.084651321667078228e-02
9.975111808195462337e-02
9.526425454729327280e-02
9.978338428010190275e-02
9.216188615729525857e-02
9.318298047941192541e-02
9.813403188066827099e-02
9.187306915526520512e-02
9.843207251336712205e-02
8.624832989124843474e-02
9.769545624913242299e-02
9.888827446050849068e-02
9.475357800089448390e-02
7.538565994174067919e-02
9.337930807472580308e-02
9.716031853747696123e-02
9.644534514714592222e-02
9.941774489070100140e-02
9.651722598931662678e-02
9.951371677562791118e-02
9.047165305485874165e-02
9.757214714329295879e-02
9.841416441281518324e-02
9.830893217622488356e-02
9.150573662235139683e-02
9.609464893754150749e-02
8.305749829905560710e-02
8.985868982714423359e-02
9.750920775576357724e-02
9.651405587250773410e-02
9.824081253313325657e-02
9.923309006882799488e-02
9.234303043016801882e-02
9.354958259814061261e-02
9.656611665419605195e-02
9.289097983003534453e-02
9.635828051133776828e-02
8.700855950618133217e-02
9.872368497860134484e-02
9.741691607755513516e-02
8.976079561716952815e-02
8.878835274838385583e-02
8.658496092650068421e-02
9.694928959209200836e-02
9.838905029266090119e-02
8.294705061446011607e-02
7.627811107303791860e-02
8.615201695845245422e-02
9.350663525994096226e-02
8.258518407716268495e-02
9.885328845909965856e-02
8.871895304047221209e-02
8.853756564826961717e-02
9.386256186123687062e-02
8.648509144061043707e-02
9.939465558820621827e-02
7.571384497678623759e-02
9.574861035151857602e-02
9.292163775188730379e-02
9.174991774707365322e-02
8.252092658283217974e-02
9.657427660495114530e-02
9.012658204274451301e-02
9.816288748402725306e-02
8.881100347404027873e-02
9.421634039673093541e-02
9.682996158285524235e-02
9.947725097771129010e-02
9.489067240201785880e-02
9.872926729258986456e-02
9.747863028296518961e-02
9.168212870320081864e-02
9.072501330098996231e-02
9.975753439031226355e-02
8.804035633791570947e-02
9.587793582094610023e-02
9.352006340546484275e-02
9.984466722599381894e-02
9.191588484199889053e-02
9.963334413201663242e-02
9.604049720693305647e-02
9.276203607024041675e-02
9.040076325654541889e-02
8.002489707203611080e-02
9.426383663236165278e-02
9.514168766053579529e-02
9.935174964377363471e-02
9.414284298193303924e-02
7.951539935738119458e-02
8.486662948660349259e-02
9.565913329706052237e-02
9.591557187378496607e-02
8.966951658153965443e-02
8.623877587568190561e-02
9.531998256907672773e-02
8.733041115586440140e-02
8.808572788553464816e-02
9.136890567467023661e-02
9.016041058077070569e-02
8.971990746126240479e-02
9.660356221972248025e-02
9.303063202129463471e-02
9.404899601792907071e-02
9.864595983896309872e-02
8.910499264070594061e-02
9.938440398200135140e-02
9.651207118844830346e-02
9.465298451110391864e-02
9.762706784159468076e-02
6.910962776892332071e-02
9.951126845809843413e-02
9.163526462545240614e-02
9.959149855987006750e-02
9.274596432454532136e-02
8.950757860957789247e-02
9.912719739296818600e-02
9.048889634037497742e-02
9.583596123168255931e-02
9.949021437472195528e-02
9.007661384459161868e-02
9.843809923965476938e-02
9.856165238244096738e-02
9.527480046384563528e-02
9.646947921674711712e-02
9.894136869554434610e-02
9.584389040080842914e-02
9.431411870127909269e-02
8.139618282369814883e-02
8.787906659049049551e-02
9.492056371931988090e-02
9.372661528015857613e-02
8.853244513212202293e-02
9.214502945715907778e-02
9.437823736778326589e-02
9.469820447606068503e-02
9.880096159651254040e-02
7.571355683648890722e-02
9.854987981508327166e-02
9.715818506161005841e-02
9.673595128386375253e-02
8.547715375706670116e-02
9.476193344376701577e-02
7.560364611547826241e-02
9.992710160285379895e-02
9.262675251281249356e-02
8.857840119154182512e-02
9.938777220020754422e-02
9.845360306596318001e-02
8.626196176137372607e-02
9.608559093236694604e-02
9.446219716355259977e-02
8.968934580383576549e-02
8.744247310118835603e-02
9.584535950155825823e-02
9.869616508217393669e-02
9.109525979683630315e-02
8.089729366135613164e-02
8.305747280250734554e-02
9.013582420892152225e-02
9.844349143731301321e-02
9.326513794337375207e-02
9.406323965537591314e-02
8.724377260105180276e-02
9.196858834730226029e-02
9.850154788450989074e-02
9.749135873761506643e-02
8.884244666706635207e-02
9.555452953381511627e-02
8.305091923322514835e-02
9.598011854061588854e-02
8.832616682089897142e-02
9.729190045826170696e-02
9.851586652205605865e-02
9.999372481865387297e-02
8.929442177770761935e-02
9.901248611510767017e-02
8.315474729490740513e-02
9.618595991146830504e-02
8.175508482863912130e-02
9.868154269793615041e-02
9.247062730074318004e-02
9.611074425556828671e-02
8.815583165734984517e-02
9.390233903432940177e-02
9.209082551923450377e-02
8.750235436763743879e-02
9.489783780392690993e-02
8.356046597508770546e-02
9.821329606681500346e-02
9.949196061560246218e-02
8.791512195010715847e-02
8.724988601645385089e-02
9.574888268036953198e-02
9.828030044158234113e-02
7.514896612951191268e-02
9.833092691724262813e-02
9.949602696042633698e-02
7.822599439388107367e-02
8.800619526538655535e-02
8.652258222037562119e-02
9.798547983313815601e-02
9.565720075719791327e-02
9.845256617565939505e-02
9.564996515172249913e-02
9.081736587939215344e-02
9.296910185418899575e-02
9.519744764894880196e-02
9.156697688252216083e-02
7.941599813289078325e-02
9.695914204283166693e-02
8.919188937833580355e-02
9.495618115197788922e-02
8.232616571400312722e-02
8.630684937411600699e-02
9.837373475934946265e-02
9.336774423199684092e-02
9.110308241989970024e-02
8.322154564404568577e-02
9.880601240907491145e-02
9.849799033302127083e-02
9.589226860794325402e-02
9.184805130854462041e-02
9.406788344972660809e-02
9.686697023001711315e-02
8.935246157705539760e-02
8.458112378868933023e-02
9.516617294820170492e-02
7.248204581676008507e-02
9.913588483428081854e-02
9.670973416544090262e-02
9.414567179784982809e-02
7.311696642867075713e-02
9.879137822916496392e-02
9.198144359319170016e-02
9.794641040432000567e-02
9.973226995175081544e-02
9.903405308965945730e-02
8.948336866896619557e-02
9.882972461159439392e-02
9.488646320923685429e-02
9.992006612688457412e-02
8.336528127288517220e-02
9.576215587279462982e-02
9.786004605646365928e-02
9.721059405400467313e-02
8.623380922369140722e-02
9.682773812041550743e-02
9.080033299679400594e-02
9.186923686786443999e-02
8.276500581357745800e-02
9.947765529790443539e-02
8.928421336694594701e-02
8.923675430008698450e-02
9.257390452062853881e-02
9.148148634297538495e-02
8.869661711970945606e-02
8.400380233222909387e-02
9.286411542422411125e-02
9.333168991659340774e-02
9.162148642582072788e-02
9.864550461028212536e-02
8.447179585972072746e-02
9.802379577357830942e-02
7.815945287434751532e-02
8.854339040720193843e-02
9.515583239294106432e-02
9.669438063339019784e-02
9.872214243480410822e-02
9.383978808538835648e-02
9.283991692254472960e-02
7.444758429852954551e-02
9.990821127305531124e-02
9.544052917068523989e-02
8.828268350398447983e-02
8.735674272714918920e-02
9.136142261333481118e-02
9.641068725936624562e-02
9.531419688886309804e-02
9.533418166051194076e-02
9.339463267889849818e-02
9.239258418823742547e-02
9.074775054329058122e-02
9.805126501851435528e-02
8.586402762139037914e-02
9.387100597109107603e-02
9.597872836468038238e-02
9.611355409966154673e-02
9.736043704852502534e-02
9.030490679276223509e-02
8.522446457096251315e-02
9.609511227583267257e-02
9.620723875777840994e-02
8.538343556802936718e-02
8.979445054405475746e-02
9.905976733601397355e-02
9.792375505535892699e-02
9.926680451668006000e-02
9.968978309078677102e-02
9.121213896978744295e-02
9.869083512524910728e-02
8.338133855118658178e-02
9.060805083584760888e-02
9.495049683640292837e-02
8.895352945984358328e-02
8.922531744400136189e-02
9.322454354282555533e-02
9.864631069989131251e-02
8.682038581792983489e-02
9.674661676381793307e-02
8.175287390967944656e-02
9.570997061991182164e-02
9.297190539737165693e-02
9.276629996832269631e-02
8.574838789900943170e-02
8.890049509761011048e-02
9.923111429534564598e-02
9.464483412227218950e-02
9.272897721452286190e-02
9.886684988124573581e-02
9.929650910701491584e-02
9.885293839053788112e-02
9.921486977621347958e-02
9.228547638345724335e-02
9.939209010652790000e-02
9.884442788014086156e-02
7.667432137416096971e-02
8.913954139947877220e-02
9.635129390286173434e-02
8.919076584808527386e-02
9.577423042068365644e-02
7.485587720012065738e-02
9.401563234741366903e-02
8.918373129864429205e-02
9.117242875996477147e-02
9.977260898814045709e-02
9.472901941612302257e-02
8.960627080590048699e-02
9.952584267742523028e-02
8.960168709938032272e-02
9.589316394006493216e-02
9.497174072900432806e-02
7.940630812498863933e-02
9.607441453859136282e-02
9.897651014958523674e-02
8.866445482340977458e-02
9.557930661727120913e-02
9.190657999826401525e-02
9.793720551415588393e-02
9.338494409401812413e-02
8.478147572353872397e-02
9.195425992138542282e-02
9.974942069908782072e-02
9.700310606513502798e-02
9.157240661693581696e-02
9.304203886995611461e-02
7.875415484608908057e-02
9.614046347400040382e-02
9.930361612182647679e-02
8.095656650702141854e-02
8.490015763503348800e-02
9.820601516631632943e-02
9.963665162936528874e-02
9.008466219808552999e-02
8.586470606519322479e-02
9.881419296075809322e-02
9.155881693142983724e-02
9.774421960925006037e-02
9.209256623580351631e-02
9.309661178414786742e-02
8.983759749375694326e-02
9.969466261177442612e-02
9.564400206707045216e-02
9.883124631662265624e-02
8.478650799983571129e-02
9.801503771911390661e-02
8.743308529526318262e-02
9.705337253380863505e-02
9.966003680813252663e-02
8.453919337647675114e-02
8.523717349982798397e-02
7.135280573922710146e-02
9.326537416981671436e-02
9.840227077407869005e-02
7.889641167447405956e-02
9.175556921897363993e-02
9.352041836003112396e-02
9.465386072918216542e-02
9.378373794389292806e-02
9.090366172935088196e-02
9.529969349480901797e-02
9.964668691922141941e-02
9.535927558264882531e-02
9.537268385862669728e-02
9.562109898160547905e-02
9.597256914003080008e-02
8.747636408435059685e-02
8.629493662403368848e-02
8.997050724843037861e-02
7.625346519648132371e-02
8.279835033211670192e-02
8.823037965159001572e-02
9.814303959268402822e-02
9.974612978638559835e-02
9.216959085575905652e-02
9.432502944195021721e-02
8.763619919214725440e-02
8.264352695450216668e-02
9.114025313757803670e-02
9.425535009100757811e-02
9.502510197995320262e-02
7.915153290158660759e-02
9.377293228614075327e-02
9.525083308473134003e-02
9.015556799006013700e-02
9.771100206729595172e-02
9.942559279012934403e-02
8.894813682797070298e-02
8.111511338836696616e-02
8.539977891606902183e-02
9.156774618775247176e-02
9.639604099542310733e-02
9.107489487492247127e-02
9.029216437659318140e-02
9.714206501544171701e-02
7.532231630312632986e-02
8.886610059563895825e-02
8.815683787334667454e-02
9.505701206386724111e-02
9.444152105398609387e-02
8.513029957207339515e-02
8.847811922041302901e-02
9.514039920541859929e-02
9.728319399396501144e-02
8.645199053361711516e-02
9.767768489236816620e-02
9.402459923771266936e-02
9.630678650927415596e-02
9.337765153397421802e-02
9.822866071705786684e-02
9.334271022629476999e-02
9.611283242617486844e-02
7.650838624067898830e-02
9.333108900275163822e-02
7.991359856880492218e-02
9.160828443075703931e-02
9.552517204714608412e-02
9.650341885443930456e-02
9.029351729811142813e-02
9.742645638847191591e-02
9.132354466850577113e-02
9.204190392318101210e-02
9.913282836684281230e-02
8.865782567805646774e-02
8.535527688199473495e-02
9.887281402363996829e-02
8.832194549735689071e-02
8.413277027542402642e-02
8.934937078877301653e-02
8.771568896736930965e-02
9.095891432912392438e-02
9.962250002541161997e-02
8.165878493971476249e-02
9.777315368054043110e-02
8.409478466694696175e-02
9.222275828036019529e-02
9.174007864046385130e-02
9.250759022609544857e-02
9.688570471593299649e-02
9.889186131992026840e-02
9.361228577352077862e-02
9.096900131260524103e-02
8.783174244851048307e-02
9.654430737583367950e-02
9.905425010870251568e-02
7.718503577902505186e-02
9.112137568260350595e-02
8.847751535407234746e-02
9.689290255834395738e-02
9.963294198320155060e-02
9.589244057092774498e-02
9.085371131561173486e-02
8.317498583687846225e-02
9.911186755074975763e-02
9.590316175079786898e-02
8.828251781845697366e-02
9.819044677263980003e-02
9.794892029768054176e-02
9.050059922632940068e-02
8.941326793109313775e-02
9.084159736280833508e-02
9.683086256969623828e-02
8.856812428600173426e-02
9.952229505894436001e-02
9.588039243234625086e-02
9.122833617814475604e-02
9.588043819045304061e-02
8.395023489423288077e-02
9.560500452613981959e-02
9.403520073259333256e-02
8.614600193534416306e-02
9.810717279903748145e-02
7.939840965830612107e-02
8.938438411178847853e-02
9.735959848797029470e-02
9.828232475869794205e-02
9.022313936650086519e-02
9.725118235694779623e-02
9.916099939289466092e-02
8.811933501401486568e-02
9.871817108893636561e-02
8.432473423100801668e-02
8.858897058342371511e-02
9.978525945617422455e-02
9.941529777784202659e-02
9.077796334856055860e-02
9.240374670524344192e-02
9.481379037523601783e-02
9.697316336038859508e-02
7.985320323931238695e-02
9.581990295377042222e-02
9.235550560925130659e-02
7.857932157538019546e-02
9.116629419000651935e-02
9.620084678710945358e-02
8.590905447154605079e-02
9.250515617809094981e-02
9.108032273131501377e-02
8.581376885279762279e-02
9.147943897979311789e-02
9.848502240600569280e-02
9.625378259964841032e-02
9.811772744043081862e-02
9.732948589071162282e-02
9.573513712725406632e-02
9.339931907636041253e-02
9.910213741323210812e-02
9.712104926738020227e-02
8.475504889499918537e-02
9.355858560990278072e-02
9.349222722529984542e-02
7.240290245541405878e-02
8.838073850752296845e-02
9.101201106907889915e-02
9.441482609153920014e-02
9.335910567778953062e-02
8.952494433246074856e-02
9.762047398088184724e-02
9.549534966850628526e-02
9.742963291534238734e-02
9.083539633284595793e-02
7.315798277711325903e-02
9.854861095266261029e-02
9.135279757219158525e-02
9.960939018853663673e-02
9.908807168796203435e-02
9.847114566135706237e-02
9.537352401434974480e-02
9.922737398761631578e-02
8.989022657245704373e-02
9.602745894011016636e-02
9.487854015925475948e-02
9.581020376925392101e-02
9.897168895760657947e-02
9.204054605007906675e-02
9.739624846215313991e-02
9.631340429496737521e-02
9.173916594461818674e-02
9.353956282913369891e-02
9.827630357121469595e-02
9.448068100574497086e-02
9.593896678371753584e-02
9.845559702083686582e-02
9.722591134380360878e-02
9.035973401108159109e-02
8.113311967375370914e-02
9.650484487364294206e-02
9.854411537518839581e-02
8.814134151288276209e-02
9.212380546965916184e-02
9.705946589190095342e-02
9.609814796903132228e-02
9.923829061790853667e-02
9.478168277115203710e-02
8.595338292529824953e-02
