4.508263951191790464e-01
3.050848679257336937e-01
4.433860055669394673e-01
2.674792416850813037e-01
3.403451882496630887e-01
4.081702657367048959e-01
2.264955991372977206e-01
2.631372503501700488e-01
3.596290275969055705e-01
4.731799875122582599e-01
2.380843965102418525e-01
3.160919904081602727e-01
4.905411958514267062e-02
4.050785197426305939e-01
3.966195855219090127e-01
3.283141011081250338e-01
5.490012769939530690e-01
5.417604873839849677e-01
3.251008295498565293e-01
2.442116275430152028e-01
2.248155224040097877e-01
7.846812997794183620e-02
3.535337547317857210e-01
2.132678986845214231e-01
5.141778525025423319e-01
4.111372909130369679e-01
2.992854427660853189e-01
4.908540118732335200e-02
2.033995707603425129e-01
3.712021804079171927e-01
4.085559088936059347e-01
3.655385989358343468e-01
1.881776670295950971e-01
3.547994109392554329e-01
2.267886116682237274e-01
4.179704876520041745e-01
2.135461705490429851e-01
4.135949315362471568e-01
4.345742852575081860e-01
4.190562888110362927e-01
1.236361384627902987e-01
4.971247104815643691e-01
3.397753449061426401e-01
3.997583838422105740e-01
3.108307652833672274e-01
5.197467870928272893e-01
3.564612343921030324e-01
2.753795639078377988e-01
5.344408987843960457e-01
5.704539932512545097e-02
4.971997632951590806e-01
1.987316450611819885e-01
5.247657071820608365e-01
1.159864623417065782e-01
2.486044176951867357e-01
4.843338119952514398e-01
4.446320445297962110e-01
5.199736186489419820e-01
4.904106727328697568e-01
4.795314129125295421e-01
2.031191954533963229e-01
4.613637633776373481e-01
5.041075023781464715e-02
1.717160512825837704e-01
3.345850542645214531e-01
4.956281108217538978e-01
4.624555576316008998e-01
5.268521307020115341e-01
4.312827512851474809e-01
5.131318023957249785e-01
5.015789307520429618e-01
2.713152167952368465e-01
3.520450165410223820e-01
1.563611225710265229e-01
1.478937156983298751e-01
3.777053123532916334e-01
3.766432306553180731e-01
5.323368459964119559e-01
3.776064707091960626e-01
5.035968486617974360e-01
1.193630276637097226e-01
3.820655279666234638e-01
3.919061785954774946e-01
4.815495166467312349e-01
1.155087255596064649e-01
1.116419477023560397e-01
3.247795772732683384e-01
2.662222266783604296e-01
4.581922688275580358e-01
4.498352759871321882e-01
3.308085755331449107e-01
1.718533618589007106e-01
1.254388863957512368e-01
2.336863424905223086e-01
6.564987610532882489e-02
3.772480206082600152e-01
1.766786717883649382e-01
2.246463822541496236e-01
4.659297576079876602e-01
4.528405498443667243e-01
4.306892505014038308e-01
5.478738380265841812e-01
5.458887435382794306e-01
4.458646297945714765e-01
2.241531990147521691e-01
3.419526446959215704e-01
2.318205601424539186e-01
4.841044329425854276e-01
1.640212260964857838e-01
2.510138823415343778e-01
2.821618399116805342e-01
5.355320793634511523e-01
3.737498870811605811e-01
5.199322069684431114e-01
4.309189851876630839e-01
4.704655060830963409e-01
4.151546563477140905e-01
2.298805277846620587e-01
1.088889728719855399e-01
4.403555559362051230e-01
4.558781386671444391e-01
2.733398469402413267e-01
2.824484592144517192e-01
5.435092132253163122e-01
4.906134511292146172e-01
4.509478201643635220e-01
4.879840821944374518e-01
5.146360855253186983e-01
5.367047012934500483e-01
2.254312259895091541e-01
2.015221978078342024e-01
4.059838254248912537e-01
4.948265913339645605e-01
5.513506701614864225e-01
5.280595148483374635e-01
5.467325655305428356e-01
2.240741489809652820e-01
5.395738169888697477e-01
5.236753850132611632e-01
4.046533686570532029e-01
4.827045083178502227e-01
3.963948933069154079e-01
5.098694847824474241e-01
4.353788491153850471e-01
3.277788195940077309e-01
2.735267817095070608e-01
1.672501724305403004e-01
5.462062441438590987e-01
4.337321125929423649e-01
2.909413849290173881e-01
3.667985472846900241e-01
3.568900775046412455e-01
3.211385017641546491e-01
2.419523484432715421e-01
5.450818615969439396e-01
3.375775441090903550e-01
2.052940745377136167e-01
4.314642567300893683e-01
2.214409806725136931e-01
3.235862939363069457e-01
5.086815038083765117e-01
3.653035124029628822e-01
3.566775246602159610e-01
4.088672286978214387e-01
2.136832295588882713e-01
3.195995771977774846e-01
4.879287326777012601e-01
4.967709527580879691e-01
5.523915461374949709e-01
7.704738515479424288e-02
5.316757132838396682e-01
4.497056421161377271e-01
1.574004223708952988e-01
1.886526052427999478e-01
4.834138761112375948e-01
5.319291721194108202e-01
3.065454977341754983e-01
2.953801877129599851e-01
3.355432076311131717e-01
5.342807624351803009e-01
3.166021467722207605e-01
5.204454874503415818e-01
3.286613783968560520e-01
5.225764162172288341e-01
4.151383238495453543e-01
5.293622083908553488e-01
3.248050121209786201e-01
1.427038895378723860e-01
5.068564789480731747e-01
2.273760178471679327e-01
4.650842217619578500e-01
4.011970891013914575e-01
3.553879182142117288e-01
5.231974216079318118e-01
5.168400288810294230e-01
2.517206917599443816e-01
5.329941390803518697e-01
4.409582231652620643e-01
3.972295175902613718e-01
5.096554296987302335e-01
5.210921761883391401e-01
4.221327988520510721e-01
4.844066061168935122e-01
5.476661267528224464e-01
4.106843072313366982e-01
5.491889073340088245e-01
5.051815417496871019e-01
2.625279014300858083e-01
3.613451046297135316e-01
5.416615884393208846e-01
4.033800613241611543e-01
1.220089733825177741e-01
5.147000908674254083e-01
4.051385956457027038e-01
4.845657076491673987e-01
5.101488422949410628e-01
4.977513056389591961e-01
4.148854800555404898e-01
2.803464285728660688e-01
5.481933458517185276e-01
5.468009994143434582e-01
5.184861878658969525e-01
1.635648739967880405e-01
4.965552537571978342e-01
5.510136300058874337e-01
5.116954247205944828e-01
4.659143652630033383e-01
2.385140569503478580e-01
1.594756240494790978e-01
5.152573898726875434e-01
5.190092890881806698e-01
4.611281307090419612e-01
4.404273777308942983e-01
4.495132770020946467e-01
3.010613813283363749e-01
2.348568323467216945e-01
2.545438635549669426e-01
5.209465471698604411e-01
4.449815039074935807e-01
3.424141874265493324e-01
4.370955968912031975e-01
5.204753882637024320e-01
3.010969192949696782e-01
3.356755944111349255e-01
4.047080281414621172e-01
5.363751396593927634e-01
5.323853893404975057e-01
5.026098000471418414e-01
2.104111399459700216e-01
3.444380674368678896e-01
4.672839049802334777e-01
4.401845070959244932e-01
2.634754223997889389e-01
4.085103500564123413e-01
5.410969302530124203e-01
4.378124670694887866e-01
4.392111656378128726e-01
1.612455242006105016e-01
3.320621984035881380e-01
1.072259341855295173e-01
3.835528937743508671e-01
4.077733133028050294e-01
3.589317011888323306e-01
5.452585632694683104e-01
4.941635779891108138e-01
2.193176402193655616e-01
4.661827510528397389e-01
2.370723350349361047e-01
1.612176479128105133e-01
9.760875478391420335e-02
5.249566144031447834e-01
2.086631661375201729e-01
3.675901011521447992e-01
3.639327764975826551e-01
1.571714086718879466e-01
3.278818299999574637e-01
4.310870106136419633e-01
2.618705377635145437e-01
3.883996605000169522e-01
3.613120820781814957e-01
3.912886226279910784e-01
5.165333138861554207e-01
2.497286042098207925e-01
2.275812616404643551e-01
3.123641540001614869e-01
1.935453283056682572e-01
4.928298990182738426e-01
5.179969086733194894e-01
3.667875407439737390e-01
4.574228524985732847e-01
3.930731921654233574e-01
3.722507356181186666e-01
2.020242223710343177e-01
4.503195589156292478e-01
6.601428469850885439e-02
3.649178896502472957e-01
2.023508722628718504e-01
2.698814044983031124e-01
1.342112733781068157e-01
2.760431719106593573e-01
5.522718703832600884e-01
2.393466996669307845e-01
3.823225457372506075e-01
5.275702420430152806e-01
4.726369313675874984e-01
5.007615691086376719e-01
1.693902445281216806e-01
1.980000049791984518e-01
4.041217241883798272e-01
3.172463734409646241e-01
4.727749091430235029e-01
5.168250472208397728e-01
5.395571650117765294e-01
2.944089704203483038e-01
5.364283603550952240e-01
2.815380777864694983e-01
2.331745146801647572e-01
4.296999914573351176e-01
2.694243544469252516e-01
4.900767604392287091e-01
4.606362566479340614e-01
2.460080954200184189e-01
3.630714494082585286e-01
3.017190039739545138e-01
3.602140066087246573e-01
1.058675320708898637e-01
3.940329238997027916e-01
4.041087558034491822e-01
5.285788127149223525e-01
4.586643928068536158e-01
4.906217795895381206e-01
5.397677384722171512e-01
2.798982733233116305e-01
4.845775659577729599e-01
3.814651312147901430e-01
4.810308608348388137e-01
3.897718580024941981e-01
4.706686028795079579e-01
4.579861889516210205e-01
5.188343562792552266e-01
4.796729362780416395e-01
5.375006660526070457e-01
3.263395350825136765e-01
1.134833219688848177e-01
2.854504864587575907e-01
3.450715148937644194e-01
1.509715866638247084e-01
2.715450912633226022e-01
3.451984497427701415e-01
2.984091263925704451e-01
1.622023534931746336e-01
4.154802209731175422e-01
1.957425891656210393e-01
2.336810020720244685e-01
2.681892164112452681e-01
5.301889254544188690e-01
4.472202307041682201e-01
4.299347081986332753e-01
3.678779211265192362e-01
2.826130771435205191e-01
5.185733996404350288e-01
2.875860864603024258e-01
5.364167905856925822e-01
5.475084392702739278e-01
4.008129501363111302e-01
4.914749032866008172e-01
4.759509664388964501e-01
2.477602250972135156e-01
2.477637241115882571e-01
5.297643053264813329e-01
5.147418247777153510e-01
5.416490225002590364e-01
4.897272612325677676e-01
4.441479489406265357e-01
5.513592481921465449e-01
4.759622003977229121e-01
3.084346925114153093e-01
4.726949574388139563e-01
4.675622619367593158e-01
4.071397444656820186e-01
4.581086306841173350e-01
5.315277013965893360e-01
2.793238166374998332e-01
2.226446475127132896e-01
4.687187915502020741e-01
3.479049219581161756e-01
5.227656683589761988e-01
5.345606850849728975e-01
3.178235558829899388e-01
3.648804135548712746e-01
5.445386440008316287e-01
4.925755049230109983e-01
4.301257164892088314e-01
2.725757756996409209e-01
5.492573220562005920e-01
4.994892852739073463e-01
4.507815248510728678e-01
7.604814195171730185e-02
2.645502799283750428e-01
2.842036656065877742e-01
4.017950761610634136e-01
3.011762882673035269e-01
5.446573698074270720e-01
5.363496994520826622e-01
3.087993392491902300e-01
4.702082164361628958e-01
3.031108428328611604e-01
4.929785951562379309e-01
2.297438937789764435e-01
1.927598719082287970e-01
2.338818075242375116e-01
4.535017034806977931e-01
3.692962598078190495e-01
5.282505089893284600e-01
4.237433689728144492e-01
3.704122661005507244e-01
5.476123512768975576e-01
4.213844352581203601e-01
3.393958996657916449e-01
5.154531009925134022e-01
5.479645172619452831e-01
4.356496707407974123e-01
4.481466593631694972e-01
4.481240635766187697e-01
5.405300696943369232e-01
1.038058754262392441e-01
5.210217514199864119e-01
4.414739893734285769e-01
3.685645246471671577e-01
3.968015595884556435e-01
4.887648382943465264e-01
3.969763433548199050e-01
5.059879547316012971e-01
2.842046540109032238e-01
4.973457609239352317e-01
4.455429122741298986e-01
2.104884805146143845e-01
1.611688730784585355e-01
2.342469451385203738e-01
4.385567475375441449e-01
1.857971604803559107e-01
5.037539496970007136e-01
1.345998718074494505e-01
4.137557681940406407e-01
3.514707017405656053e-01
4.872257838551250497e-01
2.314189479557700047e-01
4.671779798499240965e-01
4.691224901883686016e-01
5.409411412228611882e-01
3.007756194535496919e-01
4.135581387403391429e-01
1.897027643716686363e-01
4.913955553251708741e-01
6.414617943204778405e-02
4.349447596835181451e-01
3.471327166139474563e-01
3.187592515199526577e-01
5.522984061339776263e-01
2.862995720189381865e-01
4.094040108286960966e-01
2.575642812629799772e-01
2.921762283690678697e-01
4.000873580062797585e-01
3.964593754195882558e-01
3.903223750415876214e-01
5.228304344531286008e-01
3.114419027904629655e-01
2.227719916366820985e-01
3.966464237690741079e-01
5.523474413613210787e-01
5.343062484386754685e-01
2.852868886304953944e-01
3.908850020507070866e-01
5.164196223785604278e-01
2.961306871954662578e-01
1.975411427486971350e-01
5.015565051112942374e-01
4.560416443392888985e-01
2.991033589370644674e-01
3.863707172565458703e-01
5.075202607716409187e-01
3.636209146795184033e-01
4.547153287657105247e-01
4.409691121590082474e-01
1.070716691418324984e-01
2.703328085392922020e-01
3.937087998898833874e-01
4.620369902327455813e-01
2.110820885743218689e-01
1.738029891513075409e-01
3.031489281094138510e-01
2.171124743851418348e-01
5.293890292917874385e-02
4.640642119896159490e-01
3.931189941537293620e-01
1.726752181708229583e-01
1.008935295728911191e-01
4.302638007406922038e-01
3.682911076066639477e-01
1.860024830146257968e-01
3.447061591776450218e-01
3.991292648659939823e-01
3.245459190283226381e-01
3.328915280137462185e-01
4.605714557022338451e-01
5.238338102154652676e-01
4.733958128258624609e-01
4.755535156447366907e-01
3.293631103324317633e-01
4.856122461694569736e-01
3.434578848286042874e-01
4.826299581746244516e-01
4.669364230143774885e-01
4.626957447203043916e-01
2.989474644921673030e-01
4.893420270516150583e-01
4.764115362773509443e-01
4.472978576561087438e-01
2.357779411521765955e-01
5.242051052889898921e-01
4.303782221463796076e-01
5.108457340642189592e-01
4.427977179991158807e-01
2.735504894025829747e-01
5.117950257455001761e-01
3.561111559354996903e-01
1.966531540658964516e-01
5.517691918149693064e-01
1.314465274657239391e-01
1.942621216655741889e-01
4.309038770110065752e-01
2.931783804846876396e-01
2.447233291727541060e-01
3.256849199251726223e-01
4.338221407726370327e-01
5.011036685350575004e-01
4.478021801685719838e-01
4.358632753229691459e-01
3.918577058154627535e-01
3.163972861940531067e-01
4.709765551482399393e-01
4.676572747380667305e-01
2.393407775326265030e-01
5.354123499198745195e-01
9.316307164982529088e-02
5.458745581734942842e-01
4.108785594113793516e-01
4.512996190567472032e-01
4.300320668760506670e-01
5.247282181586576666e-01
5.515416666019157255e-01
4.039719158541018595e-01
2.502711552305075249e-01
5.331518328674181850e-01
2.207643028996414680e-01
3.888866582034689601e-01
5.424463420428673466e-01
5.932590264257287666e-02
3.821703317456398574e-01
2.200160698041438156e-01
4.606733023280380479e-01
2.603427534920755293e-01
3.569688251453222994e-01
4.422517055994326096e-01
4.339687042724049704e-01
1.859996531138279896e-01
5.358270116268039063e-01
4.676316007334768710e-01
5.245995203871836043e-01
4.829487334465120685e-01
4.963406805732979987e-01
4.198842325999735392e-01
4.771709843248368998e-01
5.446721528753901698e-01
2.163687208706595866e-01
5.187399769654351678e-01
1.060588020469579451e-01
1.449130371754997204e-01
4.012673971305975584e-01
5.310239214017791198e-01
4.940165990377493044e-01
1.229621714892021461e-01
3.786136566216326549e-01
1.182126164824493092e-01
4.590834443684719823e-01
3.085887601667138269e-01
4.686791969622012832e-01
1.985092902747831456e-01
3.697241104712024606e-01
3.574469508432862597e-01
2.992643681508070364e-01
3.134379244329301706e-01
3.176753290755574555e-01
2.784150799757559858e-01
2.979213415022453626e-01
5.413742581745674132e-01
5.194796109262465045e-01
5.317325025003639682e-01
4.471330542278625919e-01
4.407539104332885982e-01
2.173335454955276080e-01
4.082027459598614461e-01
1.998147985411806715e-01
5.162600812938893391e-01
1.880838763931705349e-01
4.748287664803920172e-01
4.912836794079127878e-01
5.517413112870233061e-01
8.674985404331687910e-02
3.578190255914920903e-01
3.579861869112657136e-01
5.270010608335614632e-01
4.992216049267219624e-01
4.007974024205199215e-01
3.218785030478351072e-01
2.458466433517433325e-01
4.527769690073291664e-01
2.970062005306690067e-01
5.441666386828795110e-01
4.249965359840666701e-01
4.565228843110573642e-01
3.540483262235122330e-01
2.779336022501239789e-01
2.708061161874109057e-01
4.101576411383575649e-01
4.228228581220545568e-01
4.035182351821908209e-01
4.453961497844387551e-01
4.066254970726033147e-01
4.206519833457351143e-01
4.563032669172634725e-01
5.241782430986434704e-01
2.473516811899472145e-01
2.682223280683633804e-01
5.105890763089472317e-01
4.670315678326691367e-01
3.501564200951544636e-01
4.939641960921101749e-01
4.690136771923140158e-01
2.692408863019616905e-01
2.709192591886672719e-01
4.123180984381386582e-01
4.283750784357127084e-01
2.099616416834350630e-01
2.899227671627283565e-01
3.161878395718623058e-01
5.094671117269312655e-01
2.925737886900668938e-01
4.428620068967262791e-01
2.570153849480285024e-01
4.947414175338600839e-01
5.069274144137141391e-01
2.221849400626199900e-01
5.489456618792951659e-01
5.397440126486825474e-01
5.330685213895836050e-01
3.728461770746714921e-01
2.184971743152625268e-01
3.904906893107015775e-01
5.294416049656299750e-01
3.273498459735362798e-01
7.095581865267262811e-02
5.271130814843366652e-01
3.625059483278263994e-01
5.454028053528537923e-01
5.315455899375971516e-01
5.151556310001905725e-01
2.851883813776577292e-01
2.394792418570272918e-01
5.182083067665688159e-01
4.208520721183756086e-01
4.419146458972589286e-01
4.772664123118329771e-01
2.640387608947700748e-01
4.377779843418097561e-01
1.079906541551728799e-01
5.028921608913184960e-01
4.025403614376701356e-01
3.146670466693034518e-01
4.601824379223918848e-01
2.877037141676664356e-01
1.739442614015108413e-01
4.277189886157853893e-01
1.505731175956336043e-01
2.303481969708586208e-01
3.631500763932885012e-01
4.902421307666527395e-01
4.146286705810312001e-01
3.579478288130176766e-01
1.598670826729781114e-01
5.267145379278934669e-01
4.360713901493296629e-01
4.694694492675295372e-01
1.050689701132252601e-01
3.795812124126966558e-01
5.302365556508367161e-01
4.518659948983282382e-01
4.910552253828625036e-01
9.615314983576060681e-02
2.770178912696213969e-01
4.061541620811151554e-01
5.102038605281957739e-01
4.899875098074690793e-01
2.821631891630434485e-01
3.070748858315277552e-01
4.510492872065628989e-01
1.621320066533144810e-01
4.274828582092860541e-01
1.786521876355591509e-01
4.120420773741603204e-01
4.836980535380205337e-01
9.486671783340198949e-02
2.775914666546487330e-01
5.224894788281090330e-01
4.705049088208421715e-01
2.331652775162957048e-01
5.123384836753315241e-01
2.044832774875824655e-01
5.140138477553286567e-01
2.398882041861789272e-01
5.093004553183845262e-01
3.095897535419791513e-01
5.411444948373871355e-01
2.774464667748746116e-01
2.605931581765074112e-01
3.808854635634601471e-01
5.252277221596677315e-01
4.559474310541588027e-01
1.420753733364331917e-01
3.659390241282468592e-01
3.330275342646247805e-01
4.931415899487879284e-01
4.664932942975730246e-01
5.348126206431916829e-01
2.396631058365993883e-01
3.088943746192296946e-01
1.563285565426570378e-01
3.165363261540819484e-01
2.103659691612254357e-01
4.826787079311738449e-01
2.898002610254830080e-01
4.992853819271234617e-01
5.421545033189441032e-01
1.249077122576515569e-01
3.661403567763478750e-01
4.121272233604074131e-01
2.256363005793884102e-01
3.202872909643450505e-01
5.383870140546447303e-01
5.013133007467008850e-01
4.224169551258716293e-01
3.564071825275759720e-01
5.363504442243467452e-01
5.301519708095848715e-01
5.405527820485904744e-01
4.919942862222283497e-01
5.099376186537027955e-01
2.908797199120342070e-01
4.627895946001853722e-01
4.725340230193920688e-01
4.552848394381142083e-01
2.424197866023294623e-01
3.599894996593239194e-01
1.598395867390363934e-01
3.913356494013581766e-01
3.545392596163448040e-01
5.460903846997360311e-01
2.168276809813304562e-01
4.535398364438026908e-01
5.134883243841997791e-01
2.691522431688136985e-01
2.190182669704751339e-01
3.346920143172025242e-01
5.445476952112173752e-01
5.033547543798067014e-01
4.659768797387153771e-01
4.828572134616636036e-01
2.455284807559916516e-01
2.166643346883423693e-01
3.668848697535858072e-01
3.673990633909098302e-01
2.672691973134754262e-01
4.984220164981261192e-01
3.420620221335816669e-01
4.390269548201720662e-01
4.472483533324197458e-01
3.554916262049090392e-01
5.382521672014674019e-01
2.994282938152264539e-01
4.902258185759931775e-01
2.047981234400320372e-01
5.018077367093851660e-01
4.752263501160119974e-01
2.590960962282987112e-01
5.156194067812758242e-01
5.395745476591446987e-01
2.691462816788883217e-01
4.367351896183593873e-01
4.956169612466487795e-01
4.741645918950352367e-01
5.320984691214236673e-01
3.791753743853400471e-01
3.098134886878283201e-01
1.675957760512750971e-01
2.666468631823834534e-01
3.959465677171225551e-01
3.711991419076667853e-01
4.648847105689505321e-01
1.197716133225984192e-01
3.997618468528136293e-01
1.679025223621997132e-01
2.752587193054516490e-01
3.612154616117791983e-01
3.153837019102739281e-01
4.202917571219030313e-01
4.653683932913723065e-01
1.918324537481505832e-01
1.563846704573465252e-01
2.710698929722196171e-01
3.270296164496343527e-01
4.933202989472178501e-01
4.056459549106901652e-01
3.851235784213497548e-01
4.705075774973873637e-01
5.010233251953625233e-01
4.925894759184479277e-01
5.398353097793495703e-01
4.521744627093410851e-01
2.828602412471195038e-01
4.526248709294871109e-01
3.689118481418101614e-01
2.550925723811817147e-01
4.049793892417459795e-01
1.638519474022103739e-01
5.425674902715373893e-01
3.882063697739740471e-01
4.814172680862873754e-01
4.071300068138856143e-01
4.761999139709715001e-01
1.306748695132581850e-01
5.385716521764778442e-01
3.321921466545531554e-01
4.560714055590913141e-01
1.565705183432666014e-01
4.244531806913163230e-01
4.899968923612985083e-02
3.508140155164545804e-01
2.762320572863012358e-01
5.471635231893727802e-01
4.626384654053387058e-01
8.322927472639912727e-02
3.527401131602316275e-01
3.736909101667026389e-01
5.116979495705316072e-01
4.976969427844776250e-01
4.482015488223000665e-01
4.980532254888967447e-01
2.595441989546375394e-01
3.865893415128073274e-01
1.907436824321750435e-01
2.579973916744880413e-01
3.215312015587579730e-01
4.198562560846293423e-01
5.356925713071634121e-01
1.869483772834510116e-01
3.621683588080149008e-01
5.394160302584293243e-01
1.477326557613014013e-01
4.092166461482353856e-01
5.252913270789357769e-01
3.643519563682994789e-01
5.153820853497532717e-01
5.190854915298138694e-01
5.407385199177097146e-01
2.985777452797985232e-01
1.886716889607680248e-01
3.978081205957927358e-01
2.288330741566476090e-01
5.499488482916871090e-01
1.880998704801873853e-02
2.328096751709051448e-01
3.393884504065182162e-01
4.826200904461775409e-01
3.906907855429044285e-01
2.648067055119669999e-01
3.489231737122556742e-01
4.380887089769776588e-01
3.730188546553666606e-01
2.138556100375355318e-01
3.529698156872965176e-01
3.133709602120972049e-01
3.656963088064303924e-01
2.418895673698374937e-01
4.795167405560585294e-01
5.307660417158028832e-01
4.869526414359245381e-01
2.579449562546329289e-01
1.674459065721013440e-01
3.516077219129511988e-01
4.880834153935799669e-01
4.544856330944934131e-01
4.681986048354106478e-01
3.597927029761463502e-01
1.011620779824964761e-01
4.325919015642655241e-01
4.243157444825860214e-01
5.430245387173550098e-01
3.796646297419644100e-01
1.521644259466332083e-01
3.630628955510594169e-01
4.686787301985654852e-01
5.479652430859002221e-01
5.353844931074027702e-01
2.158934668926514033e-01
1.281924573350683438e-01
5.336997173895506874e-01
1.097576852733463670e-01
4.960261510454727629e-01
3.455705263778754976e-01
5.217188294860695130e-01
3.577790326611587912e-01
2.011244493905076092e-02
3.177506928115101936e-01
4.542954756582258669e-01
1.253440695731667942e-01
3.436229698315757530e-01
3.078407970503658775e-01
2.779188195315255849e-01
4.752448767468305246e-01
5.666618638214163811e-02
4.017415758593590458e-01
5.354936516033278471e-01
4.026842832860884069e-01
3.175690721193166199e-01
3.975656156879149306e-01
5.163575003703668731e-01
3.185749390219973498e-01
4.545766265860687327e-01
3.671560630830352778e-01
2.998698745534656429e-01
3.826754125836313580e-01
1.980822704124810540e-01
4.203728591360463840e-01
4.736713774638891539e-01
3.674900739415303264e-01
3.703119889723254232e-01
1.901189577554371624e-01
3.443284743987679586e-01
3.993367352789010671e-01
4.501376971780854386e-01
5.238775615327482260e-01
4.057825477902756162e-01
2.725510920921038749e-01
3.449027967249462812e-01
2.827668179169917639e-01
4.358213032905939310e-01
2.383508140840454037e-01
3.986011647463097995e-01
5.413303865201545273e-01
5.087122405109537615e-01
1.822975073082775954e-01
2.587160938305342883e-01
4.862688343261997725e-01
5.302295309305425919e-01
1.339250672322515601e-01
4.393963329792848205e-01
2.450489210606981438e-01
4.709952418844242650e-01
2.569804144901260412e-01
4.594493415287848048e-01
1.579129256007138771e-01
5.100469865848367146e-01
4.244209168330964066e-01
5.442819103040535955e-01
3.690311337017707638e-01
5.499346475978983406e-01
2.129507565708834149e-01
3.051918180758667054e-01
4.808345517226566557e-01
5.032556114763441224e-01
3.660896245087915668e-01
1.220538199108610056e-01
5.294124281643380892e-01
5.497010402963660169e-01
2.882588190378017612e-01
4.423004002195773388e-01
4.983456251984724195e-01
4.902309947658903821e-01
5.456276698631176147e-01
1.874982085038276458e-01
5.455279845040564846e-01
4.639768615313207278e-01
7.245771452267632529e-02
1.163645760415553954e-01
4.517396066318700165e-01
5.507103089611314894e-01
1.654822540664960540e-01
3.720641974487052250e-01
2.036305532013002184e-01
