2.097798038666951748e-01
7.556259683750842227e-01
8.355080772012076773e-01
8.215130453484807971e-01
3.180221512295999808e-01
6.372739159387423857e-01
7.783941078959764059e-01
6.843724170350491409e-01
4.992214685419691933e-01
5.803276379778928851e-01
7.195051453605313396e-01
2.080869743475964595e-01
5.999180423541465856e-01
2.507763318123342744e-01
6.450501202589498106e-01
3.692440705540315782e-01
6.561286464112481287e-01
7.332252113054484877e-01
5.038879312927145859e-01
5.256986727928362191e-01
4.891561677025805799e-01
1.901560571584745007e-01
7.223114118842133280e-01
7.685416054539014885e-01
4.713819999395894023e-01
6.480382974081100311e-01
5.919951248598079863e-01
3.109074635080323334e-01
3.156031395625965574e-01
5.132674796045357812e-01
2.245724971855195817e-01
8.334969560254468224e-01
5.961488742358652670e-01
7.363854716189224270e-01
5.185249458442645620e-01
2.992440030010633523e-01
5.349510874469436406e-01
7.913863447111821880e-01
3.239704191302567038e-01
5.854384327021572298e-01
7.050224961292983483e-01
5.686990304346634106e-01
7.951273230986991569e-01
5.053479727629913709e-01
7.507655017483082505e-01
4.876718760499540450e-01
5.243687078191162643e-01
5.030487719000750202e-01
6.775036001320877688e-01
6.089880239922322858e-01
2.882197268881620533e-01
5.239992307195674437e-01
7.796393881317884578e-01
7.112316780486227508e-01
4.939448497050185627e-01
5.496254854461000150e-01
6.681472191198526422e-01
4.537892155151116436e-01
5.230779403501846225e-01
7.932472576956063337e-01
1.355590368772256193e-01
8.216197375250087198e-01
6.757589556989918034e-01
6.468559173383223726e-01
8.355144792017786814e-01
7.365798842810894476e-01
1.676458508914477064e-01
8.437513168740958802e-01
4.979031840920209451e-01
5.330354605329598039e-01
8.216116422604007319e-01
6.023341902901364620e-01
1.935628780574557839e-01
8.267814532271997585e-01
7.619004820418524559e-01
6.116839828775562093e-01
6.995924201682933719e-01
4.462249531328640884e-01
5.025403874671759974e-01
8.217296955470063669e-01
5.501677394327268988e-01
3.300310992548001754e-01
8.349922832555012331e-01
6.021834869689706160e-01
6.843129517107552351e-01
4.848444656041125400e-01
5.195035437877544293e-01
7.135273605735924507e-01
4.545124080983161119e-01
2.273601552533544290e-01
8.149390736923922685e-01
8.422049714647800167e-01
6.279255293076969613e-01
8.191611641320549753e-01
2.653162890143788144e-01
4.324291593874136641e-01
3.931545173821500150e-01
8.477339677756102754e-01
3.827956737027065071e-01
7.040348403525183985e-01
7.320840149747670500e-01
2.022966406185881250e-01
6.638673275058897261e-01
8.451109758448351883e-01
3.512315015177719379e-01
6.604866785191373380e-01
7.995505149230648367e-01
7.974233116345259553e-01
5.279515491894589685e-01
4.119138660921336514e-01
2.764031804205703269e-01
7.710814230715442585e-01
3.175545583632208291e-01
7.767459456477723290e-01
7.197969281692669918e-01
7.483130358479684885e-01
6.522389535557118201e-01
8.121619224127942793e-01
3.113989062205575475e-01
7.592349721595768042e-01
3.139973731598194595e-01
4.648147869390753528e-01
8.283592233419707629e-01
7.672600405781543342e-01
4.644137533100987647e-01
1.750234110082612982e-01
6.525406076749477036e-01
6.972097322077107640e-01
7.180773539985211285e-01
6.166079191625205569e-01
1.407994834609151424e-01
9.673261286078724264e-02
7.886716538178436542e-01
4.703057921276617703e-01
5.187027869352384135e-01
3.261960067900100957e-01
8.289405941891231366e-01
6.189219537735565213e-01
5.362064164508250075e-01
8.374014330880846790e-01
7.109083315298609929e-01
8.301550895773512906e-01
4.856888303146772445e-01
7.361961064735393911e-01
2.218556412090570140e-01
8.257880146614789973e-01
5.242457671706771682e-01
5.508817498782740962e-01
7.036752454639344512e-01
8.260621802094866295e-01
2.498431432372975880e-01
6.200719131032357279e-01
6.374515438189397587e-01
6.858103169687563838e-01
4.969750611460378997e-01
5.472516027848569609e-01
7.623636556027957312e-01
2.754135305483438323e-01
4.039577680807072690e-01
5.210590180422360884e-01
5.705625797670901278e-01
4.107282756865835993e-01
1.665304164402430787e-01
6.317456222938293564e-01
8.028159139562325297e-01
7.385961443548495486e-01
6.655461691496115106e-01
4.595664079981793410e-02
6.993389844624473550e-01
8.057874116121873653e-01
7.138022039696612087e-01
4.262482793530310010e-01
5.909486365011407116e-01
2.878405258702945169e-01
8.142865798792009446e-01
8.090515474260110418e-01
5.315317840953160955e-01
8.339749867796302230e-01
2.660324445146970973e-01
7.486079993987854175e-01
1.818413117153218350e-01
5.107438570716196224e-01
7.840279978550601658e-01
5.664015735957603770e-01
6.185673280887282743e-01
8.069001048778452478e-01
4.178165944825086298e-01
6.701930667712155953e-01
7.851159263249829490e-01
6.033779321732958278e-01
6.694278131551537614e-01
4.619722996391266157e-01
8.131907079067223210e-01
7.081459406594358130e-01
4.685426945443700864e-01
3.337928184578512480e-01
3.681440513810124715e-01
4.569444336515280369e-01
5.974221162826311993e-01
7.824860585284444392e-01
4.154859967905124574e-01
1.083381075914391783e-01
6.597653814212779411e-01
6.476215619995457917e-01
8.167707259460187386e-01
7.780103624853411670e-01
8.071593240649828083e-01
6.012719208993092534e-01
8.428390815129057634e-01
7.590531706685420543e-01
6.505491752585375043e-01
6.490527824465274209e-01
6.694015979696891216e-01
4.070651277354272457e-01
7.402841705652225546e-01
7.488598822445763359e-01
6.153614329423937601e-01
4.853956552094603194e-01
4.373817002186866087e-01
6.761842733273111250e-01
8.386470371605503349e-01
6.010685383625062883e-01
2.877264839624920148e-02
6.101853213860408687e-01
6.660455091492923918e-01
7.769154555390617167e-01
4.892811165952565822e-01
6.751374107465876184e-01
6.030958602414783210e-01
7.906230261032668460e-01
7.731238508524043151e-01
4.250279770905586729e-01
2.365157306972663354e-01
6.395846257437513005e-01
2.415006068413341200e-01
5.767891611635236337e-01
5.476023325308673195e-01
7.873468204919782387e-01
1.922528210223169165e-01
8.104623463406256390e-01
8.235992201236188581e-01
5.502762603689312915e-01
3.450885056549347074e-01
1.541257572854489166e-01
7.826336199926678949e-01
3.597160507176160871e-01
7.671633499566574699e-01
4.413720537842446001e-01
4.953093955020810291e-01
7.041757742636788331e-01
5.631472619747874830e-01
3.977530819405577511e-01
1.901361078187002729e-01
5.880124484657873740e-01
8.124081975565882185e-01
7.548108152108158331e-01
7.072868696315046666e-01
7.238775179370344759e-01
4.886974959758232928e-01
5.937247395845108855e-01
7.615173640858476922e-01
3.247283198416258676e-01
3.519238400604461359e-01
7.923500536025248620e-01
5.189768159262533320e-01
8.268149577644436921e-01
3.771590724866122346e-01
8.444379438790949877e-01
6.606273223417642448e-01
3.947722955560314939e-01
5.944379119803113731e-01
6.305506552150115240e-01
6.764843855446731613e-01
3.630319689597438781e-01
4.138976740487075867e-01
5.750829013954885660e-01
4.717580612730968292e-01
5.823941896929105688e-01
1.594944979055433198e-01
8.346993193866453220e-01
2.160784889838428535e-01
6.284269529866637338e-01
7.271284892688723023e-01
4.736748555682497308e-01
6.825852336639571805e-01
4.311075512320270975e-01
4.824540066017573015e-01
5.000404266320449542e-01
6.331323604797007842e-01
4.180122701231729909e-01
5.751358823309966617e-01
5.881777738098593611e-01
6.316442387337873887e-01
7.016003516744910851e-01
8.410377687796086743e-01
8.403406418942189759e-01
3.791811878100356248e-01
7.312642272689769962e-01
4.357248831476567275e-01
8.177779766179567034e-01
8.099411333837678306e-01
2.333534969235107615e-01
2.900446165724452907e-01
5.058968190606719650e-01
4.051404849078649728e-01
4.759665850736478632e-01
4.845850211668386032e-01
4.083452681916594496e-01
5.199302786064686765e-01
2.781420084340269216e-01
4.882587599439777160e-01
6.977419964893620818e-01
7.273571726027988626e-01
8.335075015510425844e-01
4.451916598046591900e-01
8.341867953537616120e-01
5.859435983695949757e-01
7.677776573633086077e-01
2.098307440697967097e-01
6.457163266662497847e-01
8.072155313503900365e-01
5.682735175608178979e-01
4.700971632620381535e-01
8.257410772368172225e-01
5.496542594807970472e-01
6.957506553893295642e-01
2.311541221246121158e-01
4.356693712126361029e-01
5.585698621713037770e-01
2.572556890332550195e-01
8.331354204710823552e-01
8.147932806888377177e-01
3.825662435125473659e-01
5.263862802776868577e-01
6.648112384468672920e-01
8.143517855402284678e-01
4.801417439419988220e-01
7.182743749180363624e-01
2.713990702317579662e-01
4.762779126914503114e-01
5.138502100803078454e-01
3.232421372886482014e-01
8.128987455950087426e-01
7.361616693240392584e-01
5.040012902534762862e-01
3.785538743008939888e-01
8.453584044015999277e-01
2.013394513115683293e-01
6.327349646972649788e-01
5.577140704526445392e-01
3.370935409892102386e-01
5.262001731435305141e-01
4.578034296578594176e-01
8.274386929761726739e-01
6.538683108848591941e-01
1.209052433555465045e-01
5.967431877302599164e-01
4.243457843214502589e-01
6.818446574611646271e-01
1.358226527751353607e-01
8.317010365942143491e-01
3.496217882778099306e-01
8.081532379408515876e-01
6.338706222307097793e-01
7.519775551468304009e-01
8.070771557510818539e-01
6.225487975457794088e-01
5.805551477022993234e-01
8.384682635995454048e-01
6.860107919093406670e-01
3.198440169308173209e-01
5.933761316711189115e-01
3.479424685190956046e-01
6.521393646139650446e-01
4.499524355111851892e-01
5.040526592682408324e-01
6.067912333878930919e-01
6.023287015201826966e-01
7.115689523207204825e-01
4.034610058573326885e-01
6.570359724628570541e-01
7.915221509542221812e-01
5.452671237736473886e-01
4.822778868856421597e-01
7.315825890437472889e-01
7.062671114034587694e-01
1.367053961273194673e-01
1.827315039689125231e-01
6.661698685691583854e-01
8.108334585660242899e-01
3.142292215826608670e-01
6.062967628679101217e-01
3.021661289109613402e-01
5.233056725726712433e-01
5.655947864377520728e-01
5.980232607744467854e-01
6.715503282208897806e-01
6.576640942504166087e-01
7.471224226419118652e-01
5.723406789189565691e-01
5.730704530588196510e-01
4.432606033358069131e-01
4.610854870505141645e-01
2.342374935626735932e-01
4.400488828042291578e-01
5.400647224569854465e-01
5.476048797706938309e-01
8.167744076749400284e-01
4.801970427591387147e-01
5.364144470939575804e-01
5.110392254588358441e-01
7.093744231235901143e-01
2.406908751614744435e-01
6.569048080092489972e-01
7.099862156186925732e-01
3.895270860754309616e-01
7.488918510584872124e-01
7.905351886094835745e-01
4.181194981834490676e-01
7.917957957541004177e-01
7.624870432693027222e-01
5.367050579145509204e-01
7.610373238028202980e-01
2.286013912384654567e-01
7.619036299313849403e-01
1.698900940098015122e-01
7.210575142062823906e-01
6.238163645247826183e-01
4.534538596217281836e-01
8.023494899659520119e-01
6.321142624867992499e-01
8.032676713513946520e-01
2.211019949975371324e-01
6.486004986493896229e-01
2.448143621024123362e-01
6.281936478591789719e-01
3.023182800129864400e-01
7.177208974365251182e-01
5.099717881606207204e-01
5.719500435452162801e-01
7.125213005102436492e-01
4.632113260697267587e-01
5.673917209958435626e-01
7.498445920679381871e-01
8.205272939050703984e-01
6.969294834651400539e-01
8.206983541734327314e-01
5.675565168131465610e-01
4.116737454918298345e-01
7.469371363100658634e-01
4.673540117697678187e-01
5.216905797687177992e-01
6.247426938357252268e-01
8.417130004672583876e-01
2.847433676810671721e-01
3.233810161651795578e-01
6.696206365124350857e-01
7.961450335587272331e-01
3.513864104421505208e-01
5.950774750283004400e-01
5.707450456772267255e-01
8.167417033305485186e-01
4.422095438034227555e-01
3.763125744386185967e-01
8.474327475754089845e-01
3.821192580400328831e-01
4.768532320614535247e-01
6.491165787478087035e-01
7.835895233804164306e-01
7.682743020557221136e-01
4.618058107685859004e-01
6.092789830614682156e-01
3.308045055538677559e-01
3.959828790033136370e-01
6.085563654324195326e-01
7.301269979344474637e-01
1.553245333746635093e-01
2.691091608193635354e-01
5.474996633722704065e-01
4.258265305957786850e-01
6.623947726584623608e-01
7.461194590019428752e-01
3.618844313414257274e-01
7.503854274235807198e-01
8.349865729745492571e-01
5.256034598584456985e-01
7.616663576638509348e-01
5.353953659422782119e-01
2.350821681373820859e-01
3.309674628836604682e-01
1.974864550472429647e-01
5.680817984291501865e-01
7.920860503259106178e-01
7.354683096821523769e-01
4.715889091556205726e-01
6.066167652966247825e-01
5.537289403163050405e-01
3.246828468638416898e-01
6.206986202253415019e-01
6.856095899980024777e-01
7.901369510129107043e-01
5.617686802277520597e-01
5.887926775803938861e-01
6.010505250032454061e-01
5.635238636770556475e-01
7.773348008221832028e-01
4.855701655430748054e-01
2.147116276155862646e-01
5.335361397712408138e-01
5.331422366363668397e-01
2.240382557238402572e-01
3.926147782136626407e-01
4.330265678246424388e-01
2.841618680535098473e-01
2.917627867982650058e-01
6.053826196657822178e-01
4.492439888337358411e-01
7.151399188801901285e-01
4.716002078271799292e-01
2.171623438751879021e-01
8.083139043211386987e-01
6.213480307449108508e-01
3.667040036219819665e-01
5.578676027529978487e-01
6.843689094591750566e-01
7.456659380467138831e-01
3.809894092858755466e-01
7.771328976306752789e-01
2.008785925251781457e-01
5.915859401244825122e-01
6.415218523473906753e-01
4.436496351904345437e-01
2.037211383039385648e-01
6.087274160671772849e-01
6.944959665056519293e-01
5.481161235412606025e-01
3.306281072380651276e-01
5.758041232624511174e-01
3.287613102970583512e-01
3.861848713535286914e-01
4.774197178018673715e-01
3.482350460514552215e-01
6.001955177784484841e-01
3.657212788327038888e-01
5.096623576438203962e-01
4.645655071447795659e-01
6.400457524498412987e-01
3.744965868384654839e-01
7.107727615110930319e-01
2.169718461592771708e-01
2.734043430581364897e-01
6.327896443322428288e-01
4.576780458554704500e-01
5.974611945884638065e-01
2.685137400532574548e-01
2.351849036318703068e-01
6.379086905140396446e-01
3.214960228658049202e-01
5.169491445324208012e-01
6.259799659872903321e-01
8.130124929776776366e-01
5.203353953241536267e-01
4.107830790626859074e-01
3.894071720424421845e-01
8.455163765701020351e-01
6.522729380524224796e-01
4.900735513570105839e-01
7.701726547533519485e-01
7.568638965324371304e-01
5.757396132182062143e-01
6.238005053484939610e-01
7.108157102958180262e-01
8.314238142487976324e-01
7.319076368337126270e-01
4.274256376635668930e-01
7.546278549337379626e-01
6.347001833130607729e-01
3.034695783787294543e-01
5.660792590920605827e-01
5.952874360100390838e-01
7.412505944659044665e-01
5.912887977690269858e-01
6.691189672850960113e-01
6.343443638694737929e-01
5.667698645770183896e-01
4.858198675047554205e-01
6.290703226007022808e-01
6.044403955486972180e-01
8.278623671473508416e-01
3.632954201904962099e-01
3.869896319346993740e-01
4.233996456614186332e-01
1.671147998624745445e-01
4.480857404907527264e-01
8.424565004435451421e-01
6.748103569187344775e-01
1.319888169118709764e-01
6.219017024721098519e-01
4.740693603817841550e-01
5.499173802988936988e-01
5.000525134824064244e-01
1.581166674709233999e-01
2.706037662726197834e-01
6.006356244498793906e-01
5.014848591233614927e-01
5.734898651420053950e-01
1.821277069749516475e-01
9.569518260144224686e-02
4.534705684600807141e-01
5.563718915234833196e-01
7.515846059617269370e-01
4.626442780893098572e-01
4.175213584557056490e-01
8.085514799124010610e-01
6.107845216093723550e-01
6.602416462687958898e-01
3.037055663773622349e-01
6.756830933293045405e-01
8.130305344926714861e-01
7.723169175015057730e-01
2.745411717839920662e-01
6.951242067496892219e-01
4.646466341135354616e-01
6.861680869810888872e-01
5.671874226000074293e-01
8.394101168192408258e-01
6.845209817948727515e-01
5.888009432056587888e-01
7.149308527697845195e-01
4.943184896756711022e-01
6.344889435140359524e-01
4.965301707011138821e-01
4.800472657747472116e-01
1.639773425196896506e-01
6.832333151128109350e-01
3.853983027751837209e-01
4.439370277119381036e-01
6.316645949465521381e-01
3.563007446333075201e-01
7.711070551405260209e-01
8.263292273900816332e-01
5.474906844808901107e-01
7.033574930111796686e-01
4.652517469463683386e-01
8.430249163986380800e-01
4.370889788014357125e-01
4.617603772577314469e-01
3.313647138581609641e-01
6.634766454299779737e-01
5.072760241750540189e-01
4.192074434765770130e-01
1.605605441961248936e-01
6.493279270883794974e-01
5.764542303933402057e-01
6.722276984954314027e-01
4.466991700598376691e-01
6.089364295351598066e-01
5.278081894759927284e-01
4.602218867363829236e-01
2.758218434242571404e-01
3.616757566008380609e-01
3.954091468042075230e-01
7.088552757983750396e-01
8.137602913708453789e-01
7.048657341527422293e-01
3.991445341794960244e-01
6.057868685383309693e-01
7.231084641227069065e-01
5.400007633756555014e-01
4.208245671508992203e-01
7.487307516225985005e-01
7.446221447052335796e-01
5.536852931209697015e-01
5.035608733457207498e-01
7.826718040774333085e-01
7.540954939402871871e-01
7.265977331159603203e-01
6.679818499523075825e-01
1.512787649617154118e-01
5.900555637771338624e-01
6.830562052256928807e-01
4.561157393361512380e-01
8.136019949645011407e-01
2.043243706918023983e-01
4.928149807116540826e-01
6.749752111777975738e-01
6.289840421841672580e-01
2.267033752752479481e-01
7.280878040850030652e-01
5.967370895858321589e-01
6.986241015379507369e-01
4.725476392703365502e-01
3.074515656801428687e-01
5.182303278227186061e-01
7.249276690096089215e-01
5.476675061496431018e-01
6.880909141421934772e-01
7.290418000050653546e-01
2.242731729859608891e-01
6.856783839622920818e-02
6.857443652617086771e-01
2.306721521516310602e-01
7.206418543552085554e-01
4.406248866311617274e-01
3.347725136699900572e-01
5.772484344853475724e-01
1.920835737769815144e-01
6.206006122516479762e-01
6.758952183406361502e-01
5.658533378014202198e-01
6.836545885142695234e-01
4.637080305734331276e-01
5.870423836520141103e-01
6.790060564091315864e-01
6.958066376383039708e-01
8.096943166134369374e-01
7.579989781801483861e-01
7.499588638445175981e-01
6.582105139934292248e-01
8.394731181200686398e-01
6.076690160994939749e-01
2.833088316185592426e-01
5.739126350682286493e-01
5.763562278402678540e-01
5.761340072365883636e-01
8.164085946279935335e-01
3.936113612853140986e-01
6.122141064501668284e-01
4.940927626834492048e-01
5.656922092603199337e-01
2.901177393158847484e-01
5.720552652495878299e-01
7.319484659702080176e-01
1.323472188936680449e-01
7.849630483895455590e-01
4.983382592136702538e-01
4.485668669883209336e-01
8.326065714371085891e-01
5.139956678990007521e-01
5.540143057004981442e-01
3.784118686676967713e-01
6.258264991832229729e-01
6.267760470735255218e-01
3.173931060396921744e-01
6.644846031425676314e-01
5.591321819478842770e-01
7.128947218417854836e-01
7.694391511378557702e-01
2.730063096256300503e-01
2.173541396665567005e-01
7.597355856865515289e-01
2.714850345818761723e-01
4.629912201979474728e-01
7.723109509141845574e-01
7.850395597674874049e-01
6.758347413086787103e-01
4.088850095314812139e-01
4.844624207450281550e-01
4.679351732511359829e-01
7.105645882902388299e-01
6.161919439296924539e-01
6.222635080370103600e-01
5.630410612292816586e-01
3.108052091302354603e-01
4.407981574455140383e-01
7.824139042231339491e-01
5.775865840886807989e-01
6.659221086005056023e-01
4.714193585611886617e-01
7.082090196975726615e-01
3.086006640306963589e-01
7.964386375910778026e-01
5.601817859828430723e-01
7.243466128269109294e-01
1.096254398055524493e-01
6.424201357557911551e-01
2.933642861028604720e-01
5.740408614063809978e-01
3.271289268595369282e-01
3.379776485755336957e-01
5.514351862470985299e-01
6.704666501736396000e-01
3.237590829122934943e-01
2.158425007132941387e-01
8.355235678345482864e-01
6.630605150330202147e-01
6.587624013418769131e-01
3.403408387027295756e-01
7.265741465639286023e-01
4.089312321263161576e-01
7.449046441451107059e-01
3.659479464283733052e-01
5.478610081524756259e-01
6.362659131202518248e-01
7.471419477866926284e-01
7.243909165031816588e-01
7.034816516178156176e-01
3.824378693180390809e-01
6.959435975702290555e-01
6.194183918524833743e-01
3.799323134111840528e-01
5.339020274385102294e-01
3.463626700111090417e-01
5.673328167366884500e-01
8.245914913176507488e-01
8.467891032003272977e-01
6.043208907890252890e-01
4.174366208518803245e-01
7.978544660631009533e-01
5.494896719438016053e-01
4.789847492429877285e-01
6.364876712342526499e-01
3.949146408849885104e-01
4.662486781969880090e-01
5.430525016789217174e-01
3.628734973873379288e-01
7.829750072744313671e-01
7.119047712692687657e-01
6.125400837383996322e-01
5.293286395755274487e-01
5.611627832064056687e-01
6.988535656231221749e-01
2.692201173966261574e-01
5.422033264193703017e-01
6.089012372957406383e-01
7.991330058371828304e-01
6.960812279434389627e-01
7.397298655697307490e-01
4.153897316584310162e-01
6.301609541288936134e-01
8.120923284816564114e-02
5.079655803265368252e-01
3.661413374599196136e-01
6.040354476031889464e-01
1.794492073575143509e-01
7.177324067144514874e-01
8.298165176735597948e-01
7.392091149453452470e-01
6.903181809161992311e-01
4.916303861633712913e-01
7.106406194232867124e-01
6.543499488331404601e-01
4.420321685302745496e-01
6.208285313089472179e-01
4.766394926549141209e-01
4.839969382172986112e-01
3.270137402948399830e-01
2.456823020865334384e-01
4.356889437520750086e-01
8.043471092966387737e-01
5.864751306956692556e-01
8.338451889681427476e-01
8.295694126849877392e-01
6.328454250531176939e-01
2.386418112475070519e-01
2.645945886678444658e-01
4.145526703711673866e-01
4.080486772510404370e-01
1.727963772711372525e-01
7.087664877191257595e-01
2.927905895971312789e-01
6.629196422646456144e-01
6.740582156513741374e-01
7.935757594367207624e-01
7.962888178515340476e-01
5.630346193627137064e-01
5.119482915461250894e-01
4.579033405541786950e-01
4.611419992701841220e-01
7.509351670985009441e-01
1.163160558165018121e-01
7.915539582941578667e-01
8.306789221292885106e-01
8.116582089049250159e-01
5.415732036793839965e-01
6.026007916690292454e-01
5.496586640852996197e-01
4.544726485624128731e-01
6.653464240336881552e-01
4.694626024509194751e-01
4.351543834816215539e-01
6.556452668522492200e-01
5.025705491227804300e-01
8.430596643608371243e-01
5.577600289334863071e-01
5.126758024779112244e-01
4.860922103417839035e-01
3.729530887915210591e-01
2.166393456994812894e-01
5.529421106933539720e-01
7.104123560285189320e-01
6.715114454923848397e-01
5.711152942131247912e-01
3.082173597653809494e-01
5.463428685457270007e-01
7.184688506092836713e-01
7.608355964053437059e-01
2.371615979602227087e-01
1.982105617422445509e-01
4.098089393837281991e-01
3.979266943406197798e-01
4.857969369999280973e-01
8.024629214336210792e-01
5.996009016037927575e-01
6.134902216502847727e-01
6.652092965137547109e-01
6.593076911892286063e-01
7.798571891869094941e-01
7.118593248777602689e-01
8.012289166217420044e-01
6.823532237892739882e-01
5.622121982238960092e-01
4.795903565931668444e-01
7.442679279001613857e-01
4.395540864533930003e-01
7.290176038311619866e-01
2.789136961576177964e-01
3.447417669351846570e-01
8.094414895375646735e-01
7.945049522399907360e-01
6.988509221412364525e-01
5.796597250831373449e-01
5.277338220922194179e-01
7.301959513319418171e-01
8.061515772838840910e-01
4.011866536670096739e-01
5.106365954882647884e-01
5.427655972322537048e-01
3.100905642147226970e-01
7.717974966463975184e-01
3.890195822102530121e-01
2.860691445115932097e-01
3.913807231697013500e-01
7.479634807159256660e-01
4.169396046777309461e-01
5.252311207340020216e-01
3.599038285357096800e-01
5.862306780877619694e-01
7.515795274529692982e-01
6.159173622204324738e-01
4.554255960961473004e-01
8.139376632287400604e-01
5.031900642775765098e-01
3.560767788832597813e-01
4.125415276950697985e-01
2.952387750156356128e-01
3.352000336651581036e-01
5.491144672261201176e-01
6.616164234656258802e-01
2.673548739650805084e-01
6.507725792766159145e-01
8.402590835057717200e-01
5.974808367913901908e-01
3.908254470160892891e-01
6.691013203602694803e-01
1.920733805684150253e-01
4.090659761374726422e-01
6.157528085457321110e-01
7.106606267076119865e-01
7.076770331446012863e-01
5.120174185042553061e-01
5.078436182900231133e-01
5.983405108160111396e-01
6.679213791320961491e-01
7.454357276355999540e-01
7.888379406172389974e-01
8.295457908112859879e-01
7.764806113223839956e-01
2.757198802071771926e-01
7.678797787235907002e-01
2.109789316967379813e-01
1.035661693617678097e-01
5.465849282865101744e-01
3.859155636125618516e-01
3.443474174842754976e-01
4.902498832210540058e-01
8.404439087196183822e-01
4.703951941176564566e-01
7.978706307279489485e-01
8.153545994493047733e-01
6.705463398728747082e-01
7.052575965544628511e-01
4.599496218834981387e-01
7.067732314806430827e-01
6.082626191823888862e-01
8.165386266385608049e-01
7.856355292769026111e-01
6.126719759115377695e-01
4.875707317555366682e-01
2.157018390165492128e-01
7.199792982369442873e-01
6.633099659137713378e-01
8.418054900738033419e-01
5.491460434027942705e-01
6.708356623920069817e-01
5.870301271068226745e-01
8.338889000699074572e-01
5.413328833553663344e-01
5.496584053401675218e-01
5.238140557593073954e-01
