9.914859021492083979e-01
9.736107549198478317e-01
9.180016096430807515e-01
4.068110698976739603e-01
3.055294837998642210e-01
1.039272611047889150e+00
1.033724864342092875e+00
7.357764774654503848e-01
1.015072504921635144e+00
6.428509769367432014e-01
3.830020457054218452e-01
4.175635300915916392e-01
9.399039661933075163e-01
8.193141623074601254e-01
6.284903738048656097e-01
1.031762189573048882e+00
3.433392491669781110e-01
6.821925143646627721e-01
4.614896439833363062e-01
7.429152246280554817e-01
9.538709517805330496e-01
6.680223034388722558e-01
8.172648768926499274e-01
4.296281514672103397e-01
4.132887074534003502e-01
9.484084414131558338e-01
7.031605507121614362e-01
7.023119492368009587e-01
7.202980202473621141e-01
9.713895683151843041e-01
8.783948937627250597e-01
1.020096087034445764e+00
8.344762367627670541e-01
7.908354386398769309e-01
9.163872822061804868e-01
9.111016884940230653e-01
2.904220872045741864e-01
5.684997133909703848e-01
4.145671846242078851e-01
8.887640923128450332e-01
8.656315846844647721e-01
9.284513691993628859e-01
8.377343764202154208e-01
6.871443902363768563e-01
9.851519857140625946e-01
4.822946228560970883e-01
7.587158818592532050e-01
8.020345135384254753e-01
9.643900193274069776e-01
7.783502280787724104e-01
9.199818493933002994e-01
2.087182378968134577e-01
9.509326857853487303e-01
7.178332531421354190e-01
5.796166957495975103e-01
8.084731739687609497e-01
2.098144695594757470e-01
1.918893616821487347e-01
4.666178102700562214e-01
9.646420484793510886e-01
8.184153995050361674e-01
3.327848475853482091e-01
4.251903456439102835e-01
4.752898896936513795e-01
3.662375830331938698e-01
9.386733648158991361e-01
8.044348545848626353e-01
3.117870607716101694e-01
6.966357175141799640e-01
6.589421613423338542e-01
7.786985972724631555e-01
3.308385006467725042e-01
7.380955254815707578e-01
5.454306044382369878e-01
7.782073090618418787e-01
8.070645509772009785e-01
1.456606106495446362e-01
9.184720931790056886e-01
6.850683950291679425e-01
8.991942876944269969e-01
8.735791556878902409e-01
9.593571749131092341e-01
8.005925401250554296e-01
3.006945373456645365e-01
6.490571562116940196e-01
6.139124734474823430e-01
8.540991897418639400e-01
4.459575014732998777e-01
1.733279191458755586e-01
7.869898250296538667e-01
7.369149844791988979e-01
9.527706647103145743e-01
8.177609569075574569e-01
1.014276048253026197e+00
4.016473806146120262e-01
9.267896681038209072e-01
4.112961051560162784e-01
9.674492214529546441e-01
1.031702303380751307e+00
7.629601066540935284e-01
6.391865280381011649e-01
3.238917615010853401e-01
9.239556271495590334e-01
3.072811804073398712e-01
9.020613949684626043e-01
8.345048511866030028e-01
4.508410911858279357e-01
2.076669317624565136e-01
1.842436095923360995e-01
5.076694111815769350e-01
8.388363770453810542e-01
1.040897283389480288e+00
4.981321291395470197e-01
7.437346600039239641e-01
8.836342461880127841e-01
9.351444872359563343e-01
5.133925138168227154e-01
5.544651345156171862e-01
4.214972337232035238e-01
1.014493493481721353e+00
6.845015826252754954e-01
8.360349415136130169e-01
4.615057141397999052e-01
4.893266580818836364e-01
4.142564131239911962e-01
9.763072688010763223e-01
8.646056672740655147e-01
8.618385514207249631e-01
4.713486618493728519e-01
1.022033174875269568e+00
7.819127518370772023e-01
3.027098186492157561e-01
6.455226802349166570e-01
1.017070731664318162e+00
1.059077355337973092e+00
1.033367425768909609e+00
6.451618103206204768e-01
8.093366834777853125e-01
8.601334311154656964e-01
7.644825892054728511e-01
5.763882778650717409e-01
8.627951605837012039e-01
7.072251452559294993e-01
2.310595166701586434e-01
1.030205411448503749e+00
9.775140195512811436e-01
9.351577736685207087e-01
9.501139232771795839e-01
7.966042873621923537e-01
5.446721335170078282e-01
8.425267484421458120e-01
8.813315207106273697e-01
9.361358707186234751e-01
4.644321027759100717e-01
5.300054738261302800e-01
1.014938192355859137e+00
9.327610780932863443e-01
7.521907974996706603e-01
2.725409007499807190e-01
1.022534975975113003e+00
9.521152804514716461e-01
5.564690265677549874e-01
2.921713513743320889e-01
8.423018644629438612e-01
6.650577507154492585e-01
9.604568114503765353e-01
6.701826126603045441e-01
7.877485452267628530e-01
8.594947339068728098e-01
3.322706871797176942e-01
9.203590394473957215e-01
1.008913831750832824e+00
1.018728530593767889e+00
7.593810091986000765e-01
7.855011421716046049e-01
8.652272035020981411e-01
8.792137667355659492e-01
1.031973193531579458e+00
6.269874840911423552e-01
1.044642953097741245e+00
1.052601016061858186e+00
1.050514834298431399e+00
7.278525472821755216e-01
1.059260878119490545e+00
4.679079551275523441e-01
6.289617378151279858e-01
9.440282203416143769e-01
8.302672966038637803e-01
7.045839351286977692e-01
8.127929255085001303e-01
4.942332057852489302e-01
9.237572042173414211e-01
9.663499723434780808e-01
1.032072180667783279e+00
9.779091153827281779e-01
1.038518520175484960e+00
1.010301303580190213e+00
4.385852481793250934e-01
3.474378876863764010e-01
1.520892609337513579e-01
9.972129058694256809e-01
9.468989677508948821e-01
2.774675786054061621e-01
5.084740467212039983e-01
9.710807661324102336e-01
1.040695619053923826e+00
6.994404461089281932e-01
3.205678786492972554e-01
9.770615803142096434e-01
7.844980330667444823e-01
7.971432241458683565e-01
3.656782930697557443e-01
7.133168981317807855e-01
1.001640981032329902e+00
5.754172179382013308e-01
3.826842655828466833e-01
4.500515564562476145e-01
6.296086928679743844e-01
9.679003834607808887e-01
8.759505098664888134e-01
8.464527561864833016e-01
8.130373902537399999e-01
7.130041694528286289e-01
9.288908274155297518e-01
6.232866583630136681e-01
5.956225977789637582e-01
1.044273707762742642e+00
4.127412685380430490e-01
7.528432458692234652e-01
2.981813458008777395e-01
6.717741548995563861e-01
6.521678825124771484e-01
7.707908783900574434e-01
1.031287930713506107e+00
2.249502296265935286e-01
1.747508498250407438e-01
6.789011691990999298e-01
7.123550823904826190e-01
4.308405763965593160e-01
8.529469794042304764e-01
1.015575834216333878e-01
8.734759643884123514e-01
7.120022238710785878e-01
9.954465131615375384e-01
8.119227658292115235e-01
8.151271744998971336e-01
6.720850796663209170e-01
6.459031414931822868e-01
8.193084640029438814e-01
1.046144211950397862e+00
5.952324075297178441e-01
9.500580029722848208e-01
6.874006997699017019e-01
7.565002576231498743e-01
9.573585510379241104e-01
8.640185829091918679e-01
5.955500900574262069e-01
6.361597558236059546e-01
8.071870999889062537e-01
9.767323948006468859e-01
6.293013311344870520e-01
9.114646633975104217e-01
4.348366508961091781e-01
1.016769424838806835e+00
4.607866433905104531e-01
3.653459180404446949e-01
7.472347657995122017e-01
7.907247719942006592e-01
9.301614301197054235e-01
5.257076569542217248e-01
1.061464935075695948e+00
2.747580887259840621e-01
9.723233060794745919e-01
4.218356770023671820e-01
7.794425141646497135e-01
9.625807248226661006e-01
8.634813089696062871e-01
5.425964719400141467e-01
7.875762188124121321e-01
9.265289359703591243e-01
5.577119107594004088e-01
9.904873840591573719e-01
2.673249749515816953e-01
9.450717292206946007e-01
9.265085712952534358e-01
1.038111432083158814e+00
7.168905100741893577e-01
1.019189113391294699e+00
4.737263123298438572e-01
4.345309373615585669e-01
6.688530584599604589e-01
5.602587562029254231e-01
1.054258028143507664e+00
5.226042673553343842e-01
9.856515082396447580e-01
1.939984442177057067e-01
5.747208479103236289e-01
9.332849686965162261e-01
9.396709994773717600e-01
6.278930106079687601e-01
9.102562565452484433e-01
8.140939627939820511e-01
7.608524249984534027e-01
6.565269197875313045e-01
3.254966950186963803e-01
6.407079503616985861e-01
3.489782806834980100e-01
8.412320135666028209e-01
6.835755220214839722e-01
1.426570220950791057e-01
4.786182635710231059e-01
4.957545124462512387e-01
3.949336983474845963e-01
7.338804102937813711e-01
7.990057177112099840e-01
4.717543248790174726e-01
3.607201111994876030e-01
7.306304461748038825e-01
1.025127687823320422e+00
9.209799595514540638e-01
8.511603426712945897e-01
5.857367863041467171e-01
4.223536092712514289e-01
7.071069795577807904e-01
6.728363533592878198e-01
8.439367395846196773e-01
3.844949966825665921e-01
8.797797826689153222e-01
7.907849347021452813e-01
8.968532357145468925e-01
6.245294495434461357e-01
8.346514211394104876e-01
1.032217931510046816e+00
2.812317899145095335e-01
6.630500503202202411e-01
7.370472914755972216e-01
6.075673590656088807e-01
9.119950106443908133e-01
8.886534110878020476e-01
1.044175602952630566e+00
1.046388792305990023e+00
5.535388567459446074e-01
5.669571840659279882e-01
5.842190862634716320e-01
6.559539335011390637e-01
7.140290693311331927e-01
4.399163184541368121e-01
2.963650431017511577e-01
2.405485163572251006e-01
7.856180642592354157e-01
6.233724891777649990e-01
8.436269527535714685e-01
3.212264729240920103e-01
1.028788233558482812e+00
1.024838985294548754e+00
6.513249507730050070e-01
1.038051158467764967e+00
2.495903723547581443e-01
9.307828694428528227e-01
4.463758810912518693e-01
5.951090499139450873e-01
8.688228966728922531e-01
6.441625599923076484e-01
6.298943105284059429e-01
5.400986252122644826e-01
9.443045044683832101e-01
8.639880881779613553e-01
8.498239088703275490e-01
1.051759302029121601e+00
4.558496397046598037e-01
9.831485194430475971e-01
4.403862863833568619e-01
1.827684532882428436e-01
9.974304746154092349e-01
7.497832718214840764e-01
1.033780793414335264e+00
9.254464419931096586e-01
5.688391504272469756e-01
5.613678313588871260e-01
5.082485147459071539e-01
5.034811584263434447e-01
7.976302227445366544e-01
7.732979685249682378e-01
6.896268017025314334e-01
9.492830605500673924e-01
1.178436748050650795e-01
9.712305432575947250e-01
8.358145819017333000e-01
2.930713567727815660e-01
3.808903502334018421e-01
7.951457037943044925e-01
3.165848087984396431e-01
1.025620571302014783e+00
9.458906889353420055e-01
9.675059547340849608e-01
2.078924114251584632e-01
2.230217083510437348e-01
5.601228002435885145e-01
4.204081130391632559e-01
7.853119477605607912e-01
8.750496952979204268e-01
8.217704461330361809e-01
7.094928936444240275e-01
6.526014051007461569e-01
3.621679534904883035e-01
6.837749925911322801e-01
9.215999973724638972e-01
1.007448876332593501e+00
1.060885538463975930e+00
8.941110708051700495e-01
2.822595363211606312e-01
2.518979322120996067e-01
8.058200368159076366e-01
5.095738722123651643e-01
5.684508378774865145e-01
8.448218389167212461e-01
1.054304264127832624e+00
8.550875609691314105e-01
3.215574042869921989e-01
1.061448932869578643e+00
6.773602653128715234e-01
4.822281733386318270e-01
2.444329923214935696e-01
6.972751236172013423e-01
7.497429615677561054e-01
3.548217132607354163e-01
7.059948638903938978e-01
1.062026146554387207e+00
5.559378642473562504e-01
7.695139277064504402e-01
8.595021474040388521e-01
6.685853419645352291e-01
8.250823387877711523e-01
6.911530397986096474e-01
5.261698218826673656e-01
5.284111180186296108e-01
3.556983859117856528e-01
1.013955587197776786e+00
3.200342623975854783e-01
7.652725055732307879e-01
3.741489179121554320e-01
3.085073816117993029e-01
1.031909345364443231e+00
3.806326054102932566e-01
2.461075229934738262e-01
8.246366791830777032e-01
6.814312052875370895e-01
1.049213483898053578e+00
3.708411036198047128e-01
8.630285225698863805e-01
4.954449961380315015e-01
1.008487475281000467e+00
5.544011125370308379e-01
3.360727311933359163e-01
7.028847717769739489e-01
5.721879589988768666e-01
8.326205687322670856e-01
8.279942185784957553e-01
6.648976314800328913e-01
6.725604976091970055e-01
1.028757406968099142e+00
1.056403884761154099e+00
7.025673602458180067e-01
4.554858710544872347e-01
1.018401758018874226e+00
8.291620438806027726e-01
9.533992944178377726e-01
2.386409751021235648e-01
8.992726085263252900e-01
7.029139088218375742e-01
4.958341666705069484e-01
7.436161076576552897e-01
6.172540571040573409e-01
9.532104582086384781e-01
7.515016428821246208e-01
1.030582467580834161e+00
1.010440240929745714e+00
1.044099811167252589e+00
9.135603712051076908e-01
9.737735661529602904e-01
2.166292127733925044e-01
7.083313843814680322e-01
6.042690077719868880e-01
8.778750676022621935e-01
9.592875870826713669e-01
8.072508793499327817e-01
9.536309283467768738e-01
4.562237584272625934e-01
9.986104182891314407e-01
7.070096442952704674e-01
1.014725406719237499e+00
8.756214086670632835e-01
1.939990110637291598e-01
6.198690352729993025e-01
4.956086436465055312e-01
9.685848451324055031e-01
9.845532814193331816e-01
9.609121902982901142e-01
7.016684705586767601e-01
9.787838959866896893e-01
6.791944261957655327e-01
1.035830478293133128e+00
1.059617373016612296e+00
5.137762969456651785e-01
1.997095536697722218e-01
1.018936819619518763e+00
5.081775371726315882e-01
7.556206412063696254e-01
8.473699517628685562e-01
7.233345570607471187e-01
6.432121624633498902e-01
6.805745201378005094e-01
7.629097024775868263e-01
7.887594451180456323e-01
2.516248722770128565e-01
9.346059842062571787e-01
7.450975073054746378e-01
1.010920732132086330e+00
1.034849665093753757e+00
1.022497455743035299e+00
1.826266692761261967e-01
5.430784386490156157e-01
1.046345141900483000e+00
7.099701666651014875e-01
6.791947184051532194e-01
6.751203010117110548e-01
9.783746387370528819e-01
2.754092519692149521e-01
3.595123851301168516e-01
8.441237955247886671e-01
1.051319712026589359e+00
8.658977699129106753e-01
9.184605339282611025e-01
1.003244546932915648e+00
2.058719019596179645e-01
8.586742722770016600e-01
4.974192702281070022e-01
9.316532036741592693e-01
9.953822676117077828e-01
7.896903269173622952e-01
2.014820030230110304e-01
6.499341888918918064e-01
7.784149729381389937e-01
8.275787876699507439e-01
8.280004620636073343e-01
1.000521464906384717e+00
1.018372373707278511e+00
8.865127353937560795e-01
9.159933490556393387e-01
4.598617926172062220e-01
9.162910657643619228e-01
6.997503325684106823e-01
6.258303124674902129e-01
6.477677226281247647e-01
1.047719342301756562e+00
1.030184940175640440e+00
8.482824870202149148e-01
7.579796971619144896e-01
1.001627016527754765e+00
8.167008765544321314e-01
9.013669415020317821e-01
9.817833995412311721e-01
5.218124204898239027e-01
9.861892124727447140e-01
8.464847237221967413e-01
2.554719172823505802e-01
9.483332101621306798e-01
6.644804272441255932e-01
8.646716604767441527e-01
2.638715331512703210e-01
1.042733392159491235e+00
7.725331306064346926e-01
2.960111557853649100e-01
1.017274728828452268e+00
5.476080302180519332e-01
7.048504114458087333e-01
1.025595272552394910e+00
2.990311862386889619e-01
1.022961057469080837e+00
4.355734192115865988e-01
8.408858265656263820e-01
4.021435861574580994e-01
1.003255282379301949e+00
8.138954438269763170e-01
8.123233954756204911e-01
5.427851607317043525e-01
1.048176985684123874e+00
9.891317821615353001e-01
1.058395963111528726e+00
1.028476053937578572e+00
6.385266229143219396e-01
6.509665941419023882e-01
7.400724661427088291e-01
8.284277698269507662e-01
5.805794844683836997e-01
3.437969509395060186e-01
5.692787038352454809e-01
8.971412244190549723e-01
8.013602042215880461e-01
4.115289719143966352e-01
5.173883385736107732e-01
9.503219008556703651e-01
1.971652142652460804e-01
1.053683514980390701e+00
8.083202237863853501e-01
4.051717090828912959e-01
5.808115218113480971e-01
8.706544076119538955e-01
8.123006063302773416e-01
4.681689329039622760e-01
5.034810564096429131e-01
9.107474209983118518e-01
5.676973322207248263e-01
4.948578502324130768e-01
9.226922258943711652e-01
8.369395369450289834e-01
6.499339795896764693e-01
6.822717173285652859e-01
3.788369110444924637e-01
3.937003175096840391e-01
8.148481308721965410e-01
9.457913869911046545e-01
5.741569567029699561e-01
1.038919419813608469e+00
5.678708175478049958e-01
1.021495422507111783e+00
9.888142706814873062e-01
1.054140124289851377e+00
5.961792237677175921e-01
1.021646344233717363e+00
6.370221647898919315e-01
1.356251350781547682e-01
3.295322365913163631e-01
6.874323383223405193e-01
5.978446040498035519e-01
8.051329636361409525e-01
9.108309315892240132e-01
6.316832867422844666e-01
1.009917422685069788e+00
9.273799994127189805e-01
3.497023376964390473e-01
7.506051035858505305e-01
6.488643395312793105e-01
3.926070789722546084e-01
2.900830321090584474e-01
9.109812915827545377e-01
9.724628123969061289e-01
3.015553878471994298e-01
3.343347347191577001e-01
7.533874315473532146e-01
9.037761707625148189e-01
2.131598146543151051e-01
7.757016006112712470e-01
6.434768097262458797e-01
9.629956739104471586e-01
8.318136650740176607e-01
6.516221702879309019e-01
7.733745642867184689e-01
9.131779187514722507e-01
9.365310692536746862e-01
7.140308696625169427e-01
9.490982176946997084e-01
3.629435625318230274e-01
8.454932714315194220e-01
4.288925070359450586e-01
6.672976511676185218e-01
5.203180744126253421e-01
7.073327690535047285e-01
7.458079926866341136e-01
1.017903624209365754e+00
7.541633269550154228e-01
6.704562909016553718e-01
5.677257789736723792e-01
7.353885653115805887e-01
1.007421345668980894e+00
8.746090779319268815e-01
6.961443859948104329e-01
8.843296212365864273e-01
6.339247016284355052e-01
3.844562836136894979e-01
4.102026881251210622e-01
6.929221471579927183e-01
8.506972582982741393e-01
3.444657749641052424e-01
6.087896333036700858e-01
1.018384391938046862e+00
8.301637515095127151e-01
3.944294738010736823e-01
9.707494278141937105e-01
7.967930665560019055e-01
9.592421180976125061e-01
5.658927197195606773e-01
7.611005473447478575e-01
5.504476086375791333e-01
8.257417558793750390e-01
1.023862043000947297e+00
7.393586271602735627e-01
5.012878911817305605e-01
1.026304433167437802e+00
1.992428680782274975e-01
6.236189396912353855e-01
4.197722062579013480e-01
4.096074853619700029e-01
8.648906118571392243e-01
5.888530770099109635e-01
9.461132865240007295e-01
3.758877988884815613e-01
6.626087823299752211e-01
9.533471694279448405e-01
3.210029365786563615e-01
1.034180129071758492e+00
9.380860680221518866e-01
7.962632512443847954e-01
9.627431395546084403e-01
4.476544701976670204e-01
9.073856993895482725e-01
3.179649026737390027e-01
7.069509147348015388e-01
2.940399339227626196e-01
4.762022845370446067e-01
8.617867288932532510e-01
6.606073809810050212e-01
9.397436930992626447e-01
1.060293743369668196e+00
6.574475571673366048e-01
7.055088603011659965e-01
1.011752703723711511e+00
6.229303746723131585e-01
9.781147900442906939e-01
5.653641911230593564e-01
9.928224998445932536e-01
9.099264621965734712e-01
5.155532610105789670e-01
8.065583560166659227e-01
6.583985678619350690e-01
1.009328060077246292e+00
7.690276060336067587e-01
8.788279966311739466e-01
7.272194356617224242e-01
7.092369967006567633e-01
2.410970981814046510e-01
3.175826295816023270e-01
1.052845043171153794e+00
5.959750586626650914e-01
8.113964844204401006e-01
9.539123036042915782e-01
8.067801627842280388e-01
8.356095960585858684e-01
7.888839276031736070e-01
5.300219688918865746e-01
8.116618418502007382e-01
3.793722254450421771e-01
7.620289905464056046e-01
8.581686738008706961e-01
4.770567610816116022e-01
7.157587411238297559e-01
9.578125856452472942e-01
5.173265653466302405e-01
1.059347926928889905e+00
3.854083824241299472e-01
6.930509870905299241e-01
7.560317600981717456e-01
9.010624443858035182e-01
8.134713713846672967e-01
6.799169332949539513e-01
9.652601757739659449e-01
2.819874141720035698e-01
5.032699614280762290e-01
1.028669362668060971e+00
6.698660911287153130e-01
9.869037721766928950e-01
1.050342324714860442e+00
8.194276820149011265e-01
1.019087409264056943e+00
6.340135663166471813e-01
1.877830034936930903e-01
7.359103008689591441e-01
9.799013885714227268e-01
8.992376985793255617e-01
8.644881376481768909e-01
6.892631590948454789e-01
9.297073743658400558e-01
2.311278622089543711e-01
3.107386093842890995e-01
6.199631003881929114e-01
4.820383409696730737e-01
2.230873671553690873e-01
9.950461212701613434e-01
4.741811108738646641e-01
9.829167271490445446e-01
7.271961192258122875e-01
3.501061167456701595e-01
9.614939122733255905e-01
8.182735664312545953e-01
5.012054419630451729e-01
8.743851084900970960e-01
2.666652385114667845e-01
1.022426027508532842e+00
4.405771481142520263e-01
4.992219520545196354e-01
8.157464444992799102e-01
6.609432372867968253e-01
9.626980323454642496e-01
6.666836719815790735e-01
7.656063318304182630e-01
7.085556903563048348e-01
8.263865102515017824e-01
8.214952024928413588e-01
6.830721493071605366e-01
1.208472606292417539e-01
7.619443615234842149e-01
6.886320657054562089e-01
9.846209184187457719e-01
6.681470713405248674e-01
9.707011641749240249e-01
6.691100813404682324e-01
1.031828481583630497e+00
4.983223382840313298e-01
6.372845990132764982e-01
1.044820168729897247e+00
1.050064562343208774e+00
1.011064909114037569e+00
9.711179132857913343e-01
9.866169268439942686e-01
6.688969160261218905e-01
9.372228657021747233e-01
8.694790579399677144e-01
6.187917383080012712e-01
1.020816979627976462e+00
8.301107152047728643e-01
2.759476849178300051e-01
1.059482924697969564e+00
9.122263607656524442e-01
5.717671271173536685e-01
9.114534340656890166e-01
1.050001260229027400e+00
7.525653152244980992e-01
8.289041587529533128e-01
8.753535846013272836e-01
4.170382476144662842e-01
2.738800165129670061e-01
9.764246549017611132e-01
6.569847798147399054e-01
4.497805341780459765e-01
4.540181688580052222e-01
8.639343946713854416e-01
2.927061367897766941e-01
1.012168275731583078e+00
8.332099700131579967e-01
4.737299133696981079e-01
1.043711123094987148e+00
9.241594825325714080e-01
4.042483071451189458e-01
5.652237020570769488e-01
2.615214224669378251e-01
4.195861367897494310e-01
4.892459888426171633e-01
6.652014808428003967e-01
4.891657272187389105e-01
7.717825633503121452e-01
7.186475085558382547e-01
4.344336141016552633e-01
7.995201611452577017e-01
9.969172078182677588e-01
7.852349772231773661e-01
1.024705700612056569e+00
7.522770681675023940e-01
7.509469779878505946e-01
3.051925177402430300e-01
1.316708167186916856e-01
8.809438887340218516e-01
9.564030368616116551e-01
6.566457349688710199e-01
7.690543626902346386e-01
9.888287817821729275e-01
2.400236083916731100e-01
1.055831551786041267e+00
5.844955435977182701e-01
3.256794979850657357e-01
4.674724109462474186e-01
4.352808389264088973e-01
1.027228173286351298e+00
8.344221836878989995e-01
9.000517460386936452e-01
4.253192989004100366e-01
5.514399453625450365e-01
7.551342810094614499e-01
3.921912927095601575e-01
1.043800165228081722e+00
9.329630619272628600e-01
3.807908791121089043e-01
8.991116998099405455e-01
1.488196083962633198e-01
6.607542655187410574e-01
6.465603353542963561e-01
8.133028300359683715e-01
7.500099068186191209e-01
1.051650782727356459e+00
3.462472850275500336e-01
8.602877095929305495e-01
8.984144603977335386e-01
8.837298747810029553e-01
2.906463765239624131e-01
9.726878454078105030e-01
7.473161182142415981e-01
9.208555137232452559e-01
2.153506927323437514e-01
7.863183997950046189e-01
5.961643764822658342e-01
1.488629904676390947e-01
9.288026841524147370e-01
1.052944699446966448e+00
6.937578594477500360e-01
4.834323966426771757e-01
4.987261861928629081e-01
9.092196944969230810e-01
3.961603639083699502e-01
9.263585343539517680e-01
6.975217008018214093e-01
4.034426896660564532e-01
8.164874909787037671e-01
9.730396668717988806e-01
2.675042176927814319e-01
9.981745889213693435e-01
9.470936845640078872e-01
9.022306637741044355e-01
7.431164299524385397e-01
7.560672444063395448e-01
1.035198918856774952e+00
7.414940586520621935e-01
3.569724468994382449e-01
5.524595132453117285e-01
4.325365219765650582e-01
8.450425019563541085e-01
4.060649167495052891e-01
9.568810797471307694e-01
1.019558337594592246e+00
9.334969040676083241e-01
7.416471118649757832e-01
1.050576975619837983e+00
7.152718824336031789e-01
7.198120877516545058e-01
2.231768226168988623e-01
8.166523186551450930e-01
1.915191489174697115e-01
7.367359597120651804e-01
8.138251326569770905e-01
9.750647218643176961e-01
9.840162065192581409e-01
9.436864173766230657e-01
6.265947570247668574e-01
1.058702556085276747e+00
9.296263023094886169e-01
8.649214347348505028e-01
9.926339160654000793e-01
5.891567578532073135e-01
1.003051673786181208e+00
7.476552534480783718e-01
1.020251613537663360e+00
9.915911720525627526e-01
8.068724807859641857e-01
7.496462198777210650e-01
1.061209260454009984e+00
4.659500298442394994e-01
7.545126940521460490e-01
1.005697648665934363e+00
6.885261368967301454e-01
9.930286437551887335e-01
5.005446357845216854e-01
2.867670464772874572e-01
9.926021191159581925e-01
8.737552679133879785e-01
8.966494350332872010e-01
3.264224887387214835e-01
6.217108868903826746e-01
8.111983817433700006e-01
4.552643374397568610e-01
8.239363929100617101e-01
2.020984767320482822e-01
4.158741182252122526e-01
8.252606203927104200e-01
3.557421876756183821e-01
9.121278681877857952e-01
4.539134657939211670e-01
9.208934173548106727e-01
7.714120555153198833e-01
7.524019148712501881e-01
7.004118689520555385e-01
9.541900239455124444e-01
8.859571746499533829e-01
9.625525375523923399e-01
5.664976720984271630e-01
7.494422746059036244e-01
7.275950315649457600e-01
8.006196380582659700e-01
8.681930260975712077e-01
7.804256178681490130e-01
4.135424355564853438e-01
5.793239162802431563e-01
8.027038690555563516e-01
