9.123595267769736691e-04
7.132815213558061458e-04
8.795591589253391697e-04
8.469947460289388224e-04
9.871606674543352382e-04
7.889474630772567911e-04
1.659695910980146880e-03
1.372123202966091032e-03
7.767668141819769612e-04
7.317167776104585401e-04
1.457893983834749165e-03
7.651761719583857974e-04
7.901649113131303109e-04
6.873162696843086207e-04
9.864713767027495552e-04
1.028223755737188308e-03
7.223644629776301623e-04
8.298626950838507241e-04
1.100964183466994484e-03
1.004060514148151549e-03
7.214808114079794728e-04
1.174489034140562905e-03
7.585262964914074157e-04
9.528681921404287287e-04
1.455856643241184439e-03
8.202642707741190746e-04
9.861539226300292636e-04
9.474813026125840972e-04
6.456527120415913017e-04
8.359531633883528256e-04
9.105477703553278629e-04
6.979851939394288943e-04
1.311051990711901982e-03
8.139931710863189916e-04
8.656204138993267008e-04
9.411743343048580186e-04
8.023603093356787173e-04
1.390093557396416797e-03
1.127240598597991326e-03
1.062361297248746181e-03
1.596286589561734214e-03
7.159280813194732977e-04
8.171096506128679420e-04
1.043913041772951680e-03
1.290378963715738516e-03
1.219598773504457874e-03
1.938732960756540816e-03
8.099980935449401648e-04
1.019934815409304215e-03
8.278892760308499254e-04
8.549925482515274584e-04
1.010758660834566378e-03
1.191719325575572083e-03
1.106318285600824689e-03
1.352693308402929144e-03
1.073365462100388289e-03
1.297731727397711827e-03
1.472976634570271736e-03
1.514711531595624256e-03
1.292968218611208588e-03
9.228169220935728521e-04
1.436425681692544499e-03
9.074622607173020699e-04
1.255403085930726281e-03
8.067394973407471465e-04
8.908621330236192156e-04
1.315534794374921242e-03
7.292641642752019241e-04
1.123843788429191963e-03
1.297457322782056850e-03
1.266582042435702776e-03
7.064606571751744224e-04
1.073097839002656049e-03
7.766142399216362843e-04
8.653819819116223512e-04
7.838173839465218404e-04
7.078813352955744482e-04
7.974750212470810978e-04
1.340714423055226930e-03
1.176727545402386039e-03
9.038949566064416593e-04
8.831133726648888972e-04
8.689379229658741573e-04
7.050327968652827116e-04
7.020160420710985262e-04
1.284672149423397858e-03
1.091513743726890955e-03
9.081886047784649236e-04
1.978254676248806989e-03
9.190598980346300143e-04
1.574257877435925480e-03
7.258879612068837653e-04
7.635194218547291471e-04
8.345035636385922904e-04
1.110418928106837429e-03
1.348415889308287761e-03
1.463769083873296510e-03
2.199619564851525676e-03
9.726479916884572504e-04
9.777189947081336031e-04
9.358985827704913727e-04
8.774623940776993692e-04
1.679637390084821316e-03
9.190218361109937090e-04
8.175503344900648820e-04
1.291129692280568609e-03
9.260750114472851222e-04
9.257575021563308739e-04
8.075848409120311685e-04
6.185451956372584222e-04
8.151731580113223252e-04
7.656623368896918859e-04
1.018742321221155793e-03
1.075711981138579697e-03
1.222165649048512735e-03
1.521542945480539857e-03
7.939725363984729417e-04
1.006354233347656621e-03
1.011006457782974780e-03
7.164273289462018239e-04
8.400648359080121466e-04
8.438524363412197452e-04
8.157047041637631012e-04
8.973381457024275738e-04
1.316255542446607713e-03
7.661493445702458570e-04
1.201500683372826736e-03
1.119474999507699990e-03
7.847771366990370298e-04
7.604546129805700916e-04
1.275650982368852849e-03
8.320904692264491018e-04
1.289828695859674161e-03
8.259861311398414068e-04
8.299912778119121221e-04
1.206212033872090372e-03
1.267909983429902840e-03
1.076804247196201008e-03
1.231180817069931367e-03
9.361572943722211134e-04
1.146552625904997003e-03
8.288405947307571136e-04
1.327491892822848293e-03
1.042299743512764380e-03
1.285072236655322459e-03
8.243801313690739220e-04
9.554471239807165372e-04
1.046526758908388052e-03
1.023274101231104027e-03
8.637805298073103011e-04
8.912762310663392218e-04
8.674583426964237436e-04
8.796551170213899942e-04
9.178446487818493326e-04
7.119680524883765984e-04
6.795551725658253257e-04
9.749202389545200131e-04
1.111299396644386877e-03
1.303840795315900714e-03
6.960724218119415489e-04
1.079184200904291426e-03
1.219465990844869133e-03
7.539810876946320770e-04
6.976984110523845812e-04
9.538267176465415427e-04
1.125731392960966108e-03
8.295330015260820233e-04
1.030935554958312128e-03
6.790341574790054397e-04
6.293603522783236233e-04
1.364893573894753820e-03
9.901162754687579167e-04
1.027413668960624549e-03
8.149736530865713457e-04
8.805595002927281943e-04
6.613855844919953961e-04
2.330304844591680503e-03
1.294021683658524340e-03
1.319948752598472949e-03
9.267111899359455366e-04
1.147911940696640532e-03
1.090994048001483075e-03
9.852456101484968753e-04
8.246848030111250498e-04
6.670471831835159213e-04
1.379174102953596541e-03
6.694393554282890941e-04
1.222213348152763768e-03
9.247799001315917984e-04
9.327863775647418513e-04
7.197084801933457000e-04
8.557760429360205569e-04
7.821817191018767433e-04
8.067545486538285539e-04
1.011205310004914147e-03
1.042941331508458191e-03
8.103696316905503651e-04
7.771410534219244009e-04
1.380482206092082786e-03
1.291151287145032075e-03
1.423884428810130026e-03
8.257316015910761212e-04
9.339340850292857836e-04
7.610972538754603349e-04
1.638797771393842679e-03
1.259099187768974049e-03
7.694894778350521705e-04
6.834968059691860472e-04
8.245329124725649540e-04
7.839556689523368002e-04
8.797901100026032494e-04
8.298625383027613111e-04
8.184356680204480467e-04
1.088061351878244400e-03
1.322723678975862988e-03
7.955592711808707725e-04
7.752838027387044849e-04
9.603745648491959037e-04
1.402331004368449112e-03
9.598415421817897133e-04
9.063597280890304999e-04
8.866221192983838846e-04
1.327986763781703432e-03
8.967649284922442256e-04
7.518997631532012152e-04
8.612524661732498098e-04
8.610738773186182122e-04
1.329165796314933038e-03
1.321224075537249815e-03
1.405670700927519725e-03
6.506514591066885674e-04
7.362332359188802260e-04
1.902554780448476772e-03
6.675720989658048008e-04
7.097100265225877351e-04
1.141386336527736760e-03
7.785911854819901456e-04
7.151968884860055537e-04
7.295289631108916152e-04
8.347391758782252104e-04
9.054017035657733635e-04
8.416690113442356312e-04
9.498569685922184829e-04
8.793698011232354205e-04
1.030573860406379513e-03
7.925253282875687659e-04
9.534964033635198516e-04
9.147938185444019722e-04
7.752824127564102901e-04
9.942172132727806599e-04
1.669348348690264999e-03
7.274213614624876678e-04
9.686392620891072329e-04
8.336171281568687278e-04
9.697447925709707988e-04
7.419769093045137237e-04
9.809331332888537175e-04
8.121809295029813313e-04
1.278044352606066188e-03
7.944917705458014612e-04
7.045366571565983083e-04
8.634563548293419828e-04
6.420822242391561975e-04
7.132736418322791101e-04
9.035025642772867181e-04
9.271658123114064846e-04
9.394491383170112432e-04
8.802364071582824108e-04
8.065385187074287704e-04
7.336237873811755385e-04
1.164205742357415961e-03
7.748485985796377522e-04
1.491896921979997924e-03
7.980526751281207757e-04
7.166532301451684775e-04
8.220080015155668005e-04
1.077554728774855232e-03
8.578122504317853411e-04
8.488872362036701136e-04
1.151942753376153112e-03
6.379341855038982070e-04
1.011698013627925505e-03
1.048436220205861387e-03
1.181103517985535294e-03
8.698889765781491618e-04
1.356079181576336700e-03
1.070901776001609513e-03
7.211064216326232420e-04
1.005460445584131128e-03
6.889883840119518732e-04
7.499588167101606598e-04
8.252370438699813647e-04
7.785579287709394223e-04
6.871827226922745625e-04
1.170456998644716891e-03
1.411013297734626691e-03
7.202020392710448311e-04
1.447836019960662985e-03
8.984178592111742015e-04
9.941576237974510469e-04
9.791622205724617722e-04
1.540977038658106679e-03
9.153230516093531889e-04
8.864184144236907136e-04
8.234396946376174205e-04
2.057290248391635632e-03
8.510361622470818737e-04
6.259298461447963769e-04
8.014877040875941416e-04
9.356991665065872866e-04
1.135701515215034943e-03
1.503798696171601036e-03
9.132979815670598175e-04
1.380654066326272422e-03
1.427820621840365225e-03
9.854907667295039961e-04
9.293377486502407822e-04
8.158046628300055607e-04
7.404535635173450578e-04
1.477194458917551780e-03
9.197521805154515711e-04
1.164755602058516713e-03
6.215336497787668849e-04
8.507135260402012107e-04
1.299893474759549914e-03
8.720590182053760157e-04
8.430154210364215663e-04
8.839365516548879911e-04
9.014842335226787642e-04
1.187732896180919342e-03
1.285429678819227433e-03
7.280777892332125720e-04
8.870345958402237095e-04
1.272122782582989827e-03
1.170403879076651514e-03
8.428236029466100974e-04
8.265060080803295550e-04
8.015805835880086263e-04
7.724885549509917298e-04
8.424861724858505102e-04
1.077120556721453430e-03
1.031627738245691596e-03
1.128240270808850794e-03
9.006249614096836775e-04
1.412382436216320881e-03
9.489933255748958995e-04
1.281624531415291850e-03
1.047880058472600625e-03
8.613287165978167478e-04
7.112466943531441143e-04
6.520335643707585649e-04
1.552021438619976493e-03
8.269770003205770140e-04
1.031684781129183848e-03
7.968981280238040003e-04
7.937764304822975386e-04
1.091540826856782481e-03
9.239823532935142938e-04
1.016935695215281021e-03
1.221237756700598465e-03
1.036745863531221947e-03
8.178625576198147269e-04
7.215572066683910088e-04
9.944698952679539503e-04
1.027766984469639976e-03
9.514199875273084139e-04
7.313326536888910051e-04
1.369655087631895017e-03
9.389107455766215402e-04
1.120695799749685424e-03
1.372167628970116966e-03
1.082828797165063649e-03
6.812483175291853118e-04
1.894560441772935068e-03
1.186802063723347818e-03
1.282799025603771972e-03
1.577313760917273093e-03
7.764899487916246922e-04
7.738866810583878509e-04
9.099524947991340703e-04
1.759485145307364100e-03
7.764599589136787815e-04
6.303788940106116491e-04
7.265074502389997713e-04
1.247015758199980853e-03
8.288805802184398552e-04
1.044893463310914237e-03
9.932475643895295227e-04
9.897333040581309058e-04
8.712227890483667395e-04
7.803786429868673916e-04
6.749333471990828087e-04
1.284029240300281960e-03
1.068275763550053954e-03
7.636861895445649050e-04
1.090532148531200753e-03
1.005192930761086498e-03
9.170233095874468160e-04
1.202975026042651984e-03
1.043275674203403801e-03
1.006986536542207010e-03
1.129582673220709066e-03
8.765898825350105584e-04
1.537329654523458475e-03
8.583821609658220334e-04
9.123659603952133856e-04
9.808746053091030401e-04
1.174313049408664622e-03
9.443870883780658074e-04
1.325470830911172366e-03
9.204460334394750417e-04
9.429722920879101029e-04
7.735110516688828777e-04
8.657959611256165269e-04
1.005787246747545096e-03
9.148856872973160038e-04
8.226657091858579187e-04
1.497324304486511923e-03
1.328007867876572446e-03
1.068925361588236216e-03
8.770212948022305510e-04
1.507831438154798526e-03
1.156179176677062537e-03
1.084422679646046940e-03
8.698586605195734360e-04
7.107841422875431879e-04
1.184027505145926647e-03
9.176861725775657588e-04
6.535048174137544777e-04
9.402743459651459121e-04
8.082624688759771281e-04
6.796930212200629103e-04
8.390134224018904819e-04
8.782055710189389051e-04
7.955800019542687198e-04
9.893218367071721173e-04
1.586852682116210878e-03
1.572549763274323428e-03
9.597090960475919679e-04
1.005887619858845472e-03
9.943106080333734189e-04
8.262417311125682924e-04
1.002975910245112491e-03
6.719783208977112314e-04
7.368332150772195950e-04
1.551207832573953983e-03
7.524540460299103005e-04
8.846885485673345803e-04
1.127708352158696354e-03
1.150490815797363797e-03
1.113864767337756486e-03
1.005778682447504681e-03
8.361214334924357405e-04
9.724172627173800201e-04
1.443650716163383686e-03
8.468686619307252625e-04
7.256296089059546166e-04
9.015891261981298036e-04
9.577163898420200513e-04
8.514973262494008634e-04
1.071943005966631167e-03
1.144840179582804840e-03
1.280912870145491838e-03
1.011857973337654953e-03
8.579831536616397154e-04
1.186287267609660839e-03
8.060253693458450681e-04
1.080305402697261325e-03
7.820959995200876943e-04
7.971905974799313368e-04
9.978885674772118661e-04
1.078818409336883451e-03
7.758865215664835155e-04
7.498947020239951156e-04
9.556962974054684359e-04
6.806760854568058702e-04
9.743232967212925311e-04
6.617805396644258278e-04
1.426748011368939029e-03
1.382690800810195287e-03
6.926508931733276744e-04
1.003648047091620964e-03
7.579330331108611891e-04
7.683461151336513570e-04
1.215982135628523387e-03
9.852643853489261808e-04
7.989540568188040507e-04
6.394594598035716190e-04
9.669438112864602681e-04
7.768538284519792021e-04
1.008693757431924866e-03
8.991477933124308181e-04
6.523330042086119239e-04
1.259102055089021894e-03
8.920728505160142180e-04
8.915014859033460436e-04
1.128211421772181908e-03
1.321706132967584825e-03
9.162654295232100597e-04
9.521019529020286701e-04
8.030839249237850313e-04
1.074033991148289156e-03
7.881376592218395033e-04
1.307306520349840739e-03
9.930690810217011368e-04
1.432164342796783240e-03
7.337401913107106325e-04
1.262864212937406250e-03
8.806455909077691088e-04
9.241297023092293148e-04
8.068108438179989088e-04
7.231947155698994784e-04
1.077305503233581081e-03
1.571289880740106299e-03
1.029088816005506706e-03
1.743147522215140284e-03
7.718849460038550289e-04
6.979273973246690301e-04
9.478687763746297722e-04
1.176539994259456550e-03
2.002401254100726145e-03
1.193378247880685743e-03
7.923326586124013540e-04
9.332069048090229626e-04
9.442985746558541426e-04
9.736495182663332118e-04
1.163642806625336508e-03
1.020376409729608670e-03
1.090701040900174433e-03
8.371191148261123696e-04
9.998169790271659203e-04
1.091167705131153645e-03
7.238405853771661281e-04
1.551338710646101840e-03
1.635624094630876721e-03
1.049640285136806865e-03
1.118889812490075084e-03
1.121972360288126533e-03
1.198317988060849460e-03
7.320120626183063573e-04
6.464905237911193090e-04
7.244815703377029733e-04
1.462014532850471624e-03
9.863646318416879021e-04
1.110989654135190836e-03
8.958401263981868000e-04
1.075446052456528355e-03
9.062093267287351555e-04
7.199147395915973758e-04
7.333629204483963111e-04
1.318402813851340906e-03
7.501151234946550235e-04
6.437845662725295197e-04
1.011053441031265149e-03
9.044085092932318192e-04
8.642210387959227240e-04
1.180660316473329573e-03
8.434221881554499096e-04
1.559612830292459069e-03
1.079402310487269064e-03
1.154907574266412574e-03
1.114777192029513340e-03
1.673978988056293261e-03
1.080024168801111068e-03
6.891114852029262949e-04
9.997794535059724777e-04
7.629557235609306289e-04
1.547089768871242254e-03
1.121475609347339546e-03
6.450288637226708234e-04
1.232488528394555007e-03
6.780936701291133883e-04
1.052390718618875613e-03
1.443843513670408068e-03
1.492092487298522265e-03
9.343407433064646397e-04
7.450545861285196199e-04
9.880240403534711058e-04
8.684274543822430520e-04
8.770150953832811123e-04
7.663650933542141960e-04
7.183185755989726900e-04
7.166869033376168556e-04
6.901008702744022621e-04
1.109329786832523659e-03
1.058314279365511279e-03
1.015890372273431678e-03
1.089714262166880093e-03
7.919533697622241743e-04
6.673807379959315880e-04
7.336438301585825788e-04
1.375434992532311145e-03
7.889702771217634199e-04
1.464378849586493291e-03
9.776485218792149885e-04
1.481096431475280306e-03
7.097368634506512385e-04
7.889707314961194855e-04
7.168111524001847352e-04
9.375779422288332441e-04
1.110576237172993322e-03
7.724070738674055931e-04
1.148330242671467697e-03
7.010784837918922338e-04
7.817771206164423909e-04
8.847612656567764924e-04
7.263595104591710153e-04
9.133942960367953277e-04
1.455798798621085830e-03
8.166887959288041858e-04
1.013824812774308118e-03
1.090618949940360544e-03
7.587572306600894306e-04
6.698303495487646642e-04
8.057018585392896042e-04
1.476388251167260520e-03
6.635633316279665591e-04
2.397194041267621759e-03
9.908494643704054364e-04
1.367152783510370466e-03
8.853985768830686812e-04
1.034976234553217078e-03
9.350212754042275991e-04
8.266892001445153536e-04
1.043432703583144824e-03
1.051776413276312837e-03
9.033117477467172583e-04
1.458323853270257053e-03
7.629338734810153094e-04
9.178331144876058709e-04
6.481612337539590773e-04
7.293555314554189513e-04
1.298035548637186364e-03
9.402873196226297324e-04
1.190346829963214803e-03
7.238590820685326162e-04
1.236493700517495974e-03
8.381741961626048383e-04
1.140906784312496368e-03
2.199677872687117158e-03
9.231411920350075144e-04
8.651393746027382725e-04
9.817973086451204940e-04
1.176583299892257220e-03
1.150065555972962141e-03
7.181153426784114358e-04
1.312587564084812539e-03
8.005125004429765236e-04
7.902428044826414468e-04
1.022651158942880197e-03
1.183681768069873340e-03
8.022905852546398809e-04
9.938498027783407556e-04
1.541764435442275058e-03
7.183490021949315903e-04
8.247588971333140147e-04
1.229911509672048688e-03
9.801598913483956788e-04
8.859271755619860678e-04
8.701703061947835835e-04
1.233536386281152818e-03
1.222312132560048146e-03
1.277884843191756615e-03
7.788893412879477210e-04
7.733217057959356844e-04
1.385435521292023402e-03
1.310246407960889399e-03
6.843190054384547727e-04
1.013861663157118211e-03
1.029077696515340833e-03
1.590262575923848381e-03
1.011019057319217885e-03
1.247360153692301382e-03
1.108984267481743710e-03
1.074091539365143151e-03
7.483822085178936170e-04
8.974278007673979320e-04
1.463237600693088197e-03
1.395698603192617720e-03
9.158846506466598696e-04
7.894696330691657743e-04
1.066112997080861805e-03
8.779533162426426431e-04
8.775471144869611499e-04
1.271429306526791715e-03
1.691785991388061175e-03
1.027454092026682192e-03
7.140914258454095307e-04
7.972226581392381946e-04
7.669960600067117712e-04
1.277809902295839800e-03
9.699398268735241442e-04
1.255107966049963429e-03
8.182864932726142612e-04
1.009232632527036705e-03
9.851375298394128739e-04
7.921387451885889604e-04
9.043917498181616027e-04
1.091427273923144649e-03
1.296833905602215019e-03
8.566802476432829050e-04
1.101192452806983284e-03
8.466346357233042654e-04
8.500644775725123368e-04
8.278144866968424002e-04
1.343918914625686972e-03
6.571860870354802016e-04
9.857989716583776419e-04
8.459083869153087446e-04
6.941694963561622408e-04
1.344259658139582972e-03
7.204333714980275770e-04
8.333523664547289609e-04
8.528906270237127107e-04
7.536578247260068046e-04
9.978399542475582893e-04
1.318174868955208001e-03
9.837230768599584344e-04
9.997280992370440045e-04
1.452902557767496309e-03
9.930526148955174433e-04
1.055448337099730788e-03
6.770368722695164912e-04
8.631269740084113358e-04
9.368796137682252083e-04
9.513382967326946540e-04
6.789566597992357372e-04
1.108173560511042152e-03
7.339426964409024668e-04
9.497582056594301150e-04
8.149834751816196652e-04
6.746681020745509726e-04
1.100943966891894301e-03
9.159201009802074578e-04
8.350068158006740925e-04
1.192716128971393376e-03
1.452274658929023250e-03
7.881548738675136188e-04
7.820181463848908552e-04
8.149114401136098133e-04
8.222659729544031090e-04
1.071442988338649560e-03
8.757661539994121168e-04
1.100051328930575162e-03
8.906004487720507344e-04
7.989886886947299757e-04
1.570815684602521953e-03
1.296581849990963240e-03
7.919341133755939581e-04
1.351606027933928813e-03
6.744126161349533804e-04
1.160591019495795266e-03
8.928344445018693504e-04
1.578387210195755438e-03
1.058816275676072649e-03
8.141980310599992174e-04
1.081792762821768466e-03
1.291920439817028721e-03
8.092546274326453638e-04
1.757920816505277074e-03
9.411925900246170384e-04
9.918689008194009771e-04
1.139073763118083910e-03
1.188418259792288923e-03
9.496736018495837870e-04
1.012050340005192636e-03
1.223023733257979891e-03
2.124743346395914240e-03
1.147410908643306396e-03
9.331143652071881376e-04
1.769088281201022577e-03
9.060444709530992733e-04
8.478513853076087873e-04
7.854698803040447309e-04
7.263634385305048216e-04
9.553236377537260241e-04
1.064710931924566775e-03
1.061346834591611870e-03
8.302864586981212195e-04
7.906852929391478295e-04
9.668568818220131837e-04
7.783005306672686986e-04
1.065705757526569809e-03
9.514078414607546243e-04
1.196873762822579833e-03
1.132400823611569339e-03
8.135514553953351879e-04
6.479921231891861864e-04
1.000853204580135934e-03
6.269982584682356683e-04
8.956839463112756337e-04
6.977786025649031654e-04
7.556957235645497687e-04
1.212972385779059617e-03
8.279732087539738196e-04
1.034770047554003664e-03
8.779434872919408004e-04
1.376486222464214483e-03
8.931251983817324125e-04
1.031172038244173141e-03
7.593759991162012980e-04
6.781349670505801806e-04
8.010383280228682099e-04
1.174701101033436609e-03
9.894533395715303468e-04
1.357861546614621759e-03
9.078004069916030191e-04
1.228745033188277051e-03
9.590193969896485936e-04
1.030649374175394897e-03
7.853014930345709283e-04
9.008875454017017297e-04
1.125641806785198469e-03
1.110920828970207632e-03
9.559319570389423776e-04
8.931133057418382719e-04
1.340994905412862389e-03
1.360003487041181510e-03
1.328276866513235710e-03
7.473539076699715986e-04
7.783770960905852685e-04
1.098184439097010801e-03
8.081684524573545195e-04
1.078543655077802066e-03
1.023826220893115898e-03
1.001252492868164902e-03
6.512586242220448672e-04
9.847200513061228882e-04
7.462376655265451873e-04
8.970243248647213419e-04
8.985432357718505219e-04
7.174727645851373134e-04
6.523567865637443534e-04
7.188228611439082807e-04
1.051375482542898443e-03
8.942985792780365310e-04
8.632600327627243083e-04
1.008091694060863708e-03
7.187596830907000195e-04
8.016192342970831965e-04
1.405713205377934769e-03
1.524433270291338524e-03
1.197720332408680000e-03
9.617986608703233461e-04
1.282282941691469417e-03
1.527307605531443881e-03
7.913112995598744646e-04
1.323063681469051085e-03
9.162787756104857472e-04
8.890700528508787811e-04
1.323340242880133646e-03
1.090149362256300153e-03
1.113016311965923889e-03
7.485519924154268243e-04
7.978025196093455843e-04
8.364511402154006965e-04
8.595367710958737219e-04
1.216636058595468427e-03
7.210284015661529112e-04
7.252304081488944497e-04
1.204542159969486511e-03
8.060578960473804974e-04
8.691757642781094669e-04
1.231230666333068624e-03
1.543095756776621157e-03
8.731431649097501878e-04
8.036766327687823799e-04
7.918577991484520347e-04
1.483599500886828701e-03
8.012719787456156883e-04
1.478700025300200846e-03
8.489922719211643156e-04
9.427054963975538748e-04
1.917766923785338591e-03
9.496775499400932552e-04
6.906193507073374750e-04
9.350201830894550037e-04
7.515112096738757637e-04
8.880158232601589657e-04
9.689153568271385722e-04
1.307334081179855429e-03
9.349594679888522785e-04
7.689293036724305277e-04
1.329790763071997048e-03
1.497607383746994876e-03
9.212574299685547712e-04
9.367864812555649120e-04
9.298738437082289384e-04
7.467988964973884926e-04
7.714182712849463903e-04
1.418702963641150150e-03
1.275328721033026740e-03
8.631131611884288032e-04
1.260992771935334289e-03
6.634270974161537732e-04
7.553326670753932395e-04
1.131659136052494278e-03
1.211467745734744065e-03
8.488650954999022282e-04
7.757009064459365836e-04
7.487046444084466271e-04
8.108767544856691246e-04
8.338818432775589682e-04
9.601443673742908339e-04
8.786499319327078800e-04
6.436128809503308080e-04
8.681437480070996592e-04
8.754395485589910831e-04
9.121441105157064360e-04
6.575261730905439250e-04
6.742811061290511759e-04
8.210482292987837400e-04
9.278322668684606690e-04
1.367127268701706167e-03
1.138041427611056816e-03
1.964330419275839117e-03
1.330000916911149890e-03
1.037358105281686524e-03
1.552221031521154506e-03
9.573656264377401748e-04
8.449256192305965463e-04
1.050736666546678993e-03
8.449509470374986803e-04
8.998244840173612617e-04
6.952438765191714916e-04
8.809134626917501350e-04
1.651670678848131185e-03
1.776113986130809994e-03
1.149443143266426926e-03
7.028242061257292290e-04
7.637185481910324257e-04
7.084070538575514301e-04
1.053467523180822438e-03
8.189208741435610294e-04
1.063000812529516252e-03
8.018485799369275526e-04
1.197574267146229911e-03
8.798997993821498428e-04
9.866907723990500211e-04
1.224298627990080910e-03
9.503931254693826110e-04
6.893050414280316607e-04
9.279072580425596012e-04
7.592712092467153884e-04
9.525770980966771816e-04
7.382306207332289079e-04
7.010533824382203993e-04
8.338395309771926174e-04
1.209076788193663883e-03
1.096145833195576744e-03
7.228793276873718681e-04
1.157407820469188737e-03
1.266722140175358590e-03
7.842332952674856573e-04
9.090526590006361074e-04
1.346719984491939054e-03
1.012566729516581592e-03
9.226157933940506550e-04
9.889490987811818366e-04
8.057540430711612181e-04
7.709455050440697016e-04
7.499116743444550828e-04
1.208530363283703661e-03
8.993554401199472257e-04
1.027530026960138572e-03
7.940587536350539322e-04
7.879125250798910129e-04
1.055525957168768807e-03
7.987320920952240477e-04
7.247502971540971438e-04
1.286373930443578464e-03
9.643181488335126044e-04
6.679038719334854475e-04
7.961136211065350044e-04
6.588900562538409699e-04
8.793788583535287664e-04
9.503924858284387754e-04
8.088541593617217538e-04
7.319379852293681366e-04
8.376877976608911600e-04
1.336723972954185265e-03
9.890551188285487492e-04
6.783406239534189213e-04
9.267820004337320615e-04
9.227288767438583325e-04
1.316498197807753831e-03
9.302068325197388474e-04
8.786078857723896799e-04
1.041116132047782347e-03
7.222789701763944340e-04
7.848215126002912063e-04
9.525837085721093091e-04
1.425508212454109453e-03
9.814781880650631264e-04
7.423569133195525877e-04
8.253282026289181575e-04
1.110677872458143509e-03
1.388523444093658779e-03
1.179030084828685274e-03
7.511596463731616416e-04
