1.347897271619205887e-03
8.783120337551908246e-04
9.394586693388755610e-04
7.734449739210986921e-04
7.231455101789976969e-04
1.170000810289095403e-03
1.185871418024363622e-03
8.206545658192242448e-04
1.098481231938677359e-03
9.389046193613585951e-04
7.103889497367580448e-04
7.926294952656839227e-04
1.147583186464777192e-03
9.233541197604604829e-04
8.503596935460022797e-04
1.092416745935766197e-03
6.944383398468917520e-04
1.217572569988765703e-03
8.332131854704510291e-04
1.111768887823664153e-03
9.546667045853560532e-04
7.728846834525375607e-04
8.765336857720276839e-04
8.387971523831802513e-04
1.018142702290362892e-03
9.607629972834415798e-04
8.062171410799776929e-04
7.186182353103859463e-04
8.967707574597930976e-04
9.108690595327549426e-04
9.741024115794014388e-04
1.132645876000934601e-03
1.024762274652344079e-03
9.543230066899366674e-04
9.301227798899654566e-04
1.038356885979036274e-03
8.665714043138908603e-04
7.980784385200402923e-04
7.638448498922417208e-04
9.702987853889640142e-04
1.020093450369921606e-03
9.177724158215053423e-04
1.061082608272869657e-03
1.140892557212615796e-03
8.059940634273319443e-04
8.161084411171523135e-04
9.420572697328805046e-04
8.252509243882895753e-04
1.062677474758553587e-03
9.853539938153412295e-04
9.663890262073386063e-04
8.939410462392794257e-04
1.171475359296435216e-03
9.107799498564840644e-04
8.571572829466239142e-04
7.639007343722646875e-04
7.946752554893446365e-04
7.525860271626000440e-04
7.634386205090028677e-04
1.313365839465132322e-03
1.103784798749996281e-03
7.204167509272597003e-04
8.022468038021455606e-04
7.807478122616393892e-04
1.131022269597920784e-03
1.120741876359855746e-03
9.609501908178483048e-04
7.690643913600820041e-04
8.024305025380690194e-04
8.172158365721966496e-04
7.134799599463894585e-04
7.826295268104098207e-04
1.025758322874453614e-03
7.993154955269175539e-04
1.012990816149477715e-03
7.429723723528717898e-04
6.882108739788138797e-04
1.133868573100010923e-03
8.716176114587733574e-04
1.243394292581031981e-03
9.817578197505352332e-04
9.621553019444284644e-04
1.176066883371578711e-03
6.902843584854113793e-04
9.199480798744613967e-04
8.684160109913748038e-04
1.456951078149890154e-03
1.283344841142388228e-03
1.055299882956704273e-03
8.628538610464699240e-04
9.938901241259253446e-04
1.122389203640435790e-03
9.844479640306429136e-04
1.308444928337726106e-03
1.107680068051764520e-03
9.184721377647035463e-04
8.899385026973181826e-04
9.126386902474760508e-04
1.241447363195681119e-03
8.641812926787833344e-04
8.298417524477752017e-04
7.134859299908307946e-04
1.099908268792124978e-03
7.702729799657463683e-04
1.019643066018832743e-03
9.761935254269343658e-04
8.839604131570740235e-04
6.997376436303908180e-04
7.094452812322397071e-04
8.841466299347402634e-04
9.592549684586262155e-04
1.026878891286530640e-03
1.056783503572068317e-03
9.248098579343567646e-04
8.895538608066745970e-04
1.030863929873553726e-03
7.274673362315138558e-04
8.218959922657528578e-04
9.631890575098969471e-04
9.589296536591381762e-04
8.495342048254910829e-04
8.618163344591063015e-04
9.150277585465030686e-04
9.951883573891542271e-04
8.308111149009175410e-04
1.042838360976880473e-03
1.006816314760708387e-03
1.284768627167467417e-03
7.925844802180129645e-04
1.148686382458935073e-03
8.743441864501392798e-04
7.264148216840955350e-04
8.540650528734451945e-04
1.205518556630514075e-03
1.397536275650560107e-03
1.287403003272847820e-03
1.072259163330834420e-03
8.958179899504395806e-04
1.246002247320725492e-03
8.837705923501555563e-04
8.928498657355317955e-04
8.806737290727449955e-04
8.089496201799898246e-04
8.347224611142866008e-04
1.644156727890151715e-03
1.650197862142747550e-03
9.235399932167824956e-04
1.150592000137820288e-03
8.800339968483729533e-04
7.702795628614267538e-04
1.038977481777137455e-03
7.929028980648942116e-04
1.506374815165084083e-03
7.110549446774939173e-04
8.609613803202960207e-04
9.497886222105879784e-04
9.364472325401686269e-04
1.486397808344429132e-03
9.383921716107222928e-04
1.621640737491553651e-03
1.004408337732944946e-03
1.609096321762737512e-03
8.315892665453710440e-04
9.912799674328689158e-04
1.097671164864331105e-03
9.394459332473058385e-04
1.057554846353067320e-03
8.410260409193848858e-04
9.908384515800246380e-04
8.413650665737123146e-04
9.608983616808142733e-04
9.983346226128066072e-04
8.817441875099800430e-04
1.304211129980170072e-03
8.984966662892015848e-04
1.074109049595416056e-03
1.138163603262167412e-03
1.058563015558940199e-03
8.700190748774607645e-04
1.164537267501616121e-03
1.252651657557422383e-03
9.669759425011968971e-04
8.202477797586469428e-04
1.185113587948076952e-03
1.417728733105501696e-03
9.525178762609806064e-04
8.104168247073346510e-04
1.147885712315420805e-03
9.311130340034441720e-04
9.871361972833782219e-04
7.532198620087993688e-04
1.965248025633884506e-03
1.244919249071303226e-03
2.474668669663324973e-03
8.615331177146929665e-04
1.348378429413683551e-03
1.051337724021079263e-03
9.895117459895160297e-04
7.506239353806894209e-04
7.165071670791690927e-04
1.025171032055678493e-03
1.448379455249571837e-03
7.294874756702112448e-04
8.167457959949251528e-04
1.116228247033733238e-03
1.814941278720753545e-03
1.262905169061542690e-03
9.043791375941810260e-04
1.213308711465864919e-03
9.353329893864232485e-04
9.143681659898472312e-04
7.620964743214465702e-04
9.554661100352227713e-04
1.045270526254721928e-03
7.579244658427642008e-04
1.163877493286538146e-03
7.612977027622484317e-04
8.984305744379016264e-04
1.114473447490798696e-03
9.578169547693761963e-04
1.163655817644902940e-03
1.169118198463507154e-03
1.547243921463316036e-03
8.763363940041136438e-04
8.516326008146297716e-04
8.708828420181692880e-04
1.901951011452221148e-03
9.946574906226528841e-04
7.942115990499877456e-04
1.068770757953419999e-03
8.857403073613429609e-04
7.862422106074616309e-04
8.997536045756461542e-04
1.229042120862822857e-03
7.849148577238466463e-04
8.432993970246147270e-04
1.425646375774265034e-03
8.993122743259928959e-04
7.688508184587089685e-04
8.765632712091714568e-04
7.028024432046645759e-04
1.297912251768890048e-03
8.350501153423822882e-04
1.013400645796304908e-03
1.076153347703954219e-03
9.043049674269503782e-04
1.072718340345699389e-03
9.082977092478020575e-04
1.293204656204103914e-03
1.382725119332849388e-03
1.163450293298674094e-03
1.101536405100578481e-03
8.891314977216065868e-04
8.514287702979243984e-04
1.101682876210075945e-03
2.363710760244816522e-03
1.258805526288272721e-03
9.036192927349957858e-04
8.130916605189970805e-04
1.238308812905475169e-03
9.532860904970044420e-04
9.268409122096880589e-04
8.622767596370732243e-04
1.204680454294595072e-03
1.108049241300179547e-03
7.020723187835748239e-04
9.172630855043208305e-04
1.543317151179493616e-03
1.951922274688881048e-03
7.678705525554618133e-04
1.082594731204927427e-03
6.790339443419100103e-04
1.013648369510748194e-03
1.130478690728022387e-03
9.809708386151888559e-04
1.878963971775518115e-03
1.204003832711508836e-03
8.960056298524569311e-04
8.767341795090485747e-04
9.200570537419204770e-04
7.769625972018079363e-04
1.283892126361562292e-03
8.781360303722499181e-04
1.065806767617704081e-03
1.014252584703143317e-03
9.484122618665884576e-04
8.350246314511605315e-04
1.497832942700338303e-03
9.518027101327754648e-04
9.487431349967383361e-04
8.269159616271962816e-04
1.223741228523852163e-03
2.801641203788041243e-03
7.636613308418813487e-04
1.013452757575020484e-03
6.966234594237995150e-04
8.541033148586601315e-04
9.824706605850593542e-04
8.630746430042765842e-04
7.575846822987522761e-04
8.851828722834559522e-04
8.971871920563178173e-04
1.301868817403522768e-03
7.850269022238974548e-04
8.495801004162152267e-04
8.888601424995589166e-04
8.371077814054463367e-04
1.125688331700675079e-03
1.073170135772104957e-03
6.852219323001158694e-04
7.869418325193168169e-04
8.544032210886120431e-04
7.559034530196180645e-04
7.858315174298020943e-04
8.523475622063577924e-04
7.911069711797132260e-04
7.761900132316296120e-04
8.727927480629177641e-04
1.955718363067942417e-03
9.228289351109328006e-04
1.427341255089026231e-03
9.973517285588060031e-04
7.755254793613794743e-04
8.784875019352707520e-04
8.422543930632559513e-04
9.382897483489286436e-04
1.024458618184721954e-03
1.230786220093975803e-03
1.360700059966008998e-03
1.484001636124791280e-03
8.005430626873713757e-04
9.853159094576596343e-04
1.180498446351424448e-03
1.209685748225832261e-03
8.748701482818230495e-04
9.810402423258961918e-04
9.579743450830322448e-04
9.204751080238587641e-04
1.146161420292919533e-03
1.426834509787485751e-03
1.088688660786720245e-03
8.661493917900527431e-04
9.025566005516598303e-04
8.258983114047569471e-04
1.040497512741438754e-03
9.615871079973343496e-04
7.586011907741285060e-04
7.102956892615456272e-04
7.172235330268553069e-04
1.048753591252624259e-03
1.001381818573017285e-03
9.665899452606814806e-04
7.039757281178984612e-04
1.048533981747238773e-03
1.405715557628804332e-03
1.005367061845997573e-03
1.448248144183530419e-03
8.473949068350393639e-04
7.611000022274662727e-04
8.887882858171416035e-04
1.372229488311179019e-03
1.460126324851636218e-03
7.712090598510951307e-04
9.691795900445073116e-04
9.307166866502579721e-04
1.112760833836723591e-03
1.245480853540678872e-03
1.103344646881823090e-03
1.115447089065520897e-03
8.147551803007697718e-04
9.790407457048301652e-04
9.667420146999689250e-04
7.309312914924326072e-04
1.397365550040439866e-03
8.437748509619323644e-04
9.714929851392654263e-04
1.110619640418596598e-03
7.220490671761041956e-04
7.445542912051537681e-04
7.314296978855962294e-04
9.782450960990180487e-04
8.889589673546766362e-04
1.328513063485786422e-03
1.127289599866187174e-03
1.045816116886405045e-03
6.964714035696398849e-04
1.234073537870128022e-03
1.090596544286659680e-03
7.224299251052025304e-04
8.711645968461598525e-04
9.282411426021222817e-04
7.617760219076965015e-04
8.805383126126226827e-04
1.984909130238722130e-03
1.023446281822588174e-03
7.259499161856689279e-04
1.001956843773862439e-03
7.993789641334200216e-04
7.258197285148247982e-04
1.322113443231073132e-03
8.780843030324012597e-04
1.009232269512877825e-03
9.885094087682118162e-04
8.524186552772325095e-04
7.772478263816957195e-04
8.528439708807960531e-04
9.022307647138888510e-04
1.478375696675002932e-03
9.600134677354595341e-04
9.036068423931252480e-04
8.304362606076429306e-04
6.906088751067792492e-04
1.166719778637848731e-03
8.022343346737356414e-04
1.061528660736946010e-03
1.631683920228302505e-03
1.175286004329598091e-03
9.968156085803949167e-04
8.735845618670990201e-04
7.792279386828681546e-04
9.944561702991332013e-04
7.666180671827604919e-04
7.029859391222662186e-04
8.197002845731110902e-04
7.821742878396978869e-04
7.389153699404585112e-04
9.220638793350153769e-04
9.573944116496163875e-04
8.601505465327450141e-04
8.008814877613408979e-04
9.394231510895269515e-04
1.115428222446228660e-03
9.610236788947146194e-04
8.411238029900305240e-04
7.948640590404030442e-04
8.416909309433775891e-04
7.924377689611828172e-04
1.113216444895761929e-03
7.368048901666585668e-04
7.423119061032203972e-04
7.331400897109991181e-04
7.504619052835163461e-04
1.193004662597984622e-03
7.139686626162057657e-04
7.273115572959654683e-04
8.396442450407437313e-04
7.862155908871088211e-04
9.594475966763777851e-04
9.213713454738380526e-04
9.726921428104644534e-04
7.527737963527300537e-04
9.758674138296008493e-04
8.632651824627068319e-04
8.381786430448723117e-04
1.083382017612825182e-03
9.672769128079266709e-04
9.236682195296510699e-04
1.057088810155433706e-03
7.986711741057685773e-04
2.545015907060268340e-03
7.985367829378298837e-04
1.667482135475421758e-03
8.601653065456865959e-04
1.131659868783343797e-03
1.117615074147544846e-03
7.818942650686386883e-04
1.911322931098958806e-03
6.869416700378130425e-04
9.845007476420488800e-04
9.183935692627302576e-04
1.072183287974809787e-03
9.438949113209692352e-04
1.078207268929078306e-03
9.269066056260365357e-04
1.508230454765156683e-03
1.295511124510132514e-03
9.877278531664032864e-04
8.987472790569963482e-04
9.140547009601205416e-04
1.392104853995837716e-03
1.051595854120543610e-03
9.349672497318112750e-04
7.733305944411790304e-04
1.165783763111412049e-03
1.056204210225625576e-03
1.190343855711821887e-03
1.821679905420702482e-03
7.208541106741248603e-04
1.301756088427143479e-03
1.462010267429061233e-03
1.306237098223436135e-03
9.915370663624593819e-04
1.372726501888792789e-03
7.746338859669377750e-04
8.360565063239282658e-04
1.180799941760744430e-03
9.201817538709746022e-04
1.073296277826089233e-03
8.074103400589293083e-04
1.198502305491463450e-03
1.141297136283961214e-03
1.036684615092060358e-03
1.245046751559626685e-03
7.624422440908317508e-04
7.867570222511839845e-04
1.329801648284012223e-03
7.130010634320610354e-04
8.235753960072684284e-04
9.474233971787286799e-04
1.027511281345718040e-03
1.284452017674567485e-03
1.229677834401329915e-03
1.311278580562429651e-03
9.635139719148505099e-04
1.002522466220056099e-03
1.020062125043939795e-03
9.472933306090265768e-04
1.079500219099306137e-03
1.067974510233717653e-03
1.311866858511480946e-03
9.000777965582671498e-04
7.617233814118853225e-04
1.749769638311928031e-03
8.422131679908194651e-04
1.435171485598559253e-03
7.906026892544633497e-04
1.030353135662024277e-03
6.895306103310737053e-04
1.000342368780489637e-03
1.521882063985235522e-03
1.187688789011451772e-03
1.637427781388599117e-03
9.656655848502394097e-04
9.819439544391545416e-04
9.876677486950742688e-04
9.799321200672458411e-04
7.559255564857613992e-04
1.055531414083528277e-03
9.260617149966697765e-04
8.713118571378811184e-04
6.972653034878155799e-04
8.535940192117797906e-04
1.155863527500374573e-03
1.267713097952145700e-03
9.470410870233095940e-04
1.458693106612179210e-03
8.963262927582594988e-04
1.473792093842442091e-03
1.147198925467688693e-03
7.533460371907771576e-04
1.064792281580117898e-03
8.844148677106575913e-04
8.117025331066122151e-04
7.737917345709722106e-04
8.479523471902910723e-04
1.327414530386537492e-03
1.268933498516467773e-03
9.019997338581657587e-04
1.068191999005904712e-03
1.089313754810663148e-03
8.785993182400634064e-04
1.020350927864240248e-03
1.250241290534747762e-03
1.201982544116970758e-03
9.176500812067649431e-04
7.279745205837293833e-04
1.023504684679704593e-03
1.180964157660111804e-03
1.162111134386888079e-03
7.599782491660123877e-04
1.658556908298689349e-03
9.105566944433461174e-04
7.269337878968946736e-04
8.508147351795678067e-04
7.993751873563762454e-04
8.614538212277734813e-04
9.097306328290968294e-04
9.626330022669534001e-04
1.209110217774732494e-03
1.142665481118732701e-03
8.602912266484387394e-04
7.475090964954178184e-04
1.184959666035231710e-03
1.005357225699607350e-03
8.518794076178417629e-04
1.180222243786365529e-03
8.506173615801849736e-04
1.425714247368542985e-03
1.064077889890926000e-03
9.206441780778601598e-04
7.714605079399475523e-04
9.146496701596877436e-04
1.006236938383747205e-03
8.400372690180062975e-04
1.099947475365927602e-03
6.986052506314695005e-04
8.599125533675138150e-04
1.012223189856948768e-03
1.036543465157631610e-03
7.591586004827598818e-04
7.880955306965338599e-04
1.275843127538748255e-03
7.746813969266308237e-04
1.103994075120974831e-03
8.611778448132788744e-04
7.104684917057448208e-04
7.660661937850434932e-04
9.190128377495348664e-04
1.023898441576654014e-03
8.739097008854990233e-04
8.761201380220266224e-04
1.543486846312016724e-03
1.233664546371744924e-03
7.637202608923953197e-04
1.978805442908133493e-03
9.364272889727957632e-04
8.590764663170043919e-04
8.993604628342756610e-04
8.364625898223070457e-04
7.646965317552860018e-04
9.604285520023750572e-04
1.268059855720712588e-03
9.159414924727187239e-04
9.156903371386737860e-04
9.369309635662594320e-04
1.043290592355605641e-03
1.303717231889812500e-03
9.977922110306794261e-04
8.379788226504902285e-04
1.335058024467793104e-03
8.301477400236403946e-04
7.267912156180505014e-04
7.399131288248988027e-04
9.088742285739341391e-04
1.127715811409632680e-03
8.362915778142912798e-04
1.206048570969818230e-03
9.947002515768850299e-04
9.094156637364977360e-04
1.422996615491711790e-03
8.300383934704912798e-04
8.530492053535473559e-04
7.669296965332269992e-04
7.581841183605000749e-04
7.326194088811162483e-04
1.163885982938055522e-03
1.231187276582659243e-03
8.493939365397014125e-04
7.190832941532342409e-04
9.414917104680356691e-04
9.640997541647463318e-04
7.437761559092988467e-04
1.095505167405692263e-03
1.177703696694303373e-03
1.383629197200113813e-03
9.013918272259747620e-04
1.024514778009390009e-03
7.426326640612870931e-04
1.065419217824354215e-03
1.322198750027845510e-03
1.653541084886726896e-03
1.328436594228156378e-03
8.126166596556676008e-04
1.137932727908637582e-03
7.826140879824579604e-04
1.047825882106606567e-03
1.038419546185358287e-03
7.862915053093482353e-04
9.410796451899457876e-04
1.094468155857628369e-03
9.799981606606867311e-04
9.600197393385399326e-04
1.250530114551708311e-03
9.707982951722747902e-04
1.131930484520180013e-03
1.160371532543344811e-03
8.466107418745692911e-04
9.408498503555171250e-04
1.360728209949787224e-03
8.063695006426797960e-04
1.241781584715345331e-03
9.156482449782659978e-04
1.384103909413545797e-03
7.340494860789793319e-04
7.940699205627373700e-04
1.574309874627557093e-03
8.752534328814880237e-04
7.370317249208406659e-04
9.561515849466473540e-04
9.886215877387225653e-04
1.093908477988482985e-03
9.448975877456863110e-04
7.776514738116861464e-04
7.455001176081255641e-04
9.680778356323731064e-04
9.885653813983328979e-04
8.422069190787464512e-04
7.772568969682952522e-04
1.076077065692360992e-03
1.048395785645915654e-03
1.059499976208505730e-03
7.693660145667774236e-04
1.162945452072984163e-03
9.462887109230897018e-04
8.482267380224193208e-04
1.059519714507453723e-03
1.230169329155720399e-03
9.043243436026818672e-04
1.030145303065456734e-03
7.134960454492504699e-04
9.478567094653170743e-04
8.622228761707155693e-04
8.966723145371972284e-04
1.182636724766041817e-03
7.899536104721447630e-04
9.890534882835333354e-04
1.559957763062471987e-03
9.435674296680275847e-04
7.338532237586662408e-04
9.166280480089649199e-04
1.019347815569569653e-03
7.806776054199134410e-04
8.540841729497533315e-04
1.092689467876610705e-03
9.504788439221586527e-04
9.529074384043494063e-04
1.156167223220653812e-03
9.366889042363206680e-04
1.404165947491471753e-03
7.434024360226365027e-04
1.232405734318295408e-03
1.028315877905358784e-03
8.050628919547624888e-04
8.876999736365165025e-04
1.109528806408706120e-03
9.586170133434999572e-04
9.302201055047803081e-04
8.934363887807632819e-04
1.026185989339859156e-03
9.511898736171850660e-04
7.387812468817579704e-04
9.008817854498830545e-04
1.063538610963187534e-03
1.071345623459666729e-03
1.007500458919398292e-03
1.104540085482122458e-03
9.704594411361058479e-04
9.940547866604981016e-04
8.303817442193235816e-04
8.325871864251327935e-04
8.622557411730420252e-04
8.222909976546946857e-04
9.049348158391210114e-04
8.440180769932134359e-04
8.639382263242755856e-04
1.316571271745953751e-03
1.068188961224109503e-03
8.372199968977135165e-04
9.995528594199478735e-04
7.365947267468326643e-04
9.620120516700734299e-04
7.909696996219910733e-04
1.013955566440138479e-03
1.060747713422944974e-03
1.233297884835502130e-03
7.534107837995295508e-04
7.866560316477231229e-04
1.064551124812250548e-03
8.281454910103124532e-04
7.038251886749245789e-04
1.181827847589396983e-03
1.024470987180098498e-03
9.093170313499062676e-04
1.138586113862848645e-03
8.910267633402526102e-04
6.892823339641723345e-04
8.140468905972594784e-04
1.629151536168100710e-03
1.025827260869439103e-03
9.747080257764749412e-04
9.614165724005966328e-04
8.133367694027666571e-04
1.448627494839382435e-03
7.111464396614252791e-04
7.981022146130787968e-04
7.299651592923994290e-04
8.144072401698739623e-04
8.882610027338599034e-04
8.107972561745184839e-04
1.606384135182890253e-03
8.772743768373993285e-04
7.543173355315808265e-04
1.081632577366844995e-03
8.349974707327457264e-04
8.218638364223201194e-04
1.395496079787304777e-03
7.685656046021458257e-04
9.701805027610925893e-04
7.737309305850142462e-04
1.205513069749649053e-03
1.903940079382448547e-03
9.335204266301032816e-04
8.491268741544134207e-04
9.307742917868054274e-04
8.557118851559395323e-04
1.149614191361690574e-03
1.180792224609553782e-03
9.176350949928063511e-04
1.027147108550852074e-03
7.001306527146332987e-04
9.320670196692740954e-04
8.766537832445183125e-04
1.404151370155208318e-03
9.436360729583437692e-04
1.151296265459269804e-03
1.011618524772544582e-03
1.018455650906915965e-03
7.269853775356713245e-04
7.954593526836381415e-04
1.089432713040570369e-03
1.453587435374517579e-03
1.454658866506241925e-03
9.036134117875902969e-04
1.108195555288388808e-03
8.131469064965126704e-04
1.074398144822001243e-03
9.133003603263350947e-04
9.895351571121780224e-04
8.629216734458080174e-04
9.163338501630421485e-04
6.980618266428334322e-04
1.421578223888389980e-03
9.827632667716653010e-04
8.477998478190361051e-04
1.236088101784013930e-03
9.972466711426959153e-04
8.846378726526006467e-04
1.233812675671386609e-03
9.206513246155187966e-04
7.173968298280374760e-04
1.374268357877890187e-03
1.104638348844823488e-03
8.915216062147160577e-04
1.318938638569356649e-03
9.115345487901862316e-04
1.281604014288211012e-03
9.249295332072144998e-04
1.195582792001111117e-03
1.077426423052010992e-03
8.177259017585048308e-04
1.079307901624582339e-03
9.743802320934040169e-04
7.435200180018208555e-04
9.285531931355477412e-04
7.315327116989341766e-04
7.126359269833861931e-04
7.621894416443471005e-04
8.721558745725615071e-04
8.995670079128511350e-04
8.381585053201661166e-04
8.268640231100250326e-04
7.425212177036476452e-04
1.013679357427945283e-03
8.910880158432618733e-04
1.517907377464016404e-03
1.059146904628628042e-03
8.031622096974453404e-04
7.994471416319207146e-04
7.928641164049787587e-04
7.546258347044910520e-04
1.224351394408342182e-03
8.347063108503192811e-04
1.163091553928933750e-03
8.349785342642091542e-04
9.688490830019873701e-04
7.248332706895130447e-04
1.158293200222139342e-03
8.042423467763235197e-04
7.480535316845687019e-04
7.734920084891481595e-04
7.389406334752449124e-04
9.654391041658279922e-04
1.118616281791845512e-03
9.385092441839615936e-04
6.951791357305458141e-04
1.894904378508749506e-03
1.002107546394726467e-03
8.042088135580431401e-04
1.287944919495217881e-03
1.021125198024217797e-03
8.415459269922085468e-04
1.034026953245909680e-03
7.374027527564926219e-04
1.175876088356151566e-03
7.531664099785225852e-04
2.104384166983839458e-03
8.585835620419705839e-04
1.194188700443690786e-03
7.038034579566907140e-04
8.383696284197405570e-04
8.149383347790622968e-04
9.555632378461305799e-04
6.995032172101479538e-04
1.012846510472442934e-03
1.130442479567741153e-03
1.571073742919181339e-03
7.394292480889867432e-04
8.603238003556183374e-04
9.341820434932823075e-04
6.802589516769226964e-04
1.425512462075236237e-03
1.117968950331824952e-03
9.083006331216693634e-04
7.907440603700610724e-04
8.753692955190482249e-04
1.400995878494302191e-03
7.953561171797033248e-04
9.946871292177931079e-04
8.438614324769378372e-04
7.099808624130664455e-04
1.112074542690134806e-03
8.596638092372150923e-04
9.950695573971535084e-04
1.083596824527300424e-03
1.052486024724289503e-03
9.020802189629201521e-04
9.019100062816748494e-04
1.987847709548806047e-03
1.040985080567233788e-03
1.443784883956441938e-03
7.505068871205102573e-04
7.539690651671884358e-04
1.000294452101873613e-03
9.364378810190325010e-04
1.087832615198181408e-03
9.648234297733874120e-04
8.692123222079741265e-04
9.398379555773973826e-04
8.759167468710662074e-04
1.026169521933260886e-03
1.092139646047426060e-03
1.126075573211264731e-03
1.128160225779999961e-03
9.732562652393702152e-04
7.973965066400842900e-04
9.220023122893701443e-04
8.978748208068260475e-04
1.085750638037040429e-03
9.723316249278009119e-04
1.590820958717009594e-03
8.386978980876081975e-04
9.325913301582946678e-04
1.069453029747597121e-03
1.310130837865398652e-03
1.011170213531118823e-03
8.379068761275689555e-04
9.933572693533161777e-04
7.854117301456547311e-04
9.509250496279158518e-04
1.045578404475110872e-03
9.197496311429922316e-04
8.679518778126191951e-04
8.893363957747709315e-04
9.202845493489190563e-04
1.269608410765077529e-03
1.071288901548326979e-03
9.228731570419533873e-04
1.217980701424561463e-03
1.232960295737911983e-03
7.573185749009760971e-04
1.112896609669320391e-03
9.028953975627960734e-04
1.373441391883095187e-03
7.423751410640739212e-04
8.739044797457098468e-04
9.048902885112098142e-04
7.612096522044868108e-04
9.919076954508999813e-04
1.225948645348316378e-03
7.054139030717527983e-04
1.164010862217246429e-03
1.096407655191259083e-03
7.859511036217291550e-04
8.029258526958939430e-04
9.813131220402565233e-04
1.104160984750254945e-03
9.231216412271467386e-04
1.081238084706653791e-03
1.113056541830582426e-03
1.474886438844766204e-03
1.092220401861173111e-03
7.622030787786641818e-04
8.343363615926119477e-04
9.536874259243297057e-04
8.857539536227999498e-04
8.967725246863467777e-04
9.110975686968446428e-04
8.562228252957493997e-04
8.778795689031858741e-04
9.212877691035141828e-04
