7.750378717551756553e-04
8.695314687995598204e-04
7.746369668572429101e-04
8.868105876600499912e-04
8.839334380271126777e-04
7.744550581787912769e-04
7.598911838852154916e-04
2.129173166185196944e-03
1.033045368420971695e-03
9.523528325497242078e-04
1.190662955498213204e-03
7.010353379736914857e-04
6.501675660546594147e-04
7.994264589519451325e-04
7.253723749543777204e-04
1.330061614126811474e-03
9.895797675456982027e-04
2.792916900725725664e-03
1.022200386331772798e-03
8.189132571805883467e-04
8.927621969238550047e-04
8.352191188774784995e-04
7.596279883671856444e-04
8.269729524045866566e-04
9.185076818800965966e-04
1.149119827312948495e-03
1.150753163648667770e-03
1.017823811473497937e-03
6.549445741163473136e-04
1.958439141238561398e-03
2.016423531616637690e-03
9.458244312548709553e-04
1.014369169202407718e-03
1.138894531294939788e-03
8.286655167567772567e-04
7.095432489326206982e-04
7.446488286370359306e-04
8.034164954054777560e-04
1.523169150687222464e-03
1.138274899842540641e-03
6.974882370491475780e-04
1.279647164933874577e-03
9.679638197008735455e-04
1.073364717841410708e-03
1.030997587634123512e-03
8.336795854198587874e-04
2.704098112184364060e-03
8.472817125579977082e-04
1.318831864040470158e-03
9.370549618886510768e-04
1.154951950662167458e-03
9.168619042010688796e-04
7.500359721051707987e-04
1.005284120860833446e-03
7.511528825508115596e-04
7.705978473806098352e-04
8.217494425517960811e-04
1.236263293156829139e-03
1.667380418565071916e-03
9.366119974318537532e-04
1.081161400286420951e-03
9.467543548401754269e-04
7.882126583432148446e-04
9.860432850131535185e-04
1.255686868640683252e-03
8.611995435067314750e-04
8.553865426745979389e-04
1.388785038172301060e-03
8.341624081049399788e-04
9.756238638065585153e-04
1.375770487666635273e-03
8.388683575055729891e-04
9.558758318435213843e-04
6.548742899808280378e-04
1.163894512732940477e-03
9.063817596047273658e-04
6.982620361035053345e-04
8.633973975067411877e-04
7.329968204410903642e-04
9.090909112721881190e-04
1.572510100134950515e-03
7.119330575033281511e-04
8.301798560339644249e-04
9.642709199822655343e-04
1.209013753372309083e-03
1.291619715464892987e-03
8.420833912643028388e-04
7.801774198846003500e-04
1.993698277950452496e-03
1.137881259233666743e-03
7.082118552622173159e-04
1.232465171557958891e-03
6.611800239321777815e-04
1.036080613378564507e-03
1.213354671292027429e-03
7.827602479562008938e-04
1.117260439674623226e-03
7.394730825608542436e-04
7.207641156799038471e-04
6.928504798269515636e-04
7.759497763842674841e-04
6.732206624754243258e-04
9.789804471928421729e-04
7.708607618797731938e-04
1.078833231336346309e-03
1.653694118734360709e-03
8.165828857889195855e-04
7.324287313565366669e-04
1.576296930874908657e-03
9.782864002167057822e-04
7.894769496417958655e-04
8.852537422584794147e-04
1.198722740897903080e-03
9.805594232694680740e-04
1.332302657331017144e-03
1.361487806691903148e-03
1.024428363663838597e-03
8.847754640947688796e-04
6.953638714959376474e-04
1.074158095646626223e-03
1.914091902674984816e-03
7.090037006562274150e-04
8.345011843873796848e-04
1.300201925701223752e-03
1.291425752105626818e-03
1.024380668058086797e-03
1.802322421240375996e-03
1.206478893019945079e-03
9.698990417416425642e-04
1.037661055862925882e-03
8.780071612714577612e-04
7.811179139881203317e-04
6.488246365151994826e-04
8.376101961969261355e-04
9.090049462030345842e-04
1.072592372660125882e-03
6.652314105480709771e-04
7.657150940346156348e-04
9.854645566312429661e-04
9.095320992120633748e-04
1.266830572203747748e-03
6.493479284049939303e-04
1.203229764704413177e-03
1.418218125471995376e-03
1.253301364667633398e-03
9.195125720250788221e-04
1.657921940484396442e-03
1.146529406006150656e-03
9.910809070921972313e-04
8.695366475945433835e-04
8.543473376979222357e-04
8.222626735857416908e-04
1.283583243238584906e-03
9.463455564955531099e-04
7.403800060401728202e-04
9.522310210156701045e-04
7.797792271857156366e-04
7.398014619422986493e-04
9.844792780586478480e-04
9.548751180422801552e-04
1.238830448354207719e-03
8.573368812806094613e-04
8.086400693052902492e-04
1.070659898432942906e-03
9.893168974501405279e-04
9.001056661619841930e-04
7.076152289837023138e-04
8.258206510771716729e-04
1.853718512689198680e-03
9.460177353330413708e-04
6.751569687938361675e-04
2.691748322582863083e-03
1.023367382320843890e-03
9.372937166150896015e-04
7.278170884859918232e-04
9.199522578399461480e-04
1.189708936780289666e-03
1.899260157921807196e-03
7.112137689978132718e-04
1.071880414875438139e-03
6.755049532794671395e-04
7.375005832831816113e-04
8.574689385101056868e-04
1.052146525045425437e-03
8.051938645914813626e-04
1.153627201141456740e-03
9.751315463791177971e-04
7.703890467853479612e-04
7.441760246248835513e-04
1.163219296105250404e-03
1.133717354547303206e-03
1.111982107162379088e-03
6.828016811085959800e-04
6.725706025248180632e-04
1.401543360538084083e-03
1.101742922450387732e-03
7.441519415105844184e-04
7.528849727189210325e-04
9.366013665231091856e-04
9.240460562156285968e-04
1.234585873471881695e-03
1.110180727053611434e-03
1.215649319684854830e-03
9.075275268475665362e-04
8.982758117527546698e-04
8.111694887535593652e-04
9.217955694329394876e-04
6.880957936615236586e-04
8.070974870406951015e-04
1.100059778635359116e-03
1.081334039024733950e-03
8.963484566323118687e-04
1.851066605641584796e-03
7.568839501965538962e-04
8.225911491133646803e-04
7.304137656182720833e-04
7.290415608345806415e-04
8.919283583981702478e-04
1.249472576099625856e-03
8.413158616542689089e-04
8.691177859276962752e-04
7.133024828785394225e-04
1.243558784559686391e-03
8.006420917018566754e-04
9.949862487352650279e-04
7.068718212272234605e-04
6.589338505318830972e-04
1.962853927656492067e-03
8.615026505474707033e-04
9.047977577525738403e-04
6.749496727463004993e-04
1.040202202865648596e-03
8.752585445970271572e-04
9.506973723520753018e-04
7.820159947405332709e-04
1.029920927763748996e-03
1.650678553181304624e-03
1.001237862192904619e-03
7.750209443270760249e-04
9.598642513299928932e-04
1.042724036735302598e-03
1.299711286061446067e-03
8.057308499640994815e-04
8.374730065998568741e-04
6.887275292917526600e-04
6.789840733060288798e-04
6.765416062266700050e-04
8.033088710597408033e-04
1.488672020660623731e-03
8.086433135626055167e-04
1.086407119790074732e-03
9.331696638198171178e-04
7.666629073802858031e-04
8.432388438606710709e-04
7.195022270591402720e-04
6.903167357437743450e-04
1.266421015464221696e-03
1.080972191690725498e-03
8.728659042527443096e-04
6.611286400507013260e-04
7.478719775710987189e-04
7.033513336113507387e-04
8.680624875247931705e-04
7.070476133251419031e-04
8.006774019760680644e-04
7.362555333810907095e-04
7.901556544464263723e-04
1.277986112289209233e-03
1.480529354643850271e-03
9.729446201663021019e-04
7.020143443679764542e-04
1.696342317192426827e-03
8.442350243742591590e-04
7.905863395396824176e-04
9.410941563776854986e-04
1.512088952516407953e-03
9.537445809904003969e-04
9.575529341021550784e-04
1.316765901772365670e-03
8.762197940356165763e-04
7.139928151805683288e-04
9.831181475739394528e-04
7.981193580117000586e-04
1.832156487087125340e-03
7.117317633403478063e-04
7.458706529903580060e-04
1.133084296303667280e-03
9.421235180467237968e-04
7.588932423318102850e-04
1.358671487009725180e-03
7.830210129953817447e-04
8.280603797831893095e-04
1.406540238127509208e-03
1.010746519166197963e-03
1.152829722711357953e-03
7.464513059428867737e-04
1.317614370914158266e-03
1.317071529332763556e-03
6.294866906026088012e-04
7.117228737668457967e-04
1.341540079623680702e-03
1.117808535742462412e-03
6.953869462685247863e-04
1.055582272211884332e-03
8.770556792730569221e-04
7.680302888459063443e-04
7.088859423449594705e-04
6.703309643607114178e-04
1.386008297516067543e-03
8.351174274412023540e-04
9.561100902189938753e-04
9.420691655166167112e-04
7.729800481072427332e-04
1.077215804280946170e-03
8.984165997037900711e-04
8.802943845206791847e-04
1.268092587005534202e-03
8.500356495407316009e-04
1.181670034148875033e-03
1.124262926069313252e-03
1.161609652009374088e-03
1.179538912330420570e-03
9.504566780770562235e-04
8.447845571993813692e-04
1.646165441042958663e-03
8.284240266123628349e-04
1.449859777293196778e-03
9.377508708780783091e-04
2.302197507856912091e-03
7.764167187823833730e-04
1.207892753089615965e-03
8.679302687753168285e-04
1.053471416427132412e-03
1.322128379459172522e-03
7.851091217276232959e-04
8.312776468758220627e-04
1.072098648702188165e-03
6.857649331929122159e-04
9.790110719892551692e-04
9.933024456149183896e-04
6.867602987846498173e-04
7.230066071765845056e-04
9.859830554055073939e-04
8.632441052855271404e-04
1.356285765218009443e-03
1.035231465394472914e-03
8.169021808272764308e-04
7.201325494188689710e-04
1.010470748967186522e-03
8.092021940612153076e-04
1.403471191937286696e-03
1.652430508824446207e-03
7.167206044241871419e-04
1.101378461588897826e-03
1.544225855363581595e-03
1.015252494150134998e-03
1.026114438687700378e-03
6.936371741330093219e-04
1.194172906974496880e-03
7.104636168431541828e-04
8.778809093009520706e-04
1.013186659704347478e-03
8.315355209186373270e-04
8.534551332349489322e-04
6.750864149216618962e-04
1.039292026028083805e-03
6.937515474653779823e-04
7.498292725057765498e-04
9.365174148061228190e-04
9.530072028903652801e-04
1.012321958320756355e-03
1.193208094132417211e-03
9.559630967166765463e-04
1.125897122175845231e-03
7.917129743288132395e-04
1.181952132436674694e-03
1.345296539028968761e-03
1.179937891658354400e-03
7.865378353828474459e-04
6.844350533940659178e-04
1.569460533686514855e-03
9.761473504848200032e-04
7.319440052861349169e-04
6.744304448343562590e-04
1.040269192062103767e-03
7.900114578702910209e-04
1.089803943703812226e-03
1.139962081038386728e-03
8.072997050005632823e-04
8.813155069563045462e-04
1.090534919876774353e-03
1.269960245722732842e-03
7.098415086087507195e-04
8.592145471356597668e-04
9.914360904250208231e-04
6.497326917252344708e-04
7.589416915051226502e-04
9.061023724292569144e-04
1.071323946356362309e-03
7.548900988926715355e-04
7.762628694980045234e-04
1.704205968921794446e-03
9.270445914363945657e-04
6.968061837374384679e-04
9.104982705787996369e-04
1.437885364822142189e-03
1.540815109114212307e-03
6.715381604915976119e-04
7.503057850736166235e-04
7.835382597540930909e-04
9.286462197490794870e-04
6.462714391344212290e-04
1.048071764047795113e-03
1.638868059315585135e-03
9.223879230216752495e-04
1.204859305209841523e-03
2.000696367491163093e-03
1.685404666025166597e-03
7.540533324558259696e-04
9.257153416439003676e-04
1.048363188134795792e-03
6.679853760054665175e-04
9.785196385849867159e-04
9.887817735709620529e-04
8.123002751940488217e-04
8.381324409961346880e-04
1.217778979416306610e-03
7.524361719214264126e-04
1.264937620537249239e-03
7.071386446898589567e-04
7.344293174028000996e-04
9.164965350559829606e-04
1.094117745720657887e-03
7.361170231213478264e-04
1.001790128871925950e-03
7.226958044724696292e-04
9.147571513186635288e-04
7.331862291304965147e-04
8.380930233540332666e-04
8.670205119616367431e-04
7.559233287235253215e-04
8.972111751619060022e-04
6.956163417579031482e-04
1.160888828888401603e-03
9.006098359539588564e-04
9.139408305842993850e-04
1.392383975574310864e-03
1.157968527708409410e-03
7.251172079255317759e-04
1.210209326786636881e-03
7.960707920399611370e-04
8.588037253469143649e-04
6.756922165014066272e-04
2.399512256880199750e-03
7.224341065483015287e-04
8.254826497663402289e-04
9.473142137150178952e-04
1.161547203660657970e-03
9.241569927123792928e-04
9.106232812040073983e-04
1.427038749979045494e-03
1.618277015425470793e-03
1.557707181989352813e-03
1.254829530183263235e-03
1.116225905621848116e-03
1.035209674792137140e-03
7.679407018799882080e-04
8.144988510374090353e-04
1.343841969575549538e-03
8.658521983942588833e-04
9.020244144314097309e-04
7.598527562772852510e-04
1.260991950677769731e-03
8.246617722062277514e-04
1.125746156868536341e-03
1.444795521011168907e-03
1.010254221050028468e-03
7.839079725668828512e-04
7.756884965632239882e-04
8.903299610011278838e-04
8.221809987971864971e-04
8.760334838669295082e-04
1.187252330707285961e-03
9.832016082266658175e-04
6.869413693738580465e-04
8.691578837456940968e-04
7.775192261673268988e-04
1.086180915488382109e-03
8.838763009396665435e-04
1.097214835431677832e-03
1.037926466581401549e-03
7.250029837917807687e-04
1.046954788542082439e-03
7.208003095256939859e-04
6.898177711706447160e-04
1.105444421095214602e-03
7.931981432609732383e-04
1.308717631962193770e-03
8.368063315995983090e-04
8.987606453697540238e-04
2.080728769795464356e-03
1.032838731455635543e-03
9.263823303037287127e-04
6.775822867872889361e-04
7.686843240374409240e-04
1.291771843502089291e-03
7.089728780422542348e-04
8.348678581874453570e-04
9.601278418674915899e-04
1.116298597651027135e-03
8.816790256765690654e-04
1.202410697828493235e-03
9.918727072308198937e-04
2.084304939118222354e-03
1.027383406440272482e-03
8.338764928200715319e-04
7.530189424368308789e-04
9.035256917020599620e-04
8.960660553651153201e-04
2.069469936370436046e-03
8.323752666645912318e-04
8.965717657329127111e-04
1.042851053162925255e-03
6.880275557042992178e-04
1.007630259637415978e-03
7.964274053700112635e-04
8.423511444104787730e-04
7.829220523197047985e-04
1.357274328782260642e-03
7.732400758798618724e-04
1.239314266568114411e-03
1.074927577927996302e-03
8.802521875587999674e-04
6.893958934210996699e-04
9.284271163638932456e-04
8.915890000102403212e-04
8.577961874425142803e-04
1.282238716347146095e-03
9.679022135932915764e-04
1.058307841267955556e-03
1.143597409773946649e-03
7.086658853400059840e-04
1.065729709219384027e-03
7.074470274463133881e-04
1.198016025761664168e-03
7.750901991728624280e-04
1.002655230407333703e-03
7.257711794361776684e-04
7.700990472353911633e-04
7.496961851608284011e-04
9.314862463704638848e-04
8.127877518617556167e-04
1.006338282657549127e-03
1.089808329167091640e-03
1.051097757968850847e-03
8.131667347807596067e-04
7.552178943309016288e-04
7.664600142223218374e-04
9.863251934556010667e-04
9.991469769781093253e-04
6.578273796096475784e-04
9.394292292106130350e-04
6.655780121989114803e-04
1.027113238213607114e-03
1.204158259185487186e-03
1.150509039744258312e-03
1.038147477359224963e-03
8.535602928498879551e-04
1.148398475446728339e-03
8.426940080721536828e-04
6.431126983932499612e-04
7.066111029123037885e-04
7.293970120515042271e-04
9.906671151013247186e-04
8.064293727260693012e-04
1.273210854478171476e-03
7.995757754026263991e-04
7.030824998271738464e-04
1.366200958190402596e-03
9.724732923401648368e-04
1.406101114265967227e-03
1.690700519367230705e-03
1.000941432051907906e-03
8.751380705267586095e-04
1.407532639072941669e-03
1.401428454061531782e-03
7.652330066554078160e-04
1.266967562757645958e-03
6.776927043497871835e-04
1.603353432677143749e-03
9.355297996859606195e-04
1.194506725545054068e-03
7.170420412624042839e-04
1.228408976206387055e-03
7.331854034876214826e-04
1.041731778863852487e-03
1.017005513039832051e-03
9.164778007852824454e-04
9.027778133907710849e-04
8.911785867450793463e-04
7.207820625554023711e-04
6.961569247100432047e-04
6.943195204155030000e-04
9.115364070092147513e-04
7.236948346331598808e-04
7.728141956820551179e-04
7.370847475532351810e-04
1.019208970684708790e-03
7.462126819517533177e-04
9.136824519280135372e-04
9.052022264479398514e-04
1.826297345744755255e-03
8.994623983092184683e-04
1.148874082555450789e-03
7.755742393594452534e-04
1.139404328262037238e-03
1.018476613759931046e-03
1.041914211390952173e-03
1.177815911933686793e-03
1.393716165756412424e-03
8.651988436040357680e-04
8.845985983792978291e-04
1.007583585984133442e-03
1.202818597757531003e-03
1.169997215104029735e-03
7.257126503647829633e-04
1.375841791325125045e-03
1.288730214807878600e-03
7.961504835832752293e-04
7.411287422416692463e-04
1.099224576472447460e-03
9.357014945445069542e-04
2.337273719071365340e-03
1.204624047120120582e-03
1.096866861778423522e-03
7.113789489106153718e-04
1.000636991327272718e-03
1.561943969814072897e-03
7.167224855181504638e-04
8.044321592308412931e-04
1.262390790955456249e-03
1.398882481174689449e-03
1.695512322614977849e-03
7.594664246140541862e-04
1.108463044453145011e-03
1.268465142516535119e-03
6.427017666137823000e-04
7.985803384283584857e-04
1.985431232176087125e-03
1.080536911666039098e-03
8.059682791905218354e-04
1.059108924073234826e-03
9.155324604598269944e-04
7.968204225862453522e-04
1.225138211642678174e-03
8.812663474431276693e-04
6.853835547886549242e-04
1.199260907620179270e-03
1.234647618202647018e-03
8.618873972983662809e-04
1.180728042964204706e-03
8.274040481755321483e-04
7.371394156036433420e-04
9.161878994833399723e-04
9.602955646469561518e-04
1.104296334700965347e-03
1.064079182494115849e-03
9.135590636714380078e-04
7.627850062562525511e-04
6.909461371970085364e-04
8.643141405834449831e-04
8.053666409688530403e-04
8.833591952118104856e-04
9.291508047212012483e-04
1.087439133517775769e-03
1.099032211399816926e-03
8.849395356851509197e-04
8.269061663022588297e-04
8.415155196667073803e-04
9.564303102607869811e-04
1.229931690534644953e-03
1.140560055247513910e-03
8.284961420237921042e-04
8.260066323186389696e-04
9.689963754861947260e-04
1.395587771783032881e-03
7.718909930685883105e-04
9.348502709227657576e-04
9.784360268483469590e-04
7.278554734059152886e-04
1.004651246456369921e-03
1.045632784196189654e-03
7.401451347616620031e-04
6.501255106958137497e-04
1.547795548109855493e-03
8.809342309530397794e-04
1.386519018479481086e-03
1.212503797903195096e-03
1.001636795567893441e-03
8.094667376633152018e-04
6.656091629515706971e-04
2.571392463638289255e-03
1.074433651249197871e-03
1.198384208302287566e-03
1.003905391050964428e-03
8.873204402486228578e-04
1.381624816855046628e-03
7.986515851373796786e-04
1.157469438385648258e-03
8.436838027193731965e-04
7.944380172617763851e-04
9.643918517862000482e-04
1.243928604514635662e-03
8.647643301939584009e-04
1.202114425879829236e-03
8.235970871303038626e-04
1.963556825465288987e-03
1.097317390649089246e-03
6.679749108000983173e-04
1.321166855669995066e-03
8.330992844949254615e-04
8.976773469502624019e-04
9.691323492267517282e-04
1.191982579507238921e-03
8.000101484845304227e-04
1.286438702653650316e-03
9.887192002385593401e-04
9.466940997666441508e-04
7.382466875324213140e-04
7.290243684992601773e-04
7.440027319503736934e-04
7.022320718702807852e-04
8.296690210494975411e-04
1.295510218591893869e-03
1.337700815457304807e-03
1.919040430264776827e-03
8.280721575702903754e-04
1.446833171714282350e-03
1.077070327969502968e-03
7.381981228746851672e-04
1.011184283430664830e-03
1.157019595106742547e-03
9.464040451009695905e-04
1.257758063427151648e-03
9.062191463232788973e-04
8.472834232441244255e-04
1.134367464110995569e-03
9.960466159286977990e-04
8.638630201191980617e-04
8.313145009977513039e-04
1.174225628352523754e-03
1.188586741931955265e-03
7.091539991000044615e-04
9.183890092179910949e-04
7.988597690629820969e-04
1.146004680613900038e-03
6.771823793656913358e-04
8.141616227406302080e-04
9.276294606084393209e-04
6.493445147606534233e-04
8.295589729133726834e-04
1.027993511067808782e-03
1.052196431971238978e-03
1.104516257391347000e-03
1.350571241472464483e-03
7.496543140569673783e-04
1.102338382093075294e-03
7.842927591890775079e-04
6.471389725587634598e-04
7.638860869848262134e-04
6.270035109753786546e-04
6.604400549469934467e-04
1.120593070552110835e-03
8.604546268739151618e-04
8.706573911613038098e-04
6.978158049575681164e-04
1.037536415260102056e-03
1.288758642063760973e-03
1.633590577079972218e-03
7.640974054153813191e-04
8.336510363536804059e-04
8.112368093660240814e-04
6.983274778613114990e-04
1.042671611818605333e-03
9.482663915104252257e-04
1.024244575276472401e-03
6.820913530030920475e-04
6.979490637283084463e-04
1.027551485874754521e-03
1.112108484192206401e-03
1.471970212282370681e-03
1.446000907590038733e-03
1.298353931398761856e-03
8.417355772960278528e-04
8.506357467860097433e-04
1.122901765665053212e-03
9.685649364452356917e-04
6.952070948342306241e-04
7.708837632873846712e-04
1.220548718825358297e-03
1.089765796409194369e-03
3.742712342208392301e-03
7.616859872989334814e-04
9.782254654989190265e-04
7.086269394887954225e-04
1.040968756841131404e-03
7.931152452428497351e-04
7.226522863569666277e-04
7.335053929657613494e-04
8.966772644041816212e-04
9.408021795951540924e-04
8.631624044773697838e-04
9.904998931997649556e-04
1.398848895101295012e-03
1.505177807829249361e-03
1.002755826381166327e-03
9.483147027730296722e-04
8.841142368178051382e-04
9.350092223069660135e-04
9.182286793135925650e-04
1.166536678211347027e-03
8.445362433510549167e-04
1.122687802173701847e-03
7.114743116087226833e-04
1.107219130547003761e-03
6.466711864024627223e-04
1.084512486647152196e-03
7.137253567931497273e-04
7.859238674665344803e-04
1.215581083388686664e-03
1.264916087549946937e-03
7.822248193839393716e-04
8.375297728168787934e-04
1.653717089476718430e-03
7.236175278667005125e-04
7.829514780520407079e-04
1.652505238112462983e-03
8.572656320104571652e-04
3.701767130687910051e-03
1.327143550388359700e-03
7.679813099310759663e-04
1.040413416791894632e-03
1.241096473196438106e-03
1.642906081656713910e-03
7.751427500283445933e-04
1.015596343547358433e-03
7.731556158293819347e-04
9.573424796964815622e-04
7.263114128716032175e-04
1.154571754330102791e-03
8.818924110011567251e-04
8.774034101152414786e-04
8.357581426486978974e-04
1.602082578888579982e-03
7.562989133970384262e-04
1.074626585457164919e-03
9.401671060372155742e-04
1.025972374808741981e-03
8.023471871028531972e-04
9.156113294380030130e-04
9.675793279636995875e-04
7.108067633364245847e-04
9.022904656130942324e-04
9.837825631137308777e-04
7.649613931575638881e-04
1.063865822204567010e-03
9.410982548034039835e-04
7.753533771162517477e-04
1.143114201138841672e-03
8.678258670745337203e-04
6.948712024898445619e-04
8.156149537446680817e-04
1.046687246132058449e-03
7.047449569119732578e-04
7.447820072886493243e-04
9.079278981855934969e-04
7.038348391545842233e-04
1.930694751965230044e-03
7.186600718636842544e-04
1.101636935526813807e-03
6.636198518346361980e-04
1.172953284954991260e-03
8.210464198173042646e-04
9.398720473405390574e-04
1.162219774064199816e-03
8.615371469579152395e-04
1.026551571873819462e-03
6.369561629198409666e-04
7.525605782613617456e-04
8.627522648590810065e-04
7.793940699458602869e-04
1.511133627832433402e-03
1.103699850468575858e-03
1.210194535279361140e-03
1.028368535097772939e-03
7.293595690098683649e-04
1.354385168994295821e-03
9.183271695864552624e-04
1.891768958063354180e-03
9.780060988255987603e-04
7.394917117982611728e-04
8.500273345540956338e-04
8.124347047564496041e-04
9.094955579910126266e-04
7.019424422118101343e-04
1.021603174594295019e-03
7.507439060142726169e-04
7.333291863044743555e-04
8.155134887418600490e-04
8.930486479275002998e-04
9.068697731565557394e-04
1.113921178299351333e-03
8.610148634518603652e-04
1.178580560636862274e-03
7.804675848671826458e-04
6.689086896763359654e-04
1.085273867028935290e-03
1.498832699765207874e-03
1.001209989417218378e-03
7.560621719499374151e-04
1.096773975955104815e-03
9.983820643328280425e-04
8.596830721950043984e-04
7.011792811419157541e-04
8.670974444276863258e-04
7.661414682038882257e-04
9.038179023305045962e-04
1.511883435238784790e-03
9.932909836452155986e-04
9.185514574156903754e-04
8.260319137764314404e-04
1.016614317589456355e-03
1.018876674733370895e-03
1.027318539501100416e-03
1.476618416905583478e-03
7.646032479341076903e-04
7.839199600282058039e-04
7.570978276339121200e-04
6.938971258141266550e-04
9.123362488622160189e-04
1.067452176766655551e-03
9.856578129401271336e-04
9.613090772375663126e-04
8.335886471080418631e-04
6.798932298704641252e-04
9.330734181086814414e-04
7.447110962287483912e-04
7.538931357481369611e-04
1.072124690642044676e-03
1.109916267916440406e-03
9.593867667810501189e-04
6.971327637688827126e-04
1.626158530866534486e-03
7.870265523647207179e-04
1.273670111357072835e-03
6.895731186817617578e-04
8.275228353353740289e-04
9.428263855709984303e-04
2.603462320621423905e-03
1.548230888262724708e-03
1.180808142589433955e-03
8.471840475886254895e-04
1.089888377854214508e-03
6.832093684401491012e-04
7.038850167433129135e-04
1.133504558340999759e-03
8.123610121937927930e-04
8.141892711456804460e-04
6.717774049784473994e-04
9.616936015656542876e-04
6.610045210709001619e-04
1.253838531529921597e-03
1.178628218320949134e-03
1.222832682717482026e-03
1.105385266691074784e-03
1.121663909183024180e-03
1.248805821688698170e-03
1.237144757095077086e-03
8.464741569143302167e-04
1.283618655001724125e-03
9.700635505856198063e-04
7.127354023769623013e-04
1.383359818874202625e-03
6.553847612060666704e-04
6.956403556662378628e-04
1.006480737010759198e-03
8.522100146335656818e-04
7.795826853969437540e-04
8.126877124262381000e-04
7.842261352412130404e-04
1.000077504490348409e-03
9.937765041411858631e-04
1.273007516963167848e-03
7.486849649670220897e-04
9.445000887959453416e-04
8.872084794287144003e-04
7.645781759782197592e-04
6.752202202245634419e-04
1.307246038226022363e-03
7.041669462355588677e-04
