1.054066981516984212e-03
1.125654480397137239e-03
8.878753831356088434e-04
1.321871792784059824e-03
1.549727176785334294e-03
1.059738298546996325e-03
8.225482771817599521e-04
7.365763802405997113e-04
8.060172563298272823e-04
7.607863374903621034e-04
8.413089754483342236e-04
1.313636714778175420e-03
7.946277627632891694e-04
9.868772058632836047e-04
7.693838031851234476e-04
7.922626192657587470e-04
9.175651557437869681e-04
7.711427528739196171e-04
1.806949376804921435e-03
7.591724425465677661e-04
1.099740702217303495e-03
1.149732841858571017e-03
1.521682414537981962e-03
9.122966863194246264e-04
8.638584331222391461e-04
8.482541591207920636e-04
8.076748720657450078e-04
1.125170740530782301e-03
8.037684586147841219e-04
7.927214353895200389e-04
1.738604107762913758e-03
1.639786083596704927e-03
7.647476704644770975e-04
8.433046491359415210e-04
1.324528232257448897e-03
1.415368694499419744e-03
1.496152190676455253e-03
8.300199818982293733e-04
8.330291353665959667e-04
1.408111952936785339e-03
8.811272491720246970e-04
1.062993215106035338e-03
7.929498594212806015e-04
7.269636989118394938e-04
8.003478386158563093e-04
7.834602543340744548e-04
9.772351562356686259e-04
9.474923266743050937e-04
1.004001906032806965e-03
9.290595324947820838e-04
1.187630012297402312e-03
8.274288882599732317e-04
1.017303795196917429e-03
8.074864979467949629e-04
9.376699788129889100e-04
7.667954420509849210e-04
1.487648385333284863e-03
9.496364794915257077e-04
8.159641684470189974e-04
8.238755366918421811e-04
1.252951882490638920e-03
7.752497429312848413e-04
9.263429313146610529e-04
9.355414704281803714e-04
8.794903965783973160e-04
8.011582093870712150e-04
7.226868266268015673e-04
8.077226434492576100e-04
1.056134005891422138e-03
1.135818682764982816e-03
6.917082893667294424e-04
7.409374847008273236e-04
7.759887444962748756e-04
8.447062667520142216e-04
1.196649505968968045e-03
8.889364119535472309e-04
1.070970212734706451e-03
9.214309063396147878e-04
1.088570273194165066e-03
1.336280023834069720e-03
1.178920377222324092e-03
9.026458318944728925e-04
7.332484797952994486e-04
7.939408220422178569e-04
8.281999318630877283e-04
1.035057832530289750e-03
9.827222212824241344e-04
8.506551051222368360e-04
9.731765987820251238e-04
9.113179078416234124e-04
9.223478483233606791e-04
8.352851265946138705e-04
9.809639563618142381e-04
6.906978872949166761e-04
8.424505871270084826e-04
8.854010654764038826e-04
7.468896928815234619e-04
1.250142274504896555e-03
1.151383909802622743e-03
8.956773167059831585e-04
8.289975865663526096e-04
8.270809277085637264e-04
1.485228733662358842e-03
9.034910259958861892e-04
1.297038084284752061e-03
1.195627405713354293e-03
7.367171753476124208e-04
8.393807204400738397e-04
8.484243346101272244e-04
9.612661369944386965e-04
1.339948616244063034e-03
1.266115611781685156e-03
1.183951110290104884e-03
1.152198464612204072e-03
7.214086805115340478e-04
1.392235420770561319e-03
8.190543394592586035e-04
7.169570740027896277e-04
9.939923843446691210e-04
8.226833932949074351e-04
8.363116424089020711e-04
7.899872500533343996e-04
9.228607162072713973e-04
9.666100707452566750e-04
8.562650464780996234e-04
9.026806980778069285e-04
8.855064384100510893e-04
1.053699887854602944e-03
9.056365293557026375e-04
8.691365243530107263e-04
9.373732551919488698e-04
9.288906298356072039e-04
1.271175925315339798e-03
8.293872471990995209e-04
7.600567323338872734e-04
2.034922392040118457e-03
1.722564097552007267e-03
9.271802672456988742e-04
7.019426147449935125e-04
1.091457006815033885e-03
1.327937988737698007e-03
8.988088869288088974e-04
9.127367505403960381e-04
1.389911175216636307e-03
1.213809889461439770e-03
1.325972721481187208e-03
1.275131121452522396e-03
8.238971633004860649e-04
7.122390042604489092e-04
1.639117305777169908e-03
9.182972063797357771e-04
9.048494834696154667e-04
8.848444365361436866e-04
1.185113026253938485e-03
8.112578253297969251e-04
1.021268805072226638e-03
1.193047627796058876e-03
1.634591984439651884e-03
7.864107720253202738e-04
1.265457553250095256e-03
8.197156385327837710e-04
9.077387537855602850e-04
8.443244954802079988e-04
8.790678627836396490e-04
7.468074277660579751e-04
1.803939592481061454e-03
1.076123913923231158e-03
1.279989469294427577e-03
8.025315944194516939e-04
2.383257016560473649e-03
9.737252425095876528e-04
7.513657492740476868e-04
9.707252306767381010e-04
1.005840142732534592e-03
1.033658959574042203e-03
1.267718784995990663e-03
9.360912899824214367e-04
7.969935152899428402e-04
8.754934668959633804e-04
7.979971953118599436e-04
9.737706840053018302e-04
1.082285027459989899e-03
7.938898941308772904e-04
9.759209580703302311e-04
1.185563715986832477e-03
1.006199486631004962e-03
8.773494791058498608e-04
9.441851690874882063e-04
9.201932207416093756e-04
1.109156825348853745e-03
8.271856899550217475e-04
1.901413736281370309e-03
1.069115217898891461e-03
7.105408946122765759e-04
1.047345653880944489e-03
1.080923440447726378e-03
1.156485608963556512e-03
7.832160200308383065e-04
7.251886787241778633e-04
9.441495040759686043e-04
1.364856108230251813e-03
1.046134873135893661e-03
1.304220392591602272e-03
1.032760575629715740e-03
7.373992667081454965e-04
9.355608381803156215e-04
8.225440912657278622e-04
7.942241807371127260e-04
8.647142379758810142e-04
1.238865007290649439e-03
1.003506135785563278e-03
1.805533050132144971e-03
8.516715222721307332e-04
7.971275242074302983e-04
9.999397153150459475e-04
9.590911341899051963e-04
1.239280988243457709e-03
6.971808130981667481e-04
8.985735704040419833e-04
1.230788860787123459e-03
8.448907410743410496e-04
8.698406848148998623e-04
9.404213797954864970e-04
7.019588914674884010e-04
9.976784979916929110e-04
1.002429027161406147e-03
1.197902915171925042e-03
1.055464539510324318e-03
1.227760202486742483e-03
7.865169099805892697e-04
1.590735113840583683e-03
1.399341262501726212e-03
9.090828560934270186e-04
9.118531900461419220e-04
1.162200949491243177e-03
2.042637466745868876e-03
1.195734213797804493e-03
8.503294014258717471e-04
8.039753434219074069e-04
1.028980520264255157e-03
1.003513898537170164e-03
1.290851015056832278e-03
8.999821708188360898e-04
9.231084051674555337e-04
1.154378297174552719e-03
8.475577183775533834e-04
1.157041843039685299e-03
1.039792196713090582e-03
9.716543924996091670e-04
9.494024652890360478e-04
9.974816672617082755e-04
1.028775283354007360e-03
7.114779507229389245e-04
7.144637848114354910e-04
9.695307031580590370e-04
8.586708968436518232e-04
8.832631903919816027e-04
8.283078017160237783e-04
1.634012600523352841e-03
7.074320865347053173e-04
9.895268836841691461e-04
6.977256033181079885e-04
1.486068482289292381e-03
8.291679410801833022e-04
1.035891828617193462e-03
1.127483986351525283e-03
8.280049311769987043e-04
1.036162585728509292e-03
7.976947845030191294e-04
1.035225040599813085e-03
1.398406993978387053e-03
7.082268410641963212e-04
9.674094044254085475e-04
9.217212875152145648e-04
8.806039389406262975e-04
8.515616367654857454e-04
9.046579243982991268e-04
1.033269071139447486e-03
7.813175075524360748e-04
7.239172832020053863e-04
1.103875775721469086e-03
7.873039968834386927e-04
8.279608138048541064e-04
9.846549344884525032e-04
9.561359085022309032e-04
1.102298838202972345e-03
1.196740925207812013e-03
9.213963157727458409e-04
1.675380205879389026e-03
8.990861617293759893e-04
8.289119644669407658e-04
8.831392325571098701e-04
9.327909197729274907e-04
1.825210701309431388e-03
1.185417997630523789e-03
1.031898832197436890e-03
9.871677799284212743e-04
7.258488949207683163e-04
1.033237524663866390e-03
8.199311343862179541e-04
8.160124200047569592e-04
1.377640616553468290e-03
1.019304594562657094e-03
7.019027875607849413e-04
1.090877986343048115e-03
9.689766791971748212e-04
7.358945524536075582e-04
8.570353748941035230e-04
1.127651040224367154e-03
9.569954049488582810e-04
2.180334482353428385e-03
1.009333249896599352e-03
9.228404153080338066e-04
9.809748775565078384e-04
1.085208154047662913e-03
9.019727557124576894e-04
9.007050145120530345e-04
1.455727817730278649e-03
2.005328174000814857e-03
1.432639677529291876e-03
7.746398673198945416e-04
7.002536331386706881e-04
8.214566750491960430e-04
9.441687316369355015e-04
1.329802450183866468e-03
9.341108638473267188e-04
1.015692444681340042e-03
8.952587798982383424e-04
6.726836307187644172e-04
1.195916378011945523e-03
1.190851361806230307e-03
7.471450679095048997e-04
1.040178670409224555e-03
1.089527553673464355e-03
8.672903650932525582e-04
1.071747727917764974e-03
7.227934843791924665e-04
7.161068212230116761e-04
7.615055318079524873e-04
7.331076428124758690e-04
1.237894912707760298e-03
1.184477964126824136e-03
8.731573890097794150e-04
1.049272485021553051e-03
1.224376290622033276e-03
8.941013725556834707e-04
9.515864358510076624e-04
7.332587752282442072e-04
1.059708137398705828e-03
2.826283937618229332e-03
1.002970951370054731e-03
7.844391234271347801e-04
9.425352344355776004e-04
8.310457044738109745e-04
6.963033204626094697e-04
7.071566863088627310e-04
7.692150424069956263e-04
6.845407635490091507e-04
8.205613474198160395e-04
9.188646157405141622e-04
1.010325120798623343e-03
1.249084247256073603e-03
9.771781545592289012e-04
8.754307693514234556e-04
1.200694470536575612e-03
1.393708265202406055e-03
7.722487060413500692e-04
9.688439149538769250e-04
1.177792245546607991e-03
1.140807468382187611e-03
1.653410591587559444e-03
7.629526013039039222e-04
9.133031865132173804e-04
1.190416879622464624e-03
9.181221033479549255e-04
8.854013674974227539e-04
9.633724329632156183e-04
9.315263092922867810e-04
8.503565868690158690e-04
9.094569848925367767e-04
1.253797867115957884e-03
1.035513021757096400e-03
1.013839131446394020e-03
6.588634994425934940e-04
1.001730279188637641e-03
7.289465794400768221e-04
1.381567672590645716e-03
9.417974719331213482e-04
8.897423133652526987e-04
9.428582278240495336e-04
1.175568237084791134e-03
7.996098726139016632e-04
9.029038283308075214e-04
1.169549162337302434e-03
7.084069544416068780e-04
8.885294631922606868e-04
7.903794841869948764e-04
1.244468205743379892e-03
8.656630474732989692e-04
7.862185551207433046e-04
7.155530421342170795e-04
7.092743943969330531e-04
1.378618915818484924e-03
9.787564126604937804e-04
1.641611028632565788e-03
2.270011603111460243e-03
1.086606097864674424e-03
2.288149288641351878e-03
7.609953277323552390e-04
8.521640192379836918e-04
8.921499414695113588e-04
1.314391665915545619e-03
9.264953679867647023e-04
9.190702397641851984e-04
1.395279199501922932e-03
1.111906487899892975e-03
1.404778442209162707e-03
7.280632452986639074e-04
1.174176496199460075e-03
7.142443233069836707e-04
1.181213495854834591e-03
7.333933306922729798e-04
7.433519639019125569e-04
9.420557701946825728e-04
2.206407018804752533e-03
8.509066046818027996e-04
2.650390173906244737e-03
7.754999077417967920e-04
8.718386628867745482e-04
9.629966110254095570e-04
8.027152534857308471e-04
8.064185115004003472e-04
8.132500631944316292e-04
7.969202945996462254e-04
7.700963795784452346e-04
1.115980126766204878e-03
8.199123368648227181e-04
8.275294477407419682e-04
8.060592885641287841e-04
9.612442889933439996e-04
8.703706755551865286e-04
9.213957470687966734e-04
8.333013640067542596e-04
9.307894968908941077e-04
7.962766249272355606e-04
8.213400550890443763e-04
1.056701277265977923e-03
1.104137891448100928e-03
1.023429975408832225e-03
7.510952319138059939e-04
6.804267245485657103e-04
1.050003816921066691e-03
6.805114778187697569e-04
8.645818004043788517e-04
1.291051809452174433e-03
7.965987925452150354e-04
7.384567831865717670e-04
1.032112583983111611e-03
7.457475792523709504e-04
9.272332659110945393e-04
7.838505028725785374e-04
1.093591497684398344e-03
8.557976959927807072e-04
7.825225898538712725e-04
7.662587897382700268e-04
8.741876532127027975e-04
6.982515958373134010e-04
1.044607666744850217e-03
1.089609181548992049e-03
7.066379499413229541e-04
7.777269674096898592e-04
9.933201056091373309e-04
7.956533729083821319e-04
1.078781665836370425e-03
1.095765284706138286e-03
1.275605546043321638e-03
1.118423575331650060e-03
7.083751409246588984e-04
9.837543607136450298e-04
9.834707014133316737e-04
9.669225431760548580e-04
9.751982506741492269e-04
1.431874066102912504e-03
7.392869783257733892e-04
7.499638502150236851e-04
9.054498703502072803e-04
1.125932445171977251e-03
8.606896975347230012e-04
7.033538815291110868e-04
1.259250694649739592e-03
1.049447758404312885e-03
7.473159046484115437e-04
1.006567766648891167e-03
1.034836338249654113e-03
7.388038105888785788e-04
1.219132671749111572e-03
9.961338463033745597e-04
9.295414030548156343e-04
7.522582890632886115e-04
8.475972618042342801e-04
1.043810797923925985e-03
7.850048279654231725e-04
1.267472581023339857e-03
8.220604128110210436e-04
1.032330575385904427e-03
1.384466459397743583e-03
8.768479622684492106e-04
1.119372773777474808e-03
8.970760191517854242e-04
7.950463766155598010e-04
2.067318541203927874e-03
1.401686656653564067e-03
9.723917326664696702e-04
8.039504217688367600e-04
1.021201341866261221e-03
9.183309164116483601e-04
1.026926173857685247e-03
9.101641677675148144e-04
1.092900915176477951e-03
9.516971206432985660e-04
8.871472290452264925e-04
1.037552921689406183e-03
9.078472264359008833e-04
7.218175726599044455e-04
1.195070090071034081e-03
7.224835108405366479e-04
1.250474086692178076e-03
8.240214223338713020e-04
6.814505575810596684e-04
1.075906243048860289e-03
7.789112946976180576e-04
1.176251609796173095e-03
1.412345310724564531e-03
1.117555391233923190e-03
8.447102984094978853e-04
7.249346426146341350e-04
1.054688566233559196e-03
1.170303574245220527e-03
8.164863969755556741e-04
7.450527454252711592e-04
8.173864084648733855e-04
1.031022415303916185e-03
7.555424825401173446e-04
7.071361435494713825e-04
8.178563276546271148e-04
1.491158555244919944e-03
7.573100269923293496e-04
8.912298158311943771e-04
1.074799237288518892e-03
1.135969846175860845e-03
7.483931226169920556e-04
9.477002289023411970e-04
7.757942506912433780e-04
1.036884158006068802e-03
9.577442051301699680e-04
6.626163905852251734e-04
9.152482066374433923e-04
1.258577621299417819e-03
1.038464968892122793e-03
7.160132088545601015e-04
8.504943100476388546e-04
8.498829551659382517e-04
1.135584949126281287e-03
1.071952333474987572e-03
7.592791293753643365e-04
6.978214662469179718e-04
1.177185998999248206e-03
8.425091696520852066e-04
1.041895771244885378e-03
1.232472475126592882e-03
1.230200745488443416e-03
1.523238453013864378e-03
1.190630336615159605e-03
7.525501835837110007e-04
7.187051868036572165e-04
9.094877844747403231e-04
8.875707325606519652e-04
2.437457085677401450e-03
9.409341443185152958e-04
1.149120369645194014e-03
7.102872497645166703e-04
7.805121784460272933e-04
8.190030862686755852e-04
8.821321875426880749e-04
7.528184322342527717e-04
8.520908119347753900e-04
8.340425841949789670e-04
7.106419808807674801e-04
1.418106898915419672e-03
7.346502103906756877e-04
9.680697047496575076e-04
1.081950586292328631e-03
8.190507390694805150e-04
1.474311928396757542e-03
9.489002011740656044e-04
1.510659181042689654e-03
8.989220116001040393e-04
8.378202613903694982e-04
1.105592771384706621e-03
7.381608117946933910e-04
1.112527531452118948e-03
8.637287033117830746e-04
1.006738996448750196e-03
8.360702016169886848e-04
7.972342402071472137e-04
1.138324606004447164e-03
7.195337162258314207e-04
7.654815202364474930e-04
9.332511631452658106e-04
9.474512316978287623e-04
1.225639889931268807e-03
8.676091115674948060e-04
1.080381360513393710e-03
1.332141942595756233e-03
1.099916290818653926e-03
8.287389211983951049e-04
7.215944078276446917e-04
7.954506173870363062e-04
8.003979995818645467e-04
9.896736215115643776e-04
8.452270929570228743e-04
7.089080077721927843e-04
7.939276544787786166e-04
9.433275283510306674e-04
1.097937132109821348e-03
8.337085318445326687e-04
9.168173602771766909e-04
1.186970592375532823e-03
8.942631672060685028e-04
6.830957139783984215e-04
1.144698369940874358e-03
1.481859509752750294e-03
9.067167770788974422e-04
9.997459938593819626e-04
9.419955535736163586e-04
1.276524837192011264e-03
7.019690019180203086e-04
7.647472511354704667e-04
8.400294830275847847e-04
9.181383290165825170e-04
2.351692723779078616e-03
8.851963739341451361e-04
1.350674462401807007e-03
9.476415296194957635e-04
1.008368019711458098e-03
8.157993064478584900e-04
9.611716990881385373e-04
8.517159972417212349e-04
7.963309879951917768e-04
7.677736831378480708e-04
8.131143807108719883e-04
1.043973284670777525e-03
1.030077665105934206e-03
7.933624967183571311e-04
1.023803602767766902e-03
7.763297835578696028e-04
1.228349850225059735e-03
7.812196694964328907e-04
9.269775810485845167e-04
7.314447805744572154e-04
6.738042144660648771e-04
9.122554712030368209e-04
1.118666572065417754e-03
8.013211908681014016e-04
1.121969315190205537e-03
9.533849950422469948e-04
7.252724096923453745e-04
7.939278637230691308e-04
7.801787168110048366e-04
1.381033654906550475e-03
9.088309276644073245e-04
8.596313324221753135e-04
6.926852060068620269e-04
7.269391025442767948e-04
7.563546817778532376e-04
9.872420112142538551e-04
1.047178402971601571e-03
8.119572413615975702e-04
1.152793095369054280e-03
9.831479400266229188e-04
9.225284921778483232e-04
9.133760620150381017e-04
7.825819266824065581e-04
2.410619027060021888e-03
8.417797320483302306e-04
7.906457869784768279e-04
7.705022658895435131e-04
1.474295312849708845e-03
1.001719150916501391e-03
7.474437845479976186e-04
7.887990446899525521e-04
9.002454964060408772e-04
8.359410615825247628e-04
1.185686524424783145e-03
7.879477092168583061e-04
7.230659303123554210e-04
8.040457314718435760e-04
1.047513914689561640e-03
1.270824642391616289e-03
1.051885213355600130e-03
7.519173091219830607e-04
9.937597362623023026e-04
6.895653830397627249e-04
7.401270006773050377e-04
1.127740071625317128e-03
2.584847078122599895e-03
8.437116547885394969e-04
9.094476797479317384e-04
7.602745200556260781e-04
2.118186963729490509e-03
9.239479599616555721e-04
7.466395012286495192e-04
7.652447539041771444e-04
7.000679587163269931e-04
1.236907962306175914e-03
7.695097161754952449e-04
1.084698619208424811e-03
7.617416100136283931e-04
1.167815089017452262e-03
8.765975612878009696e-04
9.623220879915374976e-04
1.212000019448905780e-03
1.412370247865382764e-03
1.361504237351356160e-03
1.138701170758695804e-03
7.838935557687539595e-04
8.845432958193176140e-04
1.424278064831795056e-03
7.905609990309168510e-04
8.766888865425405842e-04
9.499909322827248181e-04
8.526201222324331650e-04
8.757260776357878376e-04
1.091459165481188350e-03
1.262390371334945385e-03
7.190953664002653787e-04
9.856011573357507764e-04
1.106016323475741449e-03
1.175393841087788013e-03
9.857100516178498532e-04
1.084107155084752284e-03
9.383347679419894909e-04
1.348526952840956592e-03
9.522756773347371660e-04
8.001604232084030648e-04
9.890309806018550420e-04
1.178300158805195520e-03
3.300766228234536422e-03
8.403486212952596904e-04
1.987883038707236819e-03
7.459374002334992395e-04
8.975931678081477180e-04
9.445228072995843268e-04
7.900260600754663992e-04
8.931181659124506986e-04
7.819543831804940228e-04
7.560578912010376381e-04
1.189212545346014479e-03
8.107543659154676412e-04
9.733965892835404372e-04
7.928290262269475832e-04
7.343573132859498517e-04
1.160894114859752340e-03
8.098038653121101584e-04
6.906293519617798205e-04
9.139110854904014319e-04
9.113063658102443657e-04
1.149061036431352776e-03
8.061550221828841329e-04
8.267693431028303114e-04
7.143635008077044201e-04
1.109786541707481798e-03
1.231320868732356825e-03
1.100877510382609545e-03
7.228495897561176570e-04
8.928560294836792015e-04
7.926290178616199420e-04
7.527353205134039394e-04
9.592089952184997556e-04
1.333635772719302505e-03
1.043867170649048900e-03
1.128241573627024666e-03
1.194064599799299744e-03
1.123184250020340313e-03
7.675507332828807950e-04
8.431446366710102815e-04
8.389158443831848735e-04
1.156417583827634319e-03
9.864273119115660269e-04
9.056615678468068900e-04
1.838744667865966536e-03
9.260405914162729872e-04
9.243836622037208701e-04
7.682310272930246899e-04
9.497255658140714906e-04
7.373872681270291982e-04
7.521618306497024472e-04
7.503944538122204804e-04
1.032674975667407895e-03
9.999236902524608755e-04
8.986282430889197103e-04
9.391869652672925860e-04
1.293036476443488189e-03
1.374544953909959165e-03
7.481651223196616324e-04
7.287056378614717141e-04
7.885968147223644661e-04
8.991008140280902766e-04
1.063862108975288049e-03
1.556692440195299844e-03
8.326157252143119797e-04
9.071167875234883906e-04
1.277333463578212563e-03
1.401720176314690024e-03
8.373196171617930221e-04
9.065073870636263485e-04
1.210878339441095325e-03
7.429702233128935912e-04
9.006238910875746318e-04
8.567174266012460857e-04
1.006231801060907070e-03
1.200676720314745481e-03
1.323718901150220837e-03
1.071143573972494845e-03
8.298193784808403960e-04
8.759309740289857472e-04
1.209587745896054372e-03
1.285995970882345069e-03
2.270833268094807518e-03
7.136858744468042815e-04
7.452465235972988459e-04
9.484300729877767362e-04
8.342770852424040862e-04
1.084478361721655498e-03
1.131424014180829702e-03
2.041084581779384517e-03
9.329083937051477812e-04
7.551563947060970080e-04
8.235504529506799346e-04
9.757084479245694414e-04
9.885845761043573956e-04
1.149110707677759771e-03
1.201810573714610312e-03
8.806158744992129096e-04
8.500566613511576159e-04
1.179288990880771873e-03
9.429392114368132134e-04
1.244990962968303694e-03
2.632019726987971757e-03
1.236400675918703949e-03
1.140763058492747254e-03
9.585463538002915885e-04
7.062426016736083343e-04
7.857877006535441116e-04
9.385876004190686888e-04
8.486671863650069748e-04
1.180758680740633853e-03
1.089980459063607599e-03
8.194526295129309600e-04
7.766854823581484813e-04
7.621909993154446766e-04
8.583298697024572014e-04
1.101640816983670904e-03
9.524641730469141261e-04
9.936101891708430753e-04
7.222304237151065415e-04
9.080580894911350958e-04
9.267104136407216869e-04
8.581217957042107380e-04
9.367884866480210649e-04
7.031787888265023231e-04
9.030542283417071188e-04
1.050400191153197165e-03
1.009078007015670655e-03
1.044013343547255850e-03
1.002130747073644431e-03
7.872748790268826666e-04
8.193437689732688961e-04
1.218873358668112012e-03
1.684092150226110945e-03
1.165256897291730431e-03
1.190295843556900398e-03
1.431059715046776931e-03
8.649624706303724996e-04
1.012188877448548302e-03
7.507599504246917875e-04
7.515754622773263222e-04
1.005217855938338525e-03
8.416913332971360812e-04
9.011928805014058231e-04
8.930842796432193233e-04
9.220969262816366410e-04
7.527090896059471800e-04
1.002300506488470978e-03
7.988008200374320652e-04
1.185752258812056408e-03
1.765660727822899664e-03
7.821443769817104132e-04
9.895107407930224964e-04
1.397627454595434457e-03
8.507050317818365967e-04
8.057029607258756358e-04
1.142021513503563681e-03
6.919771851592064135e-04
9.406095523690421274e-04
1.168652609646753278e-03
7.440885051228441141e-04
8.398833108637182663e-04
7.935159957741039693e-04
9.546823210947223085e-04
8.391734850603462968e-04
9.661446868362871159e-04
1.041304952934223992e-03
9.489008691842022855e-04
8.042512727934218253e-04
9.985238123864574426e-04
8.143958214468583270e-04
1.051385988037185004e-03
1.829969862821230562e-03
7.811009608684632045e-04
9.779446267102719081e-04
1.023959585468836022e-03
8.543182256258068444e-04
9.778518465963675129e-04
9.237075016522436821e-04
7.725634477657304005e-04
9.765623871658635430e-04
1.034109518318736742e-03
9.120130990931982033e-04
9.768378487808862184e-04
9.988391025031004723e-04
7.216517144315009579e-04
7.026834340093693039e-04
1.036846522011862677e-03
8.145678231643963289e-04
6.785784276758851513e-04
7.953961544359982499e-04
1.053263874751850628e-03
1.021515561831278732e-03
7.853059328210002703e-04
7.932571874022375114e-04
8.823647248402012718e-04
8.451621501337933063e-04
1.019075527398939770e-03
1.413777735807855143e-03
1.197370442482248226e-03
1.319302963391132339e-03
7.757135160359108659e-04
9.736698084192638549e-04
8.296087364162450578e-04
7.153389366991433134e-04
7.173797329532569838e-04
1.748774580022734301e-03
1.234605738693806375e-03
1.064739857080145664e-03
8.827170024166037946e-04
7.611607718805697524e-04
7.906250931406375504e-04
7.244033461496180663e-04
9.023998231330198792e-04
1.266179727719243895e-03
1.148877517412054579e-03
1.102569784051519097e-03
9.174403889220111852e-04
1.055731818990826186e-03
8.814145309267816661e-04
9.268447317559645434e-04
9.189370657131757736e-04
1.335862420889180223e-03
9.810644951224727767e-04
7.102852557509276585e-04
8.035429496639960676e-04
1.419822766681378594e-03
1.089133393804806414e-03
1.098701823777846823e-03
9.849432700783724865e-04
8.482537795090863871e-04
1.068197196830546333e-03
7.624989054275178087e-04
1.364870873191488965e-03
1.024648798480994830e-03
7.639348234039452547e-04
1.035292335098520053e-03
8.262439416585604232e-04
1.090011733362965729e-03
8.392165456655687698e-04
7.375765193829732485e-04
8.184732548923910568e-04
1.183832832201337469e-03
8.844218074552977552e-04
1.495938310565734630e-03
9.633264728547191649e-04
7.684922143981574990e-04
9.056944724337475782e-04
1.078106250138694379e-03
8.908417976365538837e-04
1.164125780774360758e-03
8.585949273659761790e-04
1.206199462193183495e-03
9.592417068457358056e-04
