7.616741362259708782e-04
1.517880215765878785e-03
1.015545476223215452e-03
9.740440209878092285e-04
1.562598114785062860e-03
8.092862394574656731e-04
9.726562460515772446e-04
7.454207172419206971e-04
6.967909045680721137e-04
7.670799922925685809e-04
1.107465203523477337e-03
8.836323389855047861e-04
6.450222030077897017e-04
1.271575901317659012e-03
7.607991229538312982e-04
7.703111224941470731e-04
9.169223295279780661e-04
9.016129704163011217e-04
6.994165098865377361e-04
1.145396508894126189e-03
7.940807280602639462e-04
6.887168111729784215e-04
6.224965647109286784e-04
1.542030909901740332e-03
6.841237504576787700e-04
1.255431225101055846e-03
1.417673264069331442e-03
8.252417032465947421e-04
2.316148455620757780e-03
7.734479537165331797e-04
1.289549771575691003e-03
9.543111209552591597e-04
1.264381031425619887e-03
7.281904243320392114e-04
6.525373319622258458e-04
6.976021147048188514e-04
9.894037111832692036e-04
1.184131700619543660e-03
6.896622935730001768e-04
6.753830565779289684e-04
6.521270212977997452e-04
7.130491973521501346e-04
7.491258632500582496e-04
6.847421077137523168e-04
9.019508203382895894e-04
7.331443808574080291e-04
1.463802658966236554e-03
8.416914315571101318e-04
8.424887620318532696e-04
8.363811084745474602e-04
1.487334472495648822e-03
8.560591319791172483e-04
7.710077820225753713e-04
9.686863097795846492e-04
7.953182779104919732e-04
1.821343350992612803e-03
7.305999114370351818e-04
8.546421006353787948e-04
6.814707461448749363e-04
8.525808369019212711e-04
8.066616275522803985e-04
8.398119297876521306e-04
1.490212516427624713e-03
6.343082996979617456e-04
8.501321442509864523e-04
6.849664279956981959e-04
8.246370402348401170e-04
9.877520507799550549e-04
8.242532390601451037e-04
8.748017540769652874e-04
7.935548328873181676e-04
9.255171292478506445e-04
1.510456562558296686e-03
8.895810038286504698e-04
1.109354998243703306e-03
1.101475015647638764e-03
7.415428727919431929e-04
8.599386594392449418e-04
9.471483706796790959e-04
7.862766221125108441e-04
7.068272829444228154e-04
6.819503044008800056e-04
6.942789704600879370e-04
9.869578540492916861e-04
1.282524171328786825e-03
8.198998579629491849e-04
7.352988970439567002e-04
6.582885097949090153e-04
1.229884206428840266e-03
7.404180557517767419e-04
1.530045046963743067e-03
6.987291191194539225e-04
1.016768731561567760e-03
6.748482220551224727e-04
1.296762489138063952e-03
8.596638750633956447e-04
1.099994353841653432e-03
9.932602313790120201e-04
6.605038108211751767e-04
1.109801086865040438e-03
8.811025187282161240e-04
8.376188006178848572e-04
6.880229497613413441e-04
1.539411555315993571e-03
7.454436309017427797e-04
1.126656707111176438e-03
6.978218235282979088e-04
6.898138471685725474e-04
9.211071215284159135e-04
7.958779706144116081e-04
7.714002736499460128e-04
8.907029392585533644e-04
1.212359535956221337e-03
8.843619641852130736e-04
1.012699048757701370e-03
1.459381298536877340e-03
6.695180958385058825e-04
7.623948094131093511e-04
7.057997061994545013e-04
6.692200492234293618e-04
1.063353810968189475e-03
1.402044971665386899e-03
8.270915390519280536e-04
1.793341544656778174e-03
6.582891984010082404e-04
6.406224416029920009e-04
8.846373060900758869e-04
1.458414533867796866e-03
7.990467927359436000e-04
1.639395475077928040e-03
7.661615885334883405e-04
8.275121828428562811e-04
7.518766156612046976e-04
1.506292198509023893e-03
6.989691935632449905e-04
8.683557298953595554e-04
9.412235168831756217e-04
7.266020123037719540e-04
1.058051459174510003e-03
8.917471519541176088e-04
7.338873081755915070e-04
1.285573446988742818e-03
8.695186716161538640e-04
8.514212037160371954e-04
1.810240130978931113e-03
8.287137788568581503e-04
9.379293736938714180e-04
7.231093856715143557e-04
8.075997164330712789e-04
1.126464079013622666e-03
8.876812026994612475e-04
1.483907073330040629e-03
6.580688070025027345e-04
8.369859399433377325e-04
8.422328699579872090e-04
7.505772237459279201e-04
1.217752649462106604e-03
1.135155915730440800e-03
2.445313563770915976e-03
6.495797412337169386e-04
1.983778784782874813e-03
8.803378803835755278e-04
1.642147223008682969e-03
7.541281906969685925e-04
1.321249184942901956e-03
1.337806547789712657e-03
9.334323389466026542e-04
7.719502794455360270e-04
6.496066846522333994e-04
1.204486117175851759e-03
8.581855115845049261e-04
7.889549339141279120e-04
1.776389947897617132e-03
1.062794040863643133e-03
7.046953403200801420e-04
8.672573475533830673e-04
6.270167227535780033e-04
1.129372165637334592e-03
6.979784586130929544e-04
7.920326720066600849e-04
8.110606414720076228e-04
1.156498900402474746e-03
6.991911924278704530e-04
9.177236017438713742e-04
8.152893892235478892e-04
1.489248945018565879e-03
1.007199836476214971e-03
1.331982607336707619e-03
6.219144307774050620e-04
1.146424379519502901e-03
8.515965032095959911e-04
9.387870593778673781e-04
7.800319130910206939e-04
1.079843324064383219e-03
7.089963587691019238e-04
1.316486409125331662e-03
1.086010083658339688e-03
3.488244093179757466e-03
1.450158846451186489e-03
7.499173924293754635e-04
8.475248022805257578e-04
9.982930808956063263e-04
6.623726782252268956e-04
7.805686781217305737e-04
7.035873801767692816e-04
7.310225105164638556e-04
1.231404244569404621e-03
6.499022601801866935e-04
7.341502931601517901e-04
7.108706035891337004e-04
1.215121724582305393e-03
8.425840106437169821e-04
8.552445208678011602e-04
1.053686570874410970e-03
7.761906995966811034e-04
7.417693032875670228e-04
9.920685139425166124e-04
2.194979331421916934e-03
8.919362366361592012e-04
7.936487040903002655e-04
2.365751793337748498e-03
8.716547560307706752e-04
8.524076171964066256e-04
7.887512195379727323e-04
8.307511577670719915e-04
1.074923437728881551e-03
1.402412938449659578e-03
7.605430661166898403e-04
7.270528889294088732e-04
6.855403709479696061e-04
7.381446072267465724e-04
1.379865873623512592e-03
1.686826529884249536e-03
1.757116476742814903e-03
1.794609017385205433e-03
1.087441103383042333e-03
1.112384679829470828e-03
1.384118279519627216e-03
1.094584658937383615e-03
7.712112389510401064e-04
8.091554490125701677e-04
6.257898805019483385e-04
7.121919666411688412e-04
8.994240926842351916e-04
8.962932577966333707e-04
1.256178760031367208e-03
2.173974961947770096e-03
1.271555618633332880e-03
9.748554208683535716e-04
9.203637149159635570e-04
6.457528363248452941e-04
7.116975625735464089e-04
1.092067349649938077e-03
1.010757800398520614e-03
1.028284070297926520e-03
6.461578602777127414e-04
1.058859042297356258e-03
6.313830214577617920e-04
6.908540836243892832e-04
1.221177491842987285e-03
8.573222648734146398e-04
6.626461010904893031e-04
6.328823638119928773e-04
9.915685603149144382e-04
7.532507077328243986e-04
1.727728800633202087e-03
6.971821484020514648e-04
8.310648066546105772e-04
8.307275103856226169e-04
9.030819456871974106e-04
8.047231110143333865e-04
1.892821939243798665e-03
9.049480477023923121e-04
1.520192449797293666e-03
7.291314268396985104e-04
1.022332156718718660e-03
1.281240443796720623e-03
6.252060299964555187e-04
1.166890997624507598e-03
8.006309161368309855e-04
1.042663802985603454e-03
8.095514250932078553e-04
7.942974832956849543e-04
7.863601014210780784e-04
1.294599565502463443e-03
1.046537264536877808e-03
1.503599474485526818e-03
1.025800510267282310e-03
1.340570254198088056e-03
7.271106801588602189e-04
7.336200390928455375e-04
1.026588991216649711e-03
1.091635370103743096e-03
9.967676816583497402e-04
7.775065065252637552e-04
7.197183157090793724e-04
1.237438377421274348e-03
1.378896897535006718e-03
1.500118406676518353e-03
8.007777965474842429e-04
1.042644699722749049e-03
9.946611596382091015e-04
7.722928578284165343e-04
1.285497807083269385e-03
6.550260163418865703e-04
2.066441476043490242e-03
1.490948105415378869e-03
7.677573214052685986e-04
1.117758557840242478e-03
2.256928723276202878e-03
7.465340531867278948e-04
9.930157682612285926e-04
1.285841368446267010e-03
7.606479196476908285e-04
8.764269906673071136e-04
1.462868258348828205e-03
1.197695916056524612e-03
9.353735810933017092e-04
6.400752722927734390e-04
7.018545638912023063e-04
6.554170203424594231e-04
8.284563559013838688e-04
8.355274360995396978e-04
1.217898243986041467e-03
1.329366025936255758e-03
1.345633656780325163e-03
9.216261955872872939e-04
9.221411794671060180e-04
8.186714549286690451e-04
7.828445757653036945e-04
7.751364910335435243e-04
1.843755504740699847e-03
6.772796994374297727e-04
6.334256724574417957e-04
1.098243906433529629e-03
1.206136678894654916e-03
8.614555269217652380e-04
7.458640358320100475e-04
1.256966560361269959e-03
1.576225362197961619e-03
8.116161120992404021e-04
1.036676574898842337e-03
8.693194914432377917e-04
6.674089941346571676e-04
8.063595621965663008e-04
8.391216287135244570e-04
1.185683832265466055e-03
6.872872363067567903e-04
1.078481379154678631e-03
7.546947557019606252e-04
1.049368265537522051e-03
7.291085492799458676e-04
8.756036020381325344e-04
7.936088158899229058e-04
9.052739615553271734e-04
2.700472275029260419e-03
6.816959425290910818e-04
1.156100749649664576e-03
1.031486077559996264e-03
6.831877671753493197e-04
7.324662193201115275e-04
1.902111899435039201e-03
8.678610163321044419e-04
6.421852747632011017e-04
1.117957588971609482e-03
1.011376337845084836e-03
9.610685684764622280e-04
7.027315213730356237e-04
9.947430858586508908e-04
7.680264705669242889e-04
8.640845493064952445e-04
1.736230525146888063e-03
7.093280640472616983e-04
9.871361516479199190e-04
3.487857781555842637e-03
1.080195820536709265e-03
1.124587698143368879e-03
8.623882463693432858e-04
9.231508556738328647e-04
7.200420668665381873e-04
6.956497421892507112e-04
7.883874047161384090e-04
1.278217995056470709e-03
1.121708198547565882e-03
7.762446707182239520e-04
1.676386721931053111e-03
1.486461152661686363e-03
8.322002117433635734e-04
7.867431695505245660e-04
2.863381455169550401e-03
8.700833014633667590e-04
8.324363788231828754e-04
1.053521988766242898e-03
1.897814364041848587e-03
7.486103679904809998e-04
1.321140842680542478e-03
8.101266208831111888e-04
8.554123013447965029e-04
6.545121117016987778e-04
6.599378942056746558e-04
1.096802197122703163e-03
6.841679582078102548e-04
1.528899598289051344e-03
1.130111310028237290e-03
9.638538990463411471e-04
7.007244859505636515e-04
7.260429660048550856e-04
8.225744039480769893e-04
7.619273136866535007e-04
1.274531174729559785e-03
1.220174458105184297e-03
1.136905863347108334e-03
1.366448478178831092e-03
2.910061174984998958e-03
6.719311057771920875e-04
6.608635225157471734e-04
7.655344167605242093e-04
9.362440890217816215e-04
8.121518203102980928e-04
8.751170501931569397e-04
1.244872229189274929e-03
1.287888857292225110e-03
1.133000663426656819e-03
8.342953110049364110e-04
6.667431836925013372e-04
8.473377579472878137e-04
8.270063555280231758e-04
1.074039184965895188e-03
1.027540154058047533e-03
9.627253595812393459e-04
1.312482486181006927e-03
6.655523960274233389e-04
1.104114620002383425e-03
6.982159323188284446e-04
7.759962235697559583e-04
7.440297614198326760e-04
1.413104042180613048e-03
6.866418037502642485e-04
9.958924971881898819e-04
9.659072038445161434e-04
7.690013789012882257e-04
9.747588724235285414e-04
1.068371461485400275e-03
6.763301837203327272e-04
7.414214536164277607e-04
1.544084612920894632e-03
8.734038544355540203e-04
2.086226711557420677e-03
9.184487536655824022e-04
7.808027717475943610e-04
8.561116717598477293e-04
1.092404470561186532e-03
8.850630471451102505e-04
1.138547719563978450e-03
1.242434270938738185e-03
1.504592180578558092e-03
8.839551123292027591e-04
9.527081639337270803e-04
8.647162202629148607e-04
1.019021705980012460e-03
1.059723111269713540e-03
1.468330051907518544e-03
1.026682841559953133e-03
1.152747327873153513e-03
9.227933251350904946e-04
9.026431053339590681e-04
1.071185433508844379e-03
7.198737122528145590e-04
6.406229593637109568e-04
7.571560672388702191e-04
2.431764603076365210e-03
8.292005911850214989e-04
1.275321983563680204e-03
7.551568385812338496e-04
1.278455388428331990e-03
7.955080335583359068e-04
6.941706717882966792e-04
7.751224994499043364e-04
7.491025108566159866e-04
9.320281025246444830e-04
6.976986902826950044e-04
8.275410675290476720e-04
8.104490315317176450e-04
7.345694815318492459e-04
8.546378586197346614e-04
8.273539258686126449e-04
7.476512793023284455e-04
9.795395532559822340e-04
8.126091949227485676e-04
7.183394748388619369e-04
1.529245663326184385e-03
1.620101928276175204e-03
1.206591746085178361e-03
1.862209538624964378e-03
8.549428928888157557e-04
1.527570912723346785e-03
6.465020866718465369e-04
2.100545009993770237e-03
8.448491146578792754e-04
8.102854790719692677e-04
2.444492889976964452e-03
7.694299227146355691e-04
1.091606987812488230e-03
8.496460982628898121e-04
6.396003024004860964e-04
7.871958128968186254e-04
7.887612784609130930e-04
7.387372554349499370e-04
8.435814333121518247e-04
1.152198146703181398e-03
1.283095637303321383e-03
2.465661220134223851e-03
7.819735449909099743e-04
7.493559815430454610e-04
1.111816947640347766e-03
7.685334972989308309e-04
7.092717957694053737e-04
1.278177293398299278e-03
1.043232872312910113e-03
9.495898012262521523e-04
1.031033342724458832e-03
7.980627933183598874e-04
7.924282668617242025e-04
7.584945284771493768e-04
1.079853648450049925e-03
1.087538130933129663e-03
1.349779734244555300e-03
1.006838005799479520e-03
1.471166523023555118e-03
6.403182403650050985e-04
1.454491674589659554e-03
7.099746551091118581e-04
9.698539004632517188e-04
1.253387913554224360e-03
6.709616990595443841e-04
9.060738002385369718e-04
8.756944564860782076e-04
8.806686256083083543e-04
6.794106431979174280e-04
1.510069915329223392e-03
1.185299527369368345e-03
9.484381371731652032e-04
1.290328411529395938e-03
7.677532581482183300e-04
1.039977798566371972e-03
8.834269228536696574e-04
1.113653037730639832e-03
1.011346728146436799e-03
6.556795910177007575e-04
1.093331631558815348e-03
7.501775159469185276e-04
7.522378020329339911e-04
6.992728381673629038e-04
1.262151733516763156e-03
2.570876187903329765e-03
9.552854027431441179e-04
9.921214570666509087e-04
7.942179315015593204e-04
7.942040178305970937e-04
8.408515093855714736e-04
1.516164482518471543e-03
2.022718014311395557e-03
9.761069710661578452e-04
7.969179820203446674e-04
1.730847312174975308e-03
8.076388104313032921e-04
1.701053765229917089e-03
8.330750944693024592e-04
1.107136379898346172e-03
6.313742963946422041e-04
8.662214075680849936e-04
6.689090650743879105e-04
7.913781141051011523e-04
7.146360578900641004e-04
1.174553704655455135e-03
2.043207122443753930e-03
1.229241454104655412e-03
8.672490563031918761e-04
1.062176026402386966e-03
9.639410818194966589e-04
1.614169860268067002e-03
9.232911399251113403e-04
7.496649424620565683e-04
8.982819540721674210e-04
8.063308942798515190e-04
7.527753293160204320e-04
7.049616074996581513e-04
8.826987501084493240e-04
8.793349510927817416e-04
8.259093347600857506e-04
9.812201081931086477e-04
8.287739818230480896e-04
1.076570265662885138e-03
8.247384502290014234e-04
1.238427385658002772e-03
6.688534963067467457e-04
6.424045267418740336e-04
1.806315445961319266e-03
7.011261101849852089e-04
8.060852717091491083e-04
8.938466094925083365e-04
7.620174480131969947e-04
7.276030922747719768e-04
7.115838475493411553e-04
8.795196398611406820e-04
3.096900615536510738e-03
1.153718842387879912e-03
9.437065734052345290e-04
7.811129894295199081e-04
6.278136730438735238e-04
8.749350603379007704e-04
1.019359140262294247e-03
7.793435289752789936e-04
6.354570015373973502e-04
6.761314634750089769e-04
7.674739048292831840e-04
6.791633522087720106e-04
1.199908755022772566e-03
9.016398509409027885e-04
6.682911342147296102e-04
9.727983131452942875e-04
7.256636838696045892e-04
6.702079126489272724e-04
1.165838053597102438e-03
7.937122961630032128e-04
8.575765239329824789e-04
9.022536893846915809e-04
7.209832072970530229e-04
9.095096678148479859e-04
8.296027720723964972e-04
7.974682322604961706e-04
1.341817182143545178e-03
7.329848608409844342e-04
9.292902933937415271e-04
1.036655809826540504e-03
7.912904948439544901e-04
6.792173600482649372e-04
1.097328516722259660e-03
1.000797296866673923e-03
1.119622273169340035e-03
2.208992771829130890e-03
6.964484832111611989e-04
6.441385422368658053e-04
8.001451843391146554e-04
1.427177833401726929e-03
1.063128913402500327e-03
1.109194605872742797e-03
1.878352115798932742e-03
8.854404884657054173e-04
1.356454454365474491e-03
1.487156677695595933e-03
1.129513496380476828e-03
9.063821568955166084e-04
1.694831694567792979e-03
2.011598053624372162e-03
1.125445581916436353e-03
8.479596148395082082e-04
1.333920141749987557e-03
1.407711334086327905e-03
1.034509435423949363e-03
8.266401804213683972e-04
6.226754529412560591e-04
6.974448056015051817e-04
7.681382594533104225e-04
8.183330930913320332e-04
6.588032224566085955e-04
8.679437871119619063e-04
1.173149330063562052e-03
8.629409964391064397e-04
1.085597031791905908e-03
6.324741536028054452e-04
9.295899208286960425e-04
8.212298074440722503e-04
7.601453540834189919e-04
8.161916727530290315e-04
8.870556870711391153e-04
1.046826923053490897e-03
9.027186562387069834e-04
9.734987526823649442e-04
7.679088574898896213e-04
7.399435867389677008e-04
7.640490008094469538e-04
9.907580678546342411e-04
8.198213272260040886e-04
8.232326096935914253e-04
8.637707040375850994e-04
7.663754271359643142e-04
1.167045186518262442e-03
7.390852668428316875e-04
7.630047489997840307e-04
1.021388657497978398e-03
7.826228464953838412e-04
8.490948152647372288e-04
1.246954122258873802e-03
9.344401012266858111e-04
1.570361876820690209e-03
1.119532578111044618e-03
8.284431567795046310e-04
2.067431991777528809e-03
6.450290953942875013e-04
8.817289810092078127e-04
1.637011370789077458e-03
9.276639249255580304e-04
1.457528788979684789e-03
1.176723907625130830e-03
1.001898226249202948e-03
9.956061139200535204e-04
7.759032133527963551e-04
1.625022491616162764e-03
9.828366148507395022e-04
1.299568852453688661e-03
6.415847922446704221e-04
1.038369109382055420e-03
7.529651437711025247e-04
1.928578827956213158e-03
8.735071563954255108e-04
7.883298291427606828e-04
1.280433490722852419e-03
9.962332782003698733e-04
1.004719296424155675e-03
1.197575802097872481e-03
6.463418417254192206e-04
8.055124405189250303e-04
9.412072921305585701e-04
1.013954236348119532e-03
8.167668210786943129e-04
9.528065358104158365e-04
8.073805812042749320e-04
9.387582000615000673e-04
7.036966117745251017e-04
1.170355788936502809e-03
6.911968336936122337e-04
8.374461945510729968e-04
1.688213409398890480e-03
7.863898039018548834e-04
8.482973250217910833e-04
7.755540572088198432e-04
6.282104102069182693e-04
6.494177083804298419e-04
7.806247677339062324e-04
1.448807893825035343e-03
1.589913812135793601e-03
1.058285746523137966e-03
7.081074261077590238e-04
7.810076668817046014e-04
9.766011941284135495e-04
1.171110669759622925e-03
1.007209940060596436e-03
6.877358335797802624e-04
6.910375887762919668e-04
1.041328752940053840e-03
1.361646946205500881e-03
7.467998023200859417e-04
6.345830223160456914e-04
1.602862857002781711e-03
1.115427328093083949e-03
1.474780277721235737e-03
1.784389993511910919e-03
1.193445162228447048e-03
8.021816575126704046e-04
6.583693030935060340e-04
8.173103473108096892e-04
7.666265159336255360e-04
1.922270350595211294e-03
2.196536673275810338e-03
7.081804784678310963e-04
7.541206979775015844e-04
6.899416889491541416e-04
1.136802438885005720e-03
8.056285082795945933e-04
1.383548872021974664e-03
8.051291405618567730e-04
6.485351451329823434e-04
8.474117782370265339e-04
6.618985399486485748e-04
1.062390966724654833e-03
7.045240624182245526e-04
8.126779601653915698e-04
6.691213720516536517e-04
7.474925838693519467e-04
9.999817197475994578e-04
1.221548037008176072e-03
7.888267418052907634e-04
6.953856265708969163e-04
1.094887335884833085e-03
6.909340736076374908e-04
8.872905588058721234e-04
6.940160708967793232e-04
9.404258036634059476e-04
1.048907290698228474e-03
1.117334579712325662e-03
1.261615332866449900e-03
8.047846329273326263e-04
1.466096650278265546e-03
7.146946491966775202e-04
7.912673680086426686e-04
7.086564537550974060e-04
7.800177019333873196e-04
1.416047050573967462e-03
7.782514204603789565e-04
6.983653912341254450e-04
2.111011392553931512e-03
6.992439805580328823e-04
1.491349049989224235e-03
1.045827283649526217e-03
8.012171396173886238e-04
8.347315347475689398e-04
6.554825329402450863e-04
8.318042235778960042e-04
1.799771008843871955e-03
8.629719042048387447e-04
9.131046456292984817e-04
1.545802610723578463e-03
7.601726743370716818e-04
3.872483240740204162e-03
7.363694432833787096e-04
8.483730840131935682e-04
1.105032231700857652e-03
1.045474561509566721e-03
6.619030298906924958e-04
8.123684043112483792e-04
7.087476343075453135e-04
7.866272646842398329e-04
9.882303628221825523e-04
7.845116714258284531e-04
6.219723174966486964e-04
1.235935063023375869e-03
6.323272652858604641e-04
8.058135381874295764e-04
8.014064043373023052e-04
9.146200122304909202e-04
7.500938591065837947e-04
7.530202181863918836e-04
8.282799688310152125e-04
8.395321415656529021e-04
1.132007312478750969e-03
1.004414284597062845e-03
8.887773253964452403e-04
9.788076024758428102e-04
7.218478807375408026e-04
7.518115776970539467e-04
1.215600877292112060e-03
6.540774423164756341e-04
7.098231713352921423e-04
7.522250471572771357e-04
8.947314548867920346e-04
7.818109639109680495e-04
7.088391755006183317e-04
9.204202194566452663e-04
9.146113881225610698e-04
1.573678383020245524e-03
1.073034269291215682e-03
8.793767046645266719e-04
6.620259097720413441e-04
1.136450725027806242e-03
1.044485476099000663e-03
7.648344404542952585e-04
1.365753565051182426e-03
1.035623848974283074e-03
7.388658870497238299e-04
6.830432044561892150e-04
7.558004062662376050e-04
7.838282228792673193e-04
1.430743774255952916e-03
1.085583389833368918e-03
1.066743572361690583e-03
7.330384179276562247e-04
7.303309043802939157e-04
7.788066140537112502e-04
1.287603790005341755e-03
7.008129580008752276e-04
7.091427911995968952e-04
8.772420982740311395e-04
1.152579293969053890e-03
1.043682971168410868e-03
6.505695280730032243e-04
8.858154310730979820e-04
1.359787507451979630e-03
8.254551577243626542e-04
7.756370166282266013e-04
9.358259331171185592e-04
1.421668280647881517e-03
1.068627727127100663e-03
7.564063868948801145e-04
1.180246543273974014e-03
7.120317205927291634e-04
7.467987888670306329e-04
7.747616830823213967e-04
9.095249899191346077e-04
6.623874524197795495e-04
1.796639068025591068e-03
7.888062111475360565e-04
7.547101533841833005e-04
1.076053678351301772e-03
8.712830102960361991e-04
7.931281418821175318e-04
9.350925389141001923e-04
1.613911490550667353e-03
1.324921261335321393e-03
8.041360274660498339e-04
1.365786330773692417e-03
8.704316750448999303e-04
6.898510669069776854e-04
1.137208797371288367e-03
1.135561533325056419e-03
9.929221131859066428e-04
8.838631752498981751e-04
8.971308508333206795e-04
7.767172711641699050e-04
6.489804596872534963e-04
6.582638292961941846e-04
7.484334568619364740e-04
6.836989061527822030e-04
1.045917157440205561e-03
8.638449979671976005e-04
1.362093187570889577e-03
9.515856958005261546e-04
8.080987504299106360e-04
8.019075030226822422e-04
8.925790545244347788e-04
1.033738425851503124e-03
2.927586636190180648e-03
9.828174160018765884e-04
1.396307666105375345e-03
7.277079380109342972e-04
9.701360853193027531e-04
8.549683327913668420e-04
1.918077171506932157e-03
7.643564168142996532e-04
8.229390464841767130e-04
8.952023649998283204e-04
7.469131185068538350e-04
1.628916874533682668e-03
1.317474711203621288e-03
7.657789939690650945e-04
7.349981963387489147e-04
9.547719305077078701e-04
6.353766277792982685e-04
6.711364247628270364e-04
1.139951410100827371e-03
6.988215518322296203e-04
6.968631693456721820e-04
7.751118347334657113e-04
1.032032268409058869e-03
6.806372325042303823e-04
7.614216623558435395e-04
6.333412782875850805e-04
8.661617429436152147e-04
9.631851308951956984e-04
7.395225225019228573e-04
6.844325984227891957e-04
1.096758740232413537e-03
6.725157238644113855e-04
6.699808736289294313e-04
7.249437597034551206e-04
9.718724591514114799e-04
1.862069302438658152e-03
6.765388331790702986e-04
7.850436742216205079e-04
1.372316025762672972e-03
1.054257165971955647e-03
1.357440970206424220e-03
8.927912285681042061e-04
6.435080412506571793e-04
9.530032532445581461e-04
9.812969638253452639e-04
1.921629805250135020e-03
6.912473274080157149e-04
8.815115584815224996e-04
6.806144588996012202e-04
1.185044846945706824e-03
8.262139794536092676e-04
6.752045898257244983e-04
1.225378924648237375e-03
1.066677819829184174e-03
1.270955410598217147e-03
8.320150850151360666e-04
1.231830223714529271e-03
9.582007311573732334e-04
7.682295827770791374e-04
8.301620020044704401e-04
7.440790593911194390e-04
9.829102895131131695e-04
2.341935875214358302e-03
8.369577912642300714e-04
8.191977354315455474e-04
6.715975272114998399e-04
7.833870475498221249e-04
7.285290846887142700e-04
7.114242504362173342e-04
1.106116535785195811e-03
1.320714551378619154e-03
1.088562511582639699e-03
7.168856124779111666e-04
1.325463882537428585e-03
9.402331981333728354e-04
7.888277750971544027e-04
7.738344179954554595e-04
7.449941574496203069e-04
7.856341850191037772e-04
