1.971292132506061723e-01
1.774329591616833623e-01
1.656407729484570268e-01
3.198428730542743348e-01
5.195863267519690992e-02
3.324900133596466745e-01
3.802521281764525973e-01
3.593973258082632238e-01
3.419241274911371531e-01
3.721163518563104788e-01
3.761446360601594652e-01
3.769912170373067584e-01
3.282208805586336320e-01
2.881679107734032019e-01
2.565199851195659186e-01
1.081591954841838871e-01
3.319682078650402768e-01
3.771749981314608813e-01
3.548632471783770836e-01
3.116720064651514743e-01
3.705942317292597044e-01
3.525888033510599651e-01
8.832555281697705707e-02
3.756340006997600511e-01
3.374622037580276568e-01
3.734341456116319069e-01
2.651861407786666458e-01
3.520689590787811074e-01
3.248304888557108638e-01
2.133311941614806084e-01
3.699947972394004858e-01
3.827315828900421657e-01
2.041292944023636591e-01
1.645249079099730949e-01
3.670716430097543115e-01
3.709618555059302492e-01
3.036787541903704368e-01
1.229332772590590317e-01
1.364973445866470847e-01
3.135134080199789564e-01
3.478614108084520651e-01
2.626894935970501832e-01
2.539373828435523839e-01
2.018638002516180141e-01
3.388466046185678038e-01
3.476588738709347481e-01
3.818406832155269992e-01
3.436441361315192844e-01
1.630738904278409562e-01
3.231469533555402229e-01
2.688557804646318217e-01
3.635406418673179929e-01
3.816279684662683414e-01
2.792990608025753274e-01
3.725219858462281985e-01
2.077708289982450607e-01
1.798491756599654989e-01
2.452355765045630409e-01
2.446888992161742882e-01
3.383706605885305474e-01
3.537993074185625808e-01
3.097392618041610590e-01
2.903812622380229636e-01
3.552754869799600312e-01
1.561902476945670748e-01
3.617577946287896529e-01
3.376113056540274715e-01
3.455241495834464605e-01
2.552018157977322121e-01
3.436106390764596119e-01
3.362639361615263334e-01
3.720085263162357103e-01
2.837505200642255754e-01
3.761609452053954472e-01
1.232058279623510361e-01
3.830871039376139708e-01
3.138386459226361058e-01
3.208532099180849140e-01
3.728954302573339596e-01
3.462254795372262106e-01
3.409412444893588079e-01
3.649425658727197819e-01
3.722791885109478227e-01
2.823836734327032083e-01
2.988870481720088401e-01
2.504003927236916893e-01
2.168166465937754750e-01
3.749027422782319485e-01
2.993121761345649001e-01
1.451429515325851349e-01
2.732453375485566216e-01
2.639657629772029224e-01
1.866084605019627529e-01
7.560113393384058911e-02
6.766325351848971603e-02
3.518393419090509733e-01
3.553304943848361597e-01
1.964754929437051711e-01
3.555248872162375950e-01
5.578646720958056748e-02
3.118661213193620885e-01
1.962852905958199501e-01
2.989321137091298097e-01
3.820689474176397482e-01
2.786215803738316676e-01
3.188527158770486647e-01
3.783229073654051922e-01
1.607869939005262816e-01
7.252765351859774556e-02
3.149889295162537350e-01
2.872859675270381108e-01
1.914330501256871209e-01
8.394855832897822612e-02
2.194105229044714944e-01
1.521568884816409117e-01
2.549184133639603722e-01
3.091515474235638772e-01
2.514314840144784569e-01
1.978092001187217175e-01
2.879488883629805485e-01
3.422531222425435615e-01
7.837373872341082959e-02
2.770049459825578153e-01
2.079236934933132441e-01
3.605273062045187549e-02
3.610272964738859836e-01
3.777611936304248741e-01
3.805883701271776109e-01
1.440673751010019543e-01
3.752869402759971273e-01
1.045170591860605236e-01
2.775576969858892795e-01
4.170958673848890880e-02
3.814152362428337439e-01
3.242941561814918772e-02
5.512316610496961061e-02
2.953740319206815679e-01
3.051888334484342824e-01
2.968081275642767136e-01
9.993142949874346537e-02
1.692552928340439744e-01
3.089877771217155455e-01
1.808839351554417108e-01
3.384056840595696114e-01
3.215840880679791680e-01
2.416503215569567320e-01
2.243796659826576556e-01
2.960778347744387196e-01
2.257442033672723003e-01
2.342216705038807079e-01
3.803158736779402860e-01
8.060180352647526580e-02
1.985701591629034923e-01
2.457630374232350756e-01
3.283640158804671527e-01
3.710769430523085388e-01
2.866726521549725626e-01
3.179784843736322975e-01
3.472892472468245839e-01
3.653204371305407983e-01
1.786577791185994524e-01
1.847962851441095899e-01
3.512964329404185682e-01
7.528869671426005605e-02
3.495721995009255512e-01
1.023285548682615759e-01
1.485145894263878719e-01
1.977113329861539537e-01
2.023723261040117904e-01
3.409236700206805804e-01
1.775224649553950318e-01
3.720981783618213523e-01
1.749141770961831488e-01
2.080834481972012040e-01
3.484433710288843966e-01
3.636793394799013313e-01
2.342112080633984572e-01
1.721875638671502007e-01
3.723233589764198825e-01
2.115946561223931155e-01
2.943549607561466580e-02
3.699517034858326170e-01
3.621102425870750263e-01
2.624930625783265525e-01
1.420886329212527333e-01
3.417986811256454871e-01
3.821587908803736888e-01
3.801626645933751103e-01
2.737134205329992964e-01
3.033702681246547850e-01
3.296771525862846608e-01
1.228935005364047012e-01
1.580447376204381638e-01
2.626646353950837787e-01
2.768868922902152363e-01
3.442785079201371445e-01
1.907882881204138181e-01
1.025685742585779048e-01
3.672696770375141195e-01
3.255567527772566527e-01
3.648991470260085079e-01
3.832150372781440439e-01
3.738135491135416433e-01
3.815289925087044232e-01
3.251118104544460929e-01
3.664524823407177001e-01
3.816005699883134872e-01
6.570909032430370666e-02
2.710146878255868530e-01
3.432391256864117945e-01
1.708382658050309200e-01
3.752017984798559636e-01
3.246754219747089443e-01
9.749002854860322476e-02
3.606361366946645997e-01
2.925600036721787700e-01
5.730990471454977531e-02
1.783823978758461715e-01
2.123872701421279929e-01
3.369296087532357986e-01
2.173196047451310675e-01
2.289688504120145351e-01
1.948132077133220286e-01
3.152477680398570459e-01
6.497025084026100683e-02
3.066321887314359396e-01
1.966703786513666341e-01
3.430297680466590227e-01
3.069443877676181764e-01
2.919733015681936772e-01
3.353385167332925687e-01
2.691087303099061745e-01
3.094729292535076115e-01
3.801292127803544696e-02
3.817890076379080178e-01
7.197456780277099175e-02
1.438826122166144417e-01
2.624149666777603751e-01
3.045468180997771834e-01
3.569779901515188758e-01
2.413824708164200861e-01
3.818662623536985823e-01
3.695300901293395168e-01
1.815808005470086472e-01
2.741170513027352817e-01
3.643009868215774105e-01
1.980357265579922033e-01
2.759777361874083956e-01
7.420464357162273594e-02
3.358761243895880266e-01
8.777540727650512409e-02
3.228464870692974165e-01
3.712209291096299490e-01
2.108357037454076655e-01
3.721364289736515674e-01
2.965497647273531157e-01
1.328969295825226382e-01
8.571659051022033349e-02
3.172402036930638825e-01
1.170350681305265816e-01
1.894228235099686408e-01
1.709763988730366724e-01
3.624352639456410730e-01
3.751089466088852187e-01
3.678929425570406919e-01
8.874546257105600522e-02
3.200847756921254006e-01
2.613815166793139744e-01
2.769675440598791116e-01
3.755928181933760879e-01
1.240369922313976636e-01
3.835649864497616690e-01
8.624180713599544079e-02
3.755904573096590093e-01
4.627629958483624184e-02
1.794849901657981639e-01
2.457824158392067984e-02
3.458750927466650027e-01
2.403565632028936694e-01
3.695314416036451499e-01
3.600473765025848927e-01
3.158474228882187651e-01
3.685159320014015916e-01
3.672678872145403450e-01
2.513889883092454078e-02
3.463262484079819292e-01
2.422231451745622821e-01
3.642241093603386104e-01
2.959855138632469518e-01
3.112440707995459688e-01
2.701283740448700010e-01
1.035324612793703247e-01
1.059532492699379741e-01
2.739807786990284821e-01
3.603115589497722371e-01
3.592789013160073708e-01
3.560888379163075768e-01
3.181982850470931878e-01
7.610530783849102365e-02
3.832263832573356566e-01
3.587202598366976969e-01
1.415378085419247423e-01
1.997173455510328210e-01
3.542993913964275765e-01
2.085058861732424496e-01
3.595327263419507147e-01
2.891118613413695138e-01
2.618525991717085000e-01
3.591885385304309786e-01
1.761218910957144668e-01
3.049075484891262677e-01
2.673116349896130783e-01
2.892033894768051283e-01
3.275813319173576099e-01
3.002046816601532941e-01
2.899464889381558330e-01
3.740004237720700453e-01
1.353710076341753665e-01
3.093998028411409917e-01
3.068092838854289961e-01
1.385065797650215924e-01
3.751788870565638812e-01
2.472397385579483409e-01
2.981162723810695803e-01
3.554816019135727534e-01
2.788643362823846616e-01
2.309662401685287081e-01
1.795854587314826001e-01
3.778886445662570925e-01
7.945725726628342922e-02
2.239626105899221731e-01
3.249558721336994749e-01
2.904019425925593589e-01
2.127656491798030625e-01
3.401224419608868677e-01
7.768175195778227737e-02
3.709189143521124388e-01
2.631535728677624753e-01
3.247763668890769617e-01
3.783348997879010800e-01
2.544493447486776416e-01
2.841822016544827134e-01
2.885643289377904930e-01
3.723386974235009528e-01
2.520834819288452211e-01
2.294410989353553865e-01
3.213081720709417555e-01
7.298497307599495498e-02
3.615894057200200185e-01
2.602220105498320724e-01
3.396974058788194695e-01
1.164959566028722221e-01
2.765941350467829296e-01
1.630292153768287677e-01
1.227635773910480954e-01
3.690002872310502169e-01
3.701888484409724400e-01
1.664496670149400726e-01
3.127902018121970773e-01
1.980521210120223530e-01
2.198360750955545839e-01
3.395211941211447315e-01
1.094356832477943881e-01
2.351661200998451939e-01
4.988047606785026705e-02
3.099522135953611257e-01
2.537289240088531073e-01
1.143946050753673060e-01
1.980870845525444512e-01
1.613662445485208041e-01
1.420679955062754685e-01
3.584408868749778265e-01
1.252391130188241775e-01
2.404764768928179253e-01
2.927597293618771079e-01
3.267238222949809812e-01
3.929537436638712994e-02
2.961806599715496313e-01
1.707205117050293874e-01
1.096063954688675651e-01
1.866408475325490868e-01
3.575741049542208172e-01
3.645181057704135474e-01
3.816031413448589538e-01
3.768459814728079005e-01
2.675672988980076772e-01
2.468267323226434329e-01
1.030323515252737909e-01
3.696913098164854583e-01
1.479511671108175719e-01
3.533424543349586999e-01
2.502328432482672227e-01
3.417946433239920645e-01
3.736162279329038327e-01
3.757242866343617482e-01
1.742456695658771981e-01
3.791060139108853866e-01
3.367804047230696929e-01
1.462354893191644412e-01
6.969174854389316442e-02
1.756580714008534327e-01
3.818381198115904374e-01
1.222937699293125124e-01
3.796134695986276286e-01
3.759419726965507191e-01
2.709592909021841800e-01
8.621551596270607409e-02
3.422051808292013164e-01
1.415221724082662558e-01
2.181648385712631755e-01
2.900224737931682006e-01
3.225209743190452505e-01
3.720027426344434951e-01
2.331637793566361250e-01
2.629076619719831753e-01
1.107178436252572867e-01
3.346489522488456658e-01
2.862894287083536105e-01
3.517931666734558926e-01
4.494687788322392075e-02
3.080785467648233800e-01
2.922244865504218247e-01
3.132494587334139768e-01
3.677627534169739532e-01
1.853195684316498726e-01
1.531131183712258759e-01
3.815560932348740497e-01
2.363077777908798305e-01
3.423838440397721783e-01
2.713432151458057828e-01
3.601932201308178372e-01
2.932322557339865354e-01
3.809769141204497056e-01
2.396057183402098001e-01
2.922014752769736545e-01
1.606571451682156093e-01
3.802586624833298456e-01
2.056736529615154074e-01
1.223684989329023032e-01
3.709445229332694605e-01
2.667769746996639935e-01
3.210813043425470581e-01
2.115077116401099522e-01
3.027112013906773091e-01
3.692795799724030159e-01
1.417496568772663168e-01
2.864687125215427121e-01
3.745128757192024982e-01
1.974357841060946084e-01
3.793714720955740916e-01
1.761123026939802327e-01
3.231894682944593811e-01
1.664392441357515073e-01
3.067199190981566570e-01
1.884472185010173384e-01
3.634947521304108808e-01
2.596464804451321107e-01
6.159481123081888415e-02
3.558860552223054308e-01
3.190362382654347018e-01
2.409245634436783523e-01
6.264606221326028679e-02
3.409174129894833039e-01
1.975518470281405758e-01
3.699273316793807997e-01
2.864898687450326831e-01
2.403194034102391630e-01
3.095367331485547879e-01
3.781901952982681947e-01
3.340894959613991411e-01
3.378602383977316048e-01
3.514496413814603981e-01
9.147950759180366320e-02
2.737633633894407947e-01
3.428744289509139120e-01
3.080372810465141220e-01
3.496120965353660126e-01
3.638852952606536628e-01
1.401380233161999833e-01
3.751944724255881214e-01
2.013817994921108523e-01
3.411692740848891736e-01
3.789227284492895365e-01
2.129398711217285467e-01
3.740241932214449783e-01
3.307628404544131762e-01
1.319265359625290679e-01
2.551722653133585150e-01
2.390212869324847278e-01
2.459935776098524374e-01
3.351775562513703566e-01
8.752708750315678354e-02
1.860680395014933097e-01
2.381133471525870571e-01
1.672126292023673189e-01
2.047115341682178569e-01
1.548483738341896454e-01
3.790392199352103919e-01
3.826805501637877693e-01
3.008714228884232234e-01
2.625999807674195829e-01
2.779155549171922202e-01
3.740002871605890844e-01
3.209254599220768833e-01
3.624412904246117062e-01
3.211549562194888074e-01
3.809770192548596057e-01
2.029337251287404720e-01
1.866393649529921872e-01
2.519832557277904561e-01
2.837734762572830527e-01
2.506245599944973979e-01
3.778437660914606977e-01
1.454774212308714565e-01
2.800778692581095131e-01
3.749689351193853382e-01
2.439277036843304769e-01
3.110393216320749277e-01
2.860753657867960431e-01
3.218041721653457365e-01
3.469293219952047647e-01
4.312534872838793415e-02
4.692809065888776943e-02
2.301170073519163417e-01
3.102475763024115096e-01
1.138371145134894381e-02
3.773662050277294400e-01
3.775462640448090101e-01
6.517137828127136934e-02
3.720745822790445523e-01
2.654575911464518434e-01
1.998344567694238239e-01
3.789099939324146460e-01
1.654462277619725419e-01
2.825514662914419550e-01
2.903936902854850621e-01
3.055762557106472821e-01
3.616129885013138479e-01
2.540670495941741436e-01
9.132279830998869807e-02
1.377902356525700645e-01
3.488678212832951320e-01
1.487351021876028578e-01
3.335206727886985689e-01
2.502206486696680748e-02
3.001191026325035760e-01
2.952722561611071939e-01
1.117798953122790262e-01
2.363949975386147040e-01
1.709239776834083069e-01
2.121029898151021997e-01
2.485267873571314901e-01
2.344484085439589860e-01
1.237134713478340031e-01
2.148487032617430459e-01
3.092990617521325092e-01
3.507818568982201679e-01
3.365935631567625319e-01
2.147077963557827707e-01
3.829514972535605910e-01
3.242572746881832724e-01
3.700814658765525511e-01
2.055728902798307778e-01
1.201687570163657848e-01
2.987622669775292228e-01
2.923414898676635620e-01
3.744137270255496475e-01
1.389578419018601407e-01
3.236320119700166198e-01
3.493216565721997124e-01
3.585053406926023145e-01
1.399208338837998888e-01
3.829018009962854574e-01
2.236932631395557036e-01
3.505874350616784429e-01
3.504709447933228028e-01
1.997567849132094453e-01
3.758506679369261194e-01
2.383753281225794440e-01
3.588923578458700914e-01
3.391000909272677832e-01
3.297684946530562988e-01
1.287041536438982281e-01
3.099928620093513332e-01
3.805034207211730468e-01
2.467650363275425696e-01
3.510964916655472390e-01
3.054246395309158646e-01
1.885938408801318411e-01
1.327836283229765213e-01
6.380357317091538139e-02
2.172882145308425161e-01
3.045091539779683498e-01
3.252422360882652463e-01
3.651192421219159323e-01
3.605685713290768812e-01
1.620232127176221004e-01
3.235633879996891449e-01
2.992049110412844382e-01
3.613926826572384510e-01
3.522341040042192839e-01
3.724021942873815827e-01
3.287691880954253243e-01
3.705500698082995203e-01
3.014042454377617863e-01
3.809936247447576196e-01
3.430862657101440005e-01
2.840863570945802441e-01
2.213571921773223594e-01
3.637048967324725823e-01
3.751837694147763247e-01
3.628909667298950703e-01
3.623200717168043594e-01
3.623014970956495717e-01
3.827870992080115720e-01
3.763957954240353954e-01
3.783408829028462317e-01
3.749152836399267663e-01
6.630156913546293718e-02
2.659657971086259454e-01
3.761469482995886682e-01
2.304674578676610963e-01
1.517777723430642767e-01
3.101172929561782365e-01
3.609468680232474358e-01
3.073346546395765988e-01
3.378177262525643432e-01
2.962182193461145863e-01
3.557475941456689217e-01
2.576425048754229508e-01
3.677408746393569239e-02
3.714255299011181566e-01
4.645133534243744283e-02
3.690972514998021592e-01
1.495562406737662997e-01
3.500443655087061567e-01
2.179520087889327273e-01
6.754062767095098119e-02
2.954186860791954139e-01
3.199217909110946834e-01
2.014633974308625008e-01
3.511076095997289204e-01
1.505497854601673680e-01
3.685211478690339493e-01
6.518569420308971407e-02
2.288823295624558551e-01
3.790117118527864398e-02
2.513223766795184000e-01
2.405825656328604567e-01
3.540854438894225908e-01
1.437794415800258407e-01
2.010363581714604275e-01
2.088792175166362952e-01
3.328495447519794759e-01
4.736876933216198349e-02
3.453406616347213243e-01
3.769857336235115652e-01
3.624807367274001102e-01
3.779128317624936839e-01
3.701601561246649630e-01
3.150672509333882765e-01
3.822660847293523623e-01
2.855787563819647268e-01
2.896669144056026046e-01
3.189962264322022678e-01
3.517278557641338455e-01
8.624527479767177263e-02
1.957418055970221171e-01
2.837515041070677868e-01
3.237201130989073028e-01
3.806782443966763019e-01
3.795257404227087017e-01
2.388129525421832100e-01
1.850224982241082672e-01
3.779200689380064482e-01
2.998521173900102199e-01
3.232261150215068879e-01
1.819747256749106035e-01
3.696870471802171099e-01
1.817030554534944109e-01
1.916276874867233471e-01
2.435467432138351818e-01
3.623225977994168900e-01
3.361287585991860616e-01
2.602562370141366932e-01
1.186819744455537839e-01
3.194891155508081670e-01
1.791816400436527235e-01
1.272474367368836845e-01
3.344414726900514778e-01
2.691763649695650407e-01
2.705896718509208723e-02
2.908496802749033772e-01
1.533161356022467448e-01
3.400885204032751408e-01
1.765083686042013753e-02
3.768922255022848500e-01
4.597071263993831453e-02
2.212290654722794403e-01
3.260379552185397323e-01
3.833205145155647031e-01
1.218744345466947210e-01
3.701047260559110486e-01
2.648356733094863191e-01
3.244351148106467408e-01
2.746473768850619113e-01
2.900572535231799587e-01
2.611983355626473213e-01
3.447192718646713283e-01
2.074823924990550905e-01
3.540685301894826997e-01
1.194410546264604578e-01
3.733488287523134552e-01
3.758650511062062161e-01
3.812711923886424326e-01
3.744201010311477562e-01
3.751559521349384085e-01
3.763346246162351805e-01
3.782567195525750603e-01
7.415079083879118349e-02
2.265675837703496065e-01
2.803317828195623918e-01
1.926220024844718381e-01
3.449789818321608581e-01
3.831610472888868912e-01
1.953411957032425705e-01
3.798568012580776920e-01
3.015363511858124568e-01
3.015324861316572846e-01
6.757000253383693700e-02
3.810439650447274840e-01
2.526296752668392709e-01
3.285545237653539341e-01
3.519732341925443930e-01
2.106556899887191414e-01
1.182244020810176155e-01
3.773681690949243217e-01
3.820311331550716449e-01
3.677532738386695144e-01
3.817064378466008545e-01
3.634584944929110661e-01
3.028567938836773665e-01
2.188379834209062680e-01
1.376988349404877632e-01
3.744696379110911133e-01
1.448990649885631699e-01
3.592343109476665020e-01
3.207844329979556708e-01
3.524565312104981918e-01
3.427919842921538507e-01
3.617098845634440507e-01
3.687245975937496478e-01
3.609895912896261549e-01
2.407473556194485997e-01
1.741055925132012905e-01
3.752731688920397657e-01
2.044413794379871807e-01
3.404174320552857402e-01
2.915679281181402516e-01
2.213051580571313293e-01
3.000577739579775027e-01
3.562537073548772693e-01
1.073476325316000124e-01
3.543824575084345008e-01
3.681505437044238493e-01
1.659554310552253942e-01
3.215191140662432279e-01
3.248357764288424265e-01
2.457891248836863440e-01
3.650675821710233637e-01
2.902372424937454398e-01
8.802342994785369856e-02
3.136699447123178497e-02
2.276126892469816365e-01
2.057819845649062895e-01
2.884308643146623607e-01
2.438571157179258153e-01
2.606014689560375852e-01
3.217657461233525695e-01
3.247203969075579399e-01
3.797734785813216551e-01
2.185546746221816994e-01
3.182096937581846974e-01
2.230155464103394380e-01
3.110789897661036529e-01
3.740124764025508641e-01
1.813305473715695615e-01
4.189307006756337604e-02
3.287236545049745939e-01
9.995173087814308854e-02
3.579611024222779658e-01
1.211962615744345551e-01
3.799000894086659308e-01
1.156049472968653513e-01
3.478602848401501912e-01
3.199509690181227550e-01
2.814298365337817853e-01
2.160563262532363416e-01
3.455397568584882007e-01
3.520380485933174985e-01
3.299907260130720554e-01
9.218766576264854351e-02
3.370799302830402855e-01
3.593665521055566803e-01
3.558069357405993505e-01
3.757967082184119345e-01
1.930184180336961541e-01
2.556900925136425529e-01
3.793366060660386951e-01
8.630294975331211094e-02
1.081513322891886203e-01
3.339835574440208621e-01
3.066094531801947243e-01
2.096483207474709176e-01
1.509010241402425623e-01
3.638859459131644214e-01
2.960456107800978065e-02
3.491952770170961839e-01
3.197083241708276180e-01
2.199328912353777921e-01
2.137474724423258921e-01
2.537779632867640522e-01
1.128045852222136630e-01
3.582826356536067403e-01
1.702292662062724338e-01
3.247988755947144313e-01
1.104819871406207132e-01
2.502067292478372673e-01
1.847420440691601717e-01
2.441594398674797883e-01
2.447933612979249773e-01
2.097693704730700937e-01
2.596324682006586615e-01
2.818193698406193382e-01
1.413281654320670544e-01
2.279183094244417451e-01
3.831122009562194508e-01
3.753927600483991656e-01
2.854209827012147982e-01
3.826552076277399683e-01
3.780506503363438298e-01
3.282843936021658249e-01
2.413662923777004643e-01
3.625669591554556703e-01
3.806812137769487459e-01
1.590114663495910685e-01
3.687081004967293074e-01
1.949036188342442577e-01
1.732462438352491418e-01
1.409737719629204911e-01
3.498623394828969113e-01
2.742601275856353937e-01
3.634681081758729393e-01
6.519648240605468992e-02
8.904708233485675306e-02
2.982019297068940200e-01
3.397005789283437660e-01
3.723517536450326459e-01
1.574290620297351950e-01
8.882295466739215106e-02
3.464435612982319501e-01
1.759944989376571456e-01
3.825501691778225855e-01
1.128587603746974283e-01
2.092278650084293812e-01
3.717041832311435146e-01
3.422730774105470219e-01
3.195068310916988619e-01
3.644978148795837702e-01
3.360629385525598645e-01
1.497039640244142156e-01
3.262973634088915387e-01
2.832573006778730806e-01
1.654479163916769413e-01
1.645996358184325381e-01
3.151221694486113778e-01
3.662803967885076006e-01
3.741967485979274533e-01
3.799429085417281859e-01
3.824881043125359370e-01
3.733307973510150979e-01
6.759770757308181111e-02
2.832801632561087746e-01
3.169005806698278471e-01
2.161878309996836944e-01
2.304849318273278214e-01
3.538356430974651801e-01
7.623454588676226162e-02
3.372574140245682139e-01
2.788006649832623363e-01
3.399494395326863594e-01
1.334485101701924359e-01
2.882358047835560932e-01
3.813158887882046599e-01
3.411116867327965707e-01
3.607831500344292897e-01
2.164109821016335644e-01
3.307152802327460450e-01
1.261042738045993761e-01
1.583314196255945494e-01
2.224708494784198298e-01
1.392249356143109573e-01
2.830127450899893593e-01
1.080148185005792849e-01
3.735971972934390428e-01
3.766832290929224003e-01
1.876247929318049790e-01
2.765341549688491440e-01
3.834323599487305945e-01
3.018930809325828801e-01
1.326044206684919291e-01
2.966904370755432674e-01
3.725957174134948979e-01
1.938708169236400269e-01
2.593206928612141748e-01
1.244422026081813820e-01
3.596978137262150654e-01
3.727853881328280217e-01
3.644423601897813225e-01
8.590757548898983464e-02
1.600273672788738999e-01
3.619997384208998303e-01
1.377061638010946554e-01
1.779956201879753508e-01
2.267917299900642503e-01
3.305253665366169047e-01
1.590284778037721058e-01
3.793246069338719884e-01
1.497338841617018301e-01
2.823951687082710826e-01
2.604437201480787056e-01
2.643498350673788994e-02
1.697999423091794968e-01
2.993940158649266436e-01
2.051435355119491377e-01
2.852979779105216940e-01
1.965976549879306368e-01
2.335634474070475142e-01
1.678394412381528644e-01
7.925072558919649124e-02
3.620365093827253578e-01
3.310166442116900254e-01
2.157500898474044027e-01
1.927855823818598324e-01
3.300559188451430703e-01
1.724064426988744514e-01
2.966786065687282981e-01
3.264451966923441195e-01
3.539193612755113238e-01
1.591916535486147533e-01
1.243326299442014948e-01
2.945668002624522441e-01
6.575941399707242729e-02
3.090031392891211537e-01
3.247147338223032031e-01
2.640548113344707293e-01
2.609339980051317842e-01
9.893203488932107714e-02
3.445514958298020458e-01
3.370716343759826428e-01
2.596364273406098766e-01
3.352919039954962988e-01
8.560665315957773081e-02
3.022939918235744705e-01
3.823592496900609095e-01
3.133418893313602571e-01
3.644002588160077383e-01
9.010948177688900274e-02
2.043900908724802512e-01
9.817035127910188341e-02
2.409499159794979417e-01
3.411888264638011647e-01
3.798189546692347096e-01
2.836928162350921823e-01
1.170003829964680747e-01
3.275285018106030011e-01
2.620397746352204349e-01
3.773385921515046704e-01
2.374208787459102799e-01
1.713128348379227284e-01
5.957878543036191493e-02
3.684506060470828515e-01
3.056120070050895032e-01
1.480962524676710523e-01
3.712129874029678755e-01
1.286318373745001242e-01
2.160226352191791932e-01
3.811071277106018451e-01
3.534095858844464866e-01
2.136903633814276615e-01
3.411545622345866224e-01
2.980161534200792550e-01
3.649368619617270326e-01
2.473329239678432878e-01
3.441358187471639796e-01
3.200815911439417460e-01
3.339015515315712501e-01
9.193681771387676727e-02
1.305700109009613197e-01
1.364623882368921626e-01
