2.517927202319113489e-01
1.371698489331859838e-01
2.346406045615665181e-01
4.815407195262805251e-02
2.562016263499642399e-01
2.766767878636210987e-01
2.497340834434452761e-01
2.660891077228528800e-01
2.087197168100303202e-01
1.610316978432932422e-01
2.600479229007839344e-01
1.089053436241984724e-01
1.853297131354933736e-01
1.878313048398460305e-01
1.129691127323257244e-01
2.151855879162510032e-01
1.368831629738219702e-01
5.612499273868917088e-02
2.478054687021760683e-01
5.518116255047691987e-02
6.548322200803610715e-02
1.869549971342973349e-01
2.738211813201951172e-01
1.622220859299892126e-01
2.659822920986650852e-01
1.421588202159868863e-01
1.008581214122879210e-01
6.575276589296560892e-02
1.951476739121812409e-01
1.283254155152431519e-01
2.650866798465686403e-01
5.224300140804880727e-02
2.637154761720965634e-01
1.523109677489046243e-01
1.094149584945824649e-01
1.261620038269494481e-01
2.147802513961995230e-01
7.987851497870783468e-02
2.018022694363232339e-01
1.420774444378140045e-01
2.577401568237701057e-01
2.693349494113180254e-01
2.561399021150839728e-01
1.647305466992838863e-01
5.148100052400811366e-02
2.081391025127124483e-01
5.238270017107786447e-02
1.451475464738995746e-01
6.821118387659411142e-02
1.658649235773341502e-01
6.038910562973949514e-02
2.471200609975013063e-01
8.066415424212027008e-02
2.669077903314991951e-01
1.735235355742379137e-01
1.525212163224789474e-01
2.751554889200726883e-01
7.095728749731682050e-02
1.740402093442091902e-01
5.738765366066497786e-02
1.167198051705378159e-01
2.421981139217104229e-01
2.580709425643528676e-01
2.673684238198795748e-01
2.727570096376145670e-01
8.295787046680498655e-02
2.014259623631546869e-01
1.690581381259580185e-01
2.165670779102668864e-01
1.842471325763795353e-01
2.006858406247366000e-01
5.352247721494452631e-02
1.169144592133133931e-01
2.625043571604808723e-01
2.053490380940264093e-01
2.399589876078907780e-01
4.980789355699938303e-02
7.210066468109593840e-02
1.734985431865165295e-01
2.103075892819883108e-01
4.414907403737056840e-02
1.615329642397040355e-01
2.003880225635593371e-01
1.059024616834497029e-01
9.459862728353923833e-02
9.103686419086477744e-02
2.313730586037797132e-01
1.666681178373191075e-01
2.616592524845192114e-01
1.933213245222365484e-01
2.663854769688879243e-01
2.425809593998618230e-01
2.159327316298545740e-01
8.579380154782730028e-02
2.245232122026540322e-01
1.484818371801234771e-01
6.583129623104314043e-02
1.358385809088726026e-01
3.372971613764983584e-02
7.152779627279672037e-02
1.542051096760705675e-01
1.915563520247467733e-01
1.325831683195303756e-01
2.719857498215919045e-01
1.292881194099357589e-01
1.754934613932568332e-01
1.677841891293350707e-01
2.713898076631305334e-01
1.949465947063694360e-01
5.465225090210766579e-02
2.729548337272910130e-01
1.227019970500797807e-01
2.361551290371166276e-02
1.855982504679776490e-01
2.075445585479297195e-01
2.448401433022251994e-01
1.702566896399086982e-01
6.536937393067182578e-02
1.390452695874518085e-01
2.497769500618364502e-01
1.460356366125774852e-01
6.231386709784036276e-02
1.641699852249464686e-01
2.515315126288458769e-01
1.878308146462843164e-01
4.865789113256936693e-02
1.696605183920857907e-01
1.722823164003732532e-01
1.046892149149943191e-01
2.563108936222743273e-01
2.029797780466222057e-01
2.701646585294449343e-01
2.022673073464020255e-01
2.032447851895800850e-01
6.233328241644763013e-02
1.824015834999827973e-02
2.474012677164941776e-01
3.308645564117985993e-02
1.580237413266555313e-01
1.069867382873135736e-01
1.363287561191729724e-01
2.634909259798980941e-01
9.107630595859160516e-02
2.898200329112113338e-02
2.780956424590562692e-01
2.271113666916966534e-01
1.427241314736029942e-01
2.531817818122889530e-01
8.067874157655102740e-02
1.980983174653872247e-01
2.017142583206828488e-01
2.578306659398165168e-01
2.456060803153845840e-01
1.394106162997783005e-01
7.669670818822162117e-02
2.521044619062383640e-01
1.490370383806048915e-01
1.958271465712037585e-01
1.474496066480318057e-01
7.657504411605964290e-02
1.902689865631030097e-01
2.067914054196847984e-01
1.255105963910323752e-01
1.410029040006472167e-01
1.972358766666053032e-01
2.424286647587362564e-01
1.601514399472717121e-01
1.227263509429278171e-01
1.992930221054326212e-01
2.416989613772787815e-01
1.526977540543656697e-01
2.273579996322187269e-01
5.343855656530717424e-02
2.251914167692189717e-01
1.953414396684209908e-01
2.563379087142877433e-01
2.383713390887845507e-01
2.237021301403691875e-01
2.770134371618255820e-01
1.995692181248865937e-01
7.375494226037222767e-02
7.359994708878897507e-02
4.341392222776579296e-02
1.968321015153523812e-01
2.507265900047483953e-01
1.129915896147087873e-01
1.593748885566269313e-01
1.956507188731829439e-01
2.712681292885245066e-01
8.992284009533059452e-02
1.086735386387706059e-01
2.578047905536250406e-01
2.399367561326925247e-01
8.793226659528825817e-02
5.530108492028663891e-02
9.801344830144832765e-02
2.747884028054072281e-01
1.630734712551987764e-01
1.544480612282585485e-01
8.204990432998873762e-02
2.525904418176817545e-01
1.503291252035182379e-01
2.711940676555720242e-01
2.208386747609022704e-01
1.820556499001219908e-01
2.497650942306040844e-01
2.130175122101419238e-01
1.602442475198594118e-01
1.179357813859877313e-01
2.505896804822770746e-02
2.419887918531732629e-01
1.797935185677944081e-01
2.407619796182341176e-01
2.442296953950550131e-01
1.812898541890703985e-01
5.802513011235277407e-02
1.407820878504487672e-01
7.982754860490812177e-02
2.103937105239038485e-01
1.013216236749007737e-01
1.348755674573088315e-01
1.848925838003837585e-01
1.158361395877212097e-01
2.927805518689621453e-02
2.325368002793661015e-01
1.414820897143544975e-01
2.421088753713588615e-01
2.613221692571026655e-01
1.620493512854738749e-01
1.591272831521363951e-01
2.141473035248702417e-01
1.950124069756680179e-01
1.113427947698692883e-01
2.192558202832982084e-01
1.917059634993008854e-01
2.367198527876292202e-01
2.754204772889616848e-01
2.777982309415241366e-02
2.474788836198364428e-01
2.437258772817167685e-01
1.960358791485163343e-01
1.782746222087864263e-01
6.715265338301529274e-02
1.526643551637195673e-01
1.358058293345533185e-01
9.152865752075195482e-02
2.234367487428789434e-01
1.726019161033037208e-01
1.718098046329750717e-01
4.581481432532784337e-02
2.471148853647891497e-01
1.526466737055774403e-01
1.336341904885909870e-01
1.811854395690654651e-01
2.153859725174441311e-02
1.514444886804335588e-01
2.397527385549571566e-01
1.138719440749164646e-01
2.681896758949040005e-01
2.238782260034953009e-01
2.546773633073471377e-01
2.733231628295779148e-01
1.950775929236764350e-01
8.238994520862458204e-02
2.622009731528721632e-01
6.824446020022879866e-02
1.964656580075535564e-01
2.231016891515754386e-01
1.335462489120204654e-01
5.816113929992162979e-02
7.957005529211992612e-02
2.261968872704609446e-01
1.110004290431411134e-01
1.302562331854577315e-01
1.608416001134498341e-01
2.416904544723773654e-02
2.585047445532028254e-01
2.526244071416650638e-01
1.415986532317431712e-01
2.718323005584835639e-01
1.318310550780177892e-01
2.253683423606052116e-01
2.117441372859457105e-01
1.632820063616212403e-02
1.827406706522073654e-01
8.435931492190874847e-02
2.564982740128097238e-01
5.397134509130135233e-02
1.218477766319036731e-01
2.069129262492105659e-01
2.018724912143190220e-01
2.414925156799089395e-02
2.775779146496314964e-01
2.581851857826222285e-01
2.163368535347886534e-01
9.622486057774722046e-02
1.913610982032659114e-01
2.485604446849482285e-01
2.727575856555691236e-01
1.847956709429368904e-01
5.674306473889333818e-02
1.214715401386139010e-01
1.791017976263337697e-01
1.217758820696655392e-01
1.310205795731738954e-01
2.471491405716494116e-01
2.212184366996094997e-01
2.725565220363184715e-01
1.273776616751173471e-02
1.076254329571872670e-01
1.726281685372421937e-01
1.659256566395230226e-01
1.391714721700672008e-01
2.138059868760672777e-01
2.330839652773894211e-01
2.679834877337834986e-01
1.037807230279223919e-01
2.672666455998574109e-01
2.362616225396211578e-01
2.510170920115030735e-01
2.590725222754868273e-01
2.412177551134978559e-01
1.061689893567908244e-01
7.884348520060614762e-02
1.198557974121854108e-01
2.381673712440625645e-01
1.290779222125287284e-01
7.698487914141274868e-02
4.734267130135653978e-02
3.915290774695132786e-02
2.499331108168727500e-01
2.188061888448855977e-02
1.573248283897895061e-01
2.459316889257943395e-01
2.611870863048585401e-01
1.129069673779296290e-01
1.090584613834597594e-01
1.149997662660778713e-01
2.290568503124307542e-01
2.432725745885815360e-01
2.764530386727782202e-02
5.281507653131463365e-02
1.493196184141036276e-01
2.197176118056236582e-01
2.733161908485914893e-01
7.931168078054301462e-02
1.486812287963823198e-01
1.660322328730662045e-01
2.642429666567709390e-01
2.187867270642260276e-01
2.630494602207104071e-01
2.733905441991384966e-01
1.619159574511642163e-01
1.000772975513364721e-01
2.512544954574434386e-01
2.431596821169073330e-01
2.283476622705224446e-01
2.714333151082246043e-01
2.263440328939678170e-01
1.556011298719992275e-01
6.680780246516056231e-02
2.398930617904061757e-01
2.578050473104600004e-01
2.155317533899504812e-01
1.725788844537354538e-01
2.068654466848991458e-01
2.487416418539057095e-01
9.387468856926829697e-02
1.859942658283202099e-01
7.051830977298306768e-02
2.185279746817285762e-01
1.015006328361450216e-01
2.527115495223546393e-01
1.063495202291264985e-01
1.394884730537871154e-01
2.200983797691410393e-01
7.478503086918407428e-02
1.092406883971708959e-01
2.286815529950517456e-01
1.003107528211233113e-01
2.155353007886968708e-01
2.314708941901560679e-01
2.627658579455701138e-01
2.607764961723155750e-01
1.994139764995572495e-01
9.412180549401540086e-02
2.613483373588203484e-01
9.422805898044379902e-02
2.731182746976194564e-01
2.318331361015885939e-01
1.279972794313149198e-01
2.477589113961059797e-01
2.152220888578881830e-01
1.191168628932779416e-01
1.912619125493927041e-01
2.654492452714011796e-01
2.301342803531446768e-01
2.710837654986433809e-01
1.583170260296661025e-01
2.643421896060170750e-01
1.226002661440388081e-01
1.889347709231852523e-01
2.340415867498914226e-02
1.955117528053136322e-01
9.447314840447117168e-02
7.438803767883288287e-02
2.208841746720618948e-01
1.227872710410557455e-01
1.842418568217218944e-01
6.085636787939308068e-02
2.090879690333756480e-01
2.754393249136519173e-01
1.463485905230463568e-01
1.128443028880261878e-01
2.515729304289722745e-01
1.518672079547563059e-01
8.567860113602460137e-02
1.721941108310649782e-01
1.612831110346830132e-01
2.106235764828121027e-01
1.225610097616216948e-01
1.626419862579265574e-01
2.454151672546634466e-01
1.850461253266739992e-01
1.643094170810822097e-01
7.116297039999495977e-02
1.871833868024443404e-01
1.428163231999788618e-01
3.634815827947934785e-02
2.473581495167927469e-01
1.786966605930861707e-01
2.781536528636122663e-01
2.397361326345022470e-01
1.852630517872701499e-01
1.469961425557749224e-01
4.202074186324615546e-02
2.605947860540820393e-01
2.597238133236604574e-01
2.256219690768288544e-01
2.602187159337546740e-01
1.744175762115211525e-01
5.118594851820178204e-02
4.457013317466192864e-02
2.300371463785323700e-01
2.179719133335757675e-01
1.800640578264601499e-01
2.494486563635987808e-01
2.619550477332677763e-01
7.041986414543152661e-02
2.267560672511463871e-01
1.624699633760559592e-01
2.068925394679594632e-01
2.456409191528515987e-02
1.906587552320244683e-01
5.788715939786114040e-02
2.692939140320541602e-01
1.820928501341234074e-01
1.845404981842149461e-01
2.559923987868771844e-01
1.816816041124782732e-01
1.232585066735044366e-01
2.650236229057466586e-01
1.119635931911533294e-01
1.358119714901886155e-01
2.194138838011600590e-01
2.443094954461411672e-01
1.661419200515626138e-01
1.075432044181631186e-01
1.088646209389664832e-01
1.982593532488922394e-01
2.852732497880060628e-02
9.794071501428346094e-02
8.434290063777187541e-02
1.692355612249830943e-01
9.048261947703314934e-02
2.336128781873691440e-01
1.390813824140825772e-01
2.201349924902133159e-01
1.199184769827043306e-01
2.046671223335125578e-01
2.303860329470568957e-01
2.619787854655772907e-01
1.064311057320477677e-01
2.224071182845291650e-01
2.262403868842872146e-01
2.012562359106802590e-01
2.553219360271312133e-01
2.232149114348660479e-01
1.512906540216418516e-01
1.640134706360757144e-01
1.202197763865391067e-01
1.511376871702692914e-01
2.248801463540992807e-01
2.415308730305299467e-01
2.246169704008567358e-01
2.286012877898148665e-01
1.354673696281327167e-01
1.156400201580712744e-01
1.380025295159044429e-01
3.729401482356104608e-02
2.403634955915100457e-01
2.115249434354994629e-01
2.672693845558019032e-01
2.312983202477905120e-01
8.148870481882626582e-02
1.499481730392929757e-01
2.049402779520439755e-01
1.975406289716217234e-01
3.258852376583163540e-02
1.727218609753826684e-01
1.541783560677690290e-01
2.151690723505379210e-01
1.325788714640608323e-01
1.030847230927291192e-01
2.187556664865497880e-01
1.416822826354947606e-01
1.624508702121258141e-01
1.128514854026074210e-01
8.740937073983337524e-02
2.378697431461442580e-01
2.638910111589948260e-01
1.363295004112332620e-01
6.663869078831581583e-02
1.625478336622444286e-01
1.769074233923035866e-01
1.534620087020701629e-01
2.134083005307240155e-01
9.732255461855866818e-02
2.534189707394327584e-01
1.829612067475201165e-01
2.135724992061815430e-01
1.805624643254531425e-01
1.022441213721124731e-01
2.238915030438637654e-01
2.382692574308996891e-01
4.409129211699326645e-02
2.356715089050697987e-01
1.350043414801620212e-01
2.222462517791722325e-01
3.790891078400867448e-02
2.035051231870214361e-01
1.377090434121838181e-01
1.667806407360705456e-01
1.375009840872278288e-01
4.789276182216209432e-02
3.709585035749194543e-02
2.754707131720119939e-01
2.190413345666167022e-01
1.498516691555014657e-01
1.264072712294447565e-01
6.237147554152706885e-02
2.205291264638303550e-01
2.429539664581787939e-01
4.872664083674994873e-02
1.790413082083893159e-01
2.034494582767183701e-01
2.488768343753541834e-01
2.508600058172975045e-01
1.523179422857311727e-01
1.031842247381576649e-01
1.922345995432541976e-01
2.010894962533642527e-01
1.078475041820034924e-01
2.395940930098988952e-01
1.754296624197186072e-01
2.374412130102173113e-01
1.993377235302610240e-01
1.801524706912257523e-01
2.506746293091528521e-01
2.073639379169700814e-01
1.537220653013358918e-01
1.358300036102680075e-01
7.661971611401752202e-02
1.709963778472639584e-01
2.462116301592836287e-01
2.525070281718679865e-01
1.324812417146116472e-01
1.882519061500996516e-01
2.427014256611625953e-01
2.463132391508655317e-01
1.666942665398315204e-01
2.725492735954999635e-01
1.550200493535359436e-01
1.930583128274750149e-01
2.061621276077928444e-01
2.600412348604491108e-01
1.104020582250985760e-01
1.292425748253138162e-01
1.265894662803426773e-01
2.457182091573192062e-01
2.298808790299458338e-01
2.558116132582864966e-01
8.505865755068295342e-02
1.520618337129152065e-01
2.084285601746635741e-01
1.699399270899309145e-01
4.700033283545641816e-02
1.828315705874491714e-01
2.616238859278335327e-01
2.213080660969939661e-01
1.113320750600981374e-01
1.335456274613094629e-01
2.301594838991438963e-01
2.109284389450166441e-01
1.532198628026458231e-01
2.269482887923557624e-01
2.689375279655846773e-01
1.273383310356808462e-01
9.916922334571463826e-02
2.128462712374945831e-01
1.510803022527745509e-01
2.212935892391869885e-01
2.723789573987707158e-01
4.624031430250814118e-02
2.287890448266750865e-02
2.457657972332970564e-01
1.164906145567026763e-01
2.763589539836286413e-01
2.037684426140325133e-01
2.463897651251988896e-01
1.819810477940634885e-01
1.088125327926354330e-01
2.329064976783943308e-01
2.541174194727938151e-01
9.869042732137911500e-02
2.066552414118058845e-01
1.442561913862422662e-01
2.589179717530935010e-01
1.699596405534270216e-01
1.554654871712710662e-01
2.358638391549811308e-01
2.181227690321609070e-01
1.054820714907686585e-01
9.760456471742413875e-02
5.210547622711909910e-02
2.701848954308987971e-01
1.837190091958627869e-01
6.494245578726112744e-02
6.791195547225759022e-02
1.777586636043433088e-01
1.127306375487153595e-01
2.738039467444383090e-01
2.544863075091234883e-01
4.319585406494821228e-02
6.113459675430284179e-02
1.187623698524959276e-01
1.855921851259237643e-01
2.462831049769409753e-01
2.372709204559594887e-01
2.541956584575060241e-01
1.876274577498865948e-01
1.862170387698217910e-01
2.454130307927765153e-01
2.038941557763141454e-01
2.042652844264449263e-01
1.090014441704089537e-01
2.108488352621135653e-01
7.308529343017880486e-02
1.655811677532575688e-01
1.752318503246528547e-01
2.234843096320756062e-01
1.426116118096086571e-01
1.602077928937577500e-01
1.422627996510431869e-01
6.148067091737939582e-02
2.402241664801921250e-01
1.431565255985476071e-01
1.346172239987238339e-01
1.350046237997354903e-01
1.743919110887879598e-01
1.375012008845910849e-01
2.252326512689791782e-01
1.889961120996431765e-01
1.753980672348054159e-01
1.395515076905705643e-01
2.349092209403687570e-01
1.129389756239373155e-01
2.488382567994330274e-01
1.585736324489447069e-01
1.252662110183297983e-01
1.975153321046857757e-01
1.040129267271655833e-01
2.059861823216619370e-01
1.731227214629770528e-01
9.338915643255739363e-02
8.767085638910906975e-02
1.302923159712872092e-01
2.597852621646208338e-01
2.469046531960987501e-01
1.680964619736722288e-01
8.114638014610657535e-02
2.348667733128361190e-01
2.730086424591429695e-01
1.169882414980861346e-01
9.537830045484960162e-02
2.292804578316442743e-01
1.030359189391350933e-01
1.759357731901597943e-01
2.346697378639664155e-01
2.275628511252978659e-01
1.520293062213714519e-01
2.620773899547440555e-01
6.556514843647333335e-02
1.044514715279251382e-01
6.309400180929727875e-02
2.673652646037920633e-01
2.687065875537785198e-01
1.576343756291216092e-01
7.995991744903624410e-02
2.475966798126923996e-01
2.258580488407782583e-01
2.685355412580938128e-01
2.164440337395641678e-01
1.800881546829549706e-01
1.899391547706771044e-01
1.313363961395358215e-01
2.680002438725207492e-01
1.485651123753642111e-01
2.595363322841129361e-01
2.441190867106567963e-01
3.132580670385640836e-02
1.408603943615087117e-01
4.847538770634404748e-02
2.594015003120579976e-01
5.117349570405742287e-02
2.246095958715474683e-01
2.619098749838316698e-01
6.472871413921087169e-02
2.658785360595660174e-01
1.877837078418115313e-01
2.730702384586144449e-01
2.211942982228754795e-01
1.888666600477570956e-01
8.215541598736532392e-02
1.311382124079759071e-01
9.027101812085200350e-02
1.895306182402294315e-01
2.022109218268706154e-01
1.294536632418763489e-01
2.033460338052390515e-01
8.743224324028599226e-02
2.199887387580401477e-01
3.792577094573994223e-02
2.659599553489908619e-01
2.710905160013611925e-01
9.118780035966689290e-02
8.002051524219691570e-02
2.278708408352791981e-01
1.769513386519046272e-01
6.518995497555364615e-02
8.378744278298672077e-02
2.353202772170799595e-01
2.674035605936483928e-01
2.699779895974786514e-01
1.845047324094984398e-01
1.974639350220029343e-01
1.839831582020166056e-01
1.177665962362256930e-01
2.252893807416177785e-01
7.849320904073922578e-02
1.158141845754082078e-01
2.018770532014142194e-01
1.874791943893120705e-01
2.762203478989392891e-01
2.148181581331875534e-01
1.179407547127300365e-01
1.935725344329368158e-01
1.273642380008301322e-01
2.329610358647590806e-01
1.135898097326559220e-01
2.136715364982466336e-01
4.089780576579649107e-02
2.082047395055027783e-01
5.416557259760636234e-02
1.213335700869340589e-01
1.793382280558372122e-01
9.137301081459199559e-02
2.683469137478989297e-01
5.509646579821234763e-02
2.270855950480920107e-02
1.983955954668647770e-01
2.706816861468035462e-01
2.010185635983414154e-01
2.426553145858217353e-01
2.311103709697282238e-01
1.003830729131010985e-01
1.912667191980105263e-01
2.576852390683800897e-01
2.678250252510153695e-01
1.022859637837621460e-01
2.142118036564448491e-01
2.156544979909031101e-01
1.262308774695652114e-01
2.359496823503924867e-01
2.336330887470398354e-01
2.596752798243467941e-01
2.272498773012411322e-01
2.547285000729325732e-01
2.169268936117601521e-01
2.777122413730577777e-01
2.567549659151942554e-01
9.850443507770625939e-02
3.877417826151351860e-02
1.981349746728112149e-01
1.270933088592542393e-01
1.529153429742874659e-01
3.420723098643140697e-02
2.766076700734099725e-01
1.891987255535597934e-01
7.912843653942749911e-02
5.451298567811040802e-02
8.725393601049923065e-02
7.057557367774325296e-02
2.633004968156759662e-01
2.242301391151244605e-01
2.352643992588285271e-01
1.023233508744090525e-01
1.162313911463533217e-01
2.267441775248560387e-01
1.173671716697094192e-01
2.586255859803179846e-01
1.065732289044614145e-01
1.076346707649592088e-01
1.484008509676306153e-01
2.286516981864840370e-01
2.656266911033194345e-01
1.218413869116405229e-01
7.586016438408292595e-02
8.533617224199264994e-02
2.405667494388027128e-01
6.015380026030787974e-02
5.908461794831063735e-02
1.073959291788924020e-01
2.668036617277367850e-01
1.705255526980974934e-01
8.601571819110799544e-02
2.532620455834181383e-01
1.975853439344426588e-01
2.594983649361228828e-01
2.739784114895949529e-01
1.117689482731667877e-01
2.436408124970529387e-01
2.160253466111760057e-01
2.564605510221188434e-01
1.704449394046385624e-01
1.273821936495852514e-01
7.650652914056225995e-02
2.594256367816366038e-01
2.156713905611060966e-01
6.931394248612239573e-02
1.457624670421502899e-01
2.171606759421822741e-01
2.619203769984557173e-01
4.994431457616578529e-02
2.114046659510246950e-01
1.302202976353207808e-01
1.889761447507722347e-01
1.021907514891227942e-01
1.976075031479299637e-01
2.780474925540605824e-01
2.477847291601914248e-01
1.820827804657076110e-01
1.225347783278419866e-01
1.559116875460542506e-01
2.292772832163834651e-01
9.787121799122952548e-02
2.290708324928955597e-01
2.434023066003999924e-01
6.865592818472851522e-02
1.264166234173439707e-01
1.593670520587766037e-01
2.031939378218164949e-01
1.273453338723461725e-01
6.395267728001227669e-02
1.372790502597155959e-01
1.335995520631889921e-01
2.731864251115878051e-01
2.328570680158139339e-01
1.074584254672487915e-01
4.272739207935273564e-02
4.695988296568570641e-02
7.980023983903576645e-02
2.680406957966663395e-01
1.160009462689126358e-01
6.763365142463738378e-02
2.602697392246912100e-01
2.140267443814443116e-01
2.206904398480871998e-01
2.635040194786479328e-01
1.044492744707996579e-01
2.144845258271221855e-01
2.463276465558657258e-01
2.200132630225858088e-01
1.848240436659745745e-01
2.098042315871473384e-01
8.159525246279045185e-02
2.392626607968448282e-01
2.662939274527500455e-01
2.431321980974370245e-01
9.771970037561976408e-02
2.312734616437047142e-01
1.949030390151323400e-01
1.787455634483464950e-01
2.150663924688595297e-01
5.736086384875434957e-02
1.156929568036884209e-01
9.228062564263224410e-02
1.778618241289716684e-01
1.747322881948737971e-01
2.597859138562252368e-01
2.413640090785231507e-01
2.287585734740810728e-01
2.660438284634875084e-01
2.564900745170250462e-01
1.744230728808287001e-01
2.506986519229116306e-01
5.450127157763879487e-02
7.640864808009009690e-02
1.445226630049341321e-01
2.106513919852323058e-01
4.380819400377763267e-02
1.655503632677123027e-01
9.499916705587904686e-02
1.908956224885978992e-01
2.271371269668091553e-01
1.620226562092539624e-01
2.060814107961910779e-01
2.154099286416246428e-01
1.862543615569982325e-02
2.082113851561232520e-01
2.559918574772422906e-01
1.603182994409599604e-01
2.353054486402464951e-01
1.602427577810223436e-01
1.333177255485655521e-01
4.412229255214840384e-02
2.321977719846340105e-01
1.412915812614909949e-01
1.871911713398888566e-01
2.624308160078206442e-01
1.503062950290200428e-01
1.079554957651212566e-01
2.298965018270432425e-01
2.151128386201429654e-01
2.706320113926737880e-01
1.971971252709316669e-01
1.439201256614270896e-01
8.995056134717605012e-02
2.171260761909939718e-01
7.519826965166974408e-02
2.606129251976513905e-01
2.015400012823218290e-01
8.788385122369378466e-02
2.756718312045602359e-01
1.812739789172713722e-01
2.156034035198373944e-01
2.413587809881951873e-01
2.376994613020102509e-01
5.734734323838071995e-02
2.678340946561822422e-01
2.708919954711596634e-01
2.610962642029657221e-01
2.708448646781402847e-01
9.992642999748482802e-02
1.098539724267591916e-01
3.736644272074487322e-02
1.501915498080599876e-01
1.139012410992630425e-01
7.246020245268425253e-02
2.223678925836512776e-01
1.025613861504263702e-01
2.542385466314139864e-01
1.859525946170548227e-01
2.578207534264939094e-01
1.987154673536498106e-01
7.566263316358724789e-02
6.213503978105177489e-02
2.633385707778204687e-01
2.416240770288980710e-01
2.573389823473984372e-01
1.126839819996985625e-01
2.747857313351496078e-01
2.098608537758278603e-01
2.555875789147851185e-01
2.076602816341372448e-01
3.981564765497454250e-02
1.246683722365894698e-01
2.348518110044773011e-01
2.097151699957086057e-01
1.308416035301590008e-01
1.177136803383171809e-01
2.749104585606102491e-01
1.525418353510685499e-01
9.308530470402519297e-02
6.115801992213311389e-02
2.781888045779460361e-01
2.684320882821791265e-01
1.994603248059154399e-01
8.429212936808450074e-02
2.274492643453648322e-01
