7.341048200594066375e-02
6.432186409513440672e-02
4.981052327991605105e-02
4.324584551456663040e-02
4.866021463367525141e-02
5.200024095824023335e-02
8.581250071876500574e-02
8.060770222234664439e-02
9.829347731269444388e-02
9.291641351899058987e-02
8.468164573810744999e-02
8.444686739810301768e-02
5.474332732949338531e-02
7.728432279205295352e-02
4.672169120771436923e-02
4.048060912709062348e-02
4.614739394165767727e-02
9.614813027604841855e-02
8.943924845048877026e-02
6.379491281407548287e-02
8.356941671685930162e-02
7.113108964820040458e-02
9.050119242101235806e-02
9.389094110835598250e-02
7.802956898232119021e-02
6.527498505076730073e-02
8.149779586270661236e-02
6.170144462001381225e-02
6.436295024692335887e-02
4.404161973212201292e-02
9.077091944784937416e-02
8.936083438371465737e-02
5.527880405925347101e-02
7.225663344233447527e-02
9.315372893615996019e-02
2.228050587578481873e-02
6.737850049512406070e-02
2.937414162191125458e-02
9.928115323826590399e-02
7.278399298616929081e-02
7.341625671193065250e-02
4.559259249599624531e-02
8.686170691155516155e-02
6.390538902345546668e-02
7.259637574208033239e-02
9.873082981184534701e-02
4.253747945838083633e-02
7.252660309613162548e-02
7.421553473463761430e-02
2.368991757679523094e-02
9.044595815458994492e-02
5.189987519128760191e-02
6.106650333260434799e-02
6.834746045926370916e-02
7.682877215962265194e-02
7.341724025981784252e-02
5.603909147974615867e-02
5.746487103856608852e-02
6.628362237629487064e-02
4.228374007880333213e-02
9.951191735916789516e-02
7.352911419049540376e-02
4.313869120957249809e-02
8.626654423652639625e-02
6.636474142236567508e-02
8.822240343454999800e-02
8.471862599321501597e-02
9.312997009860636555e-02
6.675748960520526409e-02
9.927724987246165644e-02
6.369377914638382765e-02
6.431146337123343215e-02
9.886311732529144691e-02
6.133683639931749448e-02
5.937213096620806707e-02
7.724645016254980123e-02
5.859397768049681016e-02
7.809402402267545673e-02
7.034970375222597549e-02
8.187451957912671163e-02
8.623249188258040598e-02
6.737534155889493559e-02
9.268835321835483532e-02
8.844144566424021192e-02
9.421376120559861456e-02
6.610244316910664220e-02
7.569566949087178087e-02
4.693588725173418463e-02
9.189524564907680659e-02
8.482450909523862881e-02
7.651447217653556399e-02
5.250568133802745868e-02
5.714454027724565760e-02
7.857441992624270011e-02
8.735027534661596316e-02
9.454986567783023321e-02
3.535036738995733091e-02
7.449571313958400220e-02
6.724791729995047151e-02
6.261302245726747817e-02
8.699991885355636001e-02
8.987551560699054420e-02
7.355855734949305613e-02
6.324973689334897897e-02
9.406724507891714437e-02
8.913353238048946081e-02
5.636406097285204947e-02
8.953390764073300423e-02
3.980710696117169267e-02
8.838631726292123236e-02
5.568131634302799643e-02
9.090068553440448784e-02
4.483535809278011569e-02
9.876618473351639338e-02
8.460706652950916729e-02
6.170942979227248687e-02
9.587776749313364766e-02
7.371430870713824302e-02
1.822417352644335742e-02
7.777990778975243935e-02
3.872728841176938802e-02
7.102143395291471428e-02
7.533858518617501943e-02
9.047473929816948757e-02
8.182231915469154182e-02
3.224106487042057573e-02
9.360374558649751930e-02
7.008233080380969759e-02
1.421429317401116596e-02
6.873399039419120227e-02
9.056813008594842562e-02
9.438561121045890845e-02
5.490501971257570613e-02
9.097009348820914165e-02
8.734324310676637448e-02
9.680197139997032130e-02
6.657113819302301616e-02
2.969734424065931244e-02
5.944798032044932429e-02
2.712345044324583274e-02
5.522298163121389797e-02
6.162824236305453063e-02
6.538835534363945934e-02
4.398218714640238919e-02
9.272414950930291111e-02
9.016415353566285817e-02
4.982956674139812220e-02
5.749844099330300717e-02
8.197915785581208481e-02
7.795961746866715558e-02
9.386347230348039694e-02
9.843076381979617984e-02
7.297235002531640702e-02
2.701145528414358385e-02
9.501519278578222927e-02
9.879508997081017097e-02
9.876250816846167402e-02
8.433619235771991351e-02
8.630640127592378863e-02
6.431373103186477369e-02
6.361830864323159140e-02
5.944178425488999551e-02
8.469623266488368607e-02
9.015213565565671772e-02
7.705131332973057245e-02
9.796351975148986924e-02
9.788293484885503271e-02
9.112283640604275370e-02
9.857668631058093267e-02
5.517856353190039170e-02
7.964573385778847547e-02
8.959079165377291376e-02
2.848656672348641797e-02
4.399649738933326948e-02
4.633969223130957743e-02
7.657745707274374314e-02
7.182489492486307525e-02
7.621946401951268379e-02
3.297881467311215148e-02
3.530832695974391033e-02
5.012658375816170936e-02
9.948406025261298524e-02
6.230717480724035084e-02
5.433604453149366853e-02
2.282108017844967571e-02
8.221391657412345511e-02
6.701442904372036102e-02
3.806374343945970184e-02
6.186643727504168022e-02
9.316624210777506299e-02
3.078108239212861558e-02
8.834077064000284141e-02
8.558616539836330639e-02
5.168030445382973403e-02
9.420853109972089634e-02
5.663348366924031430e-02
7.319818500663420602e-02
9.032443210703804126e-02
7.583374012898513872e-02
5.741332159519185740e-02
9.506051336282808628e-02
9.499594142242906436e-02
2.694256590744211616e-02
3.693523181320291365e-02
8.117218077747377636e-02
8.198176430515440039e-02
5.955904435571640620e-02
9.921016833423100534e-02
4.322003269024184829e-02
9.487806159260687988e-02
6.194589567652748763e-02
6.639110192077576911e-02
6.182537951897371098e-02
3.912973764821703337e-02
8.045551364282367557e-02
6.719387115982684844e-02
7.967368762975454710e-02
5.861689209677779094e-02
3.349861239850176337e-02
4.854890167523404770e-02
6.767150409175851089e-02
6.725515896044453878e-02
2.402884172672918942e-02
9.787512213752970480e-02
7.806500087539326727e-02
7.086065697022654597e-02
7.743418427543245774e-02
8.958564245142182358e-02
5.050213559550120745e-02
2.532449144082938100e-02
7.841190597587253952e-02
7.871113278611863162e-02
5.473280876914707327e-02
4.870875096384878061e-02
4.756237298026794180e-02
8.492705234786258883e-02
7.125049965539503871e-02
8.743032120350625880e-02
5.849774157075101483e-02
9.432422291989271679e-02
2.229638255267191865e-02
7.627175040652829641e-02
7.914481281685209479e-02
2.394101780247026925e-02
6.197487956891747918e-02
6.020234882105027913e-02
5.493875546148251077e-02
9.721224439726904032e-02
9.633630608562579467e-02
5.900644602908561992e-02
5.329272689822561748e-02
7.690669903041127964e-02
9.724336084098347821e-02
6.337923779269237501e-02
4.784722261822670769e-02
7.695988665338769630e-02
9.608602757973705444e-02
4.310115242385841733e-02
6.481892192101355865e-02
8.992685175450461366e-02
8.711032671147081463e-02
7.932213713661133425e-02
5.677989366040648439e-02
1.951046188401190859e-02
7.937151158784638838e-02
7.817203781495454806e-02
8.091599998816122186e-02
8.760457311933281255e-02
6.100326371264273156e-02
7.454910422107192958e-02
6.793649871164529619e-02
8.906248980318465236e-02
7.059777497676342217e-02
4.552865800538093144e-02
9.310466142948969903e-02
9.067424399031673299e-02
8.911263621888117215e-02
5.673636568645573641e-02
8.354646228974441091e-02
8.987865734702095433e-02
6.424451284604686119e-02
9.967016426792767170e-02
9.450840888991703104e-02
5.689436729572248247e-02
6.034433617239232800e-02
2.619332806880240311e-02
9.086625764866758381e-02
4.010639214694677185e-02
6.231896021207639080e-02
6.933928699331547152e-02
3.860794182175873029e-02
5.703653819162448485e-02
7.947426891577991093e-02
6.554934568417106200e-02
9.171445657444611543e-02
6.167947889789839738e-02
6.528378214391912515e-02
8.441635127929625337e-02
9.530341687330989853e-02
9.853148340809073091e-02
5.064909820171890203e-02
6.490924244333348692e-02
5.938404084273959244e-02
9.939846281239815562e-02
4.538454815451093555e-02
8.014360525423558368e-02
7.172790069370955923e-02
2.522344823488847573e-02
7.694450400234915943e-02
4.275031126292849759e-02
5.957457085189664381e-02
9.339615959683904289e-02
9.589470239883561564e-02
8.454278936173653669e-02
9.048450166991379995e-02
6.694159361369993178e-02
6.474372898420821532e-02
7.991950824866915493e-02
8.574145329900051404e-02
6.863481812657477865e-02
8.979277375641459003e-02
6.507960097487541784e-02
8.489090308256916351e-02
5.493986448807851308e-02
8.689474172308071787e-02
7.491814995220165418e-02
7.089010510224429129e-02
8.428998392327317901e-02
9.500903386263234718e-02
7.690477524734437575e-02
2.949559015856872621e-02
8.978499464513599315e-02
8.336068673066787671e-02
9.861478820348462682e-02
5.450711182391859699e-02
7.874480808777002683e-02
7.321132232534892370e-02
7.666529245577717588e-02
6.088705464963434233e-02
9.437691911615274376e-02
6.505148136383830104e-02
8.741622185212664931e-02
7.852654332309237650e-02
9.618959749096037126e-02
2.849738108349649662e-02
7.077691620668639938e-02
5.835739301488970798e-02
9.950705238731036295e-02
4.787639453712166232e-02
9.424366012546253613e-02
8.125923414850191873e-02
6.339812330102251314e-02
2.249527818425276632e-02
8.634125713700452343e-02
7.062089309258998138e-02
8.447965055699224735e-02
9.209347816508033080e-02
6.220533567485135584e-02
8.719195970428682274e-02
4.934241557180784471e-02
3.905981346170735169e-02
5.913876310225250899e-02
8.238181148173620572e-02
8.193645892492998350e-02
9.948212194416011789e-02
5.916994076195614127e-02
5.212556498201411509e-02
9.045363709810763653e-02
8.688499844151385820e-02
3.038294239388640919e-02
8.495686385545291042e-02
9.031122290985406365e-02
5.058656318423369880e-02
9.267152752569299268e-02
9.342107680684140492e-02
9.364639153784569403e-02
3.233445736704905482e-02
5.405189680901736210e-02
7.072460271021063782e-02
5.388702399936930870e-02
5.824842627944273876e-02
8.435643613143413433e-02
9.953735488483102245e-02
8.890684857881803183e-02
4.383047245645439044e-02
9.968859977603114486e-02
6.183869147697212271e-02
7.213354920368011958e-02
4.012605473636236819e-02
3.869332614461958725e-02
8.632533880926027137e-02
8.375966561311673497e-02
6.994048686687537320e-02
3.234879845423344058e-02
8.818960817062516944e-02
8.239499513985543144e-02
3.257971745126508889e-02
9.129994008759650947e-02
3.333447833438858005e-02
9.197235763848914114e-02
6.457857189287111166e-02
8.781204799388508953e-02
9.617696032963074515e-02
5.684605084612472103e-02
7.937321293777931108e-02
8.698773526282300994e-02
1.919124281882544567e-02
6.510459632029612365e-02
7.014099209365015630e-02
6.552306722962530916e-02
9.692778166342193302e-02
8.392247323605633857e-02
8.024274752760299223e-02
9.652791622812623151e-02
2.791735756416201253e-02
6.166549295300891020e-02
5.444921212134511135e-02
5.674115018115712117e-02
5.287532767105402459e-02
9.726917524407559246e-02
7.375594127399817679e-02
3.821426249651078272e-02
6.704456048806167745e-02
4.095502030431184826e-02
5.894867247158058071e-02
9.588269922680496549e-02
3.689732987006399262e-02
4.031508871869698973e-02
9.787842151468083285e-02
4.323917385801519242e-02
8.978221326547997094e-02
9.651256642357020077e-02
8.548572493230020830e-02
3.976170449304529397e-02
8.277865568709974475e-02
8.953110436925218463e-02
9.940182219587641310e-02
9.271182451716251938e-02
3.605304722639222914e-02
3.375533750728553634e-02
8.139931700094434064e-02
6.850261238645276307e-02
6.660724752820006145e-02
5.436535209995786017e-02
6.969977707517557852e-02
2.082619950139671591e-02
9.202287884891928449e-02
5.994958386134212336e-02
9.266863599831118292e-02
6.649137047623182584e-02
8.248170771291572778e-02
9.988185658079787310e-02
5.866580415057631726e-02
7.148480988290577265e-02
6.785125077638802515e-02
6.166578020990418074e-02
6.108596173662319412e-02
9.152693991959050257e-02
5.640886404384592989e-02
6.966435394139235127e-02
6.822468119388397367e-02
6.924637267860996037e-02
8.137815533509847044e-02
7.909443826923311105e-02
5.829403790512890926e-02
3.588113898390311168e-02
6.744356039628889021e-02
9.039301987899733826e-02
7.680031696946938713e-02
3.684813191451492137e-02
9.124165673316027292e-02
7.349265919755013088e-02
5.765831836994674692e-02
9.784659468942848159e-02
4.744721762559277189e-02
5.702219061695712465e-02
9.119570314312078207e-02
2.081639453713054685e-02
9.914441572271577574e-02
8.006350009156032455e-02
6.560650035206465336e-02
9.882766438634851824e-02
9.167039899164822203e-02
7.034766302208710076e-02
9.582040836488743552e-02
1.671728038326853252e-02
4.247901468470239444e-02
2.787281311208881715e-02
8.245620926787314287e-02
4.946097721981781992e-02
9.902537505608149937e-02
7.135712811613595385e-02
9.893270764938390249e-02
9.916308370815588025e-02
4.609972035678337049e-02
4.900231983307028888e-02
8.531657507130133156e-02
5.479503116915895866e-02
8.065086143078521730e-02
2.591630927815524732e-02
8.225321227790645395e-02
6.749801881567490947e-02
6.957276942961677924e-02
9.201348575687752496e-02
3.424457890190747700e-02
2.008646026074718122e-02
7.360331761012565976e-02
9.587467066521218606e-02
5.835225798890103510e-02
7.710569925416896342e-02
8.312649617659473300e-02
9.525682555212576508e-02
8.518128769422832203e-02
6.624159963462486478e-02
4.747808301621810750e-02
6.225856734704734302e-02
8.339816611928912993e-02
5.463663085523657453e-02
8.753619153848928025e-02
3.789634681685061929e-02
7.791015247914964692e-02
3.286233524060730438e-02
7.929721289654260985e-02
2.677798205155021080e-02
9.864285290033909803e-02
2.326972613310145099e-02
8.701951457101347875e-02
7.814023833560077015e-02
3.068433201183478828e-02
2.833252883670412184e-02
9.824976105553083483e-02
7.704133630263308719e-02
7.769272352895059686e-02
8.656389849793659497e-02
8.406429969504747302e-02
6.212746207484866334e-02
3.156623251745467595e-02
4.554440619312827288e-02
3.464603790270148059e-02
7.006116749883736783e-02
5.657310741062099302e-02
9.479796164016619786e-02
8.158700812809041580e-02
9.669306312175719731e-02
2.669527939056029822e-02
4.498026580939862296e-02
3.962210144802024575e-02
6.657587402597645032e-02
5.870170661525539457e-02
5.881278913324718138e-02
9.691033278509872395e-02
9.956634781345213847e-02
9.127107249257407351e-02
8.186270820425159411e-02
9.743613475865826878e-02
7.748320421208934605e-02
8.410881140154258251e-02
3.634302514190514144e-02
7.022881008220466237e-02
5.655216065265016023e-02
5.577929899782448075e-02
4.482829715194230902e-02
8.854904788404927007e-02
5.756637180774161477e-02
7.739567475180716971e-02
9.734548950156893254e-02
9.072358885683670660e-02
4.198472717540770865e-02
8.310511613325080593e-02
9.646930810543360990e-02
7.058579952683531611e-02
7.907039118834918723e-02
8.778521738295554100e-02
7.067153337485343467e-02
9.256585051120656826e-02
9.444231749741116566e-02
3.743348400164214079e-02
4.847869710009565514e-02
6.345218071827900264e-02
8.016977231421834604e-02
4.980922064862841614e-02
5.061301215129049985e-02
4.838120743012645775e-02
8.101812501319914650e-02
4.373470763402183964e-02
7.931039239834684895e-02
8.924793404868103242e-02
4.150890654591814916e-02
3.318182247785207012e-02
6.719885220784266311e-02
9.483826854569198106e-02
5.184433562527515638e-02
8.899826892199363959e-02
4.545045811207940739e-02
8.245232263669363681e-02
5.187404493367202968e-02
7.794575880939869084e-02
2.865488812072720590e-02
1.894087433066000276e-02
6.844595571065834050e-02
9.715126371345342293e-02
9.166468349321488240e-02
9.071414590270920897e-02
5.234781807783017715e-02
7.284942680587994102e-02
5.256578971861704253e-02
8.252951287057400109e-02
8.662269630712654545e-02
8.288092796772031368e-02
3.523039991484305800e-02
3.289331721595695895e-02
7.876513011971250644e-02
5.718969681525604837e-02
9.940937406766672813e-02
5.853772119216685971e-02
8.974172131052249313e-02
6.110765084404357755e-02
3.499532682974280245e-02
6.209254948516798600e-02
3.445374034447401534e-02
3.641937411778400219e-02
2.306296511686133782e-02
7.898739242833524576e-02
8.918889922486752941e-02
5.079886708495506137e-02
8.449243929633755423e-02
8.422878998052404920e-02
9.834539908299989863e-02
7.166201225863097490e-02
3.719638763036409168e-02
2.971608294411363926e-02
8.877144785269606986e-02
8.077096182294636606e-02
7.444194482418062253e-02
8.955683128684299721e-02
9.430517378404211504e-02
9.372121361746076074e-02
5.012572412190192256e-02
8.181799932957305177e-02
5.640170441281401603e-02
7.070130427220462643e-02
3.628170061363705096e-02
5.981668212576878724e-02
4.310608159151019247e-02
2.939802791462805751e-02
4.647353889604686344e-02
6.930776537812721738e-02
7.736652031250015882e-02
6.552182019131806701e-02
4.837133714152441061e-02
8.888696536948118010e-02
6.754750660565773945e-02
8.193671379089483009e-02
6.832704661467310647e-02
9.123376808842879881e-02
9.129671835131218660e-02
8.918761734944444242e-02
4.722966883165800184e-02
5.709677760168748589e-02
8.766867897567846846e-02
5.965962860696911313e-02
3.772942109530774690e-02
7.114177689356533663e-02
3.538128795166457091e-02
4.020455393166228603e-02
3.415836962296532608e-02
8.173892573317670385e-02
3.451504273052564270e-02
8.070324592962983823e-02
7.083052837923373146e-02
7.996150513523808678e-02
7.256482554755534775e-02
8.263652944520621935e-02
7.168124021627218789e-02
3.432962906527994157e-02
9.565274906521817333e-02
8.460905750844553708e-02
7.943883019702945025e-02
2.767698526087539884e-02
5.719652662012800204e-02
4.787853460878397499e-02
4.135190875707633884e-02
4.562616951168053936e-02
9.346951962309583972e-02
9.170057942424261754e-02
9.563865920697234291e-02
8.899722682754215852e-02
7.485678686349866995e-02
7.951525928525191023e-02
1.693452168664982480e-02
3.460760632573686019e-02
8.090019674190535026e-02
7.620411470925900210e-02
8.726369334899486407e-02
3.222181058080340194e-02
9.251844866979720694e-02
5.747652093737632556e-02
5.222181972081846313e-02
8.125026855697818629e-02
4.700636446616158343e-02
3.810665557198611442e-02
7.838744293929925111e-02
7.507690833414978893e-02
8.252115744011499776e-02
6.774685525178543444e-02
9.420387001847407848e-02
7.165624347086631263e-02
8.074087403161402110e-02
6.558529742193598688e-02
9.965415219867924945e-02
6.314496472226557855e-02
6.967454643119562474e-02
9.449836534726253900e-02
6.804651573596581793e-02
9.205155495538298871e-02
8.099281361601781692e-02
3.576827503771603384e-02
5.179169475674062773e-02
5.748421954139461970e-02
4.743554996773206162e-02
6.804908009760211873e-02
6.037843540283655691e-02
8.590642606798433445e-02
6.967372891358351861e-02
7.926608763573267380e-02
7.665704797518088642e-02
5.848213296131205691e-02
6.363091976836514341e-02
4.017288716498790269e-02
2.019096148336631258e-02
9.102577699565782277e-02
8.307163086097940630e-02
9.435832985959459462e-02
9.087763246340298251e-02
8.538521067944071508e-02
6.275851384648918618e-02
8.087725092866253351e-02
7.673963552134006882e-02
8.459021865747970437e-02
9.619798453266975580e-02
8.628709563477100775e-02
6.550213974763363645e-02
9.225556965458121816e-02
4.299398290446709847e-02
2.300341019093718464e-02
7.882274614616838204e-02
8.326088612816180679e-02
7.081328710583434383e-02
8.609239133372163788e-02
5.619537677714114832e-02
9.901295187370937056e-02
4.754620960786759554e-02
8.690088931325841426e-02
8.010144703123908694e-02
8.233498534787735135e-02
4.862179976186849217e-02
9.594491597868173849e-02
6.505319508054223376e-02
7.740940022397570230e-02
9.996135384886381536e-02
8.138928064731525136e-02
5.804913699471403454e-02
9.449171410739894139e-02
5.869458281924083004e-02
4.638637573966473970e-02
7.675556271020286814e-02
9.925290100721331776e-02
7.770717673488927724e-02
8.068824048497975909e-02
6.953746528657947512e-02
7.025786154738228317e-02
3.709412618466145090e-02
7.711639726721028487e-02
3.858520306128476740e-02
5.761232503802257016e-02
5.885970690979743652e-02
7.078262017032016518e-02
7.614774766111476190e-02
9.855193337875203796e-02
9.377091471156093205e-02
7.142634729524117987e-02
7.158936658141844267e-02
6.340013470331537504e-02
9.284194706458995250e-02
6.646969579379162496e-02
5.280416926591505883e-02
9.697119889839843354e-02
9.176793008789425887e-02
8.550062966671478915e-02
8.139490491261602845e-02
2.896882904971150724e-02
5.353066696172059657e-02
4.180828375795023893e-02
7.695024111641551867e-02
6.624497092686056077e-02
7.234321111421823658e-02
8.017026599173472656e-02
9.103961190428035144e-02
7.676867528134864727e-02
8.386979751326525956e-02
8.519339940149743551e-02
6.900408693022606899e-02
4.431994516535450040e-02
7.340515690726837073e-02
6.695499716081304564e-02
6.885805337327655096e-02
4.911890381789871252e-02
7.040987110541356564e-02
8.157384507400218532e-02
8.081167020614195284e-02
7.611722620216257451e-02
2.660006758943337171e-02
5.791804843901990352e-02
7.499178111519455570e-02
3.984468793496599714e-02
9.510332127799048241e-02
3.554755125891911199e-02
7.860070965006765720e-02
8.634706994383040124e-02
8.736019556963893484e-02
5.341362377452021221e-02
7.931755314425940895e-02
5.953203463714454302e-02
5.795743194133227971e-02
8.137763818122273340e-02
3.868605477952191674e-02
9.720969390503068908e-02
8.069572745938927150e-02
3.286571861405493400e-02
8.421229915499352237e-02
9.394882107344369737e-02
6.646524529204582421e-02
8.377440841284289341e-02
9.353903663558818526e-02
8.086716176211976304e-02
8.701146282376651109e-02
7.093167146530462985e-02
6.306341353815592132e-02
9.985764432202795526e-02
3.373031057131358618e-02
8.153875487851199033e-02
8.810183952425106046e-02
2.676180618209936246e-02
8.541397254929117278e-02
8.734083490875141353e-02
8.923158904017371162e-02
6.180870635317966405e-02
3.815670387669801988e-02
9.430475948881532344e-02
8.543122745222868353e-02
3.818142941274062924e-02
8.049912490071918503e-02
4.742537742138804024e-02
9.983042027221797343e-02
6.919000299288040334e-02
9.485912267260727948e-02
9.373390267311519641e-02
5.916132357928655106e-02
3.426889815903230024e-02
9.330078100225173976e-02
2.155218463031569054e-02
9.457469126759449063e-02
4.727615438700494277e-02
8.330732678559291116e-02
5.324475646428217940e-02
9.724764985308889664e-02
7.258936733416931908e-02
7.690403699866200926e-02
8.513635086869117408e-02
8.713329266231296943e-02
5.115721543976062269e-02
5.213291165594515636e-02
9.049272296733962273e-02
4.467378389422484858e-02
7.949686058976421221e-02
8.000345756841138745e-02
4.646404424141822864e-02
7.982503721664208074e-02
4.635947193413705175e-02
5.370047752787171502e-02
8.373185895259330214e-02
8.086542250261061215e-02
7.488099657891127137e-02
2.401550633877662724e-02
9.490229838872825396e-02
9.302867640368767121e-02
9.738439365469726827e-02
7.860041193401506865e-02
6.040973977527863692e-02
9.918790586709472223e-02
7.665922408887998474e-02
7.560400358567513635e-02
6.224943134635352315e-02
9.622035499829868777e-02
7.771717637547076452e-02
9.757514432325009590e-02
6.883384241954644545e-02
7.721879569470059546e-02
6.936789380556454554e-02
9.111775250727828512e-02
6.879881983249085120e-02
6.844640425258875782e-02
8.209138157111131595e-02
9.377124210719355035e-02
5.748324586564314276e-02
3.321552260598536338e-02
8.870866252093193016e-02
8.205348190050504309e-02
8.247404168532544710e-02
7.241497499392424153e-02
9.945867306600048030e-02
8.380688556602725048e-02
6.465761627766906938e-02
9.447217540879700171e-02
7.941536039166278982e-02
6.848081881486987876e-02
3.098825603327500997e-02
9.297317992393810959e-02
7.190764740652354214e-02
3.778921917948692422e-02
7.243368274776836035e-02
8.096014433550738354e-02
6.954449030255092923e-02
5.756388670969147386e-02
8.341964447968702734e-02
9.428415604661091742e-02
6.174605044627853867e-02
9.775574951933929668e-02
5.879131206578486896e-02
5.064592047512212619e-02
8.164505150689796431e-02
4.184948837043053066e-02
9.796542304972889748e-02
7.226936588207172329e-02
6.359648250004810988e-02
7.677401878652106992e-02
9.992739958624898000e-02
5.432139597093518790e-02
6.258343177425554349e-02
8.811985163909384633e-02
8.927231283900043113e-02
4.972196607405065388e-02
8.966557037487761506e-02
8.606372063550823959e-02
9.181286382155709469e-02
8.447064936390714929e-02
9.447073710721405615e-02
5.790093085501333420e-02
6.460003867607996830e-02
8.329334045638271677e-02
7.357933700682969813e-02
6.892610505648144592e-02
6.520624661756538321e-02
7.337730960000587999e-02
6.627860375050284580e-02
9.116193661453864117e-02
7.521524907310905839e-02
9.693191327497123477e-02
9.155651689094249090e-02
8.815628133123327992e-02
3.719117780829546416e-02
3.861993583214260589e-02
8.940358610583977461e-02
9.010945088650966495e-02
7.700853868362950161e-02
9.041760147063301889e-02
8.243311599038420645e-02
5.207971812827450614e-02
7.668248423854412410e-02
8.544177639424631321e-02
9.686399047416810459e-02
8.559305394497560004e-02
4.214665757023994958e-02
6.897548346594765956e-02
8.275366007799407619e-02
3.655813217137816179e-02
4.396582880574732149e-02
5.281503978052112802e-02
9.863502349600496155e-02
9.004241401881681039e-02
6.637630942927735811e-02
8.779490120116846541e-02
6.196893309674256223e-02
7.510942761713418347e-02
7.699218417321261609e-02
5.482751551094602188e-02
3.021877291616361857e-02
2.438952399205087870e-02
5.991666060807469829e-02
8.465376656828108026e-02
7.854910886843949336e-02
4.940480000725022691e-02
5.662044657387761692e-02
4.575153262725778491e-02
7.187483291158683341e-02
6.181102410002748543e-02
5.168343740649133933e-02
8.945597448682088282e-02
9.959483005861488603e-02
5.100766242493642161e-02
