1.407873445288674041e+01
1.590566967255116992e+01
1.507786729532779191e+01
1.558371828769109690e+01
1.516301863871185418e+01
1.550515994581068568e+01
1.641144358613632903e+01
1.458817439028121044e+01
1.666905628116264992e+01
1.666842056689489482e+01
1.630318214042960534e+01
1.355782045868886243e+01
1.544541641272503796e+01
1.637248483123851983e+01
1.563392467429305022e+01
1.664479313852668696e+01
1.653250800766772954e+01
1.646729336185740777e+01
1.601579499703521847e+01
1.557263860197597793e+01
1.655766725309718979e+01
1.605552362404438327e+01
1.598710744398280248e+01
1.656161782449042619e+01
1.500310508211697069e+01
1.559345805574557708e+01
1.591015700696317658e+01
1.531387328472503739e+01
1.657011513421118920e+01
1.550044732055486740e+01
1.656214458438229187e+01
1.492885231233326593e+01
1.633886173262090580e+01
1.552086849498862975e+01
1.580028978350371283e+01
1.612255820704769960e+01
1.644401789784923196e+01
1.581963654000718122e+01
1.664977734944606880e+01
1.478208819852473255e+01
1.591660221360793059e+01
1.612744810001383655e+01
1.585165637280073980e+01
1.574909934283067869e+01
1.457636703734289263e+01
1.471909690570583251e+01
1.648769689324037557e+01
1.655093979176506025e+01
1.642458100267508669e+01
1.647817495646527064e+01
1.361237217130624977e+01
1.607270210193113869e+01
1.638759573451547169e+01
1.642100367073398104e+01
1.653019545521792111e+01
1.637430213113272970e+01
1.522253438931773140e+01
1.598009339103003512e+01
1.588717676503251575e+01
1.630405926930708205e+01
1.647242771991303911e+01
1.659099877672621659e+01
1.614793581619020557e+01
1.588972998263553293e+01
1.611970350581273337e+01
1.516241666033309166e+01
1.597113756009677843e+01
1.460989045890593019e+01
1.601952574545310526e+01
1.371444514639937395e+01
1.639193418632306987e+01
1.552046058483381508e+01
1.645002539079701975e+01
1.654812119337423226e+01
1.626286340649190265e+01
1.601738054057843286e+01
1.661079259420884568e+01
1.577984004897156822e+01
1.499837246292295845e+01
1.526724242090340411e+01
1.616964376321745434e+01
1.513734102851154617e+01
1.493979531227438073e+01
1.573646529742384637e+01
1.660409014471491318e+01
1.653103906854516936e+01
1.658586914508227395e+01
1.585093529066761953e+01
1.591429666633475293e+01
1.635363983946370325e+01
1.656113714238601986e+01
1.642041540623359808e+01
1.634435159672748838e+01
1.583636625180380264e+01
1.584722058761148311e+01
1.615862115182394376e+01
1.621474679443191746e+01
1.645821081469637548e+01
1.513894363070499161e+01
1.636892712303120234e+01
1.550587187990464777e+01
1.442213334334919139e+01
1.642370417162903706e+01
1.586479502484137960e+01
1.618910021303624802e+01
1.616827333925898103e+01
1.594370001062869058e+01
1.331297830426023410e+01
1.447897498465330379e+01
1.550444044628179263e+01
1.581056421193947514e+01
1.659332857272609019e+01
1.617873508699865681e+01
1.507845082291240679e+01
1.657190927197840224e+01
1.653491603905144558e+01
1.505064666453629307e+01
1.650643808086762476e+01
1.483748849655797208e+01
1.620490568954908994e+01
1.638722653626710368e+01
1.665505027537882299e+01
1.538269353333090805e+01
1.594147137556204186e+01
1.609954849336030591e+01
1.638709180542159771e+01
1.656156280947363513e+01
1.610331778231636335e+01
1.623786319909735099e+01
1.592701551561341944e+01
1.655470868986440536e+01
1.625355803409027899e+01
1.528909192283688157e+01
1.526763727860045705e+01
1.667174479626485706e+01
1.640179095378164931e+01
1.561697639469404209e+01
1.635277266510236416e+01
1.570858116032880680e+01
1.621491058155312359e+01
1.575403375089014624e+01
1.658603353402751424e+01
1.661394453222266421e+01
1.629958805853251746e+01
1.542031645339671542e+01
1.587911910696150208e+01
1.591602580642152276e+01
1.621089856748682578e+01
1.594772243686927560e+01
1.613562967990024077e+01
1.598410147319308194e+01
1.475162338674132911e+01
1.650395116393196915e+01
1.556468564359300188e+01
1.580629981433306064e+01
1.643975097793008544e+01
1.575939430377821715e+01
1.486396012623083074e+01
1.566433840153339396e+01
1.618509238465980360e+01
1.572694169746110049e+01
1.573282630314119679e+01
1.633465496431034225e+01
1.520169938660204245e+01
1.600935408674197191e+01
1.591426426718961551e+01
1.480097268161116375e+01
1.593759340431209992e+01
1.578473009977700769e+01
1.664327656327312255e+01
1.624452703385908947e+01
1.547268473161658875e+01
1.660506185130812185e+01
1.537843172527083446e+01
1.450048371922660451e+01
1.651934697861084800e+01
1.504543048516295300e+01
1.527928676773494843e+01
1.661219514793130969e+01
1.622300925629867407e+01
1.564161822133772617e+01
1.616479477347105842e+01
1.613567030632533417e+01
1.655926350116488877e+01
1.561104455041839145e+01
1.544698010602091109e+01
1.648388211398794567e+01
1.618357676294546366e+01
1.608513108611671427e+01
1.661862672944804586e+01
1.517253601234702209e+01
1.632217391756762481e+01
1.608069978862543792e+01
1.654721938528535574e+01
1.577583832309791134e+01
1.616577142511104626e+01
1.572818945660090151e+01
1.521302458463832252e+01
1.666435435452427782e+01
1.521783118632252041e+01
1.562281333903791136e+01
1.583849260848653273e+01
1.590134509924133610e+01
1.436723696396089700e+01
1.573922062390601262e+01
1.563439225467261728e+01
1.636018797722804052e+01
1.554702217859044922e+01
1.666951707797175786e+01
1.607990725275685051e+01
1.581472461763222626e+01
1.637367106709610809e+01
1.628401501747827496e+01
1.604275359370261000e+01
1.632230783306327737e+01
1.560604637791248273e+01
1.639724374345139779e+01
1.628808955034049077e+01
1.541491256467620552e+01
1.584814578556473741e+01
1.661486474249928591e+01
1.458467685892363974e+01
1.577861367865582665e+01
1.661675778763922295e+01
1.643185038143572285e+01
1.535220536253272705e+01
1.594156351859853693e+01
1.656050470896344251e+01
1.534208478740702120e+01
1.655792717349558885e+01
1.660951759052000298e+01
1.561852404690664997e+01
1.637161326145901086e+01
1.546527233550244240e+01
1.644587449855471917e+01
1.648126674508187151e+01
1.656960110234355810e+01
1.550412224525344840e+01
1.604671685458182395e+01
1.490754934039892809e+01
1.469275037151677132e+01
1.524474606667765286e+01
1.619667535910212308e+01
1.540314001168454539e+01
1.597103094952198354e+01
1.653564844260150224e+01
1.628837898967608666e+01
1.664870748148623747e+01
1.462447764206552669e+01
1.597030366381360267e+01
1.664914869771627082e+01
1.412781355653998538e+01
1.629103120065961008e+01
1.619283992840822606e+01
1.601582619268138785e+01
1.364310495374738963e+01
1.620828272632441625e+01
1.565409548195788325e+01
1.648541636541442301e+01
1.591983051506180935e+01
1.461182623035227124e+01
1.631081429847441910e+01
1.490511076127510037e+01
1.662227465495270806e+01
1.529564967391188901e+01
1.627126021850354576e+01
1.662044616967532917e+01
1.618506698982461245e+01
1.545443250681220881e+01
1.583426669885126792e+01
1.609640815792113955e+01
1.642159890431370783e+01
1.581558519191112921e+01
1.654039666633542183e+01
1.567883031591393816e+01
1.528383642065785253e+01
1.588786290217514718e+01
1.644814616931209983e+01
1.578652689919329433e+01
1.639278028842862511e+01
1.630858216465767185e+01
1.645725214745544207e+01
1.653025415610688142e+01
1.571326663513870514e+01
1.595862973715981781e+01
1.491351217203215818e+01
1.569786904078042866e+01
1.625297423685239906e+01
1.617248087926092737e+01
1.570351508996865064e+01
1.647458201998781391e+01
1.656353783745900898e+01
1.474388188161139013e+01
1.621619127557557505e+01
1.559560857181005389e+01
1.618994581980326330e+01
1.649631679685775509e+01
1.562380566222801193e+01
1.591289372009370950e+01
1.663890666185771749e+01
1.658132159032295760e+01
1.572400908952188558e+01
1.602705216796198684e+01
1.621344248779413633e+01
1.587183621943211165e+01
1.604984119119655972e+01
1.665350631279453353e+01
1.570061815527938975e+01
1.606161447429101230e+01
1.464963928010302041e+01
1.513849500238222490e+01
1.589952595120945489e+01
1.537019457473380868e+01
1.656986458493501857e+01
1.631242676547071824e+01
1.520633923814798472e+01
1.657221878030557605e+01
1.528149883904471196e+01
1.545030186805831462e+01
1.564316487994742744e+01
1.577696474818520578e+01
1.479947665046356953e+01
1.511495418631575127e+01
1.620500698712916687e+01
1.540571717102479177e+01
1.647840565784074229e+01
1.634859819813780746e+01
1.538782617364125826e+01
1.645369592453281271e+01
1.662468959807680235e+01
1.620569459620187303e+01
1.641799228226192398e+01
1.570095027526867426e+01
1.496539537096021633e+01
1.388914892694762315e+01
1.647441910863759773e+01
1.540771664617132686e+01
1.610516599012823136e+01
1.617934317960132518e+01
1.583278706610852282e+01
1.655899122268005641e+01
1.650692380231853207e+01
1.481098214909222932e+01
1.508962456403024532e+01
1.648993856051787787e+01
1.537615343441341409e+01
1.545637898055829318e+01
1.459219165084470404e+01
1.573524988727441709e+01
1.617899945733080003e+01
1.436609021068108660e+01
1.621353787377262634e+01
1.571972013627059539e+01
1.560581426682051642e+01
1.611004536648382768e+01
1.598215528281179587e+01
1.633218987695796187e+01
1.660860400817214355e+01
1.477246485249345653e+01
1.540707450895551922e+01
1.541352727043102178e+01
1.658991694641598258e+01
1.579866678295019611e+01
1.623702637279797401e+01
1.581978094546832025e+01
1.563136297865853308e+01
1.568285508755324642e+01
1.600365868397631886e+01
1.596100982044109529e+01
1.516329254061269083e+01
1.535834818813803615e+01
1.541629712113993200e+01
1.494927793806247962e+01
1.517836274495952864e+01
1.601931281352892000e+01
1.602500556385720643e+01
1.436704540690529441e+01
1.648933905783266596e+01
1.488567427312454505e+01
1.616434781251355446e+01
1.571912870149012242e+01
1.550977196703131256e+01
1.594176482041668308e+01
1.524663156132338493e+01
1.532476016275648689e+01
1.592241558157365056e+01
1.660704451345580068e+01
1.653735583278074373e+01
1.505339403511702301e+01
1.632096195227709501e+01
1.533028015472058314e+01
1.568314351230767478e+01
1.659247328364297047e+01
1.618459706703944789e+01
1.511441712322368147e+01
1.578928420985756631e+01
1.588172530610175848e+01
1.456404238402059725e+01
1.533485416568966642e+01
1.536574880105506935e+01
1.337610789864352157e+01
1.471079789429076001e+01
1.664344291884880533e+01
1.628323104975168079e+01
1.579696581788010157e+01
1.508735328539540177e+01
1.589985693231884945e+01
1.508788019126414603e+01
1.603509894322647611e+01
1.589644261374344936e+01
1.590000319426521713e+01
1.631744313260891133e+01
1.640298485975239373e+01
1.547195139750334469e+01
1.557130366280229339e+01
1.618467005755588062e+01
1.433825661984355193e+01
1.639234423859386069e+01
1.652228997827289447e+01
1.529242600363333615e+01
1.582249774195678604e+01
1.560670068299910440e+01
1.595778571905505672e+01
1.551806673198941411e+01
1.538188618481296643e+01
1.626972073872081026e+01
1.540654149196396894e+01
1.652387276053173082e+01
1.392970523075371148e+01
1.643845369036415960e+01
1.576092723110880023e+01
1.593120781651524354e+01
1.614009285483373901e+01
1.582870894432473996e+01
1.558788689843535735e+01
1.563409924697379338e+01
1.653914536646996325e+01
1.610127800177205870e+01
1.642778458804986386e+01
1.587155039667289635e+01
1.513617540912637338e+01
1.653900734899309199e+01
1.552525702321609913e+01
1.587934885882891400e+01
1.596439116170514794e+01
1.593254976156199199e+01
1.581881367092088198e+01
1.633723710437999799e+01
1.664460564151188393e+01
1.613958011764146505e+01
1.604523745021216996e+01
1.640407204440567668e+01
1.655419986337900085e+01
1.644748852056763511e+01
1.516928747586358206e+01
1.565253823400600908e+01
1.560353064431467729e+01
1.591802815811814398e+01
1.568346881224965905e+01
1.630300127686281542e+01
1.458987793342834927e+01
1.660928571072552629e+01
1.533284867942276186e+01
1.647153205385470898e+01
1.663471526290210889e+01
1.625821146425345276e+01
1.586740635030171909e+01
1.546411667296099957e+01
1.649249530892821269e+01
1.662165804775663602e+01
1.511667335455489436e+01
1.498353897617310082e+01
1.664263200622585970e+01
1.578602476069377758e+01
1.653040958035815677e+01
1.598784029419833530e+01
1.637834245179196557e+01
1.635166211665195135e+01
1.568111321626234655e+01
1.462202893255670588e+01
1.640044328604644619e+01
1.652606877827158272e+01
1.655444843954233747e+01
1.480753765180508807e+01
1.635925075590730415e+01
1.538197613755094295e+01
1.650467547610251628e+01
1.551187191618624972e+01
1.493933838217362364e+01
1.514650945349221800e+01
1.447676907376030186e+01
1.634734081149363760e+01
1.584726129620784540e+01
1.624718881369092571e+01
1.552145626914384913e+01
1.490220310787821667e+01
1.636946527731731393e+01
1.606300355244137990e+01
1.643003124407169935e+01
1.610677199079350430e+01
1.661752032857778616e+01
1.644166217167706634e+01
1.513831704140541667e+01
1.594199235911831991e+01
1.574557348380722566e+01
1.568866462781515736e+01
1.478339134048141901e+01
1.476332720031146195e+01
1.593420042854883789e+01
1.617206642416915940e+01
1.567530576670018405e+01
1.661430855695792630e+01
1.615080398925460159e+01
1.595862909157009568e+01
1.512140539655504234e+01
1.654983349442463236e+01
1.647434056089645438e+01
1.639207408318630144e+01
1.621390315083850098e+01
1.631114976095712166e+01
1.513972475726605893e+01
1.546582104306597572e+01
1.647031090303312340e+01
1.582923671459729853e+01
1.643259449883534629e+01
1.553712890458274209e+01
1.654290593331077730e+01
1.527177030445312234e+01
1.523847235589938798e+01
1.558356723198775562e+01
1.434056571889350806e+01
1.570301066776854526e+01
1.636010180487944510e+01
1.506439362661145509e+01
1.559957331959455296e+01
1.555284331498175199e+01
1.601070201366356116e+01
1.573740334619946246e+01
1.424388112518675520e+01
1.541394674154652300e+01
1.544962703747332178e+01
1.642787674847597756e+01
1.431917182958767398e+01
1.665464327621196716e+01
1.638067339352716445e+01
1.624667558764065944e+01
1.552627321915934644e+01
1.608160635573365838e+01
1.354406299424657867e+01
1.597868265686569877e+01
1.579414414336828543e+01
1.616249828922406095e+01
1.632273335199359465e+01
1.602571104032319482e+01
1.650951077574656267e+01
1.579276112380758335e+01
1.498062762903822431e+01
1.525048776494236158e+01
1.613129770669193874e+01
1.635890126565339742e+01
1.517065860378899345e+01
1.658116793025427071e+01
1.538217078910134816e+01
1.496470161249935060e+01
1.534981191339312545e+01
1.516490059370621601e+01
1.658997840928458345e+01
1.648446782405984123e+01
1.549381091469746075e+01
1.524074316677888774e+01
1.625102306138631292e+01
1.643116587062785072e+01
1.585183047135404522e+01
1.514893730904087832e+01
1.626952379246522185e+01
1.601674177813587008e+01
1.611311708719575009e+01
1.652791466755916261e+01
1.631596878228763714e+01
1.617016686140394910e+01
1.657392355922674909e+01
1.528574125755580404e+01
1.562191388920174617e+01
1.612817896626398806e+01
1.397505298041706290e+01
1.650761127309043985e+01
1.586959152949545526e+01
1.507310300978285866e+01
1.566364215602031074e+01
1.617635144708890138e+01
1.546319787182096661e+01
1.617467823986850917e+01
1.577331305438456255e+01
1.554284645186261038e+01
1.610924873355680020e+01
1.654509231742190067e+01
1.661586274241944849e+01
1.477660818321204772e+01
1.653703660097309935e+01
1.613363390301195821e+01
1.666199876712350658e+01
1.620203168733625176e+01
1.596730164759188142e+01
1.645765117852762316e+01
1.562373590647778343e+01
1.395997835562152467e+01
1.602829956459974881e+01
1.638681764525844642e+01
1.576827856930530913e+01
1.465684728066380238e+01
1.625511307106965830e+01
1.652109944385903617e+01
1.610973067060075792e+01
1.543229619370293015e+01
1.656921392708524721e+01
1.519457405116354387e+01
1.456972498008422612e+01
1.516036441454113870e+01
1.501701840860203774e+01
1.576047085274675297e+01
1.534486295948441459e+01
1.575190886102879517e+01
1.643179432003891449e+01
1.470423632484950716e+01
1.654203444746453400e+01
1.490485083389022947e+01
1.628323972734210656e+01
1.662781565078101309e+01
1.638154763292095950e+01
1.576478387261149905e+01
1.537795500429117901e+01
1.514029893804323557e+01
1.537267902198560776e+01
1.612229074234116410e+01
1.588842903300043297e+01
1.477703175324594653e+01
1.602978789122105852e+01
1.637598855033112244e+01
1.545974558145404210e+01
1.654999674938855847e+01
1.556929587439906371e+01
1.623852075890442848e+01
1.646328946954234240e+01
1.667015827440885190e+01
1.529734445582723090e+01
1.546052553064172841e+01
1.471515621918184635e+01
1.611416220246243114e+01
1.654422480524877059e+01
1.527007566937648164e+01
1.577471422421232816e+01
1.611373019310149957e+01
1.650173727981366767e+01
1.542613276528198263e+01
1.586063641314537520e+01
1.411403361013149294e+01
1.654250010815306737e+01
1.543648174015769570e+01
1.575566353754825855e+01
1.576729447480348334e+01
1.488491098113897237e+01
1.537465840975455222e+01
1.624694372242055707e+01
1.622923249382404620e+01
1.397552882833253207e+01
1.486156741743720744e+01
1.534168588405623623e+01
1.564508308197634179e+01
1.496967509635889826e+01
1.602181486881770311e+01
1.544178612203560164e+01
1.581090518510185206e+01
1.560327829494235630e+01
1.465761416829685615e+01
1.638185048439846625e+01
1.377279822994403702e+01
1.659387959979055083e+01
1.662649782581733149e+01
1.632821541928090525e+01
1.590955946674581156e+01
1.579413318933737287e+01
1.616832839810647471e+01
1.649167363805616304e+01
1.630418625967274338e+01
1.588040204704108227e+01
1.553601972224910810e+01
1.652869009866237704e+01
1.464646420761597767e+01
1.620268679997519001e+01
1.664677558420429548e+01
1.576468282569114265e+01
1.467723176124710527e+01
1.528289334063587646e+01
1.588238131431549149e+01
1.605245562026839679e+01
1.620429168599114789e+01
1.666749788432463220e+01
1.662727078479350240e+01
1.400925606932938194e+01
1.596576214320855769e+01
1.592443189540328419e+01
1.573300141036301270e+01
1.312824429807380788e+01
1.662045176498168075e+01
1.533358069577809601e+01
1.658534395426842778e+01
1.567166294111357949e+01
1.541001267843170375e+01
1.656508294612462961e+01
1.568493025553195253e+01
1.420184678397486522e+01
1.551065785019338072e+01
1.527734106284940552e+01
1.637044810569938846e+01
1.610770890367535912e+01
1.592872718191970449e+01
1.602479757635255453e+01
1.635581544182091207e+01
1.662611579674931050e+01
1.497164187341350861e+01
1.604051658748499420e+01
1.592343896092939559e+01
1.609692210527559553e+01
1.558356901936674355e+01
1.466766005925325622e+01
1.663302106604574959e+01
1.533338630323443219e+01
1.603866146086395261e+01
1.667031635285723823e+01
1.644078863761388831e+01
1.400943590603501576e+01
1.658861781751952691e+01
1.552298823808148498e+01
1.518262855329157901e+01
1.647441463129764827e+01
1.429174822773084585e+01
1.617457427074535303e+01
1.654586752353008450e+01
1.572409493809450254e+01
1.593795592542197603e+01
1.575365127715770264e+01
1.555412118877037919e+01
1.616042084142437218e+01
1.596023325267161397e+01
1.583183848834050167e+01
1.660648980267029629e+01
1.569553049865452010e+01
1.520221391708641789e+01
1.598797630861244201e+01
1.485625698373120684e+01
1.537993734166461124e+01
1.654596877621888140e+01
1.553230143748801240e+01
1.570502610650718900e+01
1.618504157578183111e+01
1.589380419406373157e+01
1.406494478727158359e+01
1.618201992563077241e+01
1.659641628507608502e+01
1.503758116911578568e+01
1.598074395523734026e+01
1.464729872633162522e+01
1.570562251397873865e+01
1.541399446445086774e+01
1.598778171676308268e+01
1.649952145521226399e+01
1.445902535995225335e+01
1.620407526689184152e+01
1.665128782850565514e+01
1.457786577991350185e+01
1.647688827234879483e+01
1.649940734199918424e+01
1.650118710146755063e+01
1.547979086250189518e+01
1.653893508336362927e+01
1.627259061104248872e+01
1.491935844027883640e+01
1.590275378602777323e+01
1.535348627578381198e+01
1.613559175306783899e+01
1.506043111490340358e+01
1.565927188663428993e+01
1.648361269883016433e+01
1.541566050279164735e+01
1.644425438123589345e+01
1.491390135571234588e+01
1.614014639502750370e+01
1.519121255816665439e+01
1.650804165385646272e+01
1.576248248980506794e+01
1.551384734366966711e+01
1.614143961290531237e+01
1.439592713600737639e+01
1.490965002156367802e+01
1.642301769134012801e+01
1.468281749680936166e+01
1.556228172290274259e+01
1.404666211148583344e+01
1.482077775351483417e+01
1.562151907379422866e+01
1.516154650785277980e+01
1.663183401005006701e+01
1.658309981624893936e+01
1.568387489615495411e+01
1.594857307604063834e+01
1.505751567084236875e+01
1.661458495516891887e+01
1.632039621407097485e+01
1.501012932726921534e+01
1.448805627084681724e+01
1.578286819579987466e+01
1.644054241910198044e+01
1.606044977432307874e+01
1.547545046447488559e+01
1.491054517924015776e+01
1.518749959259794480e+01
1.538907801541000353e+01
1.556726554163793175e+01
1.660696621286318475e+01
1.640011341230273700e+01
1.570711739045956890e+01
1.658321703030691552e+01
1.607340142576530440e+01
1.619452350497170912e+01
1.614614409773464132e+01
1.532058385924708332e+01
1.575077934756705922e+01
1.663353821050613490e+01
1.450110647302492239e+01
1.512349682869062484e+01
1.638329209275445209e+01
1.616818393345914018e+01
1.521533488686031177e+01
1.646823394151737929e+01
1.471942809061381752e+01
1.557193874391854749e+01
1.609903431608092106e+01
1.557459455607334675e+01
1.434036747501057718e+01
1.609253295247699000e+01
1.612193627893428172e+01
1.607283416822619060e+01
1.646555042329654128e+01
1.465000501077724770e+01
1.584787281168214967e+01
1.483875990734704509e+01
1.631188889412619147e+01
1.627494957521633268e+01
1.571729060664029376e+01
1.622464070995996721e+01
1.617537702510266939e+01
1.465414783781953822e+01
1.386724096740733536e+01
1.642491526537284940e+01
1.494635834623194803e+01
1.512381661869883231e+01
1.500342372382095313e+01
1.596720502327410074e+01
1.495063091182423065e+01
1.428548213260183175e+01
1.526910559263185974e+01
1.499851103230669835e+01
1.614067299513796883e+01
1.396282719116833881e+01
1.590366863233417405e+01
1.652698383226529799e+01
1.604017067301122523e+01
1.579807669871973630e+01
1.635865985347507134e+01
1.421812148584971069e+01
1.575164965506295545e+01
1.651152322171539666e+01
1.586365166917218694e+01
1.596599104274306313e+01
1.584675611385470617e+01
1.536764298529755912e+01
1.638935143099300262e+01
1.644833642609417979e+01
1.571652187342073148e+01
1.560605801966099904e+01
1.658354054822111578e+01
1.456672161438265611e+01
1.565699981469594348e+01
1.600066170643396291e+01
1.545490279242611820e+01
1.648749951421209659e+01
1.656998534862943018e+01
1.634555484287409044e+01
1.620615924203997338e+01
1.391622358583342844e+01
1.494825131390629380e+01
1.591412293400329148e+01
1.622829025199677133e+01
1.608005854471603158e+01
1.548050925587171811e+01
1.626046219885706989e+01
1.653321152641267489e+01
1.661123694634856207e+01
1.636409082201597087e+01
1.524220702767811630e+01
1.620265332717416840e+01
1.490336240687172520e+01
1.504345063925004133e+01
1.625084858671739951e+01
1.535777339103113448e+01
1.514841865226877005e+01
1.589985247955165981e+01
1.618349159099834011e+01
1.598124027528257685e+01
1.666835099547719778e+01
1.479009965436349283e+01
1.662831557498548563e+01
1.616472519794608687e+01
1.580714943922122018e+01
1.625693809750475793e+01
1.545996702523134125e+01
1.606889211918775473e+01
1.375976161702407730e+01
1.520850797339820559e+01
1.484497205428100841e+01
1.630393304042799230e+01
1.642019373300916385e+01
1.664740201196106284e+01
1.619696691453086146e+01
1.639269761785105572e+01
1.544529668183141524e+01
1.615869780919052801e+01
1.620729455974963074e+01
1.642970894018197114e+01
1.578508170989582737e+01
1.631148390094811518e+01
1.505577222069725885e+01
1.632659456605598436e+01
1.635209103554912602e+01
1.563985202020123566e+01
1.590846251843337278e+01
1.554595810867059313e+01
1.628133864379821816e+01
1.643911719927478998e+01
1.659472369888417020e+01
1.589316011529986028e+01
1.657343286912846025e+01
1.621196919457089081e+01
1.541723961771639573e+01
1.591447201982968274e+01
1.563273390447208833e+01
1.643507829873077952e+01
1.523216162313949518e+01
1.572486953600603599e+01
1.665814291261309066e+01
1.632510780956331331e+01
1.464421206089958538e+01
1.632453437319474432e+01
1.633019685505659169e+01
1.618298796877784085e+01
1.637960208731053768e+01
1.510939571645604573e+01
1.654343064287080622e+01
1.562078845662875004e+01
1.393341519317865185e+01
1.640460915903991435e+01
1.665644564647377734e+01
1.610312447253479817e+01
1.632476034487687500e+01
1.363715890340474246e+01
1.532421057173223744e+01
1.586056371063829928e+01
1.360088305121007224e+01
1.588823036582027015e+01
1.627583538156954290e+01
1.648112261370064147e+01
1.649051040226990850e+01
1.611008900059238513e+01
1.631023438324596952e+01
1.620661678494733948e+01
1.635798908580534317e+01
1.553557218300561260e+01
1.612717082347791120e+01
1.563378424260514521e+01
1.615681531728242248e+01
1.631848255652617752e+01
1.663450436909996810e+01
1.656584944156520578e+01
1.619918580247606599e+01
1.659320391762565094e+01
1.535004442999260554e+01
1.605603950678004210e+01
1.589810453435940474e+01
1.621764224019808154e+01
1.629582092390030823e+01
1.665637612849192806e+01
1.636939062062693395e+01
1.601624818476459566e+01
1.541722365819915375e+01
1.589964583988566993e+01
1.666363058823900190e+01
1.650045839332900144e+01
1.450803304692531626e+01
1.621745414862992973e+01
1.546556981670525843e+01
