3.010314720844331404e+01
3.479887723333636984e+01
2.880834295476056184e+01
3.574165081811931088e+01
3.362039622596789457e+01
1.938543973156002309e+01
3.455791416829182339e+01
3.028193145304700806e+01
1.912699989355923691e+01
3.480886757230624085e+01
3.386365769155874261e+01
3.306584544996044173e+01
2.841766879804201196e+01
2.631005294373956360e+01
2.250219175983916742e+01
2.668777101896347759e+01
3.217607379146161861e+01
2.406011676213110562e+01
2.078555423334717744e+01
2.766121780914541972e+01
3.584668232789394438e+01
2.666333197672613764e+01
2.907464531296325205e+01
2.106377956385524897e+01
3.128968944291072418e+01
2.742984547368074999e+01
3.184316557933638592e+01
2.095896589322078896e+01
3.495022442790366313e+01
2.608525838644830941e+01
3.334573771787019325e+01
2.756082002555121946e+01
3.170624729612190862e+01
3.585440652059261879e+01
2.498194837904062382e+01
2.105030495161056692e+01
2.441890424406019733e+01
2.425922656561799329e+01
2.495206942245978254e+01
2.575281371765441918e+01
2.176799273641864119e+01
2.616038045653422728e+01
3.435910526089666206e+01
1.366017214879876818e+01
3.090968078120333118e+01
2.900623826713113473e+01
3.315986888653482367e+01
3.144210247909588674e+01
2.501964503754847868e+01
2.484989498573598254e+01
2.679668893781343897e+01
2.330663908592162414e+01
2.813205539906009278e+01
1.690534957420228324e+01
3.466832538413193276e+01
2.534830135926005568e+01
3.186741191640950532e+01
3.503797837561067752e+01
3.541725377329692037e+01
3.015421493084693338e+01
3.108371089539932797e+01
2.935229309997764702e+01
3.308233876879715751e+01
3.221488191253695277e+01
3.350904603554881334e+01
3.445383828883249322e+01
3.185540604045760560e+01
2.798940866434632113e+01
3.154300651277918988e+01
2.511278057796920038e+01
3.546145515114760371e+01
3.257218738059000174e+01
2.521974242637379859e+01
2.463168058791625725e+01
3.502812156144512556e+01
2.867034296180383279e+01
2.129119674655777317e+01
2.972493943012543127e+01
3.096723771668694170e+01
3.307840656116226086e+01
1.897152528194605736e+01
2.406908766008474743e+01
2.414449571902382274e+01
3.468901153773232693e+01
3.560773429736376272e+01
2.111596230356583703e+01
3.358410131774388674e+01
2.733435344475804740e+01
3.358452610864746646e+01
3.479104894472214227e+01
2.695231373782934980e+01
3.505070237779367659e+01
3.151348988472440737e+01
3.161844435508018591e+01
2.242343838829566138e+01
3.400313658942990713e+01
3.165651789502238955e+01
2.722918307703391250e+01
3.136540124795562434e+01
3.495613112663446742e+01
3.149435497135101869e+01
2.711807480470316278e+01
3.398705512083960656e+01
2.631887223473471238e+01
2.862566989912263082e+01
2.820369958756604944e+01
3.328810437019295421e+01
2.612629583950339196e+01
2.154137856214689606e+01
2.747934992860664849e+01
3.080708383723433030e+01
2.558609608107867928e+01
2.625674632578775913e+01
2.963893557839258719e+01
2.820512660258669158e+01
2.043157975659920567e+01
3.275466971448975073e+01
3.206938780268289690e+01
3.044826104423498236e+01
2.902297465290780210e+01
2.197369895642988880e+01
2.918855607923348927e+01
2.764468725762009527e+01
2.136517086381932273e+01
2.940581781343733425e+01
3.122551905853148213e+01
2.616495732182318790e+01
3.198367658422119675e+01
2.297339522468981698e+01
3.398186515852086131e+01
3.509242401922093535e+01
3.038146742844653403e+01
2.468907699987294180e+01
2.902856216710305404e+01
3.420609082574481619e+01
1.798384238559926729e+01
3.314617084777624711e+01
2.387591904011880217e+01
3.516339472672665067e+01
3.050337570996070369e+01
2.693970629031350938e+01
2.992976997570679032e+01
2.530615934977101134e+01
3.122283365591300708e+01
2.901112663000703407e+01
3.470502756773649367e+01
2.897067881886454188e+01
3.294068837393515992e+01
3.384085403327702579e+01
2.701454600718039600e+01
2.897696820646959992e+01
2.613688982608112354e+01
3.133105203386802273e+01
2.448565718960258053e+01
2.755760900392080259e+01
2.643112918516284537e+01
2.059241088266778164e+01
2.447428241316433173e+01
3.392375252237695804e+01
2.603035998316473609e+01
3.147124861428834919e+01
2.944972060151733118e+01
2.825168756787445545e+01
3.536500800723525373e+01
2.848719008418279586e+01
3.002990343806170515e+01
2.227944509868419587e+01
2.486033139361933664e+01
3.452339099122528410e+01
2.617161960284641964e+01
2.245365422099096264e+01
3.482906905674635567e+01
3.470053201333875137e+01
2.408657802435725515e+01
3.435498111801095433e+01
2.859094592737127272e+01
2.802836815425458994e+01
3.393556322265491332e+01
3.293488952726361418e+01
2.765750355714131814e+01
2.719974798248292558e+01
2.485061334415231116e+01
3.541644429143047290e+01
2.966601819014585217e+01
3.274518781807866219e+01
3.108558845689033845e+01
1.986201506599594779e+01
2.608661800106510498e+01
2.830399249773847714e+01
3.135752273847017690e+01
3.147346595298775540e+01
2.618582002669618802e+01
2.685384855010013538e+01
2.313928210675084429e+01
3.399062874380445010e+01
2.662804331845551076e+01
3.457316079768023798e+01
3.273576823915844614e+01
3.009893894821256666e+01
2.652319028259420719e+01
2.677332502104731304e+01
2.675826438341012903e+01
3.143082255243596634e+01
2.895441756432431291e+01
3.538090169982113764e+01
3.481402813630292314e+01
2.997752601026370201e+01
2.668303134608711247e+01
3.528149224942513484e+01
3.063202848555313551e+01
2.782973047629699792e+01
2.902128554402258231e+01
2.907109334522940713e+01
3.248452024827400209e+01
2.688014339620008286e+01
3.389143409686779052e+01
3.084975389152792147e+01
2.875587580372766183e+01
2.766573466330553899e+01
2.276958654152047856e+01
3.121367805085279912e+01
2.700176946657208887e+01
1.610004747314114226e+01
3.367693788965063106e+01
2.330460272201425909e+01
3.357135864238389189e+01
3.530424338914127702e+01
2.584343604272539352e+01
2.670384329884671359e+01
2.864592850461556139e+01
2.960342642338662245e+01
3.285591752460727832e+01
2.899823890760130496e+01
3.529017382136812131e+01
3.458085093990861481e+01
1.898392759544873343e+01
2.174586920809037593e+01
3.458099222660401750e+01
3.584545118195338631e+01
3.164300830766003969e+01
3.161717340569262547e+01
2.528898767870309428e+01
3.418521158032203289e+01
2.813930176101065683e+01
3.308515616264321579e+01
3.136612931709970908e+01
3.404914785258264232e+01
2.945352836582115330e+01
3.241193974363198294e+01
2.486128389049781262e+01
2.459631944140510029e+01
1.855144571255916475e+01
2.711527146590595194e+01
2.581895203942532646e+01
2.826663798937845939e+01
3.367613946970841710e+01
2.944628922039700569e+01
3.391703843467341528e+01
3.284341486650921382e+01
2.486046017686074094e+01
2.058846540928249880e+01
1.822474983991864406e+01
2.422865943724930915e+01
3.456357027874912546e+01
2.876983332941899718e+01
3.101922750538388129e+01
3.452717845219488169e+01
2.489468191361067184e+01
3.218343700427813303e+01
2.288814678676866876e+01
2.540589431200568882e+01
1.708062486832808347e+01
2.781907158234741928e+01
3.298115143839636687e+01
3.140166006992930292e+01
2.516199910535130613e+01
2.363881978482692503e+01
2.628050724334866572e+01
3.096642763083035987e+01
2.647270002949559142e+01
2.971492626253047220e+01
2.766945866584589453e+01
3.408352718496021083e+01
3.566327331651292809e+01
2.546402403890907706e+01
1.725611487231023133e+01
3.226062211767543886e+01
3.116710373106923271e+01
2.273451365708967487e+01
2.919644926109857508e+01
1.782540051783977475e+01
2.186967696106042425e+01
1.881552540009246854e+01
3.132759368977258063e+01
3.110050993639143968e+01
2.790879000017051226e+01
3.093303119907838550e+01
3.339094058617710914e+01
2.507489370377242466e+01
3.132848096438476659e+01
3.431164198914739671e+01
3.363897786410658597e+01
2.377550010862004370e+01
3.233811788058707748e+01
3.234955447495109127e+01
3.451478612336748597e+01
1.950096974125292704e+01
3.035533991270431642e+01
3.161023726997220962e+01
2.764847973529098368e+01
3.394424171422142678e+01
3.129029547551034085e+01
2.422839893301660297e+01
3.452125076619275745e+01
2.374249706865107612e+01
3.367963664927916057e+01
2.376924530611349695e+01
1.710191515004462914e+01
3.414980742597359864e+01
2.184685669853973522e+01
2.905130785793607373e+01
2.263890550267441171e+01
2.717163230350263348e+01
3.101903669666124230e+01
1.778745405772318833e+01
1.936790513032675065e+01
2.967184168227182539e+01
3.132760621499117804e+01
2.561951981282999924e+01
1.797436445777368164e+01
2.060081571457215688e+01
2.772087997564170792e+01
1.919511362827436329e+01
3.416061641728671816e+01
2.416333952842111898e+01
3.119668664705669769e+01
1.975634051207833153e+01
2.365880195071506620e+01
3.411151062100890385e+01
2.403551667851638740e+01
3.104509585668841964e+01
3.409560038078127064e+01
3.242262467258979086e+01
1.841294408618884049e+01
3.136308113088451677e+01
3.290167923735003797e+01
1.885984276403020488e+01
3.287079004578008323e+01
2.701832019002633700e+01
3.210818975040804446e+01
2.942710033394115854e+01
2.354919447481887573e+01
3.403933580640008216e+01
3.318945214600872617e+01
3.272490414635858968e+01
3.577272437305895636e+01
2.819320343943148544e+01
2.673846282208542036e+01
2.170886693803265644e+01
3.354189371159002775e+01
2.894160492445973176e+01
2.116548116201664342e+01
2.052918959219903172e+01
2.393008731906398623e+01
2.687340965419556227e+01
2.794575879583368661e+01
3.114489332216325579e+01
2.469363700912598603e+01
3.349585456620002333e+01
2.032711130019596624e+01
3.509602068400791097e+01
2.850920046992645851e+01
3.409751008952054008e+01
2.158205643780460292e+01
2.714606200204724118e+01
3.258475525471924783e+01
2.302777377836507355e+01
1.742555181418688548e+01
2.550771810689156993e+01
3.324007896616215874e+01
3.374302312947918381e+01
3.346140163225737751e+01
3.432305330515474395e+01
1.811717306742822586e+01
3.479269795844619040e+01
2.784832290831116453e+01
2.985721277707571630e+01
3.032549070353370979e+01
2.595337912031834193e+01
3.581069571910519755e+01
2.871636583372965035e+01
2.833876675546383694e+01
2.707348378283673895e+01
2.250798442366825114e+01
3.150328030327781548e+01
3.007290158275347736e+01
3.057111784210897198e+01
3.393172027400516555e+01
3.003352914420173647e+01
2.586210771672927322e+01
3.002675088100881240e+01
2.819961236960323703e+01
2.116341187995276130e+01
1.876019107747343284e+01
3.110664585923467484e+01
2.642465821118920388e+01
3.334550338264243408e+01
3.513165205813621839e+01
2.821040274479725696e+01
1.996987874538344698e+01
3.300946647122023592e+01
2.524978671369832028e+01
1.984875689675524768e+01
1.986885422639971210e+01
3.239131225085927213e+01
2.830687867365626431e+01
3.386754074226259092e+01
3.454379651722673117e+01
2.026495042126637358e+01
2.791066228705962615e+01
2.215853988151124554e+01
2.199015490833148334e+01
2.163019941404781576e+01
3.270894805617938061e+01
2.727727804935263833e+01
3.533103743096594940e+01
2.346171299269109412e+01
3.206167637033374263e+01
2.510367517773064350e+01
2.960030739965493041e+01
3.307570730794012093e+01
3.036297474317925804e+01
2.070692652732432748e+01
3.292447117597289008e+01
3.213949307635274977e+01
3.043269353756695850e+01
1.954512059486160780e+01
2.907585448906819536e+01
3.050508018595560245e+01
3.383923180537062336e+01
2.439010295262973216e+01
3.300337269757347514e+01
2.825526003010125820e+01
3.549894944968229993e+01
2.891455244669100821e+01
2.659007040216361872e+01
3.058198700060676956e+01
2.568784895541203994e+01
2.490690742123375756e+01
2.445343346400765938e+01
3.294016906394086419e+01
2.521345445815380515e+01
3.038153897332799502e+01
2.700338502116166239e+01
2.625599933226671823e+01
3.555193245768681720e+01
2.971473838130885881e+01
3.137988868173898993e+01
2.961826855022672333e+01
3.126029002945470836e+01
2.409664936220426767e+01
2.814933848824433227e+01
2.256339698703614616e+01
2.420328354808601645e+01
2.799376140662386803e+01
3.552931891790180430e+01
2.325886307428945798e+01
3.382808050952600354e+01
3.054825136547285425e+01
2.560397833186330629e+01
3.585503666916847010e+01
3.391061781841447242e+01
3.219464890708810856e+01
2.837803882772578845e+01
2.837162878539406563e+01
3.395890307598681801e+01
2.788440098591856398e+01
2.308007304085781897e+01
2.522461822959495592e+01
2.930381905406759557e+01
3.248294551139110098e+01
3.576953432491855978e+01
3.427262314741635407e+01
3.164859281252473266e+01
3.384835669548589721e+01
2.939225379893811763e+01
3.493339645789522052e+01
2.819088404280477889e+01
3.458470896284807594e+01
3.239769525365537817e+01
2.481365359466763110e+01
2.245436613490230826e+01
3.497470664145818375e+01
3.522473645198513736e+01
2.966183992210150322e+01
3.025880173370712711e+01
2.350061475278184631e+01
3.168369623594278295e+01
2.269133106354496121e+01
2.403557955513337774e+01
3.354886318719542970e+01
2.166448767886553384e+01
2.960634910566929534e+01
2.962535056054113269e+01
2.846144433433260090e+01
3.492805897213278854e+01
2.276412017950301703e+01
2.954313296360177787e+01
2.145119615808933844e+01
3.046754505489467846e+01
2.975832995471984077e+01
2.648571633229699174e+01
2.840520788563942034e+01
3.254422422924052682e+01
2.830753346052965824e+01
3.499029567892782211e+01
3.142661670774626614e+01
3.053308778510138666e+01
3.465860331313997023e+01
3.104492250348505067e+01
2.702949108424054003e+01
2.587231907457151436e+01
1.916226031878560221e+01
3.051111880641769147e+01
3.566030481825573162e+01
2.764379899553846087e+01
2.879944601032330809e+01
2.978236852721769168e+01
3.422437417006477034e+01
3.457802318701364186e+01
3.341349400816465476e+01
2.980889862789967637e+01
3.574194425078766812e+01
2.337781038626782504e+01
2.521144098840466796e+01
2.640108420121882915e+01
2.611740148419568541e+01
3.552608127258046977e+01
2.546199778352988119e+01
2.282731274068718719e+01
2.171068871663895195e+01
3.480447183969428693e+01
3.244440913478237576e+01
2.680593352913869154e+01
3.202941489722704915e+01
2.925822613877635803e+01
3.309849054646024769e+01
2.181461480543074316e+01
3.459800111680283408e+01
3.201376079392846918e+01
3.501572030888036835e+01
1.837165740447170137e+01
2.292418660327582103e+01
3.255292025976457637e+01
2.659551654928391429e+01
2.050059373780706906e+01
2.224555437216624654e+01
3.321044804973713838e+01
1.890587365826872812e+01
3.187921440770293913e+01
2.166470743959200718e+01
3.390064039436365562e+01
3.353003986645347823e+01
2.866394308947051783e+01
3.338338987587555096e+01
3.207643939827434565e+01
2.952106743650173470e+01
2.146068842214927486e+01
3.375029551947523032e+01
3.128017113564636631e+01
2.745564590635250823e+01
2.700135351961109365e+01
2.757464267931919721e+01
2.232414484985975989e+01
2.292655789284009060e+01
3.248891827544687061e+01
2.547244199344062565e+01
3.509013091342745128e+01
3.232697471729460403e+01
2.198444763713707673e+01
3.363675292462923494e+01
3.209770025626167467e+01
1.864264457294364874e+01
3.464087662850147353e+01
2.218874386792333553e+01
2.731997516228427969e+01
3.540155646416575763e+01
3.510121973758899117e+01
3.324589855040384379e+01
3.583448097330463611e+01
3.323633727185396936e+01
2.980763392640775322e+01
2.410314069674199189e+01
3.385703108025410302e+01
2.644054609285724666e+01
2.025451169503721971e+01
3.209853633773825266e+01
2.664900494629404548e+01
3.292997065641596066e+01
2.803958137389937733e+01
2.479808716657133516e+01
3.024999093731708300e+01
2.004514789550896126e+01
3.211233376557678554e+01
3.136130982496014497e+01
2.343538225143049658e+01
3.387325167747042087e+01
3.230259950474171404e+01
2.387548504730741072e+01
3.336291904923783136e+01
2.795152957735696475e+01
3.208527054496831710e+01
2.603937477113289489e+01
2.449862514218589382e+01
3.100544838059407837e+01
2.382749696816847518e+01
3.499497111497194624e+01
3.255635644555846397e+01
3.238383668970828921e+01
2.367652828841817580e+01
3.510656223316151170e+01
2.123050571208615622e+01
2.755894247924781126e+01
2.285759026964144880e+01
3.322094388265460907e+01
2.847509108384813814e+01
2.519007822658612739e+01
1.852829869604295610e+01
3.544070104017470868e+01
3.458657240205863559e+01
2.126102168742486853e+01
2.103127359170028399e+01
2.292418700973775003e+01
2.825118659800651955e+01
3.086259363647861420e+01
2.910626867211153979e+01
2.898113009318049649e+01
2.813494588452513057e+01
3.556324152518065773e+01
3.238557864009765552e+01
1.764294487569720715e+01
3.053155520510598109e+01
3.011479884131552254e+01
3.394338143073492375e+01
2.101852177268953525e+01
3.019746312208257066e+01
2.399037325960022571e+01
2.858996946155286523e+01
3.587229064459295813e+01
2.237808973593041628e+01
3.556916257354491506e+01
2.525328844052720356e+01
2.680442281759004786e+01
3.323261882595905803e+01
3.528488842853777641e+01
3.022480506506814635e+01
2.084454609568602734e+01
1.887495960505664883e+01
2.093333541951423982e+01
2.509183261702270329e+01
2.655053357828566618e+01
3.122722686492897992e+01
3.233349607591110697e+01
3.163156133767875744e+01
2.298625658528266058e+01
2.418628149489401835e+01
2.823150371817848026e+01
3.080312659081241478e+01
3.285421240176444257e+01
1.999318990787710248e+01
1.873754977987052683e+01
3.408523657615155855e+01
2.181117914673323099e+01
3.157387010062122101e+01
2.665376814929437899e+01
3.163468559038111749e+01
2.488814624292083977e+01
2.968077287958065114e+01
2.387217201611851891e+01
2.801369792892366561e+01
2.731504422344318428e+01
2.783830657326700830e+01
3.007951503025427087e+01
2.360015354074948490e+01
3.069855875326347672e+01
2.429692152560348006e+01
3.265415919160485458e+01
3.509164517665664107e+01
3.181199793488469041e+01
3.085475421772621019e+01
2.716395732279032771e+01
2.307215181818479266e+01
3.195288750830106395e+01
2.209704388430339961e+01
2.288996512337596911e+01
2.300399817196958452e+01
2.154344682272120082e+01
3.221640348388250885e+01
3.333526419646313599e+01
3.563854018964897818e+01
3.347065098225851187e+01
2.464100321949924677e+01
2.483993060108717899e+01
3.307433692502319644e+01
3.125769409065872040e+01
2.542159604189836841e+01
3.056911969710893828e+01
2.939817699910585347e+01
3.464939072557635313e+01
2.510762180456057280e+01
3.484264292102793092e+01
3.576741729691338634e+01
2.890057322160306086e+01
3.360228547853098746e+01
2.989626282160892501e+01
2.354095780352001910e+01
2.396689180830206567e+01
3.258350241279213577e+01
2.163094858584344138e+01
2.656873828973664331e+01
3.141966663257976222e+01
2.732106061979450473e+01
3.408191295755913330e+01
2.211723008094068632e+01
1.849385751903961861e+01
3.183908749853748787e+01
3.443468201403759110e+01
2.988934291732461901e+01
2.400774621960406918e+01
2.939323066946930396e+01
3.061624818735538867e+01
3.521656255463955176e+01
3.574382539694826022e+01
3.015140363375709853e+01
3.216633309748135616e+01
3.202426532314734686e+01
2.361897245537808132e+01
2.265615921907448183e+01
2.864673351262089795e+01
2.567916604931530600e+01
2.779018702973994692e+01
2.447315504299324473e+01
2.738912156063059555e+01
3.258888808542441495e+01
3.079405008758460127e+01
3.296192485048747045e+01
2.788343595904069616e+01
2.713902990232291046e+01
2.944072490992833124e+01
1.983533236390844579e+01
2.583978033754103620e+01
2.838685237848479304e+01
2.474996050264665115e+01
3.243672806407372633e+01
3.223607000761950303e+01
3.294158208796378773e+01
2.156585729139764851e+01
3.500995337139030283e+01
3.309892298426348844e+01
2.460143105240934958e+01
3.549348266380263794e+01
3.554269162084453626e+01
2.111653682866650072e+01
2.899647777222740430e+01
3.520267477322980909e+01
3.048791789977768474e+01
2.473881400873626291e+01
3.060203815228214808e+01
2.811899309338463127e+01
2.724956411127726241e+01
2.722454564177282066e+01
2.866365070055118736e+01
3.213620855416200328e+01
3.416808795973008017e+01
2.747320519755531620e+01
3.418388971545899579e+01
1.757957805528124595e+01
3.220398423259810983e+01
2.631112271590606255e+01
3.472497366904569560e+01
3.324189704006033708e+01
2.467161573495021898e+01
3.412073494483921365e+01
2.337655927211093854e+01
2.332402628343053408e+01
3.269764996179938521e+01
2.056477486771845875e+01
2.339122870288477785e+01
2.169476531470651182e+01
2.353847382090691553e+01
2.687784818422982624e+01
2.525918701328945914e+01
3.503058582306152857e+01
2.281452386029591395e+01
3.422051156100802416e+01
3.451526792649021047e+01
3.440752575385837986e+01
3.192758279121523657e+01
2.339657521299753640e+01
2.708405584327799787e+01
2.738978806861088700e+01
2.816935409236776167e+01
3.146008205259194312e+01
3.019061235729520831e+01
2.785070888158328728e+01
3.314380555686229002e+01
3.031192999896274642e+01
2.923164277924406917e+01
2.732163891870580130e+01
3.479940071203649410e+01
3.207656067755688412e+01
3.282502387776101216e+01
2.659006043186845147e+01
2.148911889513998119e+01
3.135769199583391753e+01
3.487330950561794651e+01
3.261262661608736835e+01
2.980072371511287699e+01
2.593330911198723499e+01
3.101369530401448671e+01
3.285339069213001295e+01
2.077910052422533482e+01
2.439736724828145853e+01
2.522257235608412174e+01
2.220430748234702634e+01
3.322502740611665217e+01
3.244039766418072190e+01
3.400459447344165653e+01
3.303136200761842645e+01
2.262184874814214908e+01
3.537538851577838273e+01
3.548244467580059336e+01
1.813894010755172204e+01
3.499164733563354446e+01
1.965068834165704814e+01
2.943875391955394605e+01
2.900527980850269927e+01
3.522327928074442127e+01
1.935482614639371235e+01
3.567236032158841397e+01
2.865930122589966089e+01
2.227006657603599038e+01
2.265889322082133717e+01
2.125130065206647600e+01
3.421665375724987257e+01
2.737184308432471624e+01
2.818203756788436465e+01
2.503056068336086426e+01
2.534801181002990234e+01
3.127400487143993502e+01
2.468110883561545421e+01
3.473460594293194958e+01
3.087709040944263705e+01
2.587799870521026691e+01
2.738583799734316671e+01
2.695688082209901992e+01
2.997332232432773935e+01
3.030196559391739086e+01
2.995893843084331465e+01
2.840779583952992837e+01
3.089492696995590393e+01
2.326110981313326675e+01
3.353997956222938370e+01
2.599533193960814614e+01
3.432675777310115706e+01
3.359990838222344678e+01
2.848935406277323779e+01
2.742602611722574224e+01
3.150051751689153079e+01
3.357146102716613001e+01
3.041491226072943732e+01
3.546456252300775702e+01
2.428490942022852650e+01
2.084759583317182319e+01
2.280238245210589909e+01
2.247554193743975048e+01
2.734083915131272846e+01
3.557156326545766944e+01
3.250605918732270538e+01
2.834314361723221509e+01
3.171825164146386200e+01
3.414979205478577740e+01
3.192372415435168165e+01
2.869568518813552771e+01
2.936200272151684842e+01
3.475598795188677315e+01
3.209564471945139985e+01
2.738186549835682371e+01
2.507185726503894330e+01
3.352118395491768155e+01
2.447767641268616501e+01
2.166020786333388060e+01
2.479154108161588610e+01
3.500880380138564618e+01
2.766357664306455177e+01
3.315383917666928681e+01
3.283714007536515567e+01
2.092023000182289749e+01
2.928028885749023758e+01
3.423688419863697163e+01
3.541513635237102875e+01
2.229508679780281000e+01
2.227252884473120176e+01
2.534357402511795954e+01
3.398997198359909078e+01
3.438021178987317938e+01
2.546266435067058964e+01
2.901143530637300216e+01
1.789432897628181962e+01
3.495531307392162290e+01
1.915363305874186395e+01
3.455974593149649365e+01
2.146634060852708359e+01
3.487215697981041984e+01
3.539783008600343095e+01
2.300273359235633208e+01
3.573031466920861732e+01
3.231407871714405644e+01
3.551486452641696445e+01
2.713264209188512410e+01
2.733733001826420406e+01
2.737215834759921407e+01
3.160969122030695289e+01
2.170482271204976854e+01
2.847471105107745259e+01
2.146442494032103099e+01
2.305034462929194916e+01
2.988956831877511533e+01
3.008691441182524073e+01
3.017502227904709500e+01
3.351894968185062851e+01
2.321522952274093399e+01
3.412404578650943421e+01
2.510095509040458239e+01
3.424650580044364290e+01
2.866571201354138765e+01
3.373716667026628357e+01
3.191610006359288576e+01
3.118015254347626097e+01
2.975748112067798345e+01
3.346532783426842173e+01
2.349649579373035735e+01
3.415371181677015500e+01
2.719071881153841375e+01
3.085037053177237709e+01
3.371791423118871478e+01
2.685441397573509903e+01
3.346740467266551633e+01
2.856455534732201329e+01
2.185959184855750692e+01
3.236594740087977584e+01
2.819891079363630837e+01
3.264365584538392540e+01
2.636771663906113616e+01
2.197482063384695294e+01
1.753764199219860132e+01
3.197661369525360442e+01
3.504071457300897663e+01
2.846946661803762524e+01
3.565623289623709269e+01
3.328074524122138911e+01
2.899093001695914751e+01
3.227893687069838080e+01
2.863591061608045862e+01
3.410259824633683223e+01
2.161214692872297505e+01
3.258990713476348589e+01
2.727600049186387565e+01
2.785842482830025801e+01
2.854113723576040940e+01
2.554291667661111376e+01
3.378621192550118479e+01
3.444342039473677630e+01
1.939942368564530639e+01
3.409364598720512163e+01
3.530485245744543477e+01
2.700203223986887124e+01
2.979824224345401618e+01
2.948495542899614819e+01
2.246883868345022250e+01
2.125901436184670956e+01
2.423759205356335045e+01
2.218166044534449455e+01
2.902757062068254967e+01
3.539156928311793138e+01
2.572440184264370089e+01
3.133667660196110205e+01
3.266308001588362231e+01
2.868749931845840706e+01
2.590165684144230340e+01
3.355967379262521177e+01
2.732232591048364156e+01
2.739072076460701055e+01
2.825615942705887562e+01
2.438440434997237460e+01
2.923468451393224754e+01
3.269225831937557558e+01
1.864233848791623416e+01
3.574327813792807262e+01
2.210964116005270341e+01
