1.253283851483352862e+01
1.256663774598026251e+01
1.254341562281693356e+01
1.251208769269029375e+01
1.255602983576127407e+01
1.255285396358779870e+01
1.255300413560713046e+01
1.255539558358241159e+01
1.255578384061121078e+01
1.255742346168011991e+01
1.256767630025402838e+01
1.256360549310779540e+01
1.254345635494849454e+01
1.256414063338664100e+01
1.254984130480494819e+01
1.256728782123284738e+01
1.256135595035018149e+01
1.255749823609412807e+01
1.254727845062535607e+01
1.256672694150692138e+01
1.255536424137229368e+01
1.256347187905134888e+01
1.256577808823061204e+01
1.256240957475920972e+01
1.253624880107472706e+01
1.255807294007403740e+01
1.256180363967261648e+01
1.254997149778036558e+01
1.253882824604875701e+01
1.256535732948131390e+01
1.253782520518122467e+01
1.252756928878267928e+01
1.256792626880209873e+01
1.256725854637984696e+01
1.255427992475464727e+01
1.255126999927313491e+01
1.253436330592083081e+01
1.254722801957257694e+01
1.256279431707913119e+01
1.256396947836355338e+01
1.251223869613765771e+01
1.255411334984681915e+01
1.255605665305214558e+01
1.253902427192727487e+01
1.256342654803977155e+01
1.255730248275014205e+01
1.256262856626299040e+01
1.256502478312068938e+01
1.256008848225264707e+01
1.256275512819324014e+01
1.255866016282923248e+01
1.255560812538346305e+01
1.256088538049257863e+01
1.255597052648767331e+01
1.255909302639098080e+01
1.256794222127266636e+01
1.254153303587330193e+01
1.256277547141340634e+01
1.256547402030864902e+01
1.255463170924707939e+01
1.255679829356616750e+01
1.256394968656053024e+01
1.255741397459297204e+01
1.255790428431887840e+01
1.255019394551313106e+01
1.256533059957034659e+01
1.255849503743650075e+01
1.255521818400055523e+01
1.256341637899989472e+01
1.256769457380983468e+01
1.255948331682237473e+01
1.255125901220558227e+01
1.255347721776754000e+01
1.255694816648884249e+01
1.256354794041211775e+01
1.256437197856400978e+01
1.256190565736381970e+01
1.254961720082221710e+01
1.254297842462992030e+01
1.253272984188669170e+01
1.256265833768336648e+01
1.256656102860108959e+01
1.256235295639713279e+01
1.255810552193723417e+01
1.256696534820697053e+01
1.256659755658598598e+01
1.256406890677580179e+01
1.256663983806847007e+01
1.255433931983780127e+01
1.255617478927344166e+01
1.256496086551759639e+01
1.254970734879512229e+01
1.254837001545653052e+01
1.254781555577073249e+01
1.256515522867199941e+01
1.254991147478119551e+01
1.256274536709080358e+01
1.256528905527105167e+01
1.256219050675267646e+01
1.254276267984906745e+01
1.256083538020564561e+01
1.256722880158558731e+01
1.256546416999324123e+01
1.255789138699475593e+01
1.256247199448346485e+01
1.253796836536678505e+01
1.253890159096712331e+01
1.256484072282736619e+01
1.255922112714738503e+01
1.255037400987080431e+01
1.255812282480193076e+01
1.255762375563227629e+01
1.255798657147307473e+01
1.255440606775093393e+01
1.256400477701690477e+01
1.255875518999896379e+01
1.256814104744633553e+01
1.254599366381128611e+01
1.254628559251425912e+01
1.256566870894388543e+01
1.256610806211627818e+01
1.255337804428464032e+01
1.251279777861730835e+01
1.255773309443686614e+01
1.256260750566789852e+01
1.256170506039699042e+01
1.254323193673781667e+01
1.256690316013667363e+01
1.255866835035208950e+01
1.255919873001626996e+01
1.256562484414159186e+01
1.254413255813416583e+01
1.255180659719725078e+01
1.256701571109100257e+01
1.256508883758990969e+01
1.254312091286634434e+01
1.256356090581696350e+01
1.256441549114553879e+01
1.256288275449486314e+01
1.256187183720932588e+01
1.256702409021057321e+01
1.256077867821453964e+01
1.253805115221093125e+01
1.255533807921550959e+01
1.255033624132542514e+01
1.256274902833568774e+01
1.256606337181678157e+01
1.256636646098299970e+01
1.255952249360581519e+01
1.256108801602798586e+01
1.255703185424909307e+01
1.253565764227225543e+01
1.255783507383815056e+01
1.256822944344610704e+01
1.256310283443251663e+01
1.255562277746511235e+01
1.256586712015596419e+01
1.255788791160139972e+01
1.256545098585725562e+01
1.256618352536017902e+01
1.255643062801113174e+01
1.254078837347959485e+01
1.253771894372554208e+01
1.255936962895261821e+01
1.253030436491311583e+01
1.255500783063517112e+01
1.254135144029017823e+01
1.256632380220576550e+01
1.256489811850609506e+01
1.253967033983608914e+01
1.255218794049381437e+01
1.256560523731941892e+01
1.254887316708648370e+01
1.255009048953494499e+01
1.254271084612298459e+01
1.255517420394887651e+01
1.256743506424308521e+01
1.256280965055483989e+01
1.252793132695035183e+01
1.255057266839543217e+01
1.255982002649815321e+01
1.255163789469128588e+01
1.256154818668689721e+01
1.256513191595776391e+01
1.256621115745912043e+01
1.254735637425945782e+01
1.256646710265868805e+01
1.256002493909522499e+01
1.253750083698827211e+01
1.256174615825819352e+01
1.253983749766462807e+01
1.256433943412731935e+01
1.255535872104096740e+01
1.253900048225385433e+01
1.254945037291346743e+01
1.255280553582776193e+01
1.255928750725568399e+01
1.256806959291531633e+01
1.256307201001511764e+01
1.254141259841253664e+01
1.253322650249441139e+01
1.256692539597802494e+01
1.256346392185669814e+01
1.256678123465401775e+01
1.255558651279418569e+01
1.255715996080156316e+01
1.256754157928871862e+01
1.256641233267303903e+01
1.255780147350058762e+01
1.255471639593227451e+01
1.255828655179460540e+01
1.255632876661402797e+01
1.256740077248162635e+01
1.256239958617326735e+01
1.255003191935199958e+01
1.255957798358985755e+01
1.256430312882468669e+01
1.256798943790699141e+01
1.256471934890400810e+01
1.255211747649803655e+01
1.255913551469132194e+01
1.256037218204855499e+01
1.254426077033581599e+01
1.253938071495843687e+01
1.256540193467831479e+01
1.256070122840541892e+01
1.255493555342938095e+01
1.255232414313384481e+01
1.255342650039059293e+01
1.254605890561834691e+01
1.256387748040188512e+01
1.256303005302736686e+01
1.255049759765952544e+01
1.256689734668887759e+01
1.256045585898468531e+01
1.253374121591184220e+01
1.256423239286049309e+01
1.256641130897884295e+01
1.251665028101398036e+01
1.256566500017469323e+01
1.255744594078849907e+01
1.256809216952993680e+01
1.254950713220658010e+01
1.255232712080478663e+01
1.255319453783964789e+01
1.255551680109846124e+01
1.253650255587718654e+01
1.255503831482594634e+01
1.255853099572833287e+01
1.254754096163567212e+01
1.255794186279310054e+01
1.255013182512831271e+01
1.256639295594751005e+01
1.254789703482543928e+01
1.256240733768710882e+01
1.256186435325489725e+01
1.256823931477258505e+01
1.256336734731142357e+01
1.256098480212573953e+01
1.256585869938492905e+01
1.256800270750233750e+01
1.256449720553218974e+01
1.254294569553931815e+01
1.255119070733409714e+01
1.256750311303268752e+01
1.256472328873894995e+01
1.253788256000315648e+01
1.255797408173580720e+01
1.254862369082316143e+01
1.253825537768221032e+01
1.256543167489903112e+01
1.254136400980001476e+01
1.254864331694654744e+01
1.254879802970312319e+01
1.255560797147062679e+01
1.255327767988658039e+01
1.256061979566142384e+01
1.256152921730781635e+01
1.253418854826807838e+01
1.254464776659644798e+01
1.255271096021321853e+01
1.253373745847170184e+01
1.254894137492649087e+01
1.255509801613081322e+01
1.254631996634649660e+01
1.256261517799284100e+01
1.255111750224931200e+01
1.256280055664919182e+01
1.254251361372843654e+01
1.255421779183137687e+01
1.255178034372189266e+01
1.254320350811721774e+01
1.255191800986648154e+01
1.256626847293580695e+01
1.254460412929040025e+01
1.254639442105531799e+01
1.255899777044924193e+01
1.255112373648422341e+01
1.252802165906847343e+01
1.256790175977098123e+01
1.256247514383035657e+01
1.256252394116858184e+01
1.255340801588105037e+01
1.252752460575905857e+01
1.255868376183686763e+01
1.256041790646296619e+01
1.255927485784376607e+01
1.255249549249031915e+01
1.254280609465012297e+01
1.255952331330328597e+01
1.254434726421336066e+01
1.255027633913067220e+01
1.253685130258435620e+01
1.253982577203909088e+01
1.254773535666716811e+01
1.256107686879781937e+01
1.256532020362784507e+01
1.256553064503119188e+01
1.255095161652162261e+01
1.255318281582663964e+01
1.254930085144479968e+01
1.255502576498604306e+01
1.256147482001170701e+01
1.256669526101015144e+01
1.255458822539976893e+01
1.255328500317773255e+01
1.255265008957855777e+01
1.254949863451674830e+01
1.256706923886224558e+01
1.256157651133774600e+01
1.254484560891452105e+01
1.255830893817232230e+01
1.255993289117350642e+01
1.255177409357949792e+01
1.254456807414222475e+01
1.256205195679820896e+01
1.255697597626123496e+01
1.255798545292268997e+01
1.255389374845614014e+01
1.255619701907918895e+01
1.254694751995567081e+01
1.255342128350862474e+01
1.254536071509080131e+01
1.256472853415992397e+01
1.256554324278323698e+01
1.256726292819827506e+01
1.256406934261063668e+01
1.256752647128923073e+01
1.255953588777342134e+01
1.256816097413753397e+01
1.254065689078425905e+01
1.254041878876979688e+01
1.254243078241353260e+01
1.256361267022571226e+01
1.255642019959203992e+01
1.255317523923230638e+01
1.256764809903493862e+01
1.256734013730676125e+01
1.254970737003275261e+01
1.255684904818290448e+01
1.253738208541063770e+01
1.255781239492387513e+01
1.254366100436237730e+01
1.255970006942575523e+01
1.253589744402529504e+01
1.255779232259665790e+01
1.256311581046908898e+01
1.255517437143234361e+01
1.256821833373238562e+01
1.255995564357100669e+01
1.254129826358353483e+01
1.256439472818267511e+01
1.256506194965592016e+01
1.256603454771230233e+01
1.256482014955939341e+01
1.255712790059150485e+01
1.256301835272593337e+01
1.256817140590483461e+01
1.255477729958002975e+01
1.256601571373496817e+01
1.256511271269326713e+01
1.255578733416716197e+01
1.255549422913213320e+01
1.256722201437920994e+01
1.254802786156751182e+01
1.256649482330537992e+01
1.256740725508187673e+01
1.255386371281113611e+01
1.255493724703195291e+01
1.255404207255776328e+01
1.256778099775977076e+01
1.256631530246953510e+01
1.256802690197259409e+01
1.256605237100433037e+01
1.256463982107297639e+01
1.254797860205860260e+01
1.256450246855107089e+01
1.256714007080537421e+01
1.254935678314668479e+01
1.254532585819552892e+01
1.256575380091802074e+01
1.255231927590132024e+01
1.255119830012015214e+01
1.256621461328649403e+01
1.256319443311947559e+01
1.255719567151160732e+01
1.256568577252332197e+01
1.256484095132892875e+01
1.254987515493605699e+01
1.256368507233620946e+01
1.256783165176361905e+01
1.256318155693082872e+01
1.256758854617607035e+01
1.256323216277343136e+01
1.256085656809941575e+01
1.255923043469121048e+01
1.255339283313439758e+01
1.255286194070348671e+01
1.256275684796436742e+01
1.254168972301767937e+01
1.254851383052996994e+01
1.256124018824908717e+01
1.255977226599521579e+01
1.256223746185866474e+01
1.255689579006895151e+01
1.255925133233041890e+01
1.256159616068930163e+01
1.254766406346556273e+01
1.254714771665232753e+01
1.254528149527711456e+01
1.254238344395884930e+01
1.256080835416346275e+01
1.256190468785222869e+01
1.255597855048478451e+01
1.256210836828284982e+01
1.255552383738348432e+01
1.256121903020248531e+01
1.256404703120616162e+01
1.255560713927826910e+01
1.255960100317824057e+01
1.256560595279361436e+01
1.254287585652200399e+01
1.255765535851866765e+01
1.255026894177961516e+01
1.256796296713867100e+01
1.256666599491134306e+01
1.255980274299414212e+01
1.256373590182350419e+01
1.255971842751701750e+01
1.253612771044472218e+01
1.254928511759849030e+01
1.253323266144985659e+01
1.256787902785144340e+01
1.256349531889677706e+01
1.255546143377209845e+01
1.255275586880727801e+01
1.256775077087112713e+01
1.255608374565749941e+01
1.256732170618771427e+01
1.255264371364698128e+01
1.253608947618105063e+01
1.255027833051309472e+01
1.254253029877246561e+01
1.256728108099776797e+01
1.252680314261827732e+01
1.254672298842757705e+01
1.255538375500500514e+01
1.255175718413288521e+01
1.254963133429837718e+01
1.256199906793315435e+01
1.255435322756917316e+01
1.255426684712346841e+01
1.254971306113458596e+01
1.254592131058139692e+01
1.256511723709093431e+01
1.256721252379748677e+01
1.255554193509866856e+01
1.254335102038439587e+01
1.253648672282238152e+01
1.256728330681847439e+01
1.256121364906144144e+01
1.255651398171364264e+01
1.252490290907267223e+01
1.253987750465120854e+01
1.255048714170090385e+01
1.255504587644408865e+01
1.256558428950320128e+01
1.256251319722619719e+01
1.256710426748370679e+01
1.256140674490633202e+01
1.254461478102110661e+01
1.254357111079731624e+01
1.255001463858255661e+01
1.256638647548161636e+01
1.255572680750603887e+01
1.255168473755612091e+01
1.256065922826659431e+01
1.255035683381472289e+01
1.254917485599202820e+01
1.256661005106768769e+01
1.255854402899467637e+01
1.255395096283323397e+01
1.255497724910196844e+01
1.256155723280229353e+01
1.253324911418894061e+01
1.255855019850563181e+01
1.255736138722784823e+01
1.253827990931601200e+01
1.256714140848178296e+01
1.256230533265883231e+01
1.254783384085206066e+01
1.255613317129915707e+01
1.256731547393079751e+01
1.254655613465368091e+01
1.255486554895175111e+01
1.255854564080013702e+01
1.256773683872391700e+01
1.256734317809540791e+01
1.255508209981972456e+01
1.254173585234565635e+01
1.256702297194471463e+01
1.256279484083495923e+01
1.256120573193175005e+01
1.255328811896325369e+01
1.256654569681764322e+01
1.256563497273048924e+01
1.256164562026247822e+01
1.254479019282125840e+01
1.255378947813188972e+01
1.255920117385555024e+01
1.255922309328560260e+01
1.255243247101376092e+01
1.255587699112808231e+01
1.256801092658509944e+01
1.256435225809223155e+01
1.255579656395233634e+01
1.256356324601141061e+01
1.255749479545810132e+01
1.256614966518068144e+01
1.255356570031436547e+01
1.256699091715736571e+01
1.256352647704391146e+01
1.255835955872322351e+01
1.253822324375390806e+01
1.256317696040366805e+01
1.256669372542656404e+01
1.255335278778512453e+01
1.256319195886998230e+01
1.256411055193913384e+01
1.256247887718458855e+01
1.256002017600181908e+01
1.256715898209013993e+01
1.254785310469095982e+01
1.254912085860254756e+01
1.254286492767326244e+01
1.255973653381229838e+01
1.255142762698718784e+01
1.255435280690943500e+01
1.255309644270679748e+01
1.256372365802861957e+01
1.255483879193927876e+01
1.256465327423097023e+01
1.256006855760572272e+01
1.256127393166698347e+01
1.255732382192642937e+01
1.256007542641100017e+01
1.254516748588543074e+01
1.255877604742230957e+01
1.255698184547151008e+01
1.255260643613580918e+01
1.256762526673359126e+01
1.254008109296463758e+01
1.255815324553232770e+01
1.252363762890389154e+01
1.256526696259451725e+01
1.255532015405568558e+01
1.256622661669985597e+01
1.255001781141233153e+01
1.255075176717887686e+01
1.255699994355814830e+01
1.255686918047216771e+01
1.255307404739103205e+01
1.254876576329038329e+01
1.256541183257290406e+01
1.255485144303207434e+01
1.256166843293318358e+01
1.254074481729965385e+01
1.256810208726736100e+01
1.256335246883800671e+01
1.256022765227917226e+01
1.254772446150986731e+01
1.255676122976790232e+01
1.256222203949443639e+01
1.255712065741982997e+01
1.255784699391180936e+01
1.255385104485860914e+01
1.254998278975034509e+01
1.256732109879616388e+01
1.255356239256077266e+01
1.256423186878911125e+01
1.256087896378383206e+01
1.256351393929046267e+01
1.256767526570567384e+01
1.255105641924882498e+01
1.255241953000064470e+01
1.256141361371741816e+01
1.255806669150330634e+01
1.256124555184260672e+01
1.253233643778186845e+01
1.256473371552623242e+01
1.256610639553485065e+01
1.254325399300860688e+01
1.256576571200949211e+01
1.256658419291915685e+01
1.252962939927556008e+01
1.255538018180753923e+01
1.255178433772770497e+01
1.255988049899346137e+01
1.253644926561507056e+01
1.256317184181313706e+01
1.255002074668461987e+01
1.255401398413575897e+01
1.255806210615497420e+01
1.254723357853018939e+01
1.256635925060379044e+01
1.255421235877213348e+01
1.256109159771232342e+01
1.255137799057563086e+01
1.254982529068282915e+01
1.256753659113455157e+01
1.256025963725761763e+01
1.256590194740934763e+01
1.255099043285652627e+01
1.256668583697117114e+01
1.254111002777451667e+01
1.255401364084258553e+01
1.255014957410327625e+01
1.255987959181484825e+01
1.255823620893072778e+01
1.255905882302891285e+01
1.254150523618024415e+01
1.256029645572864339e+01
1.256584598750239046e+01
1.254757842863754291e+01
1.253495596070214191e+01
1.256600117427839969e+01
1.256758924932430865e+01
1.256350011931399457e+01
1.255477101953345986e+01
1.255636200163459115e+01
1.256542281069298639e+01
1.254325839193575653e+01
1.252810506611306529e+01
1.255962664771617021e+01
1.255580786380843783e+01
1.256751060376420348e+01
1.256641414491731013e+01
1.255266218843924975e+01
1.254106249742365442e+01
1.256552458415723628e+01
1.256355116780270187e+01
1.256139376938443775e+01
1.256331125298572182e+01
1.256825398996391030e+01
1.255488778798784999e+01
1.252111428170977803e+01
1.256497950248005502e+01
1.255329653979438120e+01
1.255678493780301075e+01
1.254671376499194402e+01
1.255578627693272331e+01
1.255690624361285579e+01
1.256353717872275055e+01
1.256095919224727453e+01
1.253655214751653268e+01
1.253959845237669057e+01
1.254909109562662550e+01
1.256278832336798779e+01
1.255699622934867143e+01
1.254824408840816474e+01
1.255816012716641694e+01
1.254878768300251579e+01
1.254632997015847096e+01
1.254125843203881807e+01
1.255441010368730304e+01
1.255746290010391597e+01
1.255733108895319994e+01
1.255024709266096750e+01
1.256058008638681045e+01
1.255052394145028494e+01
1.256619111515250431e+01
1.256532475053619713e+01
1.256502953465346195e+01
1.256132140084058335e+01
1.256290869222389794e+01
1.256595130446346609e+01
1.256316247917119888e+01
1.253215253218793102e+01
1.254826864931033725e+01
1.256810536555505742e+01
1.254006496941914506e+01
1.256486115970933426e+01
1.256506543365294171e+01
1.256155831091674102e+01
1.255295628942968555e+01
1.256438927185200605e+01
1.256328161631590845e+01
1.256017844816685169e+01
1.256740423208832347e+01
1.254529910201792120e+01
1.256672377121254236e+01
1.255331448294340468e+01
1.254837979998596964e+01
1.254486030349365677e+01
1.256254888775875322e+01
1.254171996486201657e+01
1.256119075997334988e+01
1.256410881391196099e+01
1.256425058474788159e+01
1.256458403796963097e+01
1.256689599543525659e+01
1.253931011182722344e+01
1.255588361867279978e+01
1.255980455433471832e+01
1.256129403132372069e+01
1.255871093733659194e+01
1.256781716462153220e+01
1.256554954015295422e+01
1.256592452031166829e+01
1.256334346442296201e+01
1.255597746048220387e+01
1.255539814957844591e+01
1.255807041295228110e+01
1.256703765630784808e+01
1.255468312006484588e+01
1.256061000440726616e+01
1.255360360803007325e+01
1.254670068003784245e+01
1.256304056495178401e+01
1.256567869627538059e+01
1.255994852645338611e+01
1.255378827581986556e+01
1.254991291276485832e+01
1.253121625257213623e+01
1.256560560054112585e+01
1.255623743538159509e+01
1.255043500276796564e+01
1.253316811329977476e+01
1.256546287741944923e+01
1.254933947355683443e+01
1.254609928072221692e+01
1.255883416922818796e+01
1.256516294214819496e+01
1.256252217286301232e+01
1.256298258603339058e+01
1.256642571358015381e+01
1.256053229657557146e+01
1.256673023076093898e+01
1.255249342085497055e+01
1.256546045093391406e+01
1.256680845662376456e+01
1.256207085628113340e+01
1.256250263871472583e+01
1.253930557199535301e+01
1.256421871147117741e+01
1.255763359061572082e+01
1.255438518146342020e+01
1.256546212722835598e+01
1.256699685187549775e+01
1.256504072509366132e+01
1.256722797461057262e+01
1.255384840157217141e+01
1.254501522068581565e+01
1.256730857763079001e+01
1.256361532580473472e+01
1.253524605786241253e+01
1.255689755118179107e+01
1.255041808805721004e+01
1.256132421438333324e+01
1.256182838762248721e+01
1.255596444293728986e+01
1.255949359455756920e+01
1.254716586939445300e+01
1.256382042662917797e+01
1.256321967475079404e+01
1.255737237783192839e+01
1.255319675187744721e+01
1.254346981540469486e+01
1.255228211745333233e+01
1.255441291553402294e+01
1.256097578893262501e+01
1.255770375157384677e+01
1.255196177802202584e+01
1.254552579044334415e+01
1.256053971447706630e+01
1.256394707235834574e+01
1.255864709613538466e+01
1.256799087688061256e+01
1.253732101946930833e+01
1.253218727065307370e+01
1.255916274871567317e+01
1.255611055717523072e+01
1.256123222119187943e+01
1.256575955787197785e+01
1.256349227809640290e+01
1.256660022809981925e+01
1.254450184525876111e+01
1.256571795019809201e+01
1.256659284884637096e+01
1.255801807195794062e+01
1.255689250996654494e+01
1.256559776566114195e+01
1.254775838812074262e+01
1.256734001461275696e+01
1.256702437103036374e+01
1.255225615349412394e+01
1.256363702146646233e+01
1.254337693442318624e+01
1.255901428265489450e+01
1.256204574277803054e+01
1.255514717700572547e+01
1.254452516325988576e+01
1.256309187902177271e+01
1.256344912561638161e+01
1.256484686603116607e+01
1.255650199761111807e+01
1.256424175236397467e+01
1.253696689053495383e+01
1.256011533563932758e+01
1.255394154967244980e+01
1.255827579511465153e+01
1.255906579656103972e+01
1.256366582087822259e+01
1.256137998895153629e+01
1.256660117980920788e+01
1.256288040056317357e+01
1.256725892256543986e+01
1.253307665635868418e+01
1.253989015425312381e+01
1.253992410798016621e+01
1.254696849531370972e+01
1.254197355422854976e+01
1.254568673943976265e+01
1.253076032457581590e+01
1.256304803430084505e+01
1.254833790279031902e+01
1.255917792188017579e+01
1.255651230726029333e+01
1.256344134700773019e+01
1.255534662940168111e+01
1.254342594079979278e+01
1.254217667217964660e+01
1.255867683242179744e+01
1.255433495610676253e+01
1.256236412306946626e+01
1.255722117630864076e+01
1.254572498191523167e+01
1.256009787584384085e+01
1.256275197752842310e+01
1.254915141565331282e+01
1.256451705048041134e+01
1.256825533521878491e+01
1.254662123346247604e+01
1.256525697584420520e+01
1.255604669920341721e+01
1.256728185800519171e+01
1.256732924153452302e+01
1.256081132204466755e+01
1.256221154097104886e+01
1.253957888363481210e+01
1.255561229299504511e+01
1.256099493119651100e+01
1.252420299597600284e+01
1.256506548721157124e+01
1.255996554128044629e+01
1.255533863060398048e+01
1.254271625876683771e+01
1.255956081172331018e+01
1.256428165568685529e+01
1.255369124256162650e+01
1.256160844021016132e+01
1.255986509176454824e+01
1.256266837128259084e+01
1.254447857141512657e+01
1.256444599877571022e+01
1.256677124510484056e+01
1.255816228728254558e+01
1.254511018999106220e+01
1.255109434231013488e+01
1.254750079645837246e+01
1.256692103124840720e+01
1.256160738199435301e+01
1.255798314701680596e+01
1.256779103592894664e+01
1.253525247081652516e+01
1.255207451769604887e+01
1.256754656530326386e+01
1.256736759434942030e+01
1.256051135502136162e+01
1.256025747658202718e+01
1.256416063147191586e+01
1.255772549246531256e+01
1.255068553966259870e+01
1.254471426155087244e+01
1.255300226550306064e+01
1.254088757389080300e+01
1.254618168146949131e+01
1.254482808472615041e+01
1.256013053011579927e+01
1.254972587408827422e+01
1.255627417935703427e+01
1.255719125370575995e+01
1.255410555881080370e+01
1.256445273352554715e+01
1.254376121756092566e+01
1.255002479669777316e+01
1.255407771016664853e+01
1.255436130196704880e+01
1.256195888480902845e+01
1.254084881670434193e+01
1.256746560643083299e+01
1.255639722628384192e+01
1.253980569751037777e+01
1.254299887475783670e+01
1.255901145504065575e+01
1.255296019771416383e+01
1.256030658506339215e+01
1.256323358744885255e+01
1.254741086220167290e+01
1.255579197499880273e+01
1.254427679767731441e+01
1.255798570250708579e+01
1.254373678017302218e+01
1.255700824372254232e+01
1.253965409060785241e+01
1.256766065398707255e+01
1.256398266298861977e+01
1.255791344223296946e+01
1.255897556759611611e+01
1.256497858152118319e+01
1.255403641147777627e+01
1.256467857262281385e+01
1.256751402238148430e+01
1.255440425741381105e+01
1.256652303215592958e+01
1.256386053241671164e+01
1.256708530038764415e+01
1.252370631231895892e+01
1.255331651011627336e+01
1.256688082834540232e+01
1.256439309988044073e+01
1.255712754055504199e+01
1.256473215708611413e+01
1.256156395253749913e+01
1.255704845277561787e+01
1.253612012057039493e+01
1.255513416145137384e+01
1.256622959412399254e+01
1.255779869555509265e+01
1.256658578097878376e+01
1.256147662979760327e+01
1.255014784925364779e+01
1.254031084632455517e+01
1.255755465564012496e+01
1.256061629570822191e+01
1.254738972636144823e+01
1.255615712388317462e+01
1.256753892691355290e+01
1.256195311356697175e+01
1.256683377897760145e+01
1.255308070544209720e+01
1.253837054592939104e+01
1.255426339176880290e+01
1.256164274501467659e+01
1.256532790172137481e+01
1.256400031424961838e+01
1.256614196759683111e+01
1.256332202948230758e+01
1.255575850188646747e+01
1.256022970914728631e+01
1.254034892899580811e+01
1.255470436583577154e+01
1.255714342715724285e+01
1.256197455755673431e+01
1.255143742782517258e+01
1.256700701426382771e+01
1.254587225719877175e+01
1.256632605509189915e+01
1.256298827330559043e+01
1.256023368286184549e+01
1.256772194912776008e+01
1.254593427986763565e+01
1.256747132839516645e+01
1.254038169866050367e+01
1.256209138753008503e+01
1.256646526482150961e+01
1.256644810307584770e+01
1.252974811553207779e+01
1.255077466538106634e+01
1.256572032699875230e+01
