6.807905079159160509e-04
4.865632067216508344e-04
7.864413582723177656e-04
9.115155199401972367e-04
8.501514449445881716e-04
1.079134368381398559e-03
1.407559409587290800e-03
8.275107241251645042e-04
5.779772809533827637e-04
8.191081511951341359e-04
9.066836396853191794e-04
4.459480533330695078e-04
7.615865764070807800e-04
8.159795812598442813e-04
1.090856931249078142e-03
1.082739577252354955e-03
3.681732879010498564e-04
9.313609438717437849e-04
7.565526479712362000e-04
1.136398549967454225e-03
1.159532619580373562e-03
7.565669800640740248e-04
1.327536644674467926e-03
1.452775831730363084e-03
8.936390831277082761e-04
5.128705914662988041e-04
1.049730636269728982e-03
1.984263218183405370e-03
1.007163969224193030e-03
1.676284258534287835e-03
3.335653013971523213e-04
4.997925015859607965e-04
5.398320105788086262e-04
8.961602771821037790e-04
1.574116948551150356e-03
1.777638563821096153e-03
1.227860555787068601e-03
9.906896075500591994e-04
8.947176482431084491e-04
5.898469515228243901e-04
9.631077169913886170e-04
1.857543703218312052e-03
7.117465482332549888e-04
4.257473164578696491e-03
8.608239280972575019e-04
3.699239977376574421e-04
1.195570233434972273e-03
6.441384555197598701e-04
6.436913621407337966e-04
3.761679779627276777e-04
6.060603442186448609e-04
9.296871491236114674e-04
8.002110168959972961e-04
5.512724406728563903e-04
6.563999048056256072e-04
6.871233447815601686e-04
6.000364618068839383e-04
1.288728630560596845e-03
8.886974757691981598e-04
4.250130638709380708e-04
1.565580173623082934e-03
1.153312944017239033e-03
1.262233179948767667e-03
1.231277522021228784e-03
8.499179408165304225e-04
1.335098909349318125e-03
1.044889179613615448e-03
1.228969230025552970e-03
3.059782778685937385e-03
9.703342317191024531e-04
1.019385904549434743e-03
4.635596070477823738e-04
1.000093878521584765e-03
1.778275998249392821e-03
6.655105000206366743e-04
1.504736912070908823e-03
7.251270810909877639e-04
8.035792256023582044e-04
9.816148722698223548e-04
2.058467618512216726e-03
6.457011320654807741e-04
2.047316351342740037e-03
5.218515156404909599e-04
9.391917200480565803e-04
1.455521677759604067e-03
1.398690352802350228e-03
5.309614740301309447e-04
1.412118480210136163e-03
7.798904081969923636e-04
6.241662596518953625e-04
8.663328123488298451e-04
1.173273594633147694e-03
9.621019621210097437e-04
9.142011052793059004e-04
5.838330136607384124e-04
1.675329594128938462e-03
1.021379589923182779e-03
1.075180725890908595e-03
8.666846042321944962e-04
8.914763449023495063e-04
1.061810117051152896e-03
7.225830395002861293e-04
7.794919545333485163e-04
1.680156024702610541e-03
5.670120409215197383e-04
4.998706202264257973e-04
2.590764035812969952e-03
1.104252440199220619e-03
9.377333499525203602e-04
6.752177091756229399e-04
9.413071878431369379e-04
3.273612421290294280e-03
5.001480566162996031e-04
1.709857260038840461e-03
8.109203173269035995e-04
7.662104983647897820e-04
5.846358043205552701e-04
6.871324717885629900e-04
1.611410778996832070e-03
2.192812444455827757e-03
7.532535405257451003e-04
1.131785252980607118e-03
1.350468982601437783e-03
4.629739191049797196e-04
6.699502754243496627e-04
4.156480261203753012e-04
7.150678364901169766e-04
7.757947212870996067e-04
9.368464237130797812e-04
4.605037125621500374e-04
1.066842776992851273e-03
7.600193828964784282e-04
1.094382899235152784e-03
7.035337338017768304e-04
8.408584139459862042e-04
7.078659330775498087e-04
5.103215949320529443e-04
1.381194530344613579e-03
3.340328164934605192e-04
6.224027333639821531e-04
6.095841045354372014e-04
1.253168643899824118e-03
9.726877417954843787e-04
7.475204425806914951e-04
2.464408408581694482e-03
1.154499157042128887e-03
1.673336925355313953e-03
1.002335416639424165e-03
1.109462881858782040e-03
1.589282968690204677e-03
8.279665551632738258e-04
5.748698979827401292e-04
1.293725334709162639e-03
1.428284580632222358e-03
5.945949440783105831e-04
5.488267604731633708e-04
2.480648545008286125e-03
1.029602569685387744e-03
7.485747060866229869e-04
7.175935123438739087e-04
3.023431399112896955e-04
8.118304503155971330e-04
1.931047454332629433e-03
3.608439750381304363e-04
5.023483220921087442e-04
8.411210401759589266e-04
9.046686043972082449e-04
9.469754667799315127e-04
6.548458176028839782e-04
1.436335615686745682e-03
1.366241772537359197e-03
1.418574767189405023e-03
1.191172623658599697e-03
5.108686843969748991e-04
7.321454363050850693e-04
1.993882195209815966e-03
1.277270601280990113e-03
6.612616450003981541e-04
7.180193671314091201e-04
1.020501121606933988e-03
7.648288814416677591e-04
6.337417034175303349e-04
6.332884484235101015e-04
8.552244379709200792e-04
5.637495288603576330e-04
5.394144973704912511e-04
1.232910710422083830e-03
5.055938423933168139e-04
1.086534133573815314e-03
2.030494674777995941e-03
6.201409846221849279e-04
1.469290047736004001e-03
7.859653696771270320e-04
8.154492702347529692e-04
4.194883334918125405e-04
1.078458316499067643e-03
5.936698020627313461e-04
9.312425017694792506e-04
8.650376951498785563e-04
5.611794765668892248e-04
2.213165841099116148e-03
1.664501167156035846e-03
5.375117425585365346e-04
7.158303082691336175e-04
4.770110204361615561e-04
6.633048899791224931e-04
1.503381443505987826e-03
4.653954974851423404e-04
1.825641134270687910e-03
2.114431243226866115e-03
1.100745703771748322e-03
4.246747162344670736e-04
2.265878020651650778e-03
7.576213146020695363e-04
1.536841987884780868e-03
8.720890762833529439e-04
7.870667752824875166e-04
1.279723472340073276e-03
6.710337564403305371e-04
1.091642795462547917e-03
1.394696171173775414e-03
6.783706612548857798e-04
7.245317022964892391e-04
9.072723508682611860e-04
8.216570412759527592e-04
7.419904260842673585e-04
5.142374405020903871e-04
1.108318128635589657e-03
9.109829128751387216e-04
5.818116044149524444e-04
7.599835885998927750e-04
7.963397045237166757e-04
4.580863633073064037e-04
7.777469669524826601e-04
8.646241105417615432e-04
9.931472963883173147e-04
1.259793794355301092e-03
1.242791640048259002e-03
5.076320978142647659e-04
9.033767058157196779e-04
6.055604465630505312e-04
1.125659023428024052e-03
6.656622372639705394e-04
8.335032957202913317e-04
1.867001994692113693e-03
6.547033866387081064e-04
2.036389653067508052e-03
7.950818203531558482e-04
3.529781139798451525e-03
9.789872766072071474e-04
5.654538924809696023e-04
7.055940566089801249e-04
7.330395846881314608e-04
1.141908377795666351e-03
7.560497499302225874e-04
7.987281775615795486e-04
1.458182011369410979e-03
1.293938759061382879e-03
7.176671076675467109e-04
1.370814744516590886e-03
8.948976948846088051e-04
1.128531111338851008e-03
1.014649300246424574e-03
5.418950151706053604e-04
1.425165518338224061e-03
1.486451975583703844e-03
5.902446646361933806e-04
1.037172321202069116e-03
8.845202651120551065e-04
9.241449028498866566e-04
9.105964563483004643e-04
1.087293155212939533e-03
9.521857725762572326e-04
1.098746018795747131e-03
5.541420469692397849e-04
5.551054156476486427e-04
6.735414530368743396e-04
1.107828580215246229e-03
5.099679139973246076e-04
5.479724222307571710e-04
1.520920440278083346e-03
5.357421955184395136e-04
8.365511362506465555e-04
5.167406815888360601e-04
6.346441560572599599e-04
1.220653223835982014e-03
8.011422905704253814e-04
7.568767754112260817e-04
6.390610890653864807e-04
4.186907424133068747e-04
1.189173439842299267e-03
7.548830057139688243e-04
2.634312612380159367e-03
1.217141566433939392e-03
8.460746455949552528e-04
8.523879826170787646e-04
1.114724594255223035e-03
7.284655802495349159e-04
4.018642241452827788e-04
1.330811911615729622e-03
1.656179096337661617e-03
1.866473134364616442e-03
7.274866282051325062e-04
8.962633640946573175e-04
4.504901118240823340e-04
1.392367788909313567e-03
5.114483106904349268e-04
9.296331580703641115e-04
1.001176128797456096e-03
8.311126953561186670e-04
2.622299225620307404e-03
8.017473711540123700e-04
7.922870147031728415e-04
8.974316667584265406e-04
1.405295447992372130e-03
7.123384047489822370e-04
5.501373007460644672e-04
5.230909394542595375e-04
6.165102539170123257e-04
1.265925775931937185e-03
9.787285740768356546e-04
4.635407669231692007e-04
2.462145095961275169e-03
1.606779702267307043e-03
6.078023571194523427e-04
7.585662522750447273e-04
9.008892395966796142e-04
1.028315617472664928e-03
4.834467225045368361e-04
3.812727990883073965e-04
1.482206935463037129e-03
4.539675073696676001e-04
6.157695030875813113e-04
1.364721327974082301e-03
4.830409524843661288e-04
5.822325918391846669e-04
1.383519908425799366e-03
9.210354746437322566e-04
4.928734980154368412e-04
1.155068128277596858e-03
5.671038018553945913e-04
5.467970710438899715e-04
7.487313314996501970e-04
9.552007179996640802e-04
8.487315376865253247e-04
1.409916247552439042e-03
8.566474492139997511e-04
5.188193831765847619e-04
1.078096339938200811e-03
9.632020499864301678e-04
2.085537855928463677e-03
1.386460172595592932e-03
4.845270935903326997e-04
9.952476001607712258e-04
2.358882439330919380e-03
6.746620958711379862e-04
8.734590529635501447e-04
1.125273276744177472e-03
5.142665740222781548e-04
1.268734110025569045e-03
1.029116606582589338e-03
1.026441403686523344e-03
1.864036598085152922e-03
7.402525297817126940e-04
1.195983641937368351e-03
1.480931519092645822e-03
1.438947884962842256e-03
5.690472937202856575e-04
1.365890669051216585e-03
5.073281446328453377e-04
1.070585727691061905e-03
1.181914574398148458e-03
8.754334314893518496e-04
1.046691267787591131e-03
6.136450509648165791e-04
9.295747375797813912e-04
6.294425140337643609e-04
8.629076629653398495e-04
5.996938076064969696e-04
7.773644129504255970e-04
8.810995808542879419e-04
8.342451542704833840e-04
4.850613159667931042e-04
6.838226118649838635e-04
1.246921734730361848e-03
6.301030402287100332e-04
8.688050945747534653e-04
1.572398795199683036e-03
8.534082518106860709e-04
7.890054964151555763e-04
9.189644329781735841e-04
1.069690249368849882e-03
1.457899716140662093e-03
7.565956168259012175e-04
5.088386882625689630e-04
5.287385467070042713e-04
5.340453104456539118e-04
1.120724736747022356e-03
1.270641326454987480e-03
5.981136848368118772e-04
5.965188949112529412e-04
4.476323037777462841e-04
7.157280308093620083e-04
9.638778520741158283e-04
4.616505463874203069e-04
9.155662313718263565e-04
4.129387794616608070e-04
6.559053659651131697e-04
7.282452522765740658e-04
5.609085541279406261e-04
1.092914734689961597e-03
7.905920500634142523e-04
8.276990817300989168e-04
5.961039432201070080e-04
1.167114608331898005e-03
1.278350246701453466e-03
7.024718002553503524e-04
6.584960235584922392e-04
4.279317846976943480e-04
1.755680042257573873e-03
1.533442058721418448e-03
8.004363601150096081e-04
1.373224832788478731e-03
8.621375040457419014e-04
6.170705014239290156e-04
8.093644312628710345e-04
1.439639948298936491e-03
1.086888423857268558e-03
6.188294674888668388e-04
8.979755783089051792e-04
6.118400584856393968e-04
1.363057859679642778e-03
5.065871583307306539e-04
1.131006576009864744e-03
6.859848313830917621e-04
6.406451768231309152e-04
5.792678000263243310e-04
7.447281317106652174e-04
1.628636678316239912e-03
1.022626935029986167e-03
1.394576602438635455e-03
8.580199445594201670e-04
6.790313459965300084e-04
4.767506481277824148e-04
1.745765370174509569e-03
1.350726147825600512e-03
7.765732835243355399e-04
8.621530574819128356e-04
7.331117663545564690e-04
5.924632658639881555e-04
1.324143102989036418e-03
1.173632180410553658e-03
4.996477761518472015e-04
9.045867308315556216e-04
1.286335062680702421e-03
5.061750042029645666e-04
6.610272676473705330e-04
6.917258952373197363e-04
1.227964613228699599e-03
9.946441485873210898e-04
7.245167154276751370e-04
9.403045098131168405e-04
6.242193777044213092e-04
6.410456716251575334e-04
9.441415465628325487e-04
6.697874413198353066e-04
4.781062595683193187e-04
2.450302552882096998e-03
8.685352096597976929e-04
4.835708266420759237e-04
1.247254558632691695e-03
5.662521981662703386e-04
9.163529598102074930e-04
6.406848155615717071e-04
4.515797995979830073e-04
5.020074663658000971e-04
9.992024666869302359e-04
8.672170005655646186e-04
9.211411981543174941e-04
5.147125050039360900e-04
5.212897085971900145e-04
9.812171490759138796e-04
1.891563474963698982e-03
1.323184079262991822e-03
8.851928410512414870e-04
1.182288002114036465e-03
1.499701894186561803e-03
6.780856987571847469e-04
7.021066846496728684e-04
1.001589026880308955e-03
7.644034852575625188e-04
8.033161039753040520e-04
6.556145789592462145e-04
2.282531074844089229e-03
1.037009840429417877e-03
5.576709383723492440e-04
3.095228125419078984e-03
7.923584973072641136e-04
8.701001272044606768e-04
5.807311694420448341e-04
1.375511076776967214e-03
2.361125365678034237e-03
6.579461180104430708e-04
8.465329428118862796e-04
6.627548593190593683e-04
9.488975113649430982e-04
3.927398015622093159e-04
6.718754701340255145e-04
3.254147245557822109e-03
9.246420432189032161e-04
6.485427612172397398e-04
1.003179253523515859e-03
7.628226278601154837e-04
4.946368184062196506e-04
1.235043262929205439e-03
1.221948217335551727e-03
6.107725770300695455e-04
5.995242482974208606e-04
5.591639040393068475e-04
2.402183025745704623e-03
5.435864062138128948e-04
2.829524017078689953e-03
7.282559338802252393e-04
3.035114664439002297e-04
6.120006526615692343e-04
1.244560183544969178e-03
1.107551066395757186e-03
3.236954569989662894e-03
1.044676782068709731e-03
7.928257542317858992e-04
7.382161687811749978e-04
1.796591174116201001e-03
6.699035407478694552e-04
1.103894521579135797e-03
1.125673997028795240e-03
6.247374227186372128e-04
8.638234916401754020e-04
7.017593294683130249e-04
1.384776452222082153e-03
4.454470639594431216e-04
6.929491718931927091e-04
1.126302599571351801e-03
6.413409587986235129e-04
9.254821016251046396e-04
5.046213013357144297e-04
4.571706044373560849e-04
4.839639387724022773e-04
1.292852846904227453e-03
3.531666250361728022e-04
7.024367332775433622e-04
6.391648514804245881e-04
8.756716947048847222e-04
1.027377088936838687e-03
1.196425870318878690e-03
6.826353286160983212e-04
6.352735960968181744e-04
6.556071237311436031e-04
6.738999052737791639e-04
1.732106325040302583e-03
7.953345519809446474e-04
1.499033696936915173e-03
1.019848077916107659e-03
8.047454648777354214e-04
5.994795690589661656e-04
4.753535275425715577e-04
1.128364716815483896e-03
7.367810532262066914e-04
7.425986697500434235e-04
2.517631045488907555e-03
8.866030562459511696e-04
1.682888775141343912e-03
8.088388780915939944e-04
9.478799438835980133e-04
1.586387337126677352e-03
4.874431008411000662e-04
4.844161502798064400e-04
4.888872569440046167e-04
1.351772326381437067e-03
9.583062366590255161e-04
1.829125939584260460e-03
1.291310988242083376e-03
1.111032690313419353e-03
1.089920307357798582e-03
6.622982399239501399e-04
1.445190161759404542e-03
1.552012332448467376e-03
5.116545187633125304e-04
1.281079026233159163e-03
1.237780533330401283e-03
4.587356223462721099e-04
1.230901913232486768e-03
9.374428944876394762e-04
5.994964038485631327e-04
1.085014936255971870e-03
5.672381808315793850e-04
9.947806407038602052e-04
2.127054276313359096e-03
1.159031789252593656e-03
1.801469184372002028e-03
9.862083858666872635e-04
6.711532431198187270e-04
1.653165151409254118e-03
4.461068850458922361e-03
1.040131019003256345e-03
1.698092829589990024e-03
9.352754919007193277e-04
7.546892497165077910e-04
8.614442716144867082e-04
1.592484589392052004e-03
5.883023540457342103e-04
5.276063678233583768e-04
1.630703465232441170e-03
9.616533024326505679e-04
1.135734703334845448e-03
7.412847409823516889e-04
4.744500332919219664e-04
5.582256595896978313e-04
2.338672681174677834e-03
8.230614339354931554e-04
1.195702435024712743e-03
7.108269498072565138e-04
6.962023432580024662e-04
8.908674334868725304e-04
6.733182151769001762e-04
7.621901858569362243e-04
7.967037765328184671e-04
1.351982985841250701e-03
9.926343700196696863e-04
7.964174294630869478e-04
1.657614299566939576e-03
3.862788660671876285e-04
9.532385110968975752e-04
2.412603377206811502e-03
1.065522401588061370e-03
3.104598997907200963e-03
4.110110292446721939e-04
1.107829284418289329e-03
8.031965638483754867e-04
1.131700512983236425e-03
1.523285820381700814e-03
9.228708471667026797e-04
1.613730849484976354e-03
1.000422145140780197e-03
2.262856241517395214e-03
6.400002134662136164e-04
2.835834607676229833e-03
6.195463324661709204e-04
8.631449338598542890e-04
5.822603032310005563e-04
6.439846172886106411e-04
1.264558931306778052e-03
6.322534062677159132e-04
7.168855222938030469e-04
5.690261880325250257e-04
7.335274276650165584e-04
5.799384914178787234e-04
7.047199874089975832e-04
1.147546968577060076e-03
3.958665385202943103e-04
1.509692662281754156e-03
1.393775012371898303e-03
1.038184081039284379e-03
7.562327503516402165e-04
4.565223548985253938e-04
1.240289034181719626e-03
5.410736515695915632e-04
5.914009485243143863e-04
5.425550808153620100e-04
1.027400180074711147e-03
1.101347670088045948e-03
1.194442291133301047e-03
8.667522193392614193e-04
1.129060545632107077e-03
6.908906293135761790e-04
1.711738051529944349e-03
1.736397214847253253e-03
8.146927984063397380e-04
2.825725992265811035e-03
2.073439034360172965e-03
6.600811148665552573e-04
6.797981397452812231e-04
5.134419953481386602e-04
9.138064610022393923e-04
1.111750944820810239e-03
4.959344837625910335e-04
1.189270012908925098e-03
4.537106810820728652e-04
7.748876932249588101e-04
4.087694421797676437e-04
7.063349496616395592e-04
7.416748815389503447e-04
1.098700628704348545e-03
6.878809349161623711e-04
1.488205596901119067e-03
1.064018115812987147e-03
4.567475061136446694e-04
9.404377304880252343e-04
5.404724736124660433e-04
7.154093582024183230e-04
1.469063824740133011e-03
7.548164367788795081e-04
7.272892863442949503e-04
6.232278318240530666e-04
4.630991762656696685e-04
7.827515868680395578e-04
5.782499457121643678e-04
7.489089768599182118e-04
1.643429900345915514e-03
1.613818601001456221e-03
1.554637024657562223e-03
8.320158324344518498e-04
1.923562701539344817e-03
1.097296025548112012e-03
7.754596372076813038e-04
1.030658265743596451e-03
4.308359912483258978e-04
8.279315440768197963e-04
1.135936069773470572e-03
1.024251538649555409e-03
7.821645874973178446e-04
1.378157503120317406e-03
1.387158022961906345e-03
6.089249364015793774e-04
7.403820895556836564e-04
5.732517847236432611e-04
1.081049276102628333e-03
1.023122279872560681e-03
2.968493827497923482e-03
4.574843513665835331e-04
1.677941121817879203e-03
5.545991584543844000e-04
1.580727094433432298e-03
7.647932015780894467e-04
5.183799856012656594e-04
7.001234025527823188e-04
6.601095737016076824e-04
8.444979558412163325e-04
1.170381148582568843e-03
7.779639301666919395e-04
3.675653127493071193e-04
1.067583245375589192e-03
5.119077479936632409e-04
9.853457169550626938e-04
8.473133958251566518e-04
7.869885973286602429e-04
5.320578178865551996e-04
1.531831112717330903e-03
6.518998725058928936e-04
9.608038219367381633e-04
9.396577109600385549e-04
6.130199505312965971e-04
1.220020059861941838e-03
8.124547048213749808e-04
8.697101611005189853e-04
1.070534685067775884e-03
1.561696931276447889e-03
7.964219499002116133e-04
7.590321573182019560e-04
7.014647540413320370e-04
5.052345033371409772e-04
1.093718957425890556e-03
8.074401032426910697e-04
9.764508750854789237e-04
1.819005437968732519e-03
1.159190070676204085e-03
8.403453676046768878e-04
5.347259591472927317e-04
8.219751661300672392e-04
1.029320506750531095e-03
7.399719834563199278e-04
1.228527602240818070e-03
7.888663990323076768e-04
8.816940855945229298e-04
1.324279504106560786e-03
5.799510640594778737e-04
3.558169557460393409e-04
1.019112609789438314e-03
1.710392749950028542e-03
1.715424833971525634e-03
1.044264605888762815e-03
1.241042109948983004e-03
5.551855012655658710e-04
1.276493936919693593e-03
1.034929319108541862e-03
7.513230083755383570e-04
5.691895580338242290e-04
4.439175748154454578e-04
9.718793773422670619e-04
6.616229421573671535e-04
1.146277514635870177e-03
8.843960280841199574e-04
6.290112607425803713e-04
8.108099986722871284e-04
8.937181831188289625e-04
7.118947009279515559e-04
5.691486560850471908e-04
9.032706523957797226e-04
6.869867094916196418e-04
4.690532172856258898e-04
6.598765683717450637e-04
5.754228181411115200e-04
1.477936853175844866e-03
1.012997371366719567e-03
6.409135264732565996e-04
7.117410939816629480e-04
7.848185127653933574e-04
7.956048971270426786e-04
2.264610530563813603e-03
1.462609666906806820e-03
7.674695507725146255e-04
1.223342600243577374e-03
9.161060959095105585e-04
6.174067988891765229e-04
1.132690693316461316e-03
6.990202976846137881e-04
4.724074350896300604e-04
1.747169735326245012e-03
1.358699282967133336e-03
7.663900437088515738e-04
1.922968390024266082e-03
1.537874688407311029e-03
6.093423557666581255e-04
7.259166764458888392e-04
9.966159274200790587e-04
9.511983125980088888e-04
1.341882482646626846e-03
1.159322711223171459e-03
6.277730337922574934e-04
4.512039648471044572e-04
1.280164813445659007e-03
1.259764924704910756e-03
2.755047875642674306e-03
1.229410745633796034e-03
7.444269773909640252e-04
1.122235687456800109e-03
1.003233247934752232e-03
6.537188666976583755e-04
1.615911100307101424e-03
6.639268040553350210e-04
1.304013747231119779e-03
6.704950148815949900e-04
1.021995235790986063e-03
7.231804561789508673e-04
1.757894174353433463e-03
8.903904138471772488e-04
7.823702095396081095e-04
5.085566781758518078e-04
1.018803278632130155e-03
1.087035891742391819e-03
6.452649997893728125e-04
2.613218583952831020e-03
1.432295622988078105e-03
8.062158977229506559e-04
1.365460136573416403e-03
8.566941817071231646e-04
9.315382348362721571e-04
7.275952896945599418e-04
1.152671221621733195e-03
1.059065318356039757e-03
2.698758458181522556e-03
1.175383910125370798e-03
1.765325747588066853e-03
5.214956104852466311e-04
1.605364755194440369e-03
7.571167226498564653e-04
1.438617874890977264e-03
1.014412894015815497e-03
5.271878044033839967e-04
6.891141131702144132e-04
1.396127195093898330e-03
1.086080170439377357e-03
7.868342454815990599e-04
5.504962089611676332e-04
1.021906254359419971e-03
2.385492369735350317e-03
6.669819907772743268e-04
1.329864737652515722e-03
1.059924513422352008e-03
7.989776240723420664e-04
9.091947519686709210e-04
8.904949792871056464e-04
1.470246401884334111e-03
4.725473031509530445e-04
9.696528906301491585e-04
1.432529119137967381e-03
7.672941121150178611e-04
8.523877192186330234e-04
1.017958788701128076e-03
5.362955715863888979e-04
6.868734080142516792e-04
8.008719629287884469e-04
1.628119927480302116e-03
8.950251287597423737e-04
9.929927820428348373e-04
3.322219084096647134e-04
9.780890831258739343e-04
5.396302211206819134e-04
7.174085853629173174e-04
6.497290728555012943e-04
2.678421869759711142e-03
4.355694314049467220e-04
1.429828468550643989e-03
5.594671677026545132e-04
6.568449968885137560e-04
1.284718492746335719e-03
4.125996726788373130e-04
1.548274148253541479e-03
1.575803067393628625e-03
6.285022363714740101e-04
6.985620647034319680e-04
8.162631750343324203e-04
1.883044501521142925e-03
8.456409311891863482e-04
9.226735233943019051e-04
5.320465410492404524e-04
4.468276968763575194e-04
9.478630080631282508e-04
1.216233789400495650e-03
8.938706468276633220e-04
7.660132618437742692e-04
3.111330085505228157e-03
1.254118082223374623e-03
9.204697365060993119e-04
6.021023984802711081e-04
2.280654347141481374e-03
9.141993481631449951e-04
8.054467469664434781e-04
1.894789103961782781e-03
9.380133154857551612e-04
7.551653920044089927e-04
7.104743011890831154e-04
1.728042226712286477e-03
2.614161021912981241e-03
8.748869223980262986e-04
1.200863017493605236e-03
4.707362009109251856e-04
1.278919738427286004e-03
6.843748769510030975e-04
7.391486145122864527e-04
1.221984067431599978e-03
8.730493046881091434e-04
8.431793876130610045e-04
7.370840285593999001e-04
1.041876110087058783e-03
8.398938777950698976e-04
9.174630005803859805e-04
6.953879162347730578e-04
7.749036221300865598e-04
1.369287100542459622e-03
9.741366951625535101e-04
7.907891625795889726e-04
8.902605248471213073e-04
4.076502180837715430e-04
1.235580750037074127e-03
1.082497150299529740e-03
8.201725750073166976e-04
4.475837038440250420e-04
1.112118402134193180e-03
7.323550669096748128e-04
1.699567310741643489e-03
8.234047031859401599e-04
1.401255413554968604e-03
1.097346774401011978e-03
9.210448590055906031e-04
1.139343727660391704e-03
8.216127768592926001e-04
9.934379659644471117e-04
9.041620474089734696e-04
7.282519215408647401e-04
6.643392598312177497e-04
1.477684472854855257e-03
1.145620000055435662e-03
1.082017785560016997e-03
8.201872060863652034e-04
7.195762248538260797e-04
7.020253779453281386e-04
1.573195503007091597e-03
9.336085522475757363e-04
7.141017112610503542e-04
1.149347176372409731e-03
1.035753046004855458e-03
5.893670682019408772e-04
1.326467762930714491e-03
8.506840710381522374e-04
1.230474924813713304e-03
6.582138979386749616e-04
2.012421152096872338e-03
6.833084889223588546e-04
9.338916719193781626e-04
6.632599439445840918e-04
5.444764101094097660e-04
8.887317555594942279e-04
1.106848233417273260e-03
1.466443716867839829e-03
9.916311798395516502e-04
5.232515327837850483e-04
8.364186375493699735e-04
7.976155986562291893e-04
2.013915085807870160e-03
1.120181766841091319e-03
