9.450276641220330598e-04
6.186259901050601478e-04
8.361573371565641935e-04
7.542389328441167964e-04
8.341747340076096024e-04
6.145902318821449238e-04
7.867729935603389639e-04
8.863246711352905371e-04
8.435558537627740839e-04
1.337644595723333539e-03
1.564659325545947983e-03
7.656854847194655188e-04
6.870731557894536705e-04
5.820508296020664857e-04
1.233726283853693248e-03
2.173927268948221310e-03
8.517421328240799188e-04
9.686654810601057685e-04
1.497570046925235984e-03
6.999858933539081837e-04
6.057175618986444495e-04
7.987140564607804515e-04
6.083259474304400375e-04
6.354979286397231201e-04
9.181360579844042311e-04
8.840051245069135586e-04
7.462093590772183281e-04
1.509184102432403057e-03
1.048065373371444373e-03
7.188957752634901176e-04
6.167363427109104302e-04
8.511641574686875690e-04
5.913100971913994074e-04
9.374897788546270689e-04
5.747857346259910814e-04
7.766920283991692433e-04
9.677502970119678319e-04
7.874748095730825384e-04
7.652475289736771847e-04
7.476494282061171273e-04
1.419748450860836052e-03
6.225123214292357455e-04
8.987824814098464366e-04
7.298157017949935153e-04
8.534605800574299357e-04
6.618527503478876563e-04
6.440946075663184396e-04
6.493097866430028392e-04
1.959810427682138600e-03
1.165898685504928711e-03
7.851556149708904548e-04
1.550863886806653916e-03
8.960879942757929385e-04
1.401812876055914120e-03
9.613619670360098492e-04
1.425674386181797733e-03
8.139742478683267444e-04
9.624743835032593692e-04
8.334239736726077293e-04
9.046317356274416986e-04
2.130667802173708252e-03
7.609081863485229026e-04
1.062161419630188288e-03
6.732616188031517084e-04
7.943234007005828398e-04
7.199490866866233756e-04
1.371249401305268912e-03
9.004107572972040383e-04
1.745278507261854980e-03
1.079854904274651787e-03
1.418813742624575654e-03
6.603599399025495732e-04
9.603571444107618935e-04
9.096106078350706201e-04
6.529766883818144321e-04
3.144545703252956195e-03
1.271963590293681209e-03
6.282868122472612393e-04
9.284937942121272323e-04
6.031242874418278480e-04
1.047562021027756939e-03
8.901483261050190761e-04
1.183705589820427699e-03
8.940112177347007147e-04
1.152139299803251610e-03
6.670334452663638546e-04
2.032732340059733179e-03
5.744674100372242813e-04
7.742600917809609002e-04
8.973590649566729870e-04
5.622484613887057800e-04
6.777576484592224854e-04
7.842870149634172724e-04
8.746161096348409629e-04
1.039894103350920244e-03
7.841577143868428204e-04
8.402235017487368193e-04
7.159283383924862397e-04
1.023263258281066190e-03
7.412499109058945813e-04
7.012589181745971850e-04
1.328688210650053134e-03
6.166990153091322837e-04
1.582466663478709727e-03
7.559280655369453403e-04
1.592276751145430035e-03
1.282100646944669487e-03
1.247709103614454097e-03
1.158696114454827852e-03
8.475580945896480636e-04
2.503970048222098083e-03
7.744940582926040625e-04
8.745245381002517528e-04
5.875187832184042844e-04
1.909296584605222084e-03
1.352230827740165961e-03
9.797342063672690934e-04
7.739927601576508404e-04
6.698765201324504781e-04
9.381605881381910924e-04
1.296697007806612645e-03
8.204888848263416131e-04
7.848788979804676835e-04
6.918018956685444577e-04
8.724837055872295549e-04
1.053328566741358564e-03
1.078914752519306028e-03
6.042304880517281344e-04
6.774457926685363215e-04
2.656731902440633356e-03
7.538854408813425384e-04
9.622397407592745994e-04
1.367952333256753760e-03
8.992005051385061750e-04
7.752637093623109639e-04
6.422971256315148552e-04
7.067701876957199801e-04
9.361334485585189047e-04
7.898865058478595370e-04
8.711090857905408064e-04
8.023835647130898125e-04
6.485684429717815174e-04
5.983284467155124218e-04
7.512947678501312497e-04
1.177329780944814637e-03
6.920964589112142684e-04
8.494146582115879316e-04
6.677571020088238565e-04
1.139744456164307326e-03
8.965179796647680319e-04
2.209274273734749498e-03
9.475572132901107468e-04
7.196089560000786325e-04
9.076168833224378509e-04
6.369294760807017166e-04
1.203416322037562537e-03
7.911873918458790398e-04
7.957182392761685949e-04
6.482031917250084558e-04
1.544190344470168074e-03
7.904258991711623139e-04
8.436254444036165277e-04
5.811249197483998657e-04
6.294477325065905328e-04
9.435752190773887080e-04
1.379676851712101273e-03
9.874832512814387363e-04
7.260493264679148632e-04
1.057702397214736571e-03
6.784911392700076690e-04
7.788292012084177453e-04
6.309723800062549135e-04
6.358489304458852165e-04
9.919102991552796855e-04
7.186289431513098909e-04
7.186449954487581990e-04
1.317936199009198030e-03
1.011383752706992902e-03
7.257301184003075219e-04
1.075635127532123016e-03
6.181928094947252046e-04
1.325192625968007890e-03
9.514831449037878999e-04
1.541635331769126028e-03
7.694039388191435116e-04
1.420570867249593876e-03
6.163384281938040022e-04
9.272596580886534974e-04
1.071731096860010926e-03
7.944886692188216212e-04
5.587705785673947228e-04
6.032787481657046888e-04
8.131869940928113539e-04
8.115305503811583773e-04
9.643950325173812014e-04
7.556401874404008968e-04
5.870934857887781392e-04
1.210206551488080592e-03
6.569245218669886701e-04
1.157641338562396703e-03
9.761919049519081739e-04
1.139924084941479256e-03
5.799551973804742151e-04
1.682611175644350282e-03
1.297745906007557060e-03
6.950507370971385421e-04
8.104463595130609625e-04
8.501193452524428290e-04
7.907011092801378808e-04
1.978616415589635070e-03
8.460619650995929641e-04
8.355903185540937894e-04
7.334381227189748411e-04
9.692127002651569536e-04
1.456578465906646202e-03
8.311443457887262350e-04
1.183380232211076258e-03
6.779824760621178288e-04
7.330164251730743362e-04
6.642277498726201429e-04
1.808011408977618258e-03
2.836605379155348900e-03
6.130054787308466483e-04
7.924838978451822840e-04
7.657671501599060907e-04
1.067449506430664160e-03
1.027792290760326001e-03
1.092016860709128442e-03
7.663945984773986014e-04
8.269039082330745033e-04
9.255581041888290500e-04
6.682311525914127375e-04
7.870340127784511896e-04
7.921320940986102763e-04
1.332543139653468095e-03
7.636417095955519299e-04
6.435117878831301966e-04
1.069201195180230360e-03
1.483694920977194059e-03
8.533341607299757417e-04
6.267638755073619370e-04
8.986938394795687549e-04
7.538645175711219514e-04
7.387336162059907367e-04
8.304431502759449446e-04
8.107301608046805098e-04
1.146226737131049314e-03
1.057766176354353344e-03
8.895410066177605792e-04
7.015110504564428832e-04
1.721008109169185844e-03
8.631663217542072169e-04
8.373688456715647948e-04
7.573715441299977424e-04
1.076360898100572590e-03
7.143591424237668132e-04
9.507938327310029841e-04
8.162103870284766974e-04
7.863956968177920068e-04
6.500224248237945150e-04
1.801213997913865333e-03
8.723591941293833184e-04
1.522853268749048633e-03
7.358570708144352877e-04
1.502855618522421638e-03
1.049595135035646682e-03
1.145037882708773921e-03
1.020219817022361601e-03
1.113405667745244552e-03
1.257114648369307393e-03
8.842165690335066809e-04
1.259083706327000611e-03
9.591510913851522590e-04
1.060529040549332931e-03
9.315494203742328682e-04
9.441799569537787660e-04
1.260952117392395147e-03
5.786303848269187117e-04
1.060220018125300478e-03
1.191030207140611561e-03
7.809186804794824611e-04
7.674391912485554806e-04
1.095777261426092181e-03
1.557450500542077341e-03
8.542103918686023414e-04
1.262987587118848901e-03
7.428115887047025134e-04
7.563824931686435058e-04
1.120463370343939037e-03
8.417224128138092211e-04
7.178483911307817229e-04
1.046941802768263340e-03
6.485130313687170614e-04
6.737769404342505014e-04
8.926396215443170752e-04
7.519002900182295999e-04
1.229048529730686562e-03
1.325741152506381944e-03
6.079524469937814353e-04
6.465589557729003707e-04
1.029243699765246831e-03
1.212479410383105133e-03
6.536991287424151562e-04
1.029177759440789378e-03
6.422698653326612116e-04
5.833567055131603065e-04
8.281273001783980969e-04
1.090856130588601421e-03
9.409622347718495788e-04
1.217626476179529049e-03
8.217979808825524608e-04
6.961864336843045110e-04
1.167832270320925524e-03
9.875359719300213796e-04
9.124761813893522786e-04
6.485586805547562464e-04
7.689240709140240417e-04
1.175184243575572163e-03
9.583903250889618712e-04
1.157121084298053234e-03
1.749215088598756731e-03
9.869708805451753945e-04
8.315798744324434883e-04
7.980219938109374021e-04
9.038355037196308620e-04
1.163328058397639737e-03
1.294307771815890245e-03
1.512365959226574580e-03
6.820867058575383682e-04
1.476822421817953644e-03
1.720099329375340044e-03
6.174839634366883351e-04
1.424398751006176198e-03
8.051615652071697883e-04
1.026749862160525892e-03
9.592656800949682415e-04
8.173121596740726266e-04
1.657380911036395376e-03
9.861625549331270741e-04
1.139330130261898520e-03
6.170284362687243141e-04
6.398912183485825581e-04
1.458352340004806427e-03
7.422910961377945146e-04
8.594972204945005613e-04
6.607899170305011824e-04
1.258396882176398722e-03
5.693288719618484501e-04
7.632391533205039455e-04
1.087945063298293791e-03
6.055902600043980375e-04
1.298850648269516024e-03
9.704860145686721199e-04
1.384509409511549801e-03
1.268240507542580569e-03
9.823876131306418912e-04
9.660368447606533342e-04
1.086452190145247108e-03
8.419836416736802606e-04
1.001226366235959337e-03
9.540851536602710549e-04
8.162661026056123280e-04
8.063312384440080027e-04
1.298795565943252706e-03
9.486538421196655984e-04
6.460717967003260604e-04
1.123871127545396581e-03
1.855723565967903931e-03
1.266762686479417201e-03
6.646023347798173976e-04
7.219272283733336191e-04
9.019531114404515278e-04
8.668911823626817637e-04
1.089623620674919947e-03
8.239364484235666645e-04
7.696248338985736768e-04
7.035383290989495608e-04
6.777681298188843002e-04
1.117442966199172277e-03
8.571798372990704776e-04
6.849739902166438865e-04
1.015665020622654856e-03
8.012049457725147969e-04
7.824712204130817444e-04
9.845678353909909693e-04
7.037317652950017153e-04
6.848212323671253867e-04
2.019753196385241402e-03
6.763521037872711680e-04
6.305717293794071499e-04
8.899932177643328805e-04
5.500397331087037312e-04
1.330462697768622317e-03
1.071204707109550463e-03
1.002396296786681618e-03
1.620515543040113851e-03
2.490871433326348732e-03
7.096324508287526643e-04
1.032503761309817858e-03
1.707542224881457467e-03
1.293967085671828172e-03
1.146971512217973867e-03
7.423845327246234331e-04
9.685669925233251609e-04
6.424960542608824585e-04
8.062597871592115445e-04
1.138743507182858215e-03
1.343004764780981889e-03
6.851989094986415821e-04
1.696921624207928941e-03
1.045439920641866565e-03
1.175852291602366186e-03
8.393045455603214463e-04
7.088132210534970994e-04
1.116190438132033018e-03
8.325214538826799420e-04
8.924528442718016258e-04
1.263866370835565155e-03
1.059863871624747503e-03
1.106046514821964642e-03
1.868714124949187334e-03
7.797161599702684366e-04
9.987488934351293045e-04
1.953885320774991895e-03
6.801126717767844512e-04
8.769155760544629493e-04
6.316007724136885222e-04
1.102009900145647404e-03
8.607421429633014143e-04
9.450297612111951051e-04
1.013361990487100491e-03
8.024222187718368102e-04
1.176143649727182366e-03
8.497968175560782766e-04
6.213869239162542971e-04
8.718677742478093311e-04
8.728885072316180851e-04
6.520258075957689921e-04
1.430918769085059300e-03
1.198234620316743562e-03
1.528602343682473538e-03
9.247026106004863077e-04
1.261227926348025595e-03
6.312197209478548300e-04
8.582570581896191040e-04
2.081917395700128449e-03
1.051222563636310895e-03
7.965512026648468701e-04
6.065635093475407746e-04
7.677306806457715122e-04
9.906905634975080033e-04
2.101870260615050848e-03
8.088844822349407302e-04
9.960027131813401109e-04
5.990001765352072740e-04
6.136895863934342969e-04
1.424436127510170453e-03
5.778541564156347175e-04
1.186270804670477071e-03
6.364092274695725814e-04
1.124236803411747965e-03
1.101159864982363939e-03
8.880526458017215215e-04
1.118267150412097753e-03
1.331924029102047116e-03
7.173690603288500247e-04
1.510434854260598843e-03
7.594367934459777007e-04
8.280548323158416248e-04
6.459519990980346332e-04
8.168690350204932480e-04
2.070376589030754801e-03
5.705369552589931777e-04
1.246031064571360937e-03
6.671189106216265713e-04
8.150801458130718311e-04
6.689951952147461973e-04
7.884788081488563289e-04
9.582586793716769968e-04
8.692770082575231429e-04
1.119300482597251596e-03
8.447872276521275646e-04
7.093763378807714905e-04
1.058285338543758520e-03
6.136641913792364447e-04
1.294028077130311488e-03
9.923243734619115099e-04
1.840865596146598355e-03
5.638892747207358870e-04
9.009348757793631370e-04
7.147441493860996406e-04
7.569341684114659933e-04
1.061131209402014705e-03
1.063651417411901577e-03
7.270160510815107998e-04
1.024858389553008576e-03
8.085486587854641936e-04
1.200811614987610295e-03
1.089371757582466814e-03
3.307998031915114576e-03
1.869368775659092669e-03
9.201251532157695432e-04
7.144835751676541962e-04
8.575436170910731180e-04
1.493193114126994394e-03
1.568363906290057893e-03
8.044236233673492413e-04
7.358767861567212104e-04
5.968423099692782069e-04
9.701993786052310817e-04
1.172055754406355933e-03
1.864844717118194738e-03
1.556992523835993777e-03
1.481265067092687364e-03
8.109243384157944958e-04
9.746426193300346957e-04
1.093330425521298315e-03
6.867307088142006726e-04
1.609703669188096518e-03
1.052407705517742964e-03
8.945747546460856153e-04
1.003963641825600991e-03
7.023911910428155912e-04
6.511079223851883556e-04
9.941899891807641325e-04
8.090995935054818211e-04
7.976291258889027123e-04
1.495116936769744567e-03
7.528023644927149885e-04
1.177761623973414213e-03
1.111139427635693703e-03
1.029236732161915293e-03
1.460467363830576576e-03
9.077763205248048353e-04
1.580892247919779949e-03
6.630938968029922347e-04
9.319070782085395188e-04
8.771496276032862086e-04
7.451953803082549772e-04
7.962022191987282648e-04
7.656052257061003339e-04
6.985641600237065679e-04
6.064011112173754887e-04
8.154199380107680787e-04
9.258576591406480778e-04
1.702126301922298130e-03
7.604368302161598932e-04
6.689151287295697166e-04
1.314585647515930690e-03
8.604319947091968899e-04
8.773672672116364889e-04
7.662619140655169223e-04
1.392711876168433631e-03
9.863469023987819252e-04
7.431703269806129702e-04
7.503010849950762827e-04
9.001144915769534408e-04
6.872192583902324769e-04
7.825063141928224539e-04
9.518549732801058396e-04
9.796494245852209026e-04
1.747175882296558196e-03
1.258283223889779777e-03
8.656149525622198679e-04
6.429307532930397069e-04
6.246205962533077881e-04
9.287462330786565691e-04
1.277946039215717335e-03
7.688606087216387497e-04
1.376660327386520924e-03
5.466333189321606655e-04
5.868954590434073823e-04
6.226503054296069362e-04
7.678349013821101276e-04
6.069309984418751755e-04
9.386612850660819903e-04
7.444337575391562611e-04
1.146055613527237251e-03
7.777345164023636648e-04
1.111477381449045782e-03
1.338669483247634630e-03
8.737496245097205747e-04
6.797418301855452909e-04
6.240075170697088718e-04
8.771680293272234854e-04
6.842364179777376664e-04
1.188312078630302101e-03
1.196785161558691461e-03
1.179582975637194714e-03
1.385310578035642845e-03
7.106246755523232608e-04
9.360634360694463935e-04
1.281467750343227114e-03
8.977546446153263516e-04
6.616511469781223521e-04
2.138569158359731898e-03
3.693619325427364725e-03
6.512327747595266772e-04
5.998860173995668090e-04
9.932352117099593238e-04
9.714130648947421048e-04
9.785188664280177091e-04
7.127047232114477448e-04
6.829335633913366640e-04
8.695382370312265642e-04
1.083200949347612766e-03
1.319585545198215856e-03
8.928093236436305006e-04
7.351116556794472495e-04
1.193082352379171672e-03
2.564718694159688617e-03
9.485539502081096613e-04
6.783662283757096361e-04
1.654499795558690353e-03
8.255187936072514408e-04
1.528623118539617146e-03
9.490200025473941167e-04
1.632188363615688685e-03
1.511077341449322802e-03
7.622362152972764378e-04
7.736046989459971100e-04
5.832226208757289700e-04
8.587515146781512718e-04
6.432897921293280735e-04
1.210704260120902846e-03
1.067556344049586233e-03
1.301728187970646903e-03
1.149432274203943116e-03
6.048981400232783263e-04
1.200225784298711556e-03
9.367014441921553500e-04
5.797645921835164985e-04
9.760622220441453117e-04
1.017327742229991823e-03
6.488966744523696475e-04
6.987090236145563227e-04
6.914265964257416703e-04
1.241178686060253212e-03
6.761037428684423803e-04
6.620506969282286339e-04
6.201303277071403821e-04
8.837339736793291571e-04
7.473567595274853035e-04
9.157168479436704782e-04
8.558933340689412785e-04
5.563792976969499570e-04
7.070375192268372935e-04
2.064198454803328839e-03
6.213070931026314862e-04
1.024106762505432380e-03
9.044355737407312312e-04
1.422498650652351563e-03
1.689828844490655346e-03
6.019802816629706227e-04
1.474473310500406652e-03
8.943436251826387571e-04
9.128098628057946867e-04
6.891458298862867008e-04
9.061713950171114635e-04
4.106748905781497892e-03
1.289877145650188779e-03
1.073707799645254443e-03
1.061442869344411243e-03
7.105516658785029655e-04
8.330070689717575336e-04
1.151165578700586584e-03
9.668359911789234243e-04
1.080256322732888082e-03
1.181335002811094177e-03
6.624258343738213513e-04
1.590160991998917223e-03
7.607998772990822757e-04
7.892218041402112314e-04
1.059217824500237716e-03
9.345992587318082637e-04
7.695527525512067422e-04
6.556679401995095784e-04
7.485923828783485647e-04
9.771965095437464433e-04
9.768474290841825530e-04
7.941216908039856921e-04
6.164692232860394206e-04
8.505434881507129312e-04
7.479368488857188147e-04
7.011990832528011437e-04
9.841602795792252049e-04
1.950054082828202740e-03
1.769354269081134653e-03
8.031480861465839548e-04
7.826850501442141712e-04
8.317054393794024022e-04
8.887281058935517187e-04
6.410399417406593449e-04
1.670984592534969799e-03
9.932252769321143170e-04
9.070523563609794509e-04
7.820078189098993464e-04
6.294260105996073336e-04
2.085588785487763573e-03
1.377454277312723744e-03
1.088102976372742718e-03
7.713827494345363829e-04
1.066625511647587878e-03
7.460801544281088493e-04
1.064067673511414095e-03
7.231646939576258371e-04
5.924634791922870833e-04
8.722973204458427804e-04
1.101179334432550970e-03
7.309099551181122770e-04
1.065740550161899027e-03
7.480369188570470821e-04
1.043779668753720040e-03
8.472397373334612791e-04
8.062547563583436416e-04
7.444291961959350517e-04
9.437852393639640245e-04
8.500389050753004135e-04
5.991688739370513821e-04
6.008736134360847300e-04
1.048028762531814494e-03
6.549426874841714164e-04
8.386324544357628540e-04
1.123667380762865316e-03
1.068785075300796679e-03
4.966484805162962521e-03
1.263713831019096711e-03
1.239877987862560106e-03
8.909533555941631568e-04
2.377080197186604883e-03
1.263513973275534781e-03
6.025435045427081577e-04
8.161624225408556539e-04
1.055281932782291873e-03
8.143815903431017491e-04
1.292365085265693991e-03
1.469346197597045994e-03
6.466207557149022088e-04
1.244399120145078981e-03
1.754598299345197510e-03
8.241456631029178215e-04
1.236279043703997086e-03
9.448295203944124610e-04
6.461528996460294289e-04
6.412456492624345368e-04
7.682587092664476189e-04
6.275093420096929716e-04
8.209462980882944148e-04
7.045131674371963052e-04
8.715935598663184956e-04
7.784287530122738002e-04
8.330709690301199176e-04
7.807730176478594247e-04
1.012585484833203190e-03
6.215998962384239931e-04
1.247445796652833566e-03
9.094520453959005187e-04
1.112351654001183425e-03
8.408929206145790208e-04
1.484864693267801908e-03
5.463948900353288174e-04
1.726059348491312470e-03
1.237786431998624207e-03
8.978563331692171945e-04
8.931267508739165924e-04
9.085891812416753248e-04
9.059537939571505986e-04
9.035375489906193958e-04
1.518335249093054774e-03
1.031588682093907564e-03
7.059213836074532903e-04
6.760110291557648414e-04
1.881515008753833216e-03
8.382165310514560911e-04
7.418382459630062367e-04
1.130291672040462840e-03
9.287971166804930446e-04
1.187367030972065560e-03
7.784668350031905167e-04
7.740376409871432351e-04
1.492545193281179976e-03
8.520831528519393376e-04
7.065617068538875695e-04
5.888063885057134806e-04
7.313749911055521420e-04
8.304596191947422176e-04
7.546722351919480168e-04
6.193485783620418864e-04
1.058231507078986845e-03
7.268217741732567504e-04
6.460968791259074631e-04
6.574547351428121009e-04
8.955593210734369165e-04
1.168188257953357801e-03
1.791578675699902548e-03
5.995829258924395208e-04
9.316928814291140738e-04
7.837764927892640647e-04
8.806029656310774547e-04
7.104158665837433974e-04
2.125346019189617523e-03
1.132426797341859600e-03
1.305511109368591958e-03
1.051895211857922655e-03
7.894905589224386101e-04
2.184116608458017313e-03
8.124068350753739769e-04
7.370466480168968602e-04
1.036966099480860241e-03
1.249681709604326786e-03
1.065170510569312138e-03
1.189447243741701462e-03
1.047009203063882119e-03
6.359210924991391114e-04
1.727160454336944739e-03
1.273453144647874319e-03
7.598931197595957783e-04
8.760662879556945512e-04
1.409561175772014495e-03
7.807055310868346934e-04
7.835055636204303706e-04
9.723734802953621931e-04
7.951237462333729565e-04
6.651342839430398213e-04
8.606511882578783993e-04
2.444081711941957502e-03
6.300210893845236857e-04
1.198518147127346960e-03
1.406065516748363680e-03
9.730629191292147024e-04
1.155054237699328296e-03
7.523018503709386290e-04
7.034378555687054082e-04
5.868823964813998451e-04
7.303327115476813307e-04
9.280510995474595178e-04
1.314078927342604173e-03
7.559849109752952165e-04
5.778330689213362304e-04
3.119770173050746050e-03
1.228541126696424497e-03
1.386822537551791719e-03
1.382355617760422503e-03
6.360319378706683980e-04
9.767898888326496682e-04
1.196362869863937467e-03
1.082216444103723191e-03
8.429455313390891557e-04
6.685535446545740534e-04
7.657826745277484430e-04
7.746698061060009258e-04
6.769966007243238219e-04
7.860262268590062973e-04
6.606241881624876078e-04
6.898597601045667682e-04
3.574091019126678266e-03
1.064199751501496713e-03
9.044042529197756546e-04
6.183756319626795622e-04
8.673714840165609079e-04
8.782665692350112834e-04
8.262843758770898077e-04
8.974939728868328026e-04
8.361166349275811352e-04
1.429489328447572675e-03
1.791299540079946146e-03
5.962685929234626649e-04
1.092419992013881052e-03
9.821370449907735906e-04
6.715231749191405202e-04
6.377026807895459131e-04
5.966864459620014032e-04
1.160147904134382641e-03
6.685098788013425341e-04
2.080393420268657374e-03
5.542467201933747641e-04
7.612147036052404432e-04
6.731247113138560034e-04
8.435568418216410130e-04
9.726419899130669912e-04
1.013397778495417952e-03
1.770633128601632354e-03
1.017802319657401186e-03
1.462055736398214408e-03
1.862221756281011832e-03
7.220210005243430382e-04
6.780040036997081378e-04
6.073865802139157737e-04
7.106371313024003418e-04
9.004281642831270249e-04
1.252392729797223480e-03
7.357115388910630705e-04
8.137409632757942792e-04
8.971804288813889795e-04
7.342193867928045303e-04
9.413097719796655050e-04
6.230474118256447121e-04
7.342918488088808013e-04
8.214156722706277653e-04
8.664542398040464208e-04
1.254366547658751713e-03
7.687698694110353366e-04
7.192112085817097206e-04
6.744655832143785527e-04
6.015406011744420592e-04
7.661855519527690367e-04
1.046344632023669778e-03
1.126144377816350834e-03
1.372347545913662472e-03
1.024016135623799072e-03
7.895515376467008043e-04
8.212199821661775832e-04
1.314134381096936349e-03
8.163033240912923169e-04
1.129860042390302749e-03
6.205637755830237766e-04
1.235789590589565475e-03
7.290434922287448169e-04
7.283580020666904822e-04
9.669004479008919692e-04
1.204489652061103240e-03
7.820821207862096178e-04
1.192134126567931341e-03
7.865588904450329481e-04
1.144138922248907723e-03
1.421902674994121639e-03
1.523605485253707150e-03
6.607769094929364382e-04
9.462384163524125780e-04
9.413289165383766175e-04
6.687568732965818103e-04
7.098049491113723629e-04
6.139839506914044178e-04
1.255561623226401783e-03
1.237406698069593372e-03
1.041195237115184443e-03
8.444754141732823891e-04
5.924497699511602211e-04
8.430775131765070587e-04
1.395995765873611193e-03
1.244509323123561958e-03
8.691507909746236469e-04
7.670898500666473770e-04
1.496527535353179856e-03
8.983253577666835228e-04
9.725992918012216302e-04
1.647672341950630554e-03
1.243722873261960630e-03
9.521899734479746672e-04
1.151496412247977408e-03
6.816624215912809627e-04
8.479173534995208946e-04
1.122785391389094370e-03
7.631905134920096171e-04
1.007756131058296870e-03
8.792056659694958949e-04
7.173040811018194761e-04
8.009515295770301734e-04
5.690377568380249702e-04
5.949770179868334912e-04
7.378691001862512687e-04
9.409609880857714229e-04
8.154598423342214030e-04
1.424602978350744025e-03
6.744423339474702947e-04
8.247305206985200811e-04
9.346062642603615751e-04
8.739000676580292899e-04
8.022014315536753898e-04
8.522837352273345381e-04
7.059637005728755261e-04
5.651337083806465657e-04
5.965109683103221897e-04
1.193759905122121533e-03
8.205417803705452456e-04
1.356697938195704960e-03
1.008241696615353507e-03
1.165324364086743744e-03
3.145710532353594713e-03
1.280297187376960638e-03
1.579127419304784084e-03
1.439313409605526371e-03
1.585845235227490704e-03
6.798081740410235165e-04
1.159384166108378853e-03
1.058929907198148754e-03
1.438395216916864327e-03
1.321897725975135088e-03
1.096233988368753003e-03
8.022063856753996807e-04
8.663195806397662457e-04
8.383468884307608299e-04
6.835085412386047044e-04
1.516391896680390709e-03
9.163017820403925214e-04
1.103553073082463865e-03
7.904181844823026781e-04
1.005680618668082374e-03
9.536845303465306877e-04
1.395664272201235529e-03
