1.514048314232484138e+01
3.116998220478691906e+01
9.037800705351722286e+01
1.274828208557200426e+01
2.905095077718738850e+01
3.074176475924578433e+00
3.718521573971564465e+00
1.742383884632131696e+01
5.548554707697798349e+00
8.082311758577343852e+00
3.034197043513426806e+01
1.505778089439379563e+01
1.385733113816953654e+01
1.918556552304445617e+01
7.777251637100180304e+00
2.299134090715901380e+01
1.555402616268038329e+01
2.185290619608969465e+01
2.335575236608165461e+00
6.099730145218925514e+01
4.365720406809334264e+00
1.114392590656084536e+01
8.405300700973766581e+00
2.718027300033188354e+01
9.055726400559422018e+01
6.211675104058679509e+00
1.913072404631394718e+01
3.478880233985145054e+01
1.438004171048052626e+01
6.048406403173954615e+00
5.500143947706845893e+00
6.369276119909250156e+01
4.480229883122706980e+00
2.401682655963425006e+01
3.655498578646270857e+01
1.501021842596282241e+01
7.229723999587065464e+01
1.845706383650417060e+00
5.806267570367439346e-01
4.345076648609341063e+00
3.498180640023389287e+01
2.394283183949620053e+01
1.473195029401841261e+01
1.345097822119579689e+01
1.221668699810077108e+01
1.622983095368294926e+01
7.257808515716864806e-01
1.542890360728162324e+00
6.169394730828717854e+01
2.427459864657190547e+00
5.374222950855872227e+01
4.606857629567618062e+01
9.725403581033100764e+00
2.724156975830521787e+01
4.273996553465868686e+01
1.508601411233541256e+01
3.644250791055694805e+01
1.646350861515630370e+01
4.024210764195045087e+00
1.119504739269376614e+01
2.345576650464962754e+01
7.318646013706053388e+00
7.837758746734333037e+00
1.470650462561208016e+01
7.132963055626606774e+01
7.431759662364325436e+01
3.924085968800180346e+00
2.462084056198911242e+01
1.589999761111748278e+01
6.549049509349745790e+01
1.741879490869849789e+01
2.010163166747599206e+01
3.066773634807924509e+01
1.883674810138731281e+00
3.145372736355594334e+00
3.313243692422953579e+00
3.074676195657566069e+01
3.067852182667435557e+01
1.761809158207930182e+01
1.006555663644076759e+01
8.457396099569498915e+01
4.224780022599630591e+00
1.854611673063080701e+01
1.227165946611460257e+01
7.260512073529366717e+01
2.118480008144841165e+00
3.248850732180434164e+01
5.231387302276099405e+01
3.579538824245595663e+01
1.092714328918026112e+00
1.273816334618112300e+01
1.766861340573981920e+01
7.282008835022756443e+01
3.477778004869982453e+01
7.551585594221055686e+00
2.811763701877770671e+01
2.023655784263397805e+01
9.479546566831482224e+00
2.536107631181491229e+01
3.022895665376030294e+01
2.853764585537961551e+01
4.879456542410412112e+01
2.614616650987538193e+01
2.466584670214567154e+01
7.300291871968684632e+01
2.072759263705318489e+01
1.042802602745781471e+01
6.734002458039201144e+01
1.800169938520387802e+01
9.961551203675863064e+01
1.717599969984028618e+01
9.232479726164930511e-01
7.922641930855888859e+00
3.104406448059078727e+01
7.166019410317526095e+00
4.423300555780274834e+01
3.086146835265586308e+00
2.413282352544682752e+01
2.470972469544631167e+01
5.358858364230561833e+00
4.463519263644485591e+01
5.013725086579414381e+01
1.497411770474350767e+01
5.940559652469183938e+00
2.976088476974814512e+01
1.225093611830201645e+01
1.873569093004092068e+01
4.627296905287229123e+01
1.666944542147688324e+01
4.491526967131206582e+00
2.015473568303680452e+01
2.361559176553471318e+01
2.378721791412166908e+01
2.068663917005356456e+00
2.118832700542570890e+01
1.695584962562112707e+01
5.909769671882208364e+00
4.278338001746558916e+01
9.898270364226549134e+01
2.569556401720661754e+01
2.883626174798864383e+01
1.138187639580582911e+01
1.480877164417924163e+01
2.730299158260536529e+01
1.155332103846383340e+01
3.069033425951067429e+01
4.764070499878007681e+00
6.172019913128878699e+01
2.281031019877672428e+00
2.579599291287673513e+00
2.624616268679816677e+00
1.831519677850512906e+01
4.871491496872906168e+00
2.902132787376335621e+00
1.947696492995602213e+00
4.364646411977341600e+00
1.474660534906152698e+01
8.146756062151077060e+01
5.157272996960628575e+01
1.311085852595178736e+01
2.366727621017762218e+01
2.816440044403388754e+01
3.175293603900553663e+01
3.041905796706676046e+00
9.753810427116245130e-01
4.711851290892081323e+00
6.042805116601426718e+00
1.089740598919362213e+01
6.728698241761446752e+01
4.635106457682448777e+00
8.995426506758438023e+00
4.843109524857759141e+01
3.146599335118127172e+00
1.686914818854355147e+01
6.967666616089633180e+01
9.682470028247415428e+00
3.356135329235124232e+01
2.689753664689998303e+01
1.017711487088406841e+02
5.403363684639553099e+01
3.463123230016748977e+01
2.568322179794742155e+01
7.210788934621749746e+00
2.248741995032779073e+01
4.525692941202940034e+01
3.677841571826670730e+01
5.047081288134432242e+00
2.079919560481947016e+01
3.632697970223391337e+01
7.175793604908776935e+00
1.699210293690932128e+00
3.218190666303307523e+01
1.807587077570490308e+01
4.682179890802254363e+01
7.318853980567986639e+00
2.656243495205933414e+01
4.376101401539288815e+01
6.148379294419329177e+00
1.570781804648482094e+01
1.483324439289578045e+01
4.095587056462498765e+00
7.354439602713924273e+01
8.150932689573620493e+00
2.413639008787544427e+01
7.160465657544177631e+00
2.165944324864192794e+01
1.685250059321673177e+01
1.289372511877924943e+01
1.578178137632940370e+01
1.091334374564845611e+01
3.536400932338796821e+00
1.840583010628068905e+01
3.750634651282503995e+01
3.737232705710192704e+01
1.462702229446346180e+01
1.099798817465539891e+01
8.544838531243040336e+01
1.965344635603456425e+01
2.052442276341462346e+01
3.501353559184855690e+00
1.742455159094521377e+01
3.200077256423173822e+01
6.774138416064738522e+01
1.783816166710156637e+01
2.960201806357086696e+01
4.623372575174500732e+00
5.621088316896825887e+01
1.735256981817877886e+01
4.374617646212132627e+01
1.196253679072501619e+01
1.979904298852664013e+01
2.673495722270216390e+01
1.308385600333800625e+01
3.001951160564637533e+01
1.354302435903413837e+01
1.980808901952385526e+01
5.902785728759048567e+01
1.466988460577036690e+01
8.886970798850812869e+00
2.887225249848064834e+00
1.597193216065081955e+01
5.194942083119443943e+00
6.528004985240926317e+01
4.874026993780855577e+00
1.820043297555610806e+01
2.470044213935253197e+01
9.614439434493851522e+00
4.999070138817487674e+01
1.811355017929370703e+01
1.901852102782146403e+01
3.569402743663290067e+01
3.477464714776996146e+01
6.120995700283820895e+01
6.480978297816373690e+00
3.203546223548414673e+01
2.585592542348524603e+01
3.743636145961605166e+01
5.536766011651246266e+00
5.512051826131656895e+00
3.109666546367960649e+01
4.622324256660475328e+01
1.215430881609180958e+01
2.460298253660258538e+01
3.164773239065630150e+01
1.062541459344853756e+01
9.665141366577728377e+00
2.031465287440369849e+01
2.401890662020708334e+00
4.151865861598409424e+01
2.472795588366495600e+00
1.981801355900602246e+01
1.072311462006645577e+01
1.214901806803666062e+01
1.714814749370397351e+01
1.064793222640713033e+01
1.792831904062427428e+00
6.104970706887541354e+01
3.631195118671355004e+01
7.517497334063210701e+01
2.653615104948722703e+01
1.567489728089771894e+01
8.079864043159091125e+00
3.782615071339053969e+01
1.518405486886210376e+01
3.504511119464174929e+00
1.462170192644352085e+01
1.927867526409609011e+00
2.236060537595679776e+01
1.524505299966567051e+01
1.474458742488796759e+01
4.074613535142320941e+00
1.764314945765327103e+00
9.388292918914504792e-01
2.438178821817928821e+01
6.796663378408368317e+01
2.528296410633491309e+00
1.130645826723206859e+01
3.446577320983575987e+01
3.684012534764314495e+01
2.081576836162002309e+01
1.375503257813110114e+00
1.496600510424130626e+01
3.257199739829490426e+01
1.401012198772011352e+01
1.655734139407609362e+01
7.581028474868375611e+01
8.407098472228256014e+01
1.673327190516848528e+00
2.246880187097384507e+01
6.983840612339419351e+01
7.573009447888045997e+01
3.425852966199295135e+00
1.540665742157786333e+01
2.217707318631290292e+01
5.584264749786028403e+01
4.760890522002363845e+00
1.015266188782449852e+01
7.901860389214817815e+01
1.064375397100224951e+01
5.705089191289254735e+00
2.728464357559872155e+01
1.572594305776510915e+01
2.339685086566147376e+00
5.046674331899989596e+01
3.586013082672841357e+00
2.296827794171571568e+01
1.886573653743447920e+01
2.527649412828981212e+01
9.177561005050863585e+00
1.157572670089594702e+01
9.536961311600096636e+00
2.936278310266790470e+01
3.288863891792352945e+01
8.635094223750273912e+00
7.894770340523177943e+00
2.155840023124482840e+01
5.882004611122455628e+01
4.030701037384655194e+01
5.308835081854172699e+01
2.468548982164540107e+01
2.656980825499704579e+01
4.087706884896862647e+01
9.017981942349935665e+00
6.809963787705932248e+00
1.121599208787742263e+01
1.365778580226328565e+01
1.644111541743631477e+01
4.086076679801380784e+00
4.513054452379707016e+01
2.992553373398939343e+01
2.536634401421614982e+01
2.069214777576931041e+01
1.950095255026461061e+01
4.118077492980471099e+00
1.490868876389728470e+01
9.655767267934141529e+00
5.437513856868000772e+01
1.133517201088311666e+01
1.080875182009645386e+01
1.201902872456849103e+01
5.813104612836327334e+01
3.214885782475723630e+01
4.931663543844450004e+01
9.734707585698551213e+00
9.447816002132324087e+00
3.676495758166984018e+01
4.236793496407170068e+01
1.623552731824735673e+01
6.771869267965685424e+01
6.502480776138231988e+01
4.912137963180116884e+01
1.697477308450521249e+01
2.996242286350535977e+01
8.730239485894287554e+01
2.928255092200383913e+01
5.151111129559799906e+01
2.250372289345241938e+01
1.307446812438291595e+01
5.702604924385980212e+00
1.481495995006058131e+01
2.086629269271735154e+01
2.989505108139132616e+01
3.788978873533670821e+01
3.920662684804549514e+01
1.988167602420149649e+01
2.200742188573695657e+01
2.955180156968575389e+00
5.341813516984016985e+01
4.915500393676603963e+00
3.783612052810791226e+01
1.012837369653839126e+01
7.416127550697491699e+01
4.063924382154137760e+01
2.500934222643400773e+01
1.262426338616716315e+01
1.735654657292636216e+01
1.011010579542168664e+01
1.208116581117534416e+01
3.203398319461243915e+01
2.633758811573549963e+01
4.997126167525947693e+01
5.532234082842395928e+00
6.411784158938776557e+01
7.170023965035427693e+01
3.673259335324606667e+01
6.194726120785504975e+01
5.413554676201339788e+01
7.171013548927915338e+01
7.062608699042399962e+01
9.838265073300318875e+01
4.381697173438896975e+00
8.598953038452584963e+00
4.320263895149999200e+00
3.232706070514316821e+01
6.426149192445151037e+00
9.458850928685636816e+00
4.963630853573399548e+01
2.889048739823420675e+01
9.318262095850277760e+00
4.012853082754285339e+01
2.542747829137842785e+01
1.466953537113241879e+01
6.487436759338203274e+01
8.774646305310892513e-01
2.395634015330549360e+01
4.301324928735768793e+01
3.422317652950218836e+00
9.091258981702797115e+00
1.013427757685484742e+01
1.828566119803622936e+00
1.398426695241643181e+01
1.230386498262771156e+01
1.252141427579847033e+01
7.849203560189987172e+01
1.479509326314981443e+01
1.148002235882429822e+01
1.337687294046563302e+01
2.704750236687817022e+01
2.925166906881841555e+01
1.284226607556617772e+01
5.730761553022881927e+00
2.323050510538715585e+00
3.191960993942496660e+00
1.819153196326901067e+01
5.935834345259659983e+01
7.887972548795179506e+00
7.281316324268121321e+01
4.915040040744088401e+00
1.345521250086392762e+01
2.895812990325366876e+00
6.088764770808035465e+00
2.166267898987384655e+01
4.709609361273882655e+01
1.393884247311812707e+01
1.616180345652813344e+01
9.015610035829553226e+01
2.014129022307365702e+01
7.725961038762400790e+01
2.256124371465334022e+01
1.947885161167310741e+01
2.163171110201899339e+01
1.810852862198060009e+01
2.499765079422261671e+00
4.464077095096973125e+01
1.104360284662612379e+01
1.348352106319573274e+01
2.256812081723544861e+00
8.107491739009779153e+00
5.589251077901407960e+00
1.953343300873979871e+01
6.383859973511409436e+01
3.036265916560161671e+01
7.893277137049915737e+00
8.715899407551486178e+00
4.899456413933735099e+00
1.387353105211857507e+00
1.970045541491253260e+01
6.874948149395470409e+01
4.972952224934609688e+01
1.365344919947168556e+01
3.760465350201351242e+01
2.603808933932512559e+01
2.215565814918995180e+00
6.423179918700367352e+01
5.100250608857180623e+00
5.925949306979642017e+01
1.263949828091629257e+00
5.586166603577660794e+01
5.122666685509982898e+01
2.365994840753636552e+01
2.375771971673075100e+01
2.095484712583080622e+01
2.824812209604237978e+01
2.981705154276059844e+01
2.965844306587585066e+01
9.066993891595259925e+00
1.537035122921870745e+01
1.534626866338563378e+00
1.814918637326340800e+01
4.718481479825832992e+01
2.403453548349435920e+01
5.223887568080612454e+01
7.958621670527386449e+00
2.222247760672397376e+01
2.745538863859693812e+00
1.192673099691058347e+01
2.869243090260403051e+01
5.739150261802006270e+01
5.924004431875050614e+01
4.708769495281312345e+01
9.425586525840557783e+00
8.040149855259768330e+00
4.402621890195230492e+01
3.307416124622997700e+01
4.065712436861208978e+00
1.843928927259649697e+01
2.592216422684907329e+01
5.933999269716410119e+00
6.514878139520882350e+00
1.556023463729803247e+01
6.249377879537250102e+00
1.203174270558691106e+01
1.224702747934379943e+01
1.249904011533428871e+01
7.427976079580767532e+01
2.123103570024750031e+00
5.557182022495486251e+01
5.895979722925662081e+00
6.084082926649180934e+00
4.727260719401931510e+01
1.031123385464281839e+01
3.003071269722342862e+01
1.548271696690810195e+01
2.053395602362296124e+00
2.589994102544105559e+01
2.145065466830194278e+00
1.631315548077886746e+01
2.603766686644862993e+00
1.113807314200409948e+01
9.749448800952617233e+00
2.791234767145510887e+00
9.224024891352266664e+00
3.491751833151246132e+01
3.801154004696562616e+00
1.300031251776080943e+01
7.837006490941200809e+01
1.052032080566464955e+01
8.074769285359376880e+00
3.946122060520145425e+01
4.817724635173465231e+01
7.096913326243866038e+01
1.650797952048312567e+01
4.370753498905417445e+01
2.686123974019458416e+01
1.528471733342517069e+01
2.019348263796828391e+01
9.816160949125668722e+00
2.226572473284102927e+01
5.231566631172444914e+00
4.245075907636905121e+00
3.235527946766083573e+01
5.086546315678208430e+01
1.280399953442634597e+01
6.195256714493904582e+00
2.018147557909025025e+01
2.264698861453743106e+01
2.353420271496968041e+01
4.819987533700631133e+01
8.743357353656463715e+01
6.323812861634961990e+01
1.166471477580545368e+01
2.541842185116129471e+01
3.967375135154747046e+00
2.121235690432324361e+01
2.196915979031810551e+01
3.620469908065052422e+00
1.616105013435780435e+01
5.042096648240529078e+01
8.156808749340736853e+00
3.980620043326018020e+01
7.022447983059284127e+01
1.261821654152502248e+01
2.510312121386780060e+00
5.243287874364893497e+01
3.529991629087332683e+01
1.343817508446580256e+01
1.523217475172544910e+00
4.014982438686697463e+00
3.358251112346609801e+01
3.933002398082830808e+00
2.615438855148130415e+01
2.509017731077326374e+01
3.750664350304398198e+01
4.925922239693409921e+00
4.116348691095566181e+01
1.075493728807213323e+01
4.570520464932175742e+01
2.600572998361355204e+01
1.979621697101569922e+01
9.274949389476828898e+00
2.462513390637770527e+01
7.049819516972593014e+00
1.207272244145729267e+01
1.740212676871202646e+01
4.660618786373513700e+01
5.641890158140573597e+00
3.945675912261883411e+00
3.026555528614525770e+01
1.704488597408548145e+01
5.240195661232674773e+00
5.681104140219242815e+00
6.895602676506425155e+01
5.523509307563188031e+01
5.943769191005493013e+01
3.187810163139685571e+01
2.663170311328217910e+00
4.406495954004879678e+01
2.772589210613181976e+00
1.434081808895248855e+01
4.040090226890878000e+01
3.454908910825463142e+00
8.006726280782383753e+01
7.903036105279281287e+01
1.290587913706273859e+01
6.042565702084836232e+00
1.686498369135216180e+01
1.988208892008868744e+01
2.577564620716449895e+01
9.102923720775194738e+00
2.749280340631175434e+01
2.571874478280139442e+01
2.517275628681607103e+01
4.799240524924754503e+00
2.037836789280015637e+01
1.713069433606616343e+01
1.569517800534748275e+01
4.904883858352557802e+00
1.230478524027132892e+01
7.404690034883235228e+01
2.262076367832734647e+01
3.115607310365003713e+00
5.384372959141847659e+00
1.602408422092218032e+01
2.147841942724592101e+01
2.003690987653495270e+01
2.955528731867422376e+00
1.561953767252861880e+01
2.984277840392883974e+01
6.008168606979744197e+01
2.152756199327842523e+01
1.207071197413631403e+01
5.901933594930496518e+00
3.759377283546717852e+00
4.337254880359218134e+00
3.880067010211141820e+01
5.934323839174110660e+00
1.053679102707774007e+01
3.187936556408421040e+01
7.571216905218744841e+01
1.111972875878201705e+01
2.678125638949647325e+01
4.046934454816502935e+00
2.928426160471776640e+01
6.582371206708232592e+01
9.509051194257051520e+01
8.828936415233613388e+00
7.946164464659752902e+00
6.299403699731246142e+00
3.584862732397650120e+01
1.353063580738121807e+01
1.469713369133973480e+01
1.937441142039057596e+00
3.308174198979759062e+00
1.618462646521875214e+01
3.484095482247502673e+01
2.367428630888301200e+01
1.355472026866697099e+01
1.406193557650563264e+01
4.277674218438286147e+01
4.051200561134795919e+01
6.819050736171646143e+00
1.892058465917210697e+01
1.556116816751010568e+01
2.082544375025603856e+00
2.143593708079857407e+01
8.154913994225756468e+00
3.499223444348944057e+00
3.457553248413412916e+01
1.483185188473617622e+01
7.577179089046746086e+00
4.385285681002839908e+01
4.081828634183054305e+00
1.997594383409346364e+01
1.564159723687167869e+01
2.442730291995387404e+01
1.452069263336229810e+01
2.857400646378117059e+01
2.214667735193933851e+01
2.180506903158238696e+00
2.886098582376909150e+01
4.022950516134778809e+01
6.478443341061304928e+00
4.948884120238766826e+01
1.304302117578030717e+00
2.094446421012644777e+01
1.978277258290748852e+00
5.953645361921985568e+00
6.653497284862890382e+00
3.096156570210443348e+01
2.690280687289629924e+01
3.530225944294170404e+01
3.694922406121526226e+00
9.310725170304618104e+00
9.150439601485052421e+00
2.504517091728172318e+01
2.379968659627335725e+00
8.424171617756773855e+01
6.021867328578453282e+01
1.778541104968951814e+01
6.899069229276389770e+00
7.557042175113464566e+01
8.442745352722388574e+00
1.137478916819479124e+01
8.533857835777617140e+00
3.855497217091858886e+01
4.846135960345821303e+01
3.273452926275727748e+01
3.050621400687861140e+01
3.689642634716938119e+01
5.342151254094303248e+00
8.752503210857130966e+01
1.162736805609737090e+01
2.902426668680373023e+00
3.161168347220590036e+01
4.895299394696802153e+01
1.874802615949295514e+01
6.961970310992003697e+00
4.081155348961901552e+01
7.663879293582620278e+01
4.695250368589610446e+01
3.235993876694208904e+00
7.066275206769510930e+00
6.069673488461744881e+01
2.051879823486579379e+00
5.869669936733764359e+00
2.930267081672852214e+01
2.956687770917091118e+00
2.120196467759750192e+01
6.428803947308604450e+01
8.249861971639296243e+00
1.612388891118140322e+01
1.647939276423604227e+01
9.000164530518471651e+00
4.540867239341344508e+00
2.327938326885174547e+01
2.972834828010560315e+01
6.852421352884130457e+00
1.206257898241675441e+01
1.937443104962117602e+01
7.817230418263049430e+00
5.277637530428949475e+01
1.172473612449282854e+01
1.966641958221792308e+01
4.499451714345967801e+00
4.862996297882214236e+01
2.453630476563941798e+01
6.292126823930351165e+00
4.172955133560773078e+01
5.064346752883698066e+00
2.712350813595920229e+00
2.953977056411915569e+01
6.474313507216995056e+00
2.135651667640755491e+01
1.074961034637506785e+01
8.716088446601337125e+01
1.195862532380736987e+01
2.222849530615145852e+01
1.727994845184167128e+00
1.668369877289172365e+01
2.325519402501119615e+01
4.458796790227121676e+01
3.549900658020537492e+01
8.313889615134100097e+01
2.030743905024285034e+00
1.342545404370837048e+01
8.889307678714916960e+01
6.214112199408744885e+01
2.737277145592032390e+00
3.778018382833884203e+01
4.369634437446280550e+00
7.294370244856060026e+01
2.539340949668420322e+01
1.778109596355654576e+00
1.112959259234278520e+00
2.886045095514660730e+01
1.194107273682743653e+01
1.660400980579301589e+01
4.716007167632351127e+01
4.742611832764610824e+01
1.439171817358993977e+01
8.934547200305082981e+00
6.008156623534604535e+01
1.421771293112722923e+01
5.007818951041775080e+01
2.040974716079088935e+01
7.074994001474436800e+01
1.188740140949288282e+01
1.613823111087220852e+01
4.801567142122352294e+01
9.670039682950330118e+00
9.735692843674087271e+01
2.348654124640699692e+01
3.778266134839923129e+00
1.641690460615753011e+01
2.110417654123848052e+01
2.975065147848685854e+01
5.333240645589737028e+01
9.012411439826226456e+01
2.105971861818701996e+01
3.873825548015621223e+01
6.227730743281068904e+00
7.899070893482695510e+01
1.665491935183803118e+00
5.185633260214087414e+01
2.675425119646867955e+01
2.280183744444874261e+00
1.349722957067375262e+01
5.622494592609706743e+00
1.294070832310697838e+01
5.143433243808222421e+00
5.122449340586133815e+01
2.944710460455113221e+01
2.939224160294361354e+01
6.319101215055388110e+01
2.366732522417230200e+01
1.074444415146063392e+01
4.155788939180487418e+00
4.075728290682533839e+00
4.418309247727152389e+00
3.241003229366226179e+01
2.831267649705709388e+01
7.469487901381000938e+01
2.236568963501066420e+01
6.455549373031189475e+00
3.764740559622274674e+01
1.716204787046260805e+01
7.634673006701074627e+00
1.043618900502396940e+01
5.060127745518717290e+01
1.009375228302349292e+01
3.848369759904320375e+01
7.825891766283412210e+01
3.033940628792396765e+01
2.168898747309862873e+00
3.844269251262980447e+01
4.532699249773687455e+01
3.638721666441726654e+01
6.986661029890207431e+01
5.393564462602972398e+00
1.362895911652712044e+01
1.031171518434623522e+02
5.771245864854201102e+01
2.207830710046203038e+01
4.153202412236552021e+01
7.984447167844199100e+01
2.916547801814910557e+01
1.638929396453815190e+00
2.774771600916648850e+01
6.130596491786195656e+01
2.965113921023143462e+01
2.695636761771163137e+01
2.121064115170956299e+01
1.048493705906885509e+01
3.664737228642690692e+00
1.831727888993569309e+01
2.279725806509863162e+01
7.165848537014193553e+00
1.317136125172042327e+01
1.505260867079548248e+01
2.658023381782264849e+01
1.735462125825470991e+01
6.237074044729075695e+01
1.857469181292430704e+01
2.442496664874768442e+01
4.417289045533478742e+01
1.116885050987163375e+01
7.002332650267829806e+00
2.777100679928161497e+01
7.781824750687397874e+00
2.715615388228283322e+01
8.717050997128953327e+01
1.594418792524851547e+01
2.550645294851091904e+01
2.470552683091986879e+01
7.630237803661568563e+00
3.033889991080916104e+01
2.057076275323600711e+01
6.237985570893428644e+01
7.756156133481932891e+00
3.078095366025059576e+01
5.300656908665884970e+01
1.256456903203525322e+01
1.455164249727220671e+01
2.037679089189597548e+01
1.734545841528872856e+01
4.568178159655222004e+00
3.677115713868522651e+00
1.187625307456508850e+01
1.672252133220088410e+01
2.570030017402078215e+01
1.538797653035488899e+01
2.390471414591598176e+00
1.256679441277370302e+01
1.300822625997030002e+01
4.268790805524746901e+01
1.387139357821863506e+01
5.406031534187963672e+00
2.734565163601162752e+00
6.029674449427421479e+00
4.351438610605841717e+01
6.714219626734937663e+01
3.096527657653379606e+01
2.864219866488543076e+01
1.308902954943177832e+01
2.294038302762886516e+01
2.439939840982437147e+01
1.521564414692847933e+01
1.600342780013905397e+01
3.281343599963076230e+01
6.290130737875594491e+01
5.888328058514993302e+00
8.327663860021582209e+00
1.386086680664319282e+01
1.027054587604117941e+00
3.536205290220623709e+01
2.417742065924756645e+01
1.854837956806778010e+01
4.077569848665065422e+01
2.099203777622388145e+01
7.723937586483286566e+01
5.298072762137003622e+01
5.381239142116124441e+01
3.009080927897408486e+01
3.032139919954095220e+01
2.936375239231429290e+00
5.874139260179903843e+00
2.560314771323391803e+00
2.299239046524622410e+01
3.822079165430596248e+01
1.604661748398761389e+01
2.282940259523094539e+01
2.401837837760160355e+01
3.855488134517565779e+00
5.313845700443008191e+00
4.837342360035312261e+00
8.200035320023228280e+01
3.141639912830659043e+01
3.481849573056152281e+01
2.763355306379060394e+01
2.873135232163537012e+01
2.446792746071913882e+01
5.760364904619216242e-01
3.361184442151390783e+01
6.032430866885523102e+01
1.343700806889060573e+01
1.018987713574282417e+01
4.780860679280252157e+01
1.239043164053408752e+01
2.795426090219602244e+01
1.859716936651857999e+00
1.992087839785272863e+01
1.733573877826404441e+01
2.548861344131629281e+01
2.429457324505557025e+01
4.332628748940893892e+00
9.487925834023050342e+00
1.728039702050711668e+01
2.632102414004387825e+01
9.912158323842430008e+00
9.077644982051969791e+00
3.278194819472203392e+01
2.443390243226501468e+01
4.497020343666115849e+01
1.859796897539095895e+01
3.043856905506188149e+00
2.193071895884101252e+01
6.690072714917278063e+00
5.421030961327640618e+00
3.854899995025404280e+01
8.642832605392333889e+00
5.239916951172617132e+01
1.895270126968313207e+01
1.434465744485309813e+01
2.422655452294752720e+01
6.802178088575485226e+00
4.054747643744838115e+01
2.391996981615193008e+01
3.277282581655951788e+01
5.259477143146371958e+01
1.158826238487767668e+00
