1.137198481989141162e-03
7.369392785824190007e-04
8.286084272892628834e-04
9.917634385692003767e-04
1.100610498239170537e-03
8.034114542194406745e-04
7.762471889270312290e-04
9.233634566674838460e-04
9.136491942251274024e-04
7.229080061540670270e-04
1.028424174997812687e-03
9.130080191759824002e-04
1.284813381243025748e-03
1.608797595528753616e-03
1.309500384765302852e-03
1.429721218348008194e-03
1.121167308470988073e-03
7.609475152821723902e-04
7.051647151329836329e-04
1.279389529746166989e-03
7.795606426405581697e-04
1.166783560518346594e-03
6.260874380333793145e-04
8.203494626165703249e-04
9.328850869814720977e-04
6.098843292293755231e-04
6.741023820994018062e-04
7.426982694845958490e-04
6.740993482709039218e-04
7.184436153093950485e-04
7.062893465089416841e-04
8.312376590853380338e-04
7.205011369254174210e-04
1.236876995289005977e-03
7.959408260622583909e-04
9.370171344357609757e-04
7.321144677350626675e-04
1.193354059870111892e-03
1.147745390856696112e-03
8.592093628517493992e-04
8.588601302538066825e-04
8.820034171590839878e-04
7.339044981085332195e-04
1.058228347105731127e-03
8.973834944150099876e-04
7.262846480965216541e-04
1.054261213532844748e-03
1.363736662159873315e-03
1.345304122911299702e-03
1.695016052840987155e-03
1.318534590901236257e-03
8.690938542296555800e-04
1.202871756289176789e-03
8.258762025266863042e-04
6.339591360349923184e-04
1.477107944990937137e-03
6.888960156543333380e-04
9.268318845498459439e-04
7.474054467511677749e-04
1.245908532109918842e-03
8.904298979839758970e-04
4.488301043444666363e-03
9.547860166473719603e-04
7.048308849590300329e-04
1.485246654592934723e-03
7.583167431280507216e-04
7.269320620653356305e-04
1.181839237556487569e-03
6.486690460015220828e-04
7.512560263070864513e-04
1.337794181950053771e-03
1.547270549033673238e-03
9.264616387092029911e-04
8.056419857334179120e-04
6.622958498073512525e-04
9.610553805261001521e-04
8.343191187169114427e-04
6.620861025155067069e-04
1.581970727599123347e-03
1.080418099570148874e-03
1.712729352034382405e-03
7.614205794633056379e-04
8.155755598490203569e-04
9.404444163835727188e-04
6.858446598750306093e-04
9.281900886392194065e-04
9.739390177907065712e-04
1.126925393007409361e-03
1.353864204530380458e-03
1.189302989384017576e-03
8.970613823482949476e-04
6.169764391742313609e-04
1.052349725377333886e-03
2.501436753011304463e-03
1.046452067254061277e-03
2.682800098513054426e-03
6.202345439225253991e-04
7.650152690751050449e-04
8.259183521382799367e-04
8.745111713541786928e-04
1.234165202718896749e-03
1.415987976122007937e-03
1.021100352542612336e-03
1.077224910745584741e-03
6.852190945084603432e-04
1.124984612363355433e-03
8.697337044876048921e-04
1.055513329700473847e-03
1.100377786046375381e-03
8.391146458130074176e-04
9.071587065147574281e-04
7.965734393236919729e-04
1.307190426592068485e-03
8.330034447332192388e-04
8.169179521144230138e-04
7.100060727338016256e-04
9.615346781042315117e-04
8.351077912552340487e-04
1.149899702325114315e-03
9.713318855402104700e-04
6.742680596795737856e-04
7.484335857529636656e-04
6.943222790108726037e-04
8.007211379940025161e-04
1.275265939921755697e-03
9.546444162077984130e-04
1.221471743669929472e-03
9.503449941059835060e-04
8.001134201304401774e-04
6.603730756751364193e-04
1.043007414645123667e-03
8.461462030785347685e-04
7.309841600231666535e-04
7.202579594705524595e-04
1.406624037483139621e-03
8.308271241121310737e-04
9.651786664591376812e-04
1.242664463374598552e-03
1.511709210377122159e-03
1.328816384986726985e-03
1.336280623495115800e-03
1.867940063171180968e-03
8.988946423502861514e-04
8.094664718384256491e-04
1.223014082741843674e-03
7.583334320890697429e-04
1.098338423815303517e-03
9.273159461631894172e-04
7.274959517261984877e-04
8.104456410321108804e-04
1.184549414019549348e-03
1.519889689548312509e-03
1.512897301310597159e-03
8.316409054332631143e-04
1.011819871578270883e-03
8.090884338229657399e-04
9.415599150413597566e-04
1.172874011777043065e-03
7.413795146598415632e-04
1.223920201078431552e-03
2.019372821888590352e-03
7.551197115744721477e-04
7.214927333209645091e-04
1.486406398081840290e-03
2.082299588947904029e-03
7.899131838403050101e-04
7.726305659700528948e-04
1.212580885436076016e-03
7.229066459576814893e-04
8.261777785387952686e-04
2.344955895160068162e-03
1.296086438946656696e-03
8.359679036049662022e-04
8.561634552120167985e-04
7.489484222749361953e-04
9.767369454273602813e-04
9.801522310060085692e-04
1.140160151064142403e-03
1.017750940872061676e-03
7.677419720896183890e-04
2.015400367562326153e-03
1.491623766059775157e-03
1.007038854677122508e-03
7.163210585938382382e-04
7.924809399373373021e-04
7.991394795054785434e-04
7.773873147773010563e-04
9.719808849584716300e-04
7.764716052042639144e-04
9.361839849757261356e-04
9.389538599885329353e-04
9.351420304685790748e-04
1.159842918772121438e-03
1.329868795738989567e-03
1.170258621284099880e-03
1.063694036586286095e-03
1.096849094170917159e-03
1.270730428852057245e-03
9.595861554303797324e-04
1.400554128973258757e-03
6.801994307212475520e-04
7.443681249558617647e-04
7.268576038289441179e-04
8.549041270509558825e-04
7.838961472099226007e-04
1.116951321851356906e-03
9.725128875374749668e-04
1.066611134603534777e-03
1.100394416262158621e-03
8.969057778961457518e-04
9.002875092564152984e-04
9.376232877523024050e-04
7.672654033301957869e-04
1.032090238652894152e-03
7.364000486788382059e-04
6.530881857811910145e-04
7.954962491881990751e-04
7.713871334394293254e-04
9.777408547376389026e-04
7.258075571927518699e-04
7.788790803740248264e-04
1.075784283830424860e-03
7.460220525691300866e-04
7.598903503300394368e-04
7.129317414647208745e-04
7.291577650662953896e-04
1.080416047738648163e-03
8.657295080364386334e-04
1.271094226094580081e-03
1.121150641340990959e-03
1.300917908307525940e-03
6.906451888458460097e-04
7.506449307850310455e-04
9.057312187822654220e-04
9.163924474958584339e-04
6.627840348066778601e-04
9.728879248320697294e-04
7.344558781451881449e-04
1.067292499821076305e-03
8.314589205646384954e-04
7.206480606215143756e-04
1.258263980866757307e-03
1.045245686291106611e-03
8.141985453856077958e-04
1.155428881994894881e-03
1.438340580468844840e-03
1.618941015736577015e-03
1.008128653221355975e-03
1.113214302854576877e-03
6.880752285979436491e-04
8.690061560797348239e-04
1.069994014275458963e-03
9.001064633432959324e-04
9.278269276279722420e-04
8.985176306768491135e-04
9.132108793716192706e-04
1.719759112003720492e-03
6.223952003126163000e-04
9.278206543747705062e-04
6.618767512347594481e-04
1.341548584255890762e-03
6.755225773380010975e-04
9.645300250536734468e-04
6.986698287000622006e-04
8.259981705145684906e-04
1.206520261246990825e-03
8.409933549240174253e-04
6.739108315870994239e-04
6.773363186475874365e-04
1.017165166227516990e-03
1.272608240168828127e-03
1.049986937298250447e-03
9.152766941862950593e-04
7.929657532582066451e-04
1.060072905179126976e-03
1.328924337897663182e-03
1.328366262215047297e-03
8.218451539928734416e-04
1.304997293228025209e-03
8.702567765122556703e-04
7.344748225605486885e-04
8.398192114396999539e-04
7.892974188272024140e-04
1.291811806781824421e-03
1.043640743762313866e-03
6.847576872946554635e-04
9.201751125795274789e-04
1.197221908983849177e-03
1.022669994918723501e-03
8.162489955604179540e-04
9.831300186606648384e-04
1.059789552204030115e-03
6.878794514218127638e-04
7.956123286302571335e-04
7.824570135227897332e-04
6.714551277267141348e-04
8.401674103482289829e-04
9.401428866314037519e-04
6.474860936809012125e-04
8.342321078569283222e-04
7.077061132370962441e-04
1.357801211637336622e-03
1.120349814171191271e-03
8.795535386243363623e-04
1.323802972858113087e-03
9.969106733289509123e-04
1.718223387038744212e-03
7.740173453104160026e-04
1.408785203321092890e-03
1.245246991624109414e-03
6.420977771423885296e-04
1.499302002478106362e-03
9.241603821607464499e-04
8.411146278571933303e-04
7.299314146196135599e-04
6.091586170366156475e-04
1.084242922416596248e-03
7.233670391521119332e-04
7.414423264536369436e-04
6.412070622307839774e-04
1.109015474322147619e-03
1.044885969467973085e-03
8.530707617956032052e-04
8.491996886659991441e-04
1.197736499034722426e-03
1.082913336428162039e-03
1.017998872661949423e-03
1.237848680288225218e-03
7.396560337312130208e-04
7.809533666445656486e-04
1.172221223792892838e-03
1.371297420232800001e-03
9.574458069045858107e-04
9.983018307533524441e-04
7.801245641356379301e-04
8.483318993225911347e-04
7.650355264623291988e-04
7.708110802677019258e-04
1.597904602121524983e-03
6.464386568019698468e-04
1.290310079440565262e-03
7.314197421016404178e-04
1.171244484537632127e-03
1.066274698785238525e-03
1.521365503107600502e-03
6.747053784598587740e-04
7.729748964378828574e-04
6.435825630168153172e-04
1.276221386187357826e-03
8.909511390877918090e-04
9.973220391259207413e-04
1.303363719654527467e-03
9.769977947187396660e-04
1.011175646679375855e-03
3.392113538730130804e-03
8.105573874462406164e-04
7.425427612080061400e-04
1.680851345302848947e-03
6.410818650666346959e-04
8.856030946959633082e-04
9.135536943587249225e-04
1.289646199516844213e-03
1.110964101874970140e-03
8.041038093991496145e-04
8.824098482618121519e-04
7.305785939307021023e-04
1.112140834365903802e-03
7.919996165230887026e-04
1.010423456408085464e-03
8.469029209842946502e-04
7.811521145723921734e-04
7.888347615646345732e-04
6.496343188216871034e-04
6.872341323816025336e-04
1.314249005412328544e-03
1.503023599107549627e-03
9.269042338721885299e-04
9.451260795764585042e-04
7.496926221419661363e-04
1.132010306388416725e-03
1.360497957225084145e-03
7.059978650916049966e-04
7.721613159358265950e-04
8.998187349856832462e-04
6.814528150194238375e-04
9.599767811124826095e-04
7.175923974228662870e-04
8.089126240132625675e-04
1.443846762006823457e-03
7.757904170113607157e-04
1.178707635537826551e-03
9.027058435017964707e-04
1.359510288637182270e-03
8.512429671660324756e-04
7.392768193882047218e-04
7.268115940541893623e-04
1.041076311081180717e-03
7.620201592441776034e-04
8.056933648177330015e-04
9.391006183962974981e-04
7.778788951237640328e-04
1.110311646891216485e-03
7.708437661336185742e-04
1.055377226387867358e-03
9.052774755239961692e-04
9.600165918769162443e-04
2.076372602259631429e-03
1.059729411167274196e-03
7.238095953103584716e-04
6.325077118938852386e-04
8.557922886241360605e-04
8.909191116134432048e-04
7.464466190016303369e-04
1.506169743270852112e-03
8.059607259179455340e-04
9.066249965846765162e-04
9.743256155876529618e-04
6.999360305888783964e-04
9.521373118816704815e-04
9.134803614707313196e-04
9.886856331045084864e-04
9.795679686966521707e-04
1.091798533722624634e-03
1.189782303762165067e-03
8.359427266677769497e-04
9.875481500756485079e-04
1.803777172693551848e-03
8.205359957585456636e-04
1.044663715417867454e-03
1.280484477179890355e-03
9.590988302113309140e-04
1.536642106008903868e-03
8.675621704748808470e-04
8.834789684512272395e-04
6.707700136632657262e-04
7.303937477432004451e-04
7.875918842138508215e-04
6.476031904998025236e-04
9.854054188592369697e-04
8.719054195071314741e-04
8.914539794333267101e-04
9.323025879921753275e-04
9.808060455449728234e-04
8.845950642654467613e-04
1.368465133221071243e-03
6.244944621807649743e-04
1.580483997474137724e-03
7.801184744662072092e-04
8.957635438748037500e-04
1.402593522748914407e-03
7.729969841134504225e-04
6.902759312613724468e-04
1.235696759740341488e-03
9.613002120764686928e-04
1.556235237639354372e-03
1.121073016619497870e-03
7.162790588280470386e-04
7.694768309731261956e-04
7.641927450492140735e-04
7.801538602040401695e-04
7.420304623485460271e-04
1.054441960999403464e-03
1.112215021598723409e-03
8.384334011511102415e-04
1.134120354590264232e-03
8.543373466701610457e-04
1.269535339431097616e-03
1.030724434448933215e-03
1.692202171361750383e-03
1.794853272170470089e-03
1.139499855466552612e-03
9.701683999468107894e-04
1.477485793106796987e-03
6.644439990831460963e-04
1.452449379754997818e-03
9.897113222284909580e-04
9.366890975651227455e-04
1.358657800213314325e-03
7.683705118256483691e-04
7.464131910357948464e-04
1.078160693310467729e-03
1.467795413846568163e-03
9.880057462729136073e-04
8.511108590532712008e-04
9.136627904467072014e-04
6.179180828149967919e-04
8.181321134345641028e-04
8.085888735030335268e-04
6.884625585747037799e-04
8.902370647650757838e-04
1.207286867794630765e-03
8.773135052185260935e-04
7.460929247320269124e-04
6.329302334704079097e-04
1.067439226360803253e-03
1.444464217421083212e-03
9.604194442183563345e-04
6.703949598456014842e-04
6.964942481489449447e-04
1.590699879709083029e-03
1.170982097358702796e-03
1.132839478641020766e-03
1.209792662173135450e-03
8.659417326739798177e-04
1.157504211483768169e-03
8.216263377259864966e-04
8.899649401260815084e-04
1.332853235293585126e-03
1.429789296786161939e-03
1.096310642142906419e-03
1.010441048148580552e-03
8.837830179933536248e-04
8.117906581161879074e-04
1.183936682731181068e-03
8.489637664581799062e-04
9.375775176753509219e-04
1.368698076370567212e-03
1.123985591828502960e-03
6.293185730391481639e-04
8.242652535970609092e-04
1.037891224628255437e-03
1.550322702783488550e-03
1.150108193572589978e-03
9.413959026543734830e-04
1.506069405810219267e-03
8.085691951263410593e-04
1.778741460063381838e-03
8.226639869102092160e-04
7.402855760865951259e-04
1.472839386787381296e-03
8.877497912660323653e-04
1.104080930517615123e-03
1.192784093386965814e-03
7.877827395390020861e-04
1.116277610928717058e-03
7.954671419588900698e-04
8.375776435730257572e-04
6.749579863659268793e-04
7.125851938448885545e-04
8.185915628444244115e-04
1.359161002968680863e-03
1.215225464765467981e-03
1.268443725562409590e-03
1.300411950793848616e-03
8.422535690993767287e-04
7.571655643421283319e-04
1.094104488951897240e-03
1.000678050349079577e-03
9.002755831852068003e-04
9.090080970763002267e-04
6.274516168302344665e-04
1.399404553548276803e-03
1.004758051794160667e-03
1.556793048926950057e-03
1.776707542728535707e-03
1.052632046747825623e-03
7.008314109329239318e-04
6.730508370842825478e-04
9.990659698846824852e-04
1.170881901131620413e-03
6.521517572791173546e-04
8.521005160198110318e-04
8.755156168198829263e-04
1.022502711070349740e-03
1.096039634448070727e-03
7.879943113284593008e-04
2.857280589135872267e-03
8.661051783139297458e-04
9.389466260324635721e-04
2.058727661435790033e-03
6.362572935202159352e-04
1.289010504431661094e-03
9.813311231907004793e-04
1.221117398829614379e-03
1.452078202802460248e-03
7.375906393713389580e-04
9.968565682676698569e-04
7.723381457121316143e-04
9.855201109314560073e-04
9.034498622047602411e-04
8.099251380454809386e-04
8.147531482351281487e-04
7.935089764293117064e-04
8.330655657636218446e-04
1.191822565850360859e-03
2.078581345513601155e-03
7.028927544698194019e-04
7.041330046633715927e-04
1.132465488018934542e-03
8.774242072136478453e-04
1.342036602230037333e-03
9.824433104868215277e-04
1.335441413488183075e-03
7.552710123333867664e-04
8.311562764932323849e-04
7.962919084408870462e-04
1.005928269915453820e-03
8.103682992163732538e-04
1.105351450166038203e-03
1.042637409705734954e-03
1.290103652244554066e-03
9.314071976743721866e-04
7.106037952186522932e-04
1.679773978858255376e-03
1.628391688182098630e-03
1.151950290652593682e-03
8.775567246395565152e-04
1.447614157984773329e-03
6.342189951686529742e-04
1.473062403372006396e-03
9.764277879021537659e-04
1.015069506471860715e-03
1.162644226543880230e-03
9.530268081020801989e-04
1.064496999546941155e-03
1.306501928495936446e-03
1.068752972296002027e-03
1.097007148146994559e-03
1.494972656278530879e-03
8.176955089177485566e-04
8.350332247098159666e-04
7.750499124945524516e-04
1.032367804540102905e-03
1.041565224871235937e-03
1.267925518496696574e-03
7.940888364669104705e-04
1.033200810453881483e-03
7.902142467649580972e-04
1.379552543894361875e-03
9.706424295550527366e-04
2.153343937018403244e-03
1.060562751786188560e-03
1.289255580030407604e-03
1.043735439126066734e-03
8.748523682659546967e-04
7.273011666837182277e-04
1.151354666768665070e-03
1.183711540383717642e-03
8.905620743518663680e-04
7.168272262659711961e-04
7.845940985026499418e-04
9.850534636571572130e-04
6.662603630338077756e-04
8.913370578539809045e-04
1.145260941289413760e-03
6.921958604420511011e-04
7.101453833714500624e-04
9.525438401545010137e-04
8.184498066304471799e-04
7.515512581921137813e-04
7.835855798984001867e-04
8.565785543242188885e-04
1.390891976895064410e-03
2.003617451073938689e-03
7.655150177372262166e-04
8.912249291106434873e-04
7.546349190438874461e-04
8.117622813208571781e-04
9.384634512588324422e-04
9.956280555491810614e-04
1.912542307932155617e-03
1.082986155885625129e-03
6.648074716359695432e-04
1.176925705356966952e-03
1.254577913073290363e-03
9.538923175234685853e-04
7.223780394584319387e-04
1.488193429365151574e-03
7.659877452433040083e-04
6.270183630950716073e-04
1.012446869190774656e-03
9.081900876858912258e-04
9.857547961367209288e-04
9.377704824092928390e-04
1.034603829797035380e-03
1.014415373492499363e-03
1.100910512809013218e-03
6.696681155675528142e-04
7.086489653722453409e-04
8.333337608974009797e-04
8.952706152219349050e-04
6.782875803249919112e-04
8.694369248281188329e-04
1.171222400321047337e-03
7.705461076953910079e-04
1.101272691761916557e-03
1.260435601437551092e-03
7.827242057294914353e-04
6.785384985460295604e-04
9.503851420502532760e-04
1.429695618055412112e-03
1.399182288411070967e-03
7.039124816220466117e-04
6.782709482178292566e-04
6.752065868035232255e-04
1.873679507258744180e-03
2.135170702918857705e-03
1.380219003409376317e-03
1.015801955788818304e-03
7.609809056409251767e-04
7.419392048517813162e-04
9.737342481821744354e-04
7.595303649123957791e-04
9.304101785862319614e-04
7.697967879448199598e-04
8.395804455006032401e-04
9.075291481337917094e-04
8.100424663750574635e-04
9.222725621005160032e-04
9.750520183146138380e-04
1.217953409314368341e-03
8.286806754578742449e-04
1.097260081399112786e-03
1.010035437610209193e-03
9.219987973030565210e-04
6.425215447427594286e-04
7.966776941353439058e-04
7.747562085573061162e-04
1.425674284466096333e-03
6.234252774211724484e-04
7.951379755749909224e-04
1.326717222993113818e-03
6.639501107857006656e-04
9.350298724618491672e-04
1.239384759958233554e-03
1.337452105397142444e-03
1.255612199571690688e-03
7.649099639364239853e-04
1.506409506950991389e-03
7.986853222304111238e-04
9.966213308533621203e-04
1.426620957621837701e-03
9.588797750516365234e-04
8.642121988748154319e-04
1.255005920629770344e-03
1.197909773284873240e-03
8.168858481100626980e-04
1.053850448030194164e-03
1.602868700740692166e-03
1.333477913227512504e-03
1.094126906497371043e-03
9.058400993653343072e-04
7.688690336806801393e-04
8.402294487801571961e-04
9.516622639725865569e-04
6.754728921798538533e-04
1.141400665016110635e-03
7.269109479031610112e-04
9.439669419957420109e-04
9.268659464443193162e-04
1.145025818542133198e-03
1.053841334471595842e-03
1.189397344918427394e-03
1.199796110405646366e-03
1.279985949475050643e-03
7.251388413208796711e-04
1.244823762207311309e-03
9.196995202272670311e-04
9.775163591436814795e-04
9.650177641017049571e-04
1.050796427530982296e-03
6.977125155602392119e-04
1.206752770982126403e-03
6.863765553572781118e-04
7.223855449440666271e-04
8.286728341029441815e-04
1.049209351351842101e-03
8.070525517671016781e-04
7.448786480692531345e-04
7.140948262491739760e-04
1.086880090933335001e-03
1.120312501738710952e-03
8.047408562001152248e-04
8.615871451646583187e-04
1.303469492064377334e-03
1.080579612982537690e-03
7.771770178587611173e-04
1.039424509770948491e-03
1.103938524922945443e-03
1.078416209303890202e-03
8.849332556284908880e-04
8.182511773253352792e-04
6.625342436014245101e-04
1.039444644132082136e-03
9.225782218284106365e-04
8.450710235105267235e-04
6.856329135680623837e-04
1.050706315240236251e-03
1.433826573810828954e-03
1.146703727311191743e-03
1.174168715427824144e-03
1.205576824418427926e-03
1.142284505239818870e-03
6.643515608693644978e-04
8.235870787463464397e-04
8.360669411726010100e-04
8.476000969108741850e-04
6.919985792277939677e-04
6.825333916059322849e-04
1.228585457851473668e-03
6.952213921975461310e-04
1.353971981777688264e-03
6.527964838420981979e-04
8.595838617815059922e-04
1.193047456853257512e-03
1.405020888809930917e-03
1.189441607856556822e-03
8.925264524647561317e-04
1.307303232043365102e-03
6.420491986537802797e-04
7.201443863160112259e-04
1.585548439696199147e-03
1.051920593121573582e-03
1.324193317997410073e-03
8.199577180229551763e-04
9.821488140363081581e-04
7.633579430768407852e-04
6.801552013632179792e-04
1.022060982347005155e-03
1.227726806469631475e-03
1.197282690380942118e-03
7.682766593258245425e-04
1.026010865846029366e-03
1.219731938517147184e-03
2.263868976155330656e-03
8.616202479673815530e-04
7.586341945760887492e-04
9.066843279494242848e-04
8.368357123668582849e-04
7.903955522104722789e-04
6.847933595388254165e-04
1.042046929394860799e-03
7.080704012385551733e-04
7.790019187595510547e-04
1.033450365834740099e-03
9.724736158896760217e-04
1.168916473759042292e-03
1.009184545414454261e-03
1.010501143842084532e-03
6.552463589179889246e-04
7.486379465771347309e-04
6.670157314145049943e-04
9.621763075855514552e-04
1.379215482332436619e-03
9.968410621015223218e-04
6.967063593738392338e-04
1.255965513853019326e-03
6.266259941053667218e-04
8.816637560822524486e-04
7.459665414139993872e-04
1.160607793403341421e-03
7.073141708665567004e-04
7.362199714011218466e-04
1.062565023668679770e-03
9.190442100720730640e-04
9.797914961057231642e-04
1.311056758538272022e-03
9.090486496771375824e-04
1.058851138300018766e-03
8.337858591862618235e-04
1.438487587698442441e-03
1.127127447288488920e-03
8.392285494158023725e-04
7.284725388831504245e-04
1.224608680845787377e-03
7.456487300476126543e-04
7.946946662285365092e-04
1.089467025534342865e-03
8.382613429419897774e-04
1.063789973653778793e-03
8.039219835584819228e-04
9.619703910768794648e-04
1.625034135846025211e-03
2.327826961821116963e-03
9.868509055931729869e-04
7.394018524396153052e-04
7.728516902704032996e-04
9.093242855582017422e-04
8.238895031550786492e-04
7.455698990429889981e-04
9.269236987438918100e-04
8.234589191960175894e-04
1.143885110318818617e-03
9.048692804250130575e-04
7.367259330277592519e-04
9.953364082412510111e-04
1.238979479400145745e-03
7.036471922939804965e-04
6.536388058783970060e-04
1.116767448532511326e-03
1.025267441753294814e-03
8.688263856881636498e-04
6.457492431891508240e-04
7.188970264708400854e-04
1.977555444404047180e-03
2.048094708670202251e-03
6.566318887916015911e-04
1.320656211239747612e-03
1.104718981959308547e-03
6.760456666129886685e-04
9.564442215549449422e-04
7.150826689547901301e-04
6.462412871837563575e-04
6.210555896083900206e-04
6.912525412565930947e-04
7.365625953056609537e-04
9.330978679203344797e-04
1.069338223443954284e-03
9.152478186118773954e-04
9.492803243314342594e-04
8.788515441063985464e-04
1.456691345657574153e-03
1.016827588249747186e-03
8.315849386742646312e-04
9.657092288877139373e-04
6.289670917817367490e-04
1.625331245036095839e-03
6.972520408905414800e-04
1.088945676554149743e-03
7.098254779259825092e-04
8.585525496594242608e-04
9.624527969238819538e-04
8.586796846999207805e-04
7.737838210676355405e-04
7.882775126151849885e-04
8.338796715403422582e-04
7.973520917243783965e-04
6.245213743610668377e-04
1.155826029701108749e-03
9.813920939036396233e-04
8.196551680679540564e-04
1.327981050096119740e-03
1.113134337274062410e-03
1.977170278188053638e-03
6.880756211093837747e-04
7.548333737818249374e-04
8.178952320398217256e-04
1.031360848079913416e-03
1.350245187476760162e-03
1.021723681967600219e-03
9.314287326971353725e-04
7.051858265340150500e-04
9.500445928181319721e-04
6.635813950471998153e-04
8.177608255577531850e-04
1.157127321565674678e-03
1.075280731515099435e-03
8.693845842520075149e-04
9.936158737720059142e-04
1.362627367159797076e-03
8.626236242431266701e-04
1.029752283382948498e-03
8.343489511184920722e-04
7.048906168267591666e-04
8.110301113455323143e-04
8.302560785691631392e-04
7.738306629835642976e-04
1.010966756970708849e-03
1.107681738342295406e-03
8.526899504718400214e-04
8.891344957752538329e-04
1.032621764578378317e-03
9.067455001169830164e-04
6.861026081524311494e-04
7.675735509504337311e-04
1.004553514057787483e-03
1.483318816199632583e-03
9.048480580501911535e-04
6.347159531703129662e-04
8.941928945857360346e-04
1.176569522167199592e-03
7.785797672167671683e-04
7.784721805525773343e-04
8.114640133733015117e-04
7.903979369834150930e-04
1.508748538346919637e-03
1.045179180049001779e-03
9.693848489785204066e-04
1.684678547550326260e-03
7.119947881101070962e-04
1.341833629278038490e-03
8.154681457366711773e-04
7.537754562814560173e-04
9.407304920705743647e-04
6.482334560309974819e-04
7.999392947243973932e-04
1.217364368311789347e-03
1.030379091877046656e-03
6.855255890056682205e-04
7.453329542620347600e-04
1.164596418964248658e-03
1.114320284772749459e-03
6.353569925334687230e-04
9.469445157303389878e-04
7.417549190540111310e-04
7.787809470357700842e-04
9.686920556999264976e-04
1.162653658197743958e-03
1.203423946565174239e-03
1.252805487053227891e-03
