3.572571113830245726e-01
1.142315238686870543e-01
3.496243680877262339e-01
3.502861083793519792e-01
3.301117201441507443e-01
3.662434268555824768e-01
2.230547529813033114e-01
2.876841300291253511e-01
2.394186809348960998e-01
8.860199194875822970e-02
3.685651609411979002e-01
2.473329642020483943e-01
3.465495923982493398e-01
2.516042208655319135e-01
3.098272733759890318e-01
3.381405734604722157e-01
1.673113842258144857e-01
3.100392486150762017e-01
1.799985538310270028e-01
2.559010462747983716e-01
3.467652975096798817e-01
3.250406975005717403e-01
3.325567167450382833e-01
2.840995835269478631e-01
3.373646475383578203e-01
3.672440123411237489e-01
2.173568549693764562e-01
2.887348387239696001e-01
1.022270056718489889e-01
7.477886536333765155e-02
1.997962695143970235e-01
2.203002741127701170e-01
2.425705363289492322e-01
3.011191163902406376e-01
3.533656582091931342e-01
3.054405368942860743e-01
3.035542859901264601e-01
3.243964158884166671e-01
1.362056774285300420e-01
1.832535104977018603e-01
8.883707790498703016e-02
2.095772373101201791e-01
1.306754300622335330e-01
2.040758171649361130e-01
3.576008566307146141e-01
1.042528428781306915e-01
1.346135329721878382e-01
2.565747075693571300e-01
2.144527567378242683e-01
3.268936581773421723e-01
2.352462563229831549e-01
3.066749550652210776e-01
1.266334154327692918e-01
3.281745834534205430e-01
2.245388831634244631e-01
2.613684199497228744e-01
2.198192786747319993e-01
3.671032270550060872e-01
2.747564350832887303e-01
1.242441655749724067e-01
3.449768546354397003e-01
2.969550794467403776e-01
3.641200584023427389e-01
3.439854017640414652e-01
2.936892229414083122e-01
1.839237997027384774e-01
2.845595999799429565e-01
1.178639495654196651e-01
1.087441076194658879e-01
2.975481524318920878e-01
2.316597970133975615e-01
5.305583003787252977e-02
1.159641763579047635e-01
1.666901244581297514e-01
2.837853465564103561e-01
3.468177545123858896e-01
7.897528517957470851e-02
1.344014462662229958e-01
2.382974136782190777e-01
2.404702468409314065e-01
3.064039443842432875e-01
3.574633232548186657e-01
1.026890758911807033e-01
1.390212333911754472e-01
2.147469199433220954e-01
2.459580862653410194e-01
1.912411118162408996e-01
2.126291263767836615e-01
2.510387147081177273e-01
3.691045282510572179e-01
1.228810808428022761e-01
1.283971517036724963e-01
2.684192010302733356e-01
3.143189382408164700e-01
2.571919176785921191e-01
3.074511190318304776e-01
1.565651592741988118e-01
1.444975459165860621e-01
2.659002286206172405e-01
3.390402644459692971e-01
3.492156485075148531e-01
2.107508385864187150e-01
3.629306978520799309e-01
2.475381475547152044e-01
2.351675407485968872e-01
1.704953871653978048e-01
2.379154729149216274e-01
2.870669741463626190e-01
2.106206397530649144e-01
1.906286665473923003e-01
2.939683723263536441e-01
1.341385770779975062e-01
1.347908781603750772e-01
2.152284372897100839e-01
1.008151433234447947e-01
3.440201944064876227e-01
3.049869648054189253e-01
3.114955411892825765e-01
3.237045937538515772e-01
3.622477552037032256e-01
2.398903493908212947e-01
3.075780421860101477e-01
3.007653388578445663e-01
7.646209584075272514e-02
2.911834674932907152e-01
2.322377873324952824e-01
1.111964202011726244e-01
1.317287704606027732e-01
3.509774642522311416e-01
2.593659359460547820e-01
2.777892548815721341e-01
2.551525145688262053e-01
2.863566944481075738e-01
3.614543958798612233e-01
2.965258968396791150e-01
3.554058477714445718e-01
2.667715139619171172e-01
2.052136802014984940e-01
3.462980837986782134e-01
3.448872657235253492e-01
1.756631161993072732e-01
2.480325678745702311e-01
2.545882130988777470e-01
3.311052406959341665e-01
1.314148594345395382e-01
2.064706305802177511e-01
1.976502999251129600e-01
3.090106233760919752e-01
1.885572740105207201e-01
2.237993383594026053e-01
3.548240375287317616e-01
2.699121800867966825e-01
2.525097523499188479e-01
3.460313823888421791e-01
1.730129518272043032e-01
3.089786581333225368e-01
1.453159197333133701e-01
1.516219872147794578e-01
2.201195270120095138e-01
1.049942428499617830e-01
1.966036850101929301e-01
7.101785442062259757e-02
1.318746445187381489e-01
2.321251215757207387e-01
2.824869697989704220e-01
3.308225523538039226e-01
2.175485272686301652e-01
3.286937765486168117e-01
2.140696589321464949e-01
3.079123265679198362e-01
3.157190587596059861e-01
3.078580467477484706e-01
1.747694607843672809e-01
2.410396774049589352e-01
9.929087679686930679e-02
2.621262779014494892e-01
2.935608185055701425e-01
3.658945002912866173e-01
3.294568917716186873e-01
3.582002642715140239e-01
1.660764207151189942e-01
1.611320622702032412e-01
1.116846156289790226e-01
3.510081089888943962e-01
3.224596763107082098e-01
3.460511543013766178e-01
2.100434731139602940e-01
2.311068209122892070e-01
1.928686216356170213e-01
2.713078083834121745e-01
2.606405998482563269e-01
3.674449709324814628e-01
2.894727496535903777e-01
1.869646807965389956e-01
1.644256871819948507e-01
3.273194857959226267e-01
2.211166997872085760e-01
3.333685613193790864e-01
2.349151317110405313e-01
3.561022209276080153e-01
2.057344194990466668e-01
2.939444910295527236e-01
1.608569698558761918e-01
2.757547369279451654e-01
2.870714333725702394e-01
3.458655228996168618e-01
2.393016319314735796e-01
1.148438696077613425e-01
1.993187956926655291e-01
2.499274740672071671e-01
2.598888656184176194e-01
3.598622636224622640e-01
1.922549963286672992e-01
2.245783525478318721e-01
2.483716349267977852e-01
2.935159597398063203e-01
1.801991242084675093e-01
2.348395378456760441e-01
1.561497057314428227e-01
2.739637563750098592e-01
2.485186608569128486e-01
3.295608867431043532e-01
2.722664854542971580e-01
2.096333214276629442e-01
3.345673465683150494e-01
3.048401716197157163e-01
3.332240179503520583e-01
1.712826623656796277e-01
2.987084706070707377e-02
1.111230550706205356e-01
7.302020575873278962e-02
3.269918962228657855e-01
2.160171056552762092e-01
2.147496645684943140e-01
2.487544088554216881e-01
3.454519957715598832e-01
3.268223824020683455e-01
1.525879491930008103e-01
1.685533225370950960e-01
1.878583620668761445e-01
1.931235935826064176e-01
1.643767627854221813e-01
9.412117220375947058e-02
2.098809373901641129e-01
1.323849235588622220e-01
3.674825443437326755e-01
3.445289272130920843e-01
3.286771616344392188e-01
3.594250710842206153e-01
1.545352759219115191e-01
3.602616390101678334e-01
2.479918985103247153e-01
3.132858976325840206e-01
2.395581938441823378e-01
1.958860195702237517e-01
2.990441387043325516e-01
2.854038703389382703e-01
3.308782892096721051e-01
2.115553238371256362e-01
1.227508181480453375e-01
2.556986078893933034e-01
3.399997368922912377e-01
3.320596055265894186e-01
2.985469857964607732e-01
3.309127045515831145e-01
3.237118013422930485e-01
3.292440817509807438e-01
1.812016632477230216e-01
2.761619369295503779e-01
3.171307858076392039e-01
2.842346667371800639e-01
3.470527879290097317e-01
3.100866086775527219e-01
3.594332713539053481e-01
7.094436332235194709e-02
2.517888713567593140e-01
3.620159278766194033e-01
1.551018443835839589e-01
2.511237809377670493e-01
3.178884346164999597e-01
3.632649659133607711e-01
3.572786001036593606e-01
1.140728704142384003e-01
2.373961275545582728e-01
1.095272072758145671e-01
3.555912155117688656e-01
3.152249152704815760e-01
3.154855172239112715e-01
2.856198839436630554e-01
1.329916784066563773e-01
2.764295965711456304e-01
3.050829217792503933e-01
2.052119985872678520e-01
2.831720181179099294e-01
3.213661256699434920e-01
3.177790720734600671e-01
2.653157819858642519e-01
8.680023650018592329e-02
3.035630023813437051e-01
3.617504835955639986e-01
3.272743656532287049e-01
1.438845288497390962e-01
3.152499525572371453e-01
3.110670880806924998e-01
1.339136455007592374e-01
3.690819396935305918e-01
3.675988804504649599e-01
1.920541728984725138e-01
3.132956366687719707e-01
3.390644587955101708e-01
3.531855986017404803e-01
2.987492472868207294e-01
1.977506255170372873e-01
9.667005710162666909e-02
2.678637008993396962e-01
3.615593751335940964e-01
2.572266014717398130e-01
2.810169562449127967e-01
3.323844444844038515e-01
9.848411537647570879e-02
1.837055924180994726e-01
3.596916629885889005e-01
2.854788296908775669e-01
2.336463313183887169e-01
3.555279062318388861e-01
2.672988444682928288e-01
1.718064515674579962e-01
3.452068677043647060e-01
2.628939476811734677e-01
1.830530818780822244e-01
1.643847722671052114e-01
2.210969982963509051e-01
3.355215686026286059e-01
1.126754570790298032e-01
3.148027159642454720e-01
1.058910257073441968e-01
1.892383255722882296e-01
3.206837966083715408e-01
2.243374955153773498e-01
7.426827116347164970e-02
3.466619688086675088e-01
2.359469647164583739e-01
2.192048945960766437e-01
3.333640989946423105e-01
1.853971907121762241e-01
1.895920538853021475e-01
3.643328214357919315e-01
2.801307307101582045e-01
2.372530213673501032e-01
1.732892060568354264e-01
3.138062536316681972e-01
3.243844947748907304e-01
1.334542525317099215e-01
3.398465510921409583e-01
2.534096024656262158e-01
1.692447798597581654e-01
2.303270773695796914e-01
2.954947703561872085e-01
2.811025784510356312e-02
2.464405689066809790e-01
2.989798913655467016e-01
3.371094400675587743e-01
2.993807233225290187e-01
3.641014538944182810e-01
2.171865494363260651e-01
2.840259769040491822e-01
3.288333876826716184e-01
2.868904829462277650e-01
2.862914771340095421e-01
1.735005702595069088e-01
3.251827770341244594e-01
3.398200385374255950e-01
1.014224589516103670e-01
2.885220096982187843e-01
2.883719591222094203e-01
1.644607800327956282e-01
2.279245660785212402e-01
3.341483110802143663e-01
2.753166991744228076e-01
1.262825898523154688e-01
3.474605367167941106e-01
1.707376660075622388e-01
2.200731710373436956e-01
5.625546333857845555e-02
1.034133311829672219e-01
2.235535896148324597e-01
1.547235532695876992e-01
3.278027303850495344e-01
3.454015110162098057e-01
2.673317307682300803e-01
1.826161943470715199e-01
1.955716582113641300e-01
2.245393885289732328e-01
2.765702524962858067e-01
2.761821320339301611e-01
3.650111057811590842e-01
3.136888715310890419e-01
3.558121480121523295e-01
2.635926285070409603e-01
3.574904822640642688e-01
2.116644384660985867e-01
3.179552001124409388e-01
2.776711207699751327e-01
3.216999307754487836e-01
2.302582283094416482e-01
2.389433944390778608e-01
3.298845509177653068e-01
3.519825472922509801e-01
1.416271013771771559e-01
2.103098345888768372e-01
2.413679618058789389e-01
3.399293382354435789e-01
3.409455674621969523e-01
2.705904627245940275e-01
3.449878324483663938e-01
3.316242323015708426e-01
3.041912184778647332e-01
3.426010776648512612e-01
2.548131273700090516e-01
3.288536456646196648e-01
3.355744429600499568e-01
3.667815501333988037e-01
3.417403750618556169e-01
1.390367803458315843e-01
1.522822218978428788e-01
3.187352232236813632e-01
2.883018076873353208e-01
1.978899197381968622e-01
2.800886890535508877e-01
2.864539490277772105e-01
2.802726475201999801e-01
1.024743953896209703e-01
1.906913338638304978e-01
3.353291087979906049e-01
1.628652076443285190e-01
2.992203941502307729e-01
3.698522652026630664e-01
1.177717822992522673e-01
2.318039405674131026e-01
2.316370746481319354e-01
3.260542784791507498e-01
1.733110798320313395e-01
3.123106509384063201e-01
1.164955142366199958e-01
3.119751569402223756e-01
2.828866193523448813e-01
3.682367874788503026e-01
2.240348414745159666e-01
2.687377629880169927e-01
2.752620364556250809e-01
1.121333574271581868e-01
3.612866170190671133e-01
2.578331219937522456e-01
1.987888969128400185e-01
3.073655972004544767e-01
3.515029020086340439e-01
3.214827944619250699e-01
2.985746350523192927e-01
2.811807509643487468e-01
3.483932013877881761e-01
2.587764486240552997e-01
6.795201506889220200e-02
2.888940877997606682e-01
3.086465644617343296e-01
1.678481887112338033e-01
2.639766146408732972e-01
3.633851483011972805e-01
1.635246690246313361e-01
1.930766875719001907e-01
3.590420318845951586e-01
3.315166131856083220e-01
2.630424994144175965e-01
2.957049312641428784e-01
2.380392043733500773e-01
3.481256645735351096e-01
2.518105022762013867e-01
2.108264111018806342e-01
1.856302857349353130e-01
3.645559540062950354e-01
2.581533191946662753e-01
2.572182724925478614e-01
1.638369135005525168e-01
3.606019647927095062e-01
2.030812854487678287e-01
3.444453735348609880e-01
1.031266625068640863e-01
2.574501162227485485e-01
1.706322782558533091e-01
2.530404049626024388e-01
3.534330250744195379e-01
4.668961670938479719e-02
3.009086555963169651e-01
2.427002233041929136e-01
3.008413311095127218e-01
1.383113950883506360e-01
2.951193315673742434e-01
3.208141455963430810e-01
2.600230829677537270e-01
7.077454576441126466e-02
2.510031033923293409e-01
2.855881118784326933e-01
5.513978432242919170e-02
1.053385756329813516e-01
1.501087967533792922e-01
2.813002802339853448e-01
7.125968644881826297e-02
2.534984467509094341e-01
3.359697993557476670e-01
1.755725154155576007e-01
1.728149425250561366e-01
2.686296888424174467e-01
2.776073495760478238e-01
2.230590739860166538e-01
2.847560775415613477e-01
1.350730606194428252e-01
2.560980348735519274e-01
3.073479333587167406e-01
1.980349196928394839e-01
2.951735060420657142e-01
3.046608287289901407e-01
1.960782139566128179e-01
2.848011238409191570e-01
2.429539005515912176e-01
3.515238188432912025e-01
2.974723139135138639e-01
2.975490232592268858e-01
2.263050702186833463e-02
2.742229734260709928e-01
2.208755244924425765e-01
3.000311583676055771e-01
2.353806623661724440e-01
9.684685191434627693e-02
8.149246562005034444e-02
1.862451624157453189e-01
3.633627948463297730e-01
1.288595451717789997e-01
3.258846459468001111e-01
2.158997314347958218e-01
1.965384544300773084e-01
2.360929662110627103e-01
8.212194085417633127e-02
8.623203924915973095e-02
3.334106747323265507e-01
3.113662265736668600e-01
1.193830114801929104e-01
2.163461018348847575e-01
8.020824626804679003e-02
1.977682193351189277e-01
1.434798607997092856e-01
3.179441418854732082e-01
3.576059577720341331e-01
1.930854185239511689e-01
1.938119915480124023e-01
2.599362483161260506e-01
3.657373843752440568e-01
3.260273058423482917e-01
3.526924362279297287e-01
1.512170882380661774e-01
2.861632039399262806e-01
3.530801465687724572e-01
2.656123229658092777e-01
6.592240739871543798e-02
2.261953032743283520e-01
1.886110182744430985e-01
2.133568328093159161e-01
2.679008826000613408e-01
2.211358496086187897e-01
2.173095048955127062e-01
1.031463731520200211e-01
5.717448814891586129e-02
2.816277943047449384e-01
1.404897538429457637e-01
6.676901484460791292e-02
5.081373836124627313e-02
3.249163314160013472e-01
2.413450644296882830e-01
2.416456187692407331e-01
3.554804630281069300e-01
3.442900402401295468e-01
2.451017442442295635e-01
1.494265984998505159e-01
3.570287451325063754e-01
3.625717620395404461e-01
2.840847445381048386e-01
2.765137474631779169e-01
2.931177110981372791e-01
3.121027237948860167e-01
1.754514955735958781e-01
2.799126168634828438e-01
3.118563488839474762e-01
3.049720777896196555e-01
2.610331851798129432e-01
1.571192127225478907e-01
2.028440667174913337e-01
1.345469485723548020e-01
5.901874115285062061e-02
3.673857869196359704e-01
3.232973097672808271e-01
3.599643626469262725e-01
3.561736560932526885e-01
3.187052725261874664e-01
2.591542459131641052e-01
3.339467465467339524e-01
9.105808304428458788e-02
2.329938082957500600e-01
2.210567337588168479e-01
3.132117695247994549e-01
3.115387055203016620e-01
1.711015745444449399e-01
3.659637778591754431e-01
2.954126442035776012e-01
3.469563621884577675e-01
1.977610403752030621e-01
2.764198027587388418e-01
2.938892890201552643e-01
1.211716069118371347e-01
2.907079304213781162e-02
3.461194833162993811e-01
1.785121652980885543e-01
2.367498862349912137e-01
2.838805707146172530e-01
1.463111612523447791e-01
3.646757517032090945e-01
2.303450738628236016e-01
1.376897901022298698e-01
2.328477992433457544e-01
2.623392760730460793e-01
1.101325667456322793e-01
1.788057214911309145e-01
1.046391650179588906e-01
2.437994749135996841e-01
2.148716350642128903e-01
1.928289504072725757e-01
2.886970730932881812e-01
3.510767252798606131e-01
1.250964414358528565e-01
3.381073615248243458e-01
3.388517460085833100e-01
2.878185432720898329e-01
2.381398113006138184e-01
6.990018274923623376e-02
2.318658351453600774e-01
2.308700260410305738e-01
3.687388201738219240e-01
9.802156921657945166e-02
3.363851937735291009e-01
3.140576510463122251e-01
2.681769293505122387e-01
3.319981559960308859e-01
3.187929802021790548e-01
2.125802114736883019e-01
2.242418486639350117e-01
1.878854162533191985e-01
3.532305726654175193e-01
2.548478681638663979e-01
1.590381829406168346e-01
1.531446113709609147e-01
3.064216927059367213e-01
2.015155912524544124e-01
3.656389425576406227e-01
2.986679346653777212e-01
1.810998092301280837e-01
3.538704458669637565e-01
2.840496207392544381e-01
2.479663487317124715e-01
3.584386939720529686e-01
2.897786517402015649e-01
2.274468704177741996e-01
1.810121919853135142e-01
2.745041311403357276e-01
2.059909613731207012e-01
1.735612151197162001e-01
3.306930567436289214e-01
1.074321923209502067e-01
2.480053434670584644e-01
3.506872649957294974e-01
2.585834899066058457e-01
1.809579530931994529e-01
2.092409166422191380e-01
1.979829680622080534e-01
3.569661100562866451e-01
3.446469631005229517e-01
3.527726237696091616e-01
2.942803292669107784e-01
1.657937421788046040e-01
1.611315852548113048e-01
1.143674393409349344e-01
1.510813337704766390e-01
1.239281798603772133e-01
2.033959776615326120e-01
2.235991234073449463e-01
1.137572352174390650e-01
2.149847666567616944e-01
9.839991309165617428e-02
6.679697391264656503e-02
2.109503072341515628e-01
1.977890932174646565e-01
5.326723784130695666e-02
3.675318265221836911e-01
3.695039795130173887e-01
1.230251318347109629e-01
1.708193225937786053e-01
1.451912827549113882e-01
1.144534638398427145e-01
3.544152557811816595e-01
3.322818604475025750e-01
3.146242995414283428e-01
1.451653565348323405e-01
2.194978029828258681e-01
3.279026371829838471e-01
1.073456667938662012e-01
3.651590506406299785e-01
2.774395413050481651e-01
3.678901995690420645e-01
2.123792969432040378e-01
1.845199890921095376e-01
3.691814236970005769e-01
1.596121416213850397e-01
3.529699200247958246e-01
3.459164530441645735e-01
3.166176618120046804e-01
2.403121419663733216e-01
1.180769624697553949e-01
2.663696973244143451e-01
3.637198752137678071e-01
1.953584378528267496e-01
1.350257322624177359e-01
2.113374504503095219e-01
3.643772205217319926e-01
1.613019808608194550e-01
2.789134171417855801e-01
2.869058322682743190e-01
1.835006854141713051e-01
2.776323144246978236e-01
2.551246708954651443e-01
2.819868059511975167e-01
3.260042700491170287e-01
2.908892281612419084e-01
2.237982723885937331e-01
1.772679065997839754e-01
1.012625051291247275e-01
2.909022070720754805e-01
3.587066178331179134e-01
2.504656050431284808e-01
2.834609917104496390e-01
3.137960247827332738e-01
2.324722927769023728e-01
1.273163004570929402e-01
3.414344510527278498e-01
1.565548837253569470e-01
2.839177640445651463e-01
3.121437072919716060e-01
3.525287838291563114e-01
9.089286207252035565e-02
3.525642333919949967e-01
3.659941002152456435e-01
2.474626936641998731e-01
3.097505626405106516e-01
3.037488066692862754e-01
1.509807896401419436e-01
2.399786705231009842e-01
3.435367055757830856e-01
3.392575112004004856e-01
2.507651806771636904e-01
1.958407058749913054e-01
2.326766361901292934e-01
2.984889544184903820e-01
2.507208232384718904e-01
3.617344343330483047e-01
7.620936294218731699e-02
3.225879603822849329e-01
2.638187470319521832e-01
1.441890827887186977e-01
3.060015725967143996e-01
2.684886088204583299e-01
3.623692694030390404e-01
1.503846610828709074e-01
3.696599568756731014e-01
1.498597459137953614e-01
2.624665284805318133e-01
2.207664275581254221e-01
2.239757068724062827e-01
2.297055583334128015e-01
3.557372246935194271e-01
3.195901959905619871e-01
1.682613890806852197e-01
2.293047017510113639e-01
2.897016189609527004e-01
3.581954303119483374e-01
2.821464127925309429e-01
3.481797136066221432e-01
1.845988806312132136e-01
1.918413185168804103e-01
3.329295361551737886e-01
3.552056977659573400e-01
3.528683398273281813e-01
1.854416569497423506e-01
3.110885173469432607e-01
2.740836025977389512e-01
2.370456971374774180e-01
2.812186597189592074e-01
3.475335795372131442e-01
3.245310298709890295e-01
2.347090400311228342e-01
1.051584695515083018e-01
3.130589551034083096e-01
2.850120344414542872e-01
1.186498929161844129e-01
2.614831307177598596e-01
2.530022956964286251e-01
3.470660111640248013e-01
3.400861179677000523e-01
3.110312593230891154e-01
3.533839146909873996e-01
3.251718077271451568e-01
3.587859456109790401e-01
2.543293406297634784e-01
1.397561460333474892e-01
3.625040819765736888e-01
9.715684050500821012e-02
3.406556905802806678e-01
2.947598227564834361e-01
1.487050832867925221e-01
2.963261150681427702e-01
1.217306927411213047e-01
2.842660245264789776e-01
3.275407629361354878e-01
1.377532256531069088e-01
1.210747746687658166e-01
1.238517668537905542e-01
2.770608667732191721e-01
3.161716467372878703e-01
3.482486551977031497e-01
3.528656614636556110e-01
3.422728932923112533e-01
3.635391444207369815e-01
2.196682985963667734e-01
1.835644438043451121e-01
3.539229045069499091e-01
2.848799321645738014e-01
3.633473463776616397e-01
2.540780660008272185e-01
1.619761257892087247e-01
2.501682649332712671e-01
2.961086473021778409e-01
8.944906673986938173e-02
1.660762908154168327e-01
2.268468117590291544e-01
1.508009196953184750e-01
2.140001599448850267e-01
2.876813911724867001e-01
2.171295926544326294e-01
3.533860952579991888e-01
3.339168163572030501e-01
1.908024591146774973e-01
8.240749603074580543e-02
3.500565604085408844e-01
2.052997774763415106e-01
1.492387852628513367e-01
1.083076203433405715e-01
2.773230937525368311e-01
3.029631202087265107e-01
3.517725608636447787e-01
3.293862280545855614e-01
3.420214286555166572e-01
2.531773691259651127e-01
2.014074610307926561e-01
3.304828470039427590e-01
3.327666039423174404e-01
3.553928422062893056e-01
2.993180251105099776e-01
2.600696205723969090e-01
2.951025059512872306e-01
3.428214458464834413e-01
7.391865913323020232e-02
3.048659591760911614e-01
3.198351613292201301e-01
3.606286306627162763e-01
2.246263401809819316e-01
2.045070180366600487e-01
1.616302825606167060e-01
3.607641858066973906e-01
2.442872956478267521e-01
2.504940054361836643e-01
3.308724081668920625e-01
2.521753089355698862e-01
1.358078092222098077e-01
2.023402698222112051e-01
1.532061227139742410e-01
3.440532262312528955e-01
3.305160705091048645e-01
1.597077559160687554e-01
3.394778003872389038e-01
3.344825377825322299e-01
1.256139177699980292e-01
2.228293388650247342e-01
3.020180109646696254e-01
2.041724923646637824e-01
3.618096860605052867e-01
1.858499272930795310e-01
3.347239613059186936e-01
3.134213776191252521e-01
3.420563929489512378e-01
2.744733777425574228e-01
2.590303230733837503e-01
2.618206948672701095e-01
3.628630313959497200e-01
1.541190525981714632e-01
4.242476272308445123e-02
1.422200446839251287e-01
3.133953257303248030e-01
3.255587117770405436e-01
2.310140168157690799e-01
3.183825706107405451e-01
3.113766053339709350e-01
3.488858380672471005e-01
1.044686235364866017e-01
3.416082880761994733e-01
2.567866760916136526e-01
2.349181939409491215e-01
3.014765941685153550e-01
3.358924993040475759e-01
3.176673251281365018e-01
9.299412937513169830e-02
3.277668955579525201e-01
3.105373378940807783e-01
3.640343114569961624e-01
3.011932866138022913e-01
3.524941494796579589e-01
2.755615344474344197e-01
2.754055220154389971e-01
3.125904463740390438e-01
3.188753385512404503e-01
2.769782153141710501e-01
2.722896405602445724e-01
2.217770540892427533e-01
3.504232945178452630e-01
3.445512944586510695e-01
2.676376718091313944e-01
3.375311425885401118e-01
3.334344119726478373e-01
7.200933746118380607e-02
2.483378396631809037e-01
3.507649504448377975e-01
3.194088049196770474e-01
3.300095070145041554e-01
3.423374565746516995e-01
3.044860470477913639e-01
7.336291306964104475e-02
1.774659336554297862e-01
2.763423443300316862e-01
2.686079499071963306e-01
3.350543015226135068e-01
2.793626395453351896e-01
3.643290018423750998e-01
3.098016967764440910e-01
3.372394739983010092e-01
2.599123876584634729e-01
3.579601160700038864e-01
6.866786158858088907e-02
2.736436447383225889e-01
1.506295512539942150e-01
2.362008236645294357e-01
1.699753757167924428e-01
3.207124966501698760e-01
3.569889603701492664e-01
3.069330415734027317e-01
1.620655724857641145e-01
3.085161324118786963e-01
1.017155571678216019e-01
3.598805244850944440e-01
2.413345820786600426e-01
3.104818665766516106e-01
2.170157881061040850e-01
2.417535942883249356e-01
1.957402379729926700e-01
2.689683589212711889e-01
1.540342514599896406e-01
3.548833328751667127e-01
2.176394446649102254e-01
3.065957008020547825e-01
2.357348461312458732e-01
3.605521488951396458e-01
3.618260854804589699e-01
7.972267658923069822e-02
3.481442939889419774e-01
2.816852238373647177e-01
2.165817742524623335e-01
2.666917970179512598e-01
1.876744144563932681e-01
2.796709252914600929e-01
1.938639596192684722e-01
2.866278896163527712e-01
2.735697379959156628e-01
3.684210753872159128e-01
3.078237735869089886e-01
1.286376844182868240e-01
2.027902100756412695e-01
3.641373498133517739e-01
2.330306903958369869e-01
