6.126875358472835343e-04
5.963333895066926307e-04
6.340259470728461201e-04
5.675808422311695014e-04
9.651224694518286545e-04
6.183593634803019210e-04
7.156411963810494848e-04
1.074034920810828598e-03
6.766765435442387766e-04
5.597282876330073693e-04
6.916673746014881516e-04
1.077532729459151689e-03
1.132562818582244675e-03
1.130254919940535665e-03
1.126859872025561156e-03
1.067039142772006335e-03
6.716770051955455725e-04
1.021890370626921422e-03
1.134554520575569488e-03
9.468497029275931270e-04
5.972175627945555719e-04
1.217128358240311377e-03
6.885099369370071632e-04
1.209211933094753123e-03
6.222419138708024317e-04
9.307025856676022458e-04
1.225939859938693496e-03
1.000319754077428269e-03
7.061592217293681962e-04
8.362596200360481163e-04
6.246066802463696391e-04
7.013757473082584196e-04
9.621186321478430569e-04
8.876814953668256576e-04
1.603431804185546277e-03
1.045881489134979289e-03
6.472872957849086896e-04
9.356890415313528662e-04
8.786501570976921940e-04
7.939704112808235962e-04
1.157418459692921000e-03
1.520989759811697001e-03
8.944593808691298636e-04
6.546306088623880370e-04
6.065413277016338872e-04
5.794152801652997136e-04
8.442378128817359505e-04
1.032089906515022693e-03
7.167540699975184174e-04
7.733087983416824787e-04
5.380883388862811676e-04
8.028821316946543017e-04
1.068394049582431114e-03
7.562344001262786240e-04
1.442285202719855407e-03
1.304077163211652800e-03
5.336987597388184994e-04
5.541738682484848629e-04
8.237550752872616847e-04
7.923507163085379175e-04
6.024274105768159240e-04
7.380181165640509536e-04
7.015329416899987024e-04
1.020194681998670303e-03
1.308880958286068883e-03
1.387635745058291882e-03
8.615859892857985697e-04
6.307192432363661243e-04
1.448928114640909114e-03
5.792256712869548949e-04
9.196222411685905625e-04
6.768320412008315247e-04
5.938311159946249975e-04
6.369731222719955763e-04
5.954588565268231987e-04
1.126698483248430617e-03
1.623767601693599811e-03
2.038174078050042793e-03
5.795580346817515941e-04
6.976814530322847721e-04
1.126980812345931924e-03
8.351154321756076816e-04
9.792671294148211185e-04
8.790753825088748301e-04
9.383545654479165388e-04
1.028520839998333693e-03
7.505795447180509637e-04
9.198142093857454224e-04
6.661524232968430402e-04
1.386784063369798405e-03
7.375334157169211339e-04
7.119784130926891169e-04
6.589853051291693882e-04
7.964569651819256675e-04
9.553413114113056643e-04
1.178449920139480050e-03
7.278889447086747807e-04
1.047645704372477055e-03
9.527744664117232445e-04
9.087634397085332964e-04
9.755958792403323417e-04
7.239757037395803561e-04
6.078184024481973671e-04
1.516428192919945864e-03
3.667082048739113767e-03
1.178862111928126195e-03
1.015738702595875764e-03
1.050590940683893961e-03
6.340578579917553791e-04
1.466183173782936418e-03
6.789782567592712913e-04
1.298735337833518185e-03
1.445656357088909898e-03
6.460009645937093590e-04
6.083143545021765190e-04
8.094464796778520332e-04
1.247215562522885563e-03
8.391008645138171547e-04
1.029672378937390503e-03
7.598208035968462108e-04
1.503936545857441701e-03
1.260981735592703497e-03
8.405749388047222947e-04
8.047358151320106083e-04
5.324084954352228515e-04
1.228414602879614008e-03
6.986065847849835114e-04
7.276553998741145182e-04
6.209943934877981556e-04
6.347410369205274804e-04
9.838323366119952444e-04
1.795141003032135838e-03
1.196675827530400233e-03
8.343249960440831531e-04
5.511690885988209960e-04
1.368407361603167635e-03
7.196773631023565057e-04
7.525674904291950774e-04
8.904089915702557848e-04
1.268629759681030172e-03
5.893589718629352932e-04
5.911487452234852422e-04
8.073475309061763690e-04
6.314555808965318902e-04
8.151495021608769383e-04
9.819196542783742519e-04
5.386752073638126056e-04
1.479915869965323571e-03
8.924089886448488464e-04
1.911069924071781166e-03
7.003641912345271066e-04
1.015053364267573055e-03
5.522254594066527402e-04
7.836932369744431266e-04
8.392795864829509208e-04
1.239612749036342679e-03
6.460259701421432101e-04
1.412100200276113736e-03
9.819475423561744524e-04
9.233955600061283069e-04
1.333529572813199615e-03
1.317448651660851943e-03
7.089405149863030851e-04
8.950603644838709674e-04
1.133139608044043739e-03
8.251949681814050707e-04
9.014323788626857695e-04
5.987028351695118916e-04
1.016887021582035594e-03
1.033532320832099369e-03
1.110303789773506560e-03
8.486372061145080158e-04
1.053760097354014763e-03
8.263537326355809400e-04
1.643661929840871437e-03
7.870167187177853473e-04
6.034108256787682747e-04
1.265661346189968358e-03
8.100326831828260927e-04
9.220053019252962261e-04
6.813781303287499156e-04
9.249282648098077538e-04
1.318029944048446046e-03
6.691103899034960955e-04
1.177138816550246572e-03
1.252189181117187560e-03
5.580664492026011884e-04
1.025921985932089827e-03
6.194678960619635173e-04
1.166433114597310514e-03
7.088612090623572443e-04
7.954865611539131383e-04
1.087368759542385165e-03
5.493433775918579428e-04
1.161622899477503289e-03
6.321201205759892014e-04
7.680904637990769706e-04
1.018026158660044521e-03
8.706215634019684414e-04
2.437950297677273816e-03
6.651204585965024086e-04
9.833192569090169234e-04
9.108300380005379974e-04
6.781777333538247920e-04
8.175272405558563433e-04
1.628351051730343420e-03
1.445081789666729545e-03
1.208730500628511610e-03
9.060261583039942506e-04
5.892997083224651858e-04
7.984705385188202659e-04
1.112573645658857923e-03
1.059804048635257841e-03
6.023444962154996711e-04
1.157072619153097373e-03
8.536497961072483194e-04
2.226510051729873978e-03
6.546370181377512976e-04
1.023469195601389194e-03
6.244609443849552955e-04
8.157883845678180366e-04
7.912061461509122548e-04
5.973518221675317352e-04
8.283498467228239421e-04
1.601912649861844933e-03
7.160160721380873705e-04
9.870246637770402516e-04
1.623097659987614034e-03
5.474923302541618089e-04
6.652908147820285438e-04
2.360372846885638778e-03
1.137290910126169093e-03
8.822338384418892216e-04
7.652136740261539487e-04
9.161770680355606992e-04
1.026464028367920361e-03
6.542488044220333941e-04
8.802577771912680057e-04
1.872392290004474494e-03
1.055074863696965322e-03
1.768009659234718537e-03
6.212318206624396722e-04
1.367779454524696266e-03
1.060299312407428926e-03
6.948317071854885835e-04
9.716536418134294993e-04
7.110829758388538752e-04
1.499808011435333627e-03
1.130755900466949267e-03
1.164897251776144445e-03
7.178379796225080366e-04
1.037157020519951980e-03
2.648395989383100189e-03
8.774357133563434824e-04
5.958656130469585765e-04
1.647416936935003828e-03
7.521024363159849050e-04
9.844382257161536903e-04
8.607354952829655240e-04
1.610500813048930217e-03
8.470703663986625014e-04
9.533256096536664014e-04
6.022746713618756798e-04
2.221168131868087557e-03
6.054784504406200306e-04
9.275534324878358149e-04
1.176034410897274169e-03
7.316780034608823344e-04
1.108345259978757219e-03
6.843875907097043011e-04
7.884392472648479649e-04
7.383233815824714972e-04
1.032182322038768243e-03
6.142002944526112410e-04
5.879832006203397155e-04
1.246265058750163027e-03
6.867645229459918210e-04
1.366261747635580306e-03
1.885824635263119806e-03
1.321395701233760026e-03
5.698830906435339979e-04
1.806325906664979324e-03
1.851854263019274546e-03
9.452081275941040181e-04
9.214682598981083998e-04
7.001127130512066433e-04
9.755130635674738853e-04
1.088011120733604160e-03
9.758871452636642052e-04
5.760281328029549612e-04
1.009068825291294406e-03
2.223990815054910624e-03
9.673622736145178012e-04
1.449372676971166828e-03
9.281984377679237778e-04
1.708295030760462836e-03
8.917559868071905840e-04
1.220005789365542683e-03
7.736635961407131376e-04
5.925109640684883203e-04
8.750223423802907163e-04
1.159302954495867186e-03
6.484100838296291995e-04
8.508055460085162287e-04
7.279857546223937647e-04
9.337351268435264496e-04
1.057738792817304553e-03
9.607905972976801693e-04
6.282560403791947762e-04
9.369191947413587056e-04
1.229622222252450478e-03
6.330744765331167492e-04
8.420455893186192193e-04
1.059280744975305737e-03
1.220580692767421743e-03
1.050388275516802488e-03
1.033659773846118402e-03
9.499751981787865705e-04
6.671920327617522324e-04
9.953553573191777862e-04
7.258301371141310382e-04
6.167157940244972960e-04
6.887753787405881314e-04
8.251097193628359862e-04
6.426891623004557345e-04
1.470007321578342034e-03
7.456950460359250670e-04
1.272113932119804365e-03
9.606535648067571426e-04
6.882987371384505964e-04
5.560312752630161733e-04
7.031034320397503909e-04
7.902586165536958562e-04
7.174382497083279468e-04
5.450305544789066413e-04
9.680706993936586758e-04
1.098238301258413693e-03
1.185595345509902598e-03
6.904357939043775537e-04
8.367872020730581254e-04
5.751769778766978531e-04
6.346710455962294379e-04
1.295200935979081607e-03
8.536031511437097230e-04
9.607848660987565242e-04
1.002442979422890536e-03
1.169757140169631763e-03
6.788579988149346734e-04
8.202331183596193792e-04
9.103689616111993550e-04
8.130849810131761260e-04
9.606640918923037330e-04
1.091896813685207940e-03
1.146826293023309705e-03
1.095873529567220400e-03
1.028701847553548316e-03
5.902384971529780556e-04
8.541750306319183207e-04
1.039661347265728860e-03
7.406558456599206730e-04
8.390401971091613394e-04
6.954155722579840639e-04
5.833005761791525958e-04
6.080926723087917186e-04
7.938754573727336379e-04
8.238980308450713887e-04
6.698995316851166738e-04
1.118050758597439196e-03
6.715577678290329203e-04
7.321775247774371968e-04
6.479337436131967940e-04
8.610792547032241695e-04
1.609559252356422424e-03
9.000244260099845867e-04
1.135197758123753994e-03
6.466829006849767825e-04
8.950945475815339685e-04
9.408157366419640181e-04
1.533042205282755723e-03
6.867124931586147691e-04
5.827559312341249820e-04
8.265843945403410437e-04
6.859923170057089696e-04
9.185987067738434061e-04
8.300473918790832097e-04
7.401333864129402973e-04
1.176676368273521251e-03
9.306418329756330860e-04
7.749933114379372592e-04
1.846855327147241483e-03
6.071136708452120083e-04
1.099619867506891873e-03
1.114856966152450368e-03
1.437294083262199420e-03
7.351544594099996416e-04
6.717626544210481779e-04
6.884443148174012846e-04
1.316946775463548238e-03
1.098685967954371673e-03
1.470694229869853875e-03
1.607783520126801653e-03
8.610992967023713748e-04
8.306218020138704918e-04
6.296734443317256831e-04
5.715383879394800347e-04
7.871850106024300998e-04
6.612601200359729094e-04
1.946999698456761433e-03
6.203780207138130318e-04
1.440352961345853829e-03
1.114064029940358466e-03
6.544591984276267906e-04
6.299362928284199265e-04
6.207532956498315862e-04
1.373795774401221671e-03
6.949338061426081885e-04
1.373259305053932790e-03
1.081051773610348281e-03
5.491864666452178113e-04
6.049529109028139702e-04
7.172265818991622717e-04
7.821529301019867911e-04
1.677330432871323301e-03
7.888704283490525181e-04
1.578480985161152903e-03
1.212945082203139039e-03
6.035879669666243319e-04
6.633662064637256507e-04
1.043374367743139016e-03
7.902017611504258150e-04
8.692852794550923363e-04
9.818135566515649032e-04
9.871128978410320491e-04
9.868539521544329816e-04
1.516180098190191656e-03
1.887778741354657246e-03
1.481536817566485092e-03
1.525239409280557861e-03
6.504336580011010460e-04
7.288873127167958205e-04
1.230348306911488226e-03
1.699319067609255567e-03
7.881737091566659841e-04
1.055036264472588659e-03
1.416361375001263861e-03
7.193011213966222367e-04
1.609218083129250378e-03
1.302328236424823028e-03
8.429885602721403411e-04
6.723553155609229013e-04
7.175386601738597929e-04
8.256798805216222564e-04
9.158418938513364013e-04
8.106248534189613910e-04
1.044700625152883639e-03
1.260878428769681000e-03
1.232082115125040156e-03
6.690112600033144060e-04
8.901955347649644990e-04
6.410591021415511064e-04
1.051158911202893691e-03
1.254132698066619299e-03
1.111270602105474343e-03
1.481219424236919664e-03
1.580984984932318985e-03
1.096849508824583163e-03
1.338822247454760821e-03
6.592842736990474741e-04
9.556233306623854477e-04
7.526925691896117938e-04
5.666464312915964804e-04
6.957267500298419715e-04
9.222390859396192896e-04
7.478528447235641228e-04
6.451705266754415719e-04
1.110775463649777469e-03
8.700126812395083580e-04
1.280863615556968385e-03
6.962233952256520562e-04
9.778393815033626334e-04
5.892368479595962378e-04
1.104320124204384839e-03
1.082287994379492295e-03
1.074139048693828697e-03
5.624949237660090791e-04
1.451670012509817358e-03
7.447957461891535711e-04
9.653751051934727264e-04
6.135252321825424709e-04
1.065214160109206800e-03
7.551568217227553692e-04
1.197321382573874379e-03
7.711521694733593831e-04
1.160744239879046109e-03
1.045412664538476668e-03
1.455579544350942174e-03
5.732512646291767437e-04
6.797701413733122592e-04
5.652435926296252734e-04
6.709861871194563662e-04
1.325752754669030312e-03
1.005764479693366980e-03
1.666623814511607356e-03
5.807781647315558718e-04
8.712800125772761275e-04
1.423253534454325606e-03
8.446204236038128621e-04
8.612996705292117394e-04
6.115709563475807452e-04
6.789096034478799913e-04
7.834147802303818939e-04
1.368391822311547682e-03
7.054098120158240962e-04
1.928339957267811511e-03
9.038064217943165418e-04
1.579028548069892970e-03
5.481911045680841824e-04
8.104599162303872690e-04
1.084151686217874402e-03
1.958234996992135220e-03
8.939876352846741004e-04
9.760190192858238679e-04
8.548428783277867756e-04
6.444381096871036911e-04
1.213872714772682836e-03
7.574446483019753838e-04
1.065351580725775165e-03
1.022139363092297581e-03
1.999674638786382193e-03
9.963737715359788187e-04
5.566760744977065955e-04
6.836369464361549773e-04
7.024975274839523028e-04
5.454874089468749430e-04
9.035597257116006900e-04
1.356081715556530778e-03
7.725812782719288776e-04
1.509419423177525916e-03
1.308009006226541152e-03
1.295943703892847359e-03
7.552155694889016186e-04
8.730499893946971207e-04
8.888230113923043744e-04
8.387583949181781238e-04
1.146254815594531778e-03
7.557069448207070009e-04
1.048745898424420595e-03
2.333953544947767623e-03
1.544105674004050098e-03
8.941628062363133830e-04
1.140205446660304484e-03
6.276316785567739431e-04
9.734974475562357043e-04
8.348766900249830281e-04
1.046472924606339089e-03
6.074712582165054135e-04
6.003862130057241236e-04
1.117671968773837829e-03
7.352675688000355611e-04
9.395926893940101388e-04
8.178115147666209245e-04
5.818221750961263599e-04
1.197775956698242210e-03
2.500874472404878823e-03
1.089077138346752818e-03
7.016408451325021863e-04
6.156678652349382476e-04
5.606570460960766042e-04
9.403406178268679120e-04
1.175231708747306609e-03
6.509977031151602256e-04
8.597542302871654307e-04
2.880394759062556397e-03
1.417743977471544849e-03
6.330147205486629392e-04
1.150762625057266415e-03
6.009264045830715797e-04
6.818032205981293132e-04
1.435438314032534387e-03
1.206324795334408730e-03
1.081987323290373388e-03
8.328633754540712463e-04
1.152678460132188290e-03
8.248443924326182269e-04
6.867873591014913908e-04
1.683004966434263443e-03
6.837446286886678755e-04
6.158702921972993667e-04
5.850785302814312311e-04
1.949210633192818539e-03
1.731365871180929163e-03
6.165154485833823422e-04
7.334130159401511424e-04
7.278797291961964415e-04
7.040373016909552261e-04
1.036333728321573583e-03
1.012426688341076927e-03
7.551232618434951423e-04
5.910305364006903425e-04
1.244173422778535164e-03
9.565012431599069324e-04
6.078131172266550489e-04
5.898283680416261786e-04
5.906012296669558691e-04
6.195416746361159972e-04
1.111818007075263213e-03
7.408108124125868058e-04
1.276072922219477273e-03
7.778941200470267927e-04
5.905489322165008090e-04
9.630448436430435848e-04
1.003376186026240686e-03
6.706407759548101881e-04
6.793173978210991166e-04
5.801874632353339013e-04
1.444636742433149474e-03
6.788851151512227070e-04
1.130397818884973501e-03
9.934192968275535815e-04
8.497153795130958816e-04
1.777050159675878710e-03
8.472903993185062132e-04
7.893038520371129440e-04
9.804838083022594190e-04
9.014763718275937933e-04
1.078843120132590410e-03
7.623946936278779051e-04
7.103913465649962060e-04
1.167928057735260301e-03
7.902387010607439272e-04
9.473592611238109903e-04
5.522420011864967448e-04
9.858892759583243268e-04
5.676883061343652569e-04
8.607679134109114897e-04
9.076751786237602457e-04
1.370746211156281206e-03
1.162073915136513022e-03
1.215181580332927403e-03
1.115207364026466093e-03
1.922577699826492079e-03
1.356290716561413300e-03
1.175666388675617640e-03
8.042307712560532338e-04
6.684090657768277949e-04
5.861727770502070953e-04
7.384014615048921024e-04
6.380512788064390296e-04
9.770193584149326933e-04
7.227487914584232670e-04
7.289562132400507306e-04
6.103100526162530187e-04
6.636614303459512174e-04
8.785173918823184708e-04
1.387434049393202742e-03
7.979242438715012124e-04
8.649579309979568611e-04
9.145087771345911283e-04
5.998221622272497180e-04
8.246055301834458217e-04
2.791404012741617157e-03
9.538018000569913578e-04
6.195181835992035488e-04
7.646008848743853989e-04
8.814663681086191277e-04
9.329893605388619570e-04
8.075361846926485190e-04
1.440188876920535117e-03
7.267665797547773893e-04
1.118080050885262178e-03
7.794071218447463966e-04
1.216405855294294637e-03
7.806468469304676718e-04
1.373013190498249955e-03
1.250419675568725320e-03
5.715313444810834510e-03
1.263141013566672268e-03
1.409455792280932046e-03
1.021298566891904206e-03
8.355527739361362461e-04
1.074056742887333346e-03
5.903295449980990647e-04
1.028904086422491966e-03
6.123029211762494360e-04
9.979450720803055650e-04
1.543520933092984004e-03
4.954401953587939285e-03
1.557196361593217882e-03
2.202981964926146053e-03
8.516874694803352021e-04
1.343313404302319330e-03
2.758009531607100422e-03
6.391235323714251687e-04
1.268310517759734966e-03
8.147360845102108277e-04
1.002606426245303446e-03
6.070328340065897802e-04
5.961928652630819414e-04
1.418357040708711440e-03
1.640662488519536001e-03
8.647264397750483150e-04
5.979114328030651036e-04
6.210685369813573938e-04
1.822206209607138980e-03
6.892822891113255289e-04
1.026311521610088475e-03
8.503273270158721777e-04
1.092609784686239191e-03
5.615442792304493934e-04
1.269124038871104199e-03
1.205249200893048975e-03
8.197229417978701017e-04
7.643139461293092015e-04
1.033399042274983594e-03
7.170666712865487362e-04
8.177507105119501737e-04
5.709846652794035816e-04
1.429582732780458046e-03
7.479687154909359266e-04
9.999608673891197726e-04
1.312152532407457554e-03
6.507641186335303730e-04
6.927658339046427385e-04
7.500689804451792560e-04
5.343107657140538751e-04
6.038746352916983832e-04
1.073606436743325052e-03
6.642152967185465523e-04
9.824739686123500331e-04
1.040780779056744727e-03
6.157676934686002806e-04
2.428231391706716421e-03
5.431518108835573129e-04
5.828740430261369508e-04
6.592813123570624755e-04
1.094430575203574627e-03
1.777999382509953992e-03
1.825696372966689567e-03
6.443320846730907605e-04
1.134535368265722271e-03
1.444804312451520873e-03
1.411093732788459886e-03
7.573515570966732292e-04
9.646161146178993274e-04
1.236249961654760842e-03
9.047425040843873421e-04
1.038731085150559333e-03
7.125724954394920246e-04
1.662501744514256058e-03
1.290414754942613776e-03
7.280754162359672540e-04
7.818832602288549932e-04
1.926170288371134532e-03
1.270924095981526428e-03
1.128914155837347760e-03
1.065252014682804057e-03
6.479699570324105439e-04
6.781431825497031933e-04
9.777594765990598336e-04
6.230055914913138707e-04
1.009515880068333421e-03
1.518875899282740548e-03
6.402052829844130568e-04
7.159240716327132685e-04
1.082370419176610990e-03
1.319533229179103767e-03
7.245272713759750606e-04
1.185673887987920977e-03
6.434603027123771872e-04
1.094825833428043601e-03
1.004194772038819947e-03
1.098457493947091511e-03
7.566071494528178124e-04
6.862176099321974469e-04
8.814956452556809612e-04
1.194679391735491841e-03
1.159076380294209738e-03
5.908482621627969425e-04
9.490220635115422659e-04
7.119533310727494888e-04
1.726661815346211765e-03
6.710469439904213256e-04
6.629158272534373337e-04
7.419072682371110001e-04
1.091574570911537766e-03
7.193626849285007178e-04
1.521530030149915872e-03
9.545547340295939794e-04
1.280937112137284489e-03
6.723262755480008662e-04
6.615901981596181494e-04
8.037292714650027007e-04
1.049690808897037284e-03
7.869039364180680169e-04
5.612079175375921103e-04
7.751481745362439908e-04
6.987304468637437621e-04
6.974837464438492663e-04
7.539736870151945297e-04
1.261143589073492185e-03
9.646305794251683937e-04
6.673298955137447900e-04
5.931837039203769054e-04
7.622562734896323093e-04
1.493829569032619322e-03
1.487980520948817796e-03
1.122784324498826399e-03
1.212936728531966921e-03
1.151390958688758986e-03
8.379183556248047740e-04
8.407299699082355611e-04
1.228369550706585357e-03
1.073953600651398298e-03
6.789954894971209510e-04
7.098828811025416265e-04
1.280800526854246335e-03
1.133733391033554761e-03
1.170343652584176705e-03
5.435424818647350111e-04
1.150946014423519367e-03
1.025427439424367098e-03
1.178250286157378653e-03
1.237643285360902085e-03
8.796874609259110276e-04
8.101854812098115231e-04
6.495556585948720086e-04
5.473919244856046513e-04
9.687291216000562923e-04
1.026342512691020897e-03
1.164074799104966411e-03
1.249470535190876997e-03
1.775650000539503483e-03
5.671550779530115183e-04
1.234725967562317478e-03
7.491939126439741683e-04
6.597083963511647317e-04
9.928348788520967305e-04
1.234700512085377825e-03
1.160496717776061905e-03
5.282138155847799750e-04
1.348718019494169135e-03
7.740448903157309607e-04
2.017362104324929746e-03
7.900649773179466671e-04
7.800438545684897692e-04
6.007330469155154140e-04
1.295346783512026263e-03
2.537184638662942898e-03
7.378738236970877520e-04
2.248107185487818304e-03
9.431638118287375989e-04
1.520171650065419528e-03
1.087422066115075218e-03
7.436441942552195596e-04
1.315941296845208946e-03
6.857307154754449042e-04
5.857032393389407284e-04
1.674277886961274232e-03
9.988160618259528042e-04
8.363459817638403118e-04
8.730850058097687971e-04
1.592355099416948791e-03
9.330743741017359085e-04
8.130394813398118597e-04
6.643651723671920115e-04
9.452184757719888112e-04
6.301543000287476801e-04
5.503095133473927172e-04
9.284869496042573835e-04
1.209526006158030296e-03
6.135961852293194026e-04
7.377309194224157237e-04
1.060967320850914964e-03
7.828230717898379456e-04
8.709423536885685423e-04
6.833955479382546093e-04
1.164961848640567923e-03
6.420967966788820305e-04
5.528004015462608615e-04
6.722035426341196190e-04
7.390810947788979939e-04
2.440771227101639577e-03
1.545010220496698681e-03
1.354369310875919424e-03
1.764917997689517118e-03
8.318719821831974896e-04
1.393337630732914816e-03
5.572432823021022854e-04
1.004728760116442967e-03
5.470408387130739746e-04
9.235069698042734990e-04
7.961479245152675976e-04
9.532269880412893529e-04
1.359423689441996777e-03
1.528457605086943000e-03
9.578234446388975403e-04
1.565044406757234909e-03
1.038389261543658714e-03
6.579339128527371709e-04
1.220712023455758919e-03
1.903108259336819307e-03
8.746047149155067486e-04
9.340305206104778778e-04
6.962958160038572450e-04
9.159794884212905334e-04
5.705597342545696855e-04
9.910833914466208022e-04
7.019286578918673865e-04
6.945815046826020207e-04
1.050503082819324906e-03
7.280516315207100769e-03
8.427422590291729510e-04
9.756569406560336270e-04
1.059844309373137675e-03
7.605517070097779150e-04
6.503921717007003864e-04
1.255227415861789918e-03
8.225414689259890602e-04
1.339631919670635201e-03
1.207816157503372118e-03
1.067634348002584246e-03
9.178563521549416978e-04
1.070519751866841601e-03
1.646925016581368912e-03
9.665096661817999899e-04
6.948508946027248017e-04
7.839329332514993970e-04
1.093065880938239292e-03
8.670488318410423745e-04
1.730763660878221468e-03
8.948411460487717701e-04
7.139090392724153824e-04
1.165414542407937825e-03
9.423423560284247165e-04
5.764192464128088840e-04
6.833101580866385218e-04
1.162193396832291370e-03
1.096850530446969677e-03
1.630105349490985596e-03
1.096792017964134383e-03
7.893163040672855407e-04
1.038329776407999469e-03
8.445050373730828789e-04
9.159178511320251355e-04
9.305647617908252350e-04
5.647195695359988592e-04
1.185951430512233694e-03
7.081603960598139560e-04
1.130207267572650061e-03
6.991062477770557202e-04
6.529830136190996554e-04
9.865944389537402524e-04
7.947387741183287039e-04
6.083547489668185470e-04
1.106898304886433848e-03
1.015351700116860160e-03
8.404265000324964404e-04
6.670060521737687133e-04
1.099746574978939864e-03
2.091114159501778359e-03
8.831863561514564139e-04
6.946653503124883451e-04
9.284093242159890654e-04
6.950950458019231927e-04
5.977384255440934546e-04
1.662359217842643202e-03
6.866181254035000348e-04
6.488298948830920716e-04
7.828965558519655234e-04
1.028341366630311287e-03
7.272732189946965776e-04
1.892317080346387010e-03
1.531847663490627917e-03
1.028878340967003110e-03
9.000193134380170268e-04
1.349496181473737455e-03
5.441758630395064373e-04
7.210193809571655964e-04
9.563294670326726379e-04
2.470293622960340139e-03
1.757424992637515206e-03
1.169532994831446859e-03
7.923712586199783449e-04
8.062225589421806188e-04
5.883975018754181207e-04
2.355901196866082552e-03
7.455532692434597031e-04
6.369572687025928980e-04
9.917034960988235087e-04
8.826481525348798922e-04
5.529361124923773581e-04
1.107833440588605655e-03
8.491114389756233708e-04
1.131498311723467881e-03
8.191755157641732350e-04
9.493612874096065508e-04
1.300805318381575808e-03
1.584462750886335989e-03
1.300040466115243327e-03
7.609463376322225022e-04
