2.313433994581588684e-03
8.564135729175600606e-04
6.771400597378688518e-04
9.809844864885194568e-04
8.258987202399438975e-04
8.326173247580735291e-04
1.167739563557685864e-03
1.051936792944877354e-03
1.283760434036074552e-03
6.936915698327496401e-04
8.061879546587223926e-04
8.187136515858788868e-04
1.012501674357656157e-03
1.163110681862339780e-03
1.050765006237883853e-03
6.903777771787863267e-04
1.768122037912372470e-03
9.720238740852899613e-04
5.935115091039520462e-04
8.275170014314401972e-04
1.208757710668350097e-03
6.281214632961545181e-04
8.063945151755821982e-04
7.403013686439866058e-04
6.723563640884956108e-04
9.592131301657853696e-04
1.234936664378971172e-03
1.347442790766309332e-03
7.045089577759525807e-04
6.361019410701526048e-04
6.545895202527888916e-04
1.064273974394118472e-03
7.026187346331436113e-04
7.637172708685341111e-04
6.638644239727132862e-04
7.569725491761281457e-04
1.329112163605735645e-03
8.308807189531751923e-04
7.376077536112852877e-04
1.288341760422512207e-03
1.107241975753760687e-03
7.089087551162107266e-04
1.515058260420295037e-03
8.287004188707796726e-04
1.331976489228515678e-03
1.101670641245053490e-03
7.245018808263104437e-04
1.066454978029465457e-03
7.419796282919243792e-04
7.812542276864032579e-04
8.597636483024790168e-04
1.044975821646918325e-03
8.864988180916469384e-04
1.007332681816987957e-03
5.956126932966914617e-04
9.398820634824058126e-04
1.172751511241755399e-03
9.977919169895275390e-04
1.496499572833850759e-03
1.343039119873606349e-03
8.462879073381785865e-04
6.038310704637306478e-04
1.284578007292612673e-03
1.004507735214908671e-03
1.087041736337203196e-03
1.527521775075184373e-03
1.510566273089620874e-03
1.043364862355466733e-03
1.196826018342630159e-03
1.111974109148741860e-03
1.063168180272669157e-03
8.335193378244833530e-04
1.532826218569530250e-03
6.617971180185687604e-04
6.228225073463312684e-04
6.532971528101159638e-04
8.945406252615860886e-04
8.067856082694141884e-04
5.894828547243405716e-04
9.943530436185960518e-04
7.075059830615785215e-04
6.165585403115558197e-04
5.840529157038179455e-04
7.970718375548066503e-04
1.005515027851851696e-03
1.458520628085261143e-03
6.485909975035569633e-04
8.526391430031085746e-04
1.169827026935281065e-03
6.453818649285890299e-04
1.469889695539565227e-03
8.635973016680289008e-04
7.618175647367669270e-04
7.806770369604075195e-04
8.574589927690649425e-04
1.416402829361861722e-03
5.807375942190825830e-04
6.584419165494776512e-04
7.871570084079333382e-04
1.255017988411077793e-03
1.120107691133133973e-03
1.058609438249162073e-03
8.179622323113443011e-04
1.185302933342937499e-03
8.709800953303556284e-04
5.836956147460981709e-04
6.825186968923618652e-04
8.165698298351580084e-04
6.762251166341162354e-04
7.934371961753525736e-04
8.414989443541239650e-04
1.026602147552539788e-03
1.730656957052168973e-03
9.143364070773491196e-04
9.617082604500185690e-04
8.705340181383666330e-04
9.213628482066159526e-04
1.042351113750530868e-03
6.219216769322796507e-04
7.741633566781747555e-04
1.114348862076943066e-03
9.029043947829704748e-04
8.386911933156791354e-04
1.102305659436256940e-03
1.050508879347857461e-03
1.246673845822653462e-03
6.744468256150710876e-04
2.382748098553282793e-03
8.337457200991367804e-04
1.781464491041340149e-03
6.751208138528270097e-04
1.193553647710831125e-03
8.328468282087804616e-04
6.179738656866473265e-04
1.088944724894879042e-03
6.349960826870456633e-04
8.579546501426910587e-04
6.599099175819268630e-04
5.943686363393453241e-04
6.839367984567374737e-04
9.014606061076823598e-04
7.567985781938802933e-04
7.537878571549616038e-04
1.001272357870335679e-03
5.888273587770659909e-04
7.845115955392857436e-04
6.843532500568248137e-04
8.618714991218558814e-04
7.641991968090108400e-04
5.935380838517323151e-04
1.291313570963594426e-03
6.250294558494314803e-04
7.910866367851422838e-04
1.221614586998773363e-03
2.330583003432324090e-03
1.350162819409768790e-03
8.711901010662127841e-04
1.077503651244191224e-03
7.767495542798215575e-04
1.802978534911335931e-03
9.897812981385187715e-04
9.588651090814385861e-04
1.542620148113633309e-03
6.737447511648936250e-04
6.149142230621777120e-04
1.249482794827433147e-03
6.875498522307624955e-04
1.215372091100214548e-03
1.090260794315614165e-03
1.008873553237519139e-03
5.832587410995395023e-04
6.974732895020704232e-04
1.383132304601794984e-03
9.812445781654307187e-04
5.944898476008657080e-04
8.649028060561688271e-04
1.188707021497833463e-03
1.263570265551299801e-03
9.382621006832213457e-04
1.611590091492418443e-03
5.845087571177739333e-04
8.985232142718512687e-04
8.281251960193465643e-04
6.559331553632375029e-04
1.084282081812633922e-03
7.258014396627019554e-04
6.884420264108203008e-04
1.491769510888682915e-03
1.777668194167246560e-03
1.416390441613520502e-03
5.738653924074366315e-04
8.474710637795271556e-04
8.050544758069702470e-04
1.628980832618849225e-03
8.941784120054045411e-04
8.466937722166633686e-04
8.101669088991567515e-04
7.149740296263952521e-04
5.855988757231668333e-04
1.099189692804212852e-03
6.640124404349665582e-04
1.156331011233624299e-03
7.714716874920617877e-04
1.262403409230828961e-03
6.922582452944739265e-04
6.307698867763810498e-04
7.566766218757203701e-04
7.611502783946286817e-04
1.745712013752957932e-03
7.131919208273364286e-04
7.356803191244804798e-04
1.592962289302774946e-03
1.006527622619147978e-03
5.689312641342726727e-04
8.219115715496936800e-04
1.502778895362791908e-03
7.040680632740459102e-04
7.155868767517016647e-04
8.733981436420320274e-04
6.696783524041773940e-04
7.599616036223141033e-04
6.695172811041270704e-04
6.960511021784773159e-04
1.323263982187017785e-03
6.970257344277698899e-04
1.081121564544594875e-03
1.132164367075643926e-03
6.990461110387029059e-04
1.004509112645313651e-03
6.103041907977136641e-04
8.956730539156542098e-04
9.986447218235869339e-04
5.610980698757545970e-04
6.173751119958956072e-04
1.219625466519849884e-03
1.224398889462213107e-03
8.654959515903974969e-04
1.151178848216830638e-03
6.179800829061779781e-04
1.118829560114223019e-03
1.145596448466281066e-03
6.667745738426827593e-04
6.657715067515852531e-04
2.183279212058523294e-03
9.987552268601433431e-04
9.881521246418582035e-04
1.050987037421362421e-03
1.320559809089885813e-03
6.834881168269292063e-04
9.901479347541588746e-04
1.329842959565706757e-03
1.452179535004234330e-03
1.266670519272386931e-03
7.733885795297861009e-04
1.048871588435552936e-03
7.288188210397083351e-04
1.891204175568526142e-03
9.244246261501305219e-04
1.054237491062091784e-03
6.059205188207074507e-04
5.993273647072475596e-04
1.216230241489994887e-03
1.109666858960420624e-03
6.598882826861412814e-04
1.158213107839716925e-03
7.323745289780455485e-04
7.785001850765341800e-04
1.044227327673929225e-03
9.421133866380183245e-04
7.139473505861251672e-04
5.751106635621764393e-04
8.869484173873946452e-04
9.224071912842800617e-04
9.816209218137289701e-04
1.612724487411745138e-03
7.488696749865885295e-04
6.896571316153588980e-04
8.241810666218391240e-04
1.041129017921744180e-03
1.202144219997154434e-03
9.266721845824852765e-04
8.047240752904837426e-04
8.283503998848346052e-04
6.343383819435401876e-04
1.802439900193662315e-03
1.577429496877026487e-03
1.030778033051877847e-03
1.589171794778414205e-03
6.121737938868652452e-04
7.761729048222005579e-04
6.563001783827010407e-04
1.125207929321805087e-03
1.113804422025178832e-03
8.582648885908034445e-04
1.722368459849375104e-03
8.052312339609410093e-04
7.115237946304081703e-04
8.305267198468529663e-04
6.556436984235005901e-04
9.485457430900101714e-04
7.071327226649691718e-04
5.892432755131286242e-04
6.830552828086486903e-04
8.919882297109609989e-04
1.019374092683803749e-03
1.063351264990859907e-03
1.479026587948274090e-03
1.239305307140291506e-03
9.569493917062300761e-04
6.646774903378837055e-04
7.868202553666243633e-04
1.490742277352506825e-03
8.734423941334565475e-04
1.052404544658057861e-03
1.354838670839241064e-03
1.161747084920034196e-03
1.132237186574621335e-03
1.230787680754056972e-03
7.996225172365763190e-04
1.127636298668942228e-03
6.138704245548498020e-04
1.045106942905026049e-03
1.033809969031693112e-03
8.846741663110089171e-04
6.216728230723373707e-04
1.018769601942696307e-03
5.835578406374092482e-04
1.066258071546663608e-03
9.449440332100476382e-04
9.402178753254603625e-04
1.035203186523601850e-03
1.143187041833007697e-03
1.171417226741618871e-03
1.188077514940194491e-03
2.090880738763064867e-03
8.657768896954862962e-04
9.040673074977507214e-04
6.782803563986404896e-04
1.460809619850816704e-03
8.650630216657723744e-04
1.329081943639308806e-03
5.721710410187597941e-04
7.701867061858766635e-04
8.327637985730068030e-04
7.373767940835673296e-04
1.091612782789296758e-03
8.032273234285700579e-04
9.944539291212180741e-04
1.083391533319681774e-03
1.054606439729127059e-03
5.734282362594301640e-04
1.837007370377513474e-03
6.806593299408057046e-04
8.076389148164271007e-04
6.196164715042698978e-04
2.167458070083659073e-03
9.535154728282634615e-04
9.743430410537514547e-04
8.063216778969203814e-04
9.722905509870819179e-04
6.040919110772997175e-04
6.824254946861288244e-04
8.477598706810478887e-04
7.928287797068556998e-04
6.027644459890665234e-04
1.139242846381643970e-03
1.144957571786186156e-03
7.407533121978121179e-04
8.059295364769775757e-04
9.540250413934063360e-04
7.268625526709836249e-04
1.179303722615396158e-03
1.045894585288149447e-03
9.345833367643421137e-04
1.195367875989494615e-03
7.787106410099457017e-04
7.899316253628008329e-04
8.102669473771773826e-04
9.945579326295461535e-04
1.139636765889791552e-03
6.002530425307091256e-04
1.396254620504350794e-03
5.795770084286070529e-04
1.145543581667748424e-03
7.257281643623898293e-04
7.470982659163314570e-04
1.397623597835939788e-03
7.048784107512379637e-04
8.788467877684963446e-04
6.564000993010154529e-04
9.811780118678880506e-04
7.473057374842041051e-04
8.769926224550165074e-04
1.113789993091492733e-03
7.248455574131422311e-04
1.039228582774433859e-03
6.307956722346769619e-04
2.288089981368905939e-03
7.991825189152057876e-04
7.463222070808255785e-04
1.287156853685610721e-03
1.109394518105538381e-03
9.834670071497565030e-04
5.801517988912173896e-04
1.046542048148360214e-03
6.838169121262725834e-04
6.742053045807369204e-04
7.102370340253047736e-04
6.117988002385697311e-04
1.379911714647566760e-03
8.808292741512030065e-04
8.925360609784251976e-04
5.994580876697249740e-04
6.101264382488083430e-04
6.863169957322163726e-04
7.144506428140491062e-04
5.809622947363318832e-04
7.225972318942046379e-04
8.270169036196303725e-04
6.332723856176829041e-04
7.017304556133026382e-04
8.472738000868619470e-04
1.328539542934833052e-03
1.215037541797982321e-03
1.305870385861149447e-03
1.212701900357715306e-03
6.984718544652757577e-04
6.244311141242591410e-04
4.065768781146869397e-03
1.677166909559890196e-03
1.230210375962704572e-03
1.567706784543274620e-03
9.456388451462030770e-04
6.004714478518780778e-04
6.423819248163789965e-04
5.992544410902705563e-04
9.688750689439731530e-04
7.270006982185838601e-04
1.307848696829692382e-03
9.457163830814865457e-04
1.141510009392907336e-03
7.574095541802478189e-04
2.020034326839618716e-03
6.197317178389461553e-04
6.015835882537733190e-04
8.406752067995161342e-04
1.022376228807773263e-03
1.658078118755769870e-03
6.478240388440793980e-04
7.490808763180600589e-04
1.007223345637524260e-03
6.424469349402424888e-04
1.377674536816470788e-03
7.779205148174603420e-04
7.138079100753702121e-04
1.093218648319745729e-03
1.326259268913957713e-03
8.547397967438721345e-04
6.205326486128379462e-04
9.077043282231094532e-04
8.999086041076183578e-04
1.518307445235021150e-03
7.105480978743135539e-04
7.717725614916523232e-04
1.018910123475909877e-03
1.364177491836713338e-03
1.387848919045072153e-03
9.585209757119511533e-04
6.405908666631316859e-04
1.714944483749717081e-03
7.781029221864348795e-04
1.336204342691774171e-03
1.660341815233429665e-03
5.806001419234643182e-04
5.649028060767656047e-04
8.125629516770720715e-04
9.480115059632814858e-04
7.491764512972559110e-04
1.907742530569832024e-03
6.710563940238660052e-04
1.116351235911622070e-03
1.345590857587684050e-03
2.695583460114105764e-03
6.340765413107165389e-04
1.065649902381827574e-03
7.815431765128818880e-04
6.801851347690830805e-04
1.108167325547862068e-03
6.832003782981603936e-04
2.170821437123372950e-03
9.956888469083197309e-04
6.118392733111208950e-04
9.559680938117311351e-04
8.250465026694463926e-04
1.812771908414824830e-03
1.023258710073579993e-03
8.491664628158899358e-04
2.168383151936193950e-03
8.854421376956938877e-04
1.260077712599135804e-03
1.143341530625701123e-03
1.593525056975699699e-03
1.439160033292653448e-03
7.693142409689955174e-04
7.623507068117165407e-04
9.845608387922580827e-04
1.161396251631489386e-03
8.574028456819288374e-04
6.278879594447711772e-04
7.663884487658977149e-04
7.697055000706784196e-04
1.810780594995441703e-03
9.668465463399915230e-04
1.128714503305360776e-03
1.004043799743380063e-03
8.009209795790833177e-04
6.030696444200848083e-04
8.645730964688158908e-04
9.972283547247113699e-04
1.311395622793716043e-03
6.199366733195422335e-04
9.462405746044012713e-04
7.747371644485808980e-04
6.426627499124764166e-04
1.105162034297622062e-03
7.400170246589945046e-04
1.620559033293233336e-03
1.040647968576548189e-03
1.495159700943421606e-03
7.000059589017155895e-04
8.582421855756782510e-04
6.401758168133692096e-04
8.970301999706711479e-04
1.491169136637991157e-03
8.793216075503546090e-04
1.068747237528426932e-03
6.552842392527985721e-04
8.441313122446201600e-04
6.350631477218933668e-04
6.700751031192393953e-04
6.452359355701834699e-04
1.142657295652472604e-03
2.880427956818244935e-03
6.395510592682237139e-04
1.561926924590304215e-03
9.991517733850421943e-04
8.013070460240037446e-04
9.014464106486811583e-04
7.935356613529817625e-04
2.357562115426375601e-03
9.524803654820121826e-04
1.221045333555933338e-03
1.325279820661928341e-03
9.993796464497252396e-04
8.156395155274853400e-04
6.440497230214974360e-04
8.408076853472857062e-04
6.575738335492616786e-04
9.529440844580737294e-04
6.496717880787739995e-04
9.492326978089716790e-04
6.380971637285497199e-04
7.006855552934974267e-04
1.216340682216690691e-03
1.357313840877023793e-03
8.624650473732758515e-04
8.770822611249821541e-04
6.764287474819488102e-04
1.365899713311726372e-03
7.917224721350979650e-04
1.327793945920805515e-03
6.779054964067103561e-04
7.645399632385305568e-04
1.039841414680786353e-03
9.873772231547243029e-04
7.843825145076026729e-04
6.875770042538302323e-04
8.769036866676120428e-04
7.444104348477758801e-04
9.061232966829867695e-04
9.987089969304035249e-04
9.645169164394938512e-04
1.368405894461315834e-03
2.120654284332716688e-03
6.700065914942049698e-04
1.250533509881715695e-03
7.028137633881407272e-04
1.022706585099222723e-03
9.750333612104097143e-04
1.247805605970303718e-03
7.247511457791270921e-04
1.135406046805110397e-03
8.221327430733893276e-04
1.184541779792786008e-03
6.516395979290522718e-04
1.298174384214575766e-03
6.084857473307877206e-04
5.890405998279950924e-04
9.950353767698945969e-04
1.156001911683885970e-03
1.120617271632156839e-03
8.002770982526955391e-04
1.294454136878014352e-03
1.344961511528342890e-03
8.116461031249515724e-04
1.799112699742028490e-03
6.517321466538954352e-04
2.436088708926168953e-03
6.201126570845361162e-04
1.033135407477931518e-03
9.082206243632925686e-04
1.076294345098595092e-03
8.489966477641027473e-04
2.804644778709425735e-03
1.184922505119686675e-03
8.050462636612714350e-04
1.062199809856673692e-03
8.759776467018423650e-04
7.439230444801218011e-04
1.286771248112076596e-03
5.813243062057577232e-04
1.222831121164332652e-03
6.800725638929871987e-04
6.646845683985690102e-04
1.425493320348697555e-03
1.304744248601790889e-03
1.339900010750442409e-03
7.128225082865129224e-04
5.923366810039650812e-04
9.233295337140511126e-04
6.726148278523395039e-04
6.092732438835802341e-04
7.097223926536846104e-04
7.116276302866908357e-04
7.898910463546338122e-04
8.763671969546439665e-04
6.573965059958305004e-04
1.361685350433358829e-03
2.073593577295338580e-03
1.021546343078149352e-03
1.099990092443086298e-03
1.333933843937153705e-03
7.027705939889867083e-04
8.674520170796911787e-04
6.426202615056221664e-04
8.481987983182789816e-04
1.381605849608403538e-03
5.850235771631605254e-04
1.361390140906156834e-03
8.852715603044895203e-04
9.191654670037367877e-04
1.114595253454700712e-03
1.848512325237889426e-03
1.329203635362337550e-03
8.366319103615067797e-04
1.068944292318969218e-03
1.269829817937924519e-03
7.178192649370749570e-04
1.341970855078574191e-03
1.386912692362482361e-03
9.082539891214025472e-04
6.835022497579550972e-04
9.437608627559670137e-04
7.553781733905264549e-04
9.636290394141349596e-04
9.137335369838353420e-04
7.128834554883111156e-04
1.182114603792079220e-03
2.407306174963205498e-03
1.197702347009293620e-03
1.072548547931695233e-03
1.747913963298585891e-03
1.729044256180883475e-03
9.111794696842463823e-04
7.584201859654399799e-04
6.881472195156913873e-04
8.329300513916400306e-04
6.281621377866969088e-04
1.621230171756812312e-03
1.188755649773896471e-03
9.598055348659492638e-04
1.447288581193293278e-03
6.728676495879829661e-04
6.666230615900820781e-04
5.889826315122068329e-04
8.166346211507255828e-04
5.785785601640734948e-04
1.311378480727921859e-03
8.052962736645344431e-04
6.852700116325171915e-04
1.222005415628995379e-03
1.044186979516266824e-03
6.110295016887180419e-04
1.090326801652791860e-03
1.147564647125838165e-03
1.172714296125920274e-03
9.254349042897024079e-04
6.511516626767018022e-04
7.568076277589699894e-04
7.471377616094542536e-04
6.106553671866144341e-04
1.309062263057527960e-03
1.777988442367399967e-03
7.182426209695144280e-04
7.535676097029623969e-04
6.714045420478009698e-04
1.172268213538717489e-03
1.345712357815727995e-03
1.610649620876472869e-03
6.304864736717449283e-04
7.973803957553412440e-04
6.027022723258115226e-04
8.090906825720577339e-04
5.687863183846003125e-04
9.318998923493779056e-04
8.475569356107255734e-04
1.047699713766858144e-03
7.646696808728432881e-04
6.332054782315185877e-04
2.056829490643471200e-03
6.746304973325845762e-04
6.961970501537445089e-04
3.093743219303406958e-03
7.557575883966765641e-04
5.797694486726062820e-04
9.899192059282958117e-04
7.283994720051016874e-04
1.474851212667792127e-03
1.337595969751790171e-03
8.060127749257663989e-04
1.003615596002480678e-03
1.444886641513401255e-03
7.027320011964083898e-04
1.481531815310157835e-03
9.703146828184726694e-04
1.778187548614238974e-03
6.815489978943184207e-04
6.659878991608594217e-04
7.223437837468501535e-04
1.910012017193655999e-03
5.956069941460601135e-04
6.044404309566063721e-04
2.320390079025851700e-03
1.762620424640101192e-03
1.492088921803740465e-03
5.684178228748373776e-04
6.222527214132937993e-04
7.927543179232975036e-04
7.974478297959583560e-04
1.273608136856154089e-03
5.721188942404113612e-04
1.646137701964404346e-03
1.454087489142137993e-03
7.937463954531717410e-04
9.827379584826994793e-04
1.451601875129544198e-03
8.418775588179006888e-04
9.535413487646332998e-04
1.207282166893877467e-03
5.822793710376707480e-04
1.290104974052249699e-03
1.137965901598469824e-03
1.430907794669619530e-03
9.269524431430018786e-04
6.137742718034267528e-04
1.308561877070163644e-03
7.928025522578555518e-04
8.536359173293096760e-04
9.357412188767717668e-04
5.557633587781378665e-04
7.697549210672203135e-04
7.832528717786819191e-04
7.571716648171403089e-04
9.491378296489808800e-04
8.521492491688932710e-04
7.605955123383241956e-04
1.075455246074952633e-03
1.057560964188818771e-03
1.014213858716859909e-03
1.539666088749778224e-03
1.062897463859040952e-03
7.139608833730281840e-04
5.719348451443701398e-04
2.201985148009051249e-03
7.539908334522290624e-04
1.195139111024909979e-03
6.115042685267508757e-04
1.095225388090243553e-03
8.849381210053145364e-04
9.224905815325840086e-04
1.092243571097223235e-03
8.059451755044833108e-04
1.978629023452858123e-03
9.214675392008322367e-04
1.253953440662744501e-03
7.897517332240981854e-04
1.017665535435500687e-03
1.048916984998517427e-03
9.438087447427100747e-04
1.358445534324341508e-03
8.911204744383843237e-04
6.726295722987201331e-04
9.937862072940692546e-04
9.132331228787774141e-04
8.758890090551214825e-04
6.860914472687877630e-04
7.410350401475863415e-04
6.964734809231966361e-04
6.870681414844129328e-04
6.302730434640784613e-04
5.690957374890687681e-04
6.653992903811201945e-04
1.468724314106796373e-03
1.157470243666017772e-03
8.934293957651052043e-04
1.589028898928118499e-03
1.646388053007020796e-03
7.809718949954739869e-04
7.773412701812475699e-04
1.414470235729844635e-03
2.421475283873909812e-03
1.374174174914016789e-03
7.913667387568625944e-04
1.574020640168680629e-03
8.829534652797001995e-04
1.287620260396097650e-03
1.901131419621786018e-03
1.434100775221350439e-03
7.500897544814723143e-04
1.138068761906091495e-03
1.632212947694045057e-03
1.379743323437540537e-03
6.179904396779618012e-04
1.081916438666722345e-03
9.961232413362357350e-04
1.450162614904899850e-03
7.918068495962584047e-04
8.426542241973530379e-04
5.743332498283753315e-04
6.179978226600815619e-04
7.167545893462427082e-04
7.181738295541279828e-04
8.698166600965864760e-04
1.187650659206890627e-03
1.101627233038503847e-03
1.516132550305779357e-03
5.849682761069506173e-04
1.161320225839332669e-03
8.210108800123109077e-04
5.836295427349796850e-04
1.185788647030798634e-03
1.553775882300221243e-03
1.187061135378016195e-03
1.029872191417654983e-03
1.090626328811369113e-03
9.904466616412345003e-04
1.818381611090188425e-03
1.205418602731494907e-03
7.142249904086600976e-04
6.524188465242069471e-04
8.268387614903657595e-04
8.006500597243327655e-04
1.234754320756557616e-03
7.149793063055356499e-04
8.238994969108885289e-04
1.410698311437415947e-03
6.418084541127507718e-04
6.101647206668234799e-04
8.302328995161134800e-04
8.123827241387491290e-04
1.311507470879360194e-03
9.072244489333126027e-04
8.157601445823578143e-04
1.144310702628121429e-03
1.205064466072249419e-03
8.056992721127604912e-04
7.191572812173172274e-04
9.384961939367473388e-04
1.423292237509445101e-03
1.020586136859286900e-03
1.684697467396361172e-03
1.010007906610779771e-03
6.193122877893297027e-04
1.108705807158601652e-03
7.557874799624831209e-04
7.478235850369196244e-04
1.065809854086231453e-03
1.537529727295527775e-03
1.340759479004720181e-03
5.677381312846551623e-04
1.614208832801518724e-03
6.045499403533008843e-04
8.029119370398533819e-04
8.698040211635442876e-04
1.790096827561365707e-03
9.089250576843089244e-04
1.001715859119208961e-03
7.720251747727495178e-04
1.043090235366857937e-03
5.693761879726474484e-04
6.907940087639286020e-04
6.358703893924263660e-04
1.759472852115652767e-03
1.216858313353508855e-03
1.202849100892288206e-03
8.770145233918971673e-04
9.501436310153132166e-04
1.465695592353334501e-03
1.784330720069918176e-03
1.591894470258029080e-03
6.668460784287985220e-04
1.044252737935641266e-03
8.540324651165426230e-04
8.286281615767707165e-04
7.178836802317795389e-04
5.802666397117189987e-04
1.048762619956174246e-03
1.112367775039623799e-03
8.877281483832118137e-04
8.518789296650536302e-04
6.746129330491427208e-04
7.517752575774755072e-04
7.241042499240440706e-04
2.013922495962980775e-03
1.287221547892695474e-03
7.402092434240426693e-04
1.051821903406295828e-03
1.515606481727592783e-03
1.161429677879372057e-03
6.091437420457922495e-04
9.826994330486211234e-04
8.608167324693077882e-04
1.242634309395700522e-03
1.032369692473074970e-03
8.443481709277604174e-04
1.063357567749858646e-03
9.354215383908225665e-04
8.006699493340939215e-04
8.747283825275558190e-04
1.017026625135940276e-03
1.460215705673252205e-03
6.272312507611691118e-04
9.447309719747777525e-04
1.074767903071096979e-03
6.415207644094756290e-04
1.079705784798094381e-03
9.173385591821706922e-04
2.119421373041158532e-03
9.477700649474763393e-04
9.699319949995169636e-04
6.578353689367356059e-04
9.831888975283089097e-04
9.439781449761319504e-04
1.013640925520165612e-03
1.616507272647247544e-03
1.395227355008850411e-03
9.453718061098965791e-04
6.979535806812064242e-04
9.046316766984769091e-04
9.774485032926175532e-04
8.639630748218659695e-04
9.795746975191975490e-04
8.351616883564175024e-04
8.981324964130853877e-04
8.987728738531048332e-04
5.953445487075190211e-04
1.744455641358193775e-03
7.972908547649929217e-04
1.004523260622079044e-03
7.680360356139388171e-04
8.303001453252537457e-04
6.192192145949675097e-04
9.812523651328800434e-04
7.994341624214708212e-04
8.730843744766528030e-04
1.120571791886859365e-03
8.439395673958406370e-04
1.149885695761244638e-03
1.139670316358628709e-03
1.228745885304807382e-03
1.742821125116223238e-03
1.316040675814727839e-03
6.644501877433028067e-04
1.064484435213016323e-03
6.741177373479125554e-04
7.155427992782690053e-04
1.112825700785130892e-03
1.205587203158557186e-03
9.523331787835477309e-04
8.624963141645058560e-04
9.255071284944106419e-04
5.955682403611353877e-04
5.855314668204066866e-04
1.049120145546107241e-03
1.341206043241718535e-03
9.536903018104814309e-04
1.444525394959989299e-03
6.004015361422344226e-04
8.698798404083681653e-04
1.127221307380970802e-03
