9.058091482199704097e-04
1.135202981488506440e-03
1.427488867465797522e-03
9.883371317189423334e-04
1.264143278424667777e-03
8.599726257722437820e-04
9.843619133431205388e-04
1.073691255597923784e-03
1.443209152146609532e-03
6.834041010515748546e-04
1.035800622402751432e-03
1.093214236756388704e-03
6.921092193574182941e-04
5.561619814601180415e-04
6.945541058914160831e-04
8.479998478660933032e-04
5.749406434235050352e-04
6.670208586755873876e-04
9.000960540126766787e-04
8.601600284843809825e-04
8.641460028768851347e-04
1.272498702739983337e-03
9.978506027917225657e-04
7.011156327044719156e-04
1.033414169442940225e-03
8.416224062002470360e-04
7.462709770798185791e-04
8.509383271837875264e-04
9.732206644290988806e-04
8.337753973577034143e-04
6.032724908137755476e-04
8.739467570068921868e-04
8.528274323736273650e-04
6.370389614145956485e-04
8.407923629894793315e-04
6.993107594622524972e-04
7.290221922210616190e-04
1.144237731175708076e-03
1.396113641864782070e-03
1.435448555540236185e-03
1.232575010751700605e-03
5.871150882538669208e-04
6.630622500850713195e-04
8.235294999433067330e-04
1.190826778291878942e-03
8.847111062226468287e-04
6.744514248700090317e-04
2.161583839982279820e-03
1.388194766933110481e-03
7.750433691778149453e-04
9.099896081311023783e-04
5.651377554409830507e-04
8.506110923894468195e-04
7.919508502663989875e-04
6.441169733537968926e-04
7.519206346300426336e-04
1.676035059893309694e-03
1.710839658089821158e-03
9.430751685120964539e-04
2.057564730715016714e-03
1.349236388675396090e-03
8.122339925575172833e-04
1.037848097276893207e-03
1.229084087840352042e-03
1.010878293700989521e-03
7.172800244750637301e-04
6.576966061653823602e-04
9.097470493099490572e-04
1.133568049808493646e-03
1.797320771656430848e-03
2.509983997543274031e-03
8.155848477863918188e-04
1.048401364210558434e-03
7.250502174028436442e-04
9.556081715197239229e-04
6.989677074489149787e-04
6.682167215014525640e-04
6.165723231285689509e-04
7.313320551920835530e-04
6.330500976280147409e-04
8.357194979070424858e-04
8.994005776935600502e-04
7.601766869757009288e-04
9.081495322787640559e-04
6.652988958394319722e-04
9.427098612390382186e-04
8.149542199587031651e-04
9.836714429169919095e-04
8.188903298824865224e-04
1.528952302478022536e-03
9.792562116102746222e-04
6.301939612351832760e-04
7.813922621004304458e-04
1.096199297451874071e-03
7.836139352085873906e-04
1.122481593252672508e-03
1.236623825227199354e-03
1.678803167044862297e-03
1.353698737229966278e-03
7.799488312650119373e-04
7.780396512379985415e-04
1.101606994880154804e-03
7.613491336798382811e-04
8.163401392764787308e-04
6.226903855362067629e-04
1.194326810834664496e-03
9.615985941097563230e-04
8.495055458304402729e-04
5.828301896607721152e-04
7.106203315342661010e-04
1.030538245690148244e-03
7.735059381393803767e-04
1.455212379545560127e-03
7.082802890729737169e-04
8.208906764851864541e-04
1.023794754718288912e-03
5.589688331475252186e-04
1.040623559448910660e-03
6.193726782658631573e-04
2.872808579812323286e-03
5.733761905746067753e-04
1.014886883480057341e-03
6.045336132142048718e-04
5.588434971067838533e-04
7.642260445980552947e-04
9.054304773045400044e-04
1.264651411529166313e-03
7.515839395916201152e-04
7.642680692529289343e-04
7.986429496222717831e-04
1.227930478738655179e-03
8.195548192270127319e-04
8.967609102075263473e-04
9.403501144542400925e-04
7.573470902332102381e-04
6.284697273193089358e-04
7.039803824909724806e-04
9.818329301098580302e-04
1.077062773334939430e-03
8.679117511924273453e-04
7.982041632017927409e-04
1.025564107782450359e-03
1.299683984580357176e-03
1.142370398321390602e-03
5.837815539025310602e-04
1.110267410253196934e-03
5.568788754233400641e-04
9.204958530055090161e-04
1.102655732383480379e-03
7.490215497919729040e-04
9.824538019804814754e-04
5.712625637757387737e-04
2.212976581313794155e-03
1.171142766096048161e-03
7.988766440534898067e-04
7.954016658753144649e-04
1.011179072758160245e-03
6.740485530505234630e-04
1.807015196820134333e-03
1.219072050692401096e-03
8.244409951925384724e-04
5.872229927438544442e-04
8.242505255264009380e-04
8.769553957459031790e-04
9.199363650775297264e-04
8.311301057437296561e-04
6.591200354556862569e-04
1.352933046891943627e-03
1.049829723865192133e-03
9.919888427116581222e-04
8.580710763497310803e-04
8.670563453659947553e-04
7.483069076548310838e-04
6.763154343640354407e-04
8.404025948284139227e-04
1.059242632264742467e-03
8.434795537966655954e-04
6.576548620096736315e-04
6.065390991955032802e-04
6.190507041124767695e-04
6.933343084350443095e-04
6.477151423440163360e-04
9.712768904266773536e-04
8.774984899746799630e-04
1.386326446524038672e-03
8.374194000151474705e-04
8.913378795772433638e-04
1.171988863273525474e-03
1.133184668347787241e-03
1.363816854287231784e-03
1.721200332726988960e-03
1.181843090943128591e-03
1.161141721824491971e-03
1.541466828922021534e-03
1.134209009590937157e-03
2.404163611178135405e-03
1.786693810982252712e-03
1.210904041345375751e-03
1.184224093134442646e-03
8.030356155474156765e-04
1.069691660153538823e-03
6.780148979859023295e-04
8.022160151778331841e-04
6.152032981572538081e-04
7.547807486862633019e-04
6.624605305029793514e-04
9.275859758637224886e-04
1.238048833280960132e-03
7.694528949179927973e-04
8.738197401972505694e-04
7.861399992422334884e-04
8.659900874119227194e-04
6.768202093830438500e-04
5.540074502325457138e-04
9.036025811266620768e-04
5.733350511897240213e-04
1.403966949403591749e-03
9.061732214064783554e-04
6.727289230264462240e-04
6.986153355122473032e-04
7.795509478165942550e-04
1.786543150151437753e-03
2.172976496176491027e-03
1.449068992338460289e-03
9.456157899965011776e-04
1.429028039472979078e-03
1.254988313006803920e-03
1.472375082152434320e-03
1.670633249027912584e-03
7.674920213943420711e-04
7.799297788490163743e-04
7.087531685532476484e-04
8.670349527745692354e-04
7.413554420114613604e-04
1.693597081459079310e-03
8.981168653355366431e-04
8.638129989958841064e-04
7.192582222465866574e-04
6.480736694010456487e-04
9.325718361831804087e-04
6.171138668732219397e-04
1.119594593251849136e-03
1.098002079367665917e-03
1.123757735477646418e-03
9.340985401169704227e-04
8.430651936289333551e-04
7.138282877739423812e-04
1.424736294028724560e-03
6.993198830971043443e-04
9.371786089048527455e-04
6.250349703601071599e-04
9.653494090443672827e-04
6.819522173818084012e-04
1.369457275120003741e-03
1.695177709960560795e-03
7.334949753482221174e-04
6.171879603651104053e-04
9.991887580571641621e-04
8.317747957415721040e-04
7.586553481698536314e-04
1.141834456453366198e-03
6.876714370866437304e-04
1.028528587460201702e-03
6.553665599365565394e-04
1.207718076000366793e-03
1.082163027855806989e-03
6.464349121567891047e-04
1.022662628555178529e-03
6.395396277106985819e-04
1.101970286153279750e-03
9.463861032978080397e-04
8.314284468367553636e-04
6.751691238924445752e-04
9.296807940351450384e-04
2.501251619343826133e-03
6.394020749648638129e-04
6.751631547994856215e-04
8.527582081580099361e-04
7.354347076369229961e-04
7.915256261442144481e-04
9.526260065653653674e-04
7.752427723611965806e-04
1.403939791116405773e-03
1.136547842955352343e-03
1.357289473718869708e-03
7.483846292745930957e-04
7.530477850951456482e-04
5.916981006042602593e-04
9.282993671931134231e-04
1.046839736428709176e-03
8.984127927770005307e-04
5.409292566722885640e-04
1.443109108646233865e-03
2.172549517266450774e-03
1.201086202784247374e-03
8.509905138175528861e-04
9.148091480698547062e-04
1.025145459895463601e-03
6.127833544177553344e-04
1.129345146158488872e-03
9.602200415465613490e-04
7.420085274226457606e-04
9.095443112502568823e-04
7.482518045462052811e-04
1.480117237805513323e-03
1.232609146239289303e-03
1.025021761084676276e-03
7.507669067052184352e-04
8.746566702174939393e-04
9.011870989774485412e-04
6.989701480311220124e-04
1.351946990390796204e-03
1.067766253310767919e-03
9.385163101040684252e-04
7.115895734891777976e-04
6.571659750320237893e-04
1.418734398453093924e-03
9.525383087272293889e-04
1.354799534116544460e-03
8.791741031553012859e-04
6.019321577631121540e-04
6.530997047123429265e-04
1.649699721447506900e-03
5.898025363444389700e-04
7.612711634473943957e-04
6.782523742023576418e-04
1.904451132813819768e-03
1.359253110275983811e-03
7.140858222871646196e-04
7.803701560163985420e-04
9.533917753492622722e-04
9.603874443592927889e-04
7.143607894762030912e-04
7.466084163783553562e-04
7.332477085100894869e-04
1.803562878025785198e-03
1.031789383935731918e-03
9.167095437443790931e-04
9.299131679080227574e-04
7.394899815339329822e-04
1.622178011050626721e-03
1.588089579050464255e-03
1.235311514952935116e-03
8.079467837686935341e-04
7.853537464689631670e-04
1.297752058216542371e-03
1.306878291890640163e-03
1.523027784318233772e-03
1.055383309943742345e-03
1.276509369341547904e-03
8.818403228897615321e-04
7.006662334211527033e-04
6.504622721838110603e-04
1.399069119326763928e-03
7.736839430050724111e-04
7.813834782898997338e-04
1.027210892891101957e-03
7.452543407983074249e-04
8.720844899321487454e-04
5.679895755701424090e-04
1.065719169982457491e-03
1.009815274878467705e-03
6.989528708050104285e-04
1.142965249019247623e-03
1.047624134762523661e-03
1.087095225573785290e-03
6.488996932752739760e-04
7.216970236854804285e-04
8.992908970764485702e-04
7.196212483423570280e-04
1.037620807398086922e-03
1.021511940188657300e-03
1.260419203525729509e-03
1.218699946025014139e-03
1.210615289673130706e-03
1.623564066826790929e-03
1.104949186922699576e-03
2.315733645456763499e-03
7.072913054984137585e-04
1.726946986316776553e-03
9.835594216831815978e-04
6.794169514875770567e-04
9.379564482700602753e-04
1.075609594333354173e-03
7.209419417532171928e-04
1.077433606477203130e-03
8.601594942413658129e-04
6.332651337253335840e-04
5.981331280898727343e-04
7.993682675432683092e-04
6.606966617528047935e-04
8.742116009396486923e-04
7.933427422606861238e-04
7.747167345680276620e-04
8.324482662624602776e-04
1.296288269249049529e-03
6.019895875818958306e-04
8.705286966574503392e-04
1.512581528960067626e-03
1.436344704729828952e-03
6.231804605600592536e-04
2.305728617435603891e-03
7.253852791837157995e-04
5.456326381170381557e-04
9.757429161674175755e-04
1.380039743714841019e-03
9.282871995747129547e-04
7.800932542087258333e-04
6.545312391972356661e-04
7.248888938924598650e-04
7.442856084096837648e-04
9.475610658127763203e-04
1.288658119927694329e-03
9.586690253006373372e-04
9.292132157669233394e-04
8.694342372836863899e-04
7.523001990799040549e-04
1.411002826088404889e-03
7.301445509086147961e-04
6.221303150464366737e-04
1.016391427207071103e-03
6.621117852201537134e-04
8.266817991436583744e-04
6.382048702385446004e-04
5.963081379042362452e-04
6.907046763626019858e-04
1.107547910254886615e-03
1.536457861709744546e-03
1.531053761234914398e-03
1.356426384221518303e-03
7.857397876815982573e-04
9.078997045651289932e-04
8.921080668144985588e-04
6.034908776618410275e-04
1.433909345516457380e-03
8.729777531286478116e-04
1.034819586126786836e-03
1.039470036573051032e-03
1.129947106752703101e-03
7.773599104360889682e-04
6.489365256377119815e-04
8.408069513438069407e-04
5.621622470199668211e-04
8.800011361587039335e-04
9.437861600992376388e-04
1.021006390467734185e-03
9.354170756247767509e-04
8.217293450411560125e-04
8.773935302520534949e-04
1.446205538741915549e-03
1.436844072785056683e-03
1.123186062628504138e-03
6.597375989635302250e-04
1.270575974322115742e-03
9.330634331118084967e-04
9.155363735288225618e-04
9.330338048263230955e-04
9.573452513466850725e-04
9.155404861330354712e-04
1.228253314461968514e-03
7.887703636926683736e-04
1.617689629774289855e-03
1.072721870873218812e-03
1.117334110384526598e-03
1.112062949104055580e-03
1.053824857472201830e-03
8.313552901927075221e-04
6.731431746605222267e-04
9.260845161660599591e-04
8.652230261041719177e-04
8.271693215986241363e-04
6.158047975482562391e-04
6.480563559874348871e-04
9.892088871827303762e-04
1.149045686823436030e-03
8.856918620780867332e-04
9.351033661707844032e-04
1.155527975115828738e-03
1.188897601250886492e-03
7.736723661731305423e-04
1.028579238786840079e-03
6.589929276032284499e-04
6.404508485287957117e-04
1.080516577180441794e-03
1.159715382569778555e-03
8.341322068418126822e-04
8.982794171886200043e-04
1.204771931231028151e-03
7.320572469976903548e-04
8.134368709871897703e-04
1.047677699922920733e-03
6.979678884633614419e-04
6.815780776240787809e-04
6.642575636107022913e-04
1.374771232957472866e-03
1.031236425721573707e-03
8.458133532455801946e-04
1.002808428498174658e-03
1.771576369688062464e-03
1.062095481755239096e-03
6.221747237561195670e-04
7.771956329540545680e-04
1.003974031404042920e-03
1.516062478716123695e-03
1.176240462579420136e-03
9.769962024294320986e-04
1.259372744670170501e-03
6.439014826709608171e-04
7.309383740998148067e-04
1.173095118693464212e-03
5.779254451745090932e-04
1.231317395216980455e-03
9.084375644139380075e-04
8.744229462056594222e-04
1.301319441775816883e-03
1.625353776423348311e-03
7.195703747984318705e-04
9.015288672367107944e-04
1.006554174666031420e-03
1.521057541234196054e-03
1.486043091029357489e-03
1.816165108605258694e-03
7.006358580423073610e-04
5.815120006798731077e-04
9.632878113730333845e-04
1.393071649954686709e-03
1.045891810345267415e-03
1.264613326279850729e-03
9.430200987825794814e-04
1.854731453431072074e-03
7.529556403828730621e-04
1.312074216092084427e-03
1.138226656481820072e-03
1.279658179735175452e-03
1.017248049929065333e-03
1.327431473705971811e-03
1.148179208580974147e-03
6.895160325078983268e-04
7.801978280941964565e-04
7.827232390008905102e-04
9.918035062904605962e-04
8.495376714124844558e-04
1.643610362021999827e-03
2.637831622923139056e-03
1.512427537455794928e-03
1.004605040109148636e-03
7.317720469569989443e-04
7.605994705293678965e-04
7.359641374815566054e-04
6.717748792675875408e-04
1.028184301049975225e-03
1.067645192436724637e-03
1.052268992332515071e-03
1.011009589974575049e-03
9.573410293675322855e-04
7.002065816508958344e-04
9.057371429225863010e-04
7.436973359219647018e-04
8.685306575623076173e-04
1.053510305279023321e-03
8.723254762500427329e-04
1.264000695383488354e-03
6.066211522971340017e-04
9.971095278074946881e-04
5.839004711013504653e-04
8.064905271594879216e-04
8.900191042953117847e-04
1.895930956911442760e-03
6.063914745724924846e-04
1.292747914574002809e-03
1.105146200839637882e-03
6.429710513106576481e-04
9.963083800069015995e-04
1.378893453015809069e-03
1.403600245763973698e-03
1.099872246365322459e-03
8.128506753629236243e-04
8.882527011987811872e-04
8.081560304732729721e-04
6.412525517835868452e-04
6.198671910428949026e-04
1.246726439587879853e-03
1.556138248003033787e-03
6.042709662890430973e-04
1.017246284290381896e-03
1.101868135877129848e-03
6.245059085185802709e-04
9.377965143684713909e-04
5.956497287273161906e-04
1.460070689522003458e-03
1.359737120679141561e-03
1.127755021067459009e-03
1.090455164283030695e-03
1.492243745255395675e-03
1.003778309997553977e-03
7.770483239403399569e-04
7.602054646383049532e-04
8.903613039593913977e-04
9.754629073089246798e-04
8.651864697732568549e-04
1.124889236031488202e-03
7.381420805398855329e-04
6.454195796775172994e-04
9.252474801698333919e-04
9.815932437798079776e-04
6.607265651088576469e-04
6.801295374333576026e-04
2.597702495757719075e-03
1.586087858037681835e-03
1.031782987824074460e-03
1.032650717621193563e-03
6.930411523310351903e-04
6.439851902069265114e-04
1.656197628541930837e-03
1.011518829012436052e-03
1.286893430434548572e-03
1.805990022549276838e-03
7.928333601119551786e-04
1.009881305538285661e-03
1.659277149446323390e-03
7.461450047232323635e-04
6.956801613796642506e-04
8.745484838750043578e-04
9.331169133326915966e-04
6.381319443787297372e-04
1.113863636590027529e-03
9.657260949555778818e-04
8.716590727956797461e-04
8.622804170354284254e-04
1.336905860294583829e-03
9.628898767059773222e-04
8.570652347482786036e-04
7.023931276211140299e-04
6.042917888738351439e-04
1.212361024206121607e-03
6.150816397590573234e-04
7.210455644986019617e-04
8.787535246108578143e-04
7.861175680813162767e-04
9.531858739320162206e-04
1.101828095288477638e-03
7.715614153786107743e-04
9.892490888718549584e-04
1.022462841322331487e-03
1.411147780394042973e-03
8.896769081651346176e-04
7.059428748306977768e-04
6.602823620961322578e-04
2.082920516729701819e-03
9.664170865763085276e-04
1.342537139063869128e-03
6.401421305184719097e-04
5.907206166154379450e-04
1.037097879237593601e-03
1.289834605941288801e-03
8.279023067765766243e-04
7.294030674247115346e-04
8.599867497702842452e-04
9.243717992256374975e-04
8.032820674307472901e-04
8.074341305630298917e-04
8.520251070050613483e-04
5.653303814408865363e-04
6.588081299193439310e-04
6.501570659213990388e-04
1.433027873198168415e-03
5.935422244265745094e-04
6.569497372038931877e-04
9.414401124758290914e-04
1.077374491988423826e-03
1.423414694007701150e-03
1.048203499697388874e-03
1.079028628878241037e-03
8.396666775101443211e-04
8.648097546860310280e-04
1.123843734520274052e-03
1.261974236534231129e-03
1.203816927409869083e-03
1.003606839292088722e-03
6.760825257867029633e-04
8.264930286302814982e-04
8.985402661490191371e-04
1.210655716467666596e-03
1.384227555854620605e-03
1.105020258643354958e-03
7.313315608155984910e-04
7.036337872970710190e-04
9.101211525043114347e-04
1.065979941124140960e-03
9.294952671079292168e-04
1.209656253479378472e-03
9.514006485005728269e-04
7.668084265380772186e-04
1.160140712492141067e-03
8.156275649068325502e-04
1.368148045847752698e-03
1.252632735227470970e-03
1.050109708254403067e-03
8.813508177376235290e-04
1.804259842052782217e-03
1.960352635610262181e-03
6.634870715335416079e-04
1.235258735049165994e-03
6.901628494596394802e-04
9.720654378013461041e-04
7.815385340637854075e-04
1.640627468216732717e-03
7.861720087838179865e-04
9.402610439434638465e-04
7.223536122423694465e-04
8.425899781432463374e-04
7.724392995784142490e-04
1.986612362485499095e-03
1.069139468260909198e-03
1.446616691455505227e-03
8.730967634857485444e-04
2.141114582726226165e-03
2.095329231053573785e-03
1.236896530419109158e-03
1.244868966328579758e-03
7.067165970844858317e-04
8.249488194258179337e-04
8.797743265099004393e-04
6.485683044130530076e-04
1.385720650376529766e-03
1.176830060594564542e-03
1.467015945540668014e-03
1.548480159011832429e-03
7.192894835560953567e-04
1.004366357006901281e-03
1.320535583068358203e-03
6.769177064791133533e-04
9.883287382059342211e-04
6.773948115460858661e-04
7.807081024080387210e-04
1.059931490267179352e-03
8.476173051619041547e-04
1.752039851626364421e-03
8.417287185843230421e-04
1.223538332154117288e-03
9.848174284566493103e-04
1.058280462973728133e-03
9.781178921735090345e-04
8.870816558840606721e-04
9.495345154324372162e-04
1.314126378964653591e-03
1.200880175393646311e-03
7.664362443638058882e-04
1.773712913950704602e-03
7.989478306162499811e-04
6.825547205398834394e-04
7.014388114565820245e-04
6.525118338018756755e-04
1.305118343690652620e-03
6.210765711143124458e-04
1.027327317680020932e-03
1.025675124497889626e-03
1.085243254606965994e-03
9.191209634167630833e-04
1.266024197674785103e-03
1.193250627408188420e-03
1.298284029837722814e-03
7.739680490071002309e-04
9.092063777078334026e-04
1.353548226693425307e-03
1.106485149033093309e-03
1.223064986529062053e-03
8.665323374778300140e-04
7.707124505816934871e-04
6.045460234593766618e-04
1.267562902415945211e-03
9.678591491443685720e-04
1.279617869965775021e-03
8.811352378747136461e-04
6.956240811063943257e-04
1.048083545729818758e-03
1.757888337952660416e-03
8.692863771902619189e-04
1.419355889018071148e-03
8.131327599109835786e-04
1.153541852909428095e-03
1.623957999425223011e-03
6.245810090993213692e-04
7.863678606526652935e-04
1.143845915363639592e-03
6.531735017640941977e-04
7.223334705178254640e-04
6.672051945919724517e-04
1.340287008328105468e-03
1.459307847169912528e-03
1.649402385328603560e-03
1.091225223730349489e-03
7.772455542789688358e-04
8.783153509313599899e-04
1.116858384781663650e-03
1.563174736999345740e-03
7.323233079331952205e-04
8.427143740642690844e-04
8.137719503362215263e-04
1.083828223171608802e-03
1.013312078719254142e-03
9.072369719970228667e-04
7.027702526038664488e-04
6.529785528455245899e-04
1.035623119582396341e-03
7.013319346251204855e-04
9.409564566618224598e-04
5.634348498157914402e-04
9.366639407180632482e-04
7.131370173016946630e-04
6.895626255212078653e-04
1.280975556443948813e-03
1.511641379643243041e-03
1.427090325348325753e-03
8.887547405661176073e-04
8.611199000548067604e-04
1.768183809273900274e-03
7.760328617126388117e-04
1.059809888946028431e-03
1.005381803704716347e-03
9.434866592668970410e-04
8.313785408054266126e-04
1.160891197841148461e-03
9.382734743006094147e-04
5.760585913680862881e-04
1.219378768686826126e-03
9.570067034276376903e-04
9.908661307812991707e-04
1.068408888960501856e-03
1.194009177493689667e-03
1.083314891933050139e-03
8.676589999732340925e-04
1.317712070282733589e-03
9.086499569522007297e-04
1.111991320426015256e-03
6.621196593731729996e-04
9.089783466835320985e-04
5.977814412108244145e-04
6.942141139715036395e-04
8.487042600349013104e-04
1.097086873115874460e-03
1.313301830266966732e-03
1.236394797807441673e-03
2.062106886216513116e-03
8.773176337058792920e-04
1.847502124349578159e-03
8.734599736734781480e-04
2.037310858694377832e-03
9.803611890036065084e-04
6.811923857849028902e-04
7.959775891357936560e-04
1.578277396310754288e-03
1.605338980484956020e-03
1.471804819993768150e-03
1.280920625864955843e-03
7.444270151502890972e-04
1.236709902935602271e-03
8.829406809679908987e-04
1.067622723946225942e-03
6.637576876743344224e-04
1.534976828979481593e-03
8.353486638868050937e-04
6.430232305859645472e-04
7.238964904261545709e-04
1.104196885056623906e-03
9.211602586481787988e-04
5.782815556500930368e-04
9.424307152646942218e-04
8.240095315559630958e-04
6.789370137620740625e-04
7.570987840615641491e-04
1.405418227257843045e-03
9.173799376820470936e-04
1.198275284692843249e-03
8.019610731612430293e-04
6.748448455943068880e-04
8.346882575908604138e-04
8.683564396059402241e-04
1.108178071356009020e-03
9.765475731282241599e-04
5.558661631613294116e-04
7.694592022634954556e-04
8.537759828971516664e-04
1.038367534256029283e-03
6.363379607505770252e-04
2.174021836660740628e-03
7.926442824229166595e-04
8.937791823151221282e-04
1.008687265564370923e-03
8.559573605302963359e-04
9.583033052019735874e-04
3.550596256053566852e-03
1.248974121248786753e-03
5.527389261186356571e-04
6.578124517398561575e-04
7.315425548194488033e-04
1.108028919396812206e-03
7.369641795270215042e-04
6.849523061040456049e-04
5.833420303696404364e-04
9.565276749987430827e-04
5.867361139333670010e-04
8.344037150220215719e-04
1.057711516064813954e-03
8.857398812365679551e-04
6.143938356671366967e-04
8.651443849916155013e-04
1.135402029518790606e-03
5.820137853954008818e-04
1.286983663423333420e-03
1.245369953617433577e-03
2.132888555132769499e-03
1.022876479302945460e-03
6.238446692840993050e-04
1.079660951080053553e-03
1.503473956695030233e-03
7.071240197797033214e-04
6.366388116414776858e-04
8.932273687925045827e-04
1.116892701312360804e-03
1.572187582695886397e-03
9.376483141572385452e-04
6.807948445046955316e-04
1.056035685203172937e-03
9.894598193044110319e-04
5.766001487237945936e-04
8.358723949764015025e-04
9.622999227306738889e-04
6.551963109896000994e-04
6.881681212728539164e-04
1.466461285037135888e-03
7.248247049320303897e-04
1.029011917690263655e-03
1.056861847959884469e-03
1.135204749636708295e-03
8.719157417037012945e-04
9.239303704878335530e-04
8.206567610659242689e-04
1.151461863748263776e-03
9.579233712966347784e-04
1.018368783995821352e-03
6.097084272177712887e-04
1.493885010997789186e-03
8.997583186777131925e-04
7.290664781276282036e-04
8.229349255854262208e-04
5.833859518063417085e-04
7.878160984873273367e-04
1.073021380813912046e-03
1.401160442559199609e-03
1.125316606282207718e-03
9.051644226661048837e-04
1.436286353516170490e-03
9.868176606488197975e-04
6.026160116743492501e-04
1.061423782643721239e-03
5.946961398873379595e-04
7.608539342903016195e-04
1.607389889345439389e-03
1.430408208889600479e-03
7.721485042576445995e-04
1.144504020343812536e-03
1.063648929717756278e-03
8.961386998442409267e-04
1.057472015396351784e-03
9.557091931094811041e-04
9.986680714562030155e-04
1.104252385981309426e-03
8.195363161444495356e-04
1.079702959679294891e-03
9.897653436080659176e-04
5.859651215520177234e-04
1.929976175298829836e-03
1.090203523753839870e-03
5.794397419086336556e-04
8.236589338556638126e-04
1.089178307009865555e-03
8.661555621761326488e-04
8.947634071993026223e-04
2.009752421963669367e-03
1.023774740107696564e-03
7.839158419457893916e-04
8.957082089586363609e-04
1.292547804179503814e-03
9.855460185007344862e-04
1.311098700561248026e-03
1.005921856722000315e-03
5.512593951045675683e-04
8.831666634113079922e-04
2.206014357897877632e-03
9.157220691833399366e-04
7.040108518934738713e-04
1.321960316812668393e-03
8.109414571216301808e-04
1.843694917103527991e-03
1.481571058873538309e-03
6.156339512645937675e-04
6.327950588778856553e-04
9.975231454320860214e-04
8.405246274655802990e-04
