8.787943331382183643e-02
4.573994770531868842e-02
5.598141566533532121e-02
5.682531457714171119e-02
3.434710179912123240e-02
9.788328133360113537e-02
5.854380811816853325e-02
9.404804082458473324e-02
5.452004262881088303e-02
9.696094210738048780e-02
8.867884866801109545e-02
9.581353301918502097e-02
9.676641363465708634e-02
9.842580050342690512e-02
9.074582426413302372e-02
7.545777321911525948e-02
9.652828573860204597e-02
8.931990704945738657e-02
9.511684590925774396e-02
6.127562595165095272e-02
9.960871788660037585e-02
5.174955848159520921e-02
6.164947729761043049e-02
7.920459637278398635e-02
4.132906657341426510e-02
7.848631643991733908e-02
6.107781145709217929e-02
9.878625321403194937e-02
6.654960848134905405e-02
3.579673001437158608e-02
9.047517960659244574e-02
6.544270784781520967e-02
9.924735742767275271e-02
5.502794492351697347e-02
8.352864078455912722e-02
9.826031613156459288e-02
9.971333153737711730e-02
6.656708599363858614e-02
6.817662510732981629e-02
4.563542822302891350e-02
4.172233485607892978e-02
7.421717417151477147e-02
5.727470923488856003e-02
4.122353047650833408e-02
4.740212884474559463e-02
2.636448783054864964e-02
4.393009250000274452e-02
5.008603414796537062e-02
7.116893934100897157e-02
4.030005925917286985e-02
9.613039068347675742e-02
6.942159046601364958e-02
9.905782123573372844e-02
4.560662677902736772e-02
9.308554095796610361e-02
4.204491561658619397e-02
4.579709029207253840e-02
5.396783588727853409e-02
6.702097989991179228e-02
8.003449899852919935e-02
6.458841224127907787e-02
5.798619180905455195e-02
5.755148132835632979e-02
3.701457785810591955e-02
2.635014713864188701e-02
9.918278681274969588e-02
7.707005663084738611e-02
3.209381440330213997e-02
7.687761596870136549e-02
4.074793976732923872e-02
3.529721450877830458e-02
9.261867263177286924e-02
3.275762743496054424e-02
8.485929548059135963e-02
5.435096569883079293e-02
5.592654873835437024e-02
8.734552230775655124e-02
4.727133001771773729e-02
4.660646788383957656e-02
9.466405753812258406e-02
9.353358673073010332e-02
7.954576175742948674e-02
6.099346572451398718e-02
2.554065469688017107e-02
6.771391336420454210e-02
6.598694841541120903e-02
9.720776621252361083e-02
9.720724161880404945e-02
9.942587344549587425e-02
7.026794382078838108e-02
9.947073678645969308e-02
1.740770166843666131e-02
9.707042029273693640e-02
7.266369695269429829e-02
7.299718019305594108e-02
5.084237907236616866e-02
9.029855753907368998e-02
8.240573923572136472e-02
9.863032964482081055e-02
7.173937589073853260e-02
7.412275531006078111e-02
8.575031650984271669e-02
7.404023064187562064e-02
8.099828625069196986e-02
4.833020002417606764e-02
7.603150753640339210e-02
9.511989164922375617e-02
7.689438662570341476e-02
9.398346034884839939e-02
9.430725343637844094e-02
4.056090122296104189e-02
6.240051130084588171e-02
7.739722371356841379e-02
6.775459604691580484e-02
1.472046742288446800e-02
8.413810411394695432e-02
7.124682933879442071e-02
4.758814809485102659e-02
6.588230670532443933e-02
8.666856682845673621e-02
8.428173978717601322e-02
9.051510385200843556e-02
4.635596714030629228e-02
8.261117686321944875e-02
9.686021640015268774e-02
3.366250404914019473e-02
8.390166900716881926e-02
9.877907612730391085e-02
6.970001327249497614e-02
6.335268932079689275e-02
8.327085277158495502e-02
5.694667782329070754e-02
8.113290815019165436e-02
9.926747805446350936e-02
8.307820841492388753e-02
7.481483525741311480e-02
4.634844723989405002e-02
4.715198907226852282e-02
8.686009942794181704e-02
9.885296767808439411e-02
8.060749785495069375e-02
8.705739742234253065e-02
6.841511973796295110e-02
6.387398097002536246e-02
2.599580045831464611e-02
5.342210842871870230e-02
9.196881082644578487e-02
3.182806681923845693e-02
5.848091421763555037e-02
2.519870902913061428e-02
4.334369233690608947e-02
8.044873320546072626e-02
5.091288487339779706e-02
8.115525189504721459e-02
3.276929296382666279e-02
6.492165773609918922e-02
9.746590665384867458e-02
9.026527024880134920e-02
8.806468906308949351e-02
4.934050160499886539e-02
8.132488402422784202e-02
6.071356973777612687e-02
9.960100448518133254e-02
9.955074125514025429e-02
5.683401339572498323e-02
9.590150409108569307e-02
9.159551359668402504e-02
6.761629277821229467e-02
5.742069275990167171e-02
2.369664852925813109e-02
3.667846255661223048e-02
7.820012336284858090e-02
7.584414508106743225e-02
8.628395336414100558e-02
9.752737896470449475e-02
8.252766334334643572e-02
9.292165284992401353e-02
9.888573980293700882e-02
3.233399504550669989e-02
4.821809111430628431e-02
3.480907692582082408e-02
3.452272070182012959e-02
5.360134376372704956e-02
3.510193963926689503e-02
9.358729666151900661e-02
3.769411144056190877e-02
8.855701087367184865e-02
8.306195935122254181e-02
7.975343685598580701e-02
7.446502877456444291e-02
6.502720081351619219e-02
9.948928490711728134e-02
9.977892018803564966e-02
8.851902616940091062e-02
4.139071825793631115e-02
8.881027032036535596e-02
9.096920186986842682e-02
8.009521488925132326e-02
2.770869062664476842e-02
9.143664646022756082e-02
5.435382754534485300e-02
8.880484255673601335e-02
4.471324367078326895e-02
8.563585632661764591e-02
4.467195118314305075e-02
9.694435554959622559e-02
9.907190207273268434e-02
9.358390795610521673e-02
3.851592618829887543e-02
7.758187898227771051e-02
8.273971589443511465e-02
6.380676302322509097e-02
7.309261735730046561e-02
8.227526947609491159e-02
8.928015004054570825e-02
9.977093742681232558e-02
7.244245154252822172e-02
5.748305574899231774e-02
7.014733219093746697e-02
8.125242882145949919e-02
8.038817606123881132e-02
9.045160662826912112e-02
8.925264222363184230e-02
9.606805932015183291e-02
3.260275164108622503e-02
5.188173715787414847e-02
9.701833709976809272e-02
8.843860462037100856e-02
9.627804934670153303e-02
8.011232247774105475e-02
8.933338805252979964e-02
5.873743296988720441e-02
8.913708764669131535e-02
4.512383767868153456e-02
6.332206353475121341e-02
5.604396734354893939e-02
7.252005607027946221e-02
6.304941357007601277e-02
9.272420104851608613e-02
9.801496693349412426e-02
7.679658008208797848e-02
5.292234974000215031e-02
8.476825390901487900e-02
9.947538784263841583e-02
5.947803076050509757e-02
4.162759450468531824e-02
9.287892054789045893e-02
5.443697933286958945e-02
4.848461864907248342e-02
6.958554743866393610e-02
2.904740569824947050e-02
8.409544349039528577e-02
1.976846342690782160e-02
9.958343409219841402e-02
9.057073520755644369e-02
5.187525120346502677e-02
6.270140033561152904e-02
1.099228782298350936e-02
9.223636212954472446e-02
2.791430656325107409e-02
6.366302444036821273e-02
9.468481073051901453e-02
8.332407972771525839e-02
6.248534564632442917e-02
8.761085030754219016e-02
6.417283315615968098e-02
9.503399279367839847e-02
8.251027768716746869e-02
9.494986597836753417e-02
6.373383168984242397e-02
7.345553534066226464e-02
5.323934392951654160e-02
9.841800580701895451e-02
8.420613552384238754e-02
6.569150885023036790e-02
5.318450285467755945e-02
6.671629630438735692e-02
3.732175691026888564e-02
8.281505332791251617e-02
8.110717939460823644e-02
9.781863722466742350e-02
7.680490485542967871e-02
6.847136328421857265e-02
5.412478340045320108e-02
8.185706117209413935e-02
7.224034544263777113e-02
9.140837947312126233e-02
9.456949776341144753e-02
4.782736552607680380e-02
9.645293756857525880e-02
7.923407866073312045e-02
9.880256091622686976e-02
4.351392501980752558e-02
4.075712524584231000e-02
5.432474318896005766e-02
9.895790863201912868e-02
3.987438062684911522e-02
6.522410809120039732e-02
8.273026706376671036e-02
7.630086531490158641e-02
9.661808081155709438e-02
6.958146109163514115e-02
5.112525379547010196e-02
3.219911222570404769e-02
8.461169576125228409e-02
7.843742243615887955e-02
7.001656684680916676e-02
6.257723677845203336e-02
7.641215423929369199e-02
3.598705807685748798e-02
4.985126240107109336e-02
9.632769939470808840e-02
8.613589242431901605e-02
6.800925452598657883e-02
6.767217457237088840e-02
3.347595002260722596e-02
3.576463301292374247e-02
4.702486478254237073e-02
9.617613506015028346e-02
9.055860134186097254e-02
6.259706114292044876e-02
9.823499695626775052e-02
9.790941539692284146e-02
7.054649489879215307e-02
9.084916122519109960e-02
8.262393584497701449e-02
7.702453486333238342e-02
8.638368726284836874e-02
5.281238740085595490e-02
8.090736966185052559e-02
9.168452350403304141e-02
7.249661135014436042e-02
9.523936962569988507e-02
6.605508150230851583e-02
8.513391977384675291e-02
4.049202209368560346e-02
3.410675551443131254e-02
4.094218303787517527e-02
9.042529224371184671e-02
8.113707663405902992e-02
5.478996710641494128e-02
7.060579871671426866e-02
8.588133364521553792e-02
3.752614986693663529e-02
9.278419062657525251e-02
7.033027037476086152e-02
6.169409409283738155e-02
9.876170577716376908e-02
9.146709173283321115e-02
7.489327190919031763e-02
7.879374227792079743e-02
7.016437124428422101e-02
7.164116563067725318e-02
5.087406020054931893e-02
9.523738975301873633e-02
4.529593955452032583e-02
7.712214007802725702e-02
6.244188366557833908e-02
8.837339066865487758e-02
6.653823024597402269e-02
2.003570404294075305e-02
8.984697543790229335e-02
8.934536714650741229e-02
6.854978874895953367e-02
9.946255651749590088e-02
6.810983042008141031e-02
7.349735130125205351e-02
6.331573651004111791e-02
9.324582716200432997e-02
3.994011562851942920e-02
9.305533700174525857e-02
6.919869050856644610e-02
9.128987611753131004e-02
5.611849621211931205e-02
3.683109779198070338e-02
7.914134027875587007e-02
5.624432049917868492e-02
9.358120222897974017e-02
9.392639652045589593e-02
8.518510577517170168e-02
3.543180526774007688e-02
6.010588877631310722e-02
9.243643268738774288e-02
9.791521546604088633e-02
8.149760866889045607e-02
9.173508958467849195e-02
4.438829516505884976e-02
9.283851309558045772e-02
8.744656331256363269e-02
8.993888794879278947e-02
3.305981001657006674e-02
5.498072526996525961e-02
8.393563932591564802e-02
9.559810163600329647e-02
6.033750685020370513e-02
3.309551134368222264e-02
6.339365757488041320e-02
9.945640846992127859e-02
9.578910049442132535e-02
7.430935743993898057e-02
6.004661694769039548e-02
3.178833238939782202e-02
2.619452012668958135e-02
4.660137960892154346e-02
6.235292520844516045e-02
9.749902415170730308e-02
7.046844850832306717e-02
8.066782762625734904e-02
6.039428850679420119e-02
7.244372487450419229e-02
3.173329858454580071e-02
3.812344875185987719e-02
8.529555579336718651e-02
6.306395666895378560e-02
9.930707006592652542e-02
5.204288716041422652e-02
5.896165456532401206e-02
8.391853615555038004e-02
5.308712172912169458e-02
9.370368231126049996e-02
8.842959740194919482e-02
7.582847632852426911e-02
7.793246886620594505e-02
4.462287265688109211e-02
7.905741750278624802e-02
4.139801918472039988e-02
9.579637813766601895e-02
6.222182907632917148e-02
8.727499409800877628e-02
4.820440922530058736e-02
9.488278420195209173e-02
7.350780063678466481e-02
8.205966459831043336e-02
6.845694475215198527e-02
7.044555279956297988e-02
5.168736548176271900e-02
5.880473953209994220e-02
4.206269658799440675e-02
8.146397629540426399e-02
9.314366414648289627e-02
3.521845565340277207e-02
7.984543309760067098e-02
6.362307513457557406e-02
7.851958747437953745e-02
6.464286157141976852e-02
9.747575163947762300e-02
9.913674077568203347e-02
6.726453737295072510e-02
5.188281605309442296e-02
6.084869515530494377e-02
9.277676897939095280e-02
8.232203479761349141e-02
8.804455436381333766e-02
9.437197723288087703e-02
9.426838158915436250e-02
4.413700784539653643e-02
6.685625246604801064e-02
4.374541242645172551e-02
7.836866307914584773e-02
2.266244546738035992e-02
9.023341875748289165e-02
9.742720552004867363e-02
7.059257489568042387e-02
5.510247944176161622e-02
9.974183027004536461e-02
4.770782000140890572e-02
8.059550857912053945e-02
6.117770471778858493e-02
9.512763499032858561e-02
3.636629607166459721e-02
6.387522184857336027e-02
7.798349829459341742e-02
6.403554153361848411e-02
9.598890771227253094e-02
9.239419531735158786e-02
6.318002535129045583e-02
9.451514389641590963e-02
7.635472390344591465e-02
6.338215547023655361e-02
2.721928430802804735e-02
8.509340366047704607e-02
5.643671815802626945e-02
9.254499004186894640e-02
8.427388462111218281e-02
4.627561182362682768e-02
4.176582578737207674e-02
6.941597999512050254e-02
5.278926936921003732e-02
6.568299692478435370e-02
5.973581180634315174e-02
8.394679076744221424e-02
8.788591184372335219e-02
4.224991915413369575e-02
1.517824347207621764e-02
8.226904871720003287e-02
7.585673447403568082e-02
7.231781762404919378e-02
9.774868969693281673e-02
7.672084649567664782e-02
8.783049819101287903e-02
9.845525496405026222e-02
6.886007507005686978e-02
3.039252549521861274e-02
4.307832250585948847e-02
2.819138380155420884e-02
6.735159724404420067e-02
6.970598347148203311e-02
5.610265686342502667e-02
4.957208028896348262e-02
8.060615225530974592e-02
9.203778500924338080e-02
9.843676336307766173e-02
9.350203650335574268e-02
7.557644487981288184e-02
9.950292558973183876e-02
5.880007802787704657e-02
8.432887842262772049e-02
8.442321457700674436e-02
7.873343938289466271e-02
7.612134168970943748e-02
6.956535976824725076e-02
8.847488892318156051e-02
5.880213620602103841e-02
9.823513137986286670e-02
4.540257967127972472e-02
8.186765261452690068e-02
8.833296782231153665e-02
4.121586902631747817e-02
3.111273496113338421e-02
7.135955878937644270e-02
6.408788002448302656e-02
8.610507338212100570e-02
5.990280103618783603e-02
9.951715746949345298e-02
7.621202713033381482e-02
7.839799469039752944e-02
7.982748319800968273e-02
5.267756915469366114e-02
6.592933122079785990e-02
9.780272022667550746e-02
5.482591877095764621e-02
4.479117432389086856e-02
8.071255225588204463e-02
6.596209405814061622e-02
6.632890173976183079e-02
7.895954266824484202e-02
7.697500859032037346e-02
6.722371970293736232e-02
7.796329197445772685e-02
4.603055508943051932e-02
3.677178722186415921e-02
6.598995479332486758e-02
7.229975912533385951e-02
8.724708501919498094e-02
7.902847939299376123e-02
5.049699862558065105e-02
9.264106791360894599e-02
4.641716445404024671e-02
9.850700199581866046e-02
9.665451198018597256e-02
2.599952476609245292e-02
7.929878017702356174e-02
8.877093935003446679e-02
6.156051636864798282e-02
8.466354724407405830e-02
8.208512791672080422e-02
2.259501036769246199e-02
8.024922889007615745e-02
9.645464073288954887e-02
5.571101913138168382e-02
2.202541783373562767e-02
2.727181261354551245e-02
4.876254625833448264e-02
1.942640009513546193e-02
5.995892951084597772e-02
9.548309516081535109e-02
6.304357013970043888e-02
8.940491611676699979e-02
7.563374158748306653e-02
8.094529657150736912e-02
3.782132267444365814e-02
4.704559785383352621e-02
7.543808059609093120e-02
8.323329803275675287e-02
8.751297338207872367e-02
4.845688012684577078e-02
9.559461357402497528e-02
9.541681237739262078e-02
8.814684650153639667e-02
4.988314775919654165e-02
5.677066331985868020e-02
9.225290336459200657e-02
7.940098637811400517e-02
7.883337416508477691e-02
8.687885121014339573e-02
7.168481143585189730e-02
1.855904420878795938e-02
7.749950882336160973e-02
7.335446380790609788e-02
6.715485856430565559e-02
5.079265140145397539e-02
2.348612221029370076e-02
9.085728370505781470e-02
9.547013331507858691e-02
7.097063719611738930e-02
7.187422307837686153e-02
9.599400450263211038e-02
5.023088415586556693e-02
3.487984927400410162e-02
5.540453109672891646e-02
5.691645287111760099e-02
1.176744921079027686e-02
2.998021027277977119e-02
5.107826745559706366e-02
7.231630118914843253e-02
5.263479011031507726e-02
7.937081320004882312e-02
7.347135012822564315e-02
7.490690474654403130e-02
6.942691849733716170e-02
7.749891687072779645e-02
9.194843991744129641e-02
9.114072459464966913e-02
9.586528418544501551e-02
8.841284594352993853e-02
4.531624272847559892e-02
8.430398807005498596e-02
2.723873785235019981e-02
9.352904366073748477e-02
6.249938031241668301e-02
2.779231507479470661e-02
7.105823714446937722e-02
4.383257948690756634e-02
8.799783560944637872e-02
9.482383615207830296e-02
5.508994150249457017e-02
8.971266036000208333e-02
7.075248685716251096e-02
4.800001586022365624e-02
9.655853448753062840e-02
9.171623765856991295e-02
9.796844891526691745e-02
8.844413693814309751e-02
6.567768804482992939e-02
8.102477885093295473e-02
4.474590383603460619e-02
6.529935707266264211e-02
6.612615297012471027e-02
5.850587753585206885e-02
6.277078328404231411e-02
7.593268844101197512e-02
6.993731728540507342e-02
7.057564910864234931e-02
4.865339905503329038e-02
6.076128810734974378e-02
7.935663743965837291e-02
9.600234956486437821e-02
1.964663338985119315e-02
9.306083480764630600e-02
9.132038915536000445e-02
7.409744652399315179e-02
7.205398742069735185e-02
6.843134007473192226e-02
8.033031837736596958e-02
9.920947313636432896e-02
8.224706164427653121e-02
5.714364493096001779e-02
3.792651579029535786e-02
9.378519504457621947e-02
5.187913271495892681e-02
5.613546644337747554e-02
8.961306989254963495e-02
7.830542125466470604e-02
7.831513758000620273e-02
9.688369815853598022e-02
9.187577562779103424e-02
6.787688537264099931e-02
7.936138645793686108e-02
8.074296332029944068e-02
7.895508750422043642e-02
4.466616342353193353e-02
5.743657495131333085e-02
8.410830037003952375e-02
6.765880803578695757e-02
7.629296110672501019e-02
6.517513157059698359e-02
8.952740152866850432e-02
6.058659986058508723e-02
3.084229562460658394e-02
6.109903352418288164e-02
8.473389391320101938e-02
6.528576113954924487e-02
4.474723970629446851e-02
8.961754559681420207e-02
9.398372565415810675e-02
9.708184151340665258e-02
6.932448863452771171e-02
9.224780008721633617e-02
5.404465153242501291e-02
9.214473173426315777e-02
3.173705105044127145e-02
4.474020884827721589e-02
8.789828625417400731e-02
4.621504729478342899e-02
4.630704637358390441e-02
5.451912958038784840e-02
8.926829416104932469e-02
5.220079908005681446e-02
9.251946862941275163e-02
7.747962158440135916e-02
6.246724221889005807e-02
9.581719411516069485e-02
8.806212194512520741e-02
4.120506623600653229e-02
8.340281524923980061e-02
5.053901425161985705e-02
9.095305292623663551e-02
5.020180831887863238e-02
2.280010343440327242e-02
6.437518358471572277e-02
5.424025074318918754e-02
9.186418552415627492e-02
4.712189649096228811e-02
9.189076157562750535e-02
7.256701378080188114e-02
5.874015215021506642e-02
9.933867602398158136e-02
7.279151232505728930e-02
9.121771712934263754e-02
3.249006616765277855e-02
8.866001301630160869e-02
7.467102283436193033e-02
7.335655343696138864e-02
2.054899024032512400e-02
7.640785902363753102e-02
7.155289900997179042e-02
9.437811294944239981e-02
6.486256247947921882e-02
9.246696118436513456e-02
6.939080191421324872e-02
7.355350077363080608e-02
6.338578416762437329e-02
4.355504965795942846e-02
8.368169968836391970e-02
8.696922338860385571e-02
9.658181242979162195e-02
3.912318660087939215e-02
5.464568925739475558e-02
4.266427632825869898e-02
3.536075235879770212e-02
6.995817154809595706e-02
4.142984378486818525e-02
9.068210247758645703e-02
4.500376833418686523e-02
3.925921958246405413e-02
4.471604990350147579e-02
8.180738342647918271e-02
6.308485365559871050e-02
8.161759654026229382e-02
9.688291579459976099e-02
9.941637327208137365e-02
6.321367198286922950e-02
2.713007797383821043e-02
8.951749516613079216e-02
1.771018947478998976e-02
7.358117100849542735e-02
5.876856790610539283e-02
9.379127701265876915e-02
4.111382429086030132e-02
5.966713351295313550e-02
5.344833646312175529e-02
6.372423762578660611e-02
8.739789304054459973e-02
9.559740339686380317e-02
7.978721260215937416e-02
9.247871048373366987e-02
7.702720676523236443e-02
3.429038394318235233e-02
9.935889699456575130e-02
7.391296953373131806e-02
7.370537248845251965e-02
8.902383656543241819e-02
8.663142841385478021e-02
8.671518825071992953e-02
5.333200361523200012e-02
4.884463683433792197e-02
5.016905712772361942e-02
4.421382739037610365e-02
7.251100249105486839e-02
9.946350906507740730e-02
3.222703045903013014e-02
6.700475777680993394e-02
3.888758205611454744e-02
4.261984308437184038e-02
2.396755381481419783e-02
7.536751947276128238e-02
6.444618046095541841e-02
5.306826353281910574e-02
4.031462918888626540e-02
7.529674308563878704e-02
9.089752749502531814e-02
6.179012155147572960e-02
4.455483071168614417e-02
6.489375352762676019e-02
9.292104982326516993e-02
9.576403233829043626e-02
5.562107575200861409e-02
8.369501553769420621e-02
4.559047049720254402e-02
9.757841959682977961e-02
6.915488004161152169e-02
9.099457106773659043e-02
8.755073907176752490e-02
5.659472364980506348e-02
7.073038432272074627e-02
6.003857481386735279e-02
8.725724893117735304e-02
8.871904297208872692e-02
7.285987490998030447e-02
7.415466467994726030e-02
5.669948778229593617e-02
9.193154702982610227e-02
7.339995495102009937e-02
7.735228880054395573e-02
4.624285331874824351e-02
5.431155362719672364e-02
8.682016879060931724e-02
7.319377548466285410e-02
9.455700695531814304e-02
7.685011295305503587e-02
9.075569634894328774e-02
8.290829407237602922e-02
8.300912445277419671e-02
3.619869718475481751e-02
6.436534855071342209e-02
5.607728832516647999e-02
6.835942583921170157e-02
5.612505908993229570e-02
5.634638280223178142e-02
9.289222951476236445e-02
6.224115334261710181e-02
6.139656643147684001e-02
6.205888230699581343e-02
6.477161952402032963e-02
5.733791277779271695e-02
6.710632783814017566e-02
5.002034077545652879e-02
6.649021266429834542e-02
3.626427638649367541e-02
5.750709472277799883e-02
9.660337080306447000e-02
8.013512324017524335e-02
6.886206106129667825e-02
6.531190899421292217e-02
4.875788651243588567e-02
7.896656438767428454e-02
9.699262383274769028e-02
7.634335239288997377e-02
7.402344146327674568e-02
5.970385440530630305e-02
8.141019611749585050e-02
5.419878616872514376e-02
5.148596867769903579e-02
8.341656514991807603e-02
8.111886433125407858e-02
8.157192660397469264e-02
3.466931863939354264e-02
7.001682078073252768e-02
8.456412434947006840e-02
5.295876192080171962e-02
3.438713005552129776e-02
3.600026149176453055e-02
3.218013197119200253e-02
8.115518201617769045e-02
3.752624512899122022e-02
9.238863339474027991e-02
8.847860109596863976e-02
8.408031838196855512e-02
5.455778680532658020e-02
5.438400058995244285e-02
8.587344143795361262e-02
8.760267061961700408e-02
7.182011406445260038e-02
9.962254644251609947e-02
8.568187219727244064e-02
6.223323652407362211e-02
7.089006147521363654e-02
3.414239135456316465e-02
5.314874732919896982e-02
8.800523487583272741e-02
9.996665221932415912e-02
9.699209909675154950e-02
6.144245972941383971e-02
4.114825512987259348e-02
7.669086041410362597e-02
5.705993148382212249e-02
8.610668882918896816e-02
8.241239012923270990e-02
5.866672271643365993e-02
5.797399214499979192e-02
6.864708436880012643e-02
6.580759018481077693e-02
7.694469224555430809e-02
2.609396550058517075e-02
7.043470060233691932e-02
4.216980844010612128e-02
5.421027561224118357e-02
4.773578482800305139e-02
9.778300704663951681e-02
7.156854279093986804e-02
7.239479340327560630e-02
4.398081538480647090e-02
9.211500800630127717e-02
8.171139245877652446e-02
8.394547453660762548e-02
8.942306917865432137e-02
3.770356943040510667e-02
5.820999576037701878e-02
6.597984251129469790e-02
5.889187905335240003e-02
6.174785187088331628e-02
7.180160048018115193e-02
4.103368446816581250e-02
7.837111735948697200e-02
3.799927915727312894e-02
7.915873141994528295e-02
6.651416161619291834e-02
6.684818909912065843e-02
8.119898218081880725e-02
8.112230498655985389e-02
9.752078595313669329e-02
7.409335008953536750e-02
9.354041577207564129e-02
7.736172708426863887e-02
4.652852156356661328e-02
8.819739635491273544e-02
8.929675043546668467e-02
3.983523581481060449e-02
9.719459460429916153e-02
8.603106088771561577e-02
6.648098240855272734e-02
7.999152950059874867e-02
5.856138381402400950e-02
7.189707077539031488e-02
8.120709904749216779e-02
6.687714186991113030e-02
4.933445654392527857e-02
7.902367872043607189e-02
5.297397809790178186e-02
7.700364906212903149e-02
7.527982416340364691e-02
6.891190917803083349e-02
9.109430049214441161e-02
8.235113058083545767e-02
4.667469525035131128e-02
7.598010751312775368e-02
6.264852839386669814e-02
6.142138601952223248e-02
5.852417880312442422e-02
6.761990244233265224e-02
6.396451219385120013e-02
6.734896194018516469e-02
6.084075864671546763e-02
4.605311930828921707e-02
9.849545074377295817e-02
9.004418574733631664e-02
9.108717976361334345e-02
2.151165530846314497e-02
5.997627285025404487e-02
6.645179734157628804e-02
8.733494686543191721e-02
8.374487655529544439e-02
5.354103855792741867e-02
8.631842280269455547e-02
7.452274635233463451e-02
8.177469365542865132e-02
7.010424135037594817e-02
2.131361157974534862e-02
9.376152923878187939e-02
7.553852230115122579e-02
7.006326030410441053e-02
6.017976425641729382e-02
3.799951287718504600e-02
7.341225540999248012e-02
7.033082998103235006e-02
7.787408234102484450e-02
7.648024151190362108e-02
9.604880896005246749e-02
8.593366805966019817e-02
6.353616921094872028e-02
8.242736219558120803e-02
7.382443236891873817e-02
4.641053720059444554e-02
4.461824965967031015e-02
7.252720976375108541e-02
7.819348173325273155e-02
6.738721628217159143e-02
8.423255690805125928e-02
8.057500403133456557e-02
6.475568208751816823e-02
