6.155933699424784300e-02
4.171225657496031858e-02
7.832337152485323306e-02
8.610533973240708239e-02
9.033896129833543509e-02
4.489756566644909075e-02
9.504987579338239345e-02
9.843116516304648012e-02
6.081555446032854695e-02
5.461195722262021657e-02
7.254871643206195486e-02
7.755861601844273034e-02
3.163690720879233642e-02
7.749900065649598102e-02
5.384536738242851062e-02
8.329192085642900256e-02
6.535616789765806567e-02
7.818482152319770895e-02
5.947159814722327575e-02
5.864398144157175613e-02
4.365552864682765988e-02
3.546771139167732845e-02
5.971773141878811142e-02
4.400141607898865742e-02
7.402964543895848570e-02
3.671321524759643684e-02
3.763917820662443514e-02
4.578177316527973217e-02
3.354449117842427108e-02
2.064691779108568728e-02
7.045300349840344367e-02
7.149933598391333689e-02
3.636928150203840027e-02
2.540852350312010344e-02
9.433401703346594447e-02
4.827224455025250910e-02
5.014399002820688761e-02
5.521811448975480485e-02
7.846146814450477569e-02
3.150227176526820133e-02
8.806729318248147920e-02
4.999306241725524902e-02
9.678745477939537656e-02
9.816092799684827952e-02
2.871541539785665148e-02
9.082445633449874600e-02
3.648330331075238381e-02
2.913970255775753804e-02
8.500379659976919910e-02
5.685201665963945244e-02
2.671186575267086097e-02
3.171418643848887553e-02
5.557926154979104388e-02
8.716083808293935420e-02
8.560078566678605561e-02
3.454721221103675827e-02
5.643439567236247650e-02
4.187367300943896364e-02
3.530841016329972631e-02
3.526180722018776997e-02
7.039290303617981581e-02
8.700071999752816143e-02
9.144055010802334960e-02
7.865871344512651020e-02
6.781488802515424352e-02
6.552509676358052315e-02
6.883249927439206994e-02
9.741617987337181095e-02
7.627758478290462552e-02
2.975561243347968343e-02
4.975596181298613807e-02
8.496841154006010144e-02
9.485449593115333200e-02
9.448888224942311731e-02
7.735053183216480943e-02
9.003907870168351146e-02
3.677916847547553492e-02
8.784926090675418409e-02
8.486184169124276477e-02
2.595343128373293201e-02
7.733022105563426563e-02
9.609291235803502085e-02
5.904649924705344249e-02
7.760348893641642876e-02
9.894725572543928982e-02
8.897921761227974013e-02
6.258676082364023063e-02
3.654262784571304240e-02
5.461186367522888330e-02
8.685370181636042908e-02
9.296251018747311856e-02
9.109499004534553357e-02
4.439713153095725673e-02
4.987686849995991156e-02
8.641277820684527267e-02
9.213490168756588439e-02
9.704778852136854150e-02
4.061739178581668525e-02
7.148055583090094645e-02
7.471973247295034259e-02
8.718252944200315102e-02
8.404654864652454094e-02
4.147022533120676979e-02
4.156720389983178943e-02
8.062433254407389005e-02
3.630027215211424629e-02
4.875136262948354116e-02
9.305101167869950229e-02
5.606812528124952011e-02
5.614188712236256595e-02
3.282329431872184344e-02
6.691964581060010075e-02
5.106371982568309875e-02
7.277524848633204479e-02
9.681001326424124032e-02
7.039301838784971233e-02
6.295938578061041624e-02
5.130316501728856421e-02
8.667561499744966258e-02
7.615954948318079398e-02
5.124152812026885190e-02
7.640185599563893704e-02
4.973453923121123194e-02
1.847383990800465642e-02
3.768704183423153553e-02
7.189556974943189793e-02
6.733338378213861442e-02
2.093060269538064844e-02
9.649130586945982302e-02
6.977796078344844499e-02
6.702067989749257992e-02
6.439984442404902976e-02
2.385880329929170388e-02
4.540830740791002018e-02
3.198841630522500368e-02
6.645663317528872904e-02
8.719349794791339536e-02
8.353745347025157142e-02
9.056047771729723583e-02
4.652505125268122099e-02
3.555792838088264740e-02
4.366952200132018930e-02
5.988845721353240614e-02
6.653623001014764837e-02
6.050094916962363983e-02
8.012828691914165857e-02
9.932929726996793385e-02
3.129909597534585169e-02
8.833953048916744211e-02
4.635100829802810823e-02
8.075233991328728544e-02
7.494981025312598411e-02
3.581328606980299645e-02
6.184736879536113091e-02
7.951078644918768701e-02
8.779126795387660886e-02
3.762526886562408968e-02
9.530423603509988184e-02
3.768932369797400872e-02
2.907935931394006746e-02
5.885865450100053603e-02
9.877241038797568429e-02
8.492026846551489760e-02
3.115772611009083939e-02
3.902426354245248225e-02
7.783222916351478782e-02
6.520391307145900761e-02
8.080404569079328858e-02
7.593803516862882019e-02
7.349363716380671874e-02
4.598750317632392670e-02
2.135993729449737338e-02
9.954919945772769396e-02
5.391456826296392446e-02
2.300398038059072586e-02
7.003271715244682727e-02
4.483926234534395261e-02
8.796558755136965613e-02
2.815663500099406871e-02
5.449641936508170525e-02
6.909414011413901602e-02
7.146580425158785554e-02
6.863060445556948275e-02
8.658331944411901127e-02
7.790956366138705735e-02
2.740379855130366943e-02
3.299616223925237735e-02
6.157700198847460005e-02
9.860933189425813428e-02
7.325740638729576204e-02
9.994655359859740129e-02
8.908906906603558662e-02
6.348868723062348063e-02
5.317921925491907176e-02
5.462516572725417685e-02
7.799362360765751956e-02
7.638740505142457837e-02
6.133560203434673674e-02
8.022961740933488850e-02
4.216210985091238539e-02
6.866611489255396161e-02
3.655575185247543490e-02
4.041000741277845504e-02
4.155364688159296493e-02
6.154494827024904746e-02
3.939333147050198131e-02
6.045930718324589448e-02
6.961092983645186805e-02
2.725032848192831397e-02
4.598944501454690914e-02
5.882534946555795230e-02
6.640518504337888928e-02
6.374875873111716940e-02
5.899375205287235580e-02
9.645800244952629221e-02
7.208662115186641184e-02
4.095733186111419344e-02
3.094806158244770705e-02
8.848999504272658800e-02
7.494086685229214839e-02
6.382219125319757436e-02
7.226256458165769558e-02
4.005218826117980246e-02
6.184537625031545638e-02
4.327937213050656040e-02
6.559333070480174999e-02
6.089776217062006780e-02
3.547217430519980508e-02
8.837177299978996037e-02
2.892412388755995212e-02
7.838457776524339338e-02
9.727661203288406888e-02
2.371843698589696375e-02
7.730194890997157953e-02
5.990419319396511622e-02
4.100245666295652958e-02
4.023987297785708989e-02
2.791632701267022718e-02
3.538773303821152877e-02
4.086143597251586795e-02
5.659961638315494370e-02
4.887043714032909825e-02
8.622250385510232817e-02
8.716267164482147112e-02
5.880664768012970611e-02
8.599207538361980374e-02
3.607343143393823559e-02
7.203915062587551432e-02
4.417146442325228101e-02
9.020101873207071741e-02
7.314993410638891136e-02
9.256890570529263673e-02
3.602538240519748136e-02
7.243808727446290896e-02
8.572189869647765803e-02
7.142068382842983731e-02
4.051324953437994425e-02
7.176313558028588058e-02
7.411404781521685470e-02
3.273493865034472067e-02
6.199325911861144900e-02
6.149467367092232434e-02
3.057271573670166526e-02
2.786154075231819446e-02
2.228915398504692155e-02
4.667355091768420061e-02
2.662421721041237366e-02
3.017638857812124376e-02
9.494043551300333783e-02
6.574179009132684326e-02
4.744646550504935667e-02
9.409315132699622164e-02
8.933749345890476534e-02
8.275320495923391140e-02
3.053200237837330050e-02
6.303559795246392594e-02
8.181112459374428880e-02
9.861043932982430094e-02
5.875212493762806132e-02
8.887189032250955578e-02
6.207942882027451398e-02
4.324484126173613191e-02
6.603113009916793119e-02
6.513457601367976524e-02
8.319458773136187424e-02
3.972806166205085365e-02
5.835856860792054679e-02
9.655009409785303420e-02
6.527426287402900151e-02
9.953926401017826331e-02
9.945936491374077204e-02
5.535778470080268687e-02
3.052783515229014200e-02
6.205175396692822615e-02
4.534205819600337084e-02
9.489167899570971620e-02
8.344660004215959104e-02
4.812659928543410598e-02
4.131834618608642984e-02
9.218911151776923441e-02
8.261211758084580081e-02
6.257019203626357218e-02
6.219890778866725423e-02
6.161336751318433752e-02
2.792046620574440904e-02
6.421893636258257931e-02
5.082213281500939234e-02
4.326333575776773049e-02
2.533767504544233440e-02
6.045128970953799613e-02
7.154188910748419949e-02
6.284619438288059634e-02
7.260577564513347182e-02
9.235142598458202789e-02
8.195528097106644094e-02
8.760494191348366932e-02
8.714832037307305990e-02
2.559390348309234162e-02
7.070971598582957707e-02
3.532906719701758153e-02
6.700560911472999703e-02
9.134966056437744675e-02
9.351881577546962421e-02
5.048100936892482848e-02
8.481106992775326592e-02
4.436989365309245564e-02
7.044180763095379827e-02
2.059474838439058486e-02
8.252440919360827520e-02
8.624498897074650561e-02
2.250233966589014131e-02
7.576677165549994264e-02
5.926652636283351316e-02
8.007978284895028720e-02
7.131760474987919318e-02
5.707185433094742050e-02
5.090262420162315615e-02
3.538174875930828051e-02
9.898896307694489416e-02
2.731775248851572857e-02
4.221164477521111014e-02
4.533249543900809420e-02
5.269492651448550585e-02
9.831462050919424767e-02
5.236740022146149642e-02
3.015844609599323267e-02
8.890829552975781924e-02
3.739670845230145396e-02
7.616266349525285806e-02
7.356977990439100834e-02
8.918663181295508058e-02
8.874846243406506185e-02
4.932969150249681689e-02
6.216418751065876797e-02
6.871204602144397044e-02
6.094409274687504624e-02
9.499199748674891364e-02
6.386982745057172284e-02
5.457916943792557457e-02
9.703329766313598115e-02
8.747250171979974176e-02
3.191590526172450454e-02
6.418088854657497122e-02
8.890915891754891387e-02
5.956924094682129744e-02
4.524228989194377382e-02
5.101356473386783191e-02
6.984858657038198193e-02
3.310133833432235551e-02
9.863967870780748770e-02
7.909964026951048222e-02
8.613945736718492396e-02
7.052152806063177737e-02
9.922514745017503579e-02
8.697936627130414822e-02
5.819492364608399443e-02
4.110403979801711266e-02
5.890477014777695253e-02
3.881650570678460421e-02
7.226266100829364936e-02
8.488896815251910366e-02
7.066369839955202736e-02
6.634498219104316419e-02
8.835709958076622128e-02
4.221152661008854140e-02
2.912736340170203608e-02
9.064810298063721850e-02
6.099997909669009621e-02
5.012932497768266688e-02
5.096959753837086021e-02
8.527054103713269106e-02
9.627045984118007271e-02
7.751054480954353010e-02
8.103959250475753495e-02
4.410110572564653053e-02
7.075593428121858264e-02
3.689327929831481834e-02
3.638371185146935943e-02
8.975068911329547872e-02
3.656551683328294888e-02
9.161536279878347566e-02
9.560639274206433891e-02
9.366944208474434208e-02
3.596904496373251603e-02
3.696891388333428674e-02
9.406701478993405308e-02
3.533096468034557791e-02
9.497124136184163790e-02
9.181324235430264602e-02
8.549644885285648255e-02
9.507222255158886970e-02
8.888038634687764339e-02
8.847730909010070866e-02
7.812347843610048526e-02
8.817908931192235122e-02
2.835589726421661877e-02
4.992804482347806827e-02
2.487410025593371835e-02
7.076330503730848820e-02
5.726075940579876400e-02
7.504002500040229950e-02
5.936102266325081478e-02
5.207879505431998318e-02
8.543517070818489045e-02
4.434655385693959950e-02
3.091879886387935775e-02
6.932053200407375937e-02
8.797349546037463996e-02
7.031126744744846391e-02
5.325072467692541778e-02
5.815714532299131462e-02
9.967437711690728397e-02
8.144978258898910584e-02
6.598019635398386096e-02
4.755896616823004908e-02
8.597256717431986384e-02
6.359408565868478191e-02
4.793798813273778686e-02
6.509842421412230518e-02
7.521835926523383342e-02
4.688802537798784920e-02
9.720738966793973646e-02
9.846366131489571460e-02
5.155051474437855052e-02
8.960996601471454825e-02
4.378057677408180026e-02
2.616937465170684346e-02
1.866649386003544492e-02
9.752088936073392833e-02
7.636459251739376175e-02
7.655870831053042391e-02
5.687835536368919531e-02
6.788253324799420341e-02
4.430852777121101205e-02
5.490663041251476334e-02
3.753952264217360474e-02
7.567014914347816590e-02
6.582449071365761850e-02
6.600601142304765578e-02
5.200247249485335371e-02
4.366196454083067641e-02
4.979789447592692514e-02
2.286760324004891154e-02
5.807306939073211827e-02
6.181897662083021827e-02
4.975851302775441409e-02
6.756125653878200521e-02
2.878204575924118297e-02
9.240634737197060689e-02
9.548769684486621556e-02
2.981827632320114413e-02
6.283563076057545327e-02
5.366490996903260091e-02
5.037584010514312149e-02
5.198405946919167075e-02
3.043015005001066531e-02
9.419542419499614405e-02
6.622907506603137318e-02
7.027150310871317640e-02
8.334837052294122306e-02
9.633807664115831559e-02
3.273237901317291310e-02
4.284824323627552112e-02
4.084621961221390068e-02
2.352024834650869728e-02
4.132781514636350850e-02
6.541547068611516802e-02
6.136067711573019862e-02
8.365245284961717043e-02
3.096800346527862902e-02
3.741501500238468558e-02
8.760802882040702455e-02
2.464971510002251370e-02
4.792254256021419301e-02
5.868644611836910940e-02
3.478084824209091291e-02
3.913588940672703409e-02
7.097359861021437788e-02
6.857434100615845962e-02
6.136208527611339281e-02
4.080494570495915574e-02
9.237313454805318180e-02
3.004676056960277342e-02
8.207347315363230922e-02
7.159918132060721918e-02
2.779160164534730942e-02
5.838348230345562218e-02
6.485445366958676738e-02
7.623693143879459178e-02
4.421553511452161467e-02
9.863088321704283068e-02
3.439127497552831036e-02
2.904565289517052271e-02
6.838002797768413799e-02
3.771325641006851442e-02
5.557069320141464625e-02
2.629657495079806145e-02
7.006500544895147287e-02
9.677034752275047447e-02
7.831927825184757663e-02
6.895035192411214098e-02
3.022013371362210557e-02
5.572293703345605753e-02
3.379546431858193589e-02
9.702150806041659470e-02
2.236682234809244177e-02
3.496354254780489196e-02
5.017300835318854596e-02
7.763533973432923396e-02
6.372670872170210776e-02
6.624557924040837265e-02
7.276869722597230361e-02
8.551222456319640397e-02
2.402973104273597310e-02
6.007533130295515666e-02
9.171209576741595759e-02
8.811983888695772149e-02
9.164557809585878456e-02
4.002555669834879926e-02
8.485524387639310773e-02
4.384437170178166060e-02
7.670303171449205371e-02
7.299769830588576092e-02
7.241881915533798786e-02
5.480677807841338733e-02
6.047759051216824305e-02
3.755537341744603907e-02
7.266242757444002498e-02
7.612510020402390998e-02
9.074932640644280124e-02
5.962248544676937434e-02
5.949802116070920799e-02
4.338742446889894133e-02
6.690135404153284282e-02
3.195726775028154970e-02
7.946303735910542621e-02
6.724201619285483100e-02
4.917247387099610983e-02
2.817088824229161542e-02
8.385561357157671203e-02
3.458092208945384022e-02
7.586101797003028113e-02
7.808297710268503888e-02
8.175593462087543672e-02
2.652545567412716715e-02
7.743972176124537532e-02
7.463380926292470519e-02
9.583048625995475855e-02
7.797618487860837055e-02
7.743358352365121988e-02
4.452268280922525717e-02
8.812672869522543417e-02
3.628009549070073531e-02
9.043390528796275973e-02
4.661866184093094168e-02
6.487167297515152031e-02
5.718597850092405760e-02
2.850669338886353821e-02
8.329572461125017702e-02
6.515705113964209705e-02
2.457342523902480980e-02
8.854730279993511255e-02
7.518639171841653979e-02
6.066768946549515318e-02
5.509954120090707758e-02
7.326636102777732418e-02
8.411430328384973676e-02
4.084682104503906119e-02
6.161686249834518597e-02
8.294897553173372073e-02
9.281170836287672143e-02
9.111605403760709987e-02
8.967475947613554044e-02
9.899097171039050735e-02
9.328934851113310223e-02
6.404685547714855653e-02
5.357638973964663764e-02
8.795150818529359760e-02
8.450809921353931442e-02
5.090679078981542871e-02
4.802562707389249064e-02
5.527396761468111874e-02
3.394213812622746962e-02
3.761484273881779417e-02
8.279335792535079397e-02
9.090009831115788974e-02
3.952858971171335778e-02
8.808076183707125306e-02
2.383673495447874435e-02
9.176938389899996773e-02
7.693406763342337806e-02
7.421997265007032607e-02
4.946280315465696048e-02
1.876043349587604853e-02
7.916274116323714083e-02
7.705282531237971078e-02
3.797031547610777574e-02
8.906886652644374625e-02
6.392883729564935447e-02
8.966919071477794101e-02
6.388978046130137922e-02
9.711114482560935512e-02
9.802170433917857528e-02
7.882862436676302265e-02
8.344485158704473271e-02
5.359862810815600731e-02
4.398778686685454048e-02
3.256740644519115491e-02
6.770797638431236276e-02
7.567945830351230363e-02
5.811437292539863020e-02
3.866560727641926015e-02
5.487214625190716538e-02
8.488255454960866309e-02
5.829331459223711237e-02
3.089335430704595598e-02
2.379587207852396080e-02
7.868538750071089882e-02
7.069080927092512290e-02
7.748019765449155882e-02
4.803613971762002444e-02
9.053841462976759680e-02
6.993434368152026681e-02
7.415270346695167214e-02
8.623289006145032354e-02
9.420926257473229148e-02
8.169939017042653073e-02
2.111350185434204829e-02
8.233897172729175151e-02
8.694545283925725343e-02
5.380273174021904525e-02
8.904497873521480256e-02
7.954579668131105119e-02
5.617162924798468210e-02
5.554076038310461205e-02
6.734713772965507383e-02
9.690691721781087564e-02
4.870691598526703803e-02
9.607948072346235435e-02
6.609993362956335938e-02
6.131579700653955189e-02
2.358466072325360319e-02
3.645271150663986076e-02
5.353512072654144360e-02
4.716345297717588342e-02
6.176150333686675903e-02
2.859315934429798589e-02
2.084658701482842297e-02
8.511480733719162250e-02
7.986477927468205174e-02
5.761447268154764462e-02
6.439519514818727031e-02
7.099454322014592256e-02
6.471646770006390936e-02
9.672423736664764737e-02
9.345621017528767116e-02
9.844148153885445840e-02
9.689881035748248994e-02
5.491673901577187600e-02
8.059901373104663702e-02
5.587245395230229505e-02
6.796354170620595714e-02
9.985303001858801542e-02
6.323182250942782634e-02
6.260696171400609300e-02
5.904453247564637325e-02
9.474983493810162916e-02
6.932448981218003459e-02
3.404636519878122269e-02
6.983749503128269809e-02
6.123883588239340675e-02
5.983424021093786127e-02
9.574944876772317759e-02
5.654977553635177900e-02
7.305916173901891297e-02
4.267880527334678986e-02
5.908455282165361866e-02
6.226007846534725026e-02
4.844708849355697233e-02
6.851437623979328428e-02
5.811062219803675433e-02
4.756331169912229179e-02
6.595005826154951012e-02
9.480456223220899703e-02
9.255510179189183062e-02
8.290452433897702034e-02
8.522885568684129831e-02
3.108855755844704832e-02
6.066522592628737637e-02
9.295755678067550709e-02
3.008357226948869118e-02
8.178820274500614440e-02
2.543751487673406864e-02
5.010747735035143979e-02
9.033202473877105509e-02
7.851413973962331760e-02
6.415228228274842681e-02
6.665912573748314363e-02
9.209167947576868407e-02
9.227823901489795588e-02
2.907531083770596020e-02
9.010452211925826238e-02
4.397858603794481402e-02
4.686790652325345530e-02
4.802482006139624504e-02
7.371676538539183310e-02
8.855853374494107588e-02
9.787527061550975460e-02
8.631326239373593445e-02
4.755077941134319697e-02
4.051113053625036986e-02
9.650075355415575762e-02
6.449052521933283655e-02
9.878979910690556532e-02
7.942604586546955781e-02
9.733538631038170241e-02
5.898437562489397545e-02
8.633778589699547812e-02
6.959773024855080148e-02
8.985807286872439514e-02
3.358098416223298521e-02
4.353294511030809943e-02
9.763518530093784342e-02
6.539365141471911724e-02
4.156676292727379957e-02
5.470884650816019990e-02
5.995067379346184777e-02
2.875821375221868786e-02
8.989525788707189435e-02
2.845747450604082379e-02
4.114146993043451411e-02
7.540585053436349439e-02
8.491588576822781120e-02
3.608995271383914905e-02
4.273624850019894228e-02
3.196157650670169992e-02
4.737633679402432352e-02
7.980963908482355262e-02
5.024869721611577300e-02
3.026155604377258820e-02
6.950964070575760267e-02
6.959187326985083466e-02
4.336809069629755931e-02
6.788885101257527421e-02
5.576835674997548953e-02
8.768478265434757890e-02
2.585849708841782973e-02
6.985655878276672559e-02
8.111189995980885858e-02
3.891498659764424523e-02
5.391125883739698865e-02
6.868567882386718282e-02
2.759333879884401722e-02
5.327096875678583032e-02
6.644944372022668078e-02
7.017615449696110175e-02
7.862126670090283098e-02
4.947969145462123575e-02
3.955045840820034520e-02
4.684119209668695383e-02
9.792896736834011406e-02
3.008635099404906310e-02
8.062966565214796377e-02
3.104675933821121614e-02
4.476540913040562286e-02
7.321323548019506577e-02
9.529580697066454553e-02
7.959138541313801052e-02
8.293704334189902494e-02
8.460306210683640749e-02
3.530318660918490420e-02
6.136731075562053273e-02
2.812069355587610078e-02
4.835103069163428774e-02
5.726698453177718473e-02
2.540848299532553686e-02
4.389151687284040260e-02
8.115914824908602998e-02
7.759265711138470245e-02
9.564111125412436132e-02
2.320657720096477167e-02
5.348066120160640396e-02
7.522122419322871401e-02
9.137102982706689358e-02
2.903931675721651423e-02
7.119707401599992269e-02
5.789888496967442177e-02
6.922264110348383404e-02
5.002555954028974072e-02
4.464237263130221151e-02
7.138753047908817650e-02
6.920059304586577420e-02
3.562551015536951499e-02
3.757290799388472713e-02
5.127437750798995858e-02
7.984530035854546515e-02
6.084746892979543686e-02
3.650194578385845129e-02
5.902943653221552622e-02
2.088020052596023871e-02
4.650883213362520807e-02
2.263496628090867421e-02
8.459566298797537021e-02
7.863153769480975275e-02
3.626080744068205242e-02
9.517532205871734319e-02
5.093455087611304527e-02
3.135041718157646068e-02
6.086787468725315953e-02
4.502230594728704599e-02
4.211580513184026708e-02
6.521941353271235031e-02
3.170147534159657721e-02
2.771594062892083349e-02
4.125617759793108463e-02
5.318724892525256154e-02
7.576286685848027114e-02
6.551636096210532167e-02
6.487582939230386592e-02
2.614402852497833829e-02
4.636906100187392077e-02
4.291243149210843821e-02
2.794029780425019011e-02
3.679874231404577783e-02
3.866830207307335454e-02
8.174596653325971740e-02
3.606390579937642643e-02
8.376306656064161360e-02
5.661638475190725744e-02
9.320067154847219704e-02
5.273665011123619684e-02
7.258405951535251699e-02
8.773041593507382996e-02
6.110745228549199770e-02
9.206066879262483904e-02
7.710095982168213569e-02
6.593607619460810365e-02
4.474889251210728558e-02
5.993223177278833580e-02
8.827856596950381385e-02
4.037520252651112529e-02
2.707660816533292644e-02
9.151447773471446667e-02
5.924935585795287896e-02
3.803113504885129864e-02
3.290631241101951709e-02
9.074974534138700866e-02
8.169965920672650483e-02
7.754728110769337768e-02
7.294601325492847121e-02
7.474320550756907711e-02
9.039792750300250368e-02
5.410098208144108883e-02
5.955926158856428981e-02
2.950033968057325789e-02
8.026024893415517614e-02
5.769860253618466772e-02
9.421494338617308895e-02
7.819562034199746547e-02
6.454301381150956418e-02
8.690566134542261623e-02
3.336075546053334645e-02
5.934580250603663232e-02
9.822685232927609589e-02
5.849573384859509118e-02
6.904028714072658890e-02
6.786631171862150813e-02
7.411334176167677645e-02
8.133771551074191197e-02
8.455247071948410187e-02
4.894863726086553374e-02
7.033311005780493175e-02
4.658757674014932237e-02
7.958658381029598550e-02
8.150321431912375958e-02
6.734581978257281332e-02
4.656354365448540228e-02
2.645737146672397233e-02
7.649437447389131894e-02
8.436557155012439080e-02
6.688956564249365355e-02
5.334718651316774918e-02
9.881830418908585378e-02
3.808436517021877854e-02
6.267546529749271067e-02
9.085402986094219535e-02
5.552356457504258741e-02
6.558703967888437902e-02
7.120198983025619044e-02
8.850809717419194644e-02
4.662485892727141062e-02
5.327271984599479815e-02
7.882011467513727609e-02
2.842363111913759691e-02
6.964687403548645850e-02
5.381470153505153037e-02
7.239285856118229945e-02
4.984816273276841680e-02
6.916161315625421468e-02
6.900063830820302169e-02
6.931073274857207922e-02
7.858441360539790421e-02
4.173175508272997103e-02
3.417436655562197667e-02
9.813650580480647034e-02
3.800738249864685919e-02
7.280329054585323034e-02
7.421372220009393728e-02
8.244614983121781315e-02
7.024643713012797275e-02
3.019272863735913276e-02
6.914675676754229727e-02
5.698071085968885868e-02
6.381420745491274416e-02
7.446636408982433564e-02
8.633441880157650961e-02
6.555178256930657699e-02
9.316732196637261820e-02
8.143278788497548826e-02
6.189406506977184613e-02
6.536691442511596839e-02
5.427569437622480064e-02
7.277741035592273644e-02
9.005259120223332858e-02
5.818354224412404518e-02
7.569490144303477053e-02
6.586420549408886216e-02
8.115840976284566244e-02
3.658905952887655383e-02
9.961051837207753057e-02
7.641379566939708601e-02
9.517737354602601174e-02
4.039364397126262579e-02
5.000606005119690584e-02
5.148566081283109663e-02
9.132159994230212852e-02
7.256918322697805679e-02
5.698467937169460207e-02
2.872711099944255664e-02
6.043198036795287970e-02
5.753990054213296845e-02
5.820098282664866451e-02
3.253789823875826576e-02
4.563953562920012447e-02
2.642539477460299768e-02
7.880769961260797318e-02
8.721911919816495440e-02
4.775825760033144962e-02
7.345704873379502176e-02
8.146809757551438935e-02
5.418622195925546642e-02
7.776509917484863976e-02
6.297851092004921880e-02
9.659139902934467392e-02
6.631997644534265435e-02
6.107189533943013782e-02
6.519229935687426147e-02
9.865525480067850739e-02
6.291503794207588263e-02
6.774524710423122931e-02
7.703186601524436572e-02
8.814787820430826371e-02
8.965964952141339261e-02
6.026727516399559004e-02
2.531988076689446754e-02
5.558764019776767790e-02
8.873726746057691850e-02
2.534091212744671306e-02
5.048673648527896018e-02
4.531762650401097159e-02
8.445057543600900662e-02
3.019019336694185249e-02
9.987219308229126902e-02
5.545337721078768406e-02
8.018629985921960079e-02
6.717570530180189126e-02
6.856691132053421844e-02
9.273346186203136610e-02
7.571976966267149334e-02
9.213807945437206548e-02
