8.458867372194947554e-02
1.290348311233765477e-01
1.306045464192591432e-01
1.277413399034854347e-01
6.386302183583635050e-02
1.486024996600577575e-01
6.044829284377364192e-02
1.317173600362623043e-01
7.352342966636933597e-02
1.048151301742948072e-01
7.811748267625431841e-02
5.272130373122672908e-02
8.241499356276361932e-02
1.178076914285462740e-01
7.013877367663491624e-02
8.105335195921940794e-02
4.424615221508072793e-02
1.120751825368908050e-01
1.481999342814088183e-01
1.406890884132099284e-01
1.443391882082780964e-01
1.367997833348781611e-01
1.093404264290266936e-01
1.416563909244409614e-01
8.170877360967826464e-02
1.379735342757398842e-01
4.658436797906471971e-02
6.349500014925350821e-02
2.328302709585629640e-02
1.123942085100643473e-01
9.918083803672336773e-02
4.319070993046254803e-02
5.998530267798912741e-02
1.271662060016219564e-01
7.690120616200803172e-02
1.493445116545023266e-01
1.056979889860454047e-01
8.421294410123845997e-02
1.307000671596607044e-01
5.253711175495371505e-02
1.271604818448370255e-01
1.182410980184185056e-01
1.090786730103767421e-01
4.148186198300042593e-02
3.444890989522021024e-02
4.552950927382135027e-02
1.475163997310328379e-01
1.423707423176638898e-01
3.625277268668380959e-02
1.369690153152431922e-01
8.632035365667220517e-02
1.022837350274217044e-01
1.251246959013042337e-01
9.806549718397555848e-02
1.203758507184197052e-01
1.313721306712954118e-01
1.078523695727399562e-01
9.559556596516514959e-02
8.588383562408186123e-02
5.799650462925610289e-02
1.066882949060013186e-01
5.650598010532849325e-02
1.191490618949970215e-01
9.181989559451174399e-02
8.733317471124477094e-02
1.226919666362168010e-01
1.166917694437722974e-01
1.226124793175157879e-01
1.035586868015235529e-01
1.504908474857982181e-01
1.447422583956695652e-01
1.302491780638814767e-01
1.135480185499383454e-01
1.211789219410990964e-01
2.674303762145627261e-02
3.004778880488435944e-02
7.993154997472731726e-02
1.505068837956657080e-01
1.316918976446580236e-01
1.185353357110199291e-01
1.523143150532909051e-01
6.726046834805185504e-02
1.312978509357732859e-01
1.053148879199155008e-01
1.012787559551807659e-01
1.124312373631295991e-01
1.191146735803064460e-01
4.943133736028878372e-02
1.199717513110158396e-01
2.615790906807232211e-02
9.963622199170479865e-02
6.987785962962314579e-02
8.521036725235965614e-02
6.084174772219065608e-02
1.027580083914733516e-01
1.445873149117266054e-01
1.398518518826073753e-01
9.882805622464212181e-02
3.268781915164091501e-02
1.039874738537297505e-01
1.344370421910052460e-01
1.122750232829919648e-01
1.181452323646571129e-01
1.101985358257890901e-01
3.098908264454847128e-02
9.275500091780999878e-02
6.869238707343330863e-02
1.443910822487931012e-01
9.298393500923088362e-02
1.038715229843803073e-01
1.267270882227773954e-01
7.179516758558979195e-02
7.404111186644551923e-02
1.228525327112381937e-01
1.456110761643803764e-01
1.030430441547933451e-01
4.537775993948203745e-02
6.864785245167417949e-02
1.432285279122333665e-01
3.671149202015065727e-02
5.795906525816697796e-02
1.451820919138006039e-01
3.703786499793677855e-02
7.686850987921770018e-02
1.177449231697721421e-01
1.492920047490959579e-01
8.681964013010505521e-02
9.680643038714356607e-02
1.210894858473528096e-01
1.446575160716095931e-01
1.236568966029959332e-01
1.103148931646899256e-01
6.385293681773816787e-02
1.014351952276434377e-01
8.319429258568852847e-02
1.208783430180712798e-01
1.161333398108593817e-01
3.842055632391843528e-02
1.222664423603005701e-01
2.980336482109434415e-02
1.109683588479617872e-01
8.700508306629636812e-02
1.058568113979476977e-01
9.368214339419241032e-02
1.144317716908204718e-01
1.070798297633007157e-01
4.915036851918841432e-02
1.070524861959903790e-01
1.040259798166408983e-01
9.986448714490876732e-02
4.128166519426081094e-02
1.400502412369871164e-01
5.322939117182356322e-02
3.166409616353792200e-02
1.389204608883070902e-01
7.726435617930157984e-02
1.407984417869485305e-01
6.050121669963811483e-02
6.724046348095130687e-02
8.801705203474080585e-02
7.635148471458266806e-02
1.431795589143798897e-01
1.052319519712634072e-01
1.174138211738942478e-01
6.218221635237656392e-02
1.280499266574829653e-01
6.341248176943609094e-02
3.590618440512113874e-02
6.144950075258638622e-02
9.923272925462078842e-02
4.250350623203807271e-02
3.100523448364694151e-02
2.701530856546762588e-02
7.114133266303487857e-02
3.737448876799671915e-02
8.134342675756589536e-02
1.487685922500953106e-01
2.866280194400385589e-02
1.041497722124822833e-01
8.807440997140708605e-02
9.120841172098594074e-02
1.379745430651325711e-01
1.397884185749738994e-01
4.518839155391574103e-02
1.065756928755274557e-01
1.193960120343334208e-01
4.874756635743877908e-02
1.399534451175616367e-01
9.175375856938554342e-02
1.048412635433544765e-01
5.028866152695503355e-02
5.433147763508388434e-02
1.054003520540009869e-01
8.402956972124459023e-02
1.517615616902202036e-01
5.722399151372112303e-02
7.737103436117546973e-02
9.832373371487074243e-02
5.437955307036300423e-02
5.156299510211696802e-02
6.162887092086536539e-02
4.609700766249049536e-02
7.254197705628306903e-02
3.112870255985114576e-02
8.151317385614170741e-02
3.649049143388534422e-02
4.328305084294545996e-02
1.127329962847918587e-01
3.139345045538058376e-02
8.212784229878423992e-02
9.725788356788477029e-02
7.643992927543782900e-02
7.716521998015392347e-02
7.906554869553909792e-02
1.379491132510566875e-01
3.214820549179950304e-02
4.618906759709061338e-02
9.958836960253560078e-02
8.594736572487687853e-02
1.193095858381087726e-01
1.223887594931169220e-01
8.555931607439953845e-02
7.148520318112376593e-02
1.422488794308321425e-01
1.505755701368178823e-01
4.871873591813959820e-02
7.902142580955445750e-02
1.472935381174260705e-01
1.339958684865927285e-01
1.127005860908397716e-01
6.941275508854821696e-02
1.281272792377147196e-01
3.684557050251598825e-02
4.848159189958692328e-02
3.541514597189041047e-02
4.869574914050101705e-02
9.224154168537575249e-02
4.297038148185972073e-02
9.716689934818711905e-02
1.382191130312374061e-01
9.731465735424692232e-02
1.050397082218695599e-01
1.107439484187423273e-01
8.754423076803863335e-02
7.690935524614364582e-02
1.161332221807165055e-01
7.250278080595404240e-02
1.163822515344968972e-01
9.383003074118663467e-02
1.127038969773137833e-01
1.363295152101813568e-01
4.639755729087077785e-02
1.175132004395392366e-01
1.101272228399503145e-01
7.748901539756045120e-02
1.097396927150562779e-01
6.771516302995501946e-02
1.469376659081015335e-01
8.080487183458241740e-02
7.213694932552573713e-02
1.349711832250129473e-01
1.018209308824358089e-01
5.876166116021437624e-02
3.479965015543644291e-02
7.344406504275743930e-02
1.330866871506328208e-01
1.226551194226630781e-01
4.339395579839704087e-02
8.355784370478971934e-02
4.194422111181776713e-02
6.613805148930114453e-02
4.219677383683436561e-02
3.588846028337295407e-02
6.224966405131637792e-02
1.520801242721616930e-01
5.849693134021327623e-02
1.484806512276084511e-01
6.590673540244232353e-02
1.185342418529081038e-01
6.296827865331673657e-02
3.997342958010499658e-02
2.759142340152664213e-02
1.060174464548043344e-01
1.307696792360227289e-01
6.320060933049448382e-02
1.457414749825067801e-01
9.491638600687488103e-02
1.094571365545630587e-01
1.519839030638163446e-01
1.197581014713479108e-01
4.483347407655428885e-02
8.707750127872304624e-02
1.512586045688669167e-01
7.776949237797967096e-02
5.349630833115413125e-02
1.013785865049673246e-01
1.355021183547639452e-01
1.283896044702936834e-01
5.829172291727170718e-02
1.082760648744439808e-01
9.765394044826120057e-02
6.465125857717064772e-02
1.383144082554709775e-01
1.187187324728402466e-01
1.401549307400504485e-01
8.966647779279232622e-02
4.568604413912012718e-02
1.317092594543438633e-01
4.247929971323791132e-02
7.351513266811905700e-02
1.354229154583574402e-01
2.877054826783846317e-02
6.213487687492726813e-02
8.599060112082684837e-02
7.865201967848921283e-02
9.275442686078141930e-02
5.373185536253594075e-02
5.964738188828752619e-02
1.308639705168048173e-01
1.061325395923819193e-01
2.542333218501692180e-02
6.755332623413302928e-02
2.988340040098173139e-02
1.102338505714138828e-01
9.253035905276811579e-02
1.232635673717653590e-01
1.162478932961244632e-01
1.367047544056594899e-01
1.281551807887010563e-01
8.953875837389480008e-02
1.339932721860932208e-01
1.252654033390541433e-01
8.078459398732634744e-02
8.456767003304957453e-02
1.279325575669345849e-01
1.242457226691885269e-01
6.217256144711805904e-02
1.237140770953590319e-01
1.003342519039173986e-01
9.912258961722789086e-02
1.388012077803308930e-01
1.204873933493428306e-01
4.921866938684570092e-02
8.378278882625148083e-02
4.336570370604198726e-02
1.049016007116485016e-01
1.040399422423742420e-01
1.495844155877786852e-01
5.005391544205788079e-02
1.064002396072523948e-01
1.302542051915870636e-01
2.780898373659686576e-02
1.095910592303111220e-01
1.352715371476302941e-01
1.208004601144827828e-01
1.458190225205226731e-01
4.323699383783254080e-02
1.034793281977622048e-01
8.695108447048792433e-02
8.362948025890518111e-02
6.916905033250231316e-02
1.500090036096381474e-01
1.154402664747098128e-01
4.633987901191420622e-02
1.095411026932102128e-01
7.685442773369111080e-02
1.444119004097730863e-01
1.361395930288737677e-01
1.377330830766439473e-01
1.518972546749667862e-01
1.201302760559797289e-01
1.458908250339742696e-01
1.390436867291843792e-01
7.466687168298995203e-02
5.751403032562182188e-02
9.447707723065004726e-02
8.958526952407638855e-02
1.241708154853886359e-01
7.666308116230760583e-02
1.097467653429971546e-01
3.899109195148366125e-02
4.882141600468199033e-02
1.330973539710241238e-01
7.179785935768606686e-02
1.087415894208814265e-01
6.508750893302381324e-02
1.027050483047112633e-01
7.036975197012343419e-02
1.156561702866906460e-01
1.459702798361735832e-01
8.121935346856869187e-02
6.404437090453907189e-02
1.018139889654130215e-01
3.664669542715009998e-02
3.801780132455589989e-02
1.176397307974770962e-01
1.452912597092593239e-01
1.435498562947919443e-01
6.745978983588375721e-02
1.194444178972136200e-01
6.942267519867276193e-02
1.351727779741547786e-01
3.890267364312081921e-02
1.472648563515040754e-01
8.159172572617956476e-02
1.338538369119323668e-01
6.676925716671784639e-02
1.465585938164744306e-01
5.124480447095804136e-02
1.322914618770892059e-01
1.284329580783610258e-01
3.658035635736584662e-02
1.469746617223395835e-01
2.502002086924983576e-02
2.953875337983346422e-02
1.414670896283530543e-01
9.157842353265527313e-02
2.514939171871310303e-02
4.913272123640612110e-02
1.363983911507757885e-01
6.764617083168891765e-02
6.410486038682097765e-02
1.273171718492839832e-01
5.843543296086359945e-02
7.852524808368531450e-02
3.618543361990091828e-02
1.222957003724994829e-01
7.129772454583251096e-02
1.080420532719010285e-01
8.766643279042529713e-02
4.910899012120517604e-02
2.763476763257267932e-02
3.353704926603783693e-02
8.774003165909775859e-02
9.283219482181291615e-02
8.683228742231414998e-02
3.286126019584417052e-02
1.345006768619820270e-01
1.317982909086899967e-01
5.888923866131692136e-02
1.105238045957209203e-01
6.130480825010686807e-02
2.744498071548742701e-02
1.360687980737743108e-01
1.436018143195564034e-01
1.412114746480961358e-01
5.554896535401603053e-02
3.331724441370068068e-02
7.965802825303254509e-02
8.142842070247539865e-02
1.420640763383985150e-01
5.678197859115068774e-02
8.169134899591345977e-02
1.005475928993695700e-01
1.003162429304719772e-01
8.447116445532429352e-02
1.143416656679304699e-01
1.476488407066409991e-01
8.033555066476827378e-02
2.333398429863357132e-02
1.495329436115286348e-01
5.832016478000626170e-02
3.226926051976839599e-02
1.444713291015035650e-01
4.969284098153276680e-02
1.066624125727054784e-01
1.144179630373873546e-01
1.457336848074748670e-01
1.442734086184844777e-01
1.237118141601346033e-01
1.416058515846200794e-01
1.442275478171261283e-01
3.315687828531947712e-02
4.679225722581231706e-02
9.208600623971475996e-02
6.647151808593859679e-02
1.013506807814280597e-01
1.495157584522818495e-01
1.473504488913897625e-01
9.466151363394673113e-02
1.350253539962249505e-01
1.034634629018700569e-01
1.268220549161049870e-01
9.832649268803592135e-02
1.467490985766049805e-01
9.876191891744670603e-02
5.490468942858052481e-02
2.771010633858812799e-02
8.919514729577694701e-02
1.027355728986446698e-01
1.244090670341863603e-01
6.692737805385835792e-02
1.374346539440259307e-01
1.130463500583919340e-01
1.417078079216563813e-01
9.058250645823240355e-02
1.011488283871406768e-01
1.016214777751532627e-01
6.081386664018557930e-02
1.387773708806075423e-01
1.285815742441754894e-01
8.492348982608910468e-02
7.555708364297178403e-02
8.415381451853644335e-02
1.168094306132794469e-01
6.748897857347341267e-02
1.136791726086847365e-01
1.145303799077182078e-01
1.196424005498143428e-01
1.214928816034796383e-01
5.315780623953876571e-02
1.231460586597936807e-01
1.060292707060282169e-01
1.280544726349036044e-01
5.173919437567114921e-02
9.746854423278407398e-02
7.806808742612864060e-02
9.430222729934543968e-02
1.255733427205515673e-01
8.854431527300898885e-02
1.249584898163140501e-01
2.512380170228805526e-02
1.140006534252114567e-01
1.982259630188100419e-02
1.394782791543487666e-01
8.212855503180020722e-02
1.212601751758118629e-01
1.239362675081755877e-01
1.214349390420469132e-01
2.488150053830274350e-02
5.551920717926325799e-02
1.465526654442483312e-01
1.200448885969951640e-01
1.426419532506637000e-01
4.711370289479612644e-02
5.755318269197559622e-02
8.024437368317291486e-02
1.111625758857241741e-01
1.198700273353475454e-01
1.251293661274079094e-01
7.261887786629570019e-02
1.520877858919025827e-01
8.850530778697643375e-02
9.486582361429304888e-02
8.064370588243049975e-02
1.207394962607672567e-01
1.435887399073559056e-01
3.772371200377053202e-02
7.131859311085253506e-02
1.441647876427432085e-01
6.449943986830392051e-02
1.407684575307803221e-01
1.452428326976891171e-01
5.097742162265624793e-02
1.076143336984845544e-01
2.410151124756039487e-02
4.357957558365392614e-02
9.780260843969151852e-02
1.135715933935161903e-01
1.300026633119174269e-01
6.826985794969776811e-02
1.042595467218965510e-01
3.641653359055443961e-02
1.285702339539860350e-01
2.917857128611455603e-02
1.095514750041335084e-01
1.089166698256943955e-01
4.403793758602656677e-02
6.336636744160671630e-02
5.898947670684991096e-02
2.728181935530817059e-02
1.275172982187694759e-01
8.228577124816666144e-02
1.398284351670465719e-01
9.530900116757175244e-02
1.473727355503927916e-01
1.391349320219021635e-01
1.177954374304565899e-01
1.435911576805287138e-01
6.869768713824914164e-02
7.114956997379393022e-02
1.080707064764150072e-01
1.149980629750038952e-01
7.559790144799455325e-02
7.967217264202483551e-02
1.024965439547089879e-01
9.796644502297877088e-02
6.120372321296337070e-02
1.192634184698755928e-01
1.055227163193770273e-01
1.113218000953362652e-01
2.612137944319820049e-02
3.951218954148449924e-02
9.707623047486371726e-02
9.167232631356231343e-02
1.473797253462454937e-01
7.906655387884850561e-02
4.087004128267562875e-02
1.446923885815950828e-01
3.168419540068165285e-02
1.183186568362027680e-01
1.225166198162560838e-01
1.064142409484074570e-01
5.841481549750193736e-02
1.457851916388669677e-01
3.103259943746596375e-02
1.460712644770774393e-01
8.878490780073618194e-02
5.812079654097675185e-02
1.298894723355163983e-01
8.820442759455057735e-02
1.365635583702659306e-01
7.476695235646443893e-02
1.896647503328952392e-02
4.433156127976762423e-02
1.368914809238003516e-01
1.496254519694273921e-01
7.802311940153111580e-02
2.937364723762839885e-02
7.672585537542941925e-02
1.022646824739870119e-01
1.261485968320014139e-01
6.398763562484913181e-02
1.263634569884464209e-01
9.216738496759685484e-02
7.162358416406167105e-02
1.233023402237318766e-01
1.078223174970394382e-01
1.483353143795271278e-01
4.070684090112096365e-02
7.956064106064283936e-02
1.505781443310910128e-01
1.089716564237362406e-01
1.129159283041467760e-01
8.017609375948965555e-02
1.112579289725671716e-01
6.685397095128459144e-02
6.987366596834503063e-02
1.142502064301025577e-01
2.364162442937968456e-02
3.186696924924146967e-02
1.029121148752079468e-01
1.230574416737519328e-01
9.739516128148992258e-02
6.725601427753720440e-02
1.191022849874000672e-01
1.024745493308281685e-01
1.160469436256611059e-01
1.252769757342012125e-01
7.697269415985111274e-02
6.099280851018059474e-02
1.144833105538245743e-01
5.959885657309559048e-02
1.460422447201664142e-01
4.877240133212637496e-02
9.018845233986197418e-02
1.126644079275613275e-01
1.373121987491496554e-01
6.789446909330737467e-02
5.482369797631147373e-02
7.065573177004577654e-02
1.492871436876987978e-01
1.203996614417996575e-01
7.855411091247921362e-02
2.682921526180211125e-02
6.135550532674838298e-02
9.066088740747452190e-02
1.043511282953192842e-01
1.465739530781751676e-01
1.465406841226951917e-01
8.211799506726658038e-02
5.606480709252815997e-02
1.029126650874462590e-01
1.481865298612796977e-01
6.120404405323201513e-02
1.001503430237403042e-01
1.521128579442420914e-01
4.478856886019117606e-02
9.913002056613366697e-02
1.089744808968574896e-01
5.681665925696258862e-02
1.351243809527114259e-01
1.202695463695444972e-01
9.900789286281570789e-02
6.745153873728157445e-02
4.018816327355106965e-02
3.487497962025667281e-02
4.375259990344591843e-02
1.133399364048336688e-01
1.006205761939936993e-01
9.275161870316289692e-02
9.229749407753580492e-02
6.953658303391388462e-02
8.365723411072123472e-02
9.711717104875106088e-02
4.689531866947355132e-02
6.346038521881737504e-02
3.273212213472745380e-02
4.043910633756851725e-02
1.342156055690390259e-01
7.529001999697519654e-02
1.311184959278580142e-01
1.276420900457497787e-01
5.800111861693755394e-02
1.014223837963424135e-01
7.041921232450168433e-02
1.515120503613257841e-01
8.413757842708324830e-02
7.868970866865268587e-02
1.478840923706845056e-01
1.026887741197760745e-01
1.282702800164033929e-01
1.435257376987331690e-01
1.097678505097550161e-01
6.763198982342685794e-02
1.503585312306282562e-01
1.404804200552241256e-01
9.483830884439153897e-02
1.290193005172181329e-01
1.119478666737548644e-01
4.232771240987330541e-02
1.412383154081199854e-01
9.946492783737881371e-02
1.155147990701002880e-01
1.116598566583770213e-01
1.359795302116885429e-01
6.541507289438222572e-02
1.086680733134443161e-01
1.167959720050863875e-01
1.144291825430631682e-01
1.496343609023018384e-01
1.463741558949337440e-01
5.030922150730045977e-02
1.507474057215193175e-01
1.135529064838402824e-01
5.640004460902841438e-02
6.693391646771362780e-02
5.647570720728684046e-02
1.212109458744500823e-01
8.341095773150783432e-02
1.300964086198614367e-01
1.374862098522909026e-01
9.805176112654163945e-02
6.468078410284697211e-02
7.343461462058561984e-02
1.104338289387140348e-01
1.117009891154914641e-01
8.368593395302037496e-02
5.690419156082507368e-02
8.232564101393936851e-02
4.383241426734517387e-02
1.429783412707604229e-01
2.442911076236518181e-02
3.913672416875818572e-02
1.435117582721737173e-01
1.435772742419720305e-01
2.926377396705856504e-02
5.553778276327341057e-02
5.272758455045260806e-02
6.121874465879870164e-02
1.507493511334208336e-01
8.833138534556272958e-02
1.361145769383902970e-01
4.775374959257246144e-02
1.060721386729418791e-01
6.488143303184268351e-02
1.521615225382971226e-01
6.539078419420962796e-02
1.174015249960933815e-01
4.494990835484184710e-02
9.493336562781533317e-02
7.573382307699912108e-02
1.026007779213470861e-01
2.161717150173088353e-02
1.158453934617792586e-01
1.179797804729486033e-01
9.763526767507313409e-02
7.514939864293347649e-02
1.190168215005958513e-01
1.280286543156201329e-01
7.889992331619452570e-02
9.640049536635141025e-02
1.219095577301954336e-01
6.091451587817781066e-02
1.392867724773047267e-01
3.821238869436301144e-02
9.200308643949606235e-02
1.296508623780276981e-01
1.418597521800822325e-01
7.328695691045847282e-02
1.021474293536749067e-01
9.417335773369536756e-02
5.446664155692743092e-02
7.673567444829544615e-02
9.607374564631607217e-02
3.326596386446950548e-02
2.812605377865293535e-02
1.122925572803328553e-01
1.219529647632502239e-01
1.042948973293069959e-01
1.393050903474137570e-01
5.680755459437973609e-02
1.323747951146182211e-01
4.098179947880539048e-02
8.736637401278390946e-02
9.332179505017318411e-02
1.004894455051928703e-01
4.883319533706277638e-02
8.168820145214605866e-02
3.235835639610117054e-02
1.365141586847092581e-01
5.307852128365507516e-02
3.465174288229974642e-02
9.271179764942454049e-02
1.391412497062253784e-01
9.459830223854513720e-02
5.778650997050638338e-02
1.364194290287125133e-01
1.431370031521971842e-01
6.089307496794726937e-02
9.223208232318616528e-02
6.031259672131993044e-02
6.578912788555374425e-02
8.832663350694693050e-02
9.192095673719480331e-02
1.490002271143905377e-01
3.765696228351392977e-02
5.992046949794041510e-02
9.374238335254883592e-02
5.398077481789546189e-02
7.055013857292224966e-02
1.437102088905768127e-01
8.480154075091048127e-02
6.038407197735778942e-02
9.601311498810803646e-02
1.089349516405430374e-01
4.970333511166102891e-02
8.960569066954768291e-02
1.153873647962733034e-01
1.152370705947667329e-01
1.154872966409855595e-01
4.705014288602556161e-02
3.227794279099280988e-02
1.067902535489130972e-01
1.499443541510993572e-01
3.702961778778308954e-02
1.103880777650626810e-01
8.200890054620695035e-02
1.377984795180297595e-01
8.464423770336847175e-02
2.453711794890176684e-02
1.480777941491739358e-01
9.678670755643876966e-02
1.381493549468435778e-01
8.990121373247440817e-02
7.044738726983426624e-02
3.482490915840161239e-02
7.594591710787332306e-02
8.290527057751040374e-02
9.044806902337132470e-02
3.863357827997519062e-02
4.597997823133187500e-02
2.103813065352002840e-02
1.265162413916233741e-01
1.063103169588392738e-01
8.848549899907101612e-02
7.956676004444214467e-02
2.142003184330271495e-02
7.351623133525918286e-02
1.455957709873045292e-01
5.965789348319587571e-02
1.438160093149911667e-01
4.632636280285916397e-02
1.262725861887714074e-01
6.881268612232710469e-02
2.840396364670935703e-02
9.545599396553702820e-02
1.375081457513497307e-01
4.762062345748736825e-02
3.172984778425996105e-02
1.347663509570716511e-01
1.353663705198752953e-01
7.051010580136979344e-02
1.174091247167626251e-01
1.042383949611800781e-01
1.430634701987127944e-01
1.215559349176303094e-01
3.666713466111021918e-02
6.377730080805517343e-02
6.854496718123140320e-02
6.064234781498203941e-02
1.376620798172670246e-01
7.990445340711269107e-02
1.362921018088430747e-01
7.732245040450543005e-02
5.634183354004686922e-02
6.774058178378400408e-02
7.603598089510803237e-02
1.047117534400310579e-01
8.575126552736231367e-02
6.841511000320955882e-02
1.179591706790414501e-01
3.586836440669496917e-02
8.065687057105019875e-02
1.468205206280597808e-01
5.781211493855552275e-02
1.312506437650359237e-01
6.186910127211544402e-02
9.661617864836063996e-02
5.054568877736114602e-02
3.078754441235363737e-02
1.521734693794425941e-01
8.361377606490626169e-02
7.635984344622345765e-02
1.354375353702968188e-01
9.054886373426825064e-02
2.473507178850425925e-02
3.117323521479577544e-02
1.480758777925890723e-01
9.966814089798102516e-02
1.353123105673390281e-01
1.351728775234945501e-01
1.376141922450993538e-01
8.219263522937045319e-02
1.065272332408917777e-01
8.514171694432094706e-02
1.441337599603731701e-01
1.333284109261544947e-01
7.427164428136207031e-02
4.687462702510473977e-02
3.580555252438000213e-02
1.496730372961390942e-01
5.052077121995270786e-02
6.251454578460399758e-02
9.118095861108556355e-02
1.497669128087745216e-01
8.634246451521049304e-02
1.472587057274769573e-01
6.365656007095729652e-02
1.097089797782492271e-01
3.488447555086800211e-02
1.180949013386389246e-01
3.278316340714913096e-02
1.290507100726260292e-01
6.449778498257302539e-02
6.435974500416058453e-02
1.263989395334267907e-01
1.355784031313834737e-01
1.290813747280509793e-01
1.365463831284615959e-01
1.250747873722927728e-01
1.438687234890608235e-01
9.958685301508639343e-02
1.252090023100480010e-01
3.028057409270264178e-02
1.157879459983388870e-01
3.991259648522688802e-02
3.681380863698716088e-02
2.946350024046064456e-02
1.404009784285731588e-01
8.646499879065369654e-02
5.086575125546236031e-02
1.118338078923867551e-01
1.287193896768264734e-01
1.487623431355401815e-01
1.282948326233325220e-01
1.069633357366389093e-01
1.220195212639609283e-01
2.094584885436466190e-02
9.422299037554446310e-02
1.465823439756081814e-01
1.103511239736323368e-01
1.045445952650002897e-01
1.422522732405829271e-01
4.449011237857956186e-02
1.309292057898437667e-01
1.037734381454049198e-01
7.499709713293363500e-02
1.378196264303166996e-01
7.943949606117491069e-02
1.406941926858638336e-01
2.241175665793225524e-02
8.277867757621243383e-02
1.164524740616151854e-01
6.787039741045115815e-02
3.502366668173103464e-02
1.321964311455097740e-01
1.450086320700162967e-01
1.345714248485095355e-01
4.560467415990437923e-02
8.238959380957475154e-02
1.234109545553750686e-01
5.867504514509500751e-02
1.505451986709146761e-01
9.604365905343356657e-02
5.917935541212302614e-02
1.433170009960982316e-01
1.010718802808209804e-01
1.383888823739506391e-01
4.210242315531471935e-02
