1.342889291391317919e+01
1.127968538941262366e+01
3.418571901490611298e-01
6.284271968030502586e-01
3.883309543332551961e+00
9.900325176641498359e+00
8.451455020727868472e+00
4.332561365442048062e-01
5.371459934502215150e-01
1.043299335286585539e+01
1.067016606897312236e+01
1.011972656900671730e+01
7.242659466276441194e+00
1.132563055398757790e+01
1.363678145269978614e+01
1.020496685526575131e+00
5.122796291464625007e+00
2.664018309800998185e+00
3.069327246773658757e+00
9.665525713730994894e+00
1.007684418428762285e+01
1.197746382821311073e+01
7.112812620077544334e-01
1.306077075381890751e+01
5.706184966398657465e+00
6.552478613947288366e+00
4.107646055760258541e+00
1.284650540812064889e+01
8.628979110592263524e+00
3.738346086650863764e+00
8.120580425487765597e-01
9.877551656664148583e-01
7.329432954992293858e+00
6.573868510126169573e-01
1.034153335262633533e+01
5.244950700393584242e+00
2.604630058478563992e+00
3.722920457520863646e+00
1.221863576909212057e+01
4.425886416302008963e-01
6.600526208164148478e+00
2.403307428824273728e+00
3.910366497385808771e+00
2.849814330929316242e+00
8.864054850104365002e+00
5.335999890488634989e+00
2.240493561318519511e+00
4.379073663728508592e+00
3.059807164190486262e+00
1.347469010244200582e+01
5.910601597827775944e-01
4.033811230177088092e+00
1.194780485011495408e+01
4.917648546781174801e-01
7.380232002815785286e+00
2.001771205178589419e+00
5.002017945634011920e-01
5.196329700333772728e+00
6.925029950474570484e+00
2.327235310009470481e+00
1.071243241405729130e+00
1.930275343344111105e+00
8.325203670818565271e+00
1.395686776873902968e+00
8.097702727284257662e+00
1.045999591827874475e+01
1.755941123306478113e+00
2.455770014865244377e+00
3.460399173350872992e+00
5.654196088659310115e-01
5.460912628026821203e+00
2.030863086433230880e+00
9.400430485995267205e+00
4.492525650765437639e-01
6.650940887337992713e-01
6.499221956358472774e+00
7.924457687236047043e+00
5.599474312693392131e-01
2.439899708663449740e+00
9.518680398487945338e-01
1.205990302240807743e+01
3.224922663139922818e+00
3.196964855643263270e+00
4.450815952512518159e+00
1.340796539724917480e+01
6.758200813577899702e+00
9.520092607406162699e+00
2.304714637049067871e+00
1.978815269546585043e+00
4.697284526721314801e-01
1.281671857931405978e-01
7.353217524891727308e+00
7.027164140283123750e+00
9.670927929483328356e+00
1.295330568947425709e+00
1.197138709661386713e+01
3.646801754053180300e+00
1.851330334382570442e+00
1.229828593030994810e+01
9.806279076959653063e-01
4.155141611471546703e+00
1.233618943462704465e+01
1.294867494809849751e+00
1.183779046902484477e+00
1.114446724207370210e+01
7.849570581405616920e+00
4.932673113811133270e+00
8.884535474441511704e-01
5.854738216295300113e+00
6.405289513172267135e+00
3.099866819397445461e+00
1.036265007389065218e+01
2.921421725603909447e+00
5.025885685938065173e+00
7.158552194217607578e+00
1.044094003255743175e+01
7.127806386525277205e+00
1.018843196017978014e+00
2.546533614296152770e+00
9.315266370497525372e+00
1.222551205130416374e+00
7.717600358926984150e+00
4.209102227316146028e+00
6.375448975732234125e+00
1.315814090588058427e+01
9.306818720399541445e-02
6.606628540541900074e-01
1.754876278967435477e+00
6.196006607961987100e+00
9.218250881458903478e+00
4.854554194161624814e+00
1.004473689335795505e+01
1.230703048368844144e+00
1.107005003810501442e+01
3.176489665430286990e+00
4.244465686487790990e+00
1.004532584379781213e+01
1.506306201325556815e+00
8.190804786634238610e+00
1.277366732884831046e+00
4.342245540738242759e+00
9.060926663531549963e+00
5.696669915427700071e-01
1.286433554216586650e+01
8.711138023279845655e+00
2.502763537396633264e+00
6.291861554199387196e-01
1.192218202035775443e+00
1.080786512057304138e+00
1.093274200349163472e+01
8.848021017462014415e-01
2.970062784104911646e+00
1.220572919013674884e+01
1.157821380873500061e+01
4.457823749214994136e-01
9.832491651438793889e-01
6.559659975192388970e-01
4.521960436334040989e-01
3.922405336727592395e+00
8.862469397172189289e+00
1.419238828058586144e+00
1.262223792510517750e+00
5.019554261244954851e+00
3.008290641380349850e+00
1.884021897846504867e+00
1.138300897640529774e+00
8.968266802852528641e-02
1.312133888007302351e+00
2.316474095226636720e+00
1.848109682406420262e+00
4.994723413331449535e+00
6.195654972920762837e+00
3.697142914251685841e+00
4.192379291887890491e-01
5.882633622556848740e-01
3.443303311494763097e+00
5.935985836524569237e+00
1.776999493718072198e+00
2.354033293858628362e+00
6.262628623933523819e+00
1.986949817536599827e+00
5.986858016919716974e+00
3.059799693553975075e+00
4.550624005327399857e+00
5.131408992098432376e-02
9.772663918002278294e+00
1.127038676728758837e+01
1.048764957115559726e+00
5.720261721683083778e+00
2.019958303489341134e+00
4.368484207767817651e+00
1.724118331886727473e+00
6.108654356376028716e+00
5.477924893459138467e-01
1.336161186148821578e+01
5.899683813846847702e-01
2.663848352114592366e+00
8.738585175189612642e+00
1.039065846460324183e+00
9.279674346111350669e-01
7.347595663171764713e+00
7.781930779048289004e+00
1.050074829628564244e+00
7.338776057679045728e+00
1.261428825967074197e+01
1.260936087586867771e+01
3.072194031836751549e+00
8.914936079287310022e+00
7.589902428636223775e-01
1.622262931956959475e+00
1.316400459377942234e+01
3.274555839260763435e+00
1.245305401900826148e+01
5.743192730772295196e-01
5.995364170368067125e-01
6.697924806522007835e+00
7.073515949806686853e-01
9.723666018689690604e-01
3.305269454661778017e+00
2.223307813417040979e+00
2.576925326840977082e+00
1.558422596416204398e+00
8.635133891989697830e+00
1.576728172304405540e+00
6.963054239261019518e-01
9.847061536653424207e-01
4.496938883790658759e-01
1.084858695294456155e+01
1.489638315473576169e+00
4.207605937020862719e+00
6.508814462874803475e+00
6.427604555728223534e-01
1.028944266480491310e+00
3.428472730231483467e+00
5.415860857760872449e-01
4.526451469930312665e-01
7.812238935300833909e+00
1.803470168780263672e+00
3.603018255748853704e+00
1.166928825698991723e+01
3.206662432259739237e+00
4.672514365926662694e-01
2.951825104800224420e+00
6.395733450015249844e+00
2.018574740803420031e+00
2.822350949208860094e+00
9.030966046560992666e+00
5.796783125752311250e+00
1.452246777181652737e+00
1.243877528988827663e+01
5.539842147113202664e+00
1.270741649305100651e+01
6.644521116677267969e+00
5.113190899677793055e-01
5.634183723828126711e-01
1.973125262301267613e+00
1.127436354592864376e+01
7.670578589733037411e+00
4.206653499878105329e+00
1.949061598832934949e+00
1.288307809719470498e+01
7.266180916317369620e-01
2.586359533092824403e+00
2.303241603443481722e+00
7.891571652449809626e+00
6.223366257481953712e-01
4.755238826213326497e+00
9.793247623102931954e+00
3.718857203574307047e+00
2.344258165501321933e+00
5.309884857870410535e-01
8.876085731201296403e-01
3.492175423962199154e+00
3.304160856438560501e+00
5.431448198985648901e+00
1.149024923183219693e+00
1.898935887396207223e+00
8.283151557113008323e+00
7.380517393188712916e+00
7.480178894485709495e-01
6.326865908811667438e+00
5.268516956972445264e+00
1.124025993886357533e+01
1.325673544963422756e+01
4.730494399443635700e+00
6.695223011168661031e+00
1.494658393773450555e+00
8.727350537423879118e+00
9.535026959213736220e+00
3.697560692455586495e-01
5.560449209455103237e+00
4.533481957875030721e-01
6.664579112818023177e-01
5.883685111787532174e-01
2.678805339596336932e+00
4.428351766872247741e-01
1.277325292109614274e+01
3.145003804456474317e+00
5.954224869187950908e+00
4.974046416470921272e+00
2.480650675902983604e+00
5.220733428744721571e-01
1.163313058359201690e+01
5.901627995681198335e+00
5.522220799373725342e+00
7.455502533245842223e+00
1.169271777721890970e+01
7.776700118831812780e+00
6.073300779762937474e+00
7.485840093766346071e-01
3.632983460020312361e+00
1.121653840177886963e+01
8.466657919224337192e+00
1.207713326995793146e+01
8.654386235562767649e-01
3.762491517748518532e+00
4.506919658255871819e-01
2.157191141692128278e-01
2.883175133755209174e+00
4.733914966655829559e+00
4.847888378735193626e+00
3.072861078212258956e+00
6.140378966177100217e-01
2.831079927043448574e+00
5.771979655919656782e-01
5.427025601248981479e-01
4.445699756120080615e-01
5.885912187601215484e-01
2.935100709971741662e+00
1.027074192642353090e+01
6.294895972981525700e-01
4.510343399620376226e-01
2.181409133325595828e+00
3.859765043549924002e+00
3.206289690121180147e+00
6.165648169761394293e+00
4.519212994996220090e+00
7.334781854465885154e+00
9.133639417003047711e-01
1.163861747151848869e+00
4.896407789738896343e-01
1.191768145298170367e+01
8.617582314197276716e+00
9.241924696320428012e+00
3.698070881522785402e+00
9.407971479233721013e+00
1.191378528983921647e+01
8.448159742171972297e-01
2.548767746780357779e+00
3.985853038251845781e+00
1.125062837617790201e+01
2.076853035615369159e+00
4.190280722077230458e+00
7.833813563338074992e+00
8.320886526626394275e-01
8.691474483465555512e-01
1.108314811432038560e+01
1.164510919633387509e+01
5.515350826326653744e-01
1.298582301948072093e+01
3.804401024015064969e-01
6.618383133120637751e-01
4.588129776087282785e+00
9.987649365433834969e-01
5.701454280773596839e-01
3.017681839240343944e+00
4.088468710038520193e+00
2.601918236439643817e+00
1.839722339666890027e+00
4.678390029853347620e+00
2.335915083253954361e+00
8.806395605090267864e+00
6.041845012051373587e+00
3.508951559440428580e-01
1.679644246802269203e+00
2.370060847076866040e+00
2.834302990769008712e+00
4.903773101102673060e+00
1.276053149096896266e+00
6.419127018975558485e+00
4.477821140889892249e+00
1.652561454341327174e+00
6.787664827999882355e+00
7.581559053609144172e+00
1.327547486609458538e+00
1.108883305443273848e+00
1.275066192474693327e+00
7.721986853847130128e+00
3.836757056017716661e+00
5.452548357314145333e-01
2.587140099974543528e+00
8.306557849264523341e+00
1.260219010754813773e+01
1.178551147683984901e+01
7.503208530525015130e-01
4.730771772031348021e-01
7.474730963841843545e-01
9.538372839865216335e+00
1.901601601581224488e+00
1.586127993795015012e+00
5.249910697512834012e+00
9.707252939476099796e-01
1.124074233125038624e+01
1.349088304062809662e+01
5.487663065669243778e+00
6.577020261011203850e+00
1.037892270206975276e+01
3.908199371842894787e-01
4.152745677399110491e+00
6.576774772169283523e+00
2.221563820556252455e+00
4.540276299360722412e+00
8.690479487127623415e+00
1.276980704923939491e+01
1.560737494036739337e+00
5.169364110494403253e-01
4.471141704122106653e+00
8.161047005929269460e-01
9.839122041822324860e+00
2.692597926024247190e+00
2.318974792049325995e+00
6.143748742531202289e+00
4.321884836494392701e+00
6.356904569490547274e+00
1.257361021996864636e+01
1.286533852150592461e+00
1.250213042557638987e+00
1.290974905263860606e+01
1.194577592762096430e+01
5.964492938040647729e+00
2.663951015452003634e+00
1.121456281285448497e+01
9.579190737443228354e-01
1.848363522085521016e+00
3.143197567500796374e+00
6.306376410056123483e+00
1.405870170093595162e+00
9.590286040144302859e+00
1.296451726581571817e+00
1.018824467711463022e+01
6.548966493201408001e-01
5.044911587936917741e-01
4.598745855505982583e+00
4.718617446258394632e-01
8.005953003688523140e+00
1.251033880093887607e+00
6.743808957394983317e-01
7.956093982058689562e+00
1.712505275001374283e+00
4.507476135068833045e-01
3.386022007299274161e+00
3.104282591637772981e+00
1.363234821704900490e+01
1.501391665636703010e+00
1.271023402891473530e+01
5.408424324553133822e+00
1.640951879843180805e+00
7.895390855927193474e-01
2.123631603810180124e+00
1.126160858451213942e+00
7.872406893028545127e+00
4.256822541981390096e+00
6.124561558104455017e+00
2.444449861077705677e+00
5.455304555460902094e+00
2.536288409057993132e+00
7.551578182170394449e+00
4.796841986826825832e-01
5.190548397632809952e+00
4.535541383281572192e-01
1.715228197828493562e+00
1.003490232906674162e+00
9.125293088071098069e+00
1.305063382179996623e+01
1.336221286285924315e+01
3.541361018661608906e+00
6.510242569066576834e+00
4.350912420575999917e+00
1.143812008993638774e+00
1.168722153340845793e+01
6.265194590605602798e+00
1.193659732866070122e+01
5.959084454428050792e-01
1.181637231194979876e+01
2.390319442496809277e+00
3.990401998557397967e+00
1.205623605566170298e+01
9.692471982317057977e-01
3.638665368367752340e+00
9.093283335496020747e-01
1.810171446329599698e+00
2.943549472909320563e+00
3.893803148436558725e+00
8.393041519667402639e+00
3.661878312591208218e+00
4.775944301290464544e+00
3.237993666244978641e+00
4.836453316420742388e-01
1.302446200854761749e+01
6.019558451142136057e+00
1.299989233587727711e+01
7.259072242005277786e+00
5.636388451952052403e-01
3.570588317761159702e-01
1.064589865025687310e+00
6.917009199134845687e+00
8.611559090824446372e+00
8.115179710355503673e+00
8.859357086307301898e+00
6.196855821741842352e-01
7.150285963773821862e+00
1.166851839371418542e+01
4.091366452863142378e+00
1.083847910838662365e+01
6.774282888658335722e+00
6.814939016540646932e+00
1.176217993424367414e+01
1.327044771871662920e+00
2.799315904451736170e+00
9.794827939265250194e+00
2.218727355853467031e+00
5.290406767837438906e+00
1.127472752872892059e+00
1.031503328345878323e+01
4.735875275551443053e+00
9.862891173052940275e+00
5.199833933190013191e+00
1.194047875183111884e+01
1.763912322529102683e+00
2.322159665194696743e+00
3.718264532432854708e+00
9.099810158171798946e+00
1.278551484438370167e+01
7.317438077037548894e+00
1.788587468256488178e+00
5.156387206053278049e+00
4.340642186627930776e+00
1.250388782645405428e+01
1.115534415456728823e+01
2.914300742845498338e+00
1.186442783115131627e+00
7.599544986358856669e+00
1.145180670113037147e+00
1.168941631937648218e+01
2.098901539007131500e+00
1.088353221494199996e+00
5.158758430182625032e-01
1.501290296867574536e+00
4.097900747374429109e+00
1.161439786677498276e+01
6.717580499296985863e+00
5.812293468622594439e+00
1.306283509612539895e+01
5.129747224509270787e+00
7.501228518222229802e+00
6.234961879783588401e+00
8.781943049746912422e+00
1.167651995415322297e+01
4.594395558392608825e-01
8.669549017572071747e+00
5.276098217764324527e-01
1.302758406096560151e+01
1.219712350776704568e+01
1.430029457793203340e+00
7.233599278347115913e-01
5.122071490460180510e-01
5.658331316136715472e+00
6.141009947196698349e+00
4.517310745384381931e-01
1.321667375955447810e+01
2.428507675543161604e+00
1.326806909609809182e+00
1.285898375901499691e+01
1.946878090054395383e+00
5.658977060779503132e-01
1.258497727710217839e+00
2.944182265077131877e+00
5.827065645770233893e+00
7.435598550313103239e+00
1.119150054454156606e+00
1.111315999467381666e+01
6.265524672458227862e+00
1.302458761031934920e+00
4.824917461058348067e+00
1.226518421781645074e+01
4.924949023060462561e-01
8.461224579507041099e+00
9.999932722425679543e+00
3.257374426232513720e+00
1.078803891475581089e+01
1.290593150353403651e+01
3.906247816475617363e+00
1.022134812348836963e+00
2.211141172736580174e+00
8.084961071548871558e+00
3.851320537628077467e+00
4.094335174669711641e+00
6.411957290376902208e+00
4.712935105726278273e+00
9.693109784420244068e+00
2.239058133064318223e+00
3.185885731774609653e+00
9.095549571290586499e+00
1.718597260016688999e+00
1.345057440960667172e+01
3.601072273355726328e+00
8.370258935782982634e-01
4.754114482738017733e-01
4.534554486615213209e-01
1.493620967861081450e+00
8.644474190725037754e-01
5.077194533720594816e-01
4.506459067394668061e+00
5.960501662063593109e-01
4.620848580828501584e-01
6.151933691515553804e+00
5.920910595963675416e-01
9.757809316283005074e+00
6.347798512592107700e-01
7.132173369565357746e+00
6.737214728868080593e-01
9.508999164908908952e+00
6.858282066351449657e+00
1.756903496765592099e+00
4.708277407064188624e-01
1.315919001554173207e+01
8.250386838959411051e+00
1.071188808938657822e+01
6.759793754057809245e+00
1.480298685177646734e+00
1.273928884679730267e+01
1.317330260606568082e+01
7.532393163473081188e-01
3.087321407562404918e+00
1.345833798452736474e+01
1.016033306538116632e+00
5.848659938261295821e+00
1.180267179106295528e+00
1.452915882610833709e+00
2.203088712016053830e+00
1.053343709411225326e+01
4.657761247546166050e-01
1.318225045730429645e+00
1.064675115873173894e+01
8.860482386753229633e+00
2.845906275881416647e+00
5.148676589072064269e-01
2.081460926027319136e+00
9.447412229787269800e-01
1.056644608719479805e+01
8.458732965288179528e+00
3.063182196792495038e+00
6.753650178838174867e+00
6.576071396640073452e+00
3.680302357832474058e+00
5.051323249315825770e+00
1.320761286651409527e+01
2.641559509403353712e+00
6.762935428749207167e-01
7.185891195010702948e-01
6.089025919661592567e-01
1.347248954204329507e+01
4.766421987697833651e-01
3.777312988721406306e+00
3.803525080139925629e-01
3.797760674898825517e+00
1.177214110204949904e+01
4.122041990289991631e+00
9.995708896310639968e-01
3.561315034868296259e+00
2.617119365624535732e+00
1.355134165400524227e+00
5.615967759700524198e+00
6.200678760613455687e+00
4.557392278856084444e-01
2.021284021771072581e+00
4.237470645007903158e+00
6.364057766375928793e+00
5.089842326619734791e+00
6.030655053200273397e-01
1.166373614475947562e+01
3.908055761311211906e+00
1.188275779254967013e+01
5.013019546459887010e-01
9.840810675583174794e-01
2.346811815416764535e+00
4.566546505413703549e+00
1.245102157705148649e+01
9.032435530808389235e-01
6.867657934928610430e+00
4.931309264901776679e+00
6.330243829933500876e+00
4.495807567546827865e-01
7.907498485543696942e-01
1.179193014067675982e+01
4.471173540743600405e-01
6.930119848695015072e+00
1.113518945759577550e+00
1.702221831127306295e+00
1.152186600418941609e+00
5.366349958988930524e+00
8.614263150147824177e+00
1.244724974960552188e+01
4.065310770082438907e+00
6.828109588872490754e-01
1.733489263021478211e+00
1.140252384771416549e+00
1.023162013522770764e+01
7.368245734266666958e+00
1.026402828590180150e+01
6.197956914958539620e+00
4.182366752216247208e-01
1.086199709845330297e+01
5.817446208894138771e+00
3.704307320755261479e+00
6.519603857148738690e+00
5.528824756305904531e-01
2.736673875310273729e+00
5.086143887915770101e+00
1.073994124808678308e+01
8.234029714529690125e+00
3.948088028156568452e+00
1.034129954842969212e+01
2.399445476993097071e+00
7.898669428917509450e+00
6.271700538536947533e+00
7.382397443705794871e+00
5.265341712952717579e+00
1.290489511809820122e+01
1.566656574051819906e+00
2.583992193879674382e+00
5.745698062636394710e+00
3.575912660688560507e+00
5.960772376654174920e+00
3.005236624758657271e+00
5.791655901846556986e+00
2.357368862146905997e+00
8.616448885143261904e+00
4.611184879337716147e+00
1.095882674346917263e+01
1.634041340357397676e+00
1.277946296846770124e+01
7.969428931725365928e+00
1.331856703126115526e+01
2.132407657816840274e+00
9.354649024506944688e-01
8.352838595457766857e+00
5.452009082185718114e+00
1.207878926440879397e+01
1.080381539493242649e+01
5.682375481411221507e+00
1.281791144327290333e+01
4.141531294990478784e+00
3.166713398205478480e+00
1.049250138104060071e+01
7.616032495544915903e+00
6.915596530233003580e-01
5.394248794780767575e+00
1.205563002605258305e+01
2.431991546714971086e+00
4.920226804746617333e+00
4.569600109627070417e+00
3.260584875979856356e+00
1.189461862936085357e+00
8.081556311933534076e+00
5.592806637295117511e+00
3.775518606644331143e+00
2.315291920984546614e+00
4.880865242677327132e+00
6.035300787427433367e-01
3.378010265362818565e+00
1.141261610141022009e+00
4.688651799496894590e-01
4.630026458349760787e-01
4.000551579519823875e+00
1.297336806675774312e+01
6.826207413932197987e+00
4.153946104759911329e+00
3.743748755748198764e+00
1.737817324012063125e+00
5.293871568788522275e+00
4.718469728913562977e-01
9.727115061263781115e+00
6.642369883044026979e-01
4.313195002445931792e+00
5.339941732576932054e+00
1.090022960038033339e+01
1.146640307728510244e+01
1.084543043760261938e+01
3.327790872490833163e+00
9.755522349582160802e-01
5.232546682153217388e-01
2.497134499392202667e+00
9.617634014067915516e+00
2.338531832587228187e+00
4.398826670160821406e-01
1.707953979232972319e+00
6.157091847058274725e-01
2.106529780981231781e+00
3.572844420684949451e+00
7.555983447872099745e+00
3.776430421618031552e+00
7.931736680961726904e+00
1.385578230763380381e+00
1.801464198726703714e+00
6.605569642627056481e+00
1.314496710550757896e+01
5.092262274827589863e+00
5.116900446443778394e-01
4.578472168978020562e-01
4.508114188235492037e+00
5.942050594409680642e+00
2.493247637828570618e+00
1.549290789135262303e+00
6.714975143705483873e+00
7.808444056169209446e+00
5.478432462290353522e-01
1.312963498653910221e+01
4.429686505742919778e+00
4.983562497478526865e+00
2.581095678528972037e+00
6.784479061471746064e+00
1.352626500484135796e+00
4.142306639539195423e+00
7.544189474783478566e+00
3.204493626871508738e+00
8.453437970082628539e+00
1.831969571794336726e+00
3.575938176064882956e+00
1.221025320344741694e+01
7.452513886508124408e+00
1.365858738947562756e+01
1.098148995391586524e+01
5.596429654817215216e+00
7.612913502323113146e-01
2.929471101424689472e+00
7.983681476989190173e+00
1.351027704993882850e+01
8.008698720147700012e-01
5.933201399653427188e-01
8.655723557310125216e+00
6.661450308524464958e+00
3.638080535195152176e+00
1.324571256934982344e+00
9.786051713223411497e+00
1.296803510725950659e+01
4.756890437831219565e+00
1.001084298827255559e+01
6.877279644140438464e+00
9.229011751037724309e+00
4.633086569943996036e-01
1.203812639977890786e+00
1.151335615966861781e+01
8.421134653707890161e-01
8.087450288324932401e+00
2.231079058688921979e+00
9.581760449685765568e-01
1.018267845997638865e+00
4.709776493889977766e-01
6.985636259205205700e-01
1.244083197627385218e+01
6.874134695594585232e+00
2.147647267206456601e+00
2.600176197360132946e+00
8.962595913715382778e+00
1.688429241695577065e+00
4.918365602040029594e-01
1.382635550920247258e+00
1.964624346010103162e+00
1.353889969239302893e+01
1.341495208041329334e+01
1.125575232052011643e+01
6.128722355845789060e+00
9.154570003943305778e+00
8.197399408562539014e-01
3.963747005367649900e-01
1.389425133373212828e+00
1.923507766790826468e+00
1.220722403140806378e+01
9.445278425454729287e+00
2.496373187369685387e-01
9.611639762388207942e+00
9.059354162011354461e+00
1.793075044717634237e+00
1.626033533208970594e+00
1.322496633762086304e+01
3.870504818542872094e+00
5.785935751414260864e+00
7.960075856945419304e+00
1.473257834372090569e+00
6.016898242458020851e-01
1.966578957527555183e+00
7.235672803136307785e+00
1.161750980554538515e+01
3.278268186700682651e+00
5.410932240506536317e-01
1.052895964064981627e+01
1.222228473691366979e+01
6.884506339074356607e-01
7.140486571488788847e+00
1.563696984976388205e+00
8.988857143207219735e+00
5.597343716989618967e-01
3.895942997168304611e+00
5.912628904660032214e-01
6.667581342343419593e+00
1.057782382573825508e+01
5.265140940131535885e+00
4.183050047740159094e+00
2.812135161218620283e+00
4.848918974374998303e-01
2.480743101289019314e+00
7.713512116760377957e+00
4.838643060398821305e+00
1.214853930192689901e+01
6.141222116985106005e+00
5.583936441312642440e-01
2.241345554804053730e+00
4.572277801551338228e-01
2.229184751096818573e+00
1.251117777879195980e+00
7.645593130119809899e+00
1.330917280669644764e+00
9.889875040891553226e+00
3.690306714165274560e+00
5.929225898260436445e+00
8.822574200195013594e-01
1.149780282936763598e+00
8.501672493488403148e+00
1.028506169540108850e+01
4.189584896313011342e+00
9.694877073570582482e-01
6.936766771239967211e-01
5.362252693249843105e+00
5.755287047038311066e+00
6.452771946806508119e-01
5.023399046624831277e-01
1.779620643940406088e+00
2.448480544592652741e+00
4.125564397240021997e+00
1.272736873679888348e+01
4.100432256695792255e+00
4.705188281932660699e-01
4.936138849215881974e-01
2.356262640011523857e+00
1.264027998790804297e+00
4.869852642034244283e+00
9.861079620708832039e+00
6.095577815058316418e+00
5.852591301194750573e-01
8.260606497283964345e-01
6.529634091862854817e-01
5.081422787168861532e+00
3.922720032052771977e+00
3.643150395707198008e+00
1.706162077787988007e+00
9.038777519686927775e+00
3.146928813783140377e+00
1.308670753573478951e+00
3.188139292417522697e+00
6.637838015733028563e-01
1.251152150037391664e+01
6.308717428065071964e+00
6.370019375521254745e-02
1.083661829283886036e+01
2.772851382655630914e+00
5.634341638386515250e-01
6.007453756138119161e+00
1.007709229488629399e+00
8.573256949513677894e-01
2.731832452317334514e+00
6.794946922979803183e+00
4.643001430246250116e+00
4.555081007266328363e-01
7.929845187634533277e-01
1.394923759627337834e+00
8.188956145369662210e+00
2.369462623268712598e+00
5.398897486285176406e+00
4.191817676253859482e+00
1.275655296711881448e+01
1.041726869528207811e+00
1.873170864404310576e+00
5.704602033502183644e+00
5.653250794681176750e+00
9.697245963435280336e-01
4.507941711355287207e-01
4.630222686751244154e-01
8.634223251357708406e+00
8.873032672775337915e+00
3.220226403916808700e+00
1.168076171231313509e+01
3.871636485923481419e-01
9.305829644167633585e-01
1.334238624168569753e+00
3.550732417673438057e+00
3.166196066518366159e+00
1.111232175588139359e+00
6.256067452755865732e-01
4.529992382840665854e+00
