8.703238727927361529e-01
5.403140011349086835e-01
9.590380159430636486e-02
1.044977520129529935e+00
4.530197711939379368e-01
4.550234815806372124e-01
6.606846164067549099e-01
1.043155507069791321e+00
8.907819338016382815e-01
6.739197793747607745e-01
8.602541936693273161e-01
4.510951682204288882e-01
6.025824349725291684e-01
8.444049132749257280e-01
4.369953412649515423e-01
4.254059158965172172e-01
4.496799294248126633e-01
4.671965345222444110e-01
8.070143963352248706e-01
8.722189022275830261e-01
6.529216582937766855e-01
5.719331801182592212e-01
4.404353223262216788e-01
7.186977556879174944e-01
5.169918369470248853e-01
6.027659054490843715e-01
5.550647405570695581e-01
5.066913057324309300e-01
4.647104213520467653e-01
4.490273072298212598e-01
6.614727375954804200e-01
4.603187554249860702e-01
6.670523886370356426e-01
9.681879647486794083e-01
7.802590696281147542e-01
7.194959313050787175e-01
4.998111679287732811e-01
4.675155395117164270e-01
4.328974878756552402e-01
1.033128920478862955e+00
5.893184389409135138e-01
5.009391097770333756e-01
4.767520418410335914e-01
7.701581497805400911e-01
3.534165368705340926e-01
6.857116200094096614e-01
8.446208466438790419e-01
8.530483706227108831e-01
8.847070675640383852e-01
4.512417879002325605e-01
4.373827889306698413e-01
8.421858417968314248e-01
7.495390513923766429e-01
5.129194719382308421e-01
6.313852983911629746e-01
6.308058241030437552e-01
4.610054185068635513e-01
2.425838914904098198e-01
5.082202806190659894e-01
5.194795876014119962e-01
3.147213603743373445e-01
6.613221877941496407e-01
4.038331943907736421e-01
6.449686513604846461e-01
3.808835779503486063e-01
1.030993938482310357e+00
6.367302438463762204e-01
9.993399189654870174e-01
1.011794910320215513e+00
6.480767714599060536e-01
7.711877348900026963e-01
4.660951155746665409e-01
1.013388132658453289e+00
7.922664593177348724e-01
4.800838459337831710e-01
4.535496181427567386e-01
6.137478571307899422e-01
7.956668475588082323e-01
3.472151911440777838e-01
4.703612004578929806e-01
6.223695129464832387e-01
5.080410722304756765e-01
5.798001149908569296e-01
4.766573138623316774e-01
6.634219221465409433e-01
9.192117477248223922e-01
4.815335099722237722e-01
6.698259509022944647e-01
1.028222184239336423e+00
4.578324779573204606e-01
4.154878410342047745e-01
7.652735507622993039e-01
4.669349520928400832e-01
4.638756323373619539e-01
2.742962760894623875e-01
5.607348603577836377e-01
4.504338729455453771e-01
8.871814540534802562e-01
6.474516048209911778e-01
8.300024234629914677e-01
7.058546832365368839e-01
7.206602442150560339e-01
1.044870118083494281e+00
7.540769671858118528e-01
8.336180826984271874e-01
6.011198955148656653e-01
4.915428444403929786e-01
4.990497308728999437e-01
6.901364474736771948e-01
5.637929979425648774e-01
7.781510583574944295e-01
5.906611282807077146e-01
4.499430145326378527e-01
6.082393469853464296e-01
4.658704959157295988e-01
6.222415885146301839e-01
2.040710982787866945e-01
4.657467393316596649e-01
9.250769867037420546e-01
4.584422230773909646e-01
6.279077310388072597e-01
5.082905045801021648e-01
6.463291700227188352e-01
4.980763669859158416e-01
4.508117925304463425e-01
4.735371011359747473e-01
6.343082434401016156e-01
5.089701776165251879e-01
4.583524909410130466e-01
5.947073959550042144e-01
3.231756132220491295e-01
4.568130004125703358e-01
6.298168106640845698e-01
4.499640789509136152e-01
6.956088258609847141e-01
6.127724335212927365e-01
5.958527997280042010e-01
8.385852243180396126e-01
1.036453778957857841e+00
1.027181040745963891e-01
4.846874350274731902e-01
1.060699577113923375e+00
4.846507087366007105e-01
7.702558037263270707e-01
5.652495882615806710e-01
6.562222174632713623e-01
1.047172579350188926e+00
5.256466996550889226e-01
4.680431678246803617e-01
9.236595028826323217e-01
2.777388118815034002e-01
4.717038194537906959e-01
9.216511235862874241e-01
4.540642542556057037e-01
3.397519918638655101e-01
9.846049181526157490e-01
8.537366932703643885e-01
5.671191918253534192e-01
7.077600808707813496e-01
6.919108776381098780e-01
4.919383061669212465e-01
5.542726135749403982e-01
4.835877533140015561e-01
4.718427567858258231e-01
1.000799853395625938e+00
7.798652577395935870e-01
4.467776357787289765e-01
9.789369824648632701e-01
4.716149936190074388e-01
5.732217555362946193e-01
6.244642975210530356e-01
4.488371736939933965e-01
4.496586676216843825e-01
5.251061558778049587e-01
5.213099697380720876e-01
8.258389510188821614e-01
1.044617346551873993e+00
7.013262278360471447e-01
2.858400597372270369e-01
3.262195772490114054e-01
9.007374127889641313e-01
9.755939462619607205e-01
4.936539497552350220e-01
5.572991777099641775e-01
7.601657941923297690e-01
5.880167316201625471e-01
4.498932260504001079e-01
4.591454783336236800e-01
4.721855539869507790e-01
6.609486798620186621e-01
8.381213825371982562e-01
4.740319581389014214e-01
4.729465627208204181e-01
4.515420160452693343e-01
4.657118239520769976e-01
8.729580676189194754e-01
4.660841569286843233e-01
4.921718335462127447e-02
4.801535784947611463e-01
9.466927163868297246e-01
4.494637035311505602e-01
2.857138775298437849e-01
8.398969618988616492e-01
4.924642556756579359e-01
4.640892352315513225e-01
7.072439206832584757e-01
7.559795204791769363e-01
4.838161701601426112e-01
6.273898743348635954e-01
5.909413175799850260e-01
6.232008652975314922e-01
6.900352200118777812e-01
3.976547374193903361e-02
5.213560956969671700e-01
6.906759649173250803e-01
3.921652395954903225e-01
4.564643691841019923e-01
7.984264173114865581e-01
5.166076055778284770e-01
2.617835954398370912e-01
5.650775848199279805e-01
4.257366808918917056e-01
4.502595393965128645e-01
4.944451303462706893e-01
6.889327338138530044e-01
2.540551004958315762e-01
8.700811747083552206e-01
7.316834639897940029e-01
9.191390578976649239e-01
5.835997177312900464e-01
6.807853160687233895e-01
4.583483652716659473e-01
6.700348176019970126e-01
6.920586222364962792e-01
4.895865646391374115e-01
4.637129055374691333e-01
2.693341165980095986e-01
6.787454370393954939e-01
9.082538959607842077e-01
8.558282742825925604e-01
4.970507908803330488e-01
4.576423036954840873e-01
1.261880644284109065e-01
4.985227479545212836e-01
5.509617177949881484e-01
4.641259104466513019e-01
4.891190566274415952e-01
7.925343350177218582e-01
2.529465555137905830e-01
4.667910728540604071e-01
4.548205248408906387e-01
6.258944914302458917e-01
5.622083107476620878e-01
4.635625320569828345e-01
9.239145054974468030e-01
9.911665454017877241e-01
9.781003863356172445e-01
9.250739773394345278e-01
5.208195060627690554e-01
9.226428353911364511e-01
1.003715267052499804e+00
3.839616041289882209e-01
3.780370024268387974e-01
4.519318465631766424e-01
2.150828118849615056e-01
2.040706584953095870e-01
3.923907859189119662e-01
2.880512758178072619e-01
9.909216896756238846e-01
1.019946896088129495e+00
4.454307460404273167e-01
8.202753143289013282e-01
4.512903013344401471e-01
7.495233285923799116e-01
5.384704061545234621e-01
7.732460684598294609e-01
6.056656894032026450e-01
4.569171575403160879e-01
6.408961442342686610e-01
7.406813106194183316e-01
5.529163518765336516e-01
2.487835260498192924e-01
4.504686685868064533e-01
4.540019822647470837e-01
9.117518934557666821e-01
4.566980540517083242e-01
7.439014882986643151e-01
5.990859024601563609e-01
4.852033741248800158e-01
4.649681151427863535e-01
7.666463698375012292e-01
4.081506251121534978e-01
4.588084849023313372e-01
5.671702376246052779e-01
5.516299656143880403e-01
9.615259759531390449e-01
4.611832068896468129e-01
2.340111563963586661e-01
8.126732162322888309e-01
4.673177280955406188e-01
4.506671499124458857e-01
4.556413516359706928e-01
4.951872507572459003e-01
4.607426863437746878e-01
5.600817629804349940e-01
6.176028784302349806e-01
7.236735901828466044e-01
3.920930077780662160e-01
6.555000365851587629e-01
4.910008356645402250e-01
4.158708742040873041e-01
4.938859537004170464e-01
3.851526351860000696e-01
7.924030951892416796e-01
4.680773019822081493e-01
5.650987501182319628e-01
5.673786365169728452e-01
1.168996013854466665e-01
4.650171318021912858e-01
1.024933558573556391e+00
2.469855934937969510e-01
6.444764256503330291e-01
4.486451396903816669e-01
5.436512848883955362e-01
5.496360565780732399e-01
4.527752644246213487e-01
7.578832830427238987e-01
7.425246285993579720e-01
4.951422753147968203e-01
4.499343090690084423e-01
6.879983295209718408e-01
4.561296454245336585e-01
6.030108894720812573e-01
4.580105612385317326e-01
1.049459736129328080e+00
6.232961856226423292e-01
8.013870005581544831e-01
4.569744800373790050e-01
1.580810386524873490e-01
9.079607358915294801e-01
4.951345607166353635e-01
4.509046907265050197e-01
4.140149675394846907e-01
5.379091612692327162e-01
4.522232965626047374e-01
5.813650339943587930e-01
5.217634995202002912e-01
4.427937703881686948e-01
5.758068661134485566e-01
9.914076516271339568e-01
7.276451583376505328e-01
9.579614402658159777e-01
4.501892060439073862e-01
4.794878769536354834e-01
4.836501574390317248e-01
7.323548383520167571e-01
4.678234028129193978e-01
5.684128015732395900e-01
6.324701690430839518e-01
4.890052380758312389e-01
4.615356038776629588e-01
4.481003107465630908e-01
8.525303709470736235e-01
9.804504506972107070e-01
4.798964839050446907e-01
4.462125409272205134e-01
5.546229950583384527e-01
4.667750066222374206e-01
6.849079648755450611e-01
5.180695508137642680e-01
5.663939908511026466e-01
9.264291134780858750e-01
9.823996541524193660e-01
7.559923833429810225e-01
4.921230710430066768e-01
3.398632727237256845e-01
8.015567053086258831e-01
6.290611367771830054e-01
1.088931042038015495e-01
6.306148520040997241e-01
4.605194883167268993e-01
1.082172066991899106e-01
4.815543008156342175e-01
5.059161335203472554e-01
4.719723966699188034e-01
1.486536287600388473e-01
3.195936310857165896e-01
4.615389004221710501e-01
4.666164301434885253e-01
6.081139506172819065e-01
6.508921139190859684e-01
3.500632960619396439e-01
2.965886334419585157e-01
5.219679856878537416e-01
8.390475768282504854e-01
8.295940077433712201e-01
4.383671218713914852e-01
4.401161187181129586e-01
5.351696004089527836e-01
9.287031093207127608e-01
4.502405121854486936e-01
4.709192554584180623e-01
7.496440539485159649e-01
6.166783626670530039e-01
6.887004919951948967e-01
7.746503242470575978e-01
9.223887556320605752e-01
4.595381537246797654e-01
5.355018224297913854e-01
1.022790201859056891e+00
1.876753132334125773e-01
5.161765615472078128e-01
3.218276134475093198e-01
4.771878045791828615e-01
4.598921889145717312e-01
7.369241340394493411e-01
6.451060521015339333e-01
5.273830464266446860e-01
5.937729883304805334e-01
4.011276006934468286e-01
8.769563091059139337e-01
4.474622507298905982e-01
9.949119895136744329e-01
5.648074889194094617e-01
6.728487727934374663e-01
3.981349036315170453e-01
6.458342372716914248e-01
6.588879762174836285e-01
7.877446370182734636e-01
3.707820759290995083e-01
2.014554409424050840e-01
9.710376324208103149e-01
6.754219270121764040e-01
3.828992782528790051e-01
6.260343645443843252e-01
4.754500272570235109e-01
4.496320287394024451e-01
6.242471310344410718e-01
7.370425684636481289e-01
5.452751203246404277e-01
7.117781994102896359e-01
5.493113544220254996e-01
4.039861023662791872e-01
6.413995655029005594e-01
6.087833814966180368e-01
5.236342410540016923e-01
4.548068263475508743e-01
4.202940530483548764e-01
4.596413548887051670e-01
6.120731600911337722e-01
3.861442186785855046e-01
7.394495299512899855e-01
7.048994746778711740e-01
7.995470962364338297e-01
5.727822317874249336e-01
6.510711892251204169e-01
5.472754710907413722e-01
1.981684585737103488e-01
6.008162655766710047e-01
4.561770136036499279e-01
5.962748172404452873e-01
4.574518452488094411e-01
2.769206014160199847e-01
4.307740163489962026e-01
4.720934060558910073e-01
7.213964821407707895e-01
4.853555003200271112e-01
5.201466494522106743e-01
6.988658365397890648e-01
4.639959085073942502e-01
4.638015050792174687e-01
4.126135177091670991e-01
7.650311306032184788e-01
6.954810041624557293e-01
1.041882474555883231e+00
4.841217002594463414e-01
8.705639721727763680e-01
4.840953184318822489e-01
2.831185493264322672e-01
8.512995143901136430e-01
8.502982645857902755e-01
9.506647644758448035e-01
4.894252567015427990e-01
9.948332788874331145e-02
7.056828842972655558e-01
4.499244118217011201e-01
7.775083903886180758e-01
9.967183578586087389e-01
7.396851348541334525e-01
7.887175483091884987e-01
4.913649438367482247e-01
2.386329464254499377e-01
9.429417971241271790e-01
6.193601404104029928e-01
4.728103922647122204e-01
9.538960273811597501e-01
4.587659893093669616e-01
5.375330176500754398e-01
5.901988538727033218e-01
9.358499622434525156e-01
7.238148687043711726e-01
8.003374664043261255e-01
6.166347218144739850e-01
8.077034442820454352e-01
8.460880702092291594e-01
5.885700044814061727e-01
5.026937206225488008e-01
3.057100579258421602e-01
1.221701880447323835e-01
8.213893008738218926e-01
7.205554761692207766e-01
8.048763183028947443e-01
5.871274178646997965e-01
4.933074711383677036e-01
4.282643125315634403e-01
6.843429648031194024e-01
4.411535678286362394e-01
4.485461226680557689e-01
8.455572729635894014e-01
4.396453377442909316e-01
7.459929205910986738e-01
5.494093137083480016e-01
9.916571782895593490e-01
9.096774496784063579e-01
4.122476540444397486e-01
8.662028800166821085e-01
7.285721984115675065e-01
3.565074275515717206e-01
8.275499060740054702e-01
4.095853557354854346e-01
5.564958044059205022e-01
7.137850588183338729e-01
9.117606008824078456e-01
7.586365013905755905e-01
5.671456002834721621e-01
4.528095664277688726e-01
7.628797335088448595e-01
5.919477840083657849e-01
7.336487788017147516e-01
2.373005227047322863e-01
8.479039297708838019e-01
7.440311282729394904e-01
6.874562869984206515e-01
4.697899303145274263e-01
4.617621012814386861e-01
4.441806008417460983e-01
6.187349531786970891e-01
7.101499372852951852e-01
7.451608132025788755e-01
7.376703591385520564e-01
3.482179588183226260e-01
9.889373342421381441e-01
4.839037316690157353e-01
1.609294625410193913e-01
8.021484678552821546e-01
8.251563209192276371e-01
6.104240816589689977e-01
4.624131236101242659e-01
7.310224061494274839e-01
8.915099157027552845e-01
5.116706081185787847e-01
7.265022843510429151e-01
4.289306354654951470e-01
6.435873590305133396e-01
8.897004695112421535e-01
6.113361387199441888e-01
4.177680110021896875e-01
6.313332075638788954e-01
6.094976347489983182e-01
7.299868237250759506e-01
5.235058637456151409e-01
8.046902561595701275e-01
7.844205951183282899e-01
6.919230465828065668e-01
4.341001273716371678e-01
4.557802426284799924e-01
1.061875572600876838e+00
1.015370479069756415e+00
5.079888296176870988e-01
4.452728498248585409e-01
6.068086097987591687e-01
1.816156768803750265e-01
6.982946487109757960e-01
5.481681629698439417e-01
5.546764028633152099e-01
7.623212869113735746e-01
6.692281109532225436e-01
7.408886953238872364e-01
3.552881820427629678e-01
4.878298386782446983e-01
8.751524951739523273e-01
9.315637054054362043e-01
9.115707484924641113e-01
1.035757712369124839e+00
9.278444811801924708e-01
2.855535333148107036e-02
9.365456097697180127e-01
1.013177495983150544e+00
3.407402000589127011e-01
4.376247655510833723e-01
9.102179387208937378e-01
1.054835046911998697e+00
1.035194642041412427e+00
4.977375370635837015e-01
8.839168381973903088e-01
5.702237670974403816e-01
4.709715738369185667e-01
4.497845092298558556e-01
3.379925555166093387e-01
4.616009503037489248e-01
7.798655289366783760e-01
4.648144270098306108e-01
7.756832255544748866e-01
5.181652672065987231e-01
6.900099796721826939e-01
8.644509070394907901e-01
8.763910782675348177e-01
6.207587786182146017e-01
4.713366364632872174e-01
5.057413116721118929e-01
4.645543301747885878e-01
9.461846805096515434e-01
9.120649743262942977e-01
8.452792047939269304e-01
1.001353273348095207e+00
5.206797164165494207e-01
9.820874395906376009e-01
8.368441754345204986e-01
7.280414113868201031e-01
6.084229755019713304e-01
4.675946001420536180e-01
4.470052909579529943e-01
6.184328776965130059e-01
6.402126476222650409e-01
5.364467963253163330e-01
6.571220063950728996e-01
1.806122972997790677e-01
7.067827608283666629e-01
4.000170425296059040e-01
8.069248195855807104e-01
4.407481617252844708e-01
4.771808487632303031e-01
5.360156713233404924e-01
6.852467618417046324e-01
4.912911621928812700e-01
6.423840803447253833e-01
4.708946227568922005e-01
4.456678634410368711e-01
3.785397625385222287e-01
4.360626802674926611e-02
4.594487634815498378e-01
9.966779172334394588e-01
5.858232741693777390e-01
5.320957303204056910e-01
6.674254710452867112e-01
9.343979562275195327e-01
7.921261648371437092e-01
7.466209732596731374e-01
8.139558915377673731e-01
7.119666620669756751e-02
5.606710483239759624e-01
1.008409149187971643e+00
9.302337022115363396e-01
6.373009603423155367e-01
8.412457687533883011e-01
5.338660492320813633e-01
6.547490760803785781e-01
4.947971431449265656e-01
4.998245173379943229e-01
5.244392453293381662e-01
1.904588521330617956e-01
5.700532814916228208e-01
8.162635059922054293e-01
4.772604543053201032e-01
4.952371549587634703e-01
5.259201843039111868e-01
2.956405523621807863e-01
9.621648341434593243e-01
5.649369001981898730e-01
5.139614785630556293e-01
8.590821408172819584e-01
4.477936441581205074e-01
1.006341426628507341e+00
6.379006007712594295e-01
4.955831901257551908e-01
4.794957905534931175e-01
4.379636468126843485e-01
6.753662791569914337e-01
5.152678300412814050e-01
5.244689068897023798e-01
5.432512482622030570e-01
8.413020703152236379e-01
7.857553198249461746e-01
8.165076501879003912e-01
8.938690191489768733e-01
5.913256063820288011e-01
8.802408921957333154e-01
3.077134415474552798e-01
7.384577828681774259e-01
6.620936081507482474e-01
9.169953711297467169e-01
7.273116067960062603e-01
7.401152829902316599e-01
4.843396718889521058e-01
5.518979276629394359e-01
7.815221936808447456e-01
7.415039275271230190e-01
4.842549397475472417e-01
4.479267151520250900e-01
1.330107842266606555e-01
8.496587508204276329e-01
4.770547630372644621e-01
4.406883898557754087e-01
9.066427172001952917e-01
4.500230497823280995e-01
7.422955034590534851e-01
5.531205971318130521e-01
4.814337544974071070e-01
6.378057420662809340e-01
9.775244963122187158e-01
4.873275498118774252e-01
6.916352672775115673e-01
4.837591398774818141e-01
4.652300233840646615e-01
4.669653487113489265e-01
6.664213504228749807e-01
6.674802699761496205e-01
4.733582121157227096e-01
5.453338676162734489e-01
4.524005134536797090e-01
5.376935759900401957e-01
2.767339093359670876e-01
5.927137852972378385e-01
4.493600117851067055e-01
6.592006414476039300e-01
4.999407901836701584e-01
5.072553497482767959e-01
3.993137087541035468e-01
2.870447875459910536e-01
6.724574070640433332e-01
3.668606240223344361e-01
5.120103651111379550e-01
5.544859418814279683e-01
5.483483148719041633e-01
1.053191387347349073e+00
4.537815410845864039e-01
8.418012358818831586e-01
8.733215623878133327e-01
7.930099674028352474e-01
2.534244429783578667e-01
3.312905892156957632e-01
5.226017900917780956e-01
7.008229382110188199e-01
4.330465370779235101e-01
4.951499694977985477e-01
1.049507944432407580e+00
4.439629738459247021e-01
6.622972672275241335e-01
5.077099373367476298e-01
5.051753603627342493e-01
1.032877150426920743e+00
7.934001254480032017e-01
4.488652095814755771e-01
6.751101789540686626e-01
4.906237151088868598e-01
4.531431513485357776e-01
3.535677275118279672e-01
5.579276737572393952e-01
5.639722093295760352e-01
4.479981462679135662e-01
4.926948711639626000e-01
4.542852659848136132e-01
5.014766254906362075e-01
1.048542333865083442e+00
4.771951806771968507e-01
4.583546972857063251e-01
5.726423891175892456e-01
4.729606351116454332e-01
1.026544902048150520e+00
6.055802834106094323e-01
4.832114960409180093e-01
4.848476682621371547e-01
1.005579563037505064e+00
5.119668237709436021e-01
9.257068452044171503e-01
3.959990209071742595e-01
4.763815060051721506e-01
6.580892481887132273e-02
4.835803794976172298e-01
5.521709324209792547e-01
3.453525741274952598e-01
7.115613804166059930e-01
5.005817220446996396e-01
9.500258169432533595e-02
6.185168693264841977e-01
6.537557352682289435e-01
7.988074539644890448e-01
4.504119647567900175e-01
5.748183714677759237e-01
7.458376469177430135e-01
4.256395411888976854e-01
6.278066643594559793e-01
4.651266772975565233e-01
4.436339118134930981e-01
7.847651802147979083e-01
4.324769621667572950e-01
4.891355261570844992e-01
8.764809919905875990e-01
9.358936572372156260e-01
4.744589529318296584e-01
4.582142393452104390e-01
1.049105312633869413e+00
4.482487491409634650e-01
5.273145867406996423e-01
4.929108045035174857e-01
5.306495786038838425e-01
8.129059339040157761e-01
4.497129908881009053e-01
4.550772916274817281e-01
4.496478373073319879e-01
4.610450501229176878e-01
4.977529549351311089e-01
5.739740337650069829e-02
7.419452635272142382e-01
2.656205668223783345e-01
7.336606783129019371e-01
4.535760944958596719e-01
5.541397270659971230e-01
8.406043769939285371e-01
1.503978440005506734e-01
1.011879378665961005e+00
5.983682386374017392e-01
7.127988323797599390e-01
6.469817282523234736e-01
1.061920076977958427e+00
6.128598154219517813e-01
9.202850475033131916e-01
4.789184143929074988e-01
5.470606326871197966e-01
5.813961332158300577e-01
2.815743556509978096e-01
5.267300687738915022e-01
6.404300433674472437e-01
3.647405871190254611e-01
4.891485697244513653e-01
8.767676961215089548e-01
4.571463335760994617e-01
9.926990756500863045e-01
6.536864878673973589e-01
6.508281333038308247e-01
3.459628808045760451e-01
5.486577249992090621e-01
4.997807538232076352e-01
6.851419623806666026e-01
7.048530201443169441e-01
5.262444414915069535e-01
5.327775166023633879e-01
4.650581638090278691e-01
5.514741153895759140e-01
6.961943447623294423e-01
4.624952004501629022e-01
1.930387710904421517e-01
4.695025991900153572e-01
4.483104257510477364e-01
2.607658808874264156e-01
9.940748507468384343e-01
4.506452582799321815e-01
8.947823313524827515e-01
4.488505587297713095e-01
5.237257731419104889e-01
8.811431214728945305e-01
9.993089178655737426e-01
6.403631386539176962e-01
4.766557134467689361e-01
7.901212753673684253e-01
9.140552391792081677e-01
6.275067379947737445e-01
8.684492612785273957e-01
9.165018883824668228e-01
4.506233652918500976e-01
5.467322151338758207e-01
5.833655828086007356e-01
4.783989773990497962e-01
9.071118984603828705e-01
5.319484203020125035e-01
5.383830906088166168e-01
1.059481037350594956e+00
7.019230481542455546e-01
4.775546654894389231e-01
1.004421527177015161e+00
5.244076849216345870e-01
6.296180466505233442e-01
7.697283954843949783e-01
4.773326980501173544e-01
4.582012340636184566e-01
4.622536268813715599e-01
7.449749855745420035e-01
5.265501407701239645e-01
4.617380969346923103e-01
5.784383069045152537e-01
1.061381203126561479e+00
5.333308270083014779e-01
4.944926549063216048e-01
4.504257185094976412e-01
4.470633993702213815e-01
8.016034689928772661e-01
6.378196527643887892e-01
8.257113772268880325e-01
4.719271071786821370e-01
4.588039298149334533e-01
8.605170514319155917e-01
6.694246610179580559e-01
5.851309994014928240e-01
9.361942340748499181e-01
3.599527855797930442e-01
5.038581964055555140e-01
4.675220476537209624e-01
7.816207457144664916e-01
1.034274175971386267e+00
9.374337387656823672e-01
6.526848252981387599e-01
4.091842318914865051e-01
4.425344408741188063e-01
6.059001088172768501e-01
4.646878943247700344e-01
9.201907010083919536e-01
3.277890057745490027e-01
9.137719731131308532e-01
6.454806676807358645e-01
8.095060060957502968e-01
4.778179709531750197e-01
9.972848088458703686e-02
8.302273337260656083e-01
5.343344033763899326e-01
1.043246417251937563e+00
5.671403230808103046e-01
9.516065484017066645e-01
1.032408334098909863e+00
5.667503449159483342e-01
6.055865991313670316e-01
6.952245007886301842e-01
4.509121715899530591e-01
6.634878167791791181e-01
6.059605723738172856e-01
8.010649166350760630e-01
5.609748508671539291e-01
4.542724567121863011e-01
6.675547162287396308e-01
5.170806092291636569e-01
4.508570764429946365e-02
4.597871608215562400e-01
5.476709695104375886e-01
5.441245359395204817e-01
8.742423985515185292e-01
7.006589955533144565e-01
6.915239791285284765e-01
4.529089588931008437e-01
4.790139233288028264e-01
4.512812158607678592e-01
1.000214094229072481e+00
8.255423391619951534e-01
7.969357898836341159e-01
9.275534739692166131e-01
1.048587815237743470e+00
8.989211253744411323e-01
4.710577127488420612e-01
4.533598110380468449e-01
6.274302762850011428e-01
5.154708074575459209e-01
5.090925077067369742e-01
6.968894682481195924e-01
8.067738924824805480e-01
5.199551253590546374e-01
8.203195922262263018e-01
1.752168149165750088e-01
6.964327242861116929e-01
6.792855066496761296e-01
5.786954157030624879e-01
6.873651410920187388e-01
4.522833053041797613e-01
9.031172936686986397e-01
8.732160407649633971e-01
4.458203602985929548e-01
7.158244923709875529e-01
5.150593493135680045e-01
6.083965379611218083e-01
1.013728650216870530e+00
9.663564095658734310e-01
6.045459260833824233e-01
5.019678878285761536e-01
6.513150857698515317e-01
6.442747691059349524e-01
5.486337322345716805e-01
4.867799769901444140e-01
2.500849827173264317e-01
9.288177922376286144e-01
4.572096207336657780e-01
9.837759638724460354e-01
3.064964995697936345e-01
8.870596223410071035e-01
