1.276210981809402503e-03
1.068609067123197720e-03
1.379862226831744506e-03
2.737897119051007321e-03
1.313890053434756903e-03
8.059865515336599607e-04
1.935023483990478896e-03
9.973986625515147714e-04
6.833958286439390005e-04
1.088795352253805592e-03
8.925756308549733474e-04
7.742058252249459181e-04
9.171872020591789309e-04
1.107755195316237123e-03
1.204611369726739638e-03
1.019758155263896307e-03
1.298042773250516688e-03
9.941177790231609575e-04
7.669789347653375913e-04
1.005931761430847032e-03
6.211703760400091260e-04
9.564613698649689771e-04
6.719488226435986521e-04
7.586898773485022248e-04
1.252298656829115616e-03
1.201878135773314224e-03
7.409096456768020540e-04
1.253328142504692025e-03
8.229462747869797012e-04
1.467159444240037766e-03
9.363902911046925953e-04
1.007046985664910958e-03
1.253290218506012115e-03
7.631662976186033912e-04
1.028262640529115264e-03
1.163760803366720598e-03
1.127902134690987167e-03
8.783023196374029930e-04
1.015420347104012801e-03
1.382308067716824613e-03
1.041431262266642862e-03
1.591090279236342248e-03
9.064206435919105716e-04
7.108271258041050106e-04
1.902039782598440596e-03
1.154190302547479941e-03
1.434308306893651574e-03
9.149012156313494470e-04
9.773731811776704363e-04
1.278860227339873859e-03
8.289262841990217498e-04
7.208987197415911777e-04
8.658743555872393249e-04
7.206133099434301270e-04
1.899430340172011998e-03
6.641218201357932012e-04
1.011073119505965373e-03
8.749792760962599083e-04
5.684311079729585832e-04
1.346827984758986038e-03
7.010565662292188175e-04
1.549507498654273353e-03
9.340925210488629921e-04
2.332755413611137252e-03
1.055917402252721984e-03
1.252917187223358654e-03
6.633426716708797554e-04
9.598789767183920924e-04
9.166554228681950481e-04
7.217031270703956267e-04
7.624641004561944933e-04
6.335825647492328858e-04
1.357541990603286118e-03
9.584476832459039395e-04
9.089368598408933096e-04
9.722063354022648625e-04
1.058911733022480442e-03
1.430529336326885441e-03
8.175370171931503485e-04
1.641604886437886268e-03
5.430355770722872883e-04
1.106325584524497831e-03
9.470354524145074837e-04
8.772918983046800855e-04
1.142199522403749157e-03
1.132184561074458433e-03
8.843662299498000149e-04
8.347821482075538186e-04
6.599403259167275528e-04
7.778799791540295418e-04
8.458744869993353212e-04
2.061395169848988327e-03
9.452327812858360000e-04
1.426600294621991607e-03
7.017447245434927164e-04
1.586249916548370916e-03
9.628255360269267820e-04
1.551718009171582872e-03
1.103165487144182983e-03
1.019718993539583257e-03
6.644245469293426831e-04
1.385876407036442173e-03
7.840246309818038346e-04
5.703570038800303719e-04
1.039117835368587230e-03
8.345727152734374894e-04
6.229772978462907443e-04
1.427773590043026394e-03
6.442745659433092706e-04
7.926002488290610553e-04
1.470903872035470928e-03
1.000521745801007199e-03
1.025140770674122731e-03
1.249647668268387890e-03
1.177483263123148272e-03
9.797606252621652700e-04
8.229470163248143099e-04
9.673681825341324744e-04
6.694849009735422216e-04
5.969766242315158004e-04
8.321434900722468131e-04
6.843031611894038763e-04
8.166469203356969487e-04
8.026798542235433990e-04
6.825069126283177939e-04
6.002254959532242560e-04
1.004381422270916738e-03
6.392801254797403051e-04
7.905105812352399702e-04
1.931523800352084831e-03
1.261323185416430648e-03
1.395292201297050659e-03
1.346425617300361054e-03
1.379155967858988448e-03
6.435610329621546666e-04
1.234243663756580834e-03
1.309091246931086546e-03
7.688477283394971320e-04
7.668810112380780326e-04
6.722003495941010313e-04
9.908664719784389396e-04
1.216765739365943764e-03
7.301215614980341830e-04
8.010850418539647300e-04
1.043608745403444603e-03
7.511622706642467548e-04
1.572854105141697264e-03
7.932497908951944903e-04
1.320583432459513686e-03
1.810053447750709392e-03
9.026879336963575338e-04
6.745807722702525577e-04
8.227530680692150475e-04
1.039924768216015771e-03
1.474967351303861206e-03
1.144640679329131296e-03
1.040096971225757489e-03
1.042041401605498267e-03
7.661961306285000085e-04
7.616879597823313433e-04
6.279739295221167068e-04
6.989550594078687258e-04
1.329434210739281058e-03
1.417289813432858142e-03
1.100438318263678890e-03
1.448778295025920102e-03
1.540951114567643823e-03
5.969807909877835120e-04
1.080687419273966120e-03
1.305235130091248396e-03
1.516764954608301784e-03
1.032370126769242358e-03
1.615284452223487857e-03
1.278508077781454269e-03
1.074194140499869221e-03
7.829577268111436372e-04
1.292490979400434756e-03
1.145495133171269648e-03
1.039042283472001952e-03
1.455805922847690963e-03
1.009136864260086995e-03
6.892915221689633123e-04
6.780703363096199279e-04
1.164133366662988738e-03
7.817400944574691424e-04
1.121213816485244243e-03
8.070048997298751850e-04
8.193350456429900671e-04
7.314564528261815112e-04
1.707094009053128835e-03
8.616301354208471186e-04
6.351155760658160412e-04
6.235398836851469700e-04
1.177736405744342612e-03
1.479711717742904697e-03
8.692207652424416547e-04
1.283167190830196034e-03
9.127759125446161534e-04
6.928174493334388149e-04
8.661139833450912876e-04
1.367121299407198041e-03
6.915618538114955052e-04
5.890811532004726868e-04
9.785190677560221071e-04
1.602302810861067637e-03
1.156177594042801697e-03
8.482057068371705961e-04
1.295790571835938633e-03
8.459592749328470737e-04
1.332166807020915018e-03
1.015701106722317329e-03
9.594008757390145182e-04
7.412347936783015862e-04
1.674510502150169467e-03
1.159046863338229847e-03
7.558292670108705162e-04
7.574691373365656033e-04
1.080589061044059853e-03
9.070391114982862988e-04
1.162406848307231911e-03
6.183530072136418816e-04
1.238125917290635019e-03
6.708852489881986280e-04
1.469939921840229336e-03
9.091252029637688324e-04
1.153814069703071625e-03
8.394371268586246857e-04
1.076365687691894883e-03
5.858591742864949475e-04
6.429423948804764873e-04
9.411129076918006535e-04
9.577807372731045278e-04
8.457142594229299839e-04
8.346022649510836857e-04
1.623623526908331239e-03
9.941524591164463496e-04
1.058287596242928931e-03
8.046878564727185951e-04
8.978105374051208089e-04
1.554147742539727052e-03
7.877672747668181116e-04
1.502298761111769965e-03
1.040987412409844718e-03
1.740675151971019874e-03
9.262608421715791494e-04
9.021414461377848856e-04
1.629818240247864463e-03
8.196668441471877337e-04
1.248804869646723183e-03
1.516172803395815461e-03
9.368909154207319574e-04
1.346992368154565191e-03
1.099484780039404995e-03
1.052301703102032169e-03
8.206910714405268002e-04
1.264329927454022019e-03
1.180616447101570394e-03
7.079949629188496754e-04
8.630720112457962792e-04
5.809272010999895963e-04
1.441235134913095581e-03
1.075746558089897250e-03
9.403074197754283199e-04
1.056567412308971913e-03
6.055526872319790931e-04
5.765156038892455675e-04
7.753303801233360926e-04
9.291019940939190466e-04
1.043005834104349019e-03
1.151517044124977449e-03
1.254091922321029376e-03
8.794254360426556269e-04
9.718821598423623039e-04
1.368576682813869285e-03
1.248146043337072970e-03
1.173588574116202861e-03
1.711069747393383252e-03
1.338256808503708985e-03
1.374675517220252420e-03
9.238573188693878589e-04
9.941405205215381093e-04
1.077273542277156024e-03
8.614308104388813123e-04
1.005094768705522409e-03
6.054392457819583045e-04
1.361253529370167912e-03
9.665411574499187860e-04
6.119716327267920751e-04
9.635876310201917355e-04
6.090275779568122324e-04
1.223279167599518975e-03
6.212604270138301094e-04
1.122215315079395275e-03
8.128488197159044418e-04
9.455714595317807683e-04
6.717751648768290930e-04
5.245760318385969852e-04
1.383834481243822806e-03
5.889852858553525040e-04
1.504743931063897864e-03
6.966273604080041237e-04
8.090715883068082910e-04
1.048018412352231523e-03
1.150206055031094236e-03
1.589869894976429603e-03
5.454337400501382566e-04
8.714649524151239432e-04
5.631365624050534060e-04
1.033950559401769324e-03
1.258277493592994522e-03
1.444728692427402249e-03
1.440777069901371223e-03
8.994842379602122811e-04
7.635331796255128648e-04
1.669055197607414824e-03
6.957688330599181778e-04
6.779234891227438071e-04
6.515632507364074082e-04
9.956224750572917250e-04
9.945312059666982282e-04
1.074256918022434542e-03
5.906568868356616058e-04
1.107920914689670445e-03
6.939456449736256796e-04
7.801361964302353175e-04
9.262379619899844185e-04
8.662927272103032117e-04
1.182994284536639188e-03
8.038308710086210836e-04
7.340158886613381726e-04
6.575993661164484952e-04
6.466137376663525730e-04
1.362403187000071122e-03
9.537205587253398892e-04
7.018386276070431428e-04
7.928482835198755142e-04
1.103350439434833043e-03
9.430134664459473293e-04
5.527615957955891090e-04
9.358686424515104667e-04
6.421077920121679231e-04
6.062042225590485002e-04
9.029140393586591222e-04
6.441649105673720671e-04
7.755831683602426758e-04
9.953224510363166758e-04
9.170448065874730248e-04
8.630735511316938932e-04
8.107966823976321289e-04
1.176031234728598662e-03
5.665708896338252304e-04
6.586810183689982079e-04
1.228048238296788582e-03
9.197972019229376560e-04
6.675899731864703285e-04
1.003415737085146513e-03
2.148408099872350496e-03
1.109653684186074924e-03
9.078745830205653400e-04
6.690657902139670070e-04
8.378316431398961928e-04
6.998552094099239583e-04
9.497732120176208010e-04
9.298240508234428868e-04
1.261432815975928150e-03
8.974143277711457527e-04
6.858854837719613028e-04
8.586324423632943391e-04
5.663254764246043130e-04
7.718096958528873923e-04
1.321130658811261842e-03
1.407314957941027938e-03
1.255427596957546695e-03
7.661658733524272366e-04
1.304592624105564138e-03
1.591799000923301228e-03
9.628038754825932449e-04
2.180570112802002278e-03
7.790023519483206321e-04
7.074244732293093717e-04
1.349632046397441576e-03
1.332256433505562589e-03
1.646205000016514762e-03
8.170898743953044358e-04
8.930515738036084268e-04
1.965816117333671429e-03
7.792847699131364879e-04
8.660587521236070554e-04
6.240881128884574443e-04
1.016433216158504470e-03
9.291001278264728004e-04
5.566932818097037510e-04
9.126028897846365836e-04
1.048408819268674625e-03
7.498060422282797890e-04
6.351630406315143243e-04
6.655784111352418481e-04
9.565199377044307808e-04
8.593154049895106042e-04
2.482575636681932322e-03
1.916357507054701004e-03
1.282981202588759882e-03
1.427991665467482317e-03
7.619591481617825259e-04
7.277477072421419634e-04
8.618793262651696860e-04
6.997219507227688939e-04
7.468669577948116711e-04
7.046767389923849724e-04
5.986264382016716692e-04
9.800584156434046911e-04
8.683362641427133871e-04
1.221798495535895588e-03
8.025562633041695426e-04
1.051324972097947893e-03
9.589533459528186031e-04
1.105590283927675686e-03
9.694355141185888921e-04
1.170227464095488848e-03
1.231421377194016377e-03
8.502116551398145993e-04
1.024749905729983998e-03
9.498731144538540049e-04
1.170647211486707841e-03
1.327909338452011373e-03
5.753553763674538546e-04
9.729892931559176771e-04
1.066954597202927034e-03
9.684532246421413476e-04
1.045965868387293976e-03
9.624574577700527713e-04
1.196552829554107513e-03
9.771676327109601531e-04
1.273611970495933847e-03
7.519119323138479406e-04
7.400813453015722384e-04
1.053671897681832462e-03
1.603959219951770626e-03
1.384150535828721244e-03
1.254593859156152933e-03
1.192673858096436786e-03
1.198072805840304537e-03
1.210835142174797492e-03
9.980650379672816822e-04
9.959256265643513361e-04
9.397439020555681992e-04
1.495747152602873008e-03
1.251547440288819715e-03
6.780654928749301532e-04
8.813210608932374067e-04
1.134679085133016505e-03
6.690347111702312031e-04
7.705601829878917612e-04
8.177095972001687798e-04
1.862167315590369234e-03
8.934953786132833128e-04
7.738926719948704307e-04
8.691363453468743151e-04
1.008234906660076657e-03
1.212269457050787601e-03
8.282197142909981415e-04
1.091172508517286935e-03
7.396466426665052442e-04
7.254065823182107410e-04
1.947867064431944633e-03
6.374164849773737143e-04
1.144105615877139947e-03
9.969426268870088936e-04
1.686841005496470805e-03
7.037059249584228958e-04
8.123120580108192769e-04
1.037232547888590310e-03
1.215937828651504019e-03
6.825300735403709356e-04
1.255455058532432095e-03
9.257076531979771582e-04
6.458904640062194990e-04
1.008319563845945987e-03
7.239952482439621258e-04
2.566367925454662510e-03
6.243908135458261415e-04
7.018525806592757496e-04
6.991629122180167532e-04
1.083048519452540744e-03
6.540555601921314638e-04
5.749754722466980487e-04
6.799916893809559819e-04
8.206417521515062177e-04
8.223770846719710443e-04
9.036895699779356724e-04
9.275553268420743932e-04
1.556844626360991222e-03
8.029237780260553483e-04
8.902794343058343567e-04
1.370053808685119286e-03
6.807455572552190354e-04
9.274012007168977532e-04
5.661904749124435166e-04
7.023423407522446770e-04
1.172893075024421293e-03
7.547288312622823982e-04
1.432744288342664100e-03
1.036341893250391924e-03
6.272515590268653825e-04
6.526424086621115733e-04
1.098649512343628397e-03
1.461059914351625459e-03
7.311597235366391282e-04
7.048470402257254021e-04
9.662720124632950521e-04
8.610383148992044279e-04
7.864549898078166713e-04
8.696034265240405216e-04
8.763412921999689641e-04
7.542163209174862059e-04
7.829795686563799590e-04
1.904166221801645732e-03
1.274041084399901410e-03
7.079942682528252108e-04
1.051309243296282914e-03
9.771025719892086937e-04
7.876079447314712854e-04
9.314960396643521797e-04
1.074467085704477326e-03
6.448943526504471698e-04
6.735924426518691364e-04
7.561119660798857516e-04
7.837821322782068459e-04
7.706654641682410831e-04
5.836503927328332442e-04
1.072683181154651449e-03
7.532859841504216608e-04
8.018776950516044808e-04
8.807055697646129500e-04
1.088873478726922221e-03
7.166321226127980943e-04
1.169053519552655431e-03
9.612498125419652014e-04
9.115117285824864916e-04
1.034107783523014520e-03
1.105282507251552577e-03
9.360388105928079761e-04
6.773570529041131241e-04
6.963942435486663966e-04
8.267905503616902393e-04
1.073949222630835683e-03
8.771618501024096900e-04
7.883698122469642681e-04
1.330565676371486296e-03
7.399895961109901384e-04
7.030000613368410541e-04
1.195040263254582708e-03
7.891066047981589587e-04
1.356526703485617675e-03
8.906410715338264556e-04
1.189251037027148168e-03
1.164058981478288332e-03
8.913727581313511845e-04
9.270602471104270144e-04
1.494076757981532355e-03
1.170705486025063261e-03
1.041694743053440952e-03
9.460787140950947327e-04
8.259954940972069918e-04
8.092199836346342665e-04
7.703434313789492109e-04
6.777854773486736940e-04
1.537307562666665990e-03
1.218826490423767245e-03
9.635095085949916226e-04
1.015939867979910160e-03
1.220752593181779165e-03
1.077541635618665342e-03
7.084898438196079095e-04
1.281550704844661159e-03
9.249022832863932741e-04
1.227379213261036448e-03
1.042828294944020580e-03
1.191019029925412601e-03
9.249649448472896168e-04
7.430910292478798114e-04
1.099833049534220623e-03
1.093953055861452122e-03
8.220431662303830317e-04
2.381141074476887144e-03
9.346721265083471992e-04
5.893299708325008520e-04
6.941747306284989840e-04
1.018442479663447028e-03
8.302955074525150041e-04
1.100094045645080192e-03
9.706129001975185612e-04
1.984664351208276570e-03
8.298627164854407512e-04
8.542923527916413719e-04
1.294860423177521995e-03
9.092018299267079755e-04
1.298289265061747071e-03
8.309742074327904028e-04
8.641309095799440875e-04
1.215913818720767503e-03
1.645674742447274415e-03
8.709164987234759361e-04
1.029231557055533021e-03
6.420175966611624697e-04
1.644539330180879800e-03
1.068139651331644719e-03
8.437269177818417822e-04
7.518733438698300877e-04
1.098159034407129083e-03
1.132197266480943583e-03
6.555246334110622014e-04
7.448193274130064006e-04
1.240497464597185287e-03
6.774038287081665752e-04
8.792962307759121660e-04
6.525033380247881971e-04
9.318250850262950902e-04
8.912484849935778256e-04
1.103428572930110520e-03
2.021248875171117662e-03
6.119312158293025838e-04
7.922621227643119116e-04
6.729804043781308044e-04
5.799548619249992936e-04
8.872260738673526295e-04
8.708314920338717331e-04
1.463905810903142531e-03
1.544370786623162645e-03
1.002266623141287623e-03
1.210411360985956183e-03
8.578755217748731130e-04
1.294207894202365709e-03
6.768742152679395937e-04
7.806591929137522007e-04
8.132216539517141086e-04
9.224791454158069205e-04
8.573431549913221794e-04
5.588457474904740116e-04
5.801178932982270584e-04
7.475574378717173311e-04
8.822102905220238897e-04
6.999069738255515871e-04
1.025623316428290717e-03
7.813225934918717345e-04
1.412967720467707411e-03
1.917818513286620192e-03
1.000438705476740806e-03
1.656251839950492700e-03
1.086207183233207311e-03
7.732669813218498358e-04
8.780025272751290633e-04
7.539899181449313337e-04
9.004283392222210518e-04
7.137557557059893759e-04
7.069418291328010383e-04
9.136001761587849140e-04
1.063318289031938086e-03
6.401854898889324094e-04
8.669456737191423654e-04
1.452106350628527614e-03
6.711146308985163709e-04
8.015424370932706802e-04
7.705864209885912889e-04
1.023376889017831026e-03
1.989148776713344294e-03
1.028264276078936709e-03
1.084493881885076642e-03
1.117133598125199731e-03
1.984819618380779388e-03
6.532289478761805959e-04
6.107274861034289216e-04
7.908720216839866101e-04
1.057551954489311047e-03
9.788479576618961016e-04
8.546780005978254916e-04
2.068816325380435066e-03
7.835279242655352090e-04
6.689947087612816649e-04
1.095457671022854020e-03
6.405737746731425498e-04
7.669156421418418280e-04
8.694348316803283223e-04
7.576752654562975402e-04
7.170758659977121948e-04
9.166074452338992835e-04
5.309920736631031654e-04
1.411230821141883302e-03
1.073427096775028807e-03
1.312830941324260583e-03
1.199604273212614590e-03
1.227659313577134613e-03
1.186659794384903191e-03
8.205428864278376585e-04
1.302504502846459902e-03
1.354773079481801654e-03
7.771481019192739851e-04
5.403573782783451613e-04
9.935458609121445000e-04
8.525193297491527209e-04
2.297627892790808299e-03
1.102030323177994719e-03
9.499539622136798445e-04
8.268148687914589562e-04
1.374919976322904087e-03
7.146885605207589295e-04
1.035061640063229078e-03
9.408615370515206354e-04
9.734123014490389048e-04
1.410642850888057858e-03
6.453416754047679345e-04
1.485143391292365229e-03
9.160586812628077535e-04
1.281570770913707975e-03
5.844737359220009230e-04
1.057575608953271106e-03
8.806938351578309050e-04
6.532689912307808669e-04
1.163885360623180543e-03
1.120672059613434923e-03
2.447577736346652749e-03
6.206202688574332825e-04
1.049863574837246218e-03
1.180596517178224194e-03
1.485195663525834238e-03
9.529366587496499201e-04
8.495053917151839089e-04
1.160103745006015865e-03
6.446866426384102603e-04
1.026735359702793567e-03
1.615476644020375895e-03
1.792494510830232009e-03
8.882014487764719598e-04
7.161078460817113175e-04
6.983350986845083879e-04
1.414382148787053694e-03
7.495772765737667874e-04
1.143119591116220374e-03
1.010933650872775699e-03
8.650753653891393898e-04
5.418929774152480032e-04
7.212722656999291963e-04
8.439122504099970390e-04
6.933810230010327945e-04
7.766043211742281295e-04
6.666889432307848435e-04
1.363992644100075645e-03
1.049021742050627783e-03
6.738534105710222493e-04
8.182625050584188542e-04
1.149521032106975418e-03
1.283057364483725744e-03
1.177848753036107865e-03
1.061435404478940905e-03
8.485827895337975674e-04
1.473562122868050678e-03
7.166148835021835970e-04
9.441428311025518248e-04
8.548728677790732190e-04
6.374412154784612301e-04
9.748830384752809686e-04
1.139819454835151995e-03
6.580990180820243647e-04
8.543124763091046545e-04
6.066149940158676668e-04
1.009235457926478457e-03
8.512298492074579391e-04
8.615564213906703800e-04
8.421455456743540992e-04
6.083902115041094679e-04
7.164236672836597460e-04
6.754235943600690566e-04
9.982279052884281741e-04
6.619230132704459653e-04
1.586892230496152233e-03
7.722657789227450496e-04
6.171713603589582941e-04
1.192883948808411880e-03
7.184371510995876415e-04
9.353287684788646637e-04
8.805156798158069549e-04
1.274653074921720244e-03
8.441902623939782696e-04
1.042936966807339865e-03
5.368038367098358328e-04
1.951423430556401386e-03
6.949667721970019659e-04
8.922233605286898411e-04
1.265533691971008814e-03
1.110144404795475759e-03
1.054197315235914185e-03
1.789598285768828623e-03
9.707439665705775225e-04
6.793965163182988506e-04
6.150468152470711918e-04
9.409102482942851859e-04
9.327608316862471410e-04
6.369744431807928490e-04
7.527707923318944757e-04
7.983023874487021106e-04
5.567080310097441941e-04
1.521143015126714092e-03
1.043870092107190492e-03
8.132383000461598831e-04
6.043985397733133086e-04
5.746974699843889617e-04
7.767844195522932791e-04
1.314382449570454655e-03
1.382986809894872849e-03
7.152445951533227542e-04
1.273308252509786857e-03
7.707960823995431594e-04
6.215461461217743500e-04
7.389215841474561230e-04
1.458029732670414365e-03
1.052397495983024020e-03
6.694847018227423124e-04
1.345280666655355832e-03
1.435101243005790445e-03
8.593118229057389659e-04
9.582528650790004448e-04
1.178302258324686724e-03
6.341943843373399822e-04
2.080899991446871853e-03
7.505004650212044595e-04
1.228917936604476211e-03
1.687633336281851989e-03
1.107826250196727392e-03
6.880828770877651717e-04
6.927861476479990014e-04
1.086388719531313418e-03
9.675474576478525820e-04
1.130577638991129121e-03
7.447224614773732040e-04
8.156775255263504134e-04
1.897340862478144857e-03
1.255811492193899693e-03
8.602512989368159757e-04
9.429629068051128670e-04
7.757691063981959640e-04
8.461051838378517249e-04
1.005600317704545988e-03
7.446561223369520992e-04
1.528626284028225145e-03
6.643166754961956277e-04
1.203976730380712339e-03
6.762352178849772785e-04
1.703342616433247596e-03
8.588473443725241343e-04
8.154307551217131146e-04
8.615134573384513467e-04
7.495644531037057951e-04
9.984102317648123424e-04
7.976956325243627060e-04
8.217002026002636836e-04
1.108123705218144002e-03
9.444995569053122415e-04
1.046567660104996038e-03
8.029202379331784123e-04
7.786739804720034085e-04
1.381788929200651866e-03
7.861241458616344269e-04
1.035983021689752077e-03
8.350730190291860830e-04
5.833952511528228300e-04
8.121915302209055691e-04
8.182225800069254772e-04
1.044495873449980197e-03
1.256514220703125288e-03
2.724552459931037143e-03
6.118330292854567585e-04
1.031747091786891415e-03
5.866994170348520604e-04
1.346733637385552238e-03
6.448323241627619768e-04
9.917807783567601700e-04
8.568432550525190714e-04
8.521808982942998554e-04
8.348442682955288649e-04
6.689462981936556557e-04
1.280535019455072282e-03
9.965467709118079782e-04
7.562267301396370439e-04
1.176009228089275977e-03
5.894231817271269967e-04
1.139106823900698940e-03
7.556005922926475882e-04
7.867149514656316409e-04
9.058375532744232864e-04
6.888401218281214010e-04
1.181404485154193777e-03
1.483228441980675430e-03
5.931157014382996582e-04
9.325635127567181298e-04
6.664074147054290052e-04
7.802645383716268158e-04
7.185485569321762179e-04
7.899872718371998013e-04
1.157058862635372727e-03
8.544355703734651071e-04
6.207454714974894013e-04
9.351019208620160120e-04
1.049742233762957985e-03
5.674575867835784850e-04
1.263998627854705627e-03
1.037243452169262945e-03
1.288380338873933465e-03
7.072701914838023076e-04
9.208485022703712802e-04
1.339608856831479844e-03
7.136835658357935886e-04
1.197835657945183320e-03
8.917658501946056733e-04
6.779677484391135505e-04
7.196955458604367261e-04
6.688923122577220990e-04
9.607096577902293159e-04
5.919601308889844288e-04
6.663355610595600269e-04
7.598226670669985935e-04
6.830370681879309415e-04
1.511055078108008856e-03
9.711879619891922817e-04
8.736153557299754279e-04
7.961684475491502848e-04
1.171937743747950445e-03
1.151472221872291112e-03
7.772181673956580833e-04
6.733606653578707050e-04
1.738442029445090228e-03
1.116088948632123481e-03
5.930775061432638166e-04
1.670974581690676513e-03
9.272520793886570439e-04
1.610639098548162333e-03
8.401375588487351069e-04
7.909236244610299942e-04
6.284083506782204079e-04
5.989786625699046593e-04
7.885708061127134124e-04
1.589073229208967869e-03
1.031721501746175407e-03
7.922012482779886358e-04
1.012801782732937299e-03
1.364042817447752923e-03
7.329554398792370714e-04
6.523768525802113756e-04
9.439396957401008153e-04
8.056081086646686013e-04
1.434741907748397945e-03
8.321055620044838334e-04
9.873108857840482474e-04
8.039597912803749143e-04
1.305925047551100091e-03
8.774051657395649144e-04
5.993401662965263180e-04
6.541541964626844440e-04
9.533371622094888526e-04
9.516253105617215186e-04
5.518683522668379419e-04
6.274476934557039363e-04
1.307810238648585231e-03
7.571246512876118103e-04
1.616365156639233518e-03
7.615802714026036072e-04
1.224983777734554510e-03
1.001616331263246746e-03
1.194739035744292943e-03
8.108772588599104988e-04
1.430332879072307439e-03
9.627530184845161125e-04
1.250740934297205975e-03
1.019489687185004805e-03
9.723162639453466777e-04
7.000871621725925824e-04
9.705181536314252564e-04
9.704341739462397356e-04
8.045884838280394427e-04
6.405040436866098500e-04
1.052850033530964603e-03
1.138300384070452384e-03
7.058602499126139266e-04
1.008488565736359545e-03
7.457497367494206721e-04
1.134907194798824744e-03
1.061689768493449424e-03
1.291511388437742219e-03
1.335882304918321536e-03
6.557530236430491287e-04
8.089483096580497249e-04
8.025007623990441149e-04
8.991688428330351290e-04
9.127553893400390615e-04
9.027041548066423813e-04
1.104346792680004075e-03
6.560999176521164523e-04
1.160217545622776623e-03
1.220423548697874673e-03
1.348943563765450139e-03
1.061447290816043857e-03
