6.734258530166535800e-04
2.419133128477494663e-03
3.356471659956707749e-04
1.001928739651301338e-02
1.605130137420895161e-03
9.499396941653315664e-04
7.579148584637298387e-04
7.055159874775856869e-04
1.673997910396033285e-03
1.208504877242736570e-03
7.703935646879511191e-03
6.344325854723553704e-04
4.264511603055258526e-04
2.237866177496549824e-03
7.435023801551697651e-04
3.814249094240990145e-04
6.515277628753422682e-04
4.321227931878013633e-04
1.298215956635321872e-03
5.095581454084710873e-04
5.576842721393564283e-04
7.897429636315908249e-04
8.109123256509632310e-04
6.117802005667650469e-04
1.441198788416891974e-03
2.359396133187843716e-03
4.073685466250795851e-04
6.563542882384251504e-04
5.325512237943997099e-04
4.210445454048471832e-04
8.712774597720865594e-04
1.646734483375991752e-03
6.139419905239015167e-04
5.560769092280246507e-04
1.086656043432826426e-03
6.547489992259637173e-04
3.180464422443731180e-04
3.988222230379943347e-04
1.053416901550981817e-03
2.555299541238131161e-03
4.632277215236345856e-03
1.245608715662088663e-03
7.457866555437527630e-04
1.425249588529799074e-03
9.667234559151657077e-04
6.722637283025958413e-04
3.592179444164140395e-03
1.204008820619494350e-03
7.301467523264604459e-04
2.002830609794951661e-03
4.966757559260127821e-04
3.960399416525869540e-04
7.481337974346813314e-04
6.189824566644365348e-04
1.120609525230619255e-03
7.247950176034188060e-04
2.622636771927093447e-04
5.086458140248624428e-04
5.182453342549488834e-04
3.367046678303639335e-04
4.280857030183077175e-04
7.558803039783198443e-04
7.933312803375018943e-04
8.359375062185809722e-04
4.608403536324938519e-04
8.366748165302918729e-04
6.253261427765370627e-04
6.097322188748404348e-04
7.081445884472407654e-04
7.652799898395155854e-04
1.090786168810465445e-03
3.067397410379842006e-03
1.016275154011244807e-03
1.116987050173708562e-03
6.527924418529162552e-04
5.795706797497190326e-04
5.256938887276143245e-04
5.163840103873251633e-04
2.516848493787138263e-03
1.266958187000153963e-03
7.005103510959303234e-04
8.421099486973973982e-04
4.394846467736097354e-04
1.757635937392777346e-03
3.158633725682763547e-04
8.040176821989553904e-04
6.436467327008884567e-04
4.114386086070867922e-04
1.054132454227507763e-03
6.743676170327230282e-04
6.332268518337755801e-04
9.966585635597282732e-04
7.121616329537300109e-04
2.809527520153377541e-04
3.806943539687198926e-04
6.546863833596913490e-04
1.072628070061072561e-03
3.299749125383169383e-03
5.206557527566205677e-04
1.467563301206525938e-03
8.951239787473313928e-04
6.504134956346742207e-04
1.164497579764789577e-03
6.326258441636019173e-04
1.007939950482745692e-03
5.341728015177417931e-04
3.752138066984992879e-04
7.045525307565595786e-04
4.502403442679364502e-04
9.685709302700679871e-04
6.666335703760097953e-04
4.166166019823375373e-04
8.914884346149858866e-04
5.023940080692437067e-04
2.317246305290207847e-03
3.748555225213757243e-04
1.734631516690641377e-03
1.203701284765130259e-03
1.350274667205629336e-03
9.865451153387178734e-04
6.434859941334036999e-04
9.674666995863400809e-04
4.898212767887954273e-04
6.028685030421645661e-04
5.214649334316820125e-04
3.324837785413830085e-04
4.879573868799898131e-04
3.638725178707725256e-04
3.164842496389745456e-04
9.403605684810957500e-04
1.144474078245558612e-03
1.585027048799712238e-03
3.274061707080255985e-04
5.953336002995293511e-04
6.018603252792119459e-04
5.043440569818495719e-04
4.370376225022371323e-04
4.594350737994645404e-04
1.084970752110319759e-03
4.136516102810541134e-04
5.575530940761355735e-04
1.080551030008949226e-03
5.350543349207644928e-04
1.022386575269100062e-03
5.095058809668291579e-04
7.532739592320768490e-04
5.366698487218147596e-04
1.339483338950415731e-03
3.241563005769994656e-04
1.463263062454705056e-03
7.399470712609006314e-04
8.516346269976305576e-04
1.043236252663531493e-03
1.926278477680641588e-03
1.055661145123320535e-03
8.381467914209227285e-04
2.393278339696927690e-03
5.123261491813629149e-04
1.223898540203494090e-03
1.153530785842097608e-03
1.168431501554170315e-03
1.352053439983927092e-03
3.098570208659106955e-04
1.320663044274114455e-03
7.773648994305877406e-04
1.159342274291107894e-03
8.322564138787075325e-04
3.088048446012660753e-04
4.839316018121268782e-04
4.676559265562330861e-04
6.286349082913400207e-04
5.599219663248952185e-04
1.973289180275775677e-03
3.385629204968180800e-04
7.533244858649438581e-04
3.525828506640883708e-04
6.971621754965256004e-04
7.770144293818311140e-04
1.600277681009781763e-03
6.729476288216168674e-04
7.236438748802318964e-04
1.454267535825395962e-03
8.091235662149960303e-04
5.944018751344119214e-04
3.853758113146395236e-04
8.470109235780450257e-04
3.542731845732447100e-04
6.129833602040766312e-04
6.797131714366798231e-04
8.146377501948683575e-04
1.783509725602747337e-03
3.475887757162461405e-04
6.775799963351367746e-04
8.136317645052913109e-04
7.951915466817136751e-04
5.153265214471705775e-04
6.670312697740105349e-04
1.155247783551370359e-03
8.292498935953864902e-04
1.605676677592748946e-03
6.937067506644953958e-04
2.004066848928076801e-03
1.046831164634695653e-03
8.445897601553009832e-04
5.896121771340145879e-04
7.642214122360861282e-04
6.319756015350074668e-04
4.222471962147358090e-04
7.262625526798052213e-04
3.965861908836129939e-04
1.261078909851582643e-03
4.878023897217626361e-04
1.160194992320077046e-03
4.372855942279743093e-03
6.509962248016670132e-04
7.281004145290795445e-04
1.476345477521196197e-03
1.812600668682398664e-03
9.939636763024891058e-04
1.016304426695722584e-03
1.428728919705226459e-03
8.788303775840193219e-04
9.701105036041224273e-04
1.015834274360991572e-03
1.098344554102485913e-03
4.483363145493557715e-04
7.775640847980942304e-04
6.825833640781299016e-04
4.842388596466937895e-04
5.747458854512017129e-04
5.601655950786259709e-04
4.168749242435812116e-04
7.435483467533148807e-04
4.318499321948192121e-04
1.005458256922739683e-03
6.423754659131475147e-04
1.402481803751979813e-03
1.097659009912222696e-03
2.162866536943375880e-03
6.104286106989919095e-04
5.872776276403149191e-04
8.191812859689363456e-04
6.396414822081480153e-04
6.158224713247093234e-04
4.139836048661266785e-04
4.691517243894853615e-04
4.459939225765516637e-04
4.797196095761626375e-04
2.350210026029336385e-03
6.191751409790615182e-03
7.500723925486606344e-04
6.693212739762049611e-04
1.038702810326641362e-03
1.823885169002645561e-03
5.453248573378669580e-04
1.685863601835331689e-03
8.299773148202353908e-04
3.448833046098869403e-04
1.389703738364857482e-03
7.001817076494036172e-04
1.136175222302279134e-03
4.167497162815728498e-04
7.090405494404660803e-04
4.435110276602610745e-04
8.944473808130255733e-04
1.238898441429865096e-03
9.996433217142935892e-04
1.436063999063009631e-03
1.724942097530342234e-03
3.165968949244709978e-04
1.057557021300754331e-03
9.603505305736544616e-04
5.346736358633304631e-04
1.203506267871186841e-03
5.476382665299876730e-04
6.455930751558921132e-04
1.071132669502664926e-03
6.481703742461954448e-04
6.825921996820081107e-04
5.779717343287197251e-04
3.695374900358687855e-04
4.398963524019698602e-04
3.289313897818587251e-04
4.350426462709647084e-04
1.514820137827682048e-03
1.124791517076271325e-03
5.071712397337437613e-04
3.922983527571327666e-04
6.018519343471932922e-04
9.396362105560945735e-04
1.321001036501946030e-03
5.214198044739389243e-04
1.056153100925570631e-03
5.540419680658977518e-04
5.976052308880370643e-04
4.805975019833106385e-04
1.488659461632428713e-03
1.280695160641211151e-03
6.997537591003411862e-04
9.310343792876996268e-04
4.857872627748609554e-04
7.169358519775251293e-04
9.210996101859331240e-04
1.395003721234913284e-03
1.050594016657159123e-03
9.585302811397132614e-04
7.600562038752749000e-04
4.251585343197945431e-04
9.229321636518593224e-04
4.878156348598792439e-04
1.258430696841133026e-03
1.558200080700774658e-03
1.330640559073890819e-03
3.658343198888834970e-04
8.690089581774128455e-04
4.631682463636889653e-04
9.465749250575414666e-04
7.682722603757162873e-04
9.557694238760115236e-04
6.357258512920821447e-04
1.137646300144132391e-03
3.440008923656732846e-04
5.968429648737463194e-04
8.122684935328812255e-04
7.230305545115452148e-03
7.406487338916219534e-04
7.511874384333357005e-04
3.894854837748476170e-04
8.122914088730227118e-04
9.370736253785743024e-04
6.550881446052442963e-04
8.068159172689811547e-04
4.899111909921780115e-04
1.511785404201126210e-03
4.338912035109895784e-04
6.203258529281015406e-04
1.011419961355085112e-03
1.238392063461450773e-03
1.332812814312043853e-03
8.154447623537991420e-04
9.285800809527940862e-04
4.319645995472631947e-04
1.067305662176760419e-03
6.691755014238731473e-03
7.621315978400429719e-04
2.841265064694317981e-03
2.703072541517834420e-03
3.768898970666651892e-04
9.253847763575227727e-04
3.866280213061303885e-04
1.776313689091250708e-03
9.765659108618321253e-04
7.472965180940982716e-04
5.938277429996457546e-04
3.266888057284092310e-04
8.881089544564388805e-04
5.764472951137521260e-04
7.600026168764035476e-04
8.901359871945583192e-04
2.495262824609640381e-03
6.224358615064144512e-04
4.255888057733537666e-04
5.024243736019346667e-04
2.478604948826450272e-03
1.653850747064515396e-03
5.689019877549374334e-04
1.301015404749848638e-03
6.993255877273236130e-04
4.821007446703306706e-04
6.605393506614819742e-04
1.142683317635974187e-03
8.635545249677201119e-04
6.093957278950882682e-04
1.141173699800648953e-03
1.188690270304256901e-03
3.607604697258870474e-04
2.270414321995545791e-03
9.075200821908154447e-04
6.751298611166413246e-04
5.337470431998353080e-04
8.621854991445865703e-04
1.329042071369964089e-03
4.821000408169653765e-04
9.742796920326771354e-04
6.633465000057892557e-04
1.152083682862223724e-03
1.116495488132145716e-03
3.452167826306165870e-04
1.298206497565419521e-03
5.931259224425542093e-04
7.365294555317090149e-04
3.494711131264427993e-04
8.522110532180384454e-04
6.325784138977765805e-04
2.307108851221368988e-03
7.658621332863227004e-04
6.075472024355970963e-04
8.997327604745300120e-04
7.758026959537085319e-04
1.187137392853054559e-03
4.603400916072662068e-04
1.080388072790600638e-03
6.885004894091677988e-04
8.283350698411278117e-04
7.350107443246444794e-04
2.886799319112349940e-04
6.168678629268027147e-04
9.072412381082699002e-04
2.104913497666677322e-03
5.333001470204039958e-04
8.917089380353448828e-04
1.206601179549960908e-03
1.861209216932608115e-03
6.591044821345756278e-04
1.460925921519867212e-03
7.184822193460897906e-04
2.335254845723096738e-03
3.906455144503862193e-04
1.306774707767306264e-03
5.085410671204801218e-04
8.499373600024625643e-04
6.109793870752467390e-04
8.529238049756511378e-04
1.389850204354959803e-03
7.750460803023684255e-04
1.390233430970891837e-03
1.287531560789845946e-03
3.755668220903832320e-03
8.228087366628700954e-04
7.094691912379425891e-04
8.628565654983854846e-04
9.647885424024614390e-04
1.509739550594390136e-03
7.822447678415319749e-04
5.474741296190620624e-04
1.441342144215799212e-03
7.209067728233674744e-04
5.606808255442551677e-04
7.293077413592002683e-04
5.897252397366181806e-04
7.323854940683388690e-04
1.046345202642849940e-03
6.998520531083008995e-04
8.922737928888213989e-04
5.334476173367372212e-04
4.201298805372378933e-04
1.085962294404913854e-03
4.797400948034861176e-04
9.108063649733833369e-04
4.548589518973922231e-04
1.240928563427964523e-03
7.983754740807455117e-04
7.997289994861064930e-04
7.980175206586940422e-04
6.056442845042503626e-04
5.059395854580986222e-04
4.251200698281302256e-04
4.654155713278998680e-04
1.041151448275112702e-03
1.483604108116364732e-03
3.263883105057778749e-04
7.012455025799703423e-04
4.676109729724476499e-04
6.659266020174958115e-04
7.453855742566533986e-04
8.783867810722604608e-04
9.795517056191093124e-04
9.063404409514949894e-04
7.856954410955879981e-04
6.466388797720935529e-04
1.187558146257406810e-03
2.020662064975053875e-03
5.788826597528398893e-04
4.532941553696104341e-04
5.650980793628117759e-04
3.432252088694680617e-04
4.915025818582318415e-04
7.748433833610362696e-04
6.886803942837763093e-04
8.301087504686755674e-04
4.544220797778448194e-04
6.022663865777359241e-04
6.839775282147777993e-04
1.000406679862302865e-03
1.678611696216645525e-03
5.265938166764459836e-04
7.315531479181214573e-04
7.957761218094142183e-04
1.515413110529097119e-03
5.294068510485256578e-04
1.560417815167516962e-03
5.071443622040339725e-04
1.056967283462045522e-03
1.112947134994868997e-03
7.782488707281822035e-04
7.249633903830199821e-04
3.855666335281104527e-04
1.177592887102945664e-03
9.746132774830518772e-04
4.836507038750202463e-04
7.344532736915547651e-03
5.647510047022349673e-04
3.157677697454886498e-04
9.913075646322835020e-04
5.233289673658832403e-04
1.186358965363018460e-03
5.167486435650283424e-04
2.218137569334742345e-03
1.190837999908439396e-03
3.756554473219470285e-04
1.316124009659870022e-03
1.723275929554626005e-03
1.285140715942358720e-03
6.549509242286679451e-04
9.227632113586110071e-04
7.388698888397671584e-04
1.420441848167273112e-03
4.738520817333083022e-04
1.360544910812314448e-03
6.954190869861714844e-04
5.866686190410750614e-04
4.215310247687788789e-04
1.030935350037171525e-03
4.471453817469507575e-04
5.808299614405974289e-04
4.409551224330246380e-04
4.654508719498159637e-04
6.007910800920107566e-04
5.394585335262173844e-04
5.363784963369810704e-04
6.004297050646908562e-04
2.247422449956701894e-03
1.078897023816872188e-03
5.840865176544331443e-04
1.037610064221767018e-03
7.733130676888484234e-04
4.426995772122410688e-04
5.113983445611839859e-04
7.410027296802469340e-04
1.563418391985585496e-03
5.762762494510154229e-04
4.127239960966738253e-04
4.032694584722595508e-04
1.259173345883715048e-03
3.303193955630243724e-04
9.998674385085369772e-04
8.461835178491698218e-04
1.014688145629667531e-03
8.118901929351222046e-04
4.999035096513721041e-04
9.649498177837957527e-04
5.178988114604050896e-04
2.259306721631655461e-03
7.988997849904458512e-04
6.699096904331245175e-04
1.352109088782816161e-03
5.252567565152046342e-04
4.331277711598633989e-04
8.147721703557165782e-04
1.747121283054707845e-03
5.142888676065297034e-04
1.875884379948174457e-03
4.898707200343266474e-04
5.569879889363839537e-04
1.647440951107489223e-03
5.560738777968685315e-04
1.500674875726112087e-03
1.325494669327793038e-03
9.429982351269162143e-04
6.076910507422531114e-04
1.726912901694958652e-03
1.093571051039624563e-03
8.056697378138321253e-04
6.737982376729989868e-04
8.990175999299626977e-04
8.997469161859917523e-04
8.520380793790716242e-04
9.124054356034306352e-04
4.383531130372681265e-04
1.239126851290897917e-03
6.881719570228816323e-04
8.456135168552440925e-04
9.097829552054565458e-04
2.900866049945248666e-03
8.165050486529317570e-04
1.442484521022468179e-03
3.092442010973315723e-04
5.517956539376311486e-04
6.568071841576861997e-04
1.553086405481556498e-03
1.581505981387741665e-03
8.658573907745393964e-04
9.390309076191704534e-04
7.045393847137255148e-04
7.876343383909211338e-04
8.196943586694314379e-04
1.258407979489069078e-03
4.906427622817666895e-04
1.162921751906065108e-03
3.642962460374090435e-04
3.547815053010668074e-04
8.534737535535228499e-04
1.057447193404690905e-03
4.820701840474143776e-04
1.777976882526562585e-03
8.545252746778697183e-04
9.846724288536364347e-04
7.296022331696937159e-04
8.701715446439525379e-04
5.810221469902233189e-04
5.603547512670935607e-04
5.690218523195436770e-04
3.808966418873522782e-04
6.348078729420543985e-04
9.607337055048832111e-04
9.065593175815890971e-04
1.288618194535468301e-03
6.872448418477532326e-04
4.999788553445301108e-04
4.854904838324952156e-04
9.618690442631022599e-04
6.719681618531464463e-04
1.108936175130093840e-03
9.567492872947971211e-04
6.527933761618770741e-04
3.937779551548257345e-03
4.552996439420734301e-04
6.123680261666923641e-04
8.442420680091636612e-04
5.220497508646157253e-04
1.526856920958766109e-03
5.427883626952992660e-03
8.950292429246922829e-04
4.233880673010648058e-04
1.006351009629230520e-03
6.613673037455222769e-04
4.478373148474367794e-04
1.309582028640761528e-03
5.192128890760167080e-04
4.724074311870116519e-04
1.131655065159360186e-03
1.117427693370915635e-03
3.836568442627540684e-04
1.441717776557267837e-03
7.020885536790699493e-04
8.968395918374636637e-04
5.238470376922532094e-04
7.014003773674833174e-04
2.480379513168552794e-03
6.209126392956511873e-04
8.142714254854343039e-04
9.678809515442167487e-04
5.020303229634485087e-04
2.057581630070809495e-03
3.261165877203333306e-04
5.184523464109173961e-04
4.366270172588318206e-04
3.277727156716577243e-04
2.892928820228737267e-03
1.371986658226884625e-03
6.911947546898759235e-04
1.288420290309660399e-03
2.083473014165220828e-03
5.051514011173805375e-04
7.264119807473116454e-04
4.552114766268782267e-04
4.738578633395760988e-04
1.192131953457677964e-03
6.572698204921120085e-04
5.585859555227939239e-04
1.007297573086492638e-03
2.602520262739025508e-03
8.555316475030748987e-04
6.046573786590368326e-04
1.072987443576193644e-03
6.816732267448503708e-04
4.499972039369800909e-04
1.512358855808834928e-03
7.338050075341252592e-04
1.388739405689926694e-03
4.656892722484083668e-04
5.540099664628908918e-04
6.954684960095244665e-03
1.452436147326661162e-03
4.431217273762787711e-04
5.926380907946631697e-04
9.582204427679096546e-04
9.366409343053791340e-04
6.459820857234664345e-04
1.151201637692648170e-03
1.229884620640431291e-03
1.682227739922661884e-03
7.978738574487304492e-04
6.791447459625405596e-04
1.748670488868286259e-03
4.014076318688787810e-04
5.199279030977240965e-04
5.612096938461293280e-04
6.372424817563653726e-04
5.974425197252295448e-04
1.725426675043338675e-03
1.768732540156804992e-03
4.616741608972929102e-04
6.876440548847211759e-04
5.802077587490476508e-04
6.016800463266576242e-04
3.805464507205936586e-04
6.443838268915966444e-04
2.032177231253738409e-03
1.032598502472161558e-03
8.786620064830580118e-04
5.698972955055121858e-04
7.127167469124046041e-04
7.182628803928002223e-04
6.250979269748385995e-04
8.309245948675881600e-04
4.989938287231760047e-04
6.552765496135659140e-04
1.090802254342054236e-03
6.294537065347989612e-04
4.567521558898506636e-04
7.487637576383273470e-04
8.618325932790140082e-04
8.229611118816620129e-04
8.694051440029770383e-04
9.786654132287984920e-04
8.599932659199241870e-04
4.807093917786645315e-04
5.417061696278265221e-04
7.140014120353085653e-04
5.343197621331257112e-04
7.047023997703240252e-04
1.480344425928019608e-03
1.128527164003884520e-03
5.966535339048963625e-04
1.783121734786450360e-03
1.615989992000868352e-03
1.502095119168056665e-03
6.002960493422498500e-04
9.045932679767250970e-04
1.288232490963702251e-03
1.064906496049497714e-03
3.647871124065249406e-04
4.880158778699079068e-04
3.793074562012346178e-04
4.367223400705158120e-04
6.484876141801558438e-04
1.471137809894108124e-03
8.922180510030260905e-04
1.469404836633127903e-03
1.206262080201810083e-03
5.738461550937470164e-04
9.993727738922433650e-04
5.862627101331920965e-04
8.341130935948829709e-04
4.563456896891316880e-04
4.759962671274330895e-04
2.276988953027426696e-03
5.065597539585225267e-04
1.541657926928510823e-03
7.204501478986176984e-04
1.493991267716607415e-03
7.480123216181880754e-04
2.196130293439140305e-03
7.718037755654682348e-04
1.950451164524524827e-03
4.856205575038029720e-04
1.395142486300134316e-03
5.400781744629911882e-04
4.427523422476417722e-04
9.652832687372099423e-04
4.490564825323555757e-04
5.606350487317497298e-04
3.911737780027768271e-03
5.052410472841217370e-04
9.782660101904704173e-04
3.944402921706656158e-04
1.381258612097745328e-03
6.323552617858311034e-04
2.120869026705737934e-03
3.648396601647465394e-04
1.107741579721420802e-03
3.846971465054429564e-04
8.377085437080628895e-04
9.364312167011408028e-04
4.357850031832647981e-04
6.302928530705307350e-04
8.043742621695365753e-04
4.433764682197055659e-04
1.404929895269799557e-03
2.353921790489199410e-03
1.083274424258046185e-03
3.644217800891886932e-04
6.822440537072959168e-04
5.801773356280970090e-04
4.797352186639900319e-04
5.030303594345876842e-04
4.902452064907142229e-04
6.111146954183717091e-04
5.705334689571665233e-04
5.908399607153690331e-04
1.516871833876433330e-03
9.869978826575172628e-04
5.738427728145562446e-04
7.682712512826617287e-04
1.137386991933896129e-03
1.181782583477725915e-03
1.020863986817388547e-03
7.725051758762954517e-04
9.411805476549717307e-04
5.081585674910230142e-04
1.594426122277492301e-03
4.666701556513396659e-04
3.597344290206470549e-03
3.841956902245716068e-04
6.228925131623188434e-04
7.320527142866099660e-04
9.043693102986984393e-04
6.428909411469546599e-04
7.336757450641564603e-04
8.605109119281396501e-04
9.010235975607989480e-04
3.829571817689843174e-04
9.161406111258998518e-04
2.555137249238875492e-03
6.645351404863372507e-04
8.322164104940638595e-04
6.192706973174590904e-04
1.234915419292119529e-03
5.766999906306091890e-04
1.812723371221040911e-03
5.635908026525272233e-04
6.100403173341770093e-04
7.550669309569057325e-04
3.706577359164245724e-04
5.952672570512999688e-04
1.028256897006831838e-03
2.927406792966368368e-02
6.531313204730567748e-04
4.821891788737610730e-04
4.270547797492046656e-04
3.271856744252103592e-04
8.581466565979407922e-04
3.926141973017617396e-04
5.324954343013175821e-04
3.665437045132904155e-04
4.365434972416551429e-04
1.075709153852908708e-03
6.436927952238863772e-04
6.424925996180862360e-04
6.112087295957088469e-04
8.444307180207579399e-04
5.409057379972319552e-04
1.122173150636856685e-03
2.285453197322731024e-04
9.973770015147920102e-04
9.066731591988979721e-04
1.113287012158580697e-03
1.123906565935362629e-03
8.577973122881872668e-04
5.240044516880355049e-04
5.578856382543494804e-04
2.796636464873858939e-03
1.034898317268476056e-03
1.152779000420068537e-03
1.123042246642793306e-03
3.928334941455529110e-04
1.140232522956306652e-03
2.366344599828213834e-03
1.526266277342266638e-03
8.047238993433646721e-04
7.077345360485255655e-04
8.065666795126825474e-04
6.439323152671829658e-04
7.612490450694212605e-04
3.931703806425584664e-04
7.103163940643291352e-04
8.166428251923404762e-04
1.271308275793842915e-03
9.245788333059793513e-04
7.417797687907991700e-04
4.988934664327121515e-04
1.462540487120555285e-03
7.155945312226520824e-04
5.773859316838441443e-04
1.128505715266933836e-02
4.542326559591537997e-04
5.426079538410108049e-04
1.290034137429982124e-03
4.425133637035059075e-04
2.229403485111586779e-03
1.335449182589740257e-03
8.238280861120003164e-04
1.010841708997493914e-03
7.473098436244571133e-04
5.308116100064216338e-04
1.401557210839492673e-03
2.726727187401363928e-03
6.523576328988487825e-04
2.043804021781851256e-03
1.122391727405029583e-03
8.690371464869526890e-04
9.662819726338119650e-04
1.697852739393615473e-03
5.685139315116154385e-04
4.783345183086051464e-04
1.119824961950791108e-03
8.269505847611591069e-04
8.034199231038398814e-04
1.210205968612070764e-03
4.235585554444617866e-04
6.370710412176412924e-04
5.427670506822832291e-04
6.191453334031695290e-04
2.236525700771856400e-03
9.369908899879153541e-04
5.239804161730029141e-04
7.495645791546250635e-04
6.381669433143493915e-04
7.338935245806953991e-04
4.641418523293105373e-04
1.894077988301973983e-03
6.352806755785300784e-04
7.201123703317845182e-04
7.771158271786504342e-04
7.634585084685999688e-04
8.661954369696331629e-04
4.776408789896335080e-04
8.376934759036113636e-04
1.303686010235993991e-03
5.664857958258195589e-04
1.265533805992163528e-03
9.197761229358051693e-04
5.421806276248404078e-04
3.967194596057913264e-04
8.391718701040812257e-04
1.885580467152509800e-03
1.450945843745549916e-03
1.292838947874189008e-03
1.139852034197634100e-03
8.597420613668820986e-04
8.635581074788272176e-04
4.553716846702288656e-04
2.112091580219416752e-03
1.753096529388201022e-03
5.296547216426045679e-04
1.715650084709417203e-03
7.617401243251608516e-04
4.533401513247789809e-04
4.192478455289642600e-04
5.187179702339244801e-04
7.446467543555905380e-04
6.381875952718846483e-04
5.996839735773664554e-04
6.819177289058646861e-04
1.497913098018359077e-03
6.938577292589761039e-04
1.463236948893933834e-03
7.824655017417074098e-04
1.394689571763022299e-03
7.316949274875907084e-04
4.017805347348716899e-04
6.839392922213153410e-04
1.073297493573586482e-03
1.982189998284891470e-03
7.333298265214814766e-04
5.531154542169182745e-04
5.039315179609282682e-04
9.721004881367311702e-04
6.169527212783805937e-04
9.348785580399821601e-04
8.536657939636973927e-04
7.516527532308749223e-04
9.515326403346151349e-04
5.170148848481665197e-04
9.990410384542404345e-04
1.094285187028308168e-03
1.024922973757869202e-03
5.085330314792437228e-04
1.204933768178679133e-03
2.349963813977358224e-03
8.314221207554579971e-04
1.326748780331354861e-03
1.086291968742299349e-03
1.588769068007930742e-03
1.010622692954058800e-03
1.428368859025918930e-03
1.182750646289699266e-03
6.869250517461570693e-04
7.108295802216866221e-04
7.574647337417880419e-04
1.514093619201493457e-03
4.795455590185511798e-04
4.715240021040801146e-04
1.580330903846324624e-03
8.542134782272283681e-04
4.152851644421182804e-04
1.004843363216737558e-03
9.099412793450424803e-04
7.644486046629365116e-04
