3.478381492982439149e-01
3.577312693227197582e-01
5.672644683996379972e-02
1.536658687676475121e-01
3.435718063002436429e-01
1.162612660960976180e-01
1.368995407448353185e-01
1.436692608980272290e-01
1.177224449662085670e-01
3.526954954355018268e-01
1.673969561498759584e-01
9.376070756435003761e-02
1.861317515988815119e-01
8.893023866243005005e-02
1.049190099640003870e-01
9.791940608501720211e-02
1.865779817421707454e-01
8.220063369767617589e-02
1.350161303562637527e-01
3.070392501961294873e-01
2.650159342606571711e-01
5.487451878489711665e-02
2.668736463532732639e-01
3.149190808878171155e-01
2.459300948132063791e-01
6.422940141686413196e-02
2.706982299293037575e-01
2.245410506270350270e-01
2.412513977856801939e-01
3.213068161714731086e-01
8.964345487582472960e-02
2.887392621113664681e-01
4.576515613326595511e-02
2.181215559196134912e-01
3.579232131998760780e-01
7.074668730538012651e-02
1.106263341401529932e-01
7.223601034567136980e-02
7.758164821132845779e-02
1.905489132260601570e-01
2.533589143999150362e-01
1.371771886082764624e-01
9.661490986887839860e-02
9.441593817282932510e-02
1.398571707566848010e-01
1.138668079108664383e-01
1.089614278718397528e-01
3.012610610808758027e-01
3.257124932187593358e-01
1.044488515690861347e-01
1.326465849922160711e-01
1.325772249906515821e-01
1.967991830922139751e-01
5.551222274397794171e-02
2.260000284370209944e-01
2.340983943599546646e-01
1.879459375136645072e-01
1.294761593259308730e-01
3.571766772425409853e-01
6.757707563125812944e-02
1.193933651861218831e-01
1.433315415697165862e-01
3.296112210731177994e-01
5.872137152970254015e-02
1.498703238937028337e-01
7.078922385146209362e-02
9.754537247463543337e-02
2.890717496075432269e-01
1.452316632012925768e-01
1.154068179368887698e-01
6.095851768717400199e-02
2.822199419304514678e-01
1.427400063276993702e-01
1.035193077925654348e-01
6.425591705458776060e-02
8.483479308564791099e-02
2.107456173413391753e-01
2.104644352799434626e-01
1.423427174289849384e-01
2.492840388172286592e-01
2.259829098550427129e-01
6.029822518903837913e-02
9.748984275547525891e-02
1.641245533351049779e-01
5.409444896093022759e-02
9.235033926070594645e-02
1.369139028524692381e-01
1.367220150475439155e-01
5.337695105086830150e-02
1.657962292904826551e-01
1.725506012154263413e-01
5.661813953402003441e-02
1.146210392601354072e-01
3.473258943265545295e-01
1.367964324913120977e-01
6.718429128240942239e-02
9.245794531020440354e-02
1.884425690749081672e-01
7.867801019740200408e-02
1.229024079427272625e-01
6.465330028589295897e-02
3.195330857406175062e-01
3.574089723076747105e-01
1.710285875803381483e-01
8.697208336899829584e-02
8.763008847922769406e-02
2.294822818383060459e-01
3.477230788109157977e-01
7.084777188231226874e-02
3.269216623663134813e-01
9.443037505727401582e-02
1.753033288091097319e-01
3.284699422249216516e-01
1.176326265773550289e-01
3.117079690032487638e-01
5.881666829470645619e-02
1.352854978789732598e-01
2.862540922435776736e-01
1.655492175736205107e-01
9.405419448716131892e-02
1.457518494474165094e-01
1.198790089376429967e-02
1.796473675823098415e-01
3.446473641539797850e-01
1.797491034762589146e-01
2.846900879340287793e-01
3.672969050891204679e-02
3.323817389554785118e-01
3.308348728401016015e-01
1.484072621761590993e-01
7.743986351224220466e-02
1.295466502803187536e-01
3.270400018680825749e-01
1.178500083233718632e-01
2.223744860456240424e-01
1.713321353710224315e-01
2.855602387053333135e-01
3.255389813017819933e-01
2.112299114961015412e-01
2.758742207484193854e-01
9.302718868621831505e-02
7.548124363710868867e-02
1.788789939964509634e-01
2.465725706008095319e-01
3.118829483289020307e-02
7.614154742263359865e-02
1.797959484467788471e-01
2.526073516201529645e-01
1.680903445524429829e-01
1.796399148272911361e-01
1.281442195166195841e-01
4.817972839360343262e-02
1.387394419764657605e-01
1.229701335537978224e-01
7.773656550427650302e-02
3.190315836895886714e-01
2.949840443874296447e-01
1.751568047662545591e-01
1.371320396814297293e-01
1.335858716226260290e-01
3.152960084737373991e-01
1.536780887201565915e-01
6.610120329974594755e-02
2.795180225607927227e-01
1.030986785670182787e-01
9.452034250267492277e-02
1.549018903002089831e-01
2.013168839600917304e-01
2.272064460624561300e-01
1.488320471210284046e-01
1.384017885113837110e-01
3.569463256810708196e-01
1.533853631306793253e-01
2.496400180853533546e-01
1.907465988959222425e-01
5.234109590236214055e-02
1.916094035187753397e-01
7.880063748931501189e-02
2.341502847810437160e-01
1.366688228790394199e-01
1.563817540382335392e-01
2.104019835167476038e-01
8.443617693812731362e-02
9.709264075715767772e-02
7.084466223318983125e-02
1.680689926780514765e-01
8.368264892235917352e-02
5.317880607410453708e-02
1.132365303466759260e-01
2.526303596378214333e-01
2.910533647591203033e-01
1.291558890401309223e-01
1.512311284705795400e-01
1.563629252302656258e-01
1.271770372608530819e-01
2.503104083135891320e-02
5.970967044918822075e-02
1.700854323704688864e-01
2.432676902270588526e-01
2.919051797080819410e-01
2.914278107592752076e-01
8.099839995054602948e-02
1.115058394628076488e-01
8.232328873689027937e-02
3.336733918337954630e-01
1.193013155703453176e-01
1.963983677513145842e-01
2.163722932373526864e-01
1.063520886111548741e-01
1.095855715145698100e-01
1.851874393262633589e-01
9.301464331851234946e-02
3.445840602592286084e-01
3.092642678939861237e-02
1.250088246587504615e-01
8.927675949835751912e-02
1.650544002336568061e-01
1.466540222013055783e-01
1.451298483822494878e-01
1.712476281443011394e-01
8.107394458325661857e-02
1.664319767217574131e-01
1.316087797092025113e-01
2.688310461198457069e-01
8.353016983716141097e-02
2.257077518658064941e-01
9.679545212366526263e-02
1.012494221956431045e-01
2.043348038728401428e-01
3.544453111728769201e-01
2.213322813576689974e-01
1.251247449194979600e-01
1.882393797271900704e-01
2.873947355328045905e-01
1.186939912619838916e-01
3.394834131235437424e-01
9.672105574834263808e-02
2.601114958472313110e-01
2.246949707964567000e-01
9.825308431820922728e-02
2.342073371403612936e-01
2.794518107889620295e-01
1.010652018365425786e-01
3.196949334018454048e-01
3.010077214752996944e-01
1.856122642913553833e-01
2.093543012640871614e-01
2.579658290270764875e-01
1.086891652372510703e-01
5.415665021657863759e-02
6.299865383117443651e-02
8.099916398680344354e-02
8.024680493175326279e-02
2.608290292077251049e-01
3.235440924163508480e-01
6.127413047916300398e-02
8.191708151850575492e-02
5.052223713219253926e-02
2.289964770749652045e-01
1.058825677788215042e-01
5.964075083615514444e-02
7.514247582165264894e-02
2.635186760411382112e-01
9.322895935471579854e-02
2.460284800705055674e-01
2.843360501978142718e-01
3.227070704730604644e-01
2.141438122443163894e-01
1.113201663502230987e-01
2.794338402306520419e-01
2.505793043055684066e-01
1.000139341637448775e-01
1.836562758229009495e-01
2.785166292780201780e-01
1.648042951718230453e-01
1.636801802314558074e-01
7.655172284847060193e-02
5.143916833065047267e-02
4.917624629911824391e-02
2.336725373290073626e-01
7.621013266362053340e-02
1.958432523301734673e-01
2.406734491339588833e-01
7.208645139298369697e-02
5.602823988814351758e-02
3.963691985029296067e-02
9.892739700506428258e-02
3.441623660297635778e-01
1.299563025759412349e-01
2.397812802910797292e-01
1.911983165453069455e-01
8.425305607295863197e-02
1.368917795886246958e-01
3.529468067172700230e-01
1.690402806653933387e-01
3.031638940453447173e-01
6.534934682907343750e-02
2.934224724505125059e-01
1.755068249714716311e-01
3.060173352745805264e-01
6.397069099572130768e-02
7.514731802340783584e-02
1.589499065053976423e-01
1.872140223504267231e-01
1.596317879996030364e-01
1.248334389290984003e-01
1.792334899640682377e-01
1.052797186867601015e-01
1.831433356751844821e-01
2.938241972059215668e-01
1.046575067632581624e-01
1.044960612934728444e-01
7.784449624657524547e-02
2.097094566015987038e-01
2.568192013879818103e-01
6.422063450253094608e-02
3.326032959501689090e-01
2.248849738241461560e-01
3.084765732789718773e-01
2.888519179700348993e-01
2.686958214262532563e-01
9.865221700832835228e-02
1.972686868910468461e-01
2.977436552394925329e-01
1.468801599701267946e-01
2.909643508424133440e-01
9.498636802380255872e-02
9.178674357118971061e-02
2.770558200256981740e-01
1.288358619550252215e-01
6.763429586774329094e-02
3.174562508134936567e-01
1.103095003010646363e-01
3.008372325258680813e-01
6.367267461636606785e-02
3.045442163642120836e-01
1.630167742456870850e-01
6.948060143344325645e-02
2.573639820312450532e-01
8.240816056573140036e-02
1.910378289699645182e-01
1.299275823949686826e-01
1.774904143068731788e-01
2.748909030420823574e-01
3.408888732238937735e-01
3.277686511756435217e-01
6.560081051308926103e-02
1.412037035662619955e-01
1.704291716419921998e-01
7.569561903524668622e-02
2.240500004013646351e-01
2.810627544240933418e-01
2.289614899814995663e-01
8.321941099098287276e-02
8.987471672566152425e-02
2.188399970219855883e-01
6.360808402098229453e-02
3.492985319779259856e-01
1.798943932757909869e-01
3.225449588485647112e-01
1.362488302148741059e-01
2.520958841390849581e-01
1.889635142282111158e-01
1.617389239902874976e-01
1.232250053177249005e-01
1.109849125640620104e-01
1.879033339359477417e-01
1.485985723458686236e-01
3.075702386884935358e-01
2.226776392905835955e-01
2.381928365237227230e-01
4.359769143376825834e-02
1.915604479792270554e-01
2.815153927922269816e-01
1.077042984691977817e-01
2.172665706639736460e-01
3.188478208591322693e-01
2.576339353063185067e-01
1.545810025664406118e-01
3.004915399747227212e-01
8.968822321403099873e-02
2.663762927507549172e-01
1.164121551731996246e-01
8.983009689893081684e-02
1.211152274822082930e-01
2.900973195722605369e-01
3.105955273720145682e-01
9.752671028560860877e-02
1.083745433720301188e-01
1.819498311493098208e-01
3.379799994821240938e-01
1.020140978306889601e-01
1.490989284055024011e-01
2.520387675424826113e-01
1.712406714436831012e-01
1.262843949112603947e-01
1.731073191956127855e-01
1.971827163266931526e-01
8.202565156433661020e-02
7.426161791828773950e-02
2.829585360873829725e-01
1.992809733778816428e-01
3.094792264215984745e-01
2.165544440163684192e-01
9.825267239730073321e-02
4.856929834965004883e-02
2.550434483880212877e-01
3.464539610638184830e-01
1.754859769096034361e-01
2.010698907798797452e-01
3.248628860825413245e-01
1.307779159765777022e-01
1.250390936932268826e-01
2.514761381763919723e-01
3.530101414350082512e-01
2.856139219148224884e-01
1.014270858218879745e-01
1.307151563886046752e-01
1.132351604087995373e-01
1.938921264475663431e-01
3.341969192615759088e-01
2.063454726177465781e-01
2.886004227267940370e-01
2.646329803524265500e-01
1.077842764587546576e-01
7.933791373537518732e-02
3.417842745363418033e-01
2.733951029547003198e-01
1.709704983647434284e-01
3.000955732731267478e-01
1.744513491908394887e-01
1.957652252652929414e-01
2.079241678332809928e-01
3.023830264251395339e-01
2.360202875889536867e-01
8.678349019541425902e-02
3.219971857072219112e-01
2.557250426701989099e-01
1.974306332336302761e-01
8.281036202771951960e-02
2.651907572310845951e-01
6.604327789176041297e-02
2.207222111841837531e-01
6.906195178353978503e-02
1.036977498467206577e-01
5.414190690146597484e-02
8.164549963702806556e-02
2.692163817707705631e-01
3.228754252077157411e-02
3.260541677598896571e-02
2.462870886285303262e-01
3.266866343587794819e-01
9.015439948841169615e-02
2.882817174651497449e-01
3.455840883503360494e-01
1.349859989070895938e-01
3.398441873969276772e-01
9.442909565398409366e-02
8.949857178400374980e-02
1.358086473828607754e-01
2.078826562941235856e-01
8.865001334512612186e-02
3.465277301284991895e-01
9.810466030873703225e-02
2.805141696796741302e-01
3.501642051324986293e-01
1.050244299335498926e-01
1.992017290129093621e-01
1.642988250386308025e-01
1.861291131093043838e-01
2.084243950445633375e-01
6.132943961165367858e-02
1.184482984659853133e-01
1.983590499449289779e-01
1.255994116010006323e-01
2.504760017600779487e-01
2.064932400859409711e-01
2.293275695825676974e-01
8.812855080995296575e-02
1.491150807134738188e-01
7.783486573380642148e-02
1.691625400188658812e-01
2.396063309902028982e-01
1.680174666651865489e-01
1.949087566472680055e-01
3.229764902981632213e-01
1.019469555245054448e-01
9.934956202549623250e-02
1.852266055672709411e-01
9.241575463812777558e-02
7.995474954600639839e-02
2.115753347961690789e-01
1.492179831322972272e-01
1.886212451110587385e-01
2.562689782157994145e-01
8.022445361476009118e-02
2.430224849984371771e-01
1.360118344483652320e-01
7.886505134868165845e-02
6.476282719678924660e-02
2.472213504860784894e-01
2.993819014630891284e-02
1.863121023207144622e-01
1.169842931812174192e-01
1.655291337671261354e-01
2.682604322042200229e-01
6.938384400363765969e-02
1.487342343508479547e-01
2.422203350808933495e-02
1.346745508409598890e-01
2.741225902862397534e-01
1.932514827303288829e-01
2.041834434936598275e-01
2.999321274285243755e-01
4.091984814448557106e-02
2.677395635252775574e-01
6.748525480777368968e-02
8.172189169714430546e-02
3.578841412053440640e-02
2.134801331493040855e-01
1.317081174053816861e-01
2.779297787237957618e-01
1.055648399630376433e-01
1.205136984403838568e-01
1.479716382417869958e-01
1.691990987981766836e-01
3.338401085315620964e-01
1.638171783409670401e-01
2.767824507847237991e-01
2.242557487497587321e-01
1.100400715871543145e-01
9.344933618344596071e-02
1.809340799566035440e-01
2.014759455538116251e-01
1.443677892608402069e-01
3.527538966544726540e-01
3.641499271203343935e-02
6.940902654393747706e-02
6.458924631507925729e-02
1.007794501857450960e-02
3.366764593014344165e-01
3.543971886744369248e-01
1.360284532132130242e-01
3.888878793345102586e-02
1.024175299652463206e-01
2.816019678658159830e-01
6.356740428836650525e-02
2.724728795431933248e-01
3.029478070289796099e-01
2.251760910628416434e-01
1.117257266661774578e-01
2.546476041192583528e-01
4.696069137389820292e-02
1.455075726466353858e-01
5.619433906367328480e-02
2.469611795294965606e-01
8.977411956756310707e-02
8.134544288735430506e-02
7.443197852388405700e-02
3.234834574395974993e-01
2.062654669116539274e-01
2.445819626013926718e-01
9.901881991880931433e-02
9.034294385995697563e-02
1.793027846735537056e-02
2.508446474848713414e-01
8.452074483184882081e-02
1.568713898533015405e-01
3.469864043235361128e-01
2.621860868442952297e-01
8.770557025318442834e-02
2.585639280819806429e-01
3.147524673655996419e-01
6.260479123694763504e-02
5.275106245165776808e-02
1.583923433435322492e-01
2.802153650757597259e-01
1.204950543933697715e-01
1.349721525567092739e-01
1.774388271748645607e-01
3.526277814435009872e-01
1.724985895729909402e-01
2.646412005548634538e-01
1.669306416680262084e-01
3.500399811896848928e-02
5.026152506403284981e-02
2.807736643219059802e-01
1.873056303098011854e-01
3.559312321682301383e-01
3.254403343846429819e-01
4.049412011963714891e-02
1.451755888198713040e-01
3.098993634382917195e-01
2.793124397181785401e-01
2.017663471096121930e-01
1.288665432599261917e-01
3.332970951394914616e-01
1.148176261670188214e-01
1.881589587381607420e-01
4.678597222006626588e-02
6.481839475340439582e-02
1.053352403350588662e-01
2.461063944132563519e-01
6.068485502406152643e-02
1.093825493022656664e-01
3.289306083087731314e-02
3.284553375981305035e-01
2.754071418471449872e-01
1.323264894931882873e-01
2.480199099146468411e-01
2.789119224210787062e-01
2.279614917595334800e-01
1.085734740320679070e-01
3.935231808423613614e-02
1.858294376315726137e-01
2.963141632465270958e-01
1.097835905377708421e-01
9.018411104690916835e-02
1.698072460203328415e-01
3.201891579090887507e-01
1.892923501704422418e-01
1.000163365577669966e-01
2.145659226441818945e-01
2.207395010564446036e-01
2.206688890527925828e-01
2.946075002447518520e-01
2.346657031118850045e-01
1.250324277393172756e-01
2.929556450859018280e-01
1.946590575810742407e-01
6.198629044748051736e-02
2.708356315044226914e-01
2.957941535368479036e-01
1.060111208187472162e-02
3.332523809927621095e-01
4.123313055715312897e-02
1.561085627933788966e-01
2.027804884179841560e-01
2.723298589762778166e-01
1.591119178152448632e-01
1.691580926835627996e-01
2.527396892885559465e-01
1.099802172587001636e-01
3.531812671129674897e-01
2.943607680210565403e-01
1.040835800207054185e-01
1.671628801668836040e-01
2.125561144776469125e-01
2.028328713251753568e-01
1.132896762846845318e-01
7.176505159055555916e-02
7.322832858673868073e-02
1.006420208205851957e-01
2.710853383702192532e-01
1.523255554536747103e-01
9.554615859818582635e-02
5.905521801746889399e-02
5.902610074866579404e-02
1.647491856522287079e-01
3.405688025475268055e-01
2.352762359189820851e-01
1.352977939216900849e-01
3.553570221839136845e-01
1.042179122689437382e-01
1.998404331979898030e-01
1.091311012343070680e-01
1.230156226177593071e-01
8.834155936978888013e-02
1.535308748575653359e-01
2.057583432324850137e-01
3.219560323353475306e-01
1.054705544895417207e-01
2.282184482272650583e-01
1.893062685615043428e-01
2.062864128610398529e-01
2.925258160262732554e-01
1.661997723681994110e-01
1.028589108962502108e-01
7.180446564998671510e-02
8.076174280151592055e-02
2.146170355126291174e-01
3.554983827887515657e-01
3.411768221388200573e-01
2.035999144305073449e-01
1.168555062776913123e-01
3.173966578524586857e-01
1.799781437503744919e-01
9.705343842569233437e-02
1.111147748996554052e-01
1.946892661512976130e-01
3.042193401449300727e-01
2.795643444020690649e-01
1.165301363913173877e-01
1.236099260989587389e-01
8.117623561905681906e-02
7.299486525003975879e-02
1.399885912611915639e-01
2.534814048081413529e-01
2.328279153237351462e-01
2.859603407117809470e-01
2.276773918668641705e-01
5.854342949984448624e-02
3.050973443369310312e-01
1.623377013852568829e-01
2.905889912972811628e-01
1.165626171595630367e-01
4.712115781332059522e-02
8.793407186525160901e-02
2.002570037473073439e-01
1.707347876636544359e-01
3.280036079272173888e-01
1.498869002601158074e-01
3.581055905173116671e-01
2.912409002365689559e-01
3.171102819626304692e-01
1.584690487916747270e-01
1.922971817870466893e-01
1.590788202452604050e-01
8.041693230260550662e-02
8.309303748683681545e-02
4.390913821880701451e-02
2.546374862518850368e-01
7.400243178620401208e-02
1.305484533783655421e-01
1.366577723021451252e-01
3.120880426973183241e-01
1.955626083639756818e-01
3.511078846071064019e-02
2.906656887006769385e-01
9.949169058681699152e-02
9.351530653695436235e-02
1.164530463450294678e-01
2.074171274883392646e-01
3.475206801592108929e-01
1.774781806026561604e-01
2.369897634818192433e-01
1.167263224614113470e-01
1.125365588651389831e-01
2.236269045492606522e-01
2.302477103294965632e-01
8.821454083973551130e-02
1.916949545402056310e-01
3.229898788714016811e-01
9.618466161060885977e-02
2.894621541626229977e-01
2.030152313112101592e-01
2.103633547285332916e-01
3.270447295371480823e-01
1.660525098350238427e-01
2.306536733619459489e-01
1.994459998520099198e-01
1.034740825456361979e-01
9.550764931328765972e-02
3.102299491502424900e-01
1.269226891344845398e-01
2.505853785645501541e-01
4.772437048020802819e-02
2.104115577538800685e-01
1.983914882199416807e-01
5.570238059144744930e-02
2.398279952676082016e-01
6.861185388080293102e-02
1.460590267976812906e-01
2.480014720449136290e-01
2.672739355034290387e-01
1.973872842466319333e-01
1.011768332381383639e-01
1.080333978254790772e-01
9.527886631541333806e-02
5.801676627523488089e-02
1.148320160018108660e-01
3.300229844981298344e-01
8.731984358343297670e-02
9.118797763556879543e-02
2.294974058918227700e-01
1.045801656796920553e-01
5.681215279828572690e-02
1.325705455437597990e-01
1.777395516304755840e-01
2.295729867409722624e-01
2.863630702215722024e-01
7.155652425700441410e-02
1.178338202917579708e-01
1.507794103869268820e-01
1.377300001150675024e-01
7.961630376547361443e-02
6.418252553592745935e-02
1.645785416518210920e-01
1.717013109298579920e-01
1.638670272894638125e-01
2.756783781358103647e-01
3.525837685000002275e-01
1.168672732783223867e-01
9.043525200800675568e-02
1.353186055975395263e-01
3.563624619071082411e-01
9.033813277444682766e-02
8.291873890987783158e-02
3.298846693294251731e-01
2.061669964058237547e-01
8.991536270035513367e-02
1.253992766279226900e-01
1.054160826063358924e-01
1.011844455406074594e-01
6.322588977579597647e-02
2.158588554667275894e-01
2.418514260263266158e-01
2.240322642102206829e-01
1.426409365910798477e-01
3.471132600706595128e-01
2.498130070410927994e-01
2.419666587636060684e-01
2.848320119664195932e-02
1.608224476141818515e-01
7.619278406730839448e-02
1.514770557266598150e-01
8.769610505813880963e-02
4.984567763109921945e-02
1.733634059109816217e-01
2.839731175707990718e-01
2.731509542841291660e-01
2.263035835577587029e-01
3.541088846828135961e-01
4.557716776453780289e-02
1.936894824099444634e-01
3.417994647914733841e-01
3.135466322395583094e-01
2.343203914608113503e-01
6.480068259559829125e-02
5.983466629074656040e-02
8.384591179639065694e-02
7.235680534766385230e-02
2.522583014456860062e-01
9.196250532460617522e-02
5.096183524593059233e-02
3.500214375402748712e-01
8.838608707184195112e-02
1.738766236213968031e-01
1.005978963756036793e-01
6.957877530789828568e-02
2.996277765639311363e-01
2.175389024599431453e-01
1.647323122179754906e-01
1.866305570053098106e-01
2.319988369030184516e-01
5.044858971948723569e-02
2.396825436968275103e-01
1.543630255430949172e-01
2.632012174759744694e-01
1.070792008916770649e-01
3.443843803127975001e-01
1.876112091135097859e-01
3.287657215397729038e-01
1.115687951554115709e-01
1.266098534122580832e-01
1.621557893579585741e-01
1.264156492765451112e-01
3.338556311598230297e-01
1.844825806231038812e-01
9.931786893370445068e-02
2.833408716836441354e-01
3.512633033138249372e-01
1.112067095290585755e-01
1.962317628352034660e-01
9.370814902060330132e-02
5.750853345348430623e-02
3.518027817377104571e-01
2.917713707102312926e-01
2.324814358336901310e-01
3.458335637428208709e-01
1.417459757461632663e-01
1.574988639717412597e-01
3.362155122383115868e-01
1.202601519535208968e-01
7.509595593405607450e-02
1.094354068071677621e-01
1.380765523300862552e-01
1.681791973757404135e-01
1.258632414209378547e-01
2.749208406559390805e-01
2.954995542381927409e-01
1.336857245831916674e-01
8.303072078470752349e-02
1.663994810811492697e-01
2.103809029168115241e-01
2.980231427401824340e-01
3.095259053430158835e-01
2.186749981202330828e-01
1.239383919352565339e-01
3.436445315388624300e-01
5.986564341228445968e-02
1.181156658162876016e-01
9.016790259510990002e-02
1.226052694628793210e-01
1.757359150562149974e-01
9.795749928430023956e-02
2.232194722709265333e-01
2.667477999416589252e-01
1.039229188401022824e-01
4.439335213706806921e-02
2.876768384630937203e-01
3.360544891853728400e-01
7.603423868721345680e-02
1.209144580184790263e-01
2.564437268380563295e-01
1.505628638140385500e-01
7.587867756090661830e-02
1.257219283649026464e-01
1.181699705413933599e-01
1.950444043043965126e-01
9.441126976994686226e-02
3.433563138205871779e-01
2.959646491056170392e-01
6.213214524887524653e-02
1.519964046892985088e-01
7.937986809610010630e-02
2.785636127655852778e-01
6.918995340887011680e-02
1.850490738670564628e-01
6.699772474417994839e-02
8.741424265497650670e-02
2.152288933896037426e-01
7.844249320566464012e-02
1.057086543541131823e-01
2.362591526969440303e-01
6.551576380935376920e-02
1.096725296498859553e-01
1.562517306567022812e-01
1.034058742206655779e-01
2.238069436581090199e-01
1.041016985258578359e-01
1.813395025601158006e-01
1.497472560113684847e-01
2.374048545512730257e-01
2.762747081698783275e-02
1.236025708807140799e-01
8.670490474497530298e-02
1.020628211571627530e-01
2.660732209116583591e-01
1.010918264420605783e-01
1.244013224238043336e-01
1.898822705281791312e-01
2.425461897917034482e-01
9.405559820825028228e-02
2.241412496521670017e-01
1.129364916849675687e-01
5.835311960578568047e-02
8.886357742306270902e-02
7.982565756093465414e-02
2.376038391091633284e-01
1.524608804365785164e-01
9.332853719506567503e-02
3.697773383047035789e-02
2.261095327365710284e-01
2.451855544297167344e-01
7.848910321373475663e-02
1.213203598074720502e-01
1.997314094430489295e-01
1.507556903810419180e-01
9.483620284107063814e-02
4.842564935960019107e-02
1.437402465520008499e-01
2.590205631693464072e-01
3.233360711649441721e-01
2.298903070945254312e-01
1.147638762533021162e-01
1.650914469469737522e-01
1.852308287116403718e-01
3.235519699061751853e-01
2.411031614461871531e-01
3.993987190337532078e-02
2.856202123797813575e-01
1.497765336674100889e-01
8.451236740737376463e-02
3.509341677353541161e-02
1.331055455200794990e-01
2.412404498472222603e-01
2.819637886413475236e-01
8.823606538558913248e-02
2.759083294409754306e-01
3.407414352987542250e-01
1.790968483601214079e-01
1.773239235780424417e-01
1.557904996254349805e-01
1.732527376636814886e-01
1.862696935530828435e-01
6.517106073391461252e-02
2.367410171048633660e-01
1.242194930828404986e-01
3.307897345436501824e-01
1.281983846245412229e-01
1.715436612534507188e-01
1.439901882258801391e-01
2.378186624207028199e-01
1.452237854983061682e-01
2.187117017006078579e-01
3.291007165992528849e-01
6.245600180763140330e-02
8.523840795895587519e-02
4.372583758087510153e-02
