2.337561482069564489e-01
4.002140361896762699e-01
3.269083684992020178e-01
3.162741813182703976e-01
3.560510671339420785e-01
3.225106253288503311e-01
3.328441753103343337e-01
3.404841910721634890e-01
1.842369732716090946e-01
3.733555331221299900e-01
3.839769348818870554e-01
3.251861103399805164e-01
2.493064986268221928e-01
4.078272552471479684e-01
2.920433548228920095e-01
2.758554406427174421e-01
2.250890604939685680e-01
3.707724786991438148e-01
2.018122777259238054e-01
2.597742826024839191e-01
3.227539610493491140e-01
3.271883585530652172e-01
3.084180723711133498e-01
3.124501283115859729e-01
3.935597098200292465e-01
3.435292847147380368e-01
3.304829995229340844e-01
3.674966063992188836e-01
3.258202382658291762e-01
3.577385314457408594e-01
2.639846190789678637e-01
3.268648560682125281e-01
3.849812462007589087e-01
3.933785178855853659e-01
2.881572823630100255e-01
4.044298310631953552e-01
2.510911886565080908e-01
3.627055587277077664e-01
4.007836408465292322e-01
3.737313124102120687e-01
3.291518193690796124e-01
2.811550485627180018e-01
4.130519612296875143e-01
2.699598257992975592e-01
3.932470554781751781e-01
2.758434926340674331e-01
3.764144029392961222e-01
2.250635074664280033e-01
1.883783731725908461e-01
3.495716812930910189e-01
3.857253496653083591e-01
3.191606656726044267e-01
3.210064504749038372e-01
2.891086960330475075e-01
3.624041151038046027e-01
2.231046642601808017e-01
2.237753497594144048e-01
2.943142299625606251e-01
3.967977417728892897e-01
3.000177052852981974e-01
3.409879904172447018e-01
2.754993953827503117e-01
2.931416163462185476e-01
3.543358138228564491e-01
4.146470258289284838e-01
4.057131181213178284e-01
3.179208409934490276e-01
3.106499845089920053e-01
3.807435222569796607e-01
2.622961048862753053e-01
3.559634584473416186e-01
3.008269880129015306e-01
3.525274649929925896e-01
4.015058099260423452e-01
2.930372981571592872e-01
3.131701121445833458e-01
3.607712077607339030e-01
3.115941513675191121e-01
2.795576777933258539e-01
3.450176525106251613e-01
3.740904710927142607e-01
3.794625463851925007e-01
3.204115293756307770e-01
3.054514321058250936e-01
2.766333832369023416e-01
3.926055544350471327e-01
3.581177922630107702e-01
2.350343663552845741e-01
2.133685589606029720e-01
2.937995699474974520e-01
3.759576116003276458e-01
4.092914085906674271e-01
3.189469216631127813e-01
4.086042029594890712e-01
3.194464698265394587e-01
3.738875564641550020e-01
3.877820350659021420e-01
3.679749172957813563e-01
3.760992033052372729e-01
3.252922390570822664e-01
3.054573201108404246e-01
3.859933511138782247e-01
3.675726712062079571e-01
3.860399743784566629e-01
2.624886053521535145e-01
4.137013878966152580e-01
2.757777831831588200e-01
3.457041829214955730e-01
2.831670338442860979e-01
2.862887011504609558e-01
4.077374154029894671e-01
2.724264281308803604e-01
3.601551915184475483e-01
2.448228967884487073e-01
3.821195011772771100e-01
3.607415624115199448e-01
2.983484822569175687e-01
3.517344243637861023e-01
4.038796042705032896e-01
3.758052743880373470e-01
3.177960329523838445e-01
3.269442288366171123e-01
4.143427979092195734e-01
3.989249421317281330e-01
2.381688121643554812e-01
2.409461551662965273e-01
2.911859684931502601e-01
3.999550468103885703e-01
3.355195250192217205e-01
3.967986343399386717e-01
3.699158242726738877e-01
2.768675250520827302e-01
2.737061910402687204e-01
2.960232276620248237e-01
2.815877905804296533e-01
2.396401116788430541e-01
2.919608119636672439e-01
3.552862561707157973e-01
3.615934112447077853e-01
3.535902358311463489e-01
2.815938401193254226e-01
2.886293333553204832e-01
3.673708558449600425e-01
4.142691756695930927e-01
3.311395080432640858e-01
3.699332190249807750e-01
4.044829977865476711e-01
3.588698576354492076e-01
3.738118014355795715e-01
2.545157764234496911e-01
3.864386523713743693e-01
2.481542506019425165e-01
3.555095538558418755e-01
3.198182902320695908e-01
3.514637317797589255e-01
1.855267387554648539e-01
3.713425957680017153e-01
3.421235428538370593e-01
4.093680387960788591e-01
3.748097952361905127e-01
2.727171689708102198e-01
3.035071064874675928e-01
3.887383413977137381e-01
3.767018468948524212e-01
3.644050971488581592e-01
3.288593087029967332e-01
4.106454991462951121e-01
2.967471062975279850e-01
3.730769040950011606e-01
3.932248164491259912e-01
2.752678549833697530e-01
3.734973445478025345e-01
2.645050884295379046e-01
3.727980437382050760e-01
2.242213826359437112e-01
3.479196577351690856e-01
3.939647099736962033e-01
3.933571808098406675e-01
3.258112162878509244e-01
3.477741289355175680e-01
2.483964838829708366e-01
4.121514512926269247e-01
2.315980772517798325e-01
2.427645284121699443e-01
2.413213571152505177e-01
3.638809353996105278e-01
2.509149592638668658e-01
3.880594949999435772e-01
3.165981945645456319e-01
3.497443693297883627e-01
3.821236271596964440e-01
2.673642981409051211e-01
3.671382168303241600e-01
3.563613496639074230e-01
4.146467626579480870e-01
3.878936539214288270e-01
3.640319543712054462e-01
3.858853542604955833e-01
3.750474584333329253e-01
3.893617481329580410e-01
3.501285853276042692e-01
3.363811613821527935e-01
3.016362230142575762e-01
3.016330983325261061e-01
1.659418826058415564e-01
4.092054221354226029e-01
3.554526300775268655e-01
3.451059347343722883e-01
2.336463740203616468e-01
3.479557363413373072e-01
3.729218085587964193e-01
3.262444227690334819e-01
3.855117725302844578e-01
2.987893778446309989e-01
3.617467484920916521e-01
4.123855747848231834e-01
3.840690628353237712e-01
4.064250153258960330e-01
3.973849946637721398e-01
3.837499816615834725e-01
3.944022795566416439e-01
3.133856893290387080e-01
2.739994389042010314e-01
3.602022286714852695e-01
3.483314801826883911e-01
3.402004338811538409e-01
4.051893379456476540e-01
3.459894849085326518e-01
3.758020271122086142e-01
2.739762852975339835e-01
4.097206326731080983e-01
3.247599669278553591e-01
2.663344412502464120e-01
2.093205527209686667e-01
3.670641263178072711e-01
3.667411315402726024e-01
2.920070757566516906e-01
2.877546390679249777e-01
3.007231038761433717e-01
3.290065644723219607e-01
3.540372086466437307e-01
4.021106862107162727e-01
3.347829932719187940e-01
3.403734967223056573e-01
4.038263015759509522e-01
3.871481371431598206e-01
3.925640250886134885e-01
3.852524340313093765e-01
3.532538440678276714e-01
2.733731343665712354e-01
3.706965631484619994e-01
3.813006962593512017e-01
2.357293453421432372e-01
4.086151978635185200e-01
3.080889486116377696e-01
3.522660357840917689e-01
4.026749487122825988e-01
3.263787017346840291e-01
2.620562963794563771e-01
3.029661901326945461e-01
3.887881486820394805e-01
2.757389196650895657e-01
3.672772924616448109e-01
2.522611986622619873e-01
3.394819898613929410e-01
2.436917653285206042e-01
3.467410954580409932e-01
3.465648882198849035e-01
1.664044409507963451e-01
3.210045345822521989e-01
3.045428755749086114e-01
2.357831176761796821e-01
3.875760701226883542e-01
3.472936081547821074e-01
2.306610277625751049e-01
2.469206492784115914e-01
3.987405715508255954e-01
3.623227443883351717e-01
3.838593161698806711e-01
2.794544971423831847e-01
3.039295151454215471e-01
2.457612788275744253e-01
3.261577275621799221e-01
3.140922711872823903e-01
2.929971798618202783e-01
3.735489987850019178e-01
3.256558531847595361e-01
3.234492534646329909e-01
3.235388783403071455e-01
3.802365588335170909e-01
3.347366600451170404e-01
2.437212566593647267e-01
3.946077829933971048e-01
3.486812518236608316e-01
3.399511476606013050e-01
3.810383162569207505e-01
2.168782221644088570e-01
3.764976926792494849e-01
3.178225095748509754e-01
1.837053424348835673e-01
4.084297082161520986e-01
4.020116266412138706e-01
2.384048354808390446e-01
2.792297862112799178e-01
3.275466741755299616e-01
2.466135226522045976e-01
2.916878801331861948e-01
3.314346075973107486e-01
3.918677518134771609e-01
2.518840298900361097e-01
2.335728033634675016e-01
3.048860826752555764e-01
3.093848121405210483e-01
3.507161671635695699e-01
3.289798831319497574e-01
3.105316914683788343e-01
3.483816521672415401e-01
3.436812251176676325e-01
3.919305132697802341e-01
2.591021400145903653e-01
2.111318604471429383e-01
3.316665240182909979e-01
4.136386305680432307e-01
3.284162973605034286e-01
3.807378746749083831e-01
3.551494201305497866e-01
3.127235437098211390e-01
3.746202054458007691e-01
3.988869698307306866e-01
3.841602179045225385e-01
3.895706241256862157e-01
4.122929382769677797e-01
3.941650159166245615e-01
2.663669301224327879e-01
3.610045837100187005e-01
2.606312908430872266e-01
1.935562297725723357e-01
3.981817115038339683e-01
3.851922973649981041e-01
4.097056316259621300e-01
3.414034592318531680e-01
2.565995435374796019e-01
3.343738046938469766e-01
3.840334432013460808e-01
3.253982506676481590e-01
3.951713308701855221e-01
2.247022105633899036e-01
3.720750167716301293e-01
3.923974933108134167e-01
3.257926296073243022e-01
3.334951950607679128e-01
3.805723197829225524e-01
2.055245479851132429e-01
4.053229777907799702e-01
3.845530219295694163e-01
3.229940892660745910e-01
2.961442641122359332e-01
3.825789643294412179e-01
4.119305962888557548e-01
3.384363380006933375e-01
1.892987622952485294e-01
3.037968640249300023e-01
3.592802785699397150e-01
2.763959884574467840e-01
3.737677897792114345e-01
3.320886080768187809e-01
3.456216771894757844e-01
4.035882878056819556e-01
3.383647906489126722e-01
3.898610016094476438e-01
3.870970831622342345e-01
2.938533801072524820e-01
3.272733643323100239e-01
3.757059880849751843e-01
4.043200062445516108e-01
2.939410591303547871e-01
3.295329369780169992e-01
2.607250210556462666e-01
2.591951069320963530e-01
2.334054408612771525e-01
2.771872861090464712e-01
3.074519300553907875e-01
2.406041581434901211e-01
3.331504777116835458e-01
2.902771183558829349e-01
3.565456791356919064e-01
3.930271589220021844e-01
4.122868129439071772e-01
2.565822091048857723e-01
3.197379214350450360e-01
3.294258015075720025e-01
2.314066164151983018e-01
2.565842595041639695e-01
3.259467026087866648e-01
2.583105198082634724e-01
3.683454847172815683e-01
3.186090679662644254e-01
3.550013474773721645e-01
2.512832751539099685e-01
4.091544615230982007e-01
4.085007844930526044e-01
3.954766829016321261e-01
3.652293050033686983e-01
2.988137383465030994e-01
3.945414114545460205e-01
3.328591771970760282e-01
3.719482232576467040e-01
3.264839797480618699e-01
3.659185786988320421e-01
3.922029863830048257e-01
3.177524342917286693e-01
2.310049333453770559e-01
3.352438766142592508e-01
1.981858173802756307e-01
3.208317356728810910e-01
4.101207287169228444e-01
3.856460331686135667e-01
2.798077451789824366e-01
4.081394533099381161e-01
3.443008296947473457e-01
4.041715234558631020e-01
4.136624424920937182e-01
3.931650781995479349e-01
3.669740996794227939e-01
3.785668391468931526e-01
3.870860329250714327e-01
3.452142521153794830e-01
2.257394489864769649e-01
2.677297079627827259e-01
3.945031498743166720e-01
3.530789760577444092e-01
3.499722960026653840e-01
3.307709639197236040e-01
4.084749371790638017e-01
3.404602731779026170e-01
2.630942007099500435e-01
2.291410537051584706e-01
3.156681490603631124e-01
3.618171082686817419e-01
3.799777408404358958e-01
3.835454691031209284e-01
3.752101583178104049e-01
3.386311919991113473e-01
3.686377307538483139e-01
3.823413410385280153e-01
3.766315945498485140e-01
4.010245123337521922e-01
3.892954730309813871e-01
3.201833548384649397e-01
3.558068896582202711e-01
3.358323556772394025e-01
3.873774875223545688e-01
1.952164635611129129e-01
1.827172483046005935e-01
3.426148519956524474e-01
3.856763918572497229e-01
2.122553074616392865e-01
4.026372431337780777e-01
3.709562774889615944e-01
1.910050639782311377e-01
3.131413321483644263e-01
2.029192504058865698e-01
4.019022607710409645e-01
3.674121887839419398e-01
2.261764999757626127e-01
3.507063337294684668e-01
3.831264673818592370e-01
3.891502932531697434e-01
3.507451263192733482e-01
2.789960626831520241e-01
3.709202253077645284e-01
2.079463089590438407e-01
3.276851165577625014e-01
2.911941744724458325e-01
3.024069435402327310e-01
4.129944908460281283e-01
2.397717241383957587e-01
3.128494151162105052e-01
4.087383942956568927e-01
3.645381051922499394e-01
2.952433123592936304e-01
2.974667941215399236e-01
2.529505229582877379e-01
3.746226839895058225e-01
3.781337321830698928e-01
3.538816148423480912e-01
4.094313988724424536e-01
3.570090892403730565e-01
2.962056018383352196e-01
3.322382158149170817e-01
3.426590746016621170e-01
3.213397993614964254e-01
3.544119591006960612e-01
2.919731769782744624e-01
3.189268551290795339e-01
2.626231704940433787e-01
3.045488149614750673e-01
2.611607007161729777e-01
3.895426799391932815e-01
3.845115164063483415e-01
3.615185716164528440e-01
3.491683736509850200e-01
3.221286920042306656e-01
3.877435135424017743e-01
3.897918766123030232e-01
3.268319847433335812e-01
3.597902136057040123e-01
3.312626080702487097e-01
3.093641740974173437e-01
3.625711588716724609e-01
2.743800215971735068e-01
4.058353065092322742e-01
2.994848294361868724e-01
3.393436066248236016e-01
3.116242123149487453e-01
3.225970560111470764e-01
3.569267518617770807e-01
3.217976359718168200e-01
3.112043862052947252e-01
3.732702887025478034e-01
3.777002964458038847e-01
3.736857319546267320e-01
3.390478876613023385e-01
3.304799109079786801e-01
2.765746365432588671e-01
3.309838705498124867e-01
2.668628943473788095e-01
3.771777051478076292e-01
2.023482098674078411e-01
3.917446047262401199e-01
3.338282217234139204e-01
3.922814704595626867e-01
3.297234888145053056e-01
2.221848128463276284e-01
3.622300979492086848e-01
2.352574267078131331e-01
3.256035330304096753e-01
3.114604850180633933e-01
3.860304280271666388e-01
3.932535821638015183e-01
2.962999607701171656e-01
3.582633078759072109e-01
3.813996122590869731e-01
2.747144628623810481e-01
3.532672317382832827e-01
3.099710064480694638e-01
3.694758259137380652e-01
1.987140869836179213e-01
3.054832975211834167e-01
1.882370147497552659e-01
3.131973428131059611e-01
3.240107909840040379e-01
3.557040210244057366e-01
3.511254857998889478e-01
3.039278377256706687e-01
3.968146571415670509e-01
3.797392957342199948e-01
3.934047310404254483e-01
4.105951742211444433e-01
2.986919080232208201e-01
3.349524935904159562e-01
3.112954864688718959e-01
1.973121765769017544e-01
3.661041008736846125e-01
3.209980511859584218e-01
2.657499805108646251e-01
4.005686405281665419e-01
3.494928770762666392e-01
3.287462997994211045e-01
3.069562919945120760e-01
3.082414306295072071e-01
3.488311369194947442e-01
2.430280616171332786e-01
3.209015236715339614e-01
3.925773578232141237e-01
2.041187212476672508e-01
3.494762677138054663e-01
3.162465269744277885e-01
3.775408520761197040e-01
3.738345516060589957e-01
4.027127426608737570e-01
3.776601325804639919e-01
2.840619754327802782e-01
4.101092640785212740e-01
3.951115860172446648e-01
3.811600619593433215e-01
3.366103257998407372e-01
3.743523825062810007e-01
2.129147704754797144e-01
2.921509836519249337e-01
2.763135580826890370e-01
4.091386207884670223e-01
2.764633258477586231e-01
1.681517073892805914e-01
3.869989463524940998e-01
4.145017476612475882e-01
3.831665174373259930e-01
3.112238091083017189e-01
3.579311142012340241e-01
3.509542237132263209e-01
3.717794007458723460e-01
3.935230317787664633e-01
4.029095492846229698e-01
3.854166514741541039e-01
2.482401050534214504e-01
3.568796975081061640e-01
3.575936072001249522e-01
2.993749795445430628e-01
2.199897853390009039e-01
3.618302183973927111e-01
3.393989365627249066e-01
2.782974330205332802e-01
3.466051013544304005e-01
3.095347870470532836e-01
3.573655879543117253e-01
4.019813445154068465e-01
2.593978745978544609e-01
4.121516744470444804e-01
3.550162148571705534e-01
3.313649896765426539e-01
3.697216053231230370e-01
2.778354053021380166e-01
3.456616610733476147e-01
3.066666486596166252e-01
1.936605967499504533e-01
3.083042405796077579e-01
4.137839908900209362e-01
3.291659545210940951e-01
4.043511866136460520e-01
3.931039824392995041e-01
3.932516705730968454e-01
3.438542510284275378e-01
3.506939913784890561e-01
2.494004206939003099e-01
3.094783546772663652e-01
3.169962618005336408e-01
2.873639116924291970e-01
3.240287096751521823e-01
3.024195583337633275e-01
3.555734491438404254e-01
2.724872265637995894e-01
3.638799035858821806e-01
3.970812852347938571e-01
3.794349326772989972e-01
3.434692100857435482e-01
3.509856016028259362e-01
3.690206796112328602e-01
1.954901426911221929e-01
3.231939652440073973e-01
4.040220655255966631e-01
4.093380986732090276e-01
2.744295957447889234e-01
3.445145368256961049e-01
2.819410678308087448e-01
3.245750843575698763e-01
2.837472950687846551e-01
4.054768940253346554e-01
3.099822163105179773e-01
2.565309793606604938e-01
3.786110258624349467e-01
3.922234431112164854e-01
3.169439354206601833e-01
4.076919327089740808e-01
2.536908177602919534e-01
3.590310409694380533e-01
3.097749265720645129e-01
3.974768506349911634e-01
3.338804437807647019e-01
3.818643912981528610e-01
3.646949304296176475e-01
3.891241301649431272e-01
3.968222806429286820e-01
3.562106170609165567e-01
3.133726388394184048e-01
3.372827654563775868e-01
4.013710921291467337e-01
2.524557174360316791e-01
3.358050694055655372e-01
3.557911038352144506e-01
1.892878664074222061e-01
3.952145012914485278e-01
2.898744420065449412e-01
2.328749263938306724e-01
3.673937020771286810e-01
3.070510882869773583e-01
3.091487038567893308e-01
3.405565425068902141e-01
2.363183681874957420e-01
3.648818046629882517e-01
2.371599695503553151e-01
4.038428247622604106e-01
3.928569136934861872e-01
2.916281811343764963e-01
2.763285575136633643e-01
2.885995287077521843e-01
2.840241513151249286e-01
3.841804551702456827e-01
3.757377913800868940e-01
3.823941761498508840e-01
4.099663827660066651e-01
3.243931839953019258e-01
3.619747501669078327e-01
3.063729518404454399e-01
4.091128772155338544e-01
3.786832462996205795e-01
4.113327434011031514e-01
3.816173942604018654e-01
3.104603138931439354e-01
2.359783232269952735e-01
3.870752621966452867e-01
3.582503597325035760e-01
3.662393265064425307e-01
2.266036985173432439e-01
3.884700470351448720e-01
2.058000604073674522e-01
3.867158019833852878e-01
2.536996609628743848e-01
4.088144217168038219e-01
4.082875302771393211e-01
3.775300768323481826e-01
3.762913902813365685e-01
3.572281810382488265e-01
3.410649393357014780e-01
3.864098478752172050e-01
2.929779530272930144e-01
3.190925686948740125e-01
3.947894726454017622e-01
3.851379007629482376e-01
3.065439658073330076e-01
3.672187897461552941e-01
3.197075147392912098e-01
2.829941150197220479e-01
4.020345031066345776e-01
3.351867176215752586e-01
4.079225535607930997e-01
2.954833782764265671e-01
2.972015075782026283e-01
2.882561580819987257e-01
2.695024599608209503e-01
2.721865473031723770e-01
3.344846420413102872e-01
3.102827687221776376e-01
3.444777591718639620e-01
3.758342671120042944e-01
3.045456372426130209e-01
3.704761879871174557e-01
3.223786198608217801e-01
3.313612470699923152e-01
3.514285022450302498e-01
3.922300808152729967e-01
4.118851498878745021e-01
3.907223297547106622e-01
2.935184604477918957e-01
3.383638897084647601e-01
3.652242395281705689e-01
3.245513842161947826e-01
2.644019907547410231e-01
3.208672086254652500e-01
3.286680901857327863e-01
3.736533876887399019e-01
3.809738943503389597e-01
2.767833467491893074e-01
2.933339285039517907e-01
3.291844985257070810e-01
2.708537120602786397e-01
3.846520475948844164e-01
3.559486083060701134e-01
3.081241727758124438e-01
3.244994090652550955e-01
1.920480517193240977e-01
3.826292003009146292e-01
3.643646764866879106e-01
4.058427547911397371e-01
2.514795708343806613e-01
3.594099958637896330e-01
4.101998044627393480e-01
3.896130379205241523e-01
3.791280861527501767e-01
3.052141227531399159e-01
2.971159765760746363e-01
3.187643028542203605e-01
4.144810604495365314e-01
4.145217768230551880e-01
2.346323582336837243e-01
3.504110378474196152e-01
3.980968547199594254e-01
3.572346833049702131e-01
3.530180692333576564e-01
2.624228830027403037e-01
3.692284089997515673e-01
2.624097798034716322e-01
3.733971965397713810e-01
4.141330313299091404e-01
2.571305840598391290e-01
3.344028225641700880e-01
3.780110978276335909e-01
2.324809696029831729e-01
2.739606433556988074e-01
4.008227395710100005e-01
1.851637216920556661e-01
3.056972855346155593e-01
3.704454028929759501e-01
2.962058037439381231e-01
3.307201564658464599e-01
3.758927890309891606e-01
3.271932870839107665e-01
3.752333801246419132e-01
3.090739921756147646e-01
2.383299044522567689e-01
2.344483734738525005e-01
3.959521172472714179e-01
3.567358356100883698e-01
3.878043828117785363e-01
3.922575770199256961e-01
3.685190961968546342e-01
4.124226585855191307e-01
3.819194366498978588e-01
3.498626773164105752e-01
2.483585719251358293e-01
3.876387593139435928e-01
2.004009619166585154e-01
4.058877522009693983e-01
2.622631022560015790e-01
2.544232639883732827e-01
3.008599686392177119e-01
3.368350233311606101e-01
3.799359714820210177e-01
2.704011975884944574e-01
4.041099042705157407e-01
2.572341167185232536e-01
3.981475033887477699e-01
3.398218276584103470e-01
2.613202381232831439e-01
3.335544824117448459e-01
2.924993328963234052e-01
3.392157260149871179e-01
4.071107128824402177e-01
2.570908786047923500e-01
2.466350095659517461e-01
2.672647448208983478e-01
3.813304453374823377e-01
4.128346663014567652e-01
3.826608121837848375e-01
2.606367632072755236e-01
3.101772334223011907e-01
4.065454341617241729e-01
2.156256508929423055e-01
2.283682614410662004e-01
3.538395551915800019e-01
3.565677783990204852e-01
3.716948815169526799e-01
3.442998255935942886e-01
3.178884332652742728e-01
4.041903770685256747e-01
3.175855909988621883e-01
3.109639463583824259e-01
3.521530946822595265e-01
2.507999940939636407e-01
1.903857855508409302e-01
3.026370705722589149e-01
2.898664666205711393e-01
3.801495338707227556e-01
3.939549232558314795e-01
3.506545920827918161e-01
4.066806112011444041e-01
3.284777824872004426e-01
3.693101798891099685e-01
3.276425267407543918e-01
2.883273501135995009e-01
2.443729429315918411e-01
3.858063181371218509e-01
3.720672867340403811e-01
3.066637630881084986e-01
3.833437139738001820e-01
3.140596926618038909e-01
4.145547394811538444e-01
3.056509828128305961e-01
2.229796014973241258e-01
3.101650031269096441e-01
3.519791345810784344e-01
3.996643297911677828e-01
3.523880213636516046e-01
3.816693998200294535e-01
3.409054180987314830e-01
2.496338837838581459e-01
3.087289542101883111e-01
3.376793820145173042e-01
2.657734850467339260e-01
3.115570622008185242e-01
3.891434363582637612e-01
4.002826101658534808e-01
3.013048345504155678e-01
2.394642027563386177e-01
3.820200009106449746e-01
3.128296457805446185e-01
3.600196085900994603e-01
2.398098786979006025e-01
4.079707994181230868e-01
3.166549463387628993e-01
3.431996364579239511e-01
3.833119540424588800e-01
3.008902166012682455e-01
3.140389693380507552e-01
3.862875756038961494e-01
3.238938782723424503e-01
3.691060181830794207e-01
2.467368814061280669e-01
3.786162848346039667e-01
2.954740554820836085e-01
4.099888118732190057e-01
3.553878596413256874e-01
3.128367310929389689e-01
4.115795916423507506e-01
2.664638270602430747e-01
3.805958945944188931e-01
3.770694182853233101e-01
3.975563247209652484e-01
3.967107818476884873e-01
4.131706571555400220e-01
3.961860282715371495e-01
3.960956041613232781e-01
4.016565782796692741e-01
3.188119985382418253e-01
3.896058725755762731e-01
3.905920871887046952e-01
3.817854106806062298e-01
3.035062725568806741e-01
4.142090707311265052e-01
3.346614985158252176e-01
2.447558966745298770e-01
3.322179821017081092e-01
3.289883524612785548e-01
3.298767090662045876e-01
3.737820560276253756e-01
2.576296472757367839e-01
2.776835514571157626e-01
4.114822755056601333e-01
4.008844000901328197e-01
3.928095871239765668e-01
3.756167293109047844e-01
3.879273590995204746e-01
3.880184522875214093e-01
3.777915399373215077e-01
2.981000963445709639e-01
3.819705193067858828e-01
2.505425458588110832e-01
3.392183864814826699e-01
4.141062353960195952e-01
3.859184284182051172e-01
2.789654699955685935e-01
2.828426218564900063e-01
2.452482089105949836e-01
2.899501967164571647e-01
2.900978715565398769e-01
2.827553384980712181e-01
3.599618641041682499e-01
2.946123186124320337e-01
3.023659393151363339e-01
3.404537606024193308e-01
2.898280138382877125e-01
2.519517002808293049e-01
2.602078554770622110e-01
3.633343355831978871e-01
2.361230570899269521e-01
3.617553218440675566e-01
3.196544575731564142e-01
4.020858952896452787e-01
3.692492028031102991e-01
3.639618554873942369e-01
3.530477068397929186e-01
2.858025892824730962e-01
3.943297362249291171e-01
3.367736789453044666e-01
3.053818118926239777e-01
4.111644076901801448e-01
3.991654682980140811e-01
3.879278215820486930e-01
3.485739920026505456e-01
3.668557615433024610e-01
3.204461435942296821e-01
3.856446193846670978e-01
4.022403279656212027e-01
4.055753201565632793e-01
3.453088315154623222e-01
3.202486370365938417e-01
3.411336899350241314e-01
3.083326800850942906e-01
2.921249565820714378e-01
3.968030642742249037e-01
2.209922735548297268e-01
3.482640412504460214e-01
4.017177297076620635e-01
3.284551050242814352e-01
3.119034067167348323e-01
3.618441130948859552e-01
3.721791954127477431e-01
3.345338997025454897e-01
3.817326407477593664e-01
3.837872820499246829e-01
2.831082865694719564e-01
