9.090345178121393829e-04
5.796734956244187350e-04
7.325700362682221372e-04
1.193448249956641271e-03
1.171144900040833577e-03
6.616182712411181012e-04
7.786872817721509884e-04
1.383328671461567412e-03
1.013082560827309724e-03
5.824219269536563695e-04
1.110733447435290674e-03
8.495157015109084048e-04
6.060917362854605604e-04
7.349777901415839370e-04
9.967775912564287057e-04
5.436224645877651843e-04
9.222404455901171650e-04
9.148444753861265663e-04
1.060518901306503484e-03
1.326162539542834326e-03
7.935325485329443318e-04
9.533452846745084407e-04
5.766416335341317551e-04
6.925477933413556712e-04
7.309095779182917451e-04
5.968776688918504348e-04
5.807868367868903410e-04
7.688154774439018551e-04
7.343281241174045258e-04
8.257281525878096490e-04
5.806886321692742792e-04
1.729572368438551336e-03
8.151526051132175401e-04
6.917766126598017548e-04
5.779114131938990892e-04
1.276474188311238229e-03
6.091096918671752439e-04
8.493156016457313997e-04
1.442543707437452709e-03
7.633862997467292947e-04
7.508395382974950103e-04
8.375233066866158383e-04
8.935400200019008110e-04
6.264625112587414446e-04
5.820503925980376018e-04
6.772904312414599563e-04
6.657422696417700497e-04
1.243140189726857055e-03
1.154779405294761169e-03
7.924791661565925129e-04
6.660445775787840299e-04
1.076121041700063737e-03
8.001885364917198269e-04
1.080879776655888341e-03
6.705869957681150247e-04
7.915976574036672061e-04
1.362866883177902676e-03
7.206882092391800549e-04
6.164351603117876376e-04
7.127346345115181123e-04
7.995266866175968195e-04
1.009853943153806366e-03
8.855928037634415873e-04
9.001939030957951731e-04
7.880348374681808059e-04
6.735178970264633046e-04
6.716513677434040848e-04
6.330434273832778735e-04
8.016844895056994200e-04
7.654128922843030135e-04
1.758931316293420311e-03
7.584081759819099461e-04
1.078925165101808636e-03
6.974423245399246057e-04
9.581203995803250131e-04
5.387326491025603214e-04
8.053193895732241358e-04
1.036783381554164021e-03
1.070991162250102980e-03
6.369420899276423062e-04
5.657726748548786615e-04
6.571182733026507397e-04
5.401063561182076721e-04
1.381455532954816096e-03
1.198158188988589484e-03
1.929256849040667920e-03
1.061243078120553988e-03
5.841875521836848535e-04
6.423942496516924557e-04
6.707620204654873635e-04
5.604651427925004883e-04
1.025602168839278303e-03
7.600323570915815683e-04
1.647254307525520796e-03
1.148611503049386555e-03
7.642318257165233494e-04
6.170523463833549284e-04
8.302889198010782830e-04
6.344181298707046680e-04
7.281471068551003496e-04
1.258780910898009073e-03
2.083841805754114377e-03
8.490248668052798780e-04
5.593584872970733864e-04
7.087999755206635718e-04
1.319550135899281041e-03
7.711985833605345319e-04
9.838687951172998478e-04
1.225513948729845893e-03
7.095246205643719216e-04
6.611016042869852357e-04
7.818298670859547385e-04
6.016149156218827737e-04
5.963241105402628884e-04
8.317861750156063314e-04
7.536339669691316913e-04
8.871012845815290804e-04
6.736878661968135652e-04
1.147631053211652400e-03
8.196788400147605579e-04
6.940131181134670839e-04
6.923634531869548529e-04
6.138721065769400971e-04
9.302066287407374703e-04
1.050520239720476858e-03
7.862469526735249136e-04
9.561831109887441180e-04
7.137124343798236957e-04
3.378823058570726810e-03
5.616951912788109005e-04
9.271267640713922158e-04
5.246821749924599236e-04
1.435860730853161368e-03
9.611931878837788991e-04
5.827072002928901460e-04
6.498049586841283132e-04
2.275960625325981583e-03
1.512653485121811560e-02
8.153253128478846331e-04
7.832887929338977267e-04
8.418180586324550477e-04
6.256218446524810205e-04
8.564831592268711685e-04
1.241500509418105554e-03
7.699020486564491384e-04
8.022181293721095379e-04
1.104562259840770767e-03
1.804655919660789858e-03
9.366559235256804051e-04
6.186626049037200707e-04
1.189963587926247662e-03
9.227931157685211657e-04
6.624710269618469061e-04
7.427933329159046435e-04
8.158895124185408477e-04
5.838471654389842036e-04
9.859829732422361985e-04
1.535970661765882761e-03
6.055313450316463474e-04
1.977082847332784030e-03
1.138509271493225476e-03
7.903513653363427845e-04
1.670386643244378385e-03
7.111014696796491303e-04
2.082454440022576177e-03
1.700259899647813249e-03
1.201706246425164647e-03
1.498251223962846239e-03
5.847839132858804762e-04
6.257993474939963765e-04
6.578720346579588953e-04
5.668286158490518914e-04
6.999194767546870711e-04
7.408458596426933593e-04
8.888469113756923556e-04
3.657133971149147122e-03
9.024404210499963139e-04
7.905617352874848248e-04
8.207853251899240163e-04
6.118786953599797190e-04
8.835261895304858532e-04
5.782118938438467280e-04
9.599742647162033248e-04
8.385284805144902365e-04
1.025385217236184088e-03
7.410564878787530502e-04
8.018429785714820774e-04
2.876121579251328039e-03
4.202778959172210303e-03
7.043631055208362688e-04
1.078700672301586075e-03
5.808843757954025447e-04
1.009704303248475966e-03
6.991110921466003360e-04
8.370368011307847446e-04
7.359849272265727230e-04
6.401721790906938223e-04
1.004266226620914061e-03
6.517848742680045415e-04
1.251491561228930925e-03
9.633014073777808805e-04
1.032843569646314146e-03
6.853069901578746383e-04
6.386257312248648163e-04
1.955705258332169749e-03
5.637110154340774617e-04
9.074575710141624630e-04
5.470701484450315273e-04
7.000418573432853290e-04
2.433159170607708793e-03
9.945944361070804731e-04
9.000656225687269545e-04
7.018566286384877789e-04
7.155522634545354727e-04
6.783611480217934366e-04
1.448915664433364069e-03
6.232936802811666005e-04
1.013678631324890864e-03
1.872151624494975764e-03
7.459646760434361862e-04
6.685612370094486589e-04
8.627640886492758763e-04
5.914793807918845760e-04
5.674472358720918271e-04
6.787180806121185725e-04
8.274393981489552288e-04
1.434589670719346602e-03
6.854563938322967218e-04
7.954342419051502362e-04
5.717952093871782196e-04
7.726264510244177904e-04
6.596421891839806531e-04
1.135081924293511110e-03
7.141541894680630310e-04
7.171131331244296825e-04
7.584721793104494620e-04
8.098877394457322043e-04
6.565367412244680788e-04
2.565589240787241772e-03
9.038094941512365239e-04
1.065814378107723080e-03
6.226018399311290677e-04
1.120158941377096071e-03
5.515618391628605106e-04
5.484980060841112073e-04
2.014789768581663493e-03
7.762584528134664581e-04
8.934617485074949341e-04
6.285199180911024003e-04
7.743958948382527463e-04
8.487049332508575994e-04
2.462902340604493714e-03
8.773350365778013636e-04
6.821368383715031500e-04
8.404761827796489951e-04
9.243962133538984223e-04
1.272998245369222348e-03
7.046333421171873095e-04
8.125015100065920582e-04
6.381293064244701911e-04
8.253446119194177968e-04
7.037762280320003245e-04
8.125665397739317408e-04
6.134195535866123448e-04
7.491273651589059734e-04
5.338913487324989209e-04
1.157401202096717142e-03
6.666127060525256021e-04
7.263682242465629643e-04
2.537214371739122867e-03
9.000695517313667343e-04
3.322101702500671831e-03
1.200454477778409822e-03
7.680766676552748399e-04
8.018050134618295768e-04
9.540271196297664662e-04
1.278400843996205238e-03
5.852131188441928511e-04
7.996574350176359047e-04
6.221239441258869874e-04
8.483306249226744847e-04
7.870915218322185663e-04
6.100735444246467879e-04
1.362782174044887109e-03
6.305377541219954517e-04
6.207946155801101398e-04
9.400369806953372178e-04
5.439178686843196709e-04
9.058047983724756228e-04
8.016487827176804574e-04
6.498250736967299589e-04
1.673675155596849326e-03
6.549103838624176308e-04
8.081134059554541003e-04
2.081254520572546271e-03
2.562038441791377342e-03
6.711151222522864336e-04
5.740718117462703532e-04
1.202587230532466351e-03
7.289250486549304041e-04
5.553164619782256740e-04
1.029153673071739284e-03
1.708954779166702671e-03
6.680255036976876599e-04
1.184097868268176165e-03
6.738354751432365118e-04
1.945534934054552736e-03
6.003720743804017443e-04
8.516228433899236672e-04
9.537856942831211913e-04
6.764769900609627577e-04
1.147064007835106418e-03
6.034236241270979437e-04
1.086328816044451750e-03
9.455872746609479684e-04
7.638246926505554797e-04
5.777472254996226467e-04
7.144273578314594593e-04
6.720556109986996216e-04
9.826754198242436400e-04
6.717563017882649751e-04
7.377186994370954270e-04
1.041639020425151390e-03
2.123038919468878474e-03
8.995961925231559572e-04
7.712320676999194057e-04
8.731651262439745495e-04
8.860310149521466319e-04
1.082760144671448101e-03
8.684642090458364119e-04
7.623027374118391316e-04
1.049189787167348082e-03
4.984144878550925833e-03
5.423798498539041070e-04
9.213614186924704410e-04
1.109664389797836810e-03
5.958461580374358130e-04
8.529988042478584085e-04
5.939493738254733720e-04
8.765862760771545720e-04
7.339172535274799888e-04
5.482025107546307759e-04
1.524488625350315209e-03
5.155218494162036201e-04
6.919133654609086609e-04
1.017198961215619009e-03
1.002179753812320251e-03
1.031550496454774861e-03
8.093530623250420062e-04
8.282844115782237457e-04
7.332476653417653199e-04
7.505764888093500705e-04
7.120435316257055745e-04
7.371455714699391530e-03
9.708221089519340459e-04
8.144143371393110014e-04
7.159093146819507777e-04
9.743371554612321366e-04
7.772717658876931697e-04
8.089846020526440720e-04
5.976675220148091683e-04
7.402628312047428334e-04
7.357930256723796891e-04
9.843119296270819944e-04
8.775463635238162910e-04
5.860300603664370805e-04
8.380091194788266999e-04
1.564678277761272001e-03
5.764862574325253525e-04
1.138451074712474014e-03
1.286730721914626854e-03
8.783759413601942550e-04
5.625123375367762366e-04
1.121614539072406450e-03
7.096640412268167067e-04
8.123130796587079610e-04
1.453446411391742885e-03
6.959263307780043026e-04
1.859632988596949046e-03
3.492515677836237082e-03
1.096154019950854562e-03
5.629775980556091458e-04
7.020617700152799717e-04
1.116329866554284381e-03
7.549321586850817186e-04
6.123279176547807975e-04
1.778731814611476123e-03
1.387369192404929721e-03
6.534072340053665709e-04
1.014984864706234375e-03
7.050739769693623602e-04
5.912858948690137301e-04
6.421811064172844048e-04
9.845706707904394034e-04
8.384610803405959188e-04
1.161091155011317530e-03
6.094435319288924119e-04
8.587848847710173247e-04
9.025015740688590703e-04
2.195507512175676190e-03
6.375936767852945740e-04
1.683661159084806885e-03
7.166122153731535995e-04
1.548779720479112479e-03
7.265960071725828745e-04
7.964553573029510645e-04
7.257296778932145883e-04
1.041914497987838154e-03
7.680996729087005009e-04
1.250221389342721185e-03
8.224813928188348753e-04
1.149683704180675010e-03
1.040793630836561734e-03
6.221220706788566654e-04
8.362619613526762119e-04
9.638814155468357478e-04
6.859696754041488733e-04
6.132282740912868351e-04
8.672898112666913408e-04
8.642041037049962319e-04
6.146730597915043637e-04
7.362266640907691190e-04
6.645544768416682905e-04
1.009664216025775354e-03
8.358393524592362808e-04
9.084863176185784808e-04
7.169744316184827049e-04
9.308796145878759417e-04
5.661634454021892589e-04
7.715429755988812560e-04
6.922833184860009443e-04
6.498142606574413465e-04
9.525809029514838372e-04
9.710864862144161875e-04
6.906060806250017593e-04
9.591883838283565009e-04
6.678352943814796746e-04
1.003203262295918529e-03
1.221191909580719064e-03
1.366401514861539847e-03
2.370534566207077847e-03
7.629537870272414717e-04
1.346704741963492815e-03
6.159800092366403369e-04
6.869554858106984713e-04
7.895027754876622356e-04
9.328831547182990644e-04
2.184869140666319612e-03
5.374260664461903746e-04
5.661446802570143256e-04
1.312654707619498057e-03
7.318278247658167304e-04
7.997611582988613937e-04
8.027380556183495502e-04
7.699536275186856472e-04
1.030958491779699867e-03
1.022149650510252627e-03
1.411356169695679712e-03
9.024648931415928674e-04
7.783851730751218702e-04
1.421857802042310933e-03
8.532802448287692262e-04
1.067208008587066650e-03
9.439890624128267557e-04
1.425909344503590963e-03
1.418774854333038375e-03
7.753055933589156085e-04
1.465711882066286949e-03
1.096540891449823696e-03
9.307938756943696284e-04
1.018362566664034359e-03
2.414072907404812927e-03
8.704890057564310373e-04
5.547860358250269021e-04
7.947104700016284495e-04
7.521498638073200772e-04
7.666886741635757290e-04
9.995033288112656518e-04
8.035015959101694935e-04
6.843794798585061626e-04
7.143722913328928248e-04
1.136478774306408715e-03
6.525014446024427449e-04
8.642896646784895128e-04
8.012446293378244766e-04
6.918595095637062979e-04
7.945486767890434917e-04
1.478865233862606361e-03
6.431177123560719326e-04
7.533099609658943903e-04
8.338796198210805723e-04
1.428236441693597975e-03
1.907908016480655642e-03
8.629004062412333562e-04
1.085379488270366228e-03
8.004633435015097442e-04
1.353515155083376709e-03
9.040151713886348216e-04
1.034601908733406676e-03
7.343988299167451741e-04
8.445575095382882019e-04
5.229289008060822655e-04
1.272939488304363582e-03
6.283886899537166788e-04
1.169934619772329239e-03
6.490164724019886018e-04
7.145783380077995938e-04
1.832056165358234793e-03
8.140250172143916009e-04
1.478105804545357376e-03
1.066836583692131564e-03
6.332529490274081468e-04
7.290027522568799136e-04
1.542461982640960100e-03
5.468671604549890652e-04
9.481347237216693983e-04
8.143525966674946669e-04
5.323959964084270819e-04
7.531606866907613338e-04
1.503596503927210996e-03
8.370696433115606700e-04
9.469267962527540055e-04
6.744288573344625658e-04
8.293712813488814464e-04
6.614103470032079313e-04
7.769584033999895299e-04
6.408154436641254944e-04
1.054168815053202739e-03
6.228698328674128022e-04
9.531909155254618925e-04
7.376175511681990621e-04
1.575408442349093916e-03
9.559644857724554747e-04
7.591601368636581451e-04
5.667757019551888584e-03
7.837805796069233092e-04
1.074198896368499124e-03
9.883526779273328275e-04
6.195199015381401639e-04
1.762047150563623727e-03
7.825275953909840033e-04
8.710058124136629268e-04
7.725945740703766672e-04
9.441952896521756122e-04
6.244030738669079702e-04
6.314294971432149158e-04
7.317623152350787681e-04
5.954109981221154422e-04
6.184153617911844480e-04
5.979862965268496278e-04
9.980182758521467194e-04
9.282562809603259928e-04
9.339806121089278337e-04
6.460634653264249591e-04
7.238453257233622151e-04
8.506184612331969602e-04
1.579192095354517780e-03
8.485788836220869644e-04
6.702418906595423434e-04
1.056558910920643579e-03
5.334303995316935299e-04
1.159128116669873787e-03
5.875801559614946771e-04
1.033299330458705432e-03
7.057765559365527337e-04
6.093867082787363977e-04
6.473248449464434444e-04
7.532929273138213493e-04
8.909103702373817341e-04
1.598482844561109877e-03
1.241226983245753051e-03
8.828964252882495886e-04
1.042238479223273496e-03
7.985769464134061463e-04
7.032980345480336921e-04
8.257250327802355839e-04
6.777701383031076382e-04
3.418316415742625892e-03
8.454592243068835165e-04
5.922687968545066028e-04
5.890440158350882796e-04
8.189564892676041031e-04
6.467049550596562588e-04
7.655648651748793746e-04
7.738135369076613824e-04
7.253838036751841453e-04
6.499560366716616204e-04
6.122442766346086274e-04
6.937194674235730224e-04
1.118750368754002330e-03
5.949402857284922640e-04
7.942465981922152427e-04
1.165300836835385248e-03
8.891218741036029626e-04
1.168521534374664366e-03
6.402379456251661594e-04
1.289621454682223639e-03
6.461841768095232452e-04
5.572057680083126151e-04
3.506768157995685063e-03
3.996144620086090199e-03
6.043570920871949937e-04
6.656826183968809173e-04
5.217348557854886324e-04
6.498108497198084189e-04
5.636266092843406593e-04
9.467447235111685257e-04
7.876685604976160337e-04
1.540630415154266948e-03
7.506469761467493649e-04
1.066131713579725583e-03
7.004792564960802886e-04
1.759843489635913496e-03
1.617014101832459951e-03
1.555235865062764991e-03
6.449545833273572209e-04
5.864002777750475888e-04
8.322303611931481911e-04
7.272577923210883297e-04
6.311071222497202215e-04
5.850841311461082257e-04
6.428913437552627886e-04
1.958394832326446934e-03
6.642550370847391311e-04
6.896962406005600421e-04
1.026331554416782133e-03
6.137404328022967029e-04
8.492667031340881681e-04
7.153541394673514813e-04
1.070620424900764305e-03
1.285352433207348705e-03
6.518804991736434733e-04
6.424341230961397222e-04
1.326218632743011083e-03
1.162523638548085226e-03
7.242914334005069515e-04
1.172017748118640628e-03
7.558354246069656389e-04
1.862133232707506884e-03
6.220915856062224402e-04
6.918351516382243490e-04
8.780583187226370699e-04
2.241658801627345772e-03
1.875803824548959164e-03
5.927939435292790002e-04
5.764786094508225506e-04
1.083384894464523452e-03
1.221089237534731973e-03
6.563445900679296336e-04
1.814805630571119039e-03
8.749717263407325637e-04
7.389862011990092376e-04
3.487456872161845672e-03
6.567337060626734450e-04
7.815125928709715491e-04
5.390937753476653408e-04
8.746055666355107353e-04
6.537886911567768666e-04
6.372573932522738582e-04
8.285210595514447534e-04
6.921348966438204547e-04
8.751939465963822461e-04
5.621036867817776018e-04
8.546773057344034816e-04
7.688839423464446281e-04
6.567244583290546365e-04
9.162237768039190131e-04
6.967155286823690282e-04
1.012672937919160791e-03
1.287673422610585011e-03
2.065277147699447202e-03
6.440030755204403587e-04
1.109515108595540049e-03
8.572278926540080135e-04
5.768657075667695802e-04
7.573361876089877535e-04
7.181748572958031665e-04
2.020150235959681986e-03
5.784087448822316157e-04
1.275343199053033567e-03
1.126920699778096802e-03
9.628644576574311737e-04
3.425246786050448536e-03
5.560503974186710961e-04
6.525904666274310153e-04
6.842658357140142490e-04
9.986191908367082672e-04
5.677948601296252309e-04
1.267734662592633933e-03
6.707447478595789797e-04
7.355381343013956243e-04
1.274942977347575746e-03
7.038537728681095156e-04
8.671130767421976427e-04
1.832265718151294964e-03
7.917891785936385669e-04
7.566747105461147163e-04
6.819899044849847720e-04
6.763016814241074905e-04
8.053388380144300453e-04
8.183669717604353079e-04
1.382130211354182930e-03
1.115007237889288670e-03
6.872673263493033532e-04
9.384732160287199759e-04
6.134146092638111201e-04
4.398559187953548361e-03
8.342528518609883866e-04
8.489532008182571528e-04
6.449538677285288719e-04
1.195213749719413378e-03
9.118879158940211126e-04
8.486216662716128921e-04
7.785107630023111250e-04
8.305357854697116007e-04
9.496231985192400259e-04
6.706660713297447288e-04
7.336993524129542706e-04
1.045616957528556308e-03
6.800444512895999650e-04
6.802869576683004535e-04
6.479286620378141986e-04
1.518591079400638316e-03
6.966342162993263351e-04
7.706807266210576350e-04
8.102121518791729083e-04
8.871838227405245188e-04
7.267036640219700977e-04
8.173631299935677635e-04
6.997734600697521484e-04
9.286150124666922145e-04
6.515412809496614862e-04
8.576327354061670516e-04
1.044497740077786731e-03
6.251376564894796416e-04
6.320565514603483951e-04
1.230927097087256353e-03
1.215831663083713704e-03
8.296003770473488539e-04
8.997338907265817936e-04
8.457511655905330938e-04
1.098262659193344247e-03
1.190968846806990779e-03
5.123552801225812227e-03
6.646617911504889642e-04
1.224931071175874939e-03
1.939841819309192196e-03
5.747776627323787982e-04
8.389316597854996806e-04
1.017939826367173948e-03
1.062002671997727254e-03
6.129796326728041613e-04
9.618092432636208286e-04
5.756614508950824369e-04
1.186595044835799927e-03
7.758209155328361570e-04
9.621911962605697978e-04
6.834334150868745950e-04
5.827309467511300207e-04
6.325721437083053206e-04
5.916996484980744687e-04
5.971400302451857151e-04
7.723765969517670631e-04
6.574141870798898193e-04
6.390548966146426769e-04
5.751940181752980812e-04
9.633451381002294941e-04
7.372643156846448277e-04
9.178945465100136125e-04
8.023862726134240071e-04
6.650948143379525109e-04
7.771748411061372638e-04
1.036784723904908686e-03
1.104736641358474401e-03
1.054143120537311693e-03
1.080008526257093598e-03
6.550789024628560914e-04
6.692830164001041570e-04
1.918612421376668245e-03
2.976251122328902286e-03
1.167970332688786188e-03
6.900797593099398117e-04
6.029150171502813951e-04
6.697494078295243569e-04
6.634222272004398771e-04
6.970451065392497311e-04
1.447761867276204728e-03
7.237015721216323930e-04
6.879777946579469653e-04
2.825191900873991625e-03
7.057897409866734561e-04
8.103232931107762649e-04
1.000995925410675790e-03
7.216571993236497139e-04
1.263990747702500384e-03
9.042252754084341600e-04
8.657154905690341538e-04
5.431981229127586918e-04
1.357157077984266942e-03
7.352201377955914227e-04
8.041869986553158061e-04
1.625679142395945395e-03
1.457518064563704304e-03
7.610551031327912174e-04
5.324222069967856578e-04
1.079407911364454282e-03
5.615822086740192851e-04
9.092431103882498734e-04
8.234546585875754734e-04
7.656698195638324527e-04
1.133685617578915903e-03
9.448402773496986139e-04
7.456113400029172871e-04
8.189367365662892240e-04
5.950498306550683304e-04
8.974788454237843122e-04
5.066201256933393609e-04
6.363657179429937482e-04
8.327102674411711661e-04
8.663360904598233284e-04
7.926946767894279232e-04
2.031307711110064921e-03
1.067749031198665394e-03
1.144267079384817323e-03
6.766088683875647481e-04
6.725923005137335407e-04
6.376221026730691721e-04
5.556963708941094248e-04
7.792608473381891325e-04
1.718519017675353752e-03
6.614385802729326556e-04
7.205635114782021509e-04
6.485224772552285102e-04
3.903304232199456946e-03
6.813022947403639005e-04
7.541975169356501720e-04
1.817673508974523670e-03
6.568919535742913027e-04
5.679806790748869729e-04
7.304053023293597324e-04
8.200857129885560188e-04
6.896512817991972593e-04
6.736889766173037152e-04
6.551154129181027642e-04
6.737045722552147987e-04
1.518065220694812334e-03
8.663073360323813622e-04
7.375214035391344965e-04
5.701232101030263020e-04
7.625893055344832791e-04
7.191441010582906536e-04
1.452069427531936996e-03
7.253539721136277466e-04
7.617505898066879218e-04
1.119379110242485270e-03
6.396989323388898620e-04
1.046293847119358390e-03
7.704104955384842883e-04
1.232544510494450228e-03
8.540907469975446073e-04
7.011542541814631520e-04
8.824200772663488889e-04
3.366312875339397097e-03
6.735927697427225623e-04
1.811704694966031256e-03
9.168992322559503571e-04
1.943051299537060846e-03
9.019838597672159451e-04
7.866242161820938012e-04
1.038800029084656221e-03
6.977657456061105287e-04
5.662802690496038368e-04
1.039674559645020627e-03
8.014626870717588263e-04
7.768322419674713198e-04
8.202396208317456637e-04
6.790710655712697179e-04
7.538056323694225297e-04
7.259023969549788192e-04
8.951975606885089962e-04
9.273298267598276568e-04
8.157125934635431862e-04
7.805857989453634073e-04
7.058492577558108739e-04
6.251287863527068764e-04
6.107856613340260357e-04
1.181762875054900765e-03
1.850313288073669217e-03
8.327802062171850168e-04
6.214342042165527666e-04
7.388703149731215645e-04
6.489766776904730763e-04
6.429737514939157326e-04
6.889255788999751112e-04
5.985152667210720794e-04
1.208081180717473710e-03
6.505792807248577270e-04
5.882358747021582471e-04
1.261700293733691814e-03
8.633913197365235270e-04
5.750683831072054414e-04
1.181835393604673597e-03
1.500337389710101887e-03
8.244490536875592746e-04
8.805797582795156075e-04
1.756568253519210200e-03
6.855882057228316695e-04
8.208364314864391616e-04
6.991809018279913912e-04
1.345625011955024026e-03
6.731384887605710698e-04
6.846282503659610955e-04
5.747103646653258001e-04
1.120697374651548426e-03
8.338775507976048038e-04
1.147496190988853875e-03
6.049803047331528535e-04
7.624185871315273741e-04
8.540437066976722461e-04
1.200968694041771060e-03
7.427439946749567938e-04
8.593094637659765174e-04
6.462847285843088862e-04
8.199967234223926559e-04
8.833964226880198362e-04
1.060342668304152828e-03
8.798868477856130587e-04
7.903239837492103499e-04
1.110842482723684065e-03
9.314655143638454890e-04
7.116301751229433701e-04
4.620248548082037630e-03
6.631308378086762240e-04
1.318029684207030518e-03
2.058607272383672099e-03
1.544218412699358174e-03
9.196420976035066860e-04
1.098475918372830273e-03
9.311079626925973258e-04
8.294900925785897612e-04
1.402981782538536334e-03
6.216662719876301117e-04
7.989044699516161625e-04
2.668939062081486166e-03
8.996401027664954536e-04
7.175821307078589532e-04
6.729443436888028676e-04
5.731788596348582308e-04
6.651958063355886209e-04
5.304660579301471697e-04
6.740582263676559056e-04
1.153277387903257119e-03
1.123317283347267069e-03
5.502988172488724149e-03
1.323954284605183404e-03
1.137863822066015546e-03
1.091984232762752702e-03
7.871670307323225778e-04
7.137036056178918753e-04
1.666430413463296581e-03
8.765085059356252269e-04
8.644619259920525295e-04
1.260179638773118328e-03
1.318946880009417427e-03
6.909369619073070208e-04
1.048197606734405400e-03
7.370472805255740218e-04
9.771240339498049945e-04
1.105095313628031914e-03
1.044666812206209057e-03
6.393495529419030874e-04
6.119407555735411784e-04
8.122414955086558128e-03
7.805060457135706625e-04
1.891076025628621836e-03
8.268388671903738590e-04
6.591353614503097161e-04
6.791251959212638457e-04
8.695063589735793023e-04
8.970149883174038420e-04
6.025314684392862842e-04
7.783351368148331249e-04
9.660567005069911400e-04
6.719730799408958882e-04
1.064899015693671850e-03
5.517852247553060039e-04
5.827182427241187719e-04
8.626998238812030352e-04
8.786618412393126755e-04
6.158582213991825680e-04
1.324432739633652671e-03
1.373243372482237231e-03
7.324772989779908434e-04
9.143801574170220279e-04
7.844082983994167231e-04
9.958888198612228602e-04
6.571969674391562113e-04
6.842731364847168653e-04
7.163785478251474869e-04
8.665793428932993918e-04
