1.185987753514770003e-03
1.832073713833549597e-03
1.003494154264966210e-03
1.717881529401782056e-03
7.533994951552478326e-04
7.211646669639463613e-04
2.539017974168571081e-03
1.198428455531040703e-03
6.156448334105770305e-04
6.298226923379804994e-04
8.772383600102911291e-04
9.200497784338978937e-04
6.709293599394392698e-04
6.938989939207149127e-04
1.507472144159572886e-03
7.134277506651250968e-04
1.127832713949896652e-03
8.261234274067063860e-04
8.418291699895028273e-04
8.668541155695603422e-04
8.193382827511280341e-04
1.032337182716158317e-03
1.160714384359627215e-03
8.301240288952235714e-04
7.199277694182631320e-04
8.584840820087032837e-04
7.007677448551316015e-04
8.137320522268969144e-04
8.162423286235459194e-04
1.424950845038347371e-03
2.009669068544349402e-03
1.075301832684915238e-03
1.118775769691519525e-03
5.975407398062577329e-04
8.588711029129270785e-04
1.902745735487566857e-03
1.584550045327962845e-03
8.608720392019104288e-04
6.132163981822700118e-04
9.611026348674321998e-04
9.664038957242924912e-04
8.226135592346757452e-04
1.568445407085221560e-03
9.634321969847632052e-04
7.310577981608425580e-04
6.387503222518574634e-04
8.089817752771571654e-03
8.540727394465540004e-04
1.026208003595522559e-03
1.039419899089229909e-03
8.334262303820517189e-04
7.836693851233255586e-04
7.445092793377048462e-04
6.409568879747880267e-04
5.879817364878743829e-04
1.170747916154031521e-03
8.662500376377236079e-04
9.736007997818373581e-04
9.810498711381840549e-04
7.578132777596815507e-04
7.299038114425000605e-04
1.019243289510254067e-03
7.792024319384354292e-04
7.228446063169626130e-04
6.890150591676260554e-04
1.105197254176110318e-03
6.973913180080907855e-04
6.929340876653969448e-04
6.523141089062000058e-04
6.064555939058781375e-04
7.151730520273348515e-04
8.226903700646737280e-04
9.076067231997350529e-04
7.443813626958103568e-04
9.361569453593734111e-04
8.103256483759174950e-04
9.044381194815739704e-04
7.504305490496188764e-04
1.235643275581461541e-03
7.727026090285368061e-04
7.361076884406131697e-04
7.763570352581531482e-04
1.150854490954251628e-03
7.312400929521321825e-04
8.706598408408523218e-04
8.921950101870583690e-04
3.645246372816968693e-03
1.073763857354875827e-03
9.231882081451259431e-04
7.674645754534023057e-04
7.429401596557647222e-04
1.232851734994431722e-03
1.159985219560262428e-03
9.613728789162876744e-04
1.049578700636231120e-03
1.152485404349775635e-03
1.576192333562044219e-03
1.001020597294837973e-03
6.046870553809253427e-04
3.502076030653728488e-03
1.222317409202126502e-03
7.528603142473593067e-04
8.515247784399609162e-04
8.492630810038460498e-04
1.507313709922166985e-03
7.928946488644846458e-04
6.299703954125331073e-04
9.145784969487371361e-04
1.071571086592341916e-03
8.945396537497170893e-04
5.695902257095020052e-04
9.868737799130957843e-04
1.286843393721117529e-03
8.304956484337862625e-04
2.813402404221234179e-03
9.235633286302563291e-04
8.409803965744726576e-04
7.610127448795110834e-04
9.989074524067271480e-04
1.261499901781530219e-03
1.532257891626129026e-03
7.025733859738184008e-04
1.035802506381702575e-03
9.573142034146505915e-04
7.247132776272167736e-04
8.265712727147872876e-04
1.159231543032198351e-03
8.550511322731312600e-04
7.204094174684316570e-04
1.043534655168063506e-03
1.040993120335588972e-03
8.562667346381211192e-04
6.013755939105455478e-04
6.801021491058873878e-04
6.370445821646030047e-04
7.879031832965685241e-04
9.469369077673913141e-04
1.235156465807347613e-03
1.047668712970932156e-03
7.355529640573556412e-04
6.040963317622435836e-04
8.284920545620512835e-04
6.208614113231825495e-04
7.000068322468041117e-04
6.885359406266663941e-04
1.013852277404761904e-03
1.444013572570372259e-03
8.553077722317705290e-04
7.687212977887999000e-04
6.827007219425518074e-04
2.003672338126659229e-03
6.853758214531322987e-04
7.374380848246188825e-04
9.351846117055095248e-04
8.832722880257240896e-04
5.795771904619083544e-04
8.858037151329444013e-04
9.973476210104372918e-04
6.951367265706870314e-04
6.952112465056396262e-04
1.004502876439170586e-03
1.418511356610940117e-03
1.321783104830359873e-03
7.575547968151875259e-04
6.911864923648604634e-04
2.166154512914525952e-03
9.389004066828282547e-04
8.499609124174711946e-04
1.128905883263040541e-03
8.917898665932264685e-04
9.647989262277646260e-04
9.442349640964096524e-04
8.909102214752965100e-04
8.051264362430169460e-04
1.941203828158554606e-03
1.515538974689952098e-03
6.328955687290986100e-04
6.071727999348878677e-04
7.815195567968086883e-04
9.511850672937461042e-04
1.438219934696514761e-03
8.420619445295173845e-04
8.098108089227283894e-04
8.036083063483763890e-04
6.334880481750633074e-04
8.759844265744674884e-04
1.602047198653399609e-03
8.875955718969860686e-04
7.694598781281701202e-04
9.048501310186666310e-04
7.822792011509200130e-04
8.830390132937283821e-04
9.567442627187052297e-04
7.847995308544390529e-04
5.839156560161263589e-04
8.569768773700085296e-04
6.653013064116686942e-03
6.656647058619155231e-04
6.823170679050697979e-04
7.992876248051362107e-04
6.219447672697068965e-04
6.154746213192812581e-04
8.001967052816152080e-04
1.275113370188440043e-03
5.665475585706219747e-04
8.574741740607079010e-04
7.553277026640841177e-04
6.755227775292014115e-04
6.473374431869336572e-04
9.867630491501367448e-04
1.415479736149540500e-03
9.148669825739885004e-04
9.524899205924211359e-04
1.450857004180426896e-03
1.432526143636407394e-03
1.761225273640525764e-03
7.417966754331671575e-04
6.587065714286486533e-04
1.239113430946471670e-03
2.101953166185598423e-03
5.874153659058776317e-04
1.579564343456191537e-03
7.796980432651619622e-04
8.935263492361696699e-04
7.690114449253181595e-04
7.861440073755858330e-04
6.158342843312472397e-04
8.156508503508854216e-04
2.654592147335585028e-03
1.489317604136665158e-03
1.117636629540600182e-03
6.930627900535089826e-04
6.797501385184087815e-04
7.854367225283805836e-04
8.192644085419342184e-04
6.721741155471849848e-04
6.224866619295545741e-04
1.246289441356375960e-03
1.577022779576954829e-03
7.475914723188990850e-04
7.173861671242609149e-04
9.709382609230996072e-04
7.925865539129447719e-04
7.244070680277191372e-04
6.132122688289262658e-04
1.001734688860817781e-03
9.051754864374451535e-04
7.266138154713556747e-04
1.434859415282145395e-03
7.638590037734940830e-04
1.104789357498274375e-03
1.039200336543309820e-03
7.947883284686948916e-04
7.560464359424915425e-04
8.782086658970378193e-04
1.120685441590813783e-03
7.784199892903210247e-04
7.380597744058775339e-04
6.982200017948857933e-04
1.787758346486794953e-03
1.862630174570290833e-03
1.341682691236464192e-03
1.241157190403191155e-03
9.312222861867456300e-04
1.445555619672815942e-03
1.095857322583497452e-03
8.841361941808154089e-04
6.291788941639159640e-04
6.451039055450596797e-04
7.378765867329622856e-04
1.172978025859550480e-03
7.769024381914615193e-04
7.781818677595935332e-04
1.019838142468497627e-03
6.044160766916411914e-04
7.576783014809728009e-04
6.393609576144700926e-04
8.834970828158714715e-04
9.820297403148675001e-04
7.878164812090010256e-04
7.111330666221026605e-04
1.896479673219729923e-03
7.509718407979019137e-04
8.775569783014822893e-04
6.108141351603463449e-04
1.045345522853201314e-03
1.286622229391061337e-03
7.794954592935894383e-04
1.389017972228851231e-03
6.017462862406730995e-04
8.702352500811904755e-04
1.144317682470831748e-03
8.929303585324689088e-04
6.385711809312289789e-04
1.327999348383216652e-03
7.077288256997749626e-04
8.362934824431673356e-04
8.246956643496993486e-04
1.398975147168876046e-03
8.344741131985169459e-04
8.189891146716642015e-04
1.141869826303726614e-03
9.409764686600412742e-04
1.265535120543933049e-03
9.453272336319409799e-04
7.485609253074055692e-04
6.631307010444816366e-04
6.803643747369782441e-04
7.343548761446164891e-04
1.134554091923154276e-03
7.873818600405266179e-04
9.729411906775126866e-04
1.268285120274490960e-03
1.023283004842696822e-03
1.007962957222130170e-03
1.307221793205276322e-03
1.353764871226944026e-03
8.257929699418864629e-04
1.083820859875779183e-03
1.048562052642557259e-03
7.025438842945377948e-04
1.061309959935186975e-03
2.806192481183227699e-03
1.121665129063954608e-03
8.594628557694144978e-04
1.011129681734745196e-03
6.567952384888089447e-04
7.282750333742746057e-04
9.830963001134457400e-04
1.636492477141613354e-03
6.792615784870578580e-04
7.876651763079686600e-04
7.912814256364706375e-04
8.327739781817201708e-04
8.348051526429686731e-04
9.826243738933022540e-04
6.091351962240704274e-04
9.276617427991797841e-04
8.279900960310648469e-04
9.607588078312339058e-04
8.879425875838322475e-04
6.552627408082863395e-04
7.110222986662900063e-04
1.699812396164107576e-03
1.342848522485232598e-03
6.535307578929094949e-04
1.308194327058675218e-03
8.033839150371244837e-04
7.218832879573428528e-04
1.682018872362067968e-03
1.362268009777707753e-03
6.137562466595812387e-04
9.859008826043247527e-04
1.457174653451561407e-03
1.064296034122595757e-03
7.090624594024601875e-04
1.283363233489973705e-03
8.304951294217156367e-04
9.176050767258244183e-04
1.194389055402257562e-03
7.508585127033553294e-04
7.639328365343385887e-04
1.188276272807794846e-03
6.423928228416530889e-04
9.082762420885821071e-04
8.570074563283056708e-04
1.971411798889659891e-03
7.554621496172885409e-04
1.021719273958269190e-03
1.396933108903395358e-03
6.145312074559346758e-04
7.377583574893582449e-04
9.203422545957770694e-04
1.115045642114821873e-03
7.314313909884712517e-04
1.082567159947322522e-03
9.275195342958705890e-04
1.006637809432949816e-03
1.193178078312276185e-03
6.438464483899006231e-04
8.533145376034122903e-04
8.702004068317885366e-04
7.917299807698950078e-04
9.851090535398770304e-04
5.925389526448420104e-04
7.226121105238729036e-04
8.138343958476607900e-04
9.152405789784735617e-04
1.631929104709672635e-03
7.899621743188226788e-04
1.312336590832386156e-03
1.156210685840076101e-03
7.276680725652447199e-04
6.716577052344896047e-04
6.769660457342770252e-04
6.872677952001214402e-04
1.104504811344974354e-03
8.235028154531205463e-04
5.989802390755567026e-04
9.351877491925675518e-04
8.159085376571725357e-04
1.132980459943708782e-03
6.083204487485158619e-04
1.030922736006378761e-03
1.000311142067001214e-03
8.002910174516603007e-04
1.030030546887138795e-03
1.335879775417903601e-03
5.858795898726736886e-04
1.508652039184725426e-03
8.364268297211348204e-04
5.795001276192504993e-04
1.255659851047706815e-03
8.959398875202768909e-04
7.869495615366474796e-04
8.965009492574835433e-04
7.820358077572710535e-04
8.711020409526389671e-04
7.140132835116186913e-04
9.391789145714050848e-04
6.276285776809777898e-04
6.346899300479784314e-04
6.698716889831390388e-04
1.125413780480346605e-03
1.128650424835670905e-03
1.042913102584999219e-03
6.541337862578934211e-04
1.084980230580373951e-03
7.296175673467101977e-04
1.109170659199366134e-03
1.381233075173361182e-03
5.974384314076985674e-04
7.554424015480168918e-04
8.237621053901723021e-04
8.614914269368285915e-04
6.652741329446825932e-04
8.278767354341984167e-04
1.027174921853302733e-03
9.426663671133533786e-04
1.510067135011233666e-03
7.819281361253059993e-04
7.906568544877279033e-04
8.762122919940985161e-04
8.236152291291375192e-04
9.752938802834619156e-04
9.276028279936767958e-04
1.397496498133726783e-03
2.794880581491214142e-03
1.039530936260835235e-03
5.928736695223772637e-04
5.789930992334756891e-04
1.163365275095594063e-03
6.566476660097096251e-04
1.826828288880357094e-03
8.405355136683117720e-04
1.037845606514773431e-03
9.529920929529509454e-04
1.340928771672050606e-03
6.820420914577873068e-04
9.641608449167984570e-04
1.992813004644269307e-03
7.013724716865515994e-04
1.193745919071753561e-03
7.369094219270766119e-04
1.057578511528743832e-03
6.329104961835722940e-04
7.788025778042209071e-04
7.612701664053461888e-04
1.274877601023240289e-03
1.265129425391787587e-03
9.454944219233641506e-04
9.445633292094647452e-04
8.311213024587397894e-04
1.121986503157065222e-03
7.757953820169093389e-04
1.142475028138197068e-03
6.460105278870595076e-04
8.587036480673791066e-04
8.882499794282079641e-03
8.821321485805368613e-04
1.574545465336751231e-03
1.381939549183237512e-03
1.010720673642101627e-03
1.237251822149129784e-03
9.360046756858541022e-04
6.720490835509745995e-04
6.931583118632236471e-04
1.326295463187368356e-03
1.222122371196409730e-03
6.844598120252647381e-04
7.883826069010631656e-04
1.004341121977434621e-03
7.649142900208914190e-04
9.486005898121899378e-04
9.411623178611586713e-04
7.286636200341051672e-04
9.240458624022528751e-04
7.937721031999291684e-04
9.173541348500380364e-04
1.228071630215435894e-03
7.687823329706151365e-04
7.927141158700155409e-04
7.494537673829161856e-04
8.708265385025927780e-04
1.914733577461841642e-03
6.858902393753280253e-04
7.723432826825006592e-04
8.174386751132057660e-04
1.423777085469884410e-03
9.091291646589340055e-04
7.557042535684400627e-04
1.634111340126887966e-03
7.722157914591048838e-04
8.493346866052251323e-04
1.126169602019057000e-03
6.971899682465230747e-04
6.609620938349873792e-04
7.280768359960472632e-04
6.060686019741049748e-04
6.279452466190121917e-04
9.517969870437135603e-04
7.951355566840424870e-04
8.696513321028258563e-04
7.801228001827417453e-04
1.074916480298007508e-03
3.026909060299476286e-03
1.290893927631206863e-03
5.682361234038644507e-04
1.520405021690799177e-03
7.269036920822110823e-04
6.306633178376958894e-04
6.102053478316744363e-04
8.460386830088790751e-04
6.851330101799352245e-04
8.422015717439634754e-04
1.164489076920607576e-03
8.719119301118116337e-04
7.665719182148423389e-04
9.183661916608233840e-04
6.834167040157564489e-04
7.358274025349048099e-04
8.097414700436052735e-04
8.833655431499975227e-04
1.342346602324503112e-03
6.872570147253297167e-04
7.629180905722794019e-04
7.403852155381093671e-04
9.349822324319070552e-04
1.369192710643180131e-03
8.909376790652404109e-04
2.530095013386715781e-03
9.428409041767362147e-04
6.558720020241647422e-04
8.430272877257413353e-04
7.229345711245778070e-04
9.245660001393526516e-04
1.091424617688604819e-03
7.844621067778067419e-04
1.973180900838625209e-03
6.123545557689942607e-04
8.186715392812559181e-04
1.374027157115073009e-03
1.129828250926683767e-03
6.124408834530337218e-04
8.838442618898880885e-04
7.355920480581164874e-04
8.197534175810049272e-04
7.017586763059799945e-04
7.008093992924756483e-04
1.125466142721459313e-03
6.151861825783155185e-04
1.285505598695747429e-03
8.894971770977443994e-04
7.631902694937482429e-04
9.878082328921937699e-04
5.738996708180215756e-04
6.305022149581792018e-04
8.533306062927240509e-04
7.370547600765832777e-04
6.063487453480671634e-04
7.722952942895371748e-04
8.406092708259161380e-04
1.264754927266803150e-03
7.342746835730137693e-04
7.195933703780589856e-04
6.822009811689467565e-04
8.022845338557188597e-04
7.943384415040276834e-04
1.011462018611272110e-03
1.021324892742009110e-03
7.906372615974251042e-04
9.056436189603282250e-04
7.553313297059640642e-04
1.196863228834113601e-03
9.391938115549386531e-04
8.724404901660219635e-04
6.565288152524596972e-04
5.789793451355663674e-04
9.119082352874580393e-04
7.615791793074019010e-04
1.415901037297163413e-03
6.977456294901819263e-04
8.835547000409034370e-04
6.649481279224984985e-04
1.016977426663944264e-03
8.185706991866303775e-04
7.962909047147353732e-04
1.184362181412616701e-03
8.829023451543108105e-04
8.264313274852427837e-04
1.548740920583421832e-03
1.104845455552894802e-03
1.000442764468605214e-03
8.045580643139585951e-04
1.136750109559282176e-03
1.617968893281075638e-03
2.195546023526852818e-03
7.165502396622214264e-04
8.089417541572566962e-04
8.787677712206375070e-04
1.089569667947241222e-03
8.157550904801582356e-04
9.515150022320388807e-04
1.004903108071114040e-03
1.023337179484077371e-03
8.079053629302355988e-04
8.685391168377245945e-04
8.443737006400980644e-04
1.172185878633625125e-03
7.755714284183923063e-04
7.644487378917246478e-04
6.586104306458107982e-04
7.602630354013773135e-04
9.397481722527778122e-04
5.913529218617301396e-04
6.929546043344575511e-04
1.456458865426380183e-03
9.741842219775256710e-04
9.553674195833906447e-04
7.585014845609748622e-04
7.122477426604183507e-04
2.410022401606248203e-03
1.463311855197790097e-03
8.071954904952152168e-04
6.933393873083892010e-04
7.554652261778318665e-04
1.105537431688480071e-03
7.544706114389161319e-04
3.887324176644022921e-03
1.699306507721672901e-03
6.301665853202828398e-04
1.802718834924844351e-03
7.644975557652894166e-04
1.307632279998542342e-03
6.370287262731982522e-04
8.755333557904275638e-04
1.253549773744223926e-03
1.883635186311210640e-03
6.351543397872984201e-04
1.016533120317589462e-03
1.326637907397430934e-03
5.672711790982728304e-04
6.255358639589825688e-04
6.048673176801560875e-04
2.945246036289368100e-03
1.013947424931848024e-03
8.054200215724666287e-04
8.172099475261385528e-04
8.054124527849386992e-04
8.612291285526287509e-04
6.825787136100935253e-04
9.246685837651233896e-04
1.775909923788305395e-03
6.891561377115768558e-04
9.529381900990327231e-04
6.578475992880220176e-04
1.321613697648901450e-03
7.117167869183416195e-04
6.290882797869858751e-04
1.206721862245627771e-03
1.041335963733278080e-03
6.516199373915952100e-04
9.413132761818459931e-04
1.391105202715065556e-03
8.458605991866044492e-04
8.686113997319388829e-04
9.587070561841295547e-04
8.359583394817193553e-04
1.139694608417747730e-03
8.255795746872821418e-04
9.789015208073823665e-04
1.982058878880872243e-03
1.292003415130277061e-03
6.740233024480148149e-04
1.277203778113853057e-03
7.350378561472456712e-04
6.877460464149107991e-04
1.026984515952488516e-03
7.353655383123955044e-04
6.413601605737346461e-04
8.761037695298349659e-04
8.819491926500916618e-04
8.207289720089005125e-04
8.481731381367582428e-04
1.111379418350832721e-03
1.052743219840234640e-03
7.830624519844530708e-04
7.256580602945007395e-04
9.780444309062622400e-04
9.431815052973682592e-04
8.538081381660829125e-04
1.601730172060019655e-03
1.167497751752075066e-03
1.272545582981371871e-03
6.453442526022817090e-04
7.660111274302249364e-04
8.450043210391757148e-04
6.463444580356567971e-04
7.732975585815368659e-04
6.286785841176981398e-04
7.740846245425513257e-04
6.876863082051056040e-04
6.177189147668707154e-04
6.907955439510280078e-04
9.444566368263903255e-04
9.661925525544527629e-04
1.013911724136933945e-03
1.393891013664560986e-03
8.272409796570136340e-04
5.613773636728744236e-04
7.911955692978423372e-04
8.475416153421339591e-04
6.131999631076430436e-04
9.094110389956662314e-04
6.945013080650395531e-04
1.251370656643101351e-03
6.633503739563594188e-04
7.053701797791727540e-04
7.166969901326565931e-04
1.007017215907319825e-03
6.745315498314584900e-04
9.819047652774109090e-04
1.050838349402832524e-03
8.724602439824662072e-04
1.265669728332271746e-03
1.052892153869108794e-03
1.126184821486050751e-03
1.356840053207490279e-03
6.036607677966102569e-04
9.453914381844002925e-04
1.195251166929027931e-03
9.693244102240793471e-04
7.314371534653701153e-04
7.898886940610451652e-04
1.008860188262890615e-03
7.149740412994459076e-04
7.013864196457082886e-04
6.874118856797074937e-04
8.220952736985385600e-04
7.489951673196135890e-04
8.835555715377787535e-04
9.417544686491923119e-04
1.002021809072031018e-03
1.721112691152750169e-03
9.424664263489510290e-04
1.159549105370107774e-03
7.382464559637420430e-04
6.898218579222184770e-04
9.663560276496588504e-04
8.840800526719077212e-04
9.335973140332142406e-04
6.625880873958626613e-04
1.453872363208484056e-03
6.297822838130684876e-04
8.950642396601755967e-04
9.333292583844490309e-04
7.426059810992348626e-04
6.891252864764050570e-04
9.194212076112821342e-04
8.152396558313349233e-04
7.117218949525372200e-04
1.080290426339834339e-03
7.823249030957640099e-04
5.028487916631112047e-03
7.824501475174255394e-04
1.138037631275663633e-03
6.555785991966707731e-04
1.060132419892372479e-03
1.661046672723417994e-03
6.314802128101315148e-04
1.010515571170855428e-03
7.182950388947905796e-04
6.342161067304125403e-04
7.870476016621699841e-04
8.008797235703856831e-04
1.421564903580476878e-03
5.556274768574327163e-04
1.417200579472855954e-03
1.556092406053779598e-03
6.770900874030533114e-04
1.450823433894930358e-03
1.270439701304585311e-03
6.512645759664255178e-04
1.377047791285044382e-03
7.391201537779790772e-04
1.881452337400992382e-03
1.315493528379306932e-03
3.918633129656240097e-03
6.349995205498221293e-04
8.184875815516400813e-04
6.452582569515366616e-04
8.654049834408444495e-04
2.551111076136479937e-03
9.432165503400348049e-04
6.678411963554595253e-04
2.040286959378401471e-03
7.146091961403198620e-04
9.862106923455441279e-04
1.419087717284559522e-03
6.857837040756849375e-04
9.451545446631967303e-04
4.520445811266178039e-03
7.839558332133308213e-04
1.485043816053342649e-03
7.238883626866115433e-04
1.192078172992775331e-03
7.041614693063785041e-04
6.511137273531092048e-04
9.772445969767574667e-04
7.423444654870898791e-04
2.050136255710983350e-03
1.693290919503185037e-03
1.006954515833479672e-03
1.083436417042737488e-03
6.672390871886857682e-04
7.210661006582384965e-04
7.167139472612566375e-04
7.887841342017716051e-04
8.026401551344181963e-04
1.067637874714694310e-03
7.665959019887766531e-04
9.413628729073261238e-04
7.994921876213487502e-04
8.713611687944474620e-04
5.768367544224374489e-04
7.493802345018858030e-04
1.490722444851949428e-03
9.312382471048902917e-04
2.305514597110148913e-03
8.020147469167719038e-04
6.510404357076531989e-04
7.726409251945393639e-04
9.695255608193816552e-04
1.136640064654801654e-03
6.626813137887281081e-04
1.143080884881855601e-03
1.599962904937413544e-03
6.965612925329277326e-04
7.562355300109255144e-04
1.066015441801473895e-03
5.999758814365783359e-04
8.091910589147807264e-04
7.146192528532332479e-04
9.832221276552170850e-04
6.716966409617828367e-04
9.325500418617690230e-04
7.010754156770437895e-04
6.771238962822142063e-04
1.001811163610775339e-03
8.753202975228947368e-04
6.707816495752564993e-04
6.585667108548351424e-04
1.016060204930095516e-03
1.181318520340016512e-03
1.263009090385002918e-03
6.018637579301273043e-04
7.157382863090931300e-04
7.794780103867108125e-04
9.430171717372188341e-04
8.204572451821956405e-04
9.369003279014029208e-04
1.030467614716404920e-03
8.280619403513249637e-04
9.658465984736346044e-04
8.190506679709404821e-04
2.748153596793142389e-03
9.071427542910955088e-04
7.371892046322266016e-04
9.574939824212160087e-04
9.037930591463666898e-04
7.016304903005515315e-04
9.328985487407177261e-04
1.192888471901425293e-03
1.404129968551221267e-03
7.875355301084546516e-04
1.276462111688435536e-03
7.305731661467152957e-04
8.305214000636766030e-04
8.845208550302659581e-04
6.534140896940858739e-04
6.097234285703431169e-04
6.959392953749026162e-04
8.039934177208986951e-04
5.799498249202811317e-04
9.807164218103218804e-04
1.961782858124127768e-03
8.722317785735214136e-04
8.083297024409731102e-04
1.220841741148178056e-03
5.649599744754499548e-04
9.997163007439248752e-04
5.640111281521593533e-04
6.017717143824183150e-04
1.669329019352259807e-03
6.551487778365538842e-04
8.356105466505249534e-04
6.728340785445013905e-04
9.715706214884843161e-04
7.793556992026432883e-04
6.257108390044761621e-04
1.561438214197984065e-03
8.599487753805980803e-04
6.832996807813971349e-04
7.786700932119576535e-04
8.215602908895707195e-04
8.210180361310438681e-04
9.470919428930615371e-04
8.973617252334156963e-04
5.888443926651632312e-04
1.137257464750685227e-03
1.236001377025850671e-03
7.607339825939799047e-04
7.954158528445147902e-04
8.567441345108621877e-04
1.035408823535611915e-03
1.003023393465330001e-03
8.538776219980730121e-04
1.032516458922742722e-03
7.659673406417856056e-04
6.638855388102235609e-04
2.827617232623587211e-03
6.730726345710474380e-04
8.398989218668214329e-04
9.597664492409234589e-04
1.761083948916357476e-03
1.564665841653953369e-03
8.123811832227586203e-04
2.113985017855297618e-03
1.040469796280386492e-03
1.106109457991402483e-03
7.548805484162970578e-04
6.732675402497387881e-04
6.546939085794767658e-04
1.537584879022449056e-03
7.542300646760439738e-04
8.575333521804124953e-04
6.863634881410490135e-04
9.585412631140103256e-04
1.127426199889756389e-03
1.154981824991945655e-03
1.287141045080044191e-03
1.994102171410559992e-03
7.160396607897307874e-04
7.268937400402786719e-04
8.676494390493559670e-04
6.798554020728883726e-04
8.255318289724586107e-04
6.185031947064237919e-04
1.092009689188418696e-03
1.518621733199612082e-03
6.899446719284166134e-04
6.795063793734875627e-04
6.434904731168095441e-04
7.823489802452898711e-04
6.806050115745369356e-04
8.460624756205655742e-04
1.172445473710031962e-03
1.205182845500505934e-03
7.436173734651118283e-04
8.204897790522463086e-04
7.339550569461783525e-04
6.813425655740166934e-04
6.083135014282701905e-04
8.568211276077776582e-04
7.498216688445867193e-04
1.632000291258960080e-03
7.061834876677330029e-04
1.448346338441145863e-03
6.371324369663401710e-04
8.295501966695766451e-04
1.909761757147180293e-03
6.959656383823052380e-04
9.175423251767616346e-04
7.074214477125962330e-04
6.527162210131843331e-04
1.034519333247854896e-03
6.952163162065485950e-04
9.928458209881201642e-04
1.191765629291319370e-03
1.542222206139476793e-03
