9.748238630931604920e-02
1.182419996040199872e-01
8.936502565407675180e-02
1.170745000484026549e-01
1.114296552311379862e-01
6.458580927432266972e-02
1.089581301982547323e-01
6.831219508253424944e-02
1.134276692101647971e-01
1.172448300774220215e-01
4.601546458224964331e-02
1.141968066901885431e-01
1.019221509999657244e-01
6.293930688378206184e-02
8.815365189651187816e-02
1.123015551625685254e-01
8.310976161806872542e-02
7.010200973730978946e-02
6.794198772986247137e-02
1.177661332625134921e-01
4.392812080273188202e-02
6.971829527670825311e-02
8.441082690331547234e-02
1.156853979455729348e-01
4.944013063811141667e-02
8.029077969230073719e-02
1.023683564054498479e-01
6.350799700514798973e-02
8.945582606101055989e-02
1.057973552730947370e-01
8.290245830196446564e-02
5.067358250633346994e-02
1.167089758418900641e-01
1.086982849510217813e-01
5.379483375664240868e-02
1.016263458076219761e-01
7.839809619681034625e-02
1.097850142745122187e-01
1.139576307972120922e-01
6.951847380156510325e-02
8.909889873717166675e-02
1.066711848428749387e-01
1.047974917750506274e-01
1.072690812683684825e-01
1.091900477351263749e-01
6.823747949539088475e-02
1.125198895917649128e-01
5.362224886676864033e-02
7.908609340393012166e-02
9.842855673045521059e-02
9.744463667337703583e-02
1.164537625221747502e-01
9.145341323953969093e-02
1.184482549617041774e-01
3.026568895693770855e-02
8.541866452774395102e-02
1.181284103870919172e-01
1.052675081418256164e-01
1.045262874431913541e-01
1.092965672127038518e-01
9.361012700778546802e-02
9.323772176280537005e-02
1.026229262280013155e-01
1.141793456657926864e-01
9.959177322650002162e-02
1.166721333186825638e-01
1.127117687906844801e-01
8.373749200854103958e-02
4.518603364225784458e-02
8.366647477302130431e-02
1.012560958093446789e-01
1.125740071673607678e-01
6.505163581561008990e-02
9.499317472334477264e-02
8.078054065290109220e-02
4.805519114689484061e-02
8.171827162127462407e-02
9.584525624478577865e-02
1.160682696067796699e-01
1.066922792503842837e-01
1.122482332386124243e-01
7.667692952694382669e-02
1.004610992109351980e-01
8.623228509413112530e-02
1.132122321339867205e-01
8.952109905416372193e-02
1.138826749313961439e-01
1.059463952792400465e-01
9.787018499660124493e-02
1.041648642698469185e-01
8.671639083377008506e-02
1.102424956884116153e-01
9.775771924073776986e-02
7.401063530920175271e-02
5.580669479707348057e-02
1.060325521786579378e-01
1.061664028542407961e-01
7.289767034258161360e-02
8.860302289218917327e-02
1.004625848685108819e-01
1.165749386167990453e-01
1.012903644757091742e-01
1.183116742433191343e-01
9.456305850128943202e-02
6.643404505923490577e-02
1.180047876109402705e-01
7.503651686908599516e-02
6.230389266227578937e-02
9.777218034816007042e-02
8.297518048105717581e-02
9.310577017955114221e-02
9.852400063118228746e-02
6.423039195792989986e-02
9.644836693583345999e-02
1.065311288370532350e-01
8.658862198043301706e-02
1.161629512459928099e-01
1.150730170609859798e-01
1.177028072408596027e-01
1.021610719434678238e-01
9.072777102147311368e-02
9.714145109335910189e-02
9.288766993341596168e-02
1.121769477034684492e-01
5.637921820779902976e-02
1.094798621396404770e-01
6.346172558380898387e-02
8.063608576770914249e-02
7.727754244216446244e-02
1.021053765207459996e-01
1.080486615589141275e-01
1.090050224040000071e-01
9.370331627307945666e-02
6.472484787288697305e-02
1.120907329011111564e-01
6.918542714341500977e-02
6.452516826968195118e-02
7.998478795821341303e-02
5.737352264688978104e-02
9.229366742128718160e-02
8.880645030673360585e-02
9.297055809232263046e-02
1.005356152548750326e-01
5.007152752187168931e-02
1.164338077809692340e-01
9.559653634615164486e-02
7.573931081901807971e-02
1.111521293262465043e-01
1.022554210863709234e-01
1.037510513837086451e-01
8.514876865417797536e-02
8.077371467673291616e-02
9.048627451622673346e-02
8.964987127642290443e-02
8.805677239966598624e-02
8.935274915572408161e-02
1.163072806879939386e-01
8.355359211746452019e-02
6.977963990110663817e-02
7.489446858930377815e-02
9.011285053301992809e-02
8.727996502498730491e-02
9.889427295307280652e-02
1.071616222747111269e-01
9.624487234485681886e-02
1.015395635812878367e-01
9.362109406584606663e-02
1.172976020231057404e-01
7.789356825403501161e-02
4.013821147716904042e-02
5.622295240211596518e-02
8.439373885265841202e-02
8.488024991078935155e-02
9.050842513656387478e-02
8.785198860223843165e-02
7.969264239249139459e-02
9.984068538390286629e-02
5.020874024454390766e-02
9.377714536764396314e-02
1.072129218450112720e-01
9.247657848078945364e-02
8.515778572173772487e-02
7.430455588110211618e-02
1.136115461177896607e-01
1.119740899219979768e-01
9.412275377888665306e-02
8.715875023357519402e-02
1.150790691959685114e-01
9.953102650298542575e-02
7.235134217322927719e-02
6.986598036793892352e-02
7.867692675789521306e-02
6.664639483473908110e-02
1.109749764963834096e-01
1.025742998180725757e-01
7.252817369667899361e-02
1.066595698326929104e-01
5.292495643548018186e-02
5.215025148991504073e-02
1.039511170736573398e-01
8.147255282232120088e-02
1.184950796191264616e-01
1.162854323803682449e-01
9.528943581397988916e-02
9.823264146919158391e-02
7.279729690418050569e-02
7.506508096232883398e-02
1.042929659666173570e-01
7.285739405986314809e-02
1.071643631015868486e-01
1.151437372603010129e-01
9.964802339558700983e-02
1.129437455347281349e-01
7.430099333584315457e-02
1.009359120497112239e-01
7.542469465734619183e-02
9.910570770803159291e-02
7.430994205809676734e-02
7.972445463303561020e-02
9.965254989300127708e-02
9.061437607589664656e-02
1.180582342129905538e-01
8.226744853080210362e-02
7.342468882450406409e-02
9.725549439264384588e-02
1.167262031008287071e-01
8.187235256232598679e-02
8.272357621804624084e-02
1.131511362591456210e-01
1.040927583696778791e-01
8.918903411455364472e-02
8.411071546143802924e-02
1.088217075043032139e-01
7.648092556948314635e-02
6.394533545163628985e-02
1.092845935315051586e-01
5.508948201351419882e-02
1.001571394720929403e-01
9.702548559915824544e-02
8.226697902467018653e-02
1.125831590585034403e-01
9.254175841954125070e-02
9.242815497892012400e-02
7.526235316084929627e-02
5.927280858894719284e-02
7.708036228770379084e-02
5.770456485843704353e-02
6.866857832960047980e-02
1.080737658837060272e-01
1.073278518957512945e-01
8.686767933447162027e-02
1.098110095202929487e-01
7.958501582690798160e-02
8.168510527807579247e-02
1.049111110525859508e-01
8.112992837688785819e-02
5.329594131813333163e-02
9.542301292116613098e-02
5.653629001040469393e-02
1.047033027245988651e-01
1.008668427878579021e-01
7.357083039097539467e-02
1.069845567141488041e-01
1.170497373026182508e-01
6.028239758969460710e-02
1.095746121312574511e-01
8.523770457663477906e-02
7.997936351444280556e-02
1.005800622570639929e-01
8.717739359962033141e-02
1.041969887073773970e-01
1.071833626827173175e-01
6.622483950745637615e-02
6.605066297054595914e-02
6.775889468985552000e-02
1.140826605503768437e-01
8.452116818369570517e-02
1.074438010590248738e-01
1.028723230533752642e-01
9.954031882991269675e-02
5.611557405636795337e-02
9.626673590394588254e-02
8.990218000243105356e-02
1.100428045553874384e-01
1.051424092708009572e-01
6.914733971048869776e-02
6.351740521042878451e-02
1.076454144969547638e-01
7.119552969078760118e-02
1.099321178914060421e-01
9.875535415242417403e-02
1.071908989683207913e-01
1.148870115350187626e-01
9.551666077199683080e-02
1.088308433894405319e-01
1.173001811666836564e-01
7.092839388633674635e-02
5.077931857321463238e-02
5.400519396278949391e-02
1.164186037274306251e-01
4.213794233164593062e-02
1.077849361885571539e-01
1.026033963446855157e-01
1.147794758899464834e-01
9.662241123869598491e-02
6.131799399164510056e-02
6.333476012093358642e-02
1.050576149767438877e-01
1.179734210698985403e-01
8.911674681294687317e-02
9.930469285642698485e-02
1.035283216932022798e-01
1.091497962934036559e-01
9.358007756406371003e-02
9.025821375908468780e-02
1.094281373809009306e-01
7.193925244712390255e-02
7.922768037882096936e-02
1.180074544720680352e-01
8.193810301011589248e-02
9.852407258148856983e-02
1.165942304336090307e-01
5.437620046075172103e-02
7.727812098468671287e-02
9.494243853788836285e-02
1.038202712286809687e-01
1.028293576196986220e-01
7.041188991269582698e-02
9.460155388719794500e-02
1.109581460285258003e-01
7.713403748930953985e-02
7.805816315956397300e-02
1.091240676413290506e-01
8.641476457605309913e-02
9.921219435065728454e-02
8.604773099637855194e-02
8.328777162682725332e-02
6.019436293621506506e-02
6.211798490748950130e-02
8.484295017486685742e-02
1.099607097208403911e-01
8.774991455437167187e-02
6.097683996461868150e-02
1.073719625687417217e-01
9.529921274951812238e-02
8.017993490901181852e-02
9.142432792965526911e-02
9.716208562301338614e-02
4.677379991979728480e-02
6.487310659023551307e-02
1.091338016271684447e-01
7.920928063332308144e-02
5.945275377734488692e-02
1.087317007276522168e-01
9.548863827878180388e-02
9.616240112957620545e-02
1.063735782493945153e-01
4.097640187191262107e-02
1.157765609125771672e-01
6.158906253816873178e-02
1.067705255705900802e-01
9.596005787683735411e-02
1.127943441274103509e-01
8.187056676963429258e-02
1.000363880860315469e-01
7.616599294729363423e-02
1.185837824533195334e-01
6.688644275592027511e-02
8.495064013012734727e-02
9.888541464643790802e-02
1.164454358854572213e-01
1.166772955525897243e-01
1.005728550218090850e-01
1.080687466648480449e-01
4.606758370336337671e-02
8.056645457495777152e-02
1.139076915253451061e-01
8.893766592663898685e-02
1.151076001892805539e-01
8.354336206151306843e-02
1.171116155763649164e-01
8.665176826280417133e-02
1.114192248119166284e-01
1.098330925356296450e-01
1.086896235722787096e-01
8.066939493055337584e-02
8.803124365755325698e-02
1.069764363130750323e-01
7.187808904384891673e-02
1.157310736011833291e-01
8.709288600488530874e-02
1.168792035460015089e-01
8.571425263228900360e-02
1.062181408387607856e-01
9.692081132840835167e-02
1.096543783314415932e-01
8.701694742921822767e-02
6.021962263851733665e-02
1.181668784916372200e-01
9.448758079940522414e-02
7.399714719629438275e-02
6.391531469316326375e-02
3.795139752732118454e-02
1.082970277358256267e-01
8.920208106721640162e-02
5.995718761469816943e-02
1.016854467918599375e-01
9.627197261733945466e-02
8.635314945033532863e-02
8.990504149776512577e-02
1.037308010820797988e-01
1.146165316580817078e-01
5.819128071116888568e-02
9.491846876109411024e-02
5.981818875462051321e-02
8.364545294722569579e-02
1.030574239860098801e-01
1.078910545653579273e-01
8.650250009779342220e-02
1.008995103279513167e-01
7.888544011859935368e-02
8.160337395489584977e-02
9.137321990663301030e-02
1.152779390829479084e-01
6.832857921325395656e-02
1.153113973503567258e-01
5.834689253877713838e-02
4.307879296930171298e-02
6.159428164359703750e-02
1.100771441255869454e-01
8.351753286334935578e-02
9.996840077161095461e-02
1.013193520572133327e-01
5.574018694073237107e-02
1.096708523857934242e-01
1.124522345565884540e-01
6.475358350507208482e-02
5.457751929423834691e-02
9.450912631348594439e-02
1.087728234099793606e-01
9.225751126744964614e-02
1.088240918439379451e-01
8.484396022618484468e-02
1.039568140912747463e-01
7.264514800985476251e-02
8.715803665805713085e-02
9.636616164823905151e-02
1.124219563889260198e-01
1.109114535469160195e-01
1.046354147590845135e-01
8.160793234526432516e-02
9.520076920197165227e-02
9.415625090112242357e-02
9.615387788832760463e-02
1.126926080201042374e-01
4.619931691417594743e-02
9.852204872359812682e-02
9.317624599441502731e-02
4.947808347038007426e-02
1.016366760257957497e-01
1.143642096846375356e-01
1.091629945117702088e-01
8.797713823268978051e-02
9.607210124608750457e-02
8.176243539796970716e-02
1.146761397554221379e-01
1.065072599361919642e-01
1.152472438345009814e-01
1.120260979395185791e-01
9.497731456797076088e-02
1.045598047137319270e-01
7.449671820054024063e-02
1.110001324573712811e-01
9.722119188367087106e-02
9.933883878339058726e-02
1.029560873614498162e-01
9.518645106430123626e-02
6.252244257959627127e-02
7.082635834548808851e-02
1.067196211476830331e-01
9.058066454739090168e-02
7.376169497176937595e-02
9.363910765623453814e-02
1.147367210478040800e-01
1.040243406496794421e-01
1.136526956034043245e-01
1.106449917370396635e-01
8.548259754979999070e-02
7.060308785933758213e-02
1.084346331448276662e-01
1.041795204728544200e-01
8.280678105298078240e-02
7.467399192159257515e-02
1.048437798118913994e-01
1.058272742817887996e-01
8.961329362784214991e-02
9.180005241005126382e-02
6.027079345966959018e-02
6.632284781519633132e-02
3.689669823551583461e-02
1.035072975903529729e-01
1.120832500914048374e-01
9.573904813337759390e-02
9.830958185567900687e-02
1.151472559721267441e-01
7.114843831482833836e-02
6.789684566060623372e-02
9.539847249689631381e-02
5.594328611488744857e-02
9.469193504924264260e-02
5.936640245897951279e-02
1.013620798330115980e-01
1.171831408993893042e-01
4.057510335290778758e-02
8.640516636639607173e-02
9.935822473154269641e-02
9.718788015161490546e-02
1.101482779996519890e-01
1.032806536917994511e-01
1.035607145498018827e-01
1.037957347909107680e-01
9.693249823933228204e-02
1.070812879605840956e-01
4.433518625931447132e-02
4.259257517482188671e-02
9.873104490859159477e-02
1.175910200551384677e-01
1.149572781663068949e-01
4.840036427362381932e-02
1.152787075726363353e-01
5.545597041431412494e-02
9.173228542461775437e-02
3.706196864428101811e-02
1.047557121861827506e-01
9.650728923797773084e-02
9.920502895499472285e-02
1.132696083132356119e-01
8.547637511272722366e-02
1.152505821971710753e-01
1.160353736793887508e-01
6.193953517783877538e-02
1.099100877627050971e-01
9.483209590693814084e-02
6.813261826731781268e-02
1.166228265388513791e-01
8.352809984333307847e-02
1.148887216140280915e-01
9.959598584076639893e-02
6.015494338215900821e-02
1.075233017538593516e-01
8.719777796007739668e-02
1.184621782006925750e-01
1.076066472261141965e-01
7.219749169441148917e-02
7.103565695883408415e-02
7.568246013975371556e-02
9.538546692464157373e-02
1.141509684231743760e-01
5.703266949848610767e-02
8.588622994291464363e-02
1.181559722707672955e-01
1.178207269082288816e-01
8.080476124988306141e-02
9.762777931437333079e-02
1.032273081453972258e-01
9.655269446227633667e-02
1.081409357680064437e-01
6.427889611945100667e-02
9.370251174695984342e-02
9.248151532900951433e-02
9.862976772710374540e-02
1.125963086805109314e-01
9.718578238813109504e-02
8.885339619308757486e-02
1.084454363159419316e-01
4.966864464294193371e-02
8.869489502384540758e-02
9.760847193210048234e-02
1.017410707650438784e-01
1.048709940859091500e-01
1.085329189383930082e-01
8.370026319240199408e-02
8.029199836897984999e-02
1.108776353098806511e-01
9.512224248699480134e-02
8.361275065651208038e-02
6.700091039593181197e-02
5.698858482553702948e-02
6.955782647606392755e-02
8.550356820555186921e-02
3.141005268220520286e-02
1.121480777055268857e-01
1.074586442314342805e-01
6.368821726052534271e-02
6.273442536070525377e-02
8.598691080673730169e-02
7.720428973071433165e-02
4.197893332738168726e-02
9.521159276375286418e-02
1.084099933476440902e-01
6.636515895417123556e-02
8.411399140698612442e-02
9.740677855502202775e-02
8.006954922113890261e-02
9.022746305710793724e-02
7.628813432188458199e-02
8.993698642635429563e-02
1.151692808337428098e-01
9.651175398514263981e-02
1.060993506534822356e-01
9.268967503869025848e-02
8.070832220860787998e-02
7.862835653243260836e-02
6.314710097090971141e-02
8.448893012428017324e-02
6.017499158521284752e-02
7.170160885646735538e-02
1.092180653861892642e-01
1.021015624087979468e-01
7.727314746835943493e-02
8.205235182207300249e-02
9.112368186508719436e-02
8.718172690109377010e-02
1.015685293011911322e-01
7.836160490915189403e-02
1.116311868077878716e-01
1.048859525982136498e-01
1.075798052491871437e-01
8.914601895232304729e-02
8.877831815809465732e-02
7.191347825030949825e-02
9.641812950715378250e-02
1.163758813762327954e-01
1.035069618065870278e-01
5.942394654903963847e-02
9.818557832748364689e-02
8.372425800517549477e-02
6.632207837513624804e-02
8.520768098255153411e-02
9.681757586601669185e-02
1.068205573943300651e-01
6.201010408409187574e-02
1.132016670712897854e-01
6.452074027378013055e-02
8.192115596313634396e-02
1.029479811935855860e-01
1.165497619839822724e-01
1.073508410973616767e-01
2.724082632636839682e-02
1.098132155891631961e-01
9.288840819760198209e-02
1.131648574609445262e-01
7.127466521465875005e-02
9.358921972421971325e-02
8.876120454744534927e-02
7.627333309653298865e-02
1.131108151702319431e-01
6.936711064935030535e-02
1.097890650305040905e-01
1.158879798350093415e-01
8.701211640169380368e-02
1.107861714898477484e-01
1.031283344108614303e-01
1.088684915431249595e-01
9.501744835503281306e-02
7.319508938862905045e-02
8.310091874646390042e-02
9.004232642384017715e-02
7.711628928996587529e-02
9.845411787457465647e-02
8.899919824418474346e-02
9.254084639390613987e-02
9.786926119633071464e-02
1.093216108865918273e-01
7.582567039381923890e-02
6.130391663736817209e-02
1.024414919611531666e-01
8.547181827203668980e-02
5.856273305511755511e-02
1.103904819099203599e-01
9.844486831150849049e-02
1.074103922831851354e-01
9.839716373250942394e-02
1.038879557991190250e-01
1.030745339479268718e-01
8.317361464457945219e-02
7.994972137167269399e-02
7.451223853815387710e-02
6.621926099598968163e-02
1.085086253394221961e-01
8.620731190364087915e-02
9.766403110397570142e-02
9.354504410744142462e-02
8.266649037884445106e-02
9.768040838897558420e-02
1.077440172546339919e-01
1.055137085825307020e-01
1.043202847208600376e-01
8.953314067903972440e-02
7.638096749858684642e-02
6.155070004909151543e-02
8.900032358137438537e-02
5.843834500142436328e-02
1.034000167906575784e-01
1.076566464819180002e-01
1.064407295330209863e-01
8.821360689179279235e-02
7.378973082811124407e-02
8.504806351523624963e-02
1.004750610234704106e-01
8.909574382418021521e-02
8.312747887731944396e-02
8.147710359316015505e-02
8.311371634797309893e-02
1.003525318566916846e-01
7.507243795221302252e-02
8.793810596870352270e-02
7.539942351552431088e-02
1.081312505104493893e-01
9.641588682038493285e-02
9.988257657189568428e-02
9.054571037729713945e-02
1.116476269461574161e-01
1.119086830084607409e-01
1.070904213510811137e-01
1.168182955222950847e-01
1.183421979367634547e-01
9.013345265575765930e-02
1.053341094787076521e-01
1.180866476541803517e-01
1.088788581209124556e-01
4.216871686838449818e-02
7.221057947536460575e-02
1.168681864794856445e-01
1.011892883109360014e-01
9.194099368590505361e-02
1.131569053817508969e-01
1.149001707471621336e-01
9.401094334857151846e-02
1.069211570202650285e-01
1.092810374407794938e-01
9.817838065031148087e-02
8.247482787476850818e-02
1.037005772334290005e-01
5.112851230575034961e-02
5.636378334195688705e-02
1.183700010370465072e-01
8.582177909714140684e-02
7.290175058675994746e-02
9.375514821986204173e-02
1.104241197198076452e-01
1.159236376946833902e-01
1.032348876498667550e-01
1.000893373524232716e-01
1.004958798255647379e-01
1.053189636412180247e-01
6.485975516275974129e-02
7.277805836578910004e-02
8.507427054734351124e-02
9.413835365248908460e-02
9.139941470972623438e-02
1.041652598186469519e-01
8.961341909950810980e-02
1.117695706007322404e-01
7.269728718035850523e-02
6.095350449676571747e-02
1.058079438363209862e-01
9.723216745027574159e-02
7.871184375519971188e-02
9.459374871727178891e-02
1.104109572016458291e-01
7.748283841751099632e-02
4.745987752081971822e-02
1.088712241580385709e-01
7.041118554691794262e-02
6.980674201978215310e-02
6.973673551670246662e-02
3.903191758234954983e-02
6.812885919039780858e-02
9.274323988689982257e-02
7.694571790784754395e-02
9.847781736154821719e-02
1.153266975186843790e-01
9.407090231360613897e-02
1.106276706818047212e-01
1.116460482005397908e-01
1.052791236522159640e-01
9.554977766356560764e-02
1.152925919164078244e-01
9.412446256613643536e-02
8.327843050147554216e-02
6.844200293458235773e-02
9.596712199175344571e-02
1.091765577545134175e-01
8.678756522291213027e-02
8.445616115854394368e-02
8.887954024621201599e-02
1.045160309496789702e-01
9.302825535824368886e-02
7.486319216930126252e-02
6.796999894966228306e-02
1.002853780593082750e-01
9.829719789527133211e-02
9.277984393980572009e-02
1.025264511539323159e-01
1.076016114342463331e-01
9.086375685714626060e-02
1.148770169899480942e-01
6.930734646802058641e-02
1.109511363981432880e-01
3.578466858777821363e-02
1.147928806802389901e-01
1.061360213863614954e-01
8.829155365460554516e-02
8.675629281118861502e-02
1.052334759880031029e-01
9.343704526653989761e-02
1.057365603653540181e-01
1.124222348855502540e-01
1.070338311081576455e-01
9.484367777571753311e-02
8.578913897868260807e-02
4.311354606062982320e-02
8.344258678666645335e-02
9.872670667471122874e-02
6.423596733449923879e-02
8.347573981038587665e-02
1.109834030320289155e-01
9.086457887383977972e-02
5.222420673396926949e-02
6.419369111302822284e-02
5.114229204640699522e-02
1.145938417307927754e-01
9.059222896809034087e-02
5.247470660352910460e-02
1.089494062441856009e-01
8.851749908415428025e-02
9.968166476618771366e-02
8.521978397734565613e-02
9.950954908579363878e-02
7.766492754428461209e-02
5.879045226760368920e-02
4.947366803847942640e-02
8.233398861867544105e-02
8.237621962401107945e-02
1.098457677661505844e-01
2.852656255587330061e-02
7.601540026076461509e-02
9.642501031954908708e-02
9.544408775841145554e-02
1.180066360818289306e-01
9.106019833113231099e-02
9.905567637703791006e-02
7.838510517269051125e-02
8.171583177080013471e-02
1.024180841550008519e-01
8.652610063890615877e-02
1.049454679241259153e-01
9.774955848575174466e-02
1.041920610674025305e-01
8.545367801317818590e-02
1.156257528980451088e-01
8.434833148122639068e-02
1.163320213594958158e-01
1.079587884255053670e-01
1.157366775741431458e-01
1.020994871390497188e-01
1.046443472887643167e-01
1.179395118993653430e-01
6.996257677150860554e-02
9.005885310597773474e-02
1.118660705607334160e-01
1.164260166006470115e-01
8.217250034844154893e-02
1.102438266875657297e-01
5.257238701018331767e-02
1.042190557904067311e-01
7.379706966508910171e-02
1.139420595147736109e-01
1.034880950585657794e-01
7.033690992960274502e-02
9.253995223556003846e-02
1.032132192387415076e-01
2.350825533103485104e-02
1.017476606173635112e-01
4.570524347902320261e-02
1.081655251650908839e-01
1.028873193699903071e-01
9.366033902783528486e-02
6.525289052464151862e-02
9.237987621353785372e-02
6.420237481066808083e-02
7.154884053464094507e-02
1.005586561071237228e-01
7.000214828798886901e-02
9.805474791538215662e-02
1.151954967263644491e-01
4.216299994990647948e-02
1.169686212098507705e-01
1.076223472674418535e-01
7.011728953902116035e-02
1.101861490194572107e-01
6.699571803714034213e-02
1.166668598238063820e-01
7.382293416379329121e-02
1.100922608145768200e-01
1.128834856335538955e-01
8.590072094535444736e-02
8.379936134935893344e-02
9.211191830513307255e-02
7.009305180161427840e-02
1.153930760779968978e-01
8.509670232914190446e-02
1.165095533024884250e-01
1.054370306600434654e-01
7.103253077813655170e-02
1.138725713301471237e-01
9.529470576963046391e-02
5.786145062071036682e-02
8.649519940570778165e-02
7.622218881278815250e-02
1.052361211820453946e-01
7.544988581784790871e-02
7.181355385426642368e-02
8.446449685903394122e-02
7.889321129544227262e-02
8.333817180093273935e-02
1.151076920361018968e-01
8.541879985316543078e-02
1.124748332225350145e-01
1.145572748089844772e-01
1.076222036607450694e-01
1.065959086358944791e-01
1.074053873223357047e-01
1.169784168225681265e-01
1.079097374388910541e-01
1.047433744729378002e-01
1.047032627090809520e-01
8.733667320270910306e-02
9.324701367457695345e-02
9.838377853654585448e-02
5.859228873519503611e-02
6.210790711448595930e-02
9.636431956406420196e-02
1.023206944544465674e-01
1.017339030618707035e-01
7.885441776228875599e-02
1.023444996226911957e-01
8.875716311096953914e-02
6.580086460820525063e-02
9.811499978278005740e-02
1.146149555265785769e-01
1.024756675911993875e-01
1.088067735392341528e-01
1.106320069210797313e-01
5.908294032825087833e-02
8.679845745441933103e-02
8.735839284989499465e-02
6.756394361461949549e-02
1.116585923992128998e-01
1.024025258258535742e-01
9.575014234385433032e-02
1.051702696560332939e-01
1.173265876455184403e-01
9.290438405981919778e-02
1.033727272070399522e-01
1.178832930888717156e-01
4.154809941409175894e-02
8.004867554042420508e-02
1.113145438528448800e-01
5.335992799822543431e-02
1.140601667992485191e-01
8.858055869491904266e-02
1.029963988573581596e-01
7.345721265252029564e-02
3.738803927407895883e-02
4.181383855021076484e-02
1.182645293682428322e-01
8.927133291259196912e-02
8.448178760324016878e-02
8.169092726259960524e-02
6.284770359750432855e-02
8.499539346491537251e-02
1.056074298036168146e-01
4.972703714803108910e-02
1.153845595744322355e-01
1.022562121889079439e-01
1.075960180974280395e-01
1.100277503981899885e-01
1.039304783841720620e-01
6.178875877727754706e-02
7.510557235010276167e-02
5.830097920249766030e-02
1.141646501780444467e-01
1.178151584044888761e-01
1.124284375546731607e-01
5.315044883550459898e-02
8.593395144597833213e-02
7.646839439812380679e-02
8.394098521163138871e-02
