2.054256358291161044e-01
4.419147294676596394e-01
2.101131030574768799e-01
3.594137374586981459e-01
3.551601666611311492e-01
3.791067017997737931e-01
3.829328240630269775e-01
4.396842268010214827e-01
2.051428940954429236e-01
2.208628500605076816e-01
3.537503838814354262e-01
3.828923600055763043e-01
4.048642271185020625e-01
3.614689686385029743e-01
3.313323584302733660e-01
7.173873136345107482e-02
4.162660826417762250e-01
2.442913666103910530e-01
2.641235782689544953e-01
4.210926941291275316e-01
4.359492556846442657e-01
3.860192366980887413e-01
4.465910849980718189e-01
2.170188327999422462e-01
3.085954764999184197e-01
3.925485985423982083e-01
4.077973884211906208e-01
3.652713906908173769e-01
1.400019339040096955e-01
7.947108395555085858e-02
2.362188383678357484e-01
2.829500068401405999e-01
4.372135872527763700e-01
4.001367826445021425e-01
2.946221315377608452e-01
3.539169026982259547e-01
1.976336679833130827e-01
2.868453326274427728e-01
3.097440057165153360e-01
2.411004193459585498e-01
1.633545967876287586e-01
4.379025409666704172e-01
2.587347717051671769e-01
2.738030640755042544e-01
1.301821181003343375e-01
1.501326129885223182e-01
3.882620432677730271e-01
3.953687354107702223e-01
2.689493179373347864e-01
4.276515745955742909e-01
3.950906302258077596e-01
2.431803905374061991e-01
4.253871105538231112e-01
1.037636245765459070e-01
1.849216740430338624e-01
3.935728457643817291e-01
2.180418965404928300e-01
3.289746008333714333e-01
1.077407042671975207e-01
4.074902002078750196e-01
1.249500596758247178e-01
2.857198493408594775e-01
1.518353460498933771e-01
4.209435556476837093e-01
1.389515926362880072e-01
3.093746405719122183e-01
4.237542450058766619e-01
2.428700795358480768e-01
3.736913829522862107e-01
3.175679525984638762e-01
2.581733372124169201e-01
3.621785248229288934e-01
1.271189753928509414e-01
3.714110828912317031e-01
3.692669703517537094e-01
2.293395055306409469e-01
3.112813552495953262e-01
3.382867926742620379e-01
2.256612932510606573e-01
3.006865995675163661e-01
3.693075733396942173e-01
9.098521792079751480e-02
4.271932237257722864e-01
4.380939228285879450e-01
4.126138741297266099e-01
4.309812110636524474e-01
3.673010325368362139e-01
2.465735435809150167e-01
1.385358989242067573e-01
2.514453790895839758e-01
3.443513638417729505e-01
3.455789360815782474e-01
3.109432290913002328e-01
2.706259294566082385e-01
2.078850177504956431e-01
2.727172920660820288e-01
5.360681912358782747e-02
3.481133398059343964e-01
3.854751233222033502e-01
3.487112706971306486e-01
1.857803650698622577e-01
3.985456768086302892e-01
3.367095132574148830e-01
1.360565371051662420e-01
1.475095016302600537e-01
3.794609173719632467e-01
2.158366111803984855e-01
4.158081707243009295e-01
1.819111556845090238e-01
3.651174928938278885e-01
4.159969895657450456e-01
1.924392773705801973e-01
2.564642181575053637e-01
2.640650003416185609e-01
2.612440402815373042e-01
2.693515688319824131e-01
9.551206727371296112e-02
4.414400436103118053e-01
1.212572051471278861e-01
4.404835124351565434e-01
2.856479887171206045e-01
2.980436388295162331e-01
3.559454377787151236e-01
3.745036562859874185e-01
2.961743632827390504e-01
3.825748255444939572e-01
3.987057653462264817e-01
3.317100482619441681e-01
3.027849076986233734e-01
4.350314728283390941e-01
3.362511945830833349e-01
3.652668180914289686e-01
4.220839328299298976e-01
2.756648535383298682e-01
4.017895418884449565e-01
2.030260751003267194e-01
3.932048065298250350e-01
6.087718884492585719e-02
3.202505323425529071e-01
2.856751479259613258e-01
2.823972940382974972e-01
2.112637451860095161e-01
1.649570870048785443e-01
4.378794849470552530e-01
2.553327235304689302e-01
3.928099507000895052e-01
4.122659743228356266e-01
2.430731419631008972e-01
2.887795656254494858e-01
3.692034791194349075e-01
2.933545650282869954e-01
1.737143916958479584e-01
2.576354320429297684e-01
3.990325066139014387e-01
4.489352868300982013e-01
4.086190737451085297e-01
4.233681813808723438e-01
1.342045385908529065e-01
4.058400250148856414e-01
4.299079663823102693e-01
2.770016507710701403e-01
2.756675088034612475e-01
3.988101519277400531e-01
2.573647977755909588e-01
3.587956442624102293e-01
2.958663629353054381e-01
2.478597764555963978e-01
2.760120088545302552e-01
3.798529142943442016e-01
1.390570853463709011e-01
4.102851805456394496e-01
4.358490384148266394e-01
3.216878853639136837e-01
1.259879635264358477e-01
2.302396908596897884e-01
3.069501234669578804e-01
1.148720091396274179e-01
1.879147189637252746e-01
2.970543437512924712e-01
1.408065784855916935e-01
4.111539010510495418e-01
3.258063527462147779e-01
2.424498327983425905e-01
2.760286098332284666e-01
2.548723994715066943e-01
3.324334898640790570e-01
5.496294204668492750e-02
2.058517874606472231e-01
1.950723264231693788e-01
2.414492666251034925e-01
2.209575090509963147e-01
4.190812323887713187e-01
2.267373568698431707e-01
4.414678171649569771e-01
3.131373230308724942e-01
3.409522045226505149e-01
3.227598468777473917e-01
3.155424387718552270e-01
2.905845575367919098e-01
2.455218175511989509e-01
4.598123288425767785e-02
3.537064904978148849e-01
2.084821900608526402e-01
4.096934061008925543e-01
4.146208169585225423e-01
4.435506743004113406e-01
4.284271967981759244e-01
3.787184184650478347e-01
3.336182629884003048e-01
2.984202341644286993e-01
1.095598363425559635e-01
3.273595958816173934e-01
2.667598558520037702e-02
3.176761262572523337e-01
3.687073109224059397e-01
3.020933940638678150e-01
4.191152910749105232e-01
1.514253374084835180e-01
3.760300001754871002e-01
4.218501490530956466e-01
1.452705734138332316e-01
3.815466675174202793e-01
7.241210863524270847e-02
2.608610980386795730e-01
3.948748575014595641e-01
2.980529686489422764e-02
3.975929238162807522e-01
4.257965013880845029e-01
3.350335832503635869e-01
3.753192629897115773e-01
1.276999639389429786e-01
9.361599789958281737e-02
4.375737289023028387e-01
2.953392940743123640e-01
4.208493016286959376e-01
4.339056597527947701e-01
9.598754456623877218e-02
1.831278219158619658e-01
4.358303616307888095e-01
3.214853429432217302e-01
2.678908812351650792e-01
3.738329900233933745e-01
3.967668928355317925e-01
3.418195479043741325e-01
1.557113580311552947e-01
3.729378401938590604e-01
2.199411693873600804e-01
2.108995165530169746e-01
1.136545140701514245e-01
7.174993321162215221e-02
2.300194048291588633e-01
1.272985440323160800e-01
3.029486773653474740e-01
1.304587052913311063e-01
2.787109562690198716e-01
1.931117726984116489e-01
3.621294118712639620e-01
4.318591000523089862e-01
4.677573761471997410e-02
2.141528683377043052e-01
3.172399562517079219e-01
2.111542456163076065e-01
1.996357843442949642e-01
2.999854590127971621e-01
1.748280198365699256e-01
2.594623275586037114e-01
2.353238055546866825e-01
1.239018158237316369e-01
4.315711685848823698e-01
4.308124304209689504e-01
2.969272679318858410e-01
3.261435095899267167e-01
6.776000994820084722e-02
4.428902207774839117e-01
3.914431153062724045e-01
2.065105318392178313e-01
6.775825710836129445e-02
4.275228227613627752e-01
3.325822681210943710e-01
8.749399346398056831e-02
2.988964422419593814e-01
2.091640794370497880e-01
2.113935013005173447e-01
1.957590677100701226e-01
6.507232032932000476e-02
3.960864069595915193e-01
2.301985771700256478e-01
3.190915858453673981e-01
3.073558278986524006e-01
3.244889736944779335e-01
3.889067714660671138e-01
3.504554157440757933e-01
1.352909804817932216e-01
1.986102538932789929e-01
4.406991400966900341e-01
3.806572034762650825e-01
2.811737951269849267e-01
1.959022728163619942e-01
4.189896203940242092e-01
7.897908545607554287e-02
3.071923132463769690e-01
3.266160838489498008e-01
3.290344179471254571e-01
3.597513437263714642e-01
4.217488161630084664e-01
4.384001593716856104e-02
3.977953903668007829e-01
1.282013952276760127e-01
3.223983974806821640e-01
1.754698037341376193e-01
1.448005799987010511e-01
3.898066914428532925e-02
3.127159543546550458e-01
3.559421300936080335e-01
1.398196082715122135e-01
3.654437950285932546e-01
4.148586098430642743e-01
3.765557406204297353e-01
3.902971594817193357e-01
3.108828934888036022e-01
2.802493481474422898e-01
3.881686027528652438e-01
3.229949768905843177e-01
3.072076517402720919e-01
1.194676401355222600e-01
2.130833194329787850e-01
4.038097332188382849e-01
4.400678274441594540e-01
2.280845176529805174e-01
3.821224651498896230e-01
4.181340877706826720e-01
3.760182736363359979e-01
3.021297245558902111e-01
2.635300677153921134e-01
4.332288925542317481e-01
3.256306096663851291e-01
3.922430340803432780e-01
1.517666926196354626e-01
1.794851876953059144e-01
2.690450906354628358e-01
3.847298404913965797e-01
2.264784993769661803e-01
3.783021895213436459e-01
4.437450232488566737e-01
5.975679355876474530e-02
2.717564074058406165e-01
2.486226789713505692e-01
2.186463357295009846e-01
2.571167684143733645e-01
3.459147586878328351e-01
1.332255989914507832e-01
2.258909350761076906e-01
3.704984803274652960e-01
2.988634103122044250e-01
3.785025352587280678e-01
3.343860243311831404e-01
3.052429460931646021e-01
3.582893733819170756e-01
2.683705175482683503e-01
2.090167196348855505e-01
4.484327120830683966e-01
3.030824820549057330e-01
3.863939719033091524e-01
3.996205762421788932e-01
4.236641377067784098e-01
2.735472837798982315e-01
3.724213085874454321e-01
8.545458411606260407e-02
2.464215043750214440e-01
3.743926008105828429e-01
1.718372524042777738e-01
3.452671074854796740e-01
2.690564303900344068e-01
4.014695635587200440e-01
1.785605075339055381e-01
2.277397265207454224e-01
1.793284976331612490e-01
2.375125836399198109e-01
3.678060177680567699e-01
3.072665674133657765e-01
2.955672738306662772e-01
1.193459213538130420e-01
2.570403203536012482e-01
3.782086399104868657e-01
3.998768614568627977e-01
3.239697671901979881e-01
3.868699632598853189e-01
2.170361990535371877e-01
2.152705821859688395e-01
2.934228543020472313e-01
3.397081191566253544e-01
4.466869112605409975e-01
3.026986396435488724e-01
4.370085293257090497e-01
3.793230381964364795e-01
3.357192146805186295e-01
2.931622336829979858e-01
3.447230517277367623e-01
2.659157890499169175e-01
3.271330429830817121e-01
1.168058143122019665e-01
4.277826961324291410e-01
4.105335956170907408e-01
4.175045469844978485e-01
1.629097115745185842e-01
1.408084979434599815e-01
4.226095079292868095e-01
4.302985168493333457e-01
2.386387266928080564e-01
1.659395784555461051e-01
6.262445004484441802e-02
3.304592349068395940e-01
4.095392132051183243e-01
4.203134936863648918e-01
2.516063202255476305e-01
1.872539899503866401e-01
1.600070817860603511e-01
2.780753453224648619e-01
3.928988255176689148e-01
6.297191126408507866e-02
4.412348270655069848e-01
1.965212208432054464e-01
4.094720044712166218e-01
3.325893819610871160e-01
4.225861300864651726e-01
2.042214799419633520e-01
4.419847816306927690e-01
3.994038574963733601e-01
1.261054273776228973e-01
2.841974966588236007e-01
3.204847194832082247e-01
3.827141292785747329e-01
3.585310123556604833e-01
1.783407276941303965e-01
1.512114624042240063e-01
2.283484649379317333e-01
3.637787528552067218e-01
1.158191039840741760e-01
2.147781195312158109e-01
4.231572682403799135e-01
3.746402913039993954e-01
3.613018479770932490e-02
3.648096364982860718e-01
2.952203340667878817e-01
3.936741811119301993e-01
2.915901496591780662e-01
3.210213332409394549e-01
2.999428490043465900e-01
3.969493862941267937e-01
9.082547651843257686e-02
3.419321755248070915e-01
3.826416699097610064e-01
3.118630150418030267e-01
3.392086342259226228e-01
1.808603082048032273e-01
4.188765505428320157e-01
3.584490211961756101e-01
4.090592434679780065e-01
2.066674652454782435e-01
3.726142217696555847e-01
3.364582918661337962e-01
3.457089756872103736e-01
1.784884877554005211e-01
4.035972557227440749e-01
2.985790764233629546e-01
2.392065199028694522e-01
4.313356627119842024e-01
1.005231834283286524e-01
4.160100704182387310e-01
1.210192131902566165e-01
4.497199454421744180e-01
3.722338236283742052e-01
3.547820960957738801e-01
2.911310403642787259e-01
3.179455620373463631e-01
2.579734192825204886e-01
4.450794994379913549e-01
3.859823405299944721e-01
4.453684942266538105e-01
3.758822370856998996e-01
3.504307031914413728e-01
3.649387873315994013e-01
3.415070457487691669e-01
1.048209636153559776e-01
1.484223681355325286e-01
4.147929199901681518e-01
3.858969495047567810e-01
3.566799882599263061e-01
3.234924703468472496e-01
3.130462733629324479e-01
4.478096721543747827e-01
2.521351955148679047e-01
1.538749864711373705e-01
2.835586607332842290e-01
3.757792002491068262e-01
4.217049650350226941e-01
2.611024181714643455e-01
3.423409616183125670e-01
1.420738187896555260e-01
3.103631359671107370e-01
3.429558597705805179e-01
3.550689301173535206e-01
3.359008484792297966e-01
3.833531075367883900e-02
3.301446045860566003e-01
3.976927594824359868e-01
1.219961230090244458e-01
3.437186824021132292e-01
4.892560993410013243e-02
4.072066216936112149e-01
3.537677852589632965e-01
2.915673759026660150e-01
1.248521929945134584e-01
1.919464736866564325e-01
7.224255451205152667e-02
3.829521919157757859e-01
3.143647545072683069e-01
4.132841629525201843e-01
3.156426470273024365e-01
4.202390954624272146e-01
2.202122593070429957e-01
2.268616993082073763e-01
1.315799200977542105e-01
3.349203185350683176e-01
4.360793511624835306e-01
2.427596868860440460e-01
3.441596374220591836e-01
9.436519638919114994e-02
4.417729930923108839e-01
4.089362421002101233e-01
2.120609784361421057e-01
4.237082814997085722e-01
2.989856385652568393e-01
4.059199613613848623e-01
4.121221605689369683e-01
2.334782298617185670e-01
3.254189877063213832e-01
2.061720067444944848e-01
3.986397816977841901e-01
3.278964103159651700e-01
4.270109053226346374e-01
8.149110114050502063e-02
4.200799537281055263e-01
4.069206148974879866e-01
4.207264996560132753e-01
6.592394510544685726e-02
1.377968016447949640e-01
3.939127498926455195e-01
4.450009496170682644e-01
3.241472671354819202e-01
2.971717890256090899e-01
4.295416766512174522e-01
4.400126672581680665e-01
3.764821182395703403e-01
2.744454014808158648e-01
4.431578272521140005e-01
3.384461755665659766e-01
8.198807081950042208e-02
2.822210366236809764e-01
4.203979015424907928e-01
3.261313587059448960e-01
4.193966982529181431e-01
1.689660487853211213e-01
4.285989491406386742e-01
4.486000863458814436e-01
4.497037618283051819e-01
4.355725208367196566e-01
4.264839448966036284e-01
2.402010959465308293e-01
3.154008635358593327e-01
3.771042348131710131e-01
3.230663969927055623e-01
2.835678426949542197e-01
3.149871653884196432e-01
2.770928606161998653e-01
1.756512426824826389e-01
3.189705799432318023e-01
1.712356904604533381e-01
4.336909282424332157e-01
2.601036847115748007e-01
3.980336744488183753e-01
4.221289455067055441e-01
2.172998484734275093e-01
1.003307435187485025e-01
3.413796498434594762e-01
3.910594239459049826e-01
3.354550735280758533e-01
4.065093577338694253e-01
2.862998262131457583e-01
3.692129088983581719e-01
4.141289712541857404e-01
4.487095240027056953e-01
2.952433736424085742e-02
3.917320469091596924e-01
2.014533937259091745e-01
5.758356562141022511e-02
1.934711468475492357e-01
2.815365354592015978e-01
3.173666664032978035e-01
3.843558363139207290e-01
4.078703467918195491e-01
4.247108876144666811e-01
1.106817588875451952e-01
2.129290505608377460e-01
3.069105607416511283e-01
3.346295086541219432e-01
3.430728699037466911e-01
5.945952897016311411e-02
1.946894035244682228e-02
3.993827028657404576e-01
1.362486116399889424e-01
2.889065302308593264e-01
1.871144082704199740e-01
2.964120781494479218e-01
1.329171297946072638e-01
3.230111838289818627e-01
4.034279136718043057e-01
3.915915767519669299e-01
4.173991961443460075e-01
3.274750209261208522e-01
3.634353771101266339e-01
1.201781508265037796e-01
1.443257221541525137e-01
2.401886945550170682e-01
4.455587990319638814e-01
1.876295938193671964e-01
2.876291955239830278e-01
4.020987989346955227e-01
3.137209781313938239e-01
3.202446274100722579e-01
4.124500399460996891e-01
3.299287503108274122e-01
4.123587088999591810e-01
2.492812117520308846e-01
1.873243176247157138e-01
1.342855415522810070e-01
2.575753470079585883e-01
3.944209163456374734e-01
1.651063091131487748e-01
4.446663664344814304e-01
3.339026183815528293e-01
2.365319932390969326e-01
3.332037725921007110e-01
2.224245715012221902e-01
3.105164343961316908e-01
3.976175966106243465e-01
2.180354432784148422e-01
3.279441072188798989e-01
3.059696933969355825e-01
4.244778325910337768e-01
3.317682548884312022e-01
2.988380073945801629e-01
2.418030034044232612e-01
2.432397107511667309e-02
4.179111473742169180e-01
3.861043076548569264e-01
4.186706591773334263e-01
4.332173407579665292e-01
2.253130981151343915e-01
1.670959037118525670e-01
4.074014010333049662e-01
3.977833148365346738e-01
1.017618695018788211e-01
2.119053322812746165e-01
2.771943607922947583e-01
2.381527545713112426e-01
1.608768426445854050e-01
2.548960016704673870e-01
3.422138354668838311e-01
3.322655043897680405e-01
2.225364036987032834e-01
4.224634923538098108e-01
2.279990762837994234e-01
3.922893544728527915e-01
4.397413357271405254e-01
4.007450868759316887e-01
2.155082785073263729e-01
3.817124724350247078e-01
3.943036989972459883e-01
7.724146400585592265e-02
3.242944030561363267e-01
3.307543327427805990e-01
3.037965992950807381e-01
3.186347964276765032e-01
3.915144341617832202e-01
4.423008010433037568e-02
3.652318475188435776e-01
2.460008098711462254e-01
3.389151216695791002e-01
3.990375225976658391e-01
4.371344113709161872e-01
1.604095131111543948e-01
2.056847988153099882e-01
4.345776434294702506e-01
4.443939449421591137e-01
3.592957502064657582e-01
4.065858648948724174e-01
3.320657073850205587e-01
1.077802081234467413e-01
4.301005203430736668e-01
3.721259021017355173e-01
4.050602606949862405e-01
4.116376919186351957e-01
3.669069759599647984e-01
3.288256330752766243e-01
1.368755288345851473e-01
3.763937098645783186e-01
4.061406740378857294e-01
3.686601653979564297e-01
3.488563408852611847e-01
1.993295083628055797e-01
4.128012273178372493e-01
4.274202554309521340e-01
6.931565301279019042e-02
4.197040339146556609e-01
6.595104488897321482e-02
2.537913759133157421e-01
3.528957630588160366e-01
2.382634516818320503e-01
2.954579970446963300e-01
4.416599035572836285e-01
1.482099508002679145e-01
4.299758954861622740e-01
4.442572487783881252e-01
4.383762059783017362e-01
3.656312424781027470e-01
4.354757914795390761e-01
2.628977771517804207e-01
1.503520431684208791e-01
3.899384127259689081e-01
3.218241221400179874e-01
3.876968960589545210e-01
4.243866212646912883e-01
3.250291876816113756e-01
3.988394908400695882e-01
2.868437384512294019e-01
2.548941850162361189e-01
1.541707773177368179e-01
1.185736603991034699e-01
3.946063022315521862e-01
2.146693746334123742e-01
3.946712253172149354e-01
3.702180411436910568e-01
2.086298828087139456e-01
1.751814194892460652e-01
4.497709025095307234e-01
3.674951486642560883e-01
1.563165112166138015e-01
2.437448146749103262e-01
3.427922310614353596e-01
3.844478896146613089e-01
1.453469409688938063e-01
7.757507961610532465e-02
3.901797757699519975e-01
5.554541181256467813e-02
3.183269083717883974e-01
2.946172322084351647e-01
4.345820611885256035e-01
3.883485246088021481e-01
4.093990953065428373e-01
2.742341869204209526e-01
3.524413091526998332e-01
4.378725270751998022e-01
4.195172407895032540e-01
2.899553263208700105e-01
2.714429791810029635e-01
2.023856373275428056e-01
2.678106792478457399e-01
3.113183581163371794e-01
2.708892173334623288e-01
4.062347879334954337e-01
1.775060513615165647e-01
3.880644881856138984e-01
4.500618326434969174e-01
1.901294944152721600e-01
3.577675786778079514e-01
2.617013000632715802e-01
1.559322471216539607e-01
4.087565784909414912e-01
2.038497566615363188e-01
2.314999840917692508e-01
4.328976662099880413e-01
3.373275910153062940e-01
1.721729868761040505e-01
1.285409054134900309e-01
3.945529492977702946e-01
3.981233040902600329e-01
4.089206628899259011e-01
2.399416409805320560e-01
2.359330150083157884e-01
4.057936184835823079e-01
2.955527186814566609e-01
2.371853835478638095e-01
9.431043739508254697e-02
9.229018417427491128e-02
3.253032926894545152e-01
1.951122704160593302e-01
1.514979613264316460e-01
3.951392039298188830e-01
6.595202706576432095e-02
4.167151452290522307e-01
2.742481928336300001e-01
3.253464774840690299e-01
1.047616240163016799e-01
4.324102100685918715e-01
1.298943878789810547e-01
3.584007934761787584e-01
3.288402104753592181e-01
4.310797294482013320e-01
2.254894580160753947e-01
4.335584510977315564e-01
4.466740477308809298e-01
2.140530244445028873e-01
1.590556679249729155e-01
3.039007817303718828e-01
3.631509892168008347e-01
2.021235939117508595e-01
2.355090695073205898e-01
3.711282518994430402e-01
2.459448031126043877e-01
4.053865829968836820e-01
1.019366532354372828e-01
3.002100629704212986e-01
1.123962463615425234e-01
4.448179447562292110e-01
1.118734451582979739e-01
3.899169366957322969e-01
1.509677049876091415e-01
2.165718119328910451e-01
1.265260086378378335e-01
3.038503476485021615e-01
1.906521331796332541e-01
2.755385365560334421e-01
4.387680097813611013e-01
1.488281510680986852e-01
3.669235671456228531e-01
2.515098727847743243e-01
3.848315197546446353e-01
3.067346555916584255e-02
4.050760745323909173e-01
6.874805186426052872e-02
9.774032444206140480e-02
4.351815906788740751e-01
3.135844102278053658e-01
1.613061430106474126e-01
3.175559282141024453e-01
3.546096304147300926e-01
3.637474516882651110e-01
3.875578962062313226e-01
2.284360612490122511e-01
1.926161266930076776e-01
3.188627247853731417e-01
3.974645450747598119e-01
4.136228432508224917e-01
4.240696380240874253e-01
4.311588130863082680e-01
4.436317446562795253e-01
2.313816671760161314e-01
4.101123762576499576e-01
3.637609763490169956e-01
4.042677942424570126e-01
2.432931710373036904e-01
5.276398560003260629e-02
4.292482462035604462e-01
3.243859815459207985e-01
2.707451019750822807e-01
3.931745228041178541e-01
4.386245329400395021e-01
3.275662966993581060e-01
2.335103987857397867e-01
1.743815780549729522e-01
4.277301577819940803e-01
1.705468218418771664e-01
4.319333844075431972e-01
1.259636087243506952e-01
2.482311812102856452e-01
3.074439215733258401e-01
3.571115303514670325e-01
3.398065590655645063e-01
2.754963145221367427e-01
1.762148900029492926e-01
2.024850518933821175e-01
9.841648012912328214e-02
2.197830304342414109e-01
3.866523358891675866e-01
3.375055192074234989e-01
2.540677648059623261e-01
4.143447745874839772e-01
3.235916225289018344e-01
3.061199572141804492e-01
3.417330682023846378e-01
2.891022441412158805e-01
3.305436948370543693e-01
4.314933211055377860e-01
3.408885760762421779e-01
4.333106598145879396e-01
2.391766111324516997e-01
4.348214725933239877e-01
2.847116303332949960e-01
4.892846100159036621e-02
3.137976729205408932e-01
4.351065446687990002e-01
1.262294562129862296e-01
2.127801756154147905e-01
3.164808654840858826e-01
4.494050744711435286e-01
2.294817116287254932e-01
4.265093579256611367e-01
4.421272667640726017e-01
3.511448617632262903e-01
3.689419063485427364e-01
1.789777485947245117e-01
4.288445975985876735e-01
4.228209055161100127e-01
1.380747298335947004e-01
4.055468439693845628e-01
2.626493014467086717e-01
1.854531683807292552e-01
4.298334583831309730e-01
1.157324105192112929e-01
1.571180608990439265e-01
4.482878536427747918e-01
1.525647928537552933e-01
3.382061858015326106e-01
3.720161304273734704e-01
2.389570907100096175e-01
3.803698857328878802e-01
2.661209276497629173e-01
3.503950582806179548e-01
3.840504635134599498e-01
3.937839034839180075e-01
1.875971991360184388e-01
3.487951720071924000e-01
2.329994319112329015e-01
2.882655822731443607e-01
4.157997149259796132e-01
2.757701908015339765e-01
1.984131526938839596e-01
4.492289483415632945e-01
2.373351129398444670e-01
1.395964957638797244e-01
2.672735562810822363e-01
2.223514139817160951e-01
2.207119603750554437e-01
4.277190618736543271e-01
3.662521072697689783e-01
1.617880400306931366e-01
4.323696315077678043e-01
1.617735554699729073e-01
2.933604783031750207e-01
3.294076179730545118e-01
3.172423076345149973e-01
2.473924735056244606e-01
3.969726440680719781e-01
4.437463276651212318e-01
2.169688010754609320e-01
1.246444103134477788e-01
3.836532454760815392e-01
4.338090730585767441e-01
2.397769092320193030e-01
3.767112206851295775e-01
2.897402243055749449e-01
4.086413057168063467e-01
2.917854802203537212e-01
4.434587229318838753e-01
3.803530256928118192e-01
3.996959106013975305e-01
2.012095125584659472e-01
4.410284094013472433e-01
1.708015015462124864e-01
3.735776565800114635e-01
2.578062064053229241e-01
3.865135259162432169e-01
2.972869917010264040e-01
3.649433369188870291e-01
3.765768792226505401e-01
2.191233568021853650e-01
4.377835050454324528e-01
4.343344255108120278e-01
2.576439123612299653e-01
2.387091557409106168e-01
4.325338717010028811e-01
4.493246287356978952e-01
3.416583740788865509e-01
1.845990063892346267e-01
4.368380211748624231e-01
3.826840332120945432e-01
4.228986584690289652e-01
4.266806092355788227e-01
3.070993455523629012e-01
7.278239221634595635e-02
2.863927539517763798e-01
4.254503849742651833e-01
3.082888274061726386e-01
2.552534823130767072e-01
2.312852726487629185e-01
3.521019009568373548e-01
2.652438657191841798e-01
3.380271554255456223e-01
3.380678006254814738e-01
