1.897845823294692620e-03
1.163369945594782849e-03
1.059598465614367512e-03
1.603945394207345219e-03
8.859454902705030848e-04
7.535334867384530606e-04
1.729195126311258756e-03
1.149858703619743763e-03
9.784263544379632593e-04
6.515980089498580848e-04
1.318323141361909959e-03
9.810698207862237046e-04
8.639241957697449967e-04
7.478444089418688706e-04
9.167532427700194426e-04
6.553954286115400542e-04
2.387642754243434785e-03
1.227048152689733150e-03
1.163258399072875787e-03
1.412935919040934430e-03
1.002486858978405898e-03
1.161522005452620245e-03
1.225117613673322404e-03
9.984372974869012377e-04
1.098214411708446766e-03
9.656721657900968134e-04
6.251547155697497740e-04
8.012769878002054189e-04
6.368240520884990144e-04
6.532335961264872830e-04
9.440056635533832863e-04
8.519290092843754278e-04
7.958206114016660917e-04
6.405777169052110070e-04
7.832766196801952460e-04
2.010689818556094400e-03
8.905212455764806127e-04
1.246536795445950122e-03
6.740928161314795053e-04
8.516283548739312379e-04
1.190454951945314104e-03
9.272049905888722632e-04
7.160763428114975656e-04
6.142049353717121902e-04
9.451129524609939861e-04
7.414977632079107484e-04
6.773451373594752351e-04
1.083600183389428961e-03
6.658580562860206241e-04
6.784380972664564571e-04
7.974477572968678577e-04
2.068358496307342188e-03
9.422158904347742447e-04
8.003579682494915649e-04
6.128516054821550596e-04
1.301899406999563200e-03
8.345205725266183986e-04
1.127389226445305558e-03
6.815460757665283559e-04
8.187019948451960440e-04
7.483716028808452434e-04
1.191386876884096375e-03
8.987490244748392665e-04
8.318604332883943343e-04
6.883127762389307236e-04
9.166257677192022430e-04
9.553259841814075188e-04
1.165882321966172936e-03
6.962401303733570636e-04
1.220998386137266091e-03
1.265579408251707796e-03
9.019523791554633465e-04
7.458652180108174762e-04
7.869945664316352731e-04
7.387667823467873639e-04
8.288384908910895318e-04
7.955696588929799841e-04
9.640572514378020460e-04
7.898079575659169762e-04
9.702937654904655049e-04
8.421091041418215335e-04
8.788732147483598956e-04
7.993389776392905094e-04
1.990793585576993395e-03
8.185387499609984158e-04
7.515661807571658070e-04
1.108745407053556616e-03
1.333140674755433188e-03
8.586362706842028862e-04
7.344258001437884960e-04
7.802229129248697184e-04
8.024652508021363649e-04
6.199780464627141887e-04
2.132301076753711968e-03
8.131784820252553354e-04
7.916634935426913747e-04
1.186855142025476564e-03
1.138025199103808068e-03
1.033141619182423657e-03
1.479660540911573174e-03
1.618963484443448854e-03
9.009073115841487265e-04
8.320411389304882598e-04
9.617822452776205898e-04
9.115235772055886847e-04
1.092777130802279019e-03
1.058141667716834588e-03
1.044087017426932260e-03
9.795917444893643966e-04
7.826667028853273112e-04
8.231500625074330722e-04
1.000722851919587939e-03
8.862523474844891244e-04
1.238910219542249148e-03
1.350694684012768675e-03
7.333434752268764211e-04
1.358222182132115454e-03
9.115215340283634032e-04
8.185059378704856708e-04
8.490144907502807309e-04
1.397746913917313196e-03
1.289589993026253730e-03
6.661213895663121391e-04
6.636097034814900835e-04
7.206988795409798466e-04
1.239720481593536896e-03
8.589343688971499144e-04
7.524073714328797548e-04
9.501015921771180676e-04
1.157115861478663155e-03
7.259908946097480770e-04
6.614505967637924122e-04
7.046576713909063301e-04
8.589837371643365294e-04
7.450619537931708414e-04
1.209706114152395281e-03
1.031135192946047675e-03
7.559707952779440993e-04
9.012493341370203699e-04
1.805499824657388289e-03
8.352271089802820649e-04
7.052233983245659787e-04
1.522761903207576518e-03
8.651537508571554387e-04
1.576968496821175552e-03
7.945412771707390052e-04
7.935168122387764242e-04
9.605637322666375159e-04
1.048386396789052462e-03
1.130815073945221766e-03
6.714134281749647125e-04
6.426869542042666595e-04
1.013879980928647203e-03
9.330796590909917060e-04
7.707757708113500972e-04
8.599468501268627820e-04
7.109147492603740039e-04
1.478583571136535312e-03
9.594392970613129130e-04
2.036427810640003850e-03
8.816252947064880845e-04
8.998151493179910127e-04
1.069445906486442364e-03
1.427705478516349625e-03
8.042012185784712342e-04
1.155198356287682809e-03
1.504280285741396240e-03
1.116796026031612607e-03
2.339643583557974270e-03
1.721233393391999279e-03
8.753810046364418921e-04
1.139796112862646090e-03
9.397982121795283314e-04
1.061949379460146430e-03
8.524858316077009359e-04
1.230438770089709814e-03
7.067457086722948346e-04
1.321631945247576370e-03
1.140139408645527656e-03
1.102066300416061238e-03
8.630449256508919680e-04
1.722538216620712924e-03
8.332734826156387936e-04
8.043776766797807853e-04
6.435451735038971548e-04
1.048524295546625264e-03
1.149161872265658246e-03
8.107965693592602803e-04
9.969982190994415225e-04
7.417746590347450196e-04
1.095992425946006824e-03
1.340906166770446627e-03
8.006385898538986899e-04
9.912933594462742561e-04
7.348751579138070988e-04
7.877234333864107903e-04
8.927849973290839921e-04
8.360557202418836481e-04
8.519083310586244868e-04
8.011754026038845830e-04
8.352076640949750034e-04
7.439134053460636983e-04
9.303182745679812720e-04
6.830526437704781883e-04
1.019468144344497012e-03
8.694280861224481464e-04
1.078938349277069279e-03
9.753455853630882627e-04
9.012527407075907049e-04
7.275147498586216621e-04
7.391705844417738791e-04
1.189160415602581516e-03
1.324789323768337922e-03
8.682619915401884429e-04
1.068680712296629469e-03
8.304201136060701972e-04
8.034859172550383585e-04
6.541184177014630185e-04
1.281415632398730112e-03
1.348217863734830048e-03
6.446720819996573865e-04
1.492100018273271678e-03
1.089404624281440975e-03
1.039536889655698695e-03
7.616528531800493195e-04
1.414181697851523128e-03
8.944303986806583515e-04
6.359484561828140751e-04
7.856043022387926636e-04
2.030448721475366664e-03
8.589619220732753633e-04
9.774717720396077468e-04
1.959300176270291956e-03
7.223714758754515384e-04
1.064761639500872619e-03
7.510522424186396239e-04
7.846406738300151914e-04
8.623834310418560575e-04
9.035236452111382495e-04
1.312374044854927113e-03
6.846841999070402141e-04
8.167830288949535578e-04
1.272350134785183665e-03
7.986436788334857649e-04
1.428503219639654358e-03
1.309863756121326444e-03
8.165347012048222329e-04
7.057792334811604238e-04
6.372519913226890043e-04
1.039694900873505213e-03
7.958394712730248446e-04
7.583837965551940442e-04
1.091383391384501220e-03
1.541878399038323433e-03
1.015420428541088200e-03
1.239615491417844252e-03
6.754403368577729288e-04
9.750112838530516522e-04
7.801406778958521046e-04
1.620812107233066514e-03
1.006497473528418811e-03
1.010210226651284864e-03
1.073448889300097171e-03
1.541647617790584471e-03
9.230850250270454613e-04
8.265830196256148104e-04
7.838749310286485415e-04
8.565979981402430500e-04
8.747398731391136653e-04
8.964185158808410381e-04
9.982221567870106730e-04
9.689669542732327326e-04
9.195680481505108701e-04
1.037030825470696988e-03
1.918501404548799165e-03
1.073803160608253386e-03
5.958583837105595280e-04
8.424204575870444019e-04
1.632106757467812136e-03
1.325053273100273163e-03
1.584486746180651306e-03
1.245480706960152076e-03
1.036989757267859844e-03
9.516820795971313220e-04
1.515209172710356217e-03
9.608324472963106731e-04
1.032601963177674515e-03
9.222541282923838336e-04
1.998143269022938442e-03
1.944310453517142769e-03
1.625877883318009847e-03
1.202062852987152101e-03
7.016981067031239326e-04
7.022207321277181870e-04
7.902719635881712192e-04
7.104583741266345866e-04
6.942588943313381588e-04
7.551662921429352091e-04
1.017010173745641621e-03
9.139317379406175631e-04
1.943290736830021771e-03
7.078410300405428221e-04
6.422800965039094203e-04
1.421781105180112015e-03
9.306725126959637098e-04
1.351668422762841758e-03
8.765003271145678553e-04
1.393206809749098201e-03
7.687759274766565358e-04
1.935572403893940849e-03
1.012604254125571345e-03
9.317048747445580339e-04
7.160794470244721257e-04
7.136774551414251091e-04
6.746406001055403525e-04
7.093671013751455014e-04
7.703878088877000752e-04
1.303416971262112787e-03
1.699448192498462370e-03
8.660203901168262190e-04
9.038336662671871916e-04
1.105165977775545609e-03
6.195254189333227130e-04
1.629104536938501182e-03
1.132688685200098451e-03
9.967079370704293867e-04
1.286790242188650540e-03
9.712874521682497144e-04
9.893505865851664593e-04
6.820902356817607794e-04
8.404747434240283010e-04
1.139409256992794531e-03
1.034314348376792628e-03
1.110303238736264466e-03
6.589092632617825481e-04
8.477725311322041905e-04
7.350941130783542358e-04
6.373018257462643912e-04
1.352018239581207057e-03
1.199017316799558730e-03
1.993498290280788787e-03
6.249181086208300184e-04
8.753310530409270365e-04
6.534840361861690445e-04
1.165457948024968158e-03
7.138926544816891553e-04
9.148053410952134692e-04
9.681286847473935097e-04
1.035896266553858972e-03
9.248222608896723360e-04
1.351224909147274002e-03
1.171618966369178177e-03
9.810900857642797929e-04
9.287377452104572618e-04
9.288239429508308694e-04
5.920975816303535597e-04
1.058888329737726289e-03
1.222857027867942916e-03
1.111238297490089490e-03
1.068520830357164641e-03
1.032980264037832796e-03
1.113154908951224714e-03
6.430375786773114217e-04
9.905504708508133978e-04
1.805751448736370082e-03
8.574177673298192257e-04
6.593606082076900517e-04
6.881426593300743553e-04
7.085633777964570404e-04
8.634234848714517898e-04
7.101214511415876018e-04
1.391965523385193040e-03
8.050507049104762072e-04
7.342826266360245923e-04
1.340914422553685309e-03
9.148984900082118843e-04
8.654206691067594650e-04
8.950339568804742104e-04
7.419697258948576611e-04
9.349575066655902746e-04
1.409404416355911072e-03
1.902034224692200105e-03
1.303483040318811252e-03
8.647712976955761622e-04
8.228645931578232884e-04
5.974270101527983995e-04
7.641259264227967052e-04
6.279496377264919904e-04
9.364662707519511887e-04
1.107413519627645400e-03
8.602163627418825571e-04
8.918435803393146011e-04
6.090571481110903206e-04
7.213243528690354992e-04
9.140321778186546097e-04
7.842566499149363152e-04
1.449943822607274160e-03
8.848006856351479802e-04
1.523932963288918011e-03
7.219545647062843583e-04
8.601382581469433665e-04
7.871724792120618963e-04
9.531504687121450988e-04
6.142459501842790484e-04
6.879442417094587753e-04
8.424208697810412188e-04
8.847609053831369036e-04
1.148583408047718774e-03
9.065519503428846968e-04
7.765922059851341087e-04
1.028897037930608278e-03
1.111587190525360931e-03
1.782872680960292293e-03
9.285558273367911604e-04
9.032807511976546563e-04
9.203908515376588422e-04
9.012956472172454917e-04
6.353186753647409703e-04
6.855921824727492092e-04
1.002141948040230100e-03
7.969902790327883279e-04
9.662774027675737195e-04
1.437743188106401339e-03
1.663887746093436993e-03
6.809455185501837697e-04
7.724830901459193988e-04
1.339932577980412938e-03
7.150537725409267372e-04
6.539115180588520775e-04
1.032184513212532810e-03
1.761754140721016795e-03
6.083970178925979895e-04
1.972458516888814153e-03
8.571345016191334477e-04
9.785829935342971273e-04
1.154635460579603095e-03
1.060055980510260509e-03
8.137497904786698301e-04
1.150574003027760028e-03
9.275930962043582757e-04
7.097446325724069988e-04
1.109514545275837967e-03
9.476813542423718952e-04
7.232983105903819038e-04
6.667826331080269281e-04
9.047561581731519264e-04
8.703806920541379798e-04
7.323602107277799944e-04
8.334832102598661472e-04
1.232277475288073593e-03
9.086633392308389326e-04
1.516499360978729909e-03
7.622532202206834398e-04
7.760845560302138610e-04
1.037753373158871841e-03
1.100297200868714971e-03
6.838999302969071825e-04
6.341762850994899902e-04
7.163688563979083140e-04
2.145667541922845548e-03
1.003764078609369103e-03
1.796540943681673719e-03
9.749764622501075600e-04
9.809698208166255443e-04
6.139725936642979063e-04
6.299687231816975333e-04
7.451380784939675176e-04
1.302622385378844313e-03
9.756480864478234757e-04
6.780569215261700571e-04
1.159937851060247873e-03
1.342474730331292155e-03
1.060059576323663403e-03
7.435198693638224617e-04
9.862454167347467146e-04
6.917653312339692908e-04
2.176047651452563299e-03
7.491695526446550237e-04
7.458291407651686635e-04
1.527452632719858384e-03
6.874945425409846600e-04
7.505205948967987777e-04
8.732475573974441286e-04
7.119604535564193985e-04
6.608189080531015440e-04
7.268917894464291436e-04
7.692519535944603243e-04
1.177487667600922959e-03
6.567329832187272873e-04
7.025125858303469866e-04
1.675829035523640227e-03
7.668586309891966928e-04
6.973288287792333813e-04
6.599415889876704194e-04
1.399800094088717809e-03
1.355301383193180473e-03
7.259327097416827307e-04
8.394454421544043140e-04
6.727783345587360362e-04
2.485527492809354484e-03
9.353326660672139524e-04
1.088175157945696055e-03
1.253489441543092662e-03
7.009902819950957539e-04
6.502442543826568834e-04
6.586952002179594480e-04
1.242942847733957603e-03
1.124814583722305973e-03
9.108757859247517200e-04
1.703497162292607519e-03
1.975674152764445805e-03
1.561224161044774900e-03
7.854301605484406918e-04
8.094272117223973596e-04
6.813544032916016204e-04
7.331447054943040619e-04
8.508666394632444360e-04
7.262892727515048380e-04
1.032481206039654762e-03
6.179997424291676670e-04
6.254620916426414153e-04
1.144966471294611926e-03
7.342016805039978510e-04
7.535964862030316517e-04
6.134267304216065855e-04
6.552446460843559676e-04
9.273237605218962983e-04
7.322404153419874700e-04
1.471069966604384186e-03
1.075899235173533594e-03
7.413992429409054646e-04
2.040795540671906314e-03
6.588443326907704499e-04
8.150539089115434047e-04
7.544217684546906336e-04
1.199217975971161127e-03
1.042174426592640431e-03
1.370488999159140625e-03
9.957409976274552051e-04
8.809846800902909614e-04
1.129640705797585855e-03
1.852065114874400752e-03
9.260946413740992573e-04
8.716901451950999184e-04
8.127576266082106289e-04
7.172466546096919159e-04
1.016602029380736906e-03
8.645446085446154916e-04
5.989725122865711526e-04
1.748314220179024480e-03
1.012278872240715121e-03
8.184963245563170887e-04
8.715412606896523560e-04
8.748184606234340067e-04
1.348120846405056897e-03
1.062711382078686219e-03
7.208460922718741993e-04
8.782300221534002343e-04
1.105683479632139444e-03
6.904398025317063942e-04
6.542044559913353209e-04
9.807725950246133292e-04
1.635380056632867096e-03
7.734318157360843549e-04
8.012872381601950436e-04
6.959561069979494164e-04
5.994377097344807948e-04
1.147079298630985893e-03
7.219263536464784340e-04
8.954939735211910968e-04
8.957764436723799056e-04
1.192671528559229770e-03
1.072849967600936942e-03
8.262589106375655334e-04
5.877684380357946084e-04
8.728808166483432735e-04
1.141764207844944571e-03
9.171541628695773028e-04
1.289887654756769397e-03
9.590718207826276617e-04
2.874871513999300784e-03
7.164842556101017491e-04
1.136497321952816605e-03
9.017001858504747292e-04
8.234288013762433231e-04
1.269644655000303672e-03
6.575670146688627647e-04
6.101137778004038547e-04
6.823963297924984760e-04
6.909515663443285089e-04
8.889603227798362249e-04
7.206686267715828147e-04
6.763031685461714376e-04
9.278370792764072030e-04
2.347417306940054182e-03
7.452760776856849362e-04
1.111882217712451167e-03
9.683158672664483012e-04
8.165534532344386138e-04
1.427830651819075218e-03
6.904107554140705150e-04
8.518675010571874614e-04
7.327436939909864238e-04
7.898952551403842825e-04
1.037202677834889002e-03
1.083440451720504502e-03
1.061779608109701591e-03
1.415428274114207069e-03
8.890037250352273573e-04
9.313623826266238847e-04
1.136525617802802398e-03
6.172461507191543935e-04
9.886909225345595631e-04
1.194871530072863551e-03
1.479675287877204454e-03
8.666577543247403186e-04
1.027045543571456811e-03
8.215077288447139321e-04
6.804622131347894988e-04
9.120314013302510377e-04
8.531289961063006147e-04
9.882252681179817203e-04
7.795718055911259872e-04
1.227348870981389726e-03
1.034541781923705188e-03
8.906375026833790844e-04
1.006747309161223859e-03
1.346967795073896823e-03
1.094026118459083801e-03
7.774236151715391025e-04
7.723950790119394000e-04
9.830768158917142611e-04
1.087903742215331386e-03
6.734410589418239612e-04
9.424141650627019303e-04
8.935700958773160670e-04
6.929105120273286629e-04
1.457860142231575101e-03
9.461768464738020377e-04
7.688983152714351076e-04
1.411331082916807795e-03
8.928663609180106193e-04
8.897756666727566974e-04
9.729096054352878329e-04
1.503548527249224699e-03
9.763908757337206147e-04
1.611886803315312365e-03
1.091726846692603510e-03
1.064181861474289238e-03
9.289053531608349379e-04
9.591395246231218747e-04
9.109959900509912237e-04
7.465824935434599817e-04
8.280669806226681603e-04
1.029915697769052127e-03
1.089132204108727133e-03
7.419519272204582079e-04
1.801751409584626505e-03
1.299200763536262349e-03
7.274114586638837478e-04
8.786322940219127870e-04
6.970431210284033915e-04
6.814011572918022945e-04
7.821260409678947251e-04
7.059145482359140003e-04
1.351116862329549426e-03
1.023483508361652198e-03
1.059913624160964234e-03
1.085786826708973673e-03
8.935837260624886549e-04
5.958065584189204192e-04
7.802448590286307053e-04
8.437671192385450773e-04
6.822581015205704189e-04
6.280475683734249980e-04
9.970215362270840650e-04
1.096015023318756094e-03
6.672680241012110937e-04
8.229226197648848318e-04
1.042059762952623732e-03
2.464840200859368027e-03
8.256876796643523300e-04
7.884832227691192111e-04
1.087774323742555669e-03
8.116907803736982813e-04
7.085645724306319356e-04
1.265948537407120137e-03
7.673395549995861310e-04
1.407189437860823650e-03
1.236762965429541840e-03
5.842590024700543847e-04
7.101289714035451421e-04
6.276355753352055606e-04
6.699170873638846981e-04
6.339555943153464589e-04
8.469555184883034368e-04
7.641487983140772544e-04
6.856544234079649984e-04
2.042981575616371545e-03
9.756896836511098599e-04
7.711766926387368833e-04
1.364728675643114321e-03
9.568633795381870826e-04
1.066012992149701667e-03
7.967983573003665229e-04
8.890887056966775360e-04
1.624779081516303713e-03
9.223067512956001834e-04
1.009495468777787432e-03
9.187049359833493163e-04
1.254909192728106493e-03
1.370530924703853215e-03
6.972797198618615024e-04
1.023689049866754758e-03
9.017713103403149659e-04
7.764373445797092144e-04
1.089247205069906587e-03
9.996517225337024116e-04
1.032359378796737521e-03
1.023862528838120596e-03
6.338658581802844886e-04
1.094021503585813817e-03
1.181522402905542434e-03
1.176205534303266173e-03
1.158712344781061884e-03
9.458115442006467463e-04
9.923645706065322130e-04
1.012209369810021173e-03
1.328174283141954001e-03
9.569531725212173344e-04
7.266927916131058233e-04
9.926837816732817215e-04
6.752494268991523661e-04
1.178497299220745758e-03
2.246784703382714420e-03
7.205362647100206413e-04
1.087713347819329246e-03
9.246321149694963727e-04
6.437287775209690364e-04
6.954500989521497688e-04
1.067603323650204812e-03
8.876704367980653996e-04
1.258170864456478700e-03
1.300443062327101464e-03
9.513277475557322359e-04
1.124987511045307670e-03
8.620278628861126249e-04
9.937376417038855207e-04
7.110218984411754550e-04
7.918512066502552760e-04
9.338278628754664206e-04
1.177437299532739252e-03
9.869179041853944415e-04
7.170168736955169833e-04
1.127421086804415631e-03
1.023979040300178724e-03
1.321133486250513321e-03
9.326687342675925784e-04
1.102341023134822138e-03
7.983766174185551396e-04
1.114789448115363971e-03
6.705752798292081681e-04
1.431800365696332157e-03
6.512650336572762318e-04
1.052038369122302317e-03
7.510823432117874707e-04
6.866187024069965580e-04
9.918730218376745674e-04
1.064443803826828220e-03
7.151766599919008507e-04
7.558932496720474625e-04
1.240150932985310730e-03
1.034627283496771617e-03
8.903118863895543873e-04
1.109346565162135610e-03
1.001423532226963006e-03
6.821388337583715817e-04
1.060729444864008534e-03
1.403405222186222693e-03
8.863944764275342352e-04
6.723062591714981835e-04
9.348568344531528115e-04
9.110466254988844499e-04
7.356704157212415112e-04
1.220345984033230835e-03
9.479903867108219022e-04
9.686307479800702978e-04
1.026949384937232571e-03
1.133953039059903576e-03
1.676923026042072664e-03
1.508109092983385847e-03
7.412569902981484219e-04
8.991250675033466300e-04
1.368659049974928210e-03
8.534975227768081072e-04
6.760232943256923874e-04
9.398267527701263408e-04
1.428325006167771409e-03
6.365306861175285208e-04
7.213830379991804367e-04
1.415428418983162876e-03
1.490867587320162009e-03
1.076700962770213476e-03
7.068183637680391365e-04
7.714567626424097355e-04
1.126034854754817205e-03
9.050911448152843420e-04
1.051178960311365635e-03
1.040947306160973276e-03
7.642695625490869950e-04
9.880841106774493777e-04
7.813648203252235433e-04
8.776309192069922183e-04
8.917254647400283665e-04
7.190008954880871325e-04
8.973674059515202722e-04
6.440386844407425693e-04
7.751556125105680097e-04
1.517794880813476020e-03
6.839257831238266866e-04
8.259348330433118057e-04
1.012073432768798714e-03
1.073359527661544091e-03
1.111489859426911158e-03
1.008042863109348325e-03
8.623732001130953026e-04
7.830806711925870954e-04
8.705528811464844675e-04
8.544390464184033239e-04
1.113364941744788205e-03
9.475243808671310634e-04
1.240002489482360708e-03
7.684139365650651020e-04
6.783698438742263121e-04
8.350245300253522412e-04
9.722810064503143194e-04
6.446155768380942928e-04
7.033578816828183833e-04
1.351015318868137955e-03
9.116102366831641511e-04
7.941341572390394395e-04
1.084970929109568133e-03
7.897977985950128867e-04
6.810449725891528847e-04
9.892886922980949956e-04
7.162102304135211641e-04
6.660857656953871574e-04
8.141920951511500207e-04
7.469880868274940584e-04
8.680629176299301149e-04
7.119860960338807816e-04
1.956888569987086119e-03
1.020510420944554901e-03
7.839215157590004269e-04
9.973314652239018922e-04
1.177039433611766668e-03
7.119454712603180560e-04
7.705714432134711921e-04
1.662244986689457357e-03
8.056424824818448098e-04
1.596920945222253920e-03
1.155981267937585249e-03
1.224831580647171630e-03
6.850799292940442818e-04
7.971350441313589715e-04
7.635725729711915566e-04
7.192770933891150633e-04
8.164290071104578651e-04
8.769395668254840927e-04
7.357950310749371368e-04
8.907507308912462288e-04
5.958866590811747344e-04
7.653069270514826659e-04
9.926146298719659526e-04
8.538933157898175724e-04
1.213390889557858536e-03
6.569447995958816030e-04
1.301164112882438693e-03
9.283216326854220289e-04
7.862421064072147841e-04
1.230442024012318386e-03
1.790971693701085866e-03
9.815236417125168793e-04
6.515626120222405655e-04
1.057748701130435242e-03
7.960194885634006966e-04
9.958860847820388915e-04
1.450131705264690735e-03
8.275444966437798568e-04
1.082667581262039850e-03
8.773883615506639696e-04
8.961122887664001299e-04
7.261769144591627249e-04
7.898580356748808543e-04
8.110877488792910938e-04
1.429893943403769824e-03
1.293777950760536350e-03
6.639820258597643353e-04
6.399413673595195310e-04
8.879473223178115885e-04
7.912476990353282339e-04
1.200829742977382571e-03
1.270445142266451695e-03
6.726638963516624837e-04
8.938787166294277515e-04
7.767611126035432962e-04
1.432636819056900797e-03
1.517796643774805025e-03
1.815595837892694606e-03
1.569754451040137992e-03
1.238978428875754743e-03
7.707791138483698328e-04
1.204747263459523448e-03
2.579611607499719683e-03
1.250763118629090497e-03
9.695893998977739422e-04
7.084629498660829049e-04
8.603193833320849472e-04
7.777318766821335024e-04
1.675360698138047893e-03
1.660800435325899280e-03
1.068757460431086093e-03
1.283804435847632876e-03
6.735112368395962303e-04
1.243511194061662885e-03
1.253069222113872101e-03
6.669354136298609502e-04
7.504354121785549933e-04
7.032920869163213637e-04
1.021882355264266138e-03
1.326914647467567843e-03
2.355823064744330068e-03
7.855850188552584946e-04
7.453389549125563748e-04
6.685413869354184203e-04
7.490628098106437730e-04
9.375199722139024219e-04
6.455945624800619705e-04
9.971215284261276263e-04
9.938514256732542632e-04
1.355298163471889243e-03
1.407686740352133122e-03
1.644945471673792993e-03
7.307968945310309820e-04
6.032313491095097182e-04
9.659891736266614393e-04
1.188803698633910267e-03
1.183118272323102800e-03
8.678654033197345970e-04
1.636441372425904766e-03
1.075896389123048250e-03
7.958150360662702601e-04
7.191177956862646178e-04
9.971866212738860185e-04
8.131487234661679154e-04
1.006969407351330972e-03
6.897962058179058029e-04
8.719155771955349821e-04
1.137672029926668944e-03
9.615406700560551146e-04
1.154651333315271896e-03
1.285505801429350555e-03
1.045305928210786290e-03
1.421605246021852677e-03
6.364067683546885271e-04
2.032483950957832304e-03
1.483215989330311001e-03
9.229965396243425355e-04
1.099501186021951005e-03
1.901200487827249541e-03
1.518469022706608234e-03
6.871287553081263308e-04
7.554383981493566777e-04
6.816416316369176571e-04
7.322244408988868051e-04
8.388215776243554758e-04
8.224114724239562886e-04
6.643637214189927493e-04
6.515261812445241997e-04
1.241708155573516964e-03
6.370701409472626477e-04
1.227377550311724123e-03
7.610737625891220810e-04
8.261265481891052727e-04
8.428833487349801298e-04
8.015805969345729315e-04
7.153945438863768555e-04
7.994820626743328598e-04
7.763970802799503986e-04
8.939258352902423052e-04
9.578816613919331367e-04
8.997447338115572646e-04
9.584140191616436150e-04
1.535026900477146723e-03
6.617128581429533541e-04
2.461442739689347417e-03
8.513552934018457164e-04
9.340804637179041378e-04
7.603035164733729003e-04
1.170348086101746267e-03
