5.598945600323333499e-04
7.163922044056696310e-04
8.109224987093718124e-04
5.916069276725165497e-04
8.962462704798502796e-04
1.060755428059620333e-03
9.300886293594548809e-04
9.831881372091959021e-04
8.428745873969316262e-04
8.176784922608389301e-04
1.356002651550483737e-03
1.376459728449440541e-03
7.104083764337588850e-04
2.751209477440442336e-03
1.530970152453134305e-03
1.070203384253597730e-03
1.189877873866938005e-03
1.269375449957962920e-03
8.696225326337244689e-04
5.988304500678140289e-04
5.941832536918417035e-04
1.362013262841731912e-03
5.758926002851302460e-04
2.654360827455456723e-03
8.446638592334134235e-04
1.107158671901367457e-03
7.900382856397213625e-04
6.518876752785409583e-04
5.647369504377105576e-04
6.604302186975781041e-04
7.675592726451139656e-04
1.042988730301115923e-03
9.129566769855553205e-04
5.970758141803009494e-04
6.543739506602407182e-04
5.329790835169771063e-03
7.204453912403764723e-04
1.868781083828410707e-03
1.057910630327638189e-03
9.680945502462420891e-04
8.552846813970832809e-04
6.017145727365355449e-04
7.232967266046350834e-04
8.112756309926757265e-04
6.604640911344628615e-04
5.746214224036966418e-04
5.984930190332543197e-04
7.191511346680062519e-04
5.789481202985355922e-04
5.568598279182602508e-04
6.742210247763165453e-04
5.775352051582744893e-04
1.022685742891856712e-03
1.235145403744932662e-03
1.288492787832382904e-03
7.941941490065357540e-04
9.825089321359883974e-04
1.312092717414452226e-03
6.395412900427364456e-04
6.434630380943840268e-04
1.012542426376377086e-03
7.013144074948778756e-04
6.427765761067930897e-04
6.549527940186410796e-04
1.063065276324705061e-03
1.476734003945550863e-03
8.467202964406563351e-04
8.761787698468411411e-04
1.222761687329157292e-03
7.004366020281495818e-04
1.163015597832540299e-03
5.870240197452488481e-04
1.041222786794291678e-03
5.929383094888571702e-04
6.496748586623072056e-04
1.138450400225986302e-03
1.142756392456805532e-03
5.838297148043216462e-04
7.357360379736124995e-04
7.457003790846173947e-04
5.877822761882060040e-04
6.336655866249497329e-04
7.178746958412168594e-04
8.868949100614961561e-04
9.259277626977619347e-04
7.871122734837174111e-04
6.691491226132430855e-04
6.740477659167650078e-04
7.711745883945532540e-04
7.377536754062335002e-04
1.202235634630542194e-03
7.342644435154859362e-04
8.597415758630931257e-04
6.611097814418764873e-04
1.223775474387255252e-03
7.953999485167217824e-04
9.082938315208601010e-04
7.258112479269514640e-04
1.329130889186721631e-03
6.074925510903141741e-04
7.047684369657478045e-04
9.787296218087633472e-04
1.023848398845272076e-03
9.270658266593514605e-04
9.163739080574711789e-04
1.240506059516000362e-03
6.862082523936639117e-04
5.581903913613878165e-04
5.868807814476483626e-04
7.897955842804943579e-04
6.684149649199631459e-04
9.955442573559595762e-04
1.231213518493829784e-03
6.883018196085333813e-04
1.922943783649733521e-03
6.206344208942397161e-04
6.853716168682784035e-04
7.667318896537690448e-04
7.374798172600973561e-04
6.237425460053142500e-04
1.025235644109361542e-03
9.246095848803348753e-04
6.156131808808881648e-04
6.305522186689481185e-04
1.492158310667922750e-03
7.794141204658924446e-04
8.693420017636732666e-03
6.134793428717411979e-04
1.117805750467249469e-03
2.316511664904789044e-03
1.377381974058026082e-03
6.475795232814919372e-04
7.105777787461618452e-04
3.302679602879692554e-03
7.870163990202865131e-04
1.050705402457135628e-03
8.207993608635853105e-04
1.269668036375652329e-03
6.677175308657236309e-04
1.712166446659230861e-03
3.524041654235829032e-03
2.656605939987694703e-03
1.917285848384979799e-03
5.997245346257524612e-04
5.912165943453372543e-04
6.260740513232848246e-04
1.697407820379511455e-03
6.883610755227581503e-04
1.525963414503167873e-03
9.468788753450153948e-04
1.309306852386170859e-03
6.166709006124253918e-04
6.030637474449203382e-04
6.898726772031909963e-04
1.091754965764390019e-03
7.147822488419604530e-04
7.251172206644641892e-04
5.709434911397887492e-04
7.483819032686947611e-04
1.052076961841144805e-03
5.822241827833598464e-04
7.294596439322001066e-04
1.017173926628252767e-03
9.289730056462050045e-04
7.775609029282970746e-04
7.400424864939502681e-04
7.407729868819077929e-04
6.002955649243567901e-04
5.988067274705524516e-04
6.170742848132391902e-04
6.115093827062747546e-04
6.346634195253331385e-04
7.850594199836897049e-04
8.214831583546254416e-04
2.111748603328910366e-03
6.498013123050482313e-04
5.800766662457536695e-04
5.457443683181558390e-04
5.618934531731345928e-04
5.514514608565523586e-04
7.701688909534634610e-04
6.331274267049968960e-04
1.532878988752789818e-03
5.616226546989315808e-04
8.752455525629943564e-04
5.606079280682783363e-04
7.770881996236210162e-04
1.814780286951066636e-03
7.896275348700539489e-04
5.792426699323779049e-04
6.906153705980446573e-04
1.551212438029720298e-03
9.055129946678905058e-04
8.491171888461409092e-04
8.598055720253755790e-04
8.196149693328376061e-04
6.984611406792071544e-04
7.123019672056179336e-04
6.803103844076768564e-04
5.883069596841067339e-04
5.596546890830173503e-04
1.709632108759562112e-03
1.440156204662906359e-03
7.908074516946462379e-04
5.668844827707576446e-04
1.239079826215300738e-03
7.776351139026448480e-04
9.498914511746079986e-04
6.878358285688392212e-04
6.402245946201739557e-04
5.634962224529801089e-04
2.239824609803166364e-03
2.513235407351931648e-03
5.925934701311930727e-04
1.127317595078670878e-03
1.019866583824275514e-03
5.622720189896257895e-04
8.176169286342448725e-04
2.049578480826638304e-03
1.116966050658518231e-03
2.549875573651947183e-03
7.983494759708552411e-04
2.403043066965707391e-03
8.895513244551746766e-04
2.091387893258642074e-03
8.905153200834090314e-04
7.208227702374382607e-04
5.767448817880914576e-04
1.183438714301566011e-03
8.318073002868658482e-04
8.503779469034286392e-04
1.070886701599106129e-03
6.981432481358317878e-04
5.926761767973646056e-04
2.523501435199445534e-03
6.006112737434160910e-04
6.366332793461955365e-04
6.366258750569681133e-04
6.604742907892718722e-04
8.324024182384149196e-04
4.524483623447031130e-03
7.172852078281548738e-04
6.299180272562613031e-04
6.185905178249436484e-04
8.149445423677951616e-04
6.950115063436833893e-04
1.827030515359474817e-03
8.607670174837058017e-04
8.722243187109046756e-04
7.143289034538742891e-04
3.531309938347896617e-03
7.555372392111382295e-04
6.086886190243194581e-04
6.528693800646648933e-04
7.951904266446047174e-04
1.096719590215955008e-03
7.281394047428394389e-04
1.202016858160316441e-03
6.425814301928139136e-04
7.807760665537438055e-04
7.852936119469649482e-04
7.025392403552880444e-04
1.125650813688324359e-03
8.625594279773399209e-04
5.791139721197225256e-04
8.139557974071036676e-04
7.476134796009457082e-04
1.350338385822316125e-03
6.570272911271543082e-04
9.758027059892055788e-04
1.048848204457972699e-03
9.583572661021451606e-04
5.535654971523599728e-04
7.644379775479231151e-04
9.496232850089710931e-04
5.605351812316938494e-04
7.923746433317669681e-04
8.701589214624850903e-04
1.006947533135015959e-03
7.864414648246657652e-04
2.597971316847752163e-03
8.285566192375307592e-04
1.172874543064701246e-03
1.013446724658546806e-03
9.293760524225240993e-04
6.431301220712896038e-04
3.242540898772325580e-03
1.032311940303229977e-03
7.967680976981963200e-04
7.250677250701848030e-04
6.138218019449864001e-04
1.018591677582388532e-03
1.204079031452872468e-03
1.089524858794651196e-03
6.320924594216509014e-04
6.934921334063999477e-04
1.335038792591353206e-03
9.824189485607163954e-04
7.961073364319981452e-04
7.933415993604870558e-04
6.075124635314581648e-04
6.673966677135198967e-04
9.886871224230877556e-04
1.006088161317762785e-03
7.362530381762523880e-04
1.141774468430208599e-03
8.889830408694616602e-04
7.030758122174687917e-04
9.483481403770335728e-04
6.843748497790817006e-04
5.951814433885455708e-04
6.891205373626861294e-04
7.892902247955535912e-04
8.215781274082686143e-04
6.174631225271920779e-03
7.169108284159508198e-04
5.683788609026950781e-04
7.607013712258770986e-04
7.885626815336291501e-04
5.811517182784988736e-04
1.808783631378678078e-03
8.501953384598765406e-04
1.696901729469106872e-03
6.576676282348257237e-04
1.187982667407198271e-03
7.146679260455024267e-04
1.404667256736455731e-03
6.871097024490045464e-04
1.190424140094268907e-03
7.873793301470301004e-04
1.492880042242039108e-03
5.760624401511001526e-04
1.427307725359697058e-03
1.282853327223081128e-03
6.179563958165761473e-04
8.993122749958947469e-04
6.816350992557159393e-04
6.273811591716002599e-04
3.601197776907198722e-03
1.792129956020239697e-03
8.704349735875870769e-04
5.597848636948584908e-04
8.360174387912271913e-04
1.168257139671094154e-03
5.731460622853926275e-04
1.675263796582079348e-03
8.539410509195787631e-04
5.821870740896913738e-04
8.421870094258537527e-04
6.240694711965686248e-04
8.971722431248336420e-04
9.066637983904400665e-04
8.448690574296680543e-04
2.115495345279664891e-03
5.955471402173066059e-04
2.022626943065145531e-03
1.439195393597035057e-03
8.555255960857043344e-04
9.759276280119257973e-04
6.351865613339360795e-04
1.007171656631061221e-03
8.766801373094876889e-04
6.491239363549085794e-04
1.337125335151653598e-03
1.407950268160698118e-03
9.462927130529622151e-04
1.565862416380529344e-03
9.196440641206403898e-04
1.644803085430934265e-03
1.626110808844030871e-03
1.418083540076655377e-03
7.995343459221651182e-04
6.080133961537398249e-04
7.962737311384615255e-04
8.088382967570728914e-04
6.717928922983902812e-04
8.173323080071003346e-04
2.276427532497503261e-03
6.040956620638983018e-04
1.232220827669611466e-03
5.993353609264895354e-04
5.625261379644994585e-04
7.073709688211708832e-04
7.177942991258392299e-04
6.015045862976999436e-04
1.291115127559882810e-03
5.925339947278758209e-04
9.828804797313850372e-04
1.433401506982993293e-03
1.040324252892860755e-03
6.153468655808803141e-04
7.761321046465114153e-04
7.711125640017917884e-04
6.052109607320597853e-04
6.651519650335396263e-04
7.536464041864054421e-04
9.225153943964837329e-04
9.654187613187401517e-04
1.326562601858807030e-03
7.746462701941984321e-04
6.564508428728083782e-04
6.822407009900507014e-04
6.777111407621910777e-04
7.496795596010550049e-04
1.241363736706625710e-03
2.472064276344051320e-03
6.089117892678286769e-04
6.865770016764007272e-04
1.228742659131931659e-03
6.630890292623615838e-04
5.736232741158080618e-04
5.687715269922536884e-04
7.351398077632581877e-04
9.382168191629826348e-04
6.343854180527753453e-04
9.665740302139525343e-04
6.426412107557886912e-04
6.339455291828378653e-04
7.813453982677431332e-04
1.515908008735393107e-03
1.271927133590794630e-03
7.018601828977620452e-04
1.498578493586288571e-03
8.316782001415593331e-04
5.421095999082844357e-04
9.048290536177119479e-04
1.471393806490820617e-03
2.823866683981829905e-03
1.670072839763255771e-03
5.991657200758055421e-04
7.427509257557318679e-04
5.894353873695949752e-04
1.179605361797513626e-03
8.594875186423894852e-04
7.100678207209278406e-04
5.647235668363614252e-04
6.898198570197000426e-04
6.043280874291434655e-04
5.822396707672625009e-04
6.676866996811462633e-04
6.706842243159373031e-04
2.110785589038551881e-03
1.119321340386963352e-03
1.535584334608362279e-03
5.876849046101634624e-04
7.621766346591869008e-04
1.832491103576599232e-03
6.604768134175675789e-04
7.609662558820619229e-04
6.263744064831051677e-04
6.806187884000614030e-04
9.306963720282674128e-04
6.605239241554324015e-04
1.110851916538940169e-03
7.773165367907934652e-04
6.799692372125360667e-04
5.700222554384863334e-04
7.479587483800376928e-04
1.257387830644155239e-03
1.923291938250482882e-03
6.308671574244076189e-04
8.825138193758618908e-04
7.383938269904938290e-04
1.231558084611865042e-03
9.982651047331656327e-04
7.606498696948692500e-04
6.832465552712475854e-04
1.906212083909755240e-03
9.667170617628642127e-04
5.806551985499081936e-04
2.213866378852240909e-03
6.553632097475317955e-04
7.469346314034956648e-04
1.284775608455456311e-03
6.631499671358426868e-04
5.757185772799352456e-04
5.839174006444614951e-04
5.479626272199152569e-04
6.286409379405109290e-04
9.992292501691379253e-04
6.525382804018016372e-04
7.446394445015675628e-04
5.785459613947655259e-04
7.663073883422653887e-04
1.144817843785660930e-03
6.185732652731779644e-04
9.491314191613177192e-04
8.542405041274355772e-04
1.138801396068764423e-03
9.942878004188403143e-04
9.271099934533110062e-04
5.888921782350095818e-04
5.895464142962219319e-04
1.423239805208547813e-03
8.746256709769046483e-04
9.793521965027482748e-04
9.172094000823451760e-04
8.665822201425744898e-04
6.260153954104102003e-04
6.953291378081600214e-04
6.725303958742525007e-04
1.089039254970861244e-03
1.317547526092741495e-03
8.921481965803215166e-04
6.553902836137385579e-04
8.917814691233571503e-04
6.494262164238866642e-04
9.420990175967125600e-04
6.159246054170348711e-04
6.976675308792338161e-04
6.235537938789387138e-04
1.222202953217744895e-03
5.824671062743884105e-04
6.709802306015468128e-04
6.693082662456947309e-04
7.149340525589509754e-04
5.554310272798994785e-04
7.785695480447488029e-04
1.067937702325739806e-03
6.945785650798340025e-04
9.464185673646526324e-04
1.232831370324206617e-03
6.406109085567607579e-04
5.727799268237353117e-04
1.619951693656320650e-03
6.539199039109486796e-04
1.314410573561987372e-02
1.689070379267130920e-03
1.260783830274646257e-03
1.024548639776811515e-03
6.913982454832388489e-04
7.987366624689441535e-04
2.265165471135149530e-03
6.610645091045572836e-04
1.625762404416661614e-03
6.209883923388914619e-04
1.016406160034211224e-03
6.585904891113319700e-04
9.655162637516333029e-04
2.173407859355548557e-03
8.431210616733119181e-04
1.111086613100386276e-03
5.812505961873848945e-04
1.521762274237238675e-03
6.174942498441393082e-04
1.359779975463186116e-03
6.426205498943313469e-04
8.467451484602024495e-04
1.129823443113624638e-03
6.509457020138420189e-04
5.997078477916813633e-04
1.075716228691391343e-03
8.759613317369928810e-04
7.569983104513729882e-04
5.690873507349447982e-04
1.103138962486475754e-03
6.203897669446532381e-04
1.053496405724595100e-03
6.693653576001790681e-04
8.499081390566533669e-04
2.615542095707097843e-03
7.213575870302698246e-04
1.048151761096449957e-03
8.085806829641513111e-04
7.499076654703356985e-04
1.662623697589941984e-03
1.664915823313847321e-03
7.488083626423717564e-04
8.823962123771918143e-04
7.914731595398135462e-04
1.005173381934433780e-03
1.105824720218591406e-03
2.385613841296485137e-03
5.810031759343207893e-04
4.198263806641168612e-03
1.777360682306200002e-03
6.132915809682297622e-04
6.887350497712385611e-04
6.116439647425902159e-04
7.748291869589696724e-04
7.141438488835675884e-04
6.380654932712191696e-04
8.130357901199447698e-04
1.108365077366662167e-03
6.284646025418954120e-04
1.118422421304700754e-03
7.062722146596408417e-04
1.551632492792303763e-03
6.886726496390205114e-04
6.327016352828605502e-04
6.167672030755085022e-04
7.129269655815040872e-04
8.046157036308988330e-04
5.584353755110609691e-04
6.021590832155225862e-04
6.913683743313013465e-04
6.517967072723069698e-04
1.961204925494775247e-03
6.959317622599672792e-04
6.119453895225909637e-04
5.889837915740562570e-04
6.541310333043636772e-04
1.490045671001112701e-03
1.299776188168946236e-03
6.883992041040343669e-04
5.791148453758638605e-04
1.223116894108644548e-03
5.613962096136307367e-04
7.235439331963753121e-04
9.289788425218255350e-04
7.614316390135120486e-04
6.923249416027778659e-04
5.723136682980506547e-04
5.649401978215589336e-04
6.938813609531634423e-04
2.686279678682225620e-03
6.494743586481839959e-04
5.761454353792236881e-04
8.329492643469421599e-04
6.867579159002708527e-04
1.635579839441890634e-03
6.674785188852197255e-04
1.089917753870065908e-03
6.583404933180630374e-04
2.245372377305535593e-03
7.627595083092038710e-04
2.024733502797262073e-03
1.546886458406648499e-03
6.374222505759015098e-04
1.016326131260855605e-03
6.342801773916709922e-04
1.112757467959171439e-03
1.148441844948690921e-03
1.365903502907936991e-03
6.682134047859006202e-04
5.870921215714965721e-04
9.464728618085079806e-04
6.824536257170022661e-04
7.039431352368968279e-04
5.651422939883234088e-04
6.143596530638787767e-04
6.644905124669896364e-04
8.118630757560364427e-04
1.677116367771324659e-03
8.849875247443428697e-04
5.880380092928285882e-04
2.310058699863777425e-03
7.063082294527680931e-04
6.387404770926694616e-04
7.748694109539256986e-04
8.790948671639645193e-04
1.700359349029028581e-03
2.203535258397335602e-03
8.245922755097501817e-04
7.521538630740622847e-04
1.423272293268097906e-03
1.048877069073391247e-03
6.718539518408147507e-04
1.258357531706102419e-03
7.063229198132018466e-04
2.079344559715724187e-03
1.031821535151994590e-03
9.375598987743763478e-04
6.246341132566300908e-04
1.277785992538302013e-03
1.225799670968689102e-03
7.109674587413194113e-04
6.861760636479672520e-04
8.761742065253825878e-04
1.325695122365249008e-03
6.806268435177678265e-04
6.074666137861685659e-04
7.116781027355982255e-04
5.583011169238768102e-04
1.805604076375139002e-03
9.302262981841146958e-04
6.710453621013008716e-04
8.688422041075435703e-04
9.378705715575666197e-04
6.224051824949521214e-04
1.397433334066983503e-03
7.386265585498431353e-04
7.697386804530112741e-04
1.088976475715838430e-03
5.675343998358271715e-04
1.285397362187943888e-03
2.102838029373044898e-03
6.967191055121821569e-04
7.221688109758393542e-04
6.081741911526499780e-04
1.626998427956556853e-03
1.352754636982886642e-03
1.017034209441110065e-03
8.548187409759269110e-04
7.825977653896953098e-04
6.013872005605575216e-04
7.305909982567763234e-04
6.982537387431093532e-04
6.659302749589478786e-04
1.695386614351371756e-03
6.215354765098224767e-04
6.663298013443879914e-04
6.049431594731553147e-04
1.046160289572147266e-03
6.421227796056847665e-04
6.189349983794162693e-04
8.120828987846151958e-04
6.005739119703031731e-04
6.509082953791601057e-04
8.792525372138014017e-04
7.153586196363140781e-04
1.048303342857354265e-03
9.497702344246896841e-04
6.963847406587905711e-04
1.152251191531200591e-03
6.209581768806675698e-04
1.666749168151851522e-03
6.462230628111762052e-04
1.157072224754322884e-03
8.839411794252515246e-04
1.187111505596690408e-03
1.505477630393422432e-03
6.193913323868269986e-04
6.790118687975531947e-04
9.130921549269588539e-04
8.872672464796162997e-04
1.208608281158657458e-03
7.486256249559323237e-04
6.561282285251235922e-04
7.234914090720239105e-04
1.669800233868971428e-03
6.294300047723327528e-04
6.673786303054683473e-04
5.576273753759885318e-04
7.723621291703554716e-04
9.934612992037188291e-04
7.911955795493100891e-04
1.186426881773759451e-03
5.548366414770243430e-04
6.837776216249763159e-04
1.021310556698186130e-03
3.453752071840418200e-03
1.565305494925442334e-03
7.224068939243857759e-04
1.181081983792088000e-03
8.680057691584218849e-04
7.429176653475854600e-04
1.118162992252663733e-03
1.035026268697410981e-03
6.283578166355160066e-04
6.245109716634537943e-04
6.626287725732743017e-04
1.259010460407558075e-03
6.680428704937833775e-04
6.796211625369499810e-04
9.433948803085293738e-04
8.931286025582680158e-04
1.329544279880036893e-03
6.461259039082555347e-04
1.737437018839122415e-03
9.687042079781937225e-04
5.980620575674149269e-04
6.868361617339538341e-04
1.225694984062342726e-03
9.066226476114565887e-04
8.666276038955893733e-04
6.237484623040589994e-04
5.833840422929643206e-04
6.853911263716123232e-04
5.860183671257060281e-04
6.725835476598656260e-04
1.075033170232832366e-03
6.284572480178600646e-04
5.957123902061245511e-04
9.032612272704522785e-04
6.151550187292236177e-04
1.013087911361331642e-03
8.122275964930999233e-04
6.952296640338100422e-04
8.494793167599161378e-04
2.083787878040454719e-03
6.370065646864154314e-04
7.042033834029401808e-04
9.614945649606746175e-04
2.014987672972218084e-03
5.833550456643940606e-04
7.752253441640369423e-04
5.929918443803733081e-04
5.801867234694232630e-04
1.075635128000931168e-03
1.368588131343122802e-03
1.135116524479410889e-03
1.435871822482081379e-03
7.448025040909073916e-04
6.104133022383235324e-04
8.322892850123059108e-04
1.261962534188359498e-03
7.015991286475907517e-04
5.991790834113855770e-04
1.240639430614794885e-03
7.697858056480675086e-04
5.491867711045108746e-04
6.655820465050879325e-04
6.824841378020049618e-04
7.204648051573052814e-04
6.679261698948099190e-04
9.869703358883943466e-04
9.840065317509580963e-04
9.200595019938542351e-04
4.391825601223236369e-03
1.864700087496269729e-03
6.576010526037368584e-04
1.399898767368468796e-03
1.270709206712454303e-03
3.718321097654665730e-03
6.641373852818661721e-04
5.732983559324709684e-04
8.303188615879682081e-04
5.703026220441983389e-04
6.041956546035490714e-04
7.275674529750224360e-04
5.580257696225118498e-04
7.870483849710999645e-04
8.173441603311995020e-04
1.139154676362136515e-03
8.242106185051526097e-04
6.346807209438806458e-04
6.282926118409409974e-04
6.300520296088374947e-04
8.633013334672873327e-04
1.787112516069943929e-03
9.184229594137156925e-04
7.455965597539537543e-04
6.472683432313034021e-04
1.011064304248356647e-03
7.992715469937638128e-04
7.116993349254007719e-04
6.950654470718975421e-04
1.182024508659668691e-03
6.718073629630263478e-04
6.869122067905725389e-04
1.319058569236712360e-03
1.174529112441423471e-03
1.345009798200700289e-03
6.625155595521824972e-04
6.558305032054286476e-04
1.102187676040542472e-03
9.244381878963687941e-04
1.152620786207463749e-03
1.007231646992923571e-03
7.973039189160857675e-04
6.221790335422907377e-04
7.566896882928810832e-04
8.592628764640562397e-04
6.827536192245540385e-04
1.200378713042727285e-03
1.212153615136934114e-03
6.961428511195687750e-04
6.404464992490742923e-04
6.746602128654468353e-04
6.760811861945302060e-04
7.040632730449359429e-04
8.900716723700141404e-04
7.169609382234397961e-04
5.427919841841352721e-04
1.439612705478918392e-03
6.749043611499934165e-04
7.972137940580868200e-04
1.187854483173266494e-03
7.506273306291612237e-04
2.328161663483103126e-03
6.234093363995687987e-04
1.007644877680616584e-03
7.792537102266360082e-04
5.659565051440373310e-04
1.060240288331905281e-03
6.441404297645716634e-04
7.157390951562859127e-04
1.028207978241201534e-03
7.726041525329880623e-04
1.057086974028108870e-03
8.656917314983738829e-03
1.782965933510884549e-03
5.849069785621171342e-04
1.141585700493848990e-03
1.025104192633193891e-03
3.063002483936185395e-03
7.890533593791368644e-04
1.971705209026845991e-03
6.331930490809258407e-04
8.272779212700680056e-04
9.368639434592524731e-04
1.460382168377737403e-03
6.818407830671481974e-04
8.036032081510718558e-04
5.560472051886715525e-04
1.037500552741118295e-03
6.490138176517628536e-04
6.309306629308687612e-04
1.014097767954899153e-03
6.510447864662969632e-04
7.345128041828218870e-04
1.362644208649132788e-03
1.570188172606646346e-03
6.481153186856702985e-04
6.814838639111298968e-04
1.273402854761239520e-03
9.878174897259752590e-04
1.188707678710603996e-03
6.213226917319570860e-04
6.793434385402951194e-04
6.174692468334675582e-04
6.196892690564371597e-04
6.412420976578918482e-04
1.127547228017533251e-03
1.158598488216129466e-03
6.931713144538051386e-04
6.038084371256015066e-04
6.198145672056515863e-04
2.934309437897630012e-03
6.191105177192767102e-04
6.016090022591505685e-04
7.376835970775774210e-04
6.959365417079716376e-04
7.324533401955160604e-04
5.520109991241135437e-04
6.081971064455192737e-04
7.316191002794677567e-04
6.357305516168903353e-04
6.719343283877428959e-04
1.365980335562905082e-03
8.562744188643167664e-03
6.000247153315569010e-04
1.110259346757788007e-03
7.219880348908261358e-04
8.919210452383090305e-04
6.730504939207609689e-04
5.885327756062944766e-04
6.891829404447108107e-04
6.356406675586930358e-04
1.235289661295292489e-03
6.118963777886007611e-04
1.312049644339469611e-03
7.539462763767686062e-04
1.566662737827018799e-03
9.142323535124598222e-04
6.984958356881882865e-04
1.378847929645856708e-03
6.359719613701479181e-04
5.897044412449070714e-04
6.094121864379221064e-04
7.550176855410794955e-04
7.005572379699437531e-04
7.258741797787330750e-04
5.751136559149317784e-04
5.658831233797554034e-04
6.156002173391495001e-04
6.196611966613611074e-04
7.222775551372637506e-04
6.956384165451028230e-04
5.685013635778727887e-04
6.748511757024203530e-04
1.505685383072562699e-03
6.376904930757180609e-04
1.165603560541094742e-03
7.815670436374110063e-04
6.422473782426147250e-04
6.084265442795090684e-04
8.137674110282402690e-04
1.288919814559563162e-03
7.649121896525939469e-04
1.039889282206846437e-03
3.590492137735425311e-03
7.890051907979232088e-04
1.085055691975324614e-03
6.727945023493842004e-04
5.660138661869073325e-04
9.700421990871120918e-04
6.116635644129225693e-04
6.801288442172432084e-04
6.067738456153265805e-04
1.626360575269818415e-03
9.295800151695958859e-04
5.880366230308837257e-04
9.433822529429103116e-04
1.053278419969809736e-03
1.509242552131561006e-03
1.072871027617757454e-03
6.743702244595110732e-04
7.360871703206792876e-04
6.846449755420399306e-04
1.255330311816521636e-03
8.720136296067892718e-04
5.889013656804834712e-04
9.338899196679152030e-04
5.572090417980505054e-04
7.735755648036930516e-04
5.778111619846679897e-04
6.455087597702929446e-04
6.865224587480922049e-04
