8.568740648262729298e-02
7.230501027420098425e-02
6.916102653139556689e-02
7.271490583988284018e-02
9.776750334241691986e-02
6.085104733742493360e-02
7.661938561914999335e-02
9.555676721025818665e-02
6.991379611777553960e-02
6.157069513677131123e-02
5.342509034290485875e-02
8.930094523573535448e-02
9.576174932082064106e-02
7.925938580131708378e-02
7.607238927599155320e-02
6.857657435449732164e-02
7.619861071493373716e-02
9.129814822070042579e-02
4.258035078469973866e-02
5.726604608815987624e-02
6.420185362287952890e-02
6.641741495554433217e-02
8.153698843884862879e-02
2.721189706287948512e-02
6.439034057477127648e-02
9.068287844231955053e-02
5.099115162384525862e-02
8.366163988427111065e-02
9.521248479527319453e-02
8.837179918802443024e-02
7.491018086702243284e-02
5.577265334238665911e-02
7.308440186820812368e-02
5.180113198166801103e-02
7.051273743636553293e-02
5.571886432390529831e-02
3.281160385305970095e-02
9.222820207768774037e-02
5.322910113633327195e-02
7.162030725456176861e-02
6.910633485128572784e-02
9.446252289629414323e-02
4.984119059639308125e-02
3.470944723526436099e-02
2.122869421983406002e-02
5.457887239470869678e-02
6.948462325074364343e-02
5.883260580767770559e-02
9.968585191716762550e-02
5.325538660132349972e-02
3.385224666850084052e-02
5.791598634617960151e-02
7.054721900075387742e-02
8.433221374187276076e-02
5.517591581845036897e-02
2.833293465523670923e-02
8.182389257744873690e-02
6.801189055630149638e-02
9.078143390490839293e-02
4.755916238192983009e-02
8.499847104661202579e-02
9.743578646802043830e-02
5.758959276230920382e-02
8.236982332152792408e-02
5.967755629427833053e-02
8.231862818402130300e-02
7.583039644948198765e-02
3.415520476148055373e-02
8.984509649265726150e-02
8.307546209817244509e-02
3.675063244193178119e-02
6.895224149573152272e-02
8.337049702089445458e-02
6.340963897378139313e-02
9.873455670872705037e-02
3.602041523894662645e-02
7.021078964863813887e-02
9.051377875600313816e-02
7.686880611760546489e-02
6.326712098823453201e-02
4.780612063408530565e-02
9.891672415882055147e-02
6.083709589098446752e-02
5.403284898222427551e-02
9.266063875341884470e-02
8.469006069050186158e-02
6.535955216122604772e-02
9.680284080183045037e-02
4.034363605520362162e-02
9.119326630006335810e-02
8.786253920452104238e-02
5.666834292029181153e-02
7.899384516994580052e-02
9.836248610396684799e-02
7.950480119493681663e-02
5.291051078691306336e-02
9.803387186614016813e-02
9.429930286179739884e-02
7.696673952697215271e-02
5.647076134718138907e-02
5.284003584251381613e-02
4.227503674536655515e-02
5.767807344855799961e-02
8.088000458996802422e-02
9.476490762202990914e-02
8.295771010888947083e-02
7.416368473722352583e-02
6.821581270337841174e-02
9.219236608769375285e-02
6.418498866951355408e-02
3.525719306248199097e-02
3.276593979349628344e-02
5.992615033840718863e-02
8.332067665826163594e-02
5.065800980718785512e-02
8.874718804290251950e-02
8.561141824882759210e-02
7.700939394016170780e-02
6.569106294639588672e-02
8.602945153036316295e-02
9.596102328572561624e-02
4.725041732025815622e-02
7.157037786557401970e-02
7.318459777644138742e-02
4.430623491479086795e-02
4.886185237620150473e-02
3.371605767624922395e-02
7.197892653765979032e-02
6.716501787647395638e-02
2.567147839516717781e-02
8.205108962415713636e-02
9.287701774575757296e-02
8.215984653354137246e-02
7.537483073940733080e-02
7.130539195110806305e-02
6.433377693714782686e-02
7.918426194372628346e-02
4.086914668825643304e-02
8.012015496667823644e-02
9.114675541213981824e-02
8.576739682225101302e-02
7.956269700821341773e-02
8.430466697056479553e-02
5.694296579598110558e-02
9.234486823570269010e-02
6.551383672236125999e-02
3.231459494564017931e-02
9.678101364459715250e-02
7.462012771684592427e-02
3.729257216100603095e-02
6.015129180380804352e-02
6.950275395180514904e-02
6.329996961439274261e-02
5.930168945004329895e-02
6.812021485250728536e-02
9.819103100050916022e-02
4.029384624625342859e-02
4.004521067173994614e-02
7.183881452657740752e-02
8.873089287718373408e-02
9.482973531591709637e-02
7.211118058829024680e-02
5.075697258167299886e-02
7.567332250028878382e-02
3.316990187510819588e-02
9.533170115148296986e-02
6.208275182718641511e-02
3.445237326246011061e-02
9.548165281096930579e-02
8.838044150942600541e-02
6.886668491138588089e-02
3.137824125641799911e-02
4.309343181928527999e-02
4.007807562119474615e-02
9.457714785896091658e-02
5.712285151498704833e-02
5.804360845352161957e-02
7.620347443605976490e-02
3.964686383376592876e-02
6.350352868564029807e-02
2.915740682439131939e-02
9.799113123899580446e-02
9.733985864425848122e-02
5.953908381833517699e-02
6.622862742408008874e-02
4.382989935054477926e-02
9.400196090866029530e-02
9.206011989453227740e-02
4.073900819406246765e-02
7.765246561257034552e-02
7.411426755183231352e-02
7.524513149570574710e-02
4.006065417656230060e-02
9.242485905091372966e-02
2.959845776130444472e-02
9.995636240341064516e-02
9.144802500474702445e-02
8.948482725481576860e-02
6.491866003829628584e-02
4.469414305701625151e-02
3.186583505949515394e-02
6.808555119360949759e-02
6.199793710004911085e-02
3.190043575339480270e-02
7.132756568416005749e-02
9.513374783562894565e-02
7.552695348509652629e-02
3.324928303959910625e-02
7.626195479302529112e-02
7.776600394470993549e-02
4.874995518263654237e-02
2.318892088309361735e-02
3.861023755314638845e-02
6.196383330055502819e-02
6.634713494790495103e-02
8.706574781105581862e-02
8.500484971454513872e-02
5.728020775542159992e-02
2.977492637139846771e-02
6.987798758186104797e-02
5.072782106382445894e-02
9.570637354339933678e-02
5.182837926348351359e-02
3.955926922200235507e-02
9.226741826250572931e-02
2.757558598290532278e-02
9.359390157811883770e-02
4.644639886147122754e-02
4.970546877389857288e-02
8.794180000062930269e-02
5.804357335112415167e-02
3.043232831893726009e-02
6.293460779480514189e-02
6.800779610921950380e-02
6.548547883713108642e-02
4.523195773668600012e-02
8.252239415912403231e-02
7.718777138023584505e-02
6.084229074533555742e-02
8.828236458463652181e-02
7.993911964351929633e-02
5.093146331184623260e-02
9.836588555733739858e-02
9.963083128782958264e-02
5.285168698671370568e-02
6.427646808801289191e-02
6.116353786261077147e-02
8.894802714663452292e-02
9.585332305882537929e-02
3.697263656140273996e-02
4.729995202881460276e-02
8.467879505160361142e-02
9.519654922988939061e-02
7.767011287104470807e-02
9.535458020124715217e-02
9.509805308956352510e-02
3.876956375191312892e-02
9.501543140496818141e-02
8.964412766971235902e-02
5.250245012361695607e-02
6.816895633700610635e-02
5.337185912115190861e-02
9.502800326243157625e-02
3.372655753702816922e-02
9.461580645421674429e-02
7.403045528715027079e-02
8.446196498311467349e-02
3.400486994822916192e-02
8.398935500685264510e-02
9.365596206993920259e-02
7.956277550052606728e-02
9.188969651944327299e-02
8.635394666958694232e-02
4.497939218193658384e-02
8.464679247775307169e-02
5.041274399028704972e-02
5.706496004775861441e-02
7.832720876335419469e-02
8.159634120210584873e-02
8.145964258593009488e-02
5.274799981916608593e-02
5.978855001472384995e-02
8.977681954045081680e-02
9.173564985884122280e-02
9.260660406467959016e-02
5.990247919863830178e-02
6.464814607497115784e-02
5.353054782318270727e-02
8.558416525072322367e-02
9.681721573050351692e-02
5.910332133838923363e-02
4.759748779553651249e-02
7.279159574110556641e-02
2.237786466239605546e-02
9.128560604227688169e-02
3.387981487762779798e-02
6.598324350961051743e-02
7.527451591277481424e-02
5.512231282540880350e-02
6.740579295891413469e-02
8.039773399220519201e-02
3.572212050348544388e-02
9.777069365789929634e-02
9.810523251140286505e-02
5.279118021161148533e-02
7.560159137534885887e-02
6.158461364019138934e-02
6.917360635471998809e-02
8.835968004779651275e-02
2.786193706050488911e-02
3.271409687750608669e-02
3.335617890609116065e-02
5.030221980454957498e-02
9.107256598958984872e-02
9.340730073792946619e-02
8.373427835644266237e-02
6.243004137959475008e-02
5.752048978364349141e-02
5.125118230935640090e-02
5.943951639443605800e-02
5.754487641110674068e-02
5.208275816200252234e-02
8.683478888727487466e-02
9.606148881356715852e-02
4.977344743192374521e-02
7.614126642740842721e-02
6.013439817319545661e-02
8.376998726218870539e-02
5.987500012772241365e-02
5.250944151826950762e-02
6.875578308234374381e-02
9.801841534061013494e-02
8.137313297752235552e-02
4.041471281308594427e-02
4.427069131700595711e-02
7.851940376885183093e-02
7.224323605832448647e-02
8.695345621800044944e-02
5.215486214376489904e-02
7.721975004361003592e-02
4.601651364777700759e-02
4.410323225178416906e-02
9.738239156027221621e-02
5.135920348668077118e-02
8.077048407140242914e-02
7.238768497596172191e-02
9.537040358078231750e-02
6.560441795119681396e-02
4.592535223243635056e-02
5.481641331059674410e-02
6.724811820163620335e-02
9.914912652888756284e-02
4.592993972776535094e-02
3.112002966510350049e-02
8.266457146506722697e-02
8.266071756497787859e-02
6.158107937025054240e-02
7.335430171919921083e-02
9.269368775959155315e-02
7.256545483723904344e-02
5.788561060924990453e-02
9.145986299019800980e-02
3.670534785573312253e-02
6.283449215238523511e-02
8.031247176253818176e-02
5.238671252509004977e-02
7.458218483271630839e-02
5.831877047314619478e-02
7.109831156525146800e-02
9.625790072407738873e-02
8.811321699517685180e-02
3.246768261866241762e-02
7.588673461247633090e-02
5.487377846108045659e-02
4.978911556516439629e-02
8.811892938264506703e-02
5.960487025537938854e-02
3.420783694020267801e-02
5.790539869562319475e-02
6.437298787909416509e-02
7.574615356480775274e-02
9.539466278841010616e-02
8.365833405260009181e-02
7.602374620208682265e-02
8.560097027958621374e-02
9.286217410295624641e-02
4.933741350786331747e-02
7.245179058314153708e-02
9.053348901054289466e-02
8.874189566407886254e-02
8.268725116919468932e-02
9.355879212190289229e-02
8.906353785194177919e-02
7.826290943362985975e-02
1.757424872944264235e-02
4.367730498728149280e-02
5.926561252557661919e-02
8.184182556767786998e-02
9.533006427366416680e-02
8.867706210811285295e-02
8.369008921624448982e-02
9.886541687006500378e-02
9.728659679864110066e-02
7.434589281117177928e-02
6.423035408524171985e-02
4.628650992204310505e-02
4.615546582062226427e-02
4.385662814601129500e-02
8.836811890213899789e-02
8.241909196702830454e-02
6.819628395269500265e-02
7.566924346292544512e-02
4.904581107459637240e-02
9.568094983309202717e-02
7.557272103215192938e-02
9.201076255737167253e-02
7.299043353110759580e-02
5.993553277698222131e-02
7.431349830740424656e-02
8.960137959361676174e-02
8.804882726575850860e-02
6.165474726767841696e-02
3.243286600834768135e-02
7.554010915757840283e-02
7.654446225253408453e-02
7.297118788012937896e-02
8.017987674624167671e-02
8.295862724189283222e-02
8.373917291023157128e-02
2.279132256506471305e-02
5.989014856956097199e-02
6.279619596828731054e-02
7.054537228727084108e-02
9.588288853603205153e-02
5.641909089340868544e-02
9.798292379641684868e-02
5.021630128717106262e-02
6.734307172942714803e-02
3.578915112238856278e-02
6.653979258294799581e-02
6.588962362733859213e-02
9.465458166750957691e-02
5.360641331331309628e-02
8.564380766397204636e-02
5.649133405066964625e-02
4.047422669837047460e-02
5.719016226310201512e-02
8.221530116693175072e-02
6.614931586106517769e-02
5.754026200473891933e-02
5.106334622041964338e-02
8.688804166841311571e-02
9.775445285542418150e-02
3.965016468380264808e-02
9.241876068348434115e-02
9.386382976246393506e-02
4.932814116990739961e-02
6.217957656263369687e-02
5.084717318936664288e-02
7.691998073455769136e-02
5.317160339907112121e-02
6.226883172750319329e-02
4.585316866027368266e-02
8.472178498442482775e-02
8.880084865795627447e-02
8.352914656407542382e-02
3.308013979251465259e-02
3.657445733900920731e-02
2.472987470254509393e-02
5.418094698772964873e-02
7.707977586593756092e-02
8.205468710612742744e-02
9.283975030509261650e-02
6.164108633108390800e-02
9.524571702558912167e-02
5.216907863967618075e-02
8.618555243117220765e-02
6.117588420519952386e-02
4.832001407317990799e-02
7.467020146392956692e-02
5.028871207652110820e-02
8.099809057861520611e-02
3.167700091613712132e-02
5.517090232507747272e-02
4.920011959984704059e-02
6.706818255141117069e-02
9.706120367465562171e-02
5.186828678236737183e-02
6.795711673560445032e-02
9.802719894880002061e-02
4.256045420470001839e-02
4.907068929078916425e-02
3.142310310643169069e-02
8.812781025101855403e-02
8.173136109582281039e-02
4.760047501363028760e-02
4.665537865180435784e-02
6.288525344539466766e-02
9.476585445616918235e-02
8.694550032609593693e-02
8.189115638340582759e-02
9.566840130703627154e-02
5.386542204101125997e-02
6.977210193701091634e-02
3.031048760798270986e-02
7.813401289005014738e-02
8.649609279218112290e-02
7.610201874608327199e-02
4.428951412913081226e-02
9.326019326657007669e-02
5.127245331824219210e-02
9.647382241334595543e-02
8.590013966745153884e-02
5.486044008280963752e-02
5.582394008180182471e-02
7.362453106635509503e-02
6.408943939767179632e-02
7.734893459554070816e-02
5.590048009333708351e-02
4.862741018582960456e-02
8.313675571418248367e-02
4.623122922763246018e-02
4.633795224783257560e-02
6.141471522742854294e-02
2.485354435773354589e-02
6.754148982407008617e-02
9.800202481819807188e-02
6.165195230536189841e-02
9.330627319410160492e-02
4.603498356676542086e-02
6.124890320913310010e-02
8.340670331913252467e-02
9.777983371180515304e-02
4.959514443309514381e-02
4.864113667926194678e-02
9.354538441588056141e-02
5.387170621653007002e-02
3.562033560078268352e-02
7.558021160067883437e-02
8.146041473266990574e-02
9.986447317735500095e-02
9.792065214825936004e-02
7.163480269089091135e-02
6.885706345887880608e-02
6.053101050706775899e-02
7.935421145103968565e-02
6.678619027829874044e-02
6.811085077040548996e-02
9.812928513868619806e-02
9.269004918532393333e-02
8.456335002492476605e-02
9.482426509775046530e-02
5.597713406596388497e-02
9.862862692950029320e-02
8.088613866936142371e-02
4.342334248347264752e-02
8.546924087257593006e-02
4.429177247071965084e-02
7.969573671085494748e-02
5.550104562374820472e-02
5.519373281385547142e-02
9.327129779036681667e-02
8.784945230220253531e-02
6.968550463864492395e-02
5.525217237163537742e-02
8.134838961821193315e-02
3.772612126477194183e-02
8.094259786925228628e-02
6.708905759320686613e-02
5.499329041704568294e-02
4.126728546243932372e-02
6.811246685620409025e-02
7.555077319724605445e-02
4.886707432639654514e-02
9.920390840074816419e-02
2.246522812746852213e-02
5.721381440746423075e-02
9.910296858258915709e-02
3.001651620894953826e-02
8.763323423412458513e-02
9.080941653572249805e-02
8.338248609563678193e-02
6.718125283633595568e-02
5.915004055448153109e-02
5.622965883913010054e-02
6.838330868093885073e-02
2.916231080412366727e-02
8.568213183122015686e-02
9.537916569524121368e-02
5.738590901719647919e-02
6.383566478707083935e-02
3.663172789745557101e-02
9.733354902916274698e-02
7.456471425792442209e-02
7.540523134107790515e-02
3.000406873344588915e-02
8.371313930277074489e-02
4.217135776681013581e-02
9.531840031273355884e-02
8.629261323962346408e-02
4.859000994808929108e-02
7.014641340458108165e-02
6.133517798287996259e-02
4.517890960805354822e-02
8.167272109705116245e-02
6.742663728372472187e-02
6.248239273796258458e-02
7.374497312278958938e-02
3.627595160064894797e-02
4.020060980960410424e-02
7.760014055902966779e-02
9.723702513443333029e-02
7.490436251127249867e-02
3.617549660335862838e-02
6.155873285506802822e-02
3.988089124083732395e-02
7.199357227385329294e-02
5.560954050363270396e-02
9.070789848428459368e-02
3.880132421040885515e-02
7.723280680200203530e-02
8.569017841729575924e-02
9.314626001806974864e-02
5.787124591468405937e-02
8.410799348220227012e-02
5.769760908096405877e-02
6.505708572624924191e-02
7.182962342630876129e-02
7.468166920111647678e-02
4.343282480489845526e-02
6.922985801276410056e-02
5.212483025841929685e-02
8.387308368328677544e-02
4.640448212073475243e-02
5.480074979382827671e-02
2.625628410016721259e-02
4.231331851783498577e-02
3.631076213934691932e-02
9.739212894337549720e-02
6.469276796139608599e-02
8.865751030269718169e-02
8.356332885862476079e-02
7.580444576684609859e-02
8.212154749333029635e-02
9.482837992583696696e-02
7.843937107294420008e-02
8.820840171948077235e-02
4.562015382494855054e-02
5.618872573204671678e-02
8.981943005643240607e-02
2.920750313424341077e-02
9.179333627194950773e-02
9.992969259658296410e-02
8.821038695053511069e-02
6.099174736436607791e-02
8.398264839413495386e-02
2.180660493190482441e-02
8.239578404175219861e-02
5.314486018655056876e-02
9.859088833068513358e-02
5.128503718518796772e-02
3.558212912734092653e-02
8.865066079827788048e-02
7.187105829277171121e-02
7.646613896708258362e-02
3.784615896996856160e-02
6.088359825641650319e-02
7.598752632638254567e-02
8.775558105527667130e-02
4.218525947506120838e-02
9.506820054584289026e-02
9.337066672268271028e-02
7.011802501720570957e-02
7.815526164351847827e-02
9.682324282249618608e-02
9.974302024951593737e-02
4.530769973720816940e-02
8.477948661593315283e-02
9.253260289834215613e-02
6.198757733251626656e-02
8.493375019489607380e-02
7.687171421367043622e-02
3.402070765319348267e-02
5.077300223642762511e-02
9.293483866191165621e-02
7.647375527958782948e-02
4.106855973567145879e-02
7.585855931539467467e-02
5.150293493628285008e-02
8.133267026824635149e-02
4.075988959757685659e-02
8.393848482256127674e-02
9.356860263415299472e-02
6.141014744695311861e-02
8.609874393494297562e-02
9.203613473570861070e-02
6.875198731151667408e-02
4.549839334491176390e-02
4.078322240414441330e-02
4.550216757807488965e-02
5.749287056723303979e-02
7.315592177693996945e-02
3.757645742787217580e-02
7.239850510587282628e-02
5.197899430296691603e-02
6.460682607011435097e-02
3.573944343317322220e-02
2.335959910542256823e-02
9.764211833718162981e-02
3.781278894351780551e-02
8.051383715539033037e-02
8.603382338346059199e-02
4.630739909945259802e-02
3.863905625303644398e-02
9.827206355761355927e-02
8.947969509043551817e-02
8.306403873224268986e-02
6.200561124850109684e-02
9.514368069755557711e-02
9.357265164877237584e-02
3.617021140837987231e-02
6.168709004271635127e-02
7.819207257810378842e-02
9.091597890869024257e-02
4.987890642007532932e-02
7.566149776806539717e-02
9.610869922299704327e-02
4.488519417290568608e-02
7.152457208274866363e-02
7.138508160788989421e-02
7.165670141941131444e-02
7.994619189238999502e-02
5.482040016916651243e-02
9.205769225419874191e-02
7.860530634497787938e-02
7.259894995519614036e-02
5.522887807722150211e-02
7.210422433098853667e-02
8.094521688789677039e-02
7.189978878822513020e-02
4.972116143369533642e-02
5.444255308829949042e-02
7.947424186483940944e-02
9.512261264656385329e-02
4.132392865444003277e-02
5.442163740427165969e-02
9.482768819548427486e-02
5.140568204964507393e-02
9.711563908810734447e-02
8.083782307667462808e-02
7.016396784524812913e-02
6.649018563303853158e-02
5.778323928438778428e-02
3.560361760807115999e-02
7.659765881698372969e-02
4.363561430955139459e-02
9.547882379570346578e-02
7.158408715732923755e-02
9.572509644364954329e-02
7.608375286547630623e-02
5.780982251561804508e-02
4.561440617165418016e-02
9.660798361306226212e-02
7.761409003954740371e-02
9.782685605834177955e-02
4.470310567873087698e-02
7.181293162817541098e-02
9.643972447612499110e-02
3.469959320452389168e-02
6.143686897262796986e-02
8.461570167154165711e-02
5.180652947098601108e-02
3.784953266684074752e-02
5.585328205567845206e-02
4.786003635763311226e-02
6.215021662107272915e-02
6.195311154883551691e-02
7.861546730889752699e-02
6.950255255650338027e-02
4.630346754170522328e-02
8.235854344078186173e-02
4.436357445561655427e-02
7.872296735448137961e-02
9.983572662582727852e-02
9.367567436312465579e-02
9.001819077901580812e-02
9.725786317419979343e-02
6.131665817985253175e-02
8.861252684430859228e-02
9.351426983134714099e-02
6.630766829589468392e-02
5.773855368874356714e-02
9.701879493491530337e-02
3.631966880403097314e-02
6.255828222499207336e-02
6.776641393594401430e-02
8.121530729074273591e-02
8.202634854213951277e-02
4.533791228912902732e-02
7.757833614332008965e-02
3.716492754513242569e-02
6.719774120519234062e-02
7.625151883719498425e-02
8.364278519400662748e-02
9.676452855853404089e-02
6.620704133927614310e-02
9.429147421774208837e-02
8.360810573506365084e-02
7.920707865272473558e-02
9.178773776115453642e-02
5.840634731069380831e-02
4.215350831260735592e-02
8.821525756676031060e-02
7.878831135555787457e-02
8.072500167862435572e-02
7.921863570373012531e-02
5.823827013538709907e-02
6.052906693838089325e-02
9.186031034171493470e-02
7.365422062286340610e-02
7.035630739444137527e-02
8.610855414434642752e-02
8.841029044442139107e-02
5.383540272430227536e-02
5.262124240912943729e-02
8.023386895606084146e-02
5.909527138746173414e-02
6.185936456073938550e-02
6.697290973661432223e-02
6.308253829131180157e-02
5.003422630559301032e-02
9.566456732560917053e-02
4.601388480882200732e-02
4.356295502755774818e-02
7.509330918392270737e-02
3.346680498835110512e-02
7.751398375267733176e-02
8.706215195725991451e-02
8.110725339620854235e-02
5.268209580293149730e-02
6.155626478299765225e-02
5.262135829758030764e-02
9.272357565864612627e-02
5.407305415144610106e-02
9.421353360017206691e-02
4.009805338119874080e-02
4.822708882989833190e-02
3.580436605789785037e-02
8.891855051489681860e-02
2.721702490386536388e-02
7.251578944285107242e-02
6.929098753922399712e-02
4.415594213713383565e-02
9.529610213606128089e-02
9.414914866283409511e-02
7.445909234102231211e-02
7.665715595490636691e-02
6.620541763984141848e-02
8.122362118029874400e-02
4.938696939625634302e-02
5.862558693758250505e-02
5.632276867103246792e-02
4.996655452647905810e-02
7.287516563493623423e-02
7.426431669236586985e-02
8.081202901398275296e-02
8.799372976376909627e-02
8.850436059897355545e-02
8.803214955733512648e-02
6.455366171384470386e-02
5.147932410732745240e-02
4.750905995554500355e-02
4.660191043930591442e-02
3.731044170257065418e-02
8.209059048959145566e-02
7.594626049815121627e-02
6.644762554242661379e-02
3.970603924867870116e-02
6.248972803148915983e-02
8.089957330469804697e-02
4.928845684388636489e-02
8.884082136529078411e-02
6.110088881730085103e-02
8.427001864468759706e-02
9.790878349241552425e-02
7.578537039345006887e-02
3.655383881146435227e-02
6.911633682939478940e-02
6.436079294813989993e-02
5.108689678870187434e-02
6.016036578749710262e-02
2.490647712629988006e-02
9.859421246851957088e-02
9.911396823246948484e-02
7.144786921770865384e-02
6.414149768621789371e-02
5.464072935179675045e-02
7.316497557065487767e-02
7.544877399515007022e-02
6.450166972678664234e-02
7.148724109469388466e-02
7.633352783306002198e-02
7.886167917116894410e-02
3.929379326441678755e-02
5.545743712161967098e-02
4.864546236436909782e-02
9.135597719230843794e-02
4.648757952618265410e-02
9.975517606271482041e-02
5.124415184701967829e-02
8.355876743940460205e-02
3.642477187639095448e-02
9.942095265127481873e-02
5.359520391529321026e-02
9.241751748072656036e-02
4.020160078712094881e-02
9.314960206766809137e-02
6.392858557378505724e-02
9.232741539891516080e-02
4.106458137687311188e-02
4.319080286876989666e-02
8.369262601782614941e-02
9.371817445832818227e-02
5.944447178886962113e-02
5.494412793944632861e-02
8.896245955907096381e-02
2.723315770628487523e-02
3.272654777750531874e-02
9.847089321363668157e-02
7.478261642962726052e-02
5.736070239152384065e-02
5.866919190844896437e-02
9.251949411424710557e-02
9.368771133527811767e-02
4.709108013899063888e-02
8.399463131492147794e-02
9.501481936114060389e-02
6.198946213293426294e-02
8.010592544752623279e-02
9.710998326064596009e-02
6.273459486795442130e-02
4.454329181305896612e-02
9.939441236944104863e-02
5.264099321114084490e-02
6.150787772805670767e-02
9.124907518366820458e-02
7.256132520236611982e-02
8.199560246008394393e-02
4.573659492861759102e-02
5.757885486920990420e-02
9.470279672486717204e-02
7.437871204063935260e-02
9.974328840363426429e-02
7.771598323621581317e-02
9.031506116826400199e-02
6.315724531224910232e-02
9.145934100575593695e-02
9.331582032425224382e-02
9.265414125245576005e-02
9.347195139564747068e-02
7.796035211483384741e-02
6.504965641617968530e-02
7.959398911454161618e-02
3.874716603652208352e-02
8.538239796079345745e-02
8.878113896166960062e-02
5.798627849744050766e-02
8.554342953478574763e-02
8.037347615584509997e-02
4.804297619035863276e-02
6.734587697683525054e-02
8.140098710964009665e-02
3.684693542101528246e-02
6.223850884724248939e-02
7.156956793721065690e-02
9.509010410025155180e-02
7.130682640452043475e-02
9.709926881915562080e-02
8.868970996483807601e-02
3.513401515612419451e-02
5.947191061470206291e-02
7.505351304058566209e-02
8.435802098757290424e-02
9.020828203926919975e-02
5.706777205726285690e-02
8.556029651507643385e-02
5.987989006844854356e-02
6.660995505346735401e-02
4.379068253659254562e-02
7.565038789418980503e-02
4.902307719883627901e-02
4.993467541309536822e-02
9.072945250225726566e-02
4.672776135700919958e-02
9.492194332697288794e-02
6.059199185801794618e-02
6.340808601145025980e-02
8.720893689671142812e-02
7.346453315513727655e-02
2.340326279040546784e-02
