1.101977447316555836e-03
1.313137278474018612e-03
1.012692701427723345e-03
6.242274934258547391e-04
7.098419050116349781e-04
8.860777111515442082e-04
3.352924042823199162e-03
9.667577037222258377e-04
6.803485414073128608e-04
7.693105919289309385e-04
6.452994287889525895e-04
1.157822502624378073e-03
8.873670925674488402e-04
9.677020226229452642e-04
8.950654281913920755e-04
8.435192244087772991e-04
8.717607846756454931e-04
8.144375995507795694e-04
6.109995166669110597e-04
8.326703119140824345e-04
6.689492168059615928e-04
6.551683418478271986e-04
7.207288823652657208e-04
9.957145618157139336e-04
1.234818096522939321e-03
1.196189857997719376e-03
2.444337734221212026e-03
6.770932590216145177e-04
7.423299973315306347e-04
6.629704374887606354e-04
1.159504752278137140e-03
8.127612895642362563e-04
7.215991452058429694e-04
8.271155419381904074e-04
6.867588059156000835e-04
8.419900564156988614e-04
6.156109960432431605e-04
1.256614921889037412e-03
2.072422958404211007e-03
9.232417486222003556e-04
7.632186488261723375e-04
1.238332755286287697e-03
6.324380337906630083e-04
6.258419236815268008e-04
9.428704647521025288e-04
9.219574248114231763e-04
6.978918961251901832e-04
8.225119882456448763e-04
1.332419015338294922e-03
1.696478358800118050e-03
5.982880206922982320e-04
7.297118647210099323e-04
7.243932721657016932e-04
7.683316772619789474e-04
8.050911123687106569e-04
6.648087967042856823e-04
9.696953253203547665e-04
7.729885947224710918e-04
6.586922283871531579e-04
1.200775981287229488e-03
1.414134766464001909e-03
7.762524398496375684e-04
5.958337217318068453e-04
1.049430857048530737e-03
8.977203186024547117e-04
6.035730995421874703e-04
1.255359628968583325e-03
9.520318001818461233e-04
7.281803509241983755e-04
1.565479916393801600e-03
9.870194242923738086e-04
1.772858625184528915e-03
7.791322333133976616e-04
7.911831033818402968e-04
9.087793225109396878e-04
8.442849598022112833e-04
1.062999022618929101e-03
8.236643260531605927e-04
7.736759407009593300e-04
1.205640577739565183e-03
8.869423674709740529e-04
6.901679540688519104e-04
9.320026758978404349e-04
1.047167774339134803e-03
1.293515948678834564e-03
1.074972722125000632e-03
1.280402585790604538e-03
6.511958006321737604e-04
1.299663138164576081e-03
1.403822814728713413e-03
7.935303680829550394e-04
8.557072906732570957e-04
6.899522650149847534e-04
6.435188294334642269e-04
6.452859285037617233e-04
1.239984074255203080e-03
7.871159708912184565e-04
1.079578732686817776e-03
1.286412803889386931e-03
1.004518018180974555e-03
1.092088294812811706e-03
6.255184480962044935e-04
1.267079540055937852e-03
8.688178961476978506e-04
7.327477757379457319e-04
2.782014491473424212e-03
9.330191528171278680e-04
8.368028083359912300e-04
1.061438822972493807e-03
1.393045423052526261e-03
8.971122431887588837e-04
1.348848545777710716e-03
6.171703145763290715e-04
9.982440674045260989e-04
8.211214131206443162e-04
6.106360340380026811e-04
1.410642479789071682e-03
9.277205306527379390e-04
1.125618070548141652e-03
6.056344214111952957e-04
8.324508815326923158e-04
8.620427167238349422e-04
8.236963763830556454e-04
8.649642915026875154e-04
1.580008707539874496e-03
7.853324426679785756e-04
7.024837745999288523e-04
7.028539483625010796e-04
1.091450045101557140e-03
1.209070390235415619e-03
6.412901118046977506e-04
7.041148185561787185e-04
1.624970413807510280e-03
1.016219808278052842e-03
1.042992517420157465e-03
7.417798272720987256e-04
3.138081396183190885e-03
9.418379910117930832e-04
7.261867710171973286e-04
6.678540108214759373e-04
6.646704000220111930e-04
8.431770710932961479e-04
6.921815264046156900e-04
6.366897536760866708e-04
7.271745573522934688e-04
1.880952863882200121e-03
8.387513249667210603e-04
9.275789464578145481e-04
8.667632487064526716e-04
6.231477803337273245e-04
1.041904227944151799e-03
7.223599324500720167e-04
7.887598541952817698e-04
6.101286567411360121e-04
2.278000789218374324e-03
6.225929395276496268e-04
8.436260118916559438e-04
1.051001029028309462e-03
6.255262644142659282e-04
1.177884239409914555e-03
8.115884423559214470e-04
9.617395417033942472e-04
1.053821015145229613e-03
1.481070783732137261e-03
7.883997848512475353e-04
8.002495348431802168e-04
1.188660870545101955e-03
7.799465085786375399e-04
6.540859127702356932e-04
6.568474187520231908e-04
6.748675548945386312e-04
1.560843344906698597e-03
1.543855437685432829e-03
7.435709165350097094e-04
6.011311017067247223e-04
7.001002074412379563e-04
1.391987629950321203e-03
1.189772960173636528e-03
1.217101223047304314e-03
7.591765050955159464e-04
7.022715535868551476e-04
6.354211582229266769e-04
1.359149041995794463e-03
9.938481383933615246e-04
9.207074168238469150e-04
1.327945925900188631e-03
7.648326406024929386e-04
8.176552882546280973e-04
6.397219127446622912e-04
1.424488864597740637e-03
9.112576444209822407e-04
8.440646950229948329e-04
8.641866517500575379e-04
8.401566807800914770e-04
1.196629545926578084e-03
1.540970923260058696e-03
6.610830838157105835e-04
6.353433870195086906e-04
1.226907057297583516e-03
1.252887291616817554e-03
1.286770521492451450e-03
6.066757708328883924e-04
7.858845348889911039e-04
8.978719981644713889e-04
8.450304548690076726e-04
7.763209805134018565e-04
9.335315805774290453e-04
6.271182456273807077e-04
1.298403292528312178e-03
7.436393218339372533e-04
1.033842119763514087e-03
9.076656581699509311e-04
1.136467232794333019e-03
7.594561829295050272e-04
6.346146879096359718e-04
6.834120741200666333e-04
7.373432318658815340e-04
6.777477446209276626e-04
1.345224788530986065e-03
6.511330714984515022e-04
1.620183156749982435e-03
7.048475803819164451e-04
1.491799437157693975e-03
6.995200669566345973e-04
1.007132830145779367e-03
1.019385882536748581e-03
6.210397692948641272e-04
1.796761736857584082e-03
9.888936388042768571e-04
9.485793072349964087e-04
8.556143506666539014e-04
1.401075333161226144e-03
6.514341947752301217e-04
8.610628929120407509e-04
9.719510983338899455e-04
6.806279391750506098e-04
1.084108209028522216e-03
9.002845824860302229e-04
1.501105949709552944e-03
7.181582046160505479e-04
8.130690677240870034e-04
1.276945666321270979e-03
9.316186782997279599e-04
7.098858981452364032e-04
1.252545005589737965e-03
1.273360566050457665e-03
1.036995085848475655e-03
6.345039070626735814e-04
9.195031211835276311e-04
7.837237474885949511e-04
1.275351922803886779e-03
6.761771203078166884e-04
6.948614650972671910e-04
6.448400562116713168e-04
7.336936009900725921e-04
8.770478230174953488e-04
9.716875789417999320e-04
1.419884189685311025e-03
1.009199321289605718e-03
7.660895513561244560e-04
1.040603606767009220e-03
1.518006990132553767e-03
1.029489738855614680e-03
1.149434300661200756e-03
7.527257300079949042e-04
7.849635863191390317e-04
1.215145906900811116e-03
6.047136093614462801e-04
8.888439282275061980e-04
9.300128381191096220e-04
9.316654777305318153e-04
4.237251738647576302e-03
9.758112186295019117e-04
7.678623850998302948e-04
6.226884281413382852e-04
1.005076742900791595e-03
8.131398842372006535e-04
7.653643742273988923e-04
5.988574745038225755e-04
6.660702809336652716e-04
9.776804122563803774e-04
8.254526952209715685e-04
7.431802853036549106e-04
2.404199153262431918e-03
6.368876857194825415e-04
1.017123128074787306e-03
8.963668941066081988e-04
2.384588363670521200e-03
6.800333724989866520e-04
1.440928047132388878e-03
9.113307280874117762e-04
7.375507996471566616e-04
6.969185280798877993e-04
9.102624117705963597e-04
2.645258411166881082e-03
1.390745118372011934e-03
8.955611385721499703e-04
6.592207983923512211e-04
1.007914120772814004e-03
1.093607630998908202e-03
1.014222204618126216e-03
7.680284908291883008e-04
6.770617281665541410e-04
6.329383708786975350e-04
1.753140409912362337e-03
2.013722554362315509e-03
1.023491862385719113e-03
7.927441384910403161e-04
6.832429797970665346e-04
8.567434715149915272e-04
8.835863417574130662e-04
7.423344889905879145e-04
1.165947234073770426e-03
7.671502904343729208e-04
1.358678659399140858e-03
8.004493168096172293e-04
6.800184615668544057e-04
6.646974121894015436e-04
7.485805968288540167e-04
1.158965958950653775e-03
1.653164132228782980e-03
8.458151227189149779e-04
1.045409891198316281e-03
7.848424016729224672e-04
1.426916230939997022e-03
1.129746785567665003e-03
7.013269776348334938e-04
1.837577565423087651e-03
1.084795607468640004e-03
8.719216310232113338e-04
6.579051602899159672e-04
1.102115990834083049e-03
5.792032139395507850e-04
1.036426762824264490e-03
8.325648103319409181e-04
7.632204282604123768e-04
2.002192701029878105e-03
1.807463194419891032e-03
7.108313509322015770e-04
7.543503489304665376e-04
6.205184949589890751e-04
6.329737114909668363e-04
1.048705674248278123e-03
8.297837596709943574e-04
5.869775492138622425e-04
9.758271722998451475e-04
7.107925344686011251e-04
1.113201946229721608e-03
1.031170854032340597e-03
2.846477205464399869e-03
1.521681731949952026e-03
1.203817891878377613e-03
5.895588009879063280e-04
7.488064720381746881e-04
6.490199086728361136e-04
2.910938310395877471e-03
6.399389147590159831e-04
9.619537903982083469e-04
7.028585785958632766e-04
1.324910551977781514e-03
6.457525954222918547e-04
6.312874308330137033e-04
1.064482403618643557e-03
9.630603355910485061e-04
1.192422347981673481e-03
1.406363486443427090e-03
8.308742183808419477e-04
6.741505184082134802e-04
7.617925183551463092e-04
8.075700552904455836e-04
6.681927702301403713e-04
8.067810200944343759e-04
7.711748386859354921e-04
6.892617120509810435e-04
7.181011895535391668e-04
6.318562877044497580e-04
9.023213857220782836e-04
5.914892173474493387e-04
6.274176325923570916e-04
8.011897304257608937e-04
7.064389292081729591e-04
8.898936722508204392e-04
1.929102372253488048e-03
7.865508651959477729e-04
7.688161627906559209e-04
7.739669496398356901e-04
7.540368329405144421e-04
1.068479718628124672e-03
6.225239216202262506e-04
6.648083137475583378e-04
9.065157603933228416e-04
7.280722131886235111e-04
8.755864857250909286e-04
5.941334062503102458e-04
1.075973125917524705e-03
7.536785589292912266e-04
8.909388574702461474e-04
9.508765187563635165e-04
7.127071632886309129e-04
6.454268932970364360e-04
8.470535579208738437e-04
9.945320760284071058e-04
1.254574379480995943e-03
7.278313183860811355e-04
7.357796481877903246e-04
7.407125462285437658e-04
6.792774078683716131e-04
6.698885298493309623e-04
8.016134716931035869e-04
9.809238751921120058e-04
7.444502900448958863e-04
1.427796059438230002e-03
9.146922503213153694e-04
1.172826072403606841e-03
7.857289707559380601e-04
1.436742884584140279e-03
6.400333771018312367e-04
7.405346919931830732e-04
9.720552712854595807e-04
1.846424944903234805e-03
8.306026648295574549e-04
1.335854703134293662e-03
9.893237654172550369e-04
6.322046470177677393e-04
9.097681860352579801e-04
1.241770802157704523e-03
1.008697159772586676e-03
1.002186824690778737e-03
8.980744581374871562e-04
1.178993589133123287e-03
6.164996556386180028e-04
8.191619956532599249e-04
1.714353158859798420e-03
8.863164330465758689e-04
7.731122307363635622e-04
1.316925103914620438e-03
6.279516576185213434e-04
9.644001557849006274e-04
1.416657002778678748e-03
1.154153970429002991e-03
5.894296438875482437e-04
1.186090354348469942e-03
7.265609105933138693e-04
7.175677384669957876e-04
6.254097197497092159e-04
8.654977683125804518e-04
8.676149637334891213e-04
7.082544137089159331e-04
6.869239880861595328e-04
6.136544585862699136e-04
1.401591104401883180e-03
6.412805796946292533e-04
8.670953702315260109e-04
1.514188396839765988e-03
6.361426401999785559e-04
6.891623318080815526e-04
7.198955094253242084e-04
9.789564458164853010e-04
1.296776441863835803e-03
7.090200791774326069e-04
3.234307077301044539e-03
8.180126075369724588e-04
2.332656456284009500e-03
1.006581735999879197e-03
1.603561244877424853e-03
6.617946626741481398e-04
8.399778801147911571e-04
9.265305621038120174e-04
1.181718166545694558e-03
9.760895668262920379e-04
6.394498971022952779e-04
7.948660881965956184e-04
6.346591016283903647e-04
1.001113233364781148e-03
1.093206814764552046e-03
1.438761054214756805e-03
9.885162497225632051e-04
6.153665844381330918e-04
6.628747994804182111e-04
2.190904895356081405e-03
6.879381304206380740e-04
7.587226630274533385e-04
1.020335460508517422e-03
9.477856177861245911e-04
8.358860380666371763e-04
6.858260120034380142e-04
6.857514439108043430e-04
1.325306344013101262e-03
6.929655992187851903e-04
1.115798980588212502e-03
1.043341774736898913e-03
7.615337308724746306e-04
6.956240823527624602e-04
1.236072484144358453e-03
9.592702938423556354e-04
9.981389632754843113e-04
5.737510049510086271e-04
1.111213603807196301e-03
5.687235016181066806e-04
1.238586000700205589e-03
4.111682149168138095e-03
1.168495220186032465e-03
7.776860706357008280e-04
8.076744569535475706e-04
9.813232939380935743e-04
6.178535159739986836e-04
1.086025792009108048e-03
8.230998589018847155e-04
1.104667274917975903e-03
8.711594222240369141e-04
1.497571031602594298e-03
6.075077000543380353e-04
9.099174284015616168e-04
6.797705952060552380e-04
9.669419965717786832e-04
7.842390683528293075e-04
1.630431935515670684e-03
1.224914917308944856e-03
9.980300948934396881e-04
1.421067877402630835e-03
1.377310245738041540e-03
9.968820963158664568e-04
1.125638631321111693e-03
7.273443553147411651e-04
6.349980261247954770e-04
2.150018788312091887e-03
7.179727570391609493e-04
6.366696135957368007e-04
6.223019532152052448e-04
7.773895613686438106e-04
9.457240906824498309e-04
9.908186364004196393e-04
1.008777646313660558e-03
6.688178941886908013e-04
6.676959659717708303e-04
1.506317697655441953e-03
1.201283011857452775e-03
6.264441267264658905e-04
8.764846561983486621e-04
1.916418691597564184e-03
6.726021136755471743e-04
6.903600334543043195e-04
9.801836077505323309e-04
9.348280362084617542e-04
9.338156812110981128e-04
1.005463978838238171e-03
7.832751177299858598e-04
9.933114589878795815e-04
8.743826804331736096e-04
7.409534763144469014e-04
1.168410208580244374e-03
8.781140630634049100e-04
1.222335883587240659e-03
7.997506135339541153e-04
1.360570036034320024e-03
8.611302452996652274e-04
1.500432522746073753e-03
6.621579505498123878e-04
6.837399395539595299e-04
6.313708890906600570e-04
7.333503513528126386e-04
1.345392018790527453e-03
6.802452883589709277e-04
8.348687874708269393e-04
6.198522144788718921e-04
8.980385550713931289e-04
7.366595507949027111e-04
1.390676480977580875e-03
9.626310901741453110e-04
7.935585049915775064e-04
7.011506125801462161e-04
8.913309676787532819e-04
1.908516895006423866e-03
1.398272249500916772e-03
1.153849251073284536e-03
6.984311007319132705e-04
7.197539138384248048e-04
9.073555003427334880e-04
1.066257079421596395e-03
1.182979789231902940e-03
1.035542803990813568e-03
1.497453231802886933e-03
8.486489301819768235e-04
8.511058424895968618e-04
6.561016317392843371e-04
5.942194310734577427e-04
5.941608134896383259e-04
8.607328152873706126e-04
7.366114647919258388e-04
1.348349473628049529e-03
1.380270921775881383e-03
9.275300638875928934e-04
6.627951143754549478e-04
1.829341770053711505e-03
6.180482897655200118e-04
9.068349025686945047e-04
7.279175657871202968e-04
2.584849459861722227e-03
8.453068302977955655e-04
7.167994671370412404e-04
1.010270912519738986e-03
9.852773575689309591e-04
9.785493047042724459e-04
1.092264453910316794e-03
6.731323220870776090e-04
8.616290736937677087e-04
1.061365860904675117e-03
8.686923279297827311e-04
7.522483252395678740e-04
6.914845232115278363e-04
6.607933311411872930e-04
8.045141937273530500e-04
7.923421672673385679e-04
1.076038594525528282e-03
1.080023270645435801e-03
6.329091496409399061e-04
6.432559279165689066e-04
1.305248030197593730e-03
7.372810196422410712e-04
1.071606061140800226e-03
1.060842365467700799e-03
1.182984795786683934e-03
1.367187332275608897e-03
8.036731061167463322e-04
6.306587151720785458e-04
1.381434506603633136e-03
9.574646512421280346e-04
1.845655501269535944e-03
6.155504607574141833e-04
9.616913145673608530e-04
8.158353291124111496e-04
8.991249443693786559e-04
1.036803518112180099e-03
6.027126354530287777e-04
9.523303904999247524e-04
9.975204768151778398e-04
1.131674343525467235e-03
1.321820999690398197e-03
1.611825589266619113e-03
1.961160457912504776e-03
2.043655880506069222e-03
1.474288896033944122e-03
9.934499433673959004e-04
1.239835134363897941e-03
7.690096790665602216e-04
8.410177307568848012e-04
1.275846991861636194e-03
9.503969044505921650e-04
9.200172449825805244e-04
1.142320092094057911e-03
7.497534690015295912e-04
7.626582584083824081e-04
1.551017651217006556e-03
6.977883512052357592e-04
7.023090786748841267e-04
9.172092488356991093e-04
7.562449746436979885e-04
1.045932601541022140e-03
6.077376637299417884e-04
9.010256620866997695e-04
8.865311485521780183e-04
8.594731168848273673e-04
6.042703421970319544e-04
1.186180692932081509e-03
7.129865335076089475e-04
8.975716661375225322e-04
1.793962902248720254e-03
8.981986835245327726e-04
8.554395054055852687e-04
7.811941046230021311e-04
6.247672562006300776e-04
1.005699300156496319e-03
8.991554027768240524e-04
9.627614346320567109e-04
9.265351038241097150e-04
9.301671654997128655e-04
9.333350992627925191e-04
1.786449112493949986e-03
9.574882952528081421e-04
6.202999218444046762e-04
1.102328680470044970e-03
7.136612869138373979e-04
8.395174948461161428e-04
1.049581672046707515e-03
6.670887825454953433e-04
1.869695895771681434e-03
6.171689076904835099e-04
8.033117070853541559e-04
6.286343953827900786e-04
9.995252964232384085e-04
2.318524586636242380e-03
6.646306057705855331e-04
1.519964548144388554e-03
1.800770112603601288e-03
1.614272525271223582e-03
1.549513515621948759e-03
1.650931330238514065e-03
6.609950807202969250e-04
8.073834195889688804e-04
1.770343130593916500e-03
7.673406676157707535e-04
6.480740443054161092e-04
7.312390862262916876e-04
8.227834418249262540e-04
1.060389217869786788e-03
9.149775990588368026e-04
9.458416754443386976e-04
1.677490177903299528e-03
6.783368211450360600e-04
1.023744290688242183e-03
6.344408598969815318e-04
7.309963408683064871e-04
6.649477094760674559e-04
6.519269478546202510e-04
7.935169230527596308e-04
7.150240430087342457e-04
2.145229496036333335e-03
7.832999761788142111e-04
8.617735028562791087e-04
1.082474444887879077e-03
7.197166033431675464e-04
7.483757332476189978e-04
6.276618957912042957e-04
7.065964932607010380e-04
6.412595024043690100e-04
6.507264574317565527e-04
7.325277445747304999e-04
1.452011109653996834e-03
6.585812518545631263e-04
1.581272208148637101e-03
1.147982332374293535e-03
1.043928392384412679e-03
8.515401031739381656e-04
1.505382902611711272e-03
6.170147451071301145e-04
9.252404217157951223e-04
1.275860761425291930e-03
8.996154696305958985e-04
6.588469404622941282e-04
1.641456401330118782e-03
1.184369028570499919e-03
6.505432910058066460e-04
9.773880942419281050e-04
7.493777107037491794e-04
1.804020978407021129e-03
8.978864686330392504e-04
7.996992074702014616e-04
9.107309520204858854e-04
5.860101338357105076e-04
4.246224171237451134e-03
9.992369833731772934e-04
8.516005675224159891e-04
1.745532540052875843e-03
7.848707805037440045e-04
6.141560508022769153e-04
6.586173170533423608e-04
6.614169018879810296e-04
8.816014407351327204e-04
9.230042366459649235e-04
6.511735893838456642e-04
9.693824983220823525e-04
1.161754219399411484e-03
8.614950635953070712e-04
6.508603844542701355e-04
7.255940127525809793e-04
7.167279221244001776e-04
1.253454679555186411e-03
1.581943034651370683e-03
7.021290314719279410e-04
8.786938414067923826e-04
6.678862595417454310e-04
1.048493897277781323e-03
1.661159930200257042e-03
7.161191698306268623e-04
8.002890544530489843e-04
2.268560733476563535e-03
1.007619024311427617e-03
7.494327221136505221e-04
8.934433257653331701e-04
7.409029807722727380e-04
7.001915880471355812e-04
7.761631847015156536e-04
8.851758877772629257e-04
1.022657760779388438e-03
1.352731779141960397e-03
6.627322664774662562e-04
9.025213114729004104e-04
7.234982681024901231e-04
8.324626982450223072e-04
7.859869384649964888e-04
9.666048646835641474e-04
1.094185790566578687e-03
1.321027470172023285e-03
6.539577643621129243e-04
1.298780065716899834e-03
9.125743665588086778e-04
7.277208970031220133e-04
7.196588433438684540e-04
1.135266115680895862e-03
7.266650881922902044e-04
7.359676699438350228e-04
1.064515873822536283e-03
7.306458679505075087e-04
6.566132048853953350e-04
1.448389646122148202e-03
9.895030914463594663e-04
8.001816256934567509e-04
8.277523780586735179e-04
6.514154123726432176e-04
2.162935520972452189e-03
1.656852903182970361e-03
1.343924421179205041e-03
1.355545878093793741e-03
1.400177731670917275e-03
9.671927635376438830e-04
9.675769093687352010e-04
1.365525903329076500e-03
1.772492869633574214e-03
1.085261741601655210e-03
6.620138284559289998e-04
1.016961607240288688e-03
6.976197166314465842e-04
6.597339149478955713e-04
1.519765813875068429e-03
7.602139831377294644e-04
6.167107120199551715e-04
2.110425149259972412e-03
7.237999663968904766e-04
8.292013830601390606e-04
7.123786106958264301e-04
8.475523352510040470e-04
1.992859160040008192e-03
1.049787103118405467e-03
5.656723422457960761e-04
2.032714279481178787e-03
9.692136723351615218e-04
8.864861034875349708e-04
9.455360304383503755e-04
6.466427824555547824e-04
1.070256122512831375e-03
6.678894832861589914e-04
1.236705930686128477e-03
2.315590652907935365e-03
9.929089466284004781e-04
6.124746278587117490e-04
1.496265650104620188e-03
6.584540032445740376e-04
6.264570229474626922e-04
8.223866135956040511e-04
1.636421631305158423e-03
6.079051266272242782e-04
1.506922912092457717e-03
1.104723730308174992e-03
6.322778637209685443e-04
6.939800779085894848e-04
9.673665461792473313e-04
8.356108594956714432e-04
7.573992712863464316e-04
6.032406159480115668e-04
6.969218409505129790e-04
7.139355480938342760e-04
7.577416211130061146e-04
1.437265252908134826e-03
8.914315343821952158e-04
1.496527844274397239e-03
7.081501474631670583e-04
1.754673247254265019e-03
6.785037010949801451e-04
1.399926068833847164e-03
6.351304034144080249e-04
1.459483164249986793e-03
1.105351797303283151e-03
6.891421799164147840e-04
8.357162494180055828e-04
5.809907568897442181e-04
7.279192584218012593e-04
7.431175439509956357e-04
2.856830558930319435e-03
6.580446023048441189e-04
2.355804173064557014e-03
8.848297302529292609e-04
1.432241445231434516e-03
7.376250775092721120e-04
6.665156903356722097e-04
7.995593652781036965e-04
5.936038159394634028e-04
6.863161409241562080e-04
7.661740142402007070e-04
1.111257663958723765e-03
8.040169562816622088e-04
1.237255331642980478e-03
7.578550427916391427e-04
1.221490230076678184e-03
7.076563209043605683e-04
5.851472652420757533e-04
8.407736415590493298e-04
2.057269019747206065e-03
6.593928684112514019e-04
1.524312599774573429e-03
6.623704534393762321e-04
1.167434310203907012e-03
1.713655982648434103e-03
1.090974109958551142e-03
7.446047151078568835e-04
8.070835423963186117e-04
1.134435770285902164e-03
1.102137744783017806e-03
1.198800563616645625e-03
8.937802956811848835e-04
8.460115513791297741e-04
1.897420916077284699e-03
9.268695051478255658e-04
6.778249281038652933e-04
9.023059476453119954e-04
7.260534431109920677e-04
1.059356962673425146e-03
6.778414330729726558e-04
1.328694443520979330e-03
1.143047872549930646e-03
1.278293222857183886e-03
1.690264583044677341e-03
1.353374043070376112e-03
1.801185077723518229e-03
1.200772344720101113e-03
6.138482601336340974e-04
8.348101632615514793e-04
7.241770856207347881e-04
1.012561189738933479e-03
1.863688359789195679e-03
1.739044884325396251e-03
7.064237935315330948e-04
8.624125436010173992e-04
1.201759242183154117e-03
9.907528330993565537e-04
1.373154802388190741e-03
9.576655621354470370e-04
6.259769992004558673e-04
1.689064935232637531e-03
9.169086863374857838e-04
6.531031833026349365e-04
1.790641871219515084e-03
1.293091899665932583e-03
2.494851021590584975e-03
1.467087743572655870e-03
6.850981788710631222e-04
7.597988529434862451e-04
9.810351223562877553e-04
1.881050156133636832e-03
7.770102028339272420e-04
6.080185331902462865e-04
1.027063692891586706e-03
9.318951675437768881e-04
6.610352676228591247e-04
6.468735850888652269e-04
6.292004607721711842e-04
6.650775008537450090e-04
7.516681577132812778e-04
1.196811450331562937e-03
5.911743669479208084e-04
7.232973417009321134e-04
1.073239745579748251e-03
7.277617760804463813e-04
9.693688834201255383e-04
7.843613944976304386e-04
1.123503775116437486e-03
7.722586488850202106e-04
6.282134876026702333e-04
6.262118132956504424e-04
1.646042840537093824e-03
1.275331947499998373e-03
1.074767270141356243e-03
1.213647130912010822e-03
5.955793174790438658e-04
1.311769881275010171e-03
7.481108732469500837e-04
1.793160079283825621e-03
1.066371680323450989e-03
7.415353924616008502e-04
1.222699565384362860e-03
6.001831686552424510e-04
9.236296933655236633e-04
9.003028743387598816e-04
1.347024532608083990e-03
7.553977723997033246e-04
7.351884653584565311e-04
9.851111782904313496e-04
8.536198187397365036e-04
7.993857423259237167e-04
7.702467893978570158e-04
8.015862593950683242e-04
8.811401849907838507e-04
9.457213461191763502e-04
6.809439651722426273e-04
2.414195931616199605e-03
1.276262977938827587e-03
6.297166995313204559e-04
6.218742782714493022e-04
1.163873970048546428e-03
6.641847329012971150e-04
7.420090213625763842e-04
