8.992329992747310216e-04
6.871022664975434159e-04
6.740259444554954444e-04
1.032699803748502202e-03
8.574604953520953811e-04
1.464553654461389761e-03
8.733595977826925797e-04
6.055548677995775415e-04
8.345787051362913616e-04
8.773331950603215166e-04
6.430032578316320852e-04
6.753060836589455228e-04
6.275118028383817968e-04
1.761711729702406795e-03
1.482887027275774962e-03
1.097716674361376519e-03
7.856981040197255975e-04
9.052611385902216336e-04
1.343401941248897327e-03
5.990592087550426423e-04
1.511740121686599081e-03
9.374486166871035236e-04
5.990840476328417345e-04
1.311030220517804675e-03
1.248079833134238493e-03
7.279320837455672665e-04
2.125677652209556189e-03
6.451856868678647198e-04
7.245708015347137199e-04
1.405015996989603848e-03
7.996530890458928339e-04
6.868378141932494256e-04
8.019363895060613572e-04
1.127488912320140065e-03
9.774904348246495067e-04
9.885966354790159862e-04
9.270894849574448345e-04
8.568308821596169961e-04
7.960758712263188821e-04
7.805352899240317836e-04
1.229902418091510363e-03
6.421739119222313105e-04
1.077396454111620699e-03
7.544004115371884560e-04
9.093632545702212949e-04
1.214771559044047072e-03
7.043017140789361230e-04
9.283956018977840459e-04
5.866433407446077419e-04
6.595256518582428380e-04
1.134370067371748367e-03
1.125920385870429882e-03
9.566112632144460138e-04
5.774728574757766793e-04
9.123725200526247147e-04
7.890039453844203054e-04
9.525070201625804875e-04
1.397606250181492081e-03
1.343128346579325642e-03
7.639274455038630408e-04
7.897499762240048089e-04
1.004032624752979356e-03
7.787944056464435978e-04
7.881033204138951365e-04
1.413054728465665787e-03
8.430415670858407368e-04
1.594858617366393030e-03
8.351475036994268457e-04
8.847003321400955748e-04
9.330444806957614683e-04
6.354474282180994646e-04
6.608529985713963283e-04
8.648313533764151939e-04
7.532855926992256586e-04
5.635034702727384232e-04
9.985670947342403184e-04
8.716868879828508672e-04
8.348000010887217945e-04
9.335762030628887501e-04
7.135787564640985866e-04
6.696282428487325715e-04
9.857651061674762780e-04
9.939836075164819318e-04
5.749007595418360438e-04
5.847283019358187573e-04
1.040770734052119326e-03
1.297677987872201044e-03
6.539930142223126294e-04
8.592145122895581766e-04
9.452849613801187541e-04
1.307436298545307327e-03
1.064696782669814767e-03
1.266388993230476833e-03
7.517423189107651053e-04
9.598942343089221811e-04
6.267428697300713933e-04
1.278935549088070075e-03
6.110337435631407223e-04
8.251074827143998645e-04
6.338256520705899850e-04
1.114258781214183753e-03
2.455603816763165560e-03
8.246971368449326246e-04
8.693549062218608155e-04
8.246118875798722804e-04
1.450510792246761807e-03
1.143013958755948129e-03
7.829428475670002123e-04
8.183103720053704544e-04
1.034940285006746103e-03
1.844880436232650828e-03
9.429971100362834679e-04
1.110981376200366032e-03
1.052788859414187633e-03
7.154289681905286668e-04
6.769552031732967894e-04
5.947245438002159374e-04
9.397871761096723972e-04
1.026530370876078653e-03
8.632532693107526503e-04
7.824900152983330732e-04
8.775753740833297555e-04
7.831080432262420548e-04
6.709567335682219049e-04
9.067101811461605963e-04
1.101580575592506824e-03
1.117091456831382796e-03
1.256611859136029822e-03
7.516409265041410197e-04
5.928052765036980441e-04
9.252851607731789243e-04
7.906745612373288542e-04
1.006511999677915615e-03
1.492640591735136524e-03
6.528637954257604688e-04
7.998072700536555798e-04
1.111372712701172395e-03
1.183216751245001709e-03
9.305789447872055489e-04
9.901748149022835885e-04
8.132914855338054926e-04
1.117433609211983302e-03
2.010123430843706142e-03
8.106462422508190586e-04
1.232523001106135274e-03
7.157945220611534876e-04
1.459642619216831600e-03
1.723636556058276209e-03
7.114281818034812925e-04
9.326291715260116334e-04
1.537796863614033062e-03
1.024157407602104561e-03
8.259809474241736494e-04
8.160334303615932299e-04
1.373417451618524302e-03
8.006465645228402761e-04
1.195614626074481329e-03
1.803194040476363514e-03
1.466638649141900315e-03
6.707582288064966756e-04
9.778408149158182051e-04
8.707265000103918667e-04
8.934054660090671660e-04
6.258232853489676143e-04
7.745438509733378442e-04
7.872719455720673465e-04
5.886420574837237336e-04
1.265227625459443847e-03
1.061435151121681688e-03
1.125598204868195115e-03
6.831365735213105073e-04
9.710898339251078544e-04
8.892494080696523385e-04
1.198167597853512121e-03
1.145315215519536294e-03
1.779508874583184911e-03
6.762006380439395791e-04
9.593229375187485889e-04
9.644243731730041836e-04
8.591072063470525221e-04
6.756965716182151537e-04
7.616735785507496633e-04
1.072516670722887524e-03
8.027387839923518301e-04
5.455655980259493162e-04
1.211190813519750706e-03
8.322053232774474871e-04
9.915268849571049446e-04
8.062859181586974101e-04
7.211353428090397540e-04
1.041634591959774651e-03
7.141891368235270656e-04
9.234260499301921200e-04
9.548249504873883992e-04
6.269791457260467374e-04
1.137354388366609631e-03
1.087555833557189234e-03
1.039236779979681993e-03
7.490386868265934764e-04
7.173188308900860016e-04
7.359363646913475105e-04
1.051854772205759259e-03
8.939266510689643317e-04
1.277949414368770645e-03
1.189681942636848511e-03
8.128456110956544132e-04
8.224646372835106491e-04
1.004154890500308416e-03
2.372058059771484876e-03
9.163515378201649584e-04
7.255882796760235436e-04
1.173531379481467744e-03
1.143365623180090567e-03
9.171916650386391021e-04
7.301994533586734712e-04
1.159078778633192662e-03
8.033187458326237649e-04
1.441998181748255009e-03
1.173126064937102383e-03
9.402623112451487719e-04
1.161536475012667994e-03
9.200505645297088432e-04
8.813897208409542019e-04
1.221047896449639625e-03
1.120926544477782692e-03
1.007255652938864087e-03
1.008586160409449947e-03
1.035472208910108568e-03
7.440097659889154287e-04
6.327472327744896978e-04
7.735903313493703573e-04
8.830148344378316565e-04
7.175261783163114923e-04
8.460264372272547750e-04
6.064651870391047327e-04
1.111082063730107561e-03
1.199596098914442431e-03
1.199683098669647755e-03
6.442362918828549792e-04
1.176649502298972045e-03
9.950725192177990210e-04
6.908324527051354792e-04
6.406743904287093673e-04
1.238333240149727460e-03
1.040493011085308643e-03
7.767313266646483621e-04
6.950926294946495679e-04
8.373440551733424145e-04
6.960347742723265894e-04
7.502053854285552735e-04
1.123358138187645870e-03
8.037436847511218990e-04
6.889972319033380076e-04
1.392051215027667382e-03
7.798321290486949584e-04
5.615277807981450308e-04
9.053943023740387971e-04
1.631797201062014846e-03
1.283393330573460826e-03
6.405062054947173759e-04
1.064112590583318014e-03
4.070612767986246140e-03
1.078515003528987158e-03
1.021038741210365374e-03
7.462600886890322473e-04
7.390473230924472737e-04
1.031002185037020475e-03
8.627892347464354884e-04
5.749009642971169166e-04
8.562622426420559655e-04
7.324395393343796591e-04
8.728311524597345264e-04
9.027362800772742099e-04
1.313017643169414952e-03
6.395118066369120469e-04
8.461998804841565662e-04
1.174603273725272241e-03
1.113019620421875147e-03
6.076159882061234196e-04
6.778222498114672102e-04
1.187690101315975284e-03
7.631897439390882302e-04
1.143973062346758784e-03
1.017897202105894116e-03
8.202071942641874077e-04
1.428837198501528441e-03
1.135892143928266766e-03
2.015542424793044865e-03
6.143766633476975460e-04
1.113040387947448074e-03
9.646860770616942377e-04
9.185572815675174243e-04
6.045421535104194503e-04
1.416310698205663693e-03
1.003565273667335854e-03
1.154908095640164905e-03
7.690434160300922825e-04
3.938232533161040334e-03
1.387606792445882998e-03
7.178769113558901641e-04
7.142104290380654448e-04
8.294153448502203331e-04
6.754833025024393816e-04
9.490765429221669457e-04
8.381417059375710242e-04
7.108544147601355461e-04
5.859557825904259309e-04
8.554871227679350766e-04
9.808331618454981232e-04
6.537164851738795201e-04
9.650716144781891059e-04
7.666215297539364553e-04
5.767842402727390953e-04
7.819309610988928703e-04
9.531334559441424640e-04
1.989733519741064462e-03
1.540778773868865066e-03
7.133069670154463734e-04
1.084848696144487777e-03
7.230826032288244221e-04
6.285528967683792767e-04
8.865763780813273442e-04
7.164708446899499062e-04
9.490315353663425404e-04
1.195819484096946866e-03
7.853139394781255512e-04
1.244561055892977460e-03
1.370643283676627709e-03
6.834168401887431811e-04
1.446864616598400556e-03
9.299692745001882045e-04
9.243046077266061592e-04
2.064619678802230313e-03
7.071802946809062655e-04
8.869863403383344272e-04
1.613913557598718306e-03
7.844593771901198958e-04
1.038943929845034591e-03
8.651546246287651924e-04
1.276531570219692447e-03
6.862902783273001081e-04
9.526014737700246992e-04
5.816832684784579380e-04
6.438909200034037984e-04
1.405861044044852404e-03
7.178755773630129565e-04
9.884475251294121134e-04
7.542801633175817569e-04
6.835799927318056369e-04
1.303916196873218698e-03
7.239497978489395748e-04
6.456478646112583011e-04
7.033422683125269571e-04
9.066605517656404437e-04
3.096774351212337479e-03
9.910696668249860918e-04
9.016510843310650844e-04
8.504179022868742438e-04
6.005740977626563551e-04
1.006567337659784343e-03
6.705873487456681355e-04
8.898658683351924788e-04
8.329617262146914733e-04
1.055988134737451340e-03
7.150280148526180898e-04
8.841858991660430604e-04
8.471484683968676663e-04
1.030222479643728073e-03
1.914516319847881475e-03
1.825968795400252469e-03
9.962791572043609451e-04
1.184215572675492711e-03
1.048599549949018718e-03
8.708224839242542301e-04
1.238921974883487988e-03
6.230259462340339768e-04
1.003666280680672995e-03
7.709882981119282755e-04
1.153183494088178256e-03
4.819387608109695041e-03
8.688633849674160100e-04
8.150915874174917029e-04
9.513045052860962057e-04
7.641049160081417758e-04
1.150627874246947175e-03
7.722154082372064418e-04
6.542010946021264593e-04
1.950898609132936104e-03
1.415809691295991666e-03
1.122565990002841055e-03
7.916111992458679672e-04
1.361344539662063093e-03
6.610079205373641312e-04
9.801049795582971944e-04
6.571293939995565079e-04
1.143419553722820319e-03
1.059946037413626646e-03
1.209617595141043939e-03
1.073524977001789329e-03
8.452564887423136145e-04
1.499784726154056473e-03
9.794167366286394769e-04
1.073321799561511311e-03
9.285003667381902352e-04
8.621110739515163920e-04
5.699520899883769734e-04
1.316158868018321064e-03
7.032108117116047351e-04
8.152331952286060194e-04
5.754434646787079735e-04
1.326565474964009998e-03
1.065626653973913074e-03
8.893762753477939265e-04
1.469070845662785946e-03
8.980571327900540831e-04
7.836279243606076531e-04
6.146337521480126640e-04
6.972172697249300836e-04
9.040497170835978813e-04
1.038801215814669525e-03
1.132341272386592915e-03
1.037944045472017490e-03
6.630170819842761505e-04
1.332424477817889877e-03
1.065426751076957316e-03
7.244165943578748448e-04
5.276091962314696793e-03
8.064793068507797313e-04
9.826366917017968078e-04
9.620915453596137930e-04
1.001613338618966139e-03
1.075482418149012378e-03
1.180786462061549037e-03
7.033781645148337765e-04
1.082733738844528313e-03
9.134154020334702036e-04
7.575164052426520056e-04
1.205740742328815455e-03
6.763942073211359285e-04
1.521049279346528126e-03
1.010053499600021849e-03
1.693685291178895994e-03
2.346931610446849770e-03
6.362168390266775570e-04
9.439828497519789623e-04
1.344293313872651054e-03
6.065111038837194511e-04
7.619909956745248578e-04
1.181524315601313949e-03
8.300628500825735700e-04
7.357244039341716930e-04
1.731741154152082124e-03
1.409423174610619726e-03
9.775001975919669472e-04
1.080639685470576343e-03
8.211008928525142083e-04
8.733995438828220980e-04
8.882256267858847781e-04
8.935849697783235105e-04
8.791474681457888893e-04
1.828336340899000285e-03
9.191324217922039420e-04
7.808103345330777260e-04
7.283931196803384786e-04
1.206499721501808368e-03
2.873896148646111828e-03
7.759896061638035455e-04
1.047860915343242893e-03
1.265768367062491745e-03
1.465222295418971369e-03
7.516841329892294055e-04
9.681942446234309075e-04
9.617334493794040115e-04
3.197580540721326001e-03
1.230298044696569691e-03
7.097013864244943728e-04
9.558166307279460658e-04
9.222287476342708786e-04
2.342760686272465226e-03
8.928047608216907764e-04
7.251634016638615907e-04
1.083655479348015916e-03
7.277171566798008731e-04
6.698939257399423499e-04
1.169888214475304274e-03
9.969560480861134472e-04
2.147131016424222699e-03
6.780386233190403194e-04
1.094658968285138574e-03
6.472957438216177858e-04
1.306045860917480570e-03
1.422639120442057651e-03
6.093384695888189604e-04
1.585074557481416834e-03
8.227664672853802607e-04
6.489800888570713966e-04
8.565654840327724092e-04
1.294039395695328150e-03
5.984657173234474506e-04
7.380335772216583016e-04
1.937680966800797841e-03
1.591226245020351503e-03
8.724422325422333735e-04
1.249641153352109776e-03
9.105865654876583396e-04
9.768724730086246130e-04
7.107330645011874452e-04
1.333078424216674069e-03
8.248761695021323767e-04
1.419220037361405536e-03
1.367448023519872522e-03
6.082289956400848546e-04
7.891565281198676665e-04
6.688546975868607568e-04
8.432939388105931263e-04
6.710831871937667252e-04
6.075565085038663830e-04
5.698684408398777988e-04
1.751210910734563942e-03
7.519801453335198159e-04
1.636136143102249292e-03
6.585823896403641400e-04
2.051158109604944019e-03
6.495963289859377817e-04
7.731314764852822551e-04
1.371413989779372540e-03
1.064349632767484484e-03
8.644787296566878391e-04
6.291972111492307633e-04
7.071368008084921372e-04
7.708776599857265505e-04
6.269536439331474444e-04
1.251030401573592068e-03
5.302013150541122488e-04
8.639386112226060243e-04
1.071941661250379405e-03
9.627444317470982204e-04
8.938050396552378726e-04
1.416776834259857827e-03
8.414732409270140418e-04
6.761170548477403409e-04
6.625906780254028688e-04
8.690806077674636827e-04
7.476013314176753943e-04
6.966673285400842332e-04
1.266983198529997301e-03
7.871853199407745361e-04
7.971498233612287323e-04
7.780934199042645631e-04
9.051916169745749053e-04
9.955718016613176232e-04
7.333584500060490608e-04
8.705458238887295048e-04
1.343847761530239486e-03
6.968381646056905944e-04
8.294918291510768081e-04
8.252004320446360702e-04
9.368546301624458648e-04
1.104857200776624814e-03
6.256231615944134791e-04
1.052828294998803607e-03
1.059187222334013892e-03
1.055406357266557536e-03
1.087236051556450186e-03
9.683434045856021983e-04
9.156361192911792023e-04
7.179313366092586902e-04
5.828340609429692688e-04
8.217638717634206599e-04
1.057689628986203728e-03
9.294878765843633643e-04
6.832027232245230708e-04
9.730441904927041334e-04
8.391641334867251363e-04
8.680344403361067197e-04
1.303988647684868911e-03
8.034318286077964848e-04
6.900595409518361966e-04
1.786421818490757001e-03
6.499989094942587066e-04
6.553196989061798022e-04
1.332336504037693464e-03
1.476700344916081001e-03
6.860049377866400504e-04
1.018672198224419064e-03
1.442323511920727075e-03
7.105199448242789867e-04
7.412063348504285311e-04
9.753987228831742604e-04
1.493335788548507239e-03
6.769806641255916380e-04
1.339837269144135987e-03
7.025568984147898422e-04
6.967722928199380182e-04
2.608047444535977529e-03
1.552428654085425590e-03
8.995959641775289365e-04
9.200878809904866054e-04
7.799227107343561930e-04
8.005100369707609164e-04
6.753392851937870499e-04
6.607064286130237074e-04
5.696157094719310606e-04
8.552466509907062642e-04
1.525443139851549636e-03
7.085296414854433834e-04
6.817102714184240624e-04
7.930953713786338547e-04
8.071277325093452124e-04
7.789789569374952222e-04
1.033039843337658307e-03
8.293329383548265739e-04
1.386662595532702673e-03
1.035650585586271903e-03
7.546545626314480519e-04
1.048988983652651566e-03
7.504853898985656448e-04
1.191884928502611645e-03
1.147639375879998995e-03
8.306347490393175669e-04
8.528474069274459514e-04
6.650289744733819952e-04
1.292017927498316553e-03
8.866660645055414632e-04
9.315694344517026250e-04
9.967783391101104652e-04
9.938388828157199758e-04
1.591792389829365046e-03
1.031016425498735688e-03
7.872493166630420989e-04
8.405513276089864169e-04
7.362026889815824352e-04
5.843676058606711186e-04
6.462168462166350885e-04
1.097261206778986494e-03
6.932115212387275280e-04
5.879988089447897928e-04
9.821231392823932382e-04
9.936228954701153710e-04
1.057597637064371489e-03
1.928440314982484988e-03
7.094982608942939370e-04
1.052824777203607409e-03
1.124447521870112219e-03
6.445007401275703414e-04
1.541373288760093489e-03
9.658506748702377952e-04
6.816106065352299471e-04
1.320174147895922419e-03
8.296355556123367458e-04
6.173479691286818966e-04
7.305128576768149876e-04
1.162278691034715223e-03
8.225732736468218363e-04
1.458613137901415427e-03
6.766683658867438155e-04
1.088532460476604458e-03
1.238555832320805935e-03
1.413864269781778434e-03
6.524650161712668758e-04
8.749464046163412268e-04
8.088181166474838748e-04
1.066665862857206536e-03
8.830852423820244237e-04
9.262108114821735686e-04
6.567304132892724973e-04
6.952499184559122331e-04
1.166588952225784204e-03
6.365519756988546754e-04
1.026278158560117336e-03
6.840173307112976282e-04
8.386324936724992183e-04
7.872400692300273416e-04
5.864574649606474300e-04
1.354437305846207086e-03
1.167399174353953538e-03
1.048935755391458557e-03
1.185293369121525253e-03
8.644261313061969883e-04
6.427326739679414857e-04
8.067085472358433932e-04
1.401836570121866004e-03
5.773639765972507758e-04
1.106983906189778566e-03
7.435168730231513307e-04
7.909745532086635096e-04
1.155747611493897339e-03
1.405982310079840559e-03
8.380481887855657222e-04
1.162211833286358985e-03
1.400670225009715414e-03
6.276244795724874280e-04
6.505666652483966172e-04
7.158913248762115112e-04
1.325848718775274023e-03
1.576849230185013153e-03
7.971148481161884156e-04
7.538523268606267319e-04
9.378399504860413178e-04
8.911943845107304311e-04
5.943033520639874655e-04
1.066940793484024742e-03
1.080373092177392379e-03
6.156226656489347578e-04
7.625616351743767785e-04
1.027576354027250321e-03
9.933881671273651123e-04
8.166873196944093687e-04
1.097842517931394519e-03
5.963939656897118647e-04
1.476772907263719558e-03
7.018592176043028392e-04
6.455437675827307162e-04
5.842700187325503567e-04
6.964026497723320138e-04
8.097788358871792821e-04
8.663266748983197924e-04
1.038979010567162584e-03
8.199880542081627085e-04
8.365895388876478257e-04
1.401865974221349611e-03
9.275957517524206471e-04
7.848943182442042745e-04
6.664192377555752276e-04
9.182085643503967113e-04
1.101885143847423270e-03
6.459065324823139035e-04
8.661247684973765381e-04
1.156472861420423459e-03
7.202519660824324623e-04
1.679761228778903475e-03
6.893806736428535926e-04
5.943351645702121475e-04
1.050577822725271395e-03
7.711773891970614666e-04
1.168950637263805725e-03
8.736650102182285304e-04
1.202884187985605148e-03
6.485438752435645961e-04
1.532225655101816233e-03
1.537287817371858593e-03
8.673024067038415282e-04
3.537733011855852174e-03
1.101200256919843568e-03
8.798280122049756706e-04
8.949298124289235433e-04
7.666538156988329756e-04
1.214743374292073796e-03
6.677458802803872906e-04
8.540725820113860165e-04
8.076111440086395027e-04
8.041398629295987014e-04
9.091050711783897923e-04
8.137239362058163502e-04
5.163353513863039659e-03
8.674233504063582050e-04
5.339308138349560832e-04
9.300729269557303763e-04
9.105451641947941719e-04
6.433405566928459586e-04
8.331551084230911716e-04
9.257263360589511542e-04
1.025164754059879058e-03
7.366748842237192969e-04
1.054088543245764462e-03
1.220653211588358092e-03
6.207042844383439976e-04
5.581066030150241440e-04
6.726041673512208122e-04
6.303736267211960346e-04
2.714431061623170764e-03
8.169499999804860852e-04
1.152139115891270913e-03
7.262767496482672733e-04
5.482753747444807585e-04
8.910265001917830156e-04
5.982337513470424063e-04
6.696874148780643850e-04
1.021092682337609078e-03
1.123066044458590710e-03
1.191688782004505847e-03
6.112056272164256886e-04
9.201831779936689394e-04
7.272182430537097158e-04
8.935784389641362145e-04
1.281638534133020674e-03
5.709920931425519234e-04
5.915663897614662327e-04
5.970170773563525856e-04
7.314481018029959317e-04
8.497227990031753836e-04
1.109022248569268990e-03
1.206827652992428302e-03
5.703880538372147575e-04
5.975496126933709266e-04
1.441520196194216860e-03
6.840835045180943376e-04
1.543187547801751344e-03
1.311557215955595724e-03
7.384075611264919034e-04
8.641488279888448259e-04
9.610162185049300537e-04
7.747267310641350055e-04
5.479258017434054939e-04
6.273602377901577737e-04
9.502633643839224686e-04
1.101244403440583596e-03
1.399965239226818236e-03
6.624504075382188582e-04
1.203261850242271077e-03
5.954859788163334141e-04
6.653405510208763298e-04
2.069857259348696632e-03
2.283636479357579584e-03
8.922815114108574325e-04
8.161490691251091284e-04
8.738080635451923352e-04
8.945696624193320672e-04
1.150782179552633762e-03
8.641354209352782034e-04
6.309310599149055504e-04
8.757312365217026495e-04
6.210620771148915370e-04
1.967836062750082625e-03
6.897286735618126828e-04
7.990792881443376655e-04
1.208365535323355179e-03
1.454056811690612955e-03
1.139427166422636670e-03
8.714033527478868679e-04
1.026323454064976800e-03
7.412323997731839380e-04
1.021832522749186681e-03
1.156656510535642888e-03
6.734866329726536165e-04
7.585689542184704528e-04
7.437153746911639909e-04
7.558574356017980916e-04
1.232362733746431970e-03
1.882196499802452506e-03
1.102494231108331127e-03
8.199108283610427117e-04
8.306863428967707326e-04
1.192660376208917218e-03
7.075134813986611688e-04
8.878968541498611896e-04
8.980288112406687590e-04
8.687386661387824565e-04
2.001235763275925183e-03
7.250723525126545914e-04
1.021545872820034135e-03
1.152469987826885110e-03
1.127875831970139237e-03
1.993328820550844226e-03
6.972433394729322465e-04
1.249510222181851810e-03
9.752160839397367754e-04
1.067250545424231010e-03
2.579336625392411250e-03
1.117065908537774512e-03
1.044685148528502489e-03
8.767410016866591677e-04
9.741800731869564413e-04
1.426611448409064809e-03
1.304074282077779005e-03
7.830221276220060336e-04
6.591629050842462943e-04
6.678434978312872573e-04
1.264694261062809192e-03
7.672339573399766929e-04
9.395948075928259226e-04
8.143681223603094861e-04
8.633759840766395055e-04
8.707624571652410701e-04
8.136429430240779345e-04
8.658562303429141477e-04
1.236185424006894153e-03
6.642005921673381583e-04
8.165188234914417219e-04
6.801782028573234197e-04
9.605921948820008577e-04
7.948832663586671366e-04
8.917512048606887230e-04
7.051100527897179128e-04
1.377775143110482369e-03
1.187282585433198021e-03
6.212764061284081719e-04
1.957616484736125068e-03
9.065069763730939853e-04
7.574341903368430468e-04
9.654957413559062682e-04
1.239228892175197640e-03
6.166796153103780301e-04
7.589329468651647564e-04
5.985810954389395684e-04
1.383495765550227588e-03
8.021989516418757135e-04
9.537100708386596739e-04
1.408600434342069775e-03
9.719652076986683587e-04
5.877835171093323844e-04
7.979851528903276472e-04
9.451555103450377544e-04
8.202785531857359567e-04
1.310058515720333855e-03
7.005002126875211916e-04
8.368590620447934753e-04
1.210319667642617038e-03
8.589326664549220332e-04
9.698959994046253783e-04
5.776917943266341674e-04
1.000689208335734867e-03
1.054281739065249983e-03
9.469951961894745602e-04
1.489105720649755481e-03
1.274628079562402979e-03
9.550862290964186579e-04
6.240095426942186873e-04
7.877450121275623692e-04
1.311470846882997017e-03
8.482745935866924840e-04
7.130102218984087515e-04
1.186927163266670313e-03
1.465129688056326235e-03
1.121462909046961123e-03
7.562328307826801915e-04
6.926427599180106113e-04
1.301790403705347732e-03
1.691743426955607914e-03
1.102473095927366609e-03
1.332748637770727424e-03
9.804061969460918860e-04
9.976105712274985823e-04
7.710374430835798334e-04
9.046941922358157483e-04
9.419993436199893466e-04
1.142025145895018360e-03
7.329541020977321407e-04
9.334363464622097775e-04
1.430230915643976655e-03
9.719879119523052325e-04
6.639548354813317073e-04
1.431922320817452868e-03
8.486809324036915679e-04
1.113081965511362190e-03
8.695305546045320900e-04
1.362152925765442108e-03
8.298829984364750924e-04
7.389847708531984772e-04
6.718213438034218929e-04
6.721530429233331686e-04
6.445596617130633105e-04
7.696581654706833751e-04
8.848281761528738014e-04
9.506879361299987955e-04
8.618218726125855163e-04
3.319924004999112808e-03
1.192739467654269862e-03
6.774854893669968181e-04
6.862548123115439500e-04
7.322215987865631067e-04
5.882139932395007110e-04
1.151256924189867237e-03
6.900671949212584333e-04
8.314207572608589775e-04
7.604932274948670180e-04
8.334450438879456189e-04
6.352687424945771370e-04
7.175198797933050616e-04
6.507883257871487949e-04
9.150045434063090689e-04
9.662621598282573583e-04
3.785564841531837213e-03
1.461576309879902575e-03
1.369576676437184431e-03
1.211542757615351228e-03
1.500607831035794372e-03
6.868646734647332287e-04
8.731398240059748796e-04
1.144551622777378007e-03
7.315615095206283100e-04
1.012483169605836323e-03
8.743168099586038581e-04
6.682966963801509992e-04
9.834371195554935264e-04
1.068548138286944723e-03
9.524265618716132873e-04
7.196900072842253495e-04
6.040753527566938971e-04
1.299095791969413988e-03
1.047357726358412932e-03
1.053572304867465056e-03
6.529753025920914406e-04
7.558156198319124263e-04
9.612853602273151903e-04
1.025280090515026188e-03
1.046303053398492172e-03
8.715903741942127199e-04
8.004790999821637066e-04
5.675682178467707445e-04
