4.628606304190713977e-02
7.316288728979364331e-02
2.771712174486470545e-02
1.164463741234220279e-01
3.185080416667979142e-02
8.955501452582068089e-02
7.806762824923119126e-02
8.553541017182535178e-02
5.607143205759190785e-02
1.120382314617794223e-01
9.587288855401070176e-02
4.018132494364679008e-02
8.276338396102726758e-02
1.151773650355383399e-01
8.905170611981423623e-02
8.312446155634828360e-02
1.037488052687597501e-01
1.060596174203125852e-01
7.512188441194800337e-02
9.693868302937169723e-02
5.823967102354316722e-02
7.723807426410388144e-02
1.049797432702924693e-01
1.066612633038277747e-01
1.127559891293933719e-01
8.964122112379219187e-02
4.558568077171074734e-02
7.737089106817493511e-02
9.594445834765148728e-02
1.010665443114964618e-01
5.517212281456877754e-02
9.245054647318549923e-02
3.568372459777374717e-02
6.315263898048506519e-02
1.081386665371036754e-01
1.092576573694031827e-01
1.137933410710127158e-01
7.391142874359316051e-02
6.239783024130207689e-02
8.158090763826587877e-02
8.029108566372342159e-02
1.070383125057541851e-01
9.627262358978549983e-02
5.936126446858811662e-02
1.028680216130321706e-01
1.106769248281942869e-01
8.874181578183405750e-02
7.798917232640205366e-02
1.083419493971378850e-01
9.087283045681142368e-02
7.530429874900404497e-02
9.926767141239556391e-02
4.193894296528191679e-02
4.602572653941381514e-02
6.558474784041988526e-02
1.766107008963333294e-02
3.878189704251845671e-02
1.020442075597753906e-01
1.111402450809542142e-01
9.087232200625189327e-02
8.785414549835170173e-02
8.780467449200846097e-02
6.724895955711138185e-02
1.017985556380281292e-01
6.805497673728119756e-02
5.211061877542728232e-02
9.740058653075521489e-02
1.152920607854428514e-01
7.544960173146064708e-02
9.621201880873571366e-02
8.880003856273820106e-02
5.833319703393585048e-02
9.933060740155000290e-02
6.402811211899159249e-02
1.024656696891606961e-01
5.448970672738176479e-02
4.014788330852187004e-02
7.380682782057790270e-02
1.110777143725731053e-01
1.006360559250128739e-01
9.090421319302018077e-02
7.491274600536605710e-02
1.158951111053168059e-01
6.928205652475262488e-02
9.965484888674708275e-02
6.410310717665776425e-02
7.693389746411440078e-02
9.961437697115677059e-02
5.612471867617706278e-02
3.587812839599304610e-02
1.011559438626852964e-01
1.021365690966828249e-01
1.104620866360437742e-01
1.102892634312025583e-01
9.144533485018704888e-02
1.006340496641073834e-01
1.001511855822037472e-01
1.153402344163667465e-01
7.125994169766432240e-02
1.002742987637281896e-01
5.520114383757940973e-02
3.561194821555919293e-02
8.440509684150081238e-02
9.221931307696851210e-02
9.313190547227413740e-02
1.118734350766198427e-01
8.024875227509611908e-02
1.036050461828807029e-01
1.063957699653655525e-01
8.017282307298158328e-02
5.884638029042597862e-02
8.462883466850006087e-02
8.918404266557428128e-02
4.362731482084107604e-02
1.101439890067800881e-01
4.773491879566717222e-02
7.465731686715496029e-02
2.352830611834418398e-02
9.585685933620341492e-02
6.771672798259781301e-02
4.827863090964373133e-02
1.115023492249347242e-01
5.423883240339333334e-02
9.926144202907370706e-02
6.913030761734909047e-02
1.036330677477179385e-01
1.110957817113490953e-01
5.035832787549512218e-02
7.623465203671671298e-02
6.153650488416582270e-02
3.146287529492291374e-02
7.121472469579540054e-02
1.006455630473478968e-01
9.501397079730915241e-02
1.005735554726184949e-01
9.971913387321693079e-02
1.012177989622544683e-01
9.940563500241376971e-02
5.835764994786703935e-02
1.076661289316072911e-01
9.726411312752653027e-02
7.752185596094450515e-02
9.187379733697279005e-02
6.744375708814259740e-02
8.314688899815025902e-02
1.935165762979274354e-02
7.378780828603041797e-02
8.524430088577504561e-02
7.971097858318910989e-02
8.324723849436375944e-02
1.075510452438498549e-01
4.778582558573860745e-02
1.091324309415134808e-01
9.306266163242964129e-02
1.083369784247354833e-01
1.107318557048205671e-01
1.106501758989117262e-01
8.989167325355466864e-02
9.361668468605180427e-02
8.465869810047796373e-02
1.047086967958475584e-01
7.443721735469670253e-02
1.166785437312927998e-01
9.572522655323487117e-02
1.121017935170780383e-01
1.035382967459767267e-01
3.179101541755303267e-02
3.223185673863061124e-02
8.843903967609018091e-02
1.137851486842073045e-01
7.503895206268119955e-02
7.211272158193440807e-02
8.763994790904319765e-02
7.985712761404195614e-02
1.023514107544854362e-01
8.016749597808831007e-02
6.953417821438721835e-02
4.275792834149368810e-02
4.443203523100468233e-02
1.000856191840476112e-01
7.866671268631435232e-02
9.554264565105842488e-02
7.794275636440939348e-02
1.114046169412026138e-01
6.998162772568970735e-02
7.976593299414665161e-02
1.069952158646024221e-01
8.103538524275163968e-02
6.743711472064538304e-02
2.555123864335217057e-02
1.063245437743496197e-01
8.105522987671687218e-02
9.050933156022084036e-02
9.009046777831987429e-02
6.486191786189365871e-02
1.064469970366030971e-01
4.999521359716357916e-02
9.255035798689278947e-02
5.873957323438374484e-02
6.372483100747601548e-02
7.566462088973603672e-02
6.462904336663306826e-02
7.061389648449645229e-02
1.088634463562777877e-01
3.719223429205400361e-02
1.075065421827074708e-01
9.308648649806855468e-02
4.398575004395668259e-02
1.083956078787649546e-01
1.132701259949622508e-01
9.811482475687470506e-02
1.040075073079626961e-01
1.115715513600177150e-01
1.051718868413919206e-01
5.054282084851686313e-02
8.993362619018263615e-02
1.145348559810721450e-01
1.039782305370420545e-01
7.056002849566979374e-02
9.944199177756059271e-02
1.036263819319102886e-01
9.092626550799030871e-02
8.434746119082543736e-02
4.858325526442167780e-02
8.261630099149756823e-02
2.461320216534628250e-02
1.063716186389292578e-01
7.757150869873064014e-02
6.006896486378224959e-02
1.071641687629454609e-01
6.629688651951651246e-02
6.270049626406420940e-02
9.070829285267573150e-02
7.800023409531588181e-02
8.525348995937304108e-02
9.120634864549338749e-02
1.059950558297195616e-01
5.075551177912619033e-02
6.694373279163856605e-02
2.890387350714706399e-02
6.840696737114670967e-02
1.019346537611136166e-01
7.026369822572102464e-02
8.345146360302761745e-02
7.565436196390573631e-02
6.794401727256157986e-02
2.523516991278028365e-02
9.755759885353151861e-02
9.638444325185134554e-02
8.759951661769871389e-02
9.893907134510020185e-02
1.060234670971536008e-01
1.132282890150237004e-01
9.372207595829004645e-02
1.010962050772878790e-01
4.514007911242540194e-02
8.812473977072814157e-02
6.132967641150569721e-02
1.107571773903869849e-01
9.060732764742863987e-02
6.623617940072626387e-02
6.231115698175069412e-02
8.899935544495571338e-02
9.571911552262427070e-02
7.916095348849319646e-02
6.308988451214368742e-02
5.489994753357683305e-02
1.081051858534576998e-01
6.209635442993189508e-02
8.836567000533231131e-02
9.637270075123099966e-02
8.330795401082023710e-02
1.899655033083384043e-02
4.787209763992894551e-02
7.240549911690383200e-02
8.335803896075721919e-02
2.958377238363596451e-02
7.941139206142393270e-02
8.886924315253769135e-02
1.143387936002909361e-01
4.875674269581582732e-02
8.208355392646697613e-02
8.608206865704676192e-02
4.925131716354864270e-02
8.598633977448701116e-02
1.089635566404394268e-01
4.176128066290902413e-02
1.152275670524707252e-01
9.022894177225501688e-02
4.650846625488026104e-02
8.064614711347561915e-02
1.016311813440615858e-01
7.912471389007422196e-02
5.786221246425080761e-02
7.945396763651642325e-02
5.010821536372456197e-02
1.034173279376426335e-01
6.927884195848831028e-02
7.054497917824781306e-02
1.050102425203180007e-01
4.569595220839705457e-02
4.233084435135660295e-02
6.725731947792201737e-02
9.771642559905165115e-02
7.062260583073952380e-02
5.804465387565789503e-02
6.061312727802376649e-02
7.309743186325691477e-02
9.982369847451245948e-02
5.505358477049417804e-02
8.935425700734057897e-02
4.281775161539962821e-02
1.479393992765381909e-02
1.055798001641016920e-01
7.855862741938066107e-02
6.239705275810282503e-02
6.924789661634357663e-02
1.058242617400764057e-01
9.650209014765293025e-02
7.926932977561833293e-02
1.117785894326140395e-01
8.017967103980017107e-02
1.123117784386040291e-01
2.394177093507562568e-02
1.015162090941699458e-01
5.187204511510958016e-02
1.156668962696226072e-01
5.270925601800621058e-02
7.901253410112762943e-02
3.111319839002173529e-02
1.118053150856028188e-01
8.904727528516849511e-02
7.805338924207286255e-02
1.139101713042316166e-01
6.465538648289510804e-02
9.936458430895488136e-02
7.383558000539801325e-02
9.053051225923570977e-02
9.438909662978067772e-02
5.676629959520432950e-02
3.372330260040236338e-02
1.074555649403574897e-01
3.714187436872262021e-02
6.137467357538217011e-02
8.187952056822213331e-02
7.401345912106431502e-02
5.794259100796116807e-02
9.017725293473886905e-02
9.241632846429631565e-02
8.776245599606539993e-02
3.107237561712285559e-02
7.456444233267489619e-02
8.996174753396379842e-02
9.276097712623264380e-02
7.132141422056348379e-02
1.147859001409194668e-01
6.722200995626154141e-02
1.074989561020081169e-01
6.736578749662075483e-02
4.082145870555019956e-02
6.108724332449834427e-02
4.344860086935155991e-02
8.679237032545375485e-02
6.081672549497628422e-02
1.016813428422818771e-01
3.275756037212797928e-02
1.134647326879101165e-01
1.157698460992061112e-01
9.144672862246869260e-02
5.981153444618138304e-02
1.145358527482485955e-01
3.290205702917416153e-02
2.868455399319734533e-02
1.029623753595186320e-01
5.679260346457518788e-02
9.057435566610223809e-02
8.456524783626130637e-02
1.093183312506996324e-01
6.017476884722876979e-02
8.324283444092116235e-02
1.052757209355205115e-01
1.089526338500718672e-01
8.470816407571407636e-02
1.057748540371312856e-01
1.026211829260496450e-01
1.140516899151402808e-01
9.862977039351644715e-02
9.758438560980756127e-02
1.002921462750250847e-01
8.828828861678800211e-02
9.814158078858722933e-02
9.837612182100466396e-02
7.992917514575988147e-02
1.080979095201220347e-01
1.145505851839315192e-01
3.745488779136259272e-02
8.279679044894090734e-02
1.018243125851156505e-01
9.555711624547887084e-02
1.142497136346051212e-01
1.121233044660910200e-01
8.989870421499633613e-02
7.870309903277097896e-02
6.645085876193070062e-02
4.443621663676426692e-02
4.693566529814275495e-02
7.850190851380363377e-02
1.019975245254638452e-01
1.133733983514407101e-01
7.281524530470458167e-02
4.715599084756705306e-02
8.207645972872124052e-02
1.076473650705130208e-01
8.815483455401953994e-02
5.183196603607282543e-02
1.056340035340953554e-01
7.878154305405174473e-02
1.154610805443861965e-01
7.481521184128542279e-02
8.792856552838163031e-02
3.884199815514929877e-02
8.406033218494668446e-02
4.787009879472044205e-02
1.115369381310821889e-01
6.521877053396148149e-02
5.912563572690466424e-02
1.081518361162311925e-01
1.107101237857154030e-01
7.665997448120444313e-02
9.024464423475717090e-02
7.759227922803287048e-02
1.097694643569158690e-01
1.038871146468011569e-01
1.071116848365865487e-01
1.114878855029143856e-01
1.107429957643625562e-01
8.439629729851048923e-02
1.115492896422436708e-01
5.536138906916913266e-02
7.583151553204331430e-02
9.497374484560391905e-02
9.514804829225601002e-02
9.340740554149191965e-02
4.318032821783433090e-02
6.733161893581007806e-02
8.680255641952076828e-02
8.018426770216091626e-02
1.149149535693725771e-01
2.153562591067254353e-02
8.296910802269621965e-02
8.362840842514800144e-02
9.655687462700161816e-02
1.031989670004631876e-01
4.164725386837572069e-02
6.535128804227348376e-02
1.070655441030995414e-01
7.391288963193601291e-02
9.170157623155884841e-02
1.132362920197701600e-01
1.085004777939810872e-01
5.906202162604578393e-02
8.890811255199512764e-02
6.788542543443065735e-02
8.546704692512910317e-02
9.013354958360501878e-02
2.866980981303407852e-02
6.628134020222378742e-02
9.840679680606093105e-02
1.034687771510738458e-01
4.071466183824212770e-02
2.480775140641559504e-02
6.648660286195996749e-02
6.449586118661283785e-02
3.328638543544393258e-02
8.946246248183084560e-02
2.824250741201676448e-02
6.221151759408032056e-02
8.561145183171699202e-02
9.751278937448465411e-02
5.076256348548594671e-02
3.632980710507763972e-02
7.457372291967251376e-02
4.238094245762073775e-02
1.137146771257483147e-01
4.482156787458617397e-02
8.104893642819895050e-02
1.058100670127258836e-01
1.084323399462063103e-01
1.108139415636487518e-01
7.900351417000922583e-02
6.914121125834191139e-02
9.360625790745714936e-02
1.146868034191648456e-01
7.294765550712956070e-02
9.448265844167139105e-02
6.210802729753092666e-02
5.768504220415753003e-02
8.863932034001033300e-02
9.222232942468508443e-02
5.364152192859299867e-02
1.003865305603547364e-01
3.869517226998206438e-02
6.913618031519271068e-02
3.161755782885271315e-02
9.817451068221830224e-02
5.109889446547489361e-02
3.149122961716603608e-02
8.400396996942079142e-02
9.313364087365970378e-02
7.134856252667953758e-02
8.829164355542994114e-02
1.126638999639139466e-01
9.818271240102315056e-02
8.894338448464846059e-02
7.119358152951529850e-02
4.402324552795103957e-02
5.380485580711676791e-02
8.892012318160312512e-02
1.060427090318549898e-01
9.243789427967770422e-02
6.986196228610395964e-02
1.112644466603150833e-01
8.564242275122964376e-02
1.771179559683409149e-02
6.561024299744989963e-02
8.843144973762573358e-02
1.102667215912574855e-01
8.801817598350268612e-02
8.939651488307896743e-02
9.519134020158862008e-02
7.382640567984520563e-02
7.969062191400122508e-02
2.729775485758664452e-02
1.123645787697990367e-01
9.105459638040831749e-02
1.099928219799633927e-01
1.131231360878946629e-01
2.542016383853123659e-02
6.404307761631203300e-02
7.700253257860230349e-02
8.402577893069008985e-02
1.117016894823362611e-01
8.806037479875604423e-02
1.123145736285123403e-01
6.647214047112681712e-02
5.628276213724776184e-02
9.587867765445398649e-02
8.116319118801414156e-02
6.770860977387246904e-02
8.414306917412013587e-02
5.641868775468279751e-02
9.900760296959636164e-02
3.275560908793823112e-02
9.831255645457449843e-02
7.698274636284371808e-02
3.706965031565230551e-02
9.700181455166481670e-02
1.113787931556279864e-01
9.855506598720249756e-02
8.571194348741627278e-02
7.088127922882381249e-02
1.125601451005379394e-01
6.446074100579367305e-02
6.226449753807914572e-02
8.976840684817583016e-02
1.098053616512928155e-01
8.485191351160002726e-02
8.005680228830110157e-02
3.430470854934808411e-02
1.111167773208978776e-01
1.082037116851211900e-01
1.047023125148967421e-01
6.012515334249134147e-02
3.539922844237804178e-02
9.329635942307418217e-02
1.159586405753559313e-01
1.014419993146963850e-01
8.829121102671845522e-02
9.467591732639067670e-02
6.871544241566714117e-02
1.037684518349570317e-01
5.086853375175263287e-02
1.015927261205510357e-01
8.233916485024553311e-02
7.434205986892529483e-02
6.183012169564314209e-02
7.936678903738002278e-02
1.047027687720330918e-01
1.143052511773040292e-01
1.048211615831941557e-01
8.236896064419363395e-02
9.160229271195120815e-02
7.204994190980774926e-02
3.710515666467567586e-02
9.300891201969570254e-02
9.500715351843411205e-02
7.789167399166992134e-02
1.059747480167393952e-01
1.022676578282101928e-01
1.058348365207324171e-01
6.845369603801791658e-02
3.641254447479349426e-02
1.062084322129857594e-01
9.854463021165572878e-02
9.969299014197741116e-02
1.035771576917131481e-01
4.407949457645597008e-02
1.138111348759397734e-01
9.991941864153321140e-02
1.152589964064158895e-01
8.048546201306318315e-02
1.126173194417605244e-01
3.035968580854390975e-02
7.005353344922088388e-02
3.863433033473236133e-02
7.800522211274089901e-02
7.316178320541015523e-02
7.929455032178249485e-02
8.395216774445800334e-02
9.528226734682883337e-02
1.015265144664123098e-01
1.095469181042200146e-01
1.012641548434414368e-01
6.045997236040980688e-02
5.118290510770315965e-02
4.875781111287072478e-02
1.049505425612900916e-01
7.866293884070554854e-02
7.105018956998838953e-02
5.014945427470527545e-02
5.328452316079847900e-02
7.129031656225377767e-02
1.075581328049771135e-01
1.103844014886452840e-01
8.918084675301400643e-02
8.260436584957900341e-02
1.107987084720818138e-01
1.106790310795717353e-01
1.084301626170231792e-01
4.251579920422211140e-02
8.561712711192313863e-02
4.151857942156252090e-02
3.354684577553497526e-02
1.046505081709546980e-01
1.069234948373762872e-01
4.984125650097716992e-02
1.011285029291314752e-01
9.396992037506909923e-02
8.625003400884329041e-02
6.645308589429350932e-02
8.148073463966756802e-02
3.212038581230899914e-02
6.927649852255439444e-02
6.757469378354657996e-02
6.273494392878088688e-02
8.708583170095453296e-02
4.331601551640516801e-02
5.149466374790675344e-02
1.077002959366767515e-01
3.210523889415282939e-02
8.294491508322654472e-02
5.341286626141170113e-02
8.062058148433125238e-02
9.493596011246954736e-02
7.840513091991746508e-02
1.039867151437286613e-01
1.107833331369878493e-01
1.054282490227945041e-01
1.149556958943304119e-01
1.019389250415455861e-01
7.742396795413582222e-02
1.003795012378052853e-01
8.185408867322423176e-02
3.633045919596290807e-02
1.091327350726905010e-01
3.774420845609482295e-02
8.904746381862657656e-02
8.193271465263468611e-02
4.742836477732832734e-02
1.014036093365250774e-01
1.154689642763762902e-01
1.083298411013703666e-01
1.128864447756260103e-01
7.461076699112313693e-02
1.145224430721693692e-01
5.706680665047748902e-02
8.151796773600755719e-02
9.635860268594682865e-02
1.123902618262601627e-01
4.321791997706275756e-02
7.645319156896618340e-02
1.000717102506366307e-01
9.883908177588798805e-02
3.578876560220776992e-02
9.279802929922775778e-02
3.638751161945006501e-02
9.941502912379512891e-02
1.161321997959996050e-01
8.918692360279902032e-02
1.158276128443406633e-01
6.792766206961604880e-02
1.151550157998800922e-01
9.578884004468758706e-02
7.920640115499444356e-02
7.484337688477948891e-02
1.034101731316988820e-01
8.661470989182923352e-02
9.379905106509517365e-02
9.029435582448805397e-02
1.068806969593191214e-01
7.114708246229303756e-02
5.531473123849546536e-02
3.602792257412575083e-02
3.986477380329397913e-02
8.196148754656892854e-02
8.953819406920077162e-02
9.881104881880546642e-02
1.106694515306210769e-01
7.815282643185726685e-02
1.156998286856636832e-01
8.936746507980738996e-02
7.539417024939934486e-02
1.090313909357351896e-01
9.714371541140832955e-02
6.360643980367843009e-02
7.811847346214854937e-02
4.689913692437060883e-02
7.198272882602974043e-02
9.765171371933126232e-02
1.148010644942450420e-01
2.808887661745680317e-02
3.085312623147650965e-02
5.352001398924802894e-02
1.036507035632674850e-01
7.192542767982688934e-02
1.162465076118001372e-01
6.114850878220563085e-02
1.817602403133275479e-02
3.145045587617792404e-02
6.095500172614042728e-02
5.135655581086770449e-02
1.019608564024883784e-01
7.541706061411601603e-02
8.203493703217905331e-02
6.585736151207896572e-02
1.127991838872626079e-01
4.333152804186855833e-02
1.030595700653147012e-01
3.213081020662134080e-02
1.058917137141276305e-01
4.803012307253394508e-02
5.768016694640570180e-02
8.151007719909411642e-02
7.589182948077471957e-02
1.028092940197189720e-01
9.319121451064003858e-02
1.126805817609689703e-01
6.816206917683755029e-02
8.199095827428309891e-02
8.683012711358104041e-02
5.119482692647030209e-02
9.554458155917366913e-02
6.158035661713705256e-02
4.475793739424722972e-02
1.144002231883041454e-01
9.602414828601398000e-02
1.004204401138683450e-01
7.832224920200268892e-02
6.679721399025745354e-02
7.969786630273645311e-02
5.284515345899463284e-02
5.948352291564561189e-02
8.753599615787924226e-02
2.391165571583753896e-02
4.004524124618919628e-02
1.132584366992368669e-01
5.387846868858113536e-02
1.104382994384308370e-01
3.438847965030634307e-02
6.860972559358700928e-02
3.472589106284489080e-02
9.051695240560507505e-02
7.175471227406249319e-02
6.506852129223494874e-02
9.770290558164283767e-02
9.362518560919134980e-02
5.723852527981424659e-02
9.131054964360399429e-02
1.030916377139503709e-01
9.001250136837134208e-02
1.085822677237880673e-01
1.144274645171699245e-01
7.345789838589178444e-02
7.333821112761408634e-02
8.282473873104193030e-02
1.039082482825566534e-01
7.479893141421374569e-02
8.086332640877298694e-02
1.795437312851252618e-02
7.766310072729117053e-02
1.145862864275414283e-01
9.489388846751321827e-02
1.134386069822670012e-01
8.253635409066190087e-02
2.454591681248688428e-02
1.138025390343473803e-01
4.940756128801613439e-02
9.480205129267484099e-02
9.770949480880534999e-02
4.124569590638123978e-02
1.082207161185370081e-01
5.959061278939848522e-02
1.047507236716353485e-01
3.292352287674783773e-02
5.588215467438820139e-02
9.656637611976252866e-02
3.781572913632174487e-02
5.404453545678846588e-02
4.706983161589384235e-02
7.366692664405155577e-02
8.058021669930473529e-02
1.037910961587814734e-01
8.253453312709121970e-02
7.840210236602175586e-02
8.180392838167301062e-02
8.704568628630988958e-02
1.039689672609531157e-01
4.765417061008957872e-02
9.670262926458039754e-02
1.082841125203983373e-01
8.288931986833412979e-02
1.013557993670675533e-01
1.140953807363467715e-01
9.221481733658719315e-02
9.421992447814056537e-02
1.132194792742928224e-01
8.388853112109187493e-02
1.039688012407421064e-01
1.003339753180524790e-01
8.763682202814537803e-02
9.586124691656833230e-02
7.032859526226903357e-02
8.503245567291317641e-02
5.640649547494681892e-02
9.590081936622278647e-02
8.113323882325158831e-02
1.136036010156414588e-01
2.332872479484572603e-02
1.116795999207631784e-01
1.048657596114377921e-01
1.108465652755489528e-01
9.450362635684489421e-02
6.634235726786978649e-02
1.161314714833841938e-01
5.513643878790523700e-02
1.088945046763766383e-01
9.362967561983859266e-02
8.639510333215333349e-02
1.046126739121844978e-01
8.295834646468533413e-02
9.216299887847261008e-02
1.081498810615983269e-01
1.062369713684297168e-01
9.389714704701054848e-02
9.201088029465974427e-02
3.330513531185318177e-02
1.015913744683083625e-01
4.363886409702925212e-02
5.118097469025985335e-02
1.160070522000741788e-01
7.374758707305271999e-02
1.117723979913770455e-01
8.561414462089533828e-02
7.091402920857360626e-02
5.338581245124333907e-02
8.166294999143315636e-02
1.030001331271783171e-01
8.400405886221597174e-02
1.012396235606187606e-01
7.605637715080403038e-02
1.128496333126101786e-01
1.154384617061369883e-01
6.453420037044772795e-02
4.309183357928599023e-02
7.253581154552969645e-02
9.494422185942187620e-02
7.197062461722009141e-02
4.763961255818306012e-02
6.484217968235468643e-02
7.616954152161856118e-02
4.058766433965831782e-02
8.546983324105313085e-02
3.103195049531203703e-02
8.428359770033415355e-02
1.062492235298892057e-01
6.231594710766011347e-02
1.084941175444012473e-01
2.694667165553175231e-02
9.696283577078469718e-02
1.064837480147643178e-01
1.033029434218100673e-01
3.591715657797718564e-02
8.668910605436971895e-02
1.016005880268521094e-01
8.085967774710774159e-02
7.138946152891804953e-02
1.146627394309740616e-01
1.147212982062048026e-01
3.409318450481330087e-02
8.553142883946431019e-02
1.083956388516500585e-01
4.701121787734515584e-02
1.032570443963495149e-01
6.302893546012597326e-02
9.887915877867689551e-02
7.935105550799639862e-02
1.083590382644752104e-01
1.155432968945052513e-01
1.048385707309617554e-01
7.479584865230091972e-02
1.165222341432921443e-01
5.878173322432990455e-02
7.764062661890157313e-02
5.293975888645301164e-02
9.908272135581004669e-02
4.585797204924525056e-02
1.103449489577671139e-01
8.499120408276604477e-02
8.506987211249147918e-02
6.823348701002571182e-02
6.913994071858028945e-02
7.851188034786987791e-02
6.412413994712949650e-02
6.620263771661781538e-02
1.000229565977232837e-01
7.916785697937828159e-02
3.368895138700968295e-02
4.952904816789681364e-02
1.013687174658840090e-01
2.886326563726741151e-02
2.183141302414095403e-02
1.036231507322591811e-01
9.859052856135697152e-02
5.020927461860853758e-02
1.060767911900576121e-01
7.627208553190692464e-02
7.648557368972952464e-02
1.045561384276450234e-01
5.611885014861660304e-02
9.713329706116147211e-02
4.523196758620057906e-02
7.838971850752050885e-02
5.596492338923111931e-02
1.107390170797438039e-01
3.144976055140556725e-02
4.266032898323037642e-02
1.116461626241050942e-01
1.119912788994883446e-01
1.041896995947763360e-01
9.320553352542820802e-02
9.291769876811500906e-02
1.022149278662209532e-01
6.398252407143377452e-02
5.034770297487201757e-02
1.090514118552791262e-01
5.037722133382165762e-02
5.515441504138613588e-02
8.906044430253602651e-02
9.189710332381438584e-02
7.606513459505837016e-02
5.009709242946474433e-02
4.466616931059406992e-02
3.647800322151999175e-02
8.734975457687568778e-02
1.134453010630232239e-01
6.768658009892249139e-02
1.082911351117031573e-01
7.904215850954200706e-02
7.609756132486589220e-02
3.994443085699859314e-02
7.836660117086326205e-02
1.131009255967197757e-01
1.043380366319177771e-01
5.974501362267661125e-02
7.899850879021949601e-02
8.784925245949166961e-02
3.754539032659687248e-02
1.119084858446499076e-01
6.300722070116158979e-02
1.154882003661920897e-01
5.161727300866628815e-02
9.627837321403832915e-02
6.980910498245414264e-02
7.691495984677615416e-02
1.109864011301049253e-01
8.246735168495721024e-02
8.586509842013938243e-02
8.499316780786027314e-02
8.855366187704809267e-02
9.816423292557907576e-02
