7.001101597501714624e-02
1.391125356377893030e-01
1.339751231836998069e-01
1.155717450617559372e-01
1.231324607986602065e-01
1.308950988736353460e-01
1.309148104521835332e-01
1.317685534444137940e-01
7.571395003241519761e-02
1.320216732584388875e-01
1.279433055318565382e-01
1.382598257331084657e-01
1.336623365491433901e-01
1.187048214551605640e-01
1.286336947255755092e-01
1.138374475395509816e-01
1.079228529164450862e-01
1.272842880205639071e-01
1.271787815279819822e-01
1.284066601227064897e-01
1.335244336139181365e-01
8.327388047738802646e-02
6.164518132669798839e-02
7.906501171882659995e-02
1.376787697658238274e-01
1.325868250929484737e-01
6.779054184153555929e-02
1.174789103858120687e-01
1.152699559152889214e-01
8.534756776055142657e-02
1.273529220622406366e-01
5.004068929246364983e-02
1.189219627400230905e-01
1.347376446928269800e-01
6.329795110220137744e-02
9.977824418084139946e-02
1.271881368782920574e-01
1.362377298094363254e-01
1.386841719910302251e-01
1.247393190627646836e-01
7.285070700355708584e-02
1.273918202626424523e-01
8.974468554369303963e-02
5.128631772008213074e-02
1.299434360732691085e-01
7.972389038410861162e-02
1.378855459682369333e-01
1.272942383185725890e-01
7.495985893356034435e-02
1.271787228481845999e-01
1.260782967888405826e-01
8.537098996192514500e-02
8.144516084483817420e-02
1.261261199381280562e-01
9.181141744745442701e-02
1.349340740138434414e-01
7.658426001859504340e-02
1.326064468170669586e-01
1.079050248877315571e-01
1.237476714779338766e-01
1.368849252458138877e-01
8.211691579662099005e-02
7.752165866015198192e-02
1.355049454469050008e-01
6.900441784523868305e-02
1.346212288742084928e-01
1.170602519278050174e-01
1.321121970800974432e-01
1.270802325305222802e-01
7.828863294134495721e-02
1.269220852571263380e-01
1.301120726843432163e-01
8.979349295427122013e-02
1.286502260145486465e-01
1.279014195869091486e-01
8.959735398562000686e-02
1.213749238040669476e-01
1.209073831952230255e-01
6.370676000055952581e-02
1.264159090741968638e-01
9.258430606578596511e-02
8.317973353126983937e-02
7.594135920168873510e-02
1.337075495406072068e-01
5.109114064325093185e-02
1.180854334982129328e-01
1.319856528632240289e-01
1.283981752351210925e-01
7.799624742661204202e-02
1.163515259541759300e-01
1.332020073123724724e-01
1.292863792770029274e-01
1.337465824074980658e-01
9.156660945335753921e-02
1.334842186417675713e-01
1.141036214505663920e-01
1.122303340519203024e-01
1.289248683467069667e-01
1.356086833924614876e-01
8.279309849322656623e-02
1.364365467652357555e-01
1.314556460585448172e-01
1.178156318417714205e-01
1.300735525724380781e-01
9.234124583778338669e-02
1.300928296882150892e-01
1.379771551546114250e-01
1.286444137428637280e-01
1.279647615555054574e-01
1.293134127814988821e-01
1.272426765564824702e-01
1.282894499463898552e-01
8.749129279780647195e-02
6.759330543496179511e-02
1.302337741986198394e-01
1.351275786741320262e-01
1.251878692994642384e-01
1.228111542106246346e-01
9.668564872384213804e-02
1.285073791595540138e-01
1.369003280254428578e-01
1.274110739999172182e-01
1.026448501428608717e-01
1.337379644507325216e-01
1.302629926404235694e-01
1.312728120274816168e-01
1.259448960883163826e-01
1.353085903816977353e-01
8.992344126424467454e-02
6.817194137692676736e-02
1.280805457653419188e-01
8.126672416054923909e-02
1.279537069451445186e-01
1.272072197791884185e-01
1.305874657148502482e-01
1.274582799877611028e-01
4.690718565555384439e-02
1.314004318373197255e-01
1.308416487551405105e-01
1.187877689703421558e-01
8.488837376952462765e-02
1.347091044116165981e-01
1.253537846271016998e-01
1.305683536280573265e-01
1.291772909517877044e-01
1.206201614745364969e-01
5.430505264473668714e-02
1.306813379318205182e-01
5.077847274077334355e-02
1.347094030070032644e-01
1.056642092216669715e-01
1.365097674984207254e-01
1.257239965109197000e-01
8.597859670322133274e-02
8.956608916277497556e-02
1.273910656668693631e-01
1.251350370004213897e-01
7.334175998370257021e-02
1.359118137672615800e-01
1.319923561388826050e-01
8.888552359901959188e-02
1.268627374693231669e-01
1.399149235732626839e-01
1.131636230676934529e-01
1.373722386903438175e-01
1.112321772841755180e-01
1.310586566868377489e-01
1.271653362255211195e-01
1.270843821562709364e-01
1.007580467438926042e-01
1.374594295207943462e-01
1.296818171443569756e-01
1.306870182827736815e-01
1.244162824605019452e-01
1.266963599373227278e-01
1.295518769066809905e-01
1.279920413601145501e-01
4.640599695336853486e-02
1.353004391391207650e-01
6.860379561422629002e-02
1.290206310762389286e-01
5.015593998618834287e-02
1.071698315982637928e-01
1.245964954636769317e-01
7.907307662472086440e-02
1.323827833141563437e-01
1.373453716273368430e-01
1.285681198539474490e-01
1.269486929633338590e-01
6.442003644299919285e-02
1.296335544486420521e-01
1.290463609580063120e-01
1.310252533252793949e-01
1.280391001929584993e-01
8.978806811219267048e-02
1.288090265861673855e-01
1.083924318895366640e-01
1.283081273921675425e-01
5.378285487882297072e-02
1.297420285781791527e-01
1.275051955265962267e-01
1.076813261836702257e-01
1.343805138598664906e-01
1.293066003924208951e-01
7.068146000741819257e-02
1.361650296011437389e-01
1.295235140131257012e-01
5.053105829933147997e-02
1.273798282811555160e-01
1.370553039739673407e-01
1.389508485747465993e-01
5.417485750355025692e-02
1.273281275598066309e-01
8.832497625389325313e-02
1.263548654513993452e-01
1.315597403226756723e-01
1.335601146382404125e-01
1.336820342811072537e-01
1.271729195480711117e-01
1.277035049737663686e-01
1.183564901037812700e-01
7.796885882998054462e-02
1.314518393460543111e-01
6.389099827531734277e-02
8.470522319521778254e-02
1.221675680618509313e-01
1.282099185248198048e-01
1.217614296180217492e-01
9.480412819088081255e-02
8.124357772898942176e-02
1.397173621079944861e-01
1.272927596253039251e-01
1.346628553370332326e-01
1.204205992782844264e-01
1.349565887467329972e-01
7.128161856560830123e-02
1.290501640452760279e-01
1.339450697329192530e-01
9.189392879597527153e-02
1.279424427694930699e-01
1.387350060253251527e-01
1.180096160365578795e-01
1.226274377149754735e-01
7.651720621916217879e-02
1.355931530867315049e-01
1.259485467944480575e-01
9.102355212095727954e-02
7.535871849461113492e-02
1.046103787966401466e-01
1.273208280555385985e-01
9.138565202859529057e-02
1.272130983232616641e-01
1.218574922994694471e-01
1.348494434645726714e-01
7.266433867234237121e-02
1.373612280805890373e-01
8.344678826986452747e-02
6.776177443400810407e-02
1.336563651248830753e-01
1.337563853048672757e-01
4.633994371644902660e-02
1.256108425631353998e-01
8.364849274149016578e-02
5.911061712984886501e-02
1.274370806841266524e-01
1.367264234580466975e-01
1.294677888815919387e-01
1.249777583057499475e-01
1.272643825504918003e-01
1.189492943306623418e-01
1.329338382095493765e-01
1.342136291012244187e-01
1.101042909489032551e-01
1.284445829476953960e-01
1.273046207532220753e-01
6.846450946076194921e-02
1.251390961821004510e-01
1.345985249257776184e-01
1.241289632597955550e-01
1.071248714380251404e-01
1.346222637445504966e-01
8.529903578793186780e-02
1.279817747677384487e-01
8.645000131091006013e-02
1.323013398535668461e-01
1.296203532516977952e-01
1.331230595340248957e-01
1.361392930391716050e-01
1.272012288594709939e-01
1.074905555812308566e-01
1.330268268445138624e-01
1.234835976862576901e-01
1.238008387108492370e-01
4.904204357111192902e-02
9.209639637618802221e-02
1.272517754267723511e-01
1.274987171785594287e-01
4.665680260640400062e-02
6.875651814519445626e-02
9.495236857712792411e-02
1.005020382535362078e-01
1.220276211053880622e-01
1.271767233096069982e-01
6.071112601464381808e-02
1.331177087674994541e-01
1.142249677507305855e-01
1.127733901357655666e-01
1.355968076727905869e-01
1.325006087735136062e-01
1.352663753002013025e-01
1.382395752603221284e-01
6.932382961285263323e-02
7.764567634790302264e-02
1.305559951915570283e-01
1.189111461267461645e-01
9.675068414156681729e-02
1.273855410356630746e-01
9.205972265594487836e-02
1.368072878181295082e-01
6.777981803288464502e-02
6.466743101856781140e-02
1.282933168922394951e-01
1.384485740720948488e-01
1.275897366878138706e-01
1.286572215051415835e-01
9.504410700012509705e-02
1.042699867772528405e-01
1.279352062076391794e-01
8.793459419281525469e-02
1.274192827655284410e-01
1.188052814130119567e-01
1.286019803069449463e-01
1.271697144465595009e-01
1.278779436291363758e-01
9.806423316547324687e-02
1.373768611438936638e-01
1.334177622914361760e-01
7.378334929930056851e-02
1.323608507040080484e-01
1.335012772048863872e-01
7.712757178721674212e-02
1.249567313179232309e-01
1.272604828736466631e-01
1.275359051288623147e-01
1.365789781360981225e-01
1.185133675709089673e-01
1.385527865622313282e-01
1.283476373059577458e-01
1.389416071435326527e-01
1.391296950805479826e-01
1.269045326222979497e-01
8.850701825227000330e-02
5.398474870921822488e-02
1.390027248581940100e-01
1.297016965205705086e-01
6.296003956071752339e-02
1.367467607552383391e-01
1.382657760333090846e-01
5.004284937401271005e-02
1.271675538558711127e-01
1.396065610414760072e-01
1.280521453706693347e-01
1.269566163334324149e-01
7.440500228147454986e-02
1.072648526102520511e-01
1.382444121972078444e-01
9.519464832613593053e-02
6.959305688922499955e-02
5.433697812582739817e-02
6.814409696746837053e-02
7.030503210586255824e-02
1.271770893727263152e-01
1.312527436344849419e-01
1.305244819065770334e-01
8.386061684171434993e-02
1.262545617656202768e-01
5.018973848478521654e-02
1.324880350996185396e-01
1.271308841371030229e-01
9.525222432500465852e-02
8.437027244628993172e-02
1.036165856508444311e-01
8.928058934667175428e-02
1.298162739786814235e-01
1.291370323046617530e-01
1.272024917488063511e-01
9.097737532927047122e-02
1.334600217906819486e-01
1.290979883076520396e-01
1.291706352588430362e-01
9.208629281869179506e-02
1.172254668975701020e-01
1.369369662677530908e-01
1.267428922611354980e-01
1.269304379455540310e-01
9.136800118112928248e-02
1.287284362555758399e-01
6.748203014460889271e-02
1.280540067285191874e-01
9.293338988604109285e-02
6.115161154335057442e-02
1.113851318654215522e-01
1.326309361539301512e-01
1.203411333908838005e-01
9.335803366749609311e-02
1.345388155163958488e-01
6.229824224364913926e-02
1.391928659434948923e-01
1.217737085882525383e-01
1.282150672347839582e-01
1.330891165106426743e-01
1.253453679254483699e-01
1.383892824667995181e-01
1.280776343577010312e-01
1.289669293336111189e-01
1.360391214658795145e-01
7.408074385894926339e-02
1.279559727346973597e-01
1.279661759437688284e-01
7.547316503485126948e-02
1.205822235004075926e-01
1.373562159212603218e-01
7.504056464440121699e-02
1.213186720035029781e-01
5.512963889954849983e-02
1.322366743142666667e-01
1.050635477560055292e-01
9.253049480968018881e-02
1.273730747667606022e-01
1.016587295678873931e-01
1.359315966243004881e-01
9.258248041690769758e-02
1.271151131960449043e-01
9.879124729813473782e-02
1.290471988835698025e-01
9.781630799576715440e-02
1.275902737376274076e-01
1.274270215071705015e-01
7.501661898288024266e-02
6.485673574907777073e-02
1.277287521670702752e-01
1.078934791734065396e-01
1.215280083546264600e-01
1.302123617694524171e-01
1.367020274829665316e-01
1.320253318211235816e-01
1.028208605908924045e-01
1.267586397852923097e-01
1.286457078814841337e-01
1.199114519300247955e-01
8.328515878989324606e-02
1.276118939343033332e-01
1.348063618556497034e-01
1.268812795858997311e-01
9.143674970847634476e-02
1.293856314867596335e-01
1.285497302538122222e-01
1.225672964834759182e-01
1.326876821661880368e-01
1.245879590426181571e-01
6.853185290355072457e-02
1.353374961336105131e-01
1.280670143523381932e-01
1.158778949959768934e-01
5.230847418831105489e-02
1.315064262235295101e-01
1.362953998644748921e-01
1.269728992783061283e-01
1.291597412756950169e-01
1.015036103828156760e-01
1.147778629450931509e-01
5.831422427704940903e-02
1.276226938368072439e-01
5.744218820966354166e-02
1.274179867486545936e-01
6.093833713948815928e-02
1.266896740367578489e-01
1.386149242244475721e-01
1.299657365747559079e-01
9.826642374467030316e-02
6.467216383236069899e-02
1.186860414539785830e-01
1.394498097097831291e-01
1.340404759678965052e-01
1.199763337045842149e-01
1.275073415604058569e-01
8.030875685529825780e-02
8.151885726956584199e-02
1.272240198382337817e-01
1.281706166619889231e-01
8.406675086795485641e-02
1.312911882043847622e-01
9.388429572562947967e-02
1.373902635354355417e-01
1.047090765241672494e-01
9.613398808951297003e-02
1.272424047611532827e-01
1.302314821878952644e-01
4.527000301188954107e-02
1.265266902882846434e-01
1.395318236198497541e-01
1.204368382036710566e-01
1.340973594307279526e-01
1.124525090935901972e-01
1.283547080292608000e-01
1.397542952516276915e-01
1.276679859313450127e-01
1.366774205871995884e-01
1.338315792284638928e-01
8.492276984330937584e-02
5.541840734834038024e-02
7.666079795183092238e-02
1.359670318375309772e-01
8.514556878223744629e-02
1.372417017884525470e-01
1.383966407466780957e-01
1.301803952521703445e-01
7.235181387438784084e-02
1.343987672354816365e-01
1.081982135656372468e-01
5.151240923298749247e-02
1.251749171389481829e-01
4.696750482266272286e-02
1.339318942733408735e-01
1.326652058679109458e-01
1.010780901057038023e-01
6.846899947501422501e-02
1.307228248230535572e-01
1.234934049225499125e-01
4.744788193136845189e-02
5.031744066771012824e-02
1.168175711331027461e-01
1.057326306498011237e-01
1.304460725135973553e-01
1.218331579221211963e-01
1.286806986979411593e-01
1.025612892507043045e-01
1.259887138678895957e-01
1.324875817315581128e-01
9.450787265800281167e-02
1.211198644437510991e-01
1.272275840912479028e-01
1.282516765247041779e-01
7.848342144626302419e-02
8.397404390827750698e-02
1.303541085020757384e-01
5.699713445473718332e-02
1.272500934865250788e-01
1.275161928605605122e-01
1.274950019427326664e-01
1.271801325600237231e-01
1.382349928413129647e-01
6.755238712659657196e-02
1.297401513393365846e-01
1.273421398925569381e-01
1.109735693852122174e-01
1.351365826110414170e-01
1.282134410874093688e-01
1.370515999746068359e-01
1.198860562072298075e-01
6.348023792587464964e-02
1.378030178828401897e-01
1.305180119902927260e-01
1.278995578042137760e-01
6.147347923908248746e-02
6.509754672077135151e-02
6.178440864673421379e-02
1.284759354216201965e-01
1.315151334754681434e-01
1.328402516431294866e-01
1.014206361862292211e-01
1.268615547608537286e-01
6.543407728986745664e-02
1.379162008859860789e-01
1.388042333140535045e-01
1.275729306266975005e-01
1.050484689030631025e-01
1.280207501129679015e-01
1.318997191194854479e-01
5.855224688489563123e-02
1.186549416467146678e-01
1.271967815203622898e-01
1.156996259794701998e-01
1.270453657953773408e-01
1.350987557756198332e-01
8.763164407328163930e-02
1.278996406356115167e-01
1.336545685791806493e-01
5.181037987677435119e-02
7.942033232058558212e-02
1.279829901645199164e-01
1.272194868402409529e-01
1.181582946423887087e-01
1.043965120320431983e-01
1.281871908635906776e-01
5.656982591051849807e-02
6.727878740129809854e-02
1.303142697950847306e-01
1.396968295951271644e-01
1.288050738655696636e-01
8.749999306011972677e-02
1.287141521135909128e-01
1.260615077935273165e-01
1.290384817131902950e-01
1.290849165582395042e-01
1.328830807147325099e-01
1.374107260365293459e-01
1.324309874926647979e-01
1.114861843096273397e-01
1.274771705329737215e-01
1.294472889236690238e-01
1.297687780400473834e-01
1.333588608673151044e-01
1.190145836860856676e-01
8.518127087181444346e-02
1.276957881780683424e-01
1.283020953073833736e-01
1.081068470699037276e-01
7.304391156239251059e-02
8.187109791563969285e-02
1.318817859666529535e-01
7.137896470278343175e-02
7.234072526456984675e-02
1.241576690059866400e-01
1.179753522614279126e-01
1.293541443765068299e-01
1.086085061314413097e-01
1.016194129045393107e-01
1.176793418584076295e-01
7.409097456785902758e-02
6.815810025473541256e-02
1.104560527246338519e-01
7.163652394822153657e-02
1.319939845402642309e-01
1.108109981698505719e-01
1.208392053790428577e-01
1.116395403597843505e-01
1.271233777447176860e-01
1.273681786062084986e-01
1.295234406223521317e-01
1.307318921999794381e-01
6.601491059839507958e-02
1.279968771169513742e-01
1.198502488000941363e-01
1.341123258032702603e-01
7.104344579481626509e-02
1.395191178309297952e-01
1.078323008399431904e-01
1.334114158652368043e-01
9.228804295353044973e-02
7.457282345873150753e-02
1.290942207176521139e-01
1.258035931436647936e-01
9.806113013815685731e-02
1.313482442166985509e-01
1.246375424042299312e-01
7.663643017659295398e-02
9.693041008685356064e-02
1.272677017056829674e-01
1.273109046377218778e-01
1.293128523800173013e-01
1.295742488148233784e-01
7.469879431410335335e-02
1.288907589637747209e-01
1.305388682603708939e-01
1.218635453912501193e-01
1.170602654648359997e-01
1.351847093412967549e-01
1.360955364411621238e-01
1.181414306952108945e-01
9.984965594144599998e-02
1.278194678194836120e-01
1.390986468356306682e-01
7.262448258417877889e-02
6.781068407117044061e-02
7.212824563179950910e-02
1.327970064555004104e-01
1.087176136301253176e-01
1.302353707844433328e-01
1.127380878940913295e-01
1.049100612281921863e-01
5.354345066422985105e-02
1.397670051650795608e-01
5.088491121464309291e-02
1.322261095296028699e-01
6.459816556442642133e-02
1.298867130094807365e-01
1.274662470542511916e-01
1.343199274511390207e-01
1.281267412711982467e-01
1.278612443603450166e-01
5.904410200597170338e-02
1.271753320631728856e-01
5.638381950841318824e-02
7.544450908215380447e-02
7.754611994177793011e-02
8.976073506584887618e-02
1.282722857660185678e-01
1.060152865946495937e-01
9.824692521449242266e-02
4.824561851552022773e-02
9.093598199320597486e-02
1.285066164788990772e-01
4.984388029133304809e-02
8.370953998010970121e-02
1.384681372489544593e-01
1.284598517091664061e-01
1.285908727217538183e-01
1.042539040088802382e-01
1.288280959861440311e-01
1.276584859531185723e-01
1.345266661913567530e-01
1.004028093895308477e-01
1.340750895231187234e-01
1.275042928160034228e-01
9.240355559275847952e-02
1.280877449114686539e-01
1.271747670209786296e-01
1.097422612915588402e-01
1.396193521481668143e-01
1.264596254395432551e-01
1.388261829668747949e-01
1.308404885294286724e-01
1.268419824415721875e-01
4.661046078275184884e-02
6.154222333164462849e-02
1.058618751411081610e-01
1.299974397676953164e-01
1.033096510788878430e-01
1.349043353662157385e-01
1.274476978404422423e-01
1.225829648428297947e-01
1.272112791555052025e-01
9.162445899360664725e-02
8.511380375233110196e-02
1.278364377632361382e-01
1.048660110260814932e-01
8.351635130966718334e-02
1.144571502749769099e-01
1.241167967983632103e-01
1.277420077780447305e-01
1.398671283810846711e-01
1.324445244452276682e-01
1.367917004398619130e-01
8.594560542038635897e-02
1.397229201239507390e-01
1.270749107831117275e-01
1.296666449271577926e-01
5.695282154019583321e-02
7.435468780401892352e-02
1.281069094590900903e-01
1.380120932026320524e-01
1.352353726631836395e-01
1.292132596506053444e-01
1.278895282600922834e-01
8.558238909421160556e-02
1.273426921488313157e-01
1.271734123018538609e-01
1.398288683500012175e-01
1.278291251014092855e-01
8.859401704370059583e-02
1.268567872818198439e-01
5.900498623703791246e-02
1.272411661565638341e-01
1.272618860194693613e-01
7.274337461745683520e-02
1.028698099960154849e-01
1.265741788223109232e-01
9.697980031295859449e-02
1.344077783797942849e-01
6.455414500885461870e-02
1.375189339468221861e-01
1.274049824965295674e-01
1.392238234089944460e-01
8.882123106869525830e-02
1.271520007383959150e-01
1.297591744531990388e-01
5.305246309159417778e-02
1.103613174028881816e-01
1.347156379475537291e-01
1.380576853480381672e-01
1.094365381282385863e-01
1.286332309071593627e-01
1.186001080492749549e-01
8.203113144607068752e-02
6.064277503008134312e-02
1.333574648589555822e-01
7.730908380593551343e-02
6.616710002999356965e-02
1.356511862958573456e-01
1.284312899902428917e-01
9.304572100007051094e-02
1.091068712673936986e-01
1.358678208850330194e-01
7.139633902278888500e-02
1.314938679562084600e-01
1.017918766736698039e-01
1.276590195772567549e-01
1.239908579447541875e-01
1.380738448169756549e-01
1.315065328102404119e-01
7.443091613484309477e-02
1.335899342128052669e-01
1.298564924098974949e-01
1.242689277586339486e-01
1.348350341106334949e-01
1.330946280416409333e-01
6.121739544655464826e-02
1.296881099987062524e-01
1.394890724583866259e-01
9.646075341718755858e-02
1.288808973640810929e-01
1.369915659902148364e-01
1.177474023105579970e-01
1.335979185622090393e-01
4.643527947337444672e-02
1.027753280245755213e-01
1.281740389381767209e-01
1.292678836720221880e-01
1.318464886449615681e-01
1.063551622027789356e-01
1.367559780746204767e-01
1.354310854273550746e-01
1.189891360924824754e-01
5.667926712926175253e-02
5.885362499036621287e-02
1.277819616647847267e-01
1.348231647836043712e-01
1.364262483577430574e-01
1.283892417548031240e-01
8.642734241811984852e-02
1.350896750750389952e-01
1.143361646488386396e-01
1.272445876703264533e-01
1.376041166493756074e-01
1.280173666850530911e-01
1.271679048779263688e-01
7.428593791402544888e-02
1.127142438638440713e-01
9.500124790438620181e-02
1.279510429422026363e-01
9.920599660164104716e-02
1.277827138235154703e-01
1.272649919960193443e-01
1.369773895265249120e-01
1.271947612997696431e-01
1.291348003808596989e-01
8.927072614722221522e-02
5.259213216928135953e-02
6.878687581655285044e-02
1.281892446010099162e-01
1.163803274898605744e-01
1.366199450156780626e-01
1.390467691726557931e-01
1.342838605469025282e-01
8.537815683494551222e-02
5.084757091072936858e-02
8.189912502032056785e-02
1.272654119261079353e-01
9.031728267042006542e-02
1.279010488241488219e-01
1.275588230258776490e-01
1.108412895667168635e-01
1.155577777881942325e-01
1.093209044111011913e-01
1.363025987653386228e-01
1.334507393599155545e-01
1.034332851095318556e-01
1.317173736363471404e-01
6.971158550699962930e-02
1.189765046611009347e-01
1.349447929287957149e-01
1.203137517816003643e-01
8.168006921847116575e-02
1.146939855234314631e-01
1.296919619770178222e-01
1.193035117318999166e-01
1.273607321835876216e-01
1.035313271604702962e-01
1.156693931693851402e-01
1.275762583414148110e-01
9.984470568203138163e-02
1.344719248389428523e-01
1.146459614035489349e-01
1.281714070745475775e-01
9.255206441888677582e-02
1.275532705368419284e-01
1.343285367076486048e-01
5.875472501961941096e-02
1.288845845825930259e-01
1.152221793686251383e-01
1.289280807039308030e-01
9.340781777178540357e-02
1.035582846564405690e-01
1.336525683734551273e-01
1.331913400313345097e-01
1.271794086567546722e-01
1.349196108226029533e-01
1.276647891056537087e-01
1.271815996478052879e-01
1.264594458108535269e-01
9.251927654800304324e-02
1.370214355550412877e-01
1.381331585565009346e-01
1.274438497209895993e-01
1.271816022932504842e-01
8.858393191435037783e-02
1.318690734817913324e-01
7.681107849058109449e-02
5.709992866172304560e-02
1.325736825886312253e-01
8.179925507883135938e-02
1.280445303972746474e-01
1.192270144015745298e-01
1.397885366109656857e-01
6.870236832153751860e-02
9.276827198760274895e-02
1.181330797501079083e-01
1.020727876463379674e-01
4.736484628026330079e-02
1.296255625722807225e-01
1.338094333330843433e-01
1.277130670910748278e-01
1.208624709716207557e-01
1.243236349542724412e-01
7.935861091481287433e-02
1.305565581810050890e-01
1.004151273536986883e-01
1.075718634951124270e-01
1.101937411142685230e-01
1.286462308047160441e-01
1.309505241675446852e-01
1.321118210757445122e-01
1.322563342953015642e-01
1.327471307943151879e-01
1.239963090479248298e-01
9.685775616373898389e-02
9.131466668530614783e-02
1.320546922382385968e-01
1.341716486372137029e-01
1.342047556582020851e-01
1.238809319002572851e-01
7.756462034503897041e-02
1.298741532837835999e-01
1.259206847825117548e-01
1.342000882852790733e-01
9.166033327929298813e-02
1.272417216461774470e-01
8.563676806125437857e-02
7.257565496428750040e-02
1.381467598417196740e-01
1.297454137169006261e-01
1.128070916226320691e-01
1.241751315355401619e-01
1.330055308288810301e-01
9.576164074439427742e-02
1.322222480347722273e-01
1.260040442692500207e-01
1.288499809299458732e-01
1.315484958437608820e-01
7.840729885558804513e-02
1.008139833774749083e-01
1.079901062358905039e-01
1.275330581181133016e-01
7.441927378554864803e-02
1.319880013466234181e-01
1.268100403145810129e-01
1.277540746235892311e-01
1.279509869421344426e-01
5.694708632388939540e-02
1.259943012424745434e-01
7.654531102532129150e-02
1.376806516141311776e-01
1.175772727142570251e-01
1.232058650330068866e-01
1.271798545290557525e-01
1.268616932691944144e-01
8.572478218415086060e-02
1.010122998076944528e-01
1.022568948943992223e-01
1.326167718855850164e-01
1.384383227620213375e-01
1.312625808991554344e-01
9.874965290997270162e-02
8.758589448423922952e-02
1.067589288709632905e-01
1.355775032474953179e-01
1.287332915243788733e-01
7.626992926821367369e-02
1.089443055285749112e-01
1.272862802554809436e-01
1.272510733126508975e-01
8.191789108144496845e-02
1.386482684057497028e-01
1.296448423471958933e-01
1.266455093697800571e-01
7.088004736712688603e-02
1.281094682275012442e-01
1.295013732800686101e-01
1.303126763915309072e-01
