7.042295877673555209e-04
1.495867259170942636e-03
7.806192784823082599e-04
9.534024458726491355e-04
6.077956435703974446e-04
7.028237996260015786e-04
1.189419789601134413e-03
6.390305691185130168e-04
9.640700769608489661e-04
1.208711274183533416e-03
8.577821456624961380e-04
2.566294525816232349e-03
5.931568279620800382e-04
1.162211701879191719e-03
8.331968142755607392e-04
9.788655351225118272e-04
1.019249576863112683e-03
9.238599388320509111e-04
1.318411337654228381e-03
1.235932491496213436e-03
9.310217139411284138e-04
8.324407806595920294e-04
6.625331452186447069e-04
9.755408683202015496e-04
7.071301443370040874e-04
1.889546760087557759e-03
1.631542869067484141e-03
7.125349903368697127e-04
1.998595329583026815e-03
7.390571514463475369e-04
7.159195858265559676e-04
9.588515577375813104e-04
2.128468620759800013e-03
1.996615301128337738e-03
9.470583447196484136e-04
7.931871178158049571e-04
1.296617874918239112e-03
9.320668316629153504e-04
5.980550400474886601e-04
7.004523078717384737e-04
8.588549322881912406e-04
8.047821318982189978e-04
6.320469120233156331e-04
7.894136355290504864e-04
8.315934566372755639e-04
8.049545755020909472e-04
7.406093506405842051e-04
8.830137718663646444e-04
8.851793413609623275e-04
9.169458551374682796e-04
8.683514529594678474e-04
7.730560696683066524e-04
5.908405417829786432e-04
1.011922277935636697e-03
7.131988893590921873e-04
7.621653090211628033e-04
1.627467385254162836e-03
9.450152473832356455e-04
5.255590759967941313e-04
7.629712408678550502e-04
7.894340282584135036e-04
6.418328569165206556e-04
5.130006403847823127e-04
2.064011046871079644e-03
6.192261525511685936e-04
7.270157706753814942e-04
1.132838682697569210e-03
6.857294851709001392e-04
1.124600804973765284e-03
7.373411981898359349e-04
1.111355673575225396e-03
6.729151651222225940e-04
2.917493481545266071e-03
5.568105397175049853e-04
8.719619034363156485e-04
1.900742593517466047e-03
6.141000633283302292e-04
5.207349854391899032e-04
5.611164788428702616e-04
5.287962726126281066e-04
1.087292780330812890e-03
1.033192861115339242e-03
7.527829269613113290e-04
6.663200051998719765e-04
5.944745405404574471e-04
1.279432122908355854e-03
1.621407477039604923e-03
1.366780109522311958e-03
6.333283658166138225e-04
5.640029269648263750e-04
6.143968141792500786e-04
5.200180048328201460e-04
8.921982299946963277e-04
2.282335327942625666e-03
9.898520300214901178e-04
5.821989008334639473e-04
1.922249126929742548e-03
5.950526503422577966e-04
2.253678863083008552e-03
8.281375255730133358e-04
9.259043353836367328e-04
8.711831211104076019e-04
7.490565694569077410e-04
6.198966106002654335e-04
1.228668700433034958e-03
8.491535905404862554e-04
6.031618790851536911e-04
7.952487116573384463e-04
9.802861754774571355e-04
6.390340097276160864e-04
6.158531460276973945e-04
1.497093728394155443e-03
7.103234171849794965e-04
1.321225360536106052e-03
7.736160974450875631e-04
6.396865806802048623e-04
5.542086297963492308e-04
6.177896694938628990e-04
6.924849338939644862e-04
9.845178452023959931e-04
6.015527837447675339e-04
7.330864073699646733e-04
8.454282918764219681e-04
1.175595357641018779e-03
1.242925143430444147e-03
9.464366261845123807e-04
1.053530687843914860e-03
8.751504687561650637e-04
1.379692157251059034e-03
1.680545626788275881e-03
8.685492726854870732e-04
1.069685156330445457e-03
5.968100110776337376e-04
5.749899115476762423e-04
8.365756237385220872e-04
9.237973212862207913e-04
5.685187026763879490e-04
5.290312876058360760e-04
1.061700474075592641e-03
5.684442646138043731e-04
7.675951013198698512e-04
7.997211405114851334e-04
8.945624357862565863e-04
5.458107348898532697e-04
1.637100217314896387e-03
7.818032851485732333e-04
1.658506989398512684e-03
8.168093659776240120e-04
6.112671553190532738e-04
5.532267156628620664e-04
7.836157442425137386e-04
8.822342580652441655e-04
5.480677682244699958e-04
1.128374728542914495e-03
7.107668173967962360e-04
3.315226391722824861e-03
9.342563420030197165e-04
6.735904253530413700e-04
8.247830891033000903e-04
8.830795604677025689e-04
1.262799281009370717e-03
7.412715900384281081e-04
7.775812439012874666e-04
5.396419851666165715e-04
5.749243012576436005e-04
6.272501146282695363e-04
1.221236407607046749e-03
5.393426587063883176e-04
7.464385453309281852e-04
6.131348913345318870e-04
7.557449138211298030e-04
5.213347884987076580e-04
6.417928177512992631e-04
1.638745434289556619e-03
6.201248195781770270e-04
8.246943856424203976e-04
7.095023326935789420e-04
1.617279746650872535e-03
7.576447554790509799e-04
3.075175328103606220e-03
8.573086164038852758e-04
9.412559664828496972e-04
1.266009544561945682e-03
6.162555079690912839e-04
1.202520267901699197e-03
8.238864541914852225e-04
8.088462487813548926e-04
7.867113494506508672e-04
6.859854807822985887e-04
1.107261138843635816e-03
6.438702200536241399e-04
4.024899102087585966e-03
7.571501548342623273e-04
7.012014383827574332e-04
1.074040172089195822e-03
5.498404216736031604e-04
1.465019904980924964e-03
6.205379669559260266e-04
6.114778653761611654e-04
7.367826048927424024e-04
6.429583418414239887e-04
6.672485856588375669e-04
1.097213885532353703e-03
1.217661166265383279e-03
1.078810276877748518e-03
2.058415679596417840e-03
5.205276597004595282e-04
6.287620512548466618e-04
5.677699050285954464e-04
7.845479481300613551e-04
5.351231278776248093e-04
1.563048243326563367e-03
5.624535516041276936e-04
3.442317627565427435e-03
6.873998912526815700e-04
6.492583414203853412e-04
9.386490517612106109e-04
4.722501592191336375e-03
9.173192418934789788e-04
1.126585236435139522e-03
2.324197107958028002e-03
8.282539035488476527e-04
5.701991827199146858e-04
8.785369488291670022e-04
1.077410151059387654e-03
7.562813106661496303e-04
1.153823297658675704e-03
9.739141599711079612e-04
1.198686137954276497e-03
8.389209886463094021e-04
9.168724490241671318e-04
8.917275979786199987e-04
1.170328723298337450e-03
6.499567203963054710e-04
5.653978055217119764e-04
7.173736338244076629e-04
5.848670069699400155e-04
8.011871578127368080e-04
7.096581117607311502e-04
9.497710671309975627e-04
1.333088223597614667e-03
7.759393820393360513e-04
9.930786889724386654e-04
6.790503784068494192e-04
7.126960136853888357e-04
1.115210892256009905e-03
1.055579655524154772e-03
1.655847515912627728e-03
9.931521039633324846e-04
7.208521270999386629e-04
9.470482163361338248e-04
6.901890879724150666e-04
7.780364900996824791e-04
5.215538288417943640e-04
6.652040127135142381e-04
6.917754928043224651e-04
6.767991092255046812e-04
7.218030353854074143e-04
6.438503710654925249e-04
3.304447704052605565e-03
9.735909921133962999e-04
5.467176397832005427e-04
6.114799940718049654e-04
1.058635200570963312e-03
8.569856506399148787e-04
8.861626051788792490e-04
7.607409989146186489e-04
8.430789538456473584e-04
6.222166948433277122e-04
7.579246708632872203e-04
7.393274899152967169e-04
5.519468179853702925e-04
1.083793000523737299e-03
6.138333405327199045e-04
9.783146012847198075e-04
1.094361198770055395e-03
1.855429034279492241e-03
8.971942441618451771e-04
7.570793566881270798e-04
8.491006512186610126e-04
6.045655454284719690e-04
6.270889375125940704e-04
1.141929049507819363e-03
1.252833216259619225e-03
8.504030252498928980e-04
6.870384742163225186e-04
1.677633983231805858e-03
6.646108689900550931e-04
1.698851756450830064e-03
1.132192123512682251e-03
6.655403722851499200e-04
9.689903249790376896e-04
6.502642327268220871e-04
1.346496170447208408e-03
1.001819676225919158e-03
1.308556823846670353e-03
7.015998314389515576e-04
7.450899431647088709e-04
1.343608871314697518e-03
9.996637308636849208e-04
5.338460168674758789e-04
1.127479247777573657e-03
7.039212884025942713e-04
7.119119480985780209e-04
1.975924063714917019e-03
7.615596796054440549e-04
5.822378880209174226e-04
7.365690530518851113e-04
6.035700688190232845e-04
7.892532653219720348e-04
6.676177166811940065e-04
1.104363709960795581e-03
8.711053575120939873e-04
7.973500818700433521e-04
6.177380318134316093e-04
6.220931725943573123e-04
7.432597292355502209e-04
2.057872192666266708e-03
1.169289833073152351e-03
1.523319001051527547e-03
7.115156636478646565e-04
6.838005222925501708e-04
9.302240007566908286e-04
6.400093567806961099e-04
9.352427337670791898e-04
8.928265278598805817e-04
6.488614281274888984e-04
6.576241483658120312e-04
7.859971642013687324e-04
5.486027273109402372e-04
8.178475505138130481e-04
6.398569850669942908e-04
6.208323366211627829e-04
6.919174218523530808e-04
6.989202401904400300e-04
6.749543100622622856e-04
1.948865256270911105e-03
5.627917768543086235e-04
1.438035575451344179e-03
1.625831822520890264e-03
7.669689487069329247e-04
1.328330190248301667e-03
5.803343959470231650e-04
6.553992164603883279e-04
6.256776568500506354e-04
6.824814920895931137e-04
5.615488441457496503e-04
7.283069584497392415e-04
6.954029847836944991e-04
6.720397634521992807e-04
7.830604810290727217e-04
6.338000120011516017e-04
6.728712260458366871e-04
5.752353700799550749e-04
1.749446611024260256e-03
6.188806449842316430e-04
1.095924907394550630e-03
7.242803778728890097e-04
5.849584192537338407e-04
7.774104680077185969e-04
5.397730769413147667e-04
1.265457780128771475e-03
7.367501133321630903e-04
6.213583922317378891e-04
2.348121532461393008e-03
1.695763300756481656e-03
6.776757133633034115e-04
1.991026957377247265e-03
8.800580221982718353e-04
8.323337059235013909e-04
7.250361466605604070e-04
2.409340724027952008e-03
5.409500331908560994e-04
6.244033478036081167e-04
7.969671266513974738e-04
7.948256292072835866e-04
6.564575673714987888e-04
9.333883851802809561e-04
1.902701815736198773e-03
1.142864802537936660e-03
1.107306736378848699e-03
5.721136506003104581e-04
6.673690720725971443e-04
5.503198361553729824e-04
9.896099905508195550e-04
1.857705425276344599e-03
6.246950244732062119e-04
7.752266677023820531e-04
6.403156498868908548e-04
1.534524397231589853e-03
1.742288384844613031e-03
6.870311186800956470e-04
9.114284006965005453e-04
5.586206990490880531e-04
7.708103411743279666e-04
7.242940189639917280e-04
9.363438526378874485e-04
5.648694924216280657e-04
1.354032557826060105e-03
8.132087211296866154e-04
7.001007535953460061e-04
5.397651723140887720e-04
7.968194317394484884e-04
1.187082867291390075e-03
6.353942204786719493e-04
6.935516208994721779e-04
1.142031888885586396e-03
6.172252699667299608e-04
6.964478093781835020e-04
6.463965169651565918e-04
1.252767080306699775e-03
5.456850600977454285e-04
6.920799875559688168e-04
6.704299767205623402e-04
1.344320539263557613e-03
6.092975110844545605e-04
1.601512109518271436e-03
1.442617938824946591e-03
1.608369997991718680e-03
1.034310998756026757e-03
1.559751256066821022e-03
1.403789915885312375e-03
2.762428253929061737e-03
9.757564132090539282e-04
6.782087626949946397e-04
8.789837958990947414e-04
7.143201786042401805e-04
1.108225468726503583e-03
2.398376216561440028e-03
8.993914906152042062e-04
1.083493954283876789e-03
6.615084743869631932e-04
7.038256535084004345e-04
5.546258251970271344e-04
5.621726089638840905e-04
1.257530523162340898e-03
5.670612772480697686e-04
1.237075642702350564e-03
1.613199353991857802e-03
5.967109314225601440e-04
5.727950044811739704e-04
7.668171768549392631e-04
1.786898504508570643e-03
1.277769053411935462e-03
6.130139924179290115e-04
1.595019954573296747e-03
8.884107122411925243e-04
2.620822461606107153e-03
8.268372662975873597e-04
8.313981806412960949e-04
6.808874240730219529e-04
5.502719250097650372e-04
1.253284106156499732e-03
7.727289649604223093e-04
8.339766166222539615e-04
1.056337772167687287e-03
5.624027759997863880e-04
6.254224716010754010e-04
1.014753164182255214e-03
1.139143654534891144e-03
1.231402501417098528e-03
6.184229538570367411e-04
5.527756804381908510e-04
7.363881679249144633e-04
7.702212861418919433e-04
8.230754699941447749e-04
5.968979188603590986e-04
7.652325890961464514e-04
9.361100138027107992e-04
1.308062799399602096e-03
6.294968248207139048e-04
6.649821463897460797e-04
6.304036707298666959e-04
6.861683797525785795e-04
9.016019766259237168e-04
5.933087748713838190e-04
6.492601207599761571e-04
5.781002688691063525e-04
1.833155632814455942e-03
3.515153396818566315e-03
6.458717763653964604e-04
8.107886884603789871e-04
8.999713238319432011e-04
8.164824251090410613e-04
6.751538316854411702e-04
6.999000043247612969e-04
6.790656756140864498e-04
7.696051961827590857e-04
6.363803479608625725e-04
7.449561898914237260e-04
6.608753716897756416e-04
8.107590447272217983e-04
7.670666645595309446e-04
7.016323016228058268e-04
6.756095954216342816e-04
6.206403518811478030e-04
6.882021449087251646e-04
1.097865591253115213e-03
8.605745764939213031e-04
7.377531807324291943e-04
7.038877525751999036e-04
1.312415443230125715e-03
8.082047681792513044e-04
1.208859325451726828e-03
1.450075262179174309e-03
1.349934033491613028e-03
2.413234111161259663e-03
6.675434985887070388e-04
4.132783843742058108e-03
8.288634847651540124e-04
7.992502661011294599e-04
5.772572953631999008e-04
1.190834860509591090e-03
7.063076850484826608e-04
7.901396696197919393e-04
8.863702608149562606e-04
6.587513842283138337e-04
7.353881336914629705e-04
8.913696445880600486e-04
5.345845633292687065e-04
2.171378265636232045e-03
5.697813479752240461e-04
1.284575498727455857e-03
8.179310037657023082e-04
7.065676374765261693e-04
9.019947997518868235e-04
5.782125513214475196e-04
1.700012279914903633e-03
5.493114006377893335e-03
2.933092694348282854e-03
6.295982782048251559e-04
5.687790531469726595e-04
1.282413990058306865e-03
8.959560934198020033e-04
1.177622740470042617e-03
5.176953498963698897e-04
6.112446420771167803e-04
8.077259972975141256e-04
9.429531957221442846e-04
6.192700793000570792e-04
6.276719570494459881e-04
6.161222235628437821e-04
6.087834191107228000e-04
1.304480691081408034e-03
6.276563359977494622e-04
6.909859062130156238e-04
5.269567006341699042e-04
6.737130811030514043e-04
8.934535257707281689e-04
6.326437505840404579e-04
1.232584516453219276e-03
1.000215453218897136e-03
6.837773484216344219e-04
7.257193876812164431e-04
6.938968074577256265e-04
6.861799981418842268e-04
7.415562042276622199e-04
6.356393457358205240e-04
6.830591348335921745e-04
1.112042377571842650e-03
5.465878721203754455e-04
2.642063324864408862e-03
5.509464203229430838e-04
6.528445139556917796e-04
5.872746306496633498e-03
5.842440404822643900e-04
6.852694738970287842e-04
6.892575880788608675e-04
1.172781446973026427e-03
5.741874569633287047e-04
7.434314035225758318e-04
9.006686851026373579e-04
6.811885317093772626e-04
9.592194829594913883e-04
7.783351028833290341e-04
7.161693114671041768e-04
8.350815108289894560e-04
5.797180496089203872e-04
6.917223324505516547e-04
8.128391048366721003e-04
9.622470945109690968e-04
6.209144921606303633e-04
1.312105907644274235e-03
9.332081012064979758e-04
1.107315311121664448e-03
8.248387452064667854e-04
6.247813275525735321e-04
6.050622124062481500e-04
1.052455946599379494e-02
7.593302826683121605e-04
6.919289853850758018e-04
1.575623260818518646e-03
8.069360554228329494e-04
5.880992987618696493e-04
6.272916338389148208e-04
1.296601566959619100e-03
6.090782509125137328e-04
7.563949980499229484e-04
7.596250195796866054e-04
9.257763334054231776e-04
1.205940086733912550e-03
5.805300443414110768e-04
8.151659460703772776e-04
5.723379069912594604e-04
7.690022989385618055e-04
9.237555584049494039e-04
3.204240349063471396e-03
6.383383315950606676e-04
7.323037702593053521e-04
7.975752252143070761e-04
7.775582750063768540e-04
5.210363120074217470e-04
6.232357335483409717e-04
1.261469937655689943e-03
1.294424644798110920e-03
7.266777658671543178e-04
6.132528308377808469e-04
6.965423569858636942e-04
7.152476758502248700e-04
7.605787590918628620e-04
5.672614038107622828e-04
7.551492416990569171e-04
1.632095345327165808e-03
6.699430152786027028e-04
3.125692120974253845e-03
6.822895906379770978e-04
1.339874818244297851e-03
8.209789741020349137e-04
2.407365920109014873e-03
6.199461393880034352e-04
6.847887002927805552e-04
7.871136281259920667e-04
1.446893444689055855e-03
6.475935718611308418e-04
7.685322076129690733e-04
5.543554678041551958e-04
1.947514334284483140e-03
2.397550561221313374e-03
8.391774353401077998e-04
5.874540482536360622e-04
1.099300868396115754e-03
7.554340685279147113e-04
8.145522973983964536e-04
8.034056502242468241e-04
8.948169537465423470e-04
1.143542379917277972e-03
6.030080352558137144e-04
1.868723506899855509e-03
7.525970506201674860e-04
1.032664783636950230e-03
7.191397486608420205e-04
1.072390457658789010e-03
6.640325201674291506e-04
6.806586895957568006e-04
2.779697184853606624e-03
9.267235504194666889e-04
8.644764791736392253e-04
1.876307183313325909e-03
6.475731515272807690e-04
1.483618163236024873e-03
1.359217674736915666e-03
1.494562359652043234e-03
5.232508921080493858e-04
7.259938891768351072e-04
1.026065796484225846e-03
5.121777621474305061e-04
9.457497976215930831e-04
8.350057621973221763e-04
7.006642289976481404e-04
7.426201949259897796e-04
8.419713374337012670e-04
6.965796142899492163e-04
7.335455962581115133e-04
1.382486767323055617e-03
6.264585812014139121e-04
6.279095122355952572e-04
8.712160265353398585e-04
8.284933298119557653e-04
1.820150808049520287e-03
6.918726640263946938e-04
6.384418147839476766e-04
1.135129559116084073e-03
1.186253563289027578e-03
7.005866163348764769e-04
6.564643873135541079e-04
7.708132656617595934e-04
9.498037490243643830e-04
7.872868558182789800e-04
5.773915207343856401e-04
4.638614905755415220e-03
1.389022336136612641e-03
9.525460820949014848e-04
1.187875124888611300e-03
5.546499753142232047e-04
6.172548768338595579e-04
1.167192966690212743e-03
1.179735074073814689e-03
7.601395504577330596e-04
6.137685867827060793e-04
9.250342860348579428e-04
5.532877121460237548e-04
1.702841647949187654e-03
9.369018502297746806e-04
1.027727379088076015e-03
8.062936853052497495e-04
1.602057353005382134e-03
5.847488491855305478e-04
7.617505269663881178e-04
1.074777306729401060e-03
9.953567256678664838e-04
1.027828919765343260e-03
1.038534245542914371e-03
9.169601937537851270e-04
7.210334563467036368e-04
8.713828814135735025e-04
6.671833645043870808e-04
1.066695457278808452e-03
1.156527965992131196e-03
1.471155296539244147e-03
8.262887829679929587e-04
7.198905710905645350e-04
7.987235790079255790e-04
8.660093750293742501e-04
7.268000528191449934e-04
6.585445486751038881e-04
6.938400497697602915e-04
8.789703583622914158e-04
8.539114498476051878e-04
9.628173158601087194e-04
9.531006587223675788e-04
5.527434282442405958e-04
1.856573352606887299e-03
2.103914579520490755e-03
1.438394726146493153e-03
1.663457022490872576e-03
1.059464856747884638e-03
5.843885251442244681e-04
6.093419512737562787e-04
5.802497082698192254e-04
9.024458160455142404e-04
6.736885467951789913e-04
7.329649534318063899e-04
7.549937003344377130e-04
7.613633841125218814e-04
6.209027858904694538e-04
6.805968657931848673e-04
1.065318203217948756e-03
5.763217057284439728e-04
7.238300744161115787e-04
7.852055826083863136e-04
8.153611532610846114e-04
7.549676662047643660e-04
9.617994746255690425e-04
1.740676616811965031e-03
6.591754983792052179e-04
2.563217803535087005e-03
6.011348064444350155e-04
6.535938387541484398e-04
1.110168602986049899e-03
9.286435678148362120e-04
1.014714070305107983e-03
1.785735678545119064e-03
8.011806975828998341e-04
6.499693363537400233e-04
9.506120208189318497e-04
2.808678341491879261e-03
5.900345455243914163e-04
8.170428057762513067e-04
8.051269077789515935e-04
7.822248742917611505e-04
5.490202647984826836e-03
6.995595422988372261e-04
5.443764682180658341e-04
7.024328781651589847e-04
7.603240162639079112e-04
5.554940587259192195e-04
1.118177124981766619e-03
1.045048888158696138e-03
6.354601766742978223e-04
9.716300704674708539e-04
8.545233120187576640e-04
8.196619625541844275e-04
8.327166521597790345e-04
5.866867048737347927e-04
6.087430201679552193e-04
6.743927758065067137e-04
7.013078231592654406e-04
7.780890737096290413e-04
8.258414771336873876e-04
1.280092633298907708e-03
1.228720212734857927e-03
8.253445676688306613e-04
1.236423782176793770e-03
6.024357646361203859e-04
1.112456600045549438e-03
6.905171765826523386e-04
6.628970644325105077e-04
6.238181681939201050e-04
1.347311627615051851e-03
9.984156466906620678e-04
8.621101249394150668e-04
7.208521275845883097e-04
5.680223255082235152e-04
7.226582219455620184e-04
1.559247266311503382e-03
5.920891021175743408e-04
5.282725608103450892e-04
5.428291900767584673e-04
1.126623336722855319e-03
7.693014044494654678e-04
7.612495237638146296e-04
7.189595335496614011e-04
5.384789573195811413e-04
6.712404294795191453e-04
6.720070274148430382e-04
8.717302617016147283e-04
1.220508533949842163e-03
9.147786697672374281e-04
5.521291491203504523e-04
8.904572973785134047e-04
5.534526557359098660e-04
1.069829829103209054e-03
6.802354970216411374e-04
6.325206439322388248e-04
8.347804691347488707e-04
5.875818489285347798e-04
5.461613498916794091e-04
7.541299581522837268e-04
3.917286317231078938e-03
1.879115840159278298e-03
1.194119948813035514e-03
6.245900221817767689e-04
1.362058934134290512e-03
6.981647525788648194e-04
6.817375011631861140e-04
2.008976481616365269e-03
5.900496548094526878e-04
7.307539803923425057e-04
1.930754858140613494e-03
6.115531077615271637e-04
6.498525951731424577e-04
6.357846731464532070e-04
1.557278112740646293e-03
1.015720181583712814e-03
8.744506114613488168e-04
6.104984067579635829e-04
9.809014961683374875e-04
2.934014558984370923e-03
1.296635525690890316e-03
6.283377713432920526e-04
1.594150573670425741e-03
9.391590225407895048e-04
8.136515778161505915e-04
8.985253211660957327e-04
8.877321161174915078e-04
6.399646737434800878e-04
9.885524197716781016e-04
9.664493668563832462e-04
1.120362950886817166e-03
1.536778531087852444e-03
1.201268915785121041e-03
9.893268850015258468e-04
5.840492953926454617e-04
6.596537505191905860e-04
6.194789112061485333e-04
6.073256800984436297e-04
6.265376084721401137e-04
7.059188598016628499e-04
8.933879696008263215e-04
5.785496300298831156e-04
7.638789623146042575e-04
7.566237343532163616e-04
1.048765951442159981e-03
7.029354866931286335e-04
5.866303747732785857e-04
6.607258947758026324e-04
6.751897822369422970e-04
8.082336276078632472e-04
5.661288911932149800e-04
1.440237230843116134e-03
5.988295986855111551e-04
1.366009294907951201e-03
1.058886013902051587e-03
8.001194878279063944e-04
7.353894238896749097e-04
7.697023130571450239e-04
9.773128937481370595e-04
8.110292881582276429e-04
3.456716671481340018e-03
8.458467514555543902e-04
1.009358697098565200e-03
8.433600224936698255e-04
5.458019246925039378e-04
5.536237495668045079e-04
7.124828053875220408e-04
8.822865898295541515e-04
5.529831060130035525e-04
6.875819670470045830e-04
6.628823298593701247e-04
1.005106358712842384e-03
1.126776634473301278e-03
8.352912123109308218e-04
8.244310021418169241e-04
8.356448522179253224e-04
6.205897563385088080e-04
7.115908515836393347e-04
5.848924614092182840e-04
2.067760930633957567e-03
1.066279263104923753e-03
8.157165021563201820e-04
1.696736320037820584e-03
5.574476052365467298e-04
7.789039184018746844e-04
7.383319758972282107e-04
1.488799831525724647e-03
1.674838856291430448e-03
5.433301004101213699e-04
1.134956939615010913e-03
1.013741124318905942e-03
1.309906898623008041e-03
9.563624934234702573e-04
6.203171385925655961e-04
7.016821512591712258e-04
6.287123419181717479e-04
1.220440935961787177e-03
1.150584096616943030e-03
6.024053962833110466e-04
9.516915142207706254e-04
1.456814001991791566e-03
5.503709719933845470e-04
7.371095531142878845e-04
1.403545397124929045e-03
5.616017695034090235e-04
7.132404990948840954e-04
6.444603887525604362e-04
5.907681898644857659e-04
8.901594913048397608e-04
8.640389259771596650e-04
6.192888148150903563e-04
7.437953625893218516e-04
6.876444343508590499e-04
1.850916171538194866e-03
1.379540925431103774e-03
1.674913447026527002e-03
8.867190971877308503e-04
2.448042057775996327e-03
6.586626962123258173e-04
8.271875072201473464e-04
6.706733449508177954e-04
5.635722666595141626e-04
7.114224798147673109e-04
7.674792262910428179e-04
5.248745687347143151e-04
1.492839980730328257e-03
8.330652058386440019e-04
6.722864833878904999e-04
1.022190440819458705e-03
8.180477965351833211e-04
6.814910847268042379e-04
8.904774618983229539e-04
6.856944450579638287e-04
7.686504399693978905e-04
7.810007164379645199e-04
8.863408646838908962e-04
7.830125431301467910e-04
6.101695082184674509e-04
1.410899293958079630e-03
6.263468346783848499e-04
1.115902837899206308e-02
7.653516216915212320e-04
9.486220169422045689e-04
1.700440049071934995e-03
2.401818612121681910e-03
8.539403275843687833e-04
9.211288654716865126e-04
5.945542055218039617e-04
7.493770104099232131e-04
1.143712256290030068e-03
1.222918358697689311e-03
6.668262699461495555e-04
6.479396466015528364e-04
5.699577436662074496e-04
5.557405184271215328e-04
2.854530564609739259e-03
1.291021914389018765e-03
6.088994857394005103e-04
6.633076810358339796e-04
1.640076387548621744e-03
6.181040549485360266e-04
1.391641112037821613e-03
9.195415258938551125e-04
2.233121115395683698e-03
1.082549703546523915e-03
2.464452166694976621e-03
9.072036710093771663e-04
5.983414400883061389e-04
3.797371039393906012e-03
7.189538891447288041e-04
2.138676709405928043e-03
9.650812461902026759e-04
