2.465563393631555189e-01
2.767057540017360817e-01
2.655690807871207149e-01
2.910173564880455532e-01
2.626118568990762903e-01
2.415531930697480123e-01
2.860614276723214000e-01
2.196942926144613839e-01
2.248172905422183010e-01
2.912427096563083850e-01
2.557218029187123820e-01
2.562607876748074776e-01
2.037780064488210474e-01
2.062566324181661637e-01
2.213666847792166714e-01
2.955385202767479846e-01
2.532295898817335522e-01
2.573146939030477309e-01
2.458356946233067331e-01
2.768267446535875309e-01
2.855521200191929454e-01
2.647303829551511112e-01
2.258015215824653588e-01
2.359772466568733351e-01
2.084179017617927565e-01
2.959694110723792848e-01
2.295121468488630356e-01
2.448830732880921401e-01
2.790001308511797506e-01
2.718393752090900173e-01
2.745081284378184105e-01
2.824346149654554106e-01
2.985346515658294786e-01
2.449555053201541155e-01
2.982253886400152987e-01
2.775147186336938687e-01
2.821829025292016402e-01
2.359894621481419263e-01
2.582188645417433093e-01
2.843991737873031167e-01
2.073427100260293032e-01
2.705638351505819106e-01
2.874490615149772887e-01
2.521361931863804196e-01
1.913924730851626066e-01
2.995816723614230237e-01
2.310709270942181426e-01
2.446108423485902073e-01
2.885151896794661552e-01
2.688881259069594298e-01
2.203300561526608248e-01
2.062584543864516284e-01
2.056490531922118281e-01
2.004134559448897401e-01
2.532138180251152226e-01
2.359417705466615167e-01
2.783152982959445909e-01
2.132813813770118305e-01
2.543220675697980826e-01
1.962148132914562082e-01
2.532800522779791175e-01
2.282398380434049467e-01
2.594422526742121704e-01
2.331742129295477639e-01
2.540721097753955160e-01
2.750270416773152871e-01
2.537548159649452018e-01
2.458418256045631356e-01
2.730646080030434963e-01
2.758501500933715489e-01
2.232260692250052081e-01
2.854765490870107003e-01
2.335560291684656842e-01
2.624757329609101464e-01
2.917819431554456444e-01
2.549894577517318184e-01
2.624505519089569971e-01
2.226490319340342638e-01
2.209649672946327748e-01
2.013067765205458493e-01
2.856235106778373667e-01
2.615760864359201743e-01
2.512726433543204241e-01
2.731807850695272544e-01
2.405864878845029031e-01
2.511684527897765085e-01
2.488057273941885195e-01
2.456111253082980117e-01
2.697329736678943379e-01
2.245945934467797334e-01
2.176680119930982371e-01
2.655455330102727274e-01
2.426476390021461704e-01
1.980853953314184179e-01
2.633037828913595835e-01
2.710850954162167259e-01
2.427201169469010988e-01
2.934138958622451443e-01
1.954173748555189660e-01
2.527458285532795945e-01
2.450515492574513177e-01
2.670921520529198623e-01
2.288092747422701412e-01
2.514262100586037163e-01
2.805901184133005044e-01
2.286436092014904053e-01
2.197791443895673325e-01
2.736332150275657682e-01
2.520362358057388064e-01
2.115057071249663023e-01
2.899829172046905490e-01
2.682349717651960619e-01
2.172106341369703653e-01
2.530663732839146252e-01
2.394564772391919172e-01
2.083607407762395336e-01
2.682832241989138722e-01
2.883560538349211888e-01
2.230202124330788183e-01
2.768930105313605616e-01
2.718971256135029879e-01
2.715702378039422382e-01
2.669423142524092185e-01
2.132925633331275717e-01
2.828543550200818824e-01
2.822922932234407933e-01
2.787142693375069813e-01
2.274749130617661208e-01
2.235122426874948665e-01
2.484759360560895303e-01
2.695486519488198285e-01
2.926248171256583541e-01
2.853347673705092791e-01
2.435584699910053330e-01
2.840323657727637507e-01
2.530892731349984048e-01
2.721874560355631023e-01
2.871118337355367256e-01
2.722235764683739179e-01
2.455110850024876945e-01
2.714370977397183582e-01
2.993058708296715831e-01
2.076829758977764284e-01
2.905827691163792026e-01
2.253023294110606256e-01
2.415382700014294670e-01
2.908337030112029264e-01
2.037162738173552978e-01
2.414528555339084115e-01
2.497660495306046613e-01
2.094529934404917582e-01
2.187646148101670684e-01
2.251891660163124476e-01
2.344738456869596421e-01
1.837645366746682718e-01
2.908407372013888659e-01
2.232075988145611478e-01
2.496203121076065734e-01
2.287664336581450852e-01
2.078924564215778037e-01
2.198822751730079295e-01
2.959568052148237038e-01
2.325701076405778667e-01
2.342105207181360838e-01
2.205522633802555477e-01
2.899637735237759473e-01
2.768181868900358444e-01
2.771661990952427046e-01
2.545069705052343534e-01
2.288904815517091296e-01
2.529858054505968457e-01
2.233603855248376679e-01
2.455151135887713720e-01
2.948724652618129882e-01
2.549184081491797094e-01
2.409738225557328806e-01
2.183173202193675055e-01
2.792969279503515478e-01
2.974134574813857568e-01
2.736328392960297728e-01
2.126460015750506471e-01
2.671356986487606888e-01
2.220740306931370533e-01
2.438678003306892772e-01
2.694145790251090689e-01
2.388890848426306335e-01
2.445817061109725743e-01
2.994843778242752830e-01
2.343781297835514088e-01
2.522379863886006768e-01
2.564925617806568248e-01
1.874204160956359222e-01
2.166060051371092032e-01
2.269830294309460594e-01
2.013464164268045364e-01
2.630114723709793267e-01
1.975153308653761486e-01
2.845348026449049939e-01
2.848145816005874242e-01
2.387724715041366907e-01
2.142718137033242654e-01
2.619566410482245256e-01
2.384555241358429778e-01
2.697949372516388888e-01
2.407877501946296406e-01
1.896352052549196143e-01
2.865157631144991113e-01
2.522219323304351057e-01
2.715413658180748646e-01
2.574259794318388694e-01
2.372194276307998118e-01
1.965316489015239698e-01
2.925357263236820771e-01
2.346370910772895835e-01
2.947805228176387238e-01
2.970090578867211062e-01
2.480567868272944010e-01
2.990616653434104988e-01
2.414221121554449845e-01
2.915800691979262838e-01
2.679804352678257229e-01
2.607175381253786783e-01
2.139247967435350117e-01
2.702376401977981679e-01
2.826672229950215609e-01
2.956358792355783249e-01
2.895587904739883589e-01
2.046567523810929878e-01
2.311876728208328569e-01
2.935836402391914235e-01
2.186590966648599144e-01
2.144154071909418757e-01
2.198703363068220396e-01
2.476474207803837646e-01
1.965668866612821641e-01
2.770911032269380847e-01
2.723230304425757753e-01
2.369128269386810703e-01
2.796000913594234305e-01
2.498117139843155643e-01
2.794151888265934969e-01
2.852356046892385866e-01
2.546285365940474943e-01
2.300157039045164775e-01
2.824663386466546577e-01
2.963597969817624578e-01
2.460184021991548842e-01
2.223450021914289698e-01
2.472640887806928922e-01
2.436099693609440897e-01
2.441329260468771134e-01
2.853905491261903848e-01
2.415118628631352515e-01
2.083418660728170446e-01
1.947029720983303180e-01
2.259472151128730788e-01
2.874017890703386979e-01
2.809533130994936179e-01
2.089177427640072360e-01
2.674088805713779604e-01
2.919262217265029546e-01
2.170112637628289209e-01
1.878011299053970740e-01
2.482436799247400572e-01
2.720208954527321699e-01
2.961947816372587639e-01
2.557693208442854971e-01
2.257315820099537462e-01
2.060206897207789156e-01
2.740354597232669831e-01
1.862401458108600139e-01
2.100659374764685949e-01
2.195181503826925951e-01
2.486207751405516420e-01
2.065934245144229187e-01
2.888774871341799333e-01
2.543431670699215497e-01
2.951226827702711497e-01
2.765240772556292748e-01
2.398161686371076129e-01
2.003942581399683343e-01
2.249749903940021223e-01
2.320115281971539267e-01
2.160398180081932740e-01
2.764507555505592573e-01
2.684165284446148325e-01
2.233528289635199615e-01
2.652069606896599319e-01
2.388436337227792527e-01
2.786673395707492951e-01
2.321005640380551793e-01
2.692722570318379360e-01
2.153388468171263115e-01
2.817282964676832147e-01
2.637717104556914771e-01
2.738167453263953277e-01
2.626014161845831585e-01
2.899873551108986813e-01
2.531355867803123383e-01
2.750824629196204074e-01
2.846949045816484780e-01
2.383049595855305791e-01
2.089035231766891709e-01
2.878215328769269110e-01
2.235784148902157376e-01
2.754798136636205652e-01
2.782934283868099823e-01
2.606303332478278056e-01
2.567191792964345076e-01
2.250018189331696172e-01
2.705019398412726872e-01
2.186522013097273176e-01
2.570639652761799177e-01
2.491331552537811578e-01
1.970386379404804045e-01
2.152523547467635467e-01
2.741021113314043856e-01
2.686839248432228433e-01
2.288618404357216640e-01
2.787748976705403670e-01
2.810368114732825218e-01
2.298556192874086079e-01
2.861042539239234128e-01
2.675743798659758754e-01
1.866992065429241288e-01
2.435441308620545642e-01
1.900787343456197820e-01
2.984315986566069556e-01
2.611785547891853909e-01
2.394566152102287904e-01
2.456173123396005742e-01
2.500904677337162374e-01
2.115788265921985933e-01
2.943730160528735817e-01
2.757932434364218643e-01
2.998530246921046749e-01
2.535331100003899718e-01
2.624682592294703687e-01
2.369478286757514540e-01
2.485681375867753728e-01
1.989648020363391223e-01
2.861937518446428519e-01
2.585195495522345510e-01
2.533136757258589999e-01
2.507066948843336696e-01
2.491348912335685228e-01
2.825527460736124707e-01
2.920818523899481045e-01
2.529375283736691737e-01
2.799382414920469353e-01
2.115441976935722446e-01
2.200667956802064285e-01
2.974176855109454398e-01
1.982029588507759066e-01
2.594226823776048518e-01
2.500039917241838050e-01
2.791460694124732744e-01
2.752310212127652145e-01
2.818258283530888919e-01
1.835279725382860938e-01
2.198427297739007635e-01
1.919301515851581930e-01
2.516324038314064482e-01
2.306023148748574669e-01
2.479174354207732134e-01
2.449327534971442732e-01
2.358063937379539787e-01
2.473717349803819243e-01
2.833365132857693092e-01
2.702612186922598858e-01
2.889173283465278352e-01
2.692523365857200091e-01
2.558312967701448781e-01
2.541785623449722142e-01
2.855847301655660697e-01
2.532988453345613178e-01
2.556765611932180216e-01
2.541472111282744306e-01
2.498147476513446485e-01
2.506383475268254002e-01
2.939611595364472474e-01
2.858837145477350350e-01
2.385861249192919309e-01
2.706160334950191149e-01
2.933778815386555161e-01
2.144633489168300267e-01
2.694074665486467235e-01
2.788100288531989435e-01
2.236174651633819899e-01
1.977169958870865496e-01
2.671478778283083999e-01
2.505774005938186111e-01
2.920910765908826812e-01
2.761977615113292428e-01
2.138590462433595796e-01
2.852561850101058560e-01
2.202536377689890412e-01
1.838319308558479526e-01
2.375124304358909311e-01
2.406301697351431734e-01
2.720252172597202867e-01
2.330217037180812301e-01
2.161504220801035436e-01
2.420195685250612072e-01
2.920706100846895414e-01
2.767164286434325993e-01
2.162385437157070822e-01
2.127665792872944772e-01
2.932113922706859332e-01
2.882268609050589458e-01
2.097470241856616291e-01
2.181352419934921572e-01
2.560924038018910220e-01
2.064710730794582783e-01
2.864551264494213934e-01
2.497558555448230466e-01
2.944814036719887174e-01
2.536085928254855348e-01
2.686736095628803889e-01
2.967301030206046519e-01
2.977515660246307649e-01
2.225512877015743962e-01
2.699845478288851464e-01
2.331356494227679044e-01
2.865482259741987114e-01
2.313853306130079224e-01
2.919703433360911204e-01
2.670050268840127861e-01
2.609445019046351955e-01
2.756775775644310089e-01
2.637268476179642218e-01
2.490138976215363620e-01
2.781291947571785106e-01
2.393736749599200686e-01
2.632155883692519627e-01
2.824447012241756982e-01
2.649426958255621800e-01
2.751375556975908521e-01
2.647031884933991885e-01
2.723978528323203752e-01
2.046751404976100974e-01
2.408573139762839044e-01
2.596202984697564831e-01
2.268394474253840887e-01
2.438160085498077834e-01
2.396423119095843768e-01
2.441116377688842543e-01
2.984936362607220617e-01
2.173863254586236582e-01
2.891752734337786901e-01
2.843959965933332001e-01
2.965678031921635815e-01
2.339550708793599609e-01
2.537730393517639293e-01
2.552140498054936146e-01
2.521348969364558545e-01
2.902520537997870798e-01
1.973063377008259511e-01
2.171370218915548711e-01
2.476228702280434124e-01
2.977596352636009414e-01
2.936250674275718842e-01
2.305510257288595211e-01
2.782014265058991853e-01
2.152491985940915009e-01
2.953230757901897374e-01
2.135534066524449603e-01
2.891807995605724657e-01
2.323305031183807157e-01
2.986600197951545521e-01
2.517771488099965205e-01
2.986014107591122846e-01
2.389457430246410830e-01
2.945255887972595410e-01
2.075194234454618425e-01
2.307597332674322377e-01
2.065962504789720378e-01
2.494932417005464032e-01
2.594921622225152547e-01
2.915247868291341860e-01
2.944582811477177708e-01
2.376320093323357752e-01
2.585460622667894448e-01
2.736351786226943750e-01
2.835735614848176045e-01
2.676483357539068408e-01
2.341922291021418523e-01
2.932144752789567210e-01
2.445870811949858170e-01
2.318286720285731017e-01
2.933215360742432720e-01
2.740773921520960887e-01
2.871045525508804097e-01
2.232630416190408140e-01
2.988587629055358685e-01
2.776366827699833784e-01
2.821320107981027947e-01
2.581603273548270794e-01
2.971529454583297647e-01
2.954113936281996255e-01
2.105116348375223323e-01
2.811852280771623414e-01
2.764025257809458735e-01
2.343255271340489720e-01
2.959885375554661135e-01
2.941136059080605158e-01
2.671851262954517692e-01
2.689299134583844064e-01
2.210720830746563115e-01
2.239237493268078083e-01
2.795194371335386063e-01
2.905404090952090623e-01
2.015068267881681141e-01
2.184484042453828379e-01
2.294103521168942561e-01
2.673686609306711870e-01
2.398873827456621532e-01
2.721763776079231811e-01
2.635110545303608331e-01
1.995758984732489139e-01
2.973421969857816816e-01
1.909781199442593669e-01
2.452634186571698016e-01
2.126406543542934124e-01
1.936724179577948568e-01
2.469629514709769658e-01
2.579599561736251045e-01
2.308575589746908463e-01
2.807182401805650707e-01
2.731879618993790504e-01
2.446467061309557101e-01
2.687260576099022580e-01
2.962337477889848691e-01
1.945160296430836488e-01
2.207170943223195070e-01
2.199883557494850816e-01
2.574550117615143630e-01
2.815777569151365900e-01
2.666390826286442750e-01
2.742523905620244951e-01
2.182505725834142651e-01
2.967162694409392620e-01
2.014474016465168660e-01
2.796274784908624467e-01
2.380874496904872573e-01
2.409909075177758542e-01
2.264183999920848789e-01
2.613365346124602584e-01
2.475067012931211341e-01
2.053061295119680829e-01
2.074116795200075247e-01
2.229951918744226269e-01
2.945222017565949924e-01
2.239739970433661798e-01
2.981095239969376864e-01
2.415058845775624741e-01
2.710291781241322973e-01
2.226483448145215038e-01
2.978171349848012239e-01
2.786141376370301903e-01
2.722499987181291603e-01
1.888845886043563627e-01
2.357388155856522116e-01
2.560434355016917296e-01
2.735076333153685368e-01
2.969857693392596310e-01
2.746345185135040112e-01
2.787057587043433315e-01
2.943473945245567713e-01
2.599812463734396117e-01
2.625411296066353928e-01
2.505623036603114029e-01
2.815452577842941229e-01
2.613584062589411339e-01
2.684969758591418953e-01
2.004374239594172158e-01
2.493156480001073316e-01
2.870765132854480317e-01
2.607670875514326303e-01
2.486409456628273229e-01
2.930809702553400786e-01
2.142417032852780290e-01
2.728237245894125640e-01
2.600601264905745835e-01
2.302065917275307183e-01
2.858771198823523707e-01
2.205093753945181201e-01
2.868959031009129523e-01
2.839831750228384855e-01
2.304480610335019886e-01
2.306817691053208996e-01
2.481218035160112079e-01
2.057959589845125281e-01
2.255777360636436191e-01
2.306875953514782307e-01
2.579522095570224161e-01
2.036531800325163954e-01
2.253860734784677022e-01
2.192727528526262626e-01
2.362717557248180944e-01
2.549776994847242073e-01
2.666896171540923399e-01
2.759447756942183805e-01
2.455011454375576330e-01
2.931509733354886182e-01
2.603408965622431293e-01
2.495762982799616114e-01
2.130704651938563621e-01
2.354393679093343683e-01
2.661353001537449248e-01
2.794073820756098891e-01
2.028384791122133657e-01
2.854391512783454599e-01
2.884122925276983995e-01
2.410047045237552477e-01
2.762565691772044807e-01
2.824969226166317293e-01
2.658402466581670787e-01
2.697758346809971952e-01
2.365476870842984913e-01
2.611249131755968289e-01
2.382999970936628409e-01
2.622386868035462282e-01
2.597021046663046673e-01
2.579815991947914111e-01
1.997666126180558110e-01
2.972053721851510844e-01
2.192065517637969974e-01
2.859312266829592830e-01
2.186740575873215575e-01
2.628430319991151287e-01
2.877193295167216891e-01
2.759787508616204366e-01
2.496755130780505816e-01
2.871527821695495364e-01
2.720037831427941089e-01
2.576465299326643477e-01
1.997110848028194052e-01
2.387527963709876744e-01
2.422359228504555317e-01
2.920624226623775854e-01
2.961747234166074438e-01
2.514771073337743190e-01
2.712046189904805393e-01
2.914884800113879959e-01
2.988688891812415482e-01
2.129486754313779651e-01
2.693647598963733181e-01
2.057469267027725590e-01
2.688142215194799789e-01
2.185917235032246442e-01
1.734125713542869485e-01
2.668840666057885613e-01
2.445746131766078080e-01
2.719406162402864813e-01
2.095652630455217824e-01
2.130922380294685281e-01
2.872438729279653824e-01
2.871744005554179857e-01
2.280039066406423509e-01
2.248706876954539857e-01
2.374481669671962281e-01
2.840365083966194248e-01
2.196466951318224448e-01
2.758762958343737859e-01
2.877817620542019728e-01
2.775561972023261603e-01
2.676998960933743565e-01
2.636488249711415599e-01
2.332380686488045307e-01
2.648332017391247240e-01
2.463032529455846942e-01
2.937948488267025926e-01
2.359341241757422769e-01
2.194536828009977791e-01
2.965311294033528555e-01
2.560548304801918418e-01
2.684087181648676101e-01
2.921465542333427368e-01
2.537676766484471269e-01
2.716669799806659680e-01
2.527596395242567850e-01
1.890715349611373775e-01
2.839072598671282255e-01
2.265892687912233749e-01
2.547007705109101683e-01
2.767240592851883951e-01
2.174236677071601231e-01
2.730953602186208529e-01
2.438632030702820308e-01
2.665062219348896533e-01
1.969726871418144842e-01
2.765434258062914319e-01
2.771472777420375122e-01
2.001012369880293129e-01
2.600058092457230852e-01
2.269089874468414314e-01
2.317254679549953233e-01
2.969864699968370325e-01
2.559005758491093574e-01
2.787563583966294889e-01
2.869237111884985758e-01
2.958029984184525341e-01
2.887488104759344809e-01
2.442961460275481222e-01
2.820899850301018530e-01
2.251671573880465738e-01
2.267614435421734242e-01
2.714766615899207314e-01
2.534674782531458614e-01
2.217143801579300189e-01
2.995260809337140784e-01
2.060602264821525531e-01
2.559691583776673718e-01
2.552449675137262730e-01
2.729805771054881203e-01
2.462234089309007223e-01
2.552973960825200561e-01
2.189186487343748877e-01
2.493318359487013969e-01
2.735329021287956630e-01
2.702462802757201743e-01
1.923874401753361552e-01
2.589109469771384564e-01
2.984977222865414781e-01
2.706945936985262202e-01
2.304693177864778342e-01
2.208943193030465102e-01
2.466235964197028008e-01
2.703889068981097932e-01
2.338975810209953654e-01
2.506552824593116235e-01
2.511161018034660519e-01
2.440820930128773103e-01
2.463713755090665425e-01
2.738679637770741193e-01
2.549937774920039701e-01
2.843339575566445898e-01
2.286148340296237369e-01
2.954771697238494643e-01
2.987725226047459604e-01
2.590787458319547820e-01
2.360739769381979547e-01
2.525069690217291440e-01
2.732109246475920572e-01
2.906809157035306068e-01
2.528903072713375999e-01
2.286896142735369009e-01
2.715143210515059136e-01
2.942947762786504162e-01
2.649108127902279342e-01
2.017992293799005521e-01
2.165307295201176763e-01
2.439858737513544151e-01
1.928722788445082215e-01
2.971081433409368255e-01
2.448171272522587649e-01
2.644622747734778345e-01
2.855279305500545983e-01
2.644869702817432278e-01
2.815584300155768993e-01
2.945063351098572979e-01
2.650774036163188740e-01
2.278744457810794044e-01
2.611047384953633088e-01
1.921958063869222966e-01
2.255193788469414817e-01
2.690500416992160360e-01
2.822164881716358598e-01
2.687055466690867478e-01
2.978691263795658073e-01
2.302413308198356656e-01
2.473881431044908097e-01
2.932689549865570289e-01
2.933628857172903004e-01
2.651481418600221129e-01
2.555445145147077768e-01
2.355131310240026754e-01
2.949539124943547641e-01
2.946903378837843479e-01
2.900632596591030121e-01
2.860554570162818777e-01
2.159905946787707975e-01
2.493506573490481271e-01
2.761898494913145874e-01
2.100779681278527045e-01
2.159207580175743213e-01
1.935383717236903722e-01
1.955371149646215057e-01
2.348784474975141867e-01
2.720059436961032029e-01
2.751600758287079951e-01
2.879612332931024143e-01
2.916308482975104588e-01
2.863176328720515862e-01
2.505153110870391164e-01
2.857728100250918057e-01
2.827627877134665790e-01
2.222233678301836768e-01
2.774644927180526799e-01
2.816901792116269232e-01
2.326148454367679141e-01
2.639508229894690916e-01
2.039720538372533643e-01
2.610275304407451147e-01
2.754275906985838573e-01
2.252466241411766046e-01
2.128353171853777648e-01
1.916074354830998305e-01
2.019538470767741067e-01
2.665265837031678409e-01
2.306874028421918021e-01
2.735434615384614854e-01
2.693338548950915956e-01
2.911676247988122523e-01
2.812499589979179371e-01
2.189106480414199918e-01
2.793267179377624809e-01
2.202740022661902330e-01
2.251701268555785784e-01
2.087985937041696438e-01
2.204706113295753223e-01
2.600868600299940381e-01
2.708008177787804560e-01
2.570403312625232362e-01
2.201340031125918473e-01
2.628226611077811303e-01
2.867617396929264539e-01
2.957323658718370440e-01
2.871018303648490422e-01
2.326573673241335571e-01
2.558356778092232275e-01
2.972511586939995953e-01
2.908702522652678035e-01
2.251062295750368425e-01
2.365489983696575926e-01
2.946506619212643230e-01
2.693240347205934082e-01
2.937360081604306061e-01
2.912541286326465473e-01
2.380441977257280461e-01
2.196482755889984650e-01
2.402532046715202818e-01
2.248862071787577910e-01
2.971363288051596108e-01
2.323378352703869276e-01
2.453193209287465315e-01
2.818703078872571433e-01
2.781886395720786220e-01
2.721015566840662703e-01
2.817279487320212272e-01
2.292837722944069956e-01
2.982751702332108734e-01
2.686392188900115219e-01
2.794703019179457515e-01
2.773276247858196264e-01
2.243346397328339070e-01
2.409093910943301831e-01
2.675696290426696211e-01
2.780828912767113748e-01
2.210187680241544883e-01
2.878014168545045548e-01
2.377470444195520782e-01
2.247818973265524323e-01
2.568375019563484685e-01
2.717666894459450089e-01
2.242686377726329783e-01
1.891514611890232900e-01
2.460544081766173063e-01
2.967614984773155884e-01
2.877572029937121023e-01
2.627025465260985904e-01
2.530809240827876505e-01
2.909684720836822613e-01
2.094871883632022092e-01
2.779572412474869969e-01
2.699165643676509352e-01
2.716446084479195999e-01
2.645351950993915513e-01
2.647582648367425295e-01
2.473344049410178547e-01
2.952292701073280790e-01
2.627648075119815019e-01
2.799452040060555480e-01
2.067125711470592930e-01
2.878182250209513349e-01
2.363864124129714528e-01
2.460180336845138316e-01
2.870134732778601427e-01
2.712459143890132429e-01
2.361480179710809535e-01
2.997460626049126553e-01
2.262535710475574724e-01
2.918576656518829804e-01
1.780958098651552746e-01
2.987547243731975000e-01
2.499970427979757159e-01
2.896135677683784326e-01
2.535171532970764141e-01
2.256851205971405205e-01
2.737814566315093789e-01
1.839151113394990600e-01
2.105367754205791364e-01
2.944617411776218607e-01
2.178183019279420485e-01
2.537130850248952574e-01
2.788322181950639855e-01
2.566962179072646566e-01
2.868438539486871108e-01
2.193176293840208291e-01
1.830385753323970632e-01
2.515076230776683852e-01
2.619498011780753699e-01
2.865179956186535981e-01
2.856333718222313633e-01
2.206710467616168903e-01
2.619571350019040401e-01
2.916395686236472051e-01
2.974806054763597385e-01
2.539535280773439485e-01
2.123658243467141937e-01
2.182205113511298811e-01
2.287035606502914875e-01
2.761279072150970570e-01
2.678617017765195230e-01
2.284344972175749999e-01
2.819185148252773554e-01
2.745499297961556673e-01
2.182317025017284084e-01
2.190480651735037532e-01
2.642180109611785288e-01
2.677726251053829665e-01
2.353598049802288206e-01
2.480576609283034750e-01
2.395027299581268532e-01
2.849226101724026683e-01
2.925305159776968589e-01
2.912566494859893940e-01
2.600562986343752381e-01
2.221357950493406397e-01
2.068071331426984405e-01
2.843313684356849058e-01
2.706437303504895531e-01
2.328476774266046434e-01
1.778648343074837879e-01
2.446288010090913734e-01
2.853360386264128246e-01
2.713123403702009107e-01
2.600630087322416961e-01
2.813565262215530494e-01
2.590329056881569003e-01
2.665029186091761870e-01
2.093321064457848990e-01
2.401100841000726460e-01
1.970316061934450358e-01
2.530658126577774447e-01
2.628137882847642048e-01
2.160716039097811403e-01
2.718569682845043967e-01
2.703249147520019324e-01
2.988964724102776138e-01
2.816333281227539342e-01
2.277716327285812525e-01
1.882512999416591504e-01
2.885360854872795477e-01
2.419546992124265439e-01
1.965647759396965122e-01
2.226293521849694035e-01
2.879469706266172824e-01
2.793928913639680545e-01
2.950267667467516008e-01
2.898905063377723579e-01
2.716995872403218382e-01
2.663291528701329791e-01
2.006694815480105087e-01
2.604961718647657021e-01
2.684117004631826342e-01
2.830045111681377956e-01
1.866823528678693278e-01
2.767264156756484295e-01
2.058974927354696449e-01
2.926027423215440959e-01
2.653531402526945193e-01
2.939872588046257285e-01
2.400643314010200702e-01
2.805065936415480632e-01
2.323185315550846952e-01
2.810310635819480152e-01
2.078619484734336997e-01
2.677879305765384355e-01
2.584243010002635343e-01
2.811523565572470185e-01
2.340278824286279591e-01
2.885543541385386934e-01
2.997499488728821437e-01
2.715055559995671053e-01
2.803049157375426259e-01
1.938860354502149608e-01
2.444741725596314974e-01
2.872763820208694696e-01
