4.546807547234803515e-01
3.765897449915925344e-01
1.225000620846800892e-01
4.661738058544150354e-01
3.648586184607786054e-01
3.378814149113189558e-01
4.484932557206491310e-01
2.630883380212362121e-01
4.492021659783793086e-01
3.929613923453845192e-01
4.437127816039840300e-01
2.767282027815200496e-01
2.719325368381935171e-01
1.280789401252276360e-01
4.367440553780165269e-01
4.112978167515550232e-01
3.965751088065564423e-01
3.408091578762906249e-01
2.101813714744424355e-01
2.220961141308456788e-01
3.211612226207413157e-01
3.345783037006996308e-01
3.857961348750639230e-01
4.249363611303612620e-01
1.776786647564202182e-01
4.647389586336508338e-01
3.251973435804113022e-01
4.321817574639742476e-01
2.443991117014762682e-01
4.224250320312127882e-01
4.631563102810947741e-01
4.709200472091422118e-01
4.240011491945474553e-01
3.560505725211862704e-01
4.211009744915977793e-01
2.925635585815084538e-01
4.075693204282855309e-01
3.591223055228289773e-01
4.104641123476080455e-01
1.244744523687241339e-01
3.741904493119517783e-01
1.382472015401250420e-01
3.218614734667070154e-01
2.473228571851164570e-01
3.306118416233696511e-01
3.866328940756467714e-01
3.246657123766763520e-01
4.307782928783991938e-01
2.265042160132613169e-01
6.914760357771995714e-02
3.630556391254323723e-01
3.738476064007147937e-01
2.336917046416817634e-01
1.254133530507648975e-01
4.671751540074194353e-01
2.100348677302100453e-01
4.689097402021011884e-01
3.885187518647241212e-01
2.557414737739852617e-01
3.413817762677834877e-01
4.469341824752259829e-01
3.859582536093328908e-01
4.690661656060701734e-01
4.085814398097549760e-01
4.009614354918392132e-01
2.381904100945112512e-01
2.952535014405856528e-01
4.679002835587692255e-01
4.570026338651764775e-01
4.396425242629880548e-01
3.928467193291890758e-01
4.238822317438262766e-01
3.451534072749907200e-01
3.851168561702665860e-01
3.302128325259763852e-01
4.234124025140851288e-01
4.222300763371717447e-01
4.408409652071922369e-01
3.522879729980509245e-01
3.216012711380429323e-01
4.584290127080116184e-01
2.566125844311705206e-01
4.566796636489530159e-01
4.715727568949748538e-01
3.967931026599738620e-01
3.836925434355574760e-01
1.461429427320062036e-01
2.234115403418807100e-01
2.924821798624488434e-01
4.489966528990874672e-01
4.586331489561916719e-01
4.312365286677451448e-01
4.231379288232479663e-01
4.704259250087112210e-01
2.966016859717373055e-01
4.430200488421882632e-01
3.014941735668655309e-01
3.697487223713546989e-01
3.559005583132971995e-01
4.543662136676313024e-01
4.019497280324773048e-01
3.512355765351319881e-01
3.840301009645203933e-01
3.604348580125880663e-01
3.996878398161760604e-01
3.941758528438005782e-01
2.909820257520401299e-01
2.591266250802380933e-01
3.482021896779646242e-01
4.417805064726277875e-01
3.617649642076226080e-01
4.640335550604495762e-01
3.780296180412374141e-01
3.426918268566059300e-01
3.421611095436870587e-01
4.030334363162969002e-01
4.443458095861853030e-01
2.165335831367638242e-01
4.319609037450761191e-01
1.939285858390751571e-01
4.625742148298614964e-01
1.571330759645765962e-01
4.027511337273963488e-01
4.313637948887949491e-01
4.446138898931177308e-01
4.286445220969622438e-01
2.454074150323409809e-01
3.388189243347019541e-01
3.800458333146989887e-01
3.297212481607108558e-01
2.973123911555447529e-01
3.337190286578902154e-01
3.942705241520643167e-01
3.365423176196764565e-01
4.685491628726377034e-01
4.143336513211233751e-01
3.733307265007084763e-01
4.404901367850898586e-01
2.852698837288254463e-01
2.543906887892222191e-01
3.078194210919420470e-01
3.838603961089271932e-01
2.521932489282397993e-01
3.298083455538466935e-01
3.684756126486894434e-01
3.461628506988921883e-01
3.987108176847250496e-01
3.883821391078991492e-01
4.271543320915192621e-01
3.884112405788675004e-01
3.705514795327453648e-01
4.110715126350187321e-01
4.310793595121741317e-01
4.264912542683757524e-01
3.734979907735625493e-01
3.152461808237799756e-01
4.560431884509013045e-01
4.239095423939696072e-01
3.941525547566258059e-01
3.234109697561468599e-01
4.667452930959687940e-01
4.595837097500855561e-01
1.960788169118042878e-01
3.990052934575148980e-01
4.096140744012042867e-01
3.430713851484094024e-01
4.738209708072352866e-01
1.270498003204933446e-01
3.664660402101217462e-01
4.191749187119518383e-01
4.398730290803566922e-01
3.454738871632178632e-01
4.657799750562542918e-01
4.027754925898052729e-01
1.925756395207933735e-01
3.160842444384913130e-01
4.281208750689841080e-01
4.454204487655893385e-01
2.116945820903380626e-01
3.542832858202485946e-01
2.776975734469663282e-01
3.575304114846620251e-01
4.450518281405569931e-01
4.640114031835531616e-01
3.262876524827989511e-01
3.250615277196196029e-01
4.089578784028196079e-01
4.599540771958652852e-01
3.680797073208246784e-01
3.044647168967548612e-01
2.059722562653703848e-01
2.813952633780627544e-01
4.013844763481299593e-01
3.532663076258500401e-01
2.582021994542068044e-01
3.444421297765921652e-01
3.206082141898980997e-01
4.069474617455584586e-01
4.310433827656308114e-01
3.414062659757062246e-01
3.958692114785285487e-01
3.992158969878357722e-01
3.236329425456349052e-01
4.688366664951183482e-01
2.976711849986959368e-01
4.541771998035775137e-01
3.895568380992363022e-01
3.763793968953330626e-01
1.788118262203579334e-01
3.571093954494276024e-01
4.418833123200265889e-01
2.983685854670363735e-01
1.987716103876594476e-01
1.461461941924803998e-01
1.032659322371602129e-01
4.642047935004054438e-01
3.150700488727628534e-01
4.062439316146411739e-01
4.019156252028810439e-01
3.693501014623026268e-01
4.693990340914381276e-01
2.534644191229495358e-01
4.139684938616148835e-01
2.762084806916889623e-01
3.058429103740609722e-01
9.842828371883570460e-02
2.749403191676452196e-01
3.868068030220426223e-01
2.958264568802750349e-01
2.720337390443066661e-01
4.687172309959963812e-01
4.015555496632682853e-01
3.562399579439018971e-01
4.317471704546096412e-01
3.327296135841200653e-01
2.999867993748240314e-01
4.288792249708167081e-01
3.383378328799560575e-01
1.629117538607136317e-01
3.667131875506819405e-01
4.432749389422193653e-01
4.464797165774375687e-01
2.044254031820462725e-01
4.187397869151462393e-01
4.713345375459485065e-01
4.638630185151517704e-01
2.823242430403621328e-01
1.799793927381791725e-01
4.651744949722034783e-01
4.362548558807389787e-01
4.183782708789622884e-01
4.337139959473959028e-01
3.012253385671302963e-01
3.690822196629856000e-01
2.561104390479511106e-01
4.518894341307680973e-01
3.630096331988468261e-01
3.304110681305733044e-01
3.973846170095206021e-01
2.214206543065413146e-01
4.238568005994029497e-01
3.339541954654104972e-01
4.005206418422611048e-01
3.265938552722987276e-01
3.913445481469278731e-01
1.618995099773515023e-01
4.209311579570089168e-01
3.210364193119702447e-01
3.615221228298879375e-01
3.188315334896725806e-01
3.031051560604245410e-01
4.608582371319727145e-01
4.095937772868778470e-01
4.094139432850303906e-01
3.266395509570549915e-01
4.181777089959902161e-01
2.363596623746579972e-01
3.343971582770312034e-01
2.444711877764583485e-01
3.063481883267958894e-01
3.134025654076780243e-01
4.384081854652865373e-01
4.703831621327227430e-01
3.864709336619206459e-01
3.791491321668749026e-01
2.799411346427247427e-01
3.672273169879173293e-01
2.741730881555292654e-01
4.443405377949273816e-01
4.214841853987086329e-01
2.645479437095811237e-01
3.145914047297466709e-01
3.373989496490243933e-01
2.381031648759602826e-01
4.543762919698916547e-01
4.696979059330449457e-01
3.187055886747816036e-01
3.350651935637506407e-01
3.886556984691520444e-01
4.322239688353576859e-01
2.151987403433905932e-01
3.846829702708227106e-01
2.227256549501587524e-01
4.169654167767563036e-01
4.097160249453638547e-01
3.380553598877035215e-01
4.118862895965256787e-01
9.703483541736475371e-02
3.221950229462312576e-01
4.143457127202891388e-01
4.729892584162935787e-01
3.119555237057117236e-01
3.477550108068227508e-01
4.482854586044713319e-01
2.078585220654951271e-01
3.264828460369697538e-01
3.020630411794212877e-01
3.614197989523060262e-01
2.419242634619742927e-01
3.241915290478656342e-01
1.870533783371307601e-01
3.395369350986622847e-01
4.253193508795351518e-01
3.048433233487586325e-01
4.209467540345108172e-01
4.519303604890473336e-01
2.488853011171882346e-01
4.516304823632822929e-01
3.330249146446442321e-01
2.910484517052496223e-01
4.697658293280256303e-01
3.212020363149520330e-01
2.960400848196323986e-01
4.437839606034668649e-01
4.352435927793393833e-01
3.984536126409128909e-01
3.108629611062531106e-01
2.515778354792854721e-01
2.455859045324564338e-01
1.504637581731779472e-01
2.704125389898784371e-01
3.287575039428161094e-01
4.479258447900180129e-01
3.176616089717416713e-01
4.476749660608693726e-01
4.391583999487814194e-01
4.524955866167892915e-01
3.882000144035102074e-01
4.372169165502440835e-01
3.239737980195783740e-01
4.520897136918339831e-01
4.204600555299489728e-01
4.712870216276242585e-01
4.598928384916230461e-01
3.078307378651415904e-01
2.753790584030443855e-01
3.630407848815233596e-01
4.533433836732292943e-01
4.653029685054683728e-01
4.723754595392495315e-01
3.662444450374378602e-01
4.052410288479220135e-01
3.860424348317850196e-01
4.320531290677079861e-01
3.388350514173069650e-01
4.459316086553989922e-01
1.561737411002253328e-01
4.037273243575416615e-01
2.054675376042431889e-01
4.429832473812032045e-01
4.368126870158816066e-01
3.891342699547820083e-01
3.221052904642519588e-01
4.216784550571232026e-01
2.513914325367990199e-01
3.078007266462077229e-01
2.130564199134478975e-01
4.429338458558998437e-01
3.008201973278048502e-01
3.444092305664420706e-01
2.568893055873583964e-01
4.010587273247673279e-01
2.423574958812448610e-01
3.633554140714844172e-01
2.639543809626936910e-01
4.565134313433224511e-01
3.803714563894184386e-01
4.539710778015161319e-01
2.307664807797873141e-01
4.447599791396145141e-01
4.681796090932967558e-01
3.577563842229654067e-01
4.629792677122878120e-01
4.732732266821905176e-01
1.592692489370415854e-01
3.788706897278565910e-01
3.017792260568914475e-01
4.305833198527970196e-01
3.343013760539398360e-01
3.153111628073703154e-01
2.422816127068700975e-01
3.602273272069483889e-01
3.591941049797472418e-01
3.883606686583329637e-01
4.613620565359100589e-01
3.661884083844649806e-01
4.583644926223833238e-01
4.253681557001825486e-01
3.920720275014049072e-01
4.303795686708690726e-01
3.362064570108300732e-01
3.979497163676783411e-01
2.955949033017289951e-01
4.242376275166889199e-01
4.386247561069683831e-01
4.432317542026206203e-01
4.329953119302701325e-01
4.492913066196802530e-01
4.197621900315263721e-01
4.216285216863865926e-01
2.167784389367604925e-01
1.756094449168583427e-01
3.864618856343732256e-01
3.965889437586673227e-01
4.020884628538444194e-01
1.280059843083680426e-01
3.616525722152758582e-01
4.529766260533215072e-01
4.706534818077156013e-01
3.388476267664083386e-01
4.165593065843949949e-01
4.571746477903663175e-01
3.468657142689892114e-01
4.477171999437651873e-01
3.820409753717537993e-01
3.787312202142494866e-01
4.506282467226493393e-01
3.041308722108633233e-01
1.968213051694252536e-01
3.996234354699591540e-01
4.495568789182876612e-01
4.576583418669563641e-01
4.274941446923897770e-01
4.124225289135140526e-01
3.991353863934777868e-01
2.699982413819585481e-01
2.766166154324446458e-01
2.609983464912655204e-01
3.624351404330489190e-01
2.654825206263798365e-01
4.059232102402562936e-01
2.294729128197500745e-01
4.240338273261335389e-01
3.494671845496344909e-01
2.892036508485271162e-01
3.229253263584084266e-01
2.397360127297731847e-01
2.729821194104128934e-01
4.580212975965933242e-01
3.093229833680269936e-01
4.013884605918268123e-01
4.704802124538091657e-01
1.493377051009983636e-01
4.180797643759698312e-01
3.366738861825555040e-01
4.180120112345947492e-01
2.986784829633032379e-01
1.647956620530678096e-01
2.694899793224846962e-01
3.879948706286484028e-01
3.924197448241232289e-01
4.739947978626584124e-01
4.465012839573059833e-01
4.241227107046406930e-01
1.133862008504675778e-01
2.635625872945642767e-01
4.080061199144761064e-01
4.560078511912439847e-01
4.552063369194660480e-01
4.441263676967193152e-01
4.261053752345403400e-01
2.860255985543414536e-01
4.756352555039081165e-01
4.630314293432807315e-01
4.464306742507456738e-01
3.345085126001408615e-01
3.845217891394208110e-01
4.461202713263811015e-01
2.799027081012753215e-01
3.823571627786408467e-01
3.272708597986234702e-01
4.618655446616845572e-01
3.971658734245982481e-01
4.646950243589835772e-01
4.673680819960986943e-01
4.045925722554738480e-01
1.819359479282260383e-01
4.615981651107097239e-01
3.222958765997742114e-01
3.640450991434983630e-01
4.575234079097195705e-01
3.846405531903931418e-01
4.442420011113284994e-01
4.358716354789579639e-01
4.472942884746684555e-01
4.454956671791216460e-01
2.669301586582145114e-01
2.372853295677049001e-01
3.573360713546777645e-01
4.320483836617201034e-01
4.345731080630059751e-01
4.706177806739865743e-01
4.382353538316988706e-01
1.616000336724224828e-01
4.154489911436166083e-01
3.705988671713194016e-01
2.348395566925516875e-01
4.556548332025580628e-01
4.303050957700558232e-01
2.982963790264674953e-01
2.472609497169826198e-01
3.387987190988633879e-01
3.086734313501843241e-01
4.533426922820246174e-01
2.964974015085650172e-01
4.343285508328810773e-01
2.212182582213941817e-01
3.952499850619883848e-01
2.865923317250156921e-01
3.863974036272219137e-01
3.678846692867578927e-01
3.923612598902029847e-01
4.096064014149245480e-01
2.732580501617666302e-01
4.755942240907642393e-01
4.489106778215939397e-01
4.663802858667135398e-01
3.279941951387737031e-01
4.239538809679257447e-01
4.139211657135513645e-01
4.690730141444898749e-01
4.076302825621518355e-01
4.495198620720796123e-01
2.052452110863168255e-01
4.750555506754836621e-01
3.525111076070362448e-01
2.166653261380128426e-01
3.525083625948927657e-01
2.667208550870086570e-01
2.278856548135603510e-01
3.461329671213477233e-01
1.592128757107058035e-01
4.544068696928895146e-01
4.419838012851154962e-01
3.483354284907201337e-01
4.211072471296870567e-01
4.679027014736958368e-01
3.983621471810039893e-01
1.992977653504355851e-01
4.370110790557923397e-01
4.288220763518116319e-01
4.666136578088578291e-01
4.210560254306111583e-01
4.240225034122321879e-01
4.625220900657377454e-01
4.261438923951471058e-01
4.402746904443127218e-01
3.657779535428312689e-01
4.396100002243508165e-01
3.348116571584215939e-01
4.243904478637980371e-01
2.419504546718954097e-01
3.926330771285124199e-01
2.113800020380897926e-01
4.626037608498936304e-01
4.404208684854041267e-01
3.226032418291115977e-01
3.990530833020075052e-01
4.006107420304068079e-01
2.201254316802786215e-01
3.455100748177344361e-01
3.472568477114541530e-01
4.339084020855499269e-01
4.179057014144758053e-01
4.685195424757174210e-01
3.165021027791458663e-01
3.378378826144498026e-01
2.286177359553497879e-01
2.713495115904137056e-01
2.455581699002184759e-01
2.774299412959932987e-01
4.230790662794133294e-01
2.410741065420610729e-01
4.413969009347205597e-01
3.739090809000532589e-01
4.243733204814593152e-01
1.913344380614686591e-01
3.593417493793922834e-01
3.189904531654286779e-01
3.684490507438130669e-01
4.632373717783940248e-01
2.631731561129044827e-01
2.413122105726792088e-01
4.417029857628162470e-01
3.811056551562834183e-01
4.455541350009386004e-01
4.570041925580030640e-01
3.799181823259648594e-01
3.513663333875740591e-01
3.731374752671122730e-01
4.691391775433046973e-01
2.887464427371406184e-01
1.847307102533951306e-01
3.253096179929951814e-01
3.560132752962452130e-01
4.474262577586883838e-01
4.310561096223767819e-01
2.599070164527880755e-01
3.045438847023734241e-01
2.833628421230433014e-01
4.280315431070819132e-01
2.962247188204916171e-01
4.657783447579896263e-01
2.969742886870220810e-01
3.575428432687153268e-01
3.259290219542307909e-01
2.279757939723733029e-01
3.902592744664650781e-01
4.692863157911087990e-01
1.407329447760113372e-01
4.063398396384969025e-01
3.022814855932367539e-01
2.858551417018463381e-01
3.168142364770316632e-01
4.642930969219685178e-01
4.712730041526904112e-01
1.644757377810086851e-01
4.468202624552899960e-01
3.834159495336886825e-01
3.464627930139348444e-01
3.561545990648842253e-01
3.756909415950514530e-01
3.272845641918490367e-01
1.769208635458031087e-01
4.715587628731551795e-01
3.262349610865469818e-01
3.301242764201931523e-01
4.285912892664817120e-01
3.856589757633450688e-01
2.249952216175300779e-01
4.583684632580096729e-01
4.410037034156626956e-01
3.001089861823041938e-01
4.645071641797434148e-01
4.103692895532738971e-01
4.505982141720221712e-01
3.310011563171684768e-01
4.569641546227574125e-01
3.814798790965176489e-01
3.371529412928111480e-01
1.658446914832681363e-01
3.855456771064290633e-01
4.114609407443621247e-01
4.738315715935549899e-01
2.483458184510086708e-01
3.542560577663381727e-01
4.681625401347338511e-01
2.394978293047112239e-01
3.405932553738220681e-01
4.633769353578069961e-01
4.678346490225603893e-01
3.354570175196420201e-01
4.389983444870269036e-01
3.597542786031039941e-01
3.687847679862942818e-01
5.559965145514930013e-02
2.650261424313357095e-01
4.627888046223705421e-01
3.128929011816519168e-01
3.603308597786994416e-01
4.668806773699382129e-01
9.636570820148541994e-02
3.221823753833493176e-01
1.758632540663258303e-01
4.588962814786098354e-01
4.691365943702652253e-01
2.545658817003453311e-01
4.557570565919989436e-01
3.811559199504270801e-01
3.542652409844887496e-01
3.875507938857524204e-01
3.584020534112253853e-01
1.322876569510478828e-01
4.452149094720602718e-01
2.291850340058594893e-01
4.021274474000252064e-01
2.920971169478158158e-01
4.097956491960598746e-01
4.034198671458498753e-01
4.314666341401529048e-01
3.471600088197058231e-01
3.699466243190701054e-01
4.538234355809054321e-01
2.017227254059901220e-01
3.519987402525992515e-01
2.767311826563029764e-01
4.652442994660841991e-01
4.188716569398444056e-01
3.840921400444884948e-01
4.204185793879169353e-01
3.184719399821276942e-01
3.011829138914515758e-01
3.349666736883893936e-01
4.549390923167040413e-01
4.544938951316219722e-01
3.428379312547874536e-01
3.080086667122656219e-01
9.485192791944116464e-02
4.256832061527050515e-01
4.392797582856684535e-01
2.368866400129994165e-01
4.199986566966787405e-01
4.053311422000340780e-01
4.452215587483951964e-01
4.024232613734026187e-01
9.374127803586186636e-02
1.667906133188678808e-01
1.316491553781881652e-01
4.667932494443955971e-01
4.505582037994803613e-01
3.359390543552416286e-01
2.443922410118977706e-01
4.585960922227748648e-01
4.770856170746974600e-02
2.208112778134842247e-01
3.993685654887296210e-01
1.761426131872730338e-01
3.907974311343527241e-01
3.979682060071522143e-01
4.682716611590588829e-01
4.310649065579845174e-01
4.525841989596003367e-01
2.282317508836060327e-01
3.365448552956203376e-01
3.475509428909664411e-01
3.841926957444889434e-01
4.087728021403953527e-01
4.153544061998228898e-01
3.660140688581222657e-01
3.295551702378821668e-01
4.294295416395194076e-01
4.716229396616479774e-01
3.858192659998924134e-01
2.656774067198472977e-01
3.277949168480619457e-01
4.329893532712276727e-01
3.149335989260620972e-01
4.023410923001088935e-01
3.027534280014304024e-01
3.124353447544626627e-01
4.345603936954526292e-01
4.131231863853821462e-01
4.361832496234805401e-01
3.181129744872905896e-01
3.995064068002045499e-01
3.689100297322763233e-01
2.022631711379731245e-01
4.229626244566748183e-01
3.433120552897369615e-01
4.008709067888422961e-01
3.016919642372409838e-01
3.176743570202535949e-01
3.930875725437728008e-01
3.906170379328833264e-01
4.146956246829779924e-01
2.662470605706210303e-01
4.299709395286168689e-01
4.473138651251190590e-01
1.701394505557465020e-01
3.744329786169601770e-01
3.036827331372084493e-01
4.186374552745081301e-01
3.008726362519109077e-01
4.521833704583461122e-01
3.083442119094552125e-01
3.790298368414904417e-01
4.029241055281088113e-01
2.823393948311292978e-01
3.705866920455008207e-01
3.522006825287641307e-01
4.688162578835093908e-01
3.892648255296732307e-01
3.967650408460621780e-01
4.716318225285341947e-01
4.258904639418198412e-01
2.612401541232036717e-01
4.655324158271217372e-01
3.826820471135423674e-01
4.020916460760131095e-01
4.061772075777363988e-01
3.311861194913935935e-01
3.271733146895290933e-01
4.547341704438422338e-01
1.455496891335586740e-01
4.730392881086949441e-01
2.139311905073314757e-01
1.784613103878565921e-01
1.730713729238368137e-01
3.545707750625714527e-01
4.575184382025482277e-01
3.011248057366045505e-01
4.552789301169156699e-01
3.243916235053099784e-01
3.649252609206934395e-01
4.678062541587152956e-01
2.453890105840767777e-01
4.029155317319720320e-01
3.880203758021362748e-01
4.665138753673531147e-01
4.046695719320600459e-01
3.404195800085378365e-01
4.407663728507478229e-01
3.302860156212451548e-01
3.175312659210787203e-01
4.757468593298270765e-01
1.176456608440111656e-01
4.101541161295259030e-01
4.697809472271021192e-01
3.022700516296281115e-01
4.261730067966102986e-01
3.923243635754015135e-01
3.212781288517395084e-01
2.476000139827147783e-01
4.051595021077211700e-01
4.031020645220464438e-01
4.575292133489250457e-01
4.461484417657352597e-01
3.970578704589791674e-01
4.223928360955715999e-01
4.291886311861827785e-01
4.380878810210079854e-01
4.511155952257285828e-01
3.936805130175759504e-01
4.381232108095980404e-01
2.958097470474703172e-01
4.361888101721102529e-01
3.533060885852719601e-01
4.720778796931566768e-01
3.926169815437987043e-01
2.731951214427565389e-01
3.523499279850631494e-01
3.693357443607988566e-01
2.661826499342031527e-01
3.618522972954783534e-01
2.610079235710005552e-01
3.825512163638027374e-01
4.743478685744790813e-01
4.614098886562789104e-01
4.083176061929394418e-01
4.509539699062222184e-01
3.711807690938140336e-01
3.505101252174150916e-01
3.468334650764907101e-01
3.314791395546869412e-01
3.623019047501651602e-01
3.919431794642825873e-01
4.590803039358639093e-01
3.757661594574163710e-01
4.621342877647985348e-01
3.487637509412457315e-01
2.460096724043481786e-01
3.986097109848004694e-01
3.455351646224104067e-01
2.500566127891894475e-01
1.422798931660163579e-01
4.660296230514067717e-01
1.905679169752066415e-01
2.800184457581846864e-01
4.187844786588263424e-01
2.349725390416658802e-02
3.761558207528014064e-01
3.082660591411225948e-01
3.307905211140483859e-01
4.627407771047445939e-01
4.522721082904832546e-01
4.337068514177856438e-01
1.892780875197888901e-01
1.622403596070714493e-01
3.787473250474234776e-01
4.684014929153771378e-01
2.836333210530026516e-01
3.769568854833035276e-01
3.708409895227104403e-01
1.825774415655853355e-01
3.788486535961296253e-01
4.534975239523987289e-01
4.727381071847986949e-01
2.707418074450761991e-01
4.742459626210291934e-01
4.238362010946791769e-01
3.444493074628762197e-01
4.617304394534132439e-01
4.605356907881002493e-01
4.285510789067531467e-01
3.877781633273575390e-01
4.439257613771506183e-01
1.915239749441124406e-01
2.213248532067499941e-01
4.352399104152793741e-01
4.672036818752193787e-01
3.846568296903010720e-01
3.924578942906152834e-01
3.156007218253944480e-01
2.283806066314319483e-01
4.110048705461954999e-01
3.848320590966979871e-01
3.937669503679869232e-01
1.662501457512964853e-01
4.353150921483662228e-01
4.568157782953742307e-01
4.244935335430718437e-01
2.433803981295138974e-01
4.497864942780305797e-01
3.353580535036853050e-01
1.545909092058935508e-01
3.918024230531473306e-01
4.485913613468306416e-01
3.631327765936187002e-01
4.489159489813018822e-01
3.422109309103562036e-01
4.212000521919802565e-01
3.317211915395313904e-01
2.221985330336912479e-01
1.938191727022115507e-01
3.588847995845937944e-01
2.061953014779757676e-01
4.689973108752523712e-01
4.014956565093709129e-01
4.733489599381464630e-01
4.032904256949485511e-01
4.302064532622530413e-01
4.702550636114432026e-01
4.156049459674200919e-01
4.673121354605027089e-01
4.449897197092712031e-01
4.629935911893466871e-01
4.348491040881511394e-01
4.594424532470396394e-01
3.705618550155702073e-01
4.500373967433103917e-01
3.617482428473284828e-01
2.942400294158286633e-01
4.693630340881373431e-01
3.964276239589376583e-01
3.353294954086420976e-01
2.385257704598338357e-01
3.055023297928223802e-01
3.404489300027718768e-01
3.194219788506761915e-01
3.839923852322990605e-01
3.136902921832369628e-01
4.143103841712719171e-01
3.148893213070131369e-01
3.847832806815842943e-01
2.833394728554685660e-01
4.204489312629582920e-01
3.976684051701698808e-01
4.504897100735532622e-01
4.383627732705780433e-01
3.611033791757403688e-01
1.813623268794682386e-01
3.091452342333986247e-01
3.614421819151357740e-01
3.982979724761758211e-01
2.884854263929007567e-01
3.915853960796979449e-01
4.508054019816966074e-01
2.928093485184238842e-01
3.977597179436080377e-01
3.088790898897629256e-01
1.971306267817703184e-01
2.540323641592565629e-01
3.379417441481847861e-01
3.527879827539462942e-01
3.777283906041147277e-01
4.479816389348563188e-01
3.925772994890012191e-01
3.933675806106696760e-01
3.726010739537184979e-01
4.608046024220522341e-01
4.225499154266996182e-01
2.951679593605607832e-01
4.170769679334578317e-01
3.544439678541879135e-01
3.919246742360451008e-01
3.750354471994457040e-01
2.520425005518126538e-01
4.411720734675681488e-01
3.324592941775471600e-01
3.984637583443547126e-01
