1.187244127642713476e+00
1.460718232789177451e+00
1.734994918822731824e+00
1.269324317036710337e+00
1.281648126481877092e+00
1.139559170720640724e+00
1.377710402122482192e+00
7.967468809886882886e-01
1.699038839292769776e+00
1.750915839037311850e+00
1.733001038617127954e+00
3.307287656710419244e-01
7.058224271495895374e-01
1.280492213785732192e+00
1.112325371209771818e+00
7.063683490252884445e-01
9.580035382413127909e-01
1.317263935906065608e+00
1.727792937654077488e+00
1.736654912349677282e+00
1.197755293304495705e+00
1.715525387393257883e+00
8.538172761173545844e-01
1.613536089745726265e+00
1.453090081903521291e+00
9.642163016161878764e-01
1.119145528157958536e+00
8.506106798498006549e-01
1.189360235659762344e+00
9.413744222405714401e-01
1.639492473747029999e+00
9.652566805435541797e-01
7.012238171777546158e-01
1.277215780042107562e+00
1.141927850446748938e+00
1.166793597026288820e+00
1.594141488117419403e+00
1.163357564875388661e+00
1.075462663606567615e+00
9.573733396204298085e-01
1.439811708581926419e+00
1.413332195336056030e+00
1.611606448454126150e+00
1.544010261182123367e+00
1.333195918062770380e+00
1.705235117975842485e+00
5.785005008972456952e-01
9.860053948880435071e-01
7.531402102147655153e-01
1.415674603594035297e+00
5.704820961725549644e-01
1.571757023949134080e+00
9.971625445131921950e-01
1.658093955474539305e+00
1.126304603629307621e+00
1.103004546571380695e+00
1.300453760743880638e+00
1.526630912282964658e+00
1.508312192378067573e+00
1.360909463504238470e+00
1.137995429170416628e+00
1.602830072332597000e+00
1.584849630504169493e+00
1.077711443780004608e+00
1.124151214733630555e+00
7.829986908247837940e-01
7.380996059176080371e-01
1.260050121995804018e+00
1.824320871849745895e+00
1.086176637904028519e+00
9.853347669042252788e-01
1.177244009092503596e+00
1.494109746023764007e+00
6.078280861512711519e-01
1.390776815162173996e+00
1.510417754738914153e+00
1.494070328935239056e+00
1.047718085357217888e+00
1.012910087934290493e+00
1.754252297778994052e+00
1.078170003915990716e+00
1.814404801073851381e+00
1.791960313580817754e+00
1.794628736112063416e+00
1.574062797597368668e+00
1.564187160653891295e+00
1.705018325578506078e+00
1.094700228270001574e+00
7.971331214280795718e-01
7.253819251175515070e-01
1.247396131645728490e+00
1.212209502858615506e+00
1.244966050176918859e+00
1.581463907066168240e+00
1.265554118226478231e+00
1.311304074274155740e+00
1.621462881724244243e+00
1.182850982072313650e+00
1.297024604271529880e+00
1.816342052028139253e+00
1.128918062854256554e+00
9.799261608847477101e-01
1.514146340104840061e+00
1.083467600525154451e+00
1.118229156807059477e+00
1.780554814340122416e+00
1.765958189917592680e+00
9.689318208968982216e-01
1.600599794758822192e+00
1.566475644247734778e+00
1.817495442814878626e+00
1.185738241506329560e+00
9.711831110236689435e-01
1.410661950125255526e+00
1.215417345914793001e+00
1.818813778242352575e+00
7.826440208607241544e-01
1.010024455380847730e+00
1.312599109953240362e+00
1.220440546327200337e+00
7.194336190471588566e-01
1.626167145884654497e+00
1.358605474523534529e+00
1.822588535688062450e+00
1.759994533725202981e+00
1.377582465043483584e+00
1.037278717506120884e+00
1.553295572214126175e+00
1.013936334646492021e+00
1.630566274471375809e+00
1.564897337906030472e+00
1.508586662043887694e+00
1.446986310133845599e+00
9.088547530268014096e-01
1.804074158348454526e+00
1.022511359405647413e+00
1.401514287956195481e+00
9.140396044200147507e-01
1.109003106376218462e+00
1.771090959213429405e+00
6.137975548304168694e-01
8.521743484855589523e-01
4.922173788007490614e-01
1.763728283729015356e+00
1.744147323836154895e+00
1.224081461527692261e+00
1.459869482946169361e+00
8.422528855865436537e-01
1.124257611603425300e+00
1.611466228362569586e+00
3.965375734245518702e-01
1.482525630031815256e+00
7.694802830314537712e-01
1.196303149003627331e+00
1.083097478134302127e+00
1.527484166188655346e+00
8.239312254874270325e-01
1.138970708258199238e+00
1.403353373110028279e+00
6.198926571997076529e-01
1.156327651552588431e+00
1.456742468070315821e+00
1.417105359661258390e+00
1.085428200642071905e+00
1.022101997835228371e+00
6.761366530985749579e-01
1.561304537567624884e+00
1.251807291068151917e+00
1.368387763355344067e+00
3.726725467529831137e-01
1.021943245201133887e+00
3.408443847959000128e-01
1.014784698155894782e+00
1.080764382538213386e+00
1.163380154390291299e+00
1.827318585361564329e+00
1.007547849986133448e+00
1.666716951944544167e+00
1.825229966519476221e+00
1.479753392831111070e+00
1.032634747553090593e+00
1.766257867715914642e+00
1.057766526861375178e+00
1.753277805804374534e+00
1.543416705620135332e+00
1.110595117165876555e+00
1.731135828981145597e+00
1.108187661402809443e+00
6.264933108967167819e-01
1.590267257833461123e+00
7.585458041921626648e-01
5.590565370833338044e-01
1.075708904010640010e+00
1.751897798665545958e+00
1.751522307545921198e+00
1.386413552087707668e+00
9.367695120853055668e-01
1.524485706592519474e+00
1.199434338207628681e+00
1.313022028127622143e+00
8.509587313158821775e-01
1.429316242539193871e+00
6.598655255677826625e-01
1.304284447525865920e+00
1.312655702177986328e+00
1.632981222278184985e+00
9.646691943813503478e-01
1.219986376380284732e+00
1.503281038485266841e+00
8.424121562545178188e-01
8.857516754780776491e-01
1.041317923652199440e+00
1.146368124628142304e+00
1.337871825841464801e+00
1.701775136479350525e+00
9.059757752995418745e-01
1.017290224887912764e+00
1.640062569355840827e+00
1.311117437364467397e+00
1.625852744197616051e+00
6.501345334721275737e-01
1.621877574800739463e+00
1.410599912750404084e+00
6.903192068438385176e-01
1.608712858025788783e+00
1.433962948660820080e+00
1.035007251605608136e+00
1.126267881886200861e+00
1.571049282821094906e+00
1.302932791405853497e+00
1.014884754342508799e+00
1.055371365363139358e+00
1.704048833201305513e+00
1.216353949640252896e+00
1.159459296207004053e+00
1.365322815052966376e+00
9.243471584299427501e-01
1.111641795340432504e+00
7.728798763623442314e-01
5.034976190932620721e-01
1.320929440603381355e+00
1.112051819940408137e+00
1.242581692602745091e+00
6.447204250166306272e-01
9.132572815919197673e-01
9.050811706264498824e-01
7.106888647390613434e-01
1.011820336070758941e+00
9.745356345642083307e-01
1.017380146696970300e+00
1.173924764794542552e+00
1.766908726866215806e+00
9.004415137378977141e-01
1.064741024416978821e+00
1.273275550091340858e+00
1.276154579443357528e+00
1.114072513470196091e+00
1.195659331056796670e+00
1.456763087661580469e+00
9.543276528634042633e-01
1.561514561244056631e+00
1.789249658765388329e+00
1.265161123153322187e+00
6.642391740131244893e-01
1.408673897737359848e+00
1.427700783819300989e+00
1.636679577090911497e+00
1.676463253632477723e+00
1.208481226006744791e+00
8.824875057498896558e-01
1.385414198419146592e+00
9.840183001366663573e-01
1.754592977980076629e+00
1.282622300432299189e+00
1.351519242156487666e+00
1.796314937602245809e+00
1.392734757095554166e+00
1.176839306460195189e+00
1.254375611083343278e+00
1.267759659893714419e+00
1.697351774053099671e+00
1.824954825569093941e+00
1.723051421088775736e+00
1.299559525936338389e+00
1.031746892619880951e+00
1.081118273216334913e+00
9.437085321458544840e-01
1.190476162739779520e+00
1.482672255378257198e+00
1.069271764927532509e+00
1.174803097248145578e+00
1.286339336707155612e+00
1.656141148441439004e+00
1.331523243883175445e+00
1.281835821441462242e+00
1.054555641955112755e+00
1.150047949375340828e+00
1.697389064239314793e+00
8.516819561376239855e-01
1.209984796087261838e+00
1.478056724373613351e+00
9.995114590034855917e-01
8.913597505335514315e-01
1.336545357999965322e+00
1.310547572465585731e+00
1.714845362455668321e+00
7.931737000176743990e-01
1.523894390625070816e+00
9.462354187608753575e-01
1.052116383548834966e+00
1.558093071141921415e+00
1.284099978771487294e+00
1.748127536607882337e+00
1.021429818468423179e+00
9.289609321012674004e-01
1.328912033110001945e+00
1.070417355019599226e+00
6.682802334257798016e-01
1.064047551864242269e+00
1.382072516083636016e+00
9.256778396619914639e-01
1.763288385930331881e+00
1.658643634592901872e+00
1.717387727627668115e+00
1.261356256890331595e+00
1.544245039195523361e+00
1.201229871724447174e+00
1.467936173967534508e+00
1.569704763283341631e+00
1.166078977450968779e+00
1.125583577815142400e+00
1.359752555525512552e+00
1.345783157997631374e+00
9.996226283749312103e-01
1.362314183494821807e+00
1.165389379436776229e+00
1.419570894264724270e+00
1.620673096443624006e+00
1.586891463036534500e+00
1.368637428223747676e+00
1.159558765494379973e+00
1.132606810001196562e+00
1.456786771347220455e+00
1.302219988925818361e+00
1.415204405241227370e+00
8.287015913955729784e-01
1.099300062846922055e+00
1.013223114035952444e+00
7.618247010171990130e-01
1.561516852976988057e+00
7.528103074048596577e-01
1.409488007212573724e+00
1.235948635444876986e+00
1.051399677001992439e+00
1.530944573271376674e+00
1.331886291304663628e+00
1.656552246207298351e+00
1.695082766360394011e+00
7.544506853384679301e-01
1.816820759036372079e+00
1.295621480347181720e+00
1.730211120137651770e+00
8.055926734763514396e-01
1.466050778247661723e+00
1.422208378744739043e+00
1.502432720567799862e+00
1.433561352980964321e+00
1.717497373265908900e+00
1.258040954375489573e+00
1.639072647498732715e+00
7.670485014545850300e-01
1.303318108215832938e+00
1.826941984181038370e+00
1.758109968496983866e+00
1.222728795510312327e+00
1.197655216375848930e+00
1.418846802578209276e+00
1.739829327649494717e+00
1.078331390146180402e+00
1.751703643373462960e+00
1.530827630815185358e+00
1.641859481742850679e+00
3.968094127454960818e-01
1.456235170329281070e+00
1.103893053795716783e+00
1.325038830740200346e+00
7.674143585473341966e-01
1.267495594039869999e+00
1.751425293154027063e+00
1.226676451186679229e+00
1.506044065050244463e+00
1.764938912582812991e+00
1.094031307974844269e+00
1.150742454749615007e+00
1.366183674883642230e+00
1.368783608284050324e+00
1.662060589196966642e+00
1.783178565202593990e+00
6.057315283722577437e-01
5.157706681609380839e-01
1.190005195815361017e+00
1.018873629181302309e+00
1.226900113598619724e+00
1.617640151181661601e+00
1.206592189696573447e+00
1.632049442408693540e+00
8.099273245082503347e-01
1.504607837678071380e+00
1.800592448206601803e+00
4.867984847561950268e-01
9.148158263070188534e-01
1.687584346083883746e+00
1.745843768669095075e+00
9.730787282493102985e-01
8.227376225506646268e-01
1.299506279049112978e+00
1.629405807001872875e+00
1.360969584046542113e+00
1.475133925112091626e+00
9.911446707559232738e-01
1.696362114112431208e+00
1.798141684253744099e+00
1.253646183227284716e+00
1.441508727700380410e+00
1.372289543361535857e+00
1.782402065826906856e+00
9.968762844693710434e-01
9.089452685700529777e-01
1.139726172579121233e+00
8.865308675708498676e-01
1.688245611126235612e+00
9.688135201450992495e-01
1.217352461693179899e+00
1.494345843603959612e+00
1.050577483529254952e+00
1.328016622145460346e+00
2.131746748934800761e-01
1.574303452653146529e+00
5.162902370939516095e-01
1.777818367861697224e+00
1.071644222842414562e+00
7.780450786929028473e-01
9.709539371783613149e-01
1.796546138227238298e+00
9.246940712549582830e-01
1.338166303935587331e+00
1.468918198958089949e+00
1.367691741671822836e+00
1.718239182618432448e+00
1.774637212824838661e+00
1.253505203111053623e+00
7.007748836925747904e-01
1.261230348701628978e+00
1.054585301123484919e+00
8.574149268114212852e-01
1.637133000386241877e+00
1.095933056306637621e+00
1.204078968211868661e+00
1.179252688488028333e+00
1.365917001286036436e+00
1.581266048949683478e+00
1.013336150342846853e+00
1.251217196559421430e+00
1.093629667859325805e+00
1.442403303426198047e+00
4.324321650193611033e-01
8.015500981988501472e-01
1.594007359962419823e+00
1.734283612326414925e+00
1.064936821018115598e+00
9.773247973745302630e-01
1.020900761546976288e+00
1.251381535188290206e+00
1.511032388072355293e+00
1.688024335620440297e+00
7.864029334081350520e-01
1.043537932562062398e+00
1.044770787353572761e+00
8.871712468724035627e-01
1.408797665139854827e+00
7.975705750376235192e-01
1.212512185954897737e+00
1.720987801752856594e+00
1.090869221649044762e+00
1.438023035486407863e+00
1.640643413188938693e+00
1.044001186619193167e+00
1.548354139375258010e+00
9.963250080869924252e-01
1.748575953402673688e+00
1.219430503466126137e+00
7.214666299323445608e-01
7.007141998670041172e-01
1.069604160609990640e+00
8.031045536041369060e-01
8.392776909439235711e-01
1.090184673399277715e+00
1.151072637143701671e+00
1.428866069998599997e+00
1.106801451995748087e+00
9.033183814960701330e-01
8.617937025529411876e-01
8.931976861356657471e-01
1.503947787397674540e+00
1.086598352576051196e+00
1.551536631059328153e+00
1.730044335611330197e+00
1.234164535664519446e+00
1.675146442247728906e+00
1.818062747361259834e+00
1.071016566072617859e+00
1.043169803543662288e+00
1.022287648507299140e+00
1.224859148672205800e+00
1.222950961667253811e+00
1.248031504518801516e+00
7.517309606925871579e-01
1.447007735774767934e+00
1.081385110562224305e+00
1.695350836723163113e+00
1.122082330510431492e+00
9.484309391718539484e-01
1.611661077189802338e+00
1.597464823816211243e+00
1.507949637825341860e+00
1.330011376023471747e+00
1.741811719404010139e+00
9.263820081352786007e-01
1.199504525919010911e+00
1.623365103548014332e+00
1.481235398484403110e+00
1.716860396289574320e+00
1.362316720744611631e+00
1.536207133296752181e+00
1.651243777915941235e+00
1.800734666911396609e+00
1.442456119875801468e+00
1.046854966605469617e+00
1.424426368209784188e+00
1.437911946156495091e+00
1.601510563780101926e+00
1.576648550893387180e+00
1.381555244163293006e+00
1.496489513526437110e+00
1.249785909982579879e+00
7.476845415765825953e-01
8.135543728760611382e-01
9.849294389819568396e-01
1.388295546924810608e+00
1.772575563423467004e+00
9.201148105854081161e-01
1.688955743510468732e+00
8.801030455145217868e-01
9.082890677492506670e-01
1.444455124410661817e+00
1.784217337724804731e+00
1.710711557429096308e+00
1.608202653652916370e+00
1.380467835575012403e+00
1.483677006336732607e+00
9.482714674215582118e-01
1.152487682085262088e+00
8.591641884449034983e-01
1.391303833802693291e+00
2.839247376051663441e-01
1.045164850842423387e+00
5.855455038193511097e-01
1.300175033298422766e+00
1.033180180933255254e+00
8.751602494777934726e-01
1.092105406725977446e+00
1.352445177871010040e+00
1.410900992436432189e+00
1.776589430119911883e+00
1.459022615327963734e+00
1.306354430308955816e+00
9.159510406694306717e-01
7.197066944693218948e-01
9.315953565076992016e-01
9.078922033257650348e-01
1.266034195311649180e+00
9.416051223473848042e-01
8.791904829368620833e-01
1.130272498662040270e+00
6.376562670213274941e-01
1.426633742839423569e+00
1.084421959522613443e+00
1.789981109758052913e+00
1.670054102383687900e+00
9.107458156287407958e-01
1.081613974929153787e+00
1.450101001767028830e+00
1.049697995410539431e+00
1.731631305019145861e+00
1.306344438621793724e+00
1.355198328598254731e+00
1.467863340740664491e+00
1.168094056886459731e+00
7.160323596545888902e-01
9.534225631358304032e-01
1.035644065917704859e+00
1.514219350824040689e+00
9.980118782393757604e-01
1.054653920462317318e+00
1.812811008932746271e+00
1.790147914781322402e+00
1.050744122864021080e+00
1.800417233295753094e+00
1.072562861309392046e+00
9.004059745480057497e-01
3.233699246682609219e-01
8.141959218651301233e-01
1.082073601891848424e+00
1.790218936144437389e+00
1.107928564411866379e+00
9.535863457094523321e-01
1.444862675940895125e+00
1.396013801700372481e+00
1.448025914618157328e+00
9.612052235576502568e-01
9.535912368379012571e-01
1.280834548516024851e+00
9.879323069621913644e-01
1.763731337700672697e+00
1.791211063944556647e+00
1.430119151970327795e+00
9.938553954978109894e-01
7.553779152941999531e-01
1.314432915856491579e+00
8.765305720260875288e-01
7.657141744570262754e-01
7.270851495935709563e-01
1.499108095955352660e+00
1.428965638242396308e+00
1.354591794811247807e+00
8.038799109412830823e-01
1.610440490936470459e+00
1.409589847703287102e+00
1.478078306163626676e+00
1.410939591534219772e+00
1.231819461775636837e+00
1.677210523754367966e+00
1.800136889229819293e+00
1.324339524062271289e+00
1.814398660572929423e+00
1.202612851125874238e+00
1.416335411000489763e+00
1.796291042590023146e+00
1.095162703560780937e+00
6.145188820704003962e-01
9.497326929674402285e-01
1.000584987134298443e+00
7.791461859904631471e-01
8.661931356252504655e-01
1.119359357075375483e+00
1.071436380979807534e+00
9.871810808523698855e-01
6.905031327755819515e-01
1.229550355942337747e+00
1.216083206834080110e+00
1.795091733154493774e+00
1.705984752438407082e+00
1.363389418057894931e+00
1.403630981603835481e+00
1.603498182531571725e+00
9.854187953691605495e-01
1.535869266228091501e+00
1.795632781419797874e+00
1.471596827336884461e+00
8.212851193565572361e-01
1.104250207033272702e+00
1.468411225286245347e+00
1.264300944793818937e+00
1.753722242894238725e+00
1.475899279745675585e+00
1.824449519006130060e+00
1.088974824951868481e+00
8.906744330716681590e-01
1.713525046648936678e+00
1.691909484301673094e+00
1.495614063570602781e+00
1.335509541000662548e+00
1.019268184962786483e+00
1.064011061867891295e+00
8.809240201890339295e-01
1.732202813972754329e+00
1.237344556740554546e+00
7.436375731815559886e-01
1.375353847758868930e+00
1.453761123390586718e+00
1.331170899302932753e+00
1.587451153412042570e+00
1.674352849472065197e+00
1.209872479235567511e+00
1.336447810168641226e+00
1.071307800125190779e+00
1.036138808326205529e+00
1.032030883929487830e+00
1.380528648554282256e+00
1.585198522016955991e+00
1.283102982711406881e+00
1.095205441440248118e+00
1.348199070464432658e+00
1.624837340709510247e+00
1.724912867980208819e+00
1.158083593360028196e+00
1.635699874817636568e+00
1.267143671243421643e+00
1.469870501918008721e+00
7.294068024584191567e-01
6.604043204454888016e-01
1.264148042800492533e+00
1.768718423629968006e+00
1.351059501240564620e+00
8.367682982768570588e-01
1.285746139170207192e+00
1.814097011161863948e+00
1.421551236473332036e+00
1.810660149448961365e+00
1.288519547538387933e+00
5.865157911991608630e-01
1.631414450988284415e+00
1.531343033345252680e+00
1.078101485237186186e+00
2.024660814424349142e-01
1.702570189029261938e+00
7.941973459555919934e-01
6.049933056871722448e-01
1.678945065338906861e+00
1.230493219379683589e+00
1.166483397714805692e+00
1.085193561499267823e+00
1.728493046534302913e+00
7.557956987307977714e-01
1.749318003280259992e+00
1.177065880059523506e+00
7.924245185825695703e-01
5.808633525952803245e-01
1.739189553958402135e+00
1.569361218762546084e+00
1.579849136874378113e+00
4.855643781856547880e-01
1.475632845934923054e+00
9.040048399643976218e-01
1.624627456637864231e+00
1.298431753820017853e+00
1.513326265084772082e+00
1.562241294587849438e+00
1.662298935731500782e+00
1.123254347037825340e+00
9.966561646994192003e-01
1.067088609299119417e+00
1.316413165100520866e+00
1.781510987529732803e+00
1.075159988235096620e+00
1.758817483710798601e+00
1.596937193201177552e+00
1.528187945449343665e+00
1.197676093125882080e+00
4.178742081194020130e-01
1.170619359258483261e+00
7.075574595593232541e-01
1.531899937755720531e+00
9.848320038392102127e-01
9.293941151937590295e-01
1.426745780242644424e+00
9.354701798683066061e-01
1.210633593030900901e+00
1.210281913004214172e+00
9.893106826814117571e-01
1.490780676408370864e+00
1.706775750394167401e+00
1.205041672264419272e+00
1.724303525611169174e+00
1.300349815947830612e+00
6.650435681224254880e-01
1.133128104177049789e+00
9.095304462037556714e-01
1.555154403399860330e+00
1.431256114143754976e+00
1.418961441692493386e+00
1.237124726673560549e+00
1.090549790123355622e+00
7.128895390996357051e-01
1.545361543416660766e+00
1.307463666938007307e+00
1.557371148852240150e+00
1.639908790133683292e+00
7.374258499126304933e-01
8.859965532833103952e-01
1.376015942314013030e+00
7.127253028895179643e-01
1.814907133140856388e+00
1.463949060125637081e+00
1.412198869925603395e+00
5.934120712977697387e-01
1.654633418285241131e+00
9.161399419710871683e-01
1.505420843774800899e+00
1.732648205394978547e+00
1.061163507714647070e+00
1.193636948396392672e+00
1.739498663541914292e+00
1.691852187150377551e+00
7.967287472866704245e-01
1.240199909906231079e+00
1.316657845082736644e+00
7.247989021701021217e-01
1.533589059288503531e+00
1.060287696804392166e+00
1.721155696078809916e+00
1.524464565480331268e+00
6.049443237044567212e-01
1.348150348805802867e+00
1.757471803078075601e+00
1.628492446471113686e+00
1.355605677661914976e+00
1.356236080206263406e+00
1.214275789267695416e+00
6.863472976923610247e-01
9.286053942978067521e-01
1.083667497355037312e+00
1.598454105512499446e+00
1.205675080703345614e+00
1.182658548780100904e+00
1.605545913020036686e+00
1.413861131863259901e+00
1.047457341704646883e+00
1.086035056531139853e+00
1.630397595855224369e+00
9.527752763180906692e-01
8.147958323936111968e-01
1.689976046721108238e+00
1.162194676433098817e+00
1.448271223569505217e+00
8.131287830070625944e-01
1.677730308190445996e+00
1.354106286812732929e+00
1.298962333427048588e+00
1.153771953876576939e+00
9.338819174537047463e-01
1.799416296457939435e+00
6.440795698503402056e-01
1.216302155446329802e+00
1.325016879586016660e+00
1.102565396235907214e+00
1.195867078151540808e+00
6.041488706822780719e-01
1.222830606317107938e+00
1.172752839763246513e+00
1.533626716492521469e+00
1.413530931721561412e+00
8.289241895567827090e-01
1.630062670392668611e+00
1.095843729357513174e+00
5.185090843294588581e-01
1.708031776854506578e+00
8.887147809981100766e-01
6.038441164886270140e-01
8.987527264452950249e-01
1.197628376787647442e+00
1.522582724961366152e+00
1.405849631623037999e+00
1.182594629953982901e+00
9.515377366064624587e-01
1.119708801545198362e+00
1.138128866706397124e+00
1.792389159907877838e+00
1.729830225093284213e+00
8.427010020867908846e-01
1.173546047467505460e+00
1.520811960810915631e+00
1.584146078331336138e+00
1.477557862951493606e+00
1.164771086288359569e+00
1.022309944330057840e+00
9.733546491882636431e-01
1.172838848867643557e+00
9.623007353875657754e-01
7.431652072960008848e-01
1.219200770100896003e+00
1.157736578264011884e+00
1.499643422592247699e+00
1.292221806531921979e+00
5.120859073711960807e-01
1.828327024649048393e+00
8.720904788139889341e-01
1.233108450666720257e+00
1.443643009339144800e+00
1.232169070846336645e+00
8.121998659937464948e-01
4.869380876437612304e-01
8.231284247116507080e-01
1.782466467767005014e+00
9.440867984802353563e-01
9.099202163901048968e-01
1.324963875465005714e+00
1.792741404012136996e+00
1.812559762614016634e+00
1.054225530358011254e+00
7.771423985531009659e-01
1.696841440442762527e+00
1.284943330396477235e+00
1.226925418324584793e+00
1.284561380970264288e+00
1.529163036727231528e+00
1.783457913623180291e+00
1.225736358296158457e+00
8.092158024350231127e-01
1.205584042693771174e+00
7.786190484569680548e-01
1.256494846880028549e+00
1.024590509795025639e+00
1.729838826670211382e+00
7.750081085749069842e-01
8.344965869201951270e-01
1.731032485865085846e+00
6.015741224280390931e-01
1.130338176127791527e+00
1.695969989836134451e+00
1.193356134968851512e+00
1.613002791196090469e+00
1.305851576238965084e+00
1.030705553281194842e+00
1.638106947268902713e+00
1.061252571731004624e+00
1.459949861183985176e+00
1.623025478708077340e+00
1.413447260627086033e+00
1.632055891557215199e+00
1.611249647357708481e+00
2.550277609570421600e-01
1.097214362720207559e+00
8.766786766954223209e-01
7.607866112834587025e-01
1.585532372587249661e+00
1.704381305998747154e+00
1.709321266429837838e+00
1.306750443084476743e+00
1.548115075173962740e+00
1.171169513823033137e+00
8.677967187467259258e-01
1.734930815062168064e+00
1.091796953723297214e+00
8.814292476655064545e-01
1.618912833971162257e+00
7.489360771293012142e-01
1.297777954047225180e+00
1.732608866275178183e+00
8.484922526505049856e-01
8.495751372098496734e-01
1.409893244851222471e+00
1.214703277757026800e+00
1.469367201505378473e+00
1.046068810427022377e+00
1.002608986928981816e+00
8.262193303900747798e-01
1.510840125839223447e+00
1.661855026450453021e+00
1.409519418816052250e+00
1.191449502769902802e+00
1.057115332298334209e+00
1.272921006784414777e+00
1.765927128829644976e+00
1.640317645696201643e+00
1.408365104597466333e+00
1.096973237018634695e+00
1.085460664101964179e+00
1.648177821045288649e+00
1.624431970806731629e+00
1.688703130837248878e+00
1.301540591133031333e+00
1.494088567691411962e+00
1.746565163646388363e+00
1.274387411064738407e+00
1.555614842386211061e+00
1.152631168230316083e+00
1.702243924924620622e+00
5.840584882272760181e-01
1.000678426557436218e+00
1.077430108478556248e+00
8.929696306478769330e-01
8.689301667923501338e-01
1.037775313160716362e+00
1.267731969754092747e+00
1.361781309545792018e+00
1.214001839509248226e+00
1.539371064881211115e+00
1.393634486807891149e+00
1.211264469458696258e+00
9.580141136366169263e-01
9.386532110923448968e-01
1.661860979084174961e+00
8.331339757465006102e-01
1.188272005392199571e+00
9.844728264985875832e-01
6.033174959259205439e-01
1.778253113808117236e+00
8.160806746268335354e-01
1.320091552043408223e+00
