7.520465429899692066e-04
1.098564693648699684e-03
1.310488289690363772e-03
1.006620055113486211e-03
9.099830580210086298e-04
9.163989166817350937e-04
6.581469015359951323e-04
7.523974713518773692e-04
9.554561044659931829e-04
7.851463291224063243e-04
1.400625096783494374e-03
7.736071631462953504e-04
9.784682494351035643e-04
8.835642781475835103e-04
7.079539487035453995e-04
8.046689699409280590e-04
1.315141299516997932e-03
1.001482605013033099e-03
7.161146072296562144e-04
9.727572262665517026e-04
7.987726034883032775e-04
8.172648508522333422e-04
7.174473673432869370e-04
8.832543794995575221e-04
8.525708879504770125e-04
6.864945437857770992e-04
9.546450286962186380e-04
1.929390916134955886e-03
9.257334435154374649e-04
6.950180374178368875e-04
6.833120639873742569e-04
8.948995491439334492e-04
8.487657763331507826e-04
1.002452177287989875e-03
1.275513646051888673e-03
1.783922136415018456e-03
7.610018138052608919e-04
7.800910921148708618e-04
1.021739970786575066e-03
9.500590748858095272e-04
1.105848608326968647e-03
8.526085496244916774e-04
9.941064862472148277e-04
1.372254288082783592e-03
9.385732026604011024e-04
7.305728405283563051e-04
1.175699110924466328e-03
7.858451037531042748e-04
1.032142280537599660e-03
9.260262617870803356e-04
9.240549850072761560e-04
1.708596150094590779e-03
1.228607716769966997e-03
9.591390641664023550e-04
3.852556995074743994e-03
8.390840349753172708e-04
9.349373876244230618e-04
1.707201733974144471e-03
1.829355706871104575e-03
1.224361616899812683e-03
8.793850501294158068e-04
8.567199833674676770e-04
1.812221506530490005e-03
1.257212171945308425e-03
7.694037687277497425e-04
7.624073490884556185e-04
1.121190070964586194e-03
7.047190713562647823e-04
8.533108909032810800e-04
8.378366566024611018e-04
1.024993881506563141e-03
8.868960119673943883e-04
9.065398962135574022e-04
1.007116947606785315e-03
1.838186315640728732e-03
8.797242876842918842e-04
1.103637619742528541e-03
7.212819042283340762e-04
6.651748718293162442e-04
1.103845014474815443e-03
8.222733561929146742e-04
7.246820842164019031e-04
1.144882580698717471e-03
8.366318171651948923e-04
8.882930651326979149e-04
1.137638957106286647e-03
9.588544667232243909e-04
7.322022050284580181e-04
7.962592389397448421e-04
8.642221199519163405e-04
8.126625029353932213e-04
8.708627682827214294e-04
9.427928475249203839e-04
9.025398134204474804e-04
9.161705721436004058e-04
1.268637906050977494e-03
7.339566281837101459e-04
1.001117146766575608e-03
1.296907815682126798e-03
8.470966537262624493e-04
9.210612477317158204e-04
1.524566658302221964e-03
1.330334713286372749e-03
7.263149945730406091e-04
8.178805093637592834e-04
7.428069595882642526e-04
8.231670951872711254e-04
9.007879196360485266e-04
7.030940947151090477e-04
7.526340537686459662e-04
1.112140994624504896e-03
8.226311426765453745e-04
1.452533412617216862e-03
1.040941694994579336e-03
1.066763561168985932e-03
1.324737820934573668e-03
8.823592441797575630e-04
2.258706854132620616e-03
8.823450204539632670e-04
1.003719130878823976e-03
8.830150893978276974e-04
1.010446878836662645e-03
1.030592234102071809e-03
1.026965383154891404e-03
1.264968861644453265e-03
9.747181830669400396e-04
7.704408427490815146e-04
8.265519918015279714e-04
8.329349190013929068e-04
9.201036256342548210e-04
9.337284613929246148e-04
1.128732074903160843e-03
9.771279594159491908e-04
7.885427791457453586e-04
1.374014802508027920e-03
6.885573026799514298e-04
1.104350746431197704e-03
6.630615759486971003e-04
1.070092697190455243e-03
8.452124919203263297e-04
7.080447728185406200e-04
8.411099298049945407e-04
8.083395045928669885e-04
1.028848366798673208e-03
6.572098654829862385e-04
7.269307364449917753e-04
1.155403970052889303e-03
1.126838615613062712e-03
7.524340688305115616e-04
7.990875129410291442e-04
7.512362603155880569e-04
7.546227909386735372e-04
1.053448184377386203e-03
7.930245328200001727e-04
8.135671911998523494e-04
8.225367630511708737e-04
1.095850334909114973e-03
1.167924731648597482e-03
1.127076507161011397e-03
8.538989959266530660e-04
1.230154153071284827e-03
7.517092668714182293e-04
1.523881406371108572e-03
1.015005695540664374e-03
9.393725332805479260e-04
7.362753562413402401e-04
8.092987028358332230e-04
8.908993983539863085e-04
1.140404271916128530e-03
8.851836513460272426e-04
7.463326809336713694e-04
8.623762303454629574e-04
1.434893406796399970e-03
8.345452867297451036e-04
1.137284079102020198e-03
1.054515888256591987e-03
8.028158699135138536e-04
7.152542496188035118e-04
6.757161736323181924e-04
1.178881798055417002e-03
9.809062118159670319e-04
1.090209914843616413e-03
7.215889842264299608e-04
9.196959151828878022e-04
1.198924667862745009e-03
6.732061211939748642e-04
8.487598817906896569e-04
7.671960214153178068e-04
6.789910490222825354e-04
7.340592523272052592e-04
7.342343307082360281e-04
8.756393905147663538e-04
7.873576593048763495e-04
1.097348596329288193e-03
8.443833460789249403e-04
1.317237971987744814e-03
7.769439276489896245e-04
9.150189342574459013e-04
1.163906297062730025e-03
1.014704627840176719e-03
1.287667594916865705e-03
1.413037135827506594e-03
1.693888951604823100e-03
8.174323672048735938e-04
1.122497110370306505e-03
8.201184050614697147e-04
6.768079051388219396e-04
9.526541787288231268e-04
7.618664749502389007e-04
8.204273258339821748e-04
7.895947224708892284e-04
8.542492720324333221e-04
7.691919724764489930e-04
7.958329213637448541e-04
8.614428563248178279e-04
7.969906670277167229e-04
8.116839416952598574e-04
9.706082816984679118e-04
1.130716497216365662e-03
7.337176031477001285e-04
9.451894059417524684e-04
9.558522786854451456e-04
7.771914924493826971e-04
8.399050616234660441e-04
7.052599224214658883e-04
6.889690818877998143e-04
8.378746856626518268e-04
1.279808742198075468e-03
7.977852523814659520e-04
7.150378584881775376e-04
1.090853755191153454e-03
9.768438319134543826e-04
1.517826862814195422e-03
7.424779876826694425e-04
8.122508237370458430e-04
1.450143659275452248e-03
6.719205686563258081e-04
7.202115972372440415e-04
1.034964376361111743e-03
8.605676917166004639e-04
1.017942537678219852e-03
6.969476896150292051e-04
1.284678356110161577e-03
7.580048108433072671e-04
9.066468673794100428e-04
8.492701922390756292e-04
1.032509687710575800e-03
1.028386118027790289e-03
1.601385522459237857e-03
7.711421770937506312e-04
1.053239047040603052e-03
1.021122852322005033e-03
2.085634102753915458e-03
9.324634666871851191e-04
1.307616111230685413e-03
1.037514063085883970e-03
1.401710966921240363e-03
6.625298846691667250e-04
1.565771876040182977e-03
8.818772736914981623e-04
7.307830799667020287e-04
9.176839309321788672e-04
9.508406165781306714e-04
9.258519527391784534e-04
1.549102358384525299e-03
8.718221485903886528e-04
8.519825556382172290e-04
1.165818699435917927e-03
1.106193028537388705e-03
7.739252093481404542e-04
1.013395622673124484e-03
1.021494818720131799e-03
8.664244123503560876e-04
1.276734956879579984e-03
1.104456841651302659e-03
2.401075059892181836e-03
1.295993317290025258e-03
1.019192465257233492e-03
1.021529044308826326e-03
1.277940339083577601e-03
7.923495812718490397e-04
1.007950180607259695e-03
8.701542677138553606e-04
1.462281686233146433e-03
8.534845000265783594e-04
8.895107089797124351e-04
1.304064555239627457e-03
8.043894700258169593e-04
1.137702817559463255e-03
1.260375556799075590e-03
1.020534490822878025e-03
1.875466969965660204e-03
7.092813065386441599e-04
7.243574203532648003e-04
7.952938562588753035e-04
9.364449185383380905e-04
1.013609730465906897e-03
6.978174048979811275e-04
1.337615907334020532e-03
7.888265170948925795e-04
1.073088853193484432e-03
1.364800862461439069e-03
9.789774007906190244e-04
8.309315993724932913e-04
7.769986989560042842e-04
9.413867281902634073e-04
7.353466384085379512e-04
7.760346951764308422e-04
1.205635733524432424e-03
7.238896855681935987e-04
7.532303470740674264e-04
1.115219958716962131e-03
6.998541519872464355e-04
1.479528507665299475e-03
7.542777380340778912e-04
1.158707864092118310e-03
8.081794170753812999e-04
8.021909945276772683e-04
1.372620984327051034e-03
1.045919026230197240e-03
9.480173848318032516e-04
1.046978286098549857e-03
8.889543164252467497e-04
8.115292528282888650e-04
6.659824374671768172e-04
1.381336898916960118e-03
7.803859061452012762e-04
1.376942384820027112e-03
7.835143280900732504e-04
7.028391168775999622e-04
1.254462078921558983e-03
8.953739166071356592e-04
1.195279808729078326e-03
9.049901831042994572e-04
7.329952013407108795e-04
7.597167738811347543e-04
8.635130938961884566e-04
6.779775419155856112e-04
1.260056250703705258e-03
1.031828043916298591e-03
9.408937637329357721e-04
7.787647634282996757e-04
8.335123611584488619e-04
1.684482730629862550e-03
1.794714337351674361e-03
1.195998484321585857e-03
9.002384217718315809e-04
8.649344287383081307e-04
9.013230339459953099e-04
6.907042127309983908e-04
1.159318630089872966e-03
1.098537453990924406e-03
8.790830953075534204e-04
1.279720669566922556e-03
8.644379550801155982e-04
1.070716499131147640e-03
1.056115728860390060e-03
1.524004757509209900e-03
1.010752658037603535e-03
9.704752871917463443e-04
7.850355642608531108e-04
7.205085728611344180e-04
1.265812495108419597e-03
9.534800619695849933e-04
9.771313868890453298e-04
8.015220455238407067e-04
9.017958342961311441e-04
1.426483511669823139e-03
7.895936236337586754e-04
1.522365009669761219e-03
8.026334317026810605e-04
9.165536370183123040e-04
1.356486205801429130e-03
1.042077953205364227e-03
9.752574050068766589e-04
8.882008213387046361e-04
9.893981695961371042e-04
1.014545386485784509e-03
1.091870196665444340e-03
1.180610003542923673e-03
7.481126879226736824e-04
8.808329292223317968e-04
7.609735969323709040e-04
6.966493837083859511e-04
2.646565414810010588e-03
9.126172008408147979e-04
1.311939548865310003e-03
8.908419673340277302e-04
9.192798152598620660e-04
8.388992701491652373e-04
1.983568658872117679e-03
1.395625282208165421e-03
9.536374874065498171e-04
7.479977860951355197e-04
1.152388393407753923e-03
2.438149102294675033e-03
7.231180871634773069e-04
9.929260392058487320e-04
1.024895020457639114e-03
9.527134885965483089e-04
1.643579797647452476e-03
9.115870796878968504e-04
1.074727438393366678e-03
1.486838569426910447e-03
1.046964037723001209e-03
8.486598872314219917e-04
7.186813228426734788e-04
7.925968238374825120e-04
9.439141973725550562e-04
1.365440507806014786e-03
1.196684591197579332e-03
8.081399272278246134e-04
1.049650645444457058e-03
1.190397685011538751e-03
1.117487200250581432e-03
8.793666612662592212e-04
9.268817309953682453e-04
1.138407247422896108e-03
6.520881816652819877e-04
8.890999854496612915e-04
1.061619385191047218e-03
8.841138811557631115e-04
7.116523703899358538e-04
9.124073287807756699e-04
8.476820863207599945e-04
8.196250194061469778e-04
7.723293267173323177e-04
1.178514357397616574e-03
1.043313756961085966e-03
1.168585880088847482e-03
1.161112571623465961e-03
9.349730846479947441e-04
8.363119148952349391e-04
1.200633787555605578e-03
8.040591876084154368e-04
7.023658830147992346e-04
1.148339436840144310e-03
8.501201921051947065e-04
6.972170587862890718e-04
2.276269388770759110e-03
8.679436936633982405e-04
8.970986991137550959e-04
1.703571513151330100e-03
1.126171347617735624e-03
1.002073095112425340e-03
1.193986571911149477e-03
7.858628894944735387e-04
7.501345901993162427e-04
1.549421080458100296e-03
8.103769198580164932e-04
1.479743100614950777e-03
8.299519338843040859e-04
1.412435373472360322e-03
6.866337305545629948e-04
1.084676280830004997e-03
9.393614500267674725e-04
7.169442606470300674e-04
1.180444008815734061e-03
9.414989922202776510e-04
8.754572068245654532e-04
1.791333475117685200e-03
1.093739645234839556e-03
8.478712957089134519e-04
1.024109843894771598e-03
9.633723158635331286e-04
7.622462871056449830e-04
1.113015938098907767e-03
1.007258062217902296e-03
7.534531098456964063e-04
8.716616996785195781e-04
8.032716079557726801e-04
1.228047451983994409e-03
6.732517137894603000e-04
9.886459805547886427e-04
1.155890356926339742e-03
7.995061423881537430e-04
1.264550956724730391e-03
1.013130110882946161e-03
7.506326287602290955e-04
1.497867897395319245e-03
1.048270471012484675e-03
7.951901253225984170e-04
9.258954257160338609e-04
7.065012353084640156e-04
1.057854217668124193e-03
1.190198150753553038e-03
8.816859010845878039e-04
7.481161214947803324e-04
8.059554203335811103e-04
1.457899524581863539e-03
1.051215913595508148e-03
7.508903272028722613e-04
8.442287328860696846e-04
7.117871491824942325e-04
8.403604903048575436e-04
7.333049558519293435e-04
7.433062896962032255e-04
7.373819134261556290e-04
7.714167509014227759e-04
7.806816329426006498e-04
7.393619129492438836e-04
8.901283580141113169e-04
7.271544737090056536e-04
1.121102480168749719e-03
7.732721002216445469e-04
9.147214387822570148e-04
1.107088091043797280e-03
8.398171518551680610e-04
6.898593570910073946e-04
9.098283179014544052e-04
7.272481254921571393e-04
9.762533421019951212e-04
9.706434435048693146e-04
8.574778582356842784e-04
1.627154260560856325e-03
7.513174489120799703e-04
6.455860709791388756e-04
7.805690180870390824e-04
1.290274339936441084e-03
7.776209900909709320e-04
8.980863766426508583e-04
7.107999846584497428e-04
9.317485735938192898e-04
1.150018161146210789e-03
7.486296589842972565e-04
7.684268932393337409e-04
1.061027899220714143e-03
6.899533341898339946e-04
9.515219828072354284e-04
7.093076885647935656e-04
8.292598190307245857e-04
1.764103391621313875e-03
8.725367740893270711e-04
7.009437140715849435e-04
1.036682377959838482e-03
7.588245419257315686e-04
7.621548691368068172e-04
1.061705237953998546e-03
1.216773420323338838e-03
9.149985375941667573e-04
1.108503906103648108e-03
9.191778749287147360e-04
8.584191664968885641e-04
8.648756725996811128e-04
1.240575502607219787e-03
9.145826604230676256e-04
1.272322631516752730e-03
1.021122883022831246e-03
1.279079086725605019e-03
6.832506481537240980e-04
9.499669930713880396e-04
1.146296229947735973e-03
1.252364654536776076e-03
8.959339896026574310e-04
1.015023868876115468e-03
8.522882854477552587e-04
1.230550795647879572e-03
6.914495034209529409e-04
8.469520817567572800e-04
1.049076303172288187e-03
1.291771734707433932e-03
8.051736279239596382e-04
7.545871773284370133e-04
2.278821509291306495e-03
8.629114700710027990e-04
1.223970269937843568e-03
1.041821933650120824e-03
9.324539946559431925e-04
8.052262377923373937e-04
9.248878659879772876e-04
8.708209831030305293e-04
8.094972131075021905e-04
7.880879993093454832e-04
8.241743689697270591e-04
9.546781749275517559e-04
9.950484752756071777e-04
9.817728107279722824e-04
7.622615511714918822e-04
8.007890945462056015e-04
1.160623843452672022e-03
8.901049125523853968e-04
1.038869159188532355e-03
1.003952971135698129e-03
8.449894790753957651e-04
6.936391968351556143e-04
9.385996966811704662e-04
9.814956913612455768e-04
1.250177128293053800e-03
9.764057804023774456e-04
1.139087544078296738e-03
7.726388165941733277e-04
8.436988266880406529e-04
1.007067194011347947e-03
9.378940812293302173e-04
1.440009516199063219e-03
8.381032483641441197e-04
1.198258314908787203e-03
7.236247320742935155e-04
7.333801169053422338e-04
7.925146722588845413e-04
1.054162747276327604e-03
8.930484235466769165e-04
8.481008184963327373e-04
1.211580343613419698e-03
1.763150021191723293e-03
1.666537743827682010e-03
9.527898976442552605e-04
9.133464928670841608e-04
1.223783497939324094e-03
9.136754607131274478e-04
8.545531404820196552e-04
7.701333178362840867e-04
9.666113876267760875e-04
1.054570742924972526e-03
9.853508116035769506e-04
1.002226477757691423e-03
9.556129517664015832e-04
7.268464491042295672e-04
7.361223393373444350e-04
1.046593347825294350e-03
1.752031013191847819e-03
7.965596199470024400e-04
8.347671976224242153e-04
8.983948085995680042e-04
7.287603290090156243e-04
7.532742393477110960e-04
7.034934429719297755e-04
1.507736960437718911e-03
7.568237800913815748e-04
8.050129733405682157e-04
1.049076232088440828e-03
1.064105847543252896e-03
8.463018247143911125e-04
1.117251765632553762e-03
1.212381354097024277e-03
7.541579624879819841e-04
1.256327180465093181e-03
7.432379866701548663e-04
1.130264660744233164e-03
8.322311590206743492e-04
6.809523178974709020e-04
9.176089887196394596e-04
8.843021344448385133e-04
1.455694555748439237e-03
9.180428478769507138e-04
8.317005159143502991e-04
6.502835770559157276e-04
1.008021712875792689e-03
8.731047751194801919e-04
1.302015350553758664e-03
9.835332512529153682e-04
9.197996941578401569e-04
8.544915165700990621e-04
8.999232986205985821e-04
1.085865773536517052e-03
8.037740006865724818e-04
1.051088825457587202e-03
1.107193965024456852e-03
7.683719099759514764e-04
7.320911040586976747e-04
9.051858809008282757e-04
1.017794861559458358e-03
9.322666704610133763e-04
9.655394791972129022e-04
1.309030820652732924e-03
6.351733382287873698e-04
1.149648487697688950e-03
1.057620729912963839e-03
9.129937889270396548e-04
9.090893348450912936e-04
1.099126914393569292e-03
7.390631388221057018e-04
1.223957854972251760e-03
8.539886736889216751e-04
9.667018496040482873e-04
1.220618047837211976e-03
9.131351127139699167e-04
1.379467765280208450e-03
7.874982898719016296e-04
6.946196729261422701e-04
8.860780284697049964e-04
8.793874233734436455e-04
7.617447377201363523e-04
8.557965153469404996e-04
9.568707446840892059e-04
9.971269779951628075e-04
1.098563670841465377e-03
8.831840906176055073e-04
8.204872523406075632e-04
7.391182125327684909e-04
1.179866056182222621e-03
9.679206107786103488e-04
1.275294989420732578e-03
1.453066076106503514e-03
1.416607912838603383e-03
9.888356211129158482e-04
1.217784070654204893e-03
7.688896281584039040e-04
7.507150984170159625e-04
7.066110544435682530e-04
7.922950513282334822e-04
1.122876455661665600e-03
7.847926640609374001e-04
1.392780025943191969e-03
7.362181407223736046e-04
9.357035259320491821e-04
1.036738020766827433e-03
1.209689773373484514e-03
8.936494690333863979e-04
1.013493535080933631e-03
8.163016088132516194e-04
1.162046146918364973e-03
6.987567083699414020e-04
1.232396062876826544e-03
1.170812169617723537e-03
6.798697426184525635e-04
8.825493747107790573e-04
8.615435291129768360e-04
1.030672469954300357e-03
1.003916320952151888e-03
1.028508321130134229e-03
1.349991424720927737e-03
1.436754573689280699e-03
7.488100775806701137e-04
9.176359539640189774e-04
1.021921280382110829e-03
6.732215341665616750e-04
1.022029169624285357e-03
9.128822278641078505e-04
1.064160861337522549e-03
7.783401081525050504e-04
7.964221693837571009e-04
8.398023755919830323e-04
7.015519156954650023e-04
9.667324936779670905e-04
8.718900214091226866e-04
1.179464237339509450e-03
9.656117160829493472e-04
8.166561051094167441e-04
6.845417511050322194e-04
1.008929958245306010e-03
8.177240466695726451e-04
1.212333935100636797e-03
1.072110914743934929e-03
8.178294751682343555e-04
9.021579741020980311e-04
1.118040063121152018e-03
6.953744779901457418e-04
9.342637287306053287e-04
1.133165439125800823e-03
8.216088282174163456e-04
1.802029158229577792e-03
6.884160727038888790e-04
7.141665245585999185e-04
1.205466911482483113e-03
1.203720531414078677e-03
7.909892462133241145e-04
7.382332358070750698e-04
7.801766493323052023e-04
1.185141115231743434e-03
1.114615548034355317e-03
1.293788274861764351e-03
1.237986846265585333e-03
7.169055868121274218e-04
8.123614240933742930e-04
6.793691177940036977e-04
7.613959316465241387e-04
8.223857705546658856e-04
9.135753136327362306e-04
1.068734392952878790e-03
9.063873761907804928e-04
1.309244348803080375e-03
1.022657383745925611e-03
9.977998584203610043e-04
1.470968755375954076e-03
9.320158754516454352e-04
1.216559358629668583e-03
1.199329058940311245e-03
1.044251979870176482e-03
7.444372822636626669e-04
9.360447416763721445e-04
8.245472048259501648e-04
6.707552302381600100e-04
1.498887973398510629e-03
1.169081776213450052e-03
7.879176513067666148e-04
7.955517874397651130e-04
1.221157476144462675e-03
8.468946688676771192e-04
1.774745465996201794e-03
8.873512020470734982e-04
7.812750729156761045e-04
8.531054884131195710e-04
9.784740242082016429e-04
8.287383866829198210e-04
6.972662847080786071e-04
1.532426018894599571e-03
8.254320908389891839e-04
1.109645078469543179e-03
1.043516833916742709e-03
9.121269246465182889e-04
1.056965987557641120e-03
9.218584083891576781e-04
7.964130600635824101e-04
1.077390669008448801e-03
8.856711181490263540e-04
8.112108602137380574e-04
9.051500983113874247e-04
1.031246769787524725e-03
8.861154590067922467e-04
8.223879911126958731e-04
8.920929490706662772e-04
2.856143509065674387e-03
8.472658504074584689e-04
1.143831930331694379e-03
8.284659516505755257e-04
7.648430669515564632e-04
8.449313818090042720e-04
7.520620348311872613e-04
7.550300541846691887e-04
7.867258122641267821e-04
9.008289656574346594e-04
7.190242766038452624e-04
9.660049962653857432e-04
1.049730343705966703e-03
9.018634991849582699e-04
1.288592536678864623e-03
1.055760038180257772e-03
9.557993740858053162e-04
8.790945732855475836e-04
7.965688370676171463e-04
1.015382861240356812e-03
9.406621689666839472e-04
1.405137464958243444e-03
8.286610716668841919e-04
9.459848458766807397e-04
1.219174640386369102e-03
9.636945294788157920e-04
8.500619830472093278e-04
1.280052350200814367e-03
1.050147642064406172e-03
1.041298058028477819e-03
1.674797008935743209e-03
9.084044358559867447e-04
1.039557130078608673e-03
1.174472354107836776e-03
1.139209990625517132e-03
1.097003068207455783e-03
6.837407383827029178e-04
1.208502158439439273e-03
9.470140751676909023e-04
1.084805823892213018e-03
8.982242604201989529e-04
1.371231139659365552e-03
1.469738700394176848e-03
8.388623509489453664e-04
8.721670635944959614e-04
1.062701179887652180e-03
7.204592272865985129e-04
7.852286019693556669e-04
8.032772964152389526e-04
8.975972598349497584e-04
8.686848947471690350e-04
7.310889575288531542e-04
1.748742201832108930e-03
7.351256044160491042e-04
8.488415028202512830e-04
1.080185398699188247e-03
6.948619511671627873e-04
9.373526885175605854e-04
9.640280910535163096e-04
3.043882670178564044e-03
6.743066655023758141e-04
6.782731417151274421e-04
1.918969493741663626e-03
1.056130878819780145e-03
9.801410893603250407e-04
1.456913270451337542e-03
7.744959749248232078e-04
1.179278906253863586e-03
8.088099640357144984e-04
2.886452350175161725e-03
9.334579284294026438e-04
1.035126960072974391e-03
7.359861311421842401e-04
1.561000762886262079e-03
7.961895005431772086e-04
7.043890126479663682e-04
9.219435238804907923e-04
1.371360353625843955e-03
7.426569232530127367e-04
2.130125541949442862e-03
7.722571723986972492e-04
1.548419015200278633e-03
8.701548482733706446e-04
9.328452787160956307e-04
1.251190051158663791e-03
1.495723597576981622e-03
7.990072951452016972e-04
9.831511582497154487e-04
7.987973722535303715e-04
1.301424374480117949e-03
1.333710251105650049e-03
8.136560680658240854e-04
9.674188631294392861e-04
8.050702427122335188e-04
1.351442530807414957e-03
9.929160718318609264e-04
6.736668452003830541e-04
1.465843503590592498e-03
1.056095102564325039e-03
7.093766907287180979e-04
8.052860407320702784e-04
1.141884446664009293e-03
8.897004704320236271e-04
7.815543729546576678e-04
8.097212026278314059e-04
1.007701729584666939e-03
9.236529945313541471e-04
8.659329631830023528e-04
8.753709372075059274e-04
1.355660629262725762e-03
1.466787408892800473e-03
8.850354043642076445e-04
8.127347299105962264e-04
1.010480850626535154e-03
9.324556466328217264e-04
9.673102891502766186e-04
7.748714345923923483e-04
1.014000737950544132e-03
9.583397583362700820e-04
9.833043723514154916e-04
9.500529277526921111e-04
7.494590662544602057e-04
7.413515409133039592e-04
1.859357012968816843e-03
8.222648844510842703e-04
8.784733270602404932e-04
1.273313757025149474e-03
8.871851929070246343e-04
9.801147978477594593e-04
1.724777490315040993e-03
8.841090536828115614e-04
9.244978452544030728e-04
6.695010458813424256e-04
1.050167941412817564e-03
1.537634854703937796e-03
1.022248005043978813e-03
7.945324801058782594e-04
1.409368319464679355e-03
8.428827146085463668e-04
9.225415619780280531e-04
7.690457143033532219e-04
2.056489642662681205e-03
8.333445556938308711e-04
9.276149926204203203e-04
7.918695279284658668e-04
8.894811039849856785e-04
6.602115408219150954e-04
1.385368937231039408e-03
1.016014031927580351e-03
9.834821820398707403e-04
1.122867590001014890e-03
6.911383911169405878e-04
1.237640430017683058e-03
8.862779975937784029e-04
9.041175014169449287e-04
1.095206472386178612e-03
9.569450068966354507e-04
8.886630734589427445e-04
1.345804605277335772e-03
2.102658955959298137e-03
8.180108156949876660e-04
8.327083211860417762e-04
7.936635173351842473e-04
7.471468925443843943e-04
9.350242616958645342e-04
7.007660714160604759e-04
1.009447471190053677e-03
8.507823668051386857e-04
7.910845386212127933e-04
1.445861646314587244e-03
6.876330500800029643e-04
8.031621378230636770e-04
1.416797553802450534e-03
1.191770793335812173e-03
6.693354920732795445e-04
8.610791461965320399e-04
6.644468987986336785e-04
1.171648987710535500e-03
7.473821701807129405e-04
8.272337276736356753e-04
1.600294979063568001e-03
1.100113634519815599e-03
8.865032605772548346e-04
1.098513446923353107e-03
1.173091037228327863e-03
9.208849417788493108e-04
8.948452220072984110e-04
9.686747258756008266e-04
