4.922152754361847626e-01
3.379574460920105605e-01
1.535683981178161128e-01
6.553807803664549736e-01
6.419281360016451110e-01
4.151673172052492422e-01
2.624983201137718880e-01
7.400532128806025511e-01
3.908879211380814622e-01
2.824977931586333257e-01
4.868803444553158055e-01
5.079073599904527780e-01
2.969659543740607588e-01
5.748934571102578550e-01
3.938554528883279615e-01
5.541760171606205931e-01
7.143172838743522268e-01
6.200306713684640147e-01
7.245502562516882294e-01
7.158918263074670607e-01
5.387344874457150601e-01
7.131511205699527789e-01
6.459156328880347742e-01
7.296396464684186123e-01
2.807734649250122061e-01
7.501507567146098454e-01
7.116255807118349042e-01
3.795839326899460020e-01
4.544613155028795481e-01
2.432731066907586337e-01
3.782385787113657916e-01
6.641006982494619404e-01
7.399118373202319132e-01
2.605079974760356465e-01
5.016261831759469825e-01
7.098277837089919107e-01
2.302013398933959176e-01
5.925429259824235295e-01
1.770759605914777879e-01
2.694942515993846710e-01
7.369812407758685735e-01
4.827049123306964562e-01
6.871290864172326929e-01
2.862069736983034463e-01
4.811612002864269488e-01
4.487311607711277905e-01
3.553916139646143280e-01
1.711787029637240887e-01
3.983337151698260192e-01
5.548444393740026293e-01
6.435256219785581155e-01
6.605812237517402208e-01
7.385432249342360755e-01
5.816269372470559418e-01
4.196050302820983346e-01
4.382823108196366446e-01
5.502743915801820984e-01
6.426452242763657230e-01
1.931195637003953747e-01
4.468960646924997615e-01
5.969591432712713086e-01
5.712773388846057454e-01
5.949778410750824476e-01
4.322288643437731670e-01
5.906196468765411156e-01
3.613133345745683234e-01
7.034342022896041824e-01
4.851201360943612206e-01
4.044339027461839597e-01
2.216796223205846350e-01
4.693101527454947020e-01
9.440226910434816598e-02
4.754027476239376382e-01
2.606333536736744061e-01
4.821147024275027615e-01
2.608058857621111115e-01
6.167464150917193466e-01
5.363342723924267030e-01
2.382687089629880461e-01
2.591259534312904678e-01
5.635455350446251233e-01
5.617484463877315815e-01
4.908740164686816176e-01
5.521997440937947976e-01
6.047719280406063103e-01
3.252636293962309910e-01
6.739646981244438173e-01
6.956851825254505295e-01
3.943171604527284102e-01
3.356970888752072169e-01
4.417680903739728548e-01
5.054172622130406189e-01
5.857312918815471559e-01
5.249983274870606564e-01
2.816047793068552907e-01
6.915692328487628160e-01
5.105120909662644868e-01
5.306606502555198945e-01
1.800450352762312800e-01
3.402117911479256018e-01
5.149642322469341060e-01
5.757335580080950033e-01
7.152708164737482388e-01
4.094101220379392503e-01
6.985374241572158693e-01
6.937309466257141066e-01
3.550942915572360969e-01
3.720387405661495506e-01
4.404456515503820113e-01
5.359179226547885477e-01
4.660142067418588385e-01
7.126204286691397716e-01
6.994083503268248014e-01
1.145499371215857320e-01
7.108176968465186318e-01
2.371328479045800852e-01
2.234106019881074157e-01
7.154648751944626683e-01
3.085076171834750802e-01
6.439456975998486543e-01
7.049137958487886602e-01
3.438054758509763720e-01
3.667673473385304472e-01
2.656985874168278916e-01
5.571116573462435717e-01
6.651071256298922707e-01
3.289018466522813933e-01
6.622749341794427203e-01
3.403962295191427789e-01
2.650914288534506613e-01
3.495775136420560814e-01
5.972334896665736359e-01
7.050392372677801722e-01
7.173036980740198354e-01
2.846517168640756434e-01
7.405148362508744420e-01
6.990143188643209715e-01
3.599012240199748747e-01
6.618176228483265700e-01
4.416461487063457203e-01
4.182747151731269208e-01
4.573903991711931183e-01
1.610565599972751394e-01
6.680651952761127443e-01
5.572510420092453565e-01
5.813414687162489214e-01
4.777990623844881046e-01
5.872962829595721468e-01
3.939928960205750785e-01
5.310452461221976117e-01
5.376727853925230560e-01
2.692848074461979269e-01
4.817262511576825279e-01
3.237304246312914802e-01
5.667874385049507246e-01
5.179352437715009083e-01
3.054578940353186445e-01
5.956540173893394297e-01
6.658244319446612325e-01
7.486749636134035768e-01
4.920995902023392876e-01
6.395893654746711565e-01
3.386797032802459917e-01
6.697975125254717055e-01
6.593117784949563687e-01
4.820060598578490563e-01
7.344158598860180964e-01
2.105155389792946197e-01
5.632085573215116492e-01
1.101903931868558340e-01
6.597786835767618374e-01
3.745688807176472679e-01
6.276902217862415645e-01
6.590811753672308759e-01
2.017529441473028817e-01
5.473351739233766056e-01
7.404337241503763378e-01
3.728577561234782678e-01
2.009802857816825328e-01
3.761674449998725911e-01
4.176583075431012926e-01
5.975247414507981469e-01
6.634049602832580161e-01
6.647565007496896161e-01
6.880754484001955218e-01
2.065257076462529984e-01
2.272325293818713565e-01
3.460485926456457473e-01
4.441363357420480829e-01
3.174675478422245845e-01
2.422058424719087111e-01
3.977353593266241827e-01
6.336276792708900318e-01
6.212374044161762532e-01
6.962642569164173567e-01
2.320013366220633200e-01
3.369301158832851972e-01
7.498630788726647900e-01
4.900059561917342599e-01
6.161323630463118040e-01
2.022793226098676123e-01
2.979228080302110948e-01
1.764954351502568686e-01
7.457366081470786501e-01
2.501275966069363421e-01
4.428332634582817229e-01
4.061958787317413444e-01
5.192939605488249288e-01
2.420013967680375577e-01
3.903539376727544474e-01
6.395941781823555328e-01
6.808932940482307350e-01
3.475883780382594823e-01
6.073841291503128126e-01
4.813637460015560143e-01
3.452248209953150959e-01
2.619465909007389626e-01
7.298839702867461199e-01
2.322940286968553925e-01
2.304921664699219053e-01
2.952354887187622623e-01
2.433373450410661054e-01
4.041543915347631799e-01
4.122478318879923553e-01
5.689959248927138891e-01
2.355887369609814541e-01
2.946410119741655897e-01
6.070739830117944935e-01
4.610117289067303115e-01
6.325886540448635298e-01
2.801102026881704399e-01
7.550722936741868785e-02
5.845236576380415938e-01
5.548055213348668246e-01
2.807729860762877006e-01
3.172763712167405714e-01
5.360390053338590644e-01
2.055917268805992071e-01
4.619757805951611451e-01
5.618407929203680373e-01
6.757063339663575696e-02
6.198769363156312329e-01
2.973361487512568568e-01
3.149249503626561641e-01
6.232392757243520043e-01
3.160955524199806077e-01
7.425368345097969058e-01
4.974839248200613184e-01
3.247142929632024777e-01
3.632800546311253376e-01
3.598002834110797243e-01
5.193954354396131956e-01
3.250765946532098716e-01
6.290336406181397111e-01
5.970965338364813135e-01
2.356189931643231372e-01
4.884291305598746358e-01
6.976580766406033085e-01
6.218118667928527188e-01
2.142529282112630717e-01
4.911166831062440674e-01
4.183734463533278491e-01
4.565518619876184903e-01
6.802341259224352621e-01
5.662357122082017219e-02
6.325060543726055418e-01
3.732811057922335030e-01
4.440217978117897979e-01
3.615203974174543977e-01
1.652175853123225568e-01
4.636714156397195308e-01
4.038743167300172798e-01
7.503553036942983701e-01
1.936827109230431221e-01
6.821218670914632742e-01
6.036375286661371797e-01
7.115237591625620528e-01
6.997340310204988034e-01
4.428860689176329357e-01
4.424487785694296016e-01
3.746092903776727656e-01
7.404018621371548647e-01
7.015891972251212527e-01
2.974454270858370442e-01
2.431113843456478019e-01
7.206638142259025326e-01
4.682001377880380399e-01
2.909131580122055194e-01
5.030904601105153917e-01
5.495113941868449148e-01
5.145446478877576668e-01
5.849389563136883075e-01
6.743505701350867021e-01
3.086687618943355638e-01
6.894048151050565787e-01
4.846858126586776616e-01
6.821773454980223361e-01
3.838773603716819083e-01
4.816503265872183470e-01
3.639398239872442820e-01
5.145942109209159510e-01
3.872378752084330578e-01
5.028895759921429010e-01
6.264558615716699919e-01
3.772648115683343573e-01
2.598821557817307393e-01
3.364281974560644484e-01
2.278163665503978863e-01
2.668042687794482948e-01
4.658124539627779837e-01
6.718524775239340663e-01
2.218287936659920911e-01
3.290046265043678475e-01
5.058732398485199511e-01
7.250947408368743075e-01
5.206929731989159427e-01
5.278410848032200064e-01
4.152825932316601687e-01
4.864910276032777259e-01
2.591515903791399289e-01
3.193801122490514399e-01
5.165852809951412272e-01
1.512755920802958398e-01
7.271857455916711510e-01
1.502032989296065435e-01
7.394861620708519379e-01
5.605873542911764540e-01
3.933067522878337940e-01
4.805791667344619378e-01
6.548832453998120195e-01
6.681837069769165360e-01
5.435469562831868329e-01
5.040114691770747335e-01
7.197009724805356612e-01
3.342099373783150584e-01
2.945723616192643113e-01
3.321718420863305488e-01
3.525644137084314456e-01
3.399244534349957214e-01
3.800802763263722572e-01
5.746047159229609180e-01
5.017106386739089707e-01
2.624306538981812653e-01
4.332017681009517340e-01
6.900409094994192083e-01
4.372509624378453363e-01
7.388875036989229761e-01
3.858388295290991477e-01
7.158401550202090347e-01
5.551023052533272661e-01
6.177943466457060939e-01
7.433339311298082785e-01
3.774168024857858517e-01
4.608548279455174090e-01
6.669867565198931425e-01
2.122742195268446097e-01
6.931718211967495824e-01
6.138216649660594992e-01
6.734927160705743709e-01
5.036344446664406949e-01
6.745374617446946441e-01
5.153949112717419734e-01
7.493228831597402717e-01
2.607322165756643662e-01
7.151158830768079566e-01
4.095411666191406952e-01
3.615692715623309850e-01
6.961410420109731545e-01
3.306089536096283865e-01
3.400509893663770100e-01
7.183058544202413076e-01
6.252869266302087947e-01
4.725449751287063571e-01
2.751240258150063345e-01
6.884343546915935308e-01
2.605316343271956714e-01
5.524603850406025751e-01
2.741039018084404089e-01
5.219947769197996745e-01
5.298846033555996149e-01
2.813228194043996266e-01
1.600556269968003431e-01
6.611801941899844159e-01
4.810901515498982595e-01
2.763714187638546260e-01
6.029727227662436961e-01
5.105962845049297760e-01
1.581118846504924458e-01
6.185342871714976098e-01
6.349900042564873281e-01
3.333944806916402936e-01
3.011702838215448708e-01
4.663088474678970807e-01
7.439166683519388146e-01
6.277722835967112225e-01
3.278281327217783536e-01
6.328817258507208887e-01
6.091518498738852649e-01
4.240537313283613829e-01
7.339596665555713217e-01
4.260299599042000618e-01
4.885593051591287095e-01
7.065321190449220801e-01
4.838415792227689360e-01
4.809500953559681102e-01
4.706726209484405898e-01
2.794881184347701164e-01
7.504300184406520469e-01
3.660757384771410328e-01
6.166007679492980786e-01
5.876113551636202859e-01
2.321250922809912354e-01
6.266702082319854927e-01
1.951005697038575848e-01
4.056201994175681058e-01
4.053827292101860880e-01
4.658022178318224626e-01
2.705183502291029218e-01
5.319655339185426213e-01
2.531462859261793819e-01
3.231177928296861124e-01
6.939626836605194971e-01
4.138701735881632482e-01
1.819291188558159467e-01
4.255967291519067719e-01
4.572782692677476724e-01
3.993910701630393190e-01
7.431460352463395980e-01
3.032587817712433242e-01
5.274901232937332374e-01
5.541642246942258820e-01
6.465546445974525991e-01
5.150775415417935266e-01
2.488761582580824860e-01
6.518520128640248323e-01
4.262418116039544125e-01
4.872343737724796342e-01
3.878430953415099025e-01
3.506292879121620243e-01
3.534882753909895370e-01
6.274634198014715780e-01
7.505516364645284932e-01
7.296050601507111377e-01
3.818573321233338924e-01
6.165294356028927503e-01
4.284615579099385618e-01
3.063651571700576337e-01
3.910287151540596251e-01
2.338686024814812803e-01
5.105011878335597997e-01
6.948586401815920466e-01
3.114682086242070436e-01
3.722261696580451695e-01
6.483851553707051796e-01
4.445348324329017053e-01
3.201708618508289361e-01
2.214868254191326991e-01
5.730524552375655389e-01
2.454158381167415304e-01
2.547460897647887412e-01
3.024131471702863339e-01
2.266217947067374061e-01
6.166439301064541301e-01
7.397796204833869682e-01
5.628207199470849353e-01
4.157460213623827561e-01
1.847291753175435425e-01
2.347246035047536594e-01
4.593668374712847613e-01
4.987730744879730893e-01
4.122948717409787300e-01
3.963120727260098786e-01
6.348076985864865573e-01
4.930503874390043118e-01
5.195924309117473383e-01
1.785167547199256466e-01
7.285158811760981123e-01
5.341227298439029658e-01
6.591958251752341180e-01
4.061736601236879962e-01
6.124371051421519940e-01
4.442755715872724886e-01
1.969365570591341819e-01
6.661651398042219840e-01
5.945096254892071608e-01
3.326080092303827507e-01
2.678226463471546359e-01
3.518843952943594422e-01
1.768836291214969658e-01
7.093682527603993870e-01
3.018732817444781391e-01
2.094780041656053859e-01
5.019259287815941439e-01
4.015359486098294406e-01
2.904745190325650483e-01
2.974177850922725685e-01
4.801887327742072609e-01
7.339707784687654613e-01
4.150132806614983960e-01
6.389594627488666134e-01
4.934766671719904019e-01
8.590553756049833234e-02
5.546149154212709487e-01
2.814028882149175459e-01
5.588491420723458170e-01
2.885019623251267040e-01
3.672792165204575299e-01
4.586984949729430716e-01
5.156972623026896407e-01
7.259584190658635583e-01
4.058898657246516328e-01
2.993838379006728001e-01
5.853971302322980019e-01
9.899203764014774531e-02
4.414885507513192642e-01
4.149960739583218317e-01
5.085441329732939275e-01
5.928132239842633933e-01
3.363232827038438733e-01
5.728886983577728964e-01
3.812237272698055235e-01
1.374469359460261664e-01
6.529678806110075229e-01
4.549003763964648006e-01
6.471427453630305138e-01
6.783255758507931166e-01
7.297123957815940809e-01
6.016389717790083802e-01
3.320039239232742134e-01
4.498033407605300793e-01
1.872918515265319939e-01
6.640328686932454039e-01
4.456683013605091115e-01
3.354306675340372745e-01
6.140413518679517235e-01
4.620808788177400706e-01
5.568098046309223337e-01
2.272336088495299500e-01
4.479772504461613236e-01
2.282381421538911825e-01
2.852572093885951121e-01
2.528072841107332769e-01
3.912794318290250262e-01
2.438550358452159783e-01
5.892729714314475231e-01
4.273147548204168644e-01
4.712521207961011260e-01
4.989081758007510858e-01
1.745671236578437424e-01
6.921910452352334486e-01
4.023175073757440656e-01
2.114371967873662495e-01
6.233837265286085172e-01
4.351176714846168858e-01
5.286229049947600567e-01
5.689621444165593456e-01
2.341021122082537764e-01
3.619564698420065230e-01
4.590191990394176802e-01
6.345344021794517841e-01
2.350359296820227206e-01
6.883769035324951435e-01
6.287705925643094496e-01
5.827079504683067013e-01
5.413923466076835389e-01
3.340932757072134773e-01
4.246067017901919427e-01
4.204202291640729006e-01
2.814211434870476092e-01
3.913221049711056998e-01
6.941775988277576470e-01
3.654013456045028252e-01
2.573371916330543518e-01
1.740862691841787990e-01
1.963454659923305756e-01
4.891134262872092742e-01
6.400693388996425703e-01
3.574282578864515503e-01
2.976264025917105260e-01
6.960149161883876223e-01
3.830621417121835015e-01
6.405128359460450227e-01
4.418403709420504200e-01
1.946394087074624912e-01
3.096117042790362817e-01
3.690431261704831822e-01
4.789853738714943687e-01
7.046761616026447905e-01
7.264228600321619433e-01
4.695667733146540734e-01
4.892137190528862978e-01
5.345116324070942060e-01
3.955671735245605003e-01
4.284732095981116373e-01
5.680360500887585706e-01
3.134589066969279414e-01
3.546862573258710016e-01
3.093426987610621848e-01
2.139889223764651349e-01
3.271710290060592663e-01
3.173617672655975053e-01
6.473546614275479394e-01
1.966701103051561039e-01
6.993476371385867196e-01
3.009858548895937846e-01
5.439860096114269572e-01
4.398604169616515125e-01
2.215461458409718476e-01
6.256614416621735231e-01
6.459742853553088748e-01
7.127615838758626365e-01
6.503509129912602438e-01
7.256649801051545667e-01
3.246920685399072304e-01
6.091510903766634843e-01
3.562138243615000088e-01
5.029769220226516513e-01
3.647092228424980154e-01
5.708431549211891998e-01
5.149399177036694253e-01
4.462629313611890525e-01
7.141969245383829046e-01
5.191336750401189803e-01
7.443589901514232610e-01
4.505148050051545616e-01
1.343916893071288032e-01
5.072611904656812443e-02
3.622474241351280044e-01
5.756030134077606553e-01
6.253809442357290971e-01
2.741205342730772543e-01
5.660780762942271283e-01
2.100146992095365539e-01
6.086544024829877442e-01
6.952914437235537815e-01
6.846809912595249736e-01
6.865440788728121024e-01
3.459887037186533676e-01
4.376619179958554651e-01
6.927307980564090251e-01
4.961301495520788474e-01
3.732167714941921344e-01
1.992582957992876103e-01
4.230828880291208072e-01
6.621833496223878956e-01
4.553449466167521775e-01
2.327046612453312624e-01
6.774638122746516888e-01
7.263963175364492875e-01
7.095086005765632864e-01
5.172400991651655566e-01
3.363941390797389741e-01
4.234332249944179338e-01
2.958690079710881715e-01
4.572912728281724459e-01
4.158236007060410744e-01
6.192589239442858329e-01
3.118110275762899786e-01
3.796636258880789483e-01
2.751389251180240136e-01
6.148982225524383116e-01
5.652057179203717752e-01
2.732960637829164874e-01
3.732774497101802313e-01
4.058694411542515534e-01
3.928896611550671825e-01
5.367096217144273762e-01
3.350295847931439308e-01
5.735455887511525797e-01
4.547823100275921737e-01
5.316844569220358085e-01
1.283711264055164281e-01
7.411678670928217860e-01
4.015996874795130789e-01
7.445887352505285994e-01
6.755745985291820022e-01
7.298573583977822077e-01
6.281764419434812119e-01
4.338587165528881573e-01
4.892797098763194685e-01
7.404385299742367588e-01
6.980406764704351064e-01
4.907947960667075060e-01
6.591245853834858393e-01
3.538544415883301264e-01
6.554844683401785943e-01
3.361693720682586983e-01
3.655042167118633389e-01
2.769694840372808331e-01
2.883454142569910617e-01
3.774937439459027377e-01
3.139688659071498966e-01
6.253482836830281943e-01
4.859080797760606529e-01
7.434033159042828798e-01
3.480717676508696679e-01
7.338642264007515514e-01
6.508939464366034766e-01
2.737926821621701756e-01
5.225997438316511978e-01
5.336887236179170824e-01
7.014877590450844247e-01
4.704343147735944863e-01
6.793248378797163145e-01
3.761977826130490921e-01
2.646833052020953758e-01
2.368859023703447086e-01
3.060669544004899212e-01
5.671344822418299403e-01
6.248050061401195787e-01
3.480397700437840025e-01
5.789623648363950714e-01
7.412102966559406259e-01
7.020686375094211673e-01
4.054135717131745476e-01
2.879525407421542060e-01
7.496718425407181696e-01
4.159412542700738347e-01
5.765207307328973352e-01
5.413367970741976842e-01
3.547314046709636459e-01
1.671863861916188521e-01
6.926858183533280977e-01
7.250957548172860534e-01
7.274363703528990976e-01
6.646895154481512469e-01
6.604247506882164886e-01
3.305420796189948440e-01
4.206899739621497991e-01
7.514631829741862112e-02
7.389687684389838473e-01
3.744005371553095762e-01
2.442656816197054936e-01
3.432217096275380630e-01
1.326226308602249382e-01
3.604842091720000252e-01
4.309623177053962251e-01
4.446040539152386617e-01
2.186977659396602269e-01
4.832679465456977130e-01
5.233038663784042033e-01
7.200657633448632744e-01
3.778250804611438252e-01
3.590573242414923372e-01
5.894899764818516408e-01
3.846189208937281223e-01
6.745420743287373622e-01
2.319802298739106206e-01
6.236553356440613927e-01
7.438331048820967517e-01
6.863380642300375145e-01
3.607991366788632082e-01
7.105678827968433531e-01
7.366150311568292475e-01
7.332083523679906456e-01
6.107430445214487857e-01
2.282232266183895075e-01
7.369963749706101019e-01
6.880085632421009123e-01
4.172391887030537094e-01
4.607276220895341057e-01
5.175888028393571538e-01
7.226340432227568167e-01
6.735267150783429413e-01
1.692996786264992504e-01
3.947040905684441880e-01
7.041071272165325690e-01
2.468250258205177683e-01
5.132063333067156119e-01
2.941804196417656114e-01
6.063091092997161535e-01
4.331774471183037489e-01
5.880610586624094305e-01
3.757221885031463149e-01
5.782298747386200866e-01
3.967769065660277095e-01
7.007079457284517421e-01
2.605291529641098891e-01
5.781601793420096946e-01
4.348782412179078571e-01
6.795574614990851359e-01
5.086777434031239942e-01
3.037265698272753611e-01
4.151742785783597567e-01
4.011696817795089021e-01
5.890680400282333196e-01
3.968562843551282637e-01
4.164508278682133025e-01
7.152299916944353519e-01
6.961215015738910772e-01
4.589845081859862397e-01
3.228712594544279058e-01
3.952673774759939418e-01
2.571978695651842561e-01
5.775893598713125465e-01
5.200475226731884337e-01
2.847507735235796367e-01
2.182569810879678440e-01
3.003730564336937747e-01
5.012738506475297173e-01
4.405797742425532348e-01
4.922936046560902335e-01
1.952093109900200629e-01
4.902523473914551788e-01
2.196152170710518881e-01
2.189772324639076839e-01
3.131067937958897929e-01
6.845076304232811104e-01
4.907798170996222620e-01
5.573446976132258035e-01
6.239824497268207093e-01
3.787511901048017382e-01
2.931294523530436624e-01
1.746430534951613212e-01
3.390155095699196597e-01
5.519599294733578132e-01
2.723869542552840306e-01
7.509804068974484936e-01
7.371091908149280947e-01
1.872073280707690357e-01
5.493178326642671472e-01
6.341428756651197318e-01
3.478906125174376918e-01
1.950408775676458206e-01
7.284893543741991495e-01
8.755406136848239984e-02
6.933206141742964679e-01
2.950836963199276464e-01
3.009642579376103355e-01
5.963013836967324677e-01
4.771155549034884480e-01
7.104234082286119412e-01
5.896812086112199758e-01
6.658666343329254778e-01
5.999466701397930812e-01
3.192789235219388733e-01
6.518940852131818176e-01
5.021824063797938331e-01
4.801763311093651954e-01
4.354407315293604142e-01
4.415685739365101115e-01
3.642940077095149776e-01
1.011407858850012081e-01
2.517907086068221778e-01
4.751127763519614189e-01
3.238005779172467569e-01
3.995306072533332808e-01
7.260247712372670525e-01
1.658024497158593902e-01
4.495161395627722545e-01
7.316604302802415249e-01
6.217912002172460983e-01
1.975209773019627191e-01
6.042606143748990855e-01
2.662667123011674408e-01
3.641012437086075249e-01
6.218572221742326711e-01
4.711865875471028531e-01
3.536586180193100892e-01
4.046776153344411875e-01
6.388282455924726433e-01
4.658624402409117238e-01
7.243130162829393148e-01
6.670452783769361682e-01
4.000381801938180382e-01
5.045034815296516317e-01
3.856045228726248664e-01
6.013238552801118963e-01
7.350015085478815990e-01
3.712033000907508096e-01
3.581268644387150535e-01
3.394052184944691408e-01
7.203886232817787727e-01
7.361673461732961554e-01
3.988905407909156819e-01
4.534033521679162737e-01
4.514572467771763020e-01
5.716149364809405137e-02
5.309571762064621003e-01
4.055118357630992376e-01
4.372538747823515592e-01
4.954928391257081843e-01
7.408636709657241415e-01
2.599288800124081589e-01
7.285930819739599995e-01
6.325864842145155764e-01
6.305611255401809556e-01
1.772453292953665438e-01
6.187983866518848020e-01
5.772287079754135908e-01
6.546233074574562272e-01
4.736954572164259747e-01
1.977573220223754757e-01
2.254727908897260491e-01
3.156032091919876992e-01
6.653764931991799081e-01
2.958890144090827179e-01
5.143099299651874290e-01
6.746075267501266959e-01
4.562028011000207051e-01
5.171831077748297867e-01
1.681615122477749524e-01
7.413770826773885547e-01
1.164763534423135932e-01
6.917688970657005776e-02
5.426967213551701086e-01
5.252472598746539267e-01
6.443848810338443922e-01
1.634475015180104351e-01
1.658541439326022549e-01
6.422945204445567047e-01
3.686819857111876542e-01
3.694365763126018498e-01
2.692911031564881319e-01
4.253166178873547532e-01
3.637725106566057076e-01
4.833663505898523893e-01
7.284943103689855981e-01
7.062042579913332396e-01
3.781174072315390822e-01
7.073268938265656613e-01
3.180292991416804327e-01
5.067622034841838818e-01
2.682820194297459993e-01
6.046743056700036867e-01
6.184433661149659756e-01
2.985795565629910664e-01
7.172973133457530848e-01
6.111267305819740869e-01
4.475714512975817461e-01
3.641741147312678173e-01
3.641774424138569666e-01
4.893541134409950533e-01
6.960121785012861606e-01
7.102115748981465693e-01
4.205097741689547419e-01
4.718142884172874529e-01
2.981758681120537657e-01
4.204088295193875169e-01
5.515315828178930513e-01
3.555811420085740471e-01
3.355930869573253150e-01
1.661472591091287254e-01
2.814861408383251828e-01
3.480040211849335652e-01
7.196475761591262232e-01
5.830612293216795861e-01
6.364251198090608019e-01
4.129098602197039392e-01
2.589550182899192365e-01
4.944547468792054867e-01
4.807692506297418511e-01
7.502663134358062980e-01
2.540482406785723457e-01
3.280280112391689151e-01
2.081671862380111704e-01
4.439163510627930909e-01
3.130833096882406630e-01
2.565378207760540263e-01
2.542500438338262114e-01
5.135795584130934399e-01
4.857677227291307132e-01
2.418210849171449350e-01
6.726274301324736138e-01
5.653282335460668717e-01
4.653336240319875250e-01
4.287304883260316668e-01
4.862010657423799787e-01
4.770146999344463401e-01
6.281915331440149908e-01
6.660094042865135622e-01
3.837862984604631933e-01
6.448636755766955220e-02
3.181543803886089372e-01
2.229473444757466005e-01
4.021765215476855171e-01
2.312141594282068335e-01
2.797409353144266198e-01
6.229661148918179681e-01
4.270064208771188752e-01
5.683929314548181733e-01
6.868382678760061033e-01
2.672052619608720203e-01
3.861390846372867447e-01
2.962423018007438458e-01
2.490378505274502552e-01
7.236835967065876618e-01
5.455997068590191512e-01
4.295145495662656687e-01
6.555691732731196986e-01
3.870424733977693155e-01
3.110340148624851642e-01
3.433457941412757508e-01
3.298942214171867726e-01
5.320811768881157366e-01
3.026855268644002561e-01
5.073897150233092068e-01
3.799909888213567344e-01
4.387979156864962871e-01
6.084234259281976476e-01
