1.178112242706580021e-01
1.131391277082417907e-01
1.141083127340623005e-01
1.130249284332011245e-01
1.153022768359808908e-01
1.069286154700364588e-01
1.079344167740865362e-01
1.173584111359338295e-01
1.138483665250961813e-01
1.102125390623423101e-01
1.004417345407541268e-01
1.167231442342568509e-01
1.106188443196681609e-01
1.196476956542695674e-01
1.129972821972354824e-01
1.201475277688701382e-01
1.135724771122513937e-01
1.173988342713947475e-01
1.114108823714844293e-01
9.137111243532308746e-02
1.060798295189347012e-01
9.867448138836433513e-02
1.115175536615015950e-01
1.022996147288613433e-01
1.046537865217350982e-01
1.199925961181531192e-01
9.358731543703836808e-02
1.181530074139927611e-01
1.136686666046696076e-01
9.953644061765010154e-02
1.074290628056086966e-01
1.111466723463674505e-01
1.157223785810018168e-01
1.032561814557281382e-01
1.191478150188645946e-01
1.089873184824281666e-01
1.150259030980281955e-01
1.036978064596676130e-01
1.208772318412688757e-01
1.167742333515857656e-01
1.125663901245995552e-01
9.296003453630728719e-02
9.573081438106781360e-02
1.081617705237296057e-01
1.066365224625827890e-01
1.180211390896375445e-01
1.128566213939047186e-01
1.147826600246428241e-01
1.116305097020260650e-01
1.187368924062051495e-01
1.083118056181360117e-01
1.047237910214683654e-01
1.045478469034693270e-01
1.187586430163262291e-01
1.152500560623315184e-01
9.521779550726966468e-02
1.023873955362663846e-01
1.197346256299876566e-01
1.083993268429465501e-01
1.025309349987669483e-01
1.206874791111442330e-01
1.179619908830911446e-01
1.046141577619550816e-01
1.158375874836352903e-01
1.212901758933201957e-01
1.203924876076856165e-01
1.082271724298651677e-01
1.176267289794688947e-01
1.179759141393347532e-01
1.190594098505272369e-01
1.150604682039100407e-01
1.202516773841085657e-01
1.167810517668941006e-01
1.117356044455486558e-01
1.156372729077732864e-01
1.164880052618080253e-01
1.120361551116834248e-01
1.180998685054031883e-01
1.209846713265853718e-01
1.094122119178776026e-01
1.189890967995954341e-01
1.148023383993445196e-01
1.129307569010901957e-01
1.081870045238361583e-01
1.179169613534176431e-01
1.193762692065887393e-01
1.109304756006373044e-01
1.085172745708708475e-01
1.043812259032544792e-01
1.201348488849160595e-01
1.034741275397776522e-01
1.167528832343006362e-01
1.143810940566986067e-01
1.076318140175309690e-01
1.211570047314205756e-01
1.079020142519952763e-01
9.651188679865890796e-02
1.157210053703560115e-01
1.200721689525367925e-01
8.796578526645237872e-02
1.091179458025090948e-01
1.170489895168473626e-01
1.156985303436841167e-01
1.148341967775166755e-01
1.084017962026945364e-01
1.201366001786614707e-01
9.439216118656472421e-02
1.130044324564853514e-01
1.190858226742599890e-01
1.201938889786068887e-01
1.148901124393396367e-01
1.137588405224033566e-01
1.193745501575598777e-01
1.156877537904015818e-01
1.165577303242003454e-01
1.166901115605960410e-01
1.208246630178355790e-01
1.178361573403508972e-01
1.200525394810764562e-01
1.018618946277506238e-01
1.101657385588473426e-01
1.168909759785596164e-01
1.195062382233361281e-01
1.157421599376411980e-01
1.133008676301528739e-01
1.065658815845418605e-01
1.140183332815462997e-01
1.099164903607344895e-01
1.174485411698988208e-01
1.180444521910737343e-01
1.003767527672399934e-01
1.082081936167866576e-01
1.144625842402277327e-01
1.208345419764330769e-01
1.206835676082798764e-01
1.031491788714371249e-01
1.185729894608058971e-01
1.035226604457782223e-01
1.182416799846680577e-01
1.182168922327880844e-01
1.151848168235605624e-01
1.148484048691641030e-01
1.195369889878833969e-01
1.023343748320518776e-01
1.142861479372817429e-01
1.124849397440372406e-01
1.185489843031310581e-01
1.055964591888135101e-01
1.087092086146556197e-01
1.164839565415464601e-01
1.155975243605794206e-01
1.165522671203136906e-01
1.152343011240724580e-01
1.171989154450304160e-01
1.142621608981267273e-01
1.000141671154978346e-01
1.020383986275663901e-01
9.705665062309365432e-02
9.881564082906343915e-02
1.091532814320814171e-01
1.058086518977294777e-01
1.204898768837308204e-01
1.168388748275350775e-01
1.172711294237056417e-01
1.125441320801258832e-01
1.201161736563073623e-01
1.208978025254056343e-01
1.174831759600152570e-01
1.103503732592879955e-01
1.102811607275431399e-01
1.116576360904552589e-01
1.046358237362149529e-01
1.200078657179162595e-01
1.188086583671595364e-01
9.671887801463031897e-02
1.204604475548709253e-01
1.164237127098479985e-01
1.146279516888916994e-01
1.136903975595653649e-01
1.191038281355454864e-01
9.571080445202545528e-02
1.145415540044179559e-01
1.125302744091088297e-01
1.150341163625955565e-01
1.130856659829414385e-01
1.210921074658061203e-01
1.191382276778581439e-01
9.688720977675183144e-02
9.632038259197080177e-02
1.064840630378612041e-01
1.175370978604309002e-01
9.275968679566339026e-02
1.154747928650599054e-01
1.200783623888307533e-01
1.050202221402435909e-01
9.680021684628091483e-02
1.081020863862180714e-01
1.211269498308829157e-01
1.061094279604652135e-01
1.098043792245877448e-01
1.206825090425892172e-01
1.134737439851949414e-01
1.184799298709655613e-01
1.018789328032896901e-01
1.058373876232924227e-01
1.186321005446702714e-01
1.189621879995467757e-01
1.107963589834985718e-01
1.013062035906664299e-01
1.166243935385083974e-01
1.190324868048180801e-01
1.050326333973095327e-01
1.133025763830523419e-01
1.161134783569379020e-01
1.106112370077557278e-01
1.074897909626694181e-01
1.186370600991232122e-01
1.174805665762221618e-01
1.203206103014607814e-01
1.035980181059338867e-01
1.126763183229581300e-01
1.205152199660853296e-01
1.176104646529566589e-01
1.084430241344179757e-01
1.211449616777536958e-01
1.001632844053378796e-01
1.120362701852848641e-01
1.172042795704132945e-01
1.180071303950719491e-01
1.187946587762865602e-01
1.174501205880721100e-01
1.201586812916910357e-01
9.690221425398772015e-02
1.123002245884138078e-01
1.191321591742878772e-01
1.174028848532887026e-01
1.196967831592048170e-01
1.179465258028954688e-01
1.135995788334602241e-01
1.153280012483023642e-01
1.090318587868460698e-01
1.198811313428564812e-01
1.114031467762394562e-01
1.198975556951746846e-01
1.123281978925363134e-01
1.201789118351351549e-01
1.209479706620018441e-01
1.185970563853084303e-01
1.202622249815879785e-01
1.203517643239223195e-01
1.165259070780730877e-01
1.162535765286404760e-01
9.937870420265174087e-02
1.148335328019756407e-01
9.339630673058943455e-02
1.180454799110916553e-01
1.147419634817395950e-01
1.128788272062996312e-01
1.077336937366080438e-01
1.071091827924210288e-01
1.158936435146479815e-01
9.854785334357180071e-02
1.090185694040205350e-01
1.202955175066303672e-01
1.166694810314880815e-01
9.782619562760200282e-02
9.627565637485496763e-02
1.211501382742545679e-01
1.189732547215669456e-01
9.672709361283883533e-02
1.139548416720266855e-01
1.059475263589960831e-01
9.340989763962334602e-02
1.141454001429515475e-01
1.069091913617957329e-01
1.208647959223421720e-01
1.181246794905279618e-01
1.208449990617072034e-01
8.942046885161161751e-02
1.107284159683788877e-01
1.108942161312188313e-01
8.978536547445166438e-02
1.179920531273478401e-01
1.103662543360391934e-01
1.075766413947874395e-01
1.023392112668473908e-01
1.104019149128177418e-01
9.921021207506398876e-02
1.207939429213979038e-01
1.122628788920803089e-01
1.188140935872759596e-01
1.151255344877143982e-01
1.178688958438305762e-01
1.186947111392534226e-01
1.123818913145629705e-01
9.388623894328639030e-02
1.147283688678032015e-01
1.163687293427005942e-01
1.113086575106154580e-01
1.069489721239659935e-01
1.098730301032172507e-01
1.069385676849534672e-01
1.174639514713416433e-01
1.144317938746396146e-01
1.188982462811594837e-01
1.099865247870896318e-01
1.194927276117899034e-01
1.155939629611477809e-01
8.502140163878865731e-02
1.123578795502793992e-01
1.210932336461982700e-01
1.124261567657554584e-01
1.120046126980495799e-01
1.114537458540508508e-01
1.116014321280815041e-01
1.145093826750761684e-01
9.008450728751735137e-02
1.206542393556821191e-01
1.007533370931017885e-01
1.121651850778321025e-01
1.212174188908942823e-01
1.175754936388086480e-01
1.149105101421285385e-01
9.530339452160770108e-02
1.130472946262211786e-01
1.083079278251137118e-01
1.067656004585818691e-01
8.765325558625651492e-02
1.131343890140664998e-01
1.117679679027192702e-01
1.049347851953108673e-01
9.638206429212589632e-02
1.053775498775066377e-01
1.099072251268393974e-01
1.171422434738863400e-01
1.192265509080756708e-01
1.143098032651300583e-01
1.114776799325397777e-01
1.165531519778297553e-01
1.052040798784819875e-01
1.130802287082864760e-01
1.071625395950469850e-01
1.158161029226853905e-01
1.054877847698175164e-01
1.012993844171877489e-01
1.154892240318540486e-01
1.019265504177549048e-01
1.015254859289204115e-01
1.189550594102806308e-01
1.103595105436250834e-01
1.209024637850764361e-01
1.023469415234234126e-01
1.169398740910932155e-01
1.209742330254209158e-01
1.099539639533602120e-01
1.064805467299462377e-01
1.108204824721845672e-01
1.174538479058726131e-01
1.102320991992893212e-01
1.201472112327783004e-01
1.137270384732216866e-01
1.059581513818083215e-01
1.186064046833322505e-01
1.123919385269517568e-01
1.145075548863113968e-01
1.132081517976393503e-01
1.049045274957211005e-01
1.195037272095684083e-01
1.129792019037474532e-01
1.149749843447178815e-01
1.117316022017157684e-01
1.202599059919602226e-01
1.073916086817356674e-01
1.148555871872025125e-01
1.199190296565261632e-01
1.148958108668121370e-01
1.047132791341043867e-01
1.162659237331256784e-01
1.205919808114544051e-01
1.202372480975026775e-01
1.161407762225771106e-01
1.164329024128713530e-01
1.095173570422037085e-01
1.192654058976737041e-01
1.145851226721323057e-01
1.081619163356896673e-01
1.065302396595227408e-01
1.200357163456391152e-01
1.192016312245250675e-01
1.204037092058776320e-01
1.157344544459126684e-01
9.929348490335346278e-02
1.139245984739016698e-01
1.113047769450100644e-01
1.186699683723159704e-01
1.098113536384930089e-01
1.185345925031809217e-01
1.197756562975522410e-01
1.180176209145059052e-01
1.082925688809942139e-01
1.087391737462477109e-01
1.191655389318735242e-01
1.203702215180239288e-01
1.174002483428272653e-01
1.028233362495777903e-01
1.086767082656039801e-01
1.192533888770209577e-01
1.131351143521644315e-01
1.154973520365533690e-01
1.093984691386842290e-01
1.170713142664774747e-01
1.045355269431075262e-01
1.197364101835704520e-01
9.968263923932671466e-02
1.126695895170880257e-01
1.101989081305062013e-01
1.179668405831320044e-01
1.012633091994584178e-01
1.156442158893677269e-01
1.053446747587278159e-01
1.158604999379424377e-01
1.189160956258497742e-01
1.212464747192353448e-01
1.117860982049323493e-01
1.206818358922197021e-01
1.054835438427690203e-01
1.206428490755748206e-01
1.202085577942105521e-01
9.330241553295257062e-02
1.123138494736564685e-01
1.178701754018010028e-01
1.191770860218464706e-01
1.206759322136104901e-01
1.066874785869736941e-01
1.110461671564325209e-01
1.060815454240666422e-01
1.205422902208505981e-01
1.152513793766696132e-01
1.209971017391080206e-01
1.099108574245719061e-01
1.203792350041260478e-01
1.154143784635588144e-01
1.089081586361515808e-01
1.066452138582075215e-01
9.850243249262545520e-02
1.024407660057027880e-01
1.114629292187916815e-01
1.145517248229517560e-01
1.131878793514084491e-01
1.199803089750355323e-01
1.191011718970502731e-01
1.039109633966315838e-01
1.171936429815031572e-01
1.196213353809034291e-01
1.165253830021372589e-01
1.156481445703486793e-01
1.205792115281489746e-01
1.129980865941234008e-01
1.182463392546397318e-01
1.057817185101314617e-01
1.094047640891966655e-01
1.176021978606435342e-01
9.283196855951533766e-02
1.175726127613020700e-01
1.208873696946442117e-01
1.104424025023606620e-01
1.189786241176319370e-01
1.202463309815456766e-01
1.141471140806707418e-01
1.154365138644373179e-01
1.157926069460599033e-01
1.183744288784935594e-01
1.197875072315859879e-01
9.944458468705455467e-02
1.116475045517797970e-01
1.211641293586178669e-01
1.186589440903579734e-01
1.176100421542884966e-01
1.179599977897641816e-01
1.084025347615689555e-01
1.047589531988451783e-01
1.196257947710073766e-01
1.151595272434215167e-01
1.184717709933029578e-01
1.209580580534516669e-01
9.543521507050725661e-02
1.152977239080357763e-01
1.210203092067388686e-01
1.094870187214875140e-01
1.130954064047704211e-01
1.189745968104633234e-01
8.922402044441558877e-02
1.102799013425547620e-01
8.507475682095308467e-02
9.579666987379086007e-02
1.201432220892873215e-01
1.090893264029786924e-01
9.632106885632030213e-02
1.112950599014203290e-01
1.149139334832344345e-01
1.183176770102641190e-01
1.049928772897208012e-01
1.091991130625525747e-01
1.193953646814628483e-01
1.208557188103040053e-01
1.155983417203988450e-01
1.195826860089043570e-01
1.196914177947308311e-01
1.178826664480570052e-01
8.898644594832480492e-02
1.212833782407710670e-01
9.116707687308281405e-02
1.201550339612893481e-01
1.054435210866332129e-01
1.174922933065116054e-01
1.206299167070702255e-01
1.173756649349863568e-01
9.689883017309988689e-02
1.159855404598126583e-01
1.144847485973000123e-01
1.081586667233719740e-01
9.296219403279208648e-02
1.187160713750840535e-01
1.151877995843158531e-01
1.088996728523522195e-01
1.077372852163218236e-01
1.176890984545031771e-01
1.195125383445503897e-01
1.116911719968793903e-01
1.166887906394595553e-01
1.178648723784365415e-01
1.014654483032652876e-01
1.210235178653888272e-01
1.209501169943472537e-01
1.146351319896843218e-01
1.130538354398303580e-01
1.081656612018303265e-01
1.097946761162533619e-01
1.146678684949299781e-01
8.576542271265653883e-02
1.212189216586891105e-01
1.149600194682232623e-01
1.134083275305455413e-01
1.089510370297578773e-01
1.119859410842948266e-01
1.176111624002822709e-01
1.124084358112323184e-01
1.176780577418796991e-01
1.069704305206668760e-01
1.087468099866390203e-01
1.087090714223352406e-01
1.121601962119100349e-01
1.132587303868345663e-01
1.145223468920092691e-01
1.089490566031698082e-01
1.143541182295794989e-01
1.207732351909456409e-01
1.107232892773538785e-01
1.183112863853120061e-01
1.126746124782097569e-01
1.097317840577216042e-01
1.195517752068458867e-01
9.682836355793182637e-02
1.080423928319468180e-01
1.179287208155031658e-01
1.186545995668048664e-01
1.167911087552019889e-01
1.045245341234548042e-01
1.129741932550123451e-01
1.109847729177381309e-01
1.167282036708833098e-01
1.092740009994679212e-01
1.131775114866829801e-01
1.110555461858270254e-01
1.088117622080071456e-01
1.201140482192960268e-01
1.198337415672133532e-01
1.050877378557789205e-01
9.811284095099341573e-02
1.121039672265593812e-01
1.199480055886796709e-01
1.088624914179546765e-01
1.162066691840909355e-01
1.124523506717176324e-01
1.163861998789805091e-01
1.138605003652594372e-01
1.204634286938812832e-01
1.105238348583050118e-01
1.075499157323773908e-01
1.200540458602779997e-01
1.045909799242037974e-01
1.192925013833668890e-01
1.167812229277839786e-01
1.133381480195597285e-01
1.077814149691336681e-01
1.083004036538167958e-01
1.113806354436916446e-01
1.016733480724693883e-01
1.199035493468390001e-01
1.135870874187432794e-01
1.205536205511505421e-01
1.113226307924209957e-01
1.172299311540617450e-01
1.142870565908131603e-01
1.205326686648483248e-01
1.167042630074764664e-01
1.140061006412531330e-01
1.142133914767092112e-01
1.150860942547884680e-01
1.178288306015813497e-01
1.180903892846111303e-01
1.043511834948606387e-01
1.194201447818003664e-01
8.533386273887948181e-02
1.118790101671065379e-01
1.049160291134437067e-01
1.165742839022877453e-01
1.178810014325320371e-01
1.146422888448006550e-01
1.196386512959789900e-01
1.193150907351697987e-01
1.179526570125955937e-01
1.153523206287173086e-01
1.146219494263440442e-01
9.550367893985871326e-02
1.171473588674062649e-01
1.157823186511688085e-01
1.033037651015188546e-01
1.148236454248759281e-01
1.173697441911385198e-01
1.162387139568780425e-01
9.918425087891657999e-02
9.986899702625687270e-02
1.168710555982033772e-01
1.166291701290341487e-01
1.045628533076179284e-01
1.204599087610562780e-01
1.109729822459931264e-01
1.067337883181194991e-01
1.140193860147017124e-01
9.892598643028879812e-02
1.157206997921486208e-01
1.177697612810856553e-01
1.195845028600789894e-01
1.114882030647284528e-01
9.960238482668073989e-02
1.163141993340282981e-01
9.252561197205237675e-02
1.206401581140125329e-01
1.130811871334432839e-01
1.093189488393751935e-01
1.164371704346234271e-01
1.113269151101173998e-01
1.037014541764415959e-01
1.165521440801649267e-01
9.877259855391733179e-02
1.132828957726396274e-01
1.194945090750736127e-01
1.105510135945970973e-01
1.113083374523037572e-01
9.959484558201163462e-02
1.060190883724650424e-01
9.747216982568228383e-02
1.172765032029284282e-01
1.050362043694521713e-01
1.180103512005211269e-01
1.179750583548116460e-01
1.096292102387000367e-01
1.199415034024136906e-01
1.043470621946710197e-01
1.157437808153057857e-01
1.202198241220016200e-01
1.182356617207538374e-01
1.208164700319269702e-01
9.415989480118470978e-02
1.133317694995546743e-01
1.174123527818522056e-01
1.091674365190705431e-01
1.188439781288486569e-01
1.194346126631411209e-01
1.164117941785838550e-01
1.128473222020360128e-01
1.118536254786735434e-01
1.188842892908545945e-01
1.173296954763412558e-01
1.149624907896423520e-01
1.120909337307910147e-01
1.097891009022647635e-01
1.023736367837256578e-01
1.131840086665964890e-01
1.135549965174375842e-01
1.147591382358112422e-01
9.377241996259867707e-02
1.096738987535555016e-01
1.091333930661806395e-01
1.004874699305408070e-01
1.082489635572869147e-01
1.182659586787016687e-01
1.072911463315967262e-01
1.145905994167095293e-01
9.707984983939463297e-02
1.021174759008993682e-01
1.176315189681435835e-01
9.730060135556298229e-02
1.123732931213950875e-01
9.882996773210396546e-02
1.007659592749648170e-01
1.081586535002623944e-01
1.154538633602220088e-01
1.128785968410926932e-01
1.182801988138075522e-01
9.530217724218431607e-02
1.210130687568715391e-01
9.906358683012048139e-02
1.153657595606562003e-01
1.136807764176773067e-01
1.207584592436530546e-01
1.180049082767957586e-01
1.175246585178087028e-01
1.195977256826332435e-01
1.149890490937524601e-01
1.092352540382771076e-01
9.232184664328164925e-02
1.118781125931145176e-01
1.138975472963798252e-01
9.478851431950950646e-02
9.453409576262515601e-02
8.848685685162481496e-02
1.080881385022929020e-01
1.162819879037398085e-01
1.176576491641819905e-01
1.028122548764299482e-01
1.046969126655495214e-01
1.182478821268471147e-01
1.050797636716711975e-01
1.081690272370273570e-01
1.118949210228508129e-01
1.119349602211228839e-01
1.180322036872602093e-01
1.098936911441172198e-01
1.142022644989487828e-01
1.190539149993404128e-01
9.181466563618007060e-02
1.189748807595283064e-01
1.128922303977685226e-01
1.104453533584718178e-01
1.135714387791254554e-01
1.029997172563241747e-01
9.453224639058538381e-02
1.057458481098872138e-01
1.118508819364572859e-01
1.193802997536390909e-01
1.192378578614760876e-01
1.105183739332160353e-01
1.142351569684260243e-01
9.856080261573706147e-02
1.191473051227091573e-01
1.159505101913877873e-01
1.182285664585411289e-01
1.162982627571422789e-01
1.202971478296231966e-01
9.655074479493204465e-02
1.131239198649890976e-01
1.124471297970463662e-01
1.186200249780400978e-01
8.808292414100091228e-02
1.169900107778387294e-01
1.177755539576356009e-01
1.056489410739986923e-01
1.117334186875672264e-01
1.133634260978595432e-01
1.190274863355974266e-01
1.103104385312847213e-01
1.189541441461122728e-01
1.160735101329167795e-01
1.202587780386558253e-01
1.065223417587001231e-01
1.118240295302726645e-01
1.071154469755356831e-01
1.194376026299532600e-01
1.206380553205424616e-01
1.083103424401187231e-01
1.123121186975600261e-01
9.376651017757844930e-02
1.135764783904485015e-01
1.162763453167875716e-01
1.045928114043770812e-01
1.116920726810528980e-01
1.188416765778756157e-01
9.244297685794261588e-02
1.175744896414521456e-01
1.150777137819307683e-01
1.076685127102154083e-01
1.160072402199665842e-01
1.095264152131195379e-01
9.883579597775146719e-02
1.052453332133615332e-01
1.100559374612886110e-01
1.155918086701939046e-01
9.468956645367752889e-02
1.133164087635546158e-01
1.146310318546433921e-01
1.016706188962779450e-01
1.133378750810547370e-01
1.205014095710029015e-01
1.188167793825243151e-01
1.143385844751402397e-01
1.185091853350920821e-01
1.129260413017543346e-01
1.168093541957450632e-01
1.203452749985774312e-01
1.159256873318402353e-01
1.164369148999676445e-01
1.167787443902126021e-01
1.119081820704401486e-01
1.034057670951702562e-01
1.182768073357020611e-01
1.170326516432920738e-01
1.193725544163495439e-01
1.193616983805042414e-01
1.168685169807104768e-01
1.201758793997262098e-01
9.800362036585515135e-02
1.014563256707737143e-01
1.084000511969751834e-01
1.198271518230786675e-01
1.163681282646685244e-01
1.111715769958308148e-01
1.171582899492034369e-01
1.071999299633464714e-01
1.154423196789108874e-01
9.448915877217892167e-02
9.374421706114627328e-02
1.097893465096647231e-01
1.010583833173078067e-01
1.150100659127753222e-01
1.098463995291380502e-01
1.174367398467231760e-01
1.148974234807653982e-01
1.076451735230698342e-01
1.032194887819866402e-01
1.064679402591370838e-01
1.044144661627779136e-01
1.179260836985857597e-01
1.097060968354573313e-01
1.092038861972001729e-01
9.923473485867459476e-02
9.416572288089120057e-02
9.657346080011812439e-02
1.189588863167138771e-01
1.202140662878755650e-01
1.052957421293474194e-01
1.116209867979247733e-01
1.206364263003288084e-01
9.383011535651333834e-02
1.186180073920756195e-01
1.096353496328388022e-01
1.186293972186802936e-01
1.001231833992153181e-01
1.092875376458364023e-01
1.163026473036122971e-01
8.879034894162045333e-02
8.350463660065141069e-02
1.074622202704425544e-01
1.030988882086048830e-01
1.138492929592553049e-01
9.558339000386970041e-02
1.037297197523756737e-01
1.086842769467402936e-01
1.170911877496683406e-01
1.155303061165433853e-01
1.121187661738254071e-01
1.205959033594691809e-01
1.145974348990691782e-01
1.207916330045067793e-01
1.129276324641827062e-01
1.155069004173362029e-01
1.201833647074019157e-01
1.110158300546193466e-01
1.173974839532726244e-01
1.137906817854616726e-01
1.136553153742646399e-01
1.051932500942388826e-01
1.077072827754889106e-01
1.015900872891985912e-01
1.093535918302079996e-01
1.093165127856743635e-01
9.808362314479002197e-02
1.198122073077791394e-01
1.074253297871052421e-01
1.172751887613461830e-01
1.210284250774547599e-01
1.019131356431665220e-01
1.164937024619420308e-01
1.117726648416892121e-01
1.180014611763344490e-01
1.188300896835712411e-01
1.193711583538749066e-01
1.155483670760652365e-01
1.133576620649740380e-01
1.023420401994542955e-01
1.203360698781906352e-01
1.172236976017436844e-01
1.038239300882396743e-01
1.148585436454030023e-01
1.208038121460902753e-01
1.114189094001319102e-01
1.104261689335552660e-01
1.124546710774843861e-01
1.205842216187716642e-01
9.408534036758513242e-02
1.156120582197583818e-01
1.125824191583409406e-01
1.060319477504121644e-01
1.053561173884169644e-01
1.121063912908361049e-01
1.017656683438856319e-01
9.369606589935335073e-02
1.212846589743348247e-01
1.081380397657063508e-01
1.173200706339985466e-01
1.102207740823656357e-01
1.066377940557382553e-01
1.130832998755578050e-01
1.109029373719468275e-01
1.174354080132101047e-01
1.042371889963766979e-01
1.142463242221590514e-01
9.511705011840101975e-02
1.180268017414945469e-01
1.195181169809200750e-01
1.013640988305214152e-01
1.173266329718164191e-01
1.146531424155092377e-01
1.125773032919171884e-01
1.076851851010558053e-01
1.067667698135322946e-01
1.161254386778176745e-01
1.124374217458893460e-01
1.175724375986125086e-01
1.148169671454137009e-01
1.101863459670525680e-01
1.194159839729644901e-01
1.162396615358339547e-01
1.167658347478107428e-01
1.111410868384228590e-01
1.183761656642613735e-01
9.045643429239086375e-02
1.134384972545327414e-01
1.147247716320277944e-01
1.059053325838698739e-01
1.195919891705247984e-01
1.101945502061853627e-01
1.176364883003402639e-01
1.115598003817730582e-01
1.064635004350894115e-01
1.166020243001418821e-01
1.162693980717415670e-01
1.174816296707298646e-01
1.135334825162075956e-01
1.168949803354434602e-01
1.083205762644410125e-01
9.793129042946395468e-02
1.120941552627457982e-01
1.211679708383282539e-01
1.139934728364288552e-01
1.155963165756095368e-01
1.079831848317318599e-01
9.983706102496749113e-02
1.004417680258316570e-01
1.072760361756143893e-01
1.176224415731727951e-01
1.107710282850462302e-01
1.152655916915302087e-01
9.083287999802878987e-02
1.061856504097136999e-01
1.209551997630394921e-01
1.181150367616071867e-01
1.132016672409093955e-01
1.145898160181076236e-01
1.113443889863974662e-01
1.110435372583999658e-01
1.212404462796064092e-01
1.030982686020173317e-01
1.159439378378760571e-01
1.114179398699983725e-01
1.049892679097164799e-01
1.209193620497371058e-01
1.046113623293143391e-01
1.035379686528690862e-01
1.117523330479252563e-01
1.188928548737396007e-01
1.125963768049185326e-01
1.204870506109581574e-01
1.203512671459430472e-01
1.179438068947582241e-01
9.659763850621333470e-02
1.179175766566412653e-01
1.186153867066641193e-01
1.180535595329695597e-01
