4.941112547822124577e-04
7.710793864498686687e-04
5.907216082759967355e-04
4.292827195143112100e-04
3.406706019514118959e-04
6.467892610797288441e-04
6.367220873675985549e-04
9.024294835210369594e-04
6.058730387400869215e-04
1.054446219328214994e-03
6.561168167730346140e-04
1.004905330153373988e-03
1.058686270192777529e-03
1.041324798872259516e-03
6.868178917462931755e-04
5.493946112241419703e-04
1.739945323465094023e-03
1.724648975428410202e-03
3.597820524983418337e-04
9.636714219128659012e-04
9.765460706382569737e-04
5.709120099462219313e-04
7.747473804448028320e-04
5.522209671621761606e-04
3.582224706637433310e-04
4.319655186506411271e-04
1.823759178262050187e-03
6.072311422712385869e-04
5.850677147131437984e-04
6.719456784263569404e-04
7.207978508948560030e-04
9.022744030091152303e-04
6.853786221565886681e-04
1.003612168117020169e-03
1.195443466921488262e-03
3.292219111946222349e-04
4.106702041106439919e-04
1.200728827676321876e-03
6.726404776744984368e-04
1.386725772659255047e-03
1.097268539384495603e-03
1.981521465229774386e-03
9.827319321136622227e-04
3.206306262753419955e-04
2.068587021879772937e-03
1.199821074990387818e-03
2.200832891098688550e-03
6.311775642260340768e-04
1.319440182071465609e-03
2.040165485997052532e-03
8.630218768844872797e-04
5.356302516136807841e-04
1.010899804265146668e-03
5.321743698525913200e-04
1.647708553752270065e-03
8.774237176000119695e-04
8.052603777958371742e-04
1.146409997625194403e-03
4.954459390925061886e-04
3.932494884947729274e-04
1.063672471230879069e-03
4.048550536752649966e-04
9.633811817433035911e-04
1.952068679423767193e-03
3.983899577861998759e-04
4.291920940878680372e-04
1.043301634378762145e-03
6.588764407002504608e-04
7.531310414929015453e-04
4.830045919268402110e-04
6.841153452557195268e-04
4.496454796466490406e-04
1.367433286967728156e-03
1.269962677488331625e-03
8.906168274508994643e-04
4.962617688649257307e-04
1.407114538586087512e-03
1.218397044838699129e-03
7.179358076131787557e-04
6.593802906327683863e-04
8.219914218353928945e-04
5.414166238016848622e-04
6.233157514119825942e-04
4.086249440274837444e-04
3.713736341619352198e-03
1.077167096033310612e-03
5.864698553149407792e-04
2.572702827101125715e-04
1.398391361107763830e-03
4.000805338688019001e-04
9.963659824252632437e-04
8.111023030009694356e-04
6.570276514576119456e-04
4.250563956154508171e-04
1.293151734667719434e-03
1.016529441921428445e-03
1.778582156299235613e-03
1.488981877435253042e-03
4.289034319648850411e-04
1.353733747763762128e-03
6.135327700250593069e-04
1.284165280268188955e-03
4.603749104575624172e-04
3.801916520900766442e-04
1.100264893711257663e-03
6.275052185675590068e-04
2.786228282016370728e-03
6.237530990449790353e-04
5.583666734396926018e-04
4.491527058282828908e-04
7.152257033026291309e-04
7.927413392152567054e-04
9.946687476496173311e-04
1.060545916469285638e-03
7.745858802973985043e-04
4.865369031281862005e-04
5.770472983052408805e-04
6.372268756167416169e-04
1.094614374431696849e-03
9.741962761322543046e-04
1.578709707612352582e-03
4.393918048992304050e-04
9.178521368576589203e-04
8.830403526675514956e-04
2.852667437049784629e-04
7.703156029678208958e-04
1.207502339043212396e-03
7.312288872745141685e-04
4.939141800507546075e-04
3.814869617927079759e-04
1.028953960455909668e-03
6.972830834037567049e-04
3.554759627873812187e-03
3.389335793780208928e-03
1.674306294485671713e-03
6.539413656535041173e-04
1.409708486565708482e-03
1.451875710332415324e-03
1.336908440808268726e-03
7.328188998366568906e-04
1.427236636952917189e-03
5.488630032739183744e-04
6.987326813991668857e-04
6.922298084812902050e-04
8.399379864864872430e-04
1.645756096967479574e-03
5.010198906452061410e-03
1.332492715339401220e-03
9.410864728765809322e-04
6.364575281190163955e-04
8.203091247716853569e-04
4.018206818936094472e-04
1.222501300908473455e-03
5.008056606774674872e-04
6.683576670687455760e-04
4.560261954305482642e-04
4.117720481171071147e-04
9.171660597382311469e-04
6.538071591256468598e-04
1.356962679825174422e-03
3.591699802600522781e-04
1.193181306350573571e-03
5.253198503347561703e-04
4.717991386395620841e-04
7.725746130495402160e-04
1.836236250038206490e-03
1.106368610677366466e-03
1.878767441054679911e-03
1.348724066316535960e-03
4.578977057160383657e-04
1.160764028050720277e-03
2.700163773580150674e-03
6.212392777786435042e-04
2.523270249653566575e-04
6.615789620449516375e-04
4.560131296434572780e-04
1.757456540300858863e-03
3.131096646955350499e-04
1.463416354098283616e-03
4.254020413541239188e-04
4.255311828609955943e-04
4.458239832524562110e-04
7.303261781992403034e-04
7.434769070256377248e-04
1.154591239225636213e-03
7.904314752543406238e-04
6.907283567354126309e-04
1.036753526181533091e-03
9.566982249709831071e-04
7.175866785409265548e-04
5.938119976545416312e-04
4.793371559975195166e-04
6.470085637780104105e-04
1.123991903075976812e-03
1.107972525738776769e-03
7.218630094902220816e-04
4.357439305108969508e-04
2.524529785504140214e-03
7.404279502008934361e-04
2.153863925395037293e-03
5.197504040909112612e-04
4.763407942926677812e-04
4.552790679566048643e-04
9.321527283415806256e-04
1.626252916416161395e-03
5.875066601235669293e-04
3.901517300774936170e-04
1.524932123386786575e-03
1.775073007305764125e-03
4.118889192546687614e-04
1.354156725465948188e-03
6.974823730022331868e-04
1.261971702088791154e-03
4.899327958316205449e-04
8.048285942620944482e-04
1.000163677716205514e-03
4.062882366487059857e-04
9.322129786261361536e-04
9.636842602441769278e-04
1.054104803390408388e-03
2.663010301043591474e-04
1.006900719490758447e-03
5.820278177681494644e-04
5.663745956408748616e-04
1.113506752870183948e-03
4.513032573919895161e-04
1.089413875405437389e-03
1.441868837378681382e-03
7.158841812456610224e-04
8.127491227371065911e-04
6.986634356229460023e-04
8.143085364531379034e-04
1.225642286754072188e-03
2.861709842279631607e-04
5.172984184587096522e-04
4.334171330244175049e-04
1.286540530648684144e-03
6.176850606329673758e-04
6.603104139629453013e-04
5.958005909240768772e-04
1.337204599704390354e-03
7.539803220644146486e-04
1.328844440780584156e-03
1.017188337246660319e-03
6.669208168910868836e-04
8.520386738450183616e-04
5.624672416889375066e-04
5.048149860832204169e-04
5.847376999606854371e-04
4.159339649685549352e-04
4.339774406854041144e-03
3.294688778931792461e-02
2.327266978239670835e-03
1.058164712234444709e-03
1.068557911095686019e-03
7.778728527296908772e-04
1.010677205520438531e-03
1.539291699631632282e-03
8.448927292974448911e-04
3.673100308954115869e-04
5.821682171457197947e-04
5.364019086310018629e-04
6.051414159407426897e-04
7.182044366581192326e-04
1.254839640165089556e-03
1.746225612995037663e-03
1.044820414169787349e-03
6.385085872909578150e-04
4.467520459343759533e-04
6.006275233806261183e-04
2.509477925600925741e-03
8.104781150680384324e-04
7.564145982431667685e-04
6.085709476762724262e-04
7.868150608659898277e-04
7.369055398717232197e-04
4.891215184128684277e-04
2.385269117955171863e-03
6.889423525329994337e-04
1.178234350080729171e-03
1.118186672307411094e-03
7.736079401715254249e-04
8.582950993359096366e-04
3.228675804257239335e-04
3.802518471910576654e-04
7.166354817197645270e-04
7.159467345140055729e-04
3.829348350071173001e-04
5.754201935374314049e-04
7.633794038622057328e-04
5.555734483190584872e-04
6.638749845936706530e-04
1.156526589827556540e-03
1.508239325039909895e-03
1.201855185834043620e-03
6.777297802033287709e-04
4.893917946548660431e-04
3.048511039360112451e-04
4.779040987788690602e-04
4.116156971517395983e-04
8.937429511197726717e-04
8.162311684206094344e-04
6.947230628479618159e-04
7.753564200585224110e-04
1.693443211144103058e-03
1.768810307528449321e-03
9.115309301575134264e-04
3.885607264598530276e-04
1.894457196652343930e-03
4.542744604925506749e-04
2.775243878877324262e-04
4.007778933948863377e-04
9.647470447633415365e-04
4.677871158023277410e-04
1.532908143509308964e-03
1.495338592001891872e-03
1.257884600062452330e-03
6.846764958928485420e-04
8.073048477092041640e-04
8.919905918460333937e-04
9.554357355420810488e-04
5.239567256562585075e-04
9.610480916959375638e-04
1.750817015974912147e-03
2.889902277945340537e-03
7.000430048250868556e-04
5.117329764151168229e-04
8.524036652370832511e-04
8.187721206502049419e-04
4.522719397811948336e-04
1.624111896995036539e-03
6.109398454197736972e-03
1.243617261847928136e-03
3.660576274647826421e-04
1.741900243807295101e-03
4.096380459306894653e-04
9.797392400527041474e-04
4.651833584983625417e-04
8.557411640328490762e-04
6.203074964189478954e-04
1.319970630464267335e-03
6.102107976055017469e-04
9.378184859806411311e-04
8.575857836259072288e-04
1.009307154039565044e-03
4.487240756403656702e-04
7.935338166503682266e-04
1.069851283795301413e-03
1.262096780215738465e-03
1.460344399029818441e-03
7.210618643142110767e-04
7.679680530986825182e-04
5.229540945030402210e-04
1.089030725350259403e-03
6.721745571471950164e-04
5.391174499083732337e-04
2.778851665268862610e-04
7.846250294201074669e-04
4.602510567179404115e-04
1.385645053868135015e-03
8.985856195465361743e-04
3.122369100112569549e-03
5.765291473825603615e-04
9.849660076073920266e-04
6.675547373441562170e-04
4.647734873658897550e-04
5.445632900308497839e-04
8.131496729592178549e-04
6.961331725155435555e-04
9.143464285473150563e-04
5.910648486238981271e-04
1.028811491391741018e-03
1.025398817750845836e-03
5.956395831540903588e-04
6.879016482682411568e-04
5.465505365663830438e-04
7.347682145905166983e-04
3.801547724056091515e-04
7.741547860194460248e-04
5.218462258156330831e-04
5.285649728451958162e-04
1.408978108494583076e-03
7.049118381415509687e-04
3.853793126289366874e-03
6.289706574080370424e-04
5.736962564938703638e-04
1.420275495704831489e-03
5.644284382252461952e-04
7.445193280267312303e-04
5.841079163741774369e-04
7.662904547518883643e-04
1.264082531203978297e-03
3.361684393553847263e-04
3.849180361887686056e-04
1.225598443901651600e-03
4.686675321279509462e-04
1.270381168109683840e-03
4.953782533325149992e-04
5.686918678619313746e-04
8.641858536618095971e-04
1.625036273858392619e-03
1.475413547713883217e-03
5.713823134813850006e-04
6.770326903817713285e-04
4.948563662289911505e-04
1.193097847056735685e-03
1.459307103333484529e-03
4.525921958843951093e-04
9.003007333260375179e-04
8.583724226088706825e-04
9.194331154730861618e-04
7.586328504753671841e-04
4.791367814278934363e-04
3.147328209740736841e-04
4.471955942514888949e-04
4.988663874939820416e-04
1.156533583898363641e-03
8.235955080803810356e-04
7.311857552089136075e-04
1.446135824599544114e-03
5.977351542432981016e-04
1.464628023983750469e-03
1.048515628538917825e-03
2.193308526623763844e-03
4.094339749018732679e-04
4.025972976808927205e-04
7.364768927470772327e-04
5.438817018447255312e-04
6.040043317287635983e-04
5.890127996644049834e-04
2.459383988962835334e-04
1.744652222397308217e-03
4.144131843426616100e-04
7.055502432927240669e-04
9.659371856990719421e-04
4.966368375827204728e-04
1.833990545457751418e-03
1.073927384420164015e-03
4.722456709053564328e-04
6.095428287508268886e-04
4.477291935390527401e-04
4.498549080935893311e-04
4.192884584572181806e-04
3.012508652209628865e-04
6.615303106334874828e-04
1.467651208246316180e-03
2.471005297165052191e-03
8.467409119394245969e-04
1.557554722057902458e-03
7.006764581936099096e-04
1.666218616971123622e-03
2.029653450847544813e-03
8.273167482643103542e-04
5.098957822310947949e-04
3.470545187233227196e-04
6.689975172601828795e-04
8.036537176815299662e-04
1.133567828039875203e-03
4.907420720335673283e-04
5.076614560729486841e-04
5.699376526688266055e-04
1.552178899072309418e-03
1.137619492015784755e-03
2.524384612229378915e-03
5.242925395040119816e-04
8.218372434654890469e-04
1.307866457982730275e-03
8.726866777363447058e-04
7.670200582436725650e-04
2.355735009836221975e-03
1.364692877119028482e-03
8.926193395992184157e-04
9.779961382447434175e-04
5.437681442517078301e-04
7.755722806585650534e-04
2.968627538787573850e-04
1.063833800764746101e-03
7.098846443676304699e-04
9.332819233900686157e-04
7.927812923564617371e-04
1.374018045456619009e-03
1.261792656779351903e-03
3.498893103288196020e-03
1.321683414685234431e-03
5.774248518786653664e-04
1.605725232576464285e-03
3.601271633799575829e-04
6.766679886171372013e-04
7.429821774671411302e-04
1.229570160729186613e-03
5.110441599500452825e-04
9.465637568278718406e-04
5.137646130956419590e-04
1.649375890951143607e-03
1.058956340165169690e-03
1.091960538952025479e-03
7.782828580405357988e-04
5.997923694076983661e-04
8.234760215706970121e-04
1.920827274830123671e-03
8.898776860932506444e-04
5.575761950433275743e-04
8.666058342158593697e-04
2.688741200887992573e-03
8.499134012232277026e-04
7.277406604005292332e-04
4.592744664079659268e-04
4.755651329029439715e-04
1.002018771820460544e-03
8.605269268224370691e-04
1.832849922926188058e-03
7.840007270764302871e-04
7.722284329197397906e-04
7.008604542974891487e-04
9.401431731789716521e-04
3.226696124095588657e-04
5.037101544765339818e-04
4.562605346276357265e-04
6.375159214636164128e-04
8.232749252471777352e-04
6.036385835195096040e-04
9.444971478024157940e-04
7.153423234136874285e-04
5.318241109569958385e-04
7.145046239940514455e-04
4.267269445907459469e-04
5.333981149288621404e-04
1.358920283246889708e-03
5.158705551466097588e-04
1.086642544690888607e-03
4.963298030249930701e-04
3.928154111969754214e-04
9.060686871243427750e-04
1.736335798481682341e-03
6.972953738768339089e-04
4.779119946241976451e-04
2.894748188414240420e-04
1.564172233325195494e-03
7.270477210295635088e-04
6.165148848558905719e-04
1.039995010006215847e-03
8.879065765403692037e-04
9.099731852208210042e-04
1.864655463773309254e-03
7.837605411852346373e-04
1.179686650987893035e-03
7.161814026315813748e-04
4.125802106405051573e-04
1.226565494415035162e-03
6.318877712031681967e-04
4.336538864125172158e-04
1.280037863663944760e-03
6.499501566741923333e-04
2.507846584116879204e-03
4.158407562572204782e-04
6.071441095775615424e-04
1.378195381980750226e-03
7.548932664119434744e-04
6.955086804186571365e-04
1.030059158574911501e-03
8.193506594005966733e-04
7.331728748565157156e-04
1.004138683851461692e-03
7.442038828307294494e-04
6.924480285038580414e-04
1.142398650877072272e-03
8.782764193256221768e-04
9.916697897307104412e-04
2.710652189445683126e-03
8.358709659909051640e-04
1.744685019519346802e-03
2.609452041610066473e-03
9.974718394049216473e-04
1.265177270529969228e-03
7.778990012629993355e-04
5.181281613006030523e-04
1.231357904532595290e-03
8.844258555511619151e-04
9.044711890428943019e-04
1.406751772223957227e-03
8.215362699714678051e-04
7.224641701639277890e-04
5.991054205053944525e-04
1.605568913792763822e-03
4.723892800654358286e-04
1.395565059367448978e-03
6.064805775916377742e-04
7.455698458658467295e-04
1.745197604748010764e-03
5.759493069670052791e-04
5.536509043158318938e-04
9.871075413704427041e-04
2.929924763795265300e-03
3.739331230973679237e-04
1.158868448263717559e-03
1.619562385739170812e-03
5.076022052499637362e-04
1.171503734614411790e-03
4.396692807830118667e-04
5.953300850797626055e-04
3.227070877134302542e-03
9.810813031236713128e-04
9.858646871065556046e-04
1.738310922697466681e-03
6.113036336341829899e-04
1.886428671337746568e-03
3.563176796309746913e-04
4.607487838238384908e-04
6.996801868243906434e-04
8.101170564745971978e-04
3.663699519338320691e-04
5.585866332913344339e-04
8.448078137692362861e-04
9.788371419108034006e-04
1.416228269664620556e-03
2.554887204886491930e-03
7.630937654561466624e-04
9.347651960484071624e-04
9.874810185593733448e-04
4.886652330311489541e-04
7.440330626731373603e-04
8.470257571713054202e-04
1.177930439628896864e-03
9.618623438886077627e-04
1.724880569916716500e-03
5.525796387742664285e-04
7.176624787192920595e-04
2.485078244031361139e-04
8.732353316171929990e-04
2.074344041180075943e-03
7.918791147577936528e-04
1.027367586450488599e-03
3.810179719206440514e-04
1.197148045504825477e-03
6.617951258567470775e-04
1.548367938753544447e-03
4.147631685735678241e-04
9.286765694974200578e-04
7.090418197156569957e-04
2.344876522888582771e-03
1.013455764221510421e-03
3.405087694196129834e-04
1.703066338252951081e-03
1.342320493660499776e-03
4.272778351499645333e-04
1.069334204727338507e-03
1.947126478983296147e-03
1.358487790223758627e-03
1.091507454075123446e-03
7.875029308171418259e-04
7.183768999432414096e-04
8.517899590489805706e-04
5.514876729637654702e-04
7.825379009415596703e-04
2.451027379514456473e-03
7.649385398003308995e-04
2.314755962333278974e-03
9.295138932620814658e-04
1.275787739440461133e-03
1.778156367374074225e-03
2.207246125269071214e-04
8.420371002376901256e-04
5.083777834462300518e-04
7.305827757565284790e-04
5.180736116315753275e-04
4.505041603304468984e-04
9.374748101731502367e-04
1.043526162304468175e-03
4.737457323523426946e-04
1.044887468779010821e-03
6.004725074536150509e-04
8.365094938694747585e-04
5.031875018444734128e-04
1.449816361969862542e-03
9.179243513365407817e-04
1.014131394006542383e-03
5.487432233486566006e-04
4.606450304289820118e-04
5.478910698177935851e-04
1.434270668521517951e-03
8.584816247772678131e-04
8.091916913131061645e-04
4.212364009410750625e-04
6.519409252757133030e-04
7.605982697073141244e-04
7.549642829095295745e-04
4.691361726211177468e-04
9.028037025588412723e-04
1.217419449284837165e-03
2.159117891655447071e-04
2.231399601318303106e-03
3.818872474605589052e-04
2.964583254179199191e-04
9.459185441489300359e-04
1.523163091851871282e-03
1.160494298820592164e-03
5.637764676414270919e-04
1.525967936865358547e-03
8.634649210844299585e-04
1.094027588440632829e-03
5.778501737839151879e-04
4.513393963258760717e-04
6.769859947976471009e-04
1.720624560078392110e-03
2.723559895868944529e-03
5.326983550838577854e-04
5.544968343307553338e-04
4.571848452354177004e-04
7.480626648686053426e-04
3.440593809221097936e-04
5.837117827617440899e-04
8.719344979638979712e-04
2.812273264977670564e-03
5.350318268511821893e-04
5.432235495286176106e-04
5.683637398315485693e-04
3.334811035098779811e-03
6.728625422760142229e-04
8.546751646995831260e-04
7.841746944460548097e-04
8.375185325871265136e-04
1.021489282183477964e-03
1.080117156331452137e-03
4.136166847748313537e-04
4.413847787529304829e-04
1.500025891374324495e-03
1.071783942320604340e-03
1.212759858404814997e-03
6.264674574798495934e-04
3.513181071107201819e-04
5.557417897749627501e-03
6.561853298529178678e-04
7.378194924309138805e-04
5.180627241055391075e-04
7.199150213381882773e-04
6.978249261554701245e-04
1.061073578486492483e-03
1.718531602583009887e-03
4.862435598409608345e-04
4.935356263633208264e-04
9.352208228130538641e-04
4.108626259968644907e-04
7.148119340339817614e-04
6.931153134592811082e-04
1.318162384442791947e-03
1.043982402017105742e-03
7.878168092496494902e-04
8.565589293661239828e-04
7.228846319026021022e-04
9.277078853720085094e-04
4.787797467334913167e-04
6.461330351384070650e-04
5.132874914885662831e-04
1.012682558604564506e-03
1.575626292928657352e-03
1.399476834865709743e-03
1.162973147679867078e-02
1.054640064842496091e-03
4.395373562005445815e-04
2.250907724134394716e-03
1.239757841831339198e-03
1.318046730611935335e-03
1.130399166606874594e-03
3.936898743836930183e-04
4.591021388430123820e-03
3.926586349610615336e-04
4.770742798100976382e-04
5.486409944973188926e-04
4.755884184924505874e-04
1.484588944095968296e-02
1.393053692407347603e-03
1.329082362404989141e-03
4.300571670560689218e-04
8.054620474375344310e-04
7.769139571965968938e-04
5.052061554017209114e-04
3.596562973537316714e-04
8.089354979615920923e-04
7.475931824258849005e-04
3.687034707624933100e-03
5.537515523403794930e-04
5.166167021451298141e-04
4.460398534003301614e-03
1.801345565792807990e-03
4.250439829572349787e-04
8.996201797499349439e-04
5.222325388190630132e-04
5.302686824944072069e-04
4.591449420247975034e-04
1.207552204313392785e-03
4.846282378137543347e-04
2.686189179355805232e-03
7.755149240499941169e-04
6.285051769798207866e-04
8.543037883737669268e-04
5.562366075487529433e-04
1.020824651806510712e-03
1.992405290334490868e-03
3.791328177396295521e-04
1.457466363763907594e-03
4.236761701298923251e-04
5.330985114409736349e-04
5.822527009813267037e-04
9.071784995079609478e-04
7.108261712146535802e-04
6.354784858534407886e-04
9.067709292962914964e-04
4.772436594598191881e-04
7.536996037336170630e-04
3.499035742463686509e-04
1.635761560238616031e-03
2.044138679375540231e-03
2.003992832491299000e-03
7.922930225038881964e-04
5.456256984608975121e-04
3.792441793279598063e-04
4.597126794551351461e-04
6.756112782745503278e-04
5.245776546318096185e-04
6.937100659962861784e-04
6.463618441955428168e-04
4.158053319602549058e-04
1.568442495398057832e-03
6.654688858116702228e-04
3.874898303238322899e-04
5.227832316146175393e-04
1.060405035285917359e-03
7.788147673975925889e-04
1.320552582338731067e-03
1.500543093428880750e-03
4.784720777306921313e-04
7.846490638357306487e-04
4.734773582170722500e-04
5.248343136669145551e-04
1.627470326762366732e-03
2.786402361846485281e-04
6.191091742144480548e-04
3.420010818143002151e-04
1.014714809814174813e-03
2.725421991633317350e-04
3.479798503575886486e-04
6.043279516469557801e-04
7.895450212093208702e-04
7.339679775014427195e-04
8.190156539711716810e-04
7.882931198051159379e-04
4.858201355719111536e-04
6.933455834624072372e-04
1.362933607219439210e-03
5.824046794143914081e-04
1.394947587039015169e-03
1.241302800383443450e-03
5.692041914405957101e-04
6.356938374717387673e-04
1.416594661754614617e-03
3.074443143303098609e-04
9.862032080450475018e-04
4.247746420024558047e-04
7.568671847843525761e-04
1.038479676842325164e-03
5.256153623728384433e-04
8.062117011529563700e-04
1.315318183920914739e-03
3.975891501239559684e-04
8.152464483256626664e-04
9.773676754048080725e-04
6.479751016177861958e-04
7.591880973361575221e-04
6.156715842113995611e-04
1.095570753866939714e-03
5.628055904510146333e-03
7.100579164802598960e-04
5.992076045538594856e-04
6.377654732489277745e-04
7.796476872671410496e-04
4.839517352476487770e-04
7.844134001811752790e-04
1.243637454595406368e-03
9.845319584751871002e-04
4.551084725058716571e-03
9.084175386153639118e-04
1.946873906345938628e-03
4.089377127456000124e-04
6.325053846992592134e-04
9.632636471663014611e-04
8.600962651002253814e-04
7.553913093754958214e-04
8.310708369479965271e-04
3.848683517804204557e-04
4.936299243613647813e-04
7.338562091152942696e-04
5.725882043895910408e-04
7.650364067446172337e-04
2.013148262961634433e-03
3.525766395672968838e-03
8.553028922521695599e-04
7.021702647648379913e-04
9.607214213808197697e-04
6.394826089953448492e-04
6.066480755292929941e-04
8.142971621611430882e-04
6.167700420638102176e-04
9.286030460951560797e-04
4.005887055648457056e-04
7.284390247587503846e-04
1.093880214511119570e-03
6.608680894263539111e-04
4.437179260354167992e-04
8.534698137257441591e-04
1.082210038467331433e-03
1.491532673409426153e-03
4.405582415823523410e-04
7.099709176013849384e-04
9.705134567118217865e-04
1.120059024985471229e-03
4.150255798309264552e-04
9.378928771577126327e-04
5.675347976956609001e-04
5.062878282363361898e-04
1.267735187694689087e-03
3.693326286705428093e-04
4.524092169409567603e-04
5.566657881941696785e-04
4.087002778594781157e-04
1.350013497628246937e-03
6.596496902535276203e-04
9.019231535741486280e-04
1.431746637659748371e-03
6.600618535422858764e-04
3.946784090673346708e-04
5.017267618943382825e-04
1.125453957264307319e-03
4.699681002799972751e-04
7.886281810135952657e-04
8.824493284484146187e-04
7.654324683371170526e-04
1.193248764616174247e-03
8.124884585727789156e-04
6.972174080026044421e-04
1.387838427319207108e-03
8.032252886782032713e-04
5.968159725265872540e-04
3.216456324328309459e-04
5.253000786452682782e-04
1.000631852629371710e-03
6.922556936123523599e-04
3.040960243513880497e-04
9.156691104950858773e-04
1.132548615462919276e-03
8.267361602746417645e-04
1.587089188064866926e-03
5.259422541437299868e-04
1.563776704059121345e-03
5.660418572925878140e-04
8.045613734348911611e-04
3.573695083568962511e-03
8.998687814014553251e-04
4.777837481618196769e-04
1.543150543214944458e-03
7.661167865230771989e-04
6.626348304954045960e-04
8.780124089424805279e-04
3.139163599581693584e-04
8.649321622614471227e-04
9.884511380426760311e-04
4.412652448042009290e-04
8.871562448935570947e-04
3.051188834275351202e-04
1.506466138549734761e-03
5.012650458894327490e-04
7.744072307804966693e-04
3.020307180562750910e-04
4.795549072915236861e-04
4.555506592654424633e-04
2.429998856063180033e-03
1.356443550741601124e-03
6.557696369681586136e-04
6.428023267056443522e-04
9.525146524004182019e-04
4.337324080276637808e-04
8.427395259398678387e-04
8.993570156889766362e-04
4.286630305955372515e-04
5.375002373184432176e-04
1.029735931203528071e-03
1.068678099532796057e-03
4.512526693753396846e-04
8.218952620816626911e-04
8.680249401062766889e-04
1.294965171213922081e-03
6.683191102899591410e-04
1.056112258112431928e-03
5.729823507732986288e-04
1.760029688794714168e-03
4.394910581805732850e-04
8.654601963426669219e-04
5.998645955130951909e-04
5.339533089793070805e-04
6.300220147959173598e-04
6.966979498293395575e-04
