1.210500224119115831e-03
8.889290826888685557e-04
1.842881289702783020e-03
4.924265774352055720e-04
7.161595870020237694e-04
2.628868501509810159e-04
7.962932020797136405e-04
8.339169737878468838e-04
4.745361594089659652e-04
9.009581486909828008e-04
6.598519079325287830e-04
2.242045264477615391e-03
8.323277420765628522e-04
7.709619370608273908e-04
7.602768833865443041e-04
1.114489913439992239e-03
8.802573616161110366e-04
1.409627674755887334e-03
3.801346708697170003e-04
1.419517638063323012e-03
4.989510917043912331e-04
3.816156222507837478e-04
4.335007868489323848e-04
7.487633767290829880e-04
3.891323987091552510e-04
1.001753757521196570e-03
8.489029800026273460e-04
1.001083172759999716e-03
5.220111552161393800e-04
1.361832478363597318e-03
7.400093200671732001e-04
5.400243365748294815e-04
5.516220409374996856e-04
1.407904275949487839e-03
1.041776909411703395e-03
1.115990402297608501e-03
3.994369648002720277e-03
9.578069297979707785e-04
5.604556674553306563e-04
5.873220406300497113e-04
5.837274990500411227e-04
5.993463047420667092e-04
1.267100243976898967e-03
1.172427144860837493e-03
5.938127783423586496e-04
3.905940709410128512e-04
1.104484636445076089e-03
6.002864711278013818e-04
6.189005532400638143e-04
7.125200222924416710e-04
1.120562765264057278e-03
8.623362223923865212e-04
1.012654923517601786e-03
7.068154485780297168e-04
8.842163353433624053e-04
7.864580666752694427e-04
4.475043788191729603e-04
7.474231574658860228e-04
1.102006759742781700e-03
4.746775837329565120e-04
4.470541048745831992e-04
9.150753499532413016e-04
9.129925692607343112e-04
5.245972383733744438e-04
6.012130566591141053e-04
6.522946282753003689e-04
3.821155805446830559e-04
6.423726330246206729e-04
9.486683710891949135e-04
5.731129272010022533e-04
4.886210875872907828e-04
7.196917517387625522e-04
6.518609891524927528e-04
1.931616021240372674e-03
6.266939893353298038e-04
6.546038342835517687e-04
7.811323575600669783e-04
9.827271186593101050e-04
1.063875510392842073e-03
4.237753397008370000e-04
4.600552809869584312e-04
4.669001368637438272e-04
6.295487276956462106e-04
1.041202576707120396e-03
1.018317917429237751e-03
5.991359431751782467e-04
7.843659586361998023e-04
4.616749799942336291e-04
1.120808832731342046e-03
3.009433323574355404e-03
5.688220285000702200e-04
5.712531709575503899e-04
4.211932431464173788e-04
1.064602810833865541e-03
7.512493536946599892e-04
7.111047424189931992e-04
4.918230296035311713e-04
6.429896848173858020e-04
7.130176039654684923e-04
1.148940455152669664e-03
4.919860076162724423e-04
3.485513715197494523e-03
1.841564426833445286e-03
1.435231369130090563e-03
5.109931354735485626e-04
1.008804641464160516e-03
4.417250465560010960e-04
7.180289768681705600e-04
8.164924691830091098e-04
9.743940175182619692e-04
6.872659965845977778e-04
7.287842186558450650e-04
4.063211408615886302e-04
1.686557404499157246e-03
8.637140451749905027e-04
9.488926414605434361e-04
6.392620327147080376e-04
1.776051097053121895e-03
4.031317781848621300e-04
4.694974511213129750e-04
7.003616944184854268e-04
1.213561272045393744e-03
1.009562740654120806e-03
2.772808676737080306e-04
1.383148936457706361e-03
1.610993551597013525e-03
8.246835443803362652e-04
1.342885759904156135e-03
8.302091006277856648e-04
4.532903599095688550e-04
4.601222553568840045e-04
1.401505584984738323e-03
9.581720510869231851e-04
6.818076748043638488e-04
1.769564841041459296e-03
1.321576435139695848e-03
7.731375106371485804e-04
2.716972711495423565e-03
1.052344673410141864e-03
1.288568154665733264e-03
4.896481230275832094e-04
3.476062547265576963e-04
5.469452852435261348e-04
7.156220660394990241e-04
1.025785284418736804e-03
1.348340125935992275e-03
7.431156959875294659e-04
4.303801539215085237e-04
1.636746905168423192e-03
5.097992248933621955e-04
9.354754155004113775e-04
7.718114999464513850e-04
6.607258888436458484e-04
4.725163886262008549e-04
6.536990651570973726e-04
9.505711094606124388e-04
2.222569158610392375e-03
5.181452295230186671e-04
6.991456505215257276e-04
6.167200412891998872e-04
8.912851548770889254e-04
7.668075985161489604e-04
9.682130460230722836e-04
7.781213714326060257e-04
7.543513279231831839e-04
1.645459501365666372e-03
4.594189180281305226e-04
5.345288069376958511e-04
8.523574268021014578e-04
1.176520416666151795e-03
3.466424075034282241e-03
5.029326554115881630e-04
4.280000650162252003e-04
4.801092603893098256e-04
7.620534609300280357e-04
8.012746160114847006e-04
7.340981671985231244e-04
4.811057165113405030e-04
1.522497428327506536e-03
6.396211121696177178e-04
3.562806887689928901e-03
1.003762794515782649e-03
3.628433272934569937e-04
1.020441979864274758e-03
3.019291832680962712e-04
1.865512056664202353e-03
8.396644006252339991e-04
6.327850641152994076e-04
8.496312005634215538e-04
8.681821028832614837e-04
5.024607339975624204e-04
6.873404559873170670e-04
5.193706697882859331e-04
2.043580714961788260e-03
5.311551880358815220e-04
6.674706800186033621e-04
3.960113465526820999e-04
9.801923661915930633e-04
5.608583322020798800e-04
3.603353120953538854e-04
8.474564699471730939e-04
6.078986062557086663e-04
2.128605550162957719e-03
5.086161849960376237e-04
1.267896076360717356e-03
5.414611569371267311e-04
4.601993772913825467e-04
7.283123252738216060e-04
2.434482141785023791e-03
6.106303034873428138e-04
9.384481574331083632e-04
3.470596668026572915e-04
1.051466672875207408e-03
7.979025084710361822e-04
7.236221498228336555e-04
7.339544612252174019e-04
5.926661477162175609e-04
1.118241077910625721e-03
1.721434882483346800e-03
5.726914998685175189e-04
1.611193253480753445e-03
1.870409308974437792e-03
1.270184487368393412e-03
6.984314500371964279e-04
7.746892553365983909e-04
1.250355261780711560e-03
7.218403081450890492e-04
1.048905096179265006e-03
6.802858409257076314e-04
3.259141759487809461e-04
1.208071468485233911e-03
4.268632203120083105e-04
6.723706357292738448e-04
8.985979377731937367e-04
1.095080029221994627e-03
4.590641461036240123e-04
9.793285952347655695e-04
6.078914398580953331e-03
4.232405118760181550e-04
5.043387359265457314e-04
7.430407894781554173e-04
1.585344972761403362e-03
9.865695113964526031e-04
2.436616528239016286e-03
7.116322426930950240e-04
1.146619903113928023e-03
8.004294485085865695e-04
1.509284500189273306e-03
6.772188632928161436e-03
5.235173535871105819e-04
1.996843641607370847e-03
6.865615767713827448e-04
1.203928171252343412e-03
3.327164300573373559e-03
1.605060543647007136e-03
4.967645296628152513e-04
6.421844513298624428e-04
6.320977192492761073e-04
4.583429510424179786e-04
3.116375106185398803e-03
1.370561894445333296e-03
5.031422116339448946e-04
1.011312579641636660e-03
1.017297816607621924e-03
8.194810249306181890e-03
1.129290093379550211e-03
1.005299748600216401e-03
6.334240540897877149e-04
1.874148370265075721e-03
3.679515545258927483e-04
1.145925247850818323e-03
6.538828722219295004e-04
2.934351728580811974e-03
6.894279313539979906e-04
6.321621771521192777e-04
1.098251335762561809e-03
9.527075368712325945e-04
8.360558933197198908e-04
7.178969832335556486e-04
4.278415749301643341e-04
1.011385392726132058e-03
8.253076796850733650e-04
7.663977110235320857e-04
5.932650363872804967e-04
1.196014259249169025e-03
1.440615063972784876e-03
7.226116523017014339e-04
7.436685089001226264e-04
9.749607533531115316e-04
1.200838593635065446e-03
8.839737067999205947e-04
4.447357282870721185e-04
6.028827428287941411e-04
7.502973034842386375e-04
1.068473545981983922e-03
4.164661995520306005e-04
7.717628781710461367e-04
7.981275224102146260e-04
3.423652524447476451e-03
1.001585744774251751e-03
5.579198519739484580e-04
1.245739602529499215e-03
1.051979864829712596e-03
6.695034259490264877e-04
1.005698445241890197e-03
4.091882149536318252e-04
5.010295003720749950e-04
1.958581505757884395e-03
1.982121358656853231e-03
1.474905914649133438e-03
1.047014819159725703e-03
9.433139799886040323e-04
5.009254773581908911e-04
1.385667948565732837e-03
7.348189165600348301e-04
8.815742087463104793e-04
1.166847697989019383e-03
6.729503921391085785e-04
8.929601617831058350e-04
9.096032889082417703e-04
1.600807971492548398e-03
8.048249101976508559e-04
5.195838867392163453e-04
1.778507199392279515e-03
7.488662829212409553e-04
1.527032019705225297e-03
7.595266723292872467e-04
1.661198856560487267e-03
1.314978111261166146e-03
6.890975364717160691e-04
5.312206088383471421e-04
3.227962640506701949e-04
3.901515029661552008e-04
1.197587325204866899e-03
4.502416407527622512e-04
1.287649501759608340e-03
9.071371331139734288e-04
6.813616863245686942e-04
5.160267875802621246e-04
5.472320820772719890e-04
1.935045412594233339e-03
7.763438653162415973e-04
6.659420101636840100e-04
1.233070997298277554e-03
7.600046832000812488e-04
4.811226529974301684e-04
9.676397812666554920e-04
5.754922261458519754e-04
6.637876613833367618e-04
1.080883444901963291e-03
3.603736017761081521e-04
6.373250945363946639e-04
6.241003460691136239e-04
4.730758420801341310e-04
6.593781037585849094e-04
7.335652620233794894e-04
1.329421233264398150e-03
9.015569294625667800e-04
5.228791600500906590e-04
1.312034484869913217e-03
7.474576200190206996e-04
6.201207875142525318e-04
4.106465303290159161e-04
5.408114098560941416e-04
4.834242201165503514e-04
1.140105668721188648e-03
1.614437616511459322e-03
7.624134916524635125e-04
8.417048869514655914e-04
1.235016458621744553e-03
4.683469288960184990e-04
1.033032465924566858e-03
4.805401235852059831e-04
5.558722698687280656e-04
9.116871861357157825e-04
7.583897480230719157e-04
4.681337034181635320e-04
5.765301118921795608e-04
6.051783641419775832e-04
7.007998694667729898e-04
4.879956930598558897e-04
9.284674740381571294e-04
8.954871768388581593e-04
4.686081515735209565e-04
8.282479747213660664e-04
6.567692229733976391e-04
2.485294018428044985e-03
8.802810075915451331e-04
1.820490947785900673e-03
7.736965189980845670e-04
5.263763374069642962e-04
4.163536863742382105e-04
7.409787635115378402e-04
6.161222930387647836e-04
5.177875486906199790e-04
5.412211442476308086e-04
7.137109743696748920e-04
4.079525984365849002e-04
5.513343536786782535e-04
5.544645869010379237e-04
1.441845884783094205e-03
7.246533097344783157e-04
9.119803141512094471e-04
1.167065400953877421e-03
8.660407492117962224e-04
7.010749891460814386e-04
1.259648873042504974e-03
8.467845894941494062e-04
4.808947434444859259e-04
5.959792942530178468e-04
5.378818595865844567e-04
6.103914710835581800e-04
1.097282815824130895e-03
1.161896282409963623e-03
1.022569770506435429e-03
3.965176294985807968e-04
7.991750363427266302e-04
5.401244226365616062e-04
5.596347523872749214e-04
5.773572873649633359e-04
9.183756455009047318e-03
1.028348936426358657e-03
1.737311260536571764e-03
5.519793132632482089e-04
5.440362843503118717e-04
6.640335688537506338e-04
9.486363399437120576e-04
9.104077441730288765e-04
4.613539675333410556e-04
1.263279613191029384e-03
1.370497868513845729e-03
1.083088141045992873e-03
1.429695177497793731e-03
5.892125992705933091e-04
7.819609225856289335e-04
7.308108474998520126e-04
1.137240972252784657e-03
6.688821904089745952e-04
4.912909646048423118e-04
7.384359190759822713e-04
7.635993145936290387e-04
6.088439839461519572e-04
2.160554399900275514e-03
6.151369327686103576e-04
8.276753736894896640e-04
1.388512723766582423e-03
7.217825586022676545e-04
7.176079587006476117e-04
8.156412059718713735e-04
5.264088629120087940e-04
1.379667932079839962e-03
3.046778401956819595e-04
4.932738758262035722e-04
5.015357077115816138e-04
4.709324654902017466e-04
3.135621718823654140e-04
6.496316097845434038e-04
1.403095748158483336e-03
6.061622506028966576e-04
1.110413482965170442e-03
3.576123702369481865e-04
1.115540519750967460e-03
1.006677859445635412e-03
7.830976021295936495e-04
8.583108110722962800e-04
1.433076701876683217e-03
1.562834558875817511e-03
7.673885882814673008e-04
1.026011269265864881e-03
5.931788877022014378e-04
1.407099239356368039e-03
1.550721257298530486e-03
9.186319076725478483e-04
7.369403994331137023e-04
3.097028898057116128e-04
9.021221693717572810e-04
6.868169279789001352e-04
7.080224044742329612e-04
1.779229320155578491e-03
6.859613895176677224e-03
1.036004827719989429e-03
5.409880413252717143e-04
1.513378366863190553e-03
1.225313951025785043e-03
4.708083823429786438e-04
2.001965846206789617e-03
8.716209862937699965e-04
4.659431548470268779e-04
6.714429051805614326e-04
6.605953108804625811e-04
4.244187568048828963e-04
6.011995379929494128e-04
8.011211167984640374e-04
7.814168566412625378e-04
5.918028453331866928e-04
4.449909303694931230e-04
4.720462124044816441e-04
1.546486309317372625e-03
7.849168918358060288e-04
6.778421535931622834e-04
9.612801064380479491e-04
9.811993621223749282e-04
1.677571623030380639e-03
1.489405013137807534e-03
5.441529269419431280e-04
5.851931404156602385e-04
6.647797498459814217e-04
8.861031148107999288e-04
6.311937838765870664e-04
8.536326857820997292e-04
4.653578266893231268e-04
4.868181961737847092e-04
6.636990387289530037e-04
5.784420958076729683e-04
6.410809761658393859e-04
6.730421465293962534e-04
5.236575627227120326e-04
3.920052068765524133e-04
4.753116661609194126e-04
5.191381693112444295e-04
1.279269507460031657e-03
5.916109138011052147e-04
4.999056509304598481e-04
5.098808122185282104e-04
4.225510946054588431e-04
1.018995275686641021e-03
6.690827038827688996e-04
3.121914331451323575e-04
1.073863007620736061e-03
6.748368786081065723e-04
4.816318745095389997e-04
5.169650778075687457e-04
1.035626923095892904e-03
5.916667735472295499e-04
1.151133656917768811e-03
4.332546049401059794e-04
9.010731119338694648e-04
8.326462754908700624e-04
8.592132765548610987e-04
6.767685650494792426e-03
4.444961885387077659e-04
8.724095893640105995e-04
3.640992480416705888e-04
7.131062236521689681e-04
6.127640269231419013e-04
1.243230088407944710e-03
1.445012541278491072e-03
7.567579726942111383e-04
7.188497910192447092e-04
1.673937912046382986e-03
1.453522060591928237e-03
4.205323529478098587e-04
4.458513057119957955e-04
4.468605918935797091e-04
8.733356815986962523e-04
1.077709359343723659e-03
1.439465552548389654e-03
3.772065317336451614e-03
1.103238324093114417e-03
1.399143245032691447e-03
6.043151226538640789e-04
2.385342773249504722e-03
8.499598634615105827e-04
1.572805914095007839e-03
1.023965055814878055e-03
1.335354620991212196e-03
6.234600415630916700e-04
4.022693072566704310e-04
4.957188949090342734e-04
4.944710481362142151e-04
6.698201627168985563e-04
3.828630755772618392e-04
1.029591310697796106e-03
9.179971805479246330e-04
6.813059450310152447e-04
9.216423530979284693e-04
6.321527009094477520e-04
1.225085381797751723e-03
5.670004164663959957e-04
1.087470012226720607e-03
1.300631540343027710e-03
5.448653748893700442e-04
2.682821232737557255e-03
1.406170259005157588e-03
7.196587564183158691e-04
5.856432986021461052e-04
7.265666162860158137e-04
5.736816827251423013e-04
4.750574157206716207e-04
9.859686825701762056e-04
1.019189380633895269e-03
8.423546321360994528e-04
5.901959875657332476e-04
4.912201741808936047e-03
1.175076035098120315e-03
1.003890516834045734e-03
1.099538254756057560e-03
1.384952497927592879e-03
4.164252992311947253e-04
1.824782442188409423e-03
3.497736012128413929e-04
4.796785271996349513e-04
4.144185403748282736e-04
3.125527949419456154e-03
1.877904911480234289e-03
2.531225277866077164e-03
8.655986779006606029e-04
1.436401458172220993e-03
8.370224836201558410e-04
1.109505514932232267e-03
8.616619401906511384e-04
4.961264242667871209e-04
8.067158728992765730e-04
2.852098937331127172e-04
1.594168134297025514e-03
1.038887875035831177e-03
6.624706973195528675e-04
1.938586793514498205e-03
1.310338828134533689e-03
4.840442062930806972e-04
5.988530180023020084e-04
1.321449636523053164e-03
7.544513605621736008e-04
4.116140449271342579e-04
9.599194528875521631e-04
9.003934387216121910e-04
8.776349672369432829e-04
9.363421998590015826e-04
5.931796239857790561e-04
7.331985197026620995e-04
7.277131132125434559e-04
5.778212326977106650e-04
4.513230390252412653e-04
1.615659490620890244e-03
6.851854587755678216e-04
7.095887241116198780e-04
7.745997340043923700e-04
9.825549972060630168e-04
8.443818638364209653e-04
1.279272763779767215e-03
1.000310620263629869e-03
9.112811296310424506e-04
3.308841474910295742e-04
6.804627829553362576e-04
3.854491593322370764e-04
1.190709313284876855e-03
1.123479290717021130e-03
9.215185121371397394e-04
5.616257895371901338e-04
9.997119347551783417e-04
4.432274950112730506e-04
9.697396437658458140e-04
5.477558926461463746e-04
1.263106050891827162e-03
2.884471092532362411e-03
1.535413711450512447e-03
2.690772683060265163e-03
1.683092937560338358e-03
5.795298237842998494e-04
8.910335085452578303e-04
3.825137086302179425e-04
7.954647168800775027e-04
6.382494603226175015e-04
6.587314441499629754e-03
6.272087475086785208e-04
1.045881827728218890e-03
8.249090333923045186e-04
8.269006127769360599e-04
7.929858579382532751e-04
7.956870895508486160e-04
8.980036382594091659e-04
6.443168148402690729e-04
1.401393879552042870e-03
1.012825394749418233e-03
9.047233073941531728e-04
1.206881945341466925e-03
6.686468528087245256e-04
6.255973595786239096e-04
8.316479909105404991e-04
6.228562058639884819e-04
5.451615380257352449e-04
7.446362994151317031e-04
7.808698902374960329e-04
1.286795835446025811e-03
6.850806865310261678e-04
7.579208912674492010e-04
7.374242733211192969e-04
1.064550519865520035e-03
5.387348560157968974e-04
1.551720298968123184e-03
4.871323411377555604e-04
9.575511303399826838e-04
6.841300954018609149e-04
5.505646976958694172e-04
4.195043435458365409e-04
1.030984457776787594e-03
6.168837931502536278e-04
5.903778269444686332e-04
4.420406137358121068e-04
9.579468108302892967e-04
8.537865434838777350e-04
4.965184072349514274e-04
5.478046823910572233e-04
1.083204586494065490e-03
4.370330576917574872e-04
7.580722386601025740e-04
3.515916385086258027e-04
8.240014258148093979e-04
1.017493419524089686e-03
1.297674850629400864e-03
3.647969891452216445e-04
3.758313547056824967e-04
5.997709252670152535e-04
6.715402758747791682e-04
7.536600884503326337e-04
9.039662751014634987e-04
5.115787444251654456e-04
2.508091217447475443e-03
5.513281077670919260e-04
9.690197875025477643e-04
1.392553320669235890e-03
5.756592686921105113e-04
7.369095851384372710e-04
9.991335387454476982e-04
6.922125804229074288e-04
2.244469224224684197e-03
1.398845099477299568e-03
8.127526233419824419e-04
1.782318057991254126e-03
1.458068943900451371e-03
8.105598103431355594e-04
4.418045703962440317e-04
1.233289442121164375e-03
4.981364950348598272e-04
2.566705888597627192e-03
2.977293630458228914e-04
1.776758398737245071e-03
6.610073488926750812e-04
4.888428423388441711e-03
3.986874764616018347e-04
1.410841161629794319e-03
7.923561150429179285e-04
6.765851567862397539e-04
6.019084519327822782e-04
6.354043198136057231e-04
5.803961990486077331e-04
4.692045333365890063e-04
7.039257065356760955e-04
1.226425670772379869e-03
9.345646448184023736e-04
1.012409699399395308e-03
7.371579629030467970e-04
2.781982533340114812e-03
1.089964007907334199e-03
4.565506234937475281e-04
4.623182420569471596e-04
4.779102007858194046e-04
8.485909520269528010e-04
8.256812059739984753e-04
1.048693609241117906e-03
1.827375024009047144e-03
1.578455645775338678e-03
1.009274427927535529e-03
6.736195629940352645e-04
6.243534188720474163e-04
4.924653178561210713e-04
6.758424871687219873e-04
3.075423894967164594e-04
1.186048379862897958e-03
4.867498660496566562e-04
9.172237819705952606e-04
6.252443636290326524e-04
1.322573636637115052e-03
5.729253547145616047e-04
4.665821835308195018e-04
5.752128900629636206e-04
8.823698916406086043e-04
5.624288699518435438e-04
5.296292665659355515e-04
1.120613857692896211e-03
7.303356594152656976e-04
6.710992731818212192e-04
9.007032252594648208e-04
6.566732148935327433e-04
5.511125134086992125e-04
1.796470681520808852e-03
8.762154247614026585e-04
9.639451240308430108e-04
5.226354136502398690e-03
7.900638203289556171e-04
5.927872845974905408e-04
5.674064540521649071e-04
6.337403349342134347e-04
1.722616319829953484e-03
2.274175139095644532e-03
8.312440681007099387e-04
7.559330672982992856e-04
3.424227653294573993e-03
8.174078886698943206e-04
7.630658099674949299e-04
6.786592524448852764e-04
5.383496627024037277e-04
7.005934844090168107e-04
1.577456406266548048e-03
4.238351506218767436e-04
6.042459119313723205e-04
4.216762922568514840e-04
4.770388896216810047e-04
1.388300747478132422e-03
9.872002437549130989e-04
6.323381181937284346e-04
7.380971777682639266e-04
6.835522126630451910e-04
4.625862608502180726e-04
4.895934219749307733e-04
3.440605366342403253e-03
8.857964134025047209e-04
3.827806291259826916e-04
1.204164086002192970e-03
2.269432548295007099e-03
1.379349186411432714e-03
1.897073271198280618e-03
5.290055984867649561e-04
1.414348984386322406e-03
1.821252199516688311e-03
1.518853724308037072e-03
3.754357448362510255e-04
6.709638408160759505e-04
4.488346096515957598e-04
1.076885952620323201e-03
2.312989956472339802e-03
5.304137917439212709e-04
4.533286490870910086e-04
4.879840026364951977e-04
5.332548981247888821e-04
8.883467821878292996e-04
7.765552898067702237e-04
1.181435975987881219e-03
7.247370831509385375e-04
4.393786658554346258e-04
5.003368789690260240e-04
5.181591112956246501e-04
8.994606878659120548e-04
8.646227244189516950e-04
8.191436506635854436e-04
1.035064135766540407e-03
6.616662353116832150e-04
1.072816925744822470e-03
7.535044134820518755e-04
1.122852789384560460e-03
8.022368163912480150e-04
5.179703002513297424e-04
2.511157201497900802e-03
9.329310792075621835e-04
4.049926376254107106e-04
5.448109670646085999e-03
7.040178633942096751e-04
3.250092602998478838e-03
4.461443515123827215e-04
5.167605463096627697e-04
1.062465904591083964e-03
5.981007626091560097e-04
1.339665876242646277e-02
6.678999957461618587e-04
5.943805809777315654e-04
6.448430979015338637e-04
4.290439517910863126e-04
6.544086320925965664e-04
1.111590912162454701e-03
5.031239289419748434e-04
1.812209472171720731e-03
5.778798165226900659e-04
1.008480519144716548e-03
1.050444544939561778e-03
1.188169770148956314e-03
8.031310683773827544e-04
9.073611855173850660e-04
8.438475362868675615e-04
4.907288388441081702e-04
1.019144398959928068e-03
4.547941881522072033e-04
7.892538563421749734e-04
4.951325019255667717e-04
6.908058129114603247e-04
3.704216426918755314e-04
6.216064496424606595e-04
9.960061071067648816e-04
7.239424582955637051e-04
1.276145137487293699e-03
1.023768881298798466e-03
6.215327346816941143e-04
3.875444716258918520e-04
2.209137600304789291e-03
1.593162991567674287e-03
1.932721244750224302e-03
1.229624653035910412e-03
7.160272219903227649e-04
6.193451555113333980e-04
1.156116584688540640e-03
8.724357158536621189e-04
4.140815444736940039e-04
7.622606577006481310e-04
8.196109730178791812e-04
3.286863431203271443e-04
4.099840053641141653e-04
7.487203448778959091e-04
6.427812132420552367e-04
8.186026941045757704e-04
4.798623043892391365e-04
7.928172341635553221e-04
6.407388470376510284e-04
8.507296675310854674e-04
8.056231848343678578e-04
1.821970793650345109e-03
9.142124603904283305e-04
5.543684356469448038e-04
4.825997077178837053e-04
5.292307749145869255e-04
1.577803397032289225e-03
1.462050618608057252e-03
1.772201614247197752e-03
3.583989083581344309e-04
8.211557313711727790e-04
8.196235341863351495e-04
1.080944000114961124e-03
1.556468881132950328e-03
4.623730394312316355e-04
1.450331615569325997e-03
8.061419008803861509e-04
1.579873615881969640e-03
2.059821621717039270e-03
2.080865346154585783e-03
4.768422268779352749e-04
1.187289453644620359e-03
7.792258332043926683e-04
7.771081706729183851e-04
7.115028502243994895e-04
4.119805712929143385e-04
4.181315168813649918e-04
1.166297847191034289e-03
5.607426654594680534e-04
1.468617237366366549e-03
5.174069584540058175e-04
1.438858003725293835e-03
1.027159786174424100e-03
6.078142126605706090e-04
8.624125005509065056e-04
6.382088932803480462e-04
3.647473862115209985e-04
8.169227246870023381e-04
9.829430123268136262e-04
4.838782126973675086e-04
6.061025309346681567e-04
3.648676935456669703e-04
7.423278811503705331e-04
7.189900353475757499e-04
8.492014375610806333e-04
9.522257268235607671e-04
8.516002504034270431e-04
5.221512196355771905e-04
7.048394459905891508e-04
1.238324863574798108e-03
1.024292098653013924e-03
1.679720841950377470e-03
1.784684528560225676e-03
7.998440891036504236e-04
7.589032162660921737e-04
1.137602609664275588e-03
5.565010284747255514e-04
5.853398324853584678e-04
1.501836096141867570e-03
7.211605961837995807e-04
6.413427776650624862e-04
5.195684021596462792e-04
9.973090270618504161e-04
8.884767970577639971e-04
9.587238837602265421e-04
2.884864434023307641e-04
1.409418895567819945e-03
3.996886181944362196e-04
1.319753387307535551e-03
2.712505513346883594e-04
8.645179539535952388e-04
9.233052232345641047e-04
9.006700926221520350e-04
9.253848908987921456e-04
6.206331230291236645e-04
1.232213483437267446e-03
5.917730648015024622e-04
3.748051568648463894e-04
9.589982494125394181e-04
3.545614801047364934e-04
7.201732501267937934e-04
8.223498405746744238e-04
4.808997900857287931e-04
4.133133672109230890e-03
7.180451371833927385e-04
7.547568306875804441e-04
1.513979396455989281e-03
1.464574757021802100e-02
