2.815263838858696622e-03
9.176836501953449139e-04
1.402134752064828358e-03
2.039216137389721073e-03
4.999522992764680960e-04
7.914667323349037662e-04
5.700567415934391013e-04
5.528120223937071876e-04
8.293865705922137677e-04
1.714112370906241325e-03
1.146992527196882610e-03
1.062376733603242031e-03
1.052768144797637789e-03
4.182205158646816641e-04
1.371742832817225352e-03
6.818108982495492106e-04
5.447440559183080707e-04
1.436680490334133831e-03
7.724938386641023221e-04
6.513827579570088348e-04
5.032300371242425007e-04
3.714089110125920706e-04
5.929734542203701948e-04
3.426781090879382958e-04
6.078933369168431407e-04
9.416599016254914621e-04
1.412369097471824573e-03
6.903947002140445061e-04
4.621047755485789901e-04
4.324247042130300038e-04
6.604685144423319337e-04
1.025393513269047584e-03
3.954364827277735933e-04
9.169890325408867589e-04
5.643860794224295164e-04
4.895229944081036511e-04
5.711432333251834775e-04
8.639693225236579760e-04
1.044928549767521527e-03
6.906909336185751251e-04
5.929249053715638425e-04
6.414021182098171613e-04
9.287111536883216507e-04
4.779744397483569112e-04
7.094440735992601967e-04
5.678665468676346055e-04
4.115120555596617972e-04
7.465232054760349715e-04
9.985328084100900635e-04
6.171933176999549239e-04
3.765515502636552591e-04
7.432263021507056486e-04
7.348454997311746565e-04
1.212338752483381682e-03
8.486564251625533170e-04
6.513761724005795494e-04
1.177924254757455047e-03
9.231439025564444796e-04
1.207728994387794472e-03
9.511596730848270558e-04
4.866443975752304937e-04
1.046173511760839286e-03
7.762756328910712465e-04
7.610323502884536531e-04
2.716595411933082297e-03
6.120269957856155300e-04
9.322613825845831384e-04
3.337849241390046778e-03
8.036439227396922078e-04
6.028674669653476693e-04
6.098921308806968047e-04
3.124458025720055522e-04
1.506261733403227963e-03
6.419095319384893195e-04
1.345740003215840355e-03
1.100915856434603627e-03
8.912773996717446995e-04
4.570611096228169344e-04
3.575841311451978207e-04
9.727297683126707312e-04
5.239392521420752980e-04
1.023913888668791326e-03
1.140536696686569700e-03
1.099206344417631709e-03
7.658468095823363223e-04
4.817389248798894727e-04
6.242301532370891741e-04
7.616427048822455460e-04
6.618517140763697333e-04
1.484553387425512462e-03
1.146608146105897261e-03
9.673358284905259064e-04
1.418405057528931241e-03
4.618133600114843196e-04
5.069237213910223827e-04
5.982502627610388792e-04
7.602028395860471396e-04
4.947055597161704532e-04
1.000202611958922070e-03
4.607403530302269694e-04
3.355116353754395786e-04
5.719670712407803588e-04
5.736001771479174935e-04
1.299594312216467143e-03
7.798148611282969093e-04
1.433471315175271479e-03
9.381109630045087388e-04
9.252907081303193013e-04
3.707430350704938021e-04
6.724302423056302156e-04
4.847236891041279815e-04
3.838612727279006368e-04
8.366351366571667721e-04
1.269717499058798478e-03
8.322597083275787896e-04
4.306652512304239401e-04
5.047429896162603305e-04
4.492500548147462173e-04
9.836782005574070363e-04
5.990937055901770841e-04
9.126645475339894903e-04
2.175339349826612215e-03
8.014807749312987404e-04
1.312703661435225084e-03
4.514686142631883369e-04
3.806997354850425201e-04
6.927032633722798481e-04
8.149693104861668565e-04
7.318498751126755950e-04
7.708154657586700200e-04
7.988431430592170691e-04
9.253750361967275637e-04
5.158279410858080836e-04
3.197955233244507197e-04
4.748210176429464567e-04
5.083660194420948570e-04
1.144895254383461502e-03
9.079510227439103196e-04
9.732726607723224529e-04
2.296345837576847272e-03
6.138582079686638864e-04
4.025923363389374517e-04
4.340710056173361438e-04
5.306774718777094481e-04
3.067407198969813358e-04
7.013211445288197688e-04
5.017151468420960082e-04
1.050561974260021169e-03
6.631545065105410837e-04
6.805029291169123517e-04
2.105823924718001113e-03
4.849604208399295197e-04
1.075790391263031602e-03
8.357481481557485015e-04
8.899181993623144849e-04
1.248632663921478729e-03
3.456387563900991007e-04
1.043172866952606255e-03
4.260770394368954472e-04
8.387957647318880928e-04
3.810074948696898158e-04
7.385577202460399298e-04
1.375266209847647060e-03
1.926653515075341279e-03
8.298103958714584966e-04
6.896197078488799188e-04
4.665877005622195333e-04
1.090739105935699307e-03
3.557289112300258006e-03
6.126101180002690386e-04
4.903039622260230200e-04
8.674085488979674024e-04
6.079508450549718588e-04
7.126239232364247125e-04
7.875835917597933051e-04
4.268769560778882155e-04
1.104520452055386291e-03
1.682205108716527519e-03
9.422256673054462371e-04
8.368444183223967955e-04
9.337103555308004683e-04
5.598537525343917024e-04
9.147417660919443874e-04
1.360909863699260106e-03
7.016940683256480847e-04
1.159834872637463586e-03
1.965840222817818398e-03
8.440729247495058849e-04
1.264685504763365205e-03
4.023722269258501430e-04
5.453807703657815144e-04
1.122091407495405665e-03
9.081795343245187193e-04
1.656937987619626091e-03
9.634686888711265764e-04
8.593053276752752462e-04
3.952989191582745396e-04
4.959147810926133005e-04
2.062661354736415077e-03
8.950559301207925214e-04
5.811035118648105431e-04
2.679296962078589819e-03
5.248265295001681508e-04
6.315037719739952007e-04
4.306340180302576769e-04
1.409238554126323976e-03
5.259310170716367371e-04
1.749764154786429124e-03
1.838538968966420360e-03
4.587613798597252931e-04
7.222325301107340159e-04
1.126231528027673125e-03
9.174235418545872425e-04
7.451765266772500526e-04
1.011606509125983523e-03
5.048355530082028432e-04
9.382189008496467182e-04
6.225698176769088295e-04
4.275080497325872979e-04
3.413252295426075396e-04
1.870001496426542276e-03
3.918780327951440598e-04
7.310649846531080921e-04
1.114732908386769240e-03
7.512035766775873938e-04
8.386679635557604340e-04
3.110924369013320164e-04
7.227542609559840748e-04
1.003430625359803905e-03
3.678126589969110986e-04
8.553518494601720880e-04
5.762690132251297804e-04
1.678207476640979643e-03
1.124631538587427763e-03
4.777808962217630043e-04
5.962246455422923804e-04
8.731268223118398251e-04
5.026141150414276332e-04
8.011436460950251744e-04
9.154884130428675958e-04
6.683072114944598949e-04
1.277557978635602371e-03
6.186190304160189271e-04
2.134400959217103155e-03
5.489667098370523256e-04
6.154717760494066246e-04
1.291645478634153481e-03
1.458288144861935890e-03
9.163779254297826221e-04
2.010846130509138380e-03
1.553735743098198308e-03
6.229617153978199776e-04
1.045289911680585652e-03
8.273806495067104151e-04
1.165131016868237081e-03
4.134353694627616828e-04
7.945582367652201730e-04
8.946233863589797379e-04
1.850571946771641628e-03
5.312404172626402276e-04
1.734207340701881617e-03
8.431157755964595281e-04
2.904391200259417646e-03
6.559918000599102234e-04
7.750483468453737892e-04
1.644905884457636145e-03
4.454031971241441336e-04
8.553946743809026729e-04
7.349625237234108047e-04
6.632712438599412457e-04
9.631490202749842236e-04
5.293348795241964314e-04
3.833570467989896196e-04
3.820293931745631817e-03
8.421583491142639426e-04
6.521475206729312590e-04
7.477483487035671171e-04
1.791793698435181510e-03
6.002942850069140340e-04
6.859499244775464242e-04
6.836780349439086158e-04
4.950238956864962516e-04
6.049464373756836084e-04
4.048136533894880376e-04
6.368405072274903236e-04
7.742727418617031477e-04
1.578099260410693351e-03
4.064098700840779112e-04
7.146803923270644799e-04
7.981605597337030874e-04
1.152384778168581659e-03
5.261197893255172963e-04
6.478216059689162433e-04
7.934122705242852231e-04
5.668656912083502690e-04
1.525687258722829148e-03
6.359042578620248800e-04
5.416037148543692602e-04
1.252970625297000111e-03
2.011574188751861277e-03
7.088888002245226361e-03
1.019216984789564221e-03
6.904538886866380025e-04
5.325344675025429518e-04
8.170342264866952949e-04
6.253850478588221604e-04
8.291933959582665960e-04
1.043594564510933343e-03
1.213655579480193113e-03
4.013720125992345815e-04
1.108342084431044195e-03
7.480829962864069546e-04
9.854260619077139481e-04
9.505876427923373945e-04
5.035517646620808101e-04
4.701296094846072176e-04
6.504514252389550751e-04
6.318286501480379139e-04
7.131106856836994705e-04
1.907315981087310706e-03
6.930497660251071137e-04
6.959409817852992529e-04
1.056459849562773473e-03
3.349924672929614766e-02
9.072198798150531845e-04
7.650507296489289250e-04
5.045188677038382752e-04
9.679877124499844387e-04
8.048604788962171854e-04
3.483139122386851635e-03
8.375796328520777878e-04
1.910473034902580814e-03
9.557451674786205222e-04
1.077614682551453250e-03
6.675830619731139455e-04
4.221713229436195396e-04
4.651860015464909909e-04
1.223291286963879574e-03
5.461517853108566363e-04
5.643466196860798690e-04
1.112599831237023147e-03
4.104832381842331941e-04
5.496068320816419875e-04
6.372272871508474551e-04
1.307110319690690152e-03
6.330016464458953010e-04
8.485114756121856297e-04
1.630932105368305745e-03
1.035702375993444602e-03
5.698572730962109039e-04
9.036142051093382175e-04
6.092016587430187620e-04
4.953576031793898793e-04
4.703903935464382770e-04
1.123396655714311871e-03
6.638720068138030238e-04
1.699835920540842789e-03
6.580484116288168057e-04
6.886050348513667041e-04
8.924049338096392767e-04
1.957114228062419893e-03
4.453204284827127156e-04
7.814348689664959947e-04
1.532001337791944005e-03
1.995254166390045530e-03
8.553762913513370762e-04
4.695688550260422242e-04
6.561578366075619673e-04
6.366037386103589810e-04
5.226365934416945906e-04
4.659110996923021618e-04
7.910263669185434122e-04
1.353020036566342970e-03
7.155776923484293570e-04
1.338237273794979894e-03
1.121393128684904789e-03
5.827500938436850362e-04
6.989835198666425990e-04
3.304311378813468104e-04
1.499176763956133014e-03
8.180332513605738680e-04
2.606600435892908289e-03
3.635255120421065911e-04
7.113678878080091509e-04
4.428168015430828937e-04
1.281184715456655391e-03
4.572896668552891880e-04
4.270246352723081973e-04
4.777933229472655662e-04
2.682648272090637498e-03
5.795445802012664594e-04
1.285690378071211630e-03
6.685291220552401102e-04
1.646817485319653027e-03
5.945273318327240269e-04
3.313460765515720968e-04
1.017039802455623615e-03
5.788510652953434777e-04
4.487595246118328339e-04
8.456285115288458267e-04
5.959020121272071580e-04
9.265077930130311348e-04
7.557933808261487656e-04
9.072474859319128952e-04
5.514009406210276408e-04
2.955442170022838330e-04
7.261098464215950954e-04
8.510819806057778446e-04
7.241703075398775707e-04
7.651172037847344754e-04
1.029160041104912543e-03
5.164719343982148445e-04
1.910635073721803339e-03
5.822862897119964734e-04
4.753812872771218849e-04
3.629074223602393257e-04
9.861919134763967153e-04
4.507314170127880754e-04
5.509311446815261465e-04
1.112985421753938994e-03
4.601656789132123337e-04
4.996193237858279849e-04
5.278197615833548750e-04
5.198235829382800988e-04
7.389918591874301184e-04
7.119145450512609757e-04
6.580678408846897054e-04
1.079122468020066996e-03
1.722818900772714540e-03
5.562804970538625131e-04
5.552770138704042450e-04
6.695936072426389961e-04
8.740343488606844681e-04
1.093527955672266754e-03
1.917051987635750654e-03
5.238155751323816728e-04
7.440180030450954706e-04
1.330154413214662849e-03
7.402231330257727200e-04
3.434807225277317208e-04
4.770129170497435628e-04
7.047444688580280182e-04
9.521857907284067210e-04
5.052167957799826633e-04
8.139560368268806403e-04
1.499117274133763330e-03
6.093321834861374978e-04
2.849246753303712187e-02
7.276902184890294070e-04
9.463832406942563778e-04
4.019376484815376715e-04
9.148819416923332538e-04
8.590167394615885223e-04
4.936931628323803015e-04
9.715293877756476723e-03
1.197460360067193310e-03
9.743192544164334164e-04
5.252882369486663655e-04
3.242496542592648531e-04
8.521522719035523087e-04
1.905974156522593664e-03
6.647498857822992492e-04
6.160193576536035498e-04
3.454960678455047001e-04
7.506011191359849774e-04
4.487708884076769883e-04
1.025829845996445227e-03
5.292038411929782379e-04
4.124434600666440913e-04
5.401643641341858986e-04
5.728621379070556125e-04
5.086146893662473606e-04
6.090358508211643485e-04
8.794610065993882465e-04
2.124923644187314085e-03
5.373170513700402124e-04
2.562430184365300893e-03
6.077521088680670454e-04
7.115606823710227211e-04
7.556577909236741756e-04
1.353392505158728353e-03
5.486489409809928823e-04
9.610862852205870506e-04
7.593873855564904195e-04
6.014957932562399511e-04
9.481746287837918312e-04
1.583075302914937251e-03
9.211802175283896827e-04
1.402267025783114802e-03
5.712235742345784422e-04
1.638420160675712342e-03
1.114957685886252495e-03
1.121825161632302933e-03
4.656243883432516933e-04
7.397253424244818864e-04
3.526648592892201112e-04
5.873153837804269417e-03
7.632016528523554279e-04
7.743575165903192814e-04
7.145908393754338240e-04
4.417673949406822364e-04
1.839148867658051177e-03
9.729266685795920138e-04
1.005988983410925153e-03
5.689228530447219085e-04
6.181326337059168128e-04
6.647096066763484622e-04
1.309672726359077275e-03
7.719243748908339838e-04
6.135867408190377910e-04
4.063474210665441442e-04
1.124165029912280655e-03
6.011501457580388334e-04
5.072753449572956494e-04
7.467399726766224674e-04
3.782664994381867030e-04
5.691341876995525181e-04
3.629211810940450775e-04
5.556129672786337421e-04
3.978694225551870976e-04
5.085579743146444566e-04
6.473104854127909166e-04
4.334385984229317248e-04
6.276425984077663514e-04
8.481717092278671846e-04
1.129924172880478412e-03
1.663833021145765889e-03
6.347560414505866618e-04
9.308219901738500014e-04
9.818667368144389646e-04
9.782973142977980079e-04
6.952926668448756748e-04
6.850150074253364687e-04
7.610737451545639435e-04
6.997612418701117457e-04
8.027017209513089176e-04
1.077569460426111743e-03
3.438471979917564429e-04
4.607860126657681494e-04
6.474768267130286744e-04
1.150183631878918481e-03
5.629876339160863261e-04
5.626052772575493690e-04
9.543134909013226662e-04
4.575529825811466681e-04
7.934767261998333307e-04
5.734561518805028233e-04
1.106792583735062563e-03
1.650041428430178798e-03
4.692802982678309859e-04
7.266371420230935104e-04
5.504655642817593217e-04
3.148099184543291253e-04
5.033731631554742587e-04
1.120130737486205348e-03
5.948943883863115015e-04
1.955201450407046456e-03
7.932893146803880573e-04
4.547846141832685490e-04
3.880775364157177981e-04
9.298391030898789855e-04
1.237768777169856015e-03
6.015699952833326782e-04
4.027287333350624177e-04
4.427594492567695698e-04
7.357932491601347925e-04
7.303909053029140463e-04
1.224938160248921406e-03
5.486598916634213277e-04
4.067758332135260144e-04
4.955765814816279983e-04
1.053083996356493635e-03
5.720388912089905851e-04
1.371225901055017930e-03
5.200283756613438991e-04
7.666883642189523769e-04
6.891053432025536938e-04
3.713953441586903201e-04
1.696748045021988401e-03
5.376067642779003416e-04
6.143697911482242160e-04
8.799947488830933869e-04
4.837260034648164023e-04
8.666526110222926406e-04
8.054148744120543301e-04
1.239306613242021314e-03
4.822821248204306856e-04
1.189277902732008589e-03
1.163259538477737481e-03
1.459290750473759115e-03
7.366227503942069862e-04
1.075737213164837782e-03
1.069896594314318329e-03
1.066852742108457880e-03
2.243514241866402612e-03
5.207424536900862955e-04
4.271612646140036267e-04
9.810374935504870796e-04
4.608212445866513725e-04
1.147870944091249025e-03
2.326084031276808364e-03
8.722312504377874830e-04
8.099806329653042687e-04
1.067771796711466893e-03
7.440743985645946901e-04
1.133498423126451772e-03
5.780273934408505917e-04
8.837416595579851127e-04
1.101678901631665628e-03
1.136642005217732487e-03
1.734006191082585477e-03
8.757175219644032635e-04
6.615679358234470044e-04
3.960878021863401314e-04
6.481682543917223873e-04
5.187277191420443852e-04
9.082301441780337662e-04
6.676898894666773512e-04
7.542913707917676567e-04
1.597068067412620723e-03
1.163376777288740354e-03
4.058382899008758740e-04
5.228919302159946644e-04
4.833723645334180789e-04
7.611802521689351201e-04
9.029255820183006934e-04
5.039830082272484749e-04
1.192540414287689187e-03
3.742284119684752253e-04
5.367020715431422995e-04
8.856933028216267207e-04
1.088357050091973621e-03
9.019713490378571032e-04
6.982716304530622430e-04
8.837961663967504973e-04
6.761462412762545915e-04
9.992341414420524009e-04
6.878555139693498478e-04
6.612971939202244229e-04
6.066846504658035284e-04
7.081328294668106553e-04
6.411119389037139805e-04
8.673176380348753033e-04
1.917237449217213145e-03
7.992903868042485968e-04
7.109326547168925200e-04
7.476885045762277386e-04
8.001818404804903959e-04
4.456721807016466642e-04
8.888931800256418296e-04
6.915239272799149481e-04
1.649727460372733996e-03
8.320005260661319027e-04
5.105611588144516946e-04
4.628912183067849725e-04
4.770688354318769779e-04
7.297368111091144787e-04
3.816119602070950582e-04
1.032774666742411907e-03
6.507251577307529393e-04
4.100201237825501629e-04
1.438188959770992682e-03
1.053899545570715843e-03
7.774506877607988923e-04
3.161983982518580972e-03
6.113686357654481455e-04
5.116615775720914508e-04
8.427712781817608013e-04
4.555138925740615376e-04
1.147530011627565568e-03
4.325693574830760169e-04
1.338128967502485740e-03
3.743828496609439053e-04
1.480480042663413764e-03
4.577488422271859514e-04
4.710425381638682534e-04
5.015671728486480099e-04
5.871687288617025461e-04
7.689237696390179054e-04
2.169298197709125173e-03
1.620355792844951903e-02
7.995274476431327030e-04
1.726704861573747155e-03
1.001038278898593124e-03
7.139289852052361444e-04
4.471204911705708648e-04
2.182033679281291261e-03
4.475602348012250710e-04
1.951463130327857950e-03
9.800956254252999288e-04
6.614512889939942828e-04
4.768779856022805708e-04
7.141030744865746807e-04
9.168972546218477626e-04
6.288098659538630085e-04
6.810593830135281031e-03
3.784161206378530229e-04
2.995803803658493060e-04
5.182287767893765549e-04
9.809309886506104633e-04
1.527847957630607554e-03
9.005812400738011326e-04
6.201170601448885260e-04
7.247015807829681718e-04
1.171130249204752147e-03
2.451994701355820518e-03
4.884935632458720350e-04
6.821884445650907083e-04
6.458762146151938695e-04
7.258922056665005488e-04
8.074743543264085738e-04
8.032481582697849776e-04
7.566031934821569518e-04
1.196942198281098673e-03
5.567453182775375549e-04
1.092572265321995481e-03
1.328876566806640137e-03
7.745285949808430447e-04
8.272957847200222790e-04
4.536617905871064525e-03
7.354109042314078840e-04
5.194337313925545107e-04
5.141320852106177940e-04
9.902755270745757041e-04
6.345035413878678246e-04
8.418030446710633068e-04
7.044126310842356142e-04
2.362784523687680449e-04
5.017389271702811428e-04
5.052092723884969109e-04
4.745971510465027215e-04
1.498924268336498423e-03
6.608400579855367232e-04
7.397112185654068682e-04
5.330435546649691997e-04
1.625663765276921108e-03
5.194606719889851990e-04
2.459240290065549395e-03
5.356266329060800678e-04
7.914268947988886520e-04
7.230508386012270182e-04
5.444727943053563526e-04
9.023286788694750505e-04
8.125706300239728596e-04
1.216249982554120073e-03
7.371624796237730712e-04
1.003932873864498473e-03
7.629385545820049994e-04
1.185803524112002743e-03
3.231646993400072074e-04
5.907043474733753236e-04
2.311535893421831286e-03
9.883602422437493418e-04
6.939224538042613414e-04
5.680128358423342655e-04
1.243682625637341924e-03
8.663280246528119949e-04
1.042423891875677699e-03
5.101111271944002443e-04
4.038688002540166341e-03
7.354415649662059606e-04
1.269187894791547460e-03
4.659589472084204090e-04
6.750127327789298822e-04
1.240271951936943156e-03
7.404202408908695235e-04
1.215699654566564135e-03
9.210268264749724718e-04
8.204773090185326712e-04
6.037019381415587938e-04
9.722396197194645064e-04
6.325798032929408213e-04
3.001549477929798550e-04
6.329925046777394593e-04
7.352470147115151714e-04
7.355783191296145227e-04
3.493672612296197543e-04
6.774691188925731833e-04
5.145960452817904471e-04
2.043135040933530180e-03
4.928682254384611234e-04
5.748152023279914967e-04
1.696341260153579750e-03
4.642996217105678416e-04
7.965667390031555073e-04
5.197383914286318610e-04
4.800318490525992904e-04
8.207897015966698039e-04
9.797316609352103856e-04
9.322784440363087333e-04
1.187032461819112223e-03
1.309066079728564251e-03
3.742226895487585424e-04
6.079684182466242549e-04
1.356578084209295997e-03
1.139387072822749085e-03
7.680880376433741989e-04
1.550630410687805051e-03
3.741880896645456613e-04
7.112476452864662175e-04
3.680311698932113161e-04
5.354067135507117794e-04
1.300591788437406538e-03
3.515356712028230943e-03
6.312466378173987435e-04
7.092528807166139553e-04
6.246411596200098079e-04
4.438110007656098622e-04
5.020015245648831422e-04
5.636073613366974740e-04
6.495597406558703676e-04
6.523301914095284287e-04
1.035062377434111097e-03
2.192063526558373464e-03
1.107490974805994859e-03
4.926026715817051482e-04
7.847801536159148064e-04
8.323270142665136449e-04
6.325449934155662462e-04
3.970418902709097224e-04
5.355075400877097516e-04
8.476270986716383455e-04
2.020666878526219609e-03
4.373274613324176839e-04
7.078109961776342125e-04
9.119479461955773761e-04
1.608682778045164921e-03
6.530165168561821720e-04
5.288350638371718156e-03
3.465288711347572930e-04
1.516043147572164462e-03
4.818974756841781478e-04
1.889711918816365955e-03
1.098291959727659911e-03
4.537318060347398448e-04
7.089180725533316199e-04
1.505571029291374917e-03
1.074101657702690102e-03
1.962386271998174843e-03
6.716120508881538590e-04
8.708935197841225070e-04
7.647010726083196481e-04
8.197427701703576507e-04
5.918807937264691310e-04
1.261519314385870861e-03
1.815576655847947517e-03
5.527957004459412883e-04
3.039519270215992994e-04
3.995457429411396200e-03
4.753474199467306975e-03
2.286613077612971879e-03
3.741052014460321748e-04
5.565756084892717901e-04
1.225487170103799683e-03
8.013521154339898079e-04
5.077113831981012798e-04
6.384971913642728666e-04
9.193869253726053752e-04
1.028125969967437492e-03
5.302494132357584355e-04
5.969894963238467399e-04
5.555791344380064641e-04
6.659953709100260638e-04
4.287821909811944570e-04
1.814122625810049658e-03
1.229369525304378026e-03
4.281251362135361760e-04
1.088784711226069768e-03
7.070407332823550094e-04
9.950333704002200293e-04
3.364169867742418255e-04
5.779085171878523561e-04
1.221499248404300624e-03
6.284292394782098421e-04
3.819835569628068938e-04
5.735472943032801944e-04
5.696948604741990932e-04
3.386211514542945768e-04
7.271359526148305072e-04
3.638631766792294834e-03
9.036829788949214464e-04
1.582804097263056705e-03
5.457232434236656844e-04
5.283983871376126762e-04
4.913535043884946583e-04
6.159638790276310370e-04
1.006359136664219727e-03
1.141547268613634942e-03
4.720847890291798312e-04
5.879223280523186539e-04
6.832338123239211237e-04
1.929751397425263004e-03
7.333951937924809445e-04
6.214795979502926639e-04
1.664708939950150035e-03
7.917024551134457669e-04
8.355162014272007800e-04
1.238764053421495797e-03
4.745159379778340273e-04
6.069759413676611721e-04
6.133171885675064950e-04
6.612324357840669142e-04
8.984978708023465179e-04
7.883617469203722415e-04
4.720185172663764802e-04
7.084374814000034314e-04
1.303184740988716332e-03
3.156626906004779279e-04
5.473444373031953469e-04
1.459222003380630014e-03
5.010080394377841454e-04
1.841904385430822352e-03
8.643403494438147133e-04
5.873969926468010317e-04
2.952488047236215014e-03
4.756628094453992312e-04
5.021506986713593010e-04
3.765150084076775584e-03
9.252869111793103792e-04
6.838992405590740365e-04
7.153825684792197281e-04
6.901991153315796372e-04
1.129444842073536615e-03
1.295408215858180785e-03
8.522717771812227377e-04
1.253689855078108468e-03
8.005673400196039111e-04
1.324806824681723722e-03
4.182457074281817344e-03
1.275705553355816488e-03
8.059487855546026112e-04
1.390124128358240663e-03
5.325976583834653643e-04
1.366396283541813049e-03
3.896559016002459409e-04
6.738722844022869331e-04
1.150941417416081677e-03
1.854121030177610218e-03
4.170084640136505986e-04
9.000409928799973577e-04
4.668089286327105304e-04
2.729510450680806247e-04
4.969455295315728261e-04
8.710776925498548611e-04
9.667576400740692140e-04
8.784878906602686891e-04
2.086150603769904022e-03
1.193915962626672204e-03
1.559556176710841843e-03
7.097228671610805511e-04
7.057985022840784729e-04
7.796663130224007910e-04
7.224759585390694988e-04
1.181851667143516468e-03
8.907920817980748834e-04
9.667513382197706184e-04
5.444494591239486215e-04
6.817684394898019954e-04
4.853856669466244628e-04
4.060009920393199971e-04
7.592959970215404147e-04
1.014149777378965016e-03
1.084279168828797355e-03
6.430694486742947850e-04
7.204730170852047906e-04
9.187706549979398523e-04
6.153521429659742368e-04
4.856499921845130953e-04
7.060852641460395275e-04
6.567265954201479197e-04
4.603204250942254561e-04
7.305943580438802347e-04
1.274330913922836015e-03
5.080292364237671849e-04
1.040043471673674337e-03
1.641947488177140793e-03
5.191137750588935588e-04
1.601368107917449215e-03
5.471529796227882388e-04
4.171568068815748086e-04
1.163190420794211468e-03
1.313066856641363200e-03
1.376907338440391294e-03
7.366830526008668256e-04
5.321485094752941751e-04
6.627951530711723681e-04
6.741102818319667355e-04
9.650061488294564864e-04
9.952958797417562134e-04
7.712602338095194462e-04
4.554063710906838943e-04
9.318835370720452522e-04
1.324146479217309068e-03
5.680353171466911164e-04
4.817731119150215854e-04
1.151174318639920039e-03
8.569954774841267173e-04
9.990725817920164103e-04
7.000139495766888537e-04
3.610294880398589213e-04
