2.450674099561931663e-01
2.247161576989757381e-01
2.410785409248989708e-01
2.083226067678818350e-01
2.447647730150040168e-01
1.845414452875703271e-01
2.448297328798476336e-01
2.364575800887105395e-01
2.211104392316478040e-01
2.356840274239445643e-01
1.796225374142486342e-01
1.670409219233547904e-01
2.304422127481176308e-01
2.217349423775206163e-01
1.740286658368626338e-01
2.289452833805565857e-01
2.145724598168566588e-01
2.455088298629139187e-01
2.289520912839191902e-01
1.082591025867339074e-01
1.515349577005402071e-01
2.236116457383091061e-01
1.914184229337395626e-01
2.387566039598259804e-01
1.596927067631792874e-01
2.077472441410628534e-01
2.373978444388585296e-01
2.118059443641202300e-01
2.188190273912972161e-01
1.656436036849074089e-01
2.460662009857024213e-01
2.442128724602940226e-01
1.576373446039267823e-01
2.248682157064226805e-01
2.407270912456521417e-01
2.116847119513632913e-01
2.287674239198041470e-01
1.854913425417066275e-01
2.384411465407059727e-01
1.622718175922789052e-01
2.038165692895614056e-01
2.313054988638793552e-01
2.157429631382008217e-01
1.701835925625432844e-01
2.023892860085159118e-01
1.828102298050660879e-01
2.454998657419129315e-01
1.459869712378463469e-01
2.288305199414822633e-01
1.751049409413224511e-01
2.192250415078954295e-01
2.491221709765926717e-01
1.602153982867862148e-01
2.372847960675094070e-01
2.196812929016387361e-01
2.136023678495211908e-01
2.292355995626870202e-01
2.159996736634480496e-01
2.459015494719381523e-01
1.919470780240942753e-01
2.153980229951018288e-01
1.778069267793971897e-01
1.601568274745040765e-01
1.905666815323253938e-01
1.173845800433725162e-01
2.408544047747305239e-01
1.950712025633524471e-01
1.981009248777902132e-01
2.477308724718754185e-01
1.790195248404627404e-01
2.244773690146118772e-01
2.164031003007946263e-01
1.854857367310840666e-01
1.913442514875901557e-01
1.984130031974012387e-01
2.473684042849889630e-01
1.713547983943712050e-01
1.936992695939477871e-01
1.348458967195514946e-01
2.015483578412232135e-01
1.790201528053048663e-01
1.812130920233937237e-01
1.555781524328284371e-01
2.097996319802455656e-01
2.379284685822420087e-01
2.085977087770210514e-01
2.333752108397210423e-01
1.862102065182643928e-01
2.397317814387918133e-01
1.494824543398660943e-01
2.371005949554961800e-01
1.909577874633110461e-01
1.891661834234339423e-01
2.321872063985377099e-01
2.157808707535017745e-01
2.469413630648785440e-01
2.433324868446373190e-01
1.458985605292925647e-01
1.640764924407431546e-01
2.245725782660903669e-01
9.613535196478660561e-02
1.226620125810202466e-01
1.936773181128243759e-01
2.123850915456976240e-01
1.132209009966170382e-01
1.380804908017114196e-01
1.851363986384183535e-01
1.377756998693867863e-01
1.664775873912221205e-01
7.070562820351140865e-02
2.369991018577823905e-01
2.055699150279702847e-01
2.100584509151110502e-01
1.807705164697239741e-01
2.410192924441673101e-01
2.326488411448559279e-01
2.458509719118483483e-01
1.926337779906745762e-01
1.823636984260446625e-01
1.991068454412448507e-01
2.437046621645293787e-01
1.712859974314689115e-01
1.717293176848674607e-01
1.943602798802958609e-01
1.522343820902627987e-01
1.756075248112109188e-01
2.420683803065931672e-01
1.649145309784902369e-01
1.448077998903695707e-01
2.421489079990759852e-01
1.619367901399403065e-01
2.221668231365848123e-01
2.019214903450490262e-01
1.852268944921780236e-01
2.489137792457092602e-01
1.575436752698378962e-01
2.033230308964092126e-01
2.096773804653466744e-01
2.398104899213302776e-01
2.367902100730152615e-01
2.181741539830505949e-01
2.250056924261471802e-01
2.224139561330517600e-01
1.977028862136573917e-01
1.922266273340952347e-01
2.140764922442785767e-01
1.174386464690715531e-01
2.350586185484239143e-01
2.306627464324132459e-01
1.872926239274273763e-01
1.641109358229718984e-01
1.867295291656037026e-01
2.159459939023196939e-01
2.361545440532319962e-01
1.443541317641564847e-01
1.619230068957174806e-01
2.210636380332998696e-01
2.059326100480256549e-01
1.877942002646584285e-01
2.278087494664133850e-01
2.385273609818175378e-01
2.388100563884667793e-01
2.207268929081858677e-01
2.090845331125265882e-01
1.531474313376421648e-01
2.466230872411882824e-01
2.139853503918572875e-01
2.109558136473729806e-01
1.502119069542866003e-01
1.932046662049273777e-01
2.395114182125324676e-01
2.110708119003324446e-01
1.568561119928021941e-01
1.482932139674603134e-01
2.300758910130095425e-01
1.923134208049782634e-01
2.167379399570463216e-01
2.415200870076239514e-01
2.312049243804167320e-01
2.115954911786285808e-01
2.462292777222625795e-01
1.577352951744081799e-01
2.242111994030808186e-01
1.766948141994376664e-01
1.901589001057733541e-01
1.972262861777188958e-01
1.790811225856960842e-01
2.367308090265843046e-01
2.311315689220335146e-01
1.726854714391526102e-01
2.481844791785556836e-01
1.953952482856796680e-01
2.364173437959972146e-01
2.377016762263080840e-01
1.963727083912192861e-01
2.302957503694931796e-01
1.927834256554224190e-01
2.481730901480359575e-01
2.267272676022180078e-01
2.191585449058944535e-01
1.842860101735815104e-01
1.261039662805196193e-01
2.459034760048900703e-01
2.423629958906182158e-01
1.930179012260666016e-01
2.334521212889033581e-01
1.035648462736268455e-01
2.189002274624260447e-01
2.431198015400186652e-01
2.353859468914761000e-01
2.375220493376537789e-01
2.377822934458410642e-01
1.790482714027905042e-01
1.290449219440011341e-01
2.317219495491537329e-01
2.242300980185648607e-01
2.294909638180234190e-01
1.614751149964382126e-01
1.232071973379839230e-01
1.911074145354692000e-01
2.197661327951372090e-01
1.684041075742180593e-01
2.378816481296686380e-01
1.496014688339961374e-01
1.215045921207680707e-01
1.214508027863413220e-01
1.396670919015386980e-01
2.461799124800983229e-01
1.641098173477622268e-01
1.665321499095011870e-01
1.776687970300797892e-01
2.090582794357337404e-01
2.358905478600891725e-01
1.939228070983289864e-01
1.903678112072071382e-01
1.329389359235795542e-01
1.437449028251933381e-01
1.355743468821457576e-01
2.196578277519953826e-01
2.493786256532796453e-01
1.975176052179985764e-01
2.468903996977853399e-01
2.301427633134504047e-01
2.036048531956188290e-01
2.131016954203075464e-01
2.480503838022631302e-01
1.268949613843718405e-01
1.661686174552293449e-01
1.679923512648739681e-01
2.204023170717489544e-01
1.925092744893208141e-01
2.488060844493170110e-01
2.300071845644745261e-01
2.209738047370299885e-01
2.190970906574044585e-01
2.159929361169046769e-01
2.021038318427330893e-01
2.200424051865335906e-01
1.893270503494892398e-01
1.633162890030654402e-01
2.133351182962175407e-01
2.375436715038608815e-01
2.017897397117422165e-01
1.410510023565454130e-01
1.409370634375525233e-01
2.173256216443368305e-01
2.192757457505529195e-01
1.942350181233996609e-01
2.400911114598923979e-01
2.209197186309314331e-01
1.787940590788318629e-01
1.728733815789789408e-01
2.128473117897369815e-01
2.334948313719060475e-01
1.963552928702863298e-01
1.773792982081530967e-01
2.490484757634683077e-01
2.259059797102793421e-01
2.275907221478913334e-01
1.280971460823809027e-01
2.004307302425981374e-01
1.494395872289535354e-01
2.490811794755037889e-01
1.302659078067798792e-01
2.398815163773155845e-01
2.105315001254892127e-01
2.124222152088315885e-01
1.342752571545688389e-01
1.870829750839267391e-01
1.494493118478649185e-01
1.853843538088163490e-01
2.240019360052201147e-01
1.784374500973260613e-01
1.203849961055934448e-01
1.854238264196627073e-01
1.949235747638129734e-01
2.211965629140301703e-01
1.544366715912005028e-01
1.354229642432429603e-01
2.029768326681997692e-01
2.106241011929741169e-01
1.655662557478983776e-01
1.175499312006705599e-01
2.081493573018054488e-01
1.878507641480285373e-01
2.399659203670226615e-01
2.417225801136440311e-01
2.310722425832487936e-01
2.143747037772499309e-01
1.730278594873113918e-01
1.993977258264436059e-01
1.948115340232027259e-01
1.786185582075952294e-01
2.223258519034619907e-01
1.487792043861188851e-01
2.483897696192480797e-01
1.955629447024411216e-01
2.013928042968821108e-01
2.391051332586200673e-01
1.769330673844007884e-01
2.280815731673832003e-01
1.662726881789767241e-01
2.083057377342865391e-01
1.780784976784778040e-01
1.122202341865392583e-01
1.703199367862223701e-01
2.490378468176200621e-01
2.145524720976034194e-01
2.408935326432314894e-01
2.306139506031646969e-01
1.481357957774594447e-01
1.973952813573260634e-01
2.019100777541072145e-01
2.352958731635969303e-01
2.316929829742751523e-01
2.298294237920671945e-01
2.244575710022989889e-01
1.688723229770634215e-01
1.101606012617282887e-01
2.315604619866617753e-01
1.516879462368675158e-01
1.163453044539088238e-01
1.511411119689280158e-01
2.132429028990979747e-01
2.165889813665995978e-01
2.397468086999049175e-01
1.403824397750534636e-01
1.468689069816602188e-01
1.332424507333058727e-01
2.299971330463177477e-01
2.283657329430294203e-01
1.720945350141050989e-01
1.997127149543379554e-01
1.087974560195214685e-01
1.606720230123473425e-01
1.772841886998492433e-01
2.432865556761262260e-01
2.395108207350918894e-01
2.155376488055476547e-01
2.086429525536113716e-01
2.145807398414832923e-01
1.384845988472604150e-01
1.118465479725059414e-01
2.304676666773680382e-01
2.296050066920550525e-01
2.227932361131357841e-01
2.107466344833448246e-01
2.147529543812422559e-01
1.610783917714406210e-01
1.845260511892793942e-01
2.249155417088276043e-01
2.239149010939999462e-01
1.655755583381403329e-01
1.473401995362656480e-01
2.481680381140182190e-01
2.407450163568939649e-01
1.689863308230469818e-01
2.375307851998703645e-01
2.082713682728712379e-01
2.313028204742804128e-01
2.081242487523464468e-01
2.035138783156017206e-01
1.595591354651102745e-01
2.472831397519709706e-01
1.959376855053491517e-01
1.673982529691855348e-01
2.385948419113010643e-01
1.994470549359936007e-01
1.964796551626778465e-01
2.139007539504800826e-01
2.427003530718445934e-01
1.997531327440342785e-01
2.298385586782459855e-01
1.218564696306684708e-01
2.475813491589874127e-01
1.594992563394340701e-01
1.748128806302396976e-01
2.322049303362658801e-01
2.278516463538287906e-01
1.970605955993220693e-01
1.640396216627488246e-01
1.565386876289636686e-01
1.375575210523216907e-01
1.951581522515267175e-01
2.372448999636136147e-01
1.701904690364690609e-01
1.684249657939974332e-01
2.223516766027263114e-01
2.245139419761427724e-01
1.364218012828242177e-01
2.456314312544432277e-01
2.384274173714730771e-01
2.434306989494773033e-01
2.319171471073105673e-01
8.647039976139121731e-02
2.399941840090586420e-01
2.016283465874417202e-01
1.929620691444420832e-01
2.094467025750495481e-01
2.242133006792701999e-01
2.305718584014821715e-01
2.355274515726172857e-01
2.075005825506699986e-01
2.024822717511418624e-01
2.474338206077779379e-01
1.782318270298506868e-01
1.744330408726738613e-01
2.437607296904641119e-01
2.181378352115173058e-01
2.094080710653219435e-01
1.713502286449648526e-01
1.990761295761212524e-01
2.228914181095520142e-01
2.072637566662104136e-01
2.010619349119038279e-01
2.331811486605279149e-01
1.125646547165167488e-01
2.429407143453826412e-01
2.209453234905712216e-01
2.299334033689511003e-01
2.145803285223278623e-01
2.116662960541803307e-01
2.118196226827511186e-01
2.356572082084498199e-01
2.261827491455476458e-01
2.418350720491939110e-01
1.974813739275215474e-01
1.968538823187191700e-01
2.435479617296701371e-01
2.004476440019660743e-01
1.787922319996843035e-01
2.410249794370736831e-01
1.696464116097735619e-01
1.903259241672365099e-01
1.426725157349529316e-01
2.192635173065977383e-01
1.667977319668708380e-01
2.219866627562977757e-01
2.089676856276207473e-01
1.957078033698935182e-01
1.595965865355897517e-01
2.482825173909181948e-01
2.341696336344290530e-01
1.451256719971225351e-01
2.386172371264654313e-01
1.456238588626375674e-01
2.222525790050202954e-01
1.682780089686804481e-01
2.373212675452875675e-01
2.437389757522280542e-01
2.386392823814747488e-01
2.411553936223297112e-01
1.725179856819044066e-01
2.329758540068978256e-01
1.815679119733614733e-01
2.244711526672347468e-01
5.884749576014490502e-02
1.926863988549090134e-01
2.391347339182973153e-01
2.319871087185993719e-01
2.337197759420542864e-01
1.931152335207483028e-01
1.807567859563447288e-01
1.147703533487377109e-01
2.130067464625189644e-01
2.398768083975948429e-01
1.559373129481457787e-01
2.067835814129180827e-01
1.648318664752995433e-01
1.275805711096253126e-01
2.062965761147036725e-01
2.193673270141213993e-01
2.168914200706728856e-01
1.873746148083971497e-01
2.159949081311076102e-01
2.152768313687467849e-01
2.069627338229277913e-01
2.419597201124844832e-01
1.737373033078061235e-01
2.228668835914123236e-01
1.787182881278912006e-01
1.376554862945955082e-01
2.212712960849949617e-01
1.618752401177317723e-01
2.180609282972498231e-01
2.186395702648314399e-01
2.268294743860599649e-01
2.203508932735026848e-01
1.772243949840406341e-01
1.247867137259403014e-01
2.249867090204448750e-01
2.435126836531970596e-01
2.201277232072713919e-01
2.476915623894861695e-01
1.981208557869538756e-01
1.960688809682306355e-01
1.837925701046566607e-01
2.087511382110784630e-01
1.854445546681969537e-01
1.748800954173606592e-01
2.355762871596983610e-01
1.236362297001953880e-01
2.307615398471615231e-01
2.358767949785977314e-01
2.076799928491745995e-01
2.438832115155095959e-01
1.251164692422427061e-01
7.461842300795011595e-02
2.252224714719870957e-01
1.700861415960051026e-01
7.911547886737196889e-02
1.199819970103900291e-01
1.638567845169662252e-01
2.100891657033427395e-01
1.002686969668361294e-01
2.239824458376124539e-01
2.050471042769384522e-01
2.367689459915250927e-01
2.273933794666641306e-01
1.764131738910567349e-01
1.390423968277952060e-01
1.334910375997881149e-01
2.310787415647602150e-01
1.502865583907457836e-01
1.286305578169032182e-01
2.459050519144836688e-01
1.929084833680357325e-01
2.224513256330982180e-01
1.504760359527885782e-01
1.572986027275556642e-01
2.393423540935910587e-01
1.214991708050905950e-01
2.238517677048514898e-01
1.748077121712274806e-01
1.972450212432516059e-01
2.349942990119887609e-01
1.995040507980614941e-01
2.377778467508500082e-01
1.936321437359960762e-01
2.307716964492783629e-01
1.927188316738025209e-01
1.991494262795222014e-01
1.417461553858716528e-01
1.920147408842773351e-01
1.951142715183460108e-01
1.977424696057967501e-01
2.481223544369113576e-01
1.821229773923057904e-01
2.364096138983562412e-01
2.232569375733199357e-01
1.727842889098502310e-01
2.068685076476290130e-01
2.277145814739217067e-01
2.384699422097127375e-01
2.263257095876238523e-01
1.664262681844711211e-01
1.719187306758354905e-01
1.784279832028422275e-01
2.232089526963715875e-01
2.322183419808948879e-01
2.343543888482403637e-01
1.270503497641931046e-01
1.774725162867441808e-01
2.280470199203403214e-01
2.185503355909514667e-01
1.838974165311337561e-01
2.223443965061349670e-01
1.656440141244415187e-01
2.251072093486520820e-01
2.339060187624148468e-01
2.014873666682891751e-01
2.215338265639919257e-01
2.343948025092829346e-01
2.414760610368499594e-01
2.134442139499977409e-01
1.991473140450851220e-01
1.849030033614362523e-01
2.447089873444849573e-01
2.484078384060923461e-01
2.181548531671309021e-01
1.582616784187859116e-01
2.330228593841196516e-01
1.932363082527285003e-01
2.045379455520805190e-01
1.411381063746341424e-01
2.305309473516505003e-01
1.956207410464533558e-01
2.262071067063545216e-01
2.142002311620005428e-01
2.170660058952463278e-01
2.336394035149655102e-01
2.285018485844067526e-01
2.152381103248820482e-01
1.717842461994228132e-01
2.194659218956253321e-01
2.251218859249753679e-01
2.230031854822488169e-01
2.161529504423017611e-01
2.380749958672258582e-01
1.643033952486399607e-01
1.906547172081065056e-01
1.112243345519402099e-01
1.194106358910203558e-01
1.761702782876691520e-01
1.668681120161548681e-01
2.108979467938142949e-01
1.937063205152438905e-01
1.737694034335602877e-01
1.690631229737630803e-01
1.617274429041191397e-01
1.565432191310369703e-01
2.430782122139439616e-01
2.312913392014808167e-01
2.472362133073534585e-01
2.339625166673534873e-01
2.004416011386599417e-01
1.942985256011133532e-01
2.440618214910986461e-01
2.285055471514161884e-01
1.779829151865560954e-01
2.485711148512011470e-01
1.479599084441206025e-01
2.136749067714083794e-01
2.319806966965943795e-01
2.066299385266102961e-01
2.408716109238514813e-01
1.791884873917879706e-01
1.311912358434330628e-01
2.363812817939058286e-01
2.250085944019641071e-01
1.525181461813128192e-01
9.290889927891368694e-02
2.464823997309299186e-01
2.185537318090112202e-01
1.417549296965280314e-01
1.790710699610456036e-01
2.011273513708271288e-01
1.725318458294556878e-01
1.645882423453688403e-01
1.723919854450963185e-01
2.205134475793807947e-01
1.432277847481354671e-01
2.055135506920178212e-01
2.143419000717335654e-01
1.130231440267423781e-01
2.135499224239222338e-01
1.710706171573610213e-01
2.359378405169227644e-01
2.316752784641156748e-01
1.968248710603217044e-01
2.454170053884879577e-01
1.956682167654868465e-01
2.456050307503443442e-01
1.776955701395737386e-01
2.397076993913943577e-01
2.235065028527468967e-01
1.337627847380988555e-01
2.036805952826367672e-01
2.108731474376485671e-01
2.349583793689964673e-01
2.157476952393394820e-01
9.857966807074952653e-02
2.476662977669685795e-01
2.251360150734019183e-01
2.332782401610557221e-01
1.858510818323688696e-01
2.029744096800537023e-01
2.076409265489578548e-01
1.633039595944993927e-01
1.599294802312447861e-01
1.558368854539633197e-01
2.118132655987175206e-01
1.301169801130839798e-01
2.183811257589285681e-01
1.357944955813872034e-01
2.423584656305798890e-01
1.603330853815135570e-01
2.472444866117505524e-01
1.381327432773757358e-01
2.365792073834069864e-01
2.474482476974049494e-01
2.282121573253139413e-01
2.400749686471571054e-01
1.872755217378368753e-01
2.158733421832618460e-01
1.895621986133682046e-01
2.289378221432440408e-01
1.395560375889108862e-01
1.661182725241251990e-01
2.415024819791931066e-01
1.286065610917793423e-01
2.006696143838995194e-01
2.366783738459158903e-01
2.288130142624211494e-01
2.402139967320080782e-01
2.383889154430341162e-01
1.985507525589662592e-01
1.875056358290781433e-01
2.137229577246422818e-01
1.867177297547103765e-01
2.135735423763255592e-01
2.317102583834238783e-01
2.267967711559176480e-01
2.273475523815738641e-01
2.193917525452468431e-01
1.551066556863726353e-01
2.089628280461447440e-01
2.389784101445044662e-01
2.405303344160334700e-01
1.929739411810419136e-01
2.342355396850328009e-01
1.729953311395868998e-01
1.619130710523267735e-01
2.347726347534289382e-01
2.132252731970483151e-01
2.153551099267068669e-01
2.120019521924803585e-01
1.865063196416726632e-01
1.811350473327312804e-01
2.101736699216195381e-01
1.547366592385855943e-01
2.287196710328093241e-01
2.296010183076972466e-01
2.242993748035409796e-01
2.012836755129719379e-01
2.069748007111848198e-01
1.093256280428557964e-01
2.288853825096151262e-01
2.058829334676584577e-01
2.205768524912936346e-01
1.585424697786869952e-01
1.283523202965098919e-01
1.668054601727678721e-01
1.825888568660547773e-01
2.156877817101256201e-01
2.324264440270189525e-01
2.381821015328522417e-01
1.878956959717109076e-01
8.245300877183042720e-02
1.608348639045008022e-01
2.325210242195675236e-01
1.853911927350381239e-01
1.242414832412061798e-01
2.112388790315410381e-01
2.242369070857921642e-01
2.088246131144659012e-01
2.438766875221237695e-01
1.110263585630837102e-01
2.405701486649177989e-01
2.105547824081023256e-01
2.118482140806440261e-01
1.899071973313243844e-01
2.029475994080703338e-01
2.420827424367092973e-01
2.126955021988827244e-01
2.086621517838364859e-01
2.100379064667864393e-01
2.049399919032420525e-01
1.668087818403510558e-01
2.306605641495270143e-01
2.310782147149240129e-01
2.089097784963443449e-01
2.475139010313904819e-01
1.321668748651067260e-01
8.571561416688365520e-02
1.805759911788028527e-01
1.503952399906522130e-01
2.187379604272571554e-01
2.102765385669361775e-01
2.388287426702861982e-01
2.446849423118928890e-01
9.397018353959780967e-02
1.673537731701152664e-01
1.405992927142351301e-01
2.331579030586660162e-01
2.207247995852608669e-01
1.767100036164664933e-01
1.675695272323743656e-01
1.638659317043908437e-01
2.119159339431622435e-01
2.418179831518896261e-01
2.243286620996514658e-01
1.271538306246753347e-01
1.694459390948282185e-01
1.752843986067320337e-01
1.761741954370387719e-01
1.727444401477758185e-01
1.987640093783705209e-01
1.773229462932890965e-01
2.390444960997599178e-01
2.391300536310296820e-01
1.485993647324626854e-01
2.176094436295302748e-01
2.282880789447855885e-01
2.174974192534449569e-01
2.002905639968054208e-01
2.011580069996200815e-01
1.390963342268120018e-01
1.686640573230100137e-01
2.259990074094742341e-01
2.273696627148635296e-01
1.610506568793159676e-01
1.178237670020391425e-01
2.445824909369079259e-01
2.290368193310042821e-01
2.382202131606736550e-01
2.092116895747802297e-01
1.798925106491262027e-01
1.844894238895281868e-01
2.448438663386075798e-01
2.008999283949464698e-01
2.090822217740808120e-01
2.491001004079034242e-01
1.910733893679841811e-01
1.958075389257852850e-01
1.687371253281148842e-01
1.067244790351936923e-01
1.951783723229413847e-01
2.167402602970307512e-01
2.030184672138575508e-01
2.434183616180420617e-01
2.046625329671188098e-01
2.010547058340476090e-01
2.279910580179543567e-01
2.233783398322320424e-01
2.232077330278530169e-01
2.444648755356245706e-01
1.835062089740269464e-01
2.286161066361989957e-01
1.579321303724895431e-01
1.902365860507748141e-01
2.016620923758908057e-01
9.993263391734169554e-02
2.475406319936444277e-01
1.952416820162777844e-01
1.687897980964005729e-01
1.460597923193436842e-01
1.783547154346514785e-01
2.474194166572301345e-01
2.373728980880000228e-01
2.157036667381421746e-01
2.016200163122890132e-01
2.444598123643705045e-01
1.424373126714334470e-01
2.130827876997340720e-01
2.476886172995559632e-01
1.867657346624322645e-01
2.257348892685143160e-01
2.010461145683266337e-01
2.143702973724787020e-01
1.466771928925446888e-01
2.047991197539767716e-01
1.405484486318406001e-01
2.066508108792747545e-01
1.589574460719462567e-01
2.384840270106532711e-01
1.647713987063396113e-01
2.355958488695104047e-01
1.511622537731048266e-01
1.986494074742307381e-01
1.777888353475064187e-01
2.340749936330447645e-01
1.533076262732046002e-01
1.104057255988609570e-01
1.694817248269684384e-01
1.988841074483732041e-01
2.058240581524486967e-01
1.255117454055692805e-01
2.022114069019746718e-01
2.031387238298945075e-01
2.417244415612750386e-01
1.616356607403150181e-01
2.089057782002107233e-01
1.963760169865380878e-01
2.476519706255712328e-01
1.969521199631417141e-01
1.914412769768292499e-01
1.508003645406579274e-01
2.491924269644360534e-01
2.473374251503176746e-01
1.955645135419029623e-01
2.335109523185539271e-01
1.931253412535905434e-01
1.051299516106449644e-01
1.976413072592872189e-01
2.087277888453688834e-01
1.653666232477031262e-01
2.387341482893486910e-01
1.554468872221584363e-01
2.475012304841647248e-01
1.941339126828076078e-01
1.492772719434184159e-01
1.837983785273211990e-01
1.974985485123421647e-01
1.608294148661639500e-01
2.367130852792396212e-01
1.793530535791016678e-01
2.278973626009850040e-01
2.339791897276366217e-01
2.487653447329142287e-01
2.443589749949035272e-01
1.315659473662756929e-01
2.397784305049934506e-01
2.311369617065968940e-01
1.941506115874436222e-01
1.435658786461991854e-01
1.716251387898526104e-01
2.489535428423238772e-01
1.970339667182404164e-01
1.882160708734692267e-01
2.358931284679804119e-01
2.033334323880071071e-01
2.444183420251625771e-01
2.445751385566562186e-01
2.187621765085992209e-01
2.393084221136085044e-01
2.439549837063922644e-01
1.927261589381905060e-01
2.072288625497010206e-01
2.195593770951041468e-01
2.460818692626167981e-01
1.881835109080376989e-01
2.047333336359241363e-01
1.929600627382714040e-01
2.266383419634056817e-01
1.711809705433332551e-01
1.576926223154781204e-01
2.284340561587096530e-01
1.950430327114684170e-01
1.614708905280358986e-01
2.461991684292031413e-01
2.111332161085332504e-01
2.099439909235147061e-01
2.295634705588314173e-01
1.879711807798923329e-01
1.115260732476683475e-01
2.489768351773275212e-01
1.864148030715188087e-01
1.361427826498945448e-01
2.404315713292300705e-01
1.562676962865223174e-01
2.241222242868414205e-01
2.190274795691197762e-01
1.852596752359804699e-01
2.133805103943903492e-01
1.302992348798367450e-01
2.468561484894504499e-01
2.358898586168520772e-01
1.872888444662520746e-01
1.787370293480622929e-01
2.455492367508337881e-01
2.218797879323825828e-01
2.262215166095540297e-01
2.191128625104518113e-01
1.969934700064420174e-01
2.436128790867644611e-01
1.682645948624381937e-01
1.342353864268152341e-01
2.443476894563498814e-01
2.102611351798396311e-01
2.194194086309329828e-01
2.192235186598907037e-01
2.208534741457612305e-01
1.316399413517018724e-01
1.473774425148485501e-01
2.019639368887806152e-01
9.507011751965058211e-02
2.468859493672989069e-01
2.298267596181492178e-01
2.422922343598685468e-01
2.462038581112809821e-01
2.294168259369342988e-01
1.289736828007055913e-01
1.863913558248578572e-01
1.666746219155840480e-01
2.218627305029636787e-01
1.551557469137727352e-01
1.987110849954255298e-01
2.364052209972090091e-01
2.221366641275402676e-01
