1.728939893291822540e-03
7.570168156963950901e-04
9.365038138895208711e-04
7.513065336907368734e-04
1.103215083514371472e-03
9.740038967583456190e-04
1.060363966359073422e-03
1.373130479652047865e-03
8.425239917405803617e-04
7.304134114858213973e-04
1.009638305460125061e-03
9.258115883311350200e-04
9.447778460171524359e-04
8.246178494365811150e-04
9.141219822670351236e-04
7.894613865016923953e-04
1.058118979114766513e-03
8.993291104339661522e-04
8.754757171086551340e-04
1.799595913533680097e-03
1.016741618461771421e-03
1.570479074981818773e-03
8.984136664586572828e-04
9.447777353047177732e-04
1.045950461698919032e-03
8.544587695766570632e-04
7.207599819839520137e-04
8.535203933463523162e-04
8.503658674932330170e-04
1.394311360114626995e-03
1.113225977325090887e-03
1.154575752651846362e-03
1.370505064260881716e-03
2.903784413628905832e-03
8.172082136274667766e-04
7.737600273544617590e-04
9.618878039720811035e-04
1.167466841398833886e-03
8.855914436832560679e-04
1.228894941835989314e-03
9.117052236357740293e-04
8.175206579042788727e-04
8.302755335360857561e-04
7.818654355118098524e-04
8.685842365622104032e-04
8.476903263357845773e-04
9.029358910184728717e-04
1.027361833819996195e-03
1.008616878462963119e-03
1.346244339717757310e-03
1.602796559346506911e-03
7.820629972439303726e-04
1.378510711009908827e-03
1.423771814198906971e-03
8.704623447804150623e-04
7.677683774882415645e-04
7.126960776363398158e-04
1.071320731950684479e-03
1.949727857874880132e-03
6.793631234750972196e-04
8.280455184384406331e-04
7.282095607590535107e-04
9.892664980387466753e-04
9.410865110769815658e-04
9.850629405570494358e-04
7.820654274105011709e-04
9.418007077163349870e-04
1.259737686291303223e-03
1.156577623742913218e-03
7.353974696580950141e-04
1.148885047084709492e-03
9.791326922992886050e-04
9.380358522420584322e-04
1.080167755486241207e-03
7.447857394145679637e-04
1.032484118295874144e-03
7.794076617179058119e-04
9.673927645369978078e-04
7.899961701190004329e-04
1.041162387725411446e-03
7.817076571439216101e-04
1.383482568165857142e-03
8.432446358425566045e-04
7.341977075415322173e-04
1.200589300756192907e-03
9.213091966610450177e-04
8.330930469671436354e-04
1.066027313200851746e-03
7.615901916973908488e-04
1.296045016551925855e-03
1.651485609345374134e-03
1.057125994731171904e-03
1.076277893477154074e-03
8.580312767706171516e-04
8.581369561770934608e-04
8.178618994812617395e-04
9.026974056077898077e-04
8.654532196326612022e-04
9.811914395949990382e-04
9.105391981035385962e-04
1.065899695727661389e-03
8.630472596217591283e-04
9.126952525120833343e-04
1.045445263354081913e-03
1.115540286804055699e-03
1.917237076947615835e-03
1.563128228367042507e-03
8.498133834860981724e-04
7.365719415828601759e-04
1.089938989413085247e-03
9.194512200590394075e-04
1.327881331340644965e-03
6.902767703691309840e-04
1.403572041450401337e-03
1.058739365001163356e-03
1.018128862333089356e-03
7.341486522270876652e-04
1.065059881380631384e-03
7.797657941078235243e-04
1.723428667462359844e-03
8.239777144706110805e-04
1.324208454205147130e-03
1.157899076815049107e-03
1.008777926094152518e-03
9.614659985337650023e-04
8.061096197872233372e-04
8.228155006528113788e-04
1.037247170929185124e-03
8.023360523612593819e-04
9.352797853406242526e-04
1.048895065842659225e-03
8.017535896140752212e-04
1.044160734212985038e-03
1.408578637576380970e-03
6.867323950802775318e-04
9.290380985327443327e-04
8.394555978663596285e-04
1.243079816451650010e-03
1.013735911516211886e-03
7.563777007930941538e-04
8.088534946649957079e-04
9.436554659450223153e-04
1.082871095851225835e-03
9.001040827250506460e-04
1.240554081322993744e-03
8.119969333719569225e-04
1.060625051365044749e-03
1.069634590807314826e-03
9.685659871179250592e-04
7.742790111254857369e-04
8.479586867203431355e-04
7.541113726231108783e-04
7.518605812670950319e-04
1.230743820494187854e-03
1.064253741501369884e-03
8.588741770021971096e-04
1.434922693303804708e-03
9.246763975894336336e-04
9.120668891205466157e-04
1.023890598238364402e-03
9.414985718746379535e-04
6.949695856165718708e-04
8.804809790146592716e-04
9.695110568620528757e-04
7.486267179410245132e-04
1.070781801259876624e-03
9.158158355587266456e-04
8.897675782062985624e-04
8.248320945188264202e-04
1.402611483297906908e-03
1.052701005536862923e-03
9.353196945686097609e-04
8.267564491299617341e-04
1.065242366090380114e-03
7.938635369117270045e-04
7.881582205031512859e-04
1.013278523560773563e-03
8.022777456563479764e-04
1.426551772627599780e-03
8.225281124107999570e-04
9.623510060949931784e-04
1.007290565106466274e-03
9.723034878321866383e-04
6.690222222959496794e-04
1.084317758622048650e-03
1.001391654795905561e-03
1.296669287017356356e-03
1.210973658794826154e-03
7.806375623143289302e-04
1.113444643497576948e-03
8.801191955922405994e-04
1.988674243371168441e-03
7.894216567163199992e-04
7.819985239074087784e-04
7.619726293110627626e-04
8.818708001631567466e-04
8.498369478061920104e-04
7.561160329066015252e-04
1.104879233728337266e-03
8.560717974014787467e-04
8.518628147267389783e-04
1.081150004399721596e-03
1.015067908610137789e-03
9.348652964224027926e-04
6.924563706058418444e-04
1.067872066833724411e-03
1.039250328372131162e-03
1.344599874493651245e-03
1.209302298607353677e-03
9.413937712348741452e-04
7.451010358259460174e-04
8.060151211345004205e-04
1.053238792756927122e-03
7.476360944456786903e-04
1.300192544927715075e-03
1.799085771271253641e-03
1.261727023670200162e-03
7.405962639542811162e-04
1.279852599460724492e-03
8.201419125493727980e-04
1.313658397606810640e-03
8.388652300283133993e-04
9.757126712854164666e-04
1.182141407880893174e-03
1.763263419129254246e-03
1.012808554641568158e-03
9.516641823515818201e-04
1.050144634624616347e-03
8.981096184617516631e-04
9.630991928566081002e-04
9.294207454889327671e-04
7.094278045158127974e-04
8.568048820503290077e-04
1.080234008080617784e-03
9.798182461733489883e-04
8.306864118047241861e-04
9.623219533302030055e-04
1.088738437287913681e-03
1.594114534741287699e-03
1.263240363528686646e-03
8.400506899925096974e-04
9.519855769308779901e-04
1.063374446349683736e-03
1.798364110248744808e-03
8.571194745068906390e-04
8.118422668518937829e-04
7.306087772053571419e-04
6.958949630411192513e-04
7.605092168524619101e-04
7.133308559584439646e-04
9.470345413170001489e-04
1.133440546283340060e-03
9.269614799596937512e-04
1.082008738368018608e-03
7.384183402310572119e-04
9.726961922425651818e-04
8.284256561358143388e-04
9.020117021263461933e-04
1.035843164485139101e-03
8.075710266885038208e-04
1.009344128152058753e-03
9.271515023150239676e-04
1.012899259287983059e-03
1.219748770983580680e-03
8.588373569039529963e-04
9.279072900899004023e-04
9.028556371109727448e-04
8.240486120636100493e-04
9.679180028549563006e-04
7.917302522473824164e-04
9.239760970008723592e-04
8.050441806580620630e-04
1.104509696676899593e-03
1.149775266658306129e-03
1.156907369134497912e-03
9.010263173075968397e-04
1.141691396268441688e-03
1.019002490848507428e-03
8.011434803946682016e-04
8.555313299769203321e-04
8.522229480641841520e-04
1.071894958201850215e-03
1.252037042759628635e-03
1.282305715334294480e-03
8.183070127256317433e-04
9.274123312671902911e-04
7.944090191149321203e-04
9.319263053427967501e-04
8.591980296620397878e-04
1.015274748222740530e-03
9.216552940387381931e-04
8.029209559319893177e-04
1.017358204368200639e-03
7.982159013692516044e-04
1.045410691126735358e-03
9.646194973196080226e-04
7.242644102511430239e-04
8.307922970646838432e-04
1.086251654619253652e-03
1.325622499964518178e-03
1.351624034348843052e-03
8.805914571995918918e-04
1.005190063507524750e-03
9.442665073369656530e-04
7.356805255733272131e-04
1.000699453418429398e-03
9.851137094216456946e-04
1.203894419642587447e-03
9.478977935359934881e-04
9.371560333841029607e-04
8.332715336749099396e-04
1.155971178364282540e-03
7.828926442198890076e-04
1.324009347930068777e-03
7.956735377342563165e-04
8.058329074476827843e-04
9.473185777741100757e-04
1.009193043181018899e-03
1.235483346855730013e-03
1.064097840119915435e-03
1.352819910539741158e-03
1.273581894984368492e-03
1.626263059518813893e-03
8.210895426939700563e-04
8.864880579625369515e-04
7.423250466280236588e-04
9.774559335373772962e-04
8.332080709125631434e-04
7.152663871822200880e-04
7.646816206838222838e-04
7.899706509384898240e-04
1.123977563439515059e-03
7.420247254131492366e-04
9.964595752227176518e-04
8.077261970721814205e-04
8.974951338294804822e-04
8.823439527807321915e-04
1.050488723797921584e-03
9.695429893488036145e-04
8.075632200023600453e-04
1.056527461337585351e-03
7.879440035409657553e-04
7.779207154813908009e-04
1.951282811004931977e-03
1.010697902233727904e-03
1.310074890338460557e-03
1.540603936626546268e-03
9.072189574070957689e-04
8.289144893940038773e-04
7.923084089843934752e-04
7.804716940245892383e-04
1.163144111065303942e-03
8.169882352298808671e-04
1.172316018493976602e-03
1.018377307734900494e-03
8.762583006748076277e-04
1.577417133157488520e-03
1.146701046024007275e-03
7.588927638986661629e-04
1.417300990315503240e-03
9.174698704648567371e-04
8.854938291216799505e-04
1.413693048168860114e-03
1.147779376219844154e-03
7.398798074793629239e-04
9.661810210637576017e-04
9.087492443252553767e-04
7.057499817913895964e-04
9.670894849336866004e-04
6.749169739854404913e-04
8.796045971628996176e-04
7.588015924873973885e-04
1.021829338072368634e-03
1.014917291236848386e-03
1.418404953801145982e-03
1.100147855985384891e-03
1.454601776949248889e-03
1.208784980155265618e-03
9.739728749607164332e-04
9.343741972124575959e-04
1.022209570454212998e-03
9.562559770558193197e-04
7.306585481258302296e-04
1.939589296315010099e-03
1.684175719197811977e-03
8.910530962644349490e-04
8.386119480319125874e-04
9.939578853392352573e-04
7.826637765816277367e-04
7.965106106688659001e-04
7.631979718571627437e-04
8.794439237480967215e-04
8.324149765746003370e-04
9.215722040978812334e-04
8.506178969282240931e-04
9.811397771838435526e-04
9.768978778816679760e-04
1.016954331254002128e-03
1.079632612142052833e-03
7.110040295762977891e-04
9.125250853024591833e-04
9.720528899699650699e-04
1.105025498414761434e-03
1.811759647292020357e-03
8.455903862418913484e-04
1.162511323772755971e-03
7.828558990344142415e-04
9.670870342658151667e-04
7.151610457197869709e-04
1.080829360534959040e-03
1.085665418094577603e-03
1.514853174831569827e-03
1.436750186038011912e-03
9.778403772604785018e-04
1.145638052208971126e-03
9.557828397529728520e-04
7.454868801845432628e-04
8.683991229537096641e-04
8.318932725023071763e-04
8.986084219466716804e-04
8.928683917188654645e-04
7.364034100717626284e-04
8.597210393939958006e-04
9.443820483438570331e-04
1.290087647300715290e-03
8.891179070785843689e-04
8.149894857109410981e-04
8.479084326353155667e-04
6.856142661770847939e-04
9.144557267202741259e-04
1.755084550259629599e-03
9.897963007988450686e-04
8.350507884844318761e-04
8.038333566502998961e-04
8.240837887419442389e-04
1.134457997200527622e-03
7.268562685123771631e-04
9.421526476459720365e-04
1.167325847166005622e-03
1.142386655143099719e-03
1.524700638572993455e-03
1.059975830730471068e-03
9.330395985416171847e-04
9.658580845347184123e-04
1.087860595761762795e-03
7.879688603647145868e-04
8.530315430993759898e-04
1.386467892890201397e-03
7.616520371677757252e-04
9.832175428619248890e-04
3.944423388251926121e-03
1.078196898336702351e-03
9.816559360790596492e-04
7.992114733904633062e-04
1.025230741718356677e-03
8.089222280677614042e-04
1.353215076420279887e-03
8.458739014128730796e-04
8.460814634853757767e-04
1.175593970798751884e-03
8.273150489036648798e-04
1.077408175768463771e-03
8.442595471972271816e-04
8.519608562466725451e-04
1.021800036383609892e-03
8.772308749834211144e-04
7.935342834960621653e-04
1.420422655560601858e-03
6.933779342892976323e-04
6.949434261546368107e-04
1.363899059613004217e-03
1.022067229111013782e-03
1.327478145929817483e-03
1.029402006719168199e-03
1.027826238730040640e-03
9.050687606880059412e-04
1.188473762377327504e-03
9.503493402609976184e-04
9.265411897701304007e-04
9.751951692802299058e-04
1.038319905243025509e-03
8.330433622684065703e-04
9.911458817565038833e-04
7.276021999144031104e-04
7.047790959794994091e-04
9.391626564343519756e-04
9.820336015452294214e-04
9.902507486446005501e-04
8.221862020976121151e-04
9.571093387420252481e-04
7.784981614366312877e-04
1.067727439495376376e-03
8.534222101742449263e-04
1.621125301882165486e-03
1.047332254008434939e-03
7.890562953888342716e-04
9.677904994158502026e-04
9.788959212695433169e-04
8.973915301449658915e-04
1.127321266450872139e-03
1.231927294341120553e-03
7.502565222168214700e-04
1.020175992120944111e-03
1.007193018728825109e-03
9.417986885529033717e-04
9.333007933231944348e-04
1.015983351609941066e-03
7.629612522770083541e-04
1.185402094588422712e-03
1.718941898347532736e-03
9.814125317574207315e-04
7.882092421562994630e-04
8.958212035273451380e-04
1.057198485534483140e-03
8.810106246249670885e-04
6.995670156451846977e-04
6.841822945133419669e-04
8.972766905262622751e-04
8.896962312355617729e-04
1.025796999873186243e-03
9.756074113426870973e-04
9.043460129304881599e-04
9.341222687053835853e-04
6.676600558471742575e-04
1.468829083890559268e-03
9.531017487959192935e-04
7.550423480843290866e-04
7.535513267201192572e-04
8.809100347321783360e-04
7.949106432396643501e-04
1.121052320373351315e-03
1.009706740723162249e-03
1.415346215562958594e-03
1.304357080556411714e-03
8.923620470557707979e-04
1.013137916879750834e-03
8.885659939991444019e-04
8.894484999945154484e-04
1.439168275162169310e-03
1.121111120681856158e-03
9.224433232551128943e-04
9.431066175934705925e-04
7.141121448110423174e-04
1.108399308079883799e-03
2.075117465548518593e-03
8.280430536719186755e-04
7.476562288218026233e-04
9.605199240953953216e-04
7.647549630627096346e-04
8.972342254014881733e-04
7.975331997620423120e-04
1.168811686965647413e-03
1.099005784055330764e-03
9.180834413014825378e-04
8.823830756511163781e-04
7.895538354778753806e-04
1.220805592989615248e-03
7.258142938287096002e-04
1.136426180012205722e-03
1.304988981204418044e-03
1.120315019905927150e-03
9.700846653307491170e-04
9.417178361141616402e-04
1.074784208226670134e-03
7.920720797672029358e-04
7.809194919282394986e-04
1.483035233983186077e-03
1.095424778742330177e-03
9.852305617883618406e-04
9.826316263515293224e-04
7.377575018687481832e-04
8.285770851179006212e-04
9.124408042667154399e-04
6.867718580653429288e-04
8.350061868873147677e-04
1.892632503042844571e-03
8.770296076895694364e-04
1.060971400603194894e-03
9.079058079902399027e-04
1.334602946993038728e-03
9.120284269698965621e-04
9.585122495593170191e-04
1.190472981167696931e-03
7.833600678325362268e-04
9.886950664478580050e-04
8.412790561090706300e-04
9.291053254373272084e-04
9.148017541960316076e-04
9.117712347235275294e-04
6.887981506581017854e-04
1.410332400684265316e-03
9.872016123680495484e-04
9.974420754111645859e-04
9.488548239802092107e-04
9.995867665167090538e-04
9.674418280962149546e-04
8.500375453694594382e-04
1.034272191574209330e-03
9.552858590419583892e-04
1.025255084979969549e-03
1.586585815443446222e-03
9.528400306261885881e-04
9.364718444727805754e-04
9.575496133897388800e-04
9.307450367767277884e-04
1.071899498948295296e-03
9.509049114653302147e-04
9.589932985911756545e-04
8.051642028831440187e-04
8.624383358338268786e-04
7.486414021992431793e-04
7.692721537885388594e-04
8.365896281657246190e-04
1.572665559661144035e-03
8.666758663262393893e-04
9.052005196922166628e-04
1.038539154754256500e-03
9.679833844521080121e-04
1.078124919404640277e-03
1.222489609406797375e-03
9.398740160009807533e-04
1.281248320413029681e-03
7.302960652833466156e-04
1.110283069896906508e-03
7.373602083229473811e-04
9.237376105237606657e-04
9.446211262375885055e-04
7.921774274038107227e-04
6.974362900875981028e-04
1.007871367903665242e-03
8.859441505657331128e-04
1.159338061188191875e-03
8.795930756403811312e-04
9.881854312478210219e-04
8.449730967063517504e-04
7.798499250778097042e-04
9.358714649294138819e-04
8.704694410681682254e-04
1.195827648627735941e-03
8.546922568742021343e-04
1.202191306394527178e-03
7.914596999259629990e-04
9.519250122917063397e-04
8.057182625253502808e-04
1.508962420896568010e-03
7.723667070514731673e-04
1.065358286074236539e-03
1.653938318228150191e-03
9.661878858751626930e-04
1.231717083127494700e-03
9.391522741398870703e-04
8.879936301665591327e-04
7.814445221040741208e-04
7.411183632269641598e-04
9.198444945940035134e-04
9.160884210974988996e-04
1.128856040339215171e-03
1.135467441202908439e-03
8.040169213422188347e-04
9.241011296005622504e-04
1.008594816619542197e-03
9.253054578735469844e-04
8.837556462239780407e-04
7.858850941627660734e-04
1.278761514120654039e-03
9.221099748874887194e-04
1.008638096799304535e-03
1.312116369708502201e-03
1.749835071785802495e-03
9.222510996680225500e-04
7.113307043952991774e-04
9.440496391451476963e-04
7.460351710927647746e-04
9.372640411391736006e-04
9.336175477814386741e-04
8.427408492164269139e-04
8.411431148293571029e-04
7.141538358546251292e-04
1.062121458223048553e-03
1.064902956073535394e-03
9.142424991231758473e-04
1.130920174294747357e-03
1.515154737189264604e-03
1.488320079079530909e-03
7.929109931044474964e-04
8.139757705064794594e-04
7.672603389756608777e-04
8.244206649331582010e-04
1.638701053122118036e-03
1.417303941559642719e-03
1.744860141034227687e-03
8.012169794084830201e-04
1.798963062511778300e-03
1.126624564451293763e-03
1.105578089945736045e-03
8.041346342180146628e-04
8.358339472285867102e-04
1.093859251693692991e-03
1.267206910640322369e-03
1.077778127477824460e-03
1.027211064622894588e-03
7.606619210760494571e-04
8.686736142060809971e-04
1.065692624071905726e-03
9.377171992117027104e-04
1.540678387649467183e-03
9.032545821745379972e-04
6.907056424473930357e-04
7.498309516257152356e-04
7.639634646616393424e-04
8.885663696892857248e-04
8.192506646746668597e-04
2.384753292233317713e-03
1.056529593797345557e-03
1.025124577568696732e-03
8.671130424345811077e-04
9.232872913015792785e-04
9.899131714990959917e-04
8.484491834411092342e-04
8.060397247731201399e-04
8.304545308194704115e-04
9.126622136649422496e-04
7.822248465529165092e-04
9.430539660334183102e-04
7.237503109227336326e-04
8.216895456316926187e-04
1.039102766848640008e-03
1.064379478268494749e-03
1.479808884831314980e-03
8.537529775033682279e-04
7.246893778135136965e-04
8.015779747667057609e-04
9.781605037397858322e-04
9.627997170800132835e-04
8.350126523923020669e-04
8.778455184186213268e-04
1.007191033604570027e-03
7.253352679429904068e-04
9.253297693440646005e-04
1.110557943606902331e-03
7.690667148420293189e-04
8.850786360915500637e-04
9.374206052491468148e-04
8.719796899912691385e-04
9.363138944850628743e-04
7.815200532139130515e-04
1.623152836877670997e-03
1.007446625533009021e-03
8.955655572429080348e-04
1.562775197960230861e-03
1.478102223338179566e-03
1.242870004764890174e-03
7.210568103832035516e-04
1.016952000433355829e-03
8.848458122503134390e-04
1.454345269905083426e-03
1.041364069853773942e-03
8.529607611412549960e-04
7.347916269213588397e-04
9.967932076576676952e-04
8.776757592943629140e-04
1.061143576602391119e-03
7.760500039493143168e-04
7.867900366565792414e-04
7.831145306761049581e-04
1.507801511280484983e-03
8.414269193979241569e-04
8.673676947321142493e-04
9.419328287946306154e-04
8.637382835806558818e-04
8.064457425741221276e-04
8.245344018322877441e-04
1.165949465873119054e-03
9.804525094645646487e-04
1.047244133811576963e-03
7.532611307281219821e-04
1.035229015401826005e-03
8.922227962734328478e-04
8.470991244899059346e-04
9.562578541599067207e-04
1.300590389965944208e-03
1.091341801029947897e-03
8.527668297338135851e-04
1.043537004495725604e-03
7.602948384758470308e-04
9.751278061164708874e-04
9.924649473656537834e-04
1.457346146644182463e-03
1.041981319623887453e-03
8.036649302524949846e-04
8.854677053707644269e-04
8.369798533581647958e-04
9.057625835433893427e-04
1.060938737820106646e-03
9.109172187966432582e-04
1.458142188974396189e-03
7.365581433039361048e-04
8.198792996160844671e-04
1.138048914387795527e-03
7.435262423815758520e-04
8.189473133211346532e-04
9.299595614486934770e-04
9.624622212307746682e-04
9.991953322897218111e-04
1.055694002529628450e-03
1.260427358881123549e-03
1.158144118446040359e-03
9.415679084891665244e-04
7.765976405783422878e-04
8.377466092336912718e-04
1.180617298923397011e-03
1.009686517343292428e-03
8.512387141227898031e-04
8.261829438910557686e-04
1.522960809398054725e-03
1.438396953428490227e-03
1.555877217208745129e-03
1.361274990199111933e-03
9.519338744514654156e-04
6.844303598505689168e-04
7.733600856866406801e-04
1.121509084179438511e-03
1.685399859071770286e-03
1.265798350584481421e-03
1.207208578848484315e-03
9.185977032265332668e-04
7.637209046618069052e-04
9.835707032778708524e-04
1.125001591913649211e-03
7.676909282895885527e-04
9.425112670838136589e-04
9.198723946428922224e-04
8.771206312949666106e-04
8.714442831676759123e-04
1.178949664429869730e-03
9.234576889181194152e-04
9.348789479199087890e-04
1.259638968577680507e-03
1.023845157104023807e-03
8.868826604006509098e-04
7.545451910371555162e-04
8.860654765152950040e-04
7.635061070454837555e-04
9.816271610215917837e-04
1.154930953491862047e-03
1.181735163942401268e-03
1.523488084544328712e-03
7.449330171787018522e-04
1.011967577057192296e-03
7.204477784965582698e-04
8.276055117692122150e-04
1.113213853270855281e-03
9.325433103892121411e-04
7.847965767265813533e-04
9.396206997490189885e-04
9.677702369796516808e-04
6.920755088865135525e-04
1.291666555992080842e-03
7.274158772126393608e-04
9.303382447459791890e-04
1.058345718560294848e-03
1.160090574290297298e-03
1.343736015133551202e-03
1.054570704816222646e-03
1.410298252140997901e-03
8.651225019402220950e-04
1.033685271403716240e-03
1.340042267558807631e-03
8.424701810432515736e-04
8.514349117348635849e-04
1.099460093812116949e-03
8.838713952125675823e-04
8.083771469320357545e-04
8.049965010518704469e-04
7.736374056227481510e-04
1.245925336830799304e-03
7.954300445930723639e-04
7.636862688055612173e-04
1.170550310037797538e-03
7.696482790608418726e-04
9.128203492873283951e-04
9.088604059365715162e-04
1.127796140963223869e-03
8.589775498300134676e-04
1.979101255892472613e-03
7.015080279535838848e-04
8.496094799124878725e-04
7.839515352422976027e-04
8.774220778747277060e-04
9.658995193004947391e-04
9.028791752137055098e-04
7.259816633686946115e-04
1.037709843712963150e-03
1.538812958316513246e-03
1.005093620418419202e-03
9.991827505836420494e-04
7.532685073023863767e-04
9.533639147595999227e-04
8.704668277874429453e-04
8.464307094255945621e-04
9.021739304870528969e-04
9.399792008231415029e-04
7.626451022427592355e-04
9.632623451279496507e-04
1.015052312180258218e-03
2.122423562496695507e-03
7.046863458813713366e-04
8.238462530582583076e-04
9.224849176774841319e-04
7.997269115109146599e-04
1.342897297709014139e-03
1.179907845545704421e-03
1.283313599820469671e-03
7.423042152169657222e-04
8.844786666601343883e-04
1.461387169765117301e-03
1.302649396545214541e-03
1.010616050283324368e-03
8.987859812248984604e-04
7.397304906109046247e-04
2.731966669862806018e-03
6.852135996222700771e-04
9.665166662997352756e-04
8.368643827878452469e-04
6.967494731570368595e-04
1.221807105504050042e-03
1.324556818999474096e-03
9.984368577195905630e-04
1.328215269964517315e-03
1.031374225101383546e-03
1.029634448003361380e-03
7.176969215017012065e-04
8.175878641799038966e-04
1.457533879723127684e-03
1.084276389019959812e-03
9.858592239474345525e-04
9.942253247755045067e-04
7.759905849974173177e-04
9.484986211903697435e-04
8.223395738423207226e-04
1.328890032810519164e-03
8.369106465171123697e-04
8.585752796386307041e-04
7.326176108492988464e-04
7.414074880545103510e-04
8.809464728893386543e-04
7.780353292854396818e-04
1.042267827342992009e-03
9.713080615445788320e-04
8.480151005319403346e-04
9.024679128788443529e-04
8.447040304484374406e-04
9.617404310161285948e-04
1.001138919781954318e-03
9.836728236563686920e-04
8.505826799800257458e-04
7.643638959816608262e-04
7.294454014354858793e-04
8.045225725491127276e-04
1.017151173282458904e-03
1.042548415245367734e-03
8.572497731364807578e-04
9.837255333591974835e-04
1.443863063771074449e-03
8.297849057998512180e-04
1.379019810630826128e-03
9.190935371490329938e-04
8.419115879572479757e-04
8.714701774937921820e-04
9.046508059987038754e-04
9.994440076146037660e-04
8.645069528738164380e-04
9.308664167897327466e-04
9.747217605760618827e-04
7.751224444173843457e-04
8.962431970391150768e-04
1.002983289000099502e-03
9.724377464292938492e-04
7.833814682167796785e-04
1.715454634800131235e-03
1.596436588551425166e-03
1.036842493505980498e-03
8.712211834143453832e-04
9.427813183779060278e-04
9.408290818105070593e-04
8.155781138167941683e-04
9.760069978799756647e-04
7.478780454591973850e-04
9.493327582188398157e-04
8.471165435338501694e-04
7.946846866939613879e-04
1.085916659517073470e-03
8.255817221862273058e-04
1.100712758120569361e-03
8.231601951721993380e-04
1.020671973482071551e-03
8.538920074050846592e-04
6.806033649751832160e-04
8.274473338801552206e-04
8.772067404905906692e-04
