1.062649359571055585e-03
8.630130325603477953e-04
8.909585584351190730e-04
1.223534262873797896e-03
8.290074996366495310e-04
7.908983211142675031e-04
1.185113771077717960e-03
7.321184573375164083e-04
1.245226630587831619e-03
9.077073202831289047e-04
9.243463726190583735e-04
9.436032518608708074e-04
9.515976994563801750e-04
1.066926278796528774e-03
8.898553541313760761e-04
8.521805556634417080e-04
1.078524200669910135e-03
9.288653408586519233e-04
8.030528815058543763e-04
1.120918776233263475e-03
8.588520704948949787e-04
1.266751025862165045e-03
1.387062313173776078e-03
8.444383371416737177e-04
1.143877789655619497e-03
9.528993553111691573e-04
8.179173640690208438e-04
7.978152194854123795e-04
8.446360459209677207e-04
8.142752296204044428e-04
1.070042009236478334e-03
7.620971400082518369e-04
7.077042582784587050e-04
7.916965231938354140e-04
1.145445824903252186e-03
9.601794931658725295e-04
8.496803355919532166e-04
1.003678957052491329e-03
8.782016347117283829e-04
7.763686367551190549e-04
9.440227226321708806e-04
1.092131913520253458e-03
6.990887075491532179e-04
6.838906544076135338e-04
1.173384415520708091e-03
8.566954882106485401e-04
9.476818940685869828e-04
8.651800669855915600e-04
1.084156784586668386e-03
8.723074970384415549e-04
1.585356060474497160e-03
8.591045439736835548e-04
9.254125476969891299e-04
1.020720573673389742e-03
8.169177512230336611e-04
1.041747010352495756e-03
1.033641200634591913e-03
7.581925047217066838e-04
9.713465663529750362e-04
1.496939382733280697e-03
6.808798452959391586e-04
8.264242252305311395e-04
9.635975719413221669e-04
9.125439074830730968e-04
9.885790337786869424e-04
8.313711165872805396e-04
1.324765551912987418e-03
7.200164865638993862e-04
1.022205522114997493e-03
8.512563443799686571e-04
7.018995352525754126e-04
9.070514767619286284e-04
1.057143249502114470e-03
9.686011513747871948e-04
8.551326000045410443e-04
1.082133154169305457e-03
1.697060901386337117e-03
8.649900456781067478e-04
7.454385957782576344e-04
9.007761151273918285e-04
7.975396534178512886e-04
1.221340142311648806e-03
7.324960644332196257e-04
7.321187198478685144e-04
7.265428680867476105e-04
1.003834628300445198e-03
8.560381168299633931e-04
9.594110045125596713e-04
9.022481019776277568e-04
8.522926493035232112e-04
1.074368678364000414e-03
1.281611639263777105e-03
9.695250617136779488e-04
9.566078147377941009e-04
1.322269573116564888e-03
1.106074039181808265e-03
1.370082071552175757e-03
8.646680425451997538e-04
1.824938705060231677e-03
8.109645857786516691e-04
1.010998211127997178e-03
8.550939341250098948e-04
8.286446654291341205e-04
1.689056708928702178e-03
8.989491957499525041e-04
8.116089049982590708e-04
1.121669422510045448e-03
1.046178778239890538e-03
8.874092547284339032e-04
9.157262884162604456e-04
1.392034113712675020e-03
1.178809168407555109e-03
1.001702161631658943e-03
9.355616226743396170e-04
1.191040734722316821e-03
6.988058859560916268e-04
1.872845896950193741e-03
8.539953411503300703e-04
7.465029463755597488e-04
9.685225344815030909e-04
8.021497462392957736e-04
7.347845194479117039e-04
8.139335654226293728e-04
7.668516532564330314e-04
8.810021039790339121e-04
9.506927289317497563e-04
1.028417639829347060e-03
1.401925869059854725e-03
8.879068437107856364e-04
1.530447262450566372e-03
1.057592640242800176e-03
7.970930945451742272e-04
9.898415752400016674e-04
1.492908125372589085e-03
9.480394870745429380e-04
7.278213366790227921e-04
1.259081843415118347e-03
7.553066329881067765e-04
9.750352890978173726e-04
7.556880674165934860e-04
7.837793106922830632e-04
8.239788428329679728e-04
7.852121593360749090e-04
8.301440323735198796e-04
1.026036722310281818e-03
1.060566695619940972e-03
1.206140886671935170e-03
7.057265837941947883e-04
1.504509783057607917e-03
7.932854252885610056e-04
9.817721648693229514e-04
9.415181824504981981e-04
1.302471759551304372e-03
8.759825262091887202e-04
1.111703207443725085e-03
7.806718389978549487e-04
7.983139365206078477e-04
8.802604329127952437e-04
9.237152189388826229e-04
9.664703847042404499e-04
1.118120305571827832e-03
8.814932103410284608e-04
1.281165841480679749e-03
1.048705005065450266e-03
9.432206437382420049e-04
9.090289909577047673e-04
1.074183884979010902e-03
7.802426730052494045e-04
8.806241672277385912e-04
9.911262476389910703e-04
1.007672348139399075e-03
9.137509023323458438e-04
8.354626423403640903e-04
1.244416079496512813e-03
8.417228773809296710e-04
1.009659787341948573e-03
7.678875610342532094e-04
9.916075396544442137e-04
1.052373127106228648e-03
9.355642588026836593e-04
1.321546314118692694e-03
1.003482960293878689e-03
1.007432650874898845e-03
1.124702423674192077e-03
1.205810876437172054e-03
8.728303039867774853e-04
1.018311487521531651e-03
7.934594388459534397e-04
2.015928271064292704e-03
8.049152287229119351e-04
1.368921970404413232e-03
9.447265021621542060e-04
8.113668501756720469e-04
1.476733998165055640e-03
1.149513416185867247e-03
7.676774453098045769e-04
9.165332584303572750e-04
8.147701993137269070e-04
9.643134573741400347e-04
8.309413340733857881e-04
1.145668292116237960e-03
8.854262369975947561e-04
1.508922342603862161e-03
7.415188046375213640e-04
8.523480704460840301e-04
7.427260736401392104e-04
1.109186574447434785e-03
8.560349206268998926e-04
8.367449380966196417e-04
7.833473846679142680e-04
9.443472374046332817e-04
1.048583768565923644e-03
8.558909316746025854e-04
9.821273580857422213e-04
1.047516823534001915e-03
1.261468107351863257e-03
1.103298528344322672e-03
1.208122006187482876e-03
8.658337728863761988e-04
8.433639690410999357e-04
1.196523668513102632e-03
8.222526163274382913e-04
7.898640551794037287e-04
7.129892876808046611e-04
1.150258152342580964e-03
8.434349894586871867e-04
8.186896571358826501e-04
8.142797223959881902e-04
8.114363251344800096e-04
9.962061845673242291e-04
1.469550641011445552e-03
8.909034054620859622e-04
1.301374505802178026e-03
1.060027236515992833e-03
9.072696292284971502e-04
8.124574481301698441e-04
7.765785234887317371e-04
1.313510980886996565e-03
1.019764075231864402e-03
1.167249324023619328e-03
9.687749371723006382e-04
9.403497241345154176e-04
1.042720911265053452e-03
1.140917600633801999e-03
8.032333380476145172e-04
8.344198453966736534e-04
1.024229400622449909e-03
1.109283513943302817e-03
7.771410982145184054e-04
8.314759280883608598e-04
7.013163635196732444e-04
1.265567459390117087e-03
8.796277997318829433e-04
1.309226894395173080e-03
8.602080788696299038e-04
9.966053726324845645e-04
1.430654899921826465e-03
2.398884356240027493e-03
1.347832440795206956e-03
1.214714413298227441e-03
9.541599943109277523e-04
7.404755013723254798e-04
7.435560605218415877e-04
1.069147622269607913e-03
7.266261053841968848e-04
1.157936324793943728e-03
7.229930933184925898e-04
9.377465594095094276e-04
9.560516835497813101e-04
1.158295505268585809e-03
1.151057535893893532e-03
9.822994002562099661e-04
7.970310341848885552e-04
1.066647849210685707e-03
9.606524262350717505e-04
7.136060344474170168e-04
7.494636644218582609e-04
7.010258849912693723e-04
8.794012324300117932e-04
9.432190340459394853e-04
1.526981313388816371e-03
8.628731436808220181e-04
1.102566154907251876e-03
7.222032381429066908e-04
7.079911580676490762e-04
1.362367398258707875e-03
8.612029966243419038e-04
1.414337414118757184e-03
9.730109643212221139e-04
1.083597394611906899e-03
9.575225699920370068e-04
8.414007288834676485e-04
1.307201938414356227e-03
7.912057696891538951e-04
8.210560544845930736e-04
8.794098487290707977e-04
7.599012239602481343e-04
8.640850239121264072e-04
8.055907039601831318e-04
8.608584389585772134e-04
1.038707249324122587e-03
7.969869303548703619e-04
7.601422241988444947e-04
1.065889492183765518e-03
1.329830889297074293e-03
8.994950500448427744e-04
7.186549631150159021e-04
7.548779002250316072e-04
8.207142055041279863e-04
7.187818890506436935e-04
6.574644081153807563e-04
1.377363214300629480e-03
8.758123246603831142e-04
8.221842575120957407e-04
9.193329532036382265e-04
9.665284954016943033e-04
8.121218158347400006e-04
7.567551090352027561e-04
1.330159888965080613e-03
1.151409643691182327e-03
9.979837758298730314e-04
7.561586467105416111e-04
1.004854958857803824e-03
1.068524997837877813e-03
9.070563083935400317e-04
1.126023972907653830e-03
1.052868374684462916e-03
1.163624547852156908e-03
8.006454034832733791e-04
1.472326221347967879e-03
1.065337920907253851e-03
1.084408944416639323e-03
9.309662260297844926e-04
7.237576471044379622e-04
1.019709986396474637e-03
7.118691785269660620e-04
1.336045619537462462e-03
8.280885115703995845e-04
2.092169382758416168e-03
1.052212236350649841e-03
1.249477318081189782e-03
7.920486896972755856e-04
6.574578209462144003e-04
1.204600406470542019e-03
7.478779483943881782e-04
1.136831226435451809e-03
1.008595794364893893e-03
7.598049613244315086e-04
1.024200856744440433e-03
1.101546124178578567e-03
1.013311196724111423e-03
8.328027748451362951e-04
7.488431872439895321e-04
1.399135170318395373e-03
7.307291292184886142e-04
1.335085102534697924e-03
8.299233986817484109e-04
9.418667966617219134e-04
8.200812598518425825e-04
9.473704212575614989e-04
7.877204123398748098e-04
7.104308291072135078e-04
7.316478632219501751e-04
9.526861053270800715e-04
1.018508387684509062e-03
8.548012579981531999e-04
8.062231167672772800e-04
9.048080931267788590e-04
1.020170749783582374e-03
8.501005932446044919e-04
9.850007204374479613e-04
1.237117994438870477e-03
1.003769539520377001e-03
7.141926800981175747e-04
8.982523149362859173e-04
1.153804126797518476e-03
8.243829043253276439e-04
1.438242116224653548e-03
8.916752173607010289e-04
9.523672020556757638e-04
8.770000212690316332e-04
1.289544966666256046e-03
1.165834660078006934e-03
1.127607881617844138e-03
7.709886359120716017e-04
1.021557361984723857e-03
8.589062279269786071e-04
1.751003174888444980e-03
9.222172973827361901e-04
1.062068455164448663e-03
7.504118923951600285e-04
1.231141047295645965e-03
8.337474284863909254e-04
1.033362112118757113e-03
1.007524123360074202e-03
1.056736576649380550e-03
7.612711784627329776e-04
8.834122910339009494e-04
7.154458413525348337e-04
8.310583673752286243e-04
1.510031103059167757e-03
7.309635385520815666e-04
1.024461356266288120e-03
8.502195533014475590e-04
1.037625082424785232e-03
8.998618686645146235e-04
1.481060339742540279e-03
8.377100162717315487e-04
7.517361844233306925e-04
9.119554967845591199e-04
9.050267362712007642e-04
1.243334689792807745e-03
8.112378020824392291e-04
7.914401063634333858e-04
7.767096867114051811e-04
1.609531321297571430e-03
6.933560870158199038e-04
7.417167970864109927e-04
1.220723912962277122e-03
9.614111571786028302e-04
1.018747767503496056e-03
1.557246584180709860e-03
1.071849608443426437e-03
1.019679378139209079e-03
1.859901219950732282e-03
1.970070583005339732e-03
1.295719641401300208e-03
7.981874829005491988e-04
7.167287461877413970e-04
1.067644767066930562e-03
1.187836870990096726e-03
1.289017366255982297e-03
9.406417234535794682e-04
1.545666976694816180e-03
9.257187888913028309e-04
1.219282462230272205e-03
9.580859214033888216e-04
1.024034863977750726e-03
9.998335020356273646e-04
9.158162085888413642e-04
9.166066769189177687e-04
1.218147709633941389e-03
9.444385089942323140e-04
8.824315241841796048e-04
9.232574211039300737e-04
1.038117715509455146e-03
9.282879523447752764e-04
1.441475979837417805e-03
9.019166048525501011e-04
7.910105268229827846e-04
7.687083314001681581e-04
8.216016250033198604e-04
8.514760796110253365e-04
8.750579757690008040e-04
7.652568913608960837e-04
8.999304184981457089e-04
8.313100540292948535e-04
8.521885231598885996e-04
7.214809468762012909e-04
1.057075044359609070e-03
7.832269723319885101e-04
8.872079937682643934e-04
9.624521960617340478e-04
1.256204579262173949e-03
9.429784099382533969e-04
1.284788794525317966e-03
1.402517413171932041e-03
8.928124609572646439e-04
1.009890343055006544e-03
8.239442711197546418e-04
8.052259678457294664e-04
8.254433852902618579e-04
7.126457542839438218e-04
6.788552641981801701e-04
2.007684978216623620e-03
1.919349498180467463e-03
1.288589774430721514e-03
1.208847790787062008e-03
1.226722816948974800e-03
9.604824123410251723e-04
1.189174912147081048e-03
7.152869977329803092e-04
8.570929089224278274e-04
8.471809839056173566e-04
8.723009709728377298e-04
8.013256251611402788e-04
7.012559566448192628e-04
1.022470092666935039e-03
1.023620337145349224e-03
1.352835999523137366e-03
1.119177636858473789e-03
1.342508845331373112e-03
1.292066388743529472e-03
1.065529732587199843e-03
6.869462683862100853e-04
1.044157181172995210e-03
9.082128743627467405e-04
7.755797933287822063e-04
9.500702686179183978e-04
8.482126107752871067e-04
1.154836389701558363e-03
9.797396016543056738e-04
1.338886486033753894e-03
8.238588806851642387e-04
1.567143326984537979e-03
7.347651697537017261e-04
9.703968201946981805e-04
1.134356472182827336e-03
8.539575973459857415e-04
8.293818454520328386e-04
1.114572823459289777e-03
9.956757413376261714e-04
1.020482020916182921e-03
1.268059615073503180e-03
1.339742672010118228e-03
1.109806983976866857e-03
7.126801091832175210e-04
1.691342120985464895e-03
8.402211438200219091e-04
1.059324892752427916e-03
1.367243811728223457e-03
6.869782894066868558e-04
7.419653073105347959e-04
7.053307683704650166e-04
9.032713787141365266e-04
8.503142417670918243e-04
9.538517580095211713e-04
9.754877351396324704e-04
1.428838297693605860e-03
1.321991500094075100e-03
9.483045951935712608e-04
8.747572263139122587e-04
7.375832208534205013e-04
1.011462961673340868e-03
1.272604536194033280e-03
1.035479446443001664e-03
1.193655036716463483e-03
7.583042352891041817e-04
7.341470787037657165e-04
1.171523011075352927e-03
8.026692870477446186e-04
1.135424971270700047e-03
1.038771688840183643e-03
7.893509202284962377e-04
1.253078579629217804e-03
8.959081762758277579e-04
1.046318267465100272e-03
1.083316695714678108e-03
9.801781171139335204e-04
1.211641950233916572e-03
6.793444424479923261e-04
6.724581964843835778e-04
1.152466498419929455e-03
8.578839582554995125e-04
7.300604592599791538e-04
8.575246218038244921e-04
8.429778658717552260e-04
1.872098357719390125e-03
1.738892591306517334e-03
1.631930391719288703e-03
1.037771092323315708e-03
1.001723038862673432e-03
8.495877724603179961e-04
1.049525888607832219e-03
7.779769400560935079e-04
1.116616218413325583e-03
1.437869671232561977e-03
8.226098369071669107e-04
9.508874657810110695e-04
6.911186087123839979e-04
6.856277758938424073e-04
8.906807406904201614e-04
9.733271831162000056e-04
1.013519831044689496e-03
1.276177757903476607e-03
7.668297038312764770e-04
6.997775143870688065e-04
8.466188679718403883e-04
9.009870276935782367e-04
7.866973453200640405e-04
1.134553641890494700e-03
7.236951790589377098e-04
8.481541397143096180e-04
8.412997010817084174e-04
7.841350236612570218e-04
1.067825639976067043e-03
1.397777944465891349e-03
9.583985289616917848e-04
9.769936351761742462e-04
8.881944356031725926e-04
8.346465444531753382e-04
9.779032426638332737e-04
7.512087997637900867e-04
8.727598393270337342e-04
1.197259915965941330e-03
7.005796075450997345e-04
1.577519967151382084e-03
8.486813197694152667e-04
1.045708929543797631e-03
1.072081402095985533e-03
8.137274423540369556e-04
1.347803664108681307e-03
1.001526764339142955e-03
9.204436549328274359e-04
8.145790181688170994e-04
7.770621167513395208e-04
7.858075099901602571e-04
7.584809257820628427e-04
1.030783776628445107e-03
1.051263871005690079e-03
1.179265468105415195e-03
7.942219246461686708e-04
7.566109067075385943e-04
1.187286347993470048e-03
1.140856526165770230e-03
8.363294199793935152e-04
1.193830126444988052e-03
1.015807267918730251e-03
1.140344989629946734e-03
1.226046427765132511e-03
1.139353128125031051e-03
1.718038594585070923e-03
1.428061590479136507e-03
1.950145916214826797e-03
7.460387631202156479e-04
9.299680421007365094e-04
8.746733272586736845e-04
8.426895048000709746e-04
1.337810159826407141e-03
1.158552000961008592e-03
1.017118284170348075e-03
8.796966580042589511e-04
1.095739208382818901e-03
2.164942505226833021e-03
1.273724182880737197e-03
8.945658660251585388e-04
9.881641404905965129e-04
1.246211275168357608e-03
9.782336214406164247e-04
6.870447464753301611e-04
9.148725450420113663e-04
7.338128849383128687e-04
9.506477934739981971e-04
9.063881510159805871e-04
7.608773471645096775e-04
1.180873614340309996e-03
8.336868824178365412e-04
8.039814681814613177e-04
1.155283930496769050e-03
8.424928348465238583e-04
1.026438926975596936e-03
8.771446003511105703e-04
1.103106917518503847e-03
7.616919349529801576e-04
9.203538065347251305e-04
1.086431471703314762e-03
1.267614887691975722e-03
7.187510884474135678e-04
8.193019202448538789e-04
9.133782432560816822e-04
8.746362173559884927e-04
9.362429052467772768e-04
1.068271311961413927e-03
1.388217351072830279e-03
9.848562384032325846e-04
7.288243570443428626e-04
9.676526766472701678e-04
1.217456502696446542e-03
1.076307670109759654e-03
1.011818191641960163e-03
7.021668699093005714e-04
6.792491959489072072e-04
8.573744851586719657e-04
9.757753375913144015e-04
8.244825115630138174e-04
1.019909970634437025e-03
8.457457817156343498e-04
9.591251821165980773e-04
1.042304526035420708e-03
1.251840466177136981e-03
7.032831498371012449e-04
9.766272332036997177e-04
1.163052807879488056e-03
1.662355083522151344e-03
9.279313553850304349e-04
1.004944680826124880e-03
9.561132503166875967e-04
9.238095800436975803e-04
1.233852624383615466e-03
1.228583984125633521e-03
9.267454239093652702e-04
8.821618010965620376e-04
9.447439657710819802e-04
9.442075391852943617e-04
1.527201087424067500e-03
7.741190594029907519e-04
9.961727371069451723e-04
1.042299419306908425e-03
1.056253682216891972e-03
1.036175019919516197e-03
1.161434103295093867e-03
1.256274778444871646e-03
9.552640948190214976e-04
7.925778141629290620e-04
7.416490464783870437e-04
1.259581201577168220e-03
1.153583873892174028e-03
8.722727806880251848e-04
8.916244137591346338e-04
9.255583920774924792e-04
1.013826530175827292e-03
7.923029852934835660e-04
9.399702974328314441e-04
9.978740084304268693e-04
7.467594310987972278e-04
7.985294096057255018e-04
1.272594384363633525e-03
9.401558298420002648e-04
7.987075902843199671e-04
1.024787979987952426e-03
8.318298817158955747e-04
8.683091307810686431e-04
9.537738434964826125e-04
8.183011230837872055e-04
7.112583139958687881e-04
1.006279531003067586e-03
9.661292227532896964e-04
7.218065795175730021e-04
1.190605759399351741e-03
9.147720198120616077e-04
1.144920301516290893e-03
9.708648147300178192e-04
9.160725379274060496e-04
9.248384889351760757e-04
8.452730605229113450e-04
1.166867809548112174e-03
8.857565875310796904e-04
1.168260075386407361e-03
7.794543280257364105e-04
1.006671223142259876e-03
1.463091045052493985e-03
1.822897214925271996e-03
9.282304583343675784e-04
7.164291579851807994e-04
1.191524715770865333e-03
8.693689481317262626e-04
9.043761893264503802e-04
1.168762505659414353e-03
1.245021001269069937e-03
1.000276670540021107e-03
1.378854072651585589e-03
1.111970030684255152e-03
7.318679802426963444e-04
9.459801342626424732e-04
1.243051292530231167e-03
1.345191451934016824e-03
9.896670398408522525e-04
1.309400562279029821e-03
1.286885260642975501e-03
7.623965034686216481e-04
7.977570616976615864e-04
9.595801376982532153e-04
7.531860283859896123e-04
8.002140353899353867e-04
1.025844057804028422e-03
7.955488322994643544e-04
7.949671638877393648e-04
8.784273447630161881e-04
1.424845473954887377e-03
7.999057653974041542e-04
7.265315457719048698e-04
9.262646307903158079e-04
9.821256269581290013e-04
9.698116110499699566e-04
1.148710624604443306e-03
8.494437948580362344e-04
9.408650845223271103e-04
1.102962730886932223e-03
1.079482162343660531e-03
1.079966657363631323e-03
1.006041832726209872e-03
1.072234458227233752e-03
1.027740354165425146e-03
8.020995961414657469e-04
8.393626341152686130e-04
1.156189091196778386e-03
1.535162409222955290e-03
1.080934722610526512e-03
1.153759111490053378e-03
9.883422793483022124e-04
1.008794864229024856e-03
7.966126152746432279e-04
1.074568367795632196e-03
1.117239981709855024e-03
8.846309650977389949e-04
1.037378094762462675e-03
9.574168403102664617e-04
1.023960003902687609e-03
2.279475095164499102e-03
1.240169416337239591e-03
7.988376197209165605e-04
8.673799590343267158e-04
1.423001877661051384e-03
8.436524208154261989e-04
1.838884020709769451e-03
9.354446992968102476e-04
8.511548644791409575e-04
1.241958444126175110e-03
9.440824591699980900e-04
8.332261896589779294e-04
9.749982254610682500e-04
7.752477239011929628e-04
8.118842228005573218e-04
1.388254221584359809e-03
7.889385029499971754e-04
6.986578868120468539e-04
9.017642134412258426e-04
1.054367658928289601e-03
1.094512678311505231e-03
1.345539716496906707e-03
7.873193318109098860e-04
7.473327926121402752e-04
1.113523793722356230e-03
9.894660169342504863e-04
7.554645087785720773e-04
1.154529921046467669e-03
1.096463769726791415e-03
7.637285205096676789e-04
9.804024034262850094e-04
7.703838518908184396e-04
9.366723191503766380e-04
8.328195587116970751e-04
8.655364921130025580e-04
1.229789981340336479e-03
1.262070501650579702e-03
9.713835303983524424e-04
1.485893902744112169e-03
8.595852438231365439e-04
9.352513689129727690e-04
8.204351646649502960e-04
1.111541506628676472e-03
9.040844874338177951e-04
7.817270976949778315e-04
1.337774729733351561e-03
9.590453356133391526e-04
8.313580532834199174e-04
8.194726823939523430e-04
9.171486727374498485e-04
8.090665335660155843e-04
8.233316496192301078e-04
9.459214349590505059e-04
7.570786134656062264e-04
7.736640217871609132e-04
1.166873617463536593e-03
1.383955322255496024e-03
7.515882895123071139e-04
7.993086788713265429e-04
7.839992634141786662e-04
8.236967353919419583e-04
1.112867930247798086e-03
8.221706442575836939e-04
1.661007630291146467e-03
9.774926377164429650e-04
9.669674316792084383e-04
1.061515198304100209e-03
1.123677918056722666e-03
7.239119773342046022e-04
9.939180709541653880e-04
1.027772077343475305e-03
7.556439076838572912e-04
7.763988342403266426e-04
1.288443346575079843e-03
9.128341983784888291e-04
7.728512835497801901e-04
1.061099309538727142e-03
1.326349540384159616e-03
1.212792068307896529e-03
7.307441841895904143e-04
8.527365350910148887e-04
9.722687530754255689e-04
7.155422260222535401e-04
1.048887092179996792e-03
1.035472790588407412e-03
8.052938263019484167e-04
1.055782395396036126e-03
1.055144787100351523e-03
1.455229276356252276e-03
8.854933884538833183e-04
8.617571821739884556e-04
8.049903193120832873e-04
1.162164110549273764e-03
1.096645846298326598e-03
8.222470866456761110e-04
7.985845549748261550e-04
8.540029190430224303e-04
1.319360377256186684e-03
8.118871800164313007e-04
8.893138878347629306e-04
7.613929721135175629e-04
1.273320190508643026e-03
1.078684846319523686e-03
8.338567167784911686e-04
1.169290257717409609e-03
8.867582004079953978e-04
9.431611479682878822e-04
9.773000584618566234e-04
1.782211145916550669e-03
1.256822279673703354e-03
1.608884876597728745e-03
8.632429196463632529e-04
1.332560070648062698e-03
1.091251255503771465e-03
8.482514105146185621e-04
1.218150195564358419e-03
7.464740376396803356e-04
9.876901463773532161e-04
1.035176410767613998e-03
1.469258837200192614e-03
8.898425921764776224e-04
7.775051336133081926e-04
8.439044328984514906e-04
8.127373430065403881e-04
1.310858828319451256e-03
9.888982437025672315e-04
9.519363406742343886e-04
8.384205618652037627e-04
7.240503252500233742e-04
1.000435428838854441e-03
7.580530716017322077e-04
8.951979020772927748e-04
7.794287383733308804e-04
7.643181681670645254e-04
1.417105232008974850e-03
1.126951457078309181e-03
1.580473278713610775e-03
8.823919184348132843e-04
1.079876765978478792e-03
1.047031322941509605e-03
7.576137431716799828e-04
9.166054502591668889e-04
1.121232509552382711e-03
8.837902877635549215e-04
8.584080152728377480e-04
9.045954962170425079e-04
1.017572672174853329e-03
1.190034909265920773e-03
9.022609322897094056e-04
1.069052371300661898e-03
8.283179966000889845e-04
7.256143267078030319e-04
8.612362362806001530e-04
1.802253679991089015e-03
1.154300636165123649e-03
7.505745543252165339e-04
9.325133776251431179e-04
1.051911797068032445e-03
8.334642016016365496e-04
8.506372233789893586e-04
7.307843391276229580e-04
1.225717565128495081e-03
8.983436360680159809e-04
9.670225313270884452e-04
9.390670646516318396e-04
6.483922625719682050e-04
1.063854521469049293e-03
8.231418811009393868e-04
1.020598862661112631e-03
9.580779492064685210e-04
1.020985015281007657e-03
1.182820862563872767e-03
8.607208746226112459e-04
1.533630397074994649e-03
9.613608991247696170e-04
7.748629413316905157e-04
7.595625311365676461e-04
9.916933105443275377e-04
6.947907754156020963e-04
1.070348963216828609e-03
8.154345069014987211e-04
1.159826777600546756e-03
1.199954588682678814e-03
1.266142984440910566e-03
9.578091586574431987e-04
8.455559295925758802e-04
1.184190713527865377e-03
1.067436186375454298e-03
8.656242937270206298e-04
9.947611117432494585e-04
8.614021306456335703e-04
1.096597920811771387e-03
1.169154327727100389e-03
9.602073723705166139e-04
1.203526926585930280e-03
9.286533249598506821e-04
9.295181343805815864e-04
1.274255689011942298e-03
8.660495198460091502e-04
8.009447643149140332e-04
1.450956679753361012e-03
1.377316200633787319e-03
