1.108528937706095840e+00
1.241651494824616453e+00
5.051080680606975903e+00
5.557949638409092508e+00
6.039864716639971931e+00
4.307739025390565857e+00
2.278681377328955815e+00
1.522554849768806395e+00
4.313666109609032517e+00
8.419520060053072852e-01
6.322407522882757647e+00
6.355950249021693921e+00
6.008559428338739572e+00
3.909910067402035505e+00
4.913418541811308771e+00
4.435315067908335074e+00
6.137384908186821697e+00
4.989754035570028279e+00
4.764828023422742476e+00
6.448314967599164227e+00
5.572040894088933882e+00
2.602131664133114697e+00
3.488844526853821293e+00
2.348302658485651229e+00
5.817624072141946989e+00
4.515471390682193942e+00
3.588143284747985717e+00
5.809171617882369354e+00
1.180239734444095356e+00
6.053147622951526863e+00
2.154958488824808338e+00
6.369669562852656952e+00
2.626921883413504410e+00
5.379585480407982345e+00
1.499957667737450429e+00
4.053709818606842319e+00
4.002085231332657145e+00
5.168929715038799166e+00
5.791163328927890319e+00
6.014255929022219505e+00
4.299951847611899858e+00
6.466485186484226766e+00
4.815585236426778160e+00
6.208477374687084271e+00
6.523907145500624338e+00
5.186824874869510715e+00
5.067349600911519758e+00
5.808636762665802422e+00
5.390931220532026558e+00
2.559942925717702877e+00
5.137895464926339528e+00
5.381470907282262850e+00
5.959251095825958133e-01
6.141584329102149020e+00
6.351652263181904345e+00
3.994391651269161070e+00
1.350656308275599571e+00
4.909400510014631180e+00
5.292155912744758162e+00
6.504585748953591207e+00
4.857589786664222586e+00
3.687639868970110424e+00
3.790728239077023609e-01
3.295503991836306046e+00
5.595557906487096389e+00
5.269098167180637837e+00
5.716540621233257014e+00
2.936477433188640518e+00
4.941713092872256574e+00
4.487230360428807963e+00
1.066379084612421480e+00
1.264801407835507430e+00
4.254882054720686924e+00
5.406291324332874737e+00
2.607057004521932786e+00
5.043803452883574678e+00
2.560173272412546552e+00
8.120035820605376875e-01
2.978315129452176802e+00
3.640589966948676093e+00
2.031594027432491067e+00
6.243518409232004629e+00
2.220434615242932619e+00
7.927186335011590090e-01
3.546848408386960916e+00
4.878742058884516730e+00
3.329141002721546450e+00
6.452875339897163443e+00
4.979102041762214270e+00
6.578101474999777931e-01
2.432180820143249544e+00
1.845671164218806393e+00
5.325612589254866691e+00
4.397756020789237219e+00
5.987040676656341986e+00
5.434803938046937510e+00
6.271539162438170223e+00
2.230662373077523242e+00
2.873274241898278181e+00
3.744177915557533431e+00
3.599458853816495996e+00
4.591876118879837598e+00
6.088206737679350056e+00
6.571976656557934504e+00
6.159319037400369012e+00
3.096659670757192728e+00
4.267258008365521604e+00
2.494993756332244406e+00
1.161367295010564238e+00
6.527058602166897927e+00
6.391768468342768905e+00
5.216600923909744836e+00
1.713916434493763630e+00
3.613397483961245715e+00
9.576315580371652647e-01
1.424956216359251293e+00
5.270559121568499705e+00
5.038641430837780710e+00
6.090803578891682335e+00
6.020900627486170720e+00
5.156888370789645570e+00
1.154359813940101231e+00
1.123510422710803924e+00
6.449533461213833085e+00
5.401639957104771739e+00
5.097955556865676918e+00
2.615978092439567693e+00
5.086512869650230861e+00
5.151678692160306383e+00
7.323696121386333857e-01
4.152118709806360997e+00
6.579088335545859145e+00
6.277200279478901024e+00
5.594197077692386166e+00
1.326745640026268491e+00
4.916838728173900108e+00
6.568772178062111777e+00
4.956489905805423035e+00
5.938638108600466481e+00
4.990509673868936069e+00
5.997963324187415957e+00
6.335734246291445437e+00
2.129302916681801605e+00
4.103891241398231138e+00
4.328302599644017867e+00
4.565816208752409899e+00
3.114787555904361405e+00
6.155685224763139729e+00
2.726825092263136074e+00
4.843835083202386649e+00
6.581655295130840244e+00
5.390224047194607238e+00
3.306820588462607180e+00
5.306497202159815352e+00
1.206023264885669466e+00
1.998946545736537850e+00
5.650191107328012663e+00
6.052046675217921390e+00
6.147402534563942922e+00
6.455756444169050923e+00
5.492880545209988696e+00
5.950201936136019221e+00
5.843627809036717302e+00
2.718023626029196560e+00
6.157107290549760137e+00
4.138752909741705288e+00
6.090797547613288287e+00
5.134569520106676777e+00
5.260600425921938772e+00
5.795714944203213648e+00
3.001275083213819084e+00
6.591930060043631023e+00
5.837804784575464367e+00
1.292068819532695478e+00
5.282744959037468213e+00
3.907217442784851613e+00
5.581441895435892420e+00
5.402324116850052427e+00
2.595943935184748419e+00
6.419801066072849949e+00
3.187406516241169996e+00
5.838431305855408482e+00
2.675364390815675897e+00
5.097062652945902883e+00
6.119783367228564863e+00
6.140812825069073888e+00
5.417008788462108093e+00
5.169093705193275490e+00
2.263419398367554347e+00
1.740331372678731947e+00
5.165176284876229928e+00
6.050331415296187565e+00
5.415748060059002000e+00
6.300707462515241275e+00
4.124001517705289999e+00
3.089039347514345391e+00
5.675174188964422051e+00
5.793352499311994919e+00
4.906324994955205021e+00
5.471539093196649439e+00
4.411622269897586435e+00
4.857008607411342993e+00
5.051059966273523827e+00
5.158882931370658120e+00
5.223764806114235881e+00
5.661738355610079765e+00
6.135119465914232961e+00
5.573459229261571224e+00
2.549794027526773643e+00
5.426268253884497739e+00
2.629704867163156656e+00
5.857519128443497536e+00
5.745920017517734735e+00
6.483842270552870879e+00
2.371391198834599034e+00
3.038090565626188955e+00
4.070977298655526155e+00
6.035384437405635794e+00
3.450308810155595651e+00
5.667834561712039587e+00
6.003533400862346880e+00
5.870588899279524320e+00
1.980593938826786804e+00
5.278152032154894258e+00
5.093297660519482406e+00
6.536298308575714255e-01
1.961532313501532343e+00
6.587322566049697237e+00
6.348900906453495807e+00
5.962613645681518193e+00
3.034647502511897521e+00
5.796437029797725238e+00
5.221544515808470344e+00
5.173998244913098787e+00
3.811420660295669727e+00
5.695913605150893844e+00
3.354068248956947773e+00
3.114649657905697033e+00
6.147429538008559291e+00
5.964631413620589129e+00
4.979824561978796638e+00
5.229434434461209591e+00
5.911049013393780527e+00
5.443597902246825271e+00
3.156300552328698217e+00
4.123268934516973516e+00
4.759531619338570607e+00
5.440907299859188306e+00
3.007048155643433418e+00
1.472261222629386745e+00
3.429657970694939273e+00
5.546490490298472409e+00
3.968016327152534384e+00
3.865906803663902824e+00
1.202721874609368857e+00
4.987502328872031931e+00
5.291873346506120512e+00
5.498510528848965961e+00
6.534260540676232409e+00
2.557274079841040937e+00
5.539020151490756660e+00
7.032984588222700451e-01
5.197560533798013971e+00
5.634705168723202817e+00
5.971999048157673684e+00
4.794319177105136554e+00
4.668302533582751046e+00
4.949092108094885312e+00
4.753962515445563142e+00
5.755168802369515113e+00
6.321131829503637611e+00
3.557932244739485661e+00
5.126895108641805976e+00
4.872229671417393604e+00
5.418970652782681974e+00
5.063443983462800446e+00
4.097605311322366717e+00
3.048660625960745385e+00
5.642271303328792342e+00
2.996650823431135979e+00
2.500283138100746871e+00
3.906673186655901020e+00
2.208065400266817857e+00
1.651990633754778948e+00
5.048577240731807692e+00
6.575197983752520514e+00
4.811620090777481984e+00
1.155525531286195839e+00
6.308016584220868417e+00
5.660736701828402495e+00
5.530925634448675687e+00
4.964470818439185251e+00
4.991891238666730679e+00
4.075261823442900777e+00
6.398192534159519163e+00
5.922198755265562831e+00
6.896386112104421207e-01
5.623135795609099929e+00
5.536392198724816360e+00
4.134972560569706523e+00
5.366235445985696018e+00
5.958517842461544589e+00
6.450384449909495110e+00
3.316330213635224400e+00
5.020882932481941729e+00
6.323973507481000844e+00
4.232400728746146257e+00
5.068587221666898124e+00
6.114059182152735694e+00
5.159721838342732347e+00
5.419866754944723475e+00
5.032453838884219266e+00
4.939683235726567645e+00
5.463345466559952790e+00
5.072915638490119505e+00
6.395736445678969595e+00
6.228790836733560710e+00
5.058473708183086615e+00
4.220414422129726617e+00
2.774823108379427694e+00
5.175270088908159316e+00
1.678993088415908996e+00
5.384730275461397042e+00
4.933299818398062975e+00
6.510307021047200493e+00
6.020562174263852206e+00
4.642728470853080047e+00
1.632468971159152904e+00
1.316870818303346624e+00
5.238882360487233214e+00
2.218710084686541073e+00
5.143956946308848366e+00
1.549868606258316017e+00
3.460032954600927191e+00
5.480278718030151985e+00
5.107182929278552663e+00
6.087117905313102817e+00
4.080736204738323103e+00
6.220982787777805001e+00
2.313605834309813591e+00
4.850469022629205540e+00
5.587331052512542584e+00
6.284625522594547320e+00
6.579535958373117666e+00
5.901631143329066020e+00
4.490008298346972460e+00
5.628861909474237812e+00
5.039142777123168493e+00
1.791266383957073494e+00
4.039935925590299348e+00
5.224047767331379433e+00
4.513758672755260548e+00
5.612408936792236069e+00
4.105480245114554450e+00
3.941357371891531791e+00
1.701069381770797584e+00
5.010231342716325642e+00
3.597349004401378281e+00
1.817131007066504100e+00
4.210012557825417723e+00
5.305946254203716350e+00
1.882601014237449855e+00
2.807975642163346830e+00
3.078754617175450292e+00
6.489728556397196257e+00
4.906937586600038870e+00
6.255419045014383173e+00
5.433546090366999870e+00
4.934989807339001722e+00
3.877400511245701953e+00
3.721414026823834487e+00
3.919887087302446282e+00
5.015460825225752650e+00
5.647837952949240403e+00
2.036380920510733272e+00
2.559247864279219353e+00
2.274463841368067119e+00
5.745860068982304725e+00
6.521588109719548498e+00
5.532050975398142612e+00
6.528373862021831897e+00
5.646570412090763824e+00
1.525308862767616791e+00
5.472492164160875916e+00
4.813934274153821136e+00
1.242271026261403399e+00
6.279912478202613890e+00
3.727340919612717851e+00
5.172090923769161463e+00
5.651566102720883222e+00
5.074365324894547058e+00
5.094749003585863356e+00
5.724589830156368464e+00
3.669299207729894263e+00
9.896598250677347552e-01
5.203904694995842739e+00
5.937710198631822145e+00
2.500213557678209852e+00
4.730390926448516886e+00
9.202339380400790247e-01
2.983791383468178626e+00
5.301236057893518705e+00
2.563105431673023737e+00
2.814789665710542010e+00
5.640765163799775550e+00
1.839911266178245519e+00
6.465034234643961319e+00
2.058705163216564493e+00
2.080334162141897814e+00
6.280517608498330517e+00
6.340774980737031719e+00
1.991479484091784879e+00
6.101040640389822300e+00
5.623858650823073013e+00
5.744595083797503499e+00
3.161546986252218527e+00
5.475982701680844889e-01
5.122148261719328133e+00
5.012822971266371219e+00
5.387975270355479296e+00
1.433257789098263180e+00
3.634402654009905920e+00
1.130692073567935108e+00
6.007795216664948867e+00
4.170769937882442768e+00
4.801686512335367141e+00
4.798084835228787703e+00
2.534386175648388750e+00
5.032974337255671671e+00
1.374921701994939571e+00
6.591774257625674593e+00
2.175904305776151570e+00
1.373306711068337238e+00
6.575021924138075846e+00
5.400390542369406077e+00
6.215366529038647059e+00
4.654259516710188116e+00
5.345078501389527226e+00
1.744063983571817245e+00
6.089381304320597543e+00
5.667478049709081311e+00
5.723422292021351332e+00
4.108961186469969107e+00
1.695058747876938554e+00
5.241594788474747801e+00
5.649134946081530551e+00
2.851432730452695630e+00
2.316144847552536579e+00
2.067985658729044829e+00
6.395513693685177081e+00
5.199110107980341233e+00
4.811138939287667782e+00
5.912982326890980467e+00
6.140393556065564695e+00
4.464098103469750001e+00
5.800195807884436228e+00
4.540231964884108073e+00
3.448621956635454122e+00
5.009314365448860329e+00
6.453139823952379395e+00
1.429584076007246241e+00
5.222966411770603834e+00
4.884913107673809485e+00
4.975470385985433452e+00
1.884579790383020148e+00
6.367740024636860952e+00
5.503751066631901168e+00
5.439517664682009368e+00
5.284051252135098409e+00
5.979231931994981153e+00
2.171464171051857850e+00
4.297959332994286896e+00
3.184488917387103157e+00
6.167330693808392716e+00
4.147784494346623774e+00
4.595609652361159370e+00
5.208344835252250782e+00
1.835597423586448507e+00
3.928907844447484088e+00
5.572853712139205662e+00
4.242614359989441475e+00
4.829042369960980352e+00
6.341889437591603951e+00
3.024226359557643296e+00
4.724798774003195589e+00
4.349531555714007958e+00
5.636460992964638983e+00
2.707238257989101005e+00
1.941011035626353687e+00
1.618101628848748863e+00
4.539632517496892561e+00
5.068111584404222825e+00
3.296546134808346906e+00
6.073046266304092278e+00
1.059663227475325487e+00
2.187226231655631015e+00
4.787371659751562980e+00
4.966583813014097792e+00
4.227377931149542079e+00
3.504049079131297706e+00
5.868798354969302800e+00
6.171004918198798705e+00
6.043256906047510313e+00
5.854388498000015595e+00
3.273530935498690120e+00
3.710150882458187471e+00
5.267255001511123247e+00
3.185126038716042718e+00
5.229914871653506658e+00
5.283676764906772405e+00
5.023831895618445564e+00
5.048906648650802964e+00
5.668352088942565814e+00
5.575050555019225307e+00
3.859078379818102089e+00
6.306990136807882230e+00
5.264193422964773106e+00
5.836049280639890036e+00
2.407431258716750566e+00
3.298634692217407238e+00
1.558821091489245747e+00
3.192064545972598477e+00
5.529563981016235807e+00
4.997225752965009704e+00
6.505436165832314543e+00
5.579964614172014947e+00
5.014092160433227363e+00
3.195876790545486124e+00
3.624743005716016153e+00
5.204385771623911694e+00
5.103438005884260775e+00
5.236954876730704811e+00
5.287568133090384315e+00
6.452904827759414985e+00
5.832552170376703593e-01
2.479131331963869034e+00
2.504765120422210334e+00
5.871628770339570202e+00
1.265380047872563862e+00
7.521085928402273524e-01
6.461458277536887174e+00
6.409357796046100120e+00
6.191163937956170038e+00
6.544371719304319157e+00
3.687020829394911825e+00
6.133587344801562757e+00
1.949243595135037754e+00
6.358630566881440238e+00
5.577271650503048406e+00
4.817127982372713113e+00
5.924268276446895243e+00
5.114323401058467056e+00
6.160969727972409160e+00
4.868565078996634377e+00
2.540151824714431239e+00
1.585320689963734209e+00
6.097178817652814331e+00
3.294558605498934867e+00
6.325490369174172400e+00
5.771789314537541848e+00
2.936836175627867807e+00
5.236489495812657324e+00
6.415648790487435527e+00
6.280316854174314400e+00
4.833984480828141805e+00
2.653553728692607638e+00
5.575934588984952534e+00
1.988665925430733949e+00
5.123075671689109711e+00
3.785878770565676010e+00
3.772008253788964982e+00
3.201726683207936741e+00
5.325968355651617969e+00
2.343185307401102424e+00
5.010137115096522820e+00
4.667158246968559965e+00
8.971636424380473596e-01
4.925965610825550733e+00
2.985396051788851146e+00
6.087910118815625715e+00
6.320118126365878553e+00
6.272839757995278376e+00
2.334466033866142709e+00
2.602352419730717514e+00
4.724291590721350076e+00
4.103324252162964036e+00
5.070575890117238416e+00
5.407891749804032422e+00
4.928653149297599789e+00
5.965210570527847977e+00
5.063473285132935153e+00
4.836683220800157557e+00
2.271335161440879435e+00
5.053510901838903280e+00
5.462198914302078379e+00
1.159541557495786801e+00
1.518458138026443027e+00
6.427685819915929244e+00
3.176200584519385917e+00
2.892125077939613043e+00
2.731122221236663705e+00
6.355287163156659425e+00
5.364732469511308555e-01
5.046636585868544245e+00
5.900970880704815791e+00
4.924208706014105097e+00
5.874568673355756054e+00
5.837010175874105755e+00
4.828464748591625444e+00
5.404919221411745411e+00
4.332703333756669828e+00
4.819007483899563127e+00
5.047268399388048721e+00
4.807875069803715817e+00
5.847087685887191633e+00
4.576389394947126377e+00
4.833459261483149305e+00
6.820409672056262362e-01
5.584472048491335272e+00
3.215125749387736764e+00
5.201601742749265789e+00
3.592923259502094790e+00
4.666271818062618593e+00
2.639506745378979780e+00
6.165658157665171224e+00
4.742539764444836159e+00
2.382303193669981667e+00
5.237293556001087147e+00
4.620830856809991616e+00
3.349847604326276151e+00
5.606076961583634777e+00
3.442572733280580444e+00
2.847710513244210428e+00
5.436346439645661555e+00
1.214689817010570660e+00
4.374710291559425812e+00
6.218524284169586025e+00
6.075740358127296403e+00
4.179264707950526514e+00
5.241540741157659333e+00
6.464589118843436566e+00
4.954918064599211469e+00
6.119996985034805270e+00
6.401383074820077290e+00
5.015205345678599436e+00
3.862793704175594645e+00
5.099940189645823629e+00
1.125976617410473057e+00
2.421115641512299188e+00
3.111430768989279727e+00
6.405866853739848210e+00
3.911315282373132085e+00
2.528152315339176948e+00
4.666084062481554717e+00
4.509453769026305459e+00
4.346716307636392607e+00
6.346975227702664313e+00
1.663415309992720026e+00
3.808842989624889874e+00
3.273823191736242144e+00
2.494179792129525008e-01
5.121807602856610409e+00
5.277900765886177403e+00
4.838352013702906795e+00
5.861793240682491302e+00
3.167628849086304932e+00
3.535775027869693665e-01
1.965496753434892163e+00
4.688417384413606115e+00
3.154216668923423672e+00
5.600950853255314499e+00
6.172505860300466551e+00
5.952165657255252817e+00
6.393680901989588605e+00
5.007316268013524585e+00
2.077898565817561494e+00
6.459601949070677307e+00
6.530793276281450233e+00
6.567388202268569231e+00
4.385401188448461163e+00
4.996664779552370206e+00
3.412701431808128127e+00
4.665683514884811700e+00
4.425967043080707874e+00
2.787468891898301493e+00
4.670845894211189453e+00
6.151621169963836344e+00
1.090717969412341448e+00
5.120801416020165142e+00
6.113728897481930602e+00
2.169219884785727359e+00
1.239486099817760589e+00
6.050796504517283125e+00
6.525018079078930278e+00
6.388503974505769456e+00
2.947457947923709742e+00
3.938961114177379930e+00
5.728162259682823887e+00
4.515532162627369672e+00
3.267590489019973177e+00
6.502904120321078452e+00
4.962257655804143575e+00
2.731836883054086673e+00
3.231067675201153122e+00
4.491145836743502429e+00
3.714371176241346717e+00
4.683381540583510194e+00
3.921362506708981233e+00
4.916816568627771389e+00
5.721107805559092263e+00
3.857508596279765722e+00
4.649252877139128159e+00
4.784672408671027277e+00
6.470664779836682534e+00
6.097890156023385799e+00
3.212028017022424464e+00
4.738392398340742773e+00
4.066440229850423194e+00
6.139475438292564924e+00
5.364430859550736841e+00
5.295177342213076344e+00
6.083709080828919369e+00
7.986645631860394001e-01
5.476770665262025162e+00
5.023215839887532397e+00
6.314273096229300997e+00
3.354308932807277266e+00
5.408937528152008234e+00
3.572411639821920559e+00
5.989461047692572038e+00
2.534940387183930444e+00
3.096551780315534241e+00
6.373829779884544244e+00
4.771918484386657333e+00
3.308121811242058286e+00
6.493726173248910882e+00
4.057245796060331422e+00
1.879618135655664712e+00
5.463759258207995018e+00
5.879918009590269001e+00
4.708728819487213890e+00
3.664775717352989126e+00
5.606735078024018826e+00
3.739581069617447184e+00
5.689092775886186892e+00
5.001339394001046657e+00
5.395737390614161910e+00
4.238466827892930944e+00
6.537933193226824535e+00
2.519106890550375955e+00
1.786971274438734714e+00
4.622871487907501020e+00
2.300061996608580905e+00
4.444453225193591095e+00
3.733328091618643541e+00
5.068213669162394908e+00
6.698929946894766063e-01
3.718198107435876310e+00
1.887066980716666453e+00
5.853933178262667347e+00
3.906214404344374280e+00
1.553420481263486863e+00
5.064545435809709950e+00
3.320878310480131379e+00
4.666257270066687113e+00
4.513674629690482831e+00
4.393168674251691996e+00
2.165116389967883137e+00
2.558830654994000753e+00
6.279886859546866873e+00
5.979476822959103544e+00
2.845762231925675234e+00
4.996434609071310540e+00
4.837634212799254207e+00
4.260540568204231882e+00
5.530366975190137424e+00
7.274667404574399754e-01
5.558547580229460827e+00
5.420872430641392015e+00
4.504995751807496340e+00
5.564640439276238304e+00
3.414931990478645929e+00
4.653773038080779578e+00
6.220591145769870600e+00
2.201054165762578396e+00
2.961814391186975204e+00
5.816094798207040562e+00
3.755122064172617513e+00
1.949078871333106200e+00
3.828745522743298935e+00
5.152473134423412482e+00
6.457948450450903266e+00
2.511883255383526858e+00
5.932967398513911306e+00
3.075580208433349227e+00
4.924921465496002959e+00
2.465347014465530950e+00
5.057802075152859622e+00
5.023161525767771529e+00
1.495342885545592804e+00
6.465431296311638043e+00
2.024878986460200814e+00
2.165138781584159400e+00
6.118557593556521290e+00
6.137772473900269254e+00
5.510811804834774286e+00
5.773719791218004715e+00
3.905005887994116853e-01
4.622457210976947728e+00
4.811745039352622655e+00
3.852794656682252405e+00
5.843746429239949691e+00
4.962538783579689472e+00
5.791771884314241170e+00
6.227132333684433974e+00
4.393685169077493846e+00
5.797230769077200918e+00
6.397358059106709405e+00
6.254263601363442504e+00
2.041239676829192717e+00
2.378206526503698903e+00
4.145571841821483750e-01
5.515067086427434262e+00
4.897996417182705287e+00
5.569575532832948817e+00
5.708432925112386869e+00
6.535330182982861835e+00
4.626114306474857329e+00
5.906118681778580459e+00
6.128089652985543090e+00
6.246558079037850320e+00
4.852742556325601697e+00
5.780244828963963855e+00
5.235535610695454700e+00
5.881384574826099332e+00
6.525829931772267223e+00
5.289469256108177753e+00
6.554355792164370698e+00
2.177181467034226436e+00
5.499616907546906575e+00
4.495481361083210281e+00
6.087614996852486193e+00
4.801681733647343187e+00
6.009057653931897391e+00
2.782884913867312182e+00
2.333252197996571464e+00
3.280521304676769390e+00
4.373637825477855401e+00
2.242890137476470258e+00
5.482898719851992730e+00
1.226149525171296606e+00
6.421746426493649906e+00
3.325483520980612617e+00
6.032314146137732536e+00
4.285621042395583835e+00
4.273829675039380938e+00
6.133954864634069359e+00
6.054149496301620914e+00
6.058310262709812655e+00
5.042247410080981318e+00
3.190488376893520606e+00
6.123783422366824603e+00
3.501215287648808960e+00
1.417678783958470135e+00
1.612021988042866782e+00
3.711846832594859702e+00
5.840867859778517968e+00
5.016015371872843076e+00
6.248157027200663016e+00
2.891559333195006243e+00
6.196968935778199850e+00
2.218394146972051395e+00
2.968449835345308152e+00
6.374350531234934891e+00
3.018706714304310701e+00
5.794855337697941700e+00
6.524654643197909110e+00
5.860999316350731903e+00
6.459495239384010823e+00
4.185755418810606976e+00
5.021023157953773186e+00
6.073763068674164600e+00
5.901051342691731705e+00
6.349622249083354930e+00
5.910931555145064742e+00
4.224921987331361706e+00
4.430474463387727546e+00
4.877407893334868128e+00
5.334181267418907524e+00
4.638073490194766890e+00
8.755082287797077978e-01
2.481027681080283820e+00
6.053137017813959631e+00
6.071164309155768102e+00
6.475518699006960865e+00
6.334645247517262767e+00
5.277815924777964796e+00
3.924544367939352352e+00
4.066120916866851509e+00
6.438455378102983850e+00
6.343916308931053294e+00
6.053962443129323745e+00
4.791600136122422526e+00
2.751504134696141968e+00
3.824236148599676977e+00
3.847850573995076573e+00
4.191994673797346138e+00
5.571191577554584384e+00
5.964449678947838507e+00
4.460698627527360571e+00
4.777792226171611922e+00
6.178317861244670084e+00
3.079324814793695353e+00
9.117844993151715816e-01
5.021321904620744903e+00
4.944281685620374844e+00
4.450986225365932469e+00
4.844505759356735553e+00
6.319312981687062347e+00
2.734424001333576992e+00
5.772339722447372701e+00
4.124181999101561580e+00
4.265219361003656395e+00
4.865567807121763622e+00
2.081479100353839318e+00
4.207780196859840061e+00
1.961122135692371593e+00
5.746991698919583058e+00
5.998084721418364573e+00
2.469238987895986170e+00
4.234064203822473615e+00
4.881129755693481620e+00
5.072183758739155834e+00
6.131469961236345689e+00
6.238591877291019827e+00
4.325875791627969313e+00
5.640299238092324252e+00
5.562621262374274345e+00
5.795563591059504915e+00
5.220371162333671933e+00
5.801860085409758838e+00
3.005031027546047007e+00
3.000437500269246716e+00
5.603423268547480518e+00
4.753221175218911299e+00
6.260616151754147651e+00
3.444561511646052399e+00
1.711852294825013887e+00
5.408097306645227142e+00
2.443845877554657875e+00
4.521592268178157070e+00
6.486600992791666798e+00
5.603528266226364352e+00
1.350949735279398656e+00
4.633844994407358087e+00
3.953798136765277249e+00
3.834547686786269782e+00
2.427078617203733746e+00
5.693305994811481696e+00
4.692258616560397222e+00
3.439183520750470180e+00
6.581223754666270409e+00
5.216133664172670770e+00
2.481902844620167858e+00
5.914954938657129624e+00
2.341588701511760906e+00
5.161374825682067069e+00
1.293591910325726957e+00
5.942277129474025976e+00
5.968105838802921781e+00
6.035359199760475413e+00
4.498941225185307147e+00
4.675682274052953780e+00
4.012580260856135617e+00
3.551661631341718195e+00
3.649555061284721624e+00
6.386547029362775518e+00
3.412595304218835945e+00
4.897078914233788716e+00
1.008028912875217120e+00
5.598397288716485676e+00
6.280990826076783051e+00
6.429938877519903784e+00
5.947857000546869166e+00
4.776237280582475542e+00
5.228020305018725722e+00
3.318744971482595840e+00
6.206132013694421801e+00
4.398425872797963265e+00
6.402773217295231412e+00
5.630763552349366208e+00
1.119274898857736344e+00
5.410935188722234557e+00
1.542096106196973349e+00
5.107939729352391822e+00
1.738912519739238327e+00
5.046786599678973140e+00
6.560519542477673660e+00
5.588462019573108286e+00
1.657597688584332429e+00
