9.060621837369186027e-01
1.243066400988431797e+00
5.670364396802338725e-01
9.318054327881311050e-01
1.250443861985903515e+00
1.326240037272114147e+00
9.404189160458420460e-01
7.430021073061475745e-01
5.704316371417011977e-01
1.046411062036183504e+00
1.383358793266871611e+00
9.806405580745730655e-01
1.352275166267470352e+00
6.819105621926166982e-01
1.081318818524056979e+00
1.001075373238174970e+00
7.999392482611720201e-01
1.155151740945000727e+00
1.232435344905987495e+00
9.580244332366343318e-01
1.357242424882996179e+00
8.241094802959804122e-01
5.387476784073282898e-01
1.129962949839137254e+00
1.197477601812200643e+00
8.582389566040510287e-01
9.869793812046789849e-01
8.236482814979696476e-01
1.226184645931158723e+00
1.336823100000769537e+00
1.306762993854634347e+00
4.881241218799400317e-01
1.350547263689160893e+00
2.770120544504826587e-01
8.237374457004468242e-01
1.110423248380993044e+00
1.189184959031984068e+00
8.355623580708892995e-01
7.352952993262975578e-01
1.394194942568133921e+00
5.028238567719880425e-01
6.554850523338692225e-01
8.574280281221657862e-01
5.298810196860573862e-01
1.205386634743322860e+00
1.016841138858169291e+00
4.937861215885648858e-01
9.791233465311660611e-01
1.063238443711000070e+00
8.147812272881328477e-01
7.004110073452237684e-01
8.480609620557904016e-01
9.154761183579533945e-01
7.913035162373650566e-01
9.990499942973811720e-01
8.902060657724909509e-01
5.127314560687425971e-01
7.210401358641570502e-01
1.070893764411806171e+00
1.248294601422246686e+00
4.822818783062753356e-01
7.454231248681455479e-01
1.165237958430445531e+00
1.225432700900524141e+00
1.122123426340895236e+00
9.529047851691562210e-01
1.324111803401545107e+00
1.363704762178529428e+00
8.400803483315029130e-01
1.277496672037288894e+00
8.470041416186979699e-01
1.432342249840613979e+00
6.222842977600396841e-01
1.136762703795495044e+00
8.092363652275043062e-01
1.112240322438761142e+00
6.851535646049128347e-01
1.428633057600752210e+00
7.774598456054666595e-01
1.309817860622014551e+00
9.832883138832608783e-01
1.091391573517805913e+00
8.742097424553049168e-01
3.727190532888870478e-01
1.435374865703634262e+00
5.917732607577587123e-01
7.897351455484113991e-01
8.866454792179752076e-01
6.458040744708251069e-01
8.670322091376315710e-01
9.293771261562112640e-01
1.032962934568573354e+00
4.287587940779050144e-01
6.684736904988026751e-01
7.136265287161683846e-01
9.662788749351879369e-01
1.260258865374055848e+00
8.619011758221697406e-01
7.931889902434115236e-02
5.990654552161455149e-01
8.403613201762677454e-01
9.853054606297950713e-01
1.327490629506623776e+00
7.108815085041638726e-01
8.661568360952481838e-01
6.998437547937157444e-01
9.187612377414928755e-01
8.915244982240976279e-01
7.724094216224105525e-01
1.309563013754782235e+00
9.503016756777445950e-01
1.292257991414199614e+00
6.877694147065507302e-01
6.019668010324346064e-01
3.494439392239532260e-01
8.979028839416645091e-01
9.235129141579482281e-01
4.129959369299973648e-01
1.441081715777900341e+00
1.382907957635757246e+00
6.502420382229322504e-01
1.029912126727329902e+00
1.435138691297425106e+00
1.202213579193600168e+00
6.347349656222056602e-01
1.155961587854820838e+00
9.147466110116471150e-01
1.141168542559094057e+00
1.049101217477277803e+00
7.360616137010401738e-01
5.260737484448492207e-01
9.503026117214530277e-01
1.444427363805280695e+00
1.252353812145084788e+00
9.910629902209096009e-01
1.146110404667602722e+00
8.067176076681286112e-01
3.681649612315061049e-01
1.039185502851182719e+00
1.204279183220188676e+00
1.267812696211039647e+00
9.384490023068667863e-01
6.208011481365006690e-01
1.175953175006750229e+00
1.424377052104092600e+00
1.163139805677484206e+00
8.651526774393154540e-01
8.022164934037417927e-01
6.543632969642992903e-01
1.328089297741338992e+00
1.118509197242243847e+00
8.548347420259749807e-01
1.299368878981387310e+00
5.771880965827999033e-01
6.864276645233368113e-01
8.756024297083230268e-01
5.223251690319216101e-01
7.319865610431687264e-01
5.437833092083452780e-01
1.292345845615033184e+00
8.014044689698192059e-01
8.175152881319921461e-01
7.622819742899294981e-01
1.143617408604207464e+00
1.205454467896927007e+00
8.319151695385689216e-01
1.405720524775608382e+00
9.872843205106767162e-01
6.984662656476188225e-01
1.172566831385152497e+00
6.502568971310400681e-01
1.194369267344426833e+00
4.881716015104373141e-01
1.376087857147064719e+00
6.869860892679758857e-01
6.652797187491750197e-01
1.271713443854354919e+00
1.409392100222993660e+00
7.152198204471547083e-01
1.028690886961998840e+00
7.673025414549327072e-01
1.228181839854172619e+00
1.158392738141172051e+00
5.167243804531895801e-01
5.957487977853734851e-01
7.147598027477808369e-01
1.145969449540366503e+00
6.639762098196203555e-01
3.934299172902943620e-01
1.068152814525422656e+00
9.506766989474674245e-01
8.578517191320069735e-01
7.286028674145585970e-01
1.084300019060085107e+00
6.333958003805484349e-01
1.142052935802004399e+00
1.190505508757587316e+00
6.858473768619377520e-01
6.434179795615737607e-01
7.985434592194465830e-01
1.219274589986328872e+00
1.210805836524545986e+00
2.980784935953528225e-01
1.146406851692397311e+00
9.143014868682348695e-01
1.003259195312949270e+00
6.684588015751626866e-01
1.239525268674717795e+00
5.134651075180243218e-01
8.402317395955463120e-01
1.228163053826897722e+00
1.092320942767137426e+00
8.694085930318140587e-01
1.323069868919339198e+00
6.901543129912146579e-01
1.020469224950784515e+00
5.442871848449772898e-01
5.561686000575085664e-01
9.411382628965333508e-01
7.749927438190064022e-01
3.803235682335481815e-01
1.100914213741380543e+00
9.731894346973734011e-01
1.176492491172831167e+00
9.725916130465733778e-01
1.028505219050643626e+00
7.651874610998878889e-01
1.372496696169485775e+00
1.038728430024994154e+00
1.382494867021029306e+00
6.098808632584589162e-01
1.283493951703942093e+00
2.627435714578501558e-01
6.536506128971527607e-01
1.353274370851702102e+00
5.808668513795678390e-01
8.425642643998452197e-01
5.942789135008498258e-01
1.388440793744248669e+00
7.074566661852629279e-01
1.070139508144032137e+00
1.322975456188010490e+00
6.686621980623921324e-01
1.255988934266893287e+00
1.359189775214122431e+00
7.544627170743760658e-01
1.030994634666653420e+00
8.842590413797207782e-01
1.370530405447986766e+00
9.171961748564025907e-01
1.230395885305592962e+00
1.323296657220206507e+00
1.080456476524322751e+00
7.403426307364262549e-01
9.464279600936721382e-01
4.792589124171676707e-01
1.037325155975316493e+00
1.119743106318547898e+00
1.391172936217452749e+00
1.176610359610570811e+00
5.893483145692093306e-01
6.959621524829150419e-01
7.155446892334357267e-01
1.080274920648855996e+00
1.157518498205184265e+00
6.944511113865501351e-01
1.206702424574811472e+00
9.144916646995581155e-01
7.728135037454572087e-01
6.931125418207347844e-01
1.318126124283334644e+00
9.861834700010670973e-01
4.527147146975536995e-01
1.260291384453490870e+00
9.156167899837165391e-01
8.844652538423860566e-01
6.150445097320950127e-01
1.040969997614502152e+00
5.400703452185671161e-01
6.449634784419360223e-01
6.252033359443273097e-01
1.112504185660121436e+00
9.294891403459117907e-01
9.386281294761562588e-01
7.386533708810937293e-01
8.906862908777719579e-01
1.336600996743354974e+00
3.911860189282042044e-01
1.390325586567022764e+00
7.335707171764791479e-01
1.182829868007597929e+00
1.319193054503901230e+00
8.875132618482726166e-01
9.811071278999352607e-01
8.174261919278993371e-01
9.746574835074363063e-01
6.864316793641784820e-01
2.419512136974124872e-01
7.944253935936508304e-01
1.201070655521139674e+00
1.273887921996823547e+00
7.752677845703191961e-01
8.048952700472888910e-01
9.167493000734125985e-01
5.328687670934979526e-01
8.894891791631718281e-01
6.780594897397758114e-01
1.004085109493628059e+00
8.409279054418697941e-01
1.011148838075899059e+00
6.576296855043922696e-01
6.120965073496802411e-01
1.134718434205709725e+00
6.731737607331235163e-01
1.268399944459363882e+00
5.935043544045983666e-01
1.130071133492991375e+00
1.048519648477206800e+00
6.106158684171641982e-01
1.433342031303901365e+00
1.369617037081065414e+00
1.294473002346026691e+00
1.144654488296203754e+00
1.046530792810974386e+00
1.314990889374508809e+00
1.205297016206506866e+00
1.371490074496416467e+00
9.510932264379652334e-01
8.089564010837408947e-01
7.037384243315459864e-01
7.509272533719688614e-01
8.099457689938110994e-01
1.014003645631982309e+00
6.156710191732615023e-01
5.872212406002519369e-01
1.283892271085885106e+00
1.253543473380726914e+00
5.624063108200321182e-01
7.395566909484946327e-01
1.421085700706295807e+00
1.074087153746038137e+00
7.738542646820818494e-01
8.713662669607297184e-01
7.283484921956870917e-01
8.038822650452038809e-01
1.306980130833148346e+00
6.837971010517931436e-01
1.166256991999213177e+00
1.417760881403229423e+00
8.085583970167180556e-01
1.234436353098192551e+00
6.064945946750590622e-01
8.069151816603511440e-01
8.146337647852781583e-01
7.171398191753100004e-01
1.423011998435142367e+00
9.401009638238373434e-01
7.553922534178716397e-01
8.021078035381545845e-01
6.596639972618630887e-01
8.988625267164540578e-01
1.196744962624051389e+00
4.574927198782478555e-01
1.099307353944833920e+00
8.590131685938626749e-01
7.148036906658242762e-01
9.234835206193355850e-01
9.581078405399885423e-01
1.307950549407608909e+00
8.813809782009637273e-01
1.086558418402546966e+00
8.383354204704973611e-01
1.052474321880319419e+00
8.672255869612391921e-01
1.103502077407267690e+00
6.509039116048244145e-01
7.219496788510016971e-01
1.010770236392467769e+00
1.285642201681389096e+00
1.367465425265335544e+00
1.189907766177674020e+00
1.199161060140584878e+00
1.058963784992102974e+00
1.313339859693704259e+00
1.193412293977475086e-01
8.877533221727246238e-01
1.272458834971880837e+00
1.240991393130323361e+00
1.250952781251860824e+00
9.951392540320079805e-01
9.493255567616161184e-01
1.404384355310901222e+00
1.071134514137382920e+00
1.350047800922602015e+00
1.180000897604776222e+00
1.007835588569178764e+00
1.327064045240019530e+00
1.040068570312354890e+00
1.121227305977012145e+00
7.295321839220672011e-01
1.064344301687569105e+00
6.192472664258709125e-01
1.317362293514438676e+00
1.233209167767860936e+00
8.077207303317281983e-01
7.014324221467912457e-01
1.058550686953932729e+00
1.156112655679740975e+00
5.242606335132196094e-01
9.332837867437905333e-01
8.508598830675743185e-01
1.394093905112212317e+00
1.308802166484469343e+00
1.162522867082103062e+00
1.096633766803740917e+00
7.720348685796538657e-01
8.546323322065858541e-01
6.215539340743141405e-01
7.383044701331149540e-01
1.234893212234546622e+00
1.435989813448313335e+00
1.234990341301250183e+00
1.406735875683304604e+00
1.051161163231254303e+00
8.482873967955698591e-01
9.386365877600527652e-01
7.131961454554091029e-01
9.615077329493983971e-01
1.112795677011661821e+00
1.426826258285221805e+00
1.186187470669521460e+00
1.274269203725131083e+00
6.648838416179929656e-01
7.467657467450651287e-01
1.006188515797429739e+00
9.797100192910283001e-01
9.525640589748211040e-01
9.229717180927188291e-01
7.089041538492567573e-01
6.309775273362492332e-01
8.577595563574771376e-01
9.389857618047910970e-01
1.134640800923381043e+00
9.499343876191236324e-01
9.822640048415112179e-01
6.503683691270781830e-01
1.261544756171511850e+00
1.165957753005578912e+00
9.531604801206792210e-01
9.656542283698476004e-01
3.838302125231884410e-01
9.574315794803885948e-01
1.297904581525888723e+00
9.931027710882136539e-01
7.510015364145330441e-01
7.459204471186191565e-01
6.121351095854801194e-01
1.343368760317274146e+00
6.625828154493794697e-01
1.244049932895278099e+00
1.158092103716642285e+00
1.267933364642470417e+00
8.096196293166207925e-01
9.371254729830160723e-01
1.290287606549541888e+00
6.100813719132309743e-01
5.986755198718738402e-01
8.460296393998594233e-01
6.007951805174219784e-01
6.758166757279283621e-01
8.338387032443775881e-01
1.058381031664166416e+00
8.612113508225214265e-01
5.552241045360851723e-01
1.379401718253445708e+00
7.579300125522931975e-01
1.248502111670425352e+00
1.144393520133559106e+00
1.291993680917321141e+00
8.017410312698159958e-01
4.316491397032126143e-01
2.272931024565091884e-01
8.414335958129501858e-01
9.656310152100890942e-01
1.121369685770080338e+00
4.222198338926523298e-01
1.227535450113316218e+00
1.226787247809863590e+00
7.797164478978397817e-01
8.639843840360462712e-01
1.428103491847730000e+00
9.099317972344638239e-01
5.911256272571635551e-01
1.065556228398443356e-01
7.297582056331221034e-01
8.253302627324239360e-01
1.144824842271826126e+00
6.228666350179312694e-01
1.374122297740889564e+00
5.154435064144224921e-01
1.351644557480965014e+00
1.372868786333406144e+00
6.514843761929277610e-01
7.456139019525247491e-01
7.163111090302034523e-01
7.251290447244239656e-01
9.019615993055467573e-01
8.276863157445678576e-01
1.332934525514586799e+00
5.670036200685795169e-01
1.137866691842917444e+00
7.533964164485331683e-01
9.065768544325373268e-01
1.070578852259060687e+00
9.852932748119513917e-01
1.298584095301823282e+00
1.240838970504729133e+00
1.265776291318685187e+00
5.867279237201655784e-01
2.542777228082098162e-01
6.070045312222512868e-01
1.350745494438077898e+00
2.504676078594368915e-01
1.442045338688778378e+00
9.397456369092026529e-01
1.059852793933517390e+00
1.408545069501936586e+00
9.972396686083350170e-01
6.942199134295942153e-01
7.096784346963728174e-01
8.952879824796523556e-01
5.756975858932441570e-01
1.421960131463147814e+00
3.744723651834496736e-01
6.903021057658835780e-01
9.223024860992371510e-01
8.262531424462116192e-01
8.471409039770266824e-01
6.887774882003840915e-01
8.909135248727697576e-01
1.393992776235502218e+00
4.270085326853619301e-01
7.643905420608371193e-01
7.650939909634227876e-01
1.032555662066361846e+00
1.172262484991627440e+00
1.184078701638258346e+00
7.555999392593897301e-01
8.668855367952899016e-01
1.289929440022899776e+00
1.049091452922735090e+00
7.867048056041390236e-01
5.108465673895371539e-01
3.780706464148563817e-01
7.211276429543068689e-01
8.347738762518751576e-01
7.598321157191890718e-01
1.334443122959247496e+00
1.303223322162657016e+00
1.397411209671056254e+00
8.229515530819327962e-01
1.382220249799619438e+00
9.415536735390125367e-01
1.208071266555136081e+00
6.504164190878944929e-01
1.231756982268367162e+00
1.291137209138146558e+00
9.511169904804821496e-01
7.889703336376058251e-01
9.556229491003469523e-01
9.709541865828256180e-01
1.332982784112050290e+00
7.633822268863503790e-01
1.333286102601567213e+00
1.149171439642772574e+00
7.343666791379173109e-01
1.060579180856420001e+00
1.362336778316656449e+00
9.809670200556994679e-01
1.142594698800345032e+00
1.174748125379288632e+00
1.104628119555521204e+00
5.947118810793265986e-01
4.489064001120120495e-01
6.528744805518202909e-01
1.348064454520776723e+00
1.417135086279689427e+00
1.186938338926377012e+00
1.052269301333923712e+00
9.642624687512648674e-01
1.437998797044196753e+00
7.999549126632914398e-01
5.380229224684397460e-01
1.000610737285583474e+00
4.551451657764371550e-01
9.853001399983530861e-01
1.380036165632611667e+00
1.197328190900517786e+00
7.851629490611296003e-01
1.014898492622041903e+00
1.115125093640284337e+00
9.857004387981986859e-01
6.220858091482731611e-01
9.952256238524304077e-01
7.796491974327502961e-01
1.136939542603838005e+00
1.411538609048495596e+00
9.547289979656186087e-01
8.507149823155574220e-01
1.009739201206736769e+00
1.368354302186987059e+00
5.830913953401102301e-01
1.178648615217665174e+00
1.575739376812318737e-01
1.444696681566132401e+00
9.387886802771189254e-01
3.244285402280885355e-01
1.027395693834128654e+00
8.757318205377951914e-01
1.018693948767335655e+00
9.590487505494633691e-01
8.266777835212967274e-01
1.215300762475626684e+00
6.753224241192237187e-01
7.222368741084497223e-01
9.241386406386179475e-01
1.247306715629435736e+00
1.340956722584718097e+00
7.232592135817546009e-01
7.703344326818341026e-01
1.033477470795128417e+00
1.347132058493403228e+00
1.069812157736014679e+00
6.650500048686600607e-01
6.041363378565266506e-01
1.190974194497116834e+00
1.365960229490883915e+00
5.476495045473275258e-01
1.241119820487323944e+00
8.193946370316071981e-01
1.315801832218780998e+00
1.254901443572147057e+00
5.540628056903964538e-01
9.271522923268440408e-01
7.343413764845020397e-01
9.715510830088506244e-01
1.384779338664330561e+00
6.359636824899397300e-01
4.599590117198925632e-01
1.312903612192225067e+00
8.835286780884558100e-01
1.391746347910219672e+00
7.279156759423784928e-01
6.778016797934065529e-01
1.064913949358201384e+00
2.625861170563053015e-01
1.325141134615981153e+00
1.243771015452671991e+00
8.551074270875531624e-01
5.123794110818502556e-01
8.248105434461061591e-01
1.066112823488385652e+00
6.744949585737497477e-01
1.002205084412863156e+00
1.036022726999788368e+00
1.270376981577556519e+00
8.214306330491090158e-01
1.391630439913152273e+00
1.398505117609375459e+00
9.931781058548760921e-01
8.194703361101359773e-01
5.338197276643231737e-01
4.356923009255251333e-01
9.629430552761180095e-01
1.182285304554267391e+00
1.063513933501010866e+00
9.301683064961097092e-01
1.906651144570262191e-01
8.700598459359506487e-01
9.725745080891596839e-01
2.209070697261724670e-01
1.449828922100709461e+00
8.741722001759895111e-01
8.719794583968766277e-01
8.551368739907013738e-01
8.567069550857107085e-01
1.431898065085621452e+00
7.065695741578794653e-01
5.505597792326930584e-01
5.909484934218867114e-01
8.295297477797118901e-01
8.996090904743048178e-01
1.250362621884197889e+00
1.018692274964280386e+00
8.131542272295287921e-01
5.914335734976911008e-01
1.188122254588493076e+00
9.966889242969970697e-01
6.769339957081740300e-01
1.032962672153105110e+00
1.222980725068826047e+00
8.818040063279473095e-01
4.267136110952065020e-01
5.121250103833672185e-01
9.816501597293959547e-01
8.150906055181040832e-01
9.911583424431921197e-01
1.209962508202979237e+00
1.353767681561667047e+00
1.444126467412324422e+00
1.220396455310568840e+00
1.008790024910464878e+00
4.736953626504410986e-01
9.837608074366801514e-01
1.060974426839307538e+00
6.269753209751325329e-01
1.223219130166313118e+00
9.610630032578408866e-01
1.420151716512003226e+00
8.429298463323288138e-01
9.344212050568987404e-01
9.801860144758239857e-01
9.218577997478863972e-01
1.409099930438164616e+00
1.320959292459657819e+00
1.358757754406526796e+00
8.650724349384351086e-01
1.430592549456255691e+00
1.230143839030219510e+00
9.968613271152395594e-01
1.036918415239046265e+00
1.430256711191052243e+00
9.929446532086843025e-01
1.031935639939961957e+00
1.115347157718078908e+00
7.893015415265947077e-01
6.950784715887174947e-01
1.415622945358730789e+00
6.592683790699348512e-01
1.018134972013906570e+00
8.312670611689206845e-01
8.363738923563822647e-01
6.712146391989154415e-01
1.233455960319831624e+00
1.081664089758492375e+00
1.274592251412745014e+00
1.226899373733231657e+00
1.429957086402345867e+00
1.402405714612126486e+00
6.563880215710633514e-01
8.222403254892625135e-01
1.317985524722496082e+00
1.036913514307002515e+00
1.142464153061452992e+00
9.163341918470442327e-01
7.877035747430179979e-01
9.854704963842847443e-01
6.214290877738771757e-01
4.387800611214732194e-01
7.147922602613937526e-01
1.418587671585607390e+00
5.617200883991612104e-01
1.183366259308594959e+00
5.760577536154418699e-01
8.761816686028314205e-01
5.588497422897722444e-01
1.133562688978950517e+00
5.518926567197118827e-01
1.197572638686859481e+00
9.340810071629159772e-01
1.222770470924108288e+00
1.319477172244757801e+00
4.160387065439260512e-01
6.450165371595908415e-01
3.674983719037230867e-01
8.524338753109015343e-01
1.235000622534969006e+00
1.225775022883824894e+00
7.375017568073787277e-01
6.415039527177721634e-01
7.576399486777313230e-01
4.653687175405413212e-01
1.355285634328516897e+00
8.373442945627977974e-01
8.555100766411878332e-01
6.503268755125312106e-01
1.281463185580645536e+00
1.440867879835103116e+00
8.449658547954164156e-01
1.282787238061518398e+00
1.434182421002327290e+00
1.001203681575029591e+00
1.329807226160734546e+00
8.180484353913800577e-01
1.156224482412888444e+00
3.941906462897649677e-01
1.402266257973493246e+00
1.118699363715895068e+00
1.166424299675840937e+00
6.220869776819223373e-01
7.840416135419762123e-01
6.135399908498161414e-01
7.544159863614263717e-01
1.085187135518151713e+00
7.912525743282862178e-01
8.519088036364523830e-01
9.320206385788993853e-01
8.203001693809562900e-01
1.065840832575482677e+00
6.858107494845884222e-01
8.200987818880388636e-01
5.788029425911419557e-01
7.604384773332724112e-01
6.284166035136448114e-01
7.852381025460928310e-01
9.537492720034768112e-01
1.046917564741628448e+00
5.076679555605175809e-01
5.214859889670011572e-01
1.415609379822742042e+00
1.040784872521021587e+00
1.182364726983787140e+00
2.816621052025272687e-01
1.123801306791901267e+00
1.174983932523294694e+00
6.437867680247966184e-01
9.774199222722089742e-01
1.025021406864710549e+00
1.254358283039944233e+00
7.432493281870865554e-01
9.440396004987785528e-01
1.220842992476885325e+00
1.218085994338532263e+00
8.134076734345020432e-01
9.951285111128148619e-01
6.144399724738880408e-01
1.355511475279778999e+00
1.140708080455691276e+00
1.350227961871206972e+00
1.355243993134231717e+00
9.647077648068625999e-01
7.776722235237039094e-01
9.536806278419907024e-01
7.247101982707937484e-01
8.315853879488954714e-01
4.712390308406577688e-01
9.157488232635513370e-01
6.687657219064124803e-01
8.765576473420664261e-01
4.528381481389147090e-01
1.055451839484951027e+00
1.441572340198147284e+00
1.401156005259556192e+00
6.361408993378528942e-01
3.542328816293631721e-01
6.799635737093894239e-01
1.373191290818874588e+00
1.176445383312039628e+00
9.324650102050073830e-01
9.918202666501422238e-01
5.645428166097260503e-01
8.364961156450316793e-01
5.928152045114729596e-01
1.445573367398567566e+00
7.779572880074929753e-01
9.769896626600019784e-01
9.935691295649573540e-01
9.633803633102436814e-01
1.099469040834416766e+00
6.326773010304693745e-01
7.190375396470868319e-01
5.878253623471416667e-01
2.940415496926671035e-01
5.618276344879962192e-01
5.593225436884114998e-01
8.967939880892469295e-01
5.703832322067780014e-01
3.727410399555703413e-01
1.240628647975237087e+00
1.047169393633251566e+00
1.375018022373071691e+00
9.065032164914185175e-01
6.978595253057560122e-01
1.349877215432532251e+00
8.709988886562389787e-01
6.472033403143327979e-01
4.273011196508937348e-01
7.605956088206334842e-01
8.797040657576800093e-01
8.049987001685197097e-01
5.872791868906805934e-01
8.695323171297378861e-01
7.469235957854886143e-01
1.231203219690261585e+00
5.038419008305534685e-01
9.616623290502520627e-01
1.082118523993788717e+00
1.384345387627987645e+00
5.739085429721326737e-01
1.042653378009638754e+00
8.442599506977691570e-01
1.019015295374568808e+00
1.118414759060521124e+00
5.767387162962411828e-01
9.227551822152577632e-01
6.936575635320865185e-01
1.421357215586991352e+00
6.750324534868097359e-01
7.965502275982858649e-01
8.134583862111769426e-01
1.249027524374574316e+00
7.793010488739522401e-01
1.202094968526394636e+00
8.504807892165858751e-01
9.716535213896998480e-01
7.353506290175521043e-01
6.052122549948455443e-01
8.130967424677020272e-01
7.381504911426085558e-01
9.483740456807263630e-01
9.064438197768378558e-01
8.299545809236370530e-01
5.518103852360034534e-01
4.939165476769354357e-01
4.672572802515049251e-01
3.535821875118516644e-01
1.211635367442323030e+00
3.948875032976520982e-01
8.532562516075178349e-01
9.008613101500857478e-01
1.010378926953111378e+00
1.310270173783006475e+00
1.172448682659520403e+00
9.111933765907053173e-01
1.153328286128294078e+00
1.108565353475255089e+00
8.134602385611737763e-01
1.341235580852844889e+00
1.180983182715156454e+00
1.306142429093937851e+00
1.240288898239096049e+00
8.066823457957669197e-01
1.193826756968169089e+00
3.720207469208461903e-01
1.229228652707766489e+00
1.302078612209026209e+00
8.366417462952502326e-01
1.348214198714848600e+00
8.297432829453142977e-01
7.483262509926087436e-01
1.199597921805354295e+00
1.125862031122766949e+00
1.350932692627850429e+00
4.787590117405142731e-01
6.416171883044701207e-01
7.078569275469509536e-01
4.484450888434918792e-01
9.366207358231493085e-01
1.265594903340695243e+00
7.407429341860730654e-01
4.776913208968102120e-01
1.295074503280172262e+00
1.384578563833382070e+00
1.222968299517401602e+00
9.910338791116100055e-01
9.945876864472336099e-01
9.148434932108144846e-01
7.714515351083727213e-01
1.209570550220913754e+00
1.210709495383571754e+00
7.257282676558564072e-01
4.211186137034273469e-01
7.607842378810402151e-01
1.278096228528109446e+00
1.309121891027800633e+00
1.237098431015130950e+00
5.823232040603767423e-01
7.223844415510027872e-01
1.166830949866047629e+00
6.364342199141860279e-01
6.534906628546983676e-01
1.304316982186896734e+00
1.136807190881591101e+00
4.110355440025464380e-01
3.358699375464707093e-01
7.417822319487167304e-01
4.892134878047620927e-01
8.005901562157660134e-01
1.168050661332291185e+00
9.809601005884354130e-01
1.027676787664757674e+00
5.868567885873936518e-01
1.191418124360221098e+00
7.772979732503417782e-01
5.830194727883348804e-01
8.054792383791383736e-01
1.166656262134995403e+00
1.428029738243605573e+00
1.373320784310552600e+00
4.499686253638631173e-01
