1.575403311801255812e+00
1.786026104399482284e+00
9.829756356149774721e-01
1.936718792858754590e+00
1.408947196130277746e+00
2.129710138670665387e+00
1.011664196948594219e+00
2.118862426911877872e+00
1.294740713190762005e+00
1.422716322005198819e+00
1.534582481495921025e+00
2.069101098560980123e+00
1.190328974494280656e+00
1.893000418544288133e+00
2.106823905975772071e+00
1.792304554847999443e+00
1.938847289065065871e+00
1.438766366109013539e+00
1.785592843304649291e+00
1.842001078822534499e+00
1.481268601713992883e+00
5.683131773881400228e-01
2.025354286557633721e+00
1.358894012893819614e+00
7.805452341797541882e-01
2.139386364823348430e+00
2.029346234973611995e+00
1.463591029801628141e+00
1.214833902037569358e+00
8.157958806721721245e-01
1.558620692862859869e+00
1.569106106668459066e+00
1.937182314640948810e+00
8.241080543272352177e-01
1.207002635711967198e+00
1.024809957228770330e+00
1.804809366147078098e+00
2.139837873135954638e+00
1.459407142417293191e+00
1.887651305440074090e+00
1.421912960537945469e+00
2.076933715116513923e+00
4.976237434734704923e-01
1.377540176568929020e+00
1.157880129962351790e+00
1.444521122105058675e+00
1.519355125436428144e+00
1.035763839671899333e+00
1.710787843413367648e+00
2.103414740805438221e+00
1.007436538727310316e+00
6.977579023423766680e-01
1.408258840088637331e+00
1.911338310927163553e+00
1.703981022197680328e+00
1.366377531725214034e+00
6.716486371613095141e-01
8.899013287262587113e-01
8.212471502211214913e-01
1.758814760868227411e+00
1.663475234931634850e+00
1.305351016751013615e+00
1.269625085387354302e+00
1.979064087177834441e+00
5.829769002207293438e-01
1.757371509369464624e+00
1.669344109661321740e+00
1.190737930147434120e+00
1.318641603883292213e+00
1.269606442124610268e+00
2.059821095592114570e+00
1.817137739278408493e+00
1.278876374179050757e+00
1.160468498484048760e+00
1.660622158935863402e+00
1.624196452405592739e+00
9.774519432303508948e-01
1.352170168397834438e+00
1.890811044894985304e+00
1.647083064952321596e+00
1.089513113408577594e+00
1.983815008956843151e+00
1.413555563472986831e+00
3.314549128765401087e-01
1.262993710912272860e+00
1.238011367735428969e+00
1.906432341155733123e+00
1.250591131021916214e+00
1.102177050874365571e+00
1.719415826106186262e+00
6.552097773243207302e-01
2.131814731434665156e+00
2.674199830628827268e-01
1.590285253611121608e+00
9.182848361440583140e-01
1.772469207992841245e+00
7.050179402582965604e-01
2.134227002931138095e+00
1.288231142829545872e+00
1.693827192169089280e+00
9.103031082397173845e-01
1.994609642631006929e+00
9.806663453694132171e-01
6.560956654653662401e-01
1.227688217245575197e+00
1.403874907393743765e+00
1.760293403239645560e+00
1.185748181528446743e+00
1.587214779453083757e+00
1.689352710969941773e+00
2.048359915843095180e+00
1.460190691340449654e+00
1.500101247860243125e+00
1.509251061972119334e+00
1.373001481055333484e+00
1.867017929421719513e+00
1.251500618072533877e+00
4.964811874312074491e-01
1.636992382077955055e+00
1.222202989588532684e+00
1.887864097145091291e+00
1.828989627239631544e+00
1.031991431857657071e+00
1.221144961635792781e+00
2.004051056001423081e+00
1.898957135430194620e+00
9.444972784233917062e-01
1.913367862841039990e+00
1.697602629779253691e+00
2.080647092576385138e+00
2.052894496019726844e+00
1.446192069871056862e+00
1.630245943123482366e+00
1.326560523297740879e+00
1.218357950667781964e+00
1.603933608258407473e+00
1.132331809884544738e+00
1.531056214793320214e+00
1.667186625288306301e+00
1.529762715524316530e+00
1.935211585254126287e+00
5.262586892896977675e-01
1.111628426162691863e+00
3.224164294862392199e-01
1.462666783359755085e+00
2.139954539026641456e+00
1.535741441211061042e+00
1.521454928891575520e+00
1.856405904440873389e+00
2.018948282963550778e+00
1.544113369797405211e+00
1.758158152597982138e+00
7.891752607825252008e-01
1.843048278432643849e+00
1.369831930941629805e+00
1.916293755101337926e+00
1.219317291654607338e+00
9.683175149015109673e-01
1.341062167611545064e+00
1.387632513278833413e+00
1.728341896096379449e+00
1.530555601001754695e+00
1.645193543160496708e+00
5.019730076383758233e-01
1.072186135202829016e+00
2.074991985197025990e+00
1.210587843895237103e+00
1.198440907516905352e+00
9.811791245345797829e-01
8.823473036995181928e-01
1.104685799213408703e+00
1.354422512735108830e+00
1.637088677143671900e+00
1.017482188199243076e+00
1.642434336569000397e+00
1.778293465811362717e+00
1.051896064148087007e+00
1.704395073143555539e+00
1.312408732444094506e+00
1.610244673752524225e+00
8.062748057320865414e-01
1.945132720055457565e+00
1.598659397407832250e+00
1.144282636578332957e+00
1.766977865349832699e+00
1.655672899613096272e+00
1.439809306115015231e+00
1.452031561283670724e+00
1.658169811458575449e+00
2.083114684965750474e+00
9.825013412471360619e-01
1.326687876848481995e+00
1.279673486306836860e+00
1.770118259333823385e+00
1.705414723034183844e+00
1.688723726275005665e+00
1.426483728154792852e+00
1.944968756964182255e+00
1.628918478074111276e+00
2.102811571077078057e+00
1.246829421328399912e+00
1.348687861988340453e+00
1.750583756980806927e+00
1.387416449316742684e+00
1.337880406439029279e+00
1.045660104634867027e+00
1.998349417944556894e+00
2.099567384876384946e+00
1.466815075980437033e+00
1.847904220648360685e+00
8.060970805761249469e-01
1.998124238826931576e+00
7.642403435492635122e-01
1.791559762956268731e+00
9.630043399913317259e-01
1.376050302485724464e+00
5.995595096128538692e-01
2.003049017162253254e+00
1.523471513106782416e+00
3.063198671757972336e-01
9.516607551218965177e-01
1.294465180713698427e+00
1.625159534505239867e+00
1.360856893771498655e+00
1.306268276718162591e+00
1.478274636248519069e+00
1.749596704898823241e+00
1.220438383627892476e+00
1.486438270141994256e+00
1.713082738106405545e+00
1.975769180465865915e+00
9.971586376957473075e-01
2.080286260900706008e+00
7.198774480500776951e-01
1.854294651482012668e+00
2.143762585881117122e+00
1.545048031789574727e+00
1.480368580957434288e+00
1.296243340967912161e+00
1.258426652966965653e+00
7.242252108767867069e-01
1.747084745264042116e+00
1.653217404987115557e+00
1.797861755640273840e+00
1.242984965186553881e+00
1.468859715048782322e+00
1.079277903850553111e+00
2.115346850489548292e+00
1.537713619746956084e+00
9.070008005096171777e-01
2.102077113343611803e+00
5.629645775478783198e-01
1.279231595146119504e+00
2.077484937719682900e+00
1.921659471594647783e+00
5.929785826096956036e-01
8.274316123138792944e-01
2.086148272335302423e+00
2.001450210756596348e+00
1.939703596536297425e+00
1.606771364565841465e+00
1.389420932862283298e+00
1.124526950338613940e+00
2.010138689845744953e+00
1.777498427685960225e+00
7.143281727117495317e-01
1.628950814988642470e+00
1.027203873401971279e+00
1.444936834277507742e+00
1.084807029255773436e+00
1.518271295883807825e+00
1.525959838614126429e+00
8.815772600033755513e-01
1.007135787889579470e+00
1.530049031582310537e+00
9.131794046201249238e-01
2.081685776393619403e+00
1.733032586017813959e+00
2.101655529911478304e+00
7.549293400654273345e-01
9.272260506201542851e-01
1.374422921293953381e+00
1.437631647088214892e+00
9.864759009643767618e-01
7.675490300051932557e-01
1.925755655768149444e+00
1.172390559333642113e+00
1.877835886585091929e+00
2.347883560044822793e-01
1.276094381483533713e+00
1.341923181339857329e+00
1.095551838549879031e+00
2.099250149161481893e+00
1.545477782996478311e+00
7.354212054684167166e-01
1.411308629645598112e+00
1.958475938407518990e+00
1.577012546411599381e+00
1.562306355104875477e+00
1.285483231047027219e+00
2.021161626833296143e+00
1.881334835938996086e+00
1.530978275049852844e+00
1.059841274943085221e+00
1.440263331492890542e+00
1.089589546159462019e+00
1.952646973134027686e+00
1.801745839327039800e+00
1.956679515562203431e+00
1.264660457413637751e+00
1.687059673699369711e+00
1.958874068162540061e+00
1.213445005844964619e+00
1.543347037466295202e+00
1.234460006250028385e+00
1.052075068133483171e+00
9.146896896266890620e-01
1.203480700555883409e+00
2.085192112492863181e+00
1.214574912193158385e+00
4.319080011881428760e-01
1.116737422522542156e+00
1.815629725384857451e+00
1.807494271050084089e+00
1.762885900631109060e+00
1.074884805367728235e+00
1.218172440138825197e+00
1.490937402594755934e+00
1.032071911273455767e+00
2.040242346708073029e+00
1.373733096130546949e+00
1.628992818647418961e+00
8.950471795918799600e-01
1.831870172357989324e+00
1.419816634978516179e+00
9.823008811498539217e-01
1.705955871381565014e+00
8.096044950034365639e-01
2.007857130558682535e+00
1.406020673275390154e+00
1.081719040588442704e+00
1.164646151796040030e+00
6.594432120957635091e-01
7.846623150245737310e-01
1.273693285405388176e+00
9.674191676281774788e-01
1.414857252057992731e+00
2.052039157443956263e+00
1.625469183957674035e+00
1.042006709304935885e+00
1.501952072440337238e+00
1.566861466533710390e+00
1.663445076371272480e+00
1.868143525664871962e+00
4.945464238826998704e-01
1.844867770302067722e+00
1.936330428021767691e+00
8.344989264632309833e-01
1.106244122532519691e+00
2.012268075600723183e+00
1.616182476305726201e+00
1.795813140016381038e+00
1.303084011426581146e+00
2.025486521438225385e+00
1.125768353988291004e+00
1.653481934348426385e+00
1.086562450953305170e+00
2.002132275561388397e+00
1.839981352658542457e+00
1.716439630289145590e+00
1.900865671788757538e+00
2.048267945462393769e+00
1.981299756751620622e+00
1.750712188864017804e+00
1.334219974109081663e+00
1.617808876516692251e+00
1.781402014169989334e+00
9.489748157929253081e-01
2.113487958916268283e+00
1.859074671497850106e+00
1.533740696748463028e+00
1.995495623038020083e+00
1.076513752560483539e+00
1.859415432703043880e+00
1.180754849875178758e+00
1.781115890772745791e+00
9.993146438038009727e-01
3.687297533456035392e-01
9.966714087397922084e-01
1.264914821648846388e+00
9.940648881288109973e-01
1.160426687047405814e+00
1.532074558599132441e+00
5.952551722651374666e-01
2.103977706551027893e+00
1.827402729126701653e+00
2.122007963779677375e+00
1.297595200106240076e+00
1.390399651578023255e+00
1.998591116793764666e+00
1.671618342436918203e+00
2.051632459037233236e+00
1.897713114215082042e+00
1.531591182379391292e+00
1.603076044875960893e+00
1.139496345852134773e+00
1.946367461769225926e+00
9.624753920050326261e-01
1.603419658362021050e+00
1.572721287720929340e+00
9.477697133534167540e-01
3.342119155238284511e-01
1.419611003215511591e+00
1.683362876216491832e+00
1.089427866946341528e+00
8.447199096508698490e-01
1.482106332529117720e+00
1.690983530695014947e+00
7.726390369246548540e-01
8.826183799341928982e-01
1.420647461346281393e+00
1.802037810422071562e+00
2.068486923910357600e+00
1.726215391615579131e+00
1.570905351563351982e+00
1.123642397151269900e+00
1.186263151715392317e+00
1.295857887319534552e+00
1.442017727403583915e+00
9.721372938236279015e-01
1.777954481386903707e+00
1.920702221423117750e+00
1.628860452805025893e+00
2.333997336500090725e-01
1.843217063765621111e+00
1.827107202531000896e+00
1.422939484836072577e+00
1.024132861736089861e+00
1.485180482482972186e+00
2.008002919932306618e+00
1.516374101472016678e+00
1.866382215149920309e+00
2.039232052362079273e+00
6.930846283888585369e-01
1.678608487341155309e+00
1.827932426872451277e+00
1.917735125199107493e+00
7.793676973052914292e-01
1.130714317956678983e+00
1.483228012164562015e+00
6.735953409235369005e-01
1.326748252853637178e+00
8.608030537323586584e-01
7.035585530964859613e-01
1.550846244767939863e+00
2.063917832654508011e+00
6.051327396136526593e-01
1.482310627026489191e+00
1.978173383033349220e+00
1.390710704853842961e+00
1.973359190723094736e+00
1.085045856979203416e+00
1.618693726979846925e+00
2.075796531353458985e+00
9.022854847555740188e-01
1.670171300174350559e+00
1.314474569892283062e+00
1.819157585535406296e+00
1.673764017227576728e+00
7.001270873443731224e-01
1.965393196700812029e+00
6.739816860072347371e-01
8.842994506912407182e-01
1.681761450249023682e+00
1.003038939356613923e+00
2.047165173594963861e+00
1.487083762305305701e+00
1.162178895677135504e+00
7.259089505675727638e-01
1.643487983773545213e+00
2.039265528804345085e+00
1.380716844772345242e+00
8.720346153729210403e-01
9.587336456875900081e-01
2.036586455819562769e+00
6.876111952742867128e-01
1.779296320953710708e+00
1.521295260326841925e+00
1.569061365079474024e+00
1.677019206329297241e+00
1.903333521223933289e+00
1.665541001251500397e+00
1.358369721826128584e+00
1.431089597666850954e+00
1.319478017509685186e+00
1.645454351045637642e+00
9.051360392423433154e-01
1.199080687003275303e+00
1.932920093510391624e+00
1.991409013341265855e+00
1.592866449774578586e+00
1.738099324237988741e+00
1.981908436991478561e+00
1.368859558119938313e+00
1.651646308147996178e+00
9.528361455358737020e-01
1.820314989953644824e+00
1.489112738309609441e+00
1.110246854550227757e+00
8.749619134396094955e-01
1.053328884780921681e+00
1.071403637460728975e+00
1.100157438041534430e+00
1.717933602375894431e+00
1.133156162983420812e+00
2.072945371013660942e+00
1.284582808246224728e+00
1.680264955078052624e+00
1.690822949986731549e+00
1.359586930169943031e+00
1.118449662295284641e+00
1.340800459222028174e+00
1.695631848670528852e+00
1.505818016752299426e+00
1.013235874253656243e+00
1.235471629198360510e+00
1.785051132482938341e+00
1.392897218848321739e+00
1.888103763100003718e+00
1.395329330763511955e+00
1.926369237795472422e+00
1.174310040062056526e+00
1.181408899600900009e+00
1.761820609939079407e+00
1.910278830647468729e+00
1.863170701642707483e+00
2.109556676058651270e+00
1.877379451477501071e+00
1.060337877723229072e+00
1.235686251184276552e+00
1.265150607055987253e+00
1.850496948817081933e+00
1.066614830875625808e+00
7.129568164699269239e-01
2.111886688619042385e+00
2.086804307748361342e+00
1.164313181145848919e+00
1.783404670023748473e+00
1.177181630774924992e+00
2.093055714138536416e+00
1.748357872127093593e+00
1.839104941595529841e+00
1.217243208953222577e+00
9.470518877892295517e-01
9.341499072043200069e-01
1.614118483202812371e+00
8.679069648638337853e-01
1.227751136334675364e+00
2.071764786419508564e+00
2.125995732875746391e+00
1.115030671979618582e+00
1.299125815236216841e+00
2.076058681903525382e+00
2.074581203271328889e+00
1.890105227175601588e+00
1.700677852042700167e+00
1.910789743340264302e+00
1.623836843281236231e+00
8.434276385671312104e-01
9.500784921138890615e-01
1.159040462708825103e+00
2.002450480109977171e+00
1.668091443284368092e+00
1.515651206178084021e+00
1.287145629885966036e+00
1.030924282056088659e+00
1.459534142281438074e+00
1.714722331372341646e+00
2.142084909574976326e+00
1.507403633083723493e+00
2.090654728412915997e+00
1.513760119641906599e+00
9.317665507729455676e-01
1.769326480719219497e+00
1.622220396465277048e+00
1.358111431244127143e+00
1.116147976326983926e+00
1.464061596231660767e+00
1.732266477238783242e+00
1.031834242308011795e+00
2.086963142473420074e+00
1.896160009601886687e+00
1.522422997842348469e+00
1.878242546996270912e+00
5.430139747172247899e-01
4.676130963772761051e-01
1.993110391735519737e+00
3.529896693204785940e-01
2.135085346123147154e+00
1.760652019639728172e+00
2.033400864690932508e+00
1.915274765631911347e+00
2.036492661980898511e+00
1.627169953609736375e+00
8.630655501148311037e-01
6.116363537550366658e-01
1.997273696070857474e+00
1.953516901618830737e+00
1.027028355177224350e+00
1.156860580147838213e+00
2.045762204838872833e+00
1.550652340288480424e+00
2.010900369918410924e+00
1.464209860628355786e+00
1.397699116871303993e+00
2.141881705635608313e+00
1.666371736974651130e+00
1.605803643315335982e+00
1.890606947054248588e+00
1.714657564520651434e+00
1.013285209554752209e+00
8.119085974381550219e-01
1.903171545098472306e+00
1.263427879452705849e+00
1.770666721061818549e+00
2.004793840983544406e+00
2.047103363317866354e+00
1.626654330737003828e+00
6.893108031512801270e-01
1.354514386373515844e+00
7.659687744643810525e-01
1.759453796458855912e+00
1.373725481813237614e+00
1.073013714225645732e+00
1.396880821934136430e+00
1.928689290138582813e+00
1.288465943715338069e+00
1.557291542800731454e+00
1.966207827372451256e+00
1.506028959701443570e+00
1.628862459974692367e+00
1.235733676823203009e+00
5.202625549128213622e-01
1.252170680479988141e+00
1.760983280391194672e+00
1.665158355414532165e+00
1.734942001477794093e+00
1.880662728342854972e+00
1.525569124504848162e+00
2.006064777390065945e+00
8.486520862519217889e-01
2.054712382690503158e+00
2.131751107976999293e+00
8.169064020950618232e-01
1.435886884464105950e+00
1.824894689834192230e+00
1.754724612425548225e+00
1.931611228934338342e+00
7.767067906631012209e-01
1.296265170850458004e+00
1.545570310033058670e+00
8.109475943203479087e-01
1.368221254210069349e+00
1.932827011414766316e+00
1.126666491809348303e+00
1.467347425476214218e+00
1.641432456862033540e+00
6.459632251499938249e-01
2.082057072387224483e+00
1.118742141787381295e+00
1.684392781308667875e+00
1.827326216433293737e+00
1.773066213404275393e+00
1.131293635632924177e+00
1.587350905722974215e+00
1.689412946826326589e+00
1.210802896548133445e+00
1.357203745202334444e+00
1.427702787884726598e+00
1.947251140382860957e+00
1.648363905592931111e+00
1.547652352119420760e+00
1.750643298212238408e+00
1.057030563513616128e+00
1.970779701468059475e+00
1.685807669307884282e+00
1.152999244046288840e+00
1.983470376754131070e+00
2.098106830351800678e+00
1.416460893739970528e+00
1.408156022862397050e+00
2.132794700386693165e+00
1.584459813058279432e+00
1.906234419991549522e+00
1.839339564541301986e+00
2.020075473534194366e+00
6.076790969625708305e-01
1.908719453999019766e+00
9.578016800774409312e-01
1.970706629720931247e+00
1.798591803001773126e+00
1.563524461559429923e+00
1.372459042907422822e+00
1.519430394633733084e+00
1.419428664355194325e+00
2.020585108445279499e+00
1.509452063347672013e+00
2.135601223418450711e+00
8.196286146192947042e-01
1.252128684108577472e+00
1.615595322251223598e+00
1.272913769248168903e+00
1.858630281768408388e+00
1.299490431114487698e+00
1.954787110374050396e+00
1.688659723413112435e+00
1.373612760706067304e+00
1.800657272159139843e+00
1.195799184339591203e+00
1.126219348539853726e+00
1.691638584650992483e+00
1.465410717477880986e+00
2.123706224375806251e+00
1.014195482625200651e+00
1.331168337644250022e+00
1.727113398924993382e+00
1.905652902509176849e+00
1.071027217326503189e+00
2.133013170906908229e+00
1.932148507134181736e+00
1.853953353509011137e+00
1.125118446157246099e+00
1.923338339356135407e+00
1.603220579417668379e+00
1.324472834079087669e+00
8.789428219483683691e-01
1.853928146878861760e+00
7.917473243995780674e-01
1.600459969680427585e+00
1.698296300622569088e+00
1.223828000217506817e+00
1.418640225346460504e+00
1.762763095629001242e+00
9.725325394880453000e-01
6.909903613942192102e-01
1.739082628717624424e+00
1.388159580301716600e+00
1.178438716579773393e+00
1.205652781324505707e+00
4.481328255401976768e-01
1.656071136820184142e+00
1.962340415381711667e+00
1.506533866929832488e+00
2.057848270556811521e+00
1.736276113147573907e+00
1.819531853072058336e+00
1.634085623266891663e+00
1.485225058055267944e+00
1.722540726835167790e+00
1.553682785619617368e+00
1.306635985344742235e+00
1.824848092871809158e+00
1.817538770045156182e+00
1.990928278224585402e+00
1.387672519795721149e+00
7.536848306235236494e-01
2.015229858701070409e+00
1.344116937628639041e+00
1.009740590017156547e+00
1.467907174195488329e+00
1.692677491622086361e+00
1.889883109548377682e+00
1.572074617992674117e+00
1.106487459143041807e+00
1.231124023877672169e+00
9.486511761715432645e-01
1.684984463772337238e+00
8.082179899675550061e-01
2.006126087224663124e+00
1.440038527967113735e+00
5.893059438061590827e-01
1.861172406947727342e+00
1.465949074534501406e+00
1.882031954960557973e+00
7.004759521717994764e-01
9.778137376485330767e-01
1.299884411188144462e+00
1.231678111281330423e+00
1.969101215653365156e+00
9.431187985449059896e-01
8.730891954691883949e-01
2.049461445842348351e+00
1.700500201859518112e+00
1.076823053247551343e+00
1.333892032328553912e+00
1.534301849187727163e+00
1.899981862886034545e+00
7.759242217072972458e-01
2.096064583543747695e+00
1.653440857040282319e+00
2.140061829978274766e+00
1.338335896497889754e+00
5.520097865087805200e-01
1.852613283564900293e+00
1.937365874600060378e+00
1.642056520014756327e+00
1.587917518828575236e+00
1.687792029489635581e+00
2.073073258013126807e+00
1.836806270499899085e+00
9.449595200403350104e-01
7.684011104604129283e-01
2.126229401669305741e+00
1.972204840970936068e+00
1.908182704518978756e+00
8.056720044967785599e-01
7.200840122374511099e-01
1.355790966508937156e+00
1.971806140731581225e+00
1.148304747433527506e+00
1.972716225246555100e+00
1.023653084141352254e+00
1.674597455489116093e+00
1.611099493203166588e+00
1.081598815082461806e+00
1.748905811850456571e+00
1.885842008592680141e+00
1.208566370502892395e+00
9.025004354228195469e-01
2.044289570758715424e+00
1.948516771219029664e+00
9.816296040505028131e-01
1.302706152294488273e+00
1.668761456725262438e+00
1.112116342512375011e+00
1.118507421704204585e+00
1.290008015953331810e+00
1.911998821785434899e+00
1.586654451941416966e+00
7.469518530580807614e-01
1.606997154655437798e+00
1.763636585544657187e+00
9.376798039428996256e-01
1.937884039347574250e+00
1.516234350296387534e+00
1.938878460675265369e+00
1.468919838318732296e+00
2.046655341600017497e+00
1.163567221144595321e+00
1.755529650528064201e+00
8.175539852079511949e-01
9.244626817277880049e-01
1.160118315306178927e+00
1.612863167064834347e+00
1.271428450286084866e+00
1.443570146710690061e+00
1.735025440519027295e+00
1.266180381593628557e+00
1.629496877560510759e+00
1.834310795232642066e+00
1.192348696552774312e+00
7.569777318530096499e-01
7.803179893128713296e-01
1.742702715237353095e+00
8.161136027165137863e-01
7.379989381767649848e-01
2.048474742942000049e+00
1.680604353966777209e+00
1.508632754842878398e+00
2.054486252170827587e+00
2.852787268711077240e-01
9.414915619381863943e-01
1.328689330992482542e+00
1.616964695234224703e+00
1.345651920245652056e+00
1.828695759069050464e+00
3.432649419939657887e-01
1.689586867676895476e+00
1.375236391209130771e+00
1.143653093537852161e+00
2.083222080608111426e+00
1.367640602929863780e+00
1.832016806903789430e+00
1.481603243833599981e+00
2.005236317660170187e+00
7.573364888258710126e-01
1.243779143660492581e+00
1.494396270714551278e+00
1.351558605137597402e+00
6.608746927925825965e-01
2.010490642199654676e+00
1.569444475112026227e+00
7.723255230336428800e-01
1.589953868255543856e+00
7.132457075640558086e-01
7.520927109789581344e-01
1.101261767403773906e+00
1.465735593464834619e+00
2.130914731689836916e+00
1.659781304048694617e+00
1.582935588598552545e+00
1.113874881123606331e+00
1.560577845826753851e+00
5.318401053900190245e-01
1.652701987435772457e+00
1.327455186193191361e+00
1.367956192989363773e+00
1.542673309057911002e+00
1.740711462709840118e+00
1.595194197941336434e+00
2.094785447512319987e+00
6.525230607751295597e-01
6.409168835243245210e-01
1.945768828606019296e+00
1.094302620912612101e+00
1.971525831743392576e+00
7.719605579218360436e-01
1.319974247347745155e+00
1.091607960305580383e+00
8.447760183513453036e-01
1.592341520586679771e+00
1.517559900440208276e+00
1.819408909541431862e+00
1.227319274166567498e+00
1.404702844202204703e+00
1.142125893829786687e+00
1.957183929114824306e+00
1.554138360509034644e+00
2.052718029483614259e+00
1.993148907100843692e+00
8.544519406997095334e-01
6.470997450636385429e-01
1.628847539886323359e+00
9.011838618941675483e-01
1.821609520093956824e+00
1.869680657633411514e+00
1.038375250898349034e+00
5.646794699410487839e-01
7.355261655911399243e-01
1.088271512925908624e+00
1.074705656277763266e+00
1.214154317926854132e+00
7.521739576646919723e-01
1.067900288986866730e+00
1.894527492147592085e+00
1.818745420546345803e+00
2.142448518084037357e+00
1.450791453441861334e+00
1.096529040285991075e+00
1.784955079170830627e+00
1.181817087231880281e+00
1.785832499683287278e+00
1.188037291547951568e+00
1.499707165541742881e+00
1.130593959685324945e+00
1.615363261440731169e+00
1.498119061537741104e+00
1.984798953625067863e+00
1.700556318048035420e+00
9.880139892148748215e-01
7.565413431890533058e-01
7.545725545157049297e-01
1.892696056546187666e+00
1.206304126429955215e+00
8.428171796958290329e-01
1.572167455706693362e+00
1.144760639474862618e+00
1.015612199054547693e+00
2.120901587025443735e+00
2.053915095522794054e+00
1.393308080268708338e+00
1.472404130754322304e+00
1.159152269708571659e+00
1.589792695103963371e+00
1.568133520917329271e+00
1.815401439578944620e+00
1.220400554009969385e+00
1.324223726534103029e+00
2.034843415244108833e+00
1.708735478022871623e+00
1.289515014768213286e+00
1.755387191902620492e+00
1.880099225191447676e+00
1.608206487948216745e+00
7.613234631229975902e-01
1.630157274050019423e+00
1.848100450287670782e+00
1.639100509352682922e+00
1.010824065583848963e+00
1.644405206042266698e+00
9.623399345535907923e-01
1.918533415382942087e+00
1.795988048905102330e+00
1.038182190863673693e+00
1.186804191868267910e+00
1.959591255993360148e+00
8.874020347950836163e-01
1.198464379284511550e+00
1.359194396072073152e+00
7.608603602359410578e-01
