3.655544204660876595e-01
4.269100585375374957e-01
3.485696612252536242e-01
4.392929957517013317e-01
3.105822703719254840e-01
4.361033714811379247e-01
3.257670345466848749e-01
4.800778221235771914e-01
5.650888910355382766e-01
5.355790043143038304e-01
5.028905356310083841e-01
2.932889325064031438e-01
3.592620310281612328e-01
5.348050700278780267e-01
2.737529980491999471e-01
3.576927065390169136e-01
5.391406434541066162e-01
4.607795037531928761e-01
5.118999613586542319e-01
4.189894389389087759e-01
5.582752967205902861e-01
1.693934103751811582e-01
4.315005641521709179e-01
4.666313601614074935e-01
2.098268356080567887e-01
4.797881132633927126e-01
5.260901474202778205e-01
4.996780337439777897e-01
5.441833935900640684e-01
2.796733100753420187e-01
4.406320952903174937e-01
4.281707717450194961e-01
5.281541546330290604e-01
3.118904815187684143e-01
5.361650449063292134e-01
5.581173115614186386e-01
5.533375873768617836e-01
4.106259910306022110e-01
1.321633062746180032e-01
4.175601779733623675e-01
3.527775713034579930e-01
4.190938155122810871e-01
5.524159210033769973e-01
4.682314056049807216e-01
5.644948733679820974e-01
4.823980427171659646e-01
2.548374872013086656e-01
5.628013604382142709e-01
3.951682135207850721e-01
4.009131076742665223e-01
3.378860952068394874e-01
4.886425943918555892e-01
4.305690939130709660e-01
4.584382693100917394e-01
5.374891526161409416e-01
5.439602992127987591e-01
1.116745646083705940e-01
2.983348425170175289e-01
4.238708278038120225e-01
5.201283515113930278e-01
4.102944626379746995e-01
4.883462140479201685e-01
4.295525638369848132e-01
4.204053604929351429e-01
4.988442143945063245e-01
5.480264196676378763e-01
3.291705224698628363e-01
5.038508704060936649e-01
5.569077630057176487e-01
5.373197769165420912e-01
5.533621807581040608e-01
3.304420978901468908e-01
2.768364992927774826e-01
1.561804809541220695e-01
5.393530033953390923e-01
5.135690675836643848e-01
4.332468814422713033e-01
2.790447890808405162e-01
5.058434268567815195e-01
2.689029870977845404e-01
5.001367816378745612e-01
3.737026311179622584e-01
2.562196226679844258e-01
2.195696200394531283e-01
4.569764816649360961e-01
5.358260229810658526e-01
3.781845832335340996e-01
4.653505956204795346e-01
4.457337665299820340e-01
3.089748918063996985e-01
3.627177886857963496e-01
4.303476209541073905e-01
5.021628812691097954e-01
5.043180717894205634e-01
4.619359927364204421e-01
3.957801808140465338e-01
5.522388302453161701e-01
4.324174524402129016e-01
3.196222722814464068e-01
5.176315087761900191e-01
4.190344986895939705e-01
4.156418763333268318e-01
3.940366389584583073e-01
5.190210908329642159e-01
4.436592849732879928e-01
3.437295877584541359e-01
3.946631144244778788e-01
4.928566160812843377e-01
1.694634529424647040e-01
4.275068856743783341e-01
5.489818416829381764e-01
5.345648219780744226e-01
2.017733350709538520e-01
2.083013600704360369e-01
3.697304870628337348e-01
5.495206321946040084e-01
3.755559143082831119e-01
4.958662634416489134e-01
4.995814317626833811e-01
4.160622173515712841e-01
2.905508545819174282e-01
2.946565413700979463e-01
5.510700592876648374e-01
5.081501963510018927e-01
4.669894013379639608e-01
2.182463007392302090e-01
3.394799807174518902e-01
4.217047879472962113e-01
3.179681961147282632e-01
5.054280350411938239e-01
5.650406673217862608e-01
4.189095618855148695e-01
3.821057143767102593e-01
4.301728866754209735e-01
3.456730071681156091e-01
3.902974107934716330e-01
5.121071291012981863e-01
3.592507132678785520e-01
3.903495260956060253e-01
5.047933955098367065e-01
2.163860319688774847e-01
3.940185471664123251e-01
3.722142739038591941e-01
4.583581891500304595e-01
5.387937475224536810e-01
4.837013679823389811e-01
3.523452723930043384e-01
4.544392472400184957e-01
2.457887253777149839e-01
5.380646989925392809e-01
4.703588320811952217e-01
2.487281522131765121e-01
2.956772622473363143e-01
3.944350962016751616e-01
1.810745748979175895e-01
5.204959364152448309e-01
2.844147282020121348e-01
4.279091218615138081e-01
4.649499644284330602e-01
3.160632543167751773e-01
4.627653751588465258e-01
5.535253232538103196e-01
3.935653239556138328e-01
3.520074026840225856e-01
4.678795779941214983e-01
5.392313638000145737e-01
3.738993949362968694e-01
4.845963834656369928e-01
3.527784726393029535e-01
5.378176893368350475e-01
2.346691273640321707e-01
4.236525239355428685e-01
2.914875295252049581e-01
1.704756515906460379e-01
4.290647319491672773e-01
5.365126254398691064e-01
5.150943425218886818e-01
2.555473479731985020e-01
3.973642235660407862e-01
2.826544547020033993e-01
3.919292222792511438e-01
3.792725458897859281e-01
5.111257828356993160e-01
4.007343284627392088e-01
5.587785889195574507e-01
5.207147255668527208e-01
4.537417414366975432e-01
5.632456438920518949e-01
4.845638821056078571e-01
5.155325664667544938e-01
4.668962053244115062e-01
5.347830296111332204e-01
4.612187379021767675e-01
3.890509859303664664e-01
3.321693912835268492e-01
2.140550512632514724e-01
3.888982084737759859e-01
4.690981814589169629e-01
4.606891555034139385e-01
1.572481949180840888e-01
5.144697579038211011e-01
5.185508086880938894e-01
5.563072993185911308e-01
2.261229175797725144e-01
5.018101938654367933e-01
2.280140828238381989e-01
5.301335832026948802e-01
3.402773999293980389e-01
3.094061711404774706e-01
3.917794320721861845e-01
1.191627228256367105e-01
4.112333925916658584e-01
2.016510075563846260e-01
4.722743522057250565e-01
4.858924856340114395e-01
4.581367490743214477e-01
5.017658865209059238e-01
5.473658874342460789e-01
3.886760992897884681e-01
2.917797453582317568e-01
2.581637311149918013e-01
3.741556346939259314e-01
4.530877251117244042e-01
5.111784822956448870e-01
5.665113423013912186e-01
3.839909683691255515e-01
3.441903922996804033e-01
4.971428639715241293e-01
3.834492516556881614e-01
4.126597187865749250e-01
3.832343267238114137e-01
4.438551164067094934e-01
3.578673556313755055e-01
3.800656575984545094e-01
4.018033219602961115e-01
5.068681285804051972e-01
4.220144315378915323e-01
5.510011534079236606e-01
4.802630618925474715e-01
4.993582859409713692e-01
3.412215414773204225e-01
3.065959019731595570e-01
3.670322401712396987e-01
4.139516381486852969e-01
5.412403181891849435e-01
3.135485761215060507e-01
4.084962563239547539e-01
4.068835502161766149e-01
4.417329145378211530e-01
4.043943213442476869e-01
3.685566790498239764e-01
4.318327757388769061e-01
2.312946534136773036e-01
3.580536605769783498e-01
3.320743823466282274e-01
5.560880554463494274e-01
2.044498165420137181e-01
2.429162285086884920e-01
3.756420988131292660e-01
2.122860622943571474e-01
1.811234956957833153e-01
4.326966221996475515e-01
5.666750839057138611e-01
4.440337089606324894e-01
3.202766758078501863e-01
3.983542335965846171e-01
4.970756961011928987e-01
4.904801707591570636e-01
2.591471491694487539e-01
3.946537897751906665e-01
3.058650624026383880e-01
3.356117049911967465e-01
3.953815723614227395e-01
5.636313388477740549e-01
1.885722216092093340e-01
5.183397069671281665e-01
3.409241862732407813e-01
4.830658079681118267e-01
2.605193019058300030e-01
5.583250617672457228e-01
4.108280823760528944e-01
5.104564421237588467e-01
4.439946637775105676e-01
3.125903876299941375e-01
5.085795237254400192e-01
2.491008598742478208e-01
2.878094531326721439e-01
2.642144088489277731e-01
4.229644720035641847e-01
4.552273622384641616e-01
5.414474883996455157e-01
4.161335157912779414e-01
4.393701256899646412e-01
3.846302167008608386e-01
4.832488319987393588e-01
5.540545554430968966e-01
2.970763604194057161e-01
4.737972914981286587e-01
5.202417499279152757e-01
4.308560481175205958e-01
5.587508075851002065e-01
4.189979970842889756e-01
3.343685411583245948e-01
4.981530126819351256e-01
5.394600157096902660e-01
4.095661675500684717e-01
2.714603426624768723e-01
3.425680736178761121e-01
4.168133846235559936e-01
5.400278653785761662e-01
5.601332110707430978e-01
5.460215123387599512e-01
3.314325945647178528e-01
5.476101546508717055e-01
4.671237806031379169e-01
3.048674396389925434e-01
3.438994664851282024e-01
4.088841067634890192e-01
3.765395592405389458e-01
3.447653103770605965e-01
4.653823003190789009e-01
5.373781152086967161e-01
3.942360581566345390e-01
5.040198046263267839e-01
3.899451225243566466e-01
1.248619699515629566e-01
5.024412511204945364e-01
4.846188080179218982e-01
5.339581285619300344e-01
3.369952105992783942e-01
3.489001465952936143e-01
2.895028846414102741e-01
3.193433210178297510e-01
2.697246557614112472e-01
5.093375638478869760e-01
5.050926740031502771e-01
3.329991069847568208e-01
4.762485518342137181e-01
5.442962222651753779e-01
4.712800493912938093e-01
5.465362189535285520e-01
2.210131332624181433e-01
5.125798632509559472e-01
5.665828673944640625e-01
4.188780675248889862e-01
3.472114886728634442e-01
4.862728008652450473e-01
4.184983850502076441e-01
2.090314771264399074e-01
3.623834944801846980e-01
3.848363629224600402e-01
3.971289443348093862e-01
2.920953614480279459e-01
2.615778964458496114e-01
4.294633204981970209e-01
5.577323219267491528e-01
4.130466009181120168e-01
3.774297521750546447e-01
2.295015437920660539e-01
2.978261717958336496e-01
3.360271159582403633e-01
3.536610364018675789e-01
5.417304146782380148e-01
4.182225009531156390e-01
2.764405298530980826e-01
5.429837829695920437e-01
5.235488853780000396e-01
5.654510245403817637e-01
4.074344022560943412e-01
3.690487013993120624e-01
3.812624156224457272e-01
3.996869318912754099e-01
5.507258340719798362e-01
4.991409624339561701e-01
4.599443855724772989e-01
4.899607061405487629e-01
3.891542523195406500e-01
3.854571363956273977e-01
5.643027160164149070e-01
2.061273592573787394e-01
4.564307582609267167e-01
3.682438637170665219e-01
4.129712196910127475e-01
3.580393288959096698e-01
4.029113341996865549e-01
4.469045003065008625e-01
2.392342539375901245e-01
4.327299949352449437e-01
4.323421111077360712e-01
2.131762971766241743e-01
3.334247709485634870e-01
4.697163752420172589e-01
5.389594171167388925e-01
4.384860034540427054e-01
5.507659418546936303e-01
4.030349641178949671e-01
5.149689796901675276e-01
5.494145306199674783e-01
4.130911165274264163e-01
5.163154326333935229e-01
4.545341952480663195e-01
3.357010728454599136e-01
4.819700070752644949e-01
4.728699058863268245e-01
3.954265892696652296e-01
3.564275791498749957e-01
4.958113201246737156e-01
2.856072296426157564e-01
2.924282235094721738e-01
2.859102392836519457e-01
2.972751705585832127e-01
5.024820802532699027e-01
5.175200462570037629e-01
4.090029917199572429e-01
4.276962894578238417e-01
1.076700678423514329e-01
4.848337131288132928e-01
2.934163634247745067e-01
4.848404609953472222e-01
5.645338162693854800e-01
3.922781613115154387e-01
5.222486530291307050e-01
4.975347746750152789e-01
3.707082517001156208e-01
2.641591017063015800e-01
2.721898897417812657e-01
3.426110630979083971e-01
3.950474506834000810e-01
3.874664484557634458e-01
5.517379559113128051e-01
3.740271235444039277e-01
5.180926761055829610e-01
4.586934453560170821e-01
3.620888935084271010e-01
4.922627202636453703e-01
3.985888558839830176e-01
5.569530080878086764e-01
3.430696794466195354e-01
4.015458152761967048e-01
5.609657111453824063e-01
3.292469609863228897e-01
5.527770378017469177e-01
1.591032739770222859e-01
4.266433832571326912e-01
5.462892451678389438e-01
5.253123067153164794e-01
1.485771610734317738e-01
4.367638974491481196e-01
4.772395718109989082e-01
4.035359878188480853e-01
3.581705220994121364e-01
5.646372443009276543e-01
5.482455118173807929e-01
2.297605629121661219e-01
4.368794875499959485e-01
3.591740441048517640e-01
4.064288855675716183e-01
4.624899733146316527e-01
3.056022134090554676e-01
5.115802246215848115e-01
4.132433893249974899e-01
3.761855490686448200e-01
4.960991910687320705e-01
2.736611203487579469e-01
1.502889252060839176e-01
3.262489468232391832e-01
3.930224380541277318e-01
5.341104505557781046e-01
5.452593445228285374e-01
5.164909824116199477e-01
5.417688592266366454e-01
5.549966895341528206e-01
3.602655212052950362e-01
4.505329157078540314e-01
4.674647761703925042e-01
3.834053283183651017e-01
2.211153910751014473e-01
4.488514242393278342e-01
3.937281958728052755e-01
4.361156484395172228e-01
3.546785170024076006e-01
2.780475970552756526e-01
5.138692343442187171e-01
3.084570587568790656e-01
4.815708790169758724e-01
3.614990465640485207e-01
3.923492690172993846e-01
3.269340857325844230e-01
3.858467779442633638e-01
5.015160612230187276e-01
5.429940071518279954e-01
5.663395315766440730e-01
3.360170922399607907e-01
3.412283484139577716e-01
4.563449368359228098e-01
5.243523654279147461e-01
1.870446385075561491e-01
4.769547147348951466e-01
4.748316226479039059e-01
3.206050367852339988e-01
4.803495218197588179e-01
2.489050319825996394e-01
4.026571166793019296e-01
4.847034883405491046e-01
4.219658853444447355e-01
5.321699690175368813e-01
5.259428496913800544e-01
2.921618689630823829e-01
3.820411468142009270e-01
3.696357884237807534e-01
3.371300241855785251e-01
5.261768524780323641e-01
3.922620232643310723e-01
5.275676418026067349e-01
5.208606913236809577e-01
3.902527688737044698e-01
4.783054887201631522e-01
3.465580592886767786e-01
4.757603716221022738e-01
4.613248000958078410e-01
3.337805018702876270e-01
5.202138044182078591e-01
5.192956307342496691e-01
3.847680132935484831e-01
2.533493534328363772e-01
4.212959891525102085e-01
4.242179526726777006e-01
4.397038959714025808e-01
4.299440845521890764e-01
3.792333430339747680e-01
3.352217970022023930e-01
5.541790538704406410e-01
2.073400747125632992e-01
5.607452289372916177e-01
3.046729636195895097e-01
4.760724679037869334e-01
5.070747000912485536e-01
4.742155274612486204e-01
5.319496549685240883e-01
3.610039574408239194e-01
2.981806086111504772e-01
3.616231352813793487e-01
4.221103194585371088e-01
3.910770028594215408e-01
5.460997535940521619e-01
3.046929518510272383e-01
5.217453140573730108e-01
4.852078318708168969e-01
5.136594798964763120e-01
3.140908822695542835e-01
3.580738987273360263e-01
3.956141331218336887e-01
5.380030599586592688e-01
4.331485496691721560e-01
4.151130044567050703e-01
5.507675779782483794e-01
3.167578278132496261e-01
1.706468748753528220e-01
4.227756232972804118e-01
5.065072649577067043e-01
4.148053763875048094e-01
5.281869259393928706e-01
3.314817169104852801e-01
4.295252754444853771e-01
5.129696611829578368e-01
5.411909778921384362e-01
5.534438594992814320e-01
5.647840403781669849e-01
5.324547173971506675e-01
5.180939744573425099e-01
3.688881860150446945e-01
5.246323483089424533e-01
4.729808714671487890e-01
2.465412731014537950e-01
3.887717636384705466e-01
5.297377054438583421e-01
3.912757143547831995e-01
2.222485139916660635e-01
3.953733054290101134e-01
5.450589341303735402e-01
4.675204544218387048e-01
4.792044039690391832e-01
3.708065449515220990e-01
4.886732194847250854e-01
4.415883386251923115e-01
4.111215006861396182e-01
5.256732946192175238e-01
3.638022846624767714e-01
4.509908111453036494e-01
3.866399997431468338e-01
1.849455173079987136e-01
2.697443740369088738e-01
4.353374930517845409e-01
4.156191070148000377e-01
4.865156332659216765e-01
3.417134460344330438e-01
4.687302060388641722e-01
4.465102793834924144e-01
4.373269470852583773e-01
5.073758006907828078e-01
5.392092270114996477e-01
5.194046257712043868e-01
5.376656717481286263e-01
4.717571973685543152e-01
5.292352363147343475e-01
3.654494671079138723e-01
3.490611815654142691e-01
5.041596238664293184e-01
4.352381261873237150e-01
4.451626839627390586e-01
2.546690984280086112e-01
2.867572731283578036e-01
4.815227920259961270e-01
2.342845658009358178e-01
4.776959738457083882e-01
5.085572587844111592e-01
3.089249374482713750e-01
4.900947558669301318e-01
3.947963652606645835e-01
4.726185302074794592e-01
4.738346528840843841e-01
4.565942370220739122e-01
2.620697200903909785e-01
5.444712372222545449e-01
2.116019454535719713e-01
4.803410182904718773e-01
3.470127577045817868e-01
5.377789852432395268e-01
2.671830090020779203e-01
4.291078119557620862e-01
2.721683506382215345e-01
3.264953313506580579e-01
3.130558089278848710e-01
4.079415386849392089e-01
5.342689618769753679e-01
4.762671751349153437e-01
4.733882118466729017e-01
4.197656044002945896e-01
3.985255683256723747e-01
5.423837730764403675e-01
3.935927227321130983e-01
4.816803619506850875e-01
3.322263196127562268e-01
5.149531970838233663e-01
3.127762645351947479e-01
2.255831914606782340e-01
4.760020831368703131e-01
4.746364823767088570e-01
3.207826701556673599e-01
3.458149282089286181e-01
5.095202613025274774e-01
5.229426533205427940e-01
1.788457759460511942e-01
2.899183772259030234e-01
2.643781121907557430e-01
3.583962652056900122e-01
5.171291257704555555e-01
4.188158319489365677e-01
3.614039058684916927e-01
5.143677447919623447e-01
5.291832819514475927e-01
3.208321901208601723e-01
4.959666946421074085e-01
4.328503146552755698e-01
4.047938251916141650e-01
4.591973777172249083e-01
4.260801725652409999e-01
4.838686990843953373e-01
4.107479487195592749e-01
5.359654846001039585e-01
5.487492007524523707e-01
3.629661321884478653e-01
3.448777338152195782e-01
4.718579154790504271e-01
4.499680758622548460e-01
5.018090535120249829e-01
4.393735519196793615e-01
5.621162691638768028e-01
4.425495516114723582e-01
4.579454855459811347e-01
4.246396607003896095e-01
2.905619784554724361e-01
3.294582919952932509e-01
3.335096010232496133e-01
4.284514427616861743e-01
5.640285210258197957e-01
2.913655232191154631e-01
3.193760277569146488e-01
2.679687545220892919e-01
2.225934385313931285e-01
5.125485918002605779e-01
4.683412196328426425e-01
4.518939307064783750e-01
3.495918927523647413e-01
4.184324305883085904e-01
5.328988218278580824e-01
5.285590458265603253e-01
3.784624087023060746e-01
4.174557467421681212e-01
5.530561598136654045e-01
3.920773896127545122e-01
4.366103542303005902e-01
3.053184888111026285e-01
3.060109164553864725e-01
5.407792263421440371e-01
4.124616533792733186e-01
4.955239960065376814e-01
4.328663992385918258e-01
5.486754418148345191e-01
4.412580140944619700e-01
1.369952140544872521e-01
3.833400082253414776e-01
3.611907020584809169e-01
3.159215594104889391e-01
2.887619280920834530e-01
4.559423770276554988e-01
4.116847574887959049e-01
4.284874288915286877e-01
3.785905337619361322e-01
3.692335297362904223e-01
5.095085237418286450e-01
4.734469644573987557e-01
3.195806973090648540e-01
3.380352724762153427e-01
3.344489216966939349e-01
5.147881016298414547e-01
5.572153845287368679e-01
3.006845400909541888e-01
2.957247833849210306e-01
5.358044851049467150e-01
4.028293688500557135e-01
3.501619418316980203e-01
5.217379780047393112e-01
4.736544210952806089e-01
3.259992949586193456e-01
5.455476435995146867e-01
5.640055337223115473e-01
2.375334795765739471e-01
2.497495593327040408e-01
5.235823009635253156e-01
4.951852595522480138e-01
2.363065089878826075e-01
5.574654317377665258e-01
2.878381984445458897e-01
2.651382707924260229e-01
5.213092346772124630e-01
5.216179937880406348e-01
1.889241398823863216e-01
5.496274921527347646e-01
2.890995746850629766e-01
5.636468490029787892e-01
5.252235042845494473e-01
3.792260348468564080e-01
5.281246633098074517e-01
4.071608251436152348e-01
5.434239739010680026e-01
5.074095338119296583e-01
5.637702660595497184e-01
5.200215321315775352e-01
2.954144355535933131e-01
3.796175026081206050e-01
3.194320697179575119e-01
5.507887181040657110e-01
5.590880396897925930e-01
2.698164450533783176e-01
4.996559949914524124e-01
2.248406993498006101e-01
1.352422119759243146e-01
4.416048817976130914e-01
4.575653657001491070e-01
4.293473482689290632e-01
1.112279433697050263e-01
1.492970283004866061e-01
2.000422719843997499e-01
5.197095390031778450e-01
4.382304921428738509e-01
2.851269491880692453e-01
3.739515882741932806e-01
4.770422469127800769e-01
4.712736731554297842e-01
2.117732557557121531e-01
2.944661859193154485e-01
3.710124317482215717e-01
2.057556301968480605e-01
3.918892994347645820e-01
3.568574500671733429e-01
4.361544870487685799e-01
4.310793284868154607e-01
4.220199309026670953e-01
5.131930585914284970e-01
1.243322939469228006e-01
1.227732046618756068e-01
5.608850057936463074e-01
4.956019662580593010e-01
3.022823356709859466e-01
5.153950087187886275e-01
5.189263249273589063e-01
5.319537986355610260e-01
3.452822753814779322e-01
5.445122579185669442e-01
3.252778337557805655e-01
2.791293935054114939e-01
4.928156575117845217e-01
4.468573100616264893e-01
4.475063443619487491e-01
5.135549332476687656e-01
4.963481677088159016e-01
3.690373481530063171e-01
3.992960643198762427e-01
3.984698421113330169e-01
2.715969633880394030e-01
3.098812707560598678e-01
5.038899887568321079e-01
2.580640854308957066e-01
5.024397781567419008e-01
4.128694781303351435e-01
4.053236003706188195e-01
4.652507808453776872e-01
5.333309951676077354e-01
3.290500609395310416e-01
3.774714387152081074e-01
3.577763495934136451e-01
2.550340542866159077e-01
4.373604588202656407e-01
5.190514303184898814e-01
3.349390260575256240e-01
2.848272705128532811e-01
1.771265612839494075e-01
3.798425155359325123e-01
1.841835590301893477e-01
4.847471479119592197e-01
5.049266492719118871e-01
5.138416298861908649e-01
4.361727943515093520e-01
3.743806962861111476e-01
4.031594334620505760e-01
5.220758881549064645e-01
2.427944876786601869e-01
5.340484244848388018e-01
4.248942822483386950e-01
4.334753722214755856e-01
1.287772925290210646e-01
5.496953496314920251e-01
5.328410445495306291e-01
5.213825037296085929e-01
2.647856893642152043e-01
4.500092101184380300e-01
5.287295596402692421e-01
5.604765057224927460e-01
5.371427541602227240e-01
5.095894895011500170e-01
3.589376803613115730e-01
4.649195186227435550e-01
4.544168684935676605e-01
5.510484202788238361e-01
3.215439620578000035e-01
5.579583148092877032e-01
2.702232668005742355e-01
3.430694396847031036e-01
4.140121329518810511e-01
4.290429916606963712e-01
4.463792144287377917e-01
4.206048719482413656e-01
4.288151502459466302e-01
3.095129291374833502e-01
5.583863789618904727e-01
5.417450900734201991e-01
2.156449654648766590e-01
4.307599338446591042e-01
4.950162351069204436e-01
5.243772098243821844e-01
5.206654485859572024e-01
5.654248285503541416e-01
3.832932618029790683e-01
4.007955827540773952e-01
3.762965935029845554e-01
5.404061601036673768e-01
5.466980688530640453e-01
5.457806344431539447e-01
2.396995718965166389e-01
5.485946613958853080e-01
4.255664812233610483e-01
5.452985628483202341e-01
4.609860968064016240e-01
4.718944743295989674e-01
4.541448116412085678e-01
5.220060035786331376e-01
3.032949907001170620e-01
4.626799541844818231e-01
4.755306667091475648e-01
4.626338343974472078e-01
5.454644401511393736e-01
4.233935773322854978e-01
4.487624207698484580e-01
4.489659071213643604e-01
5.472552662355570918e-01
4.604222376036745112e-01
3.238500067679241368e-01
3.030896894100728045e-01
3.912841673189753067e-01
3.729724667928678294e-01
3.553080129913678831e-01
4.741892787722221114e-01
4.553875394220477379e-01
5.633908926828071762e-01
5.631909292462540240e-01
2.645855526750472975e-01
5.370266953707162338e-01
4.595132956362503740e-01
4.117034902901901550e-01
5.467857028387356211e-01
3.778082842328300828e-01
2.098393406780423853e-01
5.584029083355592782e-01
5.644008462911975776e-01
4.704094284256205016e-01
4.226266820721046313e-01
4.773346210194474581e-01
5.344013017744150273e-01
1.868433904202689289e-01
4.804509032609204366e-01
5.403244391214201414e-01
5.620013112557361579e-01
4.877644401833095555e-01
5.621753729887885020e-01
5.229528153429743309e-01
4.949932688924926216e-01
4.200477357601640205e-01
3.683713075366519263e-01
4.521609914785401085e-01
5.606823065645512028e-01
4.128111313578128883e-01
4.415414858986472790e-01
1.071490750596342384e-01
5.071348464562717151e-01
4.470840801031211731e-01
2.724668492047548352e-01
3.680274322616421401e-01
3.765320435889696893e-01
4.712224041299636901e-01
4.778029190927381431e-01
4.005250482564823300e-01
4.481072434945067573e-01
4.878472141780039739e-01
3.969363070329033905e-01
3.660887761949195296e-01
3.293335200914539462e-01
4.410665850477431538e-01
5.635524368721636090e-01
4.349312868883764560e-01
2.702456320790682098e-01
5.337353122182061371e-01
5.495887786511800543e-01
2.960163098007142501e-01
4.343287882249227683e-01
3.222164327355142577e-01
3.693455401729591747e-01
4.839447192930826369e-01
1.897381151963127843e-01
5.535143978035618195e-01
3.385515851522223896e-01
4.494872643130460310e-01
3.542268449301936850e-01
5.444622240525602841e-01
5.299638161227808730e-01
4.613761481239268547e-01
4.005521593341674902e-01
4.327942563796030595e-01
3.658523386319572634e-01
3.453527856041753163e-01
2.920254520516562535e-01
5.417264610867779107e-01
4.991164013273339251e-01
4.539175492956034619e-01
4.809700034334273844e-01
5.445694942663052984e-01
4.438440379510426026e-01
4.951086662786757797e-01
5.493865179778314456e-01
4.404818894632621662e-01
5.230376375511196496e-01
3.325667643834604448e-01
4.981535363712316089e-01
3.172788271728053111e-01
4.736374462307334499e-01
5.390833652975469681e-01
2.963866578803720508e-01
5.325603220688720496e-01
3.987080983903660281e-01
3.843306977023659421e-01
3.858147961762217748e-01
4.368980884638945517e-01
4.681375474076011622e-01
4.230591610095212340e-01
2.890660372280321466e-01
5.208799854564220011e-01
5.413331506970752161e-01
4.022797433490058472e-01
3.702573375160679303e-01
5.583576517357579094e-01
