9.895685260010095904e-04
1.023893251189407711e-03
9.397230074820096422e-04
7.756190632151358866e-04
7.860588818128377711e-04
8.017396360357364376e-04
7.448558489942027358e-04
8.741465811996380203e-04
1.510306488968160988e-03
9.989347482813376502e-04
7.695967016840709772e-04
9.620715266899015428e-04
2.160332511003190334e-03
1.033784492770050507e-03
9.279739666773445224e-04
9.364850222042073614e-04
9.859708893023796418e-04
8.114766008675993771e-04
7.535706162378779565e-04
6.854846170450303987e-04
6.396839592244654227e-04
1.149989859117879834e-03
1.194412458366556247e-03
9.277831103883133488e-04
1.365112895841618041e-03
2.228361117134177675e-03
7.791895124033978255e-04
7.036740850148660766e-04
1.425090318827577788e-03
8.929910023113328630e-04
7.492164218628882951e-04
1.410734223082844158e-03
7.272554231180108995e-04
7.486662943253119974e-04
8.442938093846641921e-04
1.460767921175287710e-03
8.675266142718789965e-04
6.930111702220244059e-04
7.925512328612216873e-04
6.746041107697749520e-04
1.018856787090577668e-03
1.066053007796129376e-03
1.292749479696621772e-03
9.791449967171395301e-04
7.517933176146885136e-04
9.882676163344525800e-04
1.256344482054129854e-03
7.716994253637225829e-04
6.673205313679123453e-04
9.208794549420816098e-04
9.301438999010950767e-04
1.056840164823227195e-03
1.029955349533887444e-03
9.327349195914347432e-04
9.282195360567963753e-04
8.240212637416143536e-04
6.976033431674466979e-04
8.946430069513607985e-04
8.910666273146693227e-04
1.563531425559055608e-03
8.658698025027325744e-04
7.259872734405720378e-04
9.689964518011076654e-04
8.090394076078647823e-04
1.186488486805916840e-03
1.110456594661465585e-03
1.397595218424035543e-03
7.889537901701364686e-04
8.884992494594778738e-04
1.053985791363878195e-03
7.908332889655560281e-04
7.619201140621531922e-04
8.905016202369736827e-04
7.159876846210526261e-04
8.287309232376137078e-04
6.560525558147121397e-04
9.166745435518788799e-04
1.075787364378841043e-03
6.373712845510418751e-04
1.264439038531985342e-03
1.470455751786744905e-03
9.719311315371397843e-04
1.173899084248771537e-03
1.848744509916216061e-03
1.146538218724321755e-03
1.128338997604262216e-03
7.906286613433675817e-04
8.150231802875388103e-04
1.756932565557392479e-03
8.161989739299468569e-04
1.077983691307375733e-03
6.781137558704866891e-04
1.020752285633634354e-03
8.726399335263621470e-04
1.238420188687732598e-03
7.545992679284137250e-04
9.316616920682141206e-04
9.310052967250977748e-04
7.785725678301651026e-04
9.639170351260212396e-04
7.662242158241117573e-04
1.062297507816979680e-03
7.966322424950967283e-04
8.801813904405932218e-04
8.422232138682284822e-04
7.431177388217541629e-04
7.904991837187707281e-04
1.753099294600473073e-03
8.451027385868621622e-04
1.437821155380838338e-03
9.797160098783514424e-04
8.609019302679773045e-04
1.206589479867587389e-03
8.672640312690608772e-04
1.195531091087364975e-03
8.897174015177152819e-04
8.269701756574871507e-04
8.161033453118629686e-04
8.489757522132199575e-04
8.292358427742591237e-04
1.503031836608539765e-03
1.014527444647829501e-03
8.660047290402621582e-04
6.876149274783079340e-04
8.983841214901212499e-04
1.060577906789239664e-03
6.548150350978273115e-04
1.011435145383598588e-03
6.481696142322559669e-04
7.626061396740565915e-04
8.362450554399985126e-04
1.217209075081475455e-03
9.533899432382761299e-04
7.970674250349247267e-04
7.613190436193522639e-04
8.680378174886760334e-04
7.717736688017393706e-04
8.373944200942450749e-04
1.358241166254895316e-03
9.133354168948629604e-04
1.071326433520797001e-03
1.276572972511339594e-03
8.934242142656932716e-04
8.188623487974526797e-04
7.191096084499004918e-04
8.699390373387298932e-04
1.016055990048369976e-03
1.340602119004091503e-03
1.287729562980389564e-03
1.106719998431699879e-03
9.304996177290700407e-04
1.637160201931999468e-03
1.429530201585114957e-03
1.192633504573464625e-03
1.108450479767451868e-03
8.248911499276739140e-04
1.395181993512503932e-03
1.082002565700663273e-03
6.975657477989144050e-04
9.437823347185505087e-04
6.815388760967484036e-04
7.766957449563995086e-04
9.207220614036688367e-04
1.213101305945090075e-03
1.015513375118950231e-03
3.266621157518705045e-03
8.346230604197609317e-04
1.250292456842064682e-03
1.859567806067436661e-03
8.278014338651487483e-04
6.980743204601625547e-04
7.863676381763372433e-04
2.062724170311175040e-03
7.864621291897209120e-04
8.296597104121734845e-04
7.157026682466285233e-04
7.444764100310023074e-04
6.868689359377931798e-04
1.155848484082680309e-03
7.699025250021606032e-04
1.504871585484640227e-03
1.163752879797744742e-03
8.427486664097855792e-04
1.100725261210032434e-03
1.192552619790909285e-03
1.241792104755562324e-03
1.017383013784550934e-03
6.733566956433065850e-04
7.030305914758147199e-04
1.282058803379619756e-03
9.671811102439576346e-04
7.853888366517784931e-04
1.026081164802301882e-03
7.099264024174212640e-04
9.061519900342018688e-04
8.017541404134999545e-04
9.213351411487747571e-04
1.019214899413379118e-03
9.138563833460901144e-04
9.363999395348771753e-04
8.504505584503085566e-04
1.234383046355185453e-03
9.988882228126321362e-04
9.428833238113231785e-04
1.226422956915403702e-03
7.237771572754698752e-04
8.294800568259710731e-04
8.435107790959096461e-04
6.680117668719232071e-04
1.613463626506388094e-03
7.383381127560741759e-04
1.199122655046409858e-03
6.807870072558536590e-04
1.826375220193814227e-03
1.202115317406311648e-03
7.283998434081264501e-04
7.762237984603578746e-04
8.078692640713169100e-04
6.452559010891828310e-04
1.136981410286699162e-03
7.845636142909203801e-04
9.979972723155529531e-04
1.027517225947447961e-03
1.375909033646230580e-03
7.338043886653000409e-04
1.151371125896792332e-03
9.624997170891886082e-04
6.742558800116473352e-04
8.644774547086470345e-04
1.114789495620561880e-03
1.003686870440200765e-03
8.438586664947436830e-04
1.264977931544250186e-03
1.035528266583757425e-03
9.552781494949633351e-04
9.423905401208010390e-04
7.501122404707533803e-04
7.494543645785322781e-04
9.800522341511153004e-04
9.090579245389873676e-04
9.460900404275966171e-04
1.713735764326489337e-03
9.709651561208151264e-04
1.011396266947778028e-03
9.846206736909908670e-04
6.940997755380649706e-04
9.307085247794776115e-04
1.240064598460568785e-03
7.378125427231477977e-04
6.537964149091663769e-04
1.031681233070502355e-03
1.540541617186443751e-03
6.747739153678105608e-04
7.896447330667437457e-04
1.042079101024701851e-03
7.030859390049793442e-04
1.087316344246856779e-03
6.828985843704958201e-04
9.150549777525577352e-04
1.446130197271127066e-03
1.103644204500899267e-03
7.837957930766914494e-04
7.126657032623349985e-04
6.939710366525413945e-04
8.440136166869584549e-04
7.107760667194038592e-04
7.955320640740988361e-04
6.687079766188118012e-04
8.586032432694046127e-04
9.473933585728917979e-04
7.271368743584984444e-04
2.518084664529558845e-03
7.132856116483060312e-04
1.268507892452677829e-03
9.433052943112273754e-04
4.946914313364224498e-03
8.091347227923412601e-04
7.323340730695092771e-04
8.685984831513750759e-04
8.430211854452250445e-04
1.152943712190158216e-03
1.604137248172562849e-03
7.679988219552756406e-04
9.163785059546229522e-04
7.944921533657447413e-04
7.326808395322041570e-04
7.152816215741073002e-04
8.935473170758348417e-04
7.477163558876126145e-04
1.252022443779237087e-03
9.542317870796342616e-04
1.168744089238029499e-03
7.411494804459854875e-04
8.140947238026663641e-04
9.348427428574711392e-04
1.302795921770049216e-03
9.074688762721901504e-04
1.041547248005557152e-03
8.146387018539626591e-04
9.998834042104255693e-04
8.988292081344559283e-04
1.126601066444137163e-03
1.061009476499368736e-03
8.529242982812861940e-04
8.104871639888363254e-04
8.865997106157985858e-04
7.828790990262942144e-04
7.634798246537072590e-04
8.225598252579211867e-04
1.617691209590565917e-03
1.156742944880195453e-03
7.000534910173940219e-04
8.599998206659147451e-04
6.745193401037157498e-04
8.022693923321170834e-04
7.267804960921046831e-04
1.286145463422165916e-03
8.842551566268309947e-04
1.067174661972079743e-03
7.580766586145009332e-04
1.254471744814385139e-03
7.373488953200190528e-04
8.479567113794916336e-04
9.980174165461330044e-04
1.042720596266432948e-03
1.428249988502451910e-03
9.350129377385253248e-04
7.456532422935622595e-04
7.762898619666096277e-04
8.779342553435480912e-04
7.520871533159000392e-04
9.402062058182199603e-04
7.632586742856387746e-04
7.489214951175279713e-04
8.613536095637412031e-04
7.058373825897087863e-04
1.034474043292855699e-03
1.356929531758703901e-03
1.195456196271771528e-03
8.339345004358163097e-04
9.475361375115764692e-04
9.020630798674283577e-04
9.900012999857056659e-04
8.810634106733777546e-04
1.028032591333302107e-03
8.521567986317495633e-04
7.047220297334542711e-04
1.368393420904343363e-03
9.377799271864645627e-04
9.718903645732730398e-04
1.297092905602883388e-03
7.914863138398125272e-04
8.849450145974029763e-04
1.634659812618232365e-03
8.985040122885762457e-04
7.279315402063164407e-04
1.146602324429897264e-03
1.012814697743621680e-03
1.105282087722943025e-03
8.590030530683072374e-04
6.916679279770219157e-04
9.058624644317727790e-04
8.237950799906999322e-04
9.973141751196872105e-04
7.618636560570284664e-04
8.488533358266844939e-04
9.588353854007394296e-04
9.202645684454482207e-04
6.718732302432924453e-04
7.500191012493979612e-04
9.898095745752930746e-04
8.883911787433249226e-04
7.531781021345383123e-04
1.128997920996126008e-03
1.237763648198523300e-03
1.104895556396919476e-03
2.015221673885777241e-03
2.629532925875247527e-03
8.239063010324435563e-04
8.102953304297440523e-04
9.541341561132116959e-04
7.076412355598396021e-04
1.660781601238927197e-03
9.813846884065638172e-04
1.035001775766015248e-03
9.032524938697467521e-04
1.290258261966018829e-03
9.461802508854631451e-04
1.448632230761885339e-03
7.542290194068077902e-04
7.185695251697538869e-04
1.132478256677274184e-03
8.626522812736514990e-04
8.236131891236750033e-04
8.567458246309426432e-04
1.320838938989789746e-03
7.793216442722342239e-04
7.259368469458738361e-04
1.297117991720625734e-03
8.517567143195131077e-04
6.925019282989098440e-04
8.409478826248314954e-04
1.189431168977995567e-03
1.214501882158285865e-03
8.237676080229815612e-04
6.896511177613447304e-04
9.388455060208055532e-04
9.271085949306209903e-04
7.096986745287415990e-04
6.753284482266511037e-04
9.889650405282017411e-04
9.677346897480376990e-04
8.305496009830581113e-04
7.987791652346842288e-04
7.549636938000551557e-04
9.538568053893535124e-04
1.269381579428287450e-03
1.387150718689021461e-03
6.353376975193293294e-04
1.205985554337578574e-03
7.860469276559519346e-04
8.925354555384619514e-04
6.866661875080720592e-04
8.354228834855716461e-04
8.497996470145273906e-04
1.009532769329119124e-03
2.613391191532094069e-03
7.950525039972729290e-04
1.339641899819823392e-03
8.119584311381887291e-04
8.161188819651946785e-04
9.222930740103185178e-04
1.268502240072189686e-03
7.424546430009081911e-04
1.110038878119524184e-03
1.111696619671125952e-03
1.243571197916638329e-03
1.016751629648058935e-03
9.206094123914957024e-04
9.161441528810968090e-04
1.046505333036008801e-03
8.812497431850407079e-04
6.640806775800071286e-04
8.678873872648714500e-04
8.277094033209124067e-04
8.216821934189717140e-04
9.010578769920724171e-04
8.907860192083524300e-04
7.841192526684125650e-04
7.596500621560829669e-04
8.051845040437390598e-04
1.000310302752436750e-03
9.364139253006244050e-04
1.406940813023409200e-03
8.525878069885143434e-04
7.224295510446649944e-04
1.007276627191039647e-03
9.409972452657074321e-04
8.793540664885238309e-04
9.350209777997536571e-04
9.091801688385521812e-04
1.340522835870583277e-03
7.458569282604894527e-04
1.467643716210428884e-03
2.283775807665928970e-03
8.414993637687216352e-04
1.030113066927986409e-03
1.277121535062304778e-03
9.261998170340723967e-04
9.512592832692143806e-04
1.453259026099243791e-03
7.488736921415354349e-04
9.561559881181324379e-04
8.041084754569148259e-04
8.756986513558669789e-04
7.143948805964593900e-04
9.646107383038451119e-04
9.268293051728383877e-04
1.321836247690150136e-03
1.535663981365422781e-03
7.582552345248817164e-04
6.710802019677635909e-04
1.121790869932985570e-03
8.363869278360471947e-04
9.332458951080348664e-04
8.607993638204700440e-04
1.643125568427171489e-03
1.093921930985093573e-03
1.476952591032290076e-03
1.049882026779821445e-03
9.484893845808073636e-04
2.124583501023356250e-03
1.133597465030881501e-03
1.046322858336648422e-03
9.475016586278461710e-04
7.819194822916074273e-04
9.904235610169313028e-04
7.276078552917510664e-04
8.049159672431515809e-04
7.905658441525331573e-04
7.689021380549218966e-04
7.090748814965668967e-04
8.782087799619992885e-04
1.531366374332032319e-03
9.239201170457784010e-04
9.487889198280850074e-04
9.033426389468770818e-04
7.780775785361749783e-04
8.033112414724461175e-04
8.442287275502438279e-04
7.305334424726231098e-04
1.038627357450179348e-03
7.138295421380337104e-04
1.032249842458155811e-03
7.455598016610009504e-04
1.054174350102589017e-03
8.717763149005227545e-04
6.854280874135710352e-04
9.674612461144951837e-04
8.281391970279261810e-04
2.538608002873153462e-03
1.675329909619647974e-03
9.219172283968211663e-04
8.832330946204999984e-04
7.922401607136160713e-04
1.099342610884817672e-03
1.143955522899538007e-03
1.246352041870461358e-03
1.111507088279814525e-03
7.318892537314121817e-04
8.497946692462757636e-04
8.988141510340990226e-04
1.166546206554832776e-03
1.374048554954193820e-03
6.677049981975329614e-04
8.444494020387646304e-04
7.597903844450287509e-04
1.156598297926164209e-03
6.664821629981912583e-04
1.075278071837474595e-03
8.503363997069776246e-04
1.077015165054279232e-03
1.292607502543178166e-03
1.035540899945016236e-03
7.910027557499210455e-04
1.533371827455441575e-03
9.014859451500846542e-04
9.114384159865986665e-04
7.060610328700025248e-04
9.637280350719306700e-04
7.870397459655894407e-04
8.853967874835179473e-04
1.036415316482472556e-03
1.073975708372973577e-03
1.802344651949905298e-03
1.328132935198518116e-03
8.843267564260346054e-04
1.006530838186930508e-03
7.605094268038132448e-04
6.668095766430492607e-04
1.313765318437967343e-03
7.705559574786573652e-04
8.167792553772134159e-04
7.645080941795033948e-04
1.096456966039768572e-03
6.548682636199760739e-04
8.662862491054146470e-04
1.170404411846861408e-03
1.364031055388319723e-03
8.948118373676163494e-04
9.359436438083016535e-04
7.805727040608101885e-04
1.055523647833227652e-03
8.996552897996371598e-04
8.214340828281651262e-04
7.915082484207250834e-04
9.361147040721962045e-04
1.368082175186355505e-03
8.005775381045653711e-04
8.272292661977309223e-04
9.099520498786525368e-04
6.581607847864646282e-04
1.019391582261662413e-03
1.122640935096636244e-03
1.062782449363886992e-03
8.222636162347294209e-04
1.315936068126634514e-03
1.189851904622155412e-03
1.825381806526884176e-03
8.603575808983250639e-04
7.318320927606178404e-04
9.973581728407534836e-04
9.307421005665722415e-04
9.145537546549682055e-04
1.186407771560772303e-03
1.786248218592372764e-03
1.469880529682403422e-03
9.438207505944969837e-04
9.900075412693925842e-04
8.100225729820633574e-04
1.123486473129731503e-03
9.456316718705865638e-04
1.401616919340590477e-03
1.015871319325852441e-03
1.461666380542787089e-03
7.783430441480875548e-04
9.250661534061372900e-04
1.492544184261767465e-03
1.162010179311533499e-03
8.182360133366705984e-04
1.064303174251329245e-03
9.937677267050355583e-04
6.895845899977105483e-04
1.849850564398185628e-03
9.067503306699170162e-04
1.863756948385746721e-03
1.060345330754520641e-03
1.598383382104709514e-03
9.413336927965593052e-04
9.532814786462421577e-04
1.000312472301918007e-03
9.566393669648199814e-04
9.490551846303977484e-04
2.084391831336006654e-03
1.137797352873935654e-03
8.317116735626486424e-04
8.605086786642300199e-04
7.062032214317684031e-04
8.721439749017832451e-04
9.521601038817748908e-04
8.971834349226783488e-04
7.913255759478547875e-04
9.923138681636727715e-04
8.908137268281521998e-04
9.966932067589043698e-04
7.176312865493330228e-04
8.326830891126113564e-04
1.512689683225108654e-03
1.002377779467666019e-03
1.149208777593778300e-03
1.443410631022177008e-03
7.421687140548343308e-04
7.974201031895338139e-04
1.044696126277765060e-03
1.209485323705855467e-03
1.242858788256823426e-03
6.443844668069727581e-04
1.190643818211776670e-03
1.079904628100247180e-03
6.701394012587426384e-04
7.227318542795481459e-04
8.019189202112621045e-04
8.723674712328091533e-04
1.138910832156881303e-03
6.899235257643659101e-04
1.334889354717279765e-03
8.725690786792543148e-04
8.917394923579249465e-04
1.247969291670222728e-03
7.416618310009833164e-04
9.671527732455112263e-04
2.198737036053815836e-03
1.338100565450255248e-03
1.122022671244582350e-03
7.921806755166735988e-04
1.043815446409344623e-03
7.352739511464094014e-04
9.324492370095122931e-04
7.461285695782793803e-04
1.313429491689965941e-03
8.671347114347087610e-04
9.836221153184535396e-04
7.489339223032380347e-04
1.001073252068595707e-03
1.203996496181067299e-03
7.324350001451628836e-04
1.191468536680767316e-03
1.097578803412908779e-03
8.624435252022969725e-04
1.244981934255176949e-03
9.642041936158995442e-04
7.195752287431574122e-04
1.100183542953015684e-03
1.121766198511748224e-03
8.890033554428825643e-04
9.291285644792436063e-04
2.077485889334024834e-03
1.230999604447507003e-03
9.226699080387004226e-04
1.548490978289437979e-03
7.255140533979167507e-04
8.221355373067627641e-04
6.964540976366514731e-04
8.266704583332468419e-04
9.456779855977886238e-04
6.865427828396943825e-04
7.935881836683840148e-04
9.675433801665401373e-04
7.832124773392500853e-04
7.046291840357706915e-04
1.036454010553146702e-03
1.261865705543469170e-03
7.244130013469971983e-04
7.858529754425371515e-04
9.412905387590199359e-04
1.332404146921650984e-03
1.371078736762274203e-03
6.875656723705874914e-04
7.536712728317470234e-04
9.102317985927075401e-04
7.820580345383572806e-04
2.629422790761608286e-03
8.806087594094053235e-04
7.954948765910238324e-04
7.917676555172702092e-04
1.046701736290885608e-03
7.183378037206747477e-04
9.093827545847149455e-04
7.245220329213255097e-04
9.617229375598512937e-04
9.443002927706043315e-04
7.999739384569880566e-04
1.012980479601257276e-03
1.151497734983299940e-03
1.605763136817439174e-03
1.279044105476007283e-03
1.684299757985806712e-03
6.537942621828693500e-04
9.344987583489748400e-04
8.132012161120802125e-04
1.243782889775981977e-03
7.955093443426352598e-04
8.856207504778961306e-04
7.247775364579363581e-04
8.679259646723620335e-04
1.207208231389343212e-03
8.808351460059784177e-04
1.284933841573250579e-03
1.080200876376562593e-03
8.265265089231831714e-04
6.792041784040919392e-04
8.136985922013914010e-04
1.301851159455748221e-03
1.209329885567998145e-03
1.101471488908029647e-03
9.999113145137705251e-04
7.319199795908700465e-04
1.170913098096922067e-03
7.831979122382135873e-04
1.075078344473871230e-03
7.959308364983657237e-04
9.164733939743092365e-04
7.166340046514201555e-04
7.066837655762401487e-04
8.613527759664123436e-04
9.292197919321249205e-04
1.548889942669986249e-03
1.004889943245357601e-03
8.094721375244624036e-04
1.039153319425705629e-03
7.207635371869665917e-04
7.144836837872569832e-04
1.244987321918289251e-03
1.083901000982181746e-03
7.648686089689915894e-04
7.160531029938019872e-04
1.009283216627950312e-03
9.209203466832035058e-04
2.329654383270192940e-03
1.100112375562095840e-03
8.891997656386733603e-04
1.136385439478799228e-03
2.271257220887770798e-03
9.110755404513465588e-04
9.363655368057201929e-04
8.393630355100985306e-04
8.802709590846093113e-04
9.734870807829771894e-04
7.644636925668948403e-04
9.753693316216930156e-04
1.155094648243229884e-03
1.060195337807829557e-03
7.738138274158235051e-04
7.225606563806448446e-04
8.541159717442474777e-04
1.031154116643873435e-03
1.704616247876516999e-03
8.656260319455889515e-04
6.951637774985004216e-04
7.331967561627870944e-04
9.561216156120863618e-04
9.235126283155791751e-04
7.073158707892464011e-04
9.312415960788721038e-04
1.008318244623599824e-03
1.150697738888412699e-03
1.252688766221569548e-03
7.929103080926541139e-04
9.283392077181111882e-04
7.079974041951742156e-04
1.133610882469863416e-03
9.934782896663353017e-04
1.106760738990456103e-03
7.826288609012676482e-04
6.742083994928051898e-04
7.405136121094022710e-04
1.336880458021420196e-03
8.787987737616788321e-04
7.024341180361914341e-04
1.349841032904190502e-03
2.308174554139820044e-03
9.722511690320813403e-04
8.803150872701916195e-04
8.493982463570143391e-04
9.380024352581922903e-04
8.380935782372763527e-04
1.113178910565969888e-03
1.356872737809617507e-03
7.722753824606744602e-04
9.479859503413717164e-04
8.957196980594365424e-04
1.013255348709942230e-03
7.931724833046241603e-04
8.022361166832668979e-04
1.358531359494255606e-03
1.014071068808567637e-03
1.346459888186085597e-03
6.894216842493644829e-04
7.948566580347695039e-04
8.027432534394465889e-04
9.983831181929806158e-04
6.931266299019804740e-04
9.069501555656321080e-04
6.859049503018824169e-04
1.122479775022043732e-03
1.103982029483056718e-03
7.361845987437795700e-04
7.352845471206268012e-04
1.037984768299410679e-03
7.489079504319298176e-04
1.097630938628623007e-03
1.859382736197665031e-03
1.018267725958371976e-03
8.846671047507238339e-04
7.664263554087010150e-04
6.683397708829454760e-04
6.983327967544492769e-04
1.005716046936982544e-03
9.980656846384561905e-04
9.625423510043630950e-04
1.008076398046310650e-03
8.278304292422898180e-04
7.052698695255553039e-04
1.274481348084271310e-03
6.364451252260803962e-04
8.546970488144551561e-04
3.734368583320408531e-03
1.118404282476454263e-03
7.859480801014897492e-04
9.574665690662173502e-04
1.175701335281523598e-03
1.470252799030292035e-03
7.157172271630444973e-04
9.692711398444073864e-04
1.254359829180364157e-03
9.537978777078907856e-04
9.017349136916347858e-04
9.551955415949419000e-04
1.941135446861745823e-03
7.066415682126956851e-04
7.769233013508294915e-04
1.137054526876953063e-03
8.450702414724713162e-04
9.890484458129626850e-04
9.252648513374359552e-04
1.410392939305169999e-03
9.918760443991003241e-04
1.159713475124022741e-03
1.354881910477188705e-03
7.641861486422806991e-04
9.563008546584615037e-04
8.543362748401681214e-04
1.127218945872386852e-03
1.024981234963534202e-03
8.420821006332708872e-04
8.323055371570006094e-04
2.062288513504980519e-03
7.035320488713201707e-04
8.922793737559869343e-04
7.303294078518973763e-04
9.924757221471752159e-04
8.968103487795035973e-04
7.059452490106321327e-04
1.134185364656369998e-03
9.692165332654013041e-04
1.020043944947445803e-03
7.023144571486987769e-04
7.140925439105717939e-04
9.665358114254021587e-04
1.013216215924105795e-03
9.952557654844306281e-04
8.420103587854042967e-04
8.992338411856788801e-04
9.470354460931817509e-04
7.460710597329917254e-04
7.526763307103722560e-04
1.032079741873893029e-03
8.959135217762784599e-04
9.365864027344999315e-04
1.499697371232598620e-03
8.882974602889880458e-04
9.062757158469608157e-04
6.387912501813785334e-04
9.939977959615726305e-04
9.410922713003490835e-04
7.406169156199854690e-04
1.294611561610280832e-03
8.451257733812886537e-04
9.931803691747831658e-04
7.208112879838931555e-04
6.801100123521516827e-04
1.050723724954958846e-03
1.270206561666072445e-03
1.066446215952854314e-03
9.217570372818823790e-04
8.710927846128529474e-04
1.269885616496872543e-03
8.703114127824629646e-04
1.023863176869233092e-03
1.065463236087591968e-03
1.548894668046553935e-03
6.901211659300343897e-04
1.163912717866618166e-03
1.141575149457105254e-03
9.073596493925023890e-04
8.246820763579263596e-04
8.101826084496244543e-04
8.275535386603279000e-04
8.495572393703101650e-04
7.732032773223785791e-04
1.384593934340483824e-03
9.268360488173337484e-04
8.532760551192241066e-04
7.824017333676411973e-04
1.267356070818582200e-03
1.203166515954089437e-03
8.748277075666418927e-04
8.201685131683143998e-04
1.122090919828960028e-03
1.212818345374267869e-03
9.283117872351055776e-04
7.575453056654985395e-04
8.498528844108869809e-04
7.567350276414929605e-04
1.186689705554596838e-03
9.037982154795816967e-04
7.949390840157114207e-04
8.434864551079470502e-04
6.987514794727989805e-04
1.238997527243150759e-03
9.470250477626500568e-04
9.332434332234738547e-04
9.606156998856388686e-04
1.289192367201869808e-03
1.065235781747618342e-03
7.815200779782073993e-04
7.799013245868516991e-04
1.028325220266280331e-03
8.165146371059903152e-04
1.795652668965032252e-03
1.518735527328757924e-03
7.081035492336306553e-04
1.223322950440647403e-03
1.304296459335937269e-03
9.233318591471149960e-04
9.787386066703262187e-04
7.203421174615426718e-04
7.956842618738885209e-04
7.777159982633192331e-04
1.239013908229700828e-03
9.073609789020574629e-04
1.016090904460446084e-03
1.515958601387215176e-03
1.048177380734017627e-03
1.174911781713250175e-03
1.803172242256913553e-03
7.750423348181038896e-04
6.690097636040053626e-04
7.190251628923935651e-04
6.599466419947559812e-04
1.250055601107807326e-03
7.662746649207719278e-04
9.028175106763496093e-04
9.652188801888364218e-04
8.020395950107730163e-04
1.166112813217600429e-03
6.840393063138668506e-04
8.339065175436603068e-04
8.019846642062027856e-04
7.804616356715407760e-04
