5.631763184021073903e-04
6.943537436230863774e-04
7.587170129101696850e-04
8.399015637057317182e-04
6.555270564805570346e-04
1.320232078062846077e-03
2.052493806170945824e-03
7.436609283601480248e-04
1.335035539434200258e-03
8.847588784119403285e-04
1.061049840058460834e-03
7.055138231375247815e-04
8.902569972338036410e-04
1.178296703589437914e-03
5.861361598843408066e-04
1.074731588232218787e-03
1.120563520304466163e-03
9.053312305983397899e-04
1.325164669321071426e-03
9.519367987833567482e-04
6.096783210089246280e-04
7.704422424282116001e-04
6.153069244968333972e-04
7.082245900961237940e-04
1.111215216878813335e-03
1.392144463022699499e-03
1.325922243898923622e-03
7.071158889428409092e-04
6.664788907796712417e-04
7.909878614056641867e-04
1.179792570040749016e-03
1.015957686502337023e-03
7.362695091787874657e-04
7.563326231041082089e-04
1.046565899412308688e-03
1.092067056300127705e-03
9.982658685719362959e-04
8.752180629530285135e-04
8.761667615476355538e-04
6.663085905683601698e-04
2.373524926195563940e-03
1.317494673877865835e-03
1.241632165843015211e-03
1.083819457719997510e-03
8.507319417885122722e-04
1.561508028567788840e-03
1.278354897831545864e-03
1.595385827601554507e-03
9.657350151643635892e-04
1.482065048911402781e-03
1.734572909961343019e-03
1.016263141277147421e-03
6.513299036070300998e-04
7.796486669104590135e-04
1.347774371169988558e-03
7.619321907077583915e-04
1.113826819768664027e-03
1.224945423116853690e-03
1.242586212954102003e-03
1.513751312079568596e-03
1.299700222861216881e-03
7.882503575131668541e-04
8.670130322643503995e-04
9.970184583481757259e-04
9.035071580975725849e-04
8.379717997168310232e-04
9.520792946071703544e-04
6.951710586181569481e-04
1.033523798355438133e-03
9.458365486633148970e-04
1.049231211784316508e-03
8.563826789844746976e-04
5.938118226409336417e-04
8.197516058436537471e-04
1.126744284721943124e-03
1.045147723666942302e-03
9.223591835671302291e-04
9.931638521994599032e-04
7.892942280510712545e-04
9.940104085647523749e-04
1.030737233510237291e-03
9.688053056525661828e-04
6.423703337662050672e-04
7.747240386804923667e-04
1.257884724788462449e-03
8.697075916603458790e-04
9.959320791985450116e-04
7.888044667228896571e-04
9.336837346645804033e-04
6.752276873542913550e-04
1.038509766404111141e-03
8.483421162300954031e-04
9.204219225623029620e-04
9.398984536096744455e-04
1.007597464697138024e-03
6.525651500466088427e-04
8.828872655254393692e-04
7.374362060142242940e-04
5.583949246431681645e-04
8.730227268666138725e-04
1.102107001148831854e-03
6.649970701114344155e-04
1.055285854760086919e-03
7.365005896549983982e-04
6.208734220678264115e-04
1.319148095039029836e-03
6.241958415766006400e-04
1.051923512112065391e-03
6.315209373491849224e-04
1.239761173761283605e-03
1.244724749355208965e-03
1.293252901122817150e-03
1.044864754873857165e-03
9.163444015888812157e-04
8.567879581574761256e-04
1.257429439953886268e-03
1.401237715441739327e-03
1.198327849755764785e-03
1.004694409014050913e-03
8.448372389740112362e-04
1.638029687862381035e-03
1.071474712483364835e-03
1.128623661478400523e-03
1.783904160087659493e-03
8.566805655585061317e-04
1.443357040460896716e-03
9.796013113158755052e-04
7.853709298927468666e-04
8.242414936122404627e-04
9.235614876963916696e-04
9.337117370982090129e-04
1.284624802168904704e-03
9.044355783070688820e-04
1.251783665022653718e-03
1.067633889474277342e-03
8.689023144161137600e-04
1.312530889838276534e-03
1.067381514152640227e-03
1.273633513433579216e-03
8.731609722626808420e-04
9.655586860577845170e-04
9.100484891694379189e-04
6.088701240802169836e-04
1.230158066830946886e-03
1.424941870363053645e-03
7.972435731047119046e-04
1.147073919499408227e-03
6.150438460105671704e-04
6.311220491293071961e-04
6.043699436752989276e-04
6.612390555891998990e-04
7.215994876551268516e-04
8.036915243017749965e-04
9.487984228683985465e-04
9.621492349034808152e-04
1.243852332705318309e-03
1.922844952662653567e-03
1.296743515586758991e-03
1.067072786643150214e-03
7.467441302718361021e-04
8.888116960593201929e-04
1.120480369670796665e-03
8.436809613743578070e-04
6.496715311792537880e-04
9.130855033376530277e-04
7.103400392990602682e-04
8.669226294045946375e-04
5.960020135840382897e-04
6.584235504347882382e-04
7.287689460039615532e-04
9.543873587474216436e-04
1.232565165754553448e-03
8.684726097117338077e-04
7.261477439248905600e-04
8.709941595650002536e-04
8.326595673636441554e-04
7.960976525395544595e-04
1.418719266663164350e-03
8.629152763768834162e-04
1.254316905787702984e-03
8.619282177308401714e-04
1.676796978504678905e-03
8.672703839688274997e-04
7.399821619177631912e-04
9.561899000475283447e-04
9.877850098809926472e-04
6.217899288578566030e-04
7.701409685853311850e-04
8.605945320476091022e-04
1.023292035456885773e-03
8.665771300793620978e-04
6.765930820508092537e-04
7.619191007075122157e-04
1.222929966140151158e-03
7.831123016088102802e-04
9.436579170115436122e-04
1.296566605099775706e-03
9.311689069058025304e-04
8.466953300584194623e-04
1.014682863885104985e-03
1.357228735701343416e-03
7.976780869731587252e-04
1.171140919866921551e-03
8.297492991208613947e-04
1.410649646218341356e-03
1.567717390502352615e-03
6.684760938385845685e-04
6.455991934676667560e-04
1.470325409954896176e-03
5.291637817248132742e-04
6.598708612818135651e-04
6.246012559445523549e-04
6.718848327341193786e-04
1.666472561766363467e-03
6.739337460688836880e-04
1.365165108455174093e-03
1.461833232039064017e-03
9.059155304943646665e-04
1.153811316320910250e-03
1.128042354148316032e-03
7.084409216450802006e-04
6.637109766361617806e-04
8.689232555453562127e-04
8.032847954832427828e-04
7.548582655579026690e-04
7.786412285892054539e-04
1.463520154466136118e-03
5.425905553847190296e-04
8.187331068624029151e-04
6.502927005432040811e-04
1.068380772764009534e-03
9.184855277454120675e-04
6.493346411864938739e-04
7.820247397294119267e-04
7.268726543380273812e-04
9.593535758130626243e-04
9.271770304532322244e-04
1.270608294708862893e-03
1.168188036258272985e-03
9.422370678333154195e-04
1.032982181323337635e-03
1.776147390248181916e-03
1.112129413018378941e-03
1.042180704901892255e-03
6.391601507604114784e-04
8.628243619934605887e-04
1.543332983428650921e-03
8.971225247162732327e-04
8.121661121167277021e-04
7.570191776464465410e-04
8.406019866384917836e-04
1.214186256250330978e-03
7.118727600703895521e-04
7.417538140593863587e-04
5.389993151342880977e-04
7.664101679593467642e-04
2.490137596000582560e-03
1.101883496592302985e-03
1.136569894543243767e-03
1.126186281621733036e-03
8.053703340560714559e-04
8.052576616731391091e-04
7.544725236044302766e-04
1.094219518079428757e-03
1.379645672513085241e-03
1.567123103041867700e-03
7.965491371102473295e-04
9.423496088435532507e-04
9.457651133734062531e-04
9.690252499430582070e-04
9.944959867622150951e-04
1.147262771443704078e-03
1.351847788833762404e-03
8.789866508350190196e-04
8.389160278076652306e-04
1.034163657608922664e-03
1.111310126240932757e-03
1.194930074245454700e-03
6.074035945953643306e-04
1.017208108391253136e-03
1.423692308723780971e-03
1.262335011079244139e-03
1.307103872171223044e-03
1.242562220387331221e-03
5.983784901398085101e-04
1.206480101802267797e-03
1.464054944389458785e-03
8.491824309411416874e-04
7.137213157609336280e-04
1.079568667156752303e-03
7.354750396186564201e-04
6.209568421543072095e-04
9.848567505902413189e-04
9.507933996746396454e-04
7.275724311599350179e-04
9.244340410369013272e-04
7.152793290056832457e-04
1.160254777581420796e-03
1.196505196094345891e-03
8.461333270117527439e-04
1.549653598137813596e-03
9.891604267329480189e-04
6.096446136768582510e-04
8.463230666963888170e-04
1.032160159078446661e-03
8.673355165187746942e-04
7.505710901933481316e-04
7.966819217719156706e-04
6.573173235492593604e-04
1.644478797947079504e-03
1.219954234753550457e-03
1.090222009170898048e-03
8.319160488185896145e-04
7.375079987240667568e-04
1.118685997277129706e-03
1.161185775450580609e-03
8.848874551888810539e-04
1.272998074178991086e-03
1.041293997255850808e-03
1.282423528321316149e-03
8.403432251732483342e-04
8.115310369067664812e-04
1.304533416760948533e-03
1.444364635430975480e-03
9.275001085519602199e-04
8.085394288578402365e-04
7.673881036215155892e-04
9.193803800579004306e-04
1.125745956417520963e-03
8.857081720465645198e-04
5.859956526328531038e-04
1.156709746423289402e-03
3.283240683725694754e-03
9.258206637664101587e-04
1.167551610761116774e-03
1.358153973619093732e-03
7.328914970515210906e-04
8.449024149598858115e-04
9.795961688861879162e-04
7.236573463408753045e-04
1.083445724459009647e-03
1.161089256043610490e-03
8.504316901635940434e-04
1.025932375419015769e-03
1.476065192128429415e-03
7.227174439549635026e-04
6.981404203487909113e-04
1.359326168787198304e-03
1.516509794482492034e-03
1.682188939051706012e-03
8.423945278042338025e-04
7.310092342762945653e-04
1.313453992607002468e-03
1.379095593111927297e-03
9.107860559933394313e-04
9.356462979743780748e-04
1.824313479075323615e-03
9.256200018152465660e-04
1.528441666033434091e-03
1.227818792479594629e-03
1.083664836832446462e-03
7.557037985395670832e-04
9.023045623334770239e-04
1.263835085573636980e-03
8.573943327523112033e-04
1.225935130805882664e-03
7.523515000759931548e-04
1.068400287194279158e-03
6.598738013552650798e-04
1.138259665923254879e-03
8.069210155929184983e-04
1.371391839706631935e-03
7.433430001317504468e-04
8.544725877360909161e-04
1.276296675376505920e-03
1.619037253858155020e-03
8.024436847849994447e-04
8.473736159454590315e-04
7.547568185731749367e-04
9.438505416284516001e-04
7.287740314583621322e-04
1.611300228185254951e-03
7.486095590123922720e-04
9.556686752659356281e-04
8.660827997072383707e-04
9.165417307424071148e-04
1.025035182481095217e-03
1.387347025634183507e-03
6.722512546638438440e-04
9.924892386603944433e-04
1.342837851174787274e-03
9.971750233712900306e-04
1.100780696706908082e-03
8.958027091283499123e-04
8.976589058132631183e-04
1.643992497810401994e-03
8.445638353102964072e-04
8.269336888514018831e-04
1.252407506119774432e-03
6.852964914901197137e-04
1.148260763740420638e-03
8.738596271770868998e-04
1.280164974320089320e-03
8.834221549847491280e-04
1.320639403979179723e-03
8.059286863506014880e-04
8.556628907761140929e-04
9.380675722721442799e-04
6.519078821063491918e-04
7.166615616935555471e-04
1.152644975726220067e-03
6.627099681031885844e-04
6.843392453593048763e-04
9.176814703453343471e-04
8.672294214656968295e-04
8.071539067409343052e-04
1.254826678668202701e-03
8.795426106764790870e-04
8.040538724769431171e-04
6.922183446744435871e-04
1.097219922452321748e-03
6.887543769623211392e-04
9.344839552116320728e-04
1.044204477394313716e-03
1.042747228356205157e-03
8.291381858667770362e-04
6.680187332205741405e-04
7.889546755009953314e-04
1.273267276779084479e-03
9.199368461801231455e-04
9.586568996744054003e-04
1.018908170311204385e-03
7.823823857108432337e-04
1.295006626253339573e-03
6.703574695946168871e-04
8.434506450739700806e-04
9.422443301233579711e-04
6.041011429180515339e-04
7.194785612500319760e-04
9.114171793934038642e-04
1.061741390785073515e-03
1.149510852065988367e-03
2.466589918040121288e-03
9.858470026841822855e-04
8.065048714450180232e-04
7.354197472945052079e-04
1.079841803892122361e-03
6.044439267398602801e-04
1.543978955923134156e-03
7.385588625214692306e-04
6.933388314679877172e-04
1.759903700626300410e-03
1.468641137864386487e-03
1.491151390992939219e-03
1.071539639263259557e-03
1.276578177780233244e-03
9.489875313356694589e-04
8.883137008029404766e-04
7.864949566071527528e-04
6.536611295078830841e-04
2.067828517221521542e-03
9.508141716518523669e-04
7.890069587033219983e-04
8.814565216301598278e-04
8.777353073388458179e-04
8.542897413686433884e-04
9.428344992501264078e-04
8.725114004916221470e-04
1.083123881640747459e-03
7.334951318907945335e-04
8.052512076819526819e-04
1.827644618864158067e-03
2.087440922269312438e-03
1.011126034835949225e-03
7.903905823131085126e-04
6.678309926768350542e-04
1.129649076754394655e-03
5.583560558196151843e-04
8.919671203000238691e-04
9.093587385756328120e-04
9.162885379660040122e-04
7.658894428369521787e-04
1.472229453261915443e-03
1.093636995221689175e-03
8.306257853841126542e-04
1.067811112136188029e-03
6.825957528490456160e-04
9.252475852053640122e-04
5.652811651524842964e-04
7.998753519602475352e-04
8.181170378869255175e-04
9.727322572333512883e-04
2.162560151980122500e-03
9.688475074895091859e-04
1.114805619110665691e-03
7.981073701470053254e-04
1.144161387054307534e-03
8.800322976811469780e-04
1.067978981107584741e-03
5.869933045582765565e-04
1.066272871249283926e-03
1.700336242396802925e-03
7.793974287540788226e-04
7.805002300521139127e-04
5.435072528239880216e-04
1.654338628618059288e-03
8.800504876742711426e-04
8.625432496760876509e-04
9.498071605794890454e-04
1.658163230716719425e-03
1.620035361083569433e-03
6.462804677737929524e-04
9.256281721570629737e-04
9.365020435928142267e-04
1.622199499600722288e-03
1.174297348870622639e-03
5.443012293612556471e-04
7.570672359749597811e-04
1.254725405931382412e-03
1.043645685256792445e-03
6.447342866435035267e-04
7.986631393908965237e-04
6.238021087471849919e-04
1.140161749719744398e-03
1.246952645719806791e-03
9.107473686984418398e-04
8.311278564604298929e-04
7.376451987553859450e-04
8.400754098570855765e-04
1.372100009396469075e-03
7.052789719937477969e-04
9.227933908293002238e-04
8.779545048520521078e-04
1.014390503208972101e-03
1.149418898375083016e-03
8.751488587357972781e-04
8.614777072820393924e-04
1.974584574732158281e-03
6.629659896778558950e-04
8.524114382911890083e-04
1.004882528716476544e-03
1.309678109362745306e-03
9.946888877902348557e-04
1.158053877415113906e-03
1.627195042680379313e-03
7.798228897222315471e-04
1.076931162710419295e-03
9.472919820157138168e-04
1.479534835776533065e-03
1.101503786660568921e-03
8.473082563372799202e-04
7.958347549242891349e-04
1.054289552477152489e-03
1.042555701561141994e-03
7.598876018348094162e-04
6.247646463822028456e-04
6.857155823196841617e-04
7.931591961653587913e-04
7.077108129034828752e-04
1.220568471347309924e-03
5.809243171202799292e-04
8.878782818307159224e-04
6.722624186535471275e-04
8.565814196230081383e-04
6.541474821716979646e-04
1.176203184394246631e-03
9.156480474005569215e-04
7.180659255410513963e-04
8.822386333722388035e-04
1.403992441785265662e-03
1.189148818667728341e-03
9.224244109081391422e-04
1.280120600072522314e-03
7.444714405439497576e-04
8.731570526997800346e-04
8.551488669167276596e-04
9.357329937206271524e-04
1.164299549858192114e-03
8.330083206001389837e-04
8.770215126948156022e-04
7.987118010552507951e-04
6.031024479469901563e-04
6.239924051560835671e-04
9.495959502187681627e-04
1.608401026429910315e-03
1.237403029994562156e-03
1.429401527236433831e-03
1.128974537997875019e-03
9.680091934486217400e-04
5.663916972857629484e-04
1.478333212915717903e-03
1.257470697573809379e-03
7.761502064054495633e-04
8.573782790904084473e-04
1.131861110523253375e-03
6.671032643378631754e-04
1.586939493213809955e-03
7.474690327044685367e-04
9.917035075565612621e-04
6.872436076820016490e-04
1.083549251392693829e-03
9.362489880603340562e-04
7.290114231445879488e-04
8.784999507928626609e-04
1.113586004488117519e-03
9.763201514521469698e-04
1.262961191789894458e-03
6.384830756485132975e-04
1.337050396611085988e-03
1.259173993758431597e-03
6.275465245637837797e-04
1.258343332448926336e-03
9.800796262362469063e-04
6.830182159426110948e-04
1.461764437413437014e-03
1.605310588167797436e-03
1.260279434553282464e-03
1.515961560576665730e-03
1.431863559096697557e-03
1.270187493681035167e-03
1.367362568846109978e-03
7.280364838643679998e-04
1.082814676113885667e-03
6.647555324563709329e-04
1.159979175058221176e-03
1.160984168409750009e-03
9.038484784514113669e-04
1.055010632918565536e-03
9.179104658735799194e-04
8.548815661005195864e-04
7.657540272003534069e-04
1.653139507950895622e-03
7.899810354375462734e-04
6.376116922228709880e-04
6.113338224095279938e-04
9.069297891377477725e-04
9.392219252781452933e-04
9.026522690342147093e-04
1.196511855349387818e-03
9.997457892510009433e-04
1.552216005351247149e-03
8.367620526395741325e-04
1.104396979452821042e-03
7.599243755790450073e-04
1.339439685389214344e-03
5.755800061788328512e-04
1.237303944417349807e-03
7.750658908641710814e-04
8.633403051675275167e-04
8.213977401150716288e-04
1.575927839605826457e-03
6.171116089469639741e-04
9.869522987737393976e-04
7.082522022721869908e-04
2.332359795277958933e-03
9.899159172472864372e-04
7.953654262045237395e-04
7.989769766705279424e-04
8.199896366067057447e-04
5.521306563182820171e-04
7.185853350528206580e-04
9.202950002719634520e-04
7.689885472716991672e-04
8.604693752432127953e-04
7.593052258158512020e-04
8.431723888884857555e-04
1.403923911764025671e-03
1.568990631427337207e-03
8.658131101943778189e-04
1.050080034749479880e-03
1.117853443714775024e-03
8.302351006038957877e-04
1.040210434284152439e-03
1.016190569465517859e-03
1.219385905588366579e-03
1.012554271024809077e-03
9.477415077458146769e-04
7.859817759453975030e-04
7.924653223029432415e-04
9.278641587501002290e-04
1.285164329477843110e-03
8.130412709859019278e-04
9.088314481266216664e-04
9.126687511378068444e-04
6.397381749813711282e-04
9.435739998478713400e-04
7.115821056773272320e-04
1.528339015590765961e-03
1.513943555333966328e-03
9.995525856390280635e-04
1.067795644458183722e-03
8.715140172402045891e-04
9.205729424927837226e-04
7.683759985428166442e-04
1.372919263185401213e-03
1.548841790197853568e-03
8.745437704953317945e-04
6.808203187651402097e-04
8.862432858528517974e-04
5.380837417058987032e-04
6.019972796712935595e-04
9.719891099715322405e-04
7.940028488486689049e-04
9.833925893433022748e-04
9.708054027352733392e-04
8.416880947556538940e-04
8.588755432337228084e-04
7.841323221182646720e-04
1.305006226119736264e-03
6.904395549999882897e-04
1.125039347150580188e-03
9.892748663531941017e-04
8.774637312351492389e-04
1.256682763844351120e-03
8.121317123078884617e-04
1.127042929007115351e-03
6.642531121013354415e-04
1.139966946626296083e-03
1.298964763772347342e-03
1.023148697430686753e-03
8.667873373009300731e-04
1.084697223028581849e-03
1.337068041576684871e-03
9.969569215013483320e-04
1.021433025564625913e-03
1.335025858357346456e-03
1.071903544490474544e-03
1.324317012034235356e-03
6.362045911284983871e-04
9.178340070620507815e-04
7.838681176080736267e-04
8.742129411788091215e-04
9.394163073239958882e-04
8.758507124092964431e-04
1.198451595065057893e-03
1.001876697038906264e-03
1.186820920883258860e-03
1.251554012279582724e-03
6.300044266736199187e-04
1.389400650924446775e-03
7.574361307841436094e-04
7.588204246159319360e-04
8.527026177438687491e-04
1.420553782939734059e-03
9.375345105022983789e-04
1.275614508498261945e-03
1.483767702855378267e-03
6.836442869961586793e-04
8.795916475004690290e-04
6.571538333449953879e-04
1.529742529800796500e-03
1.238154528572797501e-03
9.466128722789847157e-04
8.734124345743610402e-04
8.995282189954706539e-04
1.521681016087151348e-03
1.196777413814884266e-03
1.027928924182165043e-03
7.733416434092769010e-04
6.821832457362757805e-04
1.549457530436656582e-03
1.006954250431057844e-03
8.341304923724078037e-04
1.317758159307226952e-03
1.120291816740227354e-03
9.452231423275402966e-04
1.270333151648840629e-03
1.214419372312002410e-03
1.156963636347415735e-03
8.457519908598562421e-04
7.576311501350027752e-04
8.875872529351445201e-04
6.146969530914523023e-04
6.914818565369076735e-04
8.730970831364336972e-04
7.263193930520173754e-04
1.188374008695581218e-03
1.678275643180161380e-03
1.440721953886141358e-03
5.546524861608137427e-04
8.394525070163371978e-04
1.409304097005904506e-03
1.050661566562524152e-03
8.391166651151046960e-04
1.146465263182389234e-03
9.730501608651233487e-04
1.081602558221198950e-03
6.185118676164886101e-04
1.192254830062826646e-03
6.738332215299881311e-04
1.326658089309978557e-03
1.581906636581515042e-03
9.251420463882933801e-04
9.807443014066806204e-04
8.701887006239686015e-04
1.739621866030757746e-03
8.817079520968122176e-04
7.005465612188860585e-04
1.029592795294071014e-03
1.344202735303466839e-03
1.818852888994668170e-03
6.993378072801737693e-04
6.985321309043832257e-04
1.012519794836500356e-03
9.544570701417423760e-04
1.114861990263090255e-03
1.080878706784325688e-03
7.913703883315665634e-04
1.034931976144992530e-03
8.043813945439414175e-04
1.034051944750574671e-03
9.539957781530879893e-04
7.906219894406528144e-04
5.741497318178803103e-04
7.674104690024790513e-04
1.272543426341011868e-03
6.489934402728122923e-04
7.647862274689522493e-04
1.134800032444939141e-03
1.561619339890487485e-03
1.282168726151228753e-03
1.363850372814879664e-03
1.292871301376041651e-03
1.040411456189121835e-03
1.300522751656714221e-03
1.350673254531779052e-03
6.776317988380639937e-04
9.544194494020078736e-04
1.477735068589027673e-03
1.143330328654957543e-03
1.073050997913558516e-03
8.673407781496083073e-04
1.305797011866021437e-03
9.969203939582615102e-04
6.870966916393255602e-04
1.051169219156659852e-03
9.082135343063403284e-04
5.994454138552849937e-04
9.661048513296225390e-04
6.839908286975686716e-04
1.229609773307363237e-03
8.377107655766457802e-04
9.942233532438608367e-04
8.889655244562372520e-04
1.216847081750712387e-03
9.012242471392699350e-04
1.119029974908345793e-03
6.715848982580416510e-04
9.396056463482568583e-04
1.103823049515431989e-03
1.075131597514513565e-03
7.783696373527774354e-04
1.279919626147893322e-03
9.009422084001150440e-04
9.888807474422239233e-04
1.075792223957277964e-03
9.072776802237686499e-04
1.388587326591424198e-03
1.107049757744556695e-03
1.087230548112395759e-03
1.395211133304432964e-03
1.432671373196798929e-03
6.125155427672479211e-04
8.661893499223489740e-04
1.034801330684663803e-03
1.155113731101714255e-03
1.077037592319215684e-03
7.242789890183101405e-04
1.012776855602426536e-03
8.208153827498583044e-04
1.588044891101404949e-03
1.217929802660774191e-03
7.786009625495502167e-04
6.420090473045160159e-04
8.196798328123462360e-04
9.472364651337633829e-04
7.563473708156886891e-04
6.645040930302248058e-04
8.931437138041811242e-04
5.653101250662920327e-04
1.246210703279154513e-03
6.283806014182909258e-04
8.109127435402972619e-04
1.050435948707426374e-03
9.200773715786033291e-04
9.851177090650573009e-04
9.702467007220721843e-04
9.980718683770945215e-04
7.808741898451116142e-04
9.965666118195324816e-04
1.077860338305913377e-03
8.130742744090454013e-04
1.874763826491722711e-03
1.448098858255911095e-03
6.714324816084307800e-04
9.618175180840833486e-04
8.237565260839624500e-04
1.081724659513016952e-03
7.226872469036034257e-04
6.751935331141105130e-04
9.267291453665686598e-04
6.588463306001314046e-04
9.066159648057663589e-04
9.779956848243282711e-04
1.042578490344189248e-03
7.811872716588259954e-04
8.601696427129949503e-04
7.227088840041391701e-04
1.071153218228396327e-03
5.898969180851338680e-04
8.455201065614452102e-04
9.823002652151228368e-04
5.978840297643327325e-04
7.987390988953026703e-04
1.040316883223927919e-03
9.139187227744113937e-04
6.013529854926499265e-04
8.164284812934175656e-04
1.342956148237165782e-03
6.907387210991965077e-04
1.071179290736067177e-03
6.700648483818328303e-04
7.355426442275162218e-04
7.827598077951459371e-04
8.682805870189177697e-04
1.130616764256439036e-03
6.914719355947490610e-04
1.159803925860525232e-03
9.268412261812700821e-04
1.331032246494755168e-03
1.387559569135586547e-03
8.153004818987836036e-04
8.909718061706393098e-04
7.368824160498730572e-04
9.385415088365508954e-04
8.150506571595072559e-04
9.960218918465084652e-04
6.763623417195824402e-04
8.536910283411547904e-04
1.163638685712820552e-03
1.021749288290360732e-03
9.277475098091016517e-04
1.336773988078982433e-03
8.981602329704088672e-04
8.427099596926347939e-04
1.167761866598515403e-03
9.262599781709506203e-04
1.535400920988938458e-03
7.222876426242018496e-04
8.906754225072061482e-04
1.537671498947850053e-03
6.671184295002520600e-04
1.230284687485616287e-03
8.406776948397534036e-04
1.100446732251722515e-03
1.430570841216296640e-03
7.826333605553435291e-04
1.495722042015263341e-03
8.620838843162673820e-04
8.603571710064729415e-04
1.729733398917674726e-03
1.578220460226854209e-03
9.334019502341569206e-04
1.227846308844010581e-03
1.087472715848635061e-03
6.199464457292456305e-04
9.629837235463839865e-04
9.468659516937851612e-04
7.399831845214962199e-04
8.925822305455293360e-04
1.119782788548669443e-03
1.105392986760196736e-03
1.245920944417579701e-03
6.448022281273979237e-04
6.699548718468253689e-04
1.063745410140669746e-03
9.970571161303815478e-04
9.629879953613157233e-04
7.097000132301147695e-04
6.951113503377732159e-04
7.360226005572759146e-04
9.306351188000560248e-04
8.284443774155233250e-04
9.492652733422828623e-04
9.684290968110047769e-04
8.171917396107880767e-04
8.864178285609554354e-04
8.543869376056335970e-04
1.519453679497018150e-03
9.366682100026655234e-04
8.125880269985009214e-04
1.788805279486452076e-03
1.961694126848092731e-03
9.647564418927274781e-04
6.520451585022039517e-04
1.226418176943003821e-03
1.378977374978816641e-03
1.390365617928288793e-03
6.543516669323617236e-04
8.436249146072880836e-04
