9.124695770096801157e-04
9.850615939683889793e-04
1.133401088102226279e-03
8.748255161236345809e-04
7.436321285390017468e-04
7.079930301219192505e-04
8.819711164885120358e-04
1.720093543854481211e-03
8.982377308443332663e-04
9.086896151457541726e-04
6.833801155856980558e-04
7.748751367117883305e-04
1.091652522965208929e-03
1.151318027640592422e-03
6.865422584181999797e-04
1.160517569445813219e-03
1.183389714866564133e-03
8.015239033645479372e-04
8.494669774698233996e-04
8.467168969256587061e-04
1.022704292878003898e-03
1.064024443292904123e-03
7.895820118267364660e-04
1.025531022708476474e-03
1.298785571338436848e-03
1.136560251278312395e-03
9.361226179124961877e-04
7.829445515332027249e-04
9.875019591317681523e-04
9.489135595956181210e-04
8.538082157036626764e-04
1.106508562543309648e-03
2.196633760177171997e-03
1.094768027158908889e-03
7.162572945464486295e-04
1.016381711464086225e-03
1.109877856362094517e-03
7.693202738909611128e-04
1.107836889037668851e-03
1.413373069720461278e-03
7.368650595409099221e-04
8.079682517495084468e-04
1.050597742431544314e-03
8.370707802967643565e-04
7.874875283354073425e-04
8.546920269905681957e-04
1.078426332745231492e-03
1.117023237218603242e-03
1.082614554435716060e-03
1.440446853268577713e-03
9.938247799397754469e-04
7.418340532606852765e-04
1.136876012906170262e-03
8.051652468547695288e-04
1.103433699459762480e-03
8.969711186389993287e-04
7.921001402604850930e-04
8.616387070552863556e-04
1.025029995921142431e-03
9.386357850662376597e-04
1.426371549565023976e-03
8.268543591095820454e-04
6.874057217158394172e-04
1.681410930502392088e-03
8.086911338565346344e-04
8.963731480869641371e-04
1.216610544957343705e-03
6.844506251797909330e-04
7.856643841613789687e-04
1.050390136478799403e-03
1.136506316007568004e-03
1.217558302731016132e-03
7.370177783641507696e-04
9.737407763625225126e-04
7.126504739625441273e-04
7.415945321106589628e-04
7.962605606909885616e-04
9.999122763690308953e-04
1.090485107843784445e-03
6.466365733577697028e-04
9.433689986560700414e-04
1.234516990842397886e-03
7.408433613996046139e-04
1.000161516224995755e-03
1.177479567988792657e-03
8.348233911784541574e-04
8.432568599338380235e-04
1.149711958568813176e-03
9.870515503856177979e-04
9.286537803662315823e-04
8.154843412440301040e-04
8.109762286979890766e-04
7.488591295211720475e-04
7.612402074825957163e-04
7.000861165271523396e-04
9.145120686828372243e-04
8.496959859955982401e-04
6.898535523695980155e-04
7.411316051434431841e-04
9.304290616906495288e-04
1.372490623021161652e-03
8.891341271796570798e-04
1.179059096216696816e-03
8.208270610903137905e-04
8.209104124108602355e-04
9.830363157406288039e-04
1.426861911859378775e-03
9.662311532208903066e-04
7.498821888107758257e-04
1.460228168173961566e-03
8.910862104538681177e-04
6.640567856317259069e-04
8.312057702165741215e-04
1.016961889800251312e-03
8.904416325470986384e-04
7.449727816120932941e-04
7.569277780957977663e-04
1.029870739140484066e-03
1.076911437618470165e-03
1.115336269194481134e-03
7.532620559596042318e-04
7.882487015180012066e-04
7.982164493385025253e-04
7.483992214336285557e-04
8.372140620993149185e-04
1.388993411436411675e-03
9.445182889804440516e-04
1.405227462770426141e-03
9.162180249037232913e-04
7.568997256114204548e-04
8.094005670317061443e-04
1.048741948210379525e-03
1.475224591185505304e-03
1.524702570775121136e-03
1.064162289656219807e-03
1.264049860201580918e-03
8.573010143065348896e-04
1.369919476929090879e-03
9.926752699466407162e-04
7.754582401144169846e-04
7.982523005148435330e-04
9.139225191994638673e-04
1.022412596593697074e-03
1.042910605437108841e-03
1.159176663012539011e-03
1.019285453742121116e-03
7.900896316311809562e-04
1.224649694613728912e-03
1.296912375852584840e-03
1.087688851977245547e-03
1.057082025918146088e-03
1.018545068417255192e-03
1.230298505036788977e-03
1.151159810545038763e-03
9.585280773839611589e-04
1.138182499291389002e-03
8.602226487715061405e-04
7.177728597805056732e-04
1.996293976690242684e-03
9.660992416243610300e-04
7.826407828477235235e-04
1.411911664881615545e-03
1.273612947524226536e-03
9.206970715065614661e-04
8.366924887492088476e-04
1.077738836026516205e-03
9.171923294435216671e-04
1.238897345446388814e-03
1.712835100291820864e-03
1.200927795059642976e-03
7.990949477028606081e-04
8.015311816256999065e-04
7.799065315759736924e-04
6.785047933933394376e-04
8.366511797936600995e-04
9.478559867865062917e-04
8.748575986763345701e-04
8.460251515387605219e-04
1.104372370157617831e-03
1.040409942126883838e-03
1.147226677887839283e-03
1.102331509433640902e-03
7.943753308939958480e-04
7.541595343301491514e-04
7.130811198723862807e-04
8.611789052678387596e-04
6.905002012083960063e-04
8.375640782509763968e-04
1.068474546967941889e-03
7.069849986483749517e-04
7.842693667610940245e-04
1.117447391256794252e-03
7.782480843633798277e-04
7.587910757699653681e-04
8.030726175137397390e-04
7.012454762381709408e-04
8.058424864211165750e-04
8.955056953439954892e-04
8.478424843548495408e-04
6.991538101428808327e-04
1.428476095566350978e-03
6.884062730419482313e-04
8.964782834030032453e-04
6.582959609872293932e-04
1.069078995947005421e-03
7.227949359001204421e-04
8.077087928917408427e-04
9.425380478341045505e-04
8.306405550330411228e-04
6.991086160752375258e-04
1.065067413206191539e-03
7.140489358296639834e-04
9.529320670294531446e-04
1.181370754019770179e-03
1.719372027172019453e-03
8.924717609962172548e-04
6.917056417451401340e-04
9.751702422589398267e-04
9.759941032732205894e-04
7.455788269333887310e-04
9.824325222521712933e-04
8.798385535403141456e-04
1.167642756273744786e-03
8.675411735243984028e-04
1.047138438821097273e-03
7.167817147520652533e-04
1.171821323862994122e-03
8.053469466118209083e-04
9.789313397507838719e-04
9.673897256007752419e-04
1.104077991739086219e-03
8.014576838507764560e-04
9.962886717895657208e-04
8.646284860548737478e-04
1.185584940483802542e-03
1.084636714578243949e-03
1.419779963281642739e-03
9.481548566310123161e-04
8.352790641057519262e-04
1.362179104149542760e-03
1.647157391172041378e-03
7.286106835806481193e-04
1.026170139662800499e-03
1.055073740469451718e-03
1.003436905128835509e-03
1.398768405974478530e-03
7.005540369154767940e-04
1.117715261476041151e-03
7.856820996715432664e-04
6.964278985140793339e-04
1.218569009443796298e-03
1.187848583707607668e-03
1.432961721940690346e-03
8.013949501165801162e-04
7.943247287806745952e-04
1.314740085846992715e-03
8.692796957052174303e-04
7.395258514245335157e-04
9.508068377021138429e-04
8.206537201881239450e-04
8.454691583975198783e-04
8.283184342813990162e-04
8.629297246883602286e-04
1.115400085498391685e-03
1.047113699088183950e-03
1.757074192995155193e-03
1.153761553282989412e-03
7.856233385188420232e-04
8.812748566626080714e-04
1.065382743304834484e-03
1.004504161009051391e-03
7.282587608750798122e-04
8.131891412748080104e-04
1.384835290399459747e-03
9.924516519978720218e-04
9.407090563158431243e-04
1.047471797587762885e-03
1.262325974047903655e-03
9.812369045627588118e-04
7.513234531840463091e-04
9.844928107198202757e-04
1.077804607137109382e-03
1.225177521392314993e-03
7.577403612613944081e-04
8.119663430680094506e-04
6.707488023330199917e-04
1.118459077307361934e-03
8.079489420254697390e-04
8.304992279974359858e-04
8.749810139314823142e-04
1.258395502632286530e-03
1.118762871504472897e-03
1.174909795153434439e-03
9.356475954634299293e-04
7.824170465855402080e-04
8.706945052281551923e-04
9.401987058390288803e-04
1.655268090903490785e-03
8.105271330097699872e-04
1.217019551010677363e-03
1.296306756074020773e-03
8.255599554425785847e-04
7.299096081909398244e-04
1.189966391217420856e-03
1.100189638446814628e-03
1.097953518061662616e-03
1.452979399768064648e-03
1.160923268949776632e-03
9.331091279859883439e-04
9.247804055477796496e-04
7.925620443736039857e-04
8.276003703816466354e-04
8.019574363161936304e-04
1.055646034706303514e-03
1.035690874900256761e-03
8.032743815503314575e-04
1.190089658054420711e-03
8.916163693279584301e-04
1.046735033397051427e-03
7.088857559569059332e-04
8.364605115599662872e-04
1.228216148393501553e-03
8.776439150543836106e-04
7.681676555557791957e-04
9.920658105974607729e-04
6.323514658594869093e-04
8.203561599605061622e-04
9.725362682194129077e-04
1.053904637655861528e-03
2.089138334638158696e-03
1.097435824500167696e-03
8.846141763365524945e-04
1.185837019487030177e-03
7.392121508732517679e-04
1.189997296016321411e-03
8.747867468329724276e-04
1.192818480211052350e-03
8.020587087035501881e-04
1.038720808508734276e-03
7.585410024610122429e-04
8.870856034783444668e-04
7.904406180747932786e-04
6.791785320221590833e-04
1.959383035299526194e-03
9.850948999963649207e-04
1.028378330543240930e-03
9.032841435830689034e-04
8.540105125386580984e-04
1.781613432778641516e-03
7.096645598420280292e-04
9.273696718124873044e-04
9.262599413185135027e-04
1.080554831444479301e-03
7.655403784917948640e-04
1.070819189561683172e-03
9.778401318216234980e-04
1.025760361361818850e-03
1.473608713844437937e-03
1.019917707210784901e-03
1.159562181932258587e-03
8.956830248222594649e-04
8.880469736320836761e-04
9.099006713597194984e-04
7.276860855507217380e-04
1.185941280599935249e-03
7.453795506155667114e-04
9.507965720144194010e-04
7.919568688183626498e-04
8.506156543201456866e-04
1.130805772243578030e-03
1.697960806083776211e-03
7.241668350093696371e-04
8.329665574336927178e-04
9.983459273146476874e-04
9.877511655887911968e-04
1.178940057918122187e-03
1.733418409695574799e-03
1.273361798887300694e-03
1.007092821176059456e-03
1.013982906224304226e-03
7.659675275268459840e-04
8.313217886817736348e-04
1.142887088290782003e-03
8.023427191167245521e-04
8.558626441916844648e-04
8.982212893607180492e-04
8.224836643807806888e-04
7.517050565471168969e-04
1.040584558671825378e-03
8.222090005339625918e-04
9.925471035754952764e-04
1.553131376972259527e-03
9.606173880238528303e-04
1.161464747808392322e-03
8.929588181401281388e-04
1.264548658091510860e-03
7.710597024450628828e-04
1.422766602688050946e-03
7.698862418760414475e-04
6.726449422093498404e-04
7.720052517049023422e-04
1.190003742645605409e-03
8.169200878799675767e-04
8.546743294723348683e-04
7.082131067238292815e-04
7.323041074103581963e-04
8.015965965945755136e-04
9.020909018351898909e-04
8.008052880534854978e-04
9.282815227171536173e-04
1.204109007654636989e-03
1.850176055117971419e-03
8.517176811337705787e-04
8.850609534478286232e-04
9.000179281556205295e-04
7.978235284039380312e-04
9.190030631893919208e-04
7.784550184991733844e-04
1.126005773675516899e-03
9.649252069023979330e-04
1.156240661778270640e-03
1.105870213063216275e-03
1.033414560603877199e-03
6.883861590407777589e-04
8.614651731245073036e-04
1.707411733986641906e-03
7.674492648109773087e-04
1.290465042956252676e-03
6.975068567962873197e-04
1.344895038661893380e-03
1.016208820138897332e-03
8.614026110632121190e-04
8.559517063484345812e-04
1.001485202815537677e-03
8.691026534641221836e-04
1.033414272552218719e-03
8.949748238461088324e-04
1.202694241783960720e-03
7.835219785639214313e-04
9.261896251409296957e-04
1.280515690713704196e-03
1.945446792000328582e-03
9.017537810037799155e-04
1.013944138180727841e-03
9.369448133562257881e-04
1.139907633463294523e-03
8.113494058111921049e-04
8.908117133730567320e-04
1.112368420553468216e-03
7.093008478582582673e-04
7.200894967589097605e-04
7.661229987760419550e-04
1.286328758485643427e-03
8.566538849909072434e-04
8.019774029910928031e-04
8.703018266039901996e-04
8.876752952808705972e-04
7.511638576280667669e-04
1.147592559359391284e-03
1.656684352944097624e-03
1.041973406541155849e-03
1.071769307644711983e-03
9.808499220513916192e-04
1.363577894523990402e-03
9.675281484122066206e-04
7.045384061196613337e-04
7.200912130441716741e-04
7.039710511586104013e-04
9.431897822402235355e-04
8.342998063067860303e-04
1.218353970218169838e-03
7.376736442049547848e-04
1.000062119696621017e-03
8.197251079723270320e-04
1.078424755549301861e-03
1.072347822716736504e-03
1.228619404303455754e-03
9.934087591157647005e-04
1.349638317056285316e-03
8.950000752440077098e-04
7.646931847270542829e-04
1.210104028002375416e-03
1.028127525308451242e-03
9.223896816461813614e-04
1.232061507354070872e-03
1.448752711811720009e-03
9.630856356770560499e-04
8.034330396700701702e-04
6.791682967009831859e-04
1.078957021479505637e-03
7.889180648901825263e-04
1.051139886113908141e-03
9.258366250303146994e-04
1.209466690791695951e-03
1.976829007724289784e-03
1.007024293738341403e-03
6.497331204174449986e-04
7.073255824180927796e-04
1.577900611395291952e-03
2.158451904804839592e-03
1.104265443156404475e-03
7.787930309459913840e-04
9.261476071405202537e-04
1.196481556827024050e-03
8.471625192794524908e-04
7.770668919505969085e-04
8.427944123816645235e-04
8.356554517091711876e-04
9.409144791152152182e-04
1.133872704597319904e-03
1.213953750559022956e-03
1.397738599208143105e-03
7.710026541464886198e-04
1.288688736300811844e-03
9.612041516195827823e-04
9.508087252094771409e-04
1.343561399126260315e-03
9.972361417581788491e-04
7.517860753406535850e-04
1.101934571103810453e-03
9.092740069485409811e-04
1.026046849013634212e-03
9.508094159556241621e-04
9.694656192839840947e-04
2.287802505822558990e-03
1.750783389428051768e-03
1.188292463223225700e-03
8.308051536605347070e-04
1.145590518947946614e-03
8.202716660872506980e-04
1.293609948204497810e-03
1.958474445215300369e-03
7.255931838360184195e-04
8.703890175588325931e-04
9.877188367147186204e-04
1.412942190027225223e-03
9.953647074781831264e-04
1.079022868963493620e-03
1.851767598434698970e-03
1.152914296427426551e-03
1.141804210719870108e-03
1.606678563087553203e-03
1.193113911705662774e-03
8.059376995035833716e-04
1.076552492461232968e-03
8.317693372984856894e-04
1.051114930460223971e-03
8.416751462188521923e-04
1.362826235718658059e-03
1.303988093591595910e-03
7.337079321349216591e-04
7.829999252480143159e-04
9.261092977742597238e-04
7.031613545039066973e-04
9.289322650452373200e-04
8.650596957353800598e-04
9.812781710686220831e-04
8.641503610069894373e-04
7.895284926835846378e-04
9.378275783881302686e-04
7.574109071054534962e-04
1.233193649298961652e-03
1.202767608416421613e-03
1.407422846391121656e-03
7.589453183225068275e-04
1.066937282172980518e-03
7.248045892527725607e-04
1.246380731975986391e-03
8.967487248084574482e-04
1.161525781218420306e-03
8.766922993287952449e-04
7.077778178485440250e-04
9.257147509081170523e-04
6.835161352437043713e-04
9.842345747027051936e-04
1.278154523616749014e-03
1.128055625340781314e-03
1.351192960629655875e-03
1.048168321420185536e-03
9.889680592065055922e-04
7.652757785359515751e-04
8.137745491735264968e-04
1.055597746232637447e-03
1.577407025875910427e-03
7.354034096167672962e-04
8.981989427168526148e-04
8.834734608608741649e-04
8.930371233260076718e-04
8.530811970167360416e-04
9.443723106595766940e-04
8.868872517205758556e-04
7.660750659882136588e-04
6.706018584997111521e-04
1.181886107356601955e-03
1.133372797142051698e-03
1.056525270547340823e-03
1.094277745366336848e-03
1.857189392316910487e-03
1.080783103097031437e-03
7.983944330433333019e-04
8.638905973745862913e-04
1.128495243541482963e-03
8.832226718601032724e-04
1.293401209047014304e-03
8.921250397944936695e-04
1.657112966447379671e-03
9.639264702336488265e-04
1.006783368074344468e-03
7.253224824671837502e-04
8.055280719151306596e-04
1.299161106646797362e-03
7.661928187726404658e-04
1.624416482836699713e-03
1.082272705481643381e-03
9.926220342735662689e-04
7.046841669705658636e-04
7.152652760547750441e-04
1.648749643429130206e-03
7.613837437738323706e-04
6.795858392345174035e-04
1.001269747175571358e-03
1.537122300585199667e-03
1.421753647136655453e-03
1.043962494350114721e-03
7.489270952409153408e-04
1.035819980005118612e-03
1.007745006110374137e-03
1.191205052987946798e-03
9.489743784342669942e-04
9.411290100604321638e-04
7.407118781716171474e-04
1.045904923458245697e-03
1.040333701241029493e-03
9.855791258179100092e-04
8.261187458493922647e-04
7.120065086752305717e-04
1.410765739034410080e-03
7.236792611127261347e-04
8.922192650159064403e-04
8.147197064558110496e-04
1.979742017291685925e-03
1.314646126213374648e-03
1.334017526511783666e-03
8.261800842095151556e-04
9.038055124548492096e-04
7.039009350346043560e-04
8.588665509952134441e-04
9.099590554862157805e-04
1.383199208069128003e-03
7.682574261977339518e-04
1.550117436289569738e-03
7.085987441102116610e-04
1.239678973635451910e-03
1.081811217517350716e-03
9.019288643564909785e-04
1.417054836384572117e-03
8.715913959644740021e-04
9.158750000228392833e-04
1.071719932410836748e-03
8.956658164283635244e-04
8.161219989009081167e-04
1.186570733617377856e-03
8.241900228709692598e-04
8.913802188978478666e-04
7.614537101431733670e-04
8.630849686356625297e-04
1.095004657789280626e-03
8.199541430557889116e-04
9.386445490085811982e-04
7.517288721731006781e-04
9.664230966134418560e-04
1.312066123075074624e-03
8.063018423965220491e-04
1.349237005996293181e-03
7.848679748703092261e-04
1.804433186876066306e-03
7.776835825033930017e-04
1.077683424617002002e-03
8.371251853804720193e-04
1.091504610665441043e-03
1.168622783657174112e-03
1.151217199631011110e-03
8.476764949139661528e-04
1.245108020869443305e-03
6.835886517842123785e-04
1.189414078049634864e-03
1.043321994725218476e-03
1.018956981535767059e-03
7.776766348262925937e-04
8.759521683034109671e-04
1.101989733377755493e-03
8.112030928427353769e-04
9.444585362204863241e-04
7.791818558626941848e-04
1.397482871794271126e-03
6.688688250658771442e-04
8.906256804065267258e-04
1.814663624339773020e-03
9.351956664263890015e-04
1.083976677780119306e-03
7.364324241901579063e-04
9.117332838283262594e-04
8.430646001510563783e-04
7.785012240923331424e-04
8.660595959051452936e-04
8.058114327701960088e-04
1.085875975135900447e-03
1.559221928142459765e-03
1.310347271200984313e-03
8.644005628244605171e-04
1.202337703216974389e-03
1.726377447797225592e-03
8.551924169852713519e-04
1.043031318702650461e-03
8.362989049772645350e-04
1.362194014258222155e-03
8.130796092857936648e-04
1.288445030543572054e-03
6.915916512277176659e-04
6.524633587168692959e-04
8.558737888949999404e-04
1.038290735267351000e-03
6.745904722131046416e-04
1.242071134477225336e-03
1.229430729654184618e-03
9.753154010406645804e-04
9.888751679363381834e-04
9.111714400732896660e-04
8.120628535889009561e-04
6.925137107186759297e-04
7.296120286970380524e-04
9.137284848668603566e-04
8.709564798816587031e-04
6.971982420292426779e-04
7.262198462182024514e-04
1.435050389032275359e-03
1.018529242764663846e-03
7.313874902694594794e-04
9.966218196945924191e-04
9.970642642521999627e-04
1.175401101554267129e-03
1.161634257556270946e-03
8.039973203628505939e-04
1.228214030616777601e-03
7.359741314122534997e-04
7.593536666565120496e-04
1.323458877852059720e-03
1.035095506006664936e-03
1.073673392958517320e-03
6.793841490592913849e-04
9.714163848716424882e-04
1.850112082176522642e-03
8.310045972062733537e-04
1.125435636251952967e-03
1.103151833312364122e-03
1.132972315851733325e-03
7.881714301629830872e-04
1.491056691061315746e-03
1.038865726275557851e-03
7.473760852474179654e-04
1.253003677490243089e-03
7.180702142779537937e-04
8.741945691818282013e-04
1.086894463510631277e-03
6.740995348541237164e-04
7.741947256313862170e-04
9.249896288883981479e-04
8.107964451149930621e-04
7.615386455922544323e-04
9.974703271413297347e-04
1.124688264300771363e-03
1.160640350887979805e-03
1.022714234352661497e-03
9.101329537989130258e-04
9.681698451776216347e-04
1.016142985683674048e-03
1.536998911111673227e-03
1.119552502869297422e-03
1.211403304261535890e-03
9.724934203641564081e-04
1.163013524920508386e-03
9.363606305253573082e-04
8.101928923736061595e-04
1.223412166128375706e-03
7.836124748405853000e-04
1.354092191318348416e-03
1.144896727906238821e-03
9.280520101843382471e-04
1.298863746959810555e-03
1.395134677539226677e-03
7.663860433585788570e-04
1.132130123958007993e-03
8.494607678523714367e-04
1.113354699360623009e-03
9.119580435792734759e-04
6.930141025572507125e-04
1.238362939158948756e-03
1.363836621351523400e-03
1.297379451297709469e-03
7.553278895133383941e-04
1.028988188955394945e-03
1.264155707691729967e-03
7.168883968769233046e-04
1.282576527821906740e-03
7.803905420468534209e-04
1.071670836845945015e-03
7.798593944924625022e-04
1.310118319818631520e-03
1.150919198678909509e-03
1.233303051476664124e-03
1.032730566066286226e-03
1.003284585859903679e-03
8.173309285258489919e-04
1.210308345021904710e-03
8.368979162282093711e-04
7.160794269656417695e-04
8.672333318961635701e-04
8.600636061257946243e-04
1.073902793928339797e-03
9.963239838560575181e-04
8.911908031984739145e-04
1.113750761180349377e-03
7.931643696025607532e-04
1.031717422941931831e-03
8.239827839653851354e-04
8.561119494084171210e-04
6.589801954559294187e-04
1.422200286368457576e-03
8.213376794736870594e-04
8.778234162791505963e-04
9.947418698336837548e-04
1.110152690773086401e-03
8.771136063523884410e-04
8.570094700256796665e-04
9.031886653690578918e-04
9.492467927939831837e-04
7.881561687079452179e-04
7.212934566669485263e-04
8.565451200432397860e-04
9.306170195468896171e-04
1.002714242094110636e-03
1.040931119111298663e-03
8.898823845338698496e-04
7.763502206259260355e-04
8.578933541703516637e-04
1.287725047384740426e-03
1.397316026226650418e-03
9.363129549860503250e-04
9.800367348232082425e-04
8.456963661723327459e-04
8.218106065231648837e-04
1.022975809208506812e-03
7.016369686921965004e-04
7.417543398884401604e-04
9.480070989051778358e-04
1.398854981696003291e-03
6.963919804404798686e-04
8.024676330670595624e-04
9.319744580876265522e-04
1.370068975432366717e-03
1.509284155962892834e-03
8.367575897151545688e-04
9.603015194732996557e-04
8.455616405585802357e-04
7.101943907954681810e-04
9.361016343131489366e-04
1.028389374595455779e-03
7.233639691707115455e-04
6.791932024449878844e-04
8.339842477758573026e-04
9.177229149161385572e-04
1.269494662294417143e-03
7.725736815979816459e-04
1.007136464491109476e-03
8.126256985223038890e-04
8.828785514531277629e-04
8.730523509597979282e-04
9.887663477249539461e-04
1.184531324289030043e-03
1.029212391596323996e-03
1.125651116365355801e-03
7.401837494752873305e-04
1.240631544963457025e-03
7.862216574953852103e-04
9.627473455464231975e-04
1.298966278312739097e-03
1.587487862643847253e-03
1.288154590620966319e-03
8.406496219644445274e-04
9.459420645881219235e-04
7.589693628055269037e-04
7.255557965560204860e-04
1.023372447810490336e-03
6.378069205277440762e-04
9.904704978206399849e-04
1.146697843808928453e-03
8.477005759396925898e-04
9.409985950424086488e-04
1.331881696122732195e-03
1.180464361652089345e-03
9.714670203120495152e-04
7.022548529713933075e-04
1.173333318433145015e-03
8.960635304888471889e-04
1.140025578965695938e-03
9.655019150842610899e-04
1.232321224313548836e-03
1.352913870684194740e-03
6.998719601261311823e-04
6.909829197365313256e-04
1.447587821216848826e-03
6.967808268557889500e-04
1.103856929381168009e-03
1.323601798079297514e-03
9.551502274409759798e-04
8.227537727347939735e-04
1.176049773459948407e-03
1.033016031180787869e-03
1.108391273002492594e-03
1.197701132164961501e-03
1.148976484223951638e-03
9.396570953907074780e-04
1.000781089474228223e-03
7.291673033570817168e-04
1.182184962028635109e-03
7.509437852136301291e-04
1.356857533983881793e-03
1.007676146202776549e-03
8.864280721584298162e-04
2.234433927362384879e-03
9.207832249265751915e-04
1.580992746377118561e-03
6.908608829720008088e-04
7.859357001870166323e-04
9.433674406457971629e-04
1.047879237516557678e-03
7.951743807808760688e-04
1.238671703940133831e-03
1.165822988296662992e-03
9.260172162314737063e-04
7.488974445939207024e-04
9.437776476779793098e-04
7.575783171632059255e-04
1.327765490129001903e-03
7.036104043671729050e-04
1.415253045176086827e-03
7.087664517181894346e-04
1.097459809433412722e-03
6.727065243766922617e-04
9.741473044901518110e-04
6.966169674201406863e-04
9.392853878440813849e-04
9.180908838460851741e-04
1.038045793449622438e-03
9.227596822069411044e-04
8.527435317988236096e-04
7.651408904062963114e-04
7.380515729097514169e-04
1.063677087689837231e-03
7.275615259577860542e-04
6.580594744457903900e-04
8.525455312608822001e-04
7.674426773423485663e-04
1.167262067418561259e-03
6.984458249386579776e-04
8.239919374237460962e-04
1.162346593042470249e-03
7.098601451768544622e-04
8.523532806123891494e-04
1.608304378665615427e-03
7.922723438051027748e-04
1.116804071281817575e-03
1.006237844517521339e-03
7.967290950397071508e-04
7.971876400925092523e-04
8.804698480994698189e-04
9.869579382630509160e-04
1.120138600371857604e-03
8.805501963677486851e-04
8.683298495394271279e-04
6.848284994883460392e-04
9.371613126278044437e-04
1.286648969400416755e-03
1.039705384940851690e-03
7.987457743554050036e-04
7.746363423855299633e-04
1.090721522945803205e-03
7.992064914801979073e-04
8.877977290767425115e-04
6.812507893687399672e-04
1.320199577347015880e-03
1.122579373355134203e-03
8.856178802068598744e-04
1.540625793160526084e-03
1.224980614294679439e-03
9.241674945307750983e-04
9.143218163551573591e-04
9.919380528746772271e-04
1.243946469211165261e-03
1.354227617808473599e-03
