8.001472313604525736e-04
1.337455590056974833e-03
1.050922206882143068e-03
1.504131323536910285e-03
7.141206624130796293e-04
9.107950495226784350e-04
1.104426448241089794e-03
9.970794707985222369e-04
9.794284088140356448e-04
7.974634291941514559e-04
7.410120957855898405e-04
1.967928744067796824e-03
9.407809389022616037e-04
9.410486888557269020e-04
7.541360455509889564e-04
1.277832061353457267e-03
8.706899044293735278e-04
8.073404279127466103e-04
9.053598207268501999e-04
9.181795564083452665e-04
7.051344390646600109e-04
1.480695419597321486e-03
7.751520570733229365e-04
1.005870541850878907e-03
8.839179597089490440e-04
6.705493402783460751e-04
9.481086988750203788e-04
8.770566666142953121e-04
1.416949558456480091e-03
9.819429792303293898e-04
9.643762404707259843e-04
1.039752265323745737e-03
9.175414350764481922e-04
8.402723639276969865e-04
7.211567408960303230e-04
8.023253757357558767e-04
8.058495510951094089e-04
2.327051453915403214e-03
7.648937557886620114e-04
9.537496353137520652e-04
9.581582390932636036e-04
1.165786876396703508e-03
9.368898541465652116e-04
9.889269595546059093e-04
9.201301478515906858e-04
1.043676925482105557e-03
8.895156802202394122e-04
7.648747117229316977e-04
8.770219222111214508e-04
1.108385227652021075e-03
1.051701962266336863e-03
9.729065899879937342e-04
1.002951277174689423e-03
8.650982219695257849e-04
1.220427990423258004e-03
8.029800679692525268e-04
1.068017340477143973e-03
8.298305545224114298e-04
1.320290693780742930e-03
1.036836171226226304e-03
9.442590324424612880e-04
7.251381104731755923e-04
1.122021312839912351e-03
9.392935967327912259e-04
1.038856350962457341e-03
8.618844728661178341e-04
7.979489901591316995e-04
9.235634469697492650e-04
8.221853842105752638e-04
1.111915961173159072e-03
8.144833964751255857e-04
1.000120200659173264e-03
1.010448803290845679e-03
7.205927673224184291e-04
8.420792211746732205e-04
9.777875312133100291e-04
6.919688464071434286e-04
8.915222280542711665e-04
7.273241293044897544e-04
8.765534395506724115e-04
8.821579874311108937e-04
1.035161413713264755e-03
9.270168658792920027e-04
8.998391925126012804e-04
1.048560937738167095e-03
6.972363948703762552e-04
1.110057275790309658e-03
8.424112507604473955e-04
1.350758585545715294e-03
9.115267085685930821e-04
1.131849278413143327e-03
7.052964489508201009e-04
9.342484204788474231e-04
1.113415687667620741e-03
8.436869576480280014e-04
1.204086178661260094e-03
9.577260897497013757e-04
7.760187188791026853e-04
1.283020033246965244e-03
2.201360476712175673e-03
1.049653817201359318e-03
1.094340814066044896e-03
7.323284295635116865e-04
1.032053862628893454e-03
1.947198432324387038e-03
7.456726274927403435e-04
1.592987022492131340e-03
1.127585638794521145e-03
7.966150216156932598e-04
9.948221775649970181e-04
9.171217550220843668e-04
9.150019516156280164e-04
1.239784354281210990e-03
9.835036295614447976e-04
9.660280388195830337e-04
9.826343683270750279e-04
8.633070626817568186e-04
1.107009571278117638e-03
9.646764725309753177e-04
9.734899838420538491e-04
1.113562119987871434e-03
1.123040760616870548e-03
7.556354650515898462e-04
8.619159651011055762e-04
9.029129048825753007e-04
8.717647746811932417e-04
8.186549761099768492e-04
9.153657640547109000e-04
1.110809701969573109e-03
1.919768857571675647e-03
1.340148545898299211e-03
9.184361061245108855e-04
8.460903070954747807e-04
9.318255757248162944e-04
9.743392429445476817e-04
8.789336825289320631e-04
7.074297959288410433e-04
1.533878234824091833e-03
1.196281799234325200e-03
1.044460697191949882e-03
1.172461198509645646e-03
2.071774071385803270e-03
8.045147663814162164e-04
9.613407872603672291e-04
1.173486863888126026e-03
1.163484379052859632e-03
8.850544895429988306e-04
7.571198862418799039e-04
8.856215880690832942e-04
8.150251634332947130e-04
1.012514515996357353e-03
9.648348572113556350e-04
7.362256723708948203e-04
7.917670377782227943e-04
9.292217725620623234e-04
9.388797390528486443e-04
1.558100696438616609e-03
8.098056449770312318e-04
9.502328658251029845e-04
8.251317047929960981e-04
8.962428468560859098e-04
8.520621049094102622e-04
1.159742552170528115e-03
7.157382780740565624e-04
8.529347103486211411e-04
1.070816258813358807e-03
7.853080071757881451e-04
7.528574360326014151e-04
1.007568114181269176e-03
7.411871769527636706e-04
1.006268135777864912e-03
1.110259937468744285e-03
1.152558222860015956e-03
9.879696105900602834e-04
8.883877741880707784e-04
1.015245662921613343e-03
1.186047234410351776e-03
7.366145356145692089e-04
8.413845867351945349e-04
1.252421742726304811e-03
9.436857925359284742e-04
1.022498479488661172e-03
9.005588864871276076e-04
1.487663052102189930e-03
1.442935298649350917e-03
8.839565635994515915e-04
9.912630712310048584e-04
1.680125236254036061e-03
1.009132906457067868e-03
1.097052302634878582e-03
8.086321764541200795e-04
9.822849437373143595e-04
9.014515312420453078e-04
8.499741634421989879e-04
6.701714661758651674e-04
8.918286455470614445e-04
7.599819805978193753e-04
1.393706475907631860e-03
1.009625612805653549e-03
7.729269497431900775e-04
1.144982707615802659e-03
9.334220575169525132e-04
9.008690641924117998e-04
9.946090542458326834e-04
7.629962014577598142e-04
9.257982088663140301e-04
1.061958533679124546e-03
1.029544748035486276e-03
9.656018034221432265e-04
1.074326553580388140e-03
1.304156879450564565e-03
9.693778295097999322e-04
9.681032055234138232e-04
8.247838567384431496e-04
9.410966411101340462e-04
7.334473215922411452e-04
7.294514079927644570e-04
1.114824860602207490e-03
7.779437965891938204e-04
8.844215921537490303e-04
9.432649934203229730e-04
9.345860864219571011e-04
1.094497706111018662e-03
1.017679584461622178e-03
8.671473634172569781e-04
8.458035201790426415e-04
8.827405304892429420e-04
8.842303018851488871e-04
1.027355415069645299e-03
9.023423451979331600e-04
1.078387409871855735e-03
1.071691082900784594e-03
1.015391998362497744e-03
9.567183572405643438e-04
1.103575232756390419e-03
7.770905691182199192e-04
1.375757625628442737e-03
7.654273480230716804e-04
8.035238535152056669e-04
8.891503801672652994e-04
9.698235279200292805e-04
8.395028500901350037e-04
9.763479097318439152e-04
9.550504080124770341e-04
7.191132102456202413e-04
7.493092277917969045e-04
1.335935091356644155e-03
9.275137026388851529e-04
1.062895020196146954e-03
7.589197335537453508e-04
1.138729328950480787e-03
8.515728544594745137e-04
1.215355798187747229e-03
9.442742080978271026e-04
8.159146259796591074e-04
1.190867081374635513e-03
1.045998377483158687e-03
1.058692093001282423e-03
1.069995088700519820e-03
8.224843046645501608e-04
9.087477180347349739e-04
1.373339488523051335e-03
1.090634220600397372e-03
1.046269716835789140e-03
8.736222094424217445e-04
1.104220826108862899e-03
1.272339286862737926e-03
7.956373412999600539e-04
8.437952694950377709e-04
1.355963724274014421e-03
1.153946150421979438e-03
8.221467455415432677e-04
7.477630216718707083e-04
9.510115605908711200e-04
8.004477873772233463e-04
1.156541116636087803e-03
1.401238556297880336e-03
1.088812270393261150e-03
1.503583355349885544e-03
7.723843428372482653e-04
1.022047863514810107e-03
1.022954270479140785e-03
8.197532501702525657e-04
7.893960265765012424e-04
9.307366438295727046e-04
7.590058317791591007e-04
7.815471681975440579e-04
9.076592097107756595e-04
1.090945358588598984e-03
1.068517246823060202e-03
1.109077138760541014e-03
7.453200423673132704e-04
7.091834358254781945e-04
7.120107699972937987e-04
1.442118821764202521e-03
7.776319460071840287e-04
8.089005774062942022e-04
1.303651341886052743e-03
8.264787535275823016e-04
1.024178252839366135e-03
1.063301795627842909e-03
9.993866407306728396e-04
7.318382519785978811e-04
1.063773026690693554e-03
1.345561086680308440e-03
8.597828716722207476e-04
7.950483205667551291e-04
1.087215063891605648e-03
1.020754834334731530e-03
1.676697052861648215e-03
7.848238814783527976e-04
9.831334237349101911e-04
9.235961044117698641e-04
8.233906339589811387e-04
9.805869360706919672e-04
8.042960704915753847e-04
9.733038386381810507e-04
1.669473284577258987e-03
8.671689345962586490e-04
8.701780550399101184e-04
8.593841845574673281e-04
6.933281443375077660e-04
1.067549316829485275e-03
8.859664723933307999e-04
1.299154980667311743e-03
1.243056502637789008e-03
1.386150444435035054e-03
1.071318728513903857e-03
7.324150069886535119e-04
1.037919924533678992e-03
9.137478095879917163e-04
7.282269501466400808e-04
9.847373236887549050e-04
1.174341617536977687e-03
1.380092731592199012e-03
8.494153099206527922e-04
9.766435698208258531e-04
1.423152746263905066e-03
7.834088215397907095e-04
8.743253237242369939e-04
1.149190970035764408e-03
1.125185263283146053e-03
7.904923051749521016e-04
1.307991644214779063e-03
9.000959242113774125e-04
1.431508905877250121e-03
1.401662101614876803e-03
1.143536220782172177e-03
1.080393110272844263e-03
8.915139635949977668e-04
9.535021462422498158e-04
1.075790582206417921e-03
9.607928772863597944e-04
1.025490861201015878e-03
9.107862499587262607e-04
9.919660916582341125e-04
8.526051725335115523e-04
8.047012012892558854e-04
7.997576304487496361e-04
2.018008294981413816e-03
9.049939052828315407e-04
9.444195662259614616e-04
7.784827264329636327e-04
1.087233048066034392e-03
9.624173736802237250e-04
8.682358532481690297e-04
7.567234366212011610e-04
1.163984422269550775e-03
8.783559707437716508e-04
1.720701296990717437e-03
9.713762955824164309e-04
1.049729142186597028e-03
8.543527909621604147e-04
7.497790864907845918e-04
8.411783745124939765e-04
1.326080071586421133e-03
1.064762908154494878e-03
1.180718012251092373e-03
9.147011782665669501e-04
1.079810160695522051e-03
9.478535152256075324e-04
7.250730032463810438e-04
9.701290537542039093e-04
1.006821207133413261e-03
1.127579997251733314e-03
7.750844636037709269e-04
9.884529111451026331e-04
9.580829084201173068e-04
1.137211995767071614e-03
1.163374103096720836e-03
1.107958044972277454e-03
1.543323748964398837e-03
1.350631674825106526e-03
9.173209295089612345e-04
7.802501539190664220e-04
1.088106990026410821e-03
1.012312655733890385e-03
7.645634634093455154e-04
8.535069166115468332e-04
2.228752987613885281e-03
8.674310058023834182e-04
7.672336452597540261e-04
9.098473337455341165e-04
7.932595705749439976e-04
1.232043614535558882e-03
9.113145950008728815e-04
8.009710334714760646e-04
1.051243662839553960e-03
7.413962698996741851e-04
1.163338726564067463e-03
1.126586305729225090e-03
1.206807239352388882e-03
1.004375068058833368e-03
8.671911760962372137e-04
7.339188482928789368e-04
8.633925106540585792e-04
1.082804262774647239e-03
9.070032639270143339e-04
1.111866394472074996e-03
7.664803991426995169e-04
1.214437180926888557e-03
1.370056079169437637e-03
8.210877380563371504e-04
7.581222741459470085e-04
1.011637689463052532e-03
1.197809965705886985e-03
9.492148689564235088e-04
9.295763209674919427e-04
7.707936160840619987e-04
9.889537534850762965e-04
1.014612570163886830e-03
9.391996658882586406e-04
8.155207717435617679e-04
1.037277740155084652e-03
8.202904965736310594e-04
7.853577226869301381e-04
1.173525690696320799e-03
1.053979047065250379e-03
7.716270015869951737e-04
1.656077257643032499e-03
6.988494390037966160e-04
8.020748965481667124e-04
1.021551127829117833e-03
1.110493391690805815e-03
1.242424911787301696e-03
7.585687459619235712e-04
9.641217570563388089e-04
1.116831212454784655e-03
1.621828475164350646e-03
2.494771486345652781e-03
8.265714022333389872e-04
9.480736055883384967e-04
1.208236453096246622e-03
1.791769604737910486e-03
1.082573795107133864e-03
7.622609407977583382e-04
8.500425967809450457e-04
8.020391121915009316e-04
1.289814571560786568e-03
1.004378388813246788e-03
8.756523645595664382e-04
7.553172292572676080e-04
8.481315449836788600e-04
6.911173589127824054e-04
6.848493726961281522e-04
1.230593234140033845e-03
9.463950473405891798e-04
8.646209100407926951e-04
7.968286343648350433e-04
1.201847865162688914e-03
9.341978381581072643e-04
8.291952601986455262e-04
7.667961802828562792e-04
8.563225962766091073e-04
1.418770032936874119e-03
8.211045526123368762e-04
1.040201171411806120e-03
7.125186014949929031e-04
7.593797942675659107e-04
7.708230703283520989e-04
7.319061420673659505e-04
1.142164264077348730e-03
1.301977604519376133e-03
1.561757187849106701e-03
8.152636057520162459e-04
1.378795804498797808e-03
9.440688721448161659e-04
1.183667021076533323e-03
8.635467042013396854e-04
8.475746863326799520e-04
1.086011043219142465e-03
9.295900994328590771e-04
1.172320418543738646e-03
9.565262145618878657e-04
9.497617808178537629e-04
9.038930205554074337e-04
1.339625185335487512e-03
9.908009116824814753e-04
8.462312506079484788e-04
1.061541764366678289e-03
1.074175450045788960e-03
8.865472723585996568e-04
1.008173458199837893e-03
1.151655180998184232e-03
9.673725490129171396e-04
8.159355347058904048e-04
8.787123860429594526e-04
7.713719101826970858e-04
6.951269940065137216e-04
1.035630149604620416e-03
1.356137310414601456e-03
1.050402694580660325e-03
7.658021184976139539e-04
8.637827916462927948e-04
8.469354964519635719e-04
1.048868346157124558e-03
1.396647434541600612e-03
2.211417372181352387e-03
8.536743892371805855e-04
1.187774946292418071e-03
1.193831071301866120e-03
7.566304357803450755e-04
8.916003396928985809e-04
6.839294785741342102e-04
1.375383581863802353e-03
8.761799304054212600e-04
8.222869607188857191e-04
7.205448671776826805e-04
9.900019516577789579e-04
9.126009318019013281e-04
1.006262043149487844e-03
8.457582227874309213e-04
1.402656703801432236e-03
9.809683962534202981e-04
7.235723437585150518e-04
1.139830432136618252e-03
1.246078489763828524e-03
8.616365486062216913e-04
1.081605237134007115e-03
1.734187332368324584e-03
9.202543518112547317e-04
1.239581871797116718e-03
8.539944364152411401e-04
1.038748736429874692e-03
1.016636770220535804e-03
7.421660764464972941e-04
7.580177947443287679e-04
1.611253654319977097e-03
8.527170731789131394e-04
8.028017919811935308e-04
8.305898112508014117e-04
8.949060970232695185e-04
7.537594774128968719e-04
7.188567437498003844e-04
1.263682999892788705e-03
9.393409283268721764e-04
2.250583206444921932e-03
1.462839017132252931e-03
9.333045435723351813e-04
9.311237265927619321e-04
9.664152245132018489e-04
1.005651811551578527e-03
9.551832133641947669e-04
1.194488055484299940e-03
7.297644515771303320e-04
7.818084153697161002e-04
1.183682488177757470e-03
7.867151094190947755e-04
1.140428667811521982e-03
8.610797330079606989e-04
9.683155336669204164e-04
7.834560142832115237e-04
7.091212172703543256e-04
1.491606293991378038e-03
8.363698384241779592e-04
1.255881367359438583e-03
8.099648960369870525e-04
7.677365128123641701e-04
8.893861985901166129e-04
8.150035173430805009e-04
1.211561001217127415e-03
7.840131733462653643e-04
9.902888950381154298e-04
1.275270291184303672e-03
8.659836377923097080e-04
8.887693972317848743e-04
1.317916714924628318e-03
1.583018187267184454e-03
1.465672700997400213e-03
8.488545344817868604e-04
1.117796260559373017e-03
8.828150630743400321e-04
8.810407805393471667e-04
1.311079034903238653e-03
1.030880845835406784e-03
1.253161848788970347e-03
1.090781889179338968e-03
1.336767045240065156e-03
1.108826646378527998e-03
8.680341038680461667e-04
1.068904540363260942e-03
1.117046570959440112e-03
8.640857121342694191e-04
1.383442403186495176e-03
8.463920018480619156e-04
7.306635366242302887e-04
9.908745453961777510e-04
8.957385480366181294e-04
7.819782558191639343e-04
8.070165234084052943e-04
1.251665501657112448e-03
9.693173165131378863e-04
9.736097248485811768e-04
6.942575303969912917e-04
8.448044985147251575e-04
8.203076547659182878e-04
7.982673135023678028e-04
9.701421937803522341e-04
8.099601983188717182e-04
8.218886106326102337e-04
7.560761876462525431e-04
6.787765117321798184e-04
8.511181680742890701e-04
1.316938812730665672e-03
9.729989079550107473e-04
1.108749124068975815e-03
1.325887313422679289e-03
8.658387828179887761e-04
8.900958741143859439e-04
8.924988180174114362e-04
1.211488464856660474e-03
9.374756733358952923e-04
9.448921555788386767e-04
8.975769615884840501e-04
8.464013253973078294e-04
8.899154191276128448e-04
2.164336005339692007e-03
1.061611255353703091e-03
8.254512533036661775e-04
1.141645560056771735e-03
9.709013165897732028e-04
1.019970335265082224e-03
9.991064502893804745e-04
7.281007607637674916e-04
8.744458886906720033e-04
1.627794757736728513e-03
9.918009257537550513e-04
9.037050735997624422e-04
1.027668297903048611e-03
1.370292578687068268e-03
7.933240760023004641e-04
7.156071296755497522e-04
8.305911898369306703e-04
1.455437808007893413e-03
9.272420617690737936e-04
9.802618042031422969e-04
1.168121812240598177e-03
8.125144202756059498e-04
9.006418684786816420e-04
8.544951916700135571e-04
9.136413683558311646e-04
1.043179516336091269e-03
7.337624788635235948e-04
9.842014233086132918e-04
1.361984367710488255e-03
9.145254796324511770e-04
8.657409776677002034e-04
8.479413487624538719e-04
1.426430979543667548e-03
7.556003149295042846e-04
7.916757036023639111e-04
9.268029873397169369e-04
8.398808787793694657e-04
6.905435636173450206e-04
8.955017590139029886e-04
9.766014297712423669e-04
8.380482719900577381e-04
1.492914993594476793e-03
9.301810220306314190e-04
7.629665053461970846e-04
8.896660753188056657e-04
6.733182624774348675e-04
8.068197145136019998e-04
1.072036925023851306e-03
7.172818765027890288e-04
1.200541156090702494e-03
7.762607216021895394e-04
7.191589879548731992e-04
8.198238210256810496e-04
7.801443568757883374e-04
7.702781384606320657e-04
9.926620175136193023e-04
8.640684932299337378e-04
1.109874385364342060e-03
8.286083861877450779e-04
9.472966781135184946e-04
1.092791189602830473e-03
1.760764119077941467e-03
1.002017756816120419e-03
8.780383305617955316e-04
1.003574512066271462e-03
8.538752143632593813e-04
1.869058505519237846e-03
8.479229905770294508e-04
8.081934900562277131e-04
1.532851423569920463e-03
9.161862888309859699e-04
1.447357904965484955e-03
8.995083592697005045e-04
1.060833491686662480e-03
1.137041735750967840e-03
1.254725651051042225e-03
1.078820241217833984e-03
1.290663331587914731e-03
9.914908330311826990e-04
8.548295738211860806e-04
1.059466830607695698e-03
9.912734443703291425e-04
8.559996652628714580e-04
9.027710676862012824e-04
9.780700438512717268e-04
1.380955155181404085e-03
9.426214710231501032e-04
6.758933227551158210e-04
9.420650562466092179e-04
8.586098841626942091e-04
8.123463712568585121e-04
1.083978820001660738e-03
1.323660635186303018e-03
7.284964877793011348e-04
1.017905332995264114e-03
1.076810074147594842e-03
1.044328230905604716e-03
8.800175978905244983e-04
8.592509393075493723e-04
9.428384353106464581e-04
9.888140899620397398e-04
1.410448739843486298e-03
9.259778562592882196e-04
7.611551852966998719e-04
8.035716959966639423e-04
7.919542858333498145e-04
1.151852968767381287e-03
1.077781349969638000e-03
1.078382109983562313e-03
1.126527588805475511e-03
8.795898643656192926e-04
1.478267413075902382e-03
9.705169760440678778e-04
9.448424943293898043e-04
9.690658058754991104e-04
8.574969385457710666e-04
1.418515051460025444e-03
8.132352601528695588e-04
1.086603651741080163e-03
1.025012285600730624e-03
3.150987336907436469e-03
8.048048814823237666e-04
7.934392764065713007e-04
8.247107674274761508e-04
8.782737145636175307e-04
7.847549903016390067e-04
1.325910545133601043e-03
1.426216702134652401e-03
9.230438121347440223e-04
8.742318233734350241e-04
8.464250759515318896e-04
9.693346404272860451e-04
9.356733853189150513e-04
1.558347231243179627e-03
8.975949447590445820e-04
8.181227491933461531e-04
7.861740659690375768e-04
7.684041514244418711e-04
9.313985402577073342e-04
8.669904668810987690e-04
1.582633446204756477e-03
7.385618697238205150e-04
8.304125600617909882e-04
1.011059003321495122e-03
7.522282422642579932e-04
7.455879686540495786e-04
1.050777882538209314e-03
8.880573844609985579e-04
6.881010721024795763e-04
8.591086619690526272e-04
1.060577713573684780e-03
8.011603163237937444e-04
1.379709077766464289e-03
8.337424007451621532e-04
1.689964410888852419e-03
8.045792529559354228e-04
8.705226044363644422e-04
1.951847185975036847e-03
9.944059810591294058e-04
1.430755427421986610e-03
9.065309896347930685e-04
8.444732809012482156e-04
7.666317353810976360e-04
9.543889006437978467e-04
6.725356853361732666e-04
6.661259791378830192e-04
8.038845311590560186e-04
8.976099889826303323e-04
1.223463896020668623e-03
1.091703401044282059e-03
9.377601965995188303e-04
1.129993896510696335e-03
1.078985424197267343e-03
9.934961939682259921e-04
9.787132798737205319e-04
9.282603869454520047e-04
7.160449676529777015e-04
9.477593148653160613e-04
8.598102587913588083e-04
9.937526909269901905e-04
9.023327407527889079e-04
1.010059444858250931e-03
1.186697702202479335e-03
9.945040469353375653e-04
1.000976276580698224e-03
1.641869282689494653e-03
1.384900266961235993e-03
8.268452713946584714e-04
7.448379372194297065e-04
1.162453178672657539e-03
6.726137426446420365e-04
9.931141584881340943e-04
8.264243915233868186e-04
8.895931637722139353e-04
7.666125601098774901e-04
8.544341890918615793e-04
7.459762811478830519e-04
1.419142406139965598e-03
8.704278676100328689e-04
1.253720485036040246e-03
9.409043170557875512e-04
7.456610660625912716e-04
9.952754846170972121e-04
9.883817794495001509e-04
8.922321409355388113e-04
8.796526813347959554e-04
8.833082943484182187e-04
7.931206729603081616e-04
7.226384234694752540e-04
8.482158144211984861e-04
1.259396136213006018e-03
7.752840421803804984e-04
8.309633035704575010e-04
1.151057757992000365e-03
9.342438788952490795e-04
9.435277275382495830e-04
7.718476084702193983e-04
7.867681252982922221e-04
9.523684870239952291e-04
9.279836388673141489e-04
9.576806715490399340e-04
9.729706087738727600e-04
8.893606709630878879e-04
9.613163717901573998e-04
9.296433910757779520e-04
8.634598004284401232e-04
7.521210736196080405e-04
7.885638750505801105e-04
8.331529270446826453e-04
9.669505050446730240e-04
9.877340395475751617e-04
9.998987365074096800e-04
1.005912802226366365e-03
1.315340872576744279e-03
1.100599341761728358e-03
8.510865883490660025e-04
1.310300634631444321e-03
9.449915586719181406e-04
1.055302887466719620e-03
1.387986126184090211e-03
9.635377334554242040e-04
1.147826790801355834e-03
1.241112797644795211e-03
7.138351221685354997e-04
9.424111948766039897e-04
9.187548370774424426e-04
1.009821641818094921e-03
8.556786674356941852e-04
9.869214116250671267e-04
1.018516494528108694e-03
7.814947935797203656e-04
1.315546750436328433e-03
9.389059657482373179e-04
7.001900859270126327e-04
7.478806133462396035e-04
8.845413618676757714e-04
7.253139725644380548e-04
1.137615375404747893e-03
9.840308313453132241e-04
7.564288772303193794e-04
1.161765917913521384e-03
8.444208602774569330e-04
8.192427865464767950e-04
9.392645618458195277e-04
1.053416813681675151e-03
8.215819885811462449e-04
7.646347571814330430e-04
8.397693158476612603e-04
9.604175142815912477e-04
9.120956092585544425e-04
1.425132677374340174e-03
9.704200501360739448e-04
1.256883237093093294e-03
9.462081753511327343e-04
8.412990781844737571e-04
7.836076594609854605e-04
1.175217521993229992e-03
8.658745246843794780e-04
1.049263504994378711e-03
9.072701694448991440e-04
1.051428225538310985e-03
6.937231595274960701e-04
9.377282130527636681e-04
1.149954572651422716e-03
1.223260465492746231e-03
8.096079695847891410e-04
1.286030648813347521e-03
7.156575990692066449e-04
8.117723704626271476e-04
9.741836612011970861e-04
9.288156690125034263e-04
1.402217580466758517e-03
7.928658456703238265e-04
1.101185171819375969e-03
9.752203445871428407e-04
9.007967849438414110e-04
9.804786484608439545e-04
2.529890357191652041e-03
1.141794517720069301e-03
1.015023304436928238e-03
7.243794916324645949e-04
9.046433203720640609e-04
8.206412652030721684e-04
1.349223877251750281e-03
8.649261156360551128e-04
8.350810223158075096e-04
8.952434143602151870e-04
8.687558085258788700e-04
7.326970806593109719e-04
1.041838975136063269e-03
1.229319723843040396e-03
9.145938905548440644e-04
8.374151173102743328e-04
8.455928901694346285e-04
1.069205733210413329e-03
8.958611386460059922e-04
1.085490857248512346e-03
1.029422527139901931e-03
1.055298454939921542e-03
1.012541810429335451e-03
7.412116850620002664e-04
9.380523174216836473e-04
8.920538104031157812e-04
7.973730093454859573e-04
9.925823933669708238e-04
9.032658947213741303e-04
9.736881546875671232e-04
8.147415033787634882e-04
1.282196924690316925e-03
8.426764574983251332e-04
7.530725097839845866e-04
6.948272031879488544e-04
8.047870896722788842e-04
9.787146212448640317e-04
8.526324456865626115e-04
1.440519393858460300e-03
8.775560582211181784e-04
8.324452279139509664e-04
9.928201723027388608e-04
1.120238816439569126e-03
9.454149421086353519e-04
9.860364328359676189e-04
8.389943069539735482e-04
1.020476676685511423e-03
1.353317326560473472e-03
8.974195999497311654e-04
1.078685698860521120e-03
1.127367462870421024e-03
7.959425822467322770e-04
1.514758302936857403e-03
7.329265392133867867e-04
7.771062660724111296e-04
1.664605177594214282e-03
8.843373709310605119e-04
9.563923231988308987e-04
1.157358332122063833e-03
1.103525977836786751e-03
9.295498993151544639e-04
9.111032291142735816e-04
7.667759197334569595e-04
1.200403808703414841e-03
1.059991010570125215e-03
1.586089065318474099e-03
9.628783389561525533e-04
