1.443590037725504599e-03
1.080806911024051681e-03
7.277427238610246953e-04
9.280700924140333720e-04
7.808912983751682430e-04
9.819280535489499639e-04
7.709706629617837231e-04
1.065223965630769480e-03
7.330105112874308812e-04
1.077619679243968509e-03
7.118428972543338392e-04
1.715975271854809940e-03
1.108035165085588265e-03
1.011867271256825873e-03
7.252602397296806919e-04
1.110578061728566138e-03
6.960325263827988598e-04
7.923771397773016374e-04
1.210894779184235482e-03
2.153955886880444884e-03
1.043095684603806981e-03
6.388208748548074257e-04
7.632686492235819017e-04
6.676946095672005701e-04
1.178672918410591467e-03
7.449410674821159732e-04
1.452114106045380602e-03
1.037948623359606897e-03
9.075882109711114285e-04
9.056496822088582139e-04
6.646378511966427247e-04
6.251049745845799459e-04
7.508269281528771573e-04
7.109736498655405560e-04
8.297055881978529718e-04
9.378911338002583579e-04
1.312241141914097025e-03
1.633669490126781528e-03
6.456828200071905834e-04
7.458911278319201163e-04
1.383390439774695576e-03
1.154340561679552488e-03
7.442927764237108283e-04
9.416613237736029757e-04
1.402306114267401612e-03
6.333945699449967026e-04
8.951595327260966064e-04
8.706755032991543141e-04
1.052283377469752064e-03
1.538651752131256619e-03
9.462379156451662969e-04
8.227821173472278388e-04
1.132826456751480360e-03
8.879423856669820371e-04
8.587180223085441860e-04
1.795314489131955103e-03
1.042450455001773559e-03
6.834523511045634747e-04
1.177002107958923178e-03
2.799801841358436679e-03
1.156737057233755842e-03
1.380181075496718108e-03
8.624306102760357284e-04
1.183855754117989559e-03
8.925899684374122419e-04
1.002632292231068383e-03
1.099259701390995630e-03
1.154892469034223598e-03
1.265651305293678808e-03
1.024619975476214178e-03
1.482515332554310266e-03
8.301148198264238307e-04
1.003979626667246636e-03
7.022090324082813249e-04
1.010877400989896322e-03
7.790621805350246088e-04
6.526758973316431484e-04
1.065397575483524378e-03
8.576281031950630995e-04
1.285292523178375784e-03
1.358265995878710003e-03
8.936461842013039515e-04
8.606626707519629722e-04
8.854302749348261919e-04
8.117222108853895191e-04
9.740263205309210477e-04
1.623911868787961729e-03
8.691856543722782267e-04
5.942168480815863529e-04
1.038296453564142808e-03
9.073639117395981054e-04
8.215430701974928834e-04
8.848285831119595893e-04
1.181685216398126875e-03
1.595784482736383033e-03
7.526501811278827649e-04
8.372828899707736826e-04
1.159355570399718928e-03
6.797518186475306557e-04
1.268520561110516535e-03
7.504452080709235300e-04
1.265804413924274344e-03
6.988037749307188891e-04
1.067571007838302504e-03
1.077791356457663118e-03
7.007764977122432322e-04
1.652147689534729522e-03
7.500759810897053570e-04
7.562881360528440466e-04
9.260370512596254478e-04
8.007500159284669083e-04
8.861892458221010734e-04
8.069758971331761560e-04
1.057396639811738689e-03
1.085781045042448793e-03
1.069546960257003465e-03
1.208602175944676824e-03
8.975467097027761904e-04
9.716863382638308254e-04
8.921590206541844250e-04
1.102634057990399714e-03
8.876502063154184446e-04
6.812793857698670264e-04
1.246114181026900056e-03
9.315639154271975310e-04
1.123996023497558219e-03
8.901783258912346125e-04
7.070456418342007006e-04
8.047531170297466362e-04
8.060713185073177436e-04
6.188096274371542114e-04
1.026214691146057822e-03
1.048712487009662454e-03
1.468658213868653546e-03
9.836416430789802004e-04
1.217600681759197162e-03
7.156247259151615227e-04
1.208437825595039738e-03
9.900790901787941654e-04
9.365311563115023656e-04
9.940556148504476643e-04
1.129995291621371974e-03
9.600877857440349257e-04
7.424004587253688276e-04
6.403131688371532359e-04
9.881976458617971072e-04
6.693760370846139809e-04
8.164039128421981487e-04
1.049003403436501612e-03
7.128123961001448222e-04
7.838154436094611115e-04
6.539691112305108175e-04
6.835611557021103405e-04
1.020179084864299580e-03
9.524110614436611527e-04
1.991841293776811309e-03
7.035644791817692980e-04
1.301465945759076002e-03
1.534920048731539801e-03
1.032552870910867461e-03
6.401457397982560256e-04
8.971309747317282720e-04
1.056568470312791667e-03
6.977944019264436864e-04
1.301940270246760862e-03
8.204362439010110582e-04
7.797118892916055132e-04
1.280624766868107382e-03
5.999370587289734385e-04
9.036597570738962113e-04
7.810206969536760864e-04
9.448466311422646985e-04
8.208564126055367758e-04
1.108282910965970557e-03
1.537595534243451885e-03
8.949330791412909514e-04
8.544101173558475877e-04
1.075132443975634813e-03
1.026137076552215838e-03
6.627919998526874377e-04
7.785866046967019477e-04
1.002097580836309142e-03
9.253557354449595904e-04
1.114375755323086760e-03
1.009310000080093509e-03
7.204098837695069920e-04
6.832400938289366968e-04
7.569980927344559024e-04
9.868714779688928223e-04
7.898411781915847538e-04
8.022473411346625833e-04
7.417171890018412232e-04
1.381420104996062149e-03
1.056668928949456394e-03
1.608624988038625647e-03
8.178012757171723452e-04
1.291044043412924603e-03
6.173342832780706873e-04
1.092374316287751104e-03
1.314937362637678530e-03
9.893499832927374251e-04
9.283555057963299066e-04
1.020404827990212780e-03
1.311944625571703164e-03
7.889860460660635998e-04
7.775311388871615709e-04
1.069024757416035072e-03
7.712669351206057847e-04
1.568678569423631293e-03
1.103938999849989099e-03
7.080928429165754155e-04
1.212830850717704859e-03
7.927694057578774101e-04
1.562866122526377494e-03
7.691707587489186307e-04
7.387989962516336353e-04
6.722069110361443729e-04
1.831387490013610710e-03
1.285750681058421248e-03
8.256178390647763788e-04
1.066335649013564531e-03
8.516955964011683295e-04
7.850770918401054179e-04
8.865807673917219843e-04
1.153745488816214576e-03
6.615356747547794904e-04
9.014066117125847698e-04
1.064903945635736456e-03
1.324427967759814759e-03
8.998705056515322442e-04
1.048991544030973035e-03
1.078334990325732247e-03
1.032424194303222485e-03
2.529136848075600168e-03
1.259310010792755825e-03
1.009443744822044811e-03
6.172307634702915149e-04
6.831055560236993455e-04
1.002393810652323558e-03
9.183539131843561571e-04
1.089175985250343936e-03
1.027225534536174104e-03
7.113079717600823398e-04
1.980427255820242476e-03
7.655350688853323560e-04
1.009362647660547565e-03
8.726303243205314752e-04
6.195955996305957392e-04
8.842195199205694868e-04
6.053826116587410298e-04
6.769488078658263434e-04
9.661712884397097691e-04
7.137525381464038558e-04
8.786808087817589690e-04
1.307969073634412342e-03
8.823557914341689920e-04
8.338588060158197727e-04
1.630635231574912745e-03
1.263829689199217178e-03
1.191118515238929554e-03
9.189592469297941119e-04
1.256922138374172524e-03
9.530012689254108897e-04
1.452593413468108996e-03
1.252670549460800425e-03
1.101586139636254267e-03
7.594263061439320396e-04
6.732961319449789084e-04
1.097737176135524890e-03
6.293639162039444974e-04
2.160384782303162790e-03
6.374259101684244099e-04
1.058863311559134560e-03
8.860355476085948322e-04
8.684262464111804644e-04
1.512980459770159368e-03
1.232783479923271796e-03
6.782083845387380057e-04
7.213109643613188453e-04
1.483715028292683768e-03
9.001825427480866218e-04
7.912512705070187799e-04
8.860497364044645071e-04
9.518725878984640515e-04
7.157498408319173380e-04
1.383087736667445436e-03
7.014534337171224321e-04
1.331571726607035750e-03
1.020255208534591581e-03
1.022519733439895134e-03
6.414281096625984316e-04
9.687077403465830508e-04
6.517052554171655354e-04
8.722388348238338746e-04
1.160353927363248945e-03
7.379669299373487531e-04
1.351285217149349963e-03
7.094580553523419011e-04
9.793137489491751321e-04
1.007051512132474793e-03
7.429043717579577114e-04
8.479553304113604442e-04
9.733044781351275505e-04
8.834210111821263079e-04
1.307221111568196859e-03
2.297048041152004432e-03
1.071803500261192792e-03
9.885410399652686236e-04
1.754558076963706270e-03
6.407256339648942280e-04
9.252856487142089529e-04
8.472144803037195363e-04
7.130485938499041276e-04
1.125720772813343243e-03
6.808847256736498413e-04
7.228457928017872815e-04
9.742317813331582109e-04
9.762252159741633024e-04
1.086891630784291539e-03
1.243025031987138665e-03
8.483586493370135319e-04
1.053427435686030448e-03
8.451631874526873908e-04
1.994481805473172307e-03
7.785057810050069515e-04
7.144767624176690587e-04
1.821626921182265251e-03
6.540988662392419961e-04
1.294883900107038528e-03
6.754968747672310215e-04
9.208225583558827566e-04
8.876459476141586400e-04
9.533776372816996775e-04
1.203647927848844812e-03
9.449360129353438298e-04
1.488356230252213920e-03
1.080180452995374314e-03
9.076513660728473699e-04
7.992584056736748389e-04
1.170578462137681665e-03
8.942121343978002039e-04
1.103807136851671757e-03
7.470757159780189909e-04
1.344095650332071843e-03
9.901853488905607362e-04
1.080053439664733963e-03
1.463555687337943353e-03
9.760318172723483551e-04
1.259549306951924814e-03
1.047456926877242053e-03
6.528725808344911603e-04
6.249498976645650452e-04
1.030395004915364912e-03
9.400229322871587068e-04
9.863861306290727833e-04
1.058030108170192373e-03
1.622814963776448389e-03
7.150250683458139181e-04
6.244972212959609475e-04
7.102363462049246946e-04
9.624920841186540045e-04
1.207118490150175952e-03
1.273377745569730752e-03
8.118521039901291760e-04
9.238045815183963368e-04
9.868207940046916544e-04
7.218969692050269732e-04
6.508642665005218673e-04
7.918168332906027349e-04
1.153692474192273771e-03
6.915638593075937963e-04
1.163060241135312721e-03
8.197623184060204380e-04
8.314642759398700950e-04
9.949261396494629272e-04
1.343199070625645522e-03
7.558216821600740329e-04
7.035474626344920268e-04
1.211790831463693818e-03
1.315032704878776491e-03
1.455039082629143313e-03
8.646212247048931350e-04
1.428357130973216755e-03
7.143703057537280875e-04
7.597075959650205880e-04
1.079407635054013175e-03
9.400834054040635955e-04
1.735714040618803640e-03
1.263108972694162611e-03
9.082310236159918783e-04
1.116024762401691657e-03
9.509614059223731389e-04
1.032363528757877444e-03
5.994229865538673076e-04
1.674703446088642413e-03
1.138097163941460474e-03
9.618221929335202692e-04
7.184433570193635415e-04
1.029273088095162278e-03
1.473542267346116159e-03
1.174540543788774169e-03
7.282618757105394688e-04
1.383113134425771129e-03
1.242311691259363185e-03
8.242975054409419069e-04
1.039606376414021257e-03
9.292638972263642192e-04
7.375287547302448706e-04
1.153288464785310642e-03
1.051955865189414287e-03
2.055269368245582224e-03
9.496185937059383082e-04
1.207652048195020488e-03
8.128099992265353391e-04
8.950606947128362341e-04
6.768727222918087408e-04
6.558131782448589674e-04
9.288782467044298403e-04
1.048406471521356889e-03
1.307713298168565854e-03
1.661502076128353218e-03
1.782534560575413244e-03
1.688355247039431337e-03
7.907347362769733858e-04
8.461354534815540953e-04
1.808785840087004772e-03
6.887604118287035844e-04
9.279967829945120518e-04
9.170561053530623978e-04
1.116609855951451822e-03
6.359006409344156825e-04
7.788970397289674778e-04
8.865595763285221038e-04
1.373411173427069743e-03
1.150613486371133455e-03
7.127021893750950946e-04
1.689096678151198998e-03
8.237466271501791030e-04
7.689588874388885754e-04
6.573804787963619849e-04
6.244272024208319307e-04
1.047654637300932806e-03
9.264685908790331551e-04
6.493343889799133841e-04
7.202566868803852084e-04
1.034684365897268121e-03
9.290310264384837565e-04
8.456969164807400961e-04
7.646694683449623605e-04
9.639659333654177278e-04
1.115527331096889977e-03
6.197710886061903908e-04
6.455912660003822494e-04
1.076976166107431517e-03
9.297330570777536263e-04
6.176708255362155188e-04
9.485305851038077982e-04
1.302581862082017455e-03
1.234066186595179871e-03
1.596645763178840488e-03
6.181574842405333434e-04
1.540293183051869323e-03
7.933125752286362183e-04
1.398079956427535466e-03
6.613013070495243591e-04
1.144106285649185498e-03
1.083239896620220291e-03
6.705567282096786420e-04
1.057935077821143708e-03
6.960170494791720081e-04
7.762338060153322564e-04
1.012456408581627852e-03
7.229281790197519993e-04
6.853977854583678591e-04
1.196284027604736138e-03
8.403707552007674874e-04
7.294642566049402933e-04
9.450807995239559906e-04
1.038454567076533153e-03
1.226512250412136471e-03
9.608985180458460900e-04
6.511991232242968523e-04
1.048073314138305272e-03
7.381205613106728422e-04
8.328985219401225173e-04
7.368438856048573982e-04
7.777331354995836287e-04
9.785157946849420973e-04
1.228166378347928661e-03
6.114235184432820561e-04
7.848434415718601523e-04
8.187410294113110602e-04
7.343625250823693088e-04
7.046199294585124041e-04
9.875302902221012608e-04
9.017658271724304959e-04
8.855797496980485949e-04
8.135001199466313903e-04
7.595502483695779463e-04
1.088206694769240169e-03
9.838481679986070538e-04
7.261702435321299495e-04
1.694093206186996327e-03
1.282313481327723974e-03
1.388095320856527759e-03
1.126143905127536312e-03
7.488292409280052032e-04
9.260743784949784525e-04
7.570842638982659689e-04
9.850759589365325804e-04
1.134128164714517505e-03
7.388285091649390195e-04
8.774638688144837740e-04
1.663527367884188105e-03
9.300376566581047225e-04
8.754702719364601581e-04
7.333991495142701354e-04
1.543427658211768286e-03
8.677385326321739945e-04
1.366808398590221765e-03
1.198493791042843769e-03
1.043394278065959586e-03
9.159632099518910490e-04
7.763013730148144234e-04
7.793817842223680313e-04
9.283424422245447130e-04
8.333101360994359498e-04
1.208017338430338690e-03
7.965650534027304266e-04
8.192404991434741081e-04
1.150805812408504372e-03
8.961081636940887267e-04
1.238097206349351737e-03
1.125525403917576085e-03
9.104838961587931323e-04
9.501996012288335246e-04
9.345362099525299964e-04
7.245960235630000612e-04
7.033125846706888076e-04
8.642108727686560873e-04
6.723203039405066745e-04
8.653366581723451537e-04
8.084710955742091965e-04
8.652444288888965504e-04
1.078204042894731962e-03
6.038530434727438579e-04
1.322236311261567156e-03
1.600245008881900780e-03
6.879092210390036185e-04
8.851342214869095280e-04
1.288120433843489799e-03
8.950807902626976495e-04
6.559048709054593083e-04
6.392054631478966652e-04
1.135283993817628621e-03
2.690583778300172438e-03
6.814520939358779906e-04
1.114168156255550182e-03
7.580621382558739739e-04
1.264842442498110599e-03
6.429180076450738369e-04
1.111746913256968141e-03
9.452012875666138646e-04
8.423243143374467860e-04
7.674368616326099086e-04
8.877519613457718600e-04
1.117827970557808441e-03
1.009256564801996447e-03
6.790145862729405962e-04
8.519570502214473097e-04
8.786303277569487875e-04
8.159815761235295452e-04
1.402027483738749495e-03
9.507291284863700733e-04
8.181156476038377529e-04
6.226079197330186511e-04
1.399170643122960630e-03
6.776788280169632889e-04
1.539809365782255886e-03
6.307472580325447368e-04
8.895297911023721015e-04
1.394155965996120121e-03
1.036036185404690460e-03
1.156139404863285730e-03
1.285709664845762976e-03
7.244144943220269355e-04
7.368393619188413424e-04
1.122574986496530829e-03
6.651150117333945065e-04
1.034655175091678128e-03
1.342299143286003428e-03
9.480214157188813660e-04
1.045870867320728651e-03
7.070774041698665944e-04
1.016616439954569221e-03
7.802083918708426413e-04
5.916202297701716973e-04
1.191094263155797247e-03
1.558166044318760185e-03
6.703104044117332927e-04
7.138089807439611072e-04
9.305602336698888663e-04
1.319248915356032153e-03
9.618802406610055819e-04
6.875958584555326176e-04
7.875992294573347981e-04
8.048797933836838265e-04
1.183007630206915758e-03
6.608653699066324065e-04
6.658418739989912594e-04
1.732223887062354310e-03
1.888090113778276985e-03
9.958213835687928627e-04
8.930503400682176683e-04
8.067877123749035316e-04
7.343180743570656152e-04
1.323370193038326788e-03
1.483614944392325045e-03
1.013032313266411157e-03
9.049781364278351422e-04
1.327192578039188388e-03
1.412808680832627894e-03
2.199454228281913330e-03
1.240657530539152802e-03
7.223500718743906292e-04
1.251528780063313221e-03
1.285294348404012648e-03
1.562972986846705411e-03
7.447633902312033195e-04
2.628438580663021006e-03
9.153358300441028720e-04
7.566254719959103741e-04
1.443895093516363434e-03
1.421857673681414368e-03
7.247277357519409146e-04
8.517535837457997604e-04
1.075786321808648322e-03
1.158702673238080688e-03
1.665203134353198788e-03
2.083584276373665577e-03
7.400493384723941031e-04
6.132177676466168395e-04
9.308817421349957575e-04
6.503924058059763497e-04
7.773621166790849885e-04
6.619496791011730830e-04
8.642579358176077616e-04
6.555901107241817252e-04
8.264322455409542053e-04
1.474020097429980464e-03
1.126303668577682956e-03
1.013795004330804656e-03
6.655504610803287526e-04
9.492748892421879739e-04
1.119052267659939072e-03
1.253752631495069682e-03
8.740576673866806657e-04
1.817502942846010603e-03
1.398624703929346675e-03
8.389845839188028254e-04
1.068789898762649701e-03
9.009034608425320941e-04
1.051575388023746503e-03
8.918156718851175417e-04
9.598806749104234247e-04
1.256600639828382628e-03
1.444297638420133584e-03
7.761884200902920096e-04
1.627578449319301351e-03
9.265657321632037252e-04
8.205570541364895325e-04
7.916204842260829910e-04
8.509134466196606504e-04
1.036708024174948619e-03
8.280594730758930426e-04
7.174512726506422156e-04
9.801453281036607516e-04
1.000951273739655433e-03
1.006582643291109190e-03
1.318238223459951503e-03
9.145781694379896644e-04
7.744099698936578917e-04
1.971082681276545030e-03
1.433882840912345004e-03
8.390361101557171570e-04
7.301635624527442461e-04
7.515003816974865497e-04
1.223771271846256243e-03
7.709704662590377263e-04
8.434600147276291419e-04
1.118810205135446203e-03
1.044904848421451512e-03
6.397195038681892159e-04
6.277505231831334792e-04
7.641508557316742216e-04
8.985539623583389205e-04
7.781676224861051611e-04
9.733712175327103797e-04
7.064392178048617150e-04
6.369865629052360711e-04
8.566682940703522616e-04
8.736253895864914834e-04
9.756287914999311117e-04
1.036017254927134928e-03
1.550505321954618546e-03
8.797196397748623716e-04
1.380178381621569765e-03
9.098322583207961358e-04
9.171311765147722658e-04
7.998031711370003766e-04
1.344824163146079868e-03
9.976057511033161948e-04
7.578507053300746364e-04
8.331144057985447569e-04
1.050125305828092295e-03
8.861212149759921082e-04
1.068883221151800504e-03
1.139569379841233335e-03
1.568031814452957012e-03
6.109398049210689385e-04
9.581349949692073101e-04
7.344178067275989067e-04
7.881331014358798756e-04
8.398487178280790140e-04
1.454415511753154311e-03
8.776491414815240730e-04
8.646650754261512488e-04
1.147109315424861466e-03
6.672425199189027092e-04
6.778725066196737746e-04
1.121368117115740907e-03
8.106655153545898589e-04
6.055968252377276744e-04
7.461926902132580896e-04
7.200700537366717512e-04
8.619123824066031794e-04
1.081910818854240871e-03
7.537698967399021144e-04
8.373802019268215997e-04
6.438023822211728572e-04
1.154037767650191578e-03
7.015203697456636302e-04
1.187039274272434167e-03
7.199163105836518112e-04
9.942195565510705997e-04
9.974158061631676654e-04
8.228916174411310663e-04
1.456815730620518272e-03
1.123666668753795558e-03
1.512355113150970097e-03
1.409234123779436881e-03
9.468994471100285410e-04
1.310679581910881167e-03
8.752316618786773776e-04
9.549961183076827176e-04
8.217632940884802249e-04
8.504502880298593940e-04
6.273936901398231803e-04
1.081203876360236314e-03
8.732381450051686020e-04
1.033953258543847138e-03
9.308864888957768535e-04
9.190509281671900566e-04
8.027274233911665686e-04
6.310914246404233756e-04
1.290865038643363447e-03
1.119115074014903318e-03
8.166959153313358864e-04
1.617161353186468992e-03
8.437516537625783675e-04
1.111083742235665413e-03
9.704254503439889001e-04
1.068489430759953472e-03
7.059468995468850530e-04
1.250786116222379635e-03
9.404899591398144200e-04
6.999759686105298155e-04
1.218577586484050762e-03
8.762008642159902676e-04
8.187709822293340236e-04
1.327165505271128915e-03
1.000217827601004080e-03
1.145520350981510480e-03
1.450260648783493599e-03
1.200403746665598768e-03
7.089737835706663629e-04
1.389941673043680690e-03
7.583053608145407052e-04
1.198603236528817274e-03
7.364068337313241014e-04
1.204405088300676855e-03
1.376760911585608524e-03
8.897400185881485738e-04
1.390833466724341856e-03
1.094302575469997731e-03
8.903620173548847929e-04
6.144967048991732857e-04
1.932104960403858030e-03
7.738826277608975603e-04
1.255455906057616026e-03
6.736755152340874811e-04
9.072654445909749104e-04
7.067884013763943299e-04
9.975427830195904896e-04
6.497784993308567715e-04
6.989805105820670562e-04
1.198154240276839326e-03
1.650031822285213598e-03
7.367090477589178024e-04
6.947754457345366435e-04
9.927452916268868742e-04
7.256046207782349423e-04
1.118375290553338345e-03
9.555090435117917199e-04
7.605249672139949291e-04
8.960114764688122645e-04
7.869563704999098372e-04
1.266780079861521378e-03
6.139900152772588635e-04
1.308002633039430720e-03
8.044945212315901149e-04
6.722686852138876458e-04
9.057996731497923015e-04
8.563472163616844606e-04
9.049325155915386495e-04
9.618964575363221506e-04
1.001411771831558313e-03
7.584672541029083932e-04
8.020151884707461690e-04
6.327701681417569751e-04
6.879409965747785953e-04
8.657579907107229708e-04
8.002624564514878702e-04
1.167663453162638698e-03
9.714472957092473021e-04
6.989832144051135896e-04
1.800223789685997033e-03
2.843069458030833465e-03
7.830250575177166283e-04
9.311689640612523912e-04
1.172534405649933598e-03
1.100302438686143018e-03
1.108867197012288136e-03
8.836937214090977806e-04
8.331756777723110579e-04
7.353704514962255533e-04
8.600982647349317885e-04
7.299004741893718113e-04
8.079933134694049614e-04
1.064809355946525838e-03
7.808089365973763926e-04
6.670824320527985341e-04
7.553858918935588097e-04
7.336139730045557628e-04
9.228587361450908818e-04
1.297008283513315791e-03
8.335075608662054084e-04
9.403250652915233748e-04
9.808059418290300882e-04
1.254717066805406938e-03
8.461327616731057540e-04
1.812678732444675516e-03
9.616096003788111076e-04
1.186912958456034194e-03
1.095496346042820106e-03
7.020976884017399600e-04
6.621212468037683931e-04
6.781835474861918614e-04
1.015881327923916916e-03
7.455339137410312358e-04
7.376130796502515909e-04
9.897917490974069993e-04
2.648489711654304028e-03
1.013505502630351451e-03
7.557636911787220116e-04
1.255203922292678301e-03
1.015792314028792073e-03
1.077337341245194037e-03
7.593637327959991065e-04
6.195012429197629218e-04
7.551269416993359757e-04
1.051980907580134413e-03
1.142057465427622365e-03
1.621944031742668553e-03
8.994939343837405352e-04
9.919535187713124282e-04
6.042672776028554368e-04
1.205895054770129201e-03
6.162452680568965236e-04
8.771331023378589912e-04
1.279137631219343357e-03
1.071804755182368882e-03
6.746644137162411195e-04
1.379233862003164052e-03
1.024860517815483034e-03
7.266355473638026101e-04
9.070939360572647780e-04
7.464514992442913876e-04
9.719376292222608581e-04
1.399452309111718241e-03
6.225648081517138818e-04
7.073131454062134326e-04
1.684335089831346484e-03
7.467460382315136130e-04
1.034128550827121155e-03
8.606968102527640671e-04
1.844245000054228105e-03
7.230967160570035170e-04
1.728369093422596047e-03
6.390840925583662945e-04
6.934783322623251601e-04
1.263503152398518740e-03
7.796225193880205453e-04
7.096026133867615630e-04
8.834661592938950923e-04
7.296470232892550076e-04
1.104420502275442863e-03
1.383644659991788931e-03
1.099061816575997060e-03
8.918830067607860486e-04
7.993041180855237028e-04
1.129455964202747071e-03
1.836121244505844411e-03
7.586872347217321448e-04
9.767282092562048698e-04
8.472425541281268513e-04
1.094312597613650686e-03
6.693527459548850042e-04
1.222534595011286933e-03
1.277740230646200138e-03
6.619189555974574471e-04
9.738095872529480522e-04
7.392973324287604965e-04
1.560705389241101278e-03
6.836885749719104734e-04
1.074719259144902824e-03
1.047564061301518943e-03
1.414903957490659800e-03
8.756756924668895143e-04
8.104830812180803014e-04
1.605353014593229087e-03
8.989084425507047615e-04
8.644646862144225339e-04
3.064554296288025514e-03
6.003679123307403397e-04
1.162885528195890675e-03
7.614714169072315034e-04
9.641044873726183073e-04
1.272603263813235769e-03
1.062210078999574307e-03
6.753821188417476196e-04
7.357422308500030173e-04
7.214850168017068440e-04
1.145825837468397853e-03
9.530557050778530517e-04
1.103250618667612213e-03
1.519436796278010419e-03
9.583826130857333583e-04
9.323749459732610153e-04
8.216447558641387042e-04
1.178358369667380267e-03
8.774624045253175087e-04
7.928739423446746603e-04
6.481071478543146006e-04
1.086935310561444211e-03
1.784837155359915309e-03
6.981733085635971571e-04
7.963870064053583031e-04
8.278114639737870362e-04
8.944787997394318879e-04
9.504051857993091844e-04
9.516588849097621945e-04
8.652781978341273677e-04
1.015039156243954322e-03
1.287500980222470483e-03
1.324303335788270652e-03
6.318232614430901572e-04
6.364623574027707554e-04
9.001221011453605864e-04
5.969321867082874990e-04
6.861872928654407693e-04
1.032234067354293947e-03
8.247525790680713736e-04
1.054894041865304206e-03
6.805647818711397026e-04
1.018422418872990494e-03
1.042263312780201782e-03
9.396757608295905773e-04
7.210446246848560385e-04
6.114164289616739502e-04
9.271080215944773467e-04
9.206800032198892000e-04
1.315324866957591748e-03
7.324731438243303533e-04
7.078234550556834585e-04
1.041840952588552350e-03
7.404099487132375593e-04
6.971817503415456835e-04
8.437313607776850870e-04
9.117031639372326400e-04
