9.635484962108052448e-04
7.800335961373662140e-04
8.549802698530191382e-04
1.591899652692314610e-03
1.620905142470869913e-03
1.090217396065231055e-03
7.963922653858800885e-04
1.028177478151866102e-03
9.517403383744301110e-04
8.315795565185398440e-04
8.379792616732773198e-04
9.076212325719027656e-04
7.783214965580091248e-04
7.106092130551357753e-04
6.637334267639288929e-04
7.468941371143387716e-04
7.056369789578488582e-04
8.431285754756136230e-04
1.015034752333222575e-03
8.966271273553660459e-04
8.848396924679207895e-04
1.145039988699335983e-03
7.381183759364027316e-04
8.409316681618349450e-04
7.857912003381091514e-04
9.144945376997087221e-04
7.371607314859464095e-04
9.467046856993445621e-04
6.912497574484915237e-04
7.542901630072468234e-04
6.710453269892303939e-04
8.350974354615682028e-04
7.691692359593036311e-04
6.881973835418623165e-04
6.449158733954636191e-04
1.129557103752393829e-03
1.173687692526931064e-03
9.150920232962547361e-04
9.731318149670170657e-04
1.680912364573624229e-03
1.054457203970900680e-03
7.099201617098766697e-04
1.249820785629889930e-03
6.537362228853221000e-04
8.824018831721780736e-04
5.938592863118215487e-04
7.205094587507549766e-04
1.219986481198793646e-03
7.236060817110465766e-04
6.649482585244615536e-04
6.870713383000007874e-04
8.795995409113062033e-04
1.058699255096344190e-03
7.869003495760712062e-04
7.134852980487319928e-04
7.143129572984447664e-04
7.215662765411395797e-04
1.659310356160723521e-03
7.034729128104781539e-04
1.139076192779320653e-03
9.489535111322782053e-04
1.014017835098051344e-03
9.261011107533251600e-04
1.333930737863193170e-03
8.916629641633018119e-04
1.046134174907330586e-03
6.864738494972506995e-04
7.258798408348109783e-04
9.347984359840727682e-04
1.922173784699359855e-03
8.531231603845783502e-04
1.187266652218051241e-03
7.084250487542730198e-04
6.134333580541080980e-04
1.112297169167492453e-03
1.257757337919966720e-03
7.803528365518604430e-04
1.126412144581862137e-03
9.323713845760758269e-04
6.848750843010213956e-04
2.568894431313909453e-03
8.557276874495745077e-04
9.011525114481298403e-04
1.089807994491256852e-03
7.286751618260872785e-04
7.541425182876800980e-04
7.572098607230292070e-04
6.388470917454703831e-04
1.033402735192180460e-03
8.500559924390221900e-04
9.229303594801646854e-04
1.333353108090824498e-03
9.793247574117387461e-04
5.824535149195095123e-04
6.059829759226026315e-04
6.781281038182053987e-04
6.248369664253606692e-04
1.164607366881036197e-03
9.000002380859814608e-04
1.023758249227701240e-03
7.313233319872195935e-04
6.988110803671974090e-04
1.218945433520266268e-03
6.866210519470709915e-04
9.525596899501374533e-04
8.886514594401190466e-04
1.107690785481460190e-03
5.859781161505551225e-04
6.772471933568749609e-04
1.325368033201961959e-03
1.090603840345237725e-03
9.660840042976511855e-04
8.004448574346473538e-04
1.177159620560756965e-03
1.355984525634055127e-03
7.317563423139305297e-04
8.767783139533281110e-04
1.049709542169431978e-03
6.270585768030988811e-04
1.764275827451241251e-03
8.279875872481635892e-04
9.299513366696989967e-04
6.176674285868551540e-04
1.000849329781085956e-03
1.056883956338950737e-03
9.382648766416313169e-04
1.052183053161439164e-03
1.286605240492824133e-03
1.520845846506022883e-03
6.686611781331547929e-04
9.676411581175755521e-04
1.249762896658295755e-03
8.197629311836184159e-04
1.012594043576176429e-03
8.415232928593060872e-04
1.131497978142942049e-03
1.262873919049250625e-03
9.150704208119182217e-04
5.825159428831860539e-04
8.472742482836227934e-04
1.168141190775382181e-03
6.825629781951444075e-04
8.105387698697638296e-04
7.491498964295655125e-04
1.792951908782453030e-03
9.850888827182919735e-04
2.222426715776317126e-03
1.110809411214752282e-03
8.194277085939045404e-04
6.407689218778400177e-04
1.151545767847301930e-03
1.324324787581509762e-03
1.415879896554855192e-03
7.768948290848945752e-04
9.837745916428720407e-04
1.141802788006182146e-03
7.548011087801816251e-04
1.059395036309173635e-03
9.300545980039520580e-04
1.180931956013231985e-03
7.286427524899371632e-04
8.339891510626070174e-04
1.497756340543196550e-03
9.733930455214641168e-04
7.037408875693648008e-04
1.085550092873925794e-03
1.463214016487606210e-03
7.646864368400170574e-04
6.575490573316944073e-04
9.061016478370859280e-04
6.701319827342728901e-04
1.101176360924135131e-03
8.546042628430340323e-04
9.116758335003251031e-04
8.098225006900018012e-04
9.687887670984263871e-04
6.268896710634854277e-04
8.906629691986568415e-04
1.177202691177882529e-03
1.249304333839304200e-03
7.848306532709108151e-04
1.414761321482856018e-03
6.298913730306695494e-04
7.520911212401326044e-04
2.010324285903794094e-03
8.792796521835059397e-04
8.874461276579394091e-04
1.315693511954202279e-03
9.419107613234434283e-04
6.498455233515312976e-04
8.069183568618575574e-04
8.811345892711647384e-04
9.355216438765728577e-04
1.015184748074761780e-03
6.303858556019255885e-04
1.131044870761489275e-03
1.199544550394932192e-03
7.915627484818496280e-04
1.004200746231966425e-03
6.831745118845109497e-04
7.275622395202810616e-04
1.500884857963530805e-03
8.514896946252186512e-04
1.056452628625679331e-03
1.345730136544747574e-03
9.068680863837337352e-04
1.106382428000521898e-03
7.788259663100437257e-04
7.998934421008843101e-04
7.229021773086426877e-04
1.058552036462348913e-03
2.332723952242642899e-03
8.459730740810944213e-04
1.453938944117874263e-03
9.804426593891365973e-04
7.096268331604193300e-04
1.720766747407163596e-03
1.395096323892529733e-03
1.525530362044191486e-03
7.785253006311827805e-04
1.125788684801758447e-03
1.099032334045368410e-03
6.152640248819652184e-04
8.208411808571414343e-04
1.039678113386017198e-03
1.344470812635373659e-03
7.002805724792717347e-04
1.116687270749198990e-03
1.347445268912543124e-03
5.962853891615343786e-04
1.500590102452214677e-03
1.154877487404338578e-03
9.269145904418451924e-04
1.579878805151501732e-03
8.931582274333585121e-04
8.038170502350312687e-04
9.446137600313754719e-04
6.160259973852562788e-04
7.119756260836439124e-04
8.698477601669382751e-04
6.937621814982957791e-04
1.668224827866792315e-03
6.109506196228932200e-04
7.819302186915490444e-04
7.764749205135740903e-04
1.003028044551361291e-03
1.193121551116656329e-03
1.072636093340096361e-03
7.666482625910057795e-04
7.849155842857620958e-04
7.597277591524695915e-04
9.961931151475679480e-04
8.577360997361943486e-04
1.076481820527548476e-03
1.397725360986953489e-03
6.570847907715467130e-04
1.212900764569937138e-03
7.200341334790382993e-04
1.193501592478102193e-03
7.664132632011521392e-04
1.148808504028240012e-03
9.265385512064074200e-04
6.759781976423314678e-04
8.235263080382142827e-04
6.878011846554780116e-04
1.546553801384357735e-03
7.319043624224362641e-04
1.246916915721799860e-03
1.084989388297942807e-03
6.362490343631858804e-04
6.788364478025626534e-04
1.125447766689868833e-03
6.604326263791643250e-04
7.095787842332621940e-04
9.485870350595163557e-04
7.274252506950027028e-04
1.152287188337161074e-03
1.334665448902460196e-03
7.496344224510443060e-04
1.410961628932676628e-03
9.379409012875830403e-04
1.052234745379428300e-03
8.309069352013103435e-04
1.304553700783243246e-03
1.220117184721328891e-03
1.193451615520051265e-03
8.980436998636957043e-04
9.924180105162177905e-04
9.932828636057488246e-04
7.071952994806960822e-04
6.315255354728851848e-04
7.243083054766379135e-04
1.346632750867801046e-03
1.064934397956988563e-03
1.351843396587196168e-03
5.859857687562648309e-04
8.167257829512226518e-04
1.365757921610754504e-03
8.295345987009071454e-04
8.034521680302932024e-04
7.646748682303813795e-04
6.290530813417739972e-04
2.034885040398640328e-03
6.969482118369656892e-04
1.098004369554676004e-03
7.097724407645316508e-04
7.800238397642998960e-04
1.097265434173782693e-03
1.161622403987602010e-03
8.270306902316365777e-04
8.984930063287558701e-04
7.082957380483594686e-04
8.175486092881134245e-04
1.264657204525119257e-03
2.439008805576948786e-03
8.039047035396275223e-04
9.142954086721800542e-04
1.131327599994743022e-03
6.154391595785776341e-04
7.788659342995449611e-04
8.521927174842296778e-04
7.256184473597740393e-04
6.523983128595407886e-04
9.363398778808067939e-04
1.007489457488854826e-03
1.398561112403415773e-03
9.507328247700247686e-04
1.174385028700451099e-03
1.676659393272110022e-03
7.326795671370539770e-04
6.668336670111900183e-04
9.680965290557048400e-04
9.264780917116427310e-04
8.911830603134532694e-04
9.998724680516516469e-04
1.310752574253051675e-03
7.861776341918914847e-04
1.667074390519177052e-03
7.112417840132374044e-04
7.800582787099059889e-04
8.305857428386125658e-04
9.352617071702592566e-04
8.573830320440487028e-04
9.470913554257836967e-04
6.496969186166021192e-04
1.227295398029301134e-03
9.972952311401279100e-04
1.504367771449562378e-03
8.726340343945854401e-04
6.675056160385727877e-04
1.429705616539600054e-03
1.006715734424726153e-03
7.003721223717003334e-04
1.062475987337363134e-03
1.064300101072887918e-03
1.413476303344349521e-03
7.622709746278522784e-04
9.615781475941860470e-04
8.239698371696864638e-04
1.150358419108554481e-03
7.123203689811243109e-04
7.099991127695750399e-04
1.862324633248220191e-03
1.206550201419719472e-03
6.581865550882304294e-04
3.203820346335489386e-03
1.041179268249491563e-03
8.937803671787581533e-04
6.946777912845403767e-04
8.632388522150432220e-04
9.373175532500703337e-04
5.961260527277893566e-04
7.818612441078653377e-04
7.423264454616963597e-04
6.566728799843176909e-04
1.322314580853886472e-03
9.702475333194668589e-04
9.508661121395490298e-04
1.454469148068450414e-03
1.438077651557200833e-03
9.592533380169481708e-04
6.362022692924409854e-04
6.619005467717061332e-04
1.059206080908326733e-03
1.254399328487715987e-03
6.852366899954472632e-04
1.977597963272788566e-03
6.315070261047988883e-04
2.677507011471917144e-03
6.440555899893495159e-04
1.046200312970193332e-03
6.256616698574725627e-04
1.162955765251794896e-03
1.501340313116713210e-03
1.527601196466281570e-03
6.797012478854914334e-04
9.308773075339977100e-04
8.483879679195726513e-04
8.004571801831251174e-04
7.045672752582418912e-04
1.359622852914613936e-03
1.043147457143115591e-03
1.713901845837108350e-03
7.363738111777573623e-04
7.768053530131612244e-04
7.812687478136302486e-04
1.421343230388364028e-03
9.447594759060679026e-04
6.477135880962822407e-04
7.986758594640302111e-04
1.445989657741968701e-03
5.633171381850315875e-04
9.114986487604146998e-04
9.064136434905446056e-04
9.216786079643357697e-04
9.208067153924869280e-04
7.025280784471762789e-04
6.730773861264036442e-04
6.277624106486441287e-04
1.113804816958659715e-03
6.207988917917216199e-04
1.262405386429531033e-03
1.102355721389640690e-03
1.028363410348879245e-03
8.365740519000606145e-04
7.481065296432174230e-04
1.117989819075485610e-03
9.360434660654250866e-04
1.256293667941531635e-03
9.825631810318775222e-04
6.771041780849653812e-04
8.691339283299537224e-04
1.401228895649633908e-03
7.109026994123817614e-04
8.716811008647530916e-04
1.398048411083434913e-03
1.344378901735426585e-03
1.429895897753497014e-03
1.252147949159802950e-03
2.247600155054011502e-03
1.200223402255594114e-03
1.052815252582588222e-03
1.420762196958957066e-03
1.057163562281483813e-03
1.320789501577643516e-03
6.361673639938287671e-04
9.952050296707494557e-04
6.754544056602051084e-04
1.523875638301135744e-03
8.528410131477563369e-04
6.605923320471307784e-04
1.086569283259688611e-03
2.070578219778104138e-03
6.573359113035457486e-04
7.502929927188381823e-04
5.830333219904519334e-04
7.564214067164149553e-04
6.590708985250182681e-04
1.912263258244743715e-03
9.730293603507395202e-04
9.632637208726213714e-04
8.216825697504090810e-04
7.344683035826988582e-04
7.785571139533721628e-04
7.013039697652141127e-04
9.764180164545413444e-04
6.318279861309779354e-04
2.427832738568660217e-03
1.101071964093743548e-03
8.759630810332692894e-04
9.436456339011947822e-04
1.351396222619091498e-03
7.276746572096773986e-04
9.726729007134053912e-04
8.208831648192629546e-04
9.538435471647857111e-04
8.236879452083696119e-04
1.037390108218985436e-03
1.002395940450666670e-03
6.985511908084508000e-04
2.278219201209906973e-03
1.078769224594921475e-03
1.134678168838162710e-03
8.146919907060929918e-04
6.985349932516495518e-04
8.706445739869921128e-04
8.275091319790542398e-04
1.018792487383230047e-03
7.551704450873284249e-04
6.325069214294805862e-04
1.606336093691146079e-03
8.619690565370535492e-04
1.115896678385148088e-03
1.252640921460253763e-03
7.618085877813644824e-04
7.022280272590356856e-04
6.485403773427791691e-04
8.739558903834384641e-04
7.120915054299407215e-04
1.165127489290392017e-03
9.545144768759600013e-04
6.950912502124491788e-04
1.317967500151503296e-03
1.518643478710038266e-03
1.399204155996438019e-03
8.662835858230105712e-04
5.643260675702428892e-04
8.216315358796458549e-04
9.339393894402535411e-04
1.495648555553908896e-03
8.187646707493095389e-04
9.823162589801010414e-04
7.990807944012806238e-04
7.444877015345135888e-04
6.299774889970061794e-04
9.656747204290505333e-04
1.152874654217734369e-03
1.635110224719269183e-03
1.102637868949538904e-03
1.230935758392359821e-03
7.267832548481138006e-04
7.279289027387016902e-04
9.140438941706469393e-04
8.422106965946355188e-04
8.978077216477987335e-04
2.095709170289971213e-03
7.449962016878490870e-04
7.866677845544085357e-04
1.112111434278443547e-03
1.684644259522862734e-03
8.387751406417775666e-04
1.009909179975063956e-03
9.252550936356555887e-04
1.299517800443054536e-03
7.557253340413986600e-04
8.062993771415647359e-04
6.752194306028595902e-04
6.299247009370548397e-04
1.021180437365459825e-03
6.239692418965694411e-04
1.374044513042913971e-03
6.675356752874095660e-04
2.027864010167574130e-03
1.473740834834362523e-03
2.252087052493091743e-03
8.746250052826155677e-04
7.273655060433246479e-04
2.880660820042519298e-03
1.103190736728409818e-03
1.159496309599247592e-03
8.380062796393782489e-04
8.250540671083182297e-04
7.146528465226826545e-04
6.105542738630651695e-04
1.061740465862064239e-03
6.668207731627431812e-04
1.048146223723674803e-03
9.840813296078090768e-04
7.902988937543394595e-04
1.238951476471717621e-03
2.037857561296179364e-03
9.756629301824861281e-04
9.392737699217561416e-04
1.163413861904327717e-03
9.137037148782900043e-04
1.215087392385352620e-03
7.402807983342272373e-04
1.485934654333715202e-03
8.287265086179124423e-04
1.142904769410505936e-03
8.004205624797277631e-04
7.516894541405897637e-04
1.864914631376321736e-03
7.700098103580950730e-04
6.963911700910902815e-04
6.886739925716436894e-04
7.395234125673218455e-04
8.987075545256309255e-04
6.373338766060396201e-04
8.515387144036144903e-04
1.065083543435829628e-03
8.473266291790927489e-04
1.088718143890090185e-03
8.238558278596827891e-04
6.628695697335932691e-04
8.430188732148787261e-04
1.091808132315816174e-03
9.020358183941984713e-04
7.277409278868029237e-04
1.243000181749404553e-03
8.170660574794923843e-04
6.261984300181642083e-04
1.254769939199191055e-03
1.592185043383973798e-03
1.222293182712737682e-03
8.712407887808146581e-04
7.114760797739070469e-04
2.289058483426243545e-03
9.458068020069259219e-04
9.789548795570439301e-04
9.844365958264732208e-04
1.051805537918738907e-03
1.447681736298722871e-03
6.911560375007327244e-04
6.502487348373813458e-04
6.295678341937132770e-04
6.640873946656951441e-04
1.209356987823358241e-03
2.058523658047036169e-03
6.472712744042221538e-04
9.957527975561755382e-04
8.680346378697834184e-04
1.159144480397530539e-03
1.073393506166657593e-03
8.033371323337166808e-04
9.804027730250695297e-04
6.914206407278751521e-04
6.661442105883955958e-04
1.022128415667430783e-03
1.077112266718549018e-03
1.224533675574298848e-03
5.845488516742197022e-04
6.792711796372297422e-04
9.441866219609561153e-04
1.088264814252582488e-03
2.128527073427394223e-03
7.305819949834036148e-04
1.196628835004242978e-03
1.165699500210345225e-03
7.126319985201136267e-04
1.404301997185738657e-03
6.066311967798611229e-04
1.116770027733025947e-03
9.954823908223571233e-04
1.839331477701414922e-03
1.345320187457236258e-03
7.661715747809562903e-04
6.473367515961805669e-04
8.334877865855784074e-04
9.095273007010117603e-04
6.121877097210755682e-04
9.321486639391899157e-04
1.000458861731276473e-03
1.313658691313553161e-03
6.749797099297845859e-04
1.062137239344916823e-03
1.229686332548397690e-03
8.255951918802063166e-04
1.879503075383716880e-03
7.351166340739107409e-04
7.985952951986154775e-04
8.603872724901752813e-04
1.070672029006922892e-03
7.926560453073095347e-04
1.468724875996498674e-03
9.687174152027955547e-04
7.877001983348115837e-04
6.715481014580491036e-04
1.199741197468656923e-03
9.786326197583938066e-04
1.184726723306680054e-03
1.175940843957785269e-03
9.269090045454535980e-04
7.763325533030909732e-04
2.177704177770174807e-03
1.252766119638490947e-03
1.011185070750649862e-03
9.384549778302488706e-04
1.312721125405812454e-03
1.716414428495716647e-03
7.832787928680588502e-04
6.969758634848895618e-04
7.904452338260094160e-04
7.967773076577755898e-04
9.486410130493051936e-04
9.283268274654358403e-04
1.448226422215663414e-03
8.063429987692277354e-04
1.888948152349091995e-03
7.687638726215155179e-04
7.500039043098155698e-04
1.125704468677444017e-03
8.701570889584543016e-04
9.240050833049123259e-04
2.170241532604723182e-03
7.531933652681777752e-04
6.002509834550199836e-04
6.047681501918238155e-04
8.955597613356419727e-04
9.109422826403785296e-04
1.231091567924440461e-03
7.895408302094510241e-04
8.700232711003806846e-04
9.101042983856537632e-04
6.002883818060789772e-04
1.852507835497748875e-03
8.980466586984023553e-04
1.217624204369958290e-03
1.226759137164607589e-03
6.736725675391149306e-04
1.057851025816935022e-03
7.364426502743391710e-04
1.388494247486080340e-03
9.535375144769571995e-04
1.024509502135786780e-03
1.306046404873754474e-03
6.954005428858641823e-04
9.342388966444364288e-04
1.027307271252553061e-03
7.700192687066032340e-04
8.616165178294859410e-04
1.930884545364550727e-03
9.102980071000209067e-04
9.284447175262455082e-04
7.782764960605377536e-04
8.609833831074659508e-04
7.137946145568074786e-04
7.061265912303802544e-04
7.857270616436663616e-04
6.336917385020284389e-04
6.768587901665020163e-04
1.313452319403541051e-03
1.074878282822546664e-03
1.061394304904058825e-03
7.722425186933831905e-04
8.399569249476347525e-04
1.948242025040856093e-03
6.397727568112922779e-04
6.481665951682232321e-04
7.917185222389356474e-04
1.408109893577680870e-03
1.301686265916633797e-03
7.644679975878225812e-04
6.158225059861893898e-04
7.118585511265711381e-04
8.078074282403143163e-04
1.302074388711131061e-03
1.402607417347553594e-03
6.626275288591049976e-04
6.163399565554767909e-04
7.581761052146149607e-04
7.797013610635040136e-04
8.962439015676256946e-04
7.487023655116805624e-04
1.876151957874492562e-03
7.589991564176864223e-04
1.233803705944785164e-03
6.397267058916067438e-04
9.618110248757615229e-04
1.014575980653472037e-03
1.209741004861660408e-03
6.845760283166890539e-04
6.866393126983855871e-04
8.997685228556013800e-04
5.882071120222405382e-04
1.394713452762087920e-03
1.274684933825011779e-03
6.529596011716503777e-04
6.227144314036022008e-04
3.325953156093887364e-03
1.363725478186559453e-03
7.307836922736731054e-04
6.901487655384286758e-04
6.013433816864635281e-04
8.808886931088434581e-04
1.840160841671689565e-03
7.414481288942935877e-04
7.461714889592331373e-04
6.986190390284558556e-04
8.483494137340878748e-04
8.647372682680072803e-04
7.778026751674414502e-04
6.016550402135220589e-04
8.834103218694963882e-04
1.852831600109654557e-03
8.377160688264125195e-04
1.095477581601881321e-03
6.015818183013187537e-04
9.870291034097397002e-04
5.975778557351299610e-04
1.116044141694772949e-03
6.594287438663979381e-04
6.913527814760662624e-04
8.166505508746571248e-04
1.026710314007775200e-03
1.017499919762206769e-03
8.063161419077149181e-04
8.975550886668505219e-04
8.214735267801665528e-04
8.861810548578013440e-04
2.033724509002303189e-03
1.087861808620023234e-03
1.012256802357075318e-03
1.318878764374152839e-03
6.880633568777570980e-04
5.827391719796087008e-04
6.135336497150305646e-04
7.490178173060423310e-04
9.601393465913261047e-04
7.630646795587356021e-04
8.359781539802791815e-04
8.875686186178818925e-04
1.095145028080344966e-03
8.597126024985547342e-04
1.091826932109336715e-03
9.171799378698312303e-04
1.280753757583134606e-03
8.805315724423022627e-04
6.551981714120301429e-04
1.015034202362865125e-03
8.137506141639598350e-04
7.812838676198044724e-04
9.128454136257561696e-04
8.222465251905849244e-04
8.757818931520078200e-04
9.223582375124342748e-04
1.949642604369836857e-03
9.489649693486803747e-04
1.229463285098091919e-03
1.630155462704202963e-03
8.398440457492868097e-04
1.930971268142421321e-03
7.822555464610486502e-04
8.448053052914622626e-04
1.054688053795006450e-03
1.035360145695965418e-03
7.817899164349967562e-04
7.236655872756515753e-04
8.803563693196232763e-04
7.729009565501057015e-04
7.247365041226584616e-04
8.558464339190049531e-04
7.691953144125733121e-04
1.103478718099386779e-03
6.411415080327987921e-04
2.702939422190700925e-03
1.557278081984548321e-03
1.547259724366678883e-03
1.289320596762621139e-03
8.786818581493508135e-04
9.572237636152033978e-04
1.397889596809404663e-03
8.244515512598688325e-04
1.799347383512415370e-03
7.623348654989274466e-04
8.836562056923995528e-04
8.939328759494852067e-04
7.064667049448342725e-04
7.131092879565275114e-04
6.699518910980680657e-04
2.095881050591757305e-03
7.928434040317737476e-04
1.066875725596648635e-03
1.818132881613355534e-03
1.700469761041418929e-03
1.060339426564692626e-03
7.248638050586047026e-04
8.845117399733708153e-04
1.228135857593463248e-03
6.231240913515686359e-04
7.259849340503160900e-04
1.040598889629660738e-03
9.286336584306083188e-04
7.332004903169990657e-04
8.283445725940728060e-04
9.469068462526726094e-04
7.686204274035755542e-04
7.078157601702959444e-04
5.918740936309035321e-04
6.538593141476446539e-04
1.015284381916394972e-03
5.939376056000952473e-04
9.962423187528887149e-04
9.700268253688091322e-04
8.146128627767700980e-04
8.732052179625452012e-04
9.973367447086072066e-04
1.351420720602546262e-03
7.941112408423299258e-04
5.944682505775283595e-04
9.251758060137823874e-04
1.233540186800688183e-03
1.309063144492100643e-03
1.166800252597574106e-03
8.604229337152790409e-04
1.341736748445338315e-03
7.427050020529940306e-04
1.197541238451495628e-03
5.834343456581338140e-04
1.195479548822990686e-03
1.144944367762408587e-03
1.085425865352020397e-03
8.980224851353451471e-04
1.975545352543379030e-03
1.025266497019359417e-03
1.314198809351614520e-03
8.931804100970872941e-04
1.226524377089944010e-03
1.528794912997842896e-03
9.061199359130247492e-04
6.929852657078270717e-04
7.988146284053847072e-04
7.024256122875911909e-04
7.166732772009682621e-04
1.524298713636759598e-03
8.132201003652554097e-04
9.631203434925424958e-04
7.976299274853455813e-04
7.488571231783066554e-04
6.436065067506759442e-04
8.837708822314104071e-04
6.483010060628156129e-04
8.274997342745779756e-04
7.727857182175850229e-04
1.726596780307150221e-03
7.440016106375315274e-04
1.642065147276455415e-03
2.004352275013028019e-03
8.265138949605803278e-04
1.337055884937284446e-03
7.288345142375312821e-04
8.940402449970722429e-04
1.915753575457643850e-03
7.288472359370480255e-04
6.444723888523569899e-04
1.742671083293532335e-03
7.871195336218698600e-04
6.322192158137757579e-04
9.765853198055907299e-04
1.314928364453402717e-03
1.792561364601972119e-03
1.012892972041484242e-03
1.002962761719664595e-03
7.066014472089781348e-04
9.503941554343909659e-04
8.579389797416794253e-04
1.033817538714843377e-03
1.624757035456342183e-03
9.181266263129474799e-04
8.298534892758751029e-04
1.120088691788672123e-03
7.607400528461034537e-04
7.562036658848335976e-04
1.373913173631307076e-03
6.779187215818246841e-04
1.224757775740748043e-03
7.121284068869912455e-04
7.263444494871409453e-04
8.127125473104998121e-04
1.288543275330854970e-03
8.756132737795871293e-04
6.901219420924307882e-04
1.089734836711071493e-03
6.104532006213373102e-04
8.200475225195883247e-04
1.053675074324170093e-03
6.905264948184965156e-04
8.433542667971555924e-04
6.329563903343869398e-04
1.368047402945050646e-03
9.701028889536871674e-04
1.299899454777872238e-03
7.697900789151958982e-04
7.211680663295573024e-04
5.913850076021643851e-04
7.177318803178758767e-04
1.223813806182343132e-03
6.149792223489628992e-04
8.483168468572394993e-04
1.183134524952800595e-03
1.052245594064440482e-03
1.927388987993476459e-03
5.874636019990980146e-04
8.959798065033527980e-04
1.185351838791861342e-03
7.425195341570564470e-04
5.832683826287797480e-04
7.450915225286873370e-04
1.708792854680043962e-03
7.074823523584355608e-04
7.792990103127227968e-04
9.210053607378434820e-04
1.001489983459986346e-03
9.235221612064121229e-04
8.613393331091532450e-04
9.528995799575767532e-04
7.122082096516330584e-04
8.331250641576781833e-04
1.582951220413118722e-03
1.013101900494624156e-03
1.449395533596515738e-03
1.698845080258113566e-03
1.314762333926473631e-03
1.133523418913936305e-03
1.057347697284701264e-03
6.511759847381453411e-04
7.317972793349246169e-04
1.796236944959156380e-03
9.118030725671314330e-04
7.893327383727254945e-04
