3.119152342560321145e+00
9.961230877717475174e-01
1.172641746329091905e+00
2.004127890062251449e+00
1.046599894820190224e+00
1.636001417284459247e+00
2.177497454964009815e+00
2.163568539969912941e+00
1.474746239612114262e+00
2.958827107307194115e+00
2.695762318376921485e+00
1.037635834500763687e+00
3.432339165736043807e+00
2.843809915909854436e+00
4.196424367195847438e+00
2.760760250633025770e+00
3.190001444650750528e+00
2.801727170893856922e+00
1.615857214771464490e+00
3.282411777123688257e+00
1.718430282024285161e+00
3.544730716668359261e+00
2.574947846306980370e+00
6.410912711613864223e-01
2.563021214082997101e+00
1.081850110350338179e+00
3.095570693386330507e+00
1.160283033885619375e+00
2.039615068450478574e+00
2.677923197487723339e+00
3.236364820756836291e+00
1.244949323173452749e+00
2.461777300667519874e+00
1.280930462572296369e+00
1.652868615046194201e+00
3.245112037140175154e+00
2.010788658785725325e+00
3.195994617899589496e+00
2.099396015182878106e+00
4.098076096250573563e+00
2.604634772509965668e+00
1.686258760848973637e+00
1.898431409590826568e+00
2.220773502607241490e+00
3.111919523121060571e+00
8.233426763066303833e-01
6.464313253410196580e-01
1.980503557407683690e+00
3.902641768737419525e+00
7.542837043885539661e-01
2.503493114071039471e+00
2.073772351788627066e+00
3.201614907912220254e+00
1.419009050776556480e+00
1.538351371807844981e+00
2.754352193436405916e+00
5.826142053768913476e-01
8.639526601551389406e-01
2.270775139389685116e+00
2.168008313557113098e+00
4.037785720963697145e+00
7.687254152835616416e-01
2.593193410408540789e+00
8.635613671953690229e-01
1.931904913248569278e+00
2.992309206305003855e+00
3.911721256094891075e+00
1.175897008474952043e+00
3.938913264422439831e+00
2.353876792297173282e+00
4.505868453322482203e+00
3.000201095834611476e+00
2.174350256424049110e+00
4.184257076199349723e-01
2.436872729929377090e+00
3.957953895031062430e+00
1.867142407721040787e+00
1.059464739644651265e+00
2.259462918681755195e+00
1.026524709717939521e+00
8.391497359208512918e-01
2.055242603189763706e+00
2.728116797494794188e+00
2.601396839726858090e+00
3.173645638961204440e+00
3.165200102614516453e+00
1.494104287610180881e+00
8.114368313501438834e-01
1.733115652469039203e+00
3.856280129876994422e+00
6.896609048059072489e-01
2.837562961423404140e+00
2.943010860350482094e+00
2.020971152202702292e+00
1.272168271621322733e+00
3.700980004321591910e+00
2.843543256185657953e+00
4.099527634588396863e-01
4.516783528968602468e+00
2.629662195563053473e+00
1.211383372263165281e+00
2.387565828645243027e+00
1.726176912347783921e+00
3.985741139569439984e+00
1.359192918764268176e+00
1.868320979346099975e+00
1.878408245256228515e+00
2.451791494302713481e+00
6.296023704237385665e-01
1.857336513047983750e+00
1.106024854302152916e+00
2.212768041574947109e+00
2.848761934997116718e+00
6.066926837563341168e-01
1.522177870808657518e+00
1.896697342532922770e+00
7.464984116788878632e-01
1.320973063700475292e+00
2.660869467922468257e+00
3.012837788109298032e+00
3.372436484607532758e+00
1.180331478073376905e+00
2.148576671838722696e+00
3.234620299197170645e+00
2.674470749093346367e+00
3.996610168459900247e+00
2.373452538655035138e+00
2.841825257844843744e+00
6.874376298564849330e-01
4.413023865907490517e+00
2.660288497505968408e+00
3.128848764152277528e+00
6.648436151139174299e-01
2.344368066450322807e+00
2.383193515748617930e+00
8.392545581617273376e-01
4.202170581297426821e+00
4.328124829087986569e+00
2.428053386310949247e+00
1.146827637050918502e+00
2.497475058554840643e+00
2.251301889105659537e+00
1.966705660337299211e+00
2.613593138356137935e+00
8.031173135500390137e-01
3.270141638526028682e+00
2.264078854853626144e+00
5.486183124336416750e-01
2.389580967365798614e+00
2.539258878135810971e+00
1.860239621070813643e+00
2.441897648887106254e+00
2.046863242765288859e+00
1.135272361186789647e+00
9.058434684187658403e-01
2.382285471254745435e+00
1.684946004394024088e+00
2.376724160048855339e+00
3.015858776519611872e+00
2.200343352248258721e+00
9.817239680269169710e-01
6.870465635741593857e-01
2.697300324152981155e+00
1.201867097864274037e+00
2.186554862117519704e+00
2.076972067573458869e+00
1.198375082833457617e+00
1.709990766713909816e+00
3.492145043429435880e+00
1.207212617485033057e+00
2.710747258394908599e+00
1.951649591012041718e+00
1.465073471998059151e+00
3.678194869024301372e+00
2.973144806361802228e+00
3.788310358691953983e+00
2.942859535118322434e+00
2.349558618211986527e+00
2.202101177982509039e+00
4.561799945836720882e-01
1.941324530869034559e+00
3.017907034292731439e+00
1.975557419074574161e+00
3.141527785806419892e+00
4.108417095962318411e-01
4.110301383651559171e+00
3.466946166844775412e+00
3.323367724623934372e+00
1.176761678539203881e+00
2.044065257191927998e+00
3.610357004961838534e+00
2.589155834714965021e+00
3.922000669488544311e+00
2.114019513057765032e+00
5.767859196519857790e-01
2.349509182987485012e+00
1.880374960062551670e+00
8.069165678182416146e-01
1.779274551779607805e+00
4.787800542032808471e-01
2.586483738820747558e+00
3.111891920476419049e+00
1.797551707650473451e+00
3.252960322510538571e+00
2.531164298971468440e+00
3.254485273974297321e+00
1.220301160299140930e+00
3.382794314630582555e+00
8.601208988717871096e-01
8.158832137357145964e-01
1.876781940758348144e+00
2.188077051115038252e+00
4.792689963760281557e+00
2.955646314057351898e-01
1.985327279605478612e+00
4.096818700210860698e+00
2.909965883594028302e+00
1.370528049681889016e+00
2.789314997453310241e+00
2.758731426371108686e+00
6.149578849137510295e-01
2.133831848026170874e+00
1.481548628029309311e+00
9.988125266554848114e-01
1.385236374609358112e+00
3.486378450514558303e+00
1.365262374577488558e+00
1.419234264337968066e+00
4.412751109163353114e+00
2.634113530951451843e+00
1.880302202755657737e+00
1.134858338598882632e+00
2.107643870466993086e+00
1.756881829429575381e+00
1.188450814080684204e+00
2.188728463533270663e+00
3.360433811748510635e+00
1.524379803982021109e+00
1.892178605783851886e+00
1.032690056246021726e+00
3.336588659991774897e+00
1.937044467843079820e+00
1.337556951649486292e+00
3.051493481022312437e+00
1.682973172447622678e+00
6.624016389889850753e-01
1.160237709777244497e+00
1.299118657030699842e+00
3.132961113884474180e+00
3.768987285634669004e-01
2.550930519982846256e+00
1.487889870301913664e+00
2.045495388521651581e+00
1.440317529289804055e+00
2.059631787828269278e+00
1.238857116354604493e+00
2.071447824800576321e+00
1.448651286654791148e+00
4.403212191686167287e+00
2.584486408548638980e+00
3.908935341345055825e+00
2.134424687199040882e+00
2.473476795037008902e+00
2.501942155785425115e+00
3.926810710328981546e+00
1.392143582584819406e+00
2.876906713142487693e+00
2.466136339705859548e+00
5.085811892061002926e-01
2.036721521162116133e+00
3.466122295244747242e+00
1.027730087991169272e+00
3.304337297144293917e+00
2.608155866332295236e+00
8.930747464428723248e-01
4.260205572902515669e+00
2.691887973648936505e+00
2.687742415663801676e+00
1.899027240458325272e+00
2.966888668515874627e+00
3.011568984591803111e-01
1.916068122332400758e+00
1.706732522581460687e+00
2.864525733222721637e+00
2.735203961302190567e+00
6.292828780145607315e-01
2.602752692525898137e+00
3.106564690384713057e+00
3.503910916474333614e+00
3.033437033720943088e+00
1.260247030118117229e+00
1.322290243574191004e+00
8.250989816069493887e-01
7.172263359404179583e-01
2.720862985590480676e+00
3.394102981740123592e+00
2.191878274685826078e+00
3.615671341842332076e+00
2.072079874053625037e+00
2.459691140041416979e+00
1.128166954324983262e+00
7.451732942292851325e-01
3.297022882081334316e+00
9.144694563993533976e-01
2.683268231246743962e+00
2.738934722459010818e+00
2.394420617087301917e+00
4.905838646672951442e-01
7.740760931416539314e-01
2.449329430488957016e+00
1.808207485491671429e+00
1.490071630196454722e+00
6.658794331864695826e-01
2.164301200557063432e+00
2.446365551298355978e+00
1.990025642935524086e+00
7.914689796878084938e-01
1.415729640833275571e+00
2.996744008005417292e+00
1.219771762996069597e+00
1.288812705265745651e+00
1.679323874658602556e+00
2.892595845312584846e+00
6.485806661419100116e-01
1.645450378138606506e+00
2.173264915749615778e+00
2.060779579169703890e+00
3.209948359733429513e+00
2.249482277658026774e+00
2.494357792140125429e+00
2.015777660665477811e+00
1.925688169051518184e+00
3.463144517032772818e+00
3.159459680521611524e+00
7.074981050928160764e-01
4.388836184111448269e+00
1.487205565321643608e+00
2.572731665161467340e-01
5.469130832615950455e-01
2.089834228464964472e+00
1.643925578681181721e+00
5.942298417256828280e-01
1.266761998466695349e+00
1.844725511887312930e+00
6.895868870370758241e-01
2.206005063252900467e+00
3.776157845785907519e+00
1.384876023251113031e+00
2.334157110565149740e+00
2.474013463998841367e+00
2.662671527659902893e+00
9.128845511261579615e-01
3.287521274947664107e+00
2.909499714649476765e+00
2.404106635830568273e+00
6.667009719075247531e-01
3.932612885857115437e+00
1.710256557216630169e+00
2.416797910708762931e+00
2.820280033945219422e+00
3.612436878878263258e+00
2.605283216328682983e+00
1.120301663145429671e+00
3.294117843948866309e+00
8.237481766551006945e-01
1.896822007511826280e+00
9.924218361667138666e-01
1.746691421070902805e+00
1.264921150826058494e+00
9.905841692600209081e-01
1.261842324609218746e+00
2.883868975627327025e+00
3.584367012527183149e+00
1.442458130044924403e+00
5.537095459329922642e-01
1.017101869565099070e+00
1.089130227043182408e+00
1.838194386949797865e+00
4.309241779674200523e-01
1.109405137868466174e+00
1.865213193374777978e+00
1.476035283116085450e+00
2.849372412699406887e+00
1.699407233111210891e+00
2.294555146073437690e+00
5.487818000336886826e+00
3.125970011784779956e+00
4.593183104062755540e+00
3.119470609437725805e+00
4.154881416282823481e-01
2.544914458916301747e+00
8.714174725429814083e-01
3.968212805093126683e+00
7.896859318324491728e-01
1.728075010646576537e+00
6.527003499534631548e-01
2.685351251491828961e+00
2.308209979031801584e+00
8.495151848117310500e-01
4.233877251238176598e+00
4.198084312331687440e-01
1.059231638467478476e+00
3.067393842383889790e+00
3.364037694985150484e+00
3.010905385476075224e+00
3.270755189798314699e+00
3.931057508249255150e+00
3.681241483199023889e+00
3.222287339022374297e+00
1.434347318976202601e+00
3.218270129487088127e+00
2.567394399427274543e+00
1.587317309576703028e+00
3.521472856065251733e+00
2.900073630310293193e+00
2.110836796340711086e+00
4.021857567000206579e+00
2.416811279454921468e+00
7.608848735417047537e-01
3.596466519407553353e+00
2.586969463137255953e+00
2.823441626746169497e+00
4.395647882646464000e-01
2.691151571635801432e+00
3.016145217164192260e-01
3.302107867946259656e+00
1.908019137394420195e+00
1.152982499204040501e+00
2.348306311430008897e+00
8.984840336694310814e-01
2.888091838964592206e+00
3.036103159566522880e+00
2.544257998890156802e+00
4.783253102334233398e-01
2.951274091409973988e+00
1.000252052866817287e+00
1.638529090787020248e+00
2.590153741443983471e+00
1.552709254100555381e+00
3.289352432516376101e+00
2.389386029533457911e+00
9.363572133217462623e-01
1.097332875969962762e+00
1.567580747703668509e+00
1.640935990273330258e+00
2.351072012622947405e+00
8.697542957571114952e-01
3.247033119961821868e+00
1.408178458429116375e+00
2.709792649937783349e+00
4.188436407614984702e+00
3.173560289208095408e+00
5.991131152395469117e-01
3.402747056721238561e+00
1.930130396491269051e+00
1.035760502098526770e+00
7.779118613056287268e-01
2.447890727664730814e+00
1.603070742590815501e+00
1.826903586529309509e+00
2.815165667406180905e+00
3.796790054816901350e+00
4.113358315855051295e+00
1.576319483947872468e+00
1.358370748447897958e+00
1.534334183296943932e+00
6.978384142011073710e-01
2.307188006706290651e+00
6.127011473069776670e-01
1.630633438120612011e+00
1.343160328049702201e+00
9.469611245122285803e-01
1.975388059013884812e+00
7.611996513703800371e-01
2.662882964986869716e+00
4.938146046588272053e-01
3.140669250922913935e+00
2.851658725528749994e+00
1.091835955212512088e+00
3.284450800120334080e+00
1.092061607854979410e+00
1.348823218115076550e+00
2.721104173921942593e+00
3.661671670268677570e+00
9.523015232431837340e-01
1.326780042297850626e+00
9.889741234024498340e-01
1.962282844125669667e+00
3.051452159381865759e+00
2.921352050119612187e+00
2.987306024152598827e+00
1.173240367451614752e+00
1.582504586442990968e+00
1.266955588751924378e+00
1.254355132972479581e+00
8.920050687826297509e-01
3.330668973709759673e+00
3.496779247900332344e+00
3.718096901366071183e+00
2.177712663060146880e+00
1.966838967995059528e+00
1.139567579459067170e+00
2.846929547389934534e+00
2.723024534310816147e+00
4.387912024336035444e+00
4.109244535609927196e-01
1.253257632857346815e+00
2.512691170971802279e+00
1.383442709862253039e+00
4.792517655335886140e+00
2.699281686616863851e+00
2.455501453339687501e+00
1.228113007277271684e+00
1.125069112121870996e+00
7.868508731208385676e-01
9.321357055317700535e-01
3.486624751600214012e+00
1.656689984067533317e+00
3.903583439431670854e+00
1.275838289060187369e+00
2.295745406909222019e+00
1.294944561928716986e+00
2.110128750723266222e+00
2.802947326576854525e+00
2.252086379040181718e+00
2.663835269572519149e+00
3.172316738641290712e+00
8.005884763342386856e-01
9.925968575079167078e-01
2.364855097387055682e+00
9.533190268138541645e-01
2.520668107952149128e+00
6.804408432109450011e-01
7.839695228004611716e-01
1.729219264968708369e+00
4.104974358896641640e+00
3.277697466311038088e+00
3.046403703702349475e+00
2.815441343630584736e-01
1.580548935024074453e+00
4.728375818040290390e+00
3.374601145637980526e+00
2.412624177084220722e+00
4.796483542263509925e+00
2.541072998679744011e+00
4.533877596032887425e+00
9.997384639670930939e-01
3.151865296053920851e+00
2.887753755255968002e+00
3.888348559515409253e+00
2.877702372757650728e+00
1.612727519185462421e+00
9.369368841956589034e-01
2.134876543917346492e+00
4.208630719107441465e+00
2.050358027873147027e+00
1.232813187968915924e+00
2.469840883132275788e+00
9.153261797481304640e-01
4.056946744013884221e+00
3.507155356219972653e+00
1.742444269614623398e+00
1.035754583116574645e+00
1.522075288642108726e+00
1.805678593478053928e+00
2.887265233264654452e+00
2.566355003235782029e+00
1.919144737441252913e+00
1.404029917902390734e+00
3.602939713568059421e+00
1.348412317494352308e+00
3.166632057625621943e+00
1.351343827397198050e+00
1.054255627204938373e+00
2.096028460320518150e+00
9.678656981063844533e-01
3.492463807487841798e+00
2.774095835816859701e+00
1.276697252997153420e+00
7.734806582632746119e-01
3.758143040236434196e+00
9.063579788339586329e-01
3.592549949705065249e+00
3.268142484076630438e+00
2.408606436512955806e+00
8.122648205684501743e-01
1.725937199741254924e+00
7.360058075386610721e-01
3.785429860250785872e+00
2.857544501974302875e+00
5.015984120336204555e+00
3.363691475680032461e+00
6.021801750377911988e-01
1.288770992475826160e+00
9.194712490699407104e-01
1.714121387813309250e+00
2.648030085397467204e+00
1.139251227509617603e+00
3.588510479208578019e+00
2.203705883800505916e+00
2.835902920551194306e+00
2.915491188331185590e+00
3.185006081884385942e+00
2.231164549422092414e+00
2.875713575412388590e+00
3.747577394973027776e+00
8.583983131754000517e-01
2.197546393332252546e+00
1.968482607315988009e+00
9.310277116404792608e-01
1.772736548685048374e+00
2.841814750279730184e+00
3.085811965626452213e+00
1.473644934520117245e+00
2.746233083993023349e+00
1.970884243840809180e+00
6.071541794248211943e-01
9.226206709932899264e-01
2.080748611270641035e+00
2.006210234757915600e+00
2.552550535006249177e+00
2.110562872053505235e+00
3.573046576894369331e+00
3.428606658561976772e+00
3.469541436954462377e+00
6.447544899069242996e-01
1.646191863320132898e+00
2.361487723227242874e+00
1.407839725630330552e+00
2.371771399419813520e+00
2.440304065624148588e+00
1.171249385127235421e+00
1.384955670490198854e+00
2.780668123447497031e+00
2.535098143412390925e+00
3.708304494719237177e+00
1.441316621148808874e+00
8.499693849985032745e-01
3.083499887968970121e+00
1.265170524801888075e+00
1.438698746186296340e+00
1.146455932793529975e+00
3.105556112302721328e+00
3.533467591688421727e+00
1.654555782627896487e+00
3.545362143208557804e+00
5.067608054309055809e+00
2.881314720069446889e+00
2.568919498691755621e+00
2.249506039992059669e+00
3.523646601564718761e+00
1.622716760322354013e+00
3.292491073595220197e+00
1.334958825573640206e+00
3.216102051523480609e-01
2.181870022700033829e+00
9.855230013259300703e-01
1.152644377411366161e+00
1.679424562507572771e+00
3.840859027942846282e+00
1.700787469065273338e+00
1.898796017918298551e+00
6.515677487262949708e-01
2.129498148548794045e+00
9.282283679147473876e-01
1.588670651417365631e+00
1.827544860182848563e+00
3.857515648178723389e+00
2.592725427477779565e+00
1.668604864199557669e+00
1.183728557921265301e+00
1.640776301232376388e+00
2.264411713065874299e+00
3.351632509126940551e+00
2.598469595665506393e+00
8.732070293995143340e-01
1.359343483569942057e+00
2.390202488706850925e+00
2.722313978003003232e+00
7.217671726208190197e-01
2.439554029651445077e+00
2.885182006512078789e+00
2.609541712129306745e+00
2.002982202920257748e+00
2.150160917451424236e+00
6.546563284815500872e-01
3.784412410844191665e+00
1.389394023310259074e+00
2.510801555830368237e+00
1.828395919152380422e+00
1.324045434315349601e+00
2.246629735988073140e+00
1.959504408404552978e+00
1.956859281587887578e+00
2.716946352982673396e+00
1.875171346292508368e+00
5.942183642823425371e-01
1.970446922817163493e+00
1.615567222993584684e+00
2.094684188204845476e+00
2.858835194668468027e+00
2.685157360307707908e+00
3.383870755432635491e+00
3.104451424422943528e+00
2.032259250464438782e+00
7.579783375427555647e-01
1.287649632708630865e+00
3.461050461497923614e+00
2.991208386078594295e+00
1.188648057571628947e+00
2.748853480900656177e+00
6.343058199329026925e-01
6.573739710993650176e-01
2.704558942956731826e+00
4.138716522768601247e-01
1.639505454636873472e+00
2.761083046068169899e+00
2.867098602480377956e+00
2.075040120993097759e+00
1.431714101447229215e+00
2.211144764985720546e+00
2.923737729568122834e+00
9.642237566005603666e-01
1.790446423326450320e+00
2.316497673290457637e+00
5.578230849643454059e-01
1.290574990167942193e+00
3.858106191250155081e+00
1.690914392864556026e+00
3.989474605592772116e-01
6.939970139847295716e-01
3.416090904770759273e+00
1.435658016068789511e+00
7.980925661154352202e-01
2.122356197086817886e+00
3.791940678410388177e+00
1.369035635906200588e+00
1.426409662958139091e+00
2.670817019859478059e+00
2.570027149711270109e+00
3.171508491104153560e+00
3.299493236038771649e+00
2.946800216841363618e+00
2.535889762757109533e+00
1.456537730783060480e+00
3.647183473713378365e+00
2.052825529015422035e+00
1.556575632087244143e+00
1.134214335141517038e+00
3.254149599159592565e+00
1.590370886045448628e+00
2.788891579166258516e+00
1.976920163127667829e+00
2.430288797602342399e+00
4.958147377901531705e-01
3.221246747892554829e+00
1.051137942102594369e+00
4.863192908826750038e-01
2.757318045177755472e+00
6.177592669671977399e-01
6.336088588824850820e-01
2.965297269065215957e+00
2.303462226183814909e+00
7.384888018723334557e-01
1.079308304725457246e+00
7.222785307985424286e-01
2.345104137243757769e+00
2.928601603080546401e+00
2.298191003470277938e+00
3.021258580561428264e+00
6.389986035982563317e-01
1.778863597005788888e+00
2.390203372706297902e+00
3.000867815238638769e+00
8.882284326706514355e-01
3.462710044423241929e+00
1.233680353329067891e+00
3.513998520201231379e+00
1.209273709024281329e+00
1.075368570941177104e+00
6.543658432457982732e-01
3.165312253499851791e-01
2.837106363409338972e+00
8.471271708986699567e-01
1.856683671834650218e+00
9.776383568604506413e-01
4.024581756052916237e-01
1.923193890252926641e+00
1.835704926719587515e+00
1.212601448286005468e+00
3.346042482912652272e+00
4.182988393283440520e-01
2.519014123106581682e+00
3.112408723106819153e+00
2.217466907171217638e+00
2.299404558814424515e+00
8.230598878692400033e-01
3.296879472551717871e+00
1.314564157209510586e+00
5.632128123342622361e-01
2.935393367750412708e+00
1.885458973339665389e+00
2.192110340610486485e+00
3.024386671807325122e+00
1.853660939258005680e+00
2.928235009588145310e+00
1.174814641862157005e+00
2.891574255543074123e+00
1.943892261224250184e+00
8.844547554255917099e-01
2.534271882462303616e+00
8.786272117661919623e-01
3.664210982551039830e+00
7.410324816936437742e-01
4.285485504621543207e+00
6.814452246011184489e-01
2.377621469298069279e+00
4.188402347204103648e+00
2.832739517472024016e+00
1.230659201252363832e+00
3.750263764458565685e+00
1.560810532010346918e+00
2.185546348623542912e+00
2.537572007116498440e+00
3.279273828080889075e+00
4.677452688937723813e-01
2.913648221847130682e+00
2.394950566612255471e+00
2.482839649926027015e+00
1.613821806335085540e+00
1.860981474117256784e+00
2.933974461063359573e+00
1.432460668737605358e+00
1.944456191009937829e+00
1.516608654763600184e+00
4.136569985809153138e+00
2.240324719847556434e+00
2.704313203031136759e+00
2.568835079438292368e+00
1.877843585183507136e+00
2.422182303162473627e+00
3.138822343164988204e+00
8.385445572374389256e-01
3.818101816090641254e+00
6.114537938195432343e-01
3.138412381027237963e+00
1.463514836142766784e+00
9.909003965864859875e-01
2.002333803378756993e+00
1.360101566762903280e+00
3.624877020746394951e+00
3.003299315944872205e+00
8.611883986764192755e-01
6.148688486844170464e-01
1.424160077008203462e+00
3.181076901358764975e+00
1.736325942062678429e+00
9.340711710400142476e-01
1.518282809802006472e+00
5.884802662765863390e-01
3.912158863585512014e-01
7.378897046621643030e-01
2.707881391445284613e+00
2.533512991243516144e+00
2.258840335018585055e+00
1.156209014691316872e+00
2.368339871064563340e+00
1.895949188189631318e+00
1.564260332564904932e+00
2.952416204269395106e+00
8.545178729764090209e-01
3.901598001292630347e+00
3.335568472509416349e+00
2.949153359946173669e+00
3.207958920564293770e+00
2.905262066172303648e+00
7.619856978320717067e-01
1.955046605401912885e+00
6.725365340465355724e-01
4.585312563565088873e+00
2.777284294570308898e+00
1.449853894631869755e+00
3.083222667118708404e+00
3.087813549943010827e+00
2.543266517145192473e+00
4.589560080092712768e-01
3.961770794462895040e+00
2.325027092072095236e+00
3.531287164308449356e+00
2.241719963994314835e+00
4.213847241622417528e+00
1.174926760253282243e+00
8.819567770420865260e-01
1.132400021876523111e+00
1.601734020854503671e+00
2.907837883244651422e+00
1.450100258023680810e+00
3.046542198326444684e+00
3.527350442571178135e+00
4.927525945534206309e-01
3.487422431159492575e+00
2.613053195566435338e+00
5.482843930981451397e-01
1.996713693854904159e+00
2.539642874541075290e+00
6.491957478474429388e-01
1.166840470674050945e+00
3.434939580110957014e+00
1.344454380264065163e+00
4.316961793205190467e+00
2.245930778677062811e+00
5.990975912499425515e-01
2.379568897549203754e+00
8.738103082805807054e-01
3.844059159121427705e+00
4.026121597748007375e+00
9.596256634151391074e-01
6.187638646467338299e-01
2.550858877069669628e+00
6.549453053254937762e-01
1.938573941442034432e+00
1.059828501392225952e+00
3.575850731310119102e+00
2.503422816789471650e+00
1.538469356009229516e+00
3.523449020858510305e+00
6.910839748799008087e-01
2.281712753139664596e+00
3.287435718791111405e+00
3.026842382048198221e+00
1.781003531572921794e+00
2.062598731499122984e+00
3.721554910450371345e+00
1.027301924322941540e+00
1.436022405131158974e+00
3.060552051305394983e+00
3.162348663907435409e+00
1.001126150225042588e+00
9.870919164669278434e-01
2.836276800351340999e+00
8.289605997862514730e-01
3.270007682441406160e+00
1.318853242045851193e+00
2.100811187138365010e+00
7.961529833188855099e-01
1.029507801897855845e+00
1.150767957121402008e+00
1.828151836883750603e+00
1.866189723467556849e+00
2.085037391564607212e+00
3.258111301291603645e+00
5.529137182495953429e-01
2.707392539577839763e+00
4.027977396738672944e+00
3.460400558974956020e+00
2.581489869662920711e+00
2.775549544433465687e+00
3.126703381258416403e+00
2.539428875175738565e+00
2.808984936660894771e+00
3.512326011166131412e+00
1.276572483233522126e+00
2.528641500147367438e+00
1.167202427609805415e+00
4.813140417806794913e-01
2.357124077319535882e+00
1.307627321675015386e+00
4.910513936907933363e+00
1.850381094057419018e+00
1.027308966084297115e+00
2.245886887509715546e+00
2.616396105248723458e+00
1.363420917678269007e+00
1.133783998651489044e+00
1.002495330924587424e+00
1.798214130019040846e+00
5.781743794489138111e-01
1.136915048668257766e+00
2.172993701157853952e+00
1.623369669518554437e+00
3.487128384917476787e+00
8.753775069032494471e-01
2.884676026917584402e+00
5.568651434170208692e-01
2.109790351363162397e+00
1.760839069910523191e+00
2.414967056887128649e+00
2.032233099362522832e+00
4.289100224662225069e-01
2.399111543864727025e+00
2.141932977524845239e+00
1.166783641609167477e+00
1.233363026373349491e+00
2.325373152326862591e+00
4.173467049053629196e+00
4.778232980541460839e-01
5.042049065785642048e-01
4.395190526122587649e+00
2.889603988009908253e+00
2.000903739775067969e+00
