1.596401675841440000e-03
5.981009325963923193e-04
1.127324253960197351e-03
1.934823910662220123e-03
6.720971279566541421e-04
5.707012205175392974e-04
1.107582797674915888e-03
2.207579699428401359e-03
1.061770786293582403e-03
7.426982460214360485e-04
6.948401061418443998e-04
1.813961780581643162e-03
9.548238954414620160e-04
1.766392044506764469e-03
8.957572496337489571e-04
8.480142018084676310e-04
1.668151262523283589e-03
6.465752116005709770e-04
9.345701050730381796e-04
6.049255787341004369e-04
1.681185055470324268e-03
7.628895652864511054e-04
7.931986436897867521e-04
9.002330584340039040e-04
1.013379778695170427e-03
2.500968131828410282e-03
8.625117255755304808e-04
8.326968713002519569e-04
8.481862062782519803e-04
1.598764692935146026e-03
8.601666029943296973e-04
9.709321415660641897e-04
5.821538606396745117e-04
1.432602017942996532e-03
1.083781009560395034e-03
7.532260663220276915e-04
1.121843937605056934e-03
8.511131311430117277e-04
8.163870354920658989e-04
7.872577915325526922e-04
8.890930343516093189e-04
6.626512725030188431e-04
8.718087773672201406e-04
7.409076712558577147e-04
7.266060397063694607e-04
1.737496679384400349e-03
8.258238675995815308e-04
6.065047566178985482e-04
6.340525053459472376e-04
1.034709899465243799e-03
6.933391367384975426e-04
6.706230570903662543e-04
1.046405978904620592e-03
7.137510943809242904e-04
8.108551729158049127e-04
1.358550304367116181e-03
1.089500590744867494e-03
1.382304970705063420e-03
9.670093040803598612e-04
8.965665873593946364e-04
8.303966051868799485e-04
7.725249894765135470e-04
6.279590973376245966e-04
9.191495942376673922e-04
6.293195225495099932e-04
1.232619918955457639e-03
6.263866753232244684e-04
6.664991270692045269e-04
8.215814479385751684e-04
6.476076828422222412e-04
8.060112723426342621e-04
1.415121138294581169e-03
6.439526235891960583e-04
8.320695550531687426e-04
8.689532323206850418e-04
1.099978151560693186e-03
1.042017675839619845e-03
5.716798935551098545e-04
6.369338527162839853e-04
9.643456974393296204e-04
8.478760081468552723e-04
6.896697775152759715e-04
8.041228425747788244e-04
1.139946272120620279e-03
7.514247879561044381e-04
6.489778989607019027e-04
6.370557364737713772e-04
7.381180468119944490e-04
8.280267462871039900e-04
6.922486478180769768e-04
1.341074241932408177e-03
6.235837647876835230e-04
1.646823246257283395e-03
1.111578608836133637e-03
7.742788331873250033e-04
8.722598982521784878e-04
8.704358905631454958e-04
8.754530001576348594e-04
6.984292643569716200e-04
1.448136844214798803e-03
7.496136751256877702e-04
2.229271085270006451e-03
8.674114199509141108e-04
6.322936488021183932e-04
7.114761079323146187e-04
9.008678813646655691e-04
8.953564192416700639e-04
5.790678608731981980e-04
5.891605098517927602e-04
7.841539966986927615e-04
6.688005839104853864e-04
6.732118983290880402e-04
9.730988346283771934e-04
6.734892252590167234e-04
1.817563840569281402e-03
1.383027800252327076e-03
9.193374307308254615e-04
7.463804280030996970e-04
1.260062332952815870e-03
8.513332552293312837e-04
6.949180789254691230e-04
8.186789929017782496e-04
7.198161905996616717e-04
6.822494913741166409e-04
6.051084107185475316e-04
1.253291994074583193e-03
1.725591694050361731e-03
9.341124165933804152e-04
1.053591528270488758e-03
5.624534376652109069e-04
1.151293271056127261e-03
8.026229507359876727e-04
8.443927570764943932e-04
9.029614273662815542e-04
2.105057698682063182e-03
7.215636807602352279e-04
5.687647502859603452e-04
6.496030387402955929e-04
1.331678150569150232e-03
7.525225685547776286e-04
8.367869990836315341e-04
1.607310276443771769e-03
9.777083304647552625e-04
6.981395395544375514e-04
8.651397084268882360e-04
7.456658360583263674e-04
8.455221104582167106e-04
1.346920102410513595e-03
6.474131914407768628e-04
6.033056163596604111e-04
1.265413713911738274e-03
8.897199727735119945e-04
1.561935319172771735e-03
1.895713900834752538e-03
7.343584913213335036e-04
6.637564193223629032e-04
8.508338645783502683e-04
6.081299891505913009e-04
6.780304500598484775e-04
1.668874126487580054e-03
1.330221905048684138e-03
9.384792769211039790e-04
8.208666470672217009e-04
7.918192425313589581e-04
1.140891586184862366e-03
1.319984992464247461e-03
9.379335176607002823e-04
1.486993834669152409e-03
6.721596382571755996e-04
1.022107118369274632e-03
2.567667044329070402e-03
6.406174611154299200e-04
1.045600251968866823e-03
5.735740009238358581e-04
1.322692861953174729e-03
9.492502674754917406e-04
7.369736061245697311e-04
1.184253908764448587e-03
1.027572383529289307e-03
8.287339025467813525e-04
6.661790158898703990e-04
6.019265505922008703e-04
1.090706608096479518e-03
9.552190927196755688e-04
6.542363905122673684e-04
5.800569385534643484e-04
9.091749278028616720e-04
2.754342965172934098e-03
2.828101717846703486e-03
9.905201524932673047e-04
6.250852803671342901e-04
7.122927050154607281e-04
6.692610941262141892e-04
8.778272513389419242e-04
6.521747808548940305e-04
8.814307544314126282e-04
6.232569365904879833e-04
6.922187597939690384e-04
5.926545817490176324e-04
8.967158545878786214e-04
1.123408594429275986e-03
7.136060802574522525e-04
9.053566993732594563e-04
7.595465438036858334e-04
6.780791778586232801e-04
6.214404566803638941e-04
6.978724003079624398e-04
1.140074342304516365e-03
1.166091487034520311e-03
6.493385346642684347e-04
8.802959528944867464e-04
6.815076815062429648e-04
1.008284613121039532e-03
8.971032544654759322e-04
6.374817767434006821e-04
9.080658228627919029e-04
1.098289735318729640e-03
2.349402016176921348e-03
1.093516077818142227e-03
1.904052512329263260e-03
7.896414672713700320e-04
9.544025927282027023e-04
6.449330924738531055e-04
8.468963148971032700e-04
1.155243242679514313e-03
8.116488525116970785e-04
7.507465768867458908e-04
8.301518539558849557e-04
9.785712867940174822e-04
8.056446552017115705e-04
7.982795202526300846e-04
8.297826168110675454e-04
6.837347588813780632e-04
1.207002189055377461e-03
7.377332221911505348e-04
8.160025886913505749e-04
9.572992247388898215e-04
5.764726686456279805e-04
7.807832201375109306e-04
1.601784277011011979e-03
6.786807564080376328e-04
1.751236317582500644e-03
5.560368563471569095e-04
1.138265246098244497e-03
8.584288200611393848e-04
9.731296344184553644e-04
7.527491312270199585e-04
1.483647803451214678e-03
9.371993725447651073e-04
1.350656591200926964e-03
9.628659153609787783e-04
5.860358390079005312e-04
1.385329116736549277e-03
5.827839854727688389e-04
1.415833466066350466e-03
1.716727834262590791e-03
8.402694623494237625e-04
7.078820193838587316e-04
8.903992786739803192e-04
1.024055926566588923e-03
6.166659510845392145e-04
1.502204012181257561e-03
8.933684104953104480e-04
1.638775967587484611e-03
1.058342580045854757e-03
7.825581298675237827e-04
8.570239042434017783e-04
1.790091443087500449e-03
1.371241660548327447e-03
2.076110296935009068e-03
1.173933336812518031e-03
6.342288588640131392e-04
6.259442388203235660e-04
5.866824130508040006e-04
9.934412057554730616e-04
1.426973440933786228e-03
9.710646150998951702e-04
1.164609869482824758e-03
6.396474364259184314e-04
6.466669709482647738e-04
8.783337940600487474e-04
6.867643353670174408e-04
6.506235335029995036e-04
6.783346611286596856e-04
8.449038162776767837e-04
8.003513141259934816e-04
8.463957456975635969e-04
1.068161736068958369e-03
7.738787162773585852e-04
6.531389555414761783e-04
8.757112968304755010e-04
5.865112438490581968e-04
8.381846784770583458e-04
8.045208088046750102e-04
6.497595721983229818e-04
1.002597086376739131e-03
1.309902352180021632e-03
7.361626922723896443e-04
1.347215991164629886e-03
9.379611302840006699e-04
8.610071128797333433e-04
8.852108972832408622e-04
7.347971108302819420e-04
9.932352113827219546e-04
7.377290284680255820e-04
1.216031313309643216e-03
6.200989937713107100e-04
7.728058729183246442e-04
1.998503843867975062e-03
9.418552943264795439e-04
9.637391703907479757e-04
7.857485443127574772e-04
8.153389668900648448e-04
1.807200565676271358e-03
9.737604308308532531e-04
7.493948587471160752e-04
1.272316156338664786e-03
1.455555996084003127e-03
6.098965463045188376e-04
1.522641986994372441e-03
7.411926359835762420e-04
1.440155168559190514e-03
1.132036924649386031e-03
1.057941121812868996e-03
7.887056643622283219e-04
7.424290721394759957e-04
8.568657859471459637e-04
5.638521590888809524e-04
7.829994078705829457e-04
1.189309489133724565e-03
1.429894752553388876e-03
2.280898411289466847e-03
6.114626223142801938e-04
1.079956171704480900e-03
6.577206762677443707e-04
9.591866553900487650e-04
6.666552571838535793e-04
1.168813684313679173e-03
7.030013448622140625e-04
1.000591053305380186e-03
6.396955511755233201e-04
6.134370548782823538e-04
9.638784185085970705e-04
7.533250911989314378e-04
8.579868756443800653e-04
1.201356464977307303e-03
7.588254911990710821e-04
1.147115276470059503e-03
6.564434671832157682e-04
1.103688184130629385e-03
1.144274515451719747e-03
9.190214655796916706e-04
2.039998167183221158e-03
6.719224463196798178e-04
7.468697182584710858e-04
1.325462522166956066e-03
1.370330090808756680e-03
1.293040078702213658e-03
9.165362295215040379e-04
9.148014330851543530e-04
1.460849690383062092e-03
1.066740359152041056e-03
1.296868018592479618e-03
1.033225255515583330e-03
6.995681924739832790e-04
9.473914817131218755e-04
1.160752474963009382e-03
7.249041135934247704e-04
1.207470780952208484e-03
6.329610443747453333e-04
5.597975823215677093e-04
6.490519429692255884e-04
1.372702364824407830e-03
1.375252669882756022e-03
1.347643350338919481e-03
1.019931697006869068e-03
6.957599164377372249e-04
6.497622960491819316e-04
7.819536126064013156e-04
7.160379991556194493e-04
1.236444874200322763e-03
8.313940730918755991e-04
8.175691145024125209e-04
7.588558826192250053e-04
8.021815798482725968e-04
7.658615233068394356e-04
9.240625756271081707e-04
1.233205731902143948e-03
6.117677449656062786e-04
5.909795601153516095e-04
1.129938646199394161e-03
5.614387874621303747e-04
8.259162105392583346e-04
1.616223864265554488e-03
1.441573683958991036e-03
7.920520141274507405e-04
7.901046874059075012e-04
8.493208733137189550e-04
6.270362292311365462e-04
1.344406778069092692e-03
8.091618107202527312e-04
1.513746939542766779e-03
1.000625059456612589e-03
7.211526716928912725e-04
6.227727560015526532e-04
1.902313023024009659e-03
8.833846546729737887e-04
1.103661576510046871e-03
6.793684703741808672e-04
6.441394533029304098e-04
1.051629764954988564e-03
7.930247195108206361e-04
8.416660597544880617e-04
6.658183499956300128e-04
1.017567895957425909e-03
1.945303368969659736e-03
1.743610448444356557e-03
8.907708900962211596e-04
7.251897966554557949e-04
9.831058407437625463e-04
1.292634235453910246e-03
1.824869298433887425e-03
8.009772683947030810e-04
8.970907502540771987e-04
5.960108574106892220e-04
7.237958435673553506e-04
1.153696450467474799e-03
1.724864480606054951e-03
8.930174022914469725e-04
2.850374883298609739e-03
6.634670386006001966e-04
7.723827900389451315e-04
5.892145962085762294e-04
7.316236274687575470e-04
1.549817764595194658e-03
9.971177803373924148e-04
6.591172796334888615e-04
1.067384071013027704e-03
1.084764958468193048e-03
1.557669488672125358e-03
1.139285535718536453e-03
7.095850953826630210e-04
1.081508699970765066e-03
9.804001258275417234e-04
8.895523917059429062e-04
7.803344997831848217e-04
6.659868915060363414e-04
6.470698713711681540e-04
6.020451500513201645e-04
9.601242936669728174e-04
6.461869191114583653e-03
7.093003595673986984e-04
9.656126612406612086e-04
1.019994449058232635e-03
9.720933066358638814e-04
1.197412141613978485e-03
1.092308003842400741e-03
7.069467463307460824e-04
8.903802245287835556e-04
1.172404163204905691e-03
8.672508998776023038e-04
8.825550428478149594e-04
1.166722133270372413e-03
1.925273594360589306e-03
8.234083413247723481e-04
9.711765555499454836e-04
1.031651040073086308e-03
6.213609014794324982e-04
1.302993463935925387e-03
8.668575823575936376e-04
6.391436363154626718e-04
8.400325831053514353e-04
6.674293419066334131e-04
1.347392359578558543e-03
6.447388645111024139e-04
1.373024477173252550e-03
8.027767874755202841e-04
1.220248462538621502e-03
6.175826693595706839e-04
6.555157748651516039e-04
1.141495362986596042e-03
6.285827453512402886e-04
1.062578981005417745e-03
1.038843244627263122e-03
1.414061306036639267e-03
1.098766760120444171e-03
1.058787557370730352e-03
8.066890628658919364e-04
6.075639568538451643e-04
7.140362774196215958e-04
8.395075285458791260e-04
2.310929138827257177e-03
6.495425780549306596e-04
1.762584909572930845e-03
9.334242360790670750e-04
1.625923285277780387e-03
5.874512966511909271e-04
8.686838478475929996e-04
6.565357418401797547e-04
8.926871560538651154e-04
6.676473637649498567e-04
6.924095070722513252e-04
1.224077496623129186e-03
1.465452121122615310e-03
6.619734736747647213e-04
4.531491007279092598e-03
1.332564323370478672e-03
5.832637884596969351e-04
2.644855719003985899e-03
9.043395885674018362e-04
9.487022279553198201e-04
8.965738558516530123e-04
6.639254088691633497e-04
9.547181336436460792e-04
1.051475770881464414e-03
6.732040931616447947e-04
8.871148077128053217e-04
9.273541342727521222e-04
6.690411665247133913e-04
1.347642121161423149e-03
7.450094974014254221e-04
9.938074233698220364e-04
6.493734219488815065e-04
9.582078233303459400e-04
7.922884965433651689e-04
5.926831229756876745e-04
1.176850610306056678e-03
7.181523789413484654e-04
1.162401506674265016e-03
8.563788055430470673e-04
1.356611602118614488e-03
6.166675623478382138e-04
8.543827087876284089e-04
1.899587723945666759e-03
8.765265304812731428e-04
8.808532265501626537e-04
6.280024006911763199e-04
6.590263093044606809e-04
1.038514722630755945e-03
5.676821213858590639e-04
7.937482575691832574e-04
1.358164301256337180e-03
1.557994183247275038e-03
1.441989654646814913e-03
9.133717293354878981e-04
7.403525247085821414e-04
1.022119381659852095e-03
1.154257075926807489e-03
1.815861006582394563e-03
1.136798288741900460e-03
1.139804586085595324e-03
9.719879072132392136e-04
1.180389933234574692e-03
6.073753851174454798e-04
9.760602009357198343e-04
7.479487855268655751e-04
6.520540859245941559e-04
7.536834605972183524e-04
7.036959018890789940e-04
8.048586132927501189e-04
5.785194707093988626e-04
7.902433870658050153e-04
1.501473529855554745e-03
6.632419419697416435e-04
6.468347394945715831e-04
5.834335190509093048e-04
8.996720129964140729e-04
1.930287659832629872e-03
7.231672597534203077e-04
9.160946104069668354e-04
9.932576345305964630e-04
5.978872641900892558e-04
5.703807354799907093e-04
6.188791212100807314e-04
1.724718891947957852e-03
8.512915646373657311e-04
6.143955074194005529e-04
9.707404078140392583e-04
7.406530302841053811e-04
6.622374587520118375e-04
6.918696957185901724e-04
6.309886449351627532e-04
1.612153373053830082e-03
1.101476272370465045e-03
9.351860306092858992e-04
6.758006887968898060e-04
1.124415233119356637e-03
1.022424840367155930e-03
1.060197108806984175e-03
8.376017519907261915e-04
9.144062360143735040e-04
7.371440842711163592e-04
1.144678132820861182e-03
8.349308638151365031e-04
7.455701567385993999e-04
1.680461745817266950e-03
7.210578084716341403e-04
7.116504763263351236e-04
6.130832681679322486e-04
6.355453166784851395e-04
1.223023053226650033e-03
8.015188743854325271e-04
8.654343559640886039e-04
8.522695023916939012e-04
7.113558359256684158e-04
8.696709626050161098e-04
8.251796910823342573e-04
5.867752818119110385e-04
9.563591351808157018e-04
1.814237781231471235e-03
6.640777740609953191e-04
8.470861139257070170e-04
7.696107345233435147e-04
7.609566059442304711e-04
1.076622786441949276e-03
1.087250198531163840e-03
7.463553997787398218e-04
1.106932424800420676e-03
8.168484877367344736e-04
1.462837744218475509e-03
8.163200333358159233e-04
7.492442436987298542e-04
1.034033952453801549e-03
9.267574750096553658e-04
7.807878224597915870e-04
6.825680589682864589e-04
8.813256016330792619e-04
1.320277270716153396e-03
1.003022963191547035e-03
8.178794373377929134e-04
1.041325301808696804e-03
6.131247812408270690e-04
7.497932341941212445e-04
8.082320461339796485e-04
6.886582483687308338e-04
6.256487778347582162e-04
9.600140521096693635e-04
1.153229703465439735e-03
7.249884089333324868e-04
1.254518664775728862e-03
1.228666186333303824e-03
1.074394808741066304e-03
5.759893912901240583e-04
1.475996029939439201e-03
1.039057831105953721e-03
7.749035339203164509e-04
6.381885084968486142e-04
9.341220942008039620e-04
1.012772467380944818e-03
1.429049592583751761e-03
9.554423477511128767e-04
1.015888488891313448e-03
2.330509306487114039e-03
1.195525976333650228e-03
1.044654308047633087e-03
8.539134364640867505e-04
8.681168990623605239e-04
1.528639651287767680e-03
9.446020899807783689e-04
1.063342219694717603e-03
9.137043455993453574e-04
8.357220905253998989e-04
1.554632570745403649e-03
1.280303052032526288e-03
1.368412833286967696e-03
1.153791299643256536e-03
9.589395618202040898e-04
5.780791675480288425e-04
1.387451507711588532e-03
8.432781856026409350e-04
5.601317701100220385e-04
5.899103006465077114e-04
6.663998141682638682e-04
8.824007691295214463e-04
8.836083106289499989e-04
1.151462911711313014e-03
5.993221343890680220e-04
6.913072747736593920e-04
7.679407787380839422e-04
2.161386578304050864e-03
1.002873604635332733e-03
8.109875969968976563e-04
1.427729985181280933e-03
7.403089555208999936e-04
1.374565850778266315e-03
8.151995926485753555e-04
8.624512317017463039e-04
7.126777831373733033e-04
7.792626799268529596e-04
9.518871785037504116e-04
8.364181483545182457e-04
6.413312857421692680e-04
1.864002301053803001e-03
5.836157651325657057e-04
9.782749549674457298e-04
2.035208123383777309e-03
1.384327188598123313e-03
1.087270584932678672e-03
9.798360950564362348e-04
5.628768630733947849e-04
6.645795214650019244e-04
6.052369136041923971e-04
7.327712955367518717e-04
7.247336384445595640e-04
8.856766576893162655e-04
7.689491667224286143e-04
1.763896512144117520e-03
1.550740026497664844e-03
6.985930587266814609e-04
9.629971103916652600e-04
1.156227331849210560e-03
5.668765034777422567e-04
6.042271974361401775e-04
6.478471124904639986e-04
9.727413352869780346e-04
9.900793530589480085e-04
9.147132604156567532e-04
1.102851587224353957e-03
8.143436261940667931e-04
7.196995337680231301e-04
7.890077399911465819e-04
7.197552534409395499e-04
7.688431031068942902e-04
7.709397319792125934e-04
1.038118384892942588e-03
1.072087971552103088e-03
7.199591225071188660e-04
1.600311472106158732e-03
6.541073519013582225e-04
7.529374757355483585e-04
7.245028051385875517e-04
1.074979239936565620e-03
8.517853214733848901e-04
1.719662428152400526e-03
1.102555267647942509e-03
1.277771148283626725e-03
6.098038048188941622e-04
1.249209519987404086e-03
1.720878271203872415e-03
1.358308713004311536e-03
8.165167225881224617e-04
6.811614053068967747e-04
2.226516271052675529e-03
1.180102455389842736e-03
9.188855495798300315e-04
6.703866379576732624e-04
7.295171894973857211e-04
1.387994648541237891e-03
5.738695467668457383e-04
9.840157265853682368e-04
1.313884593340868814e-03
1.097541483206801883e-03
9.680419978702311037e-04
1.117863794303766830e-03
1.480427089862687041e-03
1.074400463002554143e-03
7.980414449496207527e-04
8.160349519119681821e-04
7.027192716381959643e-04
5.851950824658256689e-04
9.712870877039606705e-04
6.402453027332110106e-04
6.959557755765577837e-04
7.506851588739027080e-04
1.325998205730045737e-03
1.770947176047835527e-03
6.466015859271127212e-04
9.274092806410780005e-04
1.955498131908303683e-03
1.080413382862306431e-03
8.870077260290658468e-04
5.957442252853185514e-04
7.430952042715237814e-04
9.609698088399315496e-04
1.154255058573536077e-03
9.707340610394371832e-04
1.161352570876927589e-03
1.084943599039649587e-03
1.137710813798363443e-03
1.244787221981311174e-03
6.123549589100571108e-04
7.904009763424940703e-04
1.179411366037718583e-03
6.430030283893057273e-04
1.187901949926658922e-03
8.561791858775495614e-04
8.905938227324884356e-04
1.071905551347255561e-03
1.714021734924725928e-03
2.056440349444629140e-03
5.964487424868614553e-04
8.188077245190206882e-04
9.048822047977181458e-04
1.068682083934501545e-03
6.673902549606937438e-04
7.475684373184543399e-04
8.997839582142350915e-04
2.705301428575945799e-03
9.540892827846689239e-04
8.488185733214654877e-04
8.411149350955808394e-04
7.769708881182618579e-04
9.602613709900235462e-04
6.939850437847471399e-04
1.047827262541044550e-03
1.048877934819873780e-03
9.983819727023149695e-04
8.846994906365591256e-04
1.178295713230283854e-03
1.104140790316567164e-03
7.839333768719510768e-04
7.557411208568025254e-04
2.872367926470646964e-03
7.718158074311327194e-04
1.301716299558575065e-03
2.338522732017245861e-03
1.141182055870893332e-03
8.919510887562769443e-04
1.393072146986965758e-03
8.667629220184509342e-04
6.576871039663904081e-04
2.052696701394006364e-03
1.028500944971105389e-03
8.735610342214532743e-04
8.175371763482014659e-04
1.068104669158964192e-03
7.059306577856070287e-04
2.236861666397106044e-03
1.846620012151806460e-03
1.726273928289640642e-03
6.752471200402030598e-04
8.415300049416673568e-04
6.057569358526834801e-04
1.039999951622105120e-03
1.054908403118315656e-03
1.291408035921590538e-03
6.181949963758261082e-04
9.784486708843823707e-04
6.888409987749059046e-04
1.387330680632795337e-03
1.321364420427978675e-03
7.910079283224209258e-04
8.442944437022065858e-04
1.539407737453349486e-03
1.027712087572141449e-03
1.443960374233643198e-03
8.934056108797458788e-04
9.136556226772836291e-04
8.385436653846859052e-04
1.306606625944527851e-03
1.941081962017749416e-03
8.421556400898554985e-04
8.739585822552782633e-04
1.734884040002922755e-03
6.570794447333989539e-04
9.885327470268586401e-04
9.005578376107424479e-04
9.262633022629716828e-04
5.681995498127400670e-04
8.678723445689390291e-04
9.122786122263500021e-04
5.889475341876324261e-04
5.813207012488010765e-04
1.056217036401902246e-03
8.868553398391426992e-04
6.564614045315690519e-04
7.530057704156778182e-04
1.365562235218918414e-03
6.991852757569763438e-04
1.685090708874463234e-03
7.168988000052669944e-04
7.499262575317272150e-04
5.980092024371787144e-04
1.651484213889320256e-03
7.516203170935215148e-04
9.268540540928481069e-04
1.033780853273394201e-03
5.763506005557197335e-04
1.138479353431740655e-03
6.459259911503797535e-04
8.221155988353573852e-04
8.801496870120440342e-04
7.514552260229160350e-04
1.081307278385466039e-03
7.696856545558302060e-04
7.677179325880223318e-04
7.932251719859126490e-04
8.504542915354276885e-04
9.031412953212797920e-04
7.250214907877259533e-04
5.821672120165102219e-04
1.990187661723761322e-03
1.898009230315589281e-03
1.050190182268564499e-03
8.239945004127135304e-04
7.495321783774686313e-04
5.708995264862645616e-04
1.057620976760803100e-03
7.392048033983202341e-04
7.198394641707668226e-04
8.015288220343887203e-04
7.967885437778386096e-04
7.347693893066305779e-04
9.721222656385072446e-04
7.296412375471984400e-04
6.439491561337006920e-04
1.260978008875735922e-03
1.462945397068099972e-03
8.094671297840767355e-04
1.826790369158352119e-03
7.760112289364551417e-04
9.029053483522223554e-04
8.038141559586329697e-04
3.158676860298144807e-03
1.155134801250352677e-03
5.884274360458895906e-04
6.429944010570228007e-04
8.882903271360796400e-04
9.196034654536226500e-04
6.587112650881336027e-04
7.035931468972726364e-04
5.702645332879998199e-04
8.355725953309941665e-04
9.527251484712272525e-04
7.008781958999181884e-04
8.767265069316074579e-04
8.656512631464302610e-04
1.393075835326299363e-03
6.309174820869809484e-04
1.052020714110144363e-03
2.614302397199799732e-03
9.422249551024210580e-04
1.093414154292755239e-03
9.266396221500102642e-04
7.523297090144562358e-04
1.284044976454489775e-03
7.634142932454418377e-04
6.077527087476377590e-04
1.019944683014431096e-03
6.764715275522603351e-04
8.293025795954229486e-04
6.225347572944592376e-04
6.701966457718070867e-04
2.381646542507925152e-03
9.946906977098075777e-04
8.462788857010149213e-04
7.784923953012520045e-04
9.465826492627136450e-04
1.139473972181027309e-03
6.312187586289400628e-04
9.134897858056463234e-04
7.142365196994515881e-04
7.218325951098823225e-04
2.012162341965154175e-03
6.173756980501747147e-04
8.311428048363637792e-04
8.915529040915448926e-04
7.517533533188085334e-04
7.213631351615614525e-04
1.347819686997947996e-03
3.254734034761902570e-03
2.422907486767059571e-03
9.349738027839171088e-04
8.624325318785661457e-04
7.750081981876519354e-04
9.846084506002685671e-04
8.270263249260908275e-04
8.059483301073996561e-04
4.550943685972061274e-03
1.327342143902372458e-03
9.342914128438558523e-04
1.099804160493394198e-03
8.599891027492650650e-04
1.106805969417044020e-03
8.938277374687428984e-04
8.098392686860442485e-04
7.902471332690101918e-04
5.959066140507075218e-04
7.201537228631689144e-04
7.007163558492905632e-04
9.582895947699025720e-04
1.236724896152963061e-03
8.431770547883468952e-04
1.643756412478676121e-03
9.555458657418764356e-04
9.132352343558545809e-04
1.435865616599804996e-03
7.330500907844702835e-04
8.432017915368840173e-04
1.341187066639794138e-03
7.513852929421445306e-04
6.737821660299644563e-04
9.153407508653041251e-04
6.230197373287063838e-04
1.335507566063479394e-03
6.872536777883166571e-04
8.084237477170435086e-04
8.533000438677530502e-04
5.906860641260265263e-04
9.189900907347789112e-04
