2.866858179730374379e-01
2.712488256709711942e-01
2.903984190365827556e-01
2.753789660842625442e-01
3.021791238226289034e-01
2.409053967813621910e-01
3.033931220889308222e-01
2.858616879230165275e-01
2.987199764326044504e-01
2.782720293255446231e-01
2.492629323771296812e-01
2.942036468403105842e-01
2.851560216961330219e-01
2.873568807654627300e-01
2.965053310685469845e-01
2.838995822613604725e-01
2.791897624348295137e-01
2.869178059885034160e-01
2.816515127836606291e-01
2.667482259890067708e-01
2.705819195626845142e-01
2.708710743703385826e-01
2.395713562124564822e-01
3.031276805536321506e-01
2.903224790728128890e-01
2.381889743585196839e-01
3.045983484444398370e-01
2.752248925190066697e-01
2.460034107039428264e-01
2.873349095025751199e-01
2.895861804818167240e-01
2.919205927930580979e-01
2.210896836780209540e-01
2.858416911666291638e-01
2.521232196238152312e-01
2.993906993742039835e-01
2.710927521645746241e-01
2.555478157700319386e-01
2.835432636836754394e-01
2.906292617348768537e-01
2.487484812458709560e-01
2.224564636150571095e-01
3.039703967628815118e-01
3.000824907210415393e-01
2.688926813742179567e-01
2.564940848510806615e-01
2.976531624337312443e-01
2.533622617369802321e-01
2.611467259541504493e-01
2.556014920252046574e-01
2.943211720469733339e-01
2.705705261940519191e-01
2.863049388652922911e-01
2.819288893050619360e-01
2.667737138691524956e-01
2.817462429737716545e-01
2.430858583078337465e-01
2.899770098436128540e-01
2.385125328773630149e-01
2.647172481410328682e-01
3.004991139435911340e-01
2.448104751228825648e-01
2.253302575480801151e-01
2.517647341016271412e-01
2.997396309926660396e-01
2.641492594661543625e-01
2.771800620824413919e-01
2.576286952661960283e-01
3.000050372958452116e-01
2.910937894400044135e-01
2.272779968461260958e-01
2.941808307366340358e-01
2.521967366566285618e-01
2.566330213129923710e-01
2.992044880394225115e-01
2.824712618319162871e-01
2.474260819862347527e-01
2.587446232387080602e-01
3.026720074846255271e-01
2.701234238755363948e-01
2.695976553435434631e-01
2.409231438886125509e-01
2.933918896318158387e-01
2.837811524963992915e-01
2.606518542363950308e-01
2.960875088805103861e-01
2.814165298766861389e-01
2.541386903450655321e-01
2.847030497994056386e-01
2.966687713784434965e-01
2.616484247945186636e-01
2.884662927716701852e-01
2.453762165267079631e-01
3.048200781715602048e-01
2.945434859532581884e-01
2.678717163766293763e-01
2.670431830790013783e-01
2.515532514043751777e-01
2.884032882351979521e-01
2.695823966184317522e-01
3.040366324649626528e-01
2.897893393442976251e-01
2.748481719709240378e-01
2.909810410658315583e-01
2.746587789631690923e-01
2.860842172220918744e-01
3.011245497426435769e-01
2.877268835111561618e-01
2.954194787918834053e-01
2.982942995819007348e-01
2.828971913696853857e-01
2.291312225173313399e-01
2.906487603371451511e-01
2.329607763128500597e-01
2.496916696978068451e-01
2.802804561606161426e-01
3.041359986770635904e-01
2.982425492293132030e-01
2.838284288252482801e-01
2.471184713644025699e-01
2.870652367274433292e-01
2.848328561234287348e-01
2.832933264495804959e-01
2.798066559086715421e-01
3.006565823799460246e-01
2.709215855914837157e-01
2.525259484301917157e-01
2.413679312774225649e-01
2.750906939031498855e-01
2.981255810476323154e-01
2.720154948937165695e-01
2.916143422041289068e-01
2.744532917629514679e-01
2.568073866947888639e-01
2.469643423628415935e-01
2.465864709932384380e-01
2.701027109503948420e-01
2.976440527516522883e-01
2.930671245708439954e-01
2.613728202558881497e-01
2.970313774096234871e-01
2.421605074497647780e-01
2.978846469309182066e-01
2.853075502937507668e-01
2.836995561787408193e-01
3.019356385168590062e-01
2.635232644574771466e-01
2.676541457348986519e-01
2.641262067701967697e-01
2.865958714294013499e-01
2.960204906400166203e-01
3.047945198250472387e-01
2.574172209182279403e-01
2.933950702793747256e-01
2.814064408734154310e-01
3.011997351409889667e-01
2.469791630149985318e-01
2.746593046517545877e-01
3.044831679348511955e-01
2.980892385124503940e-01
2.989285119662029588e-01
2.570280433647201823e-01
2.439082905566888337e-01
3.011758828624400697e-01
2.701246376172317665e-01
2.556233332863166452e-01
2.224768339553549468e-01
2.921122792264116419e-01
2.869406821334968827e-01
2.990269640080017166e-01
2.634762572906689249e-01
2.613928452212470610e-01
2.633911414670515039e-01
2.392375647183363763e-01
2.880895350918759590e-01
3.014887080267571462e-01
2.713707262945765364e-01
2.865645294153751355e-01
3.023594556851230686e-01
2.587272954073080999e-01
2.868534857245810255e-01
2.862693795396156760e-01
2.766867103174687204e-01
2.915595350759174198e-01
2.971714336902425702e-01
2.596599532005829936e-01
2.547611706967933820e-01
2.515042045298792606e-01
2.661733212929260906e-01
3.036081001712241378e-01
3.014300338384026112e-01
2.758982832176464228e-01
2.843869031280762405e-01
2.768703927273576948e-01
2.604508976383084207e-01
2.749782855552854732e-01
2.742464095336499263e-01
2.919988801808307000e-01
2.460738660878270534e-01
2.852964527348713086e-01
3.042744006666910916e-01
2.876355882558145893e-01
2.855384204306940510e-01
2.993378356589123102e-01
2.470066420835547172e-01
2.814757085332373898e-01
2.973045688850899926e-01
2.366376276362422426e-01
3.043825067694300723e-01
2.282861941618554991e-01
2.994504628774944388e-01
2.947133666745485603e-01
3.029355083514577718e-01
2.929411195627836806e-01
2.847918048824139570e-01
2.832625766926685773e-01
2.073602343517418900e-01
2.682131068180625411e-01
2.955202322413438276e-01
2.898059958687031479e-01
3.024275697949347363e-01
2.152315374218404243e-01
2.659660749277777403e-01
2.710883471136940059e-01
3.022676852259403302e-01
2.588514836338837166e-01
3.051540330540838952e-01
2.810174107822949185e-01
2.835308715102825561e-01
2.601940281327085880e-01
2.975714842394713844e-01
2.845512804274484275e-01
2.986579384962749772e-01
2.956376886076947375e-01
2.803436239883206893e-01
2.563986894531215532e-01
2.634154473522791751e-01
2.964063073987652230e-01
2.805905971784360964e-01
2.548677710909675320e-01
2.816596661510028521e-01
2.706840720701166880e-01
2.936553118378825711e-01
2.809450672294828699e-01
3.010870579109692358e-01
2.742267272129282341e-01
2.973837699156012815e-01
2.867343596464402289e-01
3.020509976282667042e-01
2.976261137964005266e-01
2.720813038155783237e-01
2.483728600025769118e-01
2.626832943274464705e-01
2.939273428698424007e-01
2.979143255175109584e-01
2.750425178560138018e-01
2.480385821453235384e-01
2.913591949279750182e-01
2.555309341931767397e-01
2.918821386517848060e-01
2.728483347325406094e-01
2.855381501295865543e-01
2.279292191403068657e-01
3.000961386291208233e-01
2.597157605220655197e-01
2.500651120726442023e-01
2.656856826509048086e-01
2.635743715451108193e-01
2.893538119006267006e-01
2.700315522943187996e-01
2.885545066466658759e-01
2.967852373347263373e-01
2.492284546737090212e-01
2.774406911557963928e-01
2.792439564709196520e-01
3.026650244062312201e-01
2.692541899587811982e-01
2.761096123617776676e-01
3.015462107395631142e-01
2.920604306578201137e-01
2.859797142997819730e-01
2.780768262322934614e-01
2.725178642625654124e-01
2.612270890975719739e-01
2.814681869894870569e-01
3.037136326749131920e-01
3.016453843811511271e-01
2.867906946313898420e-01
2.895917274234089400e-01
2.885613448769820399e-01
2.702043547381181576e-01
2.666832123177947378e-01
2.576314840890415181e-01
2.974824565598320758e-01
3.004342320869816674e-01
2.988843442267925532e-01
1.963321000565327046e-01
2.762721350523993369e-01
2.981174157897367172e-01
2.921485446955852661e-01
3.042513807230433076e-01
2.771078632802480568e-01
2.345392887309657171e-01
3.009009849578833662e-01
2.915744554588399207e-01
2.730339384223677279e-01
2.426839518018687192e-01
2.573205272034693736e-01
2.944160965242437200e-01
2.774564735566035223e-01
2.911323388062472817e-01
2.589769185723193590e-01
2.991114651178158335e-01
2.604283306374606255e-01
2.858317696622861281e-01
3.024412712138854209e-01
2.991929973504531270e-01
2.872572114871633775e-01
2.244039318548346762e-01
2.781617541546612116e-01
2.833797656664250320e-01
2.726387488204500831e-01
2.762184865304304071e-01
2.607702371335866021e-01
2.333647124909553616e-01
2.846072748384727569e-01
2.938696325509921881e-01
2.470757140934283780e-01
3.040860161336273459e-01
3.018469857132360379e-01
3.031471363290821897e-01
2.270366227277154647e-01
2.929471650554391071e-01
2.263366853659239397e-01
2.853540105873556554e-01
2.907816952309156266e-01
2.503879961367908025e-01
2.988692820918888438e-01
2.980471561720979823e-01
2.936890574372866269e-01
2.951811715826609395e-01
2.673500708262903092e-01
2.819431751834344246e-01
2.579422151032007560e-01
2.874094054708737356e-01
2.779352719158529328e-01
2.535092572960152557e-01
2.101149847805548199e-01
2.674923873282205600e-01
3.009725609482823971e-01
2.474350771088981160e-01
2.856632264987425951e-01
2.896572483335399517e-01
2.831262552532467502e-01
3.010783382625896176e-01
2.681653843588258646e-01
2.964292994932803960e-01
2.236837740544969089e-01
3.027691955987868999e-01
2.297172729735027230e-01
2.309894186443883224e-01
2.770231044335279558e-01
2.656927652758901415e-01
2.714854412097336689e-01
2.880505196736835027e-01
2.663238239264492102e-01
2.786747366128666803e-01
2.797120258863817766e-01
2.987818074428074677e-01
2.845628821328552438e-01
2.499410926060935678e-01
3.028210057523528231e-01
2.161965376416780382e-01
2.824743892559154479e-01
2.888525809502353603e-01
2.924108602472172969e-01
2.445484176520591191e-01
2.840283044995181583e-01
2.480438276496876315e-01
2.926089088945307282e-01
2.592308901971709933e-01
3.007380990529348597e-01
2.995727480589807645e-01
2.477843712551841548e-01
2.722775197305178363e-01
2.742918343873370079e-01
2.672327767553897004e-01
2.833639838500025543e-01
2.222423501423375913e-01
2.873594354684391172e-01
2.499421177512777259e-01
2.997721276858311135e-01
2.477010709825853696e-01
3.011575600569103561e-01
2.949986613195574314e-01
2.636514886448251271e-01
2.836257179333968037e-01
2.846293142748970162e-01
2.716124088259136427e-01
2.909292188046095351e-01
1.974558854561707655e-01
2.728549073460364016e-01
2.948513491608362735e-01
3.006884719192000066e-01
2.658893424267624317e-01
3.044386864887035360e-01
2.949834980740088097e-01
2.904807975833547107e-01
3.018783511144798037e-01
2.661187558863589708e-01
2.596430120975407596e-01
2.957458222715159679e-01
2.732316450641006922e-01
2.688773545791320885e-01
2.705173066648483560e-01
2.969073315566875815e-01
2.608385454668526449e-01
2.397637727793064666e-01
2.792764148015050574e-01
2.656701086049447214e-01
3.008137167218382091e-01
2.494050871598822439e-01
2.845708572583726115e-01
2.982910995112129093e-01
2.918895446499238377e-01
2.739052949982754837e-01
2.491673594305827966e-01
2.978843997391493192e-01
2.888095853166059990e-01
2.938185269209456774e-01
2.249608920693880187e-01
2.395709582552492667e-01
2.948863970315844241e-01
2.943111346606581136e-01
2.945183679760577933e-01
2.618483645193592779e-01
3.035507659628602362e-01
2.751616356535494523e-01
2.571567908190643958e-01
2.686037244494802745e-01
2.225481849238165055e-01
2.926283264960136132e-01
2.777354745451351414e-01
2.355047986886214251e-01
2.844230174107921783e-01
2.908164293081103025e-01
2.903711879836933241e-01
2.934421368321455392e-01
2.384618630908266201e-01
2.502601260882005851e-01
2.556454570413345673e-01
2.780582072697150853e-01
2.913563885437835399e-01
2.779061712614637747e-01
2.828337291156627353e-01
2.786693937501983909e-01
2.349547116313612516e-01
2.828695890849242667e-01
2.958830745311651911e-01
2.804571286462274604e-01
2.777540310798797818e-01
2.881840966131926640e-01
2.546373465012427562e-01
2.729380694925997997e-01
2.694389249830417832e-01
2.987362397795338964e-01
3.047380551052473185e-01
2.966441882249954420e-01
2.755226505153838268e-01
2.905539449863293044e-01
3.040118734473378770e-01
2.637905334559327297e-01
2.575540119095325875e-01
2.269659561015014426e-01
2.739341278664907953e-01
2.809380119729553704e-01
2.901211787691737598e-01
2.795144584088530837e-01
2.928298387815311821e-01
3.051344133375346601e-01
2.255067927720214860e-01
2.724781482691595591e-01
2.770582750754149171e-01
2.525500413664557020e-01
2.808606735387534359e-01
3.012096032118540267e-01
2.834021539730161021e-01
2.840497144633322701e-01
3.001679967097178880e-01
2.682564368210039185e-01
2.941423594935597130e-01
2.612392098583926070e-01
2.932461439228237210e-01
2.934100074737032715e-01
2.916412877681283655e-01
2.767602815327190879e-01
2.924887299119468542e-01
2.927907622814038824e-01
2.564537879401292964e-01
2.908428062996509800e-01
2.818033778779434062e-01
2.196863525396401118e-01
2.925878691962908729e-01
2.894853408053033039e-01
2.813121174629892862e-01
2.929705173512920924e-01
2.963885833197357766e-01
3.052820972832304691e-01
2.798703212162335641e-01
2.362298369837692313e-01
2.616293533805614802e-01
2.943442582734430157e-01
2.755041549573616355e-01
2.507073130483720713e-01
2.923349683273013255e-01
2.621230698049982766e-01
2.674066071912311604e-01
3.039359089190445395e-01
2.977465214200111232e-01
2.463232003195422737e-01
2.878082909460037420e-01
3.025463571423791520e-01
2.588597263765435308e-01
2.838073952147966983e-01
2.755615775797832789e-01
3.044369871085965129e-01
2.855470907934172242e-01
2.594382655606372046e-01
2.900888290095581246e-01
3.034355588965697570e-01
2.674005692546614354e-01
2.825791324824575845e-01
2.544729362537411776e-01
2.754139278913336208e-01
3.038132464601907001e-01
2.723992220411576848e-01
2.768827688836156264e-01
3.047567823340984194e-01
2.954299577551620093e-01
2.889929318222177468e-01
2.789422085710664967e-01
2.936213154342809384e-01
2.938053934598022776e-01
2.284701227563543935e-01
2.773298292810083554e-01
2.827263767949769746e-01
2.676159872504359494e-01
2.640952205058746394e-01
3.048019468156464296e-01
2.871088304820554327e-01
2.461746609088696358e-01
2.484809082723178630e-01
2.676129528282920056e-01
2.606500005776557494e-01
2.696068423870804365e-01
2.183926570736261508e-01
2.991371746861624659e-01
2.705315282402141475e-01
3.024643381054910596e-01
2.490871019789215879e-01
2.888937648928633917e-01
2.591679018553718072e-01
2.849243255322181367e-01
2.846462211590610747e-01
2.328707989757066166e-01
2.186951741089621093e-01
2.870151665231636118e-01
2.698438766280987777e-01
3.009025522320021295e-01
2.471769813086626133e-01
2.503812007529271910e-01
2.512627224820229710e-01
2.953684895579570258e-01
2.707332342059171060e-01
2.407637663787219329e-01
2.468456250460057955e-01
2.683226114649905902e-01
2.733187187224688786e-01
2.449276327023617028e-01
2.566885077244536739e-01
2.567294120373714850e-01
2.435341597371154243e-01
2.129067649448024013e-01
2.445479196552713674e-01
2.566089676528389707e-01
2.684720685387345096e-01
2.423668630177757133e-01
2.628378117994656371e-01
2.819838616494698136e-01
2.785318358208840328e-01
2.952874791265305832e-01
2.222236529366075353e-01
2.608235665084235877e-01
2.589524592796705882e-01
3.016774311187558344e-01
2.905503068426903424e-01
2.868456335335495822e-01
2.769256912239533297e-01
2.709666511919225362e-01
2.496943766891361327e-01
2.814529676925622836e-01
2.522557983044805274e-01
2.788137911452408524e-01
3.003279646945321013e-01
3.017165038971478808e-01
2.635248675677725472e-01
2.760148827951017236e-01
2.488772686253571120e-01
2.338570917555281570e-01
3.048125032639636411e-01
2.704648398110824359e-01
2.817000622770595708e-01
2.904601206930038093e-01
3.037867659255403807e-01
3.013586537081908712e-01
2.873282252542196935e-01
2.865003724894322756e-01
2.879509348618035647e-01
2.939742932739290993e-01
2.507998411365565117e-01
2.949822525743365786e-01
2.063934991459825952e-01
2.444281540667010422e-01
2.633382054730933897e-01
2.559281387817438636e-01
2.489800918456859802e-01
2.994108434083311843e-01
2.702642752689723982e-01
2.647637891214916217e-01
2.871949632990025147e-01
2.909784595625573567e-01
2.946661998173283337e-01
2.885600629742962608e-01
2.960127555287373480e-01
3.017020631343799164e-01
2.461504951554371046e-01
2.654676056661618433e-01
2.363530921586731448e-01
2.795152437850756955e-01
2.920429124401101029e-01
2.995946127707753148e-01
3.030506324798017959e-01
2.518313037798367016e-01
2.595773523623232104e-01
2.563964564170656546e-01
2.560506397081921959e-01
2.953223944709880699e-01
2.572946598122630713e-01
2.448228721710005995e-01
2.771653591703301389e-01
2.885656473131850142e-01
3.014611045509539844e-01
2.862545935612144654e-01
2.857129961997258993e-01
3.028631169547801316e-01
2.756939391256978955e-01
3.041248849905687779e-01
2.403564749726143923e-01
2.970816275911448701e-01
2.624817595787364288e-01
2.593902640055266162e-01
2.630105265452533092e-01
2.681447190640598444e-01
3.036591052987639427e-01
3.049186495757254534e-01
2.813641088966314374e-01
3.010130314246430849e-01
2.960471423518944989e-01
2.526973640227179185e-01
2.814106747173567014e-01
2.867930427028073659e-01
3.013671450405827623e-01
2.548937852972799623e-01
2.561992227196662752e-01
3.019630730342841018e-01
2.739230064020441446e-01
2.647343788815871291e-01
2.553010359160755027e-01
2.535265298815745361e-01
2.887525447917770327e-01
2.946922975923818577e-01
2.957409536912675718e-01
2.944090562832489266e-01
2.411108563311007702e-01
2.725508068900277525e-01
3.042503318569400594e-01
2.749611197316290112e-01
2.861786588906352069e-01
2.216026875327510859e-01
2.913833919120155658e-01
2.853113741566253303e-01
2.914197454008832233e-01
2.658491954733175899e-01
3.053397891118009300e-01
2.546034119835312581e-01
3.049429514941409680e-01
2.748580940545142237e-01
2.602953483534921064e-01
2.980622655725412851e-01
2.805510790671328358e-01
2.139142525637718895e-01
2.259243518219184177e-01
2.714977010585452044e-01
2.386087764840227887e-01
2.997160308427518349e-01
2.552530028701676668e-01
2.905557891543180671e-01
2.872071421797797175e-01
2.504312067930916097e-01
2.891468053977023223e-01
2.991588890578622539e-01
2.677901226947283497e-01
3.016373937499974289e-01
2.563919712243384330e-01
3.035084090318312944e-01
2.713048319549927201e-01
2.592456592742836685e-01
2.922817798355680785e-01
2.321643590779745858e-01
2.584705659310918002e-01
2.926751826008997526e-01
2.943753123268812444e-01
2.457104464341979821e-01
2.846850910205709906e-01
2.981013332273441119e-01
2.997429045616441523e-01
2.767190545718531403e-01
3.012184641543568242e-01
2.978536102071592806e-01
2.810424573159554518e-01
2.707096784112318910e-01
3.029892434306908910e-01
2.642069724049605495e-01
2.963634887804553197e-01
2.775568303770084566e-01
2.891783971757868610e-01
2.499439164923289991e-01
2.918622171323325132e-01
2.909288270592443326e-01
2.796029738672977105e-01
2.856493764939932456e-01
2.668547751186982064e-01
2.900998077160373834e-01
2.974062028550667480e-01
2.447450003175597466e-01
2.843866645841431895e-01
2.779731121312631337e-01
2.630810079509131594e-01
2.791850269434127951e-01
2.723425016428476786e-01
2.706493584839093081e-01
2.801649404118053410e-01
2.658542725706276033e-01
2.586220319822195024e-01
3.026714944129806906e-01
2.863275433843248674e-01
2.638077363800186426e-01
1.818713767468349007e-01
2.333750078848486342e-01
2.953819277856413184e-01
2.829288930962531312e-01
2.021545889141660723e-01
2.544337853071825251e-01
2.755760552078537207e-01
2.518243602175028184e-01
2.784436247956675881e-01
3.034798665171806742e-01
2.999321762631158017e-01
2.527435113115425458e-01
2.848455935068509026e-01
2.963167875401608309e-01
2.701117795828507084e-01
2.848911343956916919e-01
2.248106226080319459e-01
2.859050270569561958e-01
2.725929368531921360e-01
2.546130089738287139e-01
3.053861368181529090e-01
2.705006772205557630e-01
2.786732650111066190e-01
2.985580072549289254e-01
3.010823580412806399e-01
2.919488447123463892e-01
2.976076550699502388e-01
2.971912557126681897e-01
2.884489065663151663e-01
2.585422906036555779e-01
3.051229179814519132e-01
2.638096053823130727e-01
2.985759898465056295e-01
2.803981427291217243e-01
2.877361822459861829e-01
2.767370551107095622e-01
2.938584712789533149e-01
2.815005547501037708e-01
3.036818467506869901e-01
2.875484954252514602e-01
2.787524805997165789e-01
2.890262667623585413e-01
2.439748392356786977e-01
2.959863578897919956e-01
3.036631983837030924e-01
2.724295813650746689e-01
3.000628746735556907e-01
2.866090040885488355e-01
2.898985618499649308e-01
2.632874387753165180e-01
2.578806841762987245e-01
2.868578406745952991e-01
2.812159732607814044e-01
2.285857578898473630e-01
3.047568139344581373e-01
2.714215466056069670e-01
2.732975285080244121e-01
2.299967284439967397e-01
2.333903705814790175e-01
2.801732450357526383e-01
2.963367980458158635e-01
2.473272287661007207e-01
2.912854817573009014e-01
2.765492248360633121e-01
2.587111604522287500e-01
2.995556251590905106e-01
2.701642189575607644e-01
2.560771534098973401e-01
3.046364243871886868e-01
2.970712546246841446e-01
2.595988109916557152e-01
2.684225127305461256e-01
2.469359394597684387e-01
2.961835008038933292e-01
2.721314643046955917e-01
2.436439342460549606e-01
2.273411428131179024e-01
2.916475012104934317e-01
2.585526784268516454e-01
2.941941481126949531e-01
2.665591024295911882e-01
2.994678663908867389e-01
2.881194564238240829e-01
2.909065913837470818e-01
2.624814364383880605e-01
3.053251409169261965e-01
3.034882079613730466e-01
2.845940003611543978e-01
2.677381313818212871e-01
2.889768485532008269e-01
2.791401165922988703e-01
3.041457863430207520e-01
2.698596263765783987e-01
2.923664550402141349e-01
2.641512280506575494e-01
2.866367270616377305e-01
2.950102843262606966e-01
2.880301633002484984e-01
2.990652177653430055e-01
2.646759377830222859e-01
3.006336459090196978e-01
2.963123178661540291e-01
2.894076389342216116e-01
2.948585277702892027e-01
2.963614842414878936e-01
2.560452009106080618e-01
2.827285285814835070e-01
2.705500547974784564e-01
3.039403172802904174e-01
2.848118576688010717e-01
2.709978216955950536e-01
2.989562800864393188e-01
2.956569510309746129e-01
2.808819474963865082e-01
2.832894895578332850e-01
3.034426968722767626e-01
2.603001241906044982e-01
2.798340439657019396e-01
2.213040765560224110e-01
2.640085126919604064e-01
2.537861480016728177e-01
2.768238219155780833e-01
2.422390379645174840e-01
2.655409474175062234e-01
3.033467278903934639e-01
3.042344564175213373e-01
2.559053874971093934e-01
2.977558597564166631e-01
2.994988266580942415e-01
3.043672256156377820e-01
2.665362849064090156e-01
3.051521215156329236e-01
2.964474473999916815e-01
2.684751212208804083e-01
3.018592849082137319e-01
2.978222818847995890e-01
2.678238198532326697e-01
2.836850397492861053e-01
2.148322889397211444e-01
2.678723837834046662e-01
2.601076815596837788e-01
2.646554297639296394e-01
2.712589123256222701e-01
2.820515374370013428e-01
3.053421229026765937e-01
2.764980853638838720e-01
2.368211171955799110e-01
2.766965258309090903e-01
2.818688764826177140e-01
2.929661180389621089e-01
2.934735669025023141e-01
3.024371077712148526e-01
2.867905197329701505e-01
2.526480856005846598e-01
2.660392196094698014e-01
2.845931289871982961e-01
2.516061568081126576e-01
2.889970769313284227e-01
2.829626235019404024e-01
2.327635089224509291e-01
2.868540047664389081e-01
2.837706853274773455e-01
2.528357224245406654e-01
2.850196019782368362e-01
2.744473771609890478e-01
2.785300341121144108e-01
2.512803557929663700e-01
3.000548000399709814e-01
2.116619605740057419e-01
2.588437713741154056e-01
3.033634679244129329e-01
2.624814649419456858e-01
2.862237370472939801e-01
2.819835907797725305e-01
2.608030595678280661e-01
2.703015417134323473e-01
2.675213439999027942e-01
3.050292721623313885e-01
3.046029114000912141e-01
2.277067292380028918e-01
2.842506442297624836e-01
2.683035588072253952e-01
2.930258498761497687e-01
2.509636544656950186e-01
3.001206952940286277e-01
2.827883137068402664e-01
2.896055239888085109e-01
2.988550003310320724e-01
2.956994991428588682e-01
2.410115480534897325e-01
2.838020737032443952e-01
2.977753705814345508e-01
2.655391441409456488e-01
2.908321684255360529e-01
2.877719823573117730e-01
2.597274085096390461e-01
3.030855291515904826e-01
3.037721404528874181e-01
2.973334259603508944e-01
2.805638155512826248e-01
2.926290264128827423e-01
2.943139022709227448e-01
2.561782462555372564e-01
2.848188618240071746e-01
2.900040820952118903e-01
3.022407550209266214e-01
3.052926148513461224e-01
2.744791114064191184e-01
2.990566157378614642e-01
3.038717566365433664e-01
2.696752111147031061e-01
2.798553886551756187e-01
2.531880957607175464e-01
2.811353968795202718e-01
2.567129654393786597e-01
2.741021834216427755e-01
2.880459800455266173e-01
2.840852853724385452e-01
2.917783588244034498e-01
2.158768960323770858e-01
2.180924113100349282e-01
3.045311744910179641e-01
2.821490567351960244e-01
2.951563990276135363e-01
2.733935266940439313e-01
2.843304565594828026e-01
3.044935906908622369e-01
3.020259276244064983e-01
2.527767956243675007e-01
2.399355498631088879e-01
2.964931789304572907e-01
3.030489567294979980e-01
2.381612405389819109e-01
2.990250848850280474e-01
2.829951649699555261e-01
2.718443960445594554e-01
2.435894473891506151e-01
2.812045124297805621e-01
2.844660437922099105e-01
3.037218587886534871e-01
2.757900132708074326e-01
2.977215088151139999e-01
3.017905366737529405e-01
