3.786128336760131163e-01
4.448042012417095514e-01
4.351927347549136016e-01
2.406292291934944705e-01
2.858653931363090983e-01
4.937974456962224146e-01
6.243378422827822183e-01
5.102745881994739108e-01
4.157285219220682726e-01
5.948748327738552222e-01
2.239099698292530971e-01
5.432753754145475122e-01
4.819280882527641197e-01
4.683849573783514519e-01
5.028214297083130058e-01
5.732476945227026333e-01
6.013134258355785633e-01
3.888856584208188472e-01
4.203463529728266868e-01
5.913594915282819331e-01
5.507217772285157853e-01
5.972282065355187797e-01
5.382851979248198804e-01
4.437821222931712661e-01
6.101196361899337006e-01
5.927923566273262113e-01
3.299052031963169984e-01
4.330345519702463175e-01
4.011988191205256848e-01
5.924703905867942932e-01
3.755065972075513070e-01
3.625413687772861548e-01
3.887248730540053820e-01
2.777911108217051561e-01
6.315055276255442385e-01
5.395526308053394393e-01
5.751381032204118116e-01
4.378066280735014582e-01
3.472164309157663165e-01
5.352164170079585226e-01
5.950061002469291260e-01
5.014256364441032066e-01
4.828716736378863561e-01
4.737756608396360147e-01
5.650707788550136668e-01
3.929285787878624703e-01
5.228547812356735269e-01
4.941728472415827245e-01
6.184368068854677603e-01
5.105487640685162365e-01
4.717708908403110413e-01
5.522627668381625554e-01
4.436654667557540788e-01
5.986714399174577483e-01
3.279817109020085053e-01
5.715970958891496423e-01
6.056211761076122357e-01
5.716670053035736165e-01
5.710778190698572176e-01
5.628632029060869346e-01
3.120842093358918157e-01
4.532260906958463509e-01
4.429525533298704909e-01
5.807760355223287041e-01
3.666992957928905672e-01
5.601756352857277799e-01
5.624803529122845980e-01
4.821088586247149199e-01
5.805780066942703987e-01
5.559298631650196887e-01
6.177141124300976616e-01
5.142963188858541423e-01
6.102130991867550369e-01
5.371048147654847726e-01
4.260692939104071542e-01
2.483348363599066633e-01
4.814988928625301146e-01
5.557919606346790609e-01
4.370348709724294345e-01
5.659076840237469153e-01
4.021865580276272611e-01
4.832265538519661119e-01
4.438506403335737427e-01
5.681913773624847064e-01
6.093324394749189965e-01
2.366781910398027822e-01
3.234954828394202009e-01
5.796841865601768395e-01
3.721129089975938053e-01
5.742596247888922534e-01
4.108524741811781511e-01
5.476603684825138707e-01
4.814531680366452848e-01
4.926679673116016178e-01
3.537008462215713855e-01
5.560090773824251098e-01
4.839503287879745597e-01
6.044067990327514073e-01
5.745114948942067201e-01
6.103720784053358051e-01
5.220038388936305562e-01
3.109497053919936804e-01
4.418115162627069825e-01
5.037183995799184855e-01
5.582673168146455867e-01
5.555278021353985407e-01
5.161923292306134226e-01
5.060110974421894170e-01
5.336288004534315288e-01
3.769799723796875002e-01
5.599196087909679154e-01
3.939653426263209357e-01
4.950328129634830598e-01
2.669167855123190103e-01
2.958638772112053839e-01
5.408261320104963410e-01
5.440347559814300293e-01
4.288236974617476993e-01
4.547261051688404887e-01
6.348866351245959772e-01
4.118689480354754684e-01
6.266516640553239093e-01
5.779321201972442701e-01
5.326581786631995330e-01
6.099170878632456105e-01
4.294147556386896936e-01
5.332953902664900880e-01
5.345061127814654256e-01
5.699848127222949534e-01
3.384800745851835879e-01
4.348244885634019452e-01
5.658759697309918568e-01
5.409574431106333181e-01
4.515061820519228331e-01
3.720922686645227184e-01
4.589949521659331122e-01
2.623148507051469291e-01
3.090732088324740223e-01
4.443563590321096268e-01
6.280931431832815770e-01
3.233077993180514809e-01
5.178264552823157452e-01
3.462386922667337052e-01
3.300773336253374213e-01
5.614901840148458501e-01
4.117627350452653379e-01
6.302220501182451695e-01
4.644704147819747608e-01
4.850699556749272223e-01
5.412831860425397768e-01
3.343901452632513926e-01
6.194232724233690313e-01
2.728000587896975415e-01
5.027759714764111765e-01
5.523593185040187592e-01
4.136345874018554358e-01
5.143632394977880606e-01
5.257130481811000955e-01
5.521269567409853307e-01
6.067373998938715429e-01
5.616203538519770611e-01
4.785093415501006087e-01
5.789160125147331248e-01
3.914489550541306873e-01
6.055339241813959550e-01
5.175989195550697586e-01
5.555369834458856459e-01
6.028774050276869412e-01
5.348801669140750281e-01
2.054411902448610716e-01
6.319355897768015318e-01
5.749661402431728296e-01
5.121858795263155573e-01
4.911396354112930185e-01
3.115120529481422706e-01
6.038629645087080222e-01
3.658258035923037110e-01
5.719092680973558718e-01
4.542580615574099423e-01
5.615050981828376697e-01
6.245420730616284555e-01
6.215116109225177210e-01
3.945219057858953549e-01
4.878368061781403475e-01
3.879365139239475679e-01
4.120230557318138032e-01
3.093501221514143862e-01
5.802714816771163964e-01
4.796970600820834041e-01
4.301719704049911663e-01
5.074644040538279777e-01
5.950202055630974263e-01
5.647170789222925036e-01
5.932668027202914196e-01
5.692855002637380313e-01
2.532387622675755234e-01
5.335179511056845625e-01
5.566361445324141677e-01
4.417482841176663122e-01
6.025860664664077770e-01
5.664249230059755780e-01
6.102233099698346486e-01
5.214131436752384996e-01
4.494551615903699116e-01
5.273548489947156304e-01
4.545159777941609747e-01
6.235179303777967919e-01
5.716856173689555121e-01
5.395487985323448310e-01
6.078398686720987154e-01
4.264305819540038511e-01
5.996868792939099579e-01
5.782857216892272056e-01
5.800628455684064821e-01
5.008003878072672110e-01
4.577515530756335882e-01
6.341884550027850898e-01
4.368347523115627684e-01
5.969707098287299063e-01
5.354451980005749956e-01
5.172907168177338644e-01
3.743924506625116999e-01
4.292746176413306802e-01
5.556836322167945097e-01
3.719483175819319754e-01
6.200304204252437001e-01
5.198209839183368652e-01
2.916355621407934473e-01
5.009492359511026338e-01
4.648283727050094294e-01
4.222849569886475418e-01
6.219204149716263119e-01
2.610638177685036254e-01
5.237406920428333557e-01
4.361244204310520400e-01
4.117469224605093681e-01
4.019561745137404940e-01
2.615924366322011085e-01
4.582804155608803942e-01
5.992987687513607886e-01
6.113774482438898428e-01
2.783883374514692921e-01
5.701695128410128044e-01
3.065840248192743811e-01
3.464253160091670947e-01
5.577732368384512585e-01
5.937686024652489847e-01
4.267579514304927213e-01
5.014999079893063261e-01
4.866482257582483428e-01
3.297660622338576819e-01
3.567532771412548209e-01
5.645027690232680140e-01
5.964948040239412830e-01
5.150612716157031423e-01
3.725645399509635025e-01
4.953367461818276585e-01
6.187307460418270955e-01
5.042298794569877174e-01
3.446681453382786087e-01
5.717701014009473059e-01
5.705732986449851829e-01
5.616789568496347584e-01
3.101551678017348546e-01
5.593984956649958873e-01
4.099251682117197593e-01
3.557718464856670093e-01
5.626825160940551740e-01
5.083101114773206364e-01
6.309050925011253641e-01
4.523903236826625207e-01
4.052956864647688229e-01
3.478638677821919711e-01
5.825032096368756296e-01
6.069188414154116362e-01
5.795429333671576755e-01
4.613806335957081339e-01
5.563398730604821596e-01
4.509901203550146231e-01
5.176794039047892815e-01
5.303176341789886949e-01
3.910294251143561772e-01
3.611786381336287155e-01
5.953808895746608432e-01
6.205433861314951782e-01
3.164026486389659998e-01
4.340551521628152054e-01
5.459281300539088333e-01
5.828775365635656680e-01
4.567461813765746337e-01
4.832949930134893823e-01
5.455721353889321223e-01
5.522451780183420533e-01
5.344255494214069646e-01
3.958308211044135883e-01
5.539394448705766694e-01
3.414516462296409705e-01
4.382952720297515481e-01
4.781324280442134089e-01
5.424266428239266080e-01
5.589333069765226591e-01
4.158495928640087436e-01
5.115159696591178307e-01
3.112666703931506462e-01
3.488953988198475464e-01
5.464722174776328600e-01
4.066087312676858745e-01
5.385582489359552749e-01
4.902177566049168433e-01
4.761552156099826405e-01
6.235472676094750977e-01
6.131195846781642977e-01
6.124684626112527619e-01
5.039279595694309277e-01
5.545023097844810067e-01
4.790580914267729695e-01
5.904590892748308173e-01
2.288173667568582925e-01
5.567030002240841435e-01
4.029005988012154815e-01
6.100749634429977197e-01
5.089463344049982574e-01
3.344463387588303971e-01
6.109875190886260299e-01
5.320984705716376162e-01
5.474827986336857633e-01
2.120066531190639980e-01
5.853271368461571145e-01
4.815539409773693658e-01
5.593377003874028253e-01
5.085271445081885888e-01
4.800494219576112442e-01
3.296881507136246170e-01
6.020146531250906152e-01
3.038078329630919949e-01
5.945978193110489363e-01
3.477725571319705833e-01
4.689555026236638113e-01
5.556710246659540831e-01
6.044888782015039874e-01
3.524670250434376872e-01
5.642156849820995079e-01
3.198476866911207916e-01
4.953185748642963682e-01
5.406468430916119283e-01
3.530977260977241627e-01
6.319075010405764692e-01
4.210130795168883777e-01
4.346186988484078695e-01
4.950100100668045622e-01
3.875050726394670964e-01
3.933662617942020323e-01
4.962330027603967797e-01
5.774439521799586972e-01
4.916479265606438775e-01
5.433398793412743677e-01
5.314338082671122843e-01
4.872786357641713528e-01
4.831307619335624692e-01
6.192868703533422892e-01
4.664352379584795205e-01
4.709914175494602784e-01
6.137506987816437887e-01
2.897602024607821569e-01
5.883493859706564466e-01
4.034686704907103905e-01
6.179855090328547629e-01
5.196426738334626316e-01
5.806414473120531383e-01
3.493900904859142398e-01
4.373137068623274559e-01
5.581083544907554650e-01
3.992889561169640777e-01
5.230299793600121649e-01
6.136448802885956511e-01
5.991201449607650442e-01
5.975870465252134389e-01
3.515649164005862914e-01
6.124251409090309961e-01
5.298622503682164364e-01
4.516278451707543273e-01
5.651536600127454735e-01
5.406055614578503254e-01
3.526678738325393914e-01
5.925094315119020516e-01
6.269202273737775055e-01
5.815301406564041820e-01
5.773704710135360019e-01
5.970479526928489378e-01
5.036509421090543670e-01
3.572997261120909318e-01
3.996524578938986938e-01
4.795291050357871065e-01
4.993496228675403104e-01
5.555822682586314398e-01
4.956048837195077272e-01
5.268996719172022170e-01
2.937247575185794601e-01
6.133609763010232641e-01
3.750199090155734161e-01
6.227677627378540581e-01
5.526698228737773055e-01
4.168295941970474039e-01
3.609310614417985397e-01
5.257881181429382433e-01
4.194862412637768156e-01
5.818384400300715686e-01
3.061641811613873831e-01
5.830620804820733083e-01
5.417199272777248886e-01
6.326899512688678451e-01
5.561287996361552466e-01
5.221938185658370202e-01
4.669061435667686277e-01
6.269921693884040748e-01
6.155962143755528970e-01
5.672989485336690230e-01
3.347362114093266894e-01
4.762393369264134035e-01
5.404164000518829614e-01
5.589626103793188250e-01
4.359621765209326094e-01
5.912070666333394398e-01
4.740280568282517759e-01
5.772282832108344142e-01
4.525356794631150148e-01
3.080129757237005106e-01
4.401044314375865407e-01
4.918784617361048328e-01
6.244142014425227982e-01
5.860045313020701974e-01
5.464914288360068761e-01
5.973006866587373676e-01
5.153303829629264365e-01
1.665623014962245574e-01
3.930580321378279174e-01
5.245027875420100738e-01
5.152760216448256658e-01
3.478856161151834825e-01
3.740641621161101549e-01
5.667872909604173559e-01
4.631785495555005294e-01
5.789382279210267823e-01
3.701968481473647543e-01
6.277371724902831573e-01
4.294932368469147610e-01
6.313635883878710997e-01
5.699761029487665498e-01
5.780069139500503272e-01
6.106265020729930715e-01
4.484977227519876264e-01
5.120438077242124297e-01
4.440932179127940471e-01
3.598879340910390856e-01
3.931100798844525124e-01
5.388898867229893197e-01
3.822009614512371645e-01
5.857221637007988813e-01
5.643070441160262796e-01
5.183526336333516005e-01
5.276619331867832274e-01
6.277034319420771169e-01
3.745551649042724862e-01
5.844390299235970865e-01
3.382662005310260733e-01
4.954817259945731300e-01
5.308451054829063098e-01
5.692592951942335722e-01
4.488295542866930221e-01
6.188700312646213675e-01
5.826204626125752739e-01
3.470814949312338582e-01
3.765445379962852890e-01
5.491591537840638804e-01
3.717042816100329938e-01
3.717966282786210885e-01
5.810052646336670845e-01
4.197026820912844181e-01
3.343826429948950074e-01
1.868792575245146470e-01
5.878493721419203455e-01
3.975149272445286375e-01
2.814328584162614222e-01
5.168263045301714209e-01
5.741163814555989564e-01
4.181884680573545454e-01
3.815716614195451828e-01
5.787586785250062871e-01
5.510371621946744680e-01
5.102510686398805673e-01
5.213188843048526255e-01
5.710701161685254323e-01
4.738796271652775949e-01
4.810575767693721638e-01
4.923528329826731276e-01
4.518984639296680927e-01
4.087410949017672990e-01
5.935601259559968312e-01
6.043724747186164370e-01
2.933240219889925449e-01
4.354838199746723926e-01
5.823096126968585473e-01
4.305531019840658224e-01
5.651159414861330887e-01
5.049080023317309429e-01
5.496686432914696940e-01
4.884360769194517338e-01
5.778111848075467849e-01
5.880614300742734724e-01
4.697112729459565483e-01
4.946022896923463752e-01
5.381121967022708397e-01
5.962733903828524307e-01
3.091059219630913901e-01
4.791881716499405974e-01
4.590511071117341357e-01
4.144744384342931021e-01
5.323960507734865066e-01
4.109713164675410924e-01
6.209813139376750835e-01
3.414963345262767014e-01
5.298619070038023127e-01
5.750846135125936565e-01
5.600130834102674537e-01
5.427540934953449803e-01
3.333372811889404597e-01
5.693988845590270964e-01
5.775285609133402609e-01
4.815951660731867534e-01
4.416960854732222552e-01
4.271337003037092295e-01
5.028482801288636228e-01
2.433550762144465474e-01
3.841907120155073074e-01
5.292589101186505607e-01
5.511270699402780471e-01
2.023823564867870684e-01
6.290026237125666553e-01
5.946582965880431448e-01
2.560348063919120065e-01
3.200626114622381890e-01
4.547785758052635408e-01
5.790951459673177038e-01
2.964464837731495273e-01
4.389097878607273184e-01
5.940673908442658524e-01
6.085156241920048892e-01
5.598169683914203665e-01
2.408362863724636538e-01
5.300884717022010806e-01
4.621879563450821959e-01
4.430730578074603132e-01
4.886084112278600844e-01
4.091549785150536689e-01
5.397507363439305594e-01
4.876474594085484227e-01
4.703073392356014182e-01
4.287457162050993809e-01
4.962166087799050884e-01
5.790448216312902296e-01
6.025775473835097706e-01
5.302578412710755584e-01
5.775227200935865168e-01
3.757546500953992674e-01
2.927518880853595129e-01
2.927667586947942935e-01
4.936748272369577695e-01
6.205925846329698459e-01
4.681031803385536927e-01
6.302619974918327594e-01
3.391226460645310747e-01
5.616196280913074990e-01
3.745903707920906767e-01
6.300272631769262555e-01
4.340032400408070923e-01
6.301720774263138702e-01
6.305044727450742625e-01
3.002622345310122509e-01
6.343965714499947284e-01
6.022296868074793474e-01
3.945615547470914253e-01
6.110766767131931010e-01
5.611802338600548890e-01
4.804918831826624492e-01
3.499932358168036384e-01
5.179216906577742696e-01
5.903224664770501118e-01
4.282110904548681041e-01
6.095561050988452800e-01
5.084104527284731834e-01
1.722834800338302053e-01
4.600075785535982509e-01
5.491664626217646061e-01
4.133703674736413092e-01
3.851729685044892326e-01
4.942662373773078488e-01
5.915570168473874846e-01
5.713011183965520656e-01
1.872637824274281104e-01
3.948558278529027410e-01
4.754898616764477448e-01
4.408891903291416448e-01
3.212753155955023199e-01
6.318958775190960386e-01
6.274967210756249303e-01
3.753333628230824948e-01
5.923329214579714508e-01
4.159274734198657453e-01
3.708984013836836291e-01
5.957748038954062686e-01
5.390470196699908012e-01
4.042842590458016749e-01
4.819593783064965442e-01
5.577603658121839114e-01
6.196908446917375191e-01
6.187212345854349316e-01
3.533774385736964674e-01
6.129682500152363600e-01
5.884721230836492678e-01
5.013408893454310844e-01
5.942799373935320206e-01
4.874148543424403623e-01
3.945910231589217498e-01
5.861978272930414846e-01
3.286910739437593487e-01
5.890080666880457283e-01
1.382561671976822171e-01
5.196328383946476892e-01
3.627740773063705126e-01
6.182888854943480172e-01
3.523822274462374837e-01
6.203079905804712579e-01
5.052953242611130102e-01
5.467641092080914866e-01
5.069123610684183046e-01
5.503574579396151023e-01
3.118766990392491389e-01
5.922763827594296204e-01
4.852030613227368283e-01
3.829115236986909143e-01
4.597915756729126779e-01
4.603461879623393926e-01
6.346654557719020318e-01
2.563171835332518911e-01
5.943114420535429154e-01
3.863066800785349142e-01
6.242714241320888036e-01
5.678750497730705726e-01
5.566063345079610425e-01
6.170601556050019365e-01
3.047158398648185385e-01
3.550025850505463820e-01
4.702353804172458851e-01
2.083330106499576562e-01
3.980082178398267057e-01
3.222748242722618395e-01
4.097334825260795510e-01
5.233019452595611964e-01
2.977325117578890623e-01
4.267076880884582701e-01
5.617078988273516149e-01
2.241031132895413003e-01
6.096245306100228634e-01
5.999960932897676624e-01
6.190388963595104821e-01
6.262557380451859723e-01
5.100938201940835581e-01
4.629799707745670401e-01
4.916751387655338701e-01
5.421834773729673485e-01
5.871340275345117155e-01
4.569074669760527785e-01
5.063789435262918692e-01
5.677041985313617811e-01
4.104685765152173427e-01
5.994176471133766393e-01
4.522032304530989033e-01
5.239711106051218037e-01
6.343923696512950849e-01
6.199322285088325613e-01
4.391750458075929786e-01
5.778394897904370886e-01
6.326237142801880431e-01
5.895399908886875817e-01
5.832764824677783011e-01
5.693840626863729826e-01
6.109713423152109968e-01
6.249443669970694559e-01
6.016822975833830967e-01
6.003176699472382305e-01
4.375630618802429095e-01
6.082493961877969424e-01
2.034984799811659362e-01
2.112719971182830114e-01
3.425828280433332318e-01
3.560054202556651726e-01
5.306120710514157235e-01
4.958244898439162496e-01
4.740973237059283862e-01
3.451826503674340629e-01
5.825763361496235637e-01
2.900200944730222385e-01
3.789241671477766027e-01
5.893936802478502157e-01
4.314453622375429287e-01
4.636987446434217008e-01
5.264962658958278752e-01
3.645093238694643301e-01
5.368364710827284725e-01
5.866387386753301181e-01
6.325903462012717471e-01
3.180379575557198413e-01
2.578461729150121617e-01
6.215327949431628252e-01
4.870933196671399235e-01
2.722748615091533098e-01
5.935938731437503391e-01
3.547361829962305535e-01
5.772167397319906135e-01
4.480000706123989374e-01
5.971963322828262033e-01
4.867675127841079030e-01
4.630080410236903088e-01
5.462528778423110243e-01
4.590750663425892664e-01
6.029493212416013881e-01
5.574185223678654877e-01
4.602099884860723633e-01
4.482384189389872486e-01
6.187952354684141953e-01
5.351510353374010487e-01
4.402102569149144440e-01
6.336194956764878983e-01
3.799774914936624448e-01
5.134507634308350665e-01
6.341722154788064225e-01
6.183035160252960960e-01
5.982842553749032621e-01
6.149217829920793355e-01
6.123617082040134774e-01
6.148646581797819755e-01
4.257290055978493193e-01
6.147582160850277866e-01
5.453920753598553439e-01
4.195553547292877328e-01
5.041671199244810442e-01
5.632364143964797565e-01
4.841501761627246547e-01
5.344635096430890853e-01
5.100294647768093270e-01
5.914154722701261413e-01
5.559485182998726849e-01
5.525368156038006351e-01
5.439389128988519895e-01
2.308269003910412009e-01
6.178534788765781549e-01
5.476404179806214634e-01
6.048508311838527440e-01
5.989039447959252360e-01
4.700581100141929536e-01
6.065558593063001824e-01
2.579266082856558895e-01
3.686169707791381867e-01
6.142417513289830655e-01
5.644779536571762346e-01
5.587019243982191963e-01
5.936978007054152240e-01
5.529969527391199735e-01
5.588717215161836949e-01
3.191267824511213602e-01
6.229476904678200588e-01
5.055436375092152712e-01
4.099825615843748494e-01
4.498874345569385813e-01
6.021718077807828307e-01
4.265594874440609696e-01
6.319666638133649705e-01
3.500660462861551747e-01
4.937458387331996601e-01
2.245895225036422804e-01
6.018794341231344935e-01
5.673799548807099136e-01
5.760867087656992291e-01
4.019227992207058953e-01
4.025320900115191280e-01
3.717023970278751088e-01
2.888597486326089370e-01
3.972940399673202672e-01
6.287573765770098078e-01
3.455674303898694233e-01
5.782037586014135977e-01
5.942906259303174510e-01
3.532196367601494469e-01
5.306031613854380602e-01
3.720894781528022444e-01
4.182116031463147254e-01
5.102327347281029324e-01
4.740806682151544882e-01
5.700261989340758007e-01
3.854946970500869874e-01
3.924769087002909496e-01
3.805297915674881737e-01
5.086454443555110672e-01
4.782036311769770620e-01
4.983295030687955873e-01
4.976871011950586565e-01
4.782901806777324905e-01
5.165909906094072745e-01
5.933837221809615814e-01
3.322425127849867321e-01
5.386300716859074855e-01
3.391517965667072421e-01
3.901374428222489921e-01
5.906982439131830409e-01
6.016202837921708069e-01
2.891384595944858638e-01
4.093595484837459497e-01
4.124321530710265415e-01
4.777971021756007297e-01
5.922728361620440696e-01
5.375726310874681113e-01
4.523537262345966314e-01
4.166278316919080904e-01
6.119485137540838782e-01
5.204300961432947181e-01
3.050488473605543760e-01
3.525298968600777405e-01
6.139443107216446815e-01
4.922645120104984229e-01
3.423685471959562188e-01
3.655550977588872819e-01
3.642563128915199400e-01
5.291256373321920892e-01
5.575916981157248431e-01
4.218492580145585258e-01
3.219588724309332961e-01
5.573730170675541551e-01
5.847120196445867446e-01
2.233898507484470553e-01
5.909278995145702540e-01
5.071008677904922379e-01
4.964594128816917640e-01
5.547614846797529475e-01
5.581802726392057767e-01
2.920613744408161461e-01
5.643893254457320596e-01
3.605222001259916764e-01
4.166339514458911042e-01
3.347705518436383532e-01
3.002909634482392454e-01
6.115300647155570424e-01
5.737531857220770082e-01
5.052445800072278281e-01
6.245509118265013537e-01
5.865649945235679175e-01
4.058801173688806330e-01
2.898003003105240061e-01
2.702220044841747715e-01
2.064334683987970043e-01
4.763213741719212191e-01
5.937110156687183116e-01
3.957592760615978866e-01
4.719859374031558641e-01
4.821488386087785516e-01
5.205072632692948620e-01
6.117753130555303454e-01
4.708063135121068887e-01
4.201708861062402045e-01
6.305801953332260679e-01
3.549167557962938924e-01
4.461750072191850713e-01
3.744175121403541251e-01
5.304481038673602988e-01
5.345783753342536748e-01
3.989332054544695860e-01
4.448738957650934522e-01
3.780680018504447015e-01
3.028077764469072619e-01
5.845076342008483916e-01
4.887349600614133704e-01
5.142840854829707764e-01
3.566049234746982433e-01
5.371820458401045384e-01
6.331072082663143918e-01
3.903446106456862630e-01
5.973351672458039330e-01
5.144310361371229323e-01
5.776775302276021540e-01
5.581340935236792644e-01
5.370091251999965509e-01
5.942237834369774596e-01
5.636096435642571345e-01
5.120248472581125920e-01
5.137441883991005209e-01
5.914765361738714144e-01
4.567442544002133786e-01
4.394602279183489890e-01
5.113430152266169593e-01
3.683327065786330956e-01
6.198522094312298725e-01
4.649347513352283245e-01
6.339708211989536490e-01
4.730014974446798970e-01
4.913429757259954456e-01
4.653982449555539302e-01
5.005665009862602099e-01
2.655815265327800545e-01
4.631190751731762978e-01
2.928423456441467954e-01
4.864011303618399062e-01
3.643049029569537245e-01
5.777592568996186007e-01
6.306164519384965805e-01
5.560452062327216893e-01
5.587250781260917343e-01
6.178664303057661566e-01
6.314709104357266733e-01
4.532670724150141828e-01
4.217961541193602226e-01
5.608340667567750515e-01
5.600076449002153733e-01
1.599927339733414056e-01
3.372606185420666258e-01
6.117150690390961154e-01
4.069797472506467839e-01
5.874958456468331036e-01
4.627876888729433591e-01
4.928377721731061478e-01
5.001941464180750252e-01
5.387160836386398755e-01
5.463191230600152881e-01
6.255946416496157569e-01
4.022931630830960392e-01
5.268884664120319083e-01
4.666826722613170442e-01
2.260514293976354783e-01
4.378738288926166677e-01
4.581066095675550010e-01
3.404589596370268256e-01
4.949852674361800431e-01
3.817001220080783463e-01
5.066260916174706308e-01
5.062238314866600586e-01
5.489672409336143755e-01
4.290126044711889408e-01
2.772290036071722863e-01
3.493387213805885794e-01
6.041369904599148688e-01
2.176501150841644583e-01
5.990900129245461114e-01
6.193116659262414281e-01
6.088683070811139464e-01
5.375494872762541787e-01
6.065095030313770730e-01
6.104177681566179681e-01
4.196802953780220946e-01
2.425054219121270949e-01
5.802189503876709065e-01
6.012121205441125493e-01
5.724878626244083168e-01
5.951391665498136918e-01
4.483775557745995899e-01
5.002816921914696735e-01
3.079839923985577266e-01
3.550557484919876217e-01
4.145062499829443303e-01
4.985785821332247569e-01
4.573191927945561286e-01
6.241594759331440256e-01
5.884108917743590128e-01
3.410298343100848228e-01
5.458916887404897667e-01
3.436229807043063578e-01
4.160671290891299057e-01
4.417073177379362003e-01
5.606014178813489846e-01
6.144239770640236298e-01
3.807172591796540995e-01
5.263135163826949681e-01
4.877235539901947359e-01
5.602644059935099063e-01
3.592566489544974928e-01
3.546988487505257637e-01
4.587885213758930436e-01
4.786676526350530647e-01
5.393934799874845476e-01
3.465238829412857213e-01
5.102374844816855992e-01
2.808372351791200150e-01
4.424314951939889440e-01
5.342681827841623265e-01
5.709896136904706321e-01
4.293553850824792240e-01
6.016802740206095290e-01
5.203212247896173981e-01
5.074320305354241833e-01
6.240715830413151588e-01
3.301039792019590524e-01
5.126321368310894355e-01
5.880497319303509274e-01
