2.158983825324633787e-01
2.195232900346602289e-01
2.313834641367281120e-01
2.192466273022093126e-01
2.113316895669963835e-01
2.497040439033093306e-01
2.365231658636675061e-01
2.372963063371296699e-01
1.478155864093707028e-01
1.815518596345890856e-01
2.020385867042970851e-01
2.539815987765459693e-01
1.802236900819400023e-01
2.397161252631428707e-01
2.408372502582572516e-01
2.378326837304732544e-01
1.707827921543319805e-01
1.700148247106138544e-01
2.511812283320744577e-01
2.431835701492301716e-01
1.853148274901259274e-01
2.316162998142879403e-01
1.901797021883588901e-01
2.310408334582370604e-01
2.480280730106156628e-01
2.327761162792305882e-01
1.942531763167021919e-01
2.306643338012052680e-01
2.137037635419649084e-01
2.579226893632171058e-01
2.544907683930026088e-01
2.258334845206637631e-01
2.590691488714864654e-01
1.854814101759442724e-01
2.359979937220623436e-01
2.589549017582061796e-01
2.447072053286186433e-01
2.417272643621962702e-01
1.772085327588386883e-01
2.497483524383574405e-01
1.878533804672968266e-01
2.040736229645569166e-01
2.344307683540966525e-01
1.767290998644185929e-01
1.972735194952192073e-01
1.942804220185184449e-01
2.318603825118160100e-01
2.072896384163228078e-01
2.430486410798022023e-01
2.069479947107975837e-01
2.008842450898498389e-01
2.394947425262005658e-01
2.577161342643747854e-01
2.377594915451683999e-01
1.924915287253287921e-01
1.965735584854985396e-01
2.590013218706975762e-01
2.079186683759236820e-01
1.885291250066097601e-01
2.582206738168769666e-01
2.561210755398446448e-01
2.421281417803620994e-01
2.552966354577573815e-01
2.214073758491540977e-01
1.893486455690981396e-01
1.695038589695410103e-01
2.414687203577192132e-01
2.146793290101626228e-01
1.903289213091647614e-01
2.311569988493173688e-01
2.408331686611460687e-01
2.291704537564248911e-01
2.232129183486121216e-01
2.559749153932969201e-01
2.212669948456623681e-01
2.374364850778435954e-01
2.314777038171603185e-01
2.313480528380897072e-01
2.580993738625078082e-01
2.328993197872595566e-01
2.221538631340076175e-01
2.254971639514931347e-01
1.344186507146720722e-01
2.524349292904992659e-01
2.566744285770369283e-01
2.320405135542369934e-01
2.553332937173703465e-01
2.366439331616523312e-01
1.954698575470339705e-01
1.466089203069977087e-01
2.063104371657429048e-01
1.971934853017849321e-01
2.398767000210992317e-01
2.438081233635300826e-01
2.381109039976095354e-01
1.412872873469289137e-01
2.551772591933068601e-01
2.161499664681968969e-01
1.623289220754933482e-01
1.964883093479252718e-01
2.169037274737403709e-01
2.233675655138349370e-01
2.557979885701757716e-01
2.173977408770569331e-01
1.982823933442648956e-01
2.161404009626042844e-01
2.074679066102604053e-01
2.488973290912465386e-01
2.410004010497298621e-01
2.520259777816388214e-01
1.801726825705303736e-01
2.388551983609634721e-01
1.893830629247588437e-01
2.418749461392069311e-01
2.545914669433849142e-01
2.125006026257033054e-01
2.429936142942148158e-01
2.188527546734327367e-01
2.556406470432364131e-01
2.550637136630188317e-01
2.326434293321643920e-01
2.573571919500850513e-01
1.823779591305518255e-01
1.948482969541945886e-01
2.361775529362711290e-01
1.874341832833735788e-01
2.209512646463873409e-01
2.355378470201861807e-01
2.320577291316499313e-01
2.549423178197504081e-01
1.965564669969082079e-01
1.755302307111227533e-01
1.948116735138432920e-01
2.307057716883505472e-01
2.381648418378118359e-01
1.805767004889353988e-01
1.626919376344498347e-01
2.043636270151570900e-01
1.813963905322549530e-01
2.587566160208414345e-01
1.730686001727186618e-01
2.034059038290066401e-01
2.119148060080443263e-01
2.404988918419692090e-01
2.471506135209391997e-01
1.933492194575801015e-01
2.176788504042996286e-01
2.461272069582692013e-01
1.748473725970006998e-01
2.464479907157145766e-01
2.485808071239502259e-01
2.179947741137540362e-01
2.398764014422626323e-01
2.099523977424065935e-01
1.706445149130829120e-01
1.800833295622072949e-01
2.221536670087222998e-01
2.468879391795721356e-01
2.137462043297350123e-01
1.673397574002572219e-01
2.469954559274798178e-01
2.133855903615365368e-01
2.548745270107152239e-01
1.600758951636755967e-01
2.155634214587032194e-01
2.273222373038717992e-01
1.659015994229279534e-01
2.532628647449592929e-01
2.425608522910640552e-01
1.856060079918786243e-01
1.948276883443873508e-01
1.907472268208704747e-01
2.232571085940555089e-01
2.359195802875731496e-01
2.121552029448047216e-01
2.183329694942811594e-01
1.568867360085865192e-01
1.887378224211922750e-01
1.893071134646736320e-01
1.865321104169852251e-01
1.531952161915826338e-01
2.395162597887923461e-01
1.667873307648071179e-01
1.750122163602827463e-01
2.405934280274630299e-01
1.857388017694219795e-01
2.505949193189003221e-01
2.585456930850539292e-01
2.350048206011426388e-01
1.810355306661168007e-01
1.656097953613196450e-01
1.867883087214764759e-01
2.251271623259000487e-01
1.976397863817643819e-01
2.347156137791250319e-01
2.482889168632937960e-01
1.849179641001885144e-01
2.280517971369382113e-01
1.938406066745488043e-01
2.152179545128961036e-01
2.434181379477203810e-01
2.475218842276682152e-01
2.564410739074214907e-01
2.116795877478117593e-01
2.583047398877180156e-01
2.301112770314183709e-01
2.559498968866313895e-01
2.386243547889231043e-01
2.334113891466077506e-01
1.994218998629995465e-01
2.053060372001122846e-01
2.345895019358108236e-01
1.936417028957545805e-01
2.587941399712029300e-01
1.634485766859248290e-01
2.277167193152627722e-01
2.398287851224968625e-01
2.562038372732247660e-01
2.209281098370935170e-01
2.041100827521896421e-01
2.357651458924169829e-01
1.978481685638266430e-01
1.853054452063242763e-01
2.469122327883161438e-01
2.472542028170997830e-01
2.304596528237001507e-01
2.090287608950643639e-01
1.260729791246414933e-01
2.320349332809034382e-01
1.581905017657195822e-01
2.339905550941248635e-01
1.977639615145959373e-01
2.384732331894560409e-01
2.435849676804936470e-01
2.277654372438611130e-01
1.626390804473010210e-01
2.189323418911036656e-01
2.225301304519965717e-01
2.385650254332691844e-01
2.553020474756588221e-01
2.244188137482917567e-01
2.437431181814717629e-01
2.566293899184905469e-01
1.858165438398496072e-01
2.198821017680680223e-01
2.570065088597174863e-01
2.149121605352929121e-01
2.029641418252779439e-01
2.479829477564981510e-01
2.537804392933333819e-01
1.846425430071642615e-01
2.246799452873197711e-01
1.646865913617134025e-01
2.581596254235193344e-01
2.379442768381301587e-01
1.742321382878584957e-01
1.454511588496587016e-01
1.326678660101467400e-01
2.120408943517052003e-01
2.445325743614992220e-01
2.588677902521135943e-01
2.221905531911064213e-01
2.582181427997888301e-01
2.261002509850582320e-01
1.838469909188882867e-01
1.905822126885191037e-01
1.882829786598433919e-01
1.927398663470195339e-01
2.245459952704395579e-01
2.426957597998872229e-01
2.466118053221007245e-01
2.516166647006515822e-01
1.452611114281633642e-01
1.937255505272936495e-01
2.240448957453947676e-01
2.203887824533921347e-01
1.949863342151902101e-01
2.576672607982475882e-01
1.314401963660211947e-01
2.522144508344227321e-01
1.991580522273763976e-01
2.163126892806334356e-01
2.270868095694610067e-01
2.268618010890726677e-01
2.327722051083818133e-01
2.537009814657845697e-01
2.468227060812612783e-01
2.585109051461319529e-01
2.293807038000840459e-01
1.132698844581893349e-01
2.512506806513963853e-01
2.496980770986336751e-01
2.259725398125723150e-01
2.424193549572900563e-01
2.378138040838315148e-01
2.263366484985335769e-01
2.457164564071932511e-01
2.273462924770367211e-01
2.581994779070503898e-01
2.204503729685530211e-01
2.300367653464708007e-01
1.437094115438661002e-01
2.238637087830996353e-01
1.780097327668952456e-01
2.327427181712190263e-01
2.507311812315008992e-01
1.555584715636060544e-01
2.026618018080737771e-01
2.091440207175052912e-01
2.537524571304566878e-01
1.502993400652841149e-01
2.507059301847492372e-01
1.782188583767012613e-01
2.280749058218982661e-01
2.502058808829406011e-01
2.590772899046636657e-01
1.575931988149460172e-01
2.060324563988870095e-01
1.978989723845651638e-01
2.305702116745914632e-01
2.230788958362287799e-01
2.072976053819553244e-01
2.581258880510414744e-01
2.551303032070491028e-01
2.223713345170567068e-01
2.184772436517551930e-01
2.500462901448812225e-01
1.732003628242459736e-01
1.896522373755311075e-01
2.312768351140896128e-01
2.343293551285290655e-01
2.170704174072536075e-01
2.109212310424851411e-01
2.461797767153854344e-01
2.267513608791480728e-01
2.456634858896964702e-01
1.859831239566184513e-01
2.311269933580512304e-01
1.962539696613551099e-01
2.211981657594158379e-01
2.248543646678643204e-01
2.442826162472185036e-01
2.343964449591265375e-01
2.317801299759889855e-01
1.909862934917848920e-01
1.364641680697205595e-01
1.941673802583407382e-01
2.531678199643306315e-01
2.415914156854601369e-01
2.296125718901990131e-01
2.479860705696071144e-01
1.771026133642715772e-01
2.589157129986757178e-01
2.250949783889248934e-01
2.466448588130024655e-01
1.343049920763162708e-01
2.180308138025513487e-01
1.854070226802200239e-01
2.026492334221280389e-01
2.450505798560960735e-01
2.557171322462129526e-01
2.084528562032957333e-01
2.542821252626262241e-01
1.999566891952511138e-01
2.444197176067454402e-01
2.037062937243701577e-01
2.332311582360503122e-01
1.830357113968405780e-01
2.330717721188778624e-01
2.214679154351164025e-01
1.507791533922336336e-01
2.552390491109430282e-01
2.551630856721190388e-01
2.588947506769982976e-01
2.090675711519683344e-01
2.178696817956872755e-01
2.471836563579400958e-01
2.574594727908123271e-01
1.832653796044110273e-01
2.550858146688383954e-01
1.970556160010043245e-01
2.173383894616144896e-01
2.408578099501754999e-01
2.007148915501694997e-01
2.060410136838526640e-01
2.202607949402246024e-01
2.353540938425212614e-01
2.366522588903650082e-01
2.245265610707315174e-01
1.452996630565194514e-01
2.439308352522991941e-01
2.222099808914709262e-01
2.446428985992092076e-01
2.026194110202221288e-01
2.363353787353331958e-01
2.302999400943328834e-01
2.562220364623076230e-01
2.112546879245499887e-01
2.310790594099864370e-01
2.338285397800455856e-01
2.164514817922329193e-01
2.552835961603546755e-01
2.125526445248864527e-01
2.102416510144493322e-01
2.135841138411323503e-01
2.051468026158873581e-01
2.549928086066297062e-01
2.246642082838631593e-01
2.528358431424539976e-01
1.888057864952505938e-01
2.427641458076019165e-01
1.800385511118129944e-01
2.209851681535410506e-01
2.266345241888306494e-01
2.571896115982382214e-01
2.268683193900933037e-01
2.220633286630792624e-01
2.334453369236162423e-01
2.570624369959547129e-01
2.369830105335907489e-01
2.264725101062667056e-01
1.884676470620113842e-01
2.146585000576418378e-01
2.480820447253245520e-01
2.256848043401935844e-01
2.206926379300567231e-01
2.429255797739612588e-01
1.890142063230651759e-01
2.384392723758229915e-01
2.273166141547846575e-01
2.011233612716172570e-01
2.406832681767986648e-01
2.242331277553215874e-01
2.387657047287064516e-01
1.904366883623244966e-01
2.157747534861880201e-01
1.739460507389735677e-01
1.619875375972904541e-01
2.551439932448924530e-01
2.563195600145269371e-01
2.294285966792257991e-01
1.898435351546226280e-01
2.069802724401709204e-01
2.225175173425825159e-01
2.269823940945348839e-01
2.303376191279025709e-01
2.021750182323541756e-01
2.559227011415797226e-01
2.294839738218376057e-01
2.018003280551981526e-01
2.580161148605593091e-01
2.470727334640038519e-01
2.451062811369415229e-01
1.483451814355641607e-01
1.771155457960934820e-01
2.398948412298577693e-01
1.769559303050348698e-01
2.545224129490984977e-01
2.574061756197941198e-01
2.514811897194014767e-01
2.467525130337033246e-01
2.136405387916229248e-01
2.491585876268964939e-01
2.440241416604772007e-01
2.208776129712515524e-01
2.352677218654413982e-01
2.388086628602110462e-01
2.496617832725102626e-01
1.553260883011653715e-01
1.700739364401013254e-01
2.323029618050166945e-01
2.133747950088794865e-01
1.667066465602352054e-01
2.506808523821402179e-01
2.436023003805415088e-01
2.138713328873510788e-01
1.779354149390519613e-01
2.355387030388642611e-01
2.429790459001807956e-01
2.394851771736494217e-01
2.035483699409592895e-01
1.874213036343268524e-01
2.308835327828656359e-01
2.575791226388200461e-01
2.210447040491003712e-01
2.209398454488035735e-01
2.543511489168625572e-01
2.137465733942109647e-01
2.550496415820215357e-01
2.078659540932690786e-01
1.526453395240079391e-01
2.114988595817613726e-01
2.577557359720873409e-01
2.122181848849440944e-01
2.523075736117655898e-01
2.343440125052427825e-01
1.912457377138278847e-01
2.344717688176805037e-01
2.302444347660308477e-01
2.378759098789956228e-01
2.175645841376332990e-01
2.442398353924158660e-01
1.975915102483518093e-01
2.347204094246921058e-01
2.100491149218495224e-01
2.381569659319343057e-01
2.459723294687904127e-01
2.471113565990827599e-01
2.517542223063677365e-01
2.540537499585646675e-01
2.564330933858949280e-01
2.584053988685819370e-01
1.670548810623986580e-01
2.318914081698080221e-01
2.136480023578204712e-01
1.916262197030428882e-01
2.291089576754786195e-01
2.537319502460334553e-01
2.231658348080403087e-01
2.214219069405869156e-01
2.255208178446887202e-01
2.346244934089651568e-01
2.466182095741665248e-01
2.517003095085035280e-01
2.504356629965679981e-01
2.186211560380120766e-01
1.563898362122390640e-01
2.036982858318091838e-01
2.094624727361623084e-01
1.859978969696169104e-01
2.022116882670495497e-01
2.500036883468512161e-01
2.548954200017087834e-01
2.406710879102610390e-01
2.092791074432507337e-01
2.379737192204781915e-01
2.519362917308639593e-01
2.080651892185788610e-01
1.785276719298509174e-01
2.066264773020013990e-01
2.111294548651797831e-01
2.101952184361601528e-01
2.590263967585111349e-01
2.028022233988606149e-01
2.246098259667961838e-01
2.040276842025799675e-01
2.437466881086236548e-01
2.470069784807076840e-01
2.380648749361986005e-01
2.523754002137838515e-01
2.552641155865769673e-01
2.363002124236426582e-01
2.535172648031013831e-01
2.559989585248172439e-01
2.091321956457532216e-01
2.307574475578841600e-01
2.263217618108907814e-01
2.377513659400325996e-01
2.205344766899140496e-01
2.474397282259223618e-01
2.399431682221200568e-01
1.944597877092517080e-01
2.569657182828830044e-01
2.120291722060523021e-01
1.803208047045070372e-01
2.280091109537313865e-01
2.316370923865060383e-01
2.536058443253565442e-01
2.358314238604220514e-01
2.585673179295254753e-01
2.585963941249848630e-01
1.810424923686054510e-01
2.255522209210859275e-01
2.327551005104960824e-01
2.502907422662387638e-01
2.316939534002118994e-01
1.839711387851091506e-01
1.468275015104728298e-01
1.944584092138298692e-01
2.472456554823379560e-01
2.559139584004057610e-01
2.196896237782023920e-01
1.944035903144319954e-01
2.269288769885381418e-01
2.199367708398161092e-01
2.163482286472110383e-01
1.756815504248609716e-01
2.366379882354039677e-01
1.825544118349207157e-01
1.870743943861107594e-01
1.753812616713605610e-01
1.916975091918244056e-01
2.454500513561282959e-01
2.320460417912657280e-01
2.044610821130258549e-01
2.021614622837982767e-01
2.331701964460913545e-01
2.040870934590376384e-01
2.049816339689206623e-01
2.534722975426470515e-01
2.439345798477144667e-01
2.196654525516619771e-01
1.892000483319105919e-01
2.555142380569382365e-01
2.253123924540623713e-01
2.439791683180224102e-01
1.858469574508163080e-01
2.218489042319888860e-01
2.334528293875220983e-01
1.221734098784356681e-01
2.288945380462264478e-01
2.324410087214118237e-01
2.065066325445269468e-01
2.013924712530957839e-01
2.182624361693604742e-01
2.181391830135428200e-01
2.118742908065804065e-01
1.785740321425173527e-01
2.277960166055926217e-01
1.850064704470955057e-01
2.121482327023575531e-01
2.358152221483669209e-01
2.525944138981713327e-01
2.462694674853458388e-01
2.577975651225033471e-01
1.714260024982142694e-01
1.660893015509385118e-01
1.729920962854331612e-01
2.286419579402497737e-01
2.229244831356155809e-01
2.426246227988870796e-01
2.376984689778281756e-01
2.435508577772307337e-01
2.285411383124618945e-01
2.560444171512908929e-01
2.231414951051789441e-01
2.588612597507025659e-01
2.145700944126688048e-01
1.927171058558844186e-01
2.207137275772792784e-01
2.344004475601015880e-01
2.249934105481282143e-01
2.314631353419011606e-01
1.960875666291633235e-01
1.828592697345005069e-01
2.305539142324489754e-01
1.780456783844923951e-01
2.535921304448288116e-01
1.686560853899005119e-01
2.576982601808237572e-01
2.352294917372501071e-01
2.035170506949133817e-01
1.648577828404122203e-01
1.933366737083789810e-01
1.956847025464067136e-01
2.027685275371894080e-01
2.331940758594596985e-01
2.412206986226376193e-01
2.587077001250486785e-01
2.037854860988018713e-01
2.438966967956651133e-01
2.228606657344762709e-01
1.758055483682834652e-01
2.379493831117342750e-01
2.576771920772781832e-01
1.794983631986189487e-01
2.533271243123718652e-01
2.584796956455336359e-01
2.479915688890509673e-01
2.306849878240625484e-01
1.489743661588623924e-01
1.714406921027781805e-01
2.540903503593484047e-01
1.819934366398263947e-01
2.361806555663651941e-01
2.377440233921382928e-01
1.941090379072358540e-01
2.106561051923902805e-01
2.035658822913490873e-01
2.354333988744253259e-01
2.554023555473353690e-01
2.318027129551458454e-01
2.265843778127459573e-01
1.912969207028531182e-01
2.255695828054507523e-01
2.301788193960366824e-01
2.404260516832136541e-01
2.448929043123415916e-01
2.408601597521464188e-01
1.842588867740748426e-01
2.337840030920995127e-01
2.555572670888778264e-01
2.216409138569743753e-01
1.923544476075045584e-01
2.353217414815681474e-01
2.454648784572245335e-01
1.581429722824351791e-01
2.525666104546591129e-01
1.789353450066587525e-01
2.305276011880960929e-01
2.161131240797244946e-01
1.767623942024595662e-01
1.970522046781352787e-01
1.884776804180769982e-01
2.111672179263284210e-01
2.409935639104002769e-01
2.011123422020502371e-01
1.300325213175107242e-01
2.277490973793269702e-01
2.586704001392639007e-01
1.901846332691480568e-01
1.742626999985603664e-01
1.535464663857566414e-01
2.257938078566298357e-01
2.509980228327014506e-01
2.437449247521374651e-01
2.511157656297081098e-01
2.489044887613476864e-01
2.180131690990798066e-01
2.328193907524186979e-01
2.560380043033498865e-01
2.443359410688639988e-01
2.340918528440485424e-01
1.721304380363893605e-01
2.276907795788377376e-01
1.416934433832450213e-01
2.503059425508716296e-01
2.333209797861048318e-01
2.454642651773230599e-01
2.131721711813331643e-01
1.639278851792033698e-01
2.027135042812240051e-01
2.513450724976407091e-01
2.128301178934029203e-01
2.404205212779687850e-01
1.144886836801170121e-01
1.967300636715539897e-01
1.642308238219311045e-01
2.227052374892095898e-01
2.298901153923486873e-01
2.236239715286097440e-01
2.065624307021522998e-01
2.197533844711672957e-01
2.219492086462861724e-01
2.508250757341644044e-01
2.434237853158324194e-01
2.142718566754964749e-01
1.778549170473900654e-01
2.375344494776472359e-01
2.269466279385569940e-01
2.369348354125288270e-01
2.499098593668805102e-01
1.895025607241824506e-01
2.359118936786902543e-01
2.536183878035537798e-01
1.511440684272043200e-01
2.400312084675116364e-01
2.275969845546885473e-01
1.508038214094441221e-01
1.950469331308929410e-01
2.264736528845004704e-01
2.574854646680494463e-01
2.127030877152140120e-01
2.483208190834119977e-01
2.320416779670617102e-01
2.125122028075906999e-01
2.337331055192029272e-01
2.419230367946882398e-01
2.361898973910123711e-01
1.951412468294966285e-01
2.112851677150625052e-01
1.883354887802387856e-01
2.543051638705060014e-01
2.252604612313497401e-01
2.498319299988487063e-01
2.006867736449722273e-01
2.053190766652495391e-01
2.467481288346032031e-01
2.284960937804340619e-01
2.159361588658311737e-01
2.553221563966201479e-01
2.320094624963681407e-01
1.952087256775235369e-01
1.819204612598068760e-01
1.646818064827150763e-01
1.954906670016925974e-01
2.540190793779250611e-01
2.523454849282709134e-01
2.087853485435775813e-01
2.487262952345162537e-01
2.155475984664652622e-01
2.417595049030818455e-01
2.531875418980017445e-01
2.484784264002853904e-01
2.369434827193769855e-01
2.328144754493506052e-01
2.375908796699252035e-01
2.137443120263943230e-01
2.390850879942423846e-01
2.440683202156100351e-01
2.574680787199227217e-01
1.901896818476389028e-01
2.322828036013080966e-01
2.489634797897442853e-01
2.514802923184541461e-01
2.171176213203354632e-01
2.375810266869283482e-01
2.499951405340000432e-01
2.055521586108147725e-01
2.363391354276160872e-01
2.378646948025655850e-01
2.338460026799287772e-01
2.121001926760416045e-01
1.835272479289342396e-01
1.605360831791773635e-01
2.280255989448770892e-01
2.279831972912909344e-01
2.248939642860317834e-01
2.484180536323536137e-01
2.078022773450905469e-01
2.584086203008406080e-01
1.972479744100880117e-01
2.347069995831234934e-01
1.690739862275514871e-01
1.490324056645468964e-01
2.274118366829910587e-01
2.506337870161041148e-01
2.305856270692391574e-01
1.847671566546087163e-01
2.391813024570697277e-01
2.581364791188692775e-01
2.268360481650225358e-01
2.440738004548936579e-01
1.518817594556394479e-01
1.742491709330806771e-01
2.238665566314843591e-01
2.406748224254816604e-01
2.405285519497365743e-01
1.691119571532702093e-01
2.342390895339954704e-01
2.482345701199851484e-01
2.215208691504718663e-01
2.407724955108322407e-01
2.099113950766282044e-01
2.437353622928664365e-01
2.537529719498262670e-01
2.278578658541431656e-01
1.768345266055106890e-01
1.625215061398148086e-01
2.283966439294508599e-01
2.385727244450014939e-01
2.391072422886404425e-01
2.383456227125369531e-01
1.790971865433533816e-01
2.243546899567928909e-01
2.441783203342418607e-01
2.188270175643510229e-01
2.164103261713561377e-01
2.421243306282622465e-01
2.435925290057331383e-01
2.209416638484113238e-01
2.302326725336167890e-01
2.199309696895416777e-01
2.020831586131943414e-01
2.381899785278526471e-01
2.484942492906500044e-01
2.549830213798360834e-01
2.379115438858427911e-01
2.506022197052586442e-01
2.564252861364212932e-01
2.515566400384260382e-01
2.562164854629125910e-01
2.213960593421178125e-01
2.537707804423439129e-01
2.533550629088422435e-01
2.448995668921100655e-01
2.496574130428626248e-01
2.305168633831444214e-01
1.506063947362170641e-01
2.090578367556611417e-01
1.899612558034148579e-01
1.646423627228830178e-01
1.930944120288736465e-01
2.478236322508979850e-01
2.469473041090234355e-01
1.398080395699671519e-01
2.272819465193527400e-01
1.933571490771570089e-01
2.268951544515776519e-01
2.574080208817135507e-01
1.941389990453650516e-01
2.111809176252177067e-01
2.320806056089781688e-01
2.116027532615245843e-01
2.403848836709628067e-01
2.469128689452351755e-01
2.343341074899673859e-01
2.361002774099879853e-01
1.896680261612773699e-01
1.761112490652507190e-01
2.549857446916987125e-01
2.167427719893251503e-01
2.080503220465959868e-01
2.454765138185621975e-01
2.561256840798902812e-01
2.323973705190501005e-01
2.290138949186320549e-01
2.025841654176880335e-01
2.082509123561321340e-01
2.271291214282835369e-01
1.890812244904923611e-01
2.582100511774211293e-01
2.564886932443483647e-01
2.325771279024874127e-01
1.819367700551395572e-01
2.500684073868749135e-01
2.221806163373149512e-01
1.892529225628070411e-01
2.175933055315228959e-01
1.666024087897067518e-01
1.990036951801038012e-01
2.425431720165454053e-01
2.532852589328868920e-01
1.773327178895975631e-01
2.086125966588815717e-01
2.459174106817554883e-01
1.781696383281129448e-01
2.392179492233975635e-01
2.348250884966912311e-01
2.233339898619152719e-01
2.514145718923325168e-01
1.519522172212050548e-01
2.160351891762582743e-01
2.451514802987751485e-01
2.382405161588651288e-01
2.394073830044558815e-01
1.916602656740508392e-01
2.290616016154426726e-01
1.643370231547226779e-01
2.532508575448869648e-01
1.889955154170457619e-01
1.797932644316013462e-01
1.889105376904924860e-01
2.182270835285869404e-01
1.891192191944439938e-01
2.528080140596758452e-01
1.420893148607857426e-01
2.237386486172867617e-01
1.780534229402284951e-01
2.384114823950470863e-01
2.386624048608028681e-01
2.042712315947665114e-01
1.976759237811615277e-01
2.511507303089756116e-01
2.511131800515614687e-01
2.357752439504545716e-01
2.160965222680964748e-01
2.213455015333359865e-01
2.254805126244332769e-01
2.254167642807859973e-01
2.374150536288496538e-01
2.399357778380359352e-01
1.944435433898640264e-01
2.458314952501814143e-01
1.569100680716664364e-01
1.615516495798013374e-01
1.866516375673157313e-01
2.052282231938863388e-01
1.999370779410311605e-01
2.314469628380019794e-01
2.145819297230603107e-01
1.838669649916003235e-01
2.161534413781911468e-01
1.601867851951342125e-01
1.881313868173057346e-01
2.399862824787959426e-01
2.361509858139558826e-01
2.455315641478246214e-01
2.364951474144386667e-01
1.916435624752356459e-01
2.474003471900550200e-01
1.867225841665327291e-01
1.980440409686148873e-01
1.537657837459150134e-01
2.050676205224885029e-01
1.367211403906840594e-01
2.168144294554553708e-01
2.068613949224054616e-01
2.348274177323157186e-01
2.521511051026379957e-01
2.305146948759548009e-01
1.781993905666264255e-01
2.178030826857287883e-01
2.572840143548325020e-01
2.293199113011812063e-01
1.405953549953549431e-01
2.204600870816763591e-01
2.494598615211614800e-01
2.370223326678256859e-01
2.033390279809197676e-01
