8.880542139137173521e-04
1.039090747414181002e-03
8.350508845473349510e-04
6.836736931324517014e-04
7.871880625405324036e-04
8.895057149725572486e-04
1.173510145598417225e-03
1.286238643608300864e-03
7.602120500946100111e-04
9.449867528636550799e-04
8.732447052156127026e-04
1.293028383554719555e-03
1.357911052020264672e-03
8.573570625839310906e-04
9.311865199092423653e-04
1.186029106806779686e-03
1.049885694794802388e-03
7.563169073776470188e-04
1.470251200188342358e-03
1.017527645979018599e-03
8.424350331267797419e-04
1.464608848736802466e-03
1.307368549684766396e-03
6.715808963184697125e-04
7.128019167829411154e-04
9.153852967339319189e-04
6.635173959882614651e-04
9.435766118536330870e-04
1.023299132656551626e-03
8.761876568581139675e-04
8.884567955135943759e-04
1.129247011848626137e-03
7.231771864500969845e-04
9.627651409404170812e-04
1.142183638769702888e-03
1.029055549494456304e-03
7.595733104486214948e-04
1.037958246254648467e-03
8.888049537754240739e-04
7.320403003781578849e-04
1.199628876958183914e-03
9.663050422467787601e-04
9.906682983111957282e-04
8.888761596503142685e-04
7.965331130475264030e-04
7.038162826053662039e-04
7.402015940731792231e-04
6.613946085072379150e-04
1.056393796929477359e-03
1.102200827920612504e-03
7.424280232612394522e-04
1.358995612353134990e-03
1.034521092741563179e-03
1.253579434520059582e-03
8.516422862453672553e-04
9.682041875006965710e-04
1.170265048546503166e-03
1.000910429829412768e-03
1.421669861461523181e-03
7.630628056290414581e-04
1.140238008854819020e-03
1.926485444741350434e-03
8.263879045049448346e-04
1.366652031435273322e-03
6.599330471774605316e-04
7.682465537965932085e-04
9.091946159101112115e-04
1.065752969136718898e-03
1.321670083293703148e-03
8.656419399989422926e-04
8.792773222399453709e-04
1.277505160902491594e-03
7.920883426903170240e-04
8.692233635465854364e-04
1.254965200759454013e-03
6.650450938624162794e-04
9.127243947561537209e-04
7.299047529161953969e-04
7.452757418467667377e-04
7.956822390314720545e-04
6.655326188029618171e-04
6.958922145446065112e-04
1.364201024060858339e-03
1.435745680466787941e-03
1.433692356493008590e-03
7.162047407558341837e-04
7.428014335122036385e-04
1.787571243498508201e-03
9.663426461876303396e-04
1.499212544678148705e-03
7.552798613982894798e-04
8.904153902657581648e-04
7.261458360012956227e-04
1.098575293251632468e-03
8.922864488404528161e-04
8.744743441076317965e-04
8.567008986365321106e-04
7.534037013094323307e-04
9.605113459779115147e-04
1.467384708215893879e-03
6.647865106397983503e-04
9.430685065503887970e-04
1.197199587466584629e-03
8.631796330890705851e-04
1.343442915559282282e-03
8.792875326700584247e-04
1.133564197900660368e-03
9.597269527593468331e-04
1.181005924693817773e-03
7.337314429988352595e-04
6.589634491750947284e-04
8.057805892826145396e-04
1.350277565846757675e-03
6.769575512848505098e-04
7.532830608107070466e-04
8.638727708626484656e-04
9.314953271872194410e-04
9.609253912241110017e-04
7.974818108110176681e-04
9.737754191043840844e-04
9.376992012475418060e-04
1.196353274552140180e-03
9.169002619006845229e-04
9.077193134853122269e-04
1.338955649061493967e-03
1.279981846944797412e-03
1.157141064873557900e-03
9.273731783589738570e-04
8.542660500080336396e-04
8.409644762123036745e-04
8.709385831241156463e-04
8.454136739852173999e-04
8.934786460533194162e-04
8.800231912461988501e-04
7.883703680662018003e-04
7.392741714218138607e-04
6.953691067969320185e-04
1.077937307230770721e-03
7.585140792989635092e-04
8.153158152950187214e-04
9.485910057135921820e-04
1.236070853774132909e-03
9.897221139312521905e-04
6.686201497338473696e-04
1.180608487249893302e-03
1.006057381221860808e-03
7.041251973224189279e-04
7.700410732825817804e-04
1.225233765633066329e-03
9.662345240785113337e-04
1.104231536211601602e-03
8.061942267324590742e-04
7.644077685101050967e-04
9.014319271598581753e-04
1.509181559597831679e-03
7.376176999562606860e-04
9.817436547664734441e-04
1.086564442930467410e-03
1.017174208407072228e-03
9.748202166709424125e-04
8.894798186233264471e-04
7.722231105557812681e-04
1.935290324706137079e-03
1.036038725256977064e-03
1.025654196034836126e-03
1.289491306452599439e-03
1.482854981553058480e-03
6.811281408945606955e-04
1.717963755016585145e-03
6.800806429317625239e-04
1.033234482934550702e-03
8.061532865876060681e-04
1.428076622829231243e-03
1.351630716255665604e-03
9.681642428771686628e-04
1.110009006494509700e-03
8.421425775382262698e-04
2.297887896202624892e-03
8.359051654279335726e-04
1.218660860830973009e-03
1.815681916301042182e-03
2.257753671268317771e-03
8.358136910567990534e-04
1.199767968729137943e-03
7.121961358177493094e-04
9.745322132982395984e-04
9.264597128878933850e-04
1.764085116263369247e-03
9.242354763371923767e-04
8.372309843995878915e-04
8.795406184372687878e-04
8.086485386193795937e-04
8.318110104011866481e-04
8.568147495194683135e-04
8.226348922749185952e-04
7.928672489328674258e-04
9.960429539277095446e-04
1.375324578031655344e-03
8.879066535944907506e-04
9.742665967432756697e-04
1.266867505964449020e-03
1.037346754549780268e-03
7.173608498099370498e-04
8.203584816180042481e-04
2.736369348992848290e-03
7.243700196137094248e-04
1.053619431629309981e-03
1.218072282709431985e-03
9.633748956755420036e-04
1.504407695338541876e-03
1.111789373221891506e-03
1.596654558803367163e-03
7.010499667484895595e-04
1.307795699220530268e-03
7.071231349885424107e-04
8.246311611689120238e-04
7.859490075137245393e-04
8.552770838316338994e-04
7.726043756218566212e-04
9.085836405017633059e-04
1.534271046576163094e-03
1.738948319877834216e-03
7.976613841829895309e-04
1.466110911981979370e-03
9.080431881052489131e-04
7.380504426413178826e-04
8.473494448729588461e-04
7.649626332198211946e-04
8.882525206620917480e-04
1.269081896622370996e-03
1.039058005938743676e-03
7.172572693386643347e-04
7.063388394981694792e-04
7.023462688708130520e-04
6.978382370036276565e-04
9.059946596889854311e-04
9.900490348597882403e-04
8.727753689174187540e-04
7.213448028840945599e-04
1.281546583188416990e-03
1.376960521737999148e-03
7.906677287213511630e-04
2.980210286250238420e-03
8.049368475159842783e-04
1.439829254796560912e-03
1.327867532910582352e-03
1.291562717447277157e-03
8.171871774204835046e-04
8.932662409093682825e-04
8.668555083886599804e-04
1.187246529105872488e-03
8.690919731229370532e-04
8.216691591504755908e-04
8.327297918758162646e-04
9.278774476408650426e-04
8.316365093957643574e-04
9.810382462995337685e-04
1.332730695816256895e-03
9.790690007698734775e-04
1.018439623394682553e-03
1.334850954577217457e-03
9.345524186656575414e-04
1.019514516098720411e-03
8.596690155982412030e-04
7.936769228996256404e-04
1.168354922218879308e-03
9.439966361418911231e-04
7.810736808660022172e-04
7.521746719769237428e-04
1.814330315383967055e-03
1.003037326785134135e-03
1.178522781478100970e-03
7.697345082984072707e-04
7.690350522853104656e-04
1.310897757598980615e-03
9.333010833608546648e-04
9.822597556757863523e-04
7.748103045413551500e-04
6.746689430876125736e-04
7.380978057825789574e-04
1.060551521606046405e-03
7.724226161159458443e-04
8.781194748660825587e-04
1.171036632869823253e-03
7.450415101314303680e-04
7.679150911871048327e-04
8.824514064075028369e-04
9.793060095495812779e-04
9.933649775177388983e-04
1.282630592819012077e-03
2.256255803683896756e-03
7.915607009461171932e-04
6.860813702348347127e-04
1.149061848883886627e-03
7.637091341690927220e-04
7.604554249449290131e-04
8.041418659264083476e-04
7.389608281106696498e-04
1.387330401985319367e-03
8.462146899966591735e-04
8.080890551949163536e-04
7.913476785563829281e-04
7.556648558886380328e-04
7.063805671630935586e-04
7.567070318730737509e-04
1.051815647170009204e-03
7.887023118962332990e-04
1.240153179532811492e-03
8.678301789149232316e-04
9.154018962572632156e-04
1.685945976400784118e-03
1.442374319821434483e-03
1.620824924628566947e-03
7.690848407994451070e-04
1.330751826155497555e-03
1.474393180822296430e-03
9.090121338591900663e-04
6.582633061750259480e-04
1.505102372148631054e-03
8.588870621187454958e-04
1.145621454974739837e-03
1.069989561011225896e-03
9.642098975990934110e-04
1.000912071036846179e-03
9.954529703427121828e-04
9.384788597507601367e-04
8.183453613540254230e-04
9.896076723030675874e-04
1.233278524019864588e-03
1.298281483528801504e-03
1.380391735866000856e-03
1.214983018229400620e-03
8.497089836439234919e-04
8.760661594548949235e-04
8.910689246455772957e-04
1.289110809038063968e-03
1.322852552170292358e-03
1.104019967443912661e-03
9.625896586396477271e-04
8.115829950329471335e-04
8.879852944159435458e-04
9.050934993226547728e-04
7.887147609950254969e-04
1.100730758400742448e-03
7.874307170484669228e-04
8.047145879674909861e-04
1.858556749764569364e-03
8.411765135007611294e-04
8.851871072339998446e-04
9.177377631842624896e-04
8.719558760381621466e-04
1.076428956820300008e-03
9.544419563461596992e-04
8.352945359764924523e-04
1.360401580544057069e-03
8.937962237698855207e-04
1.318026302597701807e-03
9.747226879831179811e-04
1.010579683982231478e-03
8.685817659727242644e-04
8.054347874800609234e-04
1.360970516100630523e-03
1.751607059655293152e-03
8.542620430214353192e-04
1.206303399005434528e-03
7.638313776092833319e-04
7.831052613497638563e-04
1.053114961034171473e-03
1.494419665474446468e-03
1.163662621637349655e-03
8.597016968085221655e-04
9.940294620019876713e-04
7.798638226115308649e-04
6.943232551260684372e-04
1.231844100478849584e-03
8.356674869837408832e-04
1.922072032998733667e-03
8.150911759100855358e-04
7.880347074743108624e-04
1.068175887005493345e-03
8.960516340693919658e-04
8.586756348165033338e-04
8.062855918603774492e-04
9.069972886013717402e-04
8.249578300349919881e-04
1.281483851510710828e-03
2.072429156848089402e-03
7.943355174177275501e-04
1.012279713158594288e-03
8.951400563726664072e-04
6.674362818163346841e-04
9.682425706592529425e-04
8.242196245321764666e-04
1.289536942316104034e-03
1.413216428066451768e-03
9.048962604608066541e-04
9.022888458728528863e-04
8.905828785366406855e-04
1.064524001104575701e-03
1.097445552115738823e-03
1.338599923578927958e-03
1.036206551047520567e-03
8.535866354658929421e-04
7.833863259047391331e-04
1.079525348685525564e-03
1.670536578921341013e-03
1.032958649945264111e-03
8.049166766757291517e-04
8.783241661502647589e-04
1.031216891047632761e-03
1.041502959619778311e-03
1.262839346900747686e-03
1.169337544424078413e-03
1.609614233765495339e-03
1.062078838488205021e-03
1.647453006461926158e-03
7.437635159139558035e-04
9.668666115313414439e-04
7.744461901596671246e-04
1.466834709526596741e-03
1.215162790501776334e-03
1.359820533552554651e-03
9.870709400114838477e-04
8.650692681002088028e-04
8.551534236145935880e-04
7.787438435115887373e-04
6.847225757667527645e-04
1.011192951669846827e-03
7.730172958070180697e-04
1.043603866019496935e-03
8.101099436628581875e-04
1.436740775039026165e-03
6.509710350209016233e-04
9.475398604957006908e-04
6.933023290782493750e-04
1.162976951827542375e-03
8.246033255109500417e-04
1.089154241597786645e-03
7.013419829261594842e-04
7.427506466422671054e-04
8.933196349943756066e-04
7.103048729327746027e-04
7.858189232747276980e-04
1.001103317873149609e-03
1.598510109642615768e-03
1.076980042144798670e-03
9.091025121701091236e-04
7.692198938021476600e-04
9.770630248750837837e-04
8.090098348600976855e-04
1.163903182763540182e-03
7.968335995262004322e-04
1.069961914389642261e-03
6.728318624313242005e-04
1.118027644853775366e-03
9.070058589977534691e-04
8.385476661506127867e-04
1.149440658704945894e-03
1.106691693734562559e-03
9.739538010039935521e-04
1.038283797356383481e-03
7.104312362822562139e-04
1.159192168397420435e-03
1.159651813674171484e-03
1.096578981419535012e-03
1.464548053382836975e-03
1.032450574718015660e-03
7.955606770735317414e-04
9.390680038721967680e-04
8.176109012772128821e-04
8.286528380699354239e-04
8.130616979598121385e-04
1.023939455635398520e-03
9.778221443009263956e-04
8.527358121896901500e-04
8.262378246486841481e-04
1.032509270669185446e-03
9.565272356380460613e-04
7.271272973404290180e-04
6.795465927813042423e-04
9.068706007951081579e-04
8.115363648858905628e-04
7.350228522807949810e-04
1.004481145538949158e-03
8.960336848051503756e-04
7.985282899467392075e-04
7.412019145268744025e-04
1.192029162861426000e-03
1.606966347549778490e-03
8.226600313433752839e-04
1.520310307608303390e-03
9.074052448943617510e-04
9.528229424903127695e-04
8.134584459511386232e-04
1.203144747983741526e-03
1.421804695386502974e-03
8.457974236039392723e-04
9.959245357639735785e-04
1.511983851980760411e-03
9.519109417515075455e-04
1.035201578321199656e-03
1.659350534104473513e-03
7.638956671052202435e-04
1.037641641799777123e-03
1.091544461476128425e-03
1.036634048903503679e-03
9.297115079621218582e-04
7.604969280482369370e-04
9.342258334307764400e-04
9.606944333647943549e-04
8.797743324828697373e-04
1.149233594942703982e-03
9.349465732806204335e-04
8.217413590415311711e-04
9.785854636441535838e-04
9.414321247774755375e-04
8.585157391560932277e-04
7.513578630689553024e-04
9.006596492303653749e-04
1.094946150453311121e-03
1.021203492156510031e-03
6.914659914261518355e-04
1.139491652928543335e-03
1.110398265303097270e-03
1.522722169160164833e-03
8.412063052163221014e-04
1.034752794158350087e-03
1.014148584589178153e-03
7.568541432727321668e-04
1.077640808854611479e-03
9.715855116729848681e-04
1.505172028356344116e-03
6.780430268130940895e-04
1.064770610592615570e-03
8.878861424279083916e-04
7.347892785839268840e-04
8.034630517125781503e-04
8.836227965591033229e-04
8.163025857294932061e-04
9.214849822541474602e-04
8.737767914851163158e-04
8.251872821189522355e-04
1.125001496128424407e-03
7.854822982777495037e-04
7.085394810483842867e-04
8.074764047679925663e-04
1.149753467245419325e-03
1.157429635804905869e-03
6.719720601928232291e-04
1.069561049596531432e-03
8.633337371439678103e-04
1.032168631771531331e-03
1.041077698207316677e-03
1.265036252486926747e-03
1.133366479968665958e-03
7.156661097526572680e-04
1.207807116172573058e-03
8.236478881478890516e-04
1.145834366366297631e-03
9.464816664112705611e-04
1.460695665070938128e-03
8.889387581599814429e-04
9.615097905361157755e-04
9.105771971002983014e-04
7.541659902705053539e-04
8.184086723418507745e-04
1.457373372651636851e-03
1.347695332521055712e-03
1.214169629089671167e-03
1.579735494165832033e-03
8.461220494147101041e-04
1.092645526472005692e-03
9.102024792638389395e-04
1.380774823205289503e-03
1.320120885226477555e-03
1.046470023913147369e-03
7.023809554462340189e-04
1.168596940356102058e-03
1.127621848522682765e-03
1.843603547462081826e-03
8.273347375389175163e-04
6.966749630633287289e-04
1.079997636749099052e-03
7.979755195950936518e-04
6.707540252295615723e-04
9.884620595392557517e-04
1.027970709245949526e-03
8.241825455956823662e-04
9.968266463406061720e-04
1.016283508059985779e-03
7.147396221002663089e-04
8.158863672463380909e-04
1.366824900839746105e-03
1.219849796858223133e-03
7.994622554383041049e-04
9.037821104898773397e-04
9.494347899388480344e-04
8.494122454311298651e-04
6.508811591941798293e-04
8.933433169403308611e-04
9.363594199622255832e-04
9.404149398092934153e-04
9.452210923032728761e-04
1.189393877780718731e-03
1.393905155487299655e-03
1.235641583147386929e-03
8.048649518911103924e-04
1.190773756466198497e-03
1.163604539387610689e-03
1.232926024155474786e-03
1.007901404748900260e-03
7.955650866583126096e-04
7.226690591591777759e-04
1.755809578288301245e-03
8.600759941024058294e-04
1.190858780934292427e-03
7.696629867010077418e-04
8.715312092899211559e-04
1.073610527569030361e-03
1.040251344941960478e-03
9.871801480658909736e-04
7.513194829615994991e-04
9.804126522858335867e-04
8.012795335774824468e-04
8.099847225930530224e-04
1.057280398992466739e-03
6.755745348057336274e-04
8.110048558846756758e-04
7.122773296672625480e-04
1.184546891619309280e-03
1.177866421094581149e-03
1.066460518656010261e-03
1.556749517989282393e-03
9.179138404920053314e-04
7.915555325741445002e-04
1.201017872384744275e-03
1.105849783691987501e-03
9.917065199362320570e-04
8.483373761616401455e-04
1.003214431918656542e-03
8.061913381957999713e-04
9.054823595776994184e-04
9.599321114658664143e-04
8.968232797193203404e-04
8.831940987584802494e-04
7.790801729283563419e-04
1.084748584440831413e-03
7.972369203978654480e-04
6.639339135079310979e-04
7.590524126557133882e-04
7.446781764659701200e-04
6.827922177568627711e-04
1.065865534009673111e-03
7.884866287794914993e-04
1.022870024596881332e-03
8.261048461057858344e-04
1.332362631157995789e-03
1.006202438527794684e-03
7.057821739342598575e-04
1.262205400851029637e-03
1.075688187217611847e-03
8.320374340925640756e-04
8.865757586384675993e-04
1.046368456412787550e-03
1.003647755221215515e-03
1.672173366105329751e-03
1.637982127093365412e-03
7.171619447127767707e-04
9.356302653359627403e-04
9.344363722909649521e-04
8.359463817404925784e-04
9.143651752429791902e-04
9.351383803148457683e-04
7.199171373753513684e-04
7.216075418285801358e-04
9.453505199736599073e-04
8.197248063628576444e-04
9.101444834418962078e-04
1.851265174103552047e-03
9.802702429848870851e-04
8.500494611982460083e-04
7.662998897695174130e-04
1.007746002140811085e-03
1.015289972162583673e-03
7.498304035127210075e-04
1.753735403409956021e-03
7.121817787730449567e-04
1.097474654688654393e-03
9.689617088588124228e-04
7.027378529200556997e-04
9.431644522620607259e-04
9.478118868810438743e-04
7.417552502929215634e-04
6.754695128030189545e-04
1.130779155348354131e-03
8.534073114297854260e-04
7.611228940111986569e-04
9.347374920460634453e-04
1.043043796500248361e-03
7.162892927300203985e-04
9.693579655280078157e-04
1.230766894263576926e-03
7.953221866952279616e-04
1.117301009013857817e-03
8.570385763048374728e-04
7.556429643182897707e-04
9.183010485640446608e-04
8.982663616264173912e-04
1.876300343833503352e-03
7.690804714629773846e-04
1.252497472915604666e-03
8.844740225926479155e-04
9.355110704191946540e-04
7.602369691001271490e-04
1.060613598582819993e-03
7.506166521795996699e-04
8.960508962185995650e-04
8.242444254112594060e-04
9.820387300335394441e-04
1.175638226625453546e-03
9.005893955681376324e-04
9.293165122928501946e-04
8.261231624711313885e-04
8.817027675843243850e-04
9.643977457241437613e-04
1.238382909934229639e-03
9.312735226641403064e-04
9.573180986333941749e-04
7.350189951560050618e-04
1.192531101571017152e-03
1.333006548083969780e-03
1.168376193416586616e-03
7.213458579688728943e-04
7.565050220003765452e-04
8.428342307768684144e-04
1.257966619535236166e-03
1.121433554843754080e-03
8.885817052126714034e-04
8.524724442504417240e-04
1.396487778649988095e-03
9.657328296653309736e-04
8.184019177698494433e-04
1.576504470183492457e-03
1.601779112437026493e-03
1.076208546436311069e-03
8.739269373860846825e-04
8.823429606373153983e-04
1.374978845614070093e-03
2.974939813739195180e-03
1.191179275370674506e-03
1.186492073164675419e-03
8.416002492572321157e-04
8.610300627443624819e-04
1.140075706059014799e-03
7.787773448021293680e-04
1.256678698035169602e-03
7.076532996133723429e-04
9.531651121821838567e-04
1.084382346749179337e-03
9.668445911383933503e-04
8.501259892466420370e-04
8.177378798886615185e-04
8.419843932402149619e-04
1.328859480332654670e-03
9.515188247359405039e-04
1.295112858246477098e-03
6.984131415506360631e-04
1.097009984976491563e-03
7.297195120064658546e-04
9.832601483306657991e-04
1.249181775596787782e-03
9.903598114727879542e-04
7.659082119217857157e-04
1.153844027389129383e-03
1.059810533853872356e-03
8.621847661679415877e-04
8.217384345483944724e-04
1.016917720281439955e-03
6.672806256369088378e-04
6.409203195589170980e-04
9.153048373457741294e-04
9.858909800092427109e-04
9.623674855490669871e-04
1.065459062922820971e-03
8.985199296525020821e-04
7.484140225760994988e-04
6.737965573347012285e-04
1.229598998529321009e-03
7.843993056612548476e-04
9.725103197710728998e-04
7.129722375790645793e-04
7.712707265803110061e-04
9.383695315613036414e-04
1.050990947378072603e-03
7.429718845706334692e-04
7.087692851652096322e-04
7.730470655400898620e-04
8.565940293451201025e-04
8.067631218961796198e-04
7.464594456076212130e-04
8.502405793787125863e-04
8.127958133203294329e-04
1.029303917851740651e-03
9.423117396500289801e-04
9.271943567816208487e-04
1.036460685913439660e-03
8.206858734920299348e-04
7.483645286371924579e-04
8.626653009580929551e-04
1.387567550392340785e-03
8.916814126615046476e-04
6.517261826559834787e-04
7.503738292323518721e-04
8.731970380096647872e-04
8.885425486040650399e-04
9.279342092898380063e-04
1.208310841287296320e-03
7.437412817388424540e-04
1.072334540531988184e-03
1.255073461045962471e-03
7.866328653105452220e-04
8.965993045083729294e-04
7.214698620362553936e-04
1.198756122015793343e-03
1.065455464055491391e-03
7.308940032562468879e-04
7.473273617120844339e-04
1.081833050753227502e-03
9.267121150059567979e-04
7.858220706595392402e-04
8.129370423579790079e-04
8.998411128179724860e-04
8.527821754200409689e-04
7.684596249441681204e-04
9.050841378939984217e-04
7.013394468775955171e-04
8.438100050549461129e-04
1.129952491840255629e-03
7.322430475129050034e-04
1.059991243420305108e-03
1.153926705460823219e-03
8.041577083100031036e-04
8.511642208310642209e-04
1.737489060582541852e-03
6.828281087247883028e-04
2.172404658956102099e-03
8.776173824901982836e-04
8.981885418504549808e-04
7.528939666902908882e-04
8.526753476951061091e-04
8.915480721559239591e-04
8.001203651062467528e-04
1.239189360899279344e-03
1.086379796802442984e-03
1.509609325250502610e-03
7.672336244869883571e-04
8.447245037232920667e-04
7.480393751452590802e-04
7.932692594314533002e-04
7.840478588122158513e-04
8.785094769282638912e-04
9.212764113869849770e-04
1.052487036413848453e-03
9.497233179859508037e-04
8.922246958769147404e-04
9.264399316975863077e-04
1.148287763201817288e-03
8.392873059531507024e-04
1.300455946423373539e-03
8.285674517338045483e-04
7.191704282176713788e-04
8.517027398406027067e-04
1.002918858626409551e-03
1.337487363774864449e-03
9.417769234354401650e-04
9.415929369674103360e-04
8.041424180210856145e-04
7.105915095696825655e-04
9.249153102509594755e-04
8.834371277275022321e-04
1.335900055220654980e-03
8.660292526513105023e-04
9.629210301698740235e-04
7.741293869873257846e-04
7.913647957799371932e-04
7.878253897208316965e-04
8.083881087336794490e-04
1.346073128112351604e-03
1.171248585912542176e-03
8.954340820447919324e-04
1.043691541549261401e-03
1.267885185069808716e-03
1.568235854495179764e-03
9.035969127995711718e-04
1.239362306317270089e-03
1.241852337598020172e-03
8.830210318210756151e-04
8.711817943855921977e-04
7.893336349828946339e-04
8.500066905471027282e-04
1.039465142941482702e-03
7.837704080462624002e-04
8.309994130673498732e-04
9.597509433485351292e-04
9.960016596291681752e-04
9.181371130926993442e-04
7.499872310437866695e-04
8.939616031099278590e-04
7.664979396628035036e-04
1.049340498278825704e-03
8.118747052736957539e-04
9.371460534042063252e-04
1.239110674603240104e-03
9.127285126138055902e-04
1.051953891064496497e-03
1.330719837773080682e-03
1.868168639026250013e-03
7.776760397954416131e-04
7.760363033586400961e-04
1.116030814295434310e-03
1.383571521361039950e-03
7.253319250642250486e-04
1.417391973951761521e-03
1.023850317863045757e-03
1.070284439601832706e-03
8.858017210200507105e-04
7.163500465818413952e-04
7.028428078702483092e-04
1.169618459765291683e-03
7.781549784035166019e-04
1.356410182825398868e-03
6.906779265998243223e-04
1.076598563838743064e-03
1.079278556434625511e-03
1.091835988876125067e-03
8.885632630139695277e-04
1.881940658955131044e-03
8.805844691595880345e-04
6.984933645766594522e-04
1.434491163566994345e-03
7.050081425796582814e-04
1.081927973201111167e-03
7.837443344813785307e-04
9.789046252103562017e-04
1.101094576781073585e-03
8.710562594083165943e-04
7.747463575713824276e-04
9.725125275106233196e-04
7.758022843861732713e-04
1.156239406401625988e-03
1.071974030308888923e-03
9.170231157882342441e-04
8.009335645960667140e-04
1.132387353499820885e-03
8.051609939245994935e-04
1.287356345146072880e-03
7.090025645045965226e-04
7.314326284106392392e-04
9.488405846316277795e-04
9.570973431349290685e-04
1.157313874859105390e-03
9.384313789627762945e-04
1.259307071246446334e-03
6.829211469955886234e-04
1.066375865733778985e-03
9.808292185705814580e-04
9.350749626757516543e-04
8.582308685813965594e-04
9.952955271498387449e-04
1.465352765316254224e-03
8.061873074961049520e-04
1.010020842074875035e-03
7.517693616361052896e-04
9.675941064938391439e-04
9.525183092660126100e-04
7.348911274848189202e-04
1.144836983181751712e-03
1.043264869393069382e-03
1.128382723464266182e-03
1.567724110141931540e-03
1.728555328199810320e-03
1.257458504034168279e-03
8.152213719311595698e-04
9.948474240308951243e-04
8.633159623996297400e-04
1.252919640600766351e-03
7.629422551254423255e-04
9.985548423606896862e-04
7.294028986035895222e-04
1.257857949804895136e-03
8.042677247345650067e-04
1.597040645265969871e-03
9.219606095620110986e-04
1.202738572913086400e-03
7.797001010106352189e-04
9.583671710594395161e-04
1.807668358920277519e-03
8.019110040958128682e-04
1.582310220188113585e-03
9.491069828382914545e-04
