9.032546908127254189e-04
7.576194222305635126e-04
6.430190740776129581e-04
1.012083706777137460e-03
7.287188840109128096e-04
7.421505258331569793e-04
9.673738943113942496e-04
7.467202019016981390e-04
1.254324732955911913e-03
8.837705441038373744e-04
6.240691341925214521e-04
1.606581171723535069e-03
8.391020328315641720e-04
6.980098628319592871e-04
7.875708037975390772e-04
1.115321595656682896e-03
1.276092794049408195e-03
7.688531154932066927e-04
7.523990280900603924e-04
7.746830641636999297e-04
6.939116460922821776e-04
1.036574151764272115e-03
6.219596756700253000e-04
2.214754609867986175e-03
6.616588748188715046e-04
6.603777290525742480e-04
6.336617198199359603e-04
7.263666817630043317e-04
1.458330220357886755e-03
8.872013091121434391e-04
7.542317989560573012e-04
7.683161446931805133e-04
1.036046237972726046e-03
1.409173299684267746e-03
7.753526278971698991e-04
8.394955321794580518e-04
6.941522022609463447e-04
9.294032631261191788e-04
6.776689484412760141e-04
9.938854949618619854e-04
3.846738585283993733e-03
1.146018159657220771e-03
6.061396206084515700e-04
1.366149662296907734e-03
8.659143453538358784e-04
8.379792134167111505e-04
7.571211975962284730e-04
1.111197594141827717e-03
8.492831797319187401e-04
7.149225176571310245e-04
7.569292887449637465e-04
7.831285055964553416e-04
1.567718099546432141e-03
7.279864755298874049e-04
7.823377292073560932e-04
6.042941192005097176e-04
7.960448293168647304e-04
6.141270389878214454e-04
5.819351869218701307e-04
7.657817563451438424e-04
9.409708056246573289e-04
1.081943889352440791e-03
1.170852729232692681e-03
8.979205505963812816e-04
8.689195219544074361e-04
1.351589659944004871e-03
8.023432721958606443e-04
7.812266185298328116e-04
1.360261763756959782e-03
1.306356285857145950e-03
6.723263392175271146e-04
7.113753640692176833e-04
2.364340364160115188e-03
1.712608073358260234e-03
7.928957398172001812e-04
1.197752896432908217e-03
1.065269550495916845e-03
7.732517151069073650e-04
9.027343720616534933e-04
1.638674930319844502e-03
5.741684028365166489e-04
1.368832129946184403e-03
6.443799584202537963e-04
1.942092967270441124e-03
6.351253108919323711e-04
1.556968886663210021e-03
7.686224595139376980e-04
7.966416172792827608e-04
7.681939159377410399e-04
9.932679041785531446e-04
7.035273463762159191e-04
7.161260302681422482e-04
8.592845326303018240e-04
6.841312280621272748e-04
1.021306956105098775e-03
7.265973896769959079e-04
1.163081745585349156e-03
1.723352552718068406e-03
9.988703788775168263e-04
8.303878405064064753e-04
1.199463087598664872e-03
6.846876131508302515e-04
6.804758726200394250e-04
7.677174619863797161e-04
6.699417340037103121e-04
8.500344261419847097e-04
9.037793593946418218e-04
7.703332315344048201e-04
6.703589288499820853e-04
7.306856225764298777e-04
6.920408322366488393e-04
7.032663417483467697e-04
6.045407009628006980e-04
1.639783293711466949e-03
1.023791353026435799e-03
6.748829503870985760e-04
6.930628048912801853e-04
6.756789525242791559e-04
6.804303228958984845e-04
1.125380321538809293e-03
8.418943260965031398e-04
1.234789948438591578e-03
1.769542294016469191e-03
1.066343137078414136e-03
1.503109349214056629e-03
1.331411983684984823e-03
6.746384059110763177e-04
6.702128966309521020e-04
1.503453958772245922e-03
1.274595668345161010e-03
6.434765732199539557e-04
1.128777991792474832e-03
6.345022343732547492e-04
6.770950165878161439e-04
9.043917512071126229e-04
1.102146937736343466e-03
6.122572673782842841e-04
8.718111231788881017e-04
1.127362116224249217e-03
6.581408122275539700e-04
7.556750758853199778e-04
8.260291053845549665e-04
1.177736521148561562e-03
6.320121822227163467e-04
6.859578175310099626e-04
6.618810228593461579e-04
6.390410119914759777e-04
7.681018859949970785e-04
7.811744260894532563e-04
8.193485497786940491e-04
8.494290371541482086e-04
9.541768303996899219e-04
1.971130625327516088e-03
7.098603823392472681e-04
6.640203394955166349e-04
1.096538578648359680e-03
6.133783267586778764e-04
1.086612064595514739e-03
8.972781792882119321e-04
6.076714648287583325e-04
7.855723907686623349e-04
1.190142705416454569e-03
7.974340905505175733e-04
8.698169160124388961e-04
9.686612216534909187e-04
1.070275429071869270e-03
6.009941413274636065e-04
8.040680064988433608e-04
9.842219939205231090e-04
7.483066830703481286e-04
7.197675709027969966e-04
6.709586014867577894e-04
1.356963069152973805e-03
1.181302211810785234e-03
1.202648771287221979e-03
2.132467906347923665e-03
8.222633778839230981e-04
5.999440311412890248e-04
1.459680200745112032e-03
2.306913526097348691e-03
6.776270812375492216e-04
3.105056892759507949e-03
8.834924189830210654e-04
1.156351474179291225e-03
6.989558208774075167e-04
9.424706274023021430e-04
1.494632250661747513e-03
8.743859173601266485e-04
2.020549896567914051e-03
9.858760732889787319e-04
6.259685333965651650e-04
1.450321341654305617e-03
6.682125698047275495e-04
7.620441567583654272e-04
8.289688153294888420e-04
9.078360469167161446e-04
8.784082437456094267e-04
8.478325824935980300e-04
1.068416781876895894e-03
6.310800026851713217e-04
9.717813135452841493e-04
7.836109019569312490e-04
7.845484229813058348e-04
1.188286824130319530e-03
1.343587213560105834e-03
8.485372211321630474e-04
1.787368499345290927e-03
7.060861569229134405e-04
8.759737610831809041e-04
9.502534148206019920e-04
8.491731603374995125e-04
9.401628786383853850e-04
9.507464167919829059e-04
1.613632766972106312e-03
6.853321080117813534e-04
5.843669540725817974e-04
6.416112235674520338e-04
1.169678344777798709e-03
8.860147422671190440e-04
6.243809158209759217e-04
1.125641228045283970e-03
7.475415832058904860e-04
6.443628737882592990e-04
1.071304326832851501e-03
9.769432440615479635e-04
9.854330980125537709e-04
7.594648372277932290e-04
5.862743979573899330e-04
1.627289881226484007e-03
6.876168516260906631e-04
9.814903958982809651e-04
7.945799627641508562e-04
6.308445945459962905e-04
6.963268480613683505e-04
7.277264993904895103e-04
1.585704077398396783e-03
8.336472344576772000e-04
8.602549745535850419e-04
9.843147243691371777e-04
6.028996126508915547e-04
1.028506955598311630e-03
9.267716336997558176e-04
8.771709360705390399e-04
8.291664826680690287e-04
6.330792255951196669e-04
8.638855656924981615e-04
6.493206476892053255e-04
1.053981270440279387e-03
1.907526836165182333e-03
6.463028894294709035e-04
9.343492443971605039e-04
1.264403275678319897e-03
1.813580800756686836e-03
1.148296859645014933e-03
6.804009524591572841e-04
1.603583314175696314e-03
8.308317950945965811e-04
1.310140173528101396e-03
1.082524701455196301e-03
1.026017843756435758e-03
7.203541913336437884e-04
9.167230729231883599e-04
1.294939891430611778e-03
8.790909111990797458e-04
1.672280690234758185e-03
7.185414124751812390e-04
1.266457431153221545e-03
6.228637735494512492e-04
6.224353165487812867e-04
1.192939258492160251e-03
9.685916651930708563e-04
1.041233310846143012e-03
8.216788773012294409e-04
1.156825016006557405e-03
9.120430968895714210e-04
6.672618373961139784e-04
8.525973996187707687e-04
9.940527696026863098e-04
1.130628716097996931e-03
6.594152972799530426e-04
1.087070861253349764e-03
7.616516826913151709e-04
6.563055683599463858e-04
7.916713493388474309e-04
7.595104249030552564e-04
7.493366345788643598e-04
1.207530395388258437e-03
5.269222677613749455e-03
8.185499550925928085e-04
7.205516814212226638e-04
1.205305414776358707e-03
1.115897643625724791e-03
1.269577281907486753e-03
1.001798475689232503e-03
7.368188792988540842e-04
1.375527214748253338e-03
1.031021629046615165e-03
9.722914230195069205e-04
1.224960036719038598e-03
2.560448207489778721e-03
7.312974028715143624e-04
9.312397295290786867e-04
9.097636186473287423e-04
1.469393393522187103e-03
7.931206969896671764e-04
1.083516008423750275e-03
7.407694992360588059e-04
7.869263644455866315e-04
6.892017574615587165e-04
2.096560257318132430e-03
7.372458157671197415e-04
8.759511599461725475e-04
8.547936075512891849e-04
1.235089404295752237e-03
7.263430539632545003e-04
7.011529796349719092e-04
7.820672595556404406e-04
7.421007580632236166e-04
6.712889270019421414e-04
9.582748873210181553e-04
8.913237350585640015e-04
7.900585405360510899e-04
8.804790966775912636e-04
5.747146381103512749e-04
6.146648230662136092e-04
1.106520545527824462e-03
7.809119259522037107e-04
8.270297535089376042e-04
8.276597508804115714e-04
1.251251182849711817e-03
1.949496449991047027e-03
7.280028624641859524e-04
1.114855377711931926e-03
6.943130224316078998e-04
8.656795474551864933e-04
1.197196510585224255e-03
8.556533796326036209e-04
9.113818312624241908e-04
7.441417624246164176e-04
1.307264286228860097e-03
7.682188544489585097e-04
6.101420269905113210e-04
1.259674144360652028e-03
8.572791883680777169e-04
2.219968559167509719e-03
7.372303754384805030e-04
1.265059621878556265e-03
7.520705203957119564e-04
7.049188883773711400e-04
6.667490802822008183e-04
6.697459506558658959e-04
7.519246072725620494e-04
6.701974470200257935e-04
8.938681159127363600e-04
8.979638602096253136e-04
2.222375540452195975e-03
2.293866207101200646e-03
7.931695059814626017e-04
1.108190084290176184e-03
8.843585619649998357e-04
8.133800658627522587e-04
6.649459574474337383e-04
1.392213861140273456e-03
9.573143894577713876e-04
1.222955319474427127e-03
7.926209627892605997e-04
6.440972871246599275e-04
7.220015839184372583e-04
6.599224661550794502e-04
6.162083449619809973e-04
9.500920821087850861e-04
1.887283328824132652e-03
7.303431771584460589e-04
1.031185306629869500e-03
8.432017039416807910e-04
8.639285911550474662e-04
8.673692486236847868e-04
9.140352003284475148e-04
8.580821304146721458e-04
1.921946726152942361e-03
8.532838077684949240e-04
8.001897436146694935e-04
9.990877882964854448e-04
6.638314343441803402e-04
6.795562862640967339e-04
1.320122593104928630e-03
1.277510116957639033e-03
2.412536964892285710e-03
6.714282653061402935e-04
1.039108196357175920e-03
8.059607288415962219e-04
8.179218583129574827e-04
6.259453521682893607e-04
9.639965041257955291e-04
6.887447792253425941e-04
8.891831557909419832e-04
9.592771102358650572e-04
1.236967524342372530e-03
7.528812129813845398e-04
1.135936517192208915e-03
1.120019755491891795e-03
6.425712870411816064e-04
5.915818931248889188e-04
9.124766386448139631e-04
9.174399598410697262e-04
9.747662839033606301e-04
9.027951525578810062e-04
1.859816593549159505e-03
6.357305605412386833e-04
7.306702496843083807e-04
6.462229198662203114e-04
7.031643985070267942e-04
7.432028268004115456e-04
1.286374988808925866e-03
8.109593171665511460e-04
1.920944103177961351e-03
8.440999209166876989e-04
8.354712465375510730e-04
8.126664828491994000e-04
7.482993012792169734e-04
1.996488383941960078e-03
7.605562727616833711e-04
3.386086574416884241e-03
1.173737222761795772e-03
2.050073273563731910e-03
8.024094885910876404e-04
7.609189730244403935e-04
9.036320242707419079e-04
8.511872945983570962e-04
1.190847195972495045e-03
8.848001882551157458e-04
6.301699245231244832e-04
1.178094151202346840e-03
9.492980234335614102e-04
6.150848738833273634e-04
8.988635838147236322e-04
7.172066317764834139e-04
7.493234432011398318e-04
1.626716126293120115e-03
5.020889024600634631e-03
9.036757883734664954e-04
1.037063486876573957e-03
2.010841722405348406e-03
6.719286043238393647e-04
7.338648216852872814e-04
1.439636069413204348e-03
9.075660609343456269e-04
2.457446875156333102e-03
8.725860786982002565e-04
6.330976862758914752e-04
1.238319550743158422e-03
1.024956020467100064e-03
1.412904482892821416e-03
6.311492127023360073e-04
2.046819186466893644e-03
1.264143425927437758e-03
1.134343958710083223e-03
8.355715800711060711e-04
7.529203938754675278e-04
2.840546028709885814e-03
1.027214584561109189e-03
8.014760131603479963e-04
1.004911448635273938e-03
7.284103607977473376e-04
1.231621601068860067e-03
1.322894195834109585e-03
1.240000314525415695e-03
1.012037289634652986e-03
8.252662171636179897e-04
7.763719728573456645e-04
1.140306611419011776e-03
1.350899826137250430e-03
6.958981808020970597e-04
1.063834381809302537e-03
1.695321882164080350e-03
1.011751419727531780e-03
1.383505996278964860e-03
8.932838680140490172e-04
8.071403456058950585e-04
8.314214279140763999e-04
9.342360667580124935e-04
7.658453811742124435e-04
8.307040851950177416e-04
8.402445475812920237e-04
7.234801176902556311e-04
8.511278173280827346e-04
1.517681580179868015e-03
9.060665311818960708e-04
1.885475673646704780e-03
7.634492823217632184e-04
7.377036570882709822e-04
6.223560624985942065e-04
6.865363609584154616e-04
1.215863752415337470e-03
9.423133958703266066e-04
7.982377939808994001e-04
7.780818042010487646e-04
1.461484867606842363e-03
6.261535992921022243e-04
1.682165342639740588e-03
1.132947572527361925e-03
7.631764939397485447e-04
7.814719441109198132e-04
8.419807238143777774e-04
8.465293067402440436e-04
9.501259274031732599e-04
1.279839035685130261e-03
7.103247815975649061e-04
1.604742308522446237e-03
9.688650760155407193e-04
1.652466691132945583e-03
8.222856620278989372e-04
6.854565472608444747e-04
2.100623004324073465e-03
7.427246327830813039e-04
6.904451425513639766e-04
7.161130338320423035e-04
8.601473358683925765e-04
1.180035405092272945e-03
8.753662298363422672e-04
5.701192034721619785e-04
8.850308851218282365e-04
9.565185132531929361e-04
1.262895658061703643e-03
1.744748735333460313e-03
1.176838516478563188e-03
6.464498194121465376e-04
6.299184120870072404e-04
6.851431220763817007e-04
9.014149561633033863e-04
8.471796981763713048e-04
1.217888341017984337e-03
2.122357279638831251e-03
6.429947102050593980e-04
1.571281487195137858e-03
1.030118052902609599e-03
7.418216585484783748e-04
1.032917167370719447e-03
7.610688758932422117e-04
7.595688675145172153e-04
7.373318679179078228e-04
9.837563411809594795e-04
7.598636787438742008e-04
9.087055446117171548e-04
6.897271049129345731e-04
1.449755464651122537e-03
6.665471983404232682e-04
7.190990699401507381e-04
6.671133769978083994e-04
1.680203258912214056e-03
1.239338321762907319e-03
7.695748640671462582e-04
1.335010311349837811e-03
8.889202819622471366e-04
9.700583280957562806e-04
1.009805302527830816e-03
6.975810467501429970e-04
7.239127621159979721e-04
6.527637504670150267e-04
1.009961385696815173e-03
8.417601133326588951e-04
9.214806674265762663e-04
7.436419184034167565e-04
1.049807529860625468e-03
1.091346890515065967e-03
6.610310724218808505e-04
1.039470178433207900e-03
6.763603039471146380e-04
1.461747381496892456e-03
6.428608174711816564e-04
1.053541056578617945e-03
6.847913122581341955e-04
7.730337181027484988e-04
7.467127289196572341e-04
9.244486426208518457e-04
9.833704397444098435e-04
7.308267697533807859e-04
1.271753882584853975e-03
1.855047911238216253e-03
1.850240691437565364e-03
6.348532450972802551e-04
8.675592169538965314e-04
7.310678442470557948e-04
9.928754584234396677e-04
8.280268207059726269e-04
1.052758897616843910e-03
1.813542276588641766e-03
9.618803979139682950e-04
8.227438220683774752e-04
8.833706077756516050e-04
8.201329022112436489e-04
6.212369310973872875e-04
7.162414054315798580e-04
9.516111105949134289e-04
1.003292543347640130e-03
1.819594122134978462e-03
1.234295239856218274e-03
1.017375235148278287e-03
1.120635336785754700e-03
9.550773680734276705e-04
7.038199060644292730e-04
9.395614994761964040e-04
8.653583878517122178e-04
1.250863375292769796e-03
8.794381254267754841e-04
7.016123087044409201e-04
1.072731219941741847e-03
6.669239433911162409e-04
9.030985972203716457e-04
7.592011845811700481e-04
9.006226922813806695e-04
1.120331913178707582e-03
1.474445316117366234e-03
6.958065663057537951e-04
1.145216283610732454e-03
9.608465802570310185e-04
5.925752756549035501e-04
1.147399626459523264e-03
6.419755929416919808e-04
6.867999411875326228e-04
6.128655883902250868e-04
9.209506414017861993e-04
6.225247512555134779e-04
6.581061808495729379e-04
6.555157758588806829e-04
7.459851972428520502e-04
7.878649832438384439e-04
6.602926506180595767e-04
1.897838654145914085e-03
8.714603142934193147e-04
6.253276152188090142e-04
7.009684022141296792e-04
8.250056639180025717e-04
1.169313373979670966e-03
7.393375982278484020e-04
8.047741992452718280e-04
8.147265082256683558e-04
8.493723818990052974e-04
6.042731705192802344e-04
1.051780751612123223e-03
7.374830414564630858e-04
8.038270952371646310e-04
1.587148894492182395e-03
6.649978031787769214e-04
1.042729536009212327e-03
8.508636390831632226e-04
6.415535404296990405e-04
7.563892450227171745e-04
1.243720949592270510e-03
1.900387219432889520e-03
7.000961672978942745e-04
2.057425089374089171e-03
9.992803683259525969e-04
1.213464505825820718e-03
8.645818393331506247e-04
1.199722119978119958e-03
9.368118441144481119e-04
8.955382703257599086e-04
1.362386212163573971e-03
1.324200042874227158e-03
1.191402961702926972e-03
6.707075152703512221e-04
1.922657478025401956e-03
6.537242067279077458e-04
9.121313231659140038e-04
8.666488054661732792e-04
1.175341020386969559e-03
1.214471540357686717e-03
2.100188607860406769e-03
8.650709501816050652e-04
7.770758431710411349e-04
6.702268468451015333e-04
9.559555197062052402e-04
6.824310922338910424e-04
2.097890978606694202e-03
9.067208133980897335e-04
8.282223439684499545e-04
7.624248105151959108e-04
7.484474128566847781e-04
6.089273255333238141e-04
9.188710203785732103e-04
8.689840914009619400e-04
6.165007511882400525e-04
7.570724839670717318e-04
1.236459540909841739e-03
6.559134861465030922e-04
8.381462004089270919e-04
9.220600578162223412e-04
7.315058415249843776e-04
8.711806000227089722e-04
7.792455013712672272e-04
6.176969216455920281e-04
6.805480181726989179e-04
1.030893308943748796e-03
1.024444327962109949e-03
9.498856827155735582e-04
1.278959953365009852e-03
5.866343899916119696e-04
8.104633399842099293e-04
1.339686136462148744e-03
9.983018740340827892e-04
1.553350163761507826e-03
9.388287015370130016e-04
8.391865412778505692e-04
7.703329304247973032e-04
6.910791539620643855e-04
8.260520171524508718e-04
7.364087560028710101e-04
8.189081104286475904e-04
1.680893320078546277e-03
6.851664539225097881e-04
6.296738145710570637e-04
8.830376048548266342e-04
6.719411430654775516e-04
7.005622378295309769e-04
7.753872073831064504e-04
5.976423888566456764e-04
7.517360246070097082e-04
8.526408768361078399e-04
1.715480700569263972e-03
7.016965284470885224e-04
1.214418731082921943e-03
6.302897819321748481e-04
9.394252211708892459e-04
7.214277301220400462e-04
2.247332511678291206e-03
9.854747153144594301e-04
3.346937338598162878e-03
9.268348053600970488e-04
9.594817111001152990e-04
7.080566486603357161e-04
8.639517667506313664e-04
6.728097155440206437e-04
7.011285173819519238e-04
8.494987250099252140e-04
1.426044178455305013e-03
6.666819397998981905e-04
1.228654346383783883e-03
7.979136030685142099e-04
7.731735180227373820e-04
9.648187954254388307e-04
7.163919289764089605e-04
6.716624380417775004e-04
1.478634729231355143e-03
7.414254039115125098e-04
1.761006303157176952e-03
6.784345600971543148e-04
7.306023526552357520e-04
1.099419001690849634e-03
9.554697540092603253e-04
1.627550026580539162e-03
8.338305775278013294e-04
1.234189937510439192e-03
7.694089597333779104e-04
6.829148276404997144e-04
7.974252167110879204e-04
6.830506882768826865e-04
7.299224940594901869e-04
1.252157838316078717e-03
7.417309436090825962e-04
7.579257915232027803e-04
1.798728400126509488e-03
6.790584587683020637e-04
8.405783229519687982e-04
6.650102551266520680e-04
7.770361384555190144e-04
7.717285592398253008e-04
8.365578002584130642e-04
6.388592547293434976e-04
7.895566823491877466e-04
1.406847452327818345e-03
1.289712752341610601e-03
1.010890048904724853e-03
6.995386773011056996e-04
1.172623963021162839e-03
1.078709207583909875e-03
1.190515494552414491e-03
2.345805211405057374e-03
1.127711233775626669e-03
9.286834452537049171e-04
7.778215071956913083e-04
9.538515024518458892e-04
1.009054183210477936e-03
8.614348060253085694e-04
2.920129063971088883e-03
1.056250227075228960e-03
7.827592357519064454e-04
9.254727955517207377e-04
2.000410815333321900e-03
7.651631247931197592e-04
1.322902736066025554e-03
8.143038910923903594e-04
8.314614301346689041e-04
8.680594845588943294e-04
7.064478615796572492e-04
6.088322091982485825e-04
1.651421688957862687e-03
8.803787023153478251e-04
6.570244531989009092e-04
7.682144158424163019e-04
6.988951981221902532e-04
1.249115366229172934e-03
9.113040499077295752e-04
9.436500267764204699e-04
8.928331127484000207e-04
7.656636839310296261e-04
7.983959986518358431e-04
7.850888854581037322e-04
8.956917728310814656e-04
8.784296446707807494e-04
8.163598225693458705e-04
1.060669093027563495e-03
7.728597942939472191e-04
8.443271670745660642e-04
1.188766480523173940e-03
7.797073804281645908e-04
5.887954681565075142e-04
6.867956596542848903e-04
1.501761481342371238e-03
1.034810721726101999e-03
6.643179339152193450e-04
7.568520357776951750e-04
1.165963754697858139e-03
1.881065843525235462e-03
9.567364302921504580e-04
2.519381492636071918e-03
1.642402724621703407e-03
1.038020493329953452e-03
8.952347526349997480e-04
1.049602779381141396e-03
6.157589726055209649e-04
8.089496805355552052e-04
7.451093571871145052e-04
1.436380243561250067e-03
1.328230642287934332e-03
6.827985428691918509e-04
9.361011449153288158e-04
9.460008234895180132e-04
9.808462825430480474e-04
1.018142617190398056e-03
1.038755227239013777e-03
7.168445529959308494e-04
1.091713274149679752e-03
9.600860928060747515e-04
8.949684381097666730e-04
8.588581993827769942e-04
9.088099950190834091e-04
8.063237824182039682e-04
8.555256972027597100e-04
1.398536069071422330e-03
7.299309537546513731e-04
9.768506000909673963e-04
1.210096258211485094e-03
8.451616244850186904e-04
6.604305882587626015e-04
1.117811289190099189e-03
1.191226484474697863e-03
1.256402492721184162e-03
7.651603999211271110e-04
9.804704676371978414e-04
6.706564054757888473e-04
8.824024005342387096e-04
1.312148529516416135e-03
7.374644537743587584e-04
1.219146421201791272e-03
1.127674016362816218e-03
9.661910182434068186e-04
6.795222602771231000e-04
7.242528245313755667e-04
6.267379344528803495e-04
1.104378804567872222e-03
6.503057287539161556e-04
1.061405885712837132e-03
5.865989416173439082e-04
1.212829133050117702e-03
8.256896545703548435e-04
7.092369840934737270e-04
1.089682258097077151e-03
8.336591510672254016e-04
1.020634233670672953e-03
6.272237314887684238e-04
1.055592546718656186e-03
6.992831008721688869e-04
7.916647941077235634e-04
6.480863231964105811e-04
6.536956187572126034e-04
1.054874901527589042e-03
1.099777219098698302e-03
6.572124897370612432e-04
6.540299511782876997e-04
8.435444495842452659e-04
6.079411586789220789e-04
8.829301851804984089e-04
7.599855446516410847e-04
1.543850523729856398e-03
5.738929760885177382e-04
7.810889357450232287e-04
6.049918423786620862e-04
9.079306522773236687e-04
7.112730343862434237e-04
9.656576930883363713e-04
8.849184481935683591e-04
1.553015762348872219e-03
1.145108697196300408e-03
8.561669042728064843e-04
7.567600587331238179e-04
1.004891909551948459e-03
1.517474620519302384e-03
8.000792210971758136e-04
1.612173599289387811e-03
1.090158708597429790e-03
7.196829914252306747e-04
1.215228842359259657e-03
6.835222418845673812e-04
1.217620256705882666e-03
6.330148188348865002e-04
6.925166450903315297e-04
6.794117212260986907e-04
8.285061589777371286e-04
8.007636138407328184e-04
6.303112265626473762e-04
9.709693851623063662e-04
1.100310171697942282e-03
6.050372451601043495e-04
9.013712641520641410e-04
9.152740462402553234e-04
1.171003733931799771e-03
6.769013655791138997e-04
6.921326435496591260e-04
1.828152029267078984e-03
9.008009386477764703e-04
9.672569429506099525e-04
2.015438575546376655e-03
1.014089395855954923e-03
9.767084119066628180e-04
7.473924801631214379e-04
1.426944391534495232e-03
7.923956290945714581e-04
7.316495243643039454e-04
1.538243694751652161e-03
7.644644958057246736e-04
7.926493887476988333e-04
1.140068018519347455e-03
3.688433342434037365e-03
9.273731177953481279e-04
1.814851364616134081e-03
1.347680516293710664e-03
8.240764315678402504e-04
3.810292615258299449e-03
1.063259173789346404e-03
9.808320276601385605e-04
6.435643092651096219e-04
1.499507317138063173e-03
7.761036996501710162e-04
1.609901719962331676e-03
6.907266979588096850e-04
1.167707192894767466e-03
2.061946824502309573e-03
7.290226573732221148e-04
7.453027259944769792e-04
6.713268902397665373e-04
6.429294798021313855e-04
8.192915404430290739e-04
6.275199908006629705e-04
7.647745680046553205e-04
1.102300340848870680e-03
6.873630687367987763e-04
1.237210126716531237e-03
9.774204540400354985e-04
1.235058452391906087e-03
7.184319715383858263e-04
7.627975544088540661e-04
1.398128549269123892e-03
7.607401129028323579e-04
1.331704437053433986e-03
1.460280305838173795e-03
1.849589782063043239e-03
7.176526119020724612e-04
7.436247420229737939e-04
1.135863732632167583e-03
7.448990110167779148e-04
9.160647510556824526e-04
9.290140157241580116e-04
1.263331871646885011e-03
8.644077108930726863e-04
1.073924821102064569e-03
8.946840438522198980e-04
7.819272718127119560e-04
9.109982878008754652e-04
8.156264036274157381e-04
1.060948389214974195e-03
6.500108018055217362e-04
7.406707908725554011e-04
1.405655043226195638e-03
1.414118998145854180e-03
9.050123839668823382e-04
1.146686184516317215e-03
1.253100714938518156e-03
6.759577927147924960e-04
8.802419950395580506e-04
