6.640722559724825027e-04
4.874071430973427738e-03
1.256705852863781222e-03
6.445195955034066504e-04
1.006875909266617252e-03
7.956378682763201723e-04
2.067816771348447453e-03
6.215132549018320338e-04
9.838829766405010526e-04
1.335120147579104723e-03
1.169171699255092513e-03
6.883529399946869453e-04
6.599717350829447911e-04
7.178960116659236380e-04
8.839025728024627916e-04
9.968907457111614995e-04
7.224119330656715533e-04
9.254478535757542723e-04
6.477547160109448218e-04
7.202215306454304300e-04
5.966421194247684525e-04
1.435326842588229446e-03
5.916779467649888697e-04
8.020931533362807720e-04
6.726672908628726893e-04
1.557700449696176968e-03
8.670341635151371197e-04
1.098361995842304191e-03
9.221044447594383504e-04
1.100334407667851637e-03
1.234109821247953483e-03
7.365954461994634900e-04
7.435611192680042234e-04
1.029478206710875967e-03
6.482899508310294981e-04
9.440567732775012513e-04
1.342919626643321361e-03
6.704990668238480691e-04
1.477293642469294094e-03
1.018709643886553688e-03
2.249481090530777543e-03
9.172019512301821630e-04
1.161143323490848589e-03
8.538473408444653082e-04
6.420944262977045566e-04
7.989087517063198866e-04
6.508823283058135043e-04
1.049977411102812497e-03
7.993893789837008259e-04
1.486111773637325455e-03
9.687526430247787390e-04
5.952836901701364812e-04
8.123979778240208310e-04
7.118547408247592224e-04
7.520202645294993792e-04
1.688247554857006403e-03
9.823242140443331702e-04
7.331072691227434992e-04
6.722000698101320351e-04
1.270839907467199862e-03
6.668759221237278946e-04
7.755837593734210686e-04
7.155534793340833418e-04
6.462981489079776482e-04
7.165853606134436719e-04
1.194010531099827001e-03
9.936558613572404972e-04
8.131096761990842586e-04
1.013976096031753713e-03
1.003478267203228649e-03
8.149613658950526519e-04
1.329293016119412934e-03
8.678511268853929218e-04
7.503596864294215804e-04
1.149901546894201631e-03
1.102715903085183229e-03
1.127067855221661977e-03
7.074045566170852331e-04
9.750130673333017462e-04
7.608509357463844394e-04
1.205689949025122833e-03
7.045915656279117673e-04
9.113032682804724080e-04
7.211674341516546112e-04
6.764964318412170375e-04
9.381369191378533976e-04
1.027440435081724895e-03
1.201086316311861550e-03
7.297134475089187000e-04
8.501017137087644223e-04
1.067866045361333610e-03
7.242763107107504659e-04
1.231447871334592249e-03
5.992002865614684927e-04
1.127888145138587197e-03
7.952144478914655945e-04
1.137212630847688399e-03
8.704163157400490649e-04
8.309917234413981496e-04
6.324054842715854524e-04
6.613311071573570177e-04
1.424073194540864413e-03
1.542180322213887065e-03
1.274352428690128615e-03
8.475322555546801898e-04
9.206113385524878007e-04
6.887481996265959472e-04
1.246310250635479858e-03
8.134269381780172758e-04
1.008404915807130505e-03
9.427790801221002867e-04
6.665515087658065380e-04
8.768316315419257510e-04
7.642726303341526887e-04
1.166482643634025353e-03
9.419632618465377050e-04
7.305917604472166428e-04
1.377195805373290522e-03
1.411973461671451680e-03
6.136817027952577892e-04
8.994202170175594722e-04
1.432666470241851508e-03
1.360761865004329711e-03
9.109191846686173636e-04
7.407225857905505887e-04
5.800722952687271646e-04
8.942375262268933154e-04
5.986233305147945199e-04
1.151596008185794447e-03
7.299535314174470301e-04
6.040279155594054528e-04
1.888963698194434139e-03
1.394026449308026364e-03
3.108490891286651032e-03
6.760676331017296007e-04
8.254162429438193990e-04
7.465949314331198159e-04
5.942994466975254960e-04
1.146459865341938359e-03
6.415254214771383412e-04
1.024778573224884070e-03
2.327002094362621339e-03
1.056570588563024438e-03
1.204126026641961231e-03
1.352706905737837122e-03
8.946846574951060772e-04
7.541993588641226565e-04
1.466601367087974920e-03
7.328742796149448086e-04
6.799461581542935468e-04
8.555671071452441772e-04
9.314404904042814870e-04
3.980288547660179588e-03
9.184232146611939025e-04
1.174710963428745886e-03
1.307562781226255955e-03
1.465364320329473917e-03
1.094764634077770131e-03
6.492578638555984716e-04
9.587847097964886890e-04
7.530067913054565645e-04
6.589824551095811115e-04
6.414996588805087652e-04
7.796963044083716349e-04
1.516614584077985309e-03
1.092894500809142490e-03
7.994384783864322188e-04
8.989128288735952774e-04
6.087329013913426014e-04
1.349061529869712700e-03
6.502403391242616128e-04
8.432944113719967631e-04
1.310637372258349493e-03
1.195317156117099711e-03
1.950370817792994663e-03
7.730917117937919324e-04
1.170543486954843219e-03
9.550745423673282245e-04
8.799304786665056426e-04
7.512448522964302417e-04
1.375020592468333309e-03
2.094220610747121649e-03
6.813254304211057528e-04
8.735593993832901005e-04
7.283439873023779846e-04
7.841030189527074291e-04
9.504326710977352953e-04
7.617349524864616868e-04
6.818311052438328929e-04
1.315098783989319866e-03
9.758831206028566749e-04
6.029240265420069984e-04
7.253060334879874458e-04
1.638181798347327538e-03
7.176984319754375289e-04
7.166870244090358050e-04
8.314986378611669482e-04
7.631900249743146791e-04
2.502575284623133594e-03
7.204593853365765660e-04
6.344228024301350796e-04
9.464172733987261457e-04
8.565680947850031314e-04
9.996885565774135934e-04
7.146039009185899083e-04
1.257103044948854401e-03
1.040572367427503595e-03
7.525007906068738274e-04
1.637325624199495282e-03
1.470827356615661335e-03
1.356090314725040200e-03
9.164540750404461108e-04
1.570773405429280560e-03
6.616914339883452111e-04
8.058246060107205700e-04
1.028773701823224073e-03
9.631572050401798974e-04
5.840376591411153111e-04
7.027850558328136744e-04
1.425947805370416082e-03
6.238668735769833679e-04
6.735879019050797136e-04
7.171512674754252368e-04
9.580677310432919288e-04
8.254384770498155105e-04
1.107748408320639649e-03
7.068341403636260387e-04
8.345274081494667533e-04
7.350162449256127887e-04
6.670566894983174545e-04
1.018074960586276209e-03
8.061544554355190573e-04
8.078241176107560503e-04
9.392820360893050979e-04
6.032486688763046261e-04
1.802345353139280307e-03
7.765737313207588541e-04
9.150028031680131546e-04
5.776969850166627923e-04
9.329445931536485982e-04
7.405589288732966321e-04
1.261137289256134518e-03
7.182225691316713925e-04
7.553774769948480268e-04
1.590404084698971267e-03
7.481495770236449390e-04
1.123248170859793196e-03
1.427627411031421678e-03
7.648108433244148489e-04
1.177745999249036387e-03
8.755050079082510404e-04
7.118450057080794209e-04
1.508969593211901454e-03
7.102749753514574736e-04
1.236131338517143475e-03
1.505744722996142171e-03
8.810419997188639494e-04
7.041181385194575110e-04
9.045446372082473945e-04
1.230850134440019577e-03
6.848137069602661976e-04
1.828843673690458372e-03
1.755720677374157527e-03
6.086476702507219233e-04
1.422012884458761497e-03
6.782064393434070236e-04
7.303254368295979777e-04
6.939561362303967766e-04
9.995964103950186978e-04
8.217840061061500818e-04
7.696364977822282806e-04
1.371717695279452446e-03
1.195050302891136670e-03
7.706383750382357406e-04
1.120337461021840390e-03
6.137083902882860915e-04
1.216521968337492795e-03
1.701746900457397522e-03
2.293587913962225056e-03
9.921769523317225913e-04
6.744112009025311338e-04
1.619915835396893138e-03
1.133985185825097611e-03
8.017447407638087593e-04
9.586541985432527752e-04
9.058362179251419405e-04
9.026423051454379384e-04
9.938350441308846980e-04
7.127005182690895673e-04
9.674195319257995924e-04
6.947037038276019597e-04
1.458401024305206947e-03
2.266057523555772227e-03
6.076959202420855518e-04
1.033596532439486288e-03
8.842686132688535715e-04
1.313250425015849519e-03
8.623446723696299391e-04
1.828815728048621084e-03
1.187088750119999524e-03
9.574947602861606658e-04
7.482341164995386052e-04
7.882002854021672540e-04
8.510749854158813302e-04
7.722566187346028600e-04
8.128772588744217261e-04
1.071108049343152480e-03
1.264630641461882187e-03
1.018897424956943928e-03
8.603390523985884018e-04
5.719307378121996901e-04
2.063993118039050400e-03
7.690234138637708087e-04
8.758813816546652401e-04
1.802095491615711767e-03
5.780753308738975594e-04
7.749648526502292325e-04
6.802135036695372170e-04
9.206590756468745022e-04
8.211809083898766876e-04
1.087700211741540572e-03
1.228228540853061167e-03
1.268865288848831235e-03
7.374830863980468519e-04
1.004340448098116605e-03
6.793735657686875845e-04
9.170674776418750876e-04
7.643639943476915333e-04
9.226606774793334352e-04
2.563934962996615961e-03
1.430137995778930611e-03
1.242484335396882222e-03
1.636446389814600905e-03
1.306032095960525273e-03
8.810895865035692828e-04
8.201717634876685590e-04
6.199390316673186307e-04
6.399133076739959647e-04
1.066062361783560357e-03
8.078393378688208948e-04
7.625325059992572613e-04
9.855703652959424323e-04
9.895486848914727789e-04
6.719923855172705044e-04
6.624524516019505028e-04
9.005776903209027160e-04
1.060183419774066551e-03
5.890058277075746560e-04
7.040458747522891983e-04
8.605777269598343000e-04
1.109907753185816921e-03
8.907863111473234745e-04
5.974810047825636350e-04
8.410514224655976558e-04
9.069776005290257044e-04
6.022941787959901292e-04
1.395566106143776488e-03
6.239929353131584916e-04
1.646523698555502286e-03
6.057885816908361318e-04
6.930884559732143884e-04
6.360751903373067315e-04
1.007856074148359444e-03
1.063049499290323217e-03
6.861067186518664436e-04
1.495256762884741852e-03
2.448160406453358390e-03
9.876665645061593734e-04
7.313534398258247568e-04
8.422740632283552296e-04
8.217347786360864508e-04
8.502204425582680827e-04
6.664557043934198283e-04
1.141138062455907942e-03
8.833013992505169432e-04
1.099739658419301470e-03
1.434980730915695135e-03
1.129058916038697645e-03
1.397863371466384185e-03
6.378538317750294612e-04
1.872964960583726893e-03
6.936005565837478947e-04
5.952411596530626228e-04
7.872459366465986083e-04
1.265228817387115427e-03
1.052637306606102417e-03
6.668943284473903945e-04
1.059546610697251418e-03
7.465349402860122245e-04
7.101224360746501195e-04
6.093476304311903164e-04
1.235306925780287318e-03
6.644137089487641519e-04
1.291340759413116789e-03
6.322717942827749734e-04
7.460003741598242441e-04
6.976267183086942280e-04
9.987681515132261489e-04
1.225354022066972278e-03
6.216669520849270585e-04
1.433507795588370888e-03
8.632365940857131053e-04
1.201050970387582953e-03
6.817518549156133170e-04
9.027888090919702511e-04
6.110441569309531902e-04
1.129714068805533949e-03
1.916953827409543761e-03
1.325624530400901441e-03
9.018222579599768788e-04
1.263706344175575483e-03
1.693977800700561132e-03
6.981067788661755348e-04
9.173783125180642135e-04
1.256749102613316429e-03
3.907717505592781838e-03
1.083495107950827171e-03
8.769305438581460671e-04
7.255453627751471280e-04
7.794318398900321144e-04
1.325592929400366566e-03
1.808787991830707476e-03
1.029432968065238261e-03
1.333827651462403006e-03
6.244262163400810233e-04
6.621292050252191490e-04
1.029084649625150102e-03
1.007925677479190813e-03
9.975843509492405160e-04
1.155222604600288040e-03
7.297470243550951887e-04
1.185867115589286360e-03
6.652704636727265483e-04
7.797333259667511059e-04
8.265399095303802056e-04
6.830871874232390117e-04
8.677776921385010498e-04
1.917604629548795309e-03
8.507274357341259880e-04
9.437059370322462611e-04
8.311882038057290863e-04
7.131908902222641169e-04
6.406569378041794462e-04
1.195817185257166656e-03
7.740911416075103033e-04
8.931723328161044482e-04
1.056403956335044822e-03
7.924682323644297293e-04
9.426360932879586894e-04
1.075653336094033879e-03
1.016235951314848609e-03
8.894320264028742493e-04
1.455514448015717607e-03
7.154753110041718817e-04
7.241274591253251888e-04
1.534276824809472674e-03
1.438396506420852724e-03
2.006676453521849621e-03
6.191316340984657704e-04
1.845869782313930198e-03
5.801268726348209927e-04
1.946100252289159702e-03
6.254748989591425810e-04
9.419268581137836376e-04
6.649190301773302879e-04
1.037848748051067556e-03
7.009774358062644288e-04
3.505935382516660228e-03
1.142620726238772685e-03
1.110742692859880646e-03
7.018073549474636037e-04
6.959724785903846590e-04
8.000899788090578158e-04
9.034801214777257901e-04
6.713959776147223344e-04
8.295928276198798364e-04
9.141636435160272042e-04
8.598159533708467795e-04
6.853198411882501211e-04
6.500897084896138352e-04
8.198242849035562892e-04
9.506084865414639404e-04
1.120662338097847162e-03
7.774964272065594323e-04
1.401837274757734971e-03
7.480725383244162018e-04
6.297739837384007736e-04
1.727149578032744588e-03
8.514534235900314942e-04
7.180900461141885354e-04
9.893471133114028083e-04
6.116185805701148488e-04
1.480587775456518448e-03
7.396884391472927046e-04
6.170799171455603220e-04
1.046222876989951877e-03
7.528206721712250036e-04
8.926748724585185013e-04
9.424255660028320498e-04
6.999519488640098056e-04
1.013920080471229475e-03
8.804088955239867302e-04
6.048079039015414639e-04
5.715580749860063418e-04
1.623865215024624135e-03
9.387751881994059119e-04
9.700498405210257816e-04
8.951341436494748144e-04
9.357723984893381777e-04
9.325315011460702866e-04
6.110137299564952999e-04
7.004325850844205469e-04
6.561921818728892481e-04
7.728536761201745993e-04
6.121162739224593734e-04
9.809330720207916961e-04
7.844330754534204917e-04
5.937250477349683472e-04
8.742165545108429841e-04
7.528954450194411726e-04
1.307219183056445525e-03
8.053061002449901423e-04
7.190430475625313265e-04
1.164951057789870769e-03
5.689671403286067830e-04
1.569625902830344396e-03
7.547272637435846563e-04
9.018626499192212162e-04
6.952374921751801936e-04
1.283374329729925324e-03
6.407000657474260733e-04
6.828555446985228386e-04
9.061124028949143041e-04
8.103445204796111846e-04
6.266599509899499877e-04
7.018648402920237483e-04
1.396798458783846293e-03
7.591305135176915899e-04
1.408841599968903638e-03
1.251274003128978116e-03
8.113505129512104406e-04
2.160536385871897162e-03
2.221825975600213218e-03
1.020440542188376940e-03
7.650429819174584326e-04
7.167638052722210109e-04
6.912151765743560633e-04
6.605461455247443013e-04
1.067082854839319786e-03
7.460303124840227725e-04
1.292181169228917006e-03
1.108955631750456429e-03
6.972316859421946256e-04
7.175485961982435877e-04
1.048368669000108392e-03
3.018109681996586097e-03
1.177890385556028957e-03
7.447372217094367069e-04
7.130288497132034357e-04
1.189996255590833026e-03
1.167639188506712456e-03
7.961563367209777186e-04
6.658741315443283829e-04
8.561099758032335435e-04
1.285104611735284194e-03
1.295609098216240996e-03
1.170009175068143859e-03
1.400342719138314169e-03
6.347155695246074845e-04
1.032865462842753055e-03
1.067061093960103377e-03
7.862804569232372974e-04
9.228139980294996223e-04
7.362120844493531954e-04
6.891116889936546195e-04
8.560598353345566774e-04
1.838327290615822049e-03
1.127433333798951321e-03
6.875070555509304624e-04
9.064164892598005913e-04
7.789750717062324248e-04
1.607264952056898120e-03
9.480412254536483164e-04
7.977738472708081939e-04
8.668580759969980558e-04
6.633450761564694490e-04
2.073535398555363240e-03
5.678076400335635085e-04
1.413383775878790296e-03
6.972821431211205555e-04
1.881070706682478472e-03
6.861077349857588143e-04
1.127777134587090333e-03
9.271924348427025044e-04
7.740253399303155752e-04
9.074472775327554856e-04
9.036826434569628953e-04
1.092792639462798450e-03
1.684034761485563242e-03
8.876233593645534506e-04
1.145413299024650383e-03
6.270992227643733480e-04
2.440360953871239299e-03
7.718493618166435023e-04
1.161631462218805323e-03
1.071591290672995649e-03
8.724433490117721552e-04
7.915169207313359299e-04
1.414211977537929363e-03
7.461576933424916066e-04
8.851121864492249476e-04
9.287422644481288471e-04
9.826378085004703125e-04
9.739017340618632678e-04
1.770321955625808351e-03
9.519201775226182214e-04
1.457055037426367630e-03
1.281621326295978884e-03
1.249157999416709418e-03
1.760518988616714946e-03
1.085537498070100054e-03
1.420755836206347112e-03
6.815082847081544533e-04
7.407067916403771045e-04
1.783558781158972335e-03
8.823032286359254852e-04
8.051012128873159725e-04
6.939982988142583088e-04
6.332954081755205918e-04
8.463063488041140756e-04
1.020083875137430159e-03
8.445682080585851939e-04
1.163661028529495252e-03
1.773365958345768248e-03
8.519986793851176861e-04
6.966634874629473208e-04
7.630340047923221377e-04
6.031274965058877960e-04
1.261541029426755875e-03
7.480119086231654547e-04
5.959762963684700357e-04
9.870861194160669618e-04
1.470547639382258727e-03
8.451792626247059924e-04
6.757275627981041170e-04
6.767348574733596939e-04
9.574818022235872996e-04
7.369979537493312255e-04
7.889459265364752449e-04
9.560123322405348961e-04
1.020158213697461595e-03
6.664997455847779207e-04
6.374996792163771823e-04
6.157226765215346185e-04
6.410150742682132032e-04
7.806359761077530119e-04
7.428794349185449718e-04
1.042637999592682186e-03
7.821460283991219778e-04
6.139753313128813207e-04
6.778973323715434870e-04
1.195519936422029901e-03
6.481772185130274403e-04
6.581750789875339541e-04
2.452409726347899808e-03
6.854870996061921415e-04
6.245927741722827982e-04
1.545927963246202094e-03
6.894932725258291675e-04
1.119134344264850279e-03
1.683280414055633419e-03
6.203791466613399778e-04
9.629272576120964005e-04
9.190137456132831291e-04
1.085581243494680758e-03
6.214412685922506832e-04
8.273507156714608127e-04
8.887997097997913298e-04
5.761201303185506080e-04
7.552458896368289230e-04
9.195375869291482970e-04
6.924648398247852926e-04
7.663246854281559415e-04
7.502643436126347088e-04
8.396407682243807067e-04
1.094668837057879420e-03
6.697462826349503094e-04
1.024180986874690226e-03
8.152276951923735767e-04
8.092801828014612548e-04
8.816187025209831470e-04
6.365368324634121605e-04
1.119198683847146296e-03
1.561552976452844485e-03
1.088096052292566529e-03
1.161670137528751905e-03
6.344007509556361330e-04
7.099282202143902040e-04
6.866583328423599402e-04
7.566189910032037865e-04
1.365217676423719070e-03
8.697511111603834031e-04
1.256450579739373146e-03
1.100481474946165238e-03
1.697266524035603331e-03
1.379173644927066643e-03
8.658517145826827950e-04
6.280543516081090166e-04
9.611016647926845643e-04
1.215380556942734832e-03
6.014279369315809034e-04
1.582695709579953021e-03
1.000660372294867899e-03
8.437421355581701306e-04
7.925925785445804648e-04
6.840453120740176566e-04
7.191239128682934412e-04
7.564121889978379226e-04
8.126489665629074190e-04
8.338399403244940071e-04
6.799985234583948114e-04
6.230749127978322654e-04
7.391462984199153935e-04
7.716906947497832086e-04
9.018427303601382833e-04
9.180938129444317494e-04
8.609824077043542632e-04
6.559023204928105498e-04
1.023189513818423008e-03
7.776164542881379947e-04
7.092274667352145958e-04
1.593670268970106977e-03
5.654500716028361840e-04
1.280704964253394276e-03
5.423345100072974635e-03
8.329630543903549997e-04
6.333979530814020558e-04
1.452635465271342368e-03
2.182702761100427814e-03
7.726161671564936743e-04
6.514626553704540909e-04
1.403585234405527703e-03
1.046862589226084340e-03
1.004425711872015525e-03
1.704498947703943137e-03
9.321138717740914308e-04
6.094902852377201289e-04
9.686037275793077383e-04
7.023625306181916330e-04
1.009939491637160298e-03
8.885338605154316418e-04
8.018591414401743866e-04
7.940670974987623990e-04
1.207950573875668726e-03
1.017371798249211727e-03
6.938727772225847940e-04
6.205175584411788334e-04
7.201509899739318458e-04
8.268045169470684790e-04
1.387437621824179432e-03
1.327084506729564635e-03
6.572395338556517429e-04
6.380921505744208133e-04
1.051345256992778157e-03
1.330265330955784442e-03
1.093757513565528101e-03
7.570245470013270677e-04
1.385184801990024979e-03
1.544053151378164002e-03
8.959150689912034329e-04
1.060620754320829072e-03
6.392497710438308249e-04
1.105433054923058139e-03
7.928338881066731127e-04
1.313932274822190473e-03
8.774810323506482528e-04
7.298949531563677729e-04
1.151510102569049078e-03
9.061336165548325178e-04
6.165391606546913057e-04
8.719856451741556710e-04
9.322210019467942928e-04
1.305104385906735677e-03
7.562187723067280258e-04
9.518684809689991399e-04
6.956302447811334383e-04
8.533583228502257447e-04
6.631477478508088393e-04
6.689783276211555508e-04
1.136666206472817728e-03
1.057407116561840483e-03
1.343111021132644594e-03
1.443907452508896155e-03
9.179078607982964991e-04
1.362212631555194441e-03
7.294220486537643638e-04
8.565619146634367203e-04
6.041380232495829720e-04
6.713219739957641471e-04
8.890810918235526753e-04
7.488062286829448404e-04
8.847685036972968405e-04
9.907827883224385249e-04
7.938992484303752668e-04
6.330072899129408686e-04
8.040572372108228732e-04
9.591356750009046288e-04
1.152653573232620453e-03
1.003085758334663641e-03
7.149002681104863702e-04
6.792584824301101500e-04
6.738107797358791097e-04
2.291012160793005469e-03
1.064335949383153060e-03
7.059379118306561337e-04
6.704712109566697336e-04
9.048869054137278611e-04
2.171995057125704256e-03
8.074484533778042645e-04
1.290657071620204084e-03
1.192749055693929179e-03
6.664851157561013997e-04
9.686167625866855821e-04
1.658719852022093842e-03
7.293412216226760440e-04
6.979239654194812617e-04
8.873335735555314347e-04
2.062421593540514960e-03
1.127141150897643680e-03
6.427717223419506746e-04
7.614161093358381288e-04
8.646666415361817541e-04
7.946430687201421405e-04
7.369536070064376708e-04
1.222675757653268139e-03
6.410714197923133260e-04
1.900104337328646902e-03
6.932097533117508384e-04
1.051304075982228189e-03
1.164051979098130411e-03
8.071514851448462636e-04
1.143307341266919979e-03
8.106703458844479165e-04
1.910758591847247457e-03
6.268286833182415722e-04
9.492038106405902703e-04
7.523756312682560983e-04
7.080588713634672913e-04
8.787198440101393667e-04
1.254199814863914955e-03
6.508372378649548680e-04
8.405128513908143679e-04
6.674476213305737373e-04
7.704386094876346496e-04
6.445368783337718406e-04
1.250507919547112594e-03
1.546959026158312807e-03
1.312206620624033508e-03
9.877971474699714580e-04
6.897853427898730351e-04
1.283659618472057784e-03
5.905218125131063769e-04
7.499927027555417999e-04
1.118979920814851215e-03
8.104314519811401437e-04
6.420210133334522873e-04
1.565306872202359848e-03
7.856127448448991775e-04
7.883159767482193509e-04
6.933646849815262771e-04
1.073009787443051505e-03
1.421241853395988379e-03
1.663833567130583143e-03
6.795178601314383294e-04
1.070825984806851377e-03
6.440581862459048533e-04
8.517269032592294804e-04
9.318895625681188066e-04
8.215022549017837045e-04
1.317777281987104684e-03
7.445889455237295366e-04
7.098169332614567709e-04
1.640599303075857343e-03
1.374152642313923849e-03
7.212238940296341813e-04
7.508923739353958512e-04
6.965748932136330918e-04
8.677022532015201154e-04
1.131726828692810119e-03
7.117189678834567228e-04
1.063744202067473795e-03
8.332583049468108823e-04
1.624796101099980133e-03
5.948383752007217144e-04
1.093901227287444496e-03
1.458787334241964419e-03
1.168269804943543018e-03
6.606593178116998812e-04
8.906307769650232461e-04
7.530735228485240700e-04
7.024611376115896940e-04
6.548733084983430174e-04
1.098047257149668528e-03
9.420941647196278941e-04
7.543856788247873917e-04
1.228479987689222929e-03
9.806992373848901975e-04
1.109805363662904861e-03
7.244212821156005696e-04
8.663741615529120489e-04
2.218609332281470860e-03
6.425656386080451322e-04
1.463865036724429228e-03
6.752635582923880711e-04
9.112306465786742431e-04
6.406845068079334909e-04
8.820587231644181226e-04
8.441764956071871016e-04
6.302452099801245230e-04
8.103094942584513835e-04
8.679939605573445570e-04
6.471349276670081531e-04
1.436406617501787214e-03
1.086451505102141750e-03
1.208638895865742861e-03
2.230920042422336862e-03
6.809979792987573468e-04
9.025970508579340664e-04
7.417902429928483745e-04
6.909613344637190093e-04
1.450999653222594197e-03
6.025277156603100386e-04
1.026416291820284130e-03
7.388031885037407275e-04
7.266148469750019533e-04
1.041550371498749976e-03
8.242268408114790954e-04
1.560891123865306698e-03
7.430602681098167142e-04
9.641904229594995329e-04
9.804433583957866856e-04
1.080585236691319114e-03
6.817957677490228989e-04
6.345488445933979019e-04
8.067416981845439584e-04
9.451008259136166193e-04
1.400440066278785386e-03
5.884882669790839895e-04
9.369473942685592471e-04
1.884556708109207026e-03
6.914549428935568356e-04
7.012914068055441574e-04
7.205116702527770674e-04
6.426597857104399212e-04
6.067718189594573054e-04
9.140929855265206641e-04
7.432972670232321612e-04
2.904752657341692825e-03
1.359600011562850375e-03
9.638652720685664081e-04
1.166484577466822157e-03
1.047860689658100227e-03
6.863518785031852117e-04
6.636380971936468257e-04
8.147486444842272834e-04
9.157215896897968671e-04
9.704243516109192043e-04
1.102415970686940368e-03
1.225821163798320812e-03
1.317305995501679740e-03
8.712799827644206012e-04
6.744376699074314556e-04
6.793588640455784904e-04
9.098191767560582198e-04
9.603551110516353115e-04
9.252649926043852655e-04
1.114138796938163875e-03
1.004832856882010433e-03
1.624995764774631816e-03
8.591573215161496828e-04
7.551197697896901671e-04
7.804502090671163990e-04
7.988051760277535508e-04
9.690554880769581061e-04
6.705299677116770708e-04
1.047062401743860697e-03
7.702773966818680018e-04
1.943737608714118459e-03
6.150697049757484483e-04
1.574001548776845800e-03
1.579939217652686061e-03
7.981217490671483131e-04
8.440145418448973197e-04
1.021620056148905397e-03
1.020316131347868407e-03
7.975702869782338696e-04
7.057186340724149430e-04
9.166506715883983650e-04
1.803565590127440433e-03
6.846013944443163617e-04
