3.738773817002996491e+00
2.180423738571620085e+00
4.225151611143650676e+00
3.156707321248778619e+00
1.651078092146531562e+00
1.501979096202484598e+00
3.061988562107394340e+00
1.590682584810273026e+00
2.211656212609724115e+00
2.402316166895591021e+00
2.948176299295973024e+00
3.667136048502679824e+00
3.304986677444003540e+00
2.226003428067965473e+00
1.645979594389365364e+00
1.641890940855881498e+00
1.750296920728081407e+00
2.622392179541799262e+00
1.456122820693968478e+00
1.628209670303883527e+00
4.124586660002448113e+00
3.603685048128161483e+00
3.196941870413640086e+00
2.822577202369370930e+00
2.922782450556591805e+00
1.863815405644020817e+00
2.325048432512736074e+00
1.257814434766829415e+00
2.667228153797214230e+00
1.971410458309071689e+00
2.185093043954428715e+00
1.533647751104715962e+00
1.971656356866321458e+00
1.067489860613842989e+00
1.584780361743452382e+00
3.546518109398515861e+00
3.580236164495333107e+00
1.650653858661613960e+00
1.184427027999183757e+00
1.570667246731824562e+00
1.836672461603066298e+00
2.867542624585498690e+00
2.052968743746149016e+00
1.330628047408082715e+00
3.394752260991413806e+00
4.047618464139170591e+00
1.975321270774031079e+00
2.311389424456083308e+00
4.021635779254865817e+00
1.902224634868473929e+00
3.301314508909882317e+00
2.571876098276494105e+00
1.617937192767475052e+00
1.348036329628303331e+00
1.944288071616931735e+00
1.049584185187960594e+00
1.331799824108838237e+00
3.588947503007956730e+00
2.669688539540002736e+00
2.459819368860611810e+00
1.996085845941669934e+00
3.675329676088070485e+00
1.369929324112489244e+00
2.365938561548567520e+00
1.678194167116224822e+00
1.973746512882226689e+00
1.776437503161098164e+00
1.579320664127289886e+00
3.895584652720551766e+00
3.484226848406539290e+00
1.622226857136827682e+00
2.534890409768803199e+00
7.343674216215935191e-01
1.239839037663686083e+00
2.397898540083013064e+00
3.891126257303971325e+00
3.966878999620234936e+00
1.305076742656386513e+00
1.316249482432958695e+00
2.382270423918506630e+00
1.648422643438949953e+00
3.791109683302137157e+00
1.796372176082553729e+00
2.759127827548432776e+00
1.422888534692474671e+00
3.681362985222752293e+00
3.779204233118735434e+00
3.980075144573832269e+00
1.071619991532591465e+00
2.114368267159788317e+00
3.382222401160297043e+00
1.354976580110414774e+00
3.761537645166595389e+00
3.196580116829264018e+00
2.432099980962991292e+00
1.549495957485919284e+00
3.147183757149242034e+00
3.406801938819104869e+00
1.623844665535898013e+00
2.232452429527627125e+00
1.768506086685159850e+00
4.042641774252349940e+00
1.762597884088662914e+00
4.004110284485643767e+00
3.047187179171849447e+00
1.988276504463780903e+00
1.382748422069215000e+00
3.588602291547129841e+00
3.576604918985929693e+00
2.294593037487732801e+00
1.354144713308115477e+00
3.910114658918915520e+00
1.980568858182814695e+00
1.371892794129102144e+00
3.826734236728921879e+00
1.588511961207957679e+00
1.725701048678397242e+00
2.192540581534413224e+00
2.140902137061576838e+00
1.546468589160477469e+00
1.513446125846933610e+00
3.596036220635264069e+00
3.225481636439994304e+00
1.542126508676447960e+00
4.145234211702171656e+00
3.552631972394999949e+00
3.026029152890754137e+00
2.148855959032128560e+00
1.571964971785303922e+00
3.793632644915187591e+00
1.730059006167166569e+00
1.979484332635628174e+00
2.115857110245654482e+00
1.370840499974212312e+00
1.848072298615691222e+00
2.882553658438928412e+00
2.503148489048788061e+00
1.516140703110196997e+00
3.720134096046474159e+00
3.752341899330537522e+00
1.966072356948749933e+00
1.383387557869623974e+00
1.675012259897154632e+00
2.081529001507868237e+00
2.152053729586698161e+00
2.203151886373121204e+00
2.071523808483175966e+00
3.183544907224208131e+00
1.535126021992842871e+00
2.686624650299887840e+00
3.227297228648150718e+00
2.003003514029547460e+00
3.072594951674803010e+00
4.033964545981302940e+00
1.628941638946730830e+00
3.671709184263500347e+00
1.404756479690367321e+00
2.656730378194871456e+00
1.316299741767186005e+00
1.098723920507211460e+00
1.679822753785289224e+00
1.948823119112949254e+00
1.480919516318982332e+00
1.524977250660131789e+00
4.206267677402666827e+00
2.285329342860058066e+00
1.163798261056287142e+00
1.472530476401015864e+00
3.784913570012942152e+00
2.010830675894576647e+00
1.432554153680545284e+00
2.133304674498973874e+00
2.953643965697144935e+00
1.541337287997589511e+00
2.398581927109613599e+00
1.493243568309545743e+00
3.144434554463093612e+00
1.701460546907193061e+00
1.457468427869704319e+00
1.637831875930656933e+00
1.944765996988543799e+00
1.626147811913426722e+00
2.863899949376063958e+00
2.607465428534768481e+00
1.899043833169647311e+00
1.763634375424291356e+00
3.371931032504562165e+00
3.421762741085343951e+00
3.279180679968705991e+00
3.058316696103698273e+00
1.432982980278385110e+00
3.674965140354518489e+00
4.174887468946521629e+00
1.823684534685465986e+00
3.197091067597458203e+00
3.740743341929656296e+00
3.939672207043473762e+00
2.843684522462684328e+00
1.903560138708777494e+00
2.142652959085373343e+00
4.042570743814983381e+00
3.775581136253252090e+00
3.948989726450668591e+00
4.059295605582489586e+00
2.015678536439822199e+00
1.608328751965814485e+00
3.806303356341978805e+00
1.509694188021882155e+00
3.718388693985897664e+00
2.583192770324042264e+00
2.241840921670054776e+00
2.045380118278844694e+00
1.467898268041085919e+00
3.808359754960040977e+00
3.291187333851596009e+00
2.589946247987660488e+00
1.448523717292129476e+00
1.322759504622613713e+00
1.470136228809478363e+00
1.737643469218602910e+00
1.652564963833958345e+00
1.985294748852922897e+00
1.391408237855033425e+00
2.124144099937462560e+00
2.860315326674203629e+00
1.328088281552821881e+00
2.399102474762891735e+00
3.461387617732946786e+00
2.041500334311178388e+00
2.914734039799229404e+00
2.322251496687218530e+00
2.282497632405661836e+00
2.823057816489741523e+00
1.566337051816072412e+00
2.525502159669138713e+00
3.033145485070686043e+00
2.474579301088614791e+00
1.447125666349129647e+00
1.682279543165136948e+00
2.815836475918801707e+00
1.969618098835874243e+00
1.990098353307112156e+00
1.023864410029088789e+00
9.252512384702649140e-01
1.700750494082776010e+00
2.953693274522574352e+00
4.160063499909951723e+00
1.384506993663001007e+00
4.106330765390816318e+00
2.309641222130408789e+00
1.203651291076311747e+00
1.165227866296278725e+00
1.631496231977247691e+00
1.348367449056522283e+00
1.713092976699989167e+00
1.918348084426403144e+00
1.982104197919043242e+00
3.995325655883105398e+00
3.968059641786481517e+00
2.206660704974525711e+00
2.527724542325844759e+00
3.412452619675667265e+00
1.914311849792220466e+00
1.375661535876705033e+00
1.963099509331025949e+00
4.089103895937084232e+00
1.367575292912209362e+00
2.217140711313310142e+00
1.365818688692051364e+00
4.152669966606319818e+00
1.626571508936145438e+00
2.059989885810875165e+00
3.503192537061577738e+00
3.765431509043923430e+00
1.398658709318127302e+00
3.081304513215936680e+00
1.666860156912163937e+00
2.095489232372355737e+00
2.054987983310631261e+00
1.436351070204392011e+00
3.086156190478956507e+00
3.488703392793949032e+00
1.693754418484971769e+00
2.050508251517012770e+00
1.434775237239887202e+00
1.159427842465430292e+00
1.386626730833944832e+00
3.084802055747668525e+00
3.013781342771214788e+00
1.451664605819614540e+00
1.756117939520388527e+00
1.661032250652247910e+00
2.352251035207731267e+00
2.472936131828068262e+00
2.433716892452844949e+00
1.262998264634589640e+00
3.868830767380777580e+00
2.060629117410437416e+00
1.812513117473358637e+00
3.962754550268142939e+00
3.658764780956281548e+00
8.895548298645963303e-01
1.188654018880443086e+00
3.154314918149453639e+00
1.210350070072036432e+00
1.365616936893702560e+00
1.116484412094560286e+00
2.161367988451526223e+00
1.438192152656068146e+00
2.204951911091054040e+00
1.356957821043341506e+00
3.563639974766808827e+00
1.988170781187506675e+00
1.499795851765709065e+00
3.444443599656363819e+00
1.164411743720995984e+00
2.752565158417696445e+00
2.164418310621315289e+00
2.284866251558849815e+00
4.074844450175827859e+00
1.702631894320363326e+00
1.655982793810175657e+00
1.979831728464530594e+00
1.804901507521039727e+00
8.910264431756595993e-01
2.160326556992520075e+00
2.870416801296963527e+00
1.903061263522370927e+00
2.940467895938215115e+00
3.764805569540787822e+00
1.820581978876393281e+00
2.199648536124993559e+00
2.377648358131331463e+00
2.388997270316483679e+00
3.235922131177538574e+00
1.134207246778667244e+00
3.992279013145293209e+00
3.960837017889557110e+00
2.784919578501273918e+00
2.460242461332022401e+00
1.821716081095775985e+00
1.528311354104663788e+00
2.075945127788061395e+00
3.186192057857610394e+00
3.628030473912817744e+00
1.405685292462888203e+00
6.186043181304669014e-01
1.337608885477111320e+00
2.391063575971461130e+00
3.869526711576024791e+00
4.012101804025041574e+00
3.363617264510819993e+00
1.456263793836050535e+00
3.215234034100132199e+00
3.313971422525743726e+00
4.058375672620684327e+00
1.616949981833754935e+00
2.724960722940578339e+00
1.774909057642010790e+00
1.417146238624515719e+00
1.493702745216446415e+00
2.156307432050831085e+00
2.479849389890663502e+00
1.329626781152547288e+00
3.811576685145880106e+00
1.710609946451305374e+00
1.354158915656943352e+00
1.391800630019411233e+00
1.424696969336028518e+00
3.841349784817570168e+00
3.046845218762082474e+00
3.291029745840666099e+00
2.743568226774711238e+00
2.423245507307432600e+00
3.773063711246318341e+00
1.972329020166024183e+00
1.593096317576479626e+00
3.306558267953104036e+00
4.004759337433305255e+00
3.569839478692768964e+00
1.415858942552022937e+00
1.030028279304634031e+00
2.480497067316349113e+00
2.736842105517589996e+00
2.964370586037289979e+00
2.606450304355394820e+00
1.697326204989564769e+00
6.772631870601488746e-01
3.179922125955357171e+00
1.792701795774762630e+00
1.733982642154148657e+00
3.319868254281966635e+00
1.535355853553917349e+00
1.440219336326893140e+00
1.573994426422473225e+00
3.026201562850712179e+00
3.712312144008040882e+00
2.910572517529191661e+00
1.633298308700444901e+00
2.651603422191421089e+00
3.586690747681347879e+00
3.866674900260679948e+00
2.512274109779678799e+00
1.261576015813664631e+00
2.727343229652865020e+00
2.775174390003892988e+00
1.221464051957178221e+00
2.901100833307774796e+00
1.624175954160010926e+00
1.079716125139563720e+00
3.994806041377388262e+00
7.103079054922998292e-01
2.722294604837359966e+00
2.041038537514503481e+00
2.246811887521227291e+00
2.327672640085510114e+00
1.441507435378142299e+00
1.706820569728909165e+00
4.138568072351906046e+00
4.157524998883552314e+00
1.518568965747312483e+00
2.441175864582097343e+00
1.302446039228898789e+00
2.222120116865145878e+00
2.814319705654924952e+00
2.857616273553513775e+00
1.508934277332198537e+00
1.533275475042682690e+00
2.175206257255337228e+00
2.588960304928214828e+00
1.694666792599808236e+00
2.411023215932112773e+00
3.625737817844804756e+00
2.947035039457790884e+00
1.946873365370959119e+00
3.374091523905507817e+00
1.682359966511558058e+00
2.770594755591606617e+00
2.944085471341384874e+00
1.723041389193737727e+00
3.216496459470229219e+00
3.387465704403391786e+00
1.692212337272496203e+00
3.688140287314698895e+00
1.692093641234959644e+00
1.695760535949968562e+00
2.869622716609001145e+00
3.334894641531811477e+00
2.296313961428391615e+00
1.261481402620188375e+00
3.369811633581997423e+00
2.984237717483459118e+00
1.427507585219450092e+00
2.860148416942397631e+00
1.840364932189817448e+00
1.439787833283200147e+00
1.816909511718005632e+00
3.113420207196417433e+00
2.167331692189994996e+00
1.416656587685565682e+00
1.840452450408460949e+00
1.307946646893245690e+00
1.380941388845176476e+00
2.851072967235490641e+00
3.213723802645741312e+00
2.245630084171387875e+00
1.910883043925458491e+00
1.767316153531956591e+00
3.953212848313498284e+00
2.597579801477960970e+00
2.748543316742248610e+00
8.738514472214815587e-01
2.353656580628826767e+00
2.632729669745852430e+00
1.893452959764090782e+00
1.955887037797950034e+00
3.889336458485246339e+00
2.517048231080321496e+00
2.753256251235765006e+00
2.653431978487103216e+00
1.378928501528108308e+00
2.074876614010035425e+00
2.667482319298916327e+00
1.801827481120928942e+00
1.311160857327662299e+00
1.329974930338993833e+00
3.242234978405819312e+00
4.192802733750881750e+00
1.780159900172020526e+00
2.813059185918853622e+00
3.797957531525159247e+00
1.663091880567110659e+00
3.578850009909003482e+00
1.671077926666031610e+00
2.026861578169735889e+00
2.101316665037918696e+00
1.951255491399830788e+00
2.764492066175407547e+00
2.716933352779743682e+00
1.844180387073657057e+00
9.326112912808862676e-01
2.820281845799778253e+00
2.706092690067725570e+00
1.456969486619711818e+00
3.272147078494005434e+00
3.821339924955269751e+00
1.807750155944400472e+00
2.028819624895085383e+00
1.571167422714589534e+00
2.352884806636930115e+00
2.355721317693163730e+00
1.456007601718691369e+00
1.432905749577336296e+00
3.084443487508448545e+00
1.553898366600202863e+00
1.992112510410296133e+00
1.494592848103396765e+00
2.688619952982533867e+00
3.612835515528583397e+00
2.084816228941220206e+00
1.710014308480308776e+00
3.927281033211782013e+00
3.322994556669556676e+00
1.001717741325151678e+00
1.632278866971087483e+00
1.733200254048106848e+00
1.535614503096132344e+00
1.357049200236936093e+00
2.302910753222280338e+00
2.439025666494595068e+00
1.937942598962813401e+00
3.896145835366239929e+00
1.647322456509940913e+00
3.139070151039795142e+00
2.283370290574756378e+00
1.521851479786137329e+00
1.589069598155243401e+00
2.761677572592144081e+00
2.055215539334279917e+00
9.251878798486071753e-01
2.205840328652834526e+00
3.730195482918827299e+00
2.698454432321359064e+00
1.663940617043245140e+00
2.058663220501223634e+00
2.365680323179014444e+00
3.777146112673490652e+00
1.190757615058994467e+00
1.197933739336231485e+00
3.031018674223694198e+00
2.999686413319332168e+00
3.095106015744632177e+00
2.035202859775920192e+00
1.585427676653382356e+00
3.355874661076388765e+00
2.353598463633554072e+00
1.855871081614262286e+00
1.692178115233653912e+00
1.438547712985928095e+00
2.187928662471202657e+00
8.932590778084092964e-01
1.895871362231057011e+00
3.886727208770884623e+00
3.898974246224419904e+00
2.530138601764955641e+00
1.253849822603626762e+00
3.832670754135333091e+00
1.412630912544851292e+00
3.013185246530564410e+00
1.818927506707968433e+00
2.289561058322889142e+00
3.421987139645021436e+00
2.791232984338630985e+00
1.859533952646727162e+00
1.583470633981022058e+00
1.380992705780088370e+00
2.163469960906290179e+00
2.551331720622332266e+00
4.210074092587737127e+00
4.000775645171603223e+00
3.631417558744507446e+00
1.792231160953592584e+00
2.562101976687922722e+00
1.837201475272494333e+00
2.122395574173805866e+00
3.470475391699444856e+00
3.365106258723635779e+00
1.779011746224287593e+00
1.642286466336306372e+00
1.701339781240416293e+00
4.047224044485957073e+00
2.134349069294555257e+00
1.633251614533292928e+00
4.005256888796179027e+00
2.398081341294706625e+00
3.829746917365661307e+00
2.082502179585498325e+00
3.256872018358342835e+00
1.754242634337541018e+00
2.030636707571006117e+00
3.453492214189939791e+00
1.515087834865483707e+00
1.913144039413464670e+00
1.419369165162599034e+00
1.835740813044842046e+00
2.631605342571588846e+00
3.462337506050608305e+00
2.476048704648994292e+00
1.771075513100229593e+00
1.701719035158336668e+00
3.988830104621464923e+00
1.606744683298068077e+00
2.892973920009653366e+00
2.096500488874059265e+00
1.440503844227652319e+00
2.599972705506243820e+00
2.472749389172930190e+00
1.506260441435915975e+00
2.880310904090748192e+00
1.848921355006331035e+00
1.992381803840129084e+00
2.043696465792590455e+00
3.200784049322258351e+00
2.213945037556753537e+00
3.313198317645512425e+00
1.375567762330636379e+00
2.221370184396034286e+00
1.745030092684810352e+00
1.835707024091306705e+00
3.249780726850749701e+00
2.433474377823944490e+00
4.163640106169369304e+00
3.726790998467296223e+00
1.789717517838069316e+00
2.993547047086487556e+00
1.639153592017333239e+00
2.548705116883819510e+00
1.322479034017092658e+00
3.542341563535746918e+00
3.832717016924389153e+00
1.828262552316837652e+00
3.494461375709518869e+00
2.725199114788485755e+00
3.184888545605959020e+00
3.837148128856507689e+00
3.044557733531408239e+00
1.271845284345730187e+00
3.887607107665961959e+00
1.489842764056676483e+00
1.116881729921967548e+00
3.332127086206275735e+00
3.815115884556379289e+00
1.445501948655765867e+00
1.744504907509352831e+00
2.154033051313327451e+00
3.194814776641316190e+00
1.803464769273509294e+00
7.200109928404322401e-01
2.544647674692420036e+00
4.043120016475311829e+00
1.060155153688077778e+00
1.362845177900672500e+00
1.481691007876165145e+00
2.633862261516700443e+00
1.959329725553660584e+00
1.862960057191030527e+00
3.556149736998057254e+00
2.544511381979106979e+00
2.376548795838895778e+00
2.001778852259628927e+00
2.924994352622392491e+00
3.788492594953378756e+00
2.107601935717786201e+00
4.545895256896623216e-01
3.097066713624371026e+00
2.164233026491320544e+00
1.544095647211917610e+00
2.244412255611504925e+00
1.300168580678953356e+00
3.576991496363706613e+00
1.862390647230438789e+00
1.526488527333615730e+00
1.541997210805677421e+00
1.731243532148720954e+00
3.333734123580462949e+00
1.906015768977131097e+00
1.770915425821870892e+00
1.216605567978622293e+00
3.611701362052681663e+00
1.410165043333766022e+00
3.620706509839919818e+00
3.029639103015003609e+00
2.851361864292359716e+00
3.403410261618086352e+00
1.809453391568639935e+00
2.003410886355007747e+00
1.493880778390396680e+00
4.036952978671507708e+00
2.814393385543286996e+00
2.559409295204131851e+00
2.246606536104934104e+00
1.324197876461301826e+00
1.840934558055351999e+00
2.305087476706587424e+00
1.206714353257103634e+00
3.965989770795336877e+00
2.419833393419966061e+00
2.328037174050728186e+00
2.402149025223012657e+00
3.490558694657803329e+00
1.320414882836655313e+00
3.673967697742979155e+00
3.293181172415493574e+00
1.472652184864720271e+00
2.020608718862856534e+00
1.782206645725836758e+00
2.197589733633770415e+00
1.781218456140666762e+00
1.781300460172708711e+00
1.582894091263228109e+00
2.822853082151811410e+00
2.395815703820440845e+00
2.097807750870673615e+00
4.085099167888200711e+00
1.680840150808292188e+00
1.482832972461113785e+00
1.615366166869667941e+00
2.803782090788891512e+00
2.535136028669885189e+00
1.905016108301478051e+00
8.801475217334058243e-01
1.575026013032641892e+00
1.369490224511350052e+00
1.961440103081204755e+00
2.626129162768532588e+00
1.894790618596257081e+00
3.390337244053297727e+00
7.304506951569457174e-01
1.517943298740657587e+00
1.321182300978434254e+00
1.584555291606967842e+00
3.251535116035704220e+00
2.662084348920510823e+00
1.679568017926795553e+00
1.457558647402525276e+00
3.988474644734648411e+00
3.064159347672839484e+00
1.929369858025248519e+00
1.649190288490152145e+00
1.874883205481302939e+00
3.005464882636091239e+00
1.969191919879605734e+00
3.732981268812462172e+00
1.382571997945997611e+00
2.502521117334834955e+00
3.881794421418906182e+00
3.719194020771530607e+00
1.625193540359418209e+00
3.949104901206361262e+00
3.966553744511566837e+00
2.485902486730181771e+00
1.886152011099286430e+00
1.591319888694744167e+00
2.411217016299080917e+00
2.255772867854282548e+00
2.014169804969959010e+00
1.895963510682268982e+00
1.316922991624806638e+00
1.278240808981894627e+00
1.544171734416805108e+00
3.373209370776009575e+00
3.853069879185766045e+00
1.778919964416015187e+00
1.843809617253080013e+00
3.169863546325554005e+00
2.880013319204696387e+00
3.107161513145880516e+00
2.933917539706910826e+00
1.729288352186591382e+00
3.352299838306010749e+00
3.586655548243443903e+00
2.862999660932270540e+00
3.446078515316256308e+00
4.197488898179466688e+00
1.475319614035539129e+00
3.805338466085306681e+00
2.868566765827189613e+00
1.337276054219003196e+00
1.921096513984178022e+00
1.706532486199433318e+00
3.309214355603705471e+00
3.188451954167061064e+00
3.901868511267116979e+00
4.165039640280688182e+00
2.492675674059501301e+00
2.839598110043660917e+00
2.996764926023547826e+00
3.065291069287181536e+00
3.985802323943704817e+00
3.987805934047026657e+00
4.094901013230482612e+00
1.168109656405944774e+00
3.246807504075087891e+00
1.836042980433172822e+00
1.136382873389132797e+00
1.425167209969185222e+00
3.634164525496851983e+00
3.941171968986703078e+00
1.786119467346761303e+00
1.580611292138619506e+00
1.136654785164881609e+00
2.253342191396205507e+00
1.954765354752159068e+00
2.837406111120349461e+00
3.051666872320904833e+00
1.244833229942407860e+00
1.529593758601341058e+00
1.823585997589032726e+00
2.679448255661384337e+00
1.931728944874566700e+00
1.629980842344553871e+00
1.414963601377612123e+00
4.199464884628635097e+00
2.922715383876383299e+00
2.201370434856423586e+00
3.554586394596626953e+00
1.319265486840528467e+00
3.812898321531219992e+00
2.221328910159613201e+00
2.442056300490074161e+00
3.184964629015073712e+00
9.747010683525236807e-01
1.423478695155633522e+00
2.688184899101375258e+00
1.568756116210349383e+00
3.313863622858989721e+00
4.045268594257077410e+00
2.461360770286570965e+00
3.090054841086364856e+00
2.921994429159631146e+00
3.615276374132325721e+00
2.198468227482373027e+00
4.096714179291460312e+00
1.581732110216228726e+00
3.704500271012768575e+00
3.167887675600083330e+00
3.514654610161967341e+00
1.558553836508764778e+00
2.605775420790378050e+00
1.366427091748177114e+00
2.129221581688413245e+00
1.370818935776194403e+00
1.080687725452390779e+00
2.290372306567593164e+00
8.579005176073548622e-01
3.587590133039470164e+00
2.703635440271376922e+00
2.580656316356008784e+00
1.564281776443448013e+00
3.268564542377448756e+00
1.515376286341105327e+00
2.506899890478904602e+00
1.318678379642395981e+00
1.190580579151572671e+00
2.573951300315150181e+00
1.510351017490161540e+00
9.927404864162456821e-01
3.584019855646311647e+00
2.247097707560068880e+00
3.294984878779814608e+00
1.999229453094466091e+00
2.162949582223438139e+00
2.317820783055562384e+00
1.953220777463825719e+00
1.482900521126089277e+00
4.020783365032663426e+00
3.958439924292685319e+00
1.945233117543117007e+00
3.646207975494141884e+00
1.685835864304492171e+00
6.371299253070504820e-01
1.775267326858246397e+00
3.429735727900617981e+00
3.388107752857257182e+00
1.560726819012320687e+00
3.658836623669107446e+00
3.421475882841522598e+00
1.841146873096081604e+00
1.265302648718976908e+00
1.555757087911215253e+00
1.591449662026895195e+00
2.326844709272131606e+00
1.814506226503850739e+00
3.513671315547033824e+00
1.655257417873913672e+00
2.378406837459551060e+00
2.241310060667078385e+00
3.550282810181347948e+00
4.079230447848983587e+00
2.911055696634307299e+00
1.571537572218933976e+00
2.407352878894315040e+00
2.040505594855487104e+00
2.011348784707942539e+00
1.896003834889576467e+00
3.225432732798043656e+00
2.868427720217130883e+00
1.488146137230187627e+00
1.534912936924620386e+00
4.180699682173634635e+00
2.697405891974514081e+00
1.988515010099764391e+00
1.496456235277159985e+00
2.057175939952475385e+00
1.325305166832254633e+00
1.668792173934670942e+00
4.031109332627136332e+00
1.271998168155039854e+00
1.726814948525053461e+00
1.376621777964411875e+00
2.698533482422082130e+00
2.311108329872619827e+00
2.838084639666279330e+00
3.047976311226358703e+00
1.765329056930115659e+00
2.245386598348692697e+00
3.113545336358813920e+00
2.345349280900015820e+00
2.845173585509327197e+00
2.120262439073232308e+00
1.526532260896613646e+00
2.342696418071736453e+00
1.523300927900002488e+00
1.653871265881502683e+00
3.669923341146587692e+00
2.019954992835049534e+00
1.639791171115395407e+00
2.459692980301934728e+00
3.447167204682711983e+00
2.599659109506776922e+00
3.620317637879340023e+00
3.056307811616164827e+00
2.634008509837248990e+00
1.663289213106187159e+00
1.222087869866475662e+00
1.564967612034180444e+00
5.711827819968295916e-01
2.050257708259647149e+00
2.855425942460769306e+00
1.900720221417594002e+00
3.396905463617690746e+00
3.085794802952813942e+00
2.512723202143179346e+00
1.607999353099613948e+00
2.072542298223998269e+00
2.620714383008118542e+00
2.169573870846641217e+00
2.300791589956759253e+00
3.542489932663222429e+00
2.304489832901073676e+00
2.474291191161032355e+00
3.787705299820907534e+00
4.161004497040168282e+00
2.832942868766768374e+00
4.171746864831455959e+00
2.805253761711853588e+00
2.529691609890038606e+00
2.733104633868132627e+00
3.882463009169252910e+00
4.217413631655364981e+00
1.808622295982249772e+00
3.618093674842064900e+00
3.377892319032940627e+00
2.867256770605581373e+00
1.301811012612466900e+00
1.547684955697619325e+00
2.226248652861151811e+00
4.155610561096628963e+00
1.589050921796679727e+00
1.641420508906509479e+00
2.515879069802127166e+00
1.288201311223543311e+00
2.698411085977335144e+00
2.210345175035925980e+00
1.682502499417221298e+00
2.325412022691267122e+00
3.733428307457757445e+00
1.618935912494666729e+00
2.836839317080983136e+00
1.588432694003525381e+00
3.170035401113960649e+00
3.819813213057530632e+00
3.269572299139019034e+00
1.033576720155495288e+00
4.171674824983340635e+00
2.399268119454645909e+00
1.922148876007637730e+00
1.512826146262707061e+00
1.327202369359389955e+00
1.797635240065060147e+00
