6.731083779044869531e-04
7.896349068931897723e-04
7.704628962181778737e-04
1.484706323348350615e-03
1.309219353166345265e-03
7.115306418570047607e-04
5.845885652990771147e-04
6.324376778048927412e-04
1.019256317877543583e-03
7.909850379709159251e-04
9.467884506624413407e-04
8.009935320439882456e-04
7.107804855771176263e-04
1.031214103685110543e-03
6.248553275591996062e-04
8.537299853026924200e-04
1.220401067768052102e-03
8.078866249881562359e-04
8.613032543832388694e-04
1.170113405635856037e-03
7.509977592661497281e-04
6.226994319256354445e-04
7.242645104054348934e-04
1.352493569801068709e-03
2.120523513938675064e-03
7.973105085027727343e-04
6.502716139097343634e-04
6.336204206688452389e-04
7.789422646250400038e-04
7.578757820983675992e-04
6.407224922274593493e-04
7.316925523451005796e-04
6.298522530415713930e-04
6.893160889789581381e-04
9.495685018395446644e-04
6.401635501828544786e-04
7.121625522482294759e-04
8.367908398683898035e-04
6.819987787610296871e-04
7.927760802883934742e-04
8.775526357039057247e-04
7.644704220603225136e-04
8.608472920398576624e-04
6.471328825226960050e-04
2.062144068563892107e-03
9.710251896765269069e-04
1.949420372577164969e-03
1.068160490640292356e-03
7.020801710096539203e-04
6.125108925115342173e-04
1.689449922236342617e-03
7.342409037149881957e-04
1.470122725322543485e-03
8.838337480865009416e-04
1.720592360278271581e-03
5.977076626604726660e-04
1.193182260153336036e-03
9.273039443787871750e-04
6.512183163458712225e-04
8.942872317259834654e-04
1.079697916321472597e-03
1.397061484271621074e-03
6.385955846723270941e-04
5.978569871614130681e-04
6.737761193646243669e-04
1.140540980985618475e-03
6.934074717371083033e-04
3.262224972933187774e-03
1.795424876605054712e-03
6.816974802219146314e-04
6.976276584796815144e-04
6.391165425232990830e-04
5.991300233331660384e-04
5.829616474887488195e-04
2.318557441421322408e-03
1.245554654800755563e-03
1.161924578961276433e-03
6.676591419554668300e-04
8.119315919514860950e-04
8.039629495349621307e-04
6.259962868519030992e-04
9.253506099287404571e-04
1.412761456260893875e-03
6.685880950208748655e-04
6.622993657767517516e-04
6.704854407534702491e-04
8.497178918867007201e-04
2.024384918219173605e-03
1.531278471172820227e-03
5.989319479454379954e-04
7.709847609482407826e-04
6.148379536655335011e-04
9.849623269219045119e-04
2.080160488376123565e-03
8.786483657738079376e-04
6.901724441088116476e-04
6.215952279468824667e-04
8.817379607954901020e-04
8.877468277714935154e-04
7.794526506960230278e-04
6.862182993131000705e-04
6.054343346612097321e-04
7.671173732629749933e-04
7.004519843044793330e-04
6.953969812560807651e-04
6.395301245801098163e-04
1.946084122694014288e-03
7.595946988468142312e-04
8.485774833435373848e-04
6.875726044973444430e-04
1.898746558130356152e-03
6.058646284043233809e-04
6.690423136696239210e-04
1.280448453310240476e-03
9.831101716572406522e-04
7.392661642521314606e-04
4.035140447458222812e-03
2.987740024291457314e-03
7.061375756679887745e-04
6.171570548097927858e-04
6.079122789662935906e-04
6.694665840250278461e-04
6.806793666977250341e-04
1.050471819441245631e-03
8.227757093399732432e-04
7.770275735424760034e-04
8.854398025262790644e-04
7.350853058732390770e-04
9.049338903755136786e-04
6.229184003493763461e-04
7.697940050572976483e-04
8.400318594322005172e-04
6.807255475145575349e-04
8.621986116746058236e-04
8.460991489046611755e-04
1.128254888242970471e-03
7.719279890755955656e-04
7.461265265235774010e-04
6.339633788923501947e-04
4.624914434076448332e-03
7.409325942221706282e-04
5.814835889955535450e-04
7.234024055318830819e-04
7.618733787883921879e-04
9.999312204965324011e-04
8.870551681480782352e-04
8.061195200028295309e-04
7.413367127712666965e-04
6.953112865473690552e-04
2.955103881247333510e-03
6.830579138439416432e-04
7.041316302651640449e-04
8.512734498618682900e-04
9.897573166303111260e-04
6.548257845324102202e-04
1.581695679596540867e-03
6.571512374952344403e-04
7.504515895502117786e-04
8.844333800739670980e-04
1.570137486403897506e-03
1.175831153398646661e-03
7.234355590405160564e-04
1.186128534852388559e-03
7.022727031456791474e-04
7.657891350459925190e-04
6.523147937781570036e-04
6.029432244421953965e-04
9.179172443670663775e-04
6.144626851069660313e-04
6.646848872354781416e-04
7.722681914986218640e-04
6.882699153164768347e-04
9.247840578981582739e-04
7.469900491712840171e-04
1.655780055706148821e-03
6.283790927869474865e-04
7.814529568986865616e-04
1.095536714705299969e-03
7.290242419297593120e-04
9.849291500918773510e-04
6.363652952518965636e-04
7.267518408375465977e-04
7.448999757189655145e-04
1.625465636975984745e-03
8.527340201838920584e-04
8.083220825548442443e-04
6.649074476748994926e-04
7.848053855291990243e-04
6.502049691972718471e-04
6.662770368094496441e-04
7.503806965001760376e-04
1.180366120707030926e-03
5.837288630371762757e-04
1.545072479574401874e-03
7.607777591370827553e-04
6.117351399284125767e-04
7.325960059135972662e-04
1.284965397324252167e-03
6.200307452871494165e-04
8.390073225996805967e-03
6.479148524686320111e-04
8.003116889094886478e-04
8.078046676231756757e-04
1.016586891088249291e-03
6.094908490194807715e-04
1.156683251740260512e-03
1.362918546598820531e-03
8.169074179890029649e-04
2.120025497292349868e-03
6.058427059932708879e-04
1.013358676030876471e-03
9.876310679737686400e-04
6.136675317763813165e-04
8.049000697695209931e-04
7.039712696979762586e-04
7.105015345174220702e-04
7.917287424168532612e-04
6.866454391746458106e-04
6.036678562084688221e-04
9.480688209329910096e-04
8.884271187701838022e-04
6.031969143005696784e-04
6.529821895554093229e-04
7.242309629141769657e-04
6.214096367364556209e-04
7.367464578735123627e-04
1.061524153069106973e-03
7.289542410024730515e-04
6.904168084128938215e-04
7.495885209048993268e-04
9.299962164272705190e-04
7.090842057428961521e-04
8.191007671629392008e-04
1.033582051475639410e-03
6.420851727462180761e-04
6.886538249762268801e-04
8.438336264863555191e-04
8.661290386195490609e-04
6.284316208090093845e-04
9.238820068892084980e-04
1.091619838130708335e-03
9.473193889686967305e-04
7.841267013181656576e-04
7.350900542511515151e-04
6.212008163992055378e-04
9.981282737625851199e-04
1.325832191972317045e-03
7.295990647409401940e-04
1.126185052182986698e-03
7.024380565769402888e-04
1.062406144180578615e-03
7.575922361867944805e-04
7.460708455665340452e-04
1.052152332278801254e-03
9.403106479846853058e-04
6.743932526287546320e-04
5.763226940032446181e-04
6.909860124741095148e-04
2.247525310846489825e-03
5.976847489036213193e-04
6.779104785773956959e-04
6.136189868182809724e-04
1.133777798151711265e-03
5.954179761093631460e-04
9.851710932148767530e-04
5.936585434183766496e-04
9.206903016086648512e-04
8.342929038597378562e-04
7.154728511667382031e-04
7.479064393863170488e-04
9.113114474913175909e-04
4.725494823975413296e-03
8.055504355901337704e-04
1.366752833274783099e-03
8.826319371649421529e-04
1.565626418822725066e-03
7.913888802596327288e-04
9.680909077198786555e-04
8.264025229115041973e-04
1.170856653725077610e-03
7.891745686894918906e-04
7.580223855919438055e-04
6.038008294148233205e-04
7.244383507207851963e-04
8.556770920135956362e-04
1.434170707339634150e-03
1.119843745516064821e-03
7.194586763460471702e-04
6.358095982775516155e-04
1.854539772001155161e-03
6.879165307152719728e-04
1.407030143426570186e-03
7.438540464488303068e-04
7.892306716518731474e-04
9.105074429919539532e-04
7.807280142878730324e-04
2.820082746349514540e-03
7.717765295949594170e-04
9.134250996175599050e-04
4.058730730432323977e-03
6.864203265333751859e-04
1.088624121600973490e-03
5.421342056338023657e-03
1.166159857582387211e-03
1.334097916339045242e-03
6.827527342972300201e-04
8.582787887288788374e-04
6.174879672627527549e-04
6.630812568608750613e-04
7.535262736363446167e-04
6.529434194751222937e-04
8.356813148218144617e-04
3.153008251982721260e-03
7.445515007292440729e-04
6.448644829645227422e-04
7.320480151163091462e-04
9.128515296176417399e-04
6.405631013949841237e-04
1.428746980185534570e-03
9.659289527577662486e-04
7.431772525240387109e-04
8.045589770097760643e-04
9.152078672207240731e-04
6.723839314062895816e-04
6.135754459223092703e-04
1.062944842507034752e-03
6.199235678053849384e-04
3.373112524774442809e-03
6.668281478433515539e-04
7.093243688680876593e-04
1.064342184314872848e-03
9.603340850694665242e-04
6.226014067361786706e-04
8.532651540933846148e-04
6.423804623194804544e-04
1.777773916992393113e-03
6.433655299593912759e-04
6.263636778358287055e-04
7.334956733701768075e-04
6.149466469864991016e-04
9.676910112268350154e-04
6.060455924392903768e-04
6.002720308536889631e-04
8.126106327104421585e-04
9.361930907424217008e-04
6.045682483595479773e-04
7.789725535956017145e-04
8.213726614967923560e-04
7.089595058789768377e-04
9.370212516542644971e-04
8.848826598286424917e-04
6.559089418684097310e-04
1.124370262239501135e-03
8.142997794872293112e-04
1.091004672372016589e-03
1.026428217963856835e-03
8.144918899463299972e-03
6.267290361759351005e-04
6.755481509064411964e-04
1.255177402432988091e-03
9.788458871608774186e-04
9.339251026181520947e-04
1.717184550615514843e-03
7.363193973310369232e-04
1.030068812548081639e-03
7.281247925971175193e-04
6.215364526293324591e-04
6.831578964079336588e-04
7.137442235854227343e-04
6.106783624141851659e-04
9.763759954498402085e-04
6.207740575586791123e-04
8.195788957634694274e-04
1.059774395759357449e-03
1.795691897101501459e-03
6.746868946808030464e-04
6.151814372282055901e-04
6.489993755259116206e-04
6.008386650449192229e-04
7.807946649001463535e-04
5.833722881258128923e-04
5.927422515744065409e-04
2.496861171670202318e-03
6.083974015117741283e-04
8.322508140966942275e-04
1.437076301049282096e-03
1.165909717548861170e-03
7.618987253705868405e-04
8.024297355544620768e-04
8.357463830634139466e-04
5.858738217028946300e-04
8.521009105766135178e-04
7.618944832419552882e-04
6.094295127462128750e-04
1.489364431423907849e-03
6.229748098928262947e-04
1.107960826469237513e-03
8.272465169077334278e-04
7.018570688048753840e-04
7.721227730149438084e-04
6.317014096933041591e-04
6.961254961987417295e-04
6.172998640686090622e-04
1.243898898498687570e-03
7.016848990918895341e-04
2.060244338818597882e-03
8.834701230608523305e-04
6.725255264458650803e-04
6.489609511207073333e-04
6.628628726332683359e-04
9.698590168175166707e-04
7.165246934631234717e-04
6.881361411554305510e-04
3.010686436699769059e-03
5.944521570102686983e-04
9.573390854614163489e-04
7.174414490941648280e-04
1.303412898618599557e-03
5.956827348925279554e-04
7.425486675683313359e-04
1.079615514648889609e-03
6.954121118382722202e-04
6.814403686801321670e-04
6.352611811845128428e-04
2.611103811658115753e-03
1.218904722642188314e-03
6.122987923716040380e-04
7.609430444884771744e-04
1.500164407687963912e-03
7.739705698804260703e-04
4.453110901183986517e-03
6.789704950230457609e-04
6.543422190072175574e-04
1.320351788197622828e-03
7.571983684359798010e-04
6.102760424259184467e-04
1.813193447644892344e-03
9.839289031005659172e-04
8.045192671311731519e-04
6.199006856584948766e-04
3.932402908542495350e-03
6.455348439710351105e-04
1.311927513081015233e-03
6.651790962457906431e-04
7.076661137947081641e-04
6.925511577093289035e-04
8.408853111344883821e-04
9.669391978213766770e-04
2.248233354076868175e-03
1.724780080334364137e-03
1.073624550927955185e-03
7.248020736286739894e-04
1.911984015530330530e-03
6.735771391094862648e-04
9.644602148000251977e-04
7.800611304771377453e-04
6.185311566023285077e-04
6.341900133074014840e-04
1.080311705882890149e-03
7.068432879789030617e-04
6.653629031921758519e-04
6.863443278118631311e-04
1.999266647223794068e-03
1.767104808410466200e-03
9.782607870424226641e-04
7.765352957257046305e-04
1.295929260579201580e-03
9.203446596495405262e-04
1.176667889228924816e-03
6.529790135862678906e-04
2.688067464889922278e-03
6.834639602444080074e-04
7.271988219577060807e-04
1.377357505489641958e-03
6.277642793083316195e-04
6.615277154592519261e-04
1.755887905395018753e-03
7.108453941640708370e-04
1.989920117434802391e-03
6.110557137037270822e-04
8.191328807776364568e-04
7.564239738880105916e-04
5.887965136854110939e-04
5.920387879682106717e-04
6.441713206378378099e-04
8.021339722842870572e-04
1.123142838668004552e-03
1.178688766428473639e-03
6.761453472524128717e-04
7.948039838099382054e-04
7.266020702542156599e-04
7.221748061384731555e-04
6.448919179611779665e-04
7.309995164750112762e-04
6.382091314107556914e-04
1.580906309989214397e-03
8.389685226142089020e-04
1.241551435121756360e-03
6.769506352312092698e-04
9.477640085539375345e-04
2.483840275655396692e-03
1.236197733953576378e-03
8.999352110066062126e-04
6.600091802489904593e-04
8.913749910393679822e-04
9.298286091546119000e-04
8.148585268495377480e-04
1.076514624869026300e-03
6.572223531988688645e-04
9.884087889211474586e-04
2.466671569285058038e-03
7.164580323869789531e-04
7.404313109473154757e-04
1.054375367164297420e-03
1.039816920421624165e-03
8.415346282795152294e-04
6.438175513889079268e-04
9.986171473535339262e-04
1.964859491512764306e-03
8.554464029888765846e-04
6.821107832341845268e-04
8.980265093409920286e-04
1.081120106219228593e-03
6.183591815172545351e-04
8.363500793215941339e-04
7.687125682766872718e-04
7.304593863468992771e-04
6.682844437650822984e-04
9.619881377525667243e-04
6.022129523708241033e-04
3.168751400252156538e-03
7.258838293462044258e-04
6.645276048856196089e-04
6.690317968078812304e-04
7.195071870810345639e-04
8.141807581902483918e-04
1.478442527306851996e-03
5.984663067822483399e-04
1.450386813555532527e-03
9.958144410189878528e-04
9.611352361664787401e-04
6.019241109772961382e-04
1.091334226300036446e-03
1.440001642507056888e-03
1.091367830774724393e-03
1.041997622580215265e-03
1.109394341160565818e-03
7.987201812231846214e-04
9.563430060799720444e-04
6.671600246270658783e-04
9.606053867478960874e-04
6.205137067834964751e-04
6.104419007471335434e-04
9.879161498695992940e-04
6.237360356479654342e-04
8.323899979015470961e-04
6.369696296712155925e-04
6.947519140667409885e-04
7.938559540527469552e-04
6.180803393013542838e-04
6.395471366585684346e-04
6.433712346639374824e-04
7.144974222304827007e-04
6.818476409660339035e-04
7.334560644779492987e-04
1.234483051295139988e-03
1.835813266073115088e-03
1.012160679864119442e-03
6.568558529409345955e-04
6.127119401214572948e-04
8.792880576542449729e-04
5.906893668826078804e-04
6.728882476427655189e-04
6.468219776739647956e-04
1.032120525793875972e-03
2.353223818196001176e-03
8.995648821177236422e-04
7.044997121622784001e-04
6.743611430929873866e-04
9.486023094169153706e-04
6.080922346491029551e-04
1.017652226308925342e-03
1.132740803279190262e-03
5.936018909343526847e-04
6.568703545771527319e-04
8.803872029242805139e-04
7.080438664293402717e-04
8.954208719052533620e-04
6.709640807828720589e-04
8.422723967728597142e-04
6.966842116356263817e-04
6.107020113260456465e-04
1.146410445618885809e-03
6.643307360231626418e-04
1.097014501229307513e-03
7.272653513748648024e-04
8.117446755025876622e-04
7.103146356538116808e-04
8.395721239218455678e-04
6.859974225527019605e-04
1.015219994413400729e-03
1.043181216382358225e-03
9.831235890839682637e-04
8.567777632856760648e-04
8.207771100751594558e-04
6.468721596226105356e-04
7.275964233152929254e-04
6.962261396027050317e-04
7.219838069241505882e-04
1.741999524343715083e-03
8.304354768222560771e-04
7.503128238167679990e-04
8.760321942120078082e-04
2.578970334286349777e-03
2.171973411366784172e-03
9.523709766703294813e-04
7.409507814619645683e-04
6.198771924611331998e-04
3.418787512359737490e-03
7.301897275640149062e-04
6.825366494870825770e-04
7.898750347821276944e-04
8.061364133056179689e-04
6.671865784771881941e-04
2.349828674588610652e-03
1.154754487322065754e-03
7.836570282240887513e-04
6.527897738260673250e-04
6.864614210402745576e-04
1.061252198264085646e-03
1.069900859480131311e-03
6.764722052848904429e-04
9.803950795894845333e-04
1.060131643595769307e-03
8.786567773135839539e-04
8.256237482803538506e-04
1.092763795544510978e-03
6.682280759475807842e-04
6.109542559350948730e-04
6.104594820533874866e-04
5.912379093587229704e-04
7.989329873022812988e-04
8.831607030067512498e-04
6.485398232884682750e-04
9.944839897681595747e-04
6.123061970103118885e-04
7.952934057282513196e-04
6.096511567900477499e-04
6.266655026699666231e-04
8.032383414908850043e-04
7.897971415498990407e-04
6.681620810742743867e-04
6.352725608034234328e-04
6.607491207929177407e-04
5.953588524722550459e-04
6.883709631976451214e-04
6.148411080567895131e-04
7.299966924953297511e-04
8.087085713221851954e-04
1.707106356822636443e-03
1.610905194700276450e-03
1.169716355238150859e-03
1.156666551196576433e-03
7.734629632833722734e-04
3.945149393257143221e-03
3.432636277059888680e-03
8.928437695026180277e-04
6.252369639360820389e-04
1.181070001623505360e-03
8.101739353075441659e-04
7.309185962058820790e-04
1.536944552045365741e-03
7.623711511943971402e-04
6.594343240408399257e-04
7.615761235563959369e-04
1.181745133809208176e-03
7.587310579526378163e-04
2.009291435007228011e-03
7.913065346032744935e-04
8.583377619445952322e-04
2.054753156454118632e-03
1.066286860659789804e-03
6.251770506560842345e-04
8.920106192305005816e-04
6.950842009760949255e-04
8.073285989599135199e-04
7.375738383961425977e-04
5.811075961216052898e-04
6.269096922617506742e-04
6.268000055730238700e-04
8.424882150252047423e-04
6.622534056255864133e-04
6.835551479080353987e-04
1.454204063127053238e-03
7.146510259474065079e-04
1.363132859706481974e-03
7.012378392636429113e-04
7.174212201464807851e-04
7.044493763913138454e-04
6.867318933427311650e-04
8.318202700979919744e-04
1.139070366187480135e-03
8.391433199011081928e-04
8.539923856647355311e-04
7.931771036910827914e-04
7.448029229888694994e-04
9.576322766473591369e-04
9.098667833125498663e-04
9.710753646542414361e-04
6.105385733967227772e-04
8.248747955533903805e-04
1.384995374816768744e-03
7.268648373959389663e-04
6.480780555233468365e-04
7.452485761588916510e-04
7.390947082561481014e-04
8.233437391580780956e-04
9.041139333353459756e-04
6.026613062744034036e-04
7.861464454529127743e-04
7.010992691564006760e-04
7.193246291203469903e-04
7.619322363448336735e-04
5.871673944877781482e-04
6.143476996002573964e-04
6.194858843317379606e-04
8.078605672117561681e-04
6.299231868324109852e-04
6.861120223096971735e-04
8.518643292110544959e-04
9.168499162545682736e-04
6.259686998675801977e-04
7.992915591558431973e-04
6.527983735974828179e-04
1.089087468714470099e-03
1.335257655994693095e-03
7.768635000055769055e-04
8.329191141294153356e-04
1.286764778295527555e-03
9.727560636573275325e-04
6.892012163624695702e-04
7.461802195197121288e-04
5.840388988907933366e-04
6.509792051797509997e-04
7.460158472815577859e-04
8.573226065004359081e-04
1.187702913764378081e-03
3.021629438830734406e-03
8.630390202581685304e-04
9.667347558524422855e-04
8.713529444450193034e-04
6.785073409772986565e-04
8.023913073099310381e-04
6.648402158764189383e-04
6.528249493859521061e-04
1.251108502075339544e-03
6.243465412620705524e-04
6.095466251769999936e-04
6.523304170428428700e-04
7.199584968701171336e-04
9.620652305702193964e-04
7.662317372497921700e-04
8.568387157356302259e-04
2.493342283182816560e-03
1.116008080983140263e-03
6.599676559405902743e-04
9.038779822737179640e-04
1.000116363562490772e-03
7.538247391923731623e-04
9.335791967467153016e-04
7.211038815632946509e-04
9.644466829238599204e-04
1.262348553097733138e-03
9.379159198084731971e-04
1.116715252768980338e-03
7.996729439794424349e-04
6.318906439608002346e-04
9.661426982175284114e-04
1.248003311436700347e-03
6.316564286574899000e-04
1.281846140400174239e-03
9.011523796829941455e-04
1.643515669177231546e-03
1.036519936683974810e-03
8.804068992988694489e-04
8.848715549998185286e-04
6.339641653725276195e-04
7.595987534839269452e-04
8.618046438934823467e-04
8.291588594266567289e-03
8.555524228437373299e-04
7.919521662774613733e-04
6.806017120357211536e-04
2.265475108882800213e-03
6.145004322794665914e-04
6.659754994138132210e-04
6.973629352431432197e-04
5.810767288163418360e-04
7.660957962879339769e-04
9.088514973988812140e-04
8.255620328172921319e-04
1.479267648609631754e-03
6.947563875904170507e-04
7.152618704928693236e-04
5.568652266282071370e-03
2.160315601951034916e-03
7.663212441891176403e-04
9.101261251717071262e-04
8.757036078446957207e-04
6.701786739363885812e-04
1.546877893070079148e-03
6.893482970089713458e-04
9.324347748392441959e-04
1.061219263089238944e-03
8.359929946047053731e-04
1.042223476195168258e-03
1.029318897696411116e-03
8.021496639025378107e-04
7.089729915095499069e-04
6.393983538168470293e-04
7.976382933657452526e-04
7.704034476361469163e-04
8.201605745650687078e-04
1.969703965808343622e-03
8.132012359168703988e-04
6.715780505407161838e-04
1.130039430064638199e-03
6.533778667529927453e-04
1.299373139951153248e-03
3.314724898953941897e-03
8.492593546536489997e-04
8.304925896514015480e-04
9.594481938258805909e-04
6.601618844762602821e-04
6.851779920871328526e-04
6.178209711407143308e-04
1.402748384548615709e-03
9.370241856422535827e-04
6.419099532107266828e-04
6.414568115033532228e-04
2.056986440032921356e-03
6.136612813825659480e-04
6.441417904910183307e-04
6.686101334826926017e-04
6.955445319613215438e-04
1.106781799429820993e-03
1.409972747070917720e-03
6.206179180467478454e-04
6.527069187022350224e-04
8.377522092975864081e-04
1.086479507501122510e-03
7.041473888048778527e-04
7.385552033184178801e-04
9.566680772239772495e-04
6.887431857957624715e-04
8.689673783303348371e-04
6.233986576645875535e-04
6.961698733009428000e-04
7.963072604557166773e-04
1.815534783327602377e-03
8.260423136388907140e-04
1.035732764929086147e-03
9.367170598503073240e-04
1.471963003932074895e-03
6.425334647440577272e-04
1.569354396255549658e-03
6.348861505481899958e-04
6.993544359817117050e-03
1.445052620890227959e-03
6.931568576524464601e-04
7.930332379770117486e-04
5.957742019660465125e-04
7.095106000804990735e-04
6.230721503810214513e-04
7.386590707171026551e-04
1.825623185873411240e-03
9.031009503362723463e-04
9.951765660666865403e-04
7.519916628678693492e-04
1.309229763872057049e-03
1.554369227988794833e-03
5.994352986913771292e-04
9.217678604590128378e-04
9.091589059647295313e-04
1.666433437585804114e-03
5.823492768210665211e-04
8.993632871653110903e-04
9.008710219187897284e-04
5.872157727067863408e-04
2.864888267336382095e-03
8.155467075796713969e-04
1.117027266349534045e-03
9.612542959401105614e-04
6.752300234277852902e-04
9.663115289956872864e-04
1.028195964617400690e-03
7.922270552782359303e-04
1.530587927651396590e-03
6.633836960132761217e-04
7.918037704485546670e-04
7.401550428045589871e-04
5.918765070483353622e-04
6.590460900612190535e-04
7.141712558949270912e-04
6.241504570609208687e-04
7.053441212125663527e-04
6.116135185572817504e-04
7.168361532241240277e-04
5.947468931676302972e-04
5.985539059112692179e-04
7.421868030513678475e-04
2.932392640201467605e-03
7.120587715763569562e-04
1.091127363683909272e-03
6.140518745646511740e-04
6.608104223238140057e-04
1.928570872990625212e-03
1.611574923838553349e-03
1.815219374634551323e-03
1.113036675532946612e-03
8.031808104794100570e-04
4.155777445108073918e-03
6.036350731434463133e-04
7.442299616000879739e-04
1.060390393857687163e-03
3.637784497675632285e-03
6.367037289904535794e-04
1.081449670120803635e-03
7.803203960836093073e-04
5.856032798707647711e-04
1.523806497168409468e-03
1.162400330139099283e-03
6.103670012628502903e-04
7.656033405219729322e-04
1.550193380696916106e-03
1.048847238425758841e-03
8.491939377054399203e-04
1.008181161705323532e-03
6.906958262362666466e-04
1.284869470415485326e-03
8.317670968604464962e-04
6.372153411494517906e-04
9.348636975989432080e-04
7.242968836509990852e-04
7.467130128077651341e-04
7.368795716963953734e-04
6.542622956685026662e-04
7.339726654184369845e-04
8.331266369695427632e-04
8.941250271374359161e-04
6.680923753205954708e-04
1.194548454305179551e-03
6.411570117080067979e-04
6.933277390119017879e-04
6.515067157657029396e-04
1.763755336277227732e-03
7.188740352264916342e-04
6.617047070508554106e-04
1.403578414450770955e-03
6.861244749495689103e-04
7.471468657879956230e-04
7.201653326847153209e-04
1.174024649851169912e-03
6.571497884134594025e-04
6.491804010240828258e-04
9.636377681559969710e-04
6.663699507062783396e-04
6.099349497345658584e-04
7.241174311973457662e-04
7.207710742992329321e-04
3.242849035878933410e-03
7.264960817398125959e-04
8.612431037726577107e-04
1.349418074822380511e-03
8.362722942811391625e-04
6.576611982242597373e-04
5.926125377519702968e-04
9.044059229092046241e-04
7.855999235642772451e-04
1.077140426787330388e-03
8.098444630606220669e-04
8.815093720911577370e-04
1.080405942067544410e-03
8.726187324750479812e-04
8.406220535556820951e-04
5.869596899609735158e-04
7.660088131057342072e-04
1.064064799658449682e-03
8.335846482196843706e-04
6.830344884450197888e-04
1.042742171770536094e-03
7.141069538098240334e-04
6.421498593604952612e-04
2.118229595215484224e-03
6.297110831593945475e-04
7.114112692803310073e-04
6.274836316542125193e-04
1.155550296977386022e-03
2.201320061186765823e-03
7.413369506441769763e-04
