8.355238761243195811e-02
3.470481784591214480e-02
5.514919387350556562e-02
4.107929733051786381e-02
6.144129631829660376e-02
4.443772862568944743e-02
7.398384784698659733e-02
6.843456831936793605e-02
6.317620532795127641e-02
5.895819518280107085e-02
2.116081837688826156e-02
6.259895705251367071e-02
8.566977781938948933e-02
7.734400817408047801e-02
8.483964286297231150e-02
4.533125209955463086e-02
2.709706924878853285e-02
4.670441983996860558e-02
4.891727877164270266e-02
4.944255911895871491e-02
7.294338598265975859e-02
9.318587752717201467e-02
5.035197463504514220e-02
5.619237956017789776e-02
8.851193081305433474e-02
2.403638089149807977e-02
9.502217328715478750e-02
2.056802043168060382e-02
6.677169869376034517e-02
1.468088357652698635e-02
3.245919747139040107e-02
1.546898431727349900e-02
2.406652601692796031e-02
8.016760765001765265e-02
6.798980145015133536e-02
6.648154088919641658e-02
5.972426135601923564e-02
9.852493076191715105e-02
7.687376578904658864e-02
4.141621957560927270e-02
9.481320640127452459e-02
6.285744209406642080e-02
5.988532676125013499e-02
5.307179236795830923e-02
6.430609610669008047e-02
9.138636796727860057e-02
6.379518825528192327e-02
8.104901682921158979e-02
8.060934747258789723e-02
5.494658371612751169e-02
3.550766629307625100e-02
7.222870516781199068e-02
9.729194582146116765e-02
6.792053691470265053e-02
1.700962549353884218e-02
7.948388669903261317e-02
5.287969929119468865e-02
1.989329750406005487e-02
1.674264726080460994e-02
7.861256457668984454e-02
9.384328634497796084e-02
7.745154581172848662e-02
3.896679092749782969e-02
5.523888860601109535e-02
4.522131845612251122e-02
5.688308280859370042e-02
7.709109933791657987e-02
1.014581192587196284e-01
3.190957978858548205e-02
8.269329109326380156e-02
6.139849409125505697e-02
8.893812285405312823e-02
8.090700608049908316e-02
9.519632142572143074e-02
5.229388002479291170e-02
9.148692398894248123e-02
8.905530663953562312e-03
6.240004374404849175e-02
9.625021593319803281e-02
4.270741730322161200e-02
5.310615787643326730e-02
9.248716192126182900e-02
6.383178077795127747e-02
3.958483069616512695e-02
5.008780266036574891e-02
1.003501234903845241e-01
3.376762192424972303e-02
8.378770553133498000e-02
8.978028048086647561e-02
2.633116098799561863e-02
7.249905101673644048e-02
3.065163047384639183e-02
5.836131833533372837e-02
9.998018187885952812e-02
2.031418658474944475e-02
9.377713322460001777e-02
2.102180352148688702e-02
4.372278011420160232e-02
9.726641368557303879e-02
1.010055756110930097e-01
6.031925711168552307e-02
5.686589210583431475e-02
6.100763814027863191e-02
7.096007340102780669e-02
4.931604805898961302e-02
3.088821423362723279e-02
4.247989641484813811e-02
1.989694479855007303e-02
3.040011430693374123e-02
4.438479932850634274e-02
9.766949386626672114e-02
2.870342834157243311e-02
8.443300815101960344e-02
1.636721161177803058e-02
3.180727707462274734e-02
8.958945563878314977e-02
5.459636931577541846e-02
8.391142957290131932e-02
7.150837566270452916e-02
5.962158865780552153e-02
9.713950802989873221e-03
3.246637728209558066e-02
5.392933546452022275e-02
7.257893352630229167e-02
2.892366636712514691e-02
8.132507614634292004e-02
1.765611204986849980e-02
7.181978626671151056e-02
8.897611042449474206e-02
9.576067026760654022e-02
3.264552740683675236e-02
8.709582324923623164e-02
3.051302794132089782e-02
5.023511781903717416e-02
6.715246398316010445e-02
8.920999217066813425e-02
9.408244323929941533e-02
2.525072072200156004e-02
6.667340158118516269e-02
5.438609098488726701e-02
4.813600348219117947e-02
6.474969260414192851e-02
2.698426899792383260e-02
8.698036684233653726e-02
5.125076610997292975e-02
5.955662243275140766e-02
3.365388343985233760e-02
2.649086204126639699e-02
9.324563136544557207e-02
9.005608869595557731e-02
3.000432524995116229e-02
4.860742624618875213e-02
7.563767301533416698e-02
7.954055037886517687e-02
4.259613648821727189e-02
9.543136639362145845e-02
1.791836767072184713e-02
1.475572537539170635e-02
9.060247958549753899e-02
7.132355352898217538e-02
8.127681807924842794e-02
6.225741811503862633e-02
7.064617958554643418e-02
3.920455571707683745e-02
9.383285395526994033e-02
6.975374894078718857e-02
8.820032253450767190e-02
8.971572383193789080e-02
4.710507856544250693e-02
7.283893721331165250e-02
4.918136884990011171e-02
3.549650283318562388e-02
9.736168531467778720e-02
6.564426326482070140e-02
4.582897242498674972e-02
9.123571616289183339e-02
8.152010795480042760e-02
5.112599742781238910e-02
1.829280659680857304e-02
4.751404992581827885e-02
4.860481338659071449e-02
6.523671975711688165e-02
5.520564183401279607e-02
6.937255114536579337e-02
2.706501392647046866e-02
3.625420577899170216e-02
6.854923365966192339e-02
2.412210248783444241e-02
9.860936779646106709e-02
2.252100410695277027e-02
8.336828199745836832e-02
7.130390106990795729e-02
7.474501034351441198e-02
6.651622750450091048e-02
4.897127267527787847e-02
5.882146825957429437e-02
5.512482413568334932e-02
8.785006970938817605e-02
8.570821229270988995e-02
5.701866516756889935e-02
8.285312719523797720e-02
9.661574526237605431e-02
4.990781944546358179e-02
7.059013663859210752e-02
4.832211331345415140e-02
8.776715385599497682e-03
3.151478318687320895e-02
1.573263722447667406e-02
8.897738580279281745e-03
5.868429215765143259e-02
1.008292428391373008e-01
5.153888688148294817e-02
6.332933957696727789e-02
6.484820637548927014e-02
4.557023660249980013e-02
4.741414380214050567e-02
1.002080289481649400e-01
5.561244144565519881e-02
4.844221628939206908e-02
2.767701896813106605e-02
5.278698251575288103e-02
4.560072556145933903e-02
7.867042939611340602e-02
6.315997381817962941e-02
7.295507370764298116e-02
8.011472176416739588e-02
7.582843586867189789e-02
5.897385379161667468e-02
9.435836329544364243e-02
8.443982289693689747e-02
6.350386117755507653e-02
9.694080401774080036e-02
7.374655088741857711e-02
6.793090479017377392e-02
6.382603631773842157e-02
6.167645545526722478e-02
1.576736621987349235e-02
5.898524800827081166e-02
5.377870064081370638e-02
3.632150187718844597e-02
7.716312230459732024e-02
7.463835251699732498e-02
7.208855955253104519e-02
1.085959200187719062e-02
6.559535870573342253e-02
1.189386319414100987e-02
6.994188983824016492e-02
5.881170170128260932e-02
3.830711527797909383e-02
9.398588113214521866e-02
5.968756657337648958e-02
6.286753671125575038e-02
4.203974126760719882e-02
5.278759247582408970e-02
7.364725257870541331e-02
4.440162987571925901e-02
3.868958644233503469e-02
9.887513761783733868e-02
2.145726238205026074e-02
1.014952041202937805e-01
2.020585480559679639e-02
4.925270738514727492e-02
4.193299922909973082e-02
6.090063977412935037e-02
5.413812160846200039e-02
6.958681969378073540e-02
2.291786452062634025e-02
1.018369176419937766e-01
5.416646829707463806e-02
9.445928426497145203e-02
1.887840666551611132e-02
9.557531679415104398e-02
2.635138657679107071e-02
8.275515642457706433e-02
6.995056474991856454e-02
6.936004442510175505e-02
9.572030949438739555e-02
1.856600285640706491e-02
6.478570329620428336e-02
1.051765583963765877e-02
3.011048263962461113e-02
5.855306001318139747e-02
6.238718701204364753e-02
5.736923887940167249e-02
5.131962952923048438e-02
4.461143929772946881e-02
5.476710284308912435e-02
1.011400897364187201e-01
5.263829730974110138e-02
3.627272510465207739e-02
8.102188299712378972e-02
5.203775164685154470e-02
6.793419492476955590e-02
5.712872796778657725e-02
4.734917819584157778e-02
4.947184410159420620e-02
8.001313666559926874e-02
1.006673238590295727e-01
6.309174142248057116e-02
4.751563743263875067e-02
6.193557983451297017e-02
3.994282439137943064e-02
8.765594735509403546e-02
4.340086709739403997e-02
4.998892476728850065e-02
9.491686456696439567e-02
9.978440748857536624e-02
3.223893017140411210e-02
1.005511412142480743e-01
2.547517990742765789e-02
1.866080045752908922e-02
7.269725171318025536e-02
4.240549095550400632e-02
4.048695832405535544e-02
7.005570116658957347e-02
4.908971905198772356e-02
3.467329712187080387e-02
4.564597748183966963e-02
1.194865410356206296e-02
2.750268261410866028e-02
3.947977055389868123e-02
7.154384948247924370e-02
4.361281921886696333e-02
4.587919840239936681e-02
9.466907276708017016e-02
9.899338510534125279e-02
1.700819306008661061e-02
1.632814280152260558e-02
5.347208552217103117e-02
7.761952112643191737e-02
3.806126373718668465e-02
6.647522660559479490e-02
2.919286034064082908e-02
7.540106937574587997e-02
1.011035008358300152e-01
3.201232244619474365e-02
3.640378908847898692e-02
9.540567667895169524e-02
7.748112600964857100e-02
4.754597721617989659e-02
7.239407325443933394e-02
4.340482277806500394e-02
8.259447916254888944e-02
6.458108852183309934e-02
8.795142241966601160e-02
4.235076914476963716e-02
4.576506290842304037e-02
9.006922833012025176e-02
1.629387444637594648e-02
4.695316333383359186e-02
4.956745812541748369e-02
1.074795476674052924e-02
4.227759669338691101e-02
4.918896340505730935e-02
6.015270448089486688e-02
3.251235972968370691e-02
3.239440224117014211e-02
6.031495444734909228e-02
1.714121210351264232e-02
8.213581528324521985e-02
1.837692356136106861e-02
9.887730801050666207e-02
3.950894042196216593e-02
6.995018587587630010e-02
3.413029658281609147e-02
7.566951822704573449e-02
1.968173185738374825e-02
5.561921109960973192e-02
9.712093818061388883e-02
5.409474387869789985e-02
8.218609067365259535e-02
9.615458862242742821e-02
1.810207400389737473e-02
7.028848373381606229e-02
6.830855143643323191e-02
8.230563094998102902e-02
6.530283519002837156e-02
6.094549695349482654e-02
6.823856263644299813e-02
2.563586007389407478e-02
9.949207580283300767e-02
7.015044039230548811e-02
1.061631129182954818e-02
9.984113038610588353e-02
9.507340610322684293e-02
6.129160913272380107e-02
5.330447367289098404e-02
5.667936464090368720e-02
7.533910855782864624e-02
1.851010319655385997e-02
5.089845201684640996e-02
7.567417628271232155e-02
2.616325013200900690e-02
3.498403483983790474e-02
5.187166446065775982e-02
9.182744657766520047e-02
5.859814068045295088e-02
8.297016081212996164e-02
4.258060155508218425e-02
5.384042883881973857e-02
4.758609038061286517e-02
8.966585212647357195e-02
7.673783314702788128e-02
9.485284101332105977e-02
4.763547999196394295e-02
2.030736181281815600e-02
5.206457070238970641e-02
6.895106326108937922e-02
9.701667364525556891e-02
4.434629312206442991e-02
3.503885726013164503e-02
5.966009071808785202e-02
6.539763457178376926e-02
5.064652974484284281e-02
5.295354827313759200e-02
3.813943270333710472e-02
5.791997916007533137e-02
6.780825579937065084e-02
7.012137884745540950e-02
9.856580801449901785e-02
5.087648217696733033e-02
4.795748387507713789e-02
1.650962948520427395e-02
5.049233167371811049e-02
1.008216211757004266e-01
8.736460159141434811e-02
2.463459365502600196e-02
8.974544251099608738e-02
7.688508427148968427e-02
7.562385477188196536e-02
4.083520007195086399e-02
7.493674906841422956e-02
4.814997004985250434e-02
1.145942739496444256e-02
7.262736993423003773e-02
3.990749003357643016e-02
4.904088468176262539e-02
3.855642746872668669e-02
1.016752465086480095e-01
8.527130900712724670e-02
1.449314744236434790e-02
3.736004635667191515e-02
8.023039258570333065e-02
6.083485613228115790e-02
3.219232838093374904e-02
5.517439888437947193e-02
1.784917333620039681e-02
9.735063233044999320e-02
7.610223648746533565e-02
2.655635137160819448e-02
4.863947242976668361e-02
1.001229331841539671e-01
7.467296741876296162e-02
2.885555790169902143e-02
4.509577817603473149e-02
6.662874604646075449e-02
3.597112946886327212e-02
5.329840237546363407e-02
9.576262999208996762e-02
1.919768586481356010e-02
9.205420973667238771e-02
6.112106444010442785e-02
8.862551111678143578e-02
4.130956937440975058e-02
3.730098718907087774e-02
5.137168593835230584e-02
4.944760538184492238e-02
2.965892694131439661e-02
3.965247457909061579e-02
4.154150293064094029e-02
4.893948948749698991e-02
9.889825237262875324e-02
5.067655573170498640e-02
1.004182383079232493e-01
9.853064376239614730e-02
2.858757982725929070e-02
4.620414810433696312e-02
4.632836759139791205e-02
9.341797713323268804e-02
7.689140666650720601e-02
8.959237008220159726e-02
4.374477930685848753e-02
3.327368639864271282e-02
6.969653071215910212e-02
6.896936122404891123e-02
5.958967521652736715e-02
2.094584174214371777e-02
2.831886419467969165e-02
9.361498714943211619e-02
7.645007965895342372e-02
5.118055254585857777e-02
3.118393693606840572e-02
6.144313182257622047e-02
6.806111462752217900e-02
5.458453524957306707e-02
3.670708210580797548e-02
4.232417389082420572e-02
4.620158584217520792e-02
9.348175489496000912e-02
7.139161715587494239e-02
4.456054173701430587e-02
8.878789103942610894e-02
4.276660735618779963e-02
9.671411340367491727e-02
4.852136986797342399e-02
4.956031482214771910e-02
4.717942589588232372e-02
4.294428662270478869e-02
6.983932828882705168e-02
4.831695642020841786e-02
2.095383935461200831e-02
4.791541357597994127e-02
2.035591828266967301e-02
2.717115379184669929e-02
2.422037651956910134e-02
1.008228595130832850e-01
8.349340691712497931e-02
2.910226271714362253e-02
8.091006391604610437e-02
6.557835044705130623e-02
9.426536633811866128e-02
7.228360129982447368e-02
1.007956475279090693e-02
3.280625853835853617e-02
2.219767704929370353e-02
5.199141942709369774e-02
9.105036043863394546e-02
9.923399374717105370e-02
3.546109702754768334e-02
7.550235558894763388e-02
4.950180743193424715e-02
2.036001560142016928e-02
4.449395472307266647e-02
6.442540098569289608e-02
1.510551640496226103e-02
1.099591750740297295e-02
1.015826403986567761e-01
9.407208818507718784e-02
5.618788966532901191e-02
5.744988069637206596e-02
8.917872506346326278e-02
1.996935551170619938e-02
3.705173270190761925e-02
8.671804921642818631e-02
4.651319353992241362e-02
6.015819788243662036e-02
1.992273809151924591e-02
8.578103800882680430e-02
6.514568408608686911e-02
9.051679111354435370e-02
1.372151743809376864e-02
2.152838828138692318e-02
8.371031902578504602e-02
6.261125913169032775e-02
8.351389726520801193e-02
5.789986205861616386e-02
1.391083193486367803e-02
8.555131524025688661e-02
1.335057235111060392e-02
8.424664444203922020e-02
4.392922079531151602e-02
9.088448433461671083e-02
2.595460376259482727e-02
8.507682832565410802e-02
1.009530320189586522e-01
1.588010351367635450e-02
6.722952243610413881e-02
1.016151389569704827e-01
8.995127655703694103e-02
8.941023523886920676e-02
6.174570301681971823e-02
1.158991297484239687e-02
2.575348081817148069e-02
3.622826405682964129e-02
3.289639606442779085e-02
7.669901060102067569e-02
6.604405978502465857e-02
8.585379544391545659e-02
6.391374302855715173e-02
7.319485476526438328e-02
9.043962232544777713e-02
9.645038969946735652e-02
8.636226714250719305e-02
8.489207418741274991e-02
1.553661533817746014e-02
3.407312264329082074e-02
6.198236814609620060e-02
2.491316273893335806e-02
7.009951780786101427e-02
5.581989217605501374e-02
6.652926742405314287e-02
1.365593924693168405e-02
7.525981552772992300e-02
9.176867979524920560e-02
3.408923143960661956e-02
3.207788482546831965e-02
1.366160013759183146e-02
1.001431694997513278e-01
5.268454277053764845e-02
7.768555582613566324e-02
8.379668236196131936e-02
6.389761382379068044e-02
7.911603548279345921e-02
6.799451693325941903e-02
5.700892739369361334e-02
4.898161193639465061e-02
6.280934783735553362e-02
7.039686034081753252e-02
5.341995730279099075e-02
8.165413001764929013e-02
7.916447246981014874e-02
7.597785838678333681e-02
3.140443659461371329e-02
2.766942387334352799e-02
6.443253586856159676e-02
6.404373858488446314e-02
3.036244507500674220e-02
1.005682891616117153e-01
5.274403274132901526e-02
9.604438907739097642e-02
8.973943355220327656e-02
9.591561391111776136e-02
3.715520777836246735e-02
5.292650946091376207e-02
6.485856475862168680e-02
4.231915391436632395e-02
9.326354706538932116e-02
9.832973821526597158e-02
6.506522537267123152e-02
5.252765067378969976e-02
3.303295787504968717e-02
1.520853465775582822e-02
3.037555105028989788e-02
6.308199066340003380e-02
7.482524516956556848e-02
4.054022627354977870e-02
9.610081373384440906e-02
3.416072141730890771e-02
4.354472755586256960e-02
7.114617904195053022e-02
5.219232459660941986e-02
3.321968886593187897e-02
2.560794272072641070e-02
6.181877140172215013e-02
3.143970174796149181e-02
2.760097676491881161e-02
9.086007296321083060e-02
3.365317162043883481e-02
4.312458854233693073e-02
4.993243948941131910e-02
5.566133453103630502e-02
9.304390906071035097e-03
4.388867257892427320e-02
2.370534536463620584e-02
9.027928685891266347e-02
3.637705129671627707e-02
3.697144042570976730e-02
7.374227053582270430e-02
6.356902685980186929e-02
7.541085132126604251e-02
1.457031184543279567e-02
6.249906294864211731e-02
4.845856759818219228e-02
4.473800268664940988e-02
3.205082637153026243e-02
3.474095560773342306e-02
7.484684635735333602e-02
4.018092431697374567e-02
4.115978638566757108e-02
8.391591662630899784e-02
3.680106135680655949e-02
6.057669822534283988e-02
5.608137213007580862e-02
8.154125600085923575e-02
5.281078309675932975e-02
3.834272010185695717e-02
7.298849542422719550e-02
8.666870689686877183e-02
7.296729065018486837e-02
6.631742775466541173e-02
6.996603555350565384e-02
9.030380548147091957e-02
8.537693005610154373e-02
5.826660543225874178e-02
4.994149872510654509e-02
7.535569133434412425e-02
5.631299718209246963e-02
1.002295683299730678e-01
3.636877828371967020e-02
3.553084170765755112e-02
5.550067290173562456e-02
2.432751171361891007e-02
6.123208764458832470e-02
8.656299893401223772e-03
9.589608729098569873e-02
2.671841900946182735e-02
2.247438558939993461e-02
1.216857083736354143e-02
3.418863251455050295e-02
7.831572488363594542e-02
7.482884814143864194e-02
9.921676019506565913e-02
2.299211042376763520e-02
9.852578078001862638e-02
7.758644668087867624e-02
4.440652964736874903e-02
4.349590266093759927e-02
5.895759572237022073e-02
2.808469136514045450e-02
3.385728284611006639e-02
3.774428042016456097e-02
2.777615437956118538e-02
2.353923026301562790e-02
4.694878578314935769e-02
4.547225119397371035e-02
3.268111441612782386e-02
1.013158754583082105e-01
4.779668697401737859e-02
8.008582958269692964e-02
4.909332162896545143e-02
1.176598795555513360e-02
8.513998377730075395e-02
6.095638124390639206e-02
7.425308277904324461e-02
7.901230169673080506e-02
5.912776007221564462e-02
3.868344359819573391e-02
4.451826972745649008e-02
5.959464529924921039e-02
9.217579733824596278e-02
7.471832290661818698e-02
4.636793355267575939e-02
8.675277531198807845e-02
7.910495934281243369e-02
2.001516265548632448e-02
3.107283531130516571e-02
4.105822560731246101e-02
5.771662075027994554e-02
7.091732295271903352e-02
5.622834194039904449e-02
5.665767136766081818e-02
2.999164381138035712e-02
7.649045585916802725e-02
9.155434537501506986e-02
2.650168304868596308e-02
3.604289097612412701e-02
7.006930014590015410e-02
6.815046074346910177e-02
9.993935054398585260e-02
5.757494788196243496e-02
5.661619176658315433e-02
2.602759227618284266e-02
3.994247975151381247e-02
7.709469498527105058e-02
8.966382774783665521e-02
6.301081625945553766e-02
6.315202708691250444e-02
4.439324397803065536e-02
5.320738227342991511e-02
5.289685282429506391e-02
4.593000405627866572e-02
5.009960525151486987e-02
6.980787575092409214e-02
8.979127899740975416e-02
9.121869335448466731e-02
1.012472736569838827e-01
3.007011532701996115e-02
5.898522437497598359e-02
5.735719211500377168e-02
8.961056258775638994e-02
3.980606890386068075e-02
6.613275688986301748e-02
4.637532552083123427e-02
2.909802301240088304e-02
3.352951855714474128e-02
2.175812520324188482e-02
6.152960557016690091e-02
8.673213633305267012e-02
3.671327351527631233e-02
1.461283889715072996e-02
5.022948006902328705e-02
4.836931995535806439e-02
1.511701311685344738e-02
4.218672636082344135e-02
7.168591136117466456e-02
4.691097930771290225e-02
8.082664159990285424e-02
2.537877003255726432e-02
3.643548673543454269e-02
9.364054648746918119e-02
5.064893464462156408e-02
9.736983946004193480e-02
6.212403786907194636e-02
6.725050571151837409e-02
9.318036775086788182e-02
6.436814473142847548e-02
3.603719124540327723e-02
7.718222664787420528e-02
7.605721331107437311e-02
1.302393001610529719e-02
6.825489703817788634e-02
2.181008563195373229e-02
7.645810874016170655e-02
8.600949816565062189e-02
8.568191327525492840e-02
3.206030917817104947e-02
4.755086298806783518e-02
3.359056240451769454e-02
2.823169067291117496e-02
6.899481995192043027e-02
7.548693389510002794e-02
4.712543308698590588e-02
6.029996026351925470e-02
9.831752122526936366e-02
1.752140464353834151e-02
7.425297287783630407e-02
3.624555631670775546e-02
1.531435917017007556e-02
5.550805719136460425e-02
7.199487514435119750e-02
2.961071636126075962e-02
4.179303571316581034e-02
4.826965836345226135e-02
5.720911831962072897e-02
2.082796423505257205e-02
9.850652680568106057e-02
3.172363555851409611e-02
7.245576900514004437e-02
6.725046816821857176e-02
6.201377331262469123e-02
4.893907466525695971e-02
9.453894932894044145e-02
5.259669854568555653e-02
3.478790253881749311e-02
6.325178822359461828e-02
5.372712038083606728e-02
8.894046002675955187e-02
3.579259504881453918e-02
3.140244677556502939e-02
8.832900943586619036e-02
9.543633930287015454e-02
7.701384537082796300e-02
1.103914562541061760e-02
2.093362587233492389e-02
2.811256734394087034e-02
2.804950030168480019e-02
4.293806687523270965e-02
3.760319749529719008e-02
5.019276060858351290e-02
7.030951678874128308e-02
7.778981892800565512e-02
3.667698949409021331e-02
4.022372241085695604e-02
2.370331215198757599e-02
2.575032518879556351e-02
1.942454155754773718e-02
4.096365220749521169e-02
4.602758735462531003e-02
3.485604215981345788e-02
5.137056157675704698e-02
7.674753528879996178e-02
5.042462952326882963e-02
7.693535723349656519e-02
8.213660535984856903e-02
1.553552086479936464e-02
1.002299786517315411e-01
7.164772579104165817e-02
9.290062631688989284e-03
4.443363254544669544e-02
4.454108493992790796e-02
7.492405552680460323e-02
8.510182742902952513e-02
9.104228792245305790e-02
4.246422339108363309e-02
2.632188441987052055e-02
7.605420299514331628e-02
2.936345193395283742e-02
5.685145114701410651e-02
7.919366327359021740e-02
3.677806989421261025e-02
9.724095881604895297e-02
2.384339902060595914e-02
5.012491693375803470e-02
9.089602131654997419e-02
7.106767144498091215e-02
4.336567157524717775e-02
4.791569869270652371e-02
4.138239402037371950e-02
3.583388177465017532e-02
5.881532485297569224e-02
4.175153752554921355e-02
7.855089220293920427e-02
3.187512974883466993e-02
6.366293178472361147e-02
7.579359808603179649e-02
1.960938908470755138e-02
8.402275234591814745e-02
1.892489561331577377e-02
5.561533200573215430e-02
5.522911601773183160e-02
2.971764170317943779e-02
7.826480941919207457e-02
6.200984875640024735e-02
9.502132296998926086e-02
7.201155341200821125e-02
6.144881564083832376e-02
9.968604000200283199e-02
7.568193887597322866e-02
3.112472064488466805e-02
6.320450439421870792e-02
5.905351847060004433e-02
7.125609849537627161e-02
3.051511017239316031e-02
5.608901348633364009e-02
2.134056741401990989e-02
2.423656950730233156e-02
7.040616246186119642e-02
2.979736759981279140e-02
7.655953094058423614e-02
3.566829656319443070e-02
9.309341957286619562e-02
1.889703100334243213e-02
9.581447232455070351e-02
5.130010663697048140e-02
8.166076672856499574e-02
3.928009300645055046e-02
8.615629289067998353e-02
7.571981932615552691e-02
4.659664726104572469e-02
7.561469189512624867e-02
2.210716871957709231e-02
2.616397013270074789e-02
5.790412215080621705e-02
8.567693837340935314e-02
9.067595500378833329e-02
4.410596500526736685e-02
8.370263264588637120e-02
7.092005301285671248e-02
3.212452716908222039e-02
1.008296678857748263e-01
7.122364241987598488e-02
8.245507538255181235e-02
6.681547955422451057e-02
5.538305684335681489e-02
4.800556517141391089e-02
4.722624620677630392e-02
9.359413310976140432e-02
4.886479804408035837e-02
2.614278314741488515e-02
2.740553296292469465e-02
4.179733005346352587e-02
2.859797780795879721e-02
4.668973083050930589e-02
6.015844917639424916e-02
9.097425655741779582e-02
1.008875512429403543e-01
7.741975645949315810e-02
8.608887213448535025e-02
3.575118636600965044e-02
3.319756359861304740e-02
7.540309447146727184e-02
9.428749559364960064e-02
9.787055737686337076e-02
3.524423743356316224e-02
6.209032843282814851e-02
9.916845426227496874e-02
2.164746342402429011e-02
3.451982384173758051e-02
8.682572865344119484e-02
2.070420718315334196e-02
2.834586221237676146e-02
1.880299546650168047e-02
8.988333030406651936e-02
1.006266246550376470e-01
6.181685549622980419e-02
6.293602361282563118e-02
6.581581140277110997e-02
5.613019575394927185e-02
5.361601634653237469e-02
2.655421942323982556e-02
8.739415745844894556e-02
7.504681473398322478e-02
8.448673970152978385e-02
2.985471802269917471e-02
4.865143894109590778e-02
6.513514224569928734e-02
3.950635388128820313e-02
5.164244906489638687e-02
7.747315446600018529e-02
1.019081544987192056e-01
7.988282228470611201e-02
5.722354156725664720e-02
9.776304369867593047e-02
5.810571232923395640e-02
2.156288666346251742e-02
4.897980824460093641e-02
9.658940015436663640e-02
2.212273021912690429e-02
7.905706786453718660e-02
8.223781050933680337e-02
