6.636569341363930110e-04
1.248518677679805395e-03
8.095884165224180931e-04
1.427648796917863625e-03
9.163659239942900832e-04
5.928952365848974733e-04
8.636272885992528434e-04
8.984078087208478228e-04
1.048159145501122982e-03
6.165274795569486909e-04
9.359888777865432241e-04
8.538806021372123819e-04
9.227711597990608840e-04
8.515402529796439832e-04
1.015652823283973031e-03
7.419058743741651458e-04
8.634033090671548987e-04
7.626174774613904590e-04
8.210151348968938115e-04
9.766703319723218230e-04
1.181484524957903326e-03
9.109446346824164433e-04
6.859807068067224050e-04
1.127989054831063766e-03
9.314131794584115318e-04
1.155829947008599071e-03
1.370627995970933894e-03
7.300536372896767982e-04
8.602817748983615813e-04
6.591991405119798338e-04
1.020781220931264071e-03
1.187468185651483453e-03
1.260730526965527258e-03
1.411516312706727729e-03
6.485795900444215646e-04
7.817350348124265779e-04
1.017283597984742355e-03
6.873631604249903207e-04
1.711377754367614202e-03
1.190992581535517316e-03
7.115638488739854444e-04
9.505021341595614858e-04
6.631932586090826800e-04
2.372575503429263152e-03
7.207169937418658572e-04
3.702623805071881928e-03
1.060174168903848472e-03
7.019783019219924189e-04
1.091946626279416670e-03
1.398890525869491471e-03
8.725570308677223740e-04
1.392355836673868060e-03
1.031387758420552851e-03
6.353043778344623404e-04
1.667128074679345316e-03
1.053936801584894924e-03
6.883511335173614701e-04
6.622075754644870952e-04
7.922745070106602732e-04
1.349897418397621746e-03
8.706962621435178438e-04
8.705830280904679631e-04
1.290347063967338869e-03
7.098627961714938737e-04
7.634907354081783880e-04
1.169384556186591883e-03
1.149574854761826418e-03
1.021138974575708756e-03
6.187555411982340351e-04
1.590315061707362658e-03
8.679876953144877042e-04
6.661667513711058957e-04
6.135257288937313608e-04
1.344187127458145109e-03
8.748257076728729658e-04
7.292268168747585103e-04
6.246787772994624646e-04
7.197983080042667401e-04
9.173006363643160764e-04
9.138879623184273642e-04
1.156762956466248415e-03
9.933009050124954123e-04
1.178091715880330743e-03
2.992082351045572026e-03
9.694669946420848318e-04
7.082086301821450668e-04
7.929492589836842570e-04
1.164555479770415080e-03
7.396280294705085941e-04
8.327348115599621497e-04
1.197650501290569791e-03
1.381776291642302030e-03
1.082107010506772656e-03
8.143526909244312327e-04
7.630321542620616430e-04
1.097972796243273583e-03
1.056658591266024889e-03
9.422809027056599888e-04
1.726693121457705720e-03
9.500478674433345894e-04
6.908014964227417827e-04
8.014281321015026679e-04
6.966244363222540061e-04
9.216239649548449734e-04
8.012033657320122813e-04
7.953413873439942007e-04
1.076245278015754711e-03
8.004068343964545248e-04
8.813073068820099403e-04
9.538541326928283697e-04
1.179991355909240473e-03
1.328997105721935927e-03
7.547902929508870477e-04
8.497484584974602639e-04
9.053217635382099270e-04
2.035976241153897304e-03
1.163166721107671388e-03
1.066658382696546387e-03
1.078585810939584758e-03
2.031480055302581529e-03
1.033285852660919624e-03
1.177817344956435001e-03
6.452188350010196367e-04
1.347805730972071814e-03
8.788476678052879396e-04
9.535646282332558427e-04
8.281743093093312837e-04
9.302071375210069042e-04
7.909933205512730599e-04
6.253531920254059261e-04
1.176308271903315876e-03
8.266527421229412104e-04
1.039710266102364215e-03
1.036845694421794153e-03
2.081430854999007790e-03
6.889700192973677523e-04
7.037247538777997857e-04
6.240809562373368733e-04
1.025451375481273167e-03
7.174824460903067016e-04
1.204373965557762553e-03
7.542949568743155401e-04
1.370684399273332981e-03
8.526910652645201729e-04
9.208450745409668204e-04
1.118700859594781456e-03
8.578200937786802658e-04
9.015918988671313156e-04
8.281239946103000982e-04
7.256210631731330359e-04
6.658227989065118504e-04
9.920429077436292327e-04
8.432453904558011087e-04
8.202736764178928872e-04
8.799641411968757041e-04
6.836440298992958915e-04
9.828482590789335786e-04
8.501927201206062063e-04
6.304474742729492725e-04
9.899935722615330752e-04
8.580151294656563525e-04
1.017806530761123859e-03
9.441194750913724839e-04
1.185072834239704349e-03
8.097272280944117339e-04
1.403584543199201153e-03
7.114360782480733548e-04
7.986794543548401569e-04
1.358483068817979266e-03
6.908084330885219714e-04
9.889032333588508670e-04
7.477389592713778966e-04
9.012738696312356905e-04
9.026665306751596252e-04
1.071305637694632386e-03
6.000411565178791120e-04
1.424243031124873028e-03
9.287603334872603133e-04
1.071885347410611198e-03
1.218299448018057710e-03
8.145277936283493473e-04
8.522356687929868264e-04
7.789454190302222674e-04
7.531679798821063442e-04
9.365375898045625929e-04
1.090535671820201582e-03
1.271377305071110702e-03
7.113177754305475111e-04
7.876557792916378999e-04
1.681152604236761531e-03
2.432287790828331197e-03
9.455033760038881714e-04
9.954721874458063394e-04
1.273478150467542919e-03
2.242102711977787214e-03
8.195064306115337456e-04
1.062449847151841764e-03
9.723115465311331839e-04
8.197162330522686285e-04
8.776607729619836408e-04
1.002940736728691199e-03
1.340227952425637314e-03
8.295809057921448579e-04
7.934994038290294881e-04
6.977460605707190783e-04
1.030791468709283277e-03
9.600762194404960760e-04
1.418947509511940064e-03
1.086299192190544067e-03
1.079532213329940319e-03
1.947035866027997534e-03
7.964939372411127417e-04
3.239241115993653393e-03
1.178217574678992611e-03
7.957967169766716996e-04
8.279607556031911078e-04
1.000272565497201983e-03
6.914462135524531393e-04
1.026266978108306225e-03
7.353411869926890524e-04
6.899406227459218850e-04
7.002606451022760350e-04
8.407223398619980467e-04
6.522614512950509254e-04
6.065349880920409579e-04
6.852475207947054774e-04
1.001836625246307726e-03
7.678167869485013133e-04
8.497736706062949518e-04
9.147968627822841486e-04
9.161106060698084169e-04
1.090191219375149026e-03
8.670625889153328819e-04
1.634502229877140677e-03
1.136678207580770839e-03
7.352579711775884472e-04
1.611077555810514188e-03
6.834102147188832622e-04
7.253392355261218012e-04
7.059208187489337399e-04
1.036852654625618902e-03
6.608152502522585126e-04
1.468598934345575731e-03
6.786432125319749164e-04
1.118220802884268249e-03
1.303343517588511106e-03
8.339438838026094064e-04
7.510016970363508947e-04
1.173206690499527119e-03
8.366231808127984251e-04
7.310415408429756391e-04
1.198840178695852665e-03
9.279374899545218217e-04
1.103596177895630175e-03
1.092848011633720025e-03
6.787302521700047143e-04
1.149038962794589292e-03
1.168651128489660469e-03
6.795002828701515469e-04
9.263138214715552817e-04
9.859730569862681492e-04
8.617396946308715239e-04
9.463133406934603727e-04
7.105546025692922743e-04
7.433072132847109818e-04
9.782307954910463704e-04
6.757091846288997656e-04
1.040218669008527051e-03
1.207628502667691412e-03
9.190734369444163729e-04
1.428764999268097424e-03
8.434916687367318214e-04
7.120112438670151474e-04
8.332274601234577506e-04
1.367268471977699153e-03
6.625077327822170717e-04
1.848703699447653377e-03
8.264705635806510534e-04
1.262188567775101699e-03
7.995550000541336430e-04
6.320340454233776923e-04
8.789969297159805784e-04
9.683283543412266785e-04
8.783414617889497835e-04
1.175288902144867734e-03
1.362722661761905495e-03
1.347920071732853012e-03
6.315459058794972410e-04
1.191635761405552890e-03
1.031951628344760256e-03
7.461726182091815707e-04
8.619966053496832138e-04
1.267613433116818568e-03
1.246007040906163587e-03
7.928131636239108210e-04
6.736120621563338731e-04
6.962766122112599987e-04
6.660651865510986520e-04
8.680476633396404240e-04
1.530755330227528228e-03
7.574806334915540730e-04
6.895863655627818218e-04
6.901987648743681007e-04
7.174029255301033088e-04
9.228587974640077313e-04
1.150738179965580307e-03
1.244583271379971073e-03
1.001256511065129083e-03
6.696417518058607379e-04
9.374278940751518130e-04
1.446223326337207861e-03
1.252512008191273511e-03
9.140543127076415468e-04
9.986155488824293141e-04
1.229342552039142935e-03
1.128881600893369983e-03
9.605339008859254974e-04
7.089190056655402146e-04
2.085230192441553127e-03
9.228157682953196236e-04
9.523153204291641243e-04
1.204152491550353156e-03
1.224566060349199879e-03
6.595653600134597765e-04
1.031932825882137363e-03
6.011361708673367173e-04
8.253394681250973003e-04
1.145361355558708683e-03
1.205686271166079909e-03
1.041655269393034627e-03
6.258568923831211127e-04
7.743609818287219273e-04
7.811611677399466587e-04
1.415883410741237405e-03
1.042924176077325007e-03
5.970490848196900041e-04
8.786920563891889276e-04
8.681802891558269668e-04
1.514085959210226956e-03
1.224453964723537080e-03
1.280673331834097060e-03
6.422086829664307118e-04
9.049542158733184846e-04
1.068755189093690801e-03
1.081609921693616914e-03
1.244453308227434860e-03
7.402919258178909017e-04
7.475554214372912140e-04
7.478926577785556919e-04
7.705144895577262015e-04
9.309301755729952220e-04
8.186552709121568041e-04
2.948679235086380541e-03
1.343426515321917295e-03
7.870202416468751816e-04
1.246812134057758087e-03
1.835854943640157595e-03
7.251762127149444107e-04
6.258944938671073604e-04
1.016473005626625844e-03
8.330860895802600112e-04
7.345497126613082526e-04
7.884385431470290100e-04
8.980568074459331900e-04
7.943131884288246770e-04
2.081757316594623833e-03
6.194794115690906936e-04
1.652281753206303770e-03
8.162742465254381637e-04
1.583592417753570004e-03
1.013603441542449812e-03
7.110309109757330815e-04
7.641025939206832606e-04
9.307762202130696969e-04
8.965696733859873256e-04
1.358715099635954791e-03
1.432164537901752313e-03
6.908494740718460142e-04
1.221345333224414624e-03
6.735432779357791808e-04
7.951785507687780330e-04
6.545907438216499227e-04
1.115951985872228915e-03
1.001784165900325733e-03
7.214862190712647335e-04
6.753379897569617481e-04
8.355295380469908613e-04
6.515422024024212838e-04
6.084108936082885865e-04
2.248017237647984348e-03
1.174181947273116554e-03
1.177507983250839635e-03
1.269308264691386455e-03
7.010741064275421161e-04
1.284934372119399260e-03
7.066409336540193558e-04
2.474998673460438846e-03
6.379648770151369244e-04
6.560911527670816763e-04
8.162691423871657522e-04
7.642861138873811681e-04
8.055718373707906974e-04
1.187646310917983518e-03
9.334868261426704141e-04
7.740971399151399786e-04
8.121273277770225908e-04
8.316033097788357075e-04
8.079258948153300417e-04
7.697435625486269634e-04
8.502223111807690652e-04
1.841709661096018174e-03
6.374192435833948454e-04
1.292443771580440923e-03
6.489432610207847632e-04
6.439199070272707409e-04
1.012834889484617472e-03
1.265677822111591034e-03
1.237588093963684242e-03
7.183869778333455474e-04
1.162689676295444513e-03
1.225905662634536007e-03
7.181046976060056304e-04
8.579474345665009114e-04
7.754981569000215201e-04
7.083588088389582366e-04
6.640455075849437377e-04
9.503078820284322327e-04
5.892797316598502805e-04
1.087994885197196473e-03
1.449387888857671608e-03
7.607954317410288696e-04
7.536019547150511668e-04
7.835499643363277259e-04
6.675241956636470287e-04
1.242128481808421614e-03
9.488211656302697819e-04
9.581949846360912973e-04
9.669604439408685482e-04
9.852806354543951033e-04
1.579173262401494318e-03
8.161193294574959223e-04
8.295346969787296574e-04
1.407886369504166967e-03
8.848287842585745785e-04
1.469643912115436426e-03
1.032610231719492113e-03
8.373324630722741961e-04
7.250390210742457776e-04
1.101838450579419862e-03
7.164247661154744557e-04
1.477646387136260760e-03
8.139209159857721358e-04
1.195981270608719935e-03
1.136268186149340473e-03
7.257336807078550991e-04
8.706753975612847906e-04
1.200317274988261119e-03
1.088234164530788506e-03
7.558765715666433509e-04
9.760313944775706515e-04
8.142596366318068535e-04
7.478550490484690231e-04
6.245712924897757609e-04
1.186200079408486398e-03
1.183197476876054902e-03
1.385853878375543566e-03
7.920414051848035167e-04
6.879608439212554077e-04
8.040140585614859864e-04
8.915788651991433077e-04
7.668799918829315165e-04
7.456374470978223640e-04
9.009332250052516557e-04
7.222928463698709192e-04
6.064094689530112169e-04
7.363402688910036884e-04
1.074250475103300786e-03
1.768730903521634288e-03
6.168800510915189170e-04
1.073556547235633794e-03
6.281725943886352914e-04
8.379587483482680947e-04
1.008252696283998620e-03
7.345369561962611024e-04
1.568596055025674998e-03
7.544979481703046643e-04
9.324414749424027879e-04
6.737899899628325712e-04
1.073447138065439233e-03
1.042902037042515388e-03
7.313736877712941325e-04
8.451661027825390499e-04
1.292408086492089631e-03
9.627446906162362601e-04
1.294482663619398810e-03
1.021747689670525483e-03
9.905739717727592847e-04
6.508635458748375253e-04
1.108657932510445903e-03
7.584705753542682642e-04
1.278841959584262273e-03
7.890338434308144131e-04
6.452104722801271265e-04
8.821011994500032151e-04
6.309203153585299633e-04
7.486008711454525226e-04
8.963066734088693914e-04
1.282651313069806077e-03
6.598109162647807771e-04
7.853405168936824100e-04
1.154028876314979217e-03
6.547938068013464110e-04
6.928722704581171407e-04
6.184382980794877593e-04
7.349915152681703052e-04
8.872858214243761364e-04
8.362700090184314698e-04
1.007512874227969868e-03
9.628275053386262800e-04
8.362449999170049747e-04
1.421502214415889826e-03
8.503551754075170830e-04
9.710643526137592617e-04
7.796195128241744602e-04
2.406995116742775484e-03
8.181817049170627288e-04
7.365804726606247493e-04
9.927133214304958205e-04
7.891747895165193444e-04
1.252459420856993823e-03
8.051344982022372700e-04
7.031159754476101970e-04
1.023506545627700989e-03
6.729488856211080601e-04
7.944287950332324082e-04
1.036111498956539863e-03
6.816660290798159634e-04
6.167744350811937837e-04
8.996970839144915414e-04
6.735583879326665583e-04
8.679010075303367298e-04
1.159346486962122436e-03
8.472670050481007900e-04
6.273803449526734952e-04
8.174625529202506286e-04
1.470074939543011784e-03
9.962198664137671307e-04
7.772086406708151630e-04
8.860985270487219253e-04
7.463922814233466679e-04
6.294639780551972976e-04
9.213751627040766591e-04
1.104810397453734544e-03
8.431671620243349477e-04
8.349485603814458526e-04
1.005472043098679883e-03
7.422423890634512146e-04
1.014254909810528588e-03
1.281594288332931798e-03
6.194389196744309444e-04
6.899543969660982320e-04
6.230865135220966080e-04
1.070513639582965732e-03
1.064433698696245437e-03
1.988817104694126561e-03
7.820880592889874671e-04
8.452315947708866203e-04
1.066243874144529686e-03
7.297022918066841096e-04
7.472117506302485088e-04
8.906553723036977075e-04
1.104777387175868769e-03
9.185989916987559543e-04
9.304330730836526692e-04
7.938633827099420915e-04
1.208895991596616645e-03
9.454502521734402471e-04
9.098040791402311036e-04
2.474820993457764375e-03
1.237471209872767356e-03
9.168491176834041084e-04
8.050237511574255198e-04
1.119539715138577821e-03
6.216166623503626733e-04
6.829824709565513732e-04
1.333396557009224048e-03
1.227926187531339260e-03
1.860170551440610588e-03
9.577274489715805221e-04
1.075490034718766400e-03
9.440266253395522122e-04
6.395689094510609816e-04
7.220280801595230008e-04
1.017868397975121289e-03
7.350599616645770015e-04
1.191319223094503736e-03
8.743587623862088438e-04
7.101278386698637668e-04
2.354798509259153905e-03
7.863652559800520664e-04
7.199724963175158782e-04
8.169953028760374488e-04
6.784783764673541894e-04
1.037085769929554230e-03
7.734717096984216342e-04
9.447692340807832198e-04
7.999119861632751106e-04
6.606770787589032927e-04
1.261370189056544014e-03
1.293619420822771354e-03
1.088400323613852513e-03
1.142986896887360302e-03
1.256550306975621296e-03
7.310765575336460867e-04
7.991761766821141094e-04
2.005740354826221136e-03
7.786460642073247040e-04
9.771612744545314123e-04
9.686956750757936543e-04
1.611347767944477059e-03
6.264296297162487252e-04
8.869131076795295967e-04
7.805182991835391730e-04
6.495160765573250884e-04
6.737831376332890530e-04
6.100163820130061979e-04
1.163425466317691542e-03
6.458196878692838358e-04
8.964553479355167644e-04
8.355096113674270741e-04
7.800977211898937154e-04
7.255365066101233593e-04
2.046138318000099206e-03
1.805866003287185132e-03
1.084728537085422008e-03
6.987870709853991752e-04
6.577064107790509461e-04
1.097248649377281001e-03
7.352456924296904475e-04
8.708931909372184810e-04
9.732476787842121073e-04
8.303688301576490601e-04
8.277941236665047400e-04
8.799456696904877761e-04
1.328547598138942040e-03
1.390051934398622933e-03
1.229059940091126700e-03
8.698933668148335543e-04
8.852168531877300768e-04
1.492551223975295722e-03
2.333890528947319461e-03
1.561764355437460054e-03
6.706291288896019595e-04
1.107222476320902579e-03
6.675892573405072016e-04
7.991214097467732626e-04
1.137464263042353664e-03
8.878305822119879733e-04
1.764310194326328737e-03
1.381788763701099218e-03
1.108837110197819940e-03
9.544849339294995093e-04
7.265088075503471805e-04
8.322705799560202455e-04
6.523940896501671067e-04
1.163300545342180192e-03
8.465480268757111021e-04
1.234281670829134045e-03
6.059895688211643528e-04
6.419959258667719444e-04
1.145739366123699502e-03
1.013036690946246326e-03
1.329222059129413734e-03
1.237859848502939576e-03
7.957159180437189602e-04
1.263411367726308696e-03
1.765706335308712786e-03
7.336219085180152154e-04
1.000110985893816907e-03
8.157323343119040086e-04
7.858557424538572004e-04
8.968621265181828724e-04
7.518608683675866329e-04
1.049740252507560395e-03
1.057253465526056691e-03
1.035078655949261744e-03
7.196170616918635098e-04
1.014544901996679207e-03
8.906793584251519865e-04
6.894370246414627994e-04
1.307726288878467312e-03
8.098346040627729453e-04
9.098228333471989910e-04
1.159517392093082277e-03
6.803799111579372392e-04
7.943701853325521199e-04
9.963999588786347228e-04
7.234819030992727671e-04
1.228054709333769581e-03
7.431201334791761714e-04
1.013149630256972343e-03
1.009002721411600976e-03
9.233347041322564550e-04
7.246834444276963050e-04
6.696791269162723692e-04
7.370780718253960601e-04
8.015815675288325177e-04
7.796683027856503561e-04
1.036093554164302204e-03
1.791216504809249946e-03
1.014544090271795500e-03
1.165002874828269122e-03
1.177148636697409245e-03
6.369899580531197163e-04
9.101401142274964228e-04
1.839291397050672348e-03
8.554988912073001241e-04
8.480976800175389369e-04
5.834700110912990987e-04
1.223298323647517257e-03
1.446153053309529686e-03
7.862709287888237832e-04
9.213830379188680348e-04
1.061015289117755349e-03
1.453953230464934045e-03
9.656834697307295230e-04
1.184724220259554366e-03
1.274249742171147974e-03
8.086649476144022654e-04
8.011099711704925937e-04
1.485095406867889935e-03
6.459650866018622640e-04
9.427089887670528270e-04
1.788274751401525706e-03
1.896311760994556783e-03
7.675144861689724412e-04
7.743914977953596538e-04
1.036670692808671929e-03
6.595372200276862539e-04
6.382421677578090742e-04
3.099010210348247200e-03
9.654972804093624530e-04
8.051215278038287510e-04
6.112182276594511476e-04
1.384856102305224686e-03
8.938289164585499396e-04
1.608174505253452116e-03
9.154242280908131326e-04
8.200002361924361429e-04
1.035137263847630152e-03
7.963522662469307064e-04
1.264455331470633976e-03
6.294232579682091256e-04
6.424259125489978090e-04
8.264307589036759723e-04
6.774407967611035652e-04
1.470872106459465180e-03
6.702281615962203806e-04
8.879159413233741463e-04
1.258225828591162882e-03
6.834942053247124042e-04
7.580663030979777625e-04
8.836094628026160440e-04
9.921761048000243399e-04
7.068795879282791872e-04
7.368448650265086016e-04
1.794357824270021492e-03
1.092746709165439171e-03
1.208395305671895693e-03
1.061411546919661854e-03
7.771471441823861416e-04
8.052269531245874251e-04
6.563197468024712516e-04
7.574555697215391284e-04
6.555097331963869334e-04
1.146201708730722451e-03
1.000257615652883764e-03
6.401662494854892978e-04
1.101331279714243185e-03
1.177029266568361794e-03
8.109915317322203762e-04
9.426366493226822707e-04
1.358166539390897242e-03
9.282240500889701439e-04
7.370278051919184736e-04
1.193383762573258780e-03
1.084465726203414629e-03
8.556776593634824336e-04
8.418114665472105134e-04
7.197865908172179942e-04
1.242696358251467285e-03
9.439004419590197410e-04
6.984005833015688924e-04
9.284583399779611007e-04
7.231253858776870349e-04
1.099194870583517772e-03
6.436903877545483441e-04
7.490444619376018104e-04
6.844257663185471458e-04
6.853945996087655026e-04
1.313510778560687646e-03
1.100748190983135907e-03
1.137844662618954982e-03
8.431955095740569211e-04
7.023344639574905781e-04
1.092653520323690237e-03
7.607215169995780327e-04
9.900792693555522314e-04
1.222779994536998772e-03
1.398189528335393866e-03
1.142779702113051743e-03
1.176301686359335292e-03
7.495968232691169924e-04
1.074325064888993807e-03
6.798239986707937119e-04
1.104183419409761379e-03
7.268229186837635173e-04
8.151075978603633488e-04
9.415852172679550292e-04
2.010479608927601396e-03
1.029118823322855729e-03
1.642722833728541606e-03
9.715247425673886319e-04
1.320607993608339387e-03
9.425025050466409116e-04
2.167893361825958248e-03
1.294091339317582747e-03
9.211878853320126315e-04
6.367282936300494535e-04
1.396882688378912798e-03
6.528295580516999637e-04
1.518677815347568719e-03
6.480654356487436114e-04
1.370360115376606644e-03
1.028923925883390303e-03
8.707013803454649592e-04
1.182082499843138765e-03
1.097861845876141156e-03
7.647342380106616220e-04
8.721489540737543521e-04
6.724630063297351188e-04
1.259370502632343840e-03
5.986170415210219364e-04
7.065643902049990833e-04
2.057873006952890948e-03
7.193330719206019125e-04
7.627706002556993835e-04
1.247424296561979416e-03
9.011989777411898508e-04
1.134098523776142951e-03
1.009906833876367130e-03
7.504285489033112912e-04
7.523074212504997794e-04
7.695778346685102191e-04
1.026009430864688364e-03
7.241875022285061215e-04
2.467600741273045031e-03
1.367307044635202549e-03
5.960446971735368924e-04
9.237238075631223769e-04
8.339125049719667152e-04
8.280976850700607619e-04
1.119940261239228425e-03
6.400601560969945095e-04
9.805543733522887728e-04
1.408433430506430802e-03
9.125558296690599149e-04
6.041088283244461536e-04
1.169420699377092488e-03
1.007015233937707957e-03
1.557806605568257986e-03
7.062764975751742447e-04
1.048170571079263483e-03
8.440405955244874737e-04
7.502273563969731433e-04
9.871953628890130662e-04
1.268875994201047264e-03
7.223639519455410125e-04
7.046179513544181426e-04
9.470148712811486116e-04
1.163121128294515236e-03
7.636917274159028390e-04
7.787871919808395061e-04
9.546462895512528414e-04
7.640043005934475792e-04
1.001286043324888051e-03
1.782996871363489843e-03
1.018835484510147117e-03
7.865864916104586477e-04
1.089083998145890615e-03
7.356766574584737255e-04
1.155844465861807953e-03
1.605807766393548127e-03
6.416060486014348030e-04
1.791547131551775437e-03
8.646675378854850203e-04
9.050644204012550610e-04
5.891837763961312643e-04
1.375204538781187296e-03
1.186073463720909273e-03
9.679050460589375040e-04
1.315437633030210529e-03
9.863962863178720331e-04
6.338902228408932167e-04
8.009509105981050918e-04
1.018544125276076972e-03
2.161858772305602725e-03
1.825257815973144139e-03
1.024885204219698996e-03
1.938572158121638998e-03
1.020337565334208333e-03
1.135524563850331178e-03
9.614360718394683765e-04
8.141900817680067627e-04
8.403701896429745070e-04
6.565611745932096316e-04
6.281546397745356664e-04
1.098756623343694581e-03
1.324554913011649279e-03
6.218156330546541167e-04
9.887406671899613697e-04
1.729921784614515002e-03
1.796798693872701108e-03
1.566731432776514738e-03
8.858371345449902708e-04
1.016514005901556850e-03
2.187618122727087722e-03
9.460914828092770743e-04
1.409447309664904049e-03
6.851142196282457254e-04
6.564434538825828207e-04
7.510855917279471005e-04
1.066066016193166661e-03
7.310563204507149020e-04
7.326054040407395558e-04
9.773458258530362541e-04
7.332542680347745208e-04
1.021340463451317609e-03
1.158503705891433160e-03
1.002758784092494786e-03
8.195534994736973109e-04
1.152738786988469558e-03
6.994071578352756453e-04
6.103252027313174058e-04
8.225273436335974690e-04
1.663511475244464121e-03
1.053440641983239027e-03
7.310922051781182287e-04
1.040693243554810955e-03
7.441690444664044455e-04
7.273562807853719159e-04
1.125825443586165632e-03
9.517371531590756170e-04
9.734280251000436033e-04
1.521992009240819487e-03
7.870365730934436501e-04
1.430901358158575762e-03
1.154554193976144952e-03
1.057447863067636877e-03
8.766123135924699461e-04
6.358033660067530062e-04
7.786179215817821356e-04
1.153306053334560502e-03
7.045970384412837424e-04
1.389286703312179756e-03
9.988346183581061320e-04
8.185057241748128600e-04
8.639295642454501017e-04
1.487512338505177310e-03
1.397664374363130407e-03
1.288868810307913304e-03
9.319630671516183126e-04
8.078149416484870643e-04
1.233463866237991240e-03
7.425824681148237997e-04
1.040890650243088585e-03
7.451456178781020985e-04
9.388839732158693867e-04
9.641005440600536975e-04
1.667992234680726760e-03
8.957996542558718843e-04
7.174926382827019958e-04
6.504890328296030486e-04
9.185729404832149473e-04
6.395077762656023500e-04
8.501714774022841974e-04
1.111652088604335323e-03
1.060017187805698631e-03
1.398990465976905628e-03
8.941555293357565356e-04
1.408332098864345083e-03
6.947275147240896493e-04
1.610704895024988714e-03
6.571301291472968252e-04
9.517245911788950463e-04
9.585859203166317930e-04
1.347725639759560787e-03
1.348511623521062843e-03
6.011163741226178232e-04
6.339045814733206864e-04
