5.753531828192415352e-04
1.110711951605832014e-03
6.962722667099658031e-04
9.723280837448002164e-04
8.092936347533756123e-04
1.114324340085110767e-03
1.088246254485000309e-03
7.573138575376315261e-04
7.744401542485382503e-04
9.789571899224008573e-04
6.809663321008200144e-04
7.180418450596392273e-04
7.478636703635092560e-04
2.026977001651343677e-03
8.690323131502037356e-04
7.179675188277042340e-04
6.307345913964825489e-04
1.010775775094353282e-03
7.077672283515514147e-04
1.285693829778479296e-03
9.495999830442997981e-04
7.302590486624863965e-04
6.775508924536078302e-04
1.059221699345745758e-03
1.298921642106394070e-03
9.510320459066433797e-04
6.328044132570366043e-04
1.000202797298929734e-03
6.054836941040885262e-04
1.109652107655175173e-03
7.772576824491265633e-04
1.644256989665862905e-03
1.142490170115555669e-03
7.069692209989410442e-04
1.040277031196725800e-03
1.354886885020639914e-03
6.253091248056047609e-04
1.312316907157852746e-03
8.030519390214715210e-04
1.040707861928452964e-03
6.395293554726864515e-04
8.792050514332861062e-04
6.626625579232171262e-04
9.250694874718808297e-04
6.081410237422289712e-04
6.593697473301843174e-04
7.151364070430131243e-04
6.734027416023100803e-04
1.563846007093034523e-03
9.363946005836625616e-04
9.836266708829980582e-04
2.473283520983136138e-03
7.833772112844629388e-04
6.646899001927308957e-04
7.757235577123000343e-04
7.473193494598003766e-04
9.865176803145730283e-04
1.010661084265336834e-03
8.091919276837409268e-04
1.109089248543696426e-03
9.206610787954612853e-04
3.092318081609944647e-03
1.877417910012198123e-03
7.355859652840516637e-04
6.672478512225849760e-04
6.414621770976162811e-04
8.668699771334837561e-04
7.972523951149701775e-04
3.160296001540205835e-03
1.261478391693728789e-03
1.539993886143219701e-03
1.001139309762995918e-03
1.317899955897208590e-03
8.875575544497885713e-04
7.844610479165042838e-04
1.733891754799209020e-03
6.368861437061407648e-04
1.241266930752266042e-03
5.771580416466730139e-04
6.410971822662027593e-04
8.105836817585240122e-04
2.591339251256206608e-03
7.089470323575658732e-04
1.302606555064160206e-03
5.703318200041177606e-04
5.882741029290062054e-04
7.554542552376667438e-04
7.339708381870256679e-04
1.221224995357326213e-03
7.517198286500699793e-04
1.767101552899703106e-03
7.040638535297412404e-04
8.758043821548933345e-04
1.295444452429207792e-03
7.533241471006601976e-04
8.070739586269734317e-04
6.675624373013801282e-04
1.858756121669237656e-03
7.586390063298505690e-04
9.720930825106762884e-04
9.696611194968882130e-04
1.494780669180997097e-03
8.773706892246154604e-04
6.071323896081744177e-04
1.230883377510625081e-03
7.271466361969678490e-04
6.979358338898630906e-04
5.873308745549679979e-04
1.140081192677946552e-03
1.223645825448754906e-03
9.317224164514692920e-04
8.396096504526603249e-04
1.072508967304069754e-03
7.673900395267287426e-04
7.170147914594619636e-04
1.180378941206898817e-03
1.139095632091816079e-03
1.685345659643794434e-03
8.483393546792137706e-04
1.299626171234496757e-03
7.680392473778882307e-04
6.112766740651091836e-04
8.824495837113125688e-04
6.971871663591578316e-04
9.965449660062450799e-04
5.875968480913067258e-04
1.112760418475155968e-03
5.717071799363511583e-04
1.157753442248611727e-03
6.006835318406040765e-04
2.590234674834202694e-03
1.059123730988291738e-03
7.768787854452379816e-04
1.013864162692033194e-03
6.579561644089381919e-04
7.046778956328556562e-04
6.129929547670599299e-04
8.946994023107867830e-04
7.327735707640992179e-04
9.364674486781194695e-04
1.868647322426593210e-03
8.165167735136317139e-04
8.139737601121162149e-04
7.404436420058185418e-04
6.108640565336680714e-04
1.792138429901748509e-03
9.104402959178787332e-04
1.680259583173948504e-03
6.829061767146439458e-04
1.151298861090002722e-03
3.368775951597018700e-03
8.243176127947164211e-04
1.039165599327150288e-03
8.760271616660665270e-04
1.194740922153462656e-03
6.036052978194600708e-04
9.227703458831767579e-04
9.187197256297666929e-04
1.464090012012692846e-03
7.634534473316489196e-04
1.625439483734140858e-03
9.168703544204457592e-04
6.185864555442617801e-04
8.969313439226689983e-04
1.270514065564701603e-03
8.763732823161370002e-04
9.482687211740688628e-04
8.903585588257395371e-04
8.030120878353982179e-04
2.967810412371852790e-03
7.047033862765799414e-04
1.278805407940435818e-03
8.388728253031719952e-04
7.436537321833721357e-04
7.407130706103663437e-04
1.032638727011443236e-03
1.046664498564287612e-03
8.590261838221165298e-04
6.995290220791616905e-04
1.519818866082981628e-03
7.167276068471908901e-04
1.612759433396953159e-03
9.250123123392662260e-04
9.927398243753547333e-04
8.507903424174027320e-04
8.665077493151936367e-04
8.818801612690676866e-04
6.001525097906592948e-04
1.206406505789144436e-03
6.363212475591850876e-04
6.900374805249196667e-04
7.832335242761042336e-04
1.076715588174042464e-03
6.151550211418913396e-04
9.659437304150593050e-04
1.245690590032165739e-03
1.202245057742162187e-03
7.024656751751475522e-04
8.720900797131262436e-04
8.257981239831050160e-04
7.545021184584049714e-04
1.191348639026342101e-03
8.305320624638407772e-04
1.213066067012952319e-03
7.899829787805512371e-04
7.089101718554433832e-04
6.790950509798775485e-04
1.907083672643827745e-03
6.239569186102301469e-04
7.023615878789859221e-04
9.020711029986727995e-04
2.061279791499242512e-03
6.082853324949019126e-04
6.703896857093040841e-04
1.182932490292974660e-03
1.439466746206892640e-03
1.205400031288698113e-03
8.896641412959931062e-04
6.859344246051028368e-04
8.465926428539657673e-04
2.766687152286773348e-03
6.833120291406673567e-04
1.190316643721542941e-03
1.007599370329060251e-03
9.604923463407348105e-04
6.220001385779608087e-03
9.873374036584643167e-04
7.543270329334629803e-04
7.883199602955870801e-04
1.000344726301940265e-03
6.891280394456969320e-04
6.617289404054599831e-04
9.813973977444482265e-04
6.468403470276787087e-04
6.150191439220836298e-04
9.322500514860865804e-04
6.459144432803958251e-04
1.539576274183795642e-03
9.030104393278492623e-04
1.098522820883619756e-03
8.915313499034706584e-04
6.419316867416819576e-04
8.705380684377856228e-04
7.599693975846252576e-04
6.141495367133352652e-04
1.343495438914209771e-03
7.518151046175257672e-04
3.161196188328740421e-03
1.086355944346219498e-03
8.287413891256998960e-04
1.096428445988790372e-03
9.787568683856818358e-04
7.804237571886816875e-04
6.673062181699338305e-04
7.618452211120750822e-04
1.221167324031905040e-03
7.387700499394932174e-04
9.113170726251663273e-04
8.388771536311840802e-04
6.012086919156360001e-04
5.803650116829329455e-04
2.571771992953590484e-03
6.697436828255663678e-04
8.760944428447838515e-04
9.634421830780861206e-04
6.397768857940572393e-04
6.342037809473254290e-04
7.559626728839425724e-04
8.064418480201768387e-04
1.026719607221070240e-03
2.047800913428893081e-03
1.064189600314526711e-03
1.566191066040240748e-03
8.527910043143379368e-04
9.291777324281622801e-04
1.132387964725539145e-03
6.729557854058252665e-04
2.251743658862195765e-03
9.090774454106559464e-04
1.100198063481009009e-03
1.363771277289132361e-03
9.812803746069990226e-04
1.631820526297173782e-03
8.681244047961744021e-04
6.551600097414657809e-04
1.859777305774402067e-03
1.144068511074451894e-03
5.764757212567719847e-04
7.006468711537293132e-04
6.708918107238689629e-04
3.224751150364201652e-03
9.700927890113981902e-04
8.486289155086215296e-04
6.343096847589074555e-04
1.284600095666404160e-03
6.152774474291575375e-04
8.948960811844603640e-04
9.026470404912889439e-04
1.063023863539430030e-03
5.866315765880452142e-04
7.543199890047558439e-04
1.258100612309539070e-03
9.236233177324894511e-04
7.441865235717207887e-04
1.313814980990096835e-03
1.062824981296989170e-03
1.423770739274570580e-03
7.973575202400048868e-04
7.123844679116673540e-04
1.606348370368336758e-03
5.826497511044184327e-04
8.461277113562317440e-04
1.235134823428752845e-03
6.364019825571325334e-04
7.325448179377843554e-04
7.853130209617737063e-04
9.165379978250399714e-04
6.072036564388978751e-04
8.580443869201336005e-04
6.292949864438386913e-04
1.012379557035202569e-03
6.195641143719697597e-04
7.765275158116167814e-04
1.040657247138187906e-03
9.567782469175166319e-04
7.235663631067113964e-04
5.971416427159736843e-04
1.280661468988970268e-03
8.608267944788501949e-04
2.822459780366702066e-03
7.595040202999503443e-04
9.599359670864825948e-04
1.373037730362970102e-03
8.740776121607386718e-04
6.234519876875518809e-04
9.477698073814536843e-04
1.377406151694393665e-03
7.850821248654451211e-04
6.450208870121418520e-04
2.008390589732905827e-03
1.133282010321398029e-03
7.470294974412917911e-04
6.455826155020848601e-04
6.224232493619605375e-04
1.609505427652975973e-03
1.907970237175811044e-03
8.271672593867265789e-04
1.039559878743564255e-03
1.148228769484936759e-03
7.657057014640608703e-04
6.981394073152398776e-04
7.277865036805620082e-04
1.189677866743924341e-03
7.229715544063753958e-04
9.533752254142002303e-04
1.697030256396721108e-03
1.362540709488362133e-03
1.164366465291805531e-03
5.708193920460138959e-04
1.291899851731744377e-03
6.908584701623190485e-04
7.962167850594368190e-04
6.825474841922510002e-04
1.053328025052292565e-03
9.019000769877371163e-04
6.498847359468297230e-04
8.508906110612299159e-04
1.050854302973625509e-03
8.449200891148692192e-04
1.065802461895780113e-03
9.839886791468206891e-04
1.168095224037464649e-03
6.527347907965471438e-04
6.802510442359187368e-04
8.412596002838831650e-04
6.101629975654237429e-04
7.343740198986315566e-04
7.730574812117007579e-04
8.276932037357966846e-04
7.698528000267492897e-04
8.702260571362213041e-04
6.371821168778307905e-04
6.632946923657322743e-04
6.074821207013390151e-04
7.241233325143929924e-04
1.549813830560052954e-03
1.119468680931519919e-03
6.996678082962607152e-04
9.998472945209305358e-04
8.252236961238247452e-04
6.297488193071934482e-04
7.359811938673361652e-04
9.709400467218528381e-04
6.925349304554184087e-04
2.910118726568954473e-03
1.138092751706906410e-03
1.077924829242406582e-03
7.776311246929888807e-04
8.539694708049602257e-04
7.363798897862585671e-04
1.072697233021864018e-03
9.709352534317088057e-04
9.755938312036588215e-04
7.881831586247137591e-04
8.237590714407278707e-04
8.557911932006114939e-04
1.231128092315047920e-03
6.397532494179018715e-04
1.938986564288919809e-03
8.894358314870321651e-04
8.442737090677568607e-04
7.376869796327810208e-04
7.440421219147704771e-04
7.942854242913774659e-04
6.024239130646886781e-04
1.128478355267839486e-03
7.045464447868582912e-04
1.887772646717806929e-03
1.056046743484672853e-03
9.515489580315587923e-04
1.158755686135268205e-03
1.012706377808179209e-03
8.325074181282878698e-04
2.117428061716127626e-03
7.322011249589138000e-04
9.576532836590340202e-04
9.908353486871314918e-04
8.438696906390739461e-04
7.529931828991149939e-04
1.765324023986029282e-03
8.206732756245990528e-04
7.492509921158072841e-04
9.141117293328105114e-04
9.251451670119567204e-04
7.080420317708303055e-04
6.601973513701653393e-04
7.300019693207941826e-04
7.293622157365445150e-04
6.506057943769917671e-04
6.043123644781960751e-04
9.040160916833299811e-04
7.458323781017178874e-04
1.151322499462882707e-03
1.311803356693167898e-03
7.632244111949788466e-04
1.099910814997772995e-03
1.098561635937058941e-03
1.007488662199884080e-03
1.308035861127845607e-03
6.706951623084944593e-04
8.910694820355247528e-04
8.733508792354311573e-04
1.717342286792253314e-03
7.798779542147456310e-04
1.262894973586994526e-03
5.991551237223400770e-04
1.377320493451192470e-03
1.392185145105738183e-03
8.869276117640868991e-04
1.095746046780779210e-03
9.299482672415639419e-04
1.086509903637681218e-03
9.107337364681984335e-04
8.047183436403863854e-04
9.417294489073945287e-04
5.950960140215272483e-04
1.647803885652974771e-03
1.433236348879027939e-03
1.164106448372357293e-03
9.507623851200494190e-04
6.686035297653652922e-04
9.081252372051652018e-04
1.926497219610701691e-03
1.012534413206600276e-03
1.317162594596956067e-03
6.121308528883797218e-04
8.809046162476951878e-04
1.527775378145014530e-03
8.643594071679384537e-04
7.427504401703949538e-04
8.407025897955458732e-04
1.692308009145447861e-03
6.421111610777802429e-04
9.307588180272014866e-04
8.539805162367991370e-04
6.602736077401463602e-04
3.567656095847865881e-03
8.043301190207964926e-04
2.303043233540666684e-03
1.015082259557178535e-03
7.384814494823497026e-04
9.041600462924412242e-04
8.671740006663677469e-04
7.981027794953159202e-04
9.957860611625136624e-04
7.324010154830250556e-04
1.784225376009915221e-03
6.237190540886004700e-04
7.048072721749552112e-04
1.119800439057974011e-03
8.214560539517700571e-04
8.510910166466532402e-04
1.600073576014939122e-03
1.088278082108991296e-03
7.063682073549122902e-04
1.054849610273275989e-03
8.714017260721458212e-04
7.962127911354807209e-04
2.163749975564778234e-03
7.175825591135630939e-04
5.624920447241568266e-04
6.917802350732223018e-04
1.410907538395399750e-03
7.754992321870326447e-04
1.637547659329746013e-03
8.203876736637086969e-04
1.013452553148510042e-03
7.781272182009204251e-04
7.559917047665737876e-04
6.884692013346315137e-04
8.035547491383239092e-04
1.994222292838512042e-03
7.942164835887999047e-04
9.519930774206242100e-04
1.126662289611546830e-03
8.216218782019982366e-04
6.876385090064106613e-04
8.141291581663528693e-04
1.599637637781123160e-03
1.078410148551721404e-03
8.702941059124496810e-04
7.755655959430099791e-04
1.621765350784255214e-03
1.099440286737038983e-03
1.171998280091998256e-03
1.458921198408646243e-03
5.934987174028783430e-04
6.298204938495332184e-04
7.599179545369566741e-04
9.956084353787415624e-04
1.012528288506424432e-03
1.380181509477792275e-03
1.812714797128861391e-03
9.737085273968018985e-04
7.308316162429522121e-04
7.005068496165863315e-04
8.304669746135839295e-04
1.184920998424722786e-03
1.253241387646642424e-03
8.249303202767028142e-04
8.026333085545775837e-04
1.424085001145597787e-03
7.170449455268287225e-04
1.180760366556418781e-03
7.663244840555754386e-04
2.055713722049250063e-03
1.006133090310030705e-03
1.223543812130486021e-03
7.413851554121804162e-04
5.692703987113123141e-04
1.622613454213928585e-03
1.267904559391641334e-03
6.220959243379540777e-04
1.128640168786431862e-03
9.303065412274452326e-04
7.233306131734869217e-04
8.135597002553648103e-04
1.215449075274091821e-03
7.563496711894182991e-04
1.039141611535935325e-03
1.224310971636712216e-03
1.049019698082189487e-03
7.481654993745413557e-04
2.225786858164091869e-03
1.687082531887363701e-03
6.124731307030854962e-04
8.294374251632992412e-04
1.569318221817444289e-03
1.220732553960148783e-03
6.052933072253810064e-04
7.851321485633139035e-04
8.063681101045012695e-04
7.786324906564204631e-04
1.688627558383719741e-03
2.032556690147555457e-03
7.576235003177540436e-04
1.071236487804326379e-03
6.243177502025564277e-04
9.364716871948458674e-04
2.414965503364383415e-03
1.110513972073114098e-03
1.059723295038470479e-03
1.259561494677586841e-03
1.042888849801548853e-03
7.241959527597669833e-04
8.415277030929176625e-04
9.490342165929107829e-04
6.514964403278810344e-04
1.074362480627632024e-03
9.428047666585216008e-04
8.504573179268709116e-04
8.518101292399781399e-04
7.671873925157904990e-04
6.140252603111174190e-04
9.149291447990043650e-04
1.829199235156096087e-03
1.961756348180090058e-03
7.402016955245221009e-04
6.696646438865354973e-04
1.202126481036256160e-03
9.408430034733956341e-04
1.098600962381980021e-03
8.208084696105634546e-04
6.486068920117718777e-04
5.868612540632198345e-04
7.998168330201222429e-04
9.055169520706835571e-04
6.069433398217910199e-04
6.428598211114889887e-04
6.626443677507281920e-04
8.634886865135125251e-04
8.629892907074293617e-04
6.155378484721783523e-04
1.379749773674707625e-03
8.449530984251028788e-04
8.557222224222229504e-04
7.007973052817010337e-04
6.585110628961484379e-04
7.755816188500871825e-04
2.249304603049740500e-03
7.681388614501032238e-04
8.067215612288770009e-04
2.463852880792810965e-03
6.815293310688262706e-04
2.708041704525223324e-03
7.118660503973559027e-04
9.118476885333572004e-04
1.260349661345262643e-03
1.554089284427954964e-03
9.163298905388308439e-04
6.625818464238875539e-04
9.735953653136753113e-04
7.519538438086414240e-04
1.734770567185086503e-03
6.161373971934709301e-04
1.044695892626782601e-03
5.922309270963532594e-04
8.280197200390529465e-04
8.451296205923992120e-04
1.231699314226189718e-03
7.090488100427138870e-04
8.536843662849362543e-04
8.986226892266180148e-04
9.581467377503343451e-04
1.323916903623979097e-03
7.648558231163544215e-04
9.867729829879166685e-04
7.184942061423883926e-04
1.169959415755413533e-03
7.792808547635300632e-04
8.846870945468002885e-04
1.719161839600375852e-03
7.460287648254399938e-04
7.271084244281955699e-04
6.945818864946110048e-04
8.551897960378555472e-04
1.089123680612073646e-03
9.669898099385171005e-04
9.031114927330541808e-04
1.076844690964396788e-03
1.553620569668569176e-03
7.018848801313078449e-04
8.602207287342457723e-04
1.161518705139555525e-03
8.549509874612286082e-04
5.987545218165940108e-04
1.253323609633136704e-03
1.851583038367303220e-03
8.560158831518342249e-04
1.176372738911287373e-03
8.225962726856770810e-04
6.371746466295718364e-04
2.419087445673145410e-03
5.896757915268158873e-04
9.161954203538050061e-04
9.925311276666123634e-04
9.577898779172280786e-04
2.267354335342434447e-03
2.431280055732418319e-03
1.041473072480342049e-03
1.092220936864234495e-03
1.394111933375692235e-03
7.975043589941758441e-04
5.875250662476335555e-04
7.047502567146599192e-04
7.056037270287700454e-04
1.686063138270638227e-03
7.369869140745767934e-04
6.605317498467389633e-04
1.055391295809211902e-03
7.340304844805732717e-04
6.618377117527245472e-04
6.872646237077723172e-04
1.989317571206824023e-03
1.635335483919735577e-03
8.252272252310189401e-04
6.184549898600147540e-04
1.205625596672636312e-03
2.008677063689138544e-03
8.754843538974599977e-04
1.077836681353171568e-03
5.740075305619184772e-04
9.607806352970466859e-04
1.136221628620051605e-03
1.378513318842446850e-03
6.487124599921073034e-04
8.755501779376410800e-04
9.219576077137120853e-04
6.629134363434697119e-04
6.502386385000438838e-04
9.054271338025163653e-04
6.576068648142315443e-04
1.419452134153261066e-03
5.795080161094288496e-04
8.160411148191462584e-04
1.073959205016343727e-03
6.754038733772969004e-04
9.132463840889054737e-04
1.602187320301534570e-03
6.084009973785634625e-04
6.832399675598644587e-04
6.226385141989226012e-04
9.610546219136163401e-04
1.061102886110102360e-03
1.183077774018129365e-03
6.811395975588499345e-04
9.951712263828577619e-04
9.286286014408300007e-04
9.766523950008665963e-04
1.032204720543516887e-03
1.135127962357920881e-03
6.806843446119271871e-04
6.354786756141078208e-04
1.082182954395095615e-03
1.568318410225137032e-03
6.758168668313476769e-04
7.609193788535739298e-04
9.892857921908976369e-04
8.295930644621118608e-04
7.798018348764543164e-04
1.366114887296018213e-03
1.219711241542103001e-03
6.589302856511638096e-04
5.680829325094973814e-04
7.017307900910199712e-04
8.275505460729898084e-04
5.856971096811898437e-04
5.752774691524743713e-04
1.004939116453366314e-03
1.201982121836107703e-03
1.009313990194093350e-03
8.529418591248376412e-04
7.831165675197247246e-04
6.893702944033734464e-04
1.087529136949749124e-03
6.469039881781287306e-04
6.237523317768402546e-04
7.221412125186474655e-04
8.065411340627255763e-04
6.864500706666770615e-04
7.222524417175810738e-04
7.155213895613817378e-04
9.075322878275903860e-04
1.073220485352481025e-03
1.176138701427925258e-03
1.278671682559705475e-03
9.566749503054489383e-04
8.479600243465949773e-04
7.940211483014046915e-04
1.596583909405781959e-03
7.494765104008777089e-04
9.848181291967047016e-04
7.404515174199842887e-04
1.283149883389878530e-03
5.775814650112244845e-04
6.193889117416017179e-04
6.525628974302659282e-04
6.530484494443701072e-04
6.851295710780081578e-04
9.727440834505318538e-04
1.065608442807211695e-03
1.065519452933340154e-03
1.377209491484161644e-03
9.064066768584927653e-04
6.459228449684878111e-04
1.212006708430889753e-03
9.776041338368827386e-04
6.809511872053809235e-04
1.017873204951123432e-03
9.601626714212189431e-04
1.544266832443988609e-03
7.101426348860231811e-04
1.258195773911621133e-03
6.597936362725534062e-04
1.023917346868347903e-03
6.938250789451068726e-04
6.874571822129385730e-04
7.911297809644960962e-04
1.429029070610048687e-03
1.047694785143835202e-03
1.507377624404630714e-03
8.264873836539063769e-04
1.942318018703795409e-03
7.188138828185234750e-04
5.868295162345603909e-04
5.857327172437957639e-04
7.884222615699264117e-04
7.301204694313289962e-04
6.132393850881988654e-04
1.014704113132184780e-03
1.004679070962806236e-03
1.270122472959287450e-03
6.812538505199884674e-04
1.409356219925059998e-03
9.810713972827579329e-04
1.183021793364283803e-03
8.843729479768527467e-04
1.544244427786317393e-03
8.473161307427459245e-04
8.313543556313123450e-04
1.094212796363319695e-03
7.994945115289567653e-04
7.966267364752528928e-04
1.401134687158236839e-03
6.400951480618351751e-04
7.021127376111256776e-04
9.450283911539787739e-04
9.803113221576234809e-04
6.917580104266296114e-04
1.054988224163147872e-03
1.314522044794508640e-03
7.579796155027418610e-04
7.654211178440557643e-04
7.963454488600389333e-04
1.269367429562491024e-03
1.003003873721515851e-03
6.802625117603658010e-04
1.092391291866892048e-03
6.606383324283444675e-04
6.295810765839160092e-04
7.227638453933386310e-04
1.003448098104037147e-03
6.255621847008177626e-04
6.046633575869181593e-04
6.437582936899382798e-04
7.711800845336646811e-04
8.950763198597680870e-04
6.331982647564219366e-04
9.705316009752157271e-04
1.123578889138562983e-03
9.406533223717096839e-04
1.168767374222712740e-03
1.169968654932597918e-03
1.210468930285821384e-03
1.014726036076108546e-03
6.356217654024069871e-04
7.268060227380498126e-04
8.125211342413116112e-04
7.563860063104400769e-04
1.003949899204409791e-03
6.547749484662846809e-04
9.079625637828060356e-04
7.926875576441144060e-04
9.427425662633629085e-04
8.904673793649717662e-04
6.777367257735695703e-04
6.938542257467601943e-04
2.240461538910474421e-03
1.132798683950704197e-03
7.206779761381618089e-04
1.009807901713969053e-03
1.224395554471469040e-03
7.728652174465358961e-04
9.850136282520895355e-04
1.072478085982073864e-03
1.322263383525601639e-03
8.663860762826597903e-04
1.043218686727750890e-03
1.065109972859515234e-03
8.251076906881999384e-04
6.000890177418637984e-04
6.328184611824833137e-04
6.809125733256952842e-04
8.382056114749090797e-04
7.496541321982256624e-04
7.794896691596655755e-04
8.157761812383005620e-04
1.503289389965070753e-03
1.691746969646577272e-03
7.476248930652230201e-04
6.341721593439119927e-04
1.149853046126787879e-03
1.721130566948570742e-03
8.029836552885558998e-04
5.956851533059214377e-04
7.160635433392969129e-04
1.061498459930358684e-03
6.025778514954480180e-04
5.729612121965887289e-04
1.516974895580070317e-03
1.001453964504731746e-03
8.892891301668339387e-04
1.365124541690001777e-03
1.221837539085849017e-03
7.279788864364101705e-04
1.533321781797401806e-03
1.135338571234308395e-03
9.163080943090289119e-04
1.518889131720305282e-03
1.991367489354048132e-03
1.328184876601374654e-03
6.798361083952380582e-04
1.184517137812839214e-03
9.422011956440482037e-04
1.039236381523535443e-03
9.831454290776498687e-04
6.231080948321783899e-04
1.176123796066627387e-03
1.049411565969982129e-03
7.615175939422305423e-04
1.031711002081200489e-03
8.428272170754394239e-04
7.565291742571300269e-04
1.473231808173217560e-03
1.896200837555940414e-03
7.434413935081358657e-04
9.865016770193033371e-04
7.841541370819817393e-04
8.364208028627535384e-04
8.454328270051980664e-04
1.058123074571674796e-03
1.467922429663278024e-03
8.051355051643221657e-04
8.549061876163423874e-04
8.807132276271869382e-04
9.001011482592813102e-04
1.131244375396461095e-03
7.978451749264666923e-04
6.631649891685795608e-04
7.519370488435524061e-04
7.070537147246255339e-04
9.655824329339241559e-04
6.609743026959360697e-04
1.017952499253495452e-03
8.728704985297322354e-04
6.722202134634710320e-04
1.031643437828295594e-03
1.220156724320543666e-03
8.150330828561751012e-04
2.023677088886882865e-03
7.616307651660237602e-04
2.220014624030833272e-03
8.273593686357315910e-04
9.745987494083180845e-04
6.894372881333062694e-04
7.659247476530686542e-04
1.020011719913207311e-03
1.146543539067455255e-03
6.689432570161649378e-04
9.002326359500590486e-04
1.321333186891298066e-03
7.402285471137246605e-04
8.518868133246622256e-04
7.751223605692171125e-04
6.447454154057327691e-04
7.003025475546386519e-04
8.991980294261008033e-04
7.838794625123511389e-04
6.444068800313796199e-04
9.584829278199826028e-04
1.220564964176344171e-03
8.106334723281051783e-04
1.734279368153108722e-03
5.963906249442468789e-04
7.783953981173913524e-04
9.073903174477853956e-04
6.819280423771058872e-04
7.887721527179415671e-04
6.613529472013093911e-04
9.709170107884703381e-04
1.221683754634844731e-03
1.230964185343258075e-03
8.019875007483717949e-04
5.878660379449697970e-04
1.013942599246416693e-03
6.303869620338750125e-04
1.056420857053717247e-03
1.019480057463682159e-03
6.789567501075151465e-04
1.044267709296832405e-03
