1.176748547663528273e-03
1.004576116743622878e-03
7.628901431351196513e-04
7.073594073558656884e-04
8.370775776712391673e-04
6.915746853005028984e-04
7.950744770614387447e-04
8.993653121672508764e-04
1.006581619410291386e-03
1.030012418878333350e-03
9.157775632447337283e-04
1.021789453955690040e-03
9.289869559284652089e-04
1.060758872563157549e-03
1.576722887195670898e-03
7.647499713204518107e-04
1.211967180115840637e-03
2.056911992430764547e-03
1.270002693792546961e-03
9.443009313732376704e-04
1.464001316017046446e-03
6.371678966131245729e-04
6.693847309259038682e-04
9.927003741352150024e-04
1.073672580177069923e-03
8.047271957222988095e-04
1.092042675399843357e-03
1.097840804170694545e-03
6.668164580997885515e-04
8.111313054518955309e-04
8.430398149876628224e-04
1.028382331245145456e-03
1.041861973377612282e-03
1.066884956175904444e-03
1.192713225620515953e-03
1.051179128168295597e-03
8.769691732887711488e-04
1.808631496343592526e-03
7.125939955712311128e-04
6.482491566128557609e-04
7.588555881657190480e-04
9.096857089521298871e-04
9.356844081009474531e-04
7.423133902708732145e-04
1.307143290484715685e-03
7.206341487211370212e-04
7.745519173832380103e-04
7.534344572427387719e-04
8.152857736315707090e-04
6.127742861186661521e-04
7.416105345269455697e-04
1.058803355725535704e-03
7.953679234761600741e-04
1.054942712349402458e-03
5.996507721301047198e-04
1.933437391280705842e-03
9.576451604618050001e-04
2.002655737303589163e-03
1.285226121678568036e-03
1.114810578957886773e-03
9.609145881644009677e-04
1.161765002073634817e-03
7.723910262307367514e-04
8.046254629044436195e-04
1.086518646478139109e-03
7.248506150649157475e-04
9.024432956951910492e-04
6.502604036125916431e-04
9.614761880510740155e-04
7.867040222363170035e-04
8.806088920062289270e-04
7.729155007515631486e-04
7.531407469557194071e-04
6.864302153598327494e-04
8.386568811277016330e-04
8.805792912454180141e-04
7.667675572668426016e-04
9.593590271798762030e-04
1.071247826053167707e-03
6.793500120057017772e-04
8.585920108879469383e-04
1.017293084582245781e-03
7.879984835137747402e-04
6.178822273279352753e-04
1.265223854749893692e-03
6.352397021729279912e-04
1.954651451932188245e-03
1.463421656573141681e-03
5.868894354122463491e-04
9.916116561316677593e-04
1.285768470201049604e-03
1.406786586007222496e-03
6.464619169809518668e-04
1.607085553761361269e-03
9.509701587553462008e-04
1.021326513845432051e-03
8.066828654245014564e-04
1.292388587200030354e-03
6.697709238074173697e-04
6.266774264548010146e-04
6.377972270857658332e-04
7.972154866265421117e-04
6.263412675438694227e-04
9.273049488641709349e-04
1.667500016710262876e-03
6.435509942247030031e-04
1.088188997027144354e-03
8.266529068736434404e-04
8.611413294871997316e-04
1.124719167674031279e-03
1.104306561765927824e-03
8.843831841015475708e-04
7.555462092694029737e-04
9.571312545812086072e-04
1.098579620977533419e-03
8.495312525989592682e-04
1.232604925117734146e-03
9.025480853682644111e-04
7.393013792329348110e-04
8.994801328071679600e-04
1.266274969281645573e-03
1.235869474719514900e-03
6.351696969246713913e-04
1.201132602102498222e-03
8.525669437809068555e-04
1.401722732314129036e-03
9.789240144217707922e-04
1.120190854618321498e-03
1.007615448920841589e-03
7.943286942596545011e-04
8.671432396892778810e-04
1.100624755492038637e-03
8.267993612865379279e-04
1.245197261901473786e-03
1.028451216213976949e-03
7.892800067684992323e-04
1.012114867232794414e-03
1.493288792545634106e-03
9.189506931435024225e-04
1.293420430069332780e-03
8.907372736841270714e-04
8.410348391670766999e-04
9.481291530764188657e-04
7.412033603042423452e-04
7.104079993858082977e-04
1.004534600811806408e-03
1.035504230787542531e-03
1.261072888100002410e-03
7.889961995847019887e-04
1.354695062475415844e-03
6.959465252921459566e-04
1.293856990258935745e-03
1.089502413061454187e-03
7.751837668618592053e-04
8.061537562035267631e-04
1.238747278663333406e-03
1.447464906628447533e-03
8.821240950488002915e-04
1.526131695617369711e-03
7.837779241148798209e-04
9.436619367784466333e-04
8.216420062344574268e-04
8.957435408747099889e-04
8.525901167398782562e-04
7.647439279008010288e-04
1.015711901388116145e-03
9.009873731276405590e-04
1.249570330880567714e-03
8.561157649373104996e-04
7.666650493139562719e-04
1.086854381643126985e-03
9.701151575757374157e-04
1.230803859921511534e-03
9.459197204719859255e-04
1.205103141040786375e-03
1.018799809245402596e-03
6.205510101635565217e-04
1.162555153542675114e-03
9.211724124027178195e-04
8.020889531272461367e-04
7.442508721792059304e-04
9.209384146089845662e-04
1.299981322067969049e-03
1.258832311113342213e-03
8.663567326369562942e-04
6.115412136947274459e-04
9.927334154862927067e-04
6.794472848631191112e-04
1.427856330524466654e-03
1.075398882621849284e-03
8.857524668142891140e-04
1.446324563592011735e-03
1.041532860851211240e-03
1.395358143568698134e-03
1.008800828286779243e-03
1.026119399756618466e-03
1.054254216346768103e-03
9.448503391818155635e-04
1.127349018635978974e-03
7.278497139094309513e-04
9.058214115124033766e-04
1.542508362832678993e-03
8.608493742550231420e-04
1.034868561160130502e-03
8.920858131500591492e-04
8.807069814224651946e-04
6.729319295998414246e-04
8.261771274410544420e-04
8.179124906279866547e-04
1.133030228754787613e-03
1.410218332360351238e-03
1.256540000583567266e-03
8.947299565466630905e-04
9.910093737416220128e-04
1.038021637575758981e-03
7.111551773158879828e-04
7.093256066643259961e-04
1.412821129214701958e-03
1.063264997226320147e-03
1.576613308943295355e-03
1.053541960471117856e-03
7.054856707683486872e-04
1.004770003369339628e-03
8.302004536054698224e-04
1.003481290759630426e-03
9.017437604676095545e-04
1.644936782627043305e-03
7.524562239597211910e-04
1.423586440476282307e-03
9.844629586699799560e-04
7.059898704865804611e-04
7.500788964925280506e-04
9.293238115773469043e-04
1.170931024052526952e-03
6.786875161970939421e-04
7.944751884180711833e-04
9.191935067103612850e-04
9.455528147719754768e-04
1.152675064020548118e-03
1.038335596292643340e-03
1.634465740483590120e-03
1.573249909695883381e-03
1.296941031063676610e-03
7.473714275655184017e-04
1.038460095053831507e-03
1.097733793276669655e-03
1.220527835176688338e-03
1.123225518036535158e-03
7.388524316854494511e-04
1.260582094670868259e-03
7.600725723123115656e-04
1.104507308812932923e-03
6.902426312026240050e-04
1.054745574946392523e-03
8.034991603511585116e-04
1.024686997445163486e-03
6.489516967759557681e-04
8.685411310035975278e-04
9.198035076413325776e-04
9.450597610074735555e-04
9.760489274735797928e-04
7.612862049439598220e-04
8.940074388345311531e-04
1.258334378813337311e-03
1.143270966766715127e-03
9.573192025552968495e-04
1.483737867701758265e-03
1.355419543583152734e-03
7.509190780460224014e-04
7.888743991795609976e-04
1.119975182098100104e-03
7.475938453047133343e-04
1.021211042217565982e-03
7.851921069137578896e-04
1.438919522513616668e-03
6.698938201072328477e-04
6.476734281097112867e-04
1.115371108970367436e-03
1.485607406184215719e-03
1.247863524614878112e-03
1.613037093705400968e-03
1.115212629236902791e-03
8.268322897948788500e-04
8.832039430591849365e-04
9.546382785781321913e-04
1.183233693093977941e-03
9.603667240863642592e-04
1.190888147641922749e-03
1.629830355983244699e-03
1.056669243009735045e-03
8.840508878317655111e-04
9.424688314938913349e-04
8.159283526222683514e-04
1.201070327770204470e-03
9.779599653628500214e-04
1.254271895597080817e-03
7.701210037155592405e-04
7.323642611410469344e-04
7.666427170900348090e-04
2.234935462902399965e-03
1.210532290094705260e-03
8.885591619041201305e-04
1.086675728073242591e-03
1.073854545092623120e-03
6.410631526114898360e-04
7.098248031608189517e-04
8.865164290148874792e-04
1.022404148035296239e-03
8.634251221218088891e-04
8.347266988453430755e-04
1.197646131543262521e-03
1.314882767973036583e-03
8.791138106591040238e-04
9.724943145950227380e-04
1.105979812682008050e-03
6.627929896142281761e-04
6.329742029736312985e-04
1.167456670535712117e-03
7.054256175401637293e-04
8.879029955852273072e-04
7.539898504840947648e-04
9.157468501890357604e-04
7.381886813653291491e-04
8.805195003074117819e-04
6.164034904913642809e-04
7.424415285799644548e-04
1.125329716722926017e-03
2.182617794195816727e-03
1.197366941179484881e-03
2.077564903635768703e-03
8.522678318566316233e-04
1.650628110701488245e-03
9.205633257410624892e-04
8.550900701413207848e-04
6.063707835424355340e-04
8.651851293628665335e-04
6.745564613131387142e-04
1.327494474990609805e-03
6.685177260330409620e-04
8.267506937565573125e-04
1.016585613422556862e-03
1.810126694008161495e-03
6.911092937230548568e-04
7.132313368596052486e-04
1.255538725869718552e-03
9.175629957418792717e-04
9.489307601884700710e-04
8.123076721185341822e-04
1.233393983367352337e-03
8.301390514595527936e-04
8.224736183230633210e-04
8.902765615856888257e-04
9.245629586168896191e-04
1.233474047828660115e-03
8.873603161779400729e-04
1.171799940501904065e-03
8.038743357635170280e-04
9.828150574699120231e-04
8.836920565310953926e-04
1.015858369652457424e-03
1.144776277003917110e-03
9.367723609480235270e-04
1.101028410878194955e-03
1.487656806242154597e-03
1.065850439996889314e-03
7.019192913360578845e-04
7.126724875255891498e-04
1.216006624914107168e-03
9.323300601997559734e-04
1.417190877572851440e-03
8.122020035193145467e-04
8.834119333044791267e-04
1.734364612591863478e-03
1.686240978359206675e-03
7.800318551278804385e-04
6.986743440826179066e-04
7.045759030092459737e-04
1.276849030298212546e-03
8.454171141872766047e-04
9.195233747874661428e-04
1.402351329969232525e-03
1.300265668523921869e-03
9.047378135682490868e-04
9.604021695846387150e-04
8.792767538059906253e-04
8.730034734169105082e-04
1.105922119710199504e-03
6.069880510621785026e-04
1.008835176777713154e-03
1.284864765822693166e-03
9.703474428882734575e-04
9.890647023043175681e-04
1.244053198005659784e-03
6.785988245966035476e-04
8.676198290813815937e-04
8.746087341548189949e-04
1.310595200320616334e-03
1.311584171823598939e-03
6.854110010693720495e-04
1.007132661321715915e-03
6.076390384664315247e-04
1.059636586793648479e-03
7.850528907046828118e-04
1.219134825294247194e-03
1.171510016985509526e-03
6.806540755084264892e-04
6.400622662248700015e-04
7.751465888169951565e-04
8.288637739719102119e-04
1.121429358323644369e-03
8.175598519514548418e-04
1.036946535277171073e-03
1.243337824448597457e-03
9.133908720607840804e-04
1.046433779006407817e-03
7.099193705357335427e-04
9.620236563343879900e-04
6.771438007933967135e-04
9.482815605550627995e-04
9.902244340991869873e-04
6.291858428003672433e-04
9.365931081157315326e-04
7.993697825830003252e-04
5.906952384294849451e-04
9.861844691509481006e-04
1.065630883652363874e-03
1.466763807429418299e-03
1.436711591291338179e-03
1.408663496478402980e-03
9.764906089523065456e-04
1.160713810426646213e-03
1.147952981248059629e-03
1.363429994321235144e-03
8.439859766306149255e-04
1.189938598567248044e-03
1.075117085411051278e-03
1.066191236411396723e-03
1.012436656752883002e-03
1.029803726071153430e-03
6.095862353934391846e-04
6.475305787357388048e-04
9.404015479498788275e-04
7.130477015154887844e-04
7.915170579291521888e-04
1.303105070926411594e-03
1.561501968555865797e-03
1.333010394669818669e-03
7.354638443943259472e-04
1.004897002702624404e-03
9.386333550624978731e-04
1.147992037475187473e-03
7.476159442559039128e-04
1.196508578723795655e-03
9.851273777976457362e-04
1.244547880342972710e-03
8.385188769609045129e-04
1.315040236875160288e-03
9.283107043397478830e-04
9.713040848491480894e-04
9.537982998158153541e-04
9.455736943458948078e-04
7.703039698295524552e-04
7.863074519093541000e-04
7.283731582662250365e-04
1.031247374353082063e-03
1.129881674647099368e-03
1.466429797628259661e-03
8.128590365139467915e-04
1.137731592693282156e-03
1.226257617321924176e-03
7.036276572893483466e-04
1.106441165741801902e-03
1.098586732556915005e-03
1.015882644162057098e-03
9.146588565296045635e-04
1.326193653749096341e-03
9.578667344208166221e-04
1.194600277720095057e-03
1.062031217204320458e-03
1.545958584041937697e-03
1.557083258981731798e-03
8.513841984491857468e-04
8.569572763884554046e-04
1.166027149187792581e-03
7.039077996540223960e-04
1.059365192049119275e-03
1.010353450654721298e-03
1.055488606582697525e-03
8.839177819804121868e-04
6.992743286288247281e-04
1.091730510371199470e-03
1.246992115494073442e-03
1.523015953779891830e-03
7.477726862934957293e-04
7.166032942611727302e-04
1.064437278401754667e-03
1.398505410216812749e-03
1.057811639740024491e-03
7.744230478908340886e-04
8.580409148180108588e-04
1.303988145054675585e-03
9.358136815531802868e-04
8.617980214093298123e-04
9.116832171143551865e-04
1.001855214186313930e-03
1.135107364305649449e-03
8.200895212122963872e-04
8.573719641398522663e-04
8.707783550495193023e-04
1.023191927206399234e-03
1.231769673979299633e-03
8.942584499090074990e-04
9.868275145365952052e-04
6.723909703886182332e-04
1.005696760069106112e-03
9.868832158996506190e-04
9.316219409687732673e-04
9.986818762053907561e-04
6.347726986667826584e-04
9.025360216623664602e-04
1.086600140281308337e-03
2.368557689581619538e-03
1.343846197214815545e-03
1.029614268928596066e-03
9.548777343516299870e-04
8.686321843284143356e-04
1.136822889812074289e-03
1.251741939318738034e-03
9.252203924946599640e-04
8.873407941704298564e-04
1.327302949549330046e-03
9.610502238382964994e-04
9.637958531956017719e-04
1.090712790325623930e-03
8.213633059022900198e-04
1.182021675310426182e-03
1.262111614116936346e-03
7.755530504694480715e-04
1.216068015148354196e-03
1.364023235011429819e-03
1.034501309742305109e-03
9.583082437075989696e-04
1.322842119127495050e-03
7.466817276224527568e-04
9.896716509736733138e-04
8.568837641579082984e-04
7.216457827379090277e-04
1.108567983574351061e-03
8.505629294395314344e-04
1.004516594256348342e-03
9.176669400095032120e-04
9.912614444125950573e-04
6.782483183061941215e-04
1.675818599665318629e-03
9.338190953987985732e-04
6.753777009918009644e-04
8.769772094753744678e-04
8.662434530220612097e-04
6.982939537904692432e-04
7.445225544608187951e-04
2.101295046140645110e-03
1.199565718372873650e-03
7.815516347617976070e-04
7.400352095764280418e-04
8.808905564770174107e-04
9.396066294124021372e-04
1.975264053890595558e-03
1.145774899854034613e-03
7.751789819090304946e-04
7.701177008545205364e-04
6.112478596011039315e-04
6.654734359042630736e-04
7.031343531363092644e-04
9.308336118096524701e-04
8.128537976842772385e-04
1.359655886496149470e-03
1.304905185006367298e-03
6.619426790018978924e-04
1.080042810278472164e-03
9.306648403420662158e-04
1.231840752785426547e-03
1.188662427072015824e-03
8.642602340450341626e-04
1.627812975895545546e-03
1.199536158295649120e-03
7.672092303297465199e-04
1.168299201664555744e-03
1.305962105213880715e-03
8.784938483270573030e-04
7.692944322124014049e-04
8.318793505284313630e-04
7.018569683915505935e-04
9.350701481344546578e-04
8.535389467274350937e-04
7.763673210067612409e-04
7.561995344012760944e-04
1.033867767529644821e-03
7.343148550986837182e-04
7.538275050371706035e-04
7.595263638314522217e-04
8.070549643748983802e-04
1.069216014959247169e-03
9.967618859107946813e-04
1.018030942167778103e-03
9.680835469256642706e-04
1.404895666247183046e-03
1.259424921835523587e-03
8.297044341972273362e-04
8.162069964737589606e-04
6.585002713893193431e-04
9.666563988222233840e-04
6.700996032703708961e-04
7.880773758208253982e-04
7.281438921009933353e-04
6.421909019239163598e-04
7.573730204039888156e-04
8.128226856695988352e-04
9.493616337968765464e-04
1.136070821549097724e-03
1.264767389481674317e-03
1.432806516092498825e-03
9.405177173380219711e-04
9.752575743150583912e-04
9.173095068837161482e-04
9.718479225536029225e-04
1.275943196205216656e-03
1.016751283457355878e-03
8.788819221275453054e-04
1.311706978559855049e-03
9.513701355801209084e-04
8.124612938812813970e-04
6.429599308060431583e-04
9.171801936787107347e-04
8.838098421172567269e-04
1.527290777102746676e-03
1.061395340334858302e-03
1.079390684752381483e-03
1.124767880410967261e-03
1.057353971482800047e-03
9.745651669503127773e-04
1.509821465321845458e-03
1.193859612531206985e-03
8.895681979986340675e-04
1.187606532473418127e-03
1.283607716771407612e-03
1.208469830033710160e-03
1.021608297129643610e-03
1.096786228530803641e-03
9.225696680060790911e-04
9.823458306216052704e-04
7.958863450139942513e-04
1.166669970581960458e-03
1.177166742836995581e-03
1.411445778611988789e-03
6.561410256605047049e-04
1.253796525363031020e-03
8.259648119882071361e-04
1.065801622424867841e-03
8.020356038952943271e-04
7.346112489075644044e-04
1.168763426931731251e-03
1.866175301347658064e-03
7.932647104818766866e-04
8.013631365696180595e-04
1.290740967894817752e-03
9.958074933035347687e-04
7.271145483787790770e-04
7.737243289737761112e-04
2.239053215545325475e-03
1.008094236050426345e-03
1.049191534926584464e-03
8.640944891249352543e-04
7.587694064372400501e-04
7.931762593086836123e-04
1.072697951937238514e-03
7.251498792544643947e-04
9.038431358724388284e-04
7.911915259415921520e-04
7.984917560252034014e-04
1.027937556620556539e-03
7.586612955798550722e-04
8.987896102972631283e-04
7.337779232097861983e-04
8.460967354154441027e-04
9.734974950703738361e-04
8.709110465729219888e-04
8.557767813671653470e-04
1.165163441784599664e-03
1.459435982264715775e-03
8.935560303935122456e-04
9.536223786994126473e-04
6.016969588119867093e-04
9.102064010089605138e-04
8.364285480376231581e-04
1.054389246142367533e-03
9.546182348221281732e-04
7.033863017334116572e-04
6.604794806471361900e-04
1.035606234153497269e-03
6.660288403502261870e-04
1.179216226789706013e-03
7.957774606276453010e-04
9.090439578959727237e-04
9.089636929856093712e-04
1.235466750131694342e-03
7.524870997305801654e-04
9.440166330366304894e-04
1.013352987716633225e-03
1.451434299508019008e-03
6.699467693362907853e-04
1.091248289547315335e-03
9.379798751084813657e-04
1.309370498046884355e-03
1.474588016660629891e-03
1.258044007498600094e-03
1.127381748476159523e-03
1.661565035322539212e-03
9.068249481423955186e-04
1.000090809949387210e-03
1.052289911174762466e-03
8.759263603985034284e-04
1.140535781947365828e-03
1.366024227394301276e-03
6.670058963408755743e-04
1.167548831377505708e-03
8.186293306145214083e-04
6.854454631206352870e-04
7.054450061913912235e-04
7.216937051260900347e-04
7.818265905282362335e-04
1.901061856456295754e-03
2.176593715202890938e-03
1.019735518929470054e-03
8.196668682921432999e-04
7.970040402449176699e-04
9.169437620947083365e-04
1.002428076423430171e-03
5.932663928463517570e-04
7.959376241219991242e-04
1.083405756543729531e-03
7.877258228709280510e-04
7.707439341323379456e-04
2.635533730106785592e-03
1.758784188670824622e-03
1.059495700098446805e-03
7.022236435628570602e-04
6.625443929623154021e-04
8.571332549094645703e-04
8.059993726111503278e-04
8.837887323509003440e-04
6.580516555373344765e-04
8.481028927235455782e-04
7.026032791222098237e-04
8.139259962107671560e-04
1.183296198409058194e-03
6.889631335817088557e-04
9.272186712120186356e-04
1.184567653308618877e-03
6.964496921370867113e-04
1.241820151649248530e-03
7.115261972830234450e-04
1.136050098899172266e-03
1.130226734465829535e-03
8.823244813821038606e-04
7.029806354970678057e-04
6.740116161282176405e-04
1.057393205740599475e-03
1.150249870239501660e-03
1.196841875113295118e-03
1.224270682104196218e-03
7.780504408595606287e-04
1.372874908545135449e-03
1.034051035207406242e-03
1.827829027118072760e-03
7.892561936973793235e-04
8.909693053536989508e-04
7.371408165715605384e-04
8.910778500174261225e-04
9.388783121112589079e-04
1.323225656779786295e-03
9.530822774693818418e-04
7.908961411861188109e-04
8.058732370752286168e-04
1.259700396354714123e-03
1.065174503498051957e-03
9.196541730956929450e-04
8.453289435287072127e-04
7.637712850394473433e-04
1.364143246869055099e-03
8.104338960278756462e-04
9.652465757778870732e-04
7.783810690472022821e-04
8.260138958218186424e-04
1.482529575983923759e-03
1.148347774199240823e-03
1.333837294482858498e-03
1.046621336132819678e-03
8.659899503112238701e-04
8.578423646670966943e-04
9.945360350064110389e-04
7.501393448419620960e-04
1.121297216554559490e-03
6.075407839419608809e-04
9.631108944167603679e-04
7.023570601211675092e-04
6.456157050163194040e-04
1.176988691423380912e-03
7.812015226918655152e-04
1.597662150026684562e-03
9.064267441357402215e-04
1.031573454824584500e-03
7.720769562865173246e-04
8.307206794669029504e-04
1.116088209423482568e-03
8.197149749747211075e-04
6.688832087980674853e-04
6.859578858147035493e-04
5.982433215614120850e-04
8.867939840625626430e-04
8.828997801683973650e-04
1.033240302807008140e-03
6.074536001775464279e-04
7.198711398035516221e-04
7.245213668495652628e-04
1.022038135851485513e-03
9.653110119938083456e-04
9.532385243585666818e-04
9.407336664327604512e-04
5.924222695042980023e-04
1.707166013692781046e-03
8.731003142963093822e-04
6.224331339740015248e-04
1.262041291625019259e-03
7.754115865219454251e-04
1.185132852853196901e-03
9.908441317450849498e-04
1.549381193717177998e-03
8.821656641823415797e-04
8.440383257612222223e-04
1.723897434110844120e-03
1.160602734648548537e-03
7.006927627283838621e-04
1.552196971302556659e-03
1.146864476775325426e-03
6.512983026454748949e-04
5.958348755003711490e-04
1.005097454647612678e-03
1.480591714243177474e-03
1.070348451262227935e-03
9.638580191262990145e-04
7.545547486688490828e-04
1.035315667071190146e-03
1.143914041172253973e-03
1.281489006992599881e-03
6.414169212936483714e-04
8.848291383318258744e-04
2.332310846549615329e-03
9.621381533327086951e-04
9.167956949095769099e-04
9.781323110579459405e-04
9.897631217095715153e-04
6.435390543163616766e-04
9.693278021403703730e-04
9.614427461097325512e-04
7.228732720361859656e-04
7.434533846398813997e-04
1.106867442411508346e-03
1.120545861003846263e-03
8.857970743770307012e-04
9.352068365021995976e-04
1.246885094256282777e-03
7.384948320053533058e-04
1.049031982341306138e-03
6.412667062285827037e-04
1.165149405702735168e-03
9.311035584305018924e-04
6.706118470145103899e-04
1.369312634940414181e-03
6.494254540151537299e-04
8.014950862353599405e-04
1.562357410435029391e-03
1.010129592206510411e-03
6.488620555571790243e-04
9.932934103693195991e-04
7.487709229572618889e-04
8.603747973977478878e-04
1.158198102366210600e-03
9.851173583372541641e-04
1.114689266020854738e-03
9.749269733396267621e-04
1.460446151329112662e-03
1.104477922593704101e-03
1.279393772587491792e-03
1.146096543666194189e-03
9.983841130939002939e-04
9.457804262554176961e-04
7.071756603538576326e-04
1.744159991846959499e-03
7.430286092824320851e-04
6.328382459649951582e-04
1.073161427808451201e-03
7.573113785495017361e-04
1.439247144486377125e-03
1.045264204627768248e-03
1.269666441911834190e-03
1.511610544789580238e-03
7.436730298931196973e-04
1.061939613609058338e-03
9.258895422598266119e-04
7.793878636602157017e-04
7.988164052964363219e-04
1.141073060669763961e-03
1.385187590326113693e-03
7.951549895704240409e-04
1.102696681063125399e-03
6.638742114706371782e-04
7.661639045103375498e-04
1.011065559639263761e-03
1.075181816469904846e-03
1.110668057867990116e-03
6.183479611551051525e-04
8.701192692823319285e-04
9.450378200127540138e-04
8.244381289578946387e-04
1.016898277754598205e-03
6.826927113295699423e-04
1.054562210406651511e-03
1.222168218660205216e-03
1.069390229303539405e-03
9.722453250656746268e-04
1.046202804262384321e-03
8.753451206713901188e-04
6.397814532796883800e-04
6.977880465080422848e-04
7.806246413457833917e-04
1.162053005997152992e-03
1.708417316700770478e-03
1.187160717135864402e-03
1.302063189419955420e-03
9.477715335325430455e-04
8.955631419516403742e-04
1.891166718830841970e-03
1.529317373301461881e-03
7.793061848254190845e-04
9.241588987484343010e-04
1.255871279950144213e-03
6.575283353792413027e-04
1.288799059294741187e-03
1.143270373586894109e-03
9.109111164871613138e-04
1.598478141020416446e-03
1.294085361583429154e-03
1.387404243730326571e-03
7.049519190745243786e-04
7.989657511838622970e-04
6.814732412050329832e-04
9.523852387262777153e-04
6.263085311105756657e-04
7.412857743811805461e-04
9.553373715578645587e-04
1.560185650439042645e-03
1.682779510819719338e-03
8.945848723364688195e-04
8.627736746475565171e-04
1.044872287978655754e-03
1.142248999694441382e-03
6.499623365834280350e-04
9.675364614820820006e-04
8.161405220914172204e-04
8.549021113783530955e-04
1.499233847993295147e-03
7.316178152439629934e-04
1.118296017318464114e-03
1.004777908478158687e-03
7.454541106259534883e-04
8.708906549540738635e-04
6.787514552157624444e-04
8.036180853389672052e-04
1.601528911609676918e-03
1.208331490614497367e-03
7.540849804306154090e-04
1.084641068507634148e-03
1.270215235265763137e-03
5.985626269404382234e-04
1.294221813446387419e-03
9.364206459689430320e-04
9.159331201441371119e-04
7.042606032552242669e-04
9.786270338864105304e-04
7.561961060214603776e-04
9.446373766804316537e-04
9.033434098465613392e-04
1.140738121305664380e-03
6.475974703926203361e-04
7.948071578605928923e-04
7.752616062761728908e-04
1.160017637892068760e-03
8.707812443027889869e-04
9.629009046778615275e-04
8.119611815660621396e-04
