1.732078157469869178e-02
1.274904660551439139e-01
1.216706719191752578e-01
9.367363585960733485e-02
2.448644458396346049e-02
3.279876764024014513e-02
6.938227681015399217e-02
1.306377043703134122e-01
8.823325829309285051e-02
1.472120891487438965e-01
9.696200630511946084e-02
9.199327738652106345e-02
6.134087912328585468e-02
1.045129504189023784e-01
7.919198952015327198e-02
1.543329931188115733e-01
3.372769123961256998e-02
4.551422418833954431e-02
1.454890138828964785e-01
4.168770485773670709e-02
4.807646710768479631e-02
1.438442103580840070e-01
1.344130498018620001e-01
6.018806373556987582e-02
4.897614145047884948e-02
3.201315144746837843e-02
1.538188367202631968e-01
1.949383604274936357e-02
4.735825174954236966e-02
1.442830259313675478e-01
1.381361988554905829e-01
3.638291107384652306e-02
1.137937021600245874e-01
8.668561989815935787e-02
1.419319348688325433e-01
4.383399971329590694e-02
1.373201158624516305e-01
1.203371935845455876e-01
1.192482597363153790e-01
1.124521175575182441e-01
1.048664085067865792e-02
1.541377619940148547e-01
9.829947085199876311e-02
7.689685369017880412e-02
1.120053013262775898e-01
1.252743017851455642e-01
7.849224127362973424e-02
8.810005483165309070e-02
3.568396775568562912e-02
1.494117897568367215e-01
5.768249231626708384e-02
1.394391482337940247e-01
6.766305829857688012e-03
8.159709709278328837e-02
9.567651983161280793e-02
4.367993401124529301e-02
1.312181225169483101e-01
4.664488120110297370e-02
1.354274700673625265e-01
7.427990912357482212e-02
1.206648169974424145e-01
1.576569338974714851e-01
1.102489598455191344e-01
1.326960598442715744e-01
1.312522271301515275e-01
9.834182762169624281e-02
3.519624371379134753e-02
1.205823740152141971e-01
1.087618037285462552e-01
7.961007633158048713e-02
1.287777784903633704e-01
1.208771884592786845e-02
3.996647597432405330e-02
7.347385163417084752e-02
1.135343413217866082e-01
1.348062464988177833e-01
1.460222969250215830e-01
1.519287510856977552e-01
1.196745581277452036e-01
6.985810355248323056e-02
4.998542063238739508e-02
1.360484122595228551e-01
6.688037987200549928e-02
1.120240173632051500e-01
1.621630444332814933e-02
1.146995667074789671e-01
1.167472991711753783e-01
5.246136032439638330e-02
1.059194272014934435e-01
3.691943637316628252e-02
1.143560131509681749e-01
1.421377540261922479e-01
1.425793110508765671e-01
7.938125559034263368e-02
1.468622164764033511e-01
1.153928363839485938e-01
1.364011862717288137e-01
1.109968112027281684e-01
6.123727348625028488e-02
6.371061131430656721e-02
3.498016938510273982e-02
1.200281643434378404e-01
1.507325747487689716e-01
3.715123350242887507e-02
1.272483503885500078e-01
3.900650809139050851e-02
1.399260443633011108e-01
6.602489228652010100e-02
6.551060894301380388e-02
1.528484339202297870e-01
1.501090478725703725e-01
8.539972500194881189e-02
1.018176349542411763e-01
3.533549865916830318e-02
9.379837121053882787e-02
9.050156447616006933e-03
1.563371749287248147e-01
1.111770480066027883e-01
1.327527379721187561e-01
1.452724184447254929e-01
6.027183827534864091e-02
1.148011505952988009e-01
8.631821882419712932e-02
6.721278492520327275e-02
1.391914162150570053e-02
4.474966958313145171e-02
6.598800662884629631e-02
1.482594613032436337e-01
2.087068414777279446e-02
1.264815804494893829e-02
1.450663842327065134e-01
6.202517382000101442e-02
8.847900274394575326e-02
1.525336745795228266e-01
9.284905745138394284e-02
1.212494383298729911e-01
1.119680406545636442e-01
6.798651423987922549e-02
1.192289613437391704e-01
1.224896137355765448e-02
7.757967490753212014e-02
5.951491578250846931e-02
1.187911924193942870e-01
1.455981962064334112e-01
1.397666274871930125e-01
2.335681985159305390e-02
2.836173602147882417e-02
7.385311851006576278e-02
5.066188518717365530e-02
1.213630648593886363e-01
8.570752229324363203e-02
1.392122193024911136e-01
1.051954107291977816e-02
1.570335039767728202e-01
1.054307085982883058e-01
1.684262058374416324e-02
1.238834112183903879e-01
1.451780383900692639e-01
9.760036443714753540e-02
1.350956476125524663e-01
1.321330799696128488e-01
1.432368976140210859e-01
1.259574343803159524e-01
1.443602747405745568e-01
8.534960704135925724e-02
9.345492943809820263e-02
1.140162023056159463e-01
9.865117894939127996e-02
1.148705977399060302e-01
1.520456374930884702e-01
1.201595767357417459e-02
6.877381510413667354e-02
7.067187635892109576e-02
2.652826322699932890e-02
5.154830534324113950e-02
1.422220493409507291e-01
9.763933044703899944e-02
1.133220111282252085e-01
4.167513763572609775e-02
1.347260959995407181e-01
6.087711067725286307e-02
9.078660605248971283e-02
1.479030178487912572e-01
1.512753386463518146e-01
1.441882709893653747e-01
5.908258270796038630e-02
7.473805171180844531e-02
8.386992843888078919e-02
1.263946680042703219e-01
1.578070474837345583e-01
2.324683702752052342e-02
1.571750378444855267e-01
7.568068216054790742e-02
9.897591691272734915e-02
1.721203297009691116e-02
9.738007394098677216e-02
6.909510464794732520e-02
8.317529062822909269e-02
7.826355502075418857e-02
1.119806704356611227e-01
9.820006426095141683e-02
1.023448849719336695e-01
1.001185620139836419e-01
6.748958167351686022e-02
9.859696526677548534e-02
1.856341306396089644e-02
7.201860950860651533e-02
1.663633432905888693e-02
5.456648019128290672e-02
1.098427547259120535e-01
8.200494549932406396e-02
1.238366111770144995e-01
6.911964823089343513e-02
1.295183950373037518e-01
7.424521893894932278e-02
7.203027680568217794e-02
1.184536016999550162e-01
2.865791874604359246e-02
8.178934517899481837e-02
1.320647386314149352e-01
1.447063801255229765e-01
1.137355531224240046e-01
1.229736908000230861e-01
5.577505590797189605e-02
1.238512732950076967e-02
7.502383665364835419e-02
1.210780962169849123e-01
4.704576316051338469e-02
1.521266154128479986e-01
1.381861399087987996e-01
2.184959775169206808e-02
7.392082772949903902e-02
5.833760572588549131e-02
1.253606179709494325e-02
1.540641053205314415e-01
1.466494668775033261e-01
1.401617935221230460e-01
4.297333387501936497e-02
1.144947645274094344e-01
1.414514834725703885e-01
5.018117213450269676e-02
8.996212523174075548e-02
1.248553723151159117e-01
7.728660342300024133e-02
4.934301444710921525e-02
1.631365509982851333e-02
1.513284825259090804e-01
1.421112490276937590e-01
3.855682082444857744e-02
9.766604209000859238e-02
1.535102569504161740e-01
1.139397330600417507e-01
1.360478624763417077e-01
4.607030670653784049e-02
1.516283701153476604e-01
1.147543403302798137e-01
1.192290023648912151e-01
1.163833842610814684e-01
5.694341108886354780e-02
1.303286408810343522e-01
8.084150759224216498e-02
1.561383576351442481e-01
1.582719534751080709e-02
1.114800252798603258e-01
8.471694583924448130e-02
9.057037256530277303e-02
6.821078987417286688e-02
1.427461252714511131e-01
7.303577677713168903e-02
1.526386635179672324e-01
1.011320289119785609e-01
6.633451532600988243e-02
1.132489339846606269e-01
8.207869176159027225e-02
7.772630355072565958e-03
1.378575078671832599e-01
8.176167579372856098e-02
3.059390278731777268e-02
9.073099649303795200e-02
1.976328623564635803e-02
3.861471724064098610e-02
9.720567177218839006e-02
1.278561872119002019e-01
1.381906128280006585e-01
1.406890027982034830e-01
6.016352052311772780e-02
1.556380615208404761e-01
1.388221562566917255e-01
8.980927830970143744e-02
8.787556292188107576e-02
1.540323307579541945e-01
1.285535162961517486e-01
1.431205555248812877e-01
1.396170251965145881e-01
1.134220864507842486e-01
1.410657728385761034e-01
5.396665662042326311e-02
7.465339010038707368e-02
1.085629137652026621e-01
1.341381666261639016e-01
2.375850314050460127e-02
1.407836294093809393e-01
1.109424894866327393e-01
1.501102306033788580e-01
8.902327595202898236e-02
2.322177464265975586e-02
9.308593762696455720e-02
1.252512388580089842e-01
1.344488031695235675e-01
6.819342107914365403e-02
8.940833587437169161e-02
1.371498249168325023e-01
1.208462894203365945e-01
1.497000693349160860e-01
1.367760165778406090e-01
1.251973881398650568e-01
3.071382928139437460e-02
7.507236969697625439e-02
2.664202667987766379e-02
1.109287554614593191e-01
1.499342391894207815e-01
6.036014905513698015e-02
1.222826954316263287e-01
1.301802447990163814e-01
8.208549196633664613e-02
7.414228954854955311e-02
1.274670550081222764e-01
7.168253779925577718e-02
1.179221556405702642e-01
1.451767271841540030e-01
5.224419601829186077e-02
5.374986462679266080e-02
5.610550804334499958e-02
1.098638626638830940e-01
1.129038398451762126e-01
8.502658385276996855e-02
1.298472827219418133e-02
1.143308102871905679e-01
4.904461545383739796e-02
8.824727128484279037e-02
1.105078627330897817e-01
4.478726630808892162e-02
6.665095274366537870e-02
2.060951596188628082e-02
1.378882053711226741e-01
8.394457871715943487e-02
1.544209289272438779e-01
1.193182350325119323e-01
2.717582781705676909e-02
7.345872798182068175e-02
1.295862729436174088e-01
1.122540644905844487e-01
1.431842705836733620e-01
1.543493689981270400e-01
1.485579292949540109e-01
5.040482280048921848e-02
3.320379643372646516e-02
1.130281669050890864e-01
4.342068292784231898e-02
1.279315051331327835e-01
2.744098033649971374e-02
2.756685805414223894e-02
1.519588701199984238e-01
4.012652074335153196e-02
1.336028639602796220e-01
1.227861008634983236e-01
9.245731859249310680e-02
1.507145981529874335e-01
1.234461436850942118e-01
1.244651802523927264e-01
1.146602664311301284e-01
5.814183648904922702e-02
9.357976087882746707e-02
8.704775665928551898e-02
1.157812396780148190e-01
9.200132024624364802e-02
9.854551794870228254e-02
1.043894158746992845e-01
9.282299849469734243e-02
9.916933599568256152e-02
7.260223760712906926e-02
1.364852771412039534e-01
1.545289672786260005e-01
1.287070957957543726e-01
1.303575733380625545e-01
1.521603566268215635e-01
1.353619858902943840e-01
2.760696827701569767e-02
7.839863965512784694e-02
1.227567286050909035e-01
1.074911898063273807e-01
1.427480828750980202e-01
2.709824489854676527e-02
1.548184971548571542e-01
3.977346387198333472e-02
1.113794688402798203e-02
1.056838903362136012e-02
7.281500594451419117e-02
9.706707795014006546e-02
1.165588380588733902e-01
3.382186067533413804e-02
1.250368322112441755e-01
1.147220412866895439e-01
4.805595192955965100e-02
5.346888544894778245e-02
1.525588340349542660e-01
5.608433116764157539e-02
1.094469874868370801e-01
1.204125759975801097e-01
1.142202435789577836e-01
1.091379750344996652e-01
2.951066250354495574e-02
3.036804787807342865e-02
1.040329451957185403e-01
1.383065590012536872e-01
9.799462607250673807e-02
1.238085613007617984e-02
4.272143434544233009e-02
3.169554166577238929e-02
1.176559844999867377e-01
1.262087821292594558e-01
1.976892357538758555e-02
8.197731252840374794e-02
1.546184599333896847e-01
1.281153920893125520e-01
1.577889601333546110e-01
1.340120310217394195e-01
1.053836663966847970e-01
8.575669608123952237e-02
5.055789435625541312e-02
1.696953215486017227e-02
4.620594984152327084e-02
1.001226933567184174e-01
5.338954126803751449e-02
1.274221344690045499e-01
1.260073268251849787e-01
8.849901974746292310e-02
1.179233227020495545e-01
1.009211844114878270e-01
1.465128078383556298e-01
1.192167014891894056e-01
1.537439251639416971e-01
9.221018983422182846e-02
2.343503593665025725e-02
1.051494689480676759e-01
9.904286596962937061e-02
2.703188736041024082e-02
9.487355113315486255e-02
1.742953245596123163e-02
1.430296703286723647e-01
6.797513401937448074e-02
6.227711952599203349e-02
4.889068644611289233e-02
8.102293356870060581e-02
7.732137201152031181e-02
7.302752315264728067e-02
6.349857165757259725e-02
6.498310584285779679e-02
1.222915844034189875e-01
1.206366425232203582e-01
5.907515778815968649e-02
1.119893462381551519e-01
1.546652176240476684e-01
3.261366007062518196e-02
7.011669166293797717e-02
7.330118929937690098e-02
3.052878742845290677e-02
1.019956700650082038e-02
4.876369297010527820e-02
7.482566732297762924e-02
1.294960567853041533e-01
1.019009075618898530e-01
7.318957034302844833e-02
3.936228269596047519e-02
7.190269639649894684e-02
2.430753601531243993e-02
1.249033976945584379e-01
1.110645184386745560e-01
2.630055059561636072e-02
1.016818355095229498e-01
1.094448143266285589e-01
1.545386417087811493e-01
1.482223862521311331e-01
6.819493695415101975e-02
9.904325079239478802e-02
1.557676046127995928e-01
7.194361915583021017e-02
1.475459337984908470e-01
1.090364638856656382e-01
1.518689906517742272e-01
4.832424644152476245e-02
5.068403367449497710e-02
7.824822736346556673e-02
1.561968488096280028e-01
1.160906587429052922e-01
8.269764181838054617e-02
1.515287696383538774e-01
1.177165898642972275e-01
1.541508811674349166e-01
9.447224870998743862e-02
1.276850407157098799e-01
4.838654611161129215e-02
1.119655827452772923e-01
5.961051635747093014e-02
1.221890435352893656e-01
9.705219571072816465e-02
5.524623007068429903e-02
2.413531764281195285e-02
4.284767157876887000e-02
3.003441306109501732e-02
9.554308637346935196e-02
7.497443385071145272e-02
5.459880625036590829e-02
1.109336451716039368e-01
4.840147009206113154e-02
1.483099339207204492e-01
1.328140087788147461e-01
1.029158839406765086e-01
2.002593515017932896e-02
1.208343711348256050e-01
1.563995262442771095e-01
4.394501925475509385e-02
9.492798679751544844e-02
1.772951045135963757e-02
1.391756401455254422e-01
4.544616069562160826e-02
2.816639283222383688e-02
1.453062988768829278e-01
1.540340898561932612e-02
1.304786033986947147e-01
1.849214105295407876e-02
3.101385952413254071e-02
5.998993582675685859e-02
1.409136915940910895e-01
1.381290979489809556e-01
4.997919148003718975e-02
6.397825636228560153e-02
1.325939996156856315e-01
6.919472847269063365e-02
8.040105618010755240e-02
1.269428822651981759e-01
8.530578588852608113e-02
1.235450441030526841e-01
6.266019975712570911e-02
4.507516168319760513e-02
1.284998986422919987e-01
1.362472595473002146e-01
1.091609756715599538e-01
2.426568880929206098e-02
1.074224770313945421e-01
1.325899438705602507e-01
1.434647813780088876e-01
1.262694978199857543e-01
7.247280933065414210e-02
8.009683549058528584e-02
1.338578797392007969e-01
1.300537849602544094e-01
3.432762322732976074e-02
1.400410082295858172e-01
9.920859707387891246e-02
1.388155273616502872e-01
1.152605681293942808e-01
2.309143357519205519e-02
1.319300326130237733e-01
3.295013796816884111e-02
8.692540080347184450e-02
9.054613329262546639e-02
1.052202851683740059e-01
1.073286808677597626e-01
1.187502812278934533e-01
1.267142335039605772e-01
3.724414204319672489e-02
3.827185578431858970e-02
1.248728661759900271e-01
4.180202525913169487e-02
8.167118303081842556e-02
1.954439095457326941e-02
5.827769891368281274e-02
5.097256537632960383e-02
2.642453136075813280e-02
1.200738666724365661e-01
1.288656678466335026e-01
1.510248744074511318e-01
1.427897221300458430e-01
6.383040286683901166e-02
1.129154192199391116e-01
1.281347964439302212e-01
8.953800233046009527e-02
6.619640029958093197e-02
1.143826035757343901e-01
1.217279398396812901e-01
1.163851737662714575e-01
6.833336751752457083e-02
1.067274482635101052e-01
4.100333185196679275e-02
1.202663026787213763e-01
1.187852436154388514e-01
2.914676623045243942e-02
2.970427972419051321e-02
1.264493225261393017e-01
1.269710419275444091e-01
8.389207521082374386e-02
3.040263598154352084e-02
1.535918637449309176e-01
5.533974673737062505e-02
6.287282151229711680e-02
6.084296930241783752e-02
2.033648835873398328e-02
8.212321176189416039e-02
1.352684150200970659e-01
6.977134165834292245e-02
5.310412994879178811e-02
9.911788018550686530e-02
6.406901168839751470e-02
1.190477265279828167e-01
1.163199657684833022e-01
1.408104124441469651e-01
1.257755026673417764e-01
5.051054380327991977e-02
6.784936511672537418e-02
1.012268509097860592e-02
1.528756341000780394e-01
5.740020983055506981e-02
1.258152682400158484e-01
1.140065123583712814e-01
5.935176877914550425e-02
6.806473748977943938e-02
1.019408040859104553e-01
1.429139143780308041e-01
6.273295455758479133e-02
8.786528411619362600e-02
1.200006282971510518e-01
1.213581245574928968e-01
1.149395252150270524e-01
7.228360031633411509e-02
1.247180067168451034e-01
5.257604188460202749e-02
1.194099534928119988e-01
8.424901889242675246e-02
9.646193396550924171e-02
6.585135327284084850e-02
1.378497972665338467e-01
1.000721039330895318e-01
7.039894334837513978e-02
1.771029544366653150e-02
8.953933067792242684e-02
1.407259355796765532e-01
5.622560359697920812e-02
6.870426400555218471e-02
2.095490518090932161e-02
5.469927166806283492e-02
1.311880329490758279e-01
3.213192622699435896e-02
1.004398415736001415e-01
1.180481269561041990e-01
2.733202030951699044e-02
5.086549863014785261e-02
1.221315153082315752e-01
1.299523474234227649e-01
1.336119989655680240e-01
1.469315831967641095e-01
1.436851144280409595e-02
1.150576604242342094e-01
1.201937878612353017e-01
1.518143195476472085e-01
2.462011141649142823e-02
5.762995296248941274e-02
1.065506593202733693e-01
1.100614159288060834e-01
1.883217144115032285e-02
3.113415561394827433e-02
5.586056933725836587e-02
3.380384440875233709e-02
5.420451464479589948e-02
3.552800248728850419e-02
1.471078742605976264e-01
2.017653683979877405e-02
7.818955911112986101e-02
1.409470705504401455e-01
1.338425355306614439e-01
9.256235345692780114e-02
1.490988781411137394e-02
1.415155415220440971e-01
3.458248534906124133e-02
5.194530945445236664e-02
3.381054360492498356e-02
5.694414276031536243e-02
7.354901970201876971e-02
3.736413164270437764e-02
5.347690876374405072e-02
7.893603937505228041e-02
1.195757930006932784e-01
1.249750494564171588e-01
1.344102189368446276e-01
8.105838482209566653e-02
1.578287613741738982e-01
6.580501177876857399e-02
1.530432212663080382e-01
1.222198321934366699e-01
1.097487085324818090e-01
1.066734879511409134e-01
1.418062920702474194e-01
1.190950929921959223e-01
1.665395820956574319e-02
4.410955815294052146e-02
1.292214515016322784e-01
9.280194989051117338e-02
6.691392214734057098e-02
1.134170718282109941e-01
8.873315422583807899e-02
1.295827972051042387e-01
9.044953818286723124e-02
5.633688250678892118e-02
6.365512976747469964e-02
5.602121794282659273e-02
9.357022530032309271e-02
4.742599585200989870e-02
1.315438718084693467e-02
9.465619628349403181e-02
1.426302419016110545e-01
1.271212509839516058e-01
6.262519270425476181e-02
1.097769934230389682e-01
1.196312051650355035e-01
1.528970303008302944e-01
1.366394295521595748e-01
8.076654565366057914e-02
6.982048941350410542e-02
9.013965110562513483e-02
1.590218629802997788e-02
1.322004855277058022e-01
1.535398251140980830e-01
8.418462319704674013e-02
1.561668872995757573e-01
8.217988027898120995e-02
1.193196505932501150e-01
1.602293175705723355e-02
1.383443113780498945e-01
1.000509046869742652e-01
1.028376165965533690e-01
1.579605780840166174e-01
1.034362413011247900e-01
7.866634724507494403e-02
1.459241785511943834e-01
5.546427798371526829e-02
6.220894867304182368e-02
5.318421324827872498e-02
9.095087447550140314e-02
4.846392196543567593e-02
5.551108205813924668e-02
8.735929273080396407e-02
1.173674918834822917e-01
6.126764068130694657e-02
1.430519522765325013e-01
1.425422030045453980e-01
1.185757620194913264e-01
1.459820980481535690e-01
9.500635367402247844e-02
1.333826396897258848e-01
1.015778479690459674e-01
1.485130117740015854e-01
5.135812350780088326e-02
1.253184437908539950e-01
7.754780510282549555e-02
5.102878084793309454e-02
6.953224046979482320e-02
9.816897248043157664e-02
1.353975822132080231e-01
6.018430653722969120e-02
4.304734383512943269e-02
1.517970881938524377e-02
4.560179699856703461e-02
2.596298854167594997e-02
7.902081149773987345e-02
4.358167017401659571e-02
8.787924050937924447e-02
5.163862803076518793e-02
1.255117302143640423e-01
1.323101797417912950e-01
3.933275581786171288e-02
4.921884344919668502e-02
1.296401333088033070e-01
5.013732983973897411e-02
1.390216216558307905e-01
9.718573909080090167e-02
5.990655111984873049e-02
1.450524895290922767e-01
3.914718781188154112e-02
1.030081244346531533e-01
1.413086435348220871e-02
1.076185934440434533e-01
1.396136569084518442e-01
6.434685833656357545e-02
1.081739914355843435e-01
3.771501838616391628e-02
5.529699099161820841e-02
2.769711325311483355e-02
1.215148959286985880e-01
1.333047249470136197e-01
1.300676830766255843e-01
2.942382572886581213e-02
1.313878506793717815e-01
2.188440120461839292e-02
1.108648917748414758e-01
1.243889062087104036e-01
7.805032371479107833e-02
1.421570093149210068e-01
1.192269153883954991e-01
2.474103720357053240e-02
4.190751609169649644e-02
1.567016490727507205e-01
3.463794010889021530e-02
1.103372811764965072e-01
1.502349179596851048e-01
1.336025402527867278e-01
1.043870447720849359e-01
2.101095156642367526e-02
1.055802168738119023e-01
1.100504279576938749e-01
1.316380845918023734e-01
1.570580649790922212e-01
9.169733756371878375e-02
4.622384042935386017e-02
4.712312565879983595e-02
1.158605185279695804e-01
1.284802684153213970e-01
1.222364371029532326e-01
1.530488669664361867e-01
1.178028908187565837e-02
5.203380728720443521e-02
1.395850135668324776e-01
9.252296624242753453e-02
1.034571403209796903e-01
8.459923593192995861e-02
4.099879728313087640e-02
1.071651167751255934e-01
6.223876142994826111e-02
6.958253567474531609e-02
9.887690589214667702e-02
1.438416962520657483e-01
1.560808587872450637e-01
7.686281106334139079e-03
4.229652821787500960e-02
1.448913110656264713e-01
3.552142326683177531e-02
1.442338921770387472e-01
9.863038737661676547e-02
5.670250876096674664e-02
6.252799505072902109e-02
4.660372439305809217e-02
1.457233557449061079e-01
1.424337658262460060e-01
7.894367643799486689e-02
7.011905007953278535e-02
1.339994674437914868e-01
6.052204735494449289e-02
1.535718054568637192e-01
2.118023519445966230e-02
1.074759712380521093e-01
1.341284192753215976e-01
7.029267276075630566e-02
1.100358144477473071e-01
1.173825956735331522e-01
8.000600817483224936e-02
6.785075238913894358e-02
1.178551487458821267e-01
5.297497582588612391e-02
1.412494380569525587e-01
5.161320393123976918e-02
1.259660698958481317e-01
3.221626395236890789e-02
9.004657418598802088e-02
1.434616912895663454e-01
9.373778659978673766e-02
2.574789381381999837e-02
9.381267943882308502e-02
1.045589701433520952e-01
6.644401113109799084e-02
7.590237950697470426e-02
1.318424531056282822e-01
1.463272016306829681e-01
7.226843740448085640e-02
1.205322924258534073e-01
3.699324467546118156e-02
1.287716654455793308e-01
5.393744677779532815e-02
5.323674362446314395e-02
1.193075416110277315e-01
1.540571070419909094e-01
1.359636956703719202e-01
5.079409721715921755e-02
1.053983409397087762e-01
1.545851021176844198e-01
1.371541767350303309e-01
6.095172955703457435e-02
1.386445341219894045e-01
3.175494848498948419e-02
4.449149359478381943e-02
1.411888526225873741e-01
9.977656539383664147e-02
4.835586609822128262e-02
1.027580027702970356e-01
1.052560271556136628e-01
1.335314351921003673e-01
1.470209932148831278e-01
6.667421798258738042e-02
1.378773413772153844e-01
1.578836340930223070e-01
3.625405427401696967e-02
4.189405628884636246e-02
1.472712239059681127e-01
1.483823729271389891e-01
8.115120357574361065e-02
6.955246689295792317e-02
3.258310729440354325e-02
1.266400048131763600e-01
4.435883518635461847e-02
4.532508982774667572e-02
1.344331231360366696e-01
1.519015289354790632e-01
7.230431233402256908e-02
5.992286334560885386e-02
2.238399448507086623e-02
1.314905975967569085e-01
7.074143876770040695e-02
9.406030488504699139e-02
1.273582583883044184e-01
3.720719374443264699e-02
3.765754908173660903e-02
1.181639910923994036e-01
9.788170637163963461e-02
1.042759102584930320e-01
1.568859998581115522e-01
7.924188101760308578e-02
5.229386296593147021e-02
5.829421607777518499e-02
1.217919630165874151e-01
1.138331617272407975e-01
1.174553357406187687e-01
1.725205873408233032e-02
9.953715469683561967e-02
1.088821134236775401e-01
1.411334835463954607e-01
5.795061612654905242e-02
4.101942703675361818e-02
6.951114852302829605e-02
3.861327104927964743e-02
1.298723378887960966e-01
1.216191656601409710e-01
1.039367859580116737e-01
1.156264357622921179e-01
1.193525140336770402e-01
3.462952208420973232e-02
1.359067685408947290e-01
5.288301131899333235e-02
1.632678782674194806e-02
3.810807844220833601e-02
3.153200781908365585e-02
2.251764955834826068e-02
9.241033180898029775e-02
6.796977560625719339e-02
8.793314530206923496e-02
4.046674739476471827e-02
9.955266711717383754e-02
9.745201506134860969e-02
1.454785105726738581e-01
7.447481133805783360e-02
3.122805472038854210e-02
1.168355293127142785e-01
7.822361125615333310e-02
6.308930918454722092e-02
1.404846963781398450e-01
9.725972897982829157e-02
4.025142585817029217e-02
6.690047914565425136e-02
1.001261947275948888e-01
1.492423775256675189e-01
2.075229916487656215e-02
1.503351488356206300e-01
3.774085443438706527e-02
5.211044464582184621e-02
7.180691032468158874e-02
1.469533338071108142e-01
3.203902753114327984e-02
4.245743040999411244e-02
1.329842252874064226e-02
7.276403396089387021e-02
6.232916091397471686e-02
1.549524279269310634e-01
3.638830242999131770e-02
1.118739437888238153e-01
9.357692104725137683e-02
1.574754234241683148e-01
8.337835870379904646e-02
1.422299544989050479e-01
5.811949570601222803e-02
9.078428603222167548e-02
1.561383385338338259e-01
6.814097107727444536e-02
1.231027416941996022e-01
