4.691098882658297220e-01
4.466708843941334939e-01
4.550459532600318879e-01
4.614565450946520042e-01
4.432009460744480434e-01
4.748590096843562369e-01
4.588919567530875820e-01
4.532614856894888189e-01
4.515845824430398392e-01
4.585082500552349338e-01
4.545611609316292379e-01
4.740901259532833700e-01
4.378905134418283884e-01
4.705515700493732023e-01
4.640370180229762553e-01
4.755986762065795848e-01
4.622968315444058729e-01
4.654828345623175379e-01
4.638702932543358193e-01
4.400212813876837603e-01
4.682889782803821288e-01
4.466158974405100013e-01
4.442765281562964241e-01
4.711133981318829655e-01
4.694064004752724895e-01
4.445648169535799110e-01
4.334788311205115541e-01
4.620173071297780099e-01
4.380236361098217013e-01
4.184075790079692658e-01
4.245267437881286576e-01
4.383464163309472306e-01
4.300444516120532912e-01
4.571556259614046325e-01
4.651556224052968980e-01
4.548745679404199160e-01
4.440078131314630361e-01
4.432944211696180359e-01
3.794502891065708039e-01
4.315652353931756502e-01
4.561148914977495306e-01
4.225121147828047041e-01
4.743063934565655559e-01
4.537614856796364782e-01
4.685764730291965829e-01
4.670619121004411234e-01
4.367003698915093990e-01
4.747056513089862317e-01
4.554570504269672693e-01
4.455463426654747150e-01
4.451474664760214361e-01
4.422427894525456926e-01
4.700148513516266280e-01
4.552116451123253138e-01
4.639049193125964754e-01
4.544701216238581365e-01
4.606147029398539594e-01
4.454087264535476764e-01
4.585032622318372941e-01
4.584021322343312943e-01
4.677442502077464592e-01
4.605636534315050157e-01
4.419641058970734671e-01
4.287692889647336525e-01
4.492046082053969824e-01
4.450349411510888809e-01
4.657504428396950780e-01
4.612278958363160708e-01
4.144955290673940640e-01
4.440751867841940537e-01
4.381778100478931903e-01
4.648095561771292683e-01
4.652575285415591622e-01
4.504493839303404523e-01
4.448278289822912290e-01
4.563163503347441585e-01
4.433992474199704437e-01
4.429209435834785547e-01
4.391479959663120436e-01
4.727575693752865127e-01
4.643340044681539824e-01
4.552735063560899298e-01
4.624502214547734913e-01
4.170572572641240150e-01
4.323654207498193180e-01
4.123619098143968542e-01
4.666787758458915691e-01
4.378319669104643874e-01
4.688828079917436997e-01
4.551778067664211114e-01
4.066459036911585501e-01
4.459769416639260964e-01
4.734719353685029053e-01
4.168839138544971901e-01
4.721508236259730484e-01
4.023123880208916425e-01
4.728354667424261581e-01
4.623908929588224082e-01
4.652100345899315426e-01
4.065020203114071418e-01
4.456295622902580744e-01
4.751418186335801264e-01
4.452808675418737372e-01
4.707826538759301016e-01
4.701390449929143678e-01
4.425822825637358848e-01
4.726227729709727154e-01
4.567193640055732251e-01
4.608917705082927752e-01
4.551747072562547514e-01
4.529039224863740110e-01
4.516216638255343696e-01
4.518022824062780107e-01
4.745321551141362115e-01
4.694002525282400251e-01
4.629506395967403209e-01
4.155994171117869396e-01
4.469873929300002824e-01
4.697775938780033300e-01
4.093243860778483234e-01
4.627912825715326806e-01
4.626214925521178190e-01
4.511065670527311111e-01
4.089604936308422478e-01
4.575414314229311330e-01
4.597495606376158506e-01
4.469655742295392531e-01
4.548878555831384896e-01
4.693331569143959214e-01
4.669017331827235440e-01
4.436115004418272334e-01
4.588518637519318766e-01
4.659711119990242456e-01
4.297098057597885656e-01
4.526762101498496560e-01
4.561434912419775611e-01
4.711470316686018900e-01
4.710654829138949395e-01
4.636472219296148833e-01
4.586666386301617160e-01
4.565129948288879080e-01
4.484197323657004297e-01
4.607768160521308332e-01
4.630811224500022694e-01
4.723913651248874968e-01
4.564945663651143737e-01
4.453607463253336229e-01
4.754587511096334818e-01
4.660463480891430810e-01
4.389639882922252156e-01
4.718553460998218263e-01
4.617863912120752090e-01
4.523681122622686956e-01
4.477895183242099897e-01
4.556707409090417493e-01
4.616481053641730004e-01
4.521651241307619307e-01
4.322254448573739638e-01
4.684004226267579063e-01
4.702226128015346007e-01
4.673733842953228246e-01
4.576349366714594358e-01
4.620722165620576027e-01
4.730910603881746113e-01
4.696023383640837157e-01
3.940257773242856199e-01
4.563906668363085783e-01
4.649964060183957026e-01
4.732643495253913701e-01
4.285390898014527217e-01
4.713497929748715065e-01
4.592244086805101766e-01
4.613098660856101429e-01
4.737919228498295721e-01
4.744523268200587229e-01
4.593450903887311698e-01
4.151517080406006976e-01
4.567446652527978324e-01
4.727948107011134549e-01
4.124498297754289333e-01
4.490291735991809863e-01
4.100547934964551833e-01
4.529556271735581952e-01
4.111818496438695569e-01
4.325565450163573744e-01
4.752238786592663522e-01
4.751407623946126701e-01
4.144790070890105871e-01
4.678275591981322923e-01
4.567000253111221930e-01
4.624451949462353162e-01
4.350286390172219964e-01
4.658551377184939057e-01
4.712990600233912808e-01
4.725176643572888691e-01
4.652823454590127028e-01
4.576187324070301043e-01
4.579631816407453981e-01
4.439143911222033778e-01
4.678245699598303498e-01
4.648245724604080920e-01
4.395195009069767789e-01
4.620811163105523200e-01
3.984565280106738272e-01
4.725704076000570297e-01
4.718577181078374982e-01
4.616877424582183087e-01
4.519550631507572858e-01
4.455258324774944989e-01
4.136976240733852839e-01
4.598881594184491828e-01
4.700243668989430024e-01
4.486566352372521327e-01
4.723862794997665260e-01
4.717799016578553828e-01
4.464880541440557349e-01
4.670183890147003858e-01
4.068518040563178784e-01
4.260960823684628584e-01
4.634603864567556353e-01
4.386664890815285545e-01
4.692604182890467990e-01
4.730453199075072002e-01
4.193534929506122499e-01
4.730082730101355937e-01
4.570456511169888048e-01
4.592328140341697118e-01
4.683022466909110282e-01
4.644394939030191405e-01
4.608562550932485125e-01
4.312185544594323017e-01
4.492040083982396514e-01
4.718729459065171272e-01
4.647224887882265287e-01
4.639363698223527566e-01
4.712950277188798776e-01
4.622755218122515664e-01
4.621515664974670257e-01
4.702054076934336080e-01
4.742860530319046308e-01
4.741453982927641975e-01
4.667268960660378996e-01
4.476780937114642756e-01
4.639309407600419877e-01
4.646613638528463430e-01
4.663777492368920141e-01
4.645511527274190366e-01
4.337794135521458871e-01
4.514000889053619292e-01
4.677400927269438347e-01
4.508499391427339686e-01
4.552228853590917224e-01
4.684042097462817189e-01
4.472391456943653476e-01
4.175272299487549632e-01
4.180470826155186503e-01
4.725345419207367392e-01
4.612788113926753475e-01
4.747154778142442799e-01
4.686262292621499737e-01
4.631439353310399243e-01
4.462477029996679279e-01
3.969324350219244901e-01
4.355219138740399343e-01
4.743416779172205944e-01
4.474242970826139976e-01
4.626891805160985305e-01
4.698189799928629840e-01
4.661045750223718476e-01
4.683032128407766392e-01
4.754399545406845506e-01
4.724384119260225945e-01
3.918856787618024140e-01
4.435013454254299048e-01
4.630996708197606115e-01
4.561814652438214157e-01
4.435435748349521035e-01
4.723974892750997800e-01
4.167395740685920225e-01
4.335972874059195181e-01
4.709736902856968555e-01
4.479484056238065559e-01
4.731646257762723851e-01
4.467644865895569195e-01
4.680449024208080955e-01
4.470067393569674974e-01
4.231411106795224253e-01
4.546172772638680248e-01
4.522371959937794839e-01
4.752032781073939893e-01
4.699670179216148824e-01
4.682300329829065522e-01
4.355787874802576898e-01
4.154769610504937538e-01
4.581357098188902910e-01
4.427236968274335105e-01
4.756438673320604882e-01
4.387056091453746531e-01
4.626026333042839167e-01
4.672538740893447118e-01
4.688450442469367374e-01
4.677293962204140398e-01
4.627769663792184462e-01
4.632574639314727682e-01
4.119373090863052145e-01
4.590808988698920068e-01
4.356408211593477686e-01
4.738729180195144775e-01
4.709348911781185421e-01
4.585656375407197727e-01
4.212672729911036140e-01
4.654100925567138392e-01
4.700311901410133553e-01
4.619543044794758302e-01
4.331081607603107231e-01
4.660654724611474342e-01
4.563766187234818972e-01
4.211256385525286583e-01
4.581798796731646473e-01
4.629831158765636556e-01
4.284422374841607706e-01
4.451405228527289815e-01
4.438739804049632309e-01
4.755541322670249205e-01
4.672497415404649468e-01
4.510345719357872762e-01
4.750835686042784722e-01
4.751946155116175685e-01
4.714232777453176704e-01
4.286281817425743879e-01
4.133027300637222012e-01
4.588633842536516960e-01
4.731127863509735909e-01
4.280264185457369197e-01
4.676515742131248654e-01
4.517949852771395158e-01
4.626500733059058512e-01
4.738275051550790429e-01
4.727274507829918870e-01
4.685895088465833469e-01
4.756202319857777971e-01
4.560324953173522933e-01
4.537819816114055382e-01
4.593961327727106858e-01
4.568070113104448771e-01
4.387695772787764126e-01
4.682102699488422393e-01
4.483999565461323500e-01
4.555520784703744885e-01
4.304978385938195151e-01
4.443484853723835282e-01
4.632503410278512312e-01
4.625845164322742176e-01
4.722750424171564543e-01
4.625151298441143033e-01
4.550390145614934823e-01
4.503303611009412122e-01
4.248632306809719816e-01
4.643987153495290898e-01
4.170953189709423192e-01
4.499067007637023163e-01
4.610638322761753671e-01
4.633736058295933602e-01
4.379530738526443145e-01
4.271906907208369852e-01
4.509725991304614490e-01
4.690363032818811173e-01
4.571515296673116513e-01
4.601300981066654416e-01
4.579501060081509478e-01
4.749828359987501303e-01
4.484433845345901504e-01
4.559880826222100780e-01
4.692582984132799284e-01
4.225550793568759178e-01
4.502485310973116106e-01
4.756240505348937053e-01
4.672940975230284733e-01
4.674927991780695180e-01
4.749218632510235349e-01
4.431046154760611699e-01
4.542391994966241131e-01
4.418617696780077764e-01
4.673397353859387593e-01
4.391584803737630938e-01
4.656778836254778509e-01
4.662608228420241918e-01
4.515954851393586544e-01
4.523929081466913638e-01
4.282106437667345111e-01
4.659463578556143903e-01
4.598342534105041568e-01
4.685930408049424067e-01
4.460443933913739722e-01
4.642613353718492153e-01
4.602490637924182559e-01
4.646627442430082411e-01
4.420160488654808484e-01
4.557592314069230932e-01
4.721225942550818511e-01
4.714611015856721710e-01
4.053411019312505581e-01
4.745078655199831963e-01
4.605351588033193555e-01
4.677823450005604844e-01
4.737855596538871894e-01
4.711555412927079245e-01
4.190167618819671258e-01
4.359570964678766702e-01
4.506880704931178205e-01
4.734817201097378803e-01
4.515575342989744945e-01
4.468361461105326837e-01
4.364920157499813658e-01
4.509918504568669051e-01
4.590691622388302640e-01
4.677968342800987167e-01
4.658747416421835652e-01
4.709685806303511857e-01
4.454507524455713630e-01
4.348527734348162643e-01
4.311307778756687248e-01
4.658276153049805135e-01
4.606410242201916527e-01
4.605129253451435423e-01
4.676652058261667189e-01
4.000951172242553366e-01
4.415525313024162846e-01
4.442264211361223736e-01
4.675445625784851456e-01
4.746003397538505753e-01
4.527780840378452520e-01
4.739300653798673157e-01
4.624532577018654056e-01
4.439392679278264531e-01
4.521489884004281090e-01
4.664427658334524551e-01
4.292464471810994997e-01
4.663017408616752513e-01
4.719067521343437432e-01
4.436946209713550915e-01
4.747718440024614184e-01
4.015769050738950408e-01
4.473265871771276991e-01
4.612429123215370796e-01
4.374833911759077876e-01
4.544760941643221641e-01
4.696447096830534407e-01
4.687564692935500821e-01
4.737595228707701667e-01
4.618165732577532712e-01
4.607541234952273745e-01
4.695813155791419558e-01
4.685418610970190079e-01
4.634231194111955721e-01
3.931506636667621568e-01
4.738074951431788806e-01
4.704876192709451788e-01
4.589343134271391955e-01
4.509272283118598290e-01
4.649056325227920450e-01
4.721553610725737204e-01
4.048097328858891730e-01
4.751393751331277615e-01
4.131985186652177289e-01
4.428046041576548242e-01
4.553513449776812605e-01
4.719630580000080955e-01
4.444003677249418471e-01
4.558392742734580505e-01
4.690695678693083681e-01
4.300786069254014521e-01
4.566157550984842883e-01
4.713054344502558002e-01
4.748527194824710973e-01
4.168165900132103641e-01
4.737903193968617255e-01
4.425149153784106448e-01
4.568116506000332588e-01
4.167698608084566270e-01
4.032542409754908963e-01
4.380685015778249536e-01
4.683526922278953286e-01
4.634343742237255759e-01
4.744169233535770469e-01
4.721234260777189551e-01
4.420034241673378994e-01
4.614349527037771570e-01
4.589392556134683776e-01
4.688397312738555867e-01
4.751011458229084106e-01
4.690699910270117456e-01
4.683671331003022020e-01
4.548608423419982505e-01
4.612489005688634180e-01
4.426817119513193899e-01
4.680881871241043823e-01
4.618461275586057679e-01
4.664238241738649648e-01
4.740907741008070775e-01
4.649676409036501701e-01
4.517600768381673793e-01
4.312949333869605106e-01
4.478189294940853604e-01
4.574525049016614497e-01
4.743420221900555012e-01
4.495272562125544047e-01
4.469308724500324348e-01
4.470225821990128634e-01
4.751212975172197095e-01
4.560357080139242347e-01
4.320119106725764380e-01
4.705801708741507161e-01
4.491425643792006928e-01
4.708239052405724379e-01
4.700354734330286499e-01
4.422163409103392340e-01
4.583061376211355342e-01
4.259657044299127726e-01
4.724784092607153818e-01
4.355233140540913372e-01
4.536745073284582097e-01
4.416605590229080169e-01
4.524261925804861084e-01
4.736677095753910050e-01
4.556368448478535504e-01
4.217030063341764556e-01
4.662661115546561375e-01
4.586540618606194109e-01
4.318664834482200399e-01
4.612107625680077483e-01
4.664259294849464332e-01
4.428396663471377281e-01
4.206320273723605507e-01
4.678636263976915233e-01
4.582366512158684291e-01
4.426304832071787931e-01
4.698896047760783290e-01
4.754007913689307085e-01
4.750334609132050856e-01
4.617913655475272550e-01
3.811433979645574843e-01
4.597802788941809382e-01
4.614010116610799961e-01
4.699485396307542806e-01
4.743727129066116488e-01
4.624478530764646322e-01
4.541585994345384569e-01
4.591006610960806644e-01
4.658620293614570973e-01
4.590064522293226812e-01
4.613765299049408242e-01
4.420818681879088996e-01
4.706546985350722467e-01
4.536044921311800926e-01
4.669537601459146647e-01
4.384744489774510812e-01
4.687416740603504994e-01
4.284465525708476275e-01
4.139849220018083087e-01
4.747501257061820801e-01
4.303325904280685399e-01
4.388142837027059762e-01
4.545849381377016774e-01
4.288611696740821655e-01
4.247797966925577762e-01
4.537520758737005888e-01
4.754461638298413950e-01
4.699278839208699821e-01
4.511466159546874688e-01
4.478454020877620789e-01
4.712507713505735274e-01
4.562614215286200370e-01
4.442624305669070073e-01
4.708295958653256896e-01
4.597073285292190281e-01
4.624211215907561012e-01
4.434724036900568600e-01
4.750551964727083853e-01
4.499525069312810266e-01
4.443460324502241376e-01
4.643751866957163132e-01
4.669162212962725267e-01
4.263837464309672698e-01
4.672715638241263236e-01
4.230287648890067032e-01
4.470791537590343423e-01
4.286388351851465606e-01
4.739335671342823075e-01
4.670148189479620404e-01
4.342333034368004441e-01
4.338032810180342813e-01
4.691923376646051080e-01
4.371268810434982832e-01
4.638082498709922841e-01
4.658332712423402522e-01
4.734070385932255265e-01
4.076974298305669486e-01
4.434803565010538851e-01
4.538491428827259866e-01
4.708396243451671848e-01
4.728733030594478581e-01
4.693013741039299136e-01
4.675830259468295447e-01
4.534498216843009244e-01
4.652596373292357534e-01
4.691560425461333006e-01
4.722189659332624578e-01
4.729356001096260420e-01
4.477738304592450702e-01
4.747358248448141360e-01
4.666292215725827974e-01
4.616874543638186390e-01
4.588978425756878310e-01
4.523009923653599773e-01
4.612640254066763257e-01
4.389732165380461071e-01
3.844353296633855055e-01
4.623171716850963398e-01
4.652915688932190985e-01
4.677342484282921431e-01
4.741090068524753121e-01
4.715184558672270709e-01
4.603408725903388454e-01
4.625649445970401730e-01
4.734910673219597799e-01
4.676001114429085836e-01
4.732226891293088711e-01
4.254607691467992003e-01
4.697422375995207178e-01
4.745914567596040134e-01
4.746300661742270943e-01
4.421329720873894975e-01
4.606254528394149728e-01
4.662252278625304558e-01
4.134034564541193557e-01
4.740981611245310146e-01
4.527719237458924795e-01
4.465632180503025794e-01
4.308555299878718547e-01
4.483265705066934448e-01
4.408708026793748402e-01
4.597690729388519970e-01
4.661768619364238253e-01
4.730989786716096601e-01
4.609288707078840197e-01
4.623479571175588276e-01
4.304372259910730913e-01
4.721893526461345414e-01
4.499776217398998579e-01
4.718941987171395569e-01
4.670321739933394611e-01
4.623308812281110569e-01
4.373720018394435805e-01
4.750804130323565966e-01
4.722159043695466352e-01
4.734816842029989648e-01
4.318330443858556800e-01
4.630856749678873285e-01
4.652735974439310418e-01
4.608496761168656697e-01
4.555523500312617102e-01
4.583550656360331765e-01
4.529391535696590254e-01
4.742876189024939904e-01
4.408985657186323404e-01
4.303816228428021806e-01
4.621519128238667506e-01
4.736951950915193610e-01
4.519884702852107194e-01
4.751476718293037860e-01
4.740882932336451527e-01
4.142806164212979869e-01
4.444208544327562516e-01
4.733679978304070612e-01
4.755973083831255832e-01
4.751513663543018851e-01
4.451837834302428409e-01
4.432536099201114244e-01
4.719536959134055243e-01
4.185744008069646194e-01
4.670774935109457404e-01
4.739579829786177423e-01
4.305686404136453982e-01
4.730156136823303048e-01
4.464988568156595949e-01
4.546378218420752959e-01
4.306200105085955521e-01
4.752742412914778836e-01
4.197665894196927483e-01
4.618420738934247982e-01
4.458649220214536135e-01
4.699319487630292391e-01
4.324516781079098537e-01
4.622196153412602704e-01
4.731830169510664041e-01
4.521643988736739894e-01
4.736163804126454768e-01
4.722020979124601503e-01
4.729768786521428847e-01
4.391217947961046919e-01
4.748465432900053074e-01
4.615478042808521253e-01
4.569856037147066452e-01
4.658475536552690865e-01
4.652164092517261373e-01
4.463124339931417994e-01
4.287778034308692976e-01
4.693288186107429927e-01
4.721745326686890287e-01
4.292113661002693314e-01
4.577986510079071758e-01
4.675102695263282926e-01
4.225316000066682842e-01
4.147398812240352672e-01
4.425027088895823191e-01
4.506688596884201314e-01
4.530437528732400576e-01
4.296521500181469944e-01
4.523188560672669056e-01
4.041723213611923549e-01
4.408945553048344568e-01
4.756409017621610058e-01
4.600260134116050947e-01
4.367215531657487326e-01
3.924491143774973545e-01
4.642934238220821075e-01
4.578586184847706630e-01
4.690846107710259227e-01
4.589801548864916869e-01
4.571386684689510149e-01
3.989760355676939541e-01
4.755944726929106636e-01
4.659009142108049839e-01
4.703610744154989587e-01
4.706724856128478018e-01
4.598663615386340831e-01
4.128932090176425374e-01
4.752737969172763921e-01
4.698458713792670882e-01
4.465299329781090010e-01
4.440350487187460504e-01
4.694057377283531451e-01
4.543922245472920562e-01
4.312363967871857273e-01
4.747211303283704886e-01
4.748259467212783691e-01
4.455011391221648243e-01
4.520206952436457981e-01
4.564229558259115804e-01
4.613179071141228493e-01
4.752892815148080374e-01
4.756641278690986185e-01
4.467740204596284403e-01
4.612590487394306882e-01
4.331648384283055542e-01
4.730751550545156947e-01
4.348997097493264574e-01
4.725533951746614392e-01
4.695426736735665019e-01
4.700557797902804591e-01
4.535462624032255974e-01
4.710174427306788592e-01
4.385075016494348610e-01
4.508127302055433550e-01
4.755201134000263674e-01
4.185347018280538567e-01
4.462900941955204037e-01
4.499057393096146384e-01
4.461117532831836985e-01
4.682809188142915136e-01
4.406129288191689142e-01
4.451144747803639223e-01
4.536718275113094667e-01
4.400625765767752218e-01
4.619412328831616898e-01
4.127673449608793566e-01
4.546490912769811654e-01
4.319261326734049056e-01
4.689611186048088243e-01
4.529703694377651413e-01
4.732125109559558451e-01
4.740135620138439254e-01
4.596266884640973771e-01
4.723770630625253042e-01
4.751321245520152003e-01
4.637357519357916402e-01
4.602965266751480877e-01
4.401427006641903117e-01
4.526603783239780410e-01
4.750080714371265334e-01
4.710364913694340960e-01
4.605462838703084927e-01
4.597422882110984155e-01
4.625959757106968273e-01
4.669967611082486147e-01
4.397386539472918354e-01
4.754796818237880252e-01
4.733114568549382506e-01
4.582383097749325174e-01
4.662280519393344758e-01
4.682314414024984495e-01
4.697704314050398788e-01
4.699440371343207579e-01
4.262695578522819329e-01
4.590872196031043906e-01
4.547828564770422521e-01
4.424851396381617730e-01
4.113517977763644917e-01
4.349280968866140462e-01
4.712406781042567938e-01
4.624800762007781341e-01
4.473672494138716260e-01
4.285934422599774751e-01
4.450504440537439987e-01
4.707703393125859948e-01
4.211960117434483397e-01
4.524414735348727956e-01
4.737741600759617921e-01
4.436034736878879392e-01
4.363069963935240492e-01
4.515433857406019325e-01
4.554780550600492917e-01
4.750590639951817185e-01
4.356308745310932262e-01
4.700600392043051134e-01
4.678541474804985278e-01
4.496357336022754891e-01
4.507096338642950784e-01
4.383139814452099436e-01
4.607349470266335900e-01
4.700706958888991593e-01
4.695417636781439308e-01
4.348899159527931380e-01
4.373770311819345502e-01
4.608982236178428837e-01
4.543309682057244392e-01
4.709223398998078070e-01
4.570108905015077272e-01
4.706565789387468501e-01
4.594482767970494153e-01
4.654262384684898501e-01
4.618102675528787393e-01
4.296077156732474589e-01
4.738293520019797311e-01
4.552142499062365455e-01
4.506234525006515557e-01
4.421365859325565584e-01
4.476790757814971822e-01
4.499444648641925948e-01
4.509090455174109557e-01
4.648784578645915322e-01
4.691782181507105909e-01
4.517672311164693255e-01
4.711846357481676573e-01
4.411494066936531566e-01
4.468030771022988290e-01
4.720847595040549294e-01
4.627200626272882644e-01
4.715736474579573789e-01
4.679836771900637848e-01
4.532527616454875008e-01
4.727645320255040584e-01
4.593276359831201527e-01
4.367944316894976642e-01
4.484011585590569338e-01
4.719838520456026698e-01
4.291260348007999714e-01
4.208688548703817811e-01
4.370699314703234695e-01
4.425364453661401742e-01
4.413998907589586906e-01
4.251071046295414879e-01
4.481776975265087670e-01
4.645533922802609350e-01
4.613551933944814443e-01
4.687190709420138157e-01
4.700859884089795826e-01
4.622586743543880550e-01
4.587521821482319351e-01
4.743542911631694059e-01
4.388482646145284161e-01
4.452188816011654615e-01
4.243651636108701775e-01
4.640471820064704378e-01
4.566402055158587103e-01
4.756546651880941279e-01
4.682797706443730945e-01
4.244726858764411026e-01
4.524717194614218951e-01
4.165321716389435713e-01
4.103497474091785113e-01
4.621946961850593172e-01
4.692824782790283589e-01
4.383337954186836694e-01
4.465416667886168423e-01
4.238394548145788532e-01
4.616292123518858093e-01
4.733437063132408529e-01
4.702418694786881792e-01
4.515230541063646186e-01
4.458739401322118212e-01
4.657586997903092607e-01
4.562275728796650887e-01
4.745421152103898588e-01
4.375433811775598092e-01
4.386880251365256056e-01
4.543161805639033823e-01
4.552736938640379871e-01
4.542984790814649232e-01
4.696996405587947621e-01
4.084165774676118965e-01
4.735882571744438607e-01
4.699996920880603613e-01
4.534613551043106261e-01
4.598330178670477775e-01
4.233022633860769601e-01
4.740287891094913109e-01
4.722892921332841887e-01
4.642277469666626910e-01
4.479469347666347745e-01
4.693768265272152407e-01
4.572277493105756374e-01
4.368825004524762301e-01
4.673560463793354769e-01
4.683464504903638304e-01
4.639838764201578702e-01
4.728420727306587579e-01
4.505273329504571600e-01
4.664658320306220296e-01
4.685311596026399128e-01
4.549329281168710271e-01
4.341889082305405156e-01
4.633966353631736590e-01
4.356987519616808413e-01
4.349545046858704356e-01
4.681447148544899961e-01
4.609825568550945385e-01
4.661929386853876922e-01
4.490278491354043333e-01
4.733072070046219215e-01
4.633958975922588541e-01
4.432833617889775923e-01
4.742097832676123170e-01
4.588352330129777390e-01
4.655301297840729324e-01
4.722019494536042195e-01
4.649396711028208062e-01
4.471381671353348297e-01
4.547016407727469400e-01
4.631395226233903095e-01
4.713879598031197049e-01
4.405403949201067704e-01
4.268789875155598601e-01
4.563149224020132122e-01
4.597950020700550811e-01
4.430985948368206251e-01
4.669196760694862558e-01
4.687108966021822920e-01
4.732852414451624856e-01
4.692335610865403517e-01
4.641207868581655460e-01
4.689594711649669456e-01
4.745738770151586294e-01
4.480143678724645695e-01
4.543813994468778872e-01
4.390899222793852030e-01
4.433655661043527374e-01
4.246206822406046189e-01
4.569987317798706594e-01
4.727626943032772200e-01
4.683489914832504319e-01
4.259012344952749496e-01
4.658986717147649004e-01
4.554336619154247812e-01
4.232001305308722983e-01
4.252967480744372919e-01
4.626956284509488593e-01
4.472816652488694200e-01
4.699667508766349755e-01
4.627623963030466081e-01
4.725616591570482861e-01
4.416514258931558690e-01
4.555452020778051891e-01
4.221391038304843635e-01
4.383998293632445642e-01
4.485004483633708849e-01
4.149726201705334350e-01
4.390058882343860769e-01
4.664923403009955116e-01
4.329571730924461903e-01
4.301174227556285867e-01
4.376076084765400664e-01
4.614283559935682399e-01
4.668366747143784523e-01
4.719826715291899899e-01
4.704068923924175083e-01
4.484579849357033243e-01
4.657656091290635070e-01
4.685223025622095583e-01
