5.107646232520908491e-02
4.165297258763143995e-02
5.681040117325523303e-02
4.006547929605185770e-02
5.281920337886933381e-02
4.960321126017197546e-02
5.046583975893548235e-02
5.747685774943642883e-02
5.320202664140816912e-02
4.962009075995576363e-02
5.483236308381285451e-02
3.287107300016856026e-02
5.615659690643715757e-02
5.806163711725925020e-02
3.900122619957978320e-02
4.172398210857165141e-02
5.504589205831414422e-02
4.628203264288108937e-02
5.563724168642272816e-02
5.524766841394477407e-02
4.363624534792327064e-02
5.622445834492151989e-02
5.630769617601522753e-02
5.214393044461016619e-02
5.064498605860481839e-02
3.392190853345557200e-02
5.666880179295821079e-02
5.729249571000008534e-02
2.900187721738232277e-02
5.482397672703028663e-02
5.494851242659739426e-02
5.507036011754231491e-02
5.239385970275940718e-02
4.973844022480024968e-02
4.616291144228663185e-02
5.674184874280630009e-02
5.810038492283892131e-02
5.518390056417645656e-02
5.535543841364134326e-02
4.515616504044728946e-02
5.645679909762356397e-02
5.019645624584578858e-02
5.701201704048607793e-02
5.335978802628685291e-02
4.087177548227517027e-02
4.461306546864297201e-02
4.902391882885984847e-02
4.348680394454747244e-02
5.101645775651230535e-02
5.733596374498800552e-02
5.600439011595448324e-02
5.032968793151693099e-02
4.963873641231957012e-02
3.786660618953791718e-02
5.307634347712445605e-02
4.978690760310038738e-02
5.062824188327795516e-02
5.206697170215497661e-02
5.346203160104566476e-02
4.978492585366087186e-02
4.483346193271329355e-02
5.607602051582412372e-02
4.892557149921746701e-02
3.390172598368568907e-02
5.813308207071279932e-02
5.490051282134664201e-02
4.896302384765714721e-02
5.269261313899965826e-02
5.483910663865067259e-02
5.257796034942410074e-02
3.387043633764527661e-02
5.615528644513666928e-02
4.771078969531118708e-02
5.633394586571691121e-02
5.518034258560514799e-02
3.116126538924670827e-02
5.429711850879435919e-02
4.458713553311416389e-02
5.146539721978793391e-02
5.034932034670567408e-02
5.513757493844109042e-02
5.210571787364891294e-02
4.420720479390533031e-02
5.779624069986959850e-02
5.233579447527862694e-02
4.274761430822716923e-02
5.461591376322605385e-02
5.068299369518209502e-02
5.238154977092033399e-02
4.992977864322576537e-02
5.105765579903729506e-02
5.412059685947911286e-02
5.612634689112099701e-02
5.352682450303980488e-02
5.394730838091744279e-02
5.147019267064747994e-02
3.670714029344818163e-02
4.765819163176553130e-02
5.273367334260583433e-02
4.796711390884487308e-02
5.414062866093274917e-02
4.622303337855819538e-02
5.442103999067224307e-02
2.872395090580676796e-02
3.861226430918157648e-02
5.132032455075374866e-02
5.760822470875161250e-02
5.029168325255320426e-02
5.156433672495096959e-02
5.401451107403271862e-02
4.514983316820639359e-02
3.852801169259050668e-02
5.649811437636160366e-02
5.345814777451711464e-02
4.741035539807036958e-02
5.018855925342623897e-02
5.642543477230049093e-02
3.778985496436185892e-02
5.320834406187588406e-02
5.670820404472499271e-02
5.548358221580222682e-02
5.785788505947090515e-02
4.786342585638533875e-02
5.202309675461924687e-02
4.840064283171462145e-02
5.415312793121485058e-02
4.855614223624703935e-02
3.562360147049550146e-02
5.520791026042027455e-02
4.189755819783922558e-02
5.366454087382518251e-02
5.739602185284817942e-02
5.551099367323968081e-02
4.482970507772243013e-02
3.244949579134253498e-02
4.439716774134076782e-02
5.056782646540036036e-02
5.742582950390635183e-02
5.096859562014390693e-02
4.729754601067066161e-02
4.575805042245391363e-02
5.281592779630273765e-02
5.568898852564182350e-02
5.616655511613794644e-02
4.826489596535332716e-02
4.864841455876225962e-02
5.359046731872248170e-02
5.178180223220623518e-02
5.128910351389408956e-02
5.703891454586413473e-02
3.571444949876360908e-02
5.717791168282350400e-02
5.698596230897139819e-02
5.518864632499532324e-02
4.970319029805093242e-02
4.850663732522533800e-02
5.736427654986768487e-02
4.721506783997659468e-02
5.532633849709567980e-02
4.998708105262962553e-02
5.444719167831620771e-02
5.750508824950370523e-02
5.376651544632267410e-02
3.714685804963372556e-02
5.651720741905472134e-02
5.119204892477151325e-02
4.773550886702212365e-02
5.806667296259925004e-02
5.683140847102773063e-02
5.742162428280837838e-02
5.568748527207909027e-02
5.130253381944660518e-02
5.505877758598679700e-02
5.647137936463526853e-02
3.483975463779220155e-02
5.004062744420896547e-02
4.438160527358781665e-02
4.826277381561729779e-02
5.481238645029967715e-02
5.722371579000477132e-02
5.772959930010113094e-02
4.870971628151946758e-02
5.509441091379441852e-02
5.191481050905599748e-02
3.529540255901394974e-02
4.981062295204857077e-02
5.260622955219618202e-02
4.784622785228449804e-02
5.366394500675097934e-02
3.884741300887104704e-02
4.694971393090910383e-02
5.407963478361413334e-02
5.030376388330948939e-02
4.138423211321549944e-02
3.923959361093223852e-02
5.365821163312377295e-02
3.698347936578124523e-02
5.705736116182803103e-02
4.118767835680486183e-02
5.718492278354216085e-02
5.646146120757042364e-02
4.974423118428698137e-02
5.723406946269982143e-02
5.689408950742289028e-02
5.119785160197872637e-02
4.707277167241537275e-02
4.073398798090934608e-02
5.289808912702829991e-02
4.963397614768320920e-02
5.431919004408328200e-02
4.413022299225214523e-02
2.742418732815019022e-02
5.489734088990532584e-02
4.051856650763464851e-02
5.698544402471250603e-02
4.480769697124523804e-02
5.657115976013492309e-02
5.034639419971409513e-02
5.111110191878408260e-02
5.760181254953328223e-02
4.637537651704103786e-02
4.186303665981547240e-02
4.662761221076539009e-02
5.209801318010386095e-02
5.347306577669323074e-02
5.813821119715512076e-02
5.496529107918149415e-02
4.326571348531059458e-02
5.398378369830082735e-02
5.427331130123150965e-02
3.565412525220622297e-02
5.702250535364533635e-02
5.547293103265041325e-02
5.589576277517190050e-02
5.706811277311663044e-02
4.585053518658775695e-02
5.692227572694438104e-02
5.798902214497850260e-02
4.515979487852669894e-02
3.954649876036590156e-02
3.327011658946871231e-02
5.607741691799240230e-02
5.018469866310107386e-02
4.904845793330482595e-02
4.498702438593422254e-02
5.248305131790022976e-02
5.523077954737509038e-02
5.540775245650270825e-02
4.081459076620700538e-02
3.637284405043979957e-02
5.087504761972851813e-02
5.759517550875819375e-02
4.921688379052172740e-02
5.553255427366257657e-02
5.724579939255271949e-02
5.575108123998095966e-02
4.923681715611113313e-02
4.604656499636981121e-02
5.177475739381306313e-02
5.417328902507353994e-02
5.544666124868443541e-02
5.202513251020562945e-02
4.413568104725047736e-02
4.381504413877106152e-02
5.617429855248666504e-02
4.142237980007781872e-02
4.771283690217415635e-02
4.981942872098185648e-02
5.691455330000949608e-02
5.451541234349748660e-02
5.134280290214385256e-02
3.621850241736605802e-02
5.632583465583242133e-02
5.052923203317943174e-02
3.734412958926517506e-02
5.221710500783807718e-02
4.702835834783397617e-02
4.351588620281034853e-02
5.732330524859421961e-02
5.090362095705101841e-02
4.736115511909772674e-02
5.111945604854948449e-02
5.686755934479729296e-02
5.403704553316864695e-02
5.806406937739064245e-02
5.703811521947848434e-02
3.213401169750646630e-02
5.488507454568323368e-02
5.165252910434720013e-02
5.772799877929112033e-02
5.084470865252554289e-02
5.541620168017353382e-02
5.286663533739707765e-02
5.272857243070352279e-02
5.807152371157597859e-02
3.769277427950259995e-02
3.261704104678820465e-02
3.483853733846858231e-02
5.703700081705183333e-02
5.306905420165235199e-02
5.772281825822479784e-02
5.328575353879616561e-02
5.621265998884600323e-02
5.407472113651361212e-02
5.544883649128228703e-02
4.671550984240206011e-02
5.678765309745990864e-02
4.706558120580929538e-02
4.882489063114459071e-02
4.610097212557936336e-02
4.374812844653755417e-02
5.781537137456641690e-02
5.224561371620968508e-02
4.415681606329772968e-02
5.536538997004007701e-02
5.584475228240744216e-02
5.196829788235241693e-02
4.439211573111918885e-02
4.429738467571726901e-02
4.081923396961655015e-02
4.909762398782827053e-02
4.940632245025722985e-02
3.492643078619717817e-02
5.647760121283869339e-02
4.048518865395794863e-02
5.157600487906265768e-02
5.369091239765448609e-02
5.386839207970093441e-02
4.631426120676920138e-02
5.738511041912291305e-02
5.011615277825030162e-02
5.770729758072324495e-02
5.800223546978699324e-02
4.325697429691514190e-02
5.004486439593423819e-02
5.609003804915803360e-02
5.734842126492998432e-02
4.968354496949906746e-02
5.650621545528401735e-02
5.071251869798526490e-02
5.342355064354051275e-02
4.317807914153048987e-02
5.016367621885376576e-02
5.052076430479105623e-02
5.562851273013307701e-02
5.429477916179063085e-02
5.597531129847561210e-02
5.299391047742006700e-02
4.878355562867991990e-02
5.306802713576400099e-02
5.367855066798324359e-02
5.745042616245637362e-02
5.141639991567840962e-02
5.585356916041714359e-02
5.520685878992354079e-02
5.510299326850841978e-02
5.180854247877663549e-02
4.953422193912621063e-02
4.943139026862356650e-02
5.672390602997397224e-02
4.789174387801684030e-02
5.317002148306149145e-02
5.776807640381860509e-02
4.857668194577728638e-02
4.861462981607433953e-02
5.011263127253028082e-02
5.739655432086019499e-02
5.810449391479130532e-02
5.007004829391406564e-02
4.699351907867349576e-02
5.774846526980447620e-02
3.517356293846439497e-02
5.759031679346181265e-02
4.995800462587853680e-02
4.294971648369121098e-02
2.844791724482347017e-02
4.964868670166581316e-02
5.464587955687274373e-02
3.776208953713106747e-02
5.417728166062719952e-02
5.505626424972791255e-02
5.246950861432512353e-02
5.269252903610632810e-02
3.199883448270539332e-02
5.562836001057548663e-02
5.572482563769100283e-02
4.079101450604673967e-02
5.313026081181331656e-02
5.537971081792207595e-02
5.056605530502540635e-02
4.637417611894800729e-02
4.386921799774446545e-02
2.557907861962923496e-02
4.216097105344666918e-02
3.975331351536624119e-02
5.417567517629180707e-02
5.731139512799539315e-02
5.728279688835723887e-02
5.416324609221218056e-02
5.123317816156033183e-02
5.686345074536895694e-02
3.728984717417122702e-02
5.210566773651659905e-02
5.792276753781978177e-02
5.522466378508724544e-02
5.079706980375754688e-02
5.531409087586623696e-02
5.783740495139901711e-02
5.231386612865022989e-02
3.821020141760925887e-02
5.712665656136634018e-02
3.991280411721735005e-02
5.589137608129613605e-02
4.551400930164619524e-02
5.604152445766798218e-02
4.457647251071679417e-02
5.763016871381659162e-02
5.459628532189238909e-02
4.492506827797677210e-02
3.558214393160827327e-02
3.485580572032855040e-02
5.277951408164717473e-02
4.416924784016285771e-02
5.690292964388313918e-02
4.736110234524725654e-02
4.008187756814783620e-02
5.781120843629879852e-02
4.933048085548005779e-02
4.595848237580502094e-02
4.904306782782574814e-02
5.009293185255178638e-02
5.225727629333145469e-02
5.119816375816536175e-02
5.725990192814945506e-02
4.610827302277175493e-02
5.690200480346039452e-02
5.250595905645194517e-02
5.694228486833636388e-02
5.480859231182280689e-02
5.724915376167120928e-02
4.639380220248467968e-02
4.450496783284902530e-02
5.387311344008562097e-02
5.787127469894685211e-02
5.596310586050146779e-02
4.894255901692598498e-02
5.676456347307453493e-02
5.281450840495464927e-02
5.464423645362478238e-02
5.279355744502538250e-02
5.165461397197977644e-02
5.175221310042203704e-02
5.107535177798425835e-02
4.991279008985564924e-02
5.606758611788233149e-02
5.629205896044046920e-02
5.628497842353033520e-02
4.756202884742562198e-02
5.058488353368501000e-02
5.641343832630177357e-02
5.743076695764611633e-02
5.782441457227161657e-02
5.178669810244419108e-02
4.535829710917325952e-02
4.217002003850675584e-02
5.600829765788393338e-02
5.020839219202756498e-02
5.631753471708222936e-02
5.151263956460350180e-02
5.691868557043328058e-02
5.760802314710800065e-02
4.092435813989917653e-02
5.720998859169005440e-02
5.145367481807856108e-02
5.321826439706946188e-02
5.382225764487601899e-02
5.640551719856506940e-02
4.861303058726559878e-02
4.420360379863402800e-02
3.501150073742221452e-02
5.428082204153823753e-02
4.147066830472332516e-02
4.925890861777645902e-02
5.595319088176177458e-02
5.372401607556228503e-02
5.513503059447729532e-02
4.512286672438006740e-02
4.994399476421795825e-02
5.484605433049738465e-02
3.155344323419123631e-02
5.752496724797525468e-02
5.703393706729292800e-02
5.817253469069903760e-02
5.565736826168918988e-02
5.599769620364259542e-02
5.061365721234793724e-02
5.553038936535258097e-02
5.070415295614801032e-02
5.469487791177853747e-02
4.742039293231387759e-02
3.780516201584868674e-02
5.458072444183039579e-02
5.145424241869824000e-02
5.159372049947269501e-02
5.163169610245537527e-02
5.355218387997785767e-02
3.911611566816258073e-02
5.101931190392475918e-02
4.353963455335108784e-02
5.797352757079771157e-02
5.096237142948592536e-02
4.506190650514059481e-02
5.251832585219123190e-02
4.358616833012577546e-02
4.858518839556076607e-02
4.729373322136062874e-02
4.271066338584088296e-02
5.504531131321913767e-02
5.309079661245255655e-02
5.649036494459119123e-02
5.077897612373055009e-02
5.250093907704937723e-02
5.339306271587072189e-02
5.469093633383743935e-02
5.572635103197399326e-02
4.561179369192056021e-02
5.348225111549343574e-02
4.634838005771076130e-02
4.423704518811890501e-02
5.609526413570303099e-02
4.681830565091856661e-02
5.326359861847339977e-02
5.669579858435738057e-02
4.592268496459261939e-02
4.227064350608021603e-02
4.580494523163691767e-02
4.917015325653566193e-02
5.033226854870671146e-02
4.511533556832959119e-02
3.975024421534908980e-02
4.957426936230613368e-02
5.732770052764204344e-02
4.711759363396157002e-02
4.386128700145746490e-02
5.285852804762918716e-02
5.113453238299713738e-02
4.361281642754134824e-02
4.560614756469548448e-02
5.652040416133531642e-02
5.457384523445989177e-02
5.718879697561717046e-02
5.442791488481493051e-02
3.473700841731382910e-02
5.390253593828981532e-02
5.680452204486800827e-02
5.078544680676028156e-02
5.201812984798156320e-02
5.554498781098864135e-02
3.857544748269924051e-02
5.450388806230668792e-02
5.441246465612933209e-02
5.640396652321892634e-02
3.676096111815729817e-02
5.811699120511990002e-02
4.687629075010264074e-02
4.467379201176685521e-02
4.667547558497652654e-02
5.800228076475697631e-02
5.164007039280035793e-02
5.247956349612135224e-02
4.056136738166780942e-02
4.169829167477014098e-02
5.311298148838618921e-02
4.789477906655022904e-02
4.073639282726040922e-02
5.163769207842453662e-02
5.366354794508770842e-02
5.776440939423530679e-02
5.321513371466932846e-02
5.044756490199324428e-02
5.386406463199491790e-02
5.322250675408129322e-02
5.793213867824219959e-02
4.717483827005785474e-02
5.650538266750346900e-02
2.528937220529699215e-02
5.078550706568225187e-02
4.800971128349067196e-02
5.535158686044552856e-02
5.198606862649431115e-02
4.302539312712814340e-02
5.557791937684827127e-02
4.279231537258176843e-02
5.362050227801915675e-02
5.794204916948648282e-02
5.739699909378373488e-02
3.120004309056455954e-02
5.318033769836482544e-02
4.690607661731523159e-02
5.525411181648320902e-02
5.122740086662524311e-02
5.792231817080414902e-02
4.848314442779058653e-02
5.780772499896379146e-02
5.532595647953512247e-02
4.408911961033358529e-02
2.757580600666608567e-02
5.802795914001919464e-02
5.431032593354304105e-02
5.398002699162167406e-02
5.464238351733843174e-02
4.638193465391464432e-02
5.799977495047225345e-02
2.795449992368423744e-02
4.101892761488161454e-02
5.524786661179913183e-02
5.354175002220355056e-02
4.559290658439266175e-02
5.102886874016662050e-02
4.625187351255827251e-02
4.891032030052291230e-02
5.499004381514896456e-02
5.748242615560772428e-02
5.427642189128045747e-02
4.914748619449086503e-02
5.624340777510788980e-02
5.770987476295172391e-02
5.543241619703196538e-02
4.994771745523983453e-02
4.362498812910138579e-02
5.705070288916098270e-02
5.673418990850837701e-02
5.577054870860288088e-02
4.721616845359184744e-02
4.410070104317706519e-02
4.180569881355723771e-02
4.834440850391018285e-02
5.746944315925981567e-02
4.381677516110032283e-02
5.532905406964206546e-02
5.664055461406337227e-02
5.006133833086261892e-02
5.558194746954511073e-02
4.927473732724403643e-02
5.698187640209809168e-02
5.076226145475290497e-02
2.778804797020613393e-02
4.525712285255037437e-02
5.616303600816608538e-02
4.622557443944270289e-02
3.549737187221211482e-02
5.546301779200949605e-02
3.462072158448252501e-02
3.768321962684606508e-02
5.142353573519399534e-02
5.425108842510886764e-02
4.275953684814204347e-02
5.725133217265940266e-02
5.087364853868178022e-02
5.296508346050622651e-02
5.636274778506752264e-02
4.335583650070257145e-02
4.698346280415396231e-02
5.152939020462090486e-02
5.448472125356564749e-02
4.415092489767350609e-02
5.629802763924198622e-02
5.739852510411247444e-02
4.167628704950476770e-02
5.788922653952562752e-02
5.800935370300498717e-02
4.992734786399997959e-02
5.680715844759618577e-02
5.728697598827441756e-02
4.284432208807321257e-02
5.783912349262954056e-02
5.763238577373537563e-02
5.480351401935746464e-02
4.443832764323906587e-02
5.807692017021181402e-02
5.466685186629897941e-02
4.940791672000988816e-02
4.170469845965541628e-02
4.971987537176213168e-02
5.308428529159310572e-02
5.263690755137701710e-02
5.158083313812408116e-02
4.841281118363169322e-02
4.584738437744096534e-02
5.518908184809813433e-02
5.751284677596692207e-02
4.852756906097609874e-02
4.403694545492042867e-02
5.719448428870469586e-02
4.925339143147025589e-02
4.068755046004660092e-02
5.471513935538371148e-02
5.105307436857902531e-02
4.711964059567039231e-02
5.552955268100250030e-02
5.130752616154005824e-02
5.712202372641007886e-02
5.142869861054670533e-02
5.299348977079750694e-02
5.545729171369454674e-02
5.067382146340453780e-02
5.548398687596442502e-02
4.350264671082485629e-02
4.535397230413593106e-02
3.898936338440388283e-02
4.917449892482566448e-02
5.397053771117851784e-02
4.532682111199880237e-02
4.798152917267483469e-02
5.187027017048080613e-02
3.816580907614315621e-02
4.555501617187666941e-02
5.763930089323066747e-02
4.450301484729315971e-02
5.125043507369271556e-02
5.665694947325644604e-02
5.122397667208119371e-02
4.961780048017270378e-02
5.181509456970753019e-02
4.736096698294423035e-02
4.557786753418585635e-02
4.851710652637723081e-02
5.021644270276034994e-02
4.912506702370674633e-02
4.627687285185493743e-02
5.398772601151973632e-02
2.843385416032139651e-02
4.315493191260412476e-02
5.212494531588168778e-02
5.423731413911812849e-02
5.738763990405543192e-02
5.017414261692165062e-02
5.757304920598822762e-02
4.614183072445453282e-02
5.657761035654114423e-02
4.995617280081647571e-02
5.582821811073165885e-02
5.346937064695294478e-02
4.722339010007926136e-02
5.143789208737124113e-02
4.561463767331259966e-02
5.455209524812801997e-02
5.123863181967100444e-02
5.380893149152256999e-02
4.727843767625496130e-02
5.497240291822164115e-02
5.374237188892441036e-02
5.769431428577205534e-02
5.677639195378734321e-02
5.579919475024221892e-02
5.326085253081097592e-02
3.667752085570062659e-02
4.827829263078972644e-02
5.616007212594836123e-02
5.022883745025831514e-02
5.530955927508964670e-02
5.472681173373646069e-02
5.224167691924413298e-02
5.362447497129246843e-02
5.796054857679375921e-02
5.006995785052254649e-02
5.506455514873220131e-02
4.540848212469027895e-02
5.524105206788272604e-02
5.799487129365887839e-02
5.619959856490264888e-02
4.209304413120482785e-02
5.081235487611213131e-02
5.760405418692823853e-02
5.380077611973992785e-02
5.297790766549603791e-02
4.885100780559975542e-02
5.150705922678366910e-02
4.954653570106551386e-02
4.619845291344607668e-02
5.423138514290499340e-02
5.801449154802407887e-02
4.807598782694745554e-02
5.531420090811650647e-02
5.537211625320472008e-02
4.631368256577703124e-02
4.712786378829111888e-02
5.798966816052820994e-02
5.372069946987990258e-02
3.659015315207397173e-02
5.562190261338419844e-02
5.122352460166493954e-02
5.474258037754618084e-02
3.340191142821690579e-02
4.034335911293059768e-02
4.601963497502935263e-02
5.278754253579770461e-02
5.768196758772450167e-02
4.896217118070533836e-02
5.332242171547598580e-02
2.616982304799041550e-02
4.724633302309488858e-02
4.636209716795874902e-02
5.510629222919354031e-02
5.707899847229849083e-02
4.441580357028607901e-02
5.255638014022205595e-02
5.587775361156677861e-02
5.516430324866540558e-02
3.518151939592526617e-02
4.639180745857034854e-02
5.042508038256574704e-02
5.235987003620484748e-02
4.389416225301576158e-02
5.770307927308745977e-02
5.598593092722200376e-02
4.559650661877093225e-02
5.665190543507659521e-02
4.840504891462037856e-02
5.099966748940375216e-02
4.689485063215736299e-02
5.608081516409590961e-02
3.991505654393892599e-02
5.552749265236189835e-02
4.942708248807280158e-02
4.648197418902360462e-02
5.003026672169876704e-02
4.702869496630329715e-02
5.264399535899892679e-02
5.311211681855627226e-02
5.539068457416380237e-02
5.214285093058611265e-02
4.898590247981851609e-02
5.178841981242437303e-02
4.381399435070284371e-02
5.376527985108690150e-02
5.263666090743787662e-02
3.248336840440206597e-02
5.029182349934140789e-02
4.876344930563089597e-02
4.514384619492985834e-02
5.758143713616843684e-02
4.730184815402231624e-02
5.692305718787019769e-02
5.605370808095036517e-02
5.779411228865845296e-02
5.805991810146185483e-02
3.400659182375644074e-02
5.708915510422948869e-02
5.635953403992075700e-02
5.351749019335096808e-02
5.690741550663301618e-02
4.665520859520761593e-02
5.620654113451586942e-02
4.686156296172123287e-02
5.516146181120764463e-02
5.048070873271697651e-02
5.106677772831166168e-02
5.709696391620682626e-02
2.959704605563240332e-02
4.889807822149707522e-02
4.604034188652372794e-02
5.567668051592656459e-02
4.832814684320765192e-02
5.779238757138659838e-02
5.709382612214282393e-02
5.214391940735036562e-02
5.736312037799261992e-02
5.548172527350545002e-02
3.961340785585157342e-02
5.219701745996320474e-02
5.424808218655678693e-02
4.857714105314601266e-02
5.616829729072502636e-02
4.965344709436924492e-02
4.898666205816939317e-02
5.740037635012047723e-02
5.675118819505804019e-02
5.291997140500196567e-02
5.385749559136086828e-02
5.434131373215722594e-02
4.010304169959487408e-02
4.604652822174364751e-02
5.199093982190684804e-02
5.523351390247512732e-02
4.131561345961363291e-02
5.797407056084738497e-02
5.471395064531927449e-02
3.837225434088112341e-02
5.731707716786861584e-02
5.805429356140853758e-02
3.499690922409513100e-02
4.314120634282851002e-02
5.374700300789155005e-02
5.671485118924215335e-02
5.281939575095941086e-02
2.697713999344511157e-02
5.496403349393155086e-02
4.836717187748858920e-02
5.630803628392962862e-02
4.113354492691533026e-02
5.499594467101035639e-02
5.246944057500750602e-02
4.487409588280886347e-02
5.130998490100449616e-02
4.341550235514995276e-02
4.581923833186048872e-02
5.389458972455374308e-02
5.697725537332375828e-02
5.716514012500976266e-02
5.630149580923581726e-02
4.728665979386001417e-02
4.631574487452447264e-02
4.847147558540568224e-02
5.114347926468260780e-02
5.002020834929203630e-02
3.425367708131003830e-02
5.659497426559519095e-02
4.935922941742393322e-02
5.164141294778091390e-02
5.437578570712255088e-02
5.617226875374467521e-02
4.960800200374301111e-02
3.046887934485391358e-02
4.144883461722235346e-02
5.599095365367648403e-02
5.304855443151071381e-02
5.369013342722619986e-02
5.283952040363503605e-02
4.046442362192919501e-02
4.381373811530690776e-02
5.623306466148834254e-02
5.646629889684577630e-02
4.050438015515359091e-02
5.037447508279001979e-02
5.791997015360206974e-02
3.683650680681904710e-02
4.115654297922354682e-02
4.158913969721968890e-02
4.451038799132860796e-02
5.610668767876014762e-02
5.392705455944731691e-02
3.724053267863385724e-02
5.705011766644306481e-02
5.138095148292238373e-02
3.986732131454102934e-02
4.130334035744512994e-02
4.719863952699730053e-02
4.122539626780498401e-02
4.869092402034141953e-02
5.234373364249168825e-02
5.135183286775069772e-02
5.752174008271421918e-02
4.658908518857950154e-02
5.377514430342528878e-02
5.256855696143353934e-02
4.069547965440373921e-02
4.676209178104830805e-02
4.777459289112780116e-02
4.523952957130180502e-02
4.982049290993929846e-02
5.692620227700063290e-02
5.300853663025775764e-02
5.769339987836998723e-02
5.237566212297206647e-02
5.402999828045749325e-02
5.719347918619233778e-02
4.026777012263921263e-02
5.719353340195057478e-02
4.076923252381445262e-02
5.593148300065170497e-02
5.778686256037442182e-02
3.842843109338306418e-02
3.878134584572652532e-02
4.889746652929853610e-02
5.035863377729098145e-02
4.645716162369308705e-02
4.739200758074442466e-02
5.541914629909643758e-02
4.700121234845745094e-02
5.576884602589259748e-02
5.497110319660750144e-02
4.159849309435110359e-02
5.684449978547987531e-02
4.530576973978595740e-02
5.729382514664833198e-02
5.108872076327564821e-02
5.572386930980458702e-02
4.842969743221179485e-02
5.188674423865979185e-02
4.986383182503375394e-02
3.400903258540029922e-02
4.247290194574535743e-02
5.783252634314717255e-02
5.384086401437792463e-02
4.861605807963874371e-02
3.682694640393144314e-02
5.041142258591310016e-02
4.883387919664285148e-02
5.275457381172950905e-02
