8.666288974915998481e-04
1.654544329416344009e-03
9.181146373875166125e-04
5.927641288837482564e-04
7.408508211811476408e-04
1.046281817395569450e-03
7.548243427366771148e-04
6.242573537350087562e-04
8.912787920647984204e-04
7.917707202376043831e-04
9.790441303176731971e-04
8.005193777747756246e-04
1.307877260295471199e-03
8.312446724253365208e-04
8.937102040154236210e-04
1.220621798453759999e-03
1.171499848802114640e-03
7.815440173524433858e-04
9.363017117109894653e-04
6.878655982774485936e-04
1.409683789426512124e-03
8.908295492933709795e-04
1.402834797331018639e-03
1.000658585284333775e-03
1.911551433680563732e-03
9.271951503080891246e-04
8.058452948676451868e-04
5.515641443498272775e-04
9.051215823797910355e-04
6.809677742182039658e-04
1.040651781926637881e-03
9.707002544018842292e-04
8.985879705303630605e-04
6.351490906149182382e-04
9.483685602273476912e-04
6.986608815677203353e-04
1.314771767031732352e-03
1.704576509836836775e-03
7.963634399585764250e-04
1.098331800408050302e-03
8.945755297891435373e-04
5.986086536762522722e-04
7.065305268621243761e-04
1.143527861935931785e-03
1.440891742508813682e-03
9.607829280349584281e-04
1.022869098742861145e-03
7.495431293364618721e-04
1.476883026840929017e-03
9.447958995017801450e-04
8.190943000457212618e-04
8.711706861271504253e-04
6.337614420254625031e-04
1.377233394081379134e-03
1.066399429440397948e-03
7.772282451466128953e-04
1.223940428186012005e-03
9.147705076855257517e-04
1.475297318609502910e-03
8.328857616083588499e-04
8.988503702843086149e-04
6.349548568084098857e-04
8.310418896478367640e-04
1.558820991355350932e-03
1.172333512667659856e-03
9.746966499141351435e-04
7.234500868930105215e-04
1.146612537992624603e-03
6.048186268458374121e-04
7.565595393379969703e-04
1.072895993878297946e-03
8.548192400565069425e-04
1.636009792647611944e-03
7.834794341409024926e-04
6.241254089700321072e-04
1.038714585584577183e-03
1.432532835629176131e-03
1.254798256453361479e-03
8.282526832726282802e-04
9.083256142022928413e-04
9.233413750587735839e-04
1.454799409852194827e-03
7.923095813765815808e-04
6.450967153114542255e-04
7.122623871015832829e-04
9.311313918693446719e-04
6.869448089311526277e-04
1.774705522695897751e-03
7.332658656514784304e-04
7.755398646184177716e-04
7.496745048549463466e-04
1.233403327222623884e-03
7.602407933642672117e-04
7.444514748539749665e-04
9.077093279134289738e-04
1.219972207232179274e-03
8.208460922676215701e-04
6.229187654179588066e-04
7.046851493175566167e-04
9.547174876699263601e-04
8.175109002984131019e-04
8.215102383408915245e-04
8.233765491844412081e-04
7.700037706517775344e-04
8.305693523107500953e-04
7.706446657334773678e-04
5.646138386400610925e-04
7.324347533304999920e-04
9.840501212908323980e-04
7.582162047268019506e-04
7.894047026721198778e-04
1.356223112301467538e-03
1.166537284656663735e-03
6.569928377979129819e-04
8.400216292894651954e-04
8.645158509272470124e-04
7.223838487746172664e-04
6.923486199856166302e-04
9.925043594313732922e-04
8.880598686851615261e-04
5.845619302211180592e-04
6.857317677532117793e-04
8.434540713897026266e-04
8.016022544955314199e-04
1.547864319055423064e-03
6.582579152951329631e-04
7.437777334597403620e-04
1.760661874561002998e-03
7.674310653254481267e-04
7.772864678988673000e-04
9.668281944419045062e-04
7.851169237694307235e-04
9.369282814724228014e-04
5.984765290319350338e-04
1.938151256831293582e-03
1.476252267438749044e-03
8.224459373381714806e-04
1.528881421151752958e-03
7.864826855785840521e-04
7.789968302270909670e-04
9.051940106269468125e-04
8.131431855336114815e-04
6.880854258704754501e-04
1.225863357853564052e-03
8.034896507896539418e-04
6.994795191300275149e-04
1.011540957005189079e-03
8.731728512639453689e-04
2.084147814737900579e-03
7.123413738327799604e-04
8.219188479397374547e-04
9.549742803091855123e-04
1.089891140873134072e-03
4.226235350774327180e-03
6.435901908588905233e-04
7.526846690812793051e-04
1.130060850088991826e-03
7.678640180628806648e-04
8.784877892823658718e-04
1.088959431035121028e-03
5.952558597544622227e-04
2.047295062721981879e-03
1.170305667502922900e-03
1.052437335548767191e-03
1.351336357912520875e-03
5.656340942092990794e-04
7.249876776815574256e-04
1.474000678190284363e-03
6.218171399809284189e-04
7.656817195712213369e-04
7.722230237718697224e-04
1.003332402686731191e-03
6.923582111833050156e-04
1.144571911071297658e-03
6.017281498383133566e-04
1.286111138055975227e-03
8.045066318646222278e-04
8.293196555969934878e-04
9.119973096534874247e-04
1.397384237197541986e-03
9.530870356717904227e-04
1.046343478653283818e-03
6.283071208506099421e-04
1.062424323164273517e-03
6.050553765894940315e-04
1.500740054486512281e-03
6.369158994362912303e-04
1.417645916426365713e-03
7.519981462105911930e-04
1.585122243321489483e-03
1.125176677748790117e-03
1.239945981821232932e-03
5.969501344183107466e-04
1.177000368695169542e-03
9.364292286539969024e-04
5.712191199076829384e-04
7.684285090626037391e-04
5.781646961230480289e-04
1.542581536817977774e-03
1.015508166859021644e-03
7.337174800400004214e-04
6.115096859729202746e-04
6.877518519168256128e-04
6.108249648917963908e-04
8.008831210635268885e-04
6.373767538616757116e-04
7.221809867622531803e-04
5.726858611821134372e-04
7.963367218109633494e-04
6.619037249830804406e-04
8.873614042671056079e-04
8.604034625499071580e-04
1.446935125121852220e-03
5.628978713937682603e-04
1.351784136056643571e-03
8.196290138683424509e-04
9.760301693783829738e-04
1.418137469051500418e-03
1.351232068248327299e-03
6.839777748541738802e-04
1.498655068916429633e-03
6.075497331552416830e-04
1.379338406550942786e-03
6.244987865606866154e-04
7.944854723788612270e-04
6.101474637635404940e-04
7.816164947788327650e-04
8.290015822034309733e-04
6.263786984803343611e-04
1.353811966493845796e-03
5.830978136459904039e-04
1.122133092062515365e-03
6.455686738021501527e-04
1.872467876173370890e-03
1.022377189466562109e-03
8.906351176156895129e-04
9.969745082178799699e-04
8.766011405864443601e-04
8.419454329922321061e-04
1.020889468663535365e-03
6.032296716531256346e-04
1.071592578830229958e-03
6.244252560734727146e-04
1.333811266410733602e-03
9.770853549942917077e-04
7.476133989058377774e-04
9.174776316900783765e-04
6.510920943636973367e-04
7.424338067812039348e-04
9.187714638414976303e-04
7.020181408023502476e-04
7.533765631793211490e-04
1.818840254538748322e-03
8.716164763819849370e-04
1.209505767114065237e-03
1.017345942895016416e-03
7.141627472410881899e-04
8.703374906388845538e-04
2.537551272217175320e-03
1.832685158174304513e-03
1.576437762070396998e-03
5.893480565102831702e-04
5.930085399686989972e-04
7.402786914958466155e-04
1.334208085197467059e-03
2.324993645771965007e-03
1.026353634697114341e-03
1.536079751234403117e-03
7.040999149728991184e-04
1.206718264755926237e-03
6.881765207564341557e-04
1.318510413201755748e-03
7.653893099532534930e-04
8.488828691947472322e-04
1.081749948213215316e-03
6.094039091158031524e-04
8.107112024733753976e-04
9.908163442562966956e-04
1.297933915366207341e-03
8.166543125482969134e-04
9.257661948063190382e-04
1.182852976310480890e-03
6.868126470337649692e-04
6.248229176136721420e-04
8.807950722418631797e-04
6.120708945293273874e-04
1.915785450516070123e-03
6.723219303338882989e-04
6.001688677883653539e-04
6.841305152007726934e-04
8.031762665964470218e-04
8.754643558980454692e-04
8.572852927877780199e-04
9.494048335547766813e-04
8.493232142013830031e-04
1.390997073031046425e-03
1.488407011605502334e-03
7.580311241677817899e-04
9.512509267901787281e-04
9.338547398817904042e-04
1.098182441316768350e-03
5.882358142899764795e-04
1.563400458371419976e-03
1.741453239174257451e-03
7.710607331413857693e-04
8.789112184618417308e-04
6.240959210779006578e-04
1.347372491913295363e-03
8.815554560981071026e-04
1.033174363718937982e-03
6.431770496804024633e-04
6.151334859581957968e-04
7.012832147014852425e-04
1.357813793784248216e-03
9.073838576668832564e-04
5.951177313833186421e-04
1.050596270285278312e-03
6.565006163853048500e-04
1.212456800888993139e-03
5.802505626513839625e-04
1.340214137559813962e-03
1.171891538894135254e-03
6.393822317542717775e-04
1.375932930573673524e-03
2.245958543862272647e-03
1.437895693452615874e-03
8.161758939959942423e-04
6.672300944376655801e-04
6.433202000356302722e-04
8.759992611002374863e-04
1.469298304452695218e-03
1.126558098649937554e-03
1.112530320445415458e-03
1.313431746569729752e-03
1.087777320488963334e-03
6.769232519484132604e-04
8.672031317843086019e-04
7.655791986182556956e-04
1.880812001089713541e-03
1.105819078170737968e-03
7.533660217229587149e-04
9.022395029915748158e-04
1.454081097586120037e-03
7.265710538166140001e-04
9.861349129708998906e-04
7.907021594675075647e-04
1.017726370872952838e-03
1.440048457024739647e-03
8.853141123265757763e-04
7.626799693435443910e-04
1.118069796051245502e-03
5.979593989233785009e-04
8.240394416360503644e-04
6.555519092023766748e-04
7.128042020424668916e-04
9.834848351343457567e-04
6.433222984863247321e-04
2.119057731822756620e-03
7.242053453695532781e-04
8.335373447209894638e-04
8.555932349938548658e-04
8.891271589791863422e-04
8.455513526581968572e-04
7.838522629591085106e-04
9.829511447260919250e-04
9.832208981468140100e-04
7.606624699849594273e-04
9.807665557260477479e-04
6.802365876970009519e-04
2.084536893432245835e-03
6.176633416697413937e-04
1.511676596585006215e-03
1.293394807185393840e-03
1.044498150196400280e-03
1.652416051440090553e-03
5.705343361075385393e-04
6.792186407526992591e-04
1.118861762742304937e-03
7.142360764186325272e-04
1.683731840408039327e-03
8.043525064241129714e-04
9.408215496971663629e-04
6.693743004572695566e-04
1.914430740619320597e-03
1.380566592651314263e-03
7.069367697096629998e-04
8.472764629214822856e-04
6.259804612205728492e-04
6.643178508413413817e-04
2.504202348494645545e-03
7.180363357808759988e-04
7.749781858617955238e-04
2.326428929232821942e-03
1.369531050277385123e-03
7.458110102770442763e-04
1.640748605251350157e-03
1.087467377615106666e-03
1.091872707108922655e-03
2.343357859872164262e-03
1.463675668278694320e-03
1.965084674555540954e-03
1.204969436490339278e-03
1.126333964941899583e-03
1.083347678618063132e-03
9.148618499435817644e-04
8.004461494452057898e-04
6.107681709465723587e-04
6.598217641398890568e-04
1.126422629853997704e-03
7.028038230754567487e-04
1.434996820752914432e-03
7.710438868818002148e-04
8.435422102298764440e-04
8.555119005684059695e-04
8.432372994660409854e-04
6.608389882620594987e-04
7.188583376282474706e-04
7.522526968476326778e-04
1.204933354869551108e-03
9.670245553061227297e-04
7.951316584946121644e-04
1.136224966371640610e-03
7.258757429776984196e-04
1.128478001809902305e-03
1.033856430004465943e-03
9.051124314058394543e-04
7.201251192344771714e-04
1.167328473466518191e-03
2.009197197740472760e-03
8.550470120041082662e-04
6.299861024540793141e-04
6.512100864967224848e-04
2.635372547108357291e-03
7.610535903415223359e-04
7.586736563598505496e-04
8.801700150302947147e-04
1.010212182177206396e-03
7.665122015296849849e-04
8.636025128348325322e-04
7.159629528796883488e-04
6.377294129044922466e-04
9.902376434620531031e-04
8.938366190822343276e-04
1.108571778096979895e-03
1.000827224740937589e-03
6.989044986434857437e-04
1.301789804354913649e-03
5.941513793457812520e-04
1.093380256984707302e-03
1.099910650744552812e-03
1.085100258166502149e-03
9.026185319901901781e-04
8.909850345039055462e-04
8.178000678588757824e-04
5.919246827941892098e-04
1.504461987396726571e-03
1.127824602921267527e-03
8.608748959079198706e-04
9.701668548876735175e-04
7.624670497337391164e-04
7.241826741520051344e-04
7.832515997306514245e-04
7.627852037241675091e-04
9.626746518223120060e-04
7.040253642180505176e-04
6.352032281139048100e-04
9.789756894040327600e-04
2.756176315553643050e-03
5.839534834323626203e-04
1.054736942176122188e-03
1.801829013876674783e-03
1.126607377179784757e-03
1.002555860212630537e-03
6.796675690757764208e-04
1.890721272288784774e-03
7.690181502266575046e-04
8.070463738620078237e-04
1.517162566968480262e-03
8.569191165858385710e-04
8.998884749432697720e-04
1.092361101900798373e-03
1.316214054584317330e-03
9.142671986135531958e-04
9.924312130685799226e-04
1.534327125256457810e-03
5.984775092360285990e-04
6.640890364982679267e-04
7.803938610965235065e-04
8.305568600512613095e-04
7.724031862620849226e-04
9.482570816868956219e-04
1.005074296880123898e-03
6.519520807206237835e-04
8.724538669279706306e-04
6.433229989266087395e-04
7.676939235493798318e-04
7.401141930575244436e-04
1.285070220196387735e-03
8.878117058487328302e-04
7.448012545217124218e-04
5.949617650369536798e-04
1.377169493365511558e-03
1.083937534294777787e-03
6.685931275836230151e-04
6.622536409422910119e-04
7.775265590382252805e-04
6.127615339329960933e-04
7.311274818713901563e-04
6.472982403725980553e-04
1.079957879521571988e-03
8.295288635708470510e-04
1.315452758473562326e-03
7.476050262279916028e-04
9.107394725492683066e-04
8.713371153818742169e-04
1.043158423073920057e-03
7.983832048467509471e-04
1.096259794422153530e-03
1.044450994534499612e-03
9.727652946979783695e-04
7.774348478113597694e-04
8.033918083822162888e-04
1.177808421681759412e-03
1.691246085134388670e-03
1.279496562483945898e-03
5.767353649934541752e-04
6.584480422768097200e-04
6.412019147976921220e-04
7.212589178653767063e-04
7.179953394024480131e-04
5.775251854457680734e-04
7.849714157507001189e-04
1.061634026644929854e-03
1.771146631318444055e-03
2.054225194945541715e-03
1.267774307495856626e-03
9.410108782733075331e-04
7.582618881065048781e-04
1.414079728570789797e-03
1.214959347175732438e-03
7.376138742942779528e-04
8.687020406452865664e-04
6.586575533405453599e-04
1.265629114755489719e-03
1.019693109463727047e-03
7.260992268357577663e-04
7.928628520070023569e-04
7.611525750723684884e-04
9.703026820068986905e-04
8.043006521147394667e-04
9.613494934589871194e-04
8.532101326434491468e-04
6.479670313586534652e-04
8.658481291206803019e-04
1.489059951387797362e-03
9.321160783240650931e-04
5.844092194891745921e-04
7.718211350498651799e-04
6.762876105504045301e-04
9.353704745398034323e-04
6.617567589685440432e-04
9.685606442866068503e-04
5.802702268721955355e-04
8.566397981535538511e-04
1.442721915685128307e-03
9.269907729424536804e-04
9.283886309354688442e-04
1.366126836430573517e-03
6.632918195217182714e-04
7.117031483169371274e-04
8.594582085012191213e-04
9.996812261181091397e-04
8.056018007977814666e-04
8.371894143695188511e-04
8.949714770789244820e-04
1.135387975422768887e-03
1.142511213453641181e-03
5.606836113397057177e-04
6.145020486185524952e-04
5.976620043636128761e-04
7.838967254835038558e-04
8.136003543944223806e-04
1.080139578145345542e-03
6.086311592202948203e-04
6.816496115707580032e-04
9.214417723746545254e-04
8.453096406476516078e-04
6.587884079724100816e-04
9.218707225644326387e-04
9.027925907007006189e-04
7.743799213087484284e-04
6.847693338010238254e-04
8.285307554659772757e-04
1.465032001286874696e-03
1.058599063161724460e-03
9.661564287290658366e-04
2.455797255314731611e-03
9.773905120020393630e-04
8.686225683196478449e-04
1.767777535105505803e-03
6.356200870273237590e-04
1.579408823280421944e-03
9.045650403814377467e-04
8.672932725531789112e-04
7.790745309493386827e-04
8.122562679404075154e-04
6.766616821822706929e-04
1.008744668937559211e-03
1.151924625053338432e-03
1.538450491548590694e-03
1.341818276615168752e-03
7.038624874470743266e-04
5.929329533581253076e-04
1.948635975491403577e-03
1.180945313683332215e-03
8.642102066122470810e-04
9.698007195036032271e-04
7.990838725158541829e-04
8.372672467612346471e-04
8.176673365040714641e-04
9.176855753195425555e-04
6.942025964941541923e-04
5.989989570535198763e-04
1.127712214965682956e-03
7.706047425300204716e-04
8.041389291090935126e-04
9.311017296825748217e-04
6.270325297164261284e-04
1.645841711863111744e-03
1.604635403450631282e-03
6.076239061299588875e-04
2.928475631897162895e-03
6.996602050638153813e-04
1.136155753636898351e-03
1.143653562950143867e-03
7.511883001629445942e-04
1.162161024933357559e-03
1.283695484175119113e-03
1.168003508150549340e-03
8.065728327185891534e-04
1.014310265197630170e-03
9.157124903982594936e-04
7.312278504321888467e-04
8.128992065082881824e-04
1.035548920575101242e-03
1.149426317939846592e-03
9.392417470895075013e-04
8.325809365798592142e-04
6.536156580115078801e-04
9.035459321431205679e-04
1.023572874551762109e-03
2.661023433618876690e-03
1.265519398117956459e-03
1.776720257459842370e-03
1.083284094116518511e-03
9.722537523095100068e-04
8.016665246461848185e-04
1.445919837350199749e-03
1.905591358210917191e-03
1.403285221498647975e-03
6.620251172679026417e-04
1.878733284070945638e-03
7.079656930710349861e-04
8.032783294838419458e-04
6.078253195100685648e-04
1.002927680351001693e-03
2.444918508531049653e-03
1.047940107753476090e-03
6.695808247665885988e-04
9.639901107902699344e-04
6.572726713829795710e-04
6.653365342187684932e-04
1.861300104158479345e-03
5.957016842207868207e-04
1.990179448462653204e-03
1.102514682115885878e-03
8.012526362143888078e-04
1.217433689175368436e-03
1.420212026811440561e-03
2.913811411909223836e-03
7.535229074288136899e-04
8.996994974117167483e-04
2.580045729591815343e-03
1.016061207713327618e-03
2.391122505972711944e-03
6.899525816973381626e-04
1.257548265267087418e-03
6.411122262144317322e-04
6.965168022222125929e-04
1.644941839215035813e-03
6.405023519795214173e-04
6.123338333373256389e-04
1.189911830973761466e-03
8.188567545807326096e-04
5.619037543547470608e-04
9.329479944555874819e-04
8.152858708916138272e-04
1.229790205003942127e-03
6.061649862973961505e-04
6.308190322535277761e-04
1.230703780113001633e-03
6.952840909876417978e-04
1.031871847942379249e-03
1.036028780705773068e-03
1.301043907358927785e-03
7.984649904139922783e-04
9.929563514460776688e-04
9.125175039194860591e-04
5.747711916263876803e-04
5.840480474303238719e-04
6.264494805566455347e-04
6.968498799699850447e-04
1.301335940534004230e-03
7.222576864935036653e-04
7.948095669055377580e-04
6.751008168216805902e-04
1.238065379744177075e-03
9.429021852839367590e-04
1.913068030498027037e-03
9.343141940705372009e-04
1.464469093637232010e-03
5.818281454359129331e-04
6.593413848455059690e-04
9.483832700294954170e-04
1.113341600385452839e-03
1.082002900571489871e-03
1.031753645181298414e-03
8.563904995371693927e-04
8.680988424752812509e-04
1.601079072064056155e-03
1.188733372970775118e-03
5.787883357384150445e-04
7.102281370349093842e-04
9.032426794353189429e-04
1.556250502392608325e-03
8.340482286682589100e-04
6.695819936710754742e-04
7.788564587120104044e-04
8.620830243760500399e-04
8.198980847289530230e-04
9.870997175224040850e-04
1.226669592788637948e-03
6.512115482978623636e-04
1.109776948354533610e-03
1.687454845322705187e-03
1.474488870066916878e-03
1.058746558073264633e-03
6.731383907186597832e-04
1.873769806488786082e-03
8.733200309273599776e-04
1.883466051411568885e-03
9.750791250113615121e-04
1.204906457603630498e-03
1.359052266101221920e-03
7.187832914537586621e-04
6.595752663242956514e-04
1.024942360453669123e-03
9.826206538845814846e-04
6.266031253139457344e-04
8.514370575629663564e-04
9.304206811611895724e-04
6.573264697976661164e-04
8.901994788592192511e-04
9.607747765009377276e-04
7.116382767483035330e-04
1.360664586429036335e-03
8.709151040710357439e-04
1.131847537509632568e-03
1.079563482441124557e-03
7.591523577712474408e-04
1.050463701643620769e-03
8.312533087463215911e-04
6.917257469226499459e-04
1.975390467399877094e-03
1.081385356437041152e-03
1.035296930842867632e-03
7.868116189029121001e-04
8.191713823092506034e-04
1.082129782784542948e-03
6.640411881550019758e-04
9.518983280217213974e-04
1.038822105699598606e-03
1.076436124030307352e-03
7.475794058951422101e-04
7.491354376200572195e-04
1.602933065885620923e-03
1.756431255666253931e-03
1.089709561671431707e-03
9.352703336330130167e-04
1.291126507296450586e-03
8.716783531476187579e-04
8.930323899630956529e-04
1.026057293057366926e-03
7.568322920093027316e-04
5.594431403259944938e-04
8.505915827512986480e-04
1.231913172515293562e-03
1.024446370576893644e-03
1.413587854163508156e-03
7.526835852048126448e-04
7.745122188791796333e-04
9.434024202443858174e-04
2.344746497662102049e-03
6.388802207042722225e-04
1.049074622768117774e-03
2.249288516542366934e-03
1.028800140132052733e-03
1.077237308401436970e-03
1.134590106407660235e-03
2.860845648895630252e-03
6.919244212174167517e-04
1.501776390493001238e-03
1.246721494875725365e-03
7.629207067073541428e-04
6.633021054321779075e-04
1.001959321376245460e-03
8.901594162214516862e-04
6.751841881711495661e-04
6.220397099405373595e-04
6.126934776520590563e-04
5.767430123304631518e-04
1.118061297233071110e-03
1.019383949768736539e-03
7.337014051938477817e-04
1.056027379642817147e-03
6.118180904310111792e-04
8.609577220945641325e-04
9.428752297288133660e-04
6.399405558951953019e-04
1.270485746007025052e-03
6.516526900760619004e-04
1.439758135305606746e-03
7.873342470421940955e-04
9.377196998579270890e-04
1.118600234324411413e-03
7.607391917782390907e-04
8.724761597091662069e-04
1.172267946225782247e-03
1.044431731425256261e-03
6.918191377382249983e-04
1.399550446200168883e-03
7.601858046132897598e-04
6.285481360325343445e-04
9.707411096935867961e-04
8.543552660352197884e-04
7.043111924099569989e-04
7.100622942851538824e-04
9.000887683120295090e-04
9.425032970619929770e-04
1.113642876946761709e-03
8.085847335383417175e-04
7.383036260943332202e-04
7.544601764229296337e-04
7.523840790469541340e-04
8.464386586614921311e-04
6.835812170438518038e-04
6.203167315161980814e-04
6.139661762420773250e-04
1.190710936488564202e-03
8.340573926019454474e-04
1.524337880089764261e-03
1.068307873623574201e-03
2.419694240382193762e-03
6.366437147219756098e-04
9.277435897911929597e-04
9.138750208164508589e-04
7.821076734422894401e-04
7.049398594543338946e-04
1.890402701795993942e-03
8.116873490054327990e-04
5.856570513901754879e-04
7.165800935093648294e-04
2.127561860229526536e-03
1.599788212600078375e-03
1.216199210572132270e-03
1.308086757830443552e-03
9.209059208548964247e-04
9.121634442809646798e-04
7.697970795844245699e-04
1.004484690819153550e-03
6.437963918134210909e-04
8.483294228959088181e-04
1.122192768938241360e-03
1.186381883766944850e-03
2.557623083608174391e-03
9.436015323247253905e-04
8.015538991313915073e-04
7.403946460571739175e-04
7.361760200867493824e-04
5.647113998665047839e-04
6.399275652252490792e-04
1.597678478187887019e-03
7.142097053112387130e-04
1.634336601264058629e-03
9.991215840930729036e-04
7.203068228655401225e-04
8.470263925722884427e-04
7.766569977415994355e-04
1.482530826101710825e-03
1.026047182854656096e-03
1.625401921178999893e-03
1.437511726130189654e-03
6.372884754847847524e-04
7.725593692125634366e-04
6.434620279151501447e-04
6.436329372156881883e-04
8.882419842908560780e-04
7.681107891315647977e-04
7.753965392279617893e-04
6.377543931356943882e-04
1.165154508440062464e-03
5.768395110753775454e-04
1.050171411540836482e-03
1.628840389915792684e-03
1.057851874007617642e-03
9.986193136162714763e-04
7.630854557433084783e-04
8.852440579100006712e-04
9.781921179035416546e-04
1.117258071722892912e-03
8.400435787919279668e-04
1.985216475304203698e-03
9.147878392357871149e-04
1.695193278321835417e-03
1.288102504283966969e-03
5.836593067048149097e-04
1.900503676040204938e-03
7.792120943784769773e-04
1.622029520990351430e-03
9.398842243347451048e-04
1.429631406713221479e-03
7.318452410601936813e-04
6.595473784014687074e-04
9.973077675207531276e-04
1.150111750747987750e-03
5.996909233623070245e-04
1.055842459679422109e-03
9.504046521727515292e-04
6.081362384762863593e-04
2.637625525982270538e-03
1.421646865194225442e-03
9.078461187901588295e-04
6.005072426718904106e-04
1.100932174073851032e-03
1.626205103270639361e-03
6.607442645565283785e-04
1.420507720953161860e-03
2.109703238523900383e-03
7.331238557900171060e-04
9.869982145235586379e-04
1.195835133644665991e-03
7.340412949688396652e-04
9.268856853116154123e-04
8.074833901666725235e-04
9.215468131171971385e-04
6.720692960886203837e-04
1.135379647601473261e-03
7.673912530474914610e-04
5.735034774041156439e-04
7.163675468840917035e-04
1.323845912316221844e-03
6.423815333553372460e-04
9.505467745635672863e-04
1.164100036126015751e-03
1.695828563306177447e-03
5.910628234416113926e-04
1.131991630464137437e-03
1.134487013398893969e-03
8.118488343457208730e-04
6.687186086696350965e-04
1.312162712311883920e-03
6.160571740957233389e-04
1.192862649973652853e-03
2.496642882913130065e-03
7.323546736385077704e-04
6.830823104779542220e-04
1.120901745668582538e-03
9.274683235883879415e-04
6.773430167488299260e-04
1.089218934728590190e-03
6.388671072589474859e-04
5.926116297751111246e-04
7.390882590536066322e-04
6.450982646633223816e-04
8.178096604007403488e-04
7.803034253082426035e-04
8.194005634292910378e-04
1.054813410404986185e-03
8.214732151429084530e-04
6.264563403079521269e-04
1.141332124831357167e-03
1.525847026302701434e-03
7.144890627729371399e-04
1.204481664600501453e-03
1.156687117491577875e-03
6.108616009208692492e-04
5.867280803530008481e-04
7.515020915281429500e-04
9.363447309548570590e-04
7.755141515239111910e-04
