1.190764690457205704e-03
1.081331848925053130e-03
8.999497961599256784e-04
1.534938931450982981e-03
5.394738251203445032e-04
7.561543640223119525e-04
6.871081495349074279e-04
9.521746005337115935e-04
5.414085591622796881e-04
5.210752527123537229e-04
1.367134951929078850e-03
7.465888487031206548e-04
9.050979932400047808e-04
7.641400377361740612e-04
6.619658737740171522e-04
1.702372532070614087e-03
8.736117527265796837e-04
5.442753444036526125e-04
9.401543042209059651e-04
1.045236270873616891e-03
6.800811605845782102e-04
7.455771432906962374e-04
1.108181984107379321e-03
5.969751644892981818e-04
8.304263927685100926e-04
1.217311160693294609e-03
7.695725422045112665e-04
8.158238873968005987e-04
5.534501214096093982e-04
6.512335187924952681e-04
6.369779043294900326e-04
8.904701019876649264e-04
7.565828488052929804e-04
6.385902477096370598e-04
7.988098425475574811e-04
1.730400079963581106e-03
1.736275766037679268e-03
1.164230548985152949e-03
1.015755091852159038e-03
2.155150306128409722e-03
8.256575290316714834e-04
8.171909876446182977e-04
8.071658215068602468e-04
6.734765842929641647e-04
6.116180433855421998e-04
1.453515474778397862e-03
5.633084498465735059e-04
8.060579832859264202e-04
1.038367751032849519e-03
5.892867453567996730e-04
1.825385388947446631e-03
1.097426067030010752e-03
7.724473983580269027e-04
8.150966413275632840e-04
1.696281101949928321e-03
7.176071994574410038e-04
6.216965009966694215e-04
5.397906986979712860e-04
5.775399340878871858e-04
7.743739565144172263e-04
9.472693474733605637e-04
6.817513298715662320e-04
6.135921728450959185e-04
1.448372691516154956e-03
6.128585474508210914e-04
5.535541009799708513e-04
7.157751010042188609e-04
7.638138023752701891e-04
1.238070315417188214e-03
1.462933344883939578e-03
7.117905264733574364e-04
8.962851506876042419e-04
6.690215556511762245e-04
1.023047786930901754e-03
1.022668773546739482e-03
8.053210997522810980e-04
1.468088396569706315e-03
1.626486541353883934e-03
1.080955962845437475e-03
1.244954397734196212e-03
4.128080289808946056e-03
5.698475876565571585e-04
6.569755306205945188e-04
5.496584592966202287e-04
1.200195132132312508e-03
2.174998046896338844e-03
5.508247013359226021e-04
1.080586252233048600e-03
5.443297925546054664e-04
9.324777898792026504e-04
5.200704827571405505e-04
5.748954084293935677e-04
1.986852395099139926e-03
1.524680599315316170e-03
1.704213991962101648e-03
1.469687334498469408e-03
1.421379782813853845e-03
7.478556060362274559e-04
6.497436166060224696e-04
6.121357752462641905e-04
1.168240862479106657e-03
1.748518231803195466e-03
5.604617398947919727e-04
1.341374940951964127e-03
8.463586333440370089e-04
9.331831697302082678e-04
2.175731609323030159e-03
1.178319252138303229e-03
1.633816157224988845e-03
6.320305650419969206e-04
1.551541108096471475e-03
1.924422454068966089e-03
6.834426636763022084e-04
2.217826831821666234e-03
1.193047919990529969e-03
8.002422849707593920e-04
1.378750354183554865e-03
5.792080767812974674e-04
1.977835180344665253e-03
2.432685980849066867e-03
5.224589216425882610e-04
9.170452790183917374e-04
5.488960140669237302e-04
1.360626203746112626e-03
8.570863407794682967e-04
1.253833326860747440e-03
7.722352915187185836e-04
1.334678494669518838e-03
1.224694065682386309e-03
2.711667624140037900e-03
9.193522188001924987e-04
5.457638449719954751e-04
5.983034368766437013e-04
1.765499169778227519e-03
7.148332549896501678e-04
1.085369815151832843e-03
8.588079918637765015e-04
1.042996963265218702e-03
6.994349041254946039e-04
7.721720512269820806e-04
5.690693145779065392e-04
5.435639489622720978e-04
1.184218077152266900e-03
5.840812033441962654e-04
6.852089008358772234e-04
7.345234282400049273e-04
9.474153856185176491e-04
7.903670713242656569e-04
6.682888737536493576e-04
5.704382830020000242e-04
1.120140529549051899e-03
8.220978995193923894e-04
8.631851688115586277e-04
8.728120115651728014e-04
5.767512447224355885e-04
6.440582646403043322e-04
5.439687804569167924e-04
1.170311703099825374e-03
1.292086651335261783e-03
3.619926817142991166e-03
1.157961874953084697e-03
5.996346143486805825e-04
6.247352111767110611e-04
8.882974223084792254e-04
8.885533068799636490e-04
1.502757448075133818e-03
5.780067115778874829e-04
2.259848344169191042e-03
7.562110938569632313e-04
8.403952477252157405e-04
3.017645433194380764e-03
9.421002722868585021e-04
1.122550008338189884e-03
2.576266921120239778e-03
1.064275345369691123e-03
1.332007935280436501e-03
7.450970597104333328e-04
5.788427446767911363e-04
7.421546194706708007e-04
5.623310616752287333e-04
6.329819852953132370e-04
7.667201036586845323e-04
9.281536990171856353e-04
4.697695457340992330e-03
1.443083005041836259e-03
1.377030122825059159e-03
5.283389109468130404e-04
6.505859043235515549e-04
7.172026735184986856e-04
5.890538531807851079e-04
1.564045388806418720e-03
5.827040757968683172e-04
3.350538732140911826e-03
9.475404069301126241e-04
1.888957965545852826e-03
7.180965398712223701e-04
1.011239363149149138e-03
9.328241797400627436e-04
5.437447740110373144e-04
1.419876937421256542e-03
5.976725507773988878e-04
6.799864930494949403e-04
1.492694453343570288e-03
1.393742463573326975e-03
7.797487202825431661e-04
7.775515695613230416e-04
2.375347409515551986e-03
5.529669195221997065e-04
5.965637216465542953e-04
8.827168064662131155e-04
1.125426692436665849e-03
8.916286658396615052e-04
7.119474546481225274e-04
5.683399568382136498e-04
8.035555061525337991e-04
2.109733527068630415e-03
8.858913787635250801e-04
2.307923545817058136e-03
1.086549697479120271e-03
5.330733763636700574e-04
6.965242724458584229e-04
1.081001780178490659e-03
1.234907933704793102e-03
1.447227120331069910e-03
7.993811477107551355e-04
6.330071709830362072e-04
8.388008251486176250e-04
6.016786232467931719e-04
8.431326493771563405e-04
6.092834396662108421e-04
7.355290309638400645e-04
1.110069667661840731e-03
1.324152441429423928e-03
6.115885692204871922e-04
6.411277184363989301e-04
7.679974938049569664e-04
6.609251671662404095e-04
1.456127049852287865e-03
6.465350496320334574e-04
5.766865526584051245e-04
6.521935146078696854e-04
6.069587552715645807e-04
6.155974305212413324e-04
1.064409558060003909e-03
9.636526972782467068e-04
1.104942403356796131e-03
8.753070085341065542e-04
5.701307370228078739e-04
9.922142223916393354e-04
8.912525652532767321e-04
5.402184656846113937e-04
6.245658463374530222e-04
2.511675018829933811e-03
8.779541000153472585e-04
9.463567074630603333e-04
1.374275348152659152e-03
6.728336846947573398e-04
6.872710008384047987e-04
8.934933711905675190e-04
1.063448050204284998e-03
5.983199868177453999e-04
6.037417967727315383e-04
7.206811777224593962e-04
5.727088713912836804e-04
7.360667148381401341e-04
8.806508950921681025e-04
2.322316763434545666e-03
5.955748714445235036e-04
5.731606120887172435e-04
5.782965040463704590e-04
7.106312426088406574e-04
1.343894274215454154e-03
5.580314234960526360e-04
6.671390646328218509e-04
7.576816076864458264e-04
1.208491443226094187e-03
6.763195686623770485e-04
1.325190536691687364e-03
1.722138883213899596e-03
7.627115177462682853e-04
5.176493023945806385e-04
5.324660410255024337e-04
6.023013550457138226e-04
6.059167447860880178e-04
1.249476839184541317e-03
1.067711818200352573e-03
1.345001017758699858e-03
7.757162926489543026e-04
9.750696212428416323e-04
2.459572877557596182e-03
7.855530937264837464e-04
7.218369458233554053e-04
5.601212559472881162e-04
7.947094372106576488e-04
1.482465898687036982e-03
1.038906089413895589e-03
9.278582650223178314e-04
8.176134715539078125e-04
5.845198650437393633e-04
1.401302321058797923e-03
5.363189785474118667e-04
7.780299812002720340e-04
1.017469629513615293e-03
5.270001402599483117e-04
7.724802407681995164e-04
1.320714211081877197e-03
1.080920662747006334e-03
1.458485621076428167e-03
1.283595501532002999e-03
9.489063489577974570e-04
6.330257664933881335e-04
1.901168965259556701e-03
2.134154610097483470e-03
5.982417966056753113e-04
1.473005866878474924e-03
6.968598991432167810e-04
6.568472171571524028e-04
5.288543494934856270e-04
6.186108278591418222e-04
5.954387921819587030e-04
9.156820598338127285e-04
6.880097532295145193e-04
5.781384196040853778e-04
1.434871642620512465e-03
5.729448767368583873e-04
6.781181684023385300e-04
5.512036827212499776e-04
9.701317565191829636e-04
5.631045776264386859e-04
8.862471150522130371e-04
8.155236715350923631e-04
2.287215549073300276e-03
7.030465391702732381e-04
6.895155969774647772e-04
8.968136075170052290e-04
7.697544653833003538e-04
8.968749227135306692e-04
1.828076807280592945e-03
5.929040933622384052e-04
6.932366819783619813e-04
6.440405946512897098e-04
8.985306217803778681e-04
1.236596144563140284e-03
6.212687690135844897e-04
7.265002588730952015e-04
7.063537518631485138e-04
5.997420790316614287e-04
1.912708660910377367e-03
7.279269529938927263e-04
2.353314679534076158e-03
7.558062923407678387e-04
6.695130305489027612e-04
6.646450501568856471e-04
1.814589949680492365e-03
1.691704863413278194e-03
9.827775918344425644e-04
7.073337906902727899e-04
6.813114310234770921e-04
5.885272397954637979e-04
1.871010884082776162e-03
6.714064395073947138e-04
1.125166780800520953e-03
1.927884627862660235e-03
6.099461104543024877e-04
5.412071829373589840e-04
5.986403528269561292e-04
7.328300743359494667e-04
1.604223045596879895e-03
1.234892806582329593e-03
7.077251201943071755e-04
1.395080719617032561e-03
1.653154351472282480e-03
7.008732515563060282e-04
1.103180709227568864e-03
9.671520702922055271e-04
9.529482857127689931e-04
8.318147797446894453e-04
5.725457055912080073e-04
1.500022288042518817e-03
9.961415248938086230e-04
8.382331353369385646e-04
6.322539419481258824e-04
5.419978502401048923e-04
5.538975110560731378e-04
8.849172739662827499e-04
1.061719377319934876e-03
8.026619884592978973e-04
6.309831054221605841e-04
5.548140568980237724e-04
5.250661169837159310e-04
6.604563784059553537e-04
9.014048527520385429e-04
6.268815327555041315e-04
1.328058292941854384e-03
1.398311433065688733e-03
6.851232038514779542e-04
8.270100830541528411e-04
7.203645498243789816e-04
1.165009340655103571e-03
9.090203981846422350e-04
9.265386299845187329e-04
1.040412312821784643e-03
2.946497970594401036e-03
1.495181753800656601e-03
1.510903132403563880e-03
5.716264175824301063e-04
5.572018330360993098e-04
6.327615545832250684e-04
1.057642667491152108e-03
7.231394742569742171e-04
6.255104289035056135e-04
1.555756706923090748e-03
5.793236335178115299e-04
7.783101940818580545e-04
1.673306164744248680e-03
1.091907731350131314e-03
8.442179322541402834e-04
6.327476993881743462e-04
6.221780258820709328e-04
8.052663482772114438e-04
1.072096593839137182e-03
8.063216712703527057e-04
5.616115890828064609e-04
8.601404723380563777e-04
8.065362517271357223e-04
8.128049986514357221e-04
5.933730754684406455e-04
9.557933450678074731e-04
5.480140136324020530e-04
7.503845446498878975e-04
1.278634102353765067e-03
5.887338893702823107e-04
7.730281676763672968e-04
5.967525357180172374e-04
5.329736994077843544e-04
7.630770037002701511e-04
5.542323035757545837e-04
8.775291089893266176e-04
5.533461227744114301e-04
9.687707609155632883e-04
7.038321749566734363e-04
9.076282181673812465e-04
7.462895072413186330e-04
1.070640110981049527e-03
5.269971493743674448e-04
7.604470384671180869e-04
6.081758012649067166e-04
8.872897301360810254e-04
5.391019565515658757e-04
1.684758881161745308e-03
1.205688796450020634e-03
1.565347424713731984e-03
2.561476941578780687e-03
2.818438410370727350e-03
6.712706660175747110e-04
8.219351060786321897e-04
5.901937177321571601e-04
6.522184067177236094e-04
1.057693836971218418e-03
9.326658957207706151e-04
6.554561274364113658e-04
5.281224337264942914e-04
8.252832959192342183e-04
1.397321299516502725e-03
6.216741770496496920e-04
7.731540019058913155e-04
5.197065388458679781e-04
6.326088041028015948e-04
7.882602310507900913e-04
8.626930556250907850e-04
6.340965577284077368e-04
9.421134246898996319e-04
9.642430680590387011e-04
5.486092989088194949e-04
6.164246509478530939e-04
5.679496054424235107e-04
6.951830310242154655e-04
8.193751710498764192e-04
8.421667571291034313e-04
9.918534445181447379e-04
5.694726052406523130e-04
5.400234238951577342e-04
8.029458200455985963e-04
6.760322029885317127e-04
1.082885875480382645e-03
1.507892460919777432e-03
5.618894385722333126e-04
5.202559976788594066e-04
1.471901848501814018e-03
6.090121735066916829e-04
6.529663380137177599e-04
6.302293001979653898e-04
2.055071397323931029e-03
1.370587086610334723e-03
5.308026191161859756e-04
6.427908611026509527e-04
5.437075668401213265e-04
5.573619592503588653e-04
1.497939660554182097e-03
7.957771816748277502e-04
5.844844686721582892e-04
1.756335205485314455e-03
8.161823421326231624e-04
8.536901092438836268e-04
1.657338361068683803e-03
7.025402667173027364e-04
5.586907376362677466e-04
6.075565888423664499e-04
5.855861315412776808e-04
6.587837665385287483e-04
5.638999318488988012e-04
8.165511058843041414e-04
1.542370112868831191e-03
5.480548471866237724e-04
8.022380995061657166e-04
8.527356093165984518e-04
6.256416535059978199e-04
1.748113478328162159e-03
5.393081973122423444e-04
7.749849384355393927e-04
1.879562653655557618e-03
1.152533113181432181e-03
7.347965400580472361e-04
6.108154442085941827e-04
1.342841021712456052e-03
9.196816010401768224e-04
1.555537955747549094e-03
6.019499085994480187e-04
2.762612060359140222e-03
8.784179713401892063e-04
1.530888274841810982e-03
1.862874513402581773e-03
6.464440903192251141e-03
1.276902811124976111e-03
6.477957446860660136e-04
5.864856974832761928e-04
9.009728850991973771e-04
1.503603387434386280e-03
5.861299318695371678e-04
7.688511827871411918e-04
5.993330813178330716e-04
1.005922736255480650e-03
5.398077771238570226e-04
6.407913968913657313e-04
1.880255118530378385e-03
6.195487347887860619e-04
6.585413886682258680e-04
9.549862633670397729e-04
6.437692162251148348e-04
5.743387383335845676e-04
5.739300171684346991e-04
1.493709477132109829e-03
7.925577199214163667e-04
5.768049963710249542e-04
5.529733857371520785e-04
5.641063695170743649e-04
5.608822827712646973e-04
9.742219358445792891e-04
5.329288149687886385e-04
9.220247875704727257e-04
6.514592308881835296e-04
1.570378324668920099e-03
7.272928927488223928e-04
1.055570921608610857e-03
8.188380337660960484e-04
5.670145048597230539e-04
8.617647705463067718e-04
1.462267681272464825e-03
9.891805626283895012e-04
1.563076950032104033e-03
1.096984056351251857e-03
9.082271781670899716e-04
6.139990786189051695e-04
1.471745949545266632e-03
5.471206149995674461e-04
1.204326442401331635e-03
9.098555486353731301e-04
6.601408315160990636e-04
1.056435347419130456e-03
9.485842223114308034e-04
1.827902365475610452e-03
7.369267789409405557e-04
1.261237380507544865e-03
2.714482052148618155e-03
8.219991860787294801e-04
1.758193176407769811e-03
8.184943545359356712e-04
5.418171632730004730e-04
6.942327666672044699e-04
8.789257884868243538e-04
5.249124726653055413e-04
7.616370526128547324e-04
5.675366826566744568e-04
1.213393147690599444e-03
5.977956467304920002e-04
1.548795514794966150e-03
8.461469937558717402e-04
1.198973360080585453e-03
1.867250264176783300e-03
7.676532858365763901e-04
1.613331944485083642e-03
8.643272966631295210e-04
6.970601792881795690e-04
6.262719110606231781e-04
6.646741017747049554e-04
5.517970532038808922e-04
9.658439572780465202e-04
6.052386942357874770e-04
6.014620030042359478e-04
6.164117231675719181e-04
6.826452575007624195e-04
1.263342218151063383e-03
7.312189155108581549e-04
9.690240734063807707e-04
7.088696727050733870e-04
5.415366108778907122e-04
8.777970752650215763e-04
5.183510088378753215e-04
6.471863298482864952e-04
1.340223232674115196e-03
6.660244789206779415e-04
1.210284063616818683e-03
1.151869907649572282e-03
1.099684521338626644e-03
1.625726709534139423e-03
8.749839124981158810e-04
9.819339447375184052e-04
6.128214443539782477e-04
1.388103351490912454e-03
8.200249612965963960e-04
2.239064848048734780e-03
1.017944170283333885e-03
5.448181610610911951e-04
1.218781021828329236e-03
8.456987480105863930e-04
1.242689676308923307e-03
1.971795375762309434e-03
7.508960082235000347e-04
1.084093839562266445e-03
5.674454073524926381e-04
5.887409361316174594e-04
3.355409549446271202e-03
1.059767704283181775e-03
1.131800403560606670e-03
8.102369214918272739e-04
6.495010853443136754e-04
1.246448582401608754e-03
6.302695485068356878e-04
3.853483555949426247e-03
1.331283837921093567e-03
1.091107925702610500e-03
1.520713571225237176e-03
5.459239600373834910e-04
1.207345195289013552e-03
8.848806090082725210e-04
6.453306696793169404e-04
2.702710667246307347e-03
5.816459378676780423e-04
8.835196006757625297e-04
9.627792150458193464e-04
5.172546976300641548e-04
6.237832153706567885e-04
1.214218264859260373e-03
8.254580723122239682e-04
1.037668768736070514e-03
1.245443851883038444e-03
7.506522206021274757e-04
1.727620236823256559e-03
1.570477408802257264e-03
9.196362799901741008e-04
6.375466312286560532e-04
6.019664811446271812e-04
1.192636674245977800e-03
5.571652708022508315e-04
7.254880786291355819e-04
6.260677345967518171e-04
5.831221062138751974e-04
1.433137542544160765e-03
6.792618402619040154e-04
5.422059233209958629e-04
6.930866552389412143e-04
5.738668350223105445e-04
5.725691343964365654e-04
9.394030925577419658e-04
8.484825114049212441e-04
5.429434955147572055e-04
9.513007533607795510e-04
6.318112998245534488e-04
5.892059481635691237e-04
5.998650685702346585e-04
1.031386704050636823e-03
1.375111512599821138e-03
1.390740615970074111e-03
8.889752346038651623e-04
8.892027651968681780e-04
7.043614516618547546e-04
6.835009944338009012e-04
7.596836261316188129e-04
1.107904895864766535e-03
5.620523196261757379e-04
5.496872207204440757e-04
1.365053853332929678e-03
1.293617626484651860e-03
7.664175931908515050e-04
8.708898123373750091e-04
7.667627420122624399e-04
1.013890395804098194e-03
5.394940078208471145e-04
1.717554223072166684e-03
5.426926867901832102e-04
1.057246897450264244e-03
7.805127901970521304e-04
5.888459282342533001e-04
5.237465313488415090e-04
5.860861893705297679e-04
6.689298183016761674e-04
1.292775395401322058e-03
2.476183700642485292e-03
1.459979436157553137e-03
5.177457356190954879e-04
7.052961452474572953e-04
7.261116885663132211e-04
1.160515016374234418e-03
1.309636865698555683e-03
1.207940467384978171e-03
1.358279970533690303e-03
8.413497865883498182e-04
7.099009253809190987e-04
9.788115430111555756e-04
7.046828627594777785e-04
5.621563640869904448e-04
8.729093149490444381e-04
7.432953235820913968e-04
7.438446827081334227e-04
1.652357947440083550e-03
6.074937981727757770e-04
5.429772906512858512e-04
1.339886228170518489e-03
7.696040151786398250e-04
6.660760580559555886e-04
2.887877329609310831e-03
5.672925814843743798e-04
8.465140281645744391e-04
1.357069950834690090e-03
1.527870838410287776e-03
5.964009635458362947e-04
1.666696491568584295e-03
1.615898793110990888e-03
1.369847926169937176e-03
1.188016209086925363e-03
5.961362691626377478e-04
6.322979983924663372e-04
1.075913678839449236e-03
6.891707675783704558e-04
5.798606553593906379e-04
2.615564771324737064e-03
9.871088570625196918e-04
5.918586143312946132e-04
5.516370265730530069e-04
5.328301158157053123e-04
6.481196034478051322e-04
7.351318276193947619e-04
1.845972963623072807e-03
9.046802452894420156e-04
8.949098458454823532e-04
6.065898006606815695e-04
5.532279849447202871e-04
5.803304961969901754e-04
5.915674794560975280e-04
5.949989579379665917e-04
2.206959647087846071e-03
9.166489999208447424e-04
1.549441684808843455e-03
6.680526542722210704e-04
6.036286434962638038e-04
2.966897003761870179e-03
6.130455381847348378e-04
1.699426094092068963e-03
6.582649230281984549e-04
5.630218651996912174e-04
5.538290682202836289e-04
8.828169614240987794e-04
8.342526331652961886e-04
2.921548041347999617e-03
1.173467174581534428e-03
6.602983763289340790e-04
5.318599315143856783e-04
8.132278691020513109e-04
1.034301443141115657e-03
1.442837701400884187e-03
1.087914555018551456e-03
1.073804208730258156e-03
8.329343117349624062e-04
1.098166930880543251e-03
6.901336830554920514e-04
1.991176936720174401e-03
8.559875503705513273e-04
8.645971401535953700e-04
6.810243893543203950e-04
8.446066929018823796e-04
9.583917581415447211e-04
8.685085323771463139e-04
1.728568025158769153e-03
5.512088929728387651e-04
6.744092292770138787e-04
7.972761012745860224e-04
6.820329974059517264e-04
6.159509975804227646e-04
6.418268694752853531e-04
6.077685439656569820e-04
1.147653438875235847e-03
1.181295400305907954e-03
8.792265206051561944e-04
7.363132242376886887e-04
9.073924280783447196e-04
8.500565099668052965e-04
1.315462374684178313e-03
7.356160721383387313e-04
9.663370805185399160e-04
5.602200866194209997e-04
1.071577485995342484e-03
1.015984051924374246e-03
8.469968509370097995e-04
5.847738080337023603e-04
5.567630970778736756e-04
1.863566838296612125e-03
7.088134024897780293e-04
1.261948369081465193e-03
5.879733880621372099e-04
6.499384899822710894e-04
1.334952283677135528e-03
1.331503458591025337e-03
9.004089639720352272e-04
1.512284749599784178e-03
7.571013593469119686e-04
1.981787988796435401e-03
5.783825050793731885e-04
5.935686852087151185e-04
2.495098651801700568e-03
8.187745446485256932e-04
7.671583083198876222e-04
6.186942781239201982e-04
8.368047765217231362e-04
9.202127633715348259e-04
9.883363614639924504e-04
7.574531743004472850e-04
9.471852760305920658e-04
8.169994639948429836e-04
9.001214400210731095e-04
1.588435588303997335e-03
6.020422805008101945e-04
1.856007368423899040e-03
5.974077520447799603e-04
5.710747165963336782e-04
8.962177772915116882e-04
5.258383473951672550e-04
1.095551384682869056e-03
8.730225266856913614e-04
8.604377571591396686e-04
9.586017764432636394e-04
8.205582109925919822e-04
1.494971848808048041e-03
6.242347039034141674e-04
5.719182845598313547e-04
6.268327601495727545e-04
8.970021409347777794e-04
1.396114540361763530e-03
1.491971521178719678e-03
6.126861474465927857e-04
5.825258105437881992e-04
9.935714120391945983e-04
1.166910046333709825e-03
6.544851980749237649e-04
1.389240804937895554e-03
7.552364484878734165e-04
5.666056983303204096e-04
7.581198902268047315e-04
6.063630259211465852e-04
8.852103367456966385e-04
1.237788779301746264e-03
1.396850598051856346e-03
1.655455197456039921e-03
6.680376765421266972e-04
1.666553919898578623e-03
5.476850137000719050e-04
6.579601430223841604e-04
5.660353504055251226e-04
5.569321730263884643e-04
2.328785969229082726e-03
7.430860040861534061e-04
5.238855479118870607e-04
1.445848633735688938e-03
6.020919656178810300e-04
7.107913124840660804e-04
6.127529372897797975e-04
5.421120682413225079e-04
7.223193276205287089e-04
1.392837663225022062e-03
4.553407793317769750e-03
5.556500956916394889e-04
6.288688317659488517e-04
1.836828594994803629e-03
1.530844243767903170e-03
8.445379952401629821e-04
1.169413942862124536e-03
1.316377750128856251e-03
5.237227865998603455e-04
1.895190686693688613e-03
1.172766902152442810e-03
1.149173751535597504e-03
1.683053169564908448e-03
5.512900505772578381e-04
1.013023725965373585e-03
7.756768700868404585e-04
8.602829296557052557e-04
2.588960680022921613e-03
1.070594887271362518e-03
2.454984857346188300e-03
1.007834678193126427e-03
9.176475595981904362e-04
8.668232900226192743e-04
1.006568111042795838e-03
5.963122656250479910e-04
5.556312094258098171e-04
5.478713508412821464e-04
1.309458468145518768e-03
6.292933483136733215e-04
8.454311900898175882e-04
6.328847746119224639e-04
5.440331439062431234e-04
1.501307126774407497e-03
9.283130392059307659e-04
9.263213385012133028e-04
1.382628075114980320e-03
2.152927231313875832e-03
1.363392836232362815e-03
8.551293247875907475e-04
6.266404017377890084e-04
7.741185802466197044e-04
7.930761538294034060e-04
1.416925585633197404e-03
6.970312596947199129e-04
6.245840101704913704e-04
1.279144410845840059e-03
1.370069226039142066e-03
5.821669184695641396e-04
1.580399127197536701e-03
5.311847420465501575e-04
7.437343269672315200e-04
6.257636277014129748e-04
9.006780183001011518e-04
9.351711295024320476e-04
2.350882250030549969e-03
6.857942090920194017e-04
6.273012843804259223e-04
6.688162484942923374e-04
6.242385687509641266e-04
8.736451396101473782e-04
1.151011823341880095e-03
7.315252565033741102e-04
2.805450517668958178e-03
1.411285934184105259e-03
5.480802780623365541e-04
6.442712067311344611e-04
1.013020414122900578e-03
6.794539109064270032e-04
1.054367110670239747e-03
8.492273055821817707e-04
1.098998298391689081e-03
9.658033477479290810e-04
5.945051097516680953e-04
6.415605600304363082e-04
6.272457597469884277e-04
6.239444051815789096e-04
1.127475793790808003e-03
7.259408112168211531e-04
7.325342359106745303e-04
1.570213481491150326e-03
1.999592452224099003e-03
6.015738282321254557e-04
6.295133910819930177e-04
5.778708806496158073e-04
9.651967639693271239e-04
5.936816194622956781e-04
7.866756636415134056e-04
5.854678085462005840e-04
6.221987864185405531e-04
7.821905447798573920e-04
8.331541379542162055e-04
7.560397126251695030e-04
1.240998641233689512e-03
8.703309909177597359e-04
6.085977488495048675e-04
5.512401375099448787e-04
5.855769951449309348e-03
5.385966960571423896e-04
1.446125430183993824e-03
5.894431856203855317e-04
4.438367521848618491e-03
1.121987085100274555e-03
