2.789736733720596362e+01
1.027010464234522225e+01
3.633912869877313323e+00
1.457583155113362894e+00
1.664213026386732963e+01
1.781203028704605629e+01
1.254335628766337862e+01
6.908319656091977734e+00
2.873455925471366612e+01
1.423523026602247166e+00
2.604800859215693709e+00
3.558113908071779008e+01
6.565269540003615134e+01
1.643009968613321803e+01
2.634492572362133842e+02
3.834296010446224812e-01
1.003600627750826035e+01
1.066107789851960774e+02
1.260275124729697538e+01
2.859996058742982239e+00
6.246146169249434443e+00
2.327647333699260912e+01
1.445609303433398054e+02
1.464257210687703115e+01
2.081052557567407924e+00
7.713138767798814399e+01
7.041201606127305723e+00
5.577004875522874272e+01
1.223519711481869479e+02
1.005350047214225810e+02
6.445201763670033301e+01
1.851699462025190357e+01
9.371564368319953076e+01
2.462920185094942127e+01
1.199807680981178066e+02
1.279361651423923218e+00
5.550017293690363562e-01
7.769359547291543322e+01
2.584666024025231157e-01
1.653569617748218690e+01
1.496429464272199250e-01
1.606125061296402645e+00
4.743231966685461742e+01
3.012673919383629162e+00
1.288972104308333932e+01
7.597415348811882296e-01
1.887958065599962154e+01
2.566865774894714392e+01
1.523722241524772514e+01
1.589400045688878649e+01
8.553840221979450575e+01
1.822291646235584484e+00
6.346289554096930630e+00
1.096019320054965895e+01
2.607052177496329004e-01
4.247636201375591725e+00
1.535627399660519465e+01
2.925877105380204668e+01
7.671170778078843178e+00
2.465492092054707385e+01
1.550435704424076633e+01
1.191872629248052675e+02
2.104137918482012815e+00
2.795365271105423322e-01
1.944562483227640115e+01
1.176634096394484175e+02
2.247850984343560676e-01
7.845408529338777193e+00
1.470729690334555428e+01
1.555595044771981739e+00
1.661157701981349177e+01
3.250438809989714795e+00
1.240886469478100764e+02
1.697736923775430284e+01
1.598321770825989585e+00
3.877533421097992150e+00
5.877338364239537150e-02
8.488125366740478794e-02
5.771129497212453829e-01
1.600298686019676495e+02
1.944741200837891881e+01
8.453296498028737282e-01
1.433794089715699771e+00
1.603164576273983144e+01
7.917061264516962460e-01
1.449749618597756529e+00
2.650536518756687165e+00
4.982771441740541540e+00
1.020260612069010620e+01
5.331302216311254938e+01
2.561768572566814672e+00
2.125900529606245755e+02
1.033750438315269982e+01
5.293572178265610262e+01
1.977093000886847562e+01
1.154651018120366857e+01
2.049227241582613601e+00
2.255053645333521928e+01
2.063399713723349649e+01
1.576521964220647476e+02
3.253874089142735926e+01
1.999891464540488162e+00
1.624132783658761525e+01
1.241664183817870182e+01
6.525948515981541220e+01
8.518462927770966076e+01
2.321214840898048237e+01
3.229376084565048988e+00
4.103172322273557215e-01
2.806432827728272628e+01
4.831509822654327380e+00
8.239138751560945195e+01
2.168168972516171245e+00
3.187181463593591957e+01
2.156057554320018887e-01
5.293851681994662606e+00
7.896137123007967773e+00
8.081570295842237073e+00
1.504945983223029593e+01
2.403538083426987981e+01
6.199327743670011159e+01
7.634044586729091009e+01
5.026151011001753766e+00
4.005771630634536962e+01
2.737263432381533335e+01
2.410116496173250855e+00
1.820060768325329903e+01
8.503543948465548397e+00
2.590604821681557368e+00
9.288890362625623709e+01
1.078931933577451616e+02
2.849646562832738255e+02
1.415029316856133335e+01
1.644006173745883093e+00
4.740372155000549093e+00
2.295080648092454467e+01
1.078535738191415128e+01
3.258091536076292427e-01
3.699743266802797166e+02
1.178288374510754721e+01
1.434362658976494620e-01
3.643026545689130646e+00
1.740677769662425334e+01
2.404418843466997469e-01
1.555790436776501338e+02
1.418545499609840732e+01
1.066085068966972500e+02
9.929345465652078317e+00
2.789225198726633881e+00
1.437325303366487894e+01
3.001360579065284995e+01
2.819278537582901589e-01
6.614623745755715545e-01
2.420182804438505997e+01
8.639311373007366512e+00
2.994496388163564689e+02
6.972517962952074377e+00
4.588008399232656842e+01
2.139907031975137741e+01
5.192096044920844200e-01
1.043085024382213710e+01
6.523137471474540483e+00
2.741196212153412404e+01
1.822315498512755880e+02
1.623618192681229289e+02
6.857516558188608613e+00
2.775005258896776894e+01
6.608431176504767635e-01
5.490367620331490173e+01
9.993396725829093441e-01
7.130647336002185455e+01
1.773010856438220983e+01
6.437528330643403685e+00
1.030559694637826151e+00
4.806378207539593994e+00
1.409319801452182830e+00
7.151085977167181795e+01
1.892393257411789875e+00
3.060298010439765903e+01
1.317482607787821003e+01
9.308951910042646549e-01
6.440776315337977564e+00
3.607360805371630619e+00
8.902869418754235653e+01
2.177128964964852642e+01
2.981061493713803023e-01
8.680518153301790107e+00
2.908344141857113030e+01
1.737145070412968506e+00
8.445328151246301873e-01
2.661592928888000031e+00
6.086034737320803600e+01
1.700689330721734116e-01
8.317196423471919786e+00
6.913062229105756407e-01
4.576869199824443180e-01
1.722600990963334966e-01
3.555589911818695104e-01
1.591369755958510268e+01
1.199457433430091285e-01
6.543981094848253521e-01
3.130975673233456380e+00
6.400487248417415564e+00
9.957356501779779379e-01
2.443790722791981196e+01
6.989467511195454108e+01
3.814688736658432000e-01
2.906961692303832834e+01
5.468978874868478668e-01
1.405658714506916040e-01
1.556270717018346375e+02
1.568214509655634004e+02
1.158334643041197154e+00
8.801575489630232951e+00
2.057288924937836896e+02
2.577096271218604784e+01
1.981300681685274734e+00
3.199628203642748758e+01
5.463642532221405723e+00
2.524390483998686818e+01
6.512279377770814115e+00
2.557473391013275332e+01
2.066579677868251252e+01
1.629645546501498288e+01
2.940789497537935615e-01
6.112384356650342454e+01
3.102732228920062596e+01
1.903320318165159231e+00
1.612110101714468724e-01
5.102238574864656329e+01
5.873537704401819326e+00
1.723399453931693515e+01
1.739912556883250527e+00
2.400020991144857341e+00
7.154962124030695314e+00
1.176819114263695454e+01
6.511850364165463922e+00
2.055875741111829669e+01
4.840237916840741228e+00
2.177168352155298692e+01
1.206938411267663325e+00
2.837592672398461602e+01
4.207579674426695227e-01
1.451168413316805150e+01
1.127371559223672222e+02
3.455535911358919066e+01
1.241635284792436789e+00
5.557068314161540679e-01
2.108161453729393031e+01
5.031698900889325898e+01
5.427296347412362110e+00
1.693330708965906695e+01
2.519003258603603523e+00
2.508918944414071461e+01
1.572861314772789569e+02
4.803896784785877672e-01
4.326863626493600457e+00
1.737770585141768243e-01
1.226923872507302393e+00
2.899145418722192669e-01
1.490864712767319133e+01
1.169016361341565471e+02
1.568009836242007715e+01
2.017317009231880931e+01
6.962788822991733184e+00
2.069731939215065779e+02
2.383878882587810466e+01
6.401630732849913130e+00
1.027717617450506360e+01
1.230619292597576475e+01
5.082811118137321671e+00
2.171860245472725381e+00
1.306625983492128569e+02
2.224755655849323830e+02
2.375482758314338128e+01
9.009841878197331511e+00
7.380723350650675307e+00
1.231628079143083987e+01
6.244855607079636606e+00
9.225246103744049719e+01
1.079194174587650856e+01
8.847424743235988709e-01
2.336964935006984234e+01
1.552806806173938980e+02
2.202668883579814363e+01
1.743720420346803834e+01
5.371792027516026913e+00
4.245761669731569441e+02
2.489827720239934195e+01
1.949647498043237022e+02
2.705722103917701133e+02
3.244458060511668407e+01
2.506764831342827193e+01
1.413880816750853864e+00
3.658453976554405784e+01
2.070946711968580267e+00
1.334721033872046103e-01
1.903441590399009797e+01
2.359799129325501621e+00
1.155914222631961308e-01
8.970876925901212218e+00
3.629732162439670162e+01
2.974824011964721127e+00
9.932465517792269383e-01
8.693108199390337631e+00
1.995023319207186452e+00
1.045873764700305344e+02
5.614935656858641266e+00
2.111832579889862949e+00
2.243439342856789476e-01
5.439838320989658627e+01
8.339334967512659347e+00
1.657875422869786064e+00
2.858504231517612482e+01
2.487644246694530636e+02
2.675769531672773383e+02
2.385207300590695745e+00
6.777730600388809989e+01
4.084801987503532961e-01
8.597619252590517069e-01
4.415169506059293703e+00
1.230889735577872024e+01
6.974113971730814043e+00
5.955491059078714500e+01
9.296763038380152722e+00
9.385997467142564687e+01
9.780991077929874766e-01
9.098251715430276221e+00
8.206723675901336890e+00
1.755143837663729656e+01
1.187572669925287983e+02
1.531183544897312387e+01
2.739043351606173626e+00
3.992440831139404622e+00
3.121273378443233160e+00
1.915738105658904900e+01
5.375706592214024582e+00
3.212195255926269422e+00
1.225790832503739125e+01
3.903719588978466959e+01
7.323780141779818109e+01
2.653824339558337897e+02
3.158946596222666869e+01
1.841586494651163264e+01
4.045045130231665453e+00
2.844237654203327281e+01
6.139595289432535630e-01
3.953297133590954360e+01
1.300434409047005246e+01
4.315136250176916377e+00
2.029335725065320450e-01
1.331935629218985753e+02
9.153260128531913509e+00
4.869804190350540019e+00
7.044596562212831481e-01
2.309695969974226415e+01
2.632498853244398873e+01
7.687503116020282334e+01
3.689409840705841326e+00
3.329256289860841989e+00
3.052385612754747868e+01
7.163041406858199345e+00
7.180252316909295018e+01
1.132262067365092051e+01
3.778886168357280440e+01
1.037164573335298456e+01
2.832017370187561167e-01
8.240395906274810045e+01
9.503897617427448097e+00
1.537550817065057345e+02
1.743991685427119798e-01
4.423742076890818886e+00
9.687512216294914325e+00
6.202376163482864690e+00
1.964586666078545250e+02
7.269942357386699250e+00
1.285770055592563565e+01
2.266611345624486518e+01
1.194629050226865630e+01
9.755334856261354659e+00
3.182831515529093158e-01
7.738875540920467699e+00
4.165116407974578383e-01
4.130796872653846208e+01
1.949887920878512260e+00
1.693057434649537640e+01
1.491720989484211124e+01
4.512369838205590789e+00
3.477730478768068512e+00
5.188471665222110829e+01
2.772133848754270713e-01
1.385441990299034671e+02
1.507858530529099239e+00
5.250020118694195048e+00
1.528812337182572367e+00
4.174657333730877440e+00
2.335087249851455482e+01
1.286892288364586534e+02
1.188031610929824922e+01
3.531506798946927717e+01
1.610934424452236513e+01
2.827356560074551606e+00
3.375235900707803882e+00
1.860567024581707329e+01
9.884987882170212514e-02
3.210363857310647262e+01
1.037163597797155390e+00
7.672845240032163394e-01
1.450431581050961594e+00
1.882902999596035443e+02
1.378944263603718845e+01
8.657725351004353342e+01
8.386207218563034971e+00
3.239516474356188613e+00
2.174689150243912650e+01
1.657774593410766428e+01
6.907875441981670139e-01
1.394503549573646524e+02
9.209711585760145258e-01
8.760903859893488743e+01
1.239767752061512951e+01
1.283387602770357239e+00
1.499194975112643817e+02
1.383464175731219825e+00
3.532015401786976838e+01
2.199748991355358640e+01
1.214196457095274795e+01
2.340742936526770990e+01
6.690689270298374680e+00
2.749824470284716327e+00
8.201742339588857789e+00
5.279570683316634927e+01
3.095581659791037499e+00
1.963095906556623618e+02
3.376164035482806192e+00
1.234415913806566900e+00
3.079805453453040442e+01
9.026073159257558265e-01
3.949550222371112529e+00
3.596562467218477366e+01
1.268116459027063270e+00
5.139764271412508023e-01
1.525610675221169998e+00
1.083010030195044067e+02
8.280731123502222601e+01
8.405605202425110889e+00
1.812515345204129176e+02
4.619185819325534226e+01
1.360856011223445572e+00
2.786075372075805134e+00
1.026424773668158963e+01
1.177763909336193127e+00
7.838093695688307605e+00
3.969678637431030666e+00
5.720485713078481416e-01
7.298639339789112057e+01
2.408005166861549196e+00
1.442274455921736420e+00
2.424056067491949307e+01
6.050675395021180014e-01
3.117678132719435169e+00
1.000633490336107627e+02
2.998961838929906065e+01
1.145349066118609205e+00
2.422022413393582241e+01
2.015769900535611114e+01
8.149922024660570530e-02
1.117619496637148835e+01
3.016095276178062790e+01
5.643694391049637105e+00
1.274274467842607805e+01
3.789210934744047687e+00
1.970395161509707893e-01
2.626017350392384930e+00
1.678764787911721124e+00
2.308706096112609174e+01
6.646793361831793145e-01
1.161172552407951564e+01
7.617776266107697536e-01
3.234614331498889328e+01
4.248796926740515012e+00
8.832642016131656248e+01
1.917157292196032188e+02
4.448545525995225014e-01
2.175331591285157296e-01
1.454185061826299696e-01
2.380120918077067493e+00
3.442094259652701993e+00
4.100875993616321580e+01
2.017476827967330522e+01
1.270912600671544768e+00
1.068069163621891420e+02
2.347463625809146137e+01
1.506863124738025306e+01
2.549776127429225170e+01
3.844056207912622654e+02
2.135698060354343397e+01
2.605925085474672187e+01
1.187435590907665706e+01
8.361505296014490440e+00
4.458771178906859234e+01
1.311451604414118011e+00
9.995439406433757057e+00
9.588532500653281332e+00
3.089583770901759507e+00
1.700889929775597977e+02
5.802815294699089321e+01
2.346280131433128968e+00
2.765552186062191442e+00
1.092067055646437836e+02
7.166108117024731428e+01
1.476507455334009067e-01
3.240082290642938290e+01
1.350738242287115920e+00
1.182008318330296426e+01
1.890488047262491378e+01
4.044682330770876355e+00
7.842570804428581255e+01
5.469745749674083335e+00
3.670169330751247827e+01
2.349543324428043789e+01
2.957032574971639960e+01
8.882425362471020946e+01
2.432368614266252393e+01
1.101322475983577220e+01
2.120973249140334644e+02
2.579326312380894137e+02
1.313190820609349352e+01
7.833661598090732525e+01
2.365662576924735561e+01
4.667169595367468560e+00
5.443816714044076122e+01
1.298403821382926822e+02
2.219784988068067548e+02
1.762907948182628104e+01
1.065102513462647522e+02
1.166002014254817309e+00
1.077034452881115545e+00
5.401756082021537253e+01
1.740594139987571509e+01
2.512159987038064557e+01
8.492210091283673989e+00
1.303611941449013898e+02
3.199552596246832525e+00
5.787058131317357379e+01
1.534882060609227938e+00
1.185743463774504214e+01
8.715885462099051129e-01
1.574090519403343436e+01
3.093317713691726212e+01
9.011711696760253076e+00
1.647668955832898297e-01
9.440526708117721100e+00
3.361385885948003249e+01
3.847813582779809849e+01
2.214342110101425476e+01
8.378608583328317483e-02
3.373149564738157835e+01
9.911465697163680533e-01
1.079550736319971449e+00
1.811495021273720951e+01
9.600421528534660354e+00
3.943873822827821840e+00
2.597808457302217544e+00
3.716841904426577692e+00
2.245826843088305225e+01
1.283587447753366746e+02
1.274409617229721619e+02
1.279800659969399623e+00
2.594372855010181667e+00
2.043190725992119496e+02
2.602359906533270717e+01
1.609192369319379878e+01
1.798676015041358323e+00
1.140517337369226283e+02
7.616190142409037245e-01
3.406324606107041575e+01
1.124523455032930030e+01
1.041214397661279989e+01
5.658322023405553125e-01
3.197754261620553429e+00
7.024590770177394461e+01
2.382572541974088853e+00
3.715477123595063436e-01
1.970313034619624659e+01
1.082702260106653380e+00
7.980140054311425502e+01
2.176191408133465188e+01
1.004609107761544706e+01
1.020642812857570902e+01
1.911933541752405574e+02
1.704073089947939934e+00
6.697957223240690317e-01
9.442419335901748312e+00
5.837500765196142538e+01
1.971975359560433017e+00
1.925796237347773854e+01
3.094929986246512943e+00
5.762085754550397176e+00
3.339801345218489925e-01
2.448521021884273896e+00
1.020362905999935954e+01
6.186956185219056437e+00
2.400805257381043987e+02
2.731680875683600851e-01
1.879543856783318461e+02
1.874709521142500179e+01
8.353008678197248571e+00
1.913919877615282701e+02
1.934257028059772665e+01
2.298472451957923113e+01
1.503722699456814027e+01
2.450514232014062443e+01
4.676879929800256686e-01
3.554606703320225325e+00
6.233319007090209141e+00
2.371544491684311993e+02
3.540363827720940826e+00
1.299778743477287613e+00
1.117705860844833587e+00
1.130185326919254862e+01
1.440595892394636479e+00
2.439666183338150773e+01
5.218617766923926427e-01
4.809277336593277496e+00
2.774903620571706142e+01
1.443052269320119940e+01
2.326444366622041215e+01
1.244618231453490820e+00
3.740834133344481671e+00
2.272059145793028634e+01
2.369555394440091334e+01
9.735210384023927688e+00
1.138323819871571052e+00
2.118390904837142230e+01
2.561119465024592201e-01
2.027596384340904123e+01
1.975853255916047324e+00
3.123107975061557573e-01
1.965035949142076532e+01
2.737372066461962561e+01
1.006524515174787471e+00
2.474050382335956644e-01
3.419175932969372411e+01
9.523264046558084672e+00
1.623589332804580565e-01
1.134622743621225283e+02
9.212450762938257931e-01
4.543575254555557663e+00
2.801026618479447450e+01
6.069898414184137891e+01
2.215684929298378734e+02
7.258988078438941116e+00
1.955797315197858266e+00
6.932802749794773511e+00
7.781897836337677177e+01
5.042023631941633388e-01
1.030860294605331440e+01
2.832734077708686904e+00
1.112408684218801227e+02
1.172930960256909998e+02
1.625313530674524498e-01
3.376745611314327267e+00
3.078161744900300700e-01
7.232633322379454499e-02
6.901547583643815820e+00
5.685488413369043315e+00
8.855294812012393990e+00
9.399164078189549798e+00
1.636495168667670441e+01
2.670776950444079745e+01
1.742615102251531267e-01
1.575202535910272559e+02
5.736321669920347688e+01
2.514410722286292810e+02
2.637247742675084883e+00
6.313832694924118982e+01
2.369699439067734392e+00
1.558825753538804548e+01
4.167458158532457269e+00
1.443675642919708579e+01
1.593667166986313610e+01
2.814029128284614245e+01
3.320943496969743336e+01
1.307840057993745830e+01
4.230242816922914528e+01
1.711019582575973974e+00
1.839308597399447720e+01
1.658136082970350458e+02
4.667512972305249086e+00
1.805015429788671355e+01
1.796235834038584755e+01
6.185672104128970972e+01
9.649537501744013923e+01
6.216559797132068965e+00
2.440179244381303292e+00
3.237317131195025866e+01
4.917505796192544132e+00
1.866101009624818730e+01
3.506496533920314462e+00
8.250509658341110830e-01
2.520425460969786258e+01
3.612101848159857020e+00
5.478685981259721416e+01
7.013478927946942276e-01
5.793622184473617986e-01
7.149763838638627078e+00
1.448239739051783559e+01
2.978099952141060491e+00
2.935969995700236090e+00
1.228933326990570407e+02
6.375602534346671568e-01
1.777113782808050360e+02
5.444061876970108571e+00
1.930792595697613834e+01
2.097321236039542569e+00
3.878005096055447964e+00
1.371674703057001210e+01
9.121941748961717167e+00
2.754349900343677326e+00
7.412737197038570258e+00
7.414533559563302845e+00
9.053457624286090777e+01
5.319850889844435216e+00
1.393979021986489286e+01
1.719542420790925874e+01
8.325046016901819002e+00
7.000050547700618608e+01
1.781773940680848878e-01
6.114200480559113693e+00
1.465013582751429908e+02
2.374132441478845834e+01
2.670156353907776037e+01
3.040135967272302153e+01
1.907906744188829151e+01
2.203549573940323802e-01
2.012257480182382494e+02
5.937636167064794535e+01
1.161383658828224474e+00
5.711143656508828492e+00
7.492689872570097975e+01
1.854459377064699055e+01
1.903592537414243058e+00
2.395669427527668347e+02
6.177163063466974080e+01
5.558568600232919543e+00
3.810550385086424185e-01
1.404251984881892179e+00
3.619912482217294780e+00
1.863420359229616565e+02
4.696099699212743506e-01
2.339735527569975915e+01
1.554392963053589085e+02
2.627455356995172520e-01
3.184251205150055997e-01
9.262496004194110455e+00
1.714577309044659259e+01
1.868098489527539741e+01
9.927460835555865515e+01
2.169699933248873780e+00
2.707288364153985327e+01
1.870385548586816071e+01
8.877895733077864060e-01
5.926858941794960423e+00
1.017895007876212929e+02
2.601559284904438840e+01
1.055264476223332650e+02
4.707755348020575603e+00
3.198984361046805702e+01
2.051883623593865877e+02
5.923283290046430238e+01
1.557036671792467741e+00
2.832946003634408960e+00
3.350914593706643352e+00
5.347777882408450267e+01
1.104028740928788750e+02
1.329964657932648322e+02
8.515864114364715931e+01
1.665462127486914312e+01
1.256357665067172746e+01
1.122429224422569938e+01
6.430969331169147551e+01
2.940691249338895918e-01
1.693244358262755611e+01
4.104171019012405885e+00
1.264656992198173491e+01
7.505313752991150444e+00
8.954750636895684579e+01
2.152455881382932645e+00
2.971456122936908528e+01
2.496408546441756826e+01
2.527876179422402725e+00
4.446597233787051806e+01
2.902940554430146491e+01
2.501782438691497745e+00
4.621244185387819670e+00
1.459270106743056461e+00
1.262096948247790174e+00
7.818204664931370507e-02
4.038178098293291995e+00
1.515404417755153510e+01
1.504587470792331239e+01
1.482791122810579232e+01
1.282408201024232319e+01
1.396029919265282970e+01
4.351493699130356552e-01
2.463697723112611015e+01
3.686033275313366886e+01
1.422418692723043776e+01
2.993658024998822054e-01
2.399015629005624373e+00
1.971805838500098496e+00
2.997532280674373695e+01
1.800412183587935644e+01
2.036188376047228132e+02
3.141451867433254774e-01
1.247579553828718346e+01
1.798583455080409621e+01
2.975516595741797943e+01
1.503092954608718124e+01
4.496935421314542047e+00
3.347577274129076841e+01
6.061452190054565925e+00
1.518956746002629998e+01
9.998583760194160730e-01
8.712268517678653268e+01
9.364247274669477150e+00
4.125218149107075932e-02
2.018444717287797232e+02
2.789363661086879347e+02
1.363873496054742240e+01
2.597150926588448705e+00
2.841231336083137826e+00
1.341846445882766048e+01
2.574906772725419346e-01
1.656046718387243288e+01
6.932358545206712463e+00
3.486031471446855079e+01
3.182079894603356607e+01
2.096829962810168624e+01
1.076590480561254504e+00
3.010275454579205867e+00
2.573955975129255114e-01
5.132362577996840702e-01
2.048068965694698917e+01
3.039126003362702733e+01
4.865637266293107110e+00
2.040252931853209495e-01
1.780018287631491558e-01
1.330510739216432512e+02
1.361383011782131369e+01
6.738947472683238971e+01
2.388654490798080587e+02
3.427631484262544603e+01
1.217515216738296102e+00
1.417109458153049104e+02
1.612401819258348246e+00
4.431654053633020851e+01
6.225262796417972977e-01
7.298950987880161279e+00
7.964893909216773871e+00
8.789099405469286141e-01
1.458873525694481188e+01
1.384257560419631545e+02
9.931883577053925549e+00
6.560776586471067873e+00
6.379931639746985184e+01
5.141522106132260239e-01
1.813727963220553931e+02
5.361595216268116637e+00
9.590103389038244774e-01
7.883118984138095531e-01
2.023087530482067820e+01
3.681040636058737192e+01
1.597731424007299283e+00
2.982230747885203481e+00
2.493791397739946625e+00
3.277450073709347578e+01
3.718958402521417850e-01
2.546837091632415895e+00
4.798737393213126978e+00
2.451438250219132309e-01
4.513944007212365328e+00
1.591448647752880197e+00
9.125626484359148805e+00
1.261118712573717326e+00
2.113702980992899327e+01
2.667813131849183339e+00
1.613528907200070250e+00
3.639127931788419978e+00
3.242743730396045465e-01
7.253697365009008635e+00
3.327226418641338768e+01
2.790801578325479593e+00
6.593937958163722968e+00
9.640111069697855584e+00
7.504849832273052357e+01
1.887517512301468026e+00
1.912971783177383855e+01
1.663790082985829644e+00
7.113228355147282578e+00
4.112472753658700242e+00
1.135851006698338495e+01
1.222041516753348844e+02
1.223659523466356980e+01
1.706993066074304455e+00
2.295540361531368845e+01
2.516904631114912405e+01
2.382868444891203907e+01
2.986532061844855424e-01
2.388927667638240493e+01
1.576437830654400329e+01
1.291838227541560968e+00
9.747421968808692938e+00
4.415069636659322505e+00
9.262475785205843692e+00
2.775970748917586306e+01
1.169505786554088189e+01
1.948798850582974529e-01
2.187843018512876370e+01
1.517707579135931795e+01
1.204436131556835043e+01
2.342179185929650576e+00
1.064987384029713935e+00
1.605851012217986096e+01
2.714898832087767033e+01
3.430938185731249757e+00
8.660071747996338942e+00
7.860923877045215669e+00
9.315875378601811141e-01
1.351587239476048641e+00
1.397652596762133470e+01
3.477098393451390734e+01
1.834847752635618612e+00
1.596440881006241930e-01
7.970013429393882021e+00
1.461289081565877837e+02
5.482608586128590034e-01
1.054366696498603595e+01
2.450481795268456509e+01
1.739213876111551371e-01
1.611359815216107734e+02
7.270155143537901488e+00
1.444706989539436961e+02
7.184560234700133385e+00
1.376492991881244965e+00
5.988136679749631242e+01
1.723885380730721950e-01
1.715265882671400011e+00
2.539750871672800159e+01
3.425380859894396890e-01
1.199759770676921136e+02
2.099565450104420972e+00
2.431063330860843408e+01
4.394351511535978361e+00
4.658291919107227841e+00
1.758628850848566216e+01
4.263501994974805420e+00
3.142074455103945496e+01
9.641152700919876750e+00
7.229266659788632587e+00
1.089195940574449573e+01
2.109849841385547364e+01
2.786413064020173191e+00
3.168250847056305886e-01
1.375998066187823277e+01
4.292709683304283708e+00
9.777927970948382397e-01
5.758601372888414893e+00
5.087050685413857520e-01
8.361040082808850471e-01
1.906124685112054573e+00
3.921686471886894232e+00
3.700768482979004959e-01
1.217152296572861125e+01
2.507764772951911070e+01
4.358291772607476133e+01
7.372623611569495949e+01
2.013023085116096844e+00
1.634417944586815352e+01
1.083004208189288953e+01
4.537886905681141059e+00
1.932596375706542025e-01
1.747798354058402026e+01
1.473461658782269694e+02
5.062263574185310588e-01
3.943129029880661562e+01
7.501560777635758903e+00
1.081120168537288961e+01
1.317704201366030929e+02
9.995467638388603859e+00
9.064700655978101906e+01
2.372003645051250054e+00
1.967979809070946118e+01
3.451277678265813442e+00
6.170433063353988334e-01
3.589883785910741865e-01
1.139744833104773813e-01
1.541674440901937260e+01
1.849953536292792222e+01
