2.618732323066953471e-01
2.946314253556259755e-01
2.311303732615400397e-01
2.210700313601476896e-01
2.255030340042381842e-01
2.939228862439216550e-01
2.009778870428050590e-01
2.945636801257769943e-01
2.553668101332841056e-01
2.431157868460812332e-01
2.327450949033463001e-01
2.194886866217861943e-01
2.763562243112374639e-01
2.193711849346726694e-01
2.784551507933566983e-01
2.334498065149819557e-01
2.653075249399576285e-01
1.825050094020608804e-01
1.963270962902095573e-01
2.168634660456204566e-01
2.957445492169283874e-01
2.718583454849762271e-01
2.527784508254372065e-01
2.944724777651320791e-01
2.800060466893829481e-01
2.789674431920539655e-01
2.389810881389221597e-01
2.899821023288409183e-01
2.199065517719551444e-01
2.690407666987067459e-01
2.953970976979318208e-01
1.748051747539346723e-01
1.713586923940347007e-01
2.453132820344954279e-01
2.625764696864601455e-01
2.495263983651231088e-01
2.441940654631939989e-01
2.956224532373121217e-01
1.317737829675950656e-01
1.458152844043763829e-01
2.178585364543318692e-01
2.336860915715342490e-01
2.109292261705880966e-01
2.111551731406539067e-01
2.465297168261882388e-01
2.914487001867336335e-01
1.874813295425983850e-01
2.742523154731369983e-01
1.792389891639106225e-01
2.833203791750013578e-01
1.593695000284359453e-01
1.827262597461470628e-01
1.291862465552691686e-01
2.459778647709633947e-01
1.569912045435559178e-01
2.805325192403146373e-01
2.957634024228619207e-01
1.762306988100473260e-01
2.923991610033895294e-01
1.363314465448975388e-01
2.598819540319196597e-01
1.959595714745230310e-01
2.818106813898042518e-01
2.835413543878764209e-01
2.017094574168178389e-01
1.940157012053684016e-01
2.337340470311283502e-01
1.538550414807232647e-01
1.919243617955989356e-01
2.039941331561040960e-01
2.434108975374696671e-01
2.654575160581349458e-01
2.656598407827041042e-01
2.573802753460570636e-01
2.980211034011100990e-01
1.707409485144268935e-01
1.889070512508646271e-01
2.726515346250442118e-01
2.215150747025529665e-01
2.150326063659658282e-01
1.974455756773320081e-01
2.338384303831693156e-01
2.475145755163881967e-01
1.703092341450723468e-01
1.361465690964964725e-01
2.062522533959667281e-01
2.716643562721903771e-01
2.466182091880548821e-01
2.249713777253249947e-01
1.556493712964895915e-01
2.529993890347084773e-01
1.922333164247844450e-01
2.877942280814308473e-01
2.263834809082919119e-01
2.343678002424987583e-01
2.213078648830645867e-01
1.632313476932357732e-01
2.111459449023655177e-01
2.925905984369164825e-01
2.573692252173236938e-01
2.946773912155333797e-01
2.407317298949465112e-01
2.435754886157798782e-01
2.838754401132193572e-01
1.745536078783045120e-01
1.323269906531373552e-01
1.541800409178040454e-01
2.030714812369065203e-01
2.921440982554045496e-01
1.691698155179708618e-01
2.832547160171928202e-01
2.881899211144571260e-01
2.767957755447491008e-01
2.500535197395346576e-01
1.521108006661014977e-01
1.968081359709104305e-01
1.854781938515012440e-01
2.747635626904814665e-01
2.899649884339232098e-01
2.408452469928579198e-01
2.590596824423555544e-01
1.626776653221655156e-01
2.800784599747077053e-01
2.520419385243401478e-01
2.732901039971210033e-01
2.288871714226792253e-01
2.706615331500032418e-01
2.624227214270548059e-01
1.624024601060914952e-01
2.933575583453097435e-01
2.803689778044589076e-01
2.358542325742287449e-01
2.553456513336938016e-01
2.111439353289247534e-01
2.475885478757569869e-01
2.509642507720074578e-01
2.603925819711270795e-01
2.966094245757798786e-01
1.488542660995394451e-01
2.165998678930213805e-01
2.993405533774659011e-01
1.683478443353220722e-01
2.880376891079567403e-01
1.734978381238680700e-01
2.507697091669835454e-01
1.564576551377819258e-01
2.666753162011405442e-01
2.536433445577813695e-01
2.140381772287039963e-01
2.138258377048373460e-01
2.611038815885410314e-01
2.179989181449102920e-01
2.888364116572580964e-01
1.986765385699701403e-01
2.940836525003797663e-01
2.148580242709729193e-01
2.549063992095999542e-01
2.493434028444332928e-01
1.448395297077473831e-01
2.990709349976395370e-01
1.583600302425333672e-01
2.810833295767785067e-01
2.733248075632608853e-01
2.088360636793311909e-01
2.268004253372882251e-01
1.883337949615795648e-01
2.159848666833737163e-01
2.304120821361379801e-01
1.668399123233424708e-01
1.370679710512272276e-01
2.927371915608734665e-01
1.929148836047807347e-01
2.013839747335542940e-01
2.628150746668980187e-01
1.297595181929730168e-01
2.441851969090145791e-01
1.929172868401635432e-01
2.767771302043983694e-01
2.646107615429181825e-01
2.120120190449090447e-01
2.122574577695526543e-01
1.772284787121323479e-01
2.369171104863325994e-01
1.981397809501166951e-01
2.969381607328039907e-01
2.757230978689881873e-01
1.598574313023891913e-01
2.969799832141570284e-01
2.038371349736012583e-01
2.312435519580035848e-01
2.353585848501770494e-01
2.816865946910369622e-01
2.911599533729860578e-01
2.367695568589429089e-01
2.678426760979776833e-01
1.696199731427329715e-01
2.346352793865287834e-01
2.679371160913697203e-01
2.372373057132168284e-01
2.726492673359571794e-01
2.434904180654053341e-01
2.576310864008798385e-01
2.580818410593869738e-01
1.677279344878952472e-01
1.511782855168384565e-01
2.475378465574264997e-01
2.336034580070315281e-01
2.665082963274664762e-01
1.832168962873034768e-01
2.896576543093758449e-01
2.598676314083834260e-01
2.618737776583381915e-01
2.755214659210406536e-01
2.111940593510556186e-01
2.687491444946776831e-01
2.335612868626398830e-01
2.981314654400978315e-01
2.168633655129811322e-01
2.638680369448290763e-01
1.741074287074432791e-01
2.569199339483047018e-01
2.826804650283881171e-01
2.370451544124974330e-01
2.034038297662634220e-01
2.009559254210414037e-01
1.982286678450912165e-01
2.199264355438479701e-01
2.511434469679482695e-01
2.317508049263451164e-01
2.119980587739534739e-01
2.671929132611359226e-01
2.305631102400682864e-01
1.941339676599226072e-01
2.410859508488227276e-01
2.914628924167025348e-01
2.530510249864000860e-01
1.315123485523327362e-01
1.785514607460551850e-01
2.182950505016352516e-01
1.800630323309903857e-01
1.974847965882612633e-01
2.937096593525281851e-01
2.339921309494497337e-01
2.687300644667469096e-01
1.792507704156921788e-01
2.408038069836949957e-01
2.545664720303995043e-01
2.991995686560221523e-01
2.449651245377420516e-01
2.750959910473972370e-01
2.217107754417847743e-01
2.125096142120891651e-01
2.817774049965613425e-01
1.841769991716496468e-01
2.763865012513228026e-01
2.409515335400548020e-01
2.630231734615242623e-01
1.896966247782738979e-01
2.025654008258853112e-01
2.453288501679145028e-01
1.920086622994636727e-01
1.975161442894917407e-01
2.262426707818001870e-01
2.061461176232464165e-01
2.182995250282156185e-01
2.996840875389287784e-01
2.788515824304581003e-01
2.355154758878505172e-01
2.111136282955258514e-01
2.214923303555782208e-01
2.699948144228367375e-01
2.554747307223830810e-01
2.310533993528764707e-01
2.142673613236615315e-01
2.448187403212715996e-01
2.535255609728809256e-01
2.571582024634192498e-01
2.809420310115370301e-01
2.968655893610796515e-01
1.501861154874020166e-01
1.856611905542495944e-01
2.901710117929282573e-01
2.210097705721626449e-01
1.680728338640351816e-01
2.110065108056666805e-01
1.600585590841245576e-01
1.948076397273730553e-01
1.799919468958011415e-01
2.007657948047311403e-01
2.029911480257460543e-01
2.461173411243812170e-01
1.832809480731606988e-01
2.762380623830163473e-01
1.479776858236183379e-01
2.840549861819479105e-01
2.753831521263556681e-01
2.420735388459028248e-01
2.342144355536912304e-01
1.507735653210988402e-01
1.528376012395891992e-01
2.656476976853894278e-01
2.539933007135125598e-01
2.549195267261323283e-01
2.520466241128342388e-01
2.870572957576666973e-01
2.518521614205893044e-01
2.074829451067360386e-01
2.327407417253337107e-01
2.016120813812541379e-01
2.026002535494050849e-01
1.412997680248640198e-01
1.987921264621815010e-01
2.905157478164620555e-01
2.571029281714828918e-01
2.655538942341685860e-01
2.039703545169062326e-01
2.428081351362172680e-01
1.566362447181816608e-01
1.705607165516110912e-01
2.326222821075187852e-01
1.537862706429210524e-01
2.186868402346288653e-01
1.956583283394052464e-01
2.494667531055009269e-01
2.918675365415230316e-01
2.809102404255540142e-01
2.758462198500202245e-01
1.969128776675170001e-01
1.939426371291159412e-01
2.432442613132254905e-01
1.423226967880008020e-01
2.730593240537973476e-01
2.036054048213305212e-01
2.054965115381423568e-01
2.918475544613570172e-01
1.600448902656647354e-01
2.295646937213359773e-01
2.377360783587761373e-01
2.499598758135050947e-01
1.653584933025088188e-01
2.187124193533042382e-01
2.035632352792199617e-01
2.283037125523262878e-01
1.921233317641511673e-01
2.092207833977634823e-01
1.745666350355613849e-01
2.436272939993090747e-01
2.346962023003601183e-01
1.526352907659862257e-01
2.970457556613471661e-01
2.959425495444986121e-01
2.363227040319465511e-01
1.775041316301408933e-01
1.924994605597600272e-01
1.646624856882658861e-01
2.442016223967800603e-01
2.861251556935188178e-01
2.378372724809563188e-01
2.837884720148392548e-01
2.356818690442814834e-01
2.394214480059834727e-01
2.284975394869133980e-01
2.520226965573741928e-01
1.725360401861868731e-01
1.717079874439381426e-01
2.541394558913064317e-01
2.198113612085224600e-01
2.187425674590623426e-01
1.969156065870746042e-01
2.360525205381577007e-01
1.386776269427804631e-01
2.853370528174860588e-01
2.273824908040281423e-01
2.916794277336300367e-01
2.077576173183886821e-01
1.441213251286743713e-01
2.554267304342249800e-01
2.698423993982488334e-01
2.954984385126462332e-01
1.778656022374216772e-01
2.664142332144616154e-01
2.186906446733143938e-01
2.995162898668523033e-01
2.218882735305729992e-01
1.409219354098996679e-01
2.564960829319530289e-01
2.471097722189116719e-01
2.843019887010125313e-01
1.939104049229005144e-01
2.189577876571308646e-01
2.256958215373491561e-01
2.997854923102321045e-01
2.803126095740556267e-01
2.645864266069141157e-01
2.475673046999934124e-01
1.524018359591305383e-01
1.300501525255813584e-01
2.378661329497255839e-01
2.382785956008124650e-01
2.963878084237999699e-01
2.500592620714459091e-01
2.358134967378662794e-01
2.962711406728303354e-01
2.436290596619816173e-01
1.807337788697965242e-01
1.900709547568272539e-01
2.652993597038166840e-01
2.890954552804810285e-01
2.369356235835887170e-01
2.866966591250103003e-01
2.291183793547830749e-01
2.893512633570913262e-01
2.936407437760875649e-01
1.971231552537757170e-01
2.717699544338595952e-01
1.872324670740132813e-01
1.200620264181948699e-01
2.865809053188538846e-01
2.256132371297190353e-01
2.310581160634327391e-01
2.822604144435437168e-01
1.575708076801292934e-01
2.895273583332858558e-01
2.600239050239370742e-01
2.614048928099041991e-01
2.102563834427692568e-01
2.015014700082280175e-01
2.277437288945147742e-01
2.031133035588054692e-01
1.551976845487756940e-01
2.284225382313259667e-01
2.419259154975489379e-01
2.109126207174794598e-01
2.243605065074147920e-01
2.562709769675345362e-01
2.841415369961763915e-01
1.339673451706903107e-01
1.771754161341697886e-01
2.185993179210677373e-01
2.838888388555432796e-01
2.626434513238250501e-01
2.708569440645148818e-01
2.549875682634405449e-01
1.837304645743417508e-01
2.800574064745820491e-01
2.977882686391298828e-01
2.855062148466030458e-01
1.762871654425834655e-01
1.818308797483499384e-01
2.485972769769335677e-01
2.863696931786293698e-01
2.608462546820740080e-01
2.714900801011127518e-01
2.325967736711519462e-01
2.847032200448503803e-01
2.880860844019127454e-01
1.611053798328010156e-01
1.907177002487986106e-01
2.502143179088861524e-01
2.894334362342135258e-01
2.463745346215812093e-01
1.616601967378743787e-01
2.906080392037831417e-01
1.798247723546766430e-01
2.595970368391169458e-01
2.909948119154692203e-01
1.559563474267499361e-01
2.753633856485070974e-01
1.529388842484990241e-01
2.655010461752924655e-01
2.437637628288596425e-01
1.789568158871202019e-01
2.132089577733396191e-01
2.776929886794118896e-01
2.596373392541600489e-01
2.111369419798110325e-01
1.679687203354724434e-01
2.655287079462901878e-01
2.213421164405434960e-01
2.261803815269947115e-01
2.466993189103857120e-01
2.747876683971120504e-01
2.253793429631510692e-01
2.881490742710141606e-01
1.609023213735471247e-01
2.904906370960760875e-01
2.491186700902320583e-01
2.571385538401775306e-01
2.628029220785113029e-01
2.277259958308573973e-01
2.253147484166806436e-01
2.255109080990932435e-01
2.030519959688306120e-01
2.733396802745622356e-01
2.754777588277086964e-01
2.597043682608822790e-01
2.300855778790020234e-01
2.399934539566426217e-01
1.818144836591709945e-01
2.378316143663783966e-01
1.230245395821732840e-01
2.805765619715889225e-01
2.437763118901065118e-01
2.199437021100690837e-01
1.609390475348609906e-01
2.507659624375897511e-01
2.175602682544915678e-01
1.951793940195242771e-01
1.268370541492490899e-01
2.191449180855134793e-01
2.595365963741724236e-01
1.532593690177425916e-01
2.820243672508642718e-01
2.707838616735817050e-01
1.967885980750770647e-01
1.883830373295085070e-01
2.489591167518725723e-01
2.866838334579513425e-01
2.682119593696657978e-01
2.538732894380759664e-01
1.967959411583523055e-01
2.905699817277100916e-01
1.326028823056373540e-01
2.435236142716845631e-01
2.949357691409812965e-01
2.878233873360279138e-01
2.843640821843427258e-01
2.167549136341694882e-01
2.810021462321794505e-01
1.847230173853756652e-01
2.418424052096967425e-01
2.933857828931523692e-01
2.162241953345364343e-01
2.142540630179853578e-01
2.850559857098312611e-01
2.317484002797448039e-01
2.756102566980049851e-01
2.993090254428263375e-01
2.401254748104043046e-01
2.993162527014837648e-01
2.935410084279768683e-01
1.454402137484530066e-01
2.510120286223768149e-01
2.902745852639956325e-01
2.352228062523507301e-01
2.132822285023055209e-01
2.633335601166240658e-01
1.383454298586981324e-01
1.778464070567377653e-01
2.366349396050248799e-01
2.793892316035549994e-01
1.826722573416403872e-01
2.467587129306038907e-01
1.940760504917513896e-01
2.989643406066038733e-01
2.278500982560392185e-01
1.855476814347009062e-01
1.661586272906888928e-01
2.816795481539274837e-01
2.854645337334849042e-01
2.666938138202956665e-01
1.608442238515226941e-01
1.289563356375960090e-01
2.901363262662923215e-01
2.612689884744325841e-01
1.920854767873543256e-01
1.525926378579413878e-01
2.663807945337578476e-01
2.217666157197702714e-01
1.400581838805315948e-01
1.427634538765025496e-01
2.002732235153481810e-01
2.592876614527444556e-01
2.418607067944863742e-01
2.416017061016705325e-01
2.346116775363621954e-01
2.223246836455004538e-01
1.986255383450743761e-01
2.640113746246117721e-01
2.384158629024756559e-01
2.781212565448454299e-01
1.770065554794429397e-01
2.098524174582594437e-01
2.091229579749142031e-01
1.762707355959783617e-01
2.658101898721549894e-01
2.514022299846147002e-01
2.818112651896295673e-01
2.971007179984841984e-01
2.139006957579360768e-01
1.515793380177578586e-01
2.053885383100554352e-01
2.175308635714172378e-01
1.971741190112397402e-01
1.940114785115471252e-01
2.170870738842944347e-01
1.896678778669746157e-01
2.674108880602628080e-01
2.581222383308646728e-01
1.601181782866451242e-01
2.505286162239856451e-01
2.321925443297022940e-01
2.696758076879107735e-01
2.981330510653020793e-01
1.854378052573848468e-01
2.594700243625111535e-01
1.649092651045770408e-01
2.011146793373126129e-01
2.921406245758498277e-01
1.813978313585742907e-01
2.232822988051060276e-01
2.768003438050606890e-01
2.520219834608281029e-01
2.822345458381353422e-01
1.409466905991424157e-01
2.835380764966975442e-01
2.160363720470180604e-01
1.754012764458396934e-01
2.960659267666678196e-01
2.875742292829239766e-01
2.254909086616828096e-01
1.643199918922252090e-01
1.739365011465203725e-01
2.413887752864847802e-01
2.325777229636578070e-01
2.813351795721020787e-01
2.865690550550267779e-01
2.419877566493511545e-01
1.400812845184897237e-01
2.475457402441256782e-01
2.092051419637732945e-01
2.722686417473883513e-01
2.237028307740314137e-01
2.604147918192868949e-01
1.732503204993574852e-01
2.130684006296740263e-01
2.579788777759110530e-01
2.315968747427599728e-01
2.192057026957874022e-01
2.606613820652956548e-01
2.175853098848951062e-01
2.807410044229106671e-01
2.753456926651739467e-01
2.424233521570311467e-01
1.768261041786379217e-01
2.304670624526928002e-01
1.727532809311993767e-01
2.364993987047345203e-01
2.323150999844574016e-01
2.193050407481756114e-01
2.943160877437743794e-01
1.794716327688910262e-01
2.422658910399718424e-01
2.650699541322913411e-01
2.106412392880208373e-01
1.883545217358700286e-01
1.805731025116482924e-01
2.689479585596848410e-01
2.862127209691363028e-01
2.247697490443377744e-01
2.418960404864769209e-01
2.469196831297852390e-01
2.484677256934337275e-01
2.148682544400081773e-01
1.758423142548727336e-01
1.605194359016707539e-01
2.259591484275981221e-01
2.956213982406120100e-01
2.700115196686978525e-01
2.988112165795457353e-01
2.960375903400185305e-01
1.243300270933567486e-01
2.658478437627065372e-01
1.779445428594332301e-01
2.974460527514709574e-01
2.477428534607903354e-01
1.594935110080044904e-01
2.987491867559217140e-01
2.090245472282654116e-01
2.752062200750730603e-01
1.399721185200109574e-01
2.460337329361376446e-01
1.430158168684251274e-01
1.582570993205471288e-01
1.906224339753644081e-01
2.672081434237880693e-01
2.530934005709026824e-01
1.865954111465547016e-01
2.521080901044144840e-01
2.371289078333531641e-01
1.473083167647315506e-01
2.819922036109826502e-01
1.883733861932980758e-01
1.462423685682723573e-01
2.304835292768726285e-01
2.998931509517227534e-01
2.017559354499323665e-01
2.433127766791702284e-01
2.086116243117036029e-01
2.102779434711162521e-01
2.282764147775518948e-01
1.626588141097959350e-01
2.408128312485301459e-01
2.760965546954554650e-01
2.171002566420383861e-01
2.428731006738251430e-01
1.645094489233072388e-01
2.312077697400070631e-01
2.727511813178636335e-01
2.685931944269926985e-01
2.421436955143413949e-01
1.965939151974899213e-01
2.726257728415852344e-01
2.413901992311004441e-01
1.938004145293696912e-01
2.903456238285319069e-01
2.586882665081409738e-01
2.058573795068935341e-01
1.216170452334479485e-01
2.664306058198327443e-01
2.392019219605265590e-01
2.816995552417231874e-01
2.963216856852610159e-01
1.997325062002276719e-01
2.935716472717844749e-01
1.820841944728748274e-01
2.732569006148337643e-01
2.714048497301277396e-01
2.784033597486447187e-01
2.194117844250970117e-01
1.585694079837627890e-01
2.435010302528596016e-01
2.505922543894153476e-01
1.178972679293058545e-01
1.359001377239340280e-01
1.467635624230762548e-01
1.474158751115899613e-01
2.339071331866292847e-01
2.424889962170682089e-01
2.621810245318165200e-01
1.947547736916330485e-01
2.335456480290679926e-01
2.059252347790234139e-01
2.934349672547886811e-01
2.368975474949979176e-01
2.563234483051300971e-01
1.763161220365675186e-01
2.037424248941794025e-01
1.386016557935651206e-01
2.915786590631809228e-01
2.525443345296566888e-01
1.279176254978159066e-01
2.614394881956202399e-01
2.535359435478083401e-01
2.197121934383578779e-01
2.602183928628287735e-01
2.985645858647076878e-01
2.693538778045267978e-01
2.784740069551600028e-01
2.257784685488666010e-01
2.253434813457893537e-01
2.599608081825264261e-01
2.622575335108919825e-01
2.830967117596781546e-01
2.071793855926153671e-01
2.485342205505961521e-01
2.854172097497882921e-01
2.154216500966351644e-01
2.511878836557686623e-01
1.998341745403426628e-01
2.334544869961937552e-01
2.652797067326977398e-01
1.796109569080041601e-01
1.589745692770202223e-01
2.388763533415746432e-01
2.841147700493105166e-01
2.878847490919450580e-01
1.971850303579389951e-01
2.434136668511049373e-01
2.343920986388165484e-01
2.698458843163996645e-01
2.635813070386708867e-01
1.763680902079411972e-01
2.968955236928025876e-01
2.253204990877712421e-01
2.237769463286829186e-01
1.904157901944095732e-01
2.431805211360140162e-01
2.883590608603168182e-01
2.985197032354620084e-01
2.137270299233086646e-01
2.768427681999917622e-01
2.702691807803646595e-01
2.777171061869237456e-01
2.526336706732247306e-01
2.559693412055584205e-01
2.281317106130246464e-01
1.580934109148114386e-01
2.146535306092063056e-01
1.751553565333240914e-01
2.539296103098486190e-01
2.071870589457011913e-01
2.824498032277058535e-01
2.628037254470907413e-01
1.624673612752303431e-01
1.464089540515915444e-01
2.385028028135818823e-01
2.441645927195962851e-01
1.896635017046236493e-01
2.523369457446997810e-01
1.954337500273017891e-01
2.742808529623679825e-01
1.493769089496153613e-01
2.115049409140496439e-01
2.047852515623192482e-01
2.206197986086340102e-01
1.987947360465920910e-01
1.852532233106939652e-01
2.637410029294590674e-01
2.505190698983535413e-01
1.850322939530381072e-01
1.425074285987135425e-01
1.998110120009505553e-01
1.942310934677607959e-01
2.397390852599004529e-01
2.523752527100427412e-01
2.432860601766462239e-01
2.017898055336677932e-01
2.857620151887733106e-01
2.661459701507420950e-01
1.753674844830469259e-01
2.530050505470741729e-01
2.984485817188261003e-01
2.445773656683402630e-01
2.639715846200079152e-01
2.156488374593256985e-01
2.885927525978682073e-01
2.908607630564186697e-01
2.450556618909402740e-01
2.631555246879563881e-01
2.854388227549629620e-01
2.523211689618509723e-01
2.341765250824593692e-01
2.950084906935651619e-01
2.116324727036049402e-01
2.219623539156457548e-01
2.577145370107558620e-01
2.821984477821126158e-01
1.395903081730854312e-01
2.815182557014436759e-01
1.783587345026280135e-01
2.944190448644439240e-01
2.572066144718015424e-01
2.658503285741793953e-01
1.616829909583153424e-01
1.317757485253190364e-01
2.650398481686631058e-01
1.423775223826087288e-01
1.795956306062467811e-01
1.759090970859866487e-01
2.218623174656773889e-01
2.193887726180388520e-01
2.652695278859339978e-01
2.541788733297704050e-01
2.075251919695138558e-01
2.796008603039940033e-01
1.870308074155377365e-01
2.925380330399946494e-01
2.671043110673143040e-01
1.968271310726222856e-01
2.308325897675614635e-01
2.545982521980002522e-01
2.610677168614898846e-01
2.341031262967254445e-01
2.097449053399946250e-01
2.663600305230204301e-01
2.553710974453634042e-01
2.923280856017277385e-01
2.876705151712965480e-01
1.298073899747055338e-01
2.577724526827658846e-01
2.667027228705807218e-01
2.387294989101469700e-01
2.241402286624182005e-01
2.171006810413013133e-01
2.419505896086451557e-01
2.247868088907554185e-01
1.795634348011407588e-01
1.399942687757346760e-01
2.688490665782742317e-01
1.546314512032758992e-01
2.128828085860027253e-01
1.748108214161593899e-01
1.433944794058568395e-01
2.606611284763867276e-01
2.043795178374365751e-01
2.915727523843467117e-01
2.784351973914001022e-01
2.586951350866486532e-01
1.574959036941141755e-01
2.226702002507280342e-01
1.885927245642194938e-01
2.467950362267790076e-01
2.658462735360749285e-01
2.155107049185119861e-01
2.175263002708174020e-01
2.246662448189568617e-01
2.253361785400023742e-01
1.781004691822413999e-01
2.355408533978784191e-01
2.184509421887416425e-01
2.735366800384457786e-01
1.607604109742854781e-01
2.923783323931797296e-01
1.765978594763511766e-01
2.161328224691959066e-01
1.793268149993097749e-01
2.108360917377165022e-01
2.248740772196392013e-01
2.676578846757987074e-01
2.971055230794086843e-01
1.815895136313845359e-01
2.948152631335290708e-01
2.563519292635993430e-01
1.806171442579321551e-01
2.667714499941224449e-01
1.477054173662851744e-01
1.644800665445096399e-01
1.432102737939489334e-01
2.390380671713562832e-01
1.780090081134172442e-01
2.432883865611354945e-01
1.473554567899807988e-01
2.673413818810123077e-01
2.369857469841416264e-01
2.045965246189763165e-01
2.294990935854225311e-01
2.096234801301169182e-01
1.327105742382574949e-01
1.957461192718600029e-01
2.259952867305147217e-01
2.056348989188130916e-01
2.448948592721557072e-01
2.115998185070239734e-01
2.896492821272486640e-01
2.890655637959181901e-01
2.770818910600578167e-01
2.340327460357279343e-01
1.931765583697124811e-01
2.567842455189603412e-01
2.956009067191248119e-01
2.643493488212986242e-01
1.833071355004068925e-01
2.494685811386317398e-01
2.526774758359519035e-01
2.181438760336345262e-01
2.029634821002605227e-01
2.729258818324761249e-01
2.784648138973457865e-01
1.212772465086004586e-01
2.880809171540840152e-01
2.124647493088574479e-01
2.729332262113922658e-01
2.650220082290759005e-01
2.688555373902430379e-01
1.809652621167427144e-01
2.852617245630762466e-01
2.377885377492609809e-01
2.237713647210186896e-01
2.326657987420697737e-01
2.319238636246793439e-01
2.340716804758349590e-01
2.900239536571802001e-01
1.671606974161545245e-01
2.048002994789322462e-01
2.867635902775269030e-01
2.606931433698012612e-01
2.449795831892542797e-01
2.251871076791809867e-01
2.460842031222416348e-01
2.990033280883867550e-01
2.228899495880591886e-01
2.567658001976107496e-01
2.483877124794244273e-01
2.313946781223887583e-01
2.584013056721156665e-01
2.964768370848077095e-01
2.765928161899364190e-01
2.063012345141780335e-01
1.660765559138979719e-01
2.835229095713879266e-01
2.932531087839485018e-01
1.408059010890272134e-01
2.146063378386567078e-01
1.792562782692293244e-01
1.724416399720043180e-01
2.823877212996776520e-01
2.675742549747446852e-01
1.927389721773242470e-01
1.897893241088512428e-01
