2.419080842673685616e+00
1.167114542162459800e+00
1.769490038421889899e+00
1.600577710214593496e+00
4.172076000278059915e-01
2.369267350569198793e+00
2.830519029444086510e+00
2.800902226877957091e+00
2.152868611380367447e+00
1.929575915594372804e+00
9.051594885014209169e-01
2.806115959621780398e+00
1.374166570057293812e+00
1.295728001214294434e+00
1.288922040585718909e+00
7.038593971204674116e-01
2.052000557029394656e+00
4.573031559886004405e-01
3.000392082666130666e-01
1.836789589610169582e+00
8.612281050041756814e-01
1.662630690632430852e+00
2.223093980032385009e+00
1.483752316856043807e+00
6.571835765726624645e-01
8.857672234254809762e-01
2.178305943947718593e+00
1.282981386454913997e+00
1.607033173549381910e+00
1.000560163677696845e+00
1.535082000018165305e+00
1.116356323764402969e+00
8.450414618180558390e-01
2.700119281632504364e+00
2.125461358804875633e+00
1.728557975016096204e+00
2.011850879895635380e+00
3.597060569850282219e-01
1.991881865975111188e+00
6.335000622267537018e-01
5.789800112710591362e-01
1.507736322301086673e+00
1.726622038036079942e+00
2.402888882949243410e+00
2.861010458649218435e+00
2.199646552813820044e+00
1.435573022291183110e+00
2.467139219001209138e+00
2.289608962103430179e-01
2.186105571050806606e+00
2.713169738194374681e+00
2.258943203535056732e+00
2.305300102111933924e+00
5.079253002243809823e-01
9.568525700629905151e-01
1.399908646459654626e+00
1.939988546830051286e+00
2.355223851916606215e+00
1.255207457285286043e+00
2.814251627904212238e+00
2.481407639625083039e+00
7.980856058005599829e-01
2.274115697026205751e+00
1.458442489548083199e+00
1.598256928379574227e+00
2.267105631873553406e+00
1.445151325809510112e+00
2.255467677536229232e+00
2.837241858421084117e+00
1.618245865461337640e+00
2.488060219929451922e+00
2.233038523301700273e+00
1.628854428567001911e+00
2.893259125319729286e+00
1.392626253793159741e+00
9.999231193700428566e-01
2.805046322887850163e+00
2.493691336327217845e-01
1.562170237507284121e+00
1.759442623042464682e+00
2.775525923410385065e+00
1.169195516636504673e+00
2.225263354694255735e+00
2.605994700418185150e+00
2.116877420802987242e+00
1.700575302644320663e+00
2.121528416885313906e+00
2.658777294353888099e+00
1.144586932349245245e+00
1.388513240913305635e+00
1.126095386255443698e+00
2.090477129685794022e+00
1.623108987443719009e+00
2.668017946914624350e+00
1.609788322684542639e+00
1.711154715864320552e+00
1.899613432948922265e+00
1.603691020769709930e+00
3.156130404897376507e-01
2.693980442953993748e+00
1.346693124072916969e+00
2.165877790483709653e+00
2.219979703714099806e+00
3.902503333523519302e-01
2.603108677304031726e+00
2.865286148427558022e+00
2.614748472264516455e+00
6.473815684004035065e-01
1.595175279864478490e+00
1.963099475175777986e+00
2.457601501485944251e+00
1.225422407961973104e+00
1.971829803393153391e+00
1.762454786732381873e+00
9.088996312912469566e-01
2.461417322342145830e+00
2.394735360691934378e+00
1.560182016974156483e+00
1.305626162457565576e+00
1.205504320582024169e+00
7.890493109504822522e-01
2.569756825215287144e+00
2.819122169152512569e+00
1.694711589188885981e+00
2.478719822831479291e+00
2.303852807847666551e+00
2.319077474440490949e+00
2.147462597420581432e+00
2.772112627943082330e+00
1.264061321275773864e+00
9.462643781801911569e-01
1.165864240776260274e+00
2.793734628493206529e+00
2.084911209782663200e+00
2.304351648219346682e+00
2.368750761888390510e+00
2.601092729407124438e+00
7.198548669801930755e-01
1.257494120943035032e+00
1.073134070041011690e+00
1.671983550865815626e+00
2.448766728474763177e+00
2.343448023343543074e+00
1.783236898155811101e+00
1.579146810546252278e+00
2.334689535643238667e+00
2.470065009242091936e+00
2.018280900033818881e+00
2.184067277769396576e+00
2.277407993565057964e+00
2.036835651873488473e+00
1.271041365158903425e+00
2.537780175400932148e+00
1.977139381080800229e+00
2.206452367675834303e+00
2.003392140813726296e+00
1.566597922396128384e+00
2.051928343864244830e+00
2.543792768795778425e+00
1.563721717487349894e+00
1.498382526672885406e+00
8.618068778300420618e-01
1.330296951970209918e+00
1.838843515612990975e+00
1.479017277597866498e+00
2.858722130698887476e+00
1.402660258797723047e+00
1.211245148277351191e+00
1.483160519707847680e+00
1.817637538316871915e+00
1.420090344883509603e+00
2.175612249499895512e+00
2.288575925346462370e+00
1.944662990184501172e+00
9.633905441976835515e-01
1.669991245162606663e+00
1.331601406304716129e+00
1.905345402516347653e+00
2.722577523354411611e+00
2.322774898811013511e+00
1.579533943028814003e+00
7.397759800106424866e-01
2.217162699410592630e+00
2.842953782860370371e+00
2.514343215877159032e+00
9.794173327599571266e-01
1.183684105169833911e+00
2.335112651224119151e+00
2.399108793406338425e+00
2.311137030546923654e+00
1.762357027517688524e+00
2.530576397469937788e+00
2.555233425652328361e+00
1.672050445310212297e+00
2.185520670396313925e+00
3.226268437265545908e-01
1.706388531913855200e+00
1.527732694434438043e+00
1.945395095820996678e+00
1.698554290965477387e+00
2.367679657363408019e+00
2.165196969360320800e+00
4.089918032593318209e-01
1.307204092340162660e+00
2.829510245880187735e+00
3.150467343125370467e-01
1.845242162754291426e+00
8.049432987965957631e-01
1.268115562695461662e+00
5.286771819784289450e-01
1.316430683871792073e+00
2.436415833905081652e+00
2.693148390594543695e+00
2.414158798341511147e+00
1.736032046488706904e+00
2.528138958139642511e+00
2.780033101867145806e+00
2.048110641109437857e+00
2.595601252616688726e+00
1.538150981821744256e+00
2.847478708546366644e+00
1.872747322055565267e+00
5.034734368810436234e-01
1.792435349594644567e+00
4.575172205586579555e-01
2.181904815110826235e+00
2.467242641751498766e+00
1.562707289926849707e+00
1.216745222335152254e+00
1.951846122788006399e+00
2.773848109797437456e+00
1.238883718419065305e+00
1.939489205602464406e+00
2.118928922305893359e+00
2.754321325541515542e+00
2.250661239942036040e+00
1.057903104977901965e+00
2.832641919795409802e+00
1.779761565723675165e+00
1.931668611865444474e+00
1.955759012886696402e+00
1.914401217645350650e+00
1.351774272234287366e+00
1.356312025669537347e+00
1.588673536092277461e+00
2.853103163789226571e+00
9.345002366256143223e-01
1.461829405286800165e+00
1.059147958100269404e+00
7.337693536166624009e-01
2.549996288404927203e+00
2.704061296140877424e+00
1.075996077747728430e+00
1.957829973224636477e+00
6.714969769501745178e-01
2.624439621795231936e+00
2.550273879092360474e+00
1.203278709872984686e+00
2.238230638416572049e-01
1.761093711260117711e+00
2.297362590758061707e+00
1.173739571449958552e+00
2.519204967123446881e+00
1.592153134117215263e+00
7.938444294815761859e-01
2.156044013404776472e+00
1.027503093163723902e+00
1.205979410174841782e+00
1.509566760251356277e+00
1.620340339481190384e+00
1.124092006259704846e+00
1.859479365663685657e+00
2.204194474424543415e+00
3.636256455331819959e-01
2.529872117350776328e+00
1.231485219164636158e+00
2.376014760526438785e+00
4.488052039489189293e-01
2.620871536558028403e+00
2.900898625909814399e+00
2.410218392600611548e+00
2.747330409947679630e+00
2.423106305140770633e+00
2.528809852134432656e+00
2.014585182709807576e+00
6.457039820625107840e-01
2.351365074144557976e+00
1.771042125667070311e+00
1.346451716149851263e+00
1.375326291652769539e+00
2.747555351880172303e+00
2.869362290796237058e+00
1.031496140225885316e+00
1.763134753598534887e+00
2.866318155826351521e+00
5.964001325034794521e-01
2.351463100961746377e+00
2.643603169869065628e+00
9.220599178629788062e-01
2.293509176526360882e+00
2.237570081366274888e+00
2.273520955505565322e+00
7.904754418632833346e-01
3.104768026375236412e-01
1.323110270536822064e+00
1.023939841883832358e+00
2.279693986115220117e+00
2.835070838122466963e+00
1.551406531468335626e+00
1.459951278657241058e+00
1.823712327159787261e+00
2.072978096323831121e+00
2.201611317677013790e+00
1.989996068214415104e+00
2.693016319276506643e+00
1.965949840456977293e+00
2.799628798511708538e+00
1.648510387863332483e+00
1.532176820409395734e+00
1.621754239414209264e+00
1.483241128662609043e+00
2.212670875594122677e+00
2.168152034926417837e+00
9.913900156983028733e-01
1.748341898214420320e+00
3.304431777865707853e-01
2.668254545823498969e+00
6.418507891529560139e-01
1.371215427922733543e+00
1.378539715232387719e+00
2.809541478857162211e+00
2.805314104127760277e+00
1.358265943513528251e+00
1.787682316093257562e+00
2.851377743729269998e+00
1.238650616256385284e+00
2.552803609320720923e+00
2.897932208524090836e+00
1.943183846402770865e+00
1.249954155492632779e+00
2.342110348670150888e+00
2.269641282142835781e+00
1.177836456218471106e+00
2.448970195352318413e+00
2.098845934424676596e+00
2.248990654610736328e+00
1.924595719533092275e+00
1.133818975230590498e+00
1.278838381038324812e+00
7.300893417981673128e-01
1.346680850736629464e+00
1.084911306162745115e+00
1.893867521548977972e+00
2.757996772411006603e+00
8.915835735979134036e-01
2.788401392664216161e+00
2.559244528816138509e+00
2.370212965074793399e+00
2.133138015938283782e+00
2.263889172940455552e+00
1.646394057851709336e+00
2.822897471964624483e+00
7.609827275536822366e-01
1.569363754513655618e+00
2.834209516777673188e-01
1.365966457294274683e+00
5.939884773837195153e-01
2.619328267458703507e+00
2.211490276620295514e+00
2.030748193433926652e+00
2.803185322643281907e+00
1.914971477255743793e+00
1.270099382039391100e+00
1.695346517938380426e+00
1.187047646980748272e+00
9.593876835256092139e-01
5.800931677780079010e-01
1.800548066345471154e+00
2.297527716857957092e+00
1.648031080904455825e+00
2.659601094925886144e+00
7.227710521696258938e-01
3.041792957485956461e-01
1.699445782641430425e+00
1.290542572100904284e+00
2.584988740411661823e+00
2.753620964840862939e+00
1.850901091642949359e+00
1.655737811057093500e+00
2.131306519983795944e+00
1.835525203203163924e+00
2.137100146022240743e+00
9.952139946132879667e-01
1.118137760696666483e+00
2.501541692524662519e+00
6.652075634023338901e-01
2.834280989018523655e+00
2.612048000844131579e+00
1.837163499905975494e-01
1.805973149646101561e+00
2.074074880763445705e+00
3.310545258839372451e-01
2.402101807110543330e+00
7.027800941648280064e-01
1.509537967181326490e+00
2.223264376106584006e+00
8.202615020958543557e-01
2.067344253510718488e+00
1.799149565556688701e+00
9.477525004761584437e-01
2.711741357374368278e+00
2.011524842899084842e+00
6.008631746262036444e-01
1.378065457916550773e+00
2.425859809537321166e+00
7.512435355857469688e-01
2.368552737620495563e+00
1.643383973594223058e+00
1.286430737527866741e+00
1.101105249283835352e+00
2.131763971206508401e+00
1.473637970387549956e+00
2.879364778194904773e+00
1.535857841840405635e+00
2.714154943358102035e+00
1.245465368858134525e+00
1.197945392414563770e+00
2.691273626178494638e+00
1.609172717992375379e-01
5.868414512851890530e-01
2.649591507906218446e+00
2.164882012729686611e+00
1.065754870572794610e+00
1.633911428328724824e+00
1.085006602109754636e+00
1.704670196445741359e+00
3.020388156907994892e-01
1.156795771075205037e+00
8.232394035041390445e-01
2.824027254240580653e+00
2.126293108668124265e+00
8.153525814474124056e-01
1.783567217527946003e+00
2.224167303356480829e+00
2.909379562450051804e+00
2.173219773147876399e+00
2.830274415827122692e+00
1.281704370501918655e+00
1.203769423015075724e+00
1.535842839189725861e+00
1.851169434881833054e+00
2.212854732069709840e+00
1.081499837424023669e+00
2.356418643840564986e+00
1.663443351856708441e+00
2.163700461062543212e+00
2.718212666019139245e+00
2.822376774968688995e-01
1.402488164763127543e+00
1.460149752773051146e+00
2.891026684820962256e+00
2.443926626811227187e+00
3.590175013277556171e-01
9.746086525435265768e-01
1.907168023676583557e+00
2.553099070524385450e+00
2.695823211535949504e+00
1.273443151513621308e+00
2.906200144058821877e+00
1.916066423807688102e+00
2.047602207841076272e+00
1.424906857261418969e+00
8.228024629498983389e-01
2.477234380711322181e+00
2.650431685366051671e+00
1.991311626835867488e+00
2.790232140936169003e+00
8.111611001232439389e-01
9.672543740082051311e-01
2.819921642107466209e+00
2.267254720879553265e+00
1.765000738267358482e+00
1.000893832493984448e+00
2.328317187761999918e+00
2.555181953096724801e+00
1.360927907300069073e+00
2.772481387876563286e+00
1.254092980140069313e+00
2.766433329391562168e+00
1.843656405181889557e+00
2.269508665920993096e+00
2.205122709655638502e+00
1.482294720332872684e+00
8.794037401859324810e-01
1.261726318145232284e+00
2.653453686376259668e+00
6.361324906605232421e-01
7.174043612619895871e-01
4.393111257463930275e-01
1.963415327649471909e+00
8.718772953337654563e-01
2.089847151036817063e+00
2.189871974531947707e+00
1.585762481534037649e+00
1.058866992167417864e+00
1.909640054090453676e+00
8.831572659721308449e-01
7.785010341360847352e-01
1.020500513253195018e+00
8.360839477056900559e-01
2.197690194115138773e+00
1.219801199842980743e+00
1.834994967513763786e+00
2.032968403652751999e+00
2.194939654378766924e+00
1.867469171856447119e+00
2.356548279785417588e+00
2.181766346789095756e+00
1.609671832176089001e+00
7.133657161691951964e-01
1.726777916050875383e+00
1.301651818916263803e+00
2.253772038664655142e+00
1.838241987927915266e+00
2.614906610962724365e+00
2.761126513196341392e+00
1.736607100734507636e+00
1.284514674055341477e+00
1.502078239274328597e+00
1.902062150900606818e+00
1.435487901634759922e+00
6.067430543445468949e-01
2.219635216492865659e+00
2.032468409022358813e+00
1.845307571474523511e+00
1.803841975801611319e+00
1.829059260615972793e+00
1.167698806563077341e+00
2.476733565126423731e+00
1.261224141973207979e+00
1.619892354897512599e+00
7.397006404373279720e-01
2.464840802803812458e+00
9.718169874602687885e-01
2.032862631880494320e+00
2.787802703142406635e+00
1.611889452594821970e+00
1.976438947828484727e+00
3.427201778290810408e-01
2.430288571079176396e+00
1.257281433967542439e+00
1.423313515291622089e+00
9.606613098352978497e-01
7.930516578363657754e-01
1.416867602336234100e+00
2.408752444185047192e+00
8.207689109838078867e-01
2.082696369065154318e+00
2.178178176914846720e+00
2.524455618186842720e+00
1.596251290399835154e+00
6.297597507121952543e-01
1.057137744805676238e+00
1.183111758857581686e+00
1.389574388104034108e+00
1.204939731706861528e+00
4.392247809057387431e-01
1.174311906817778972e+00
2.665528117405399300e+00
1.574091381771639986e+00
1.093004064964643307e+00
2.895637748264745071e+00
1.650069922122710864e+00
2.276948777428924764e+00
1.327466491817555161e+00
2.705444196310058835e+00
1.100492354514841509e+00
5.498152551319563930e-01
1.820633492415305810e+00
1.412391121308863573e+00
2.547310592914809657e+00
2.531849926124285055e+00
2.801043274322113419e+00
2.833729853158571732e+00
1.317384600951316154e+00
2.605613279610387245e+00
1.669831155297496483e+00
2.800069190367512562e+00
1.478343260262635628e+00
2.052522819194205983e+00
7.229383843223109452e-01
2.312084353449892937e+00
6.376002304990552316e-01
2.569326742234518068e+00
1.655899771392502551e+00
7.876255497812052475e-01
2.785998125649874702e+00
1.195245979814667292e+00
1.307328217273352022e+00
5.524517631932620576e-01
1.897800979586631076e+00
2.820643040334466889e+00
1.468994877022190337e+00
1.666600278814307279e+00
2.638750430792561108e+00
1.996134306229754074e+00
7.161152775146096827e-01
2.904588260091509611e+00
1.441441794601673987e+00
2.287054653214970035e+00
2.524676739714707630e+00
1.917660467946248337e+00
2.230400340919221236e+00
1.859073278387760375e+00
1.979222834339310566e+00
2.230398472902619389e+00
1.024645473345183522e+00
2.165421610042811196e+00
1.718482909785610691e+00
1.505405344926638023e+00
3.791295093539233108e-01
1.571220002912324443e+00
2.548468650447780259e+00
8.107170431717750647e-01
2.300599532524984170e+00
1.263992792014659194e+00
1.257307537779353446e+00
1.807207205043659171e+00
1.356619608569610946e+00
8.530164221049638673e-01
1.236120039265531823e+00
9.895929242151939587e-01
4.573145950130922954e-01
2.172281984970735547e+00
2.331794913335861974e+00
2.403610701964569607e+00
3.993652633203841340e-01
2.062688540915861513e+00
2.110691273098699750e+00
1.534450337161704647e+00
1.040055913519470243e+00
2.476741489232132665e+00
2.679451502086891423e+00
5.856855109821550442e-01
2.730054648726415678e+00
2.297425437998585007e+00
2.798171643845954737e+00
1.155776539509449474e+00
1.727740457222072035e+00
7.234913540298703039e-01
2.221524463327284593e+00
1.780372928338739280e+00
2.422643077733390271e+00
1.381040969851427880e+00
2.122619255960035201e+00
2.630954549203185611e+00
1.430363226327306503e+00
8.686614525540437004e-01
1.545667677217509972e+00
9.959905963861110934e-01
2.167663627113493252e+00
5.921036860474557795e-01
1.765774627901680605e+00
1.489151240221499028e+00
1.281576187300249803e+00
1.319132323825718434e+00
1.855802987111851765e+00
2.211274332671015141e+00
3.872496925749534524e-01
2.860610211879823783e+00
6.565938410588810781e-01
1.346613655459384828e+00
1.865838487247589716e+00
1.390343005847740399e+00
1.847590694175328840e+00
1.762495920279557371e+00
2.475291643276347653e+00
2.375140195924986486e+00
1.544997979249055575e+00
1.422544390733561093e+00
2.880551694727910839e+00
1.838899461863026330e+00
1.328586965436230560e+00
1.037729902782752012e+00
1.716689295988215180e+00
1.696174268003817209e+00
1.252999571126063527e+00
1.834288291838242380e+00
1.749988243945949318e+00
8.291559689145434620e-01
2.798087920099125991e+00
1.052750903397728255e+00
1.961086602077481311e+00
2.239892660928016088e+00
2.270106223570077741e+00
2.540971410470775460e+00
1.076279588113484342e+00
2.005098133006162797e+00
2.052094243020452069e+00
1.355484314553992098e+00
2.359313787953049690e+00
2.260685749114363041e+00
1.574589401773631714e+00
5.325630714332214577e-01
2.588184701511854424e+00
2.639828928654244677e+00
2.422016886478641329e+00
1.300129097206132789e+00
2.766578475366904488e+00
1.698882989213236439e+00
2.010823464836327457e+00
1.056935747867915110e+00
2.340095889069261581e+00
2.064868917530494397e+00
1.682926439515525230e+00
1.810871475556595223e-01
8.614561007290663097e-01
2.066763664030782710e+00
7.476544692512592238e-01
1.785188225415384355e+00
2.348284796508497418e+00
9.249800136452596133e-01
8.462511012959101908e-01
2.393760809908493048e+00
2.596488970852089295e+00
1.270834497635792371e+00
2.461473552596332937e+00
3.322489811770630297e-01
6.430772763712175877e-01
1.463415229986023025e+00
2.839352981438050261e+00
2.564512953675011087e+00
2.110778415775335759e+00
2.459890418472344020e+00
1.650091238186292442e+00
9.599411542063543967e-01
5.578138703761873485e-01
1.220343034380287683e+00
2.048907094634157267e-01
2.695834304492832345e+00
1.119767843080230918e+00
2.242546086646877601e+00
2.201973861466075100e+00
1.367675977734922332e+00
9.680920971397949382e-01
4.045964017744078656e-01
7.873719471210860466e-01
2.026177883960752268e+00
2.000391635266674850e+00
1.848634047016673776e+00
2.870256662150056925e+00
1.950196148868172941e+00
1.983244120863740134e+00
2.001297900112871453e+00
2.899767262795475364e+00
2.243538933766962007e+00
1.295037593857730096e+00
1.673902486962889791e+00
9.908804620834148480e-01
2.191076108380340504e+00
1.955005927923385789e+00
2.139924873035901509e+00
2.797031487481414391e+00
1.820411116996042189e+00
2.054981665466737883e+00
1.151853162608651893e+00
2.295382466708731695e+00
2.595977886036182625e+00
2.509250710006851737e+00
9.098391400615665203e-01
1.254829085273008182e+00
2.320077240326572809e+00
7.404587302095007040e-01
2.791172006168600284e+00
2.499519706112820483e+00
1.577233951949765345e+00
1.166743441441296270e+00
2.861009170284610992e+00
1.244263369332157199e+00
1.027320622863517885e+00
1.076896856169638372e+00
6.393875192623069692e-01
1.051835069062265093e+00
1.119382490847998568e+00
2.471664120117765151e+00
1.217635497816242252e+00
2.655909767110450126e+00
9.008602158511197500e-01
1.482577474307402055e+00
1.028411412961902194e+00
9.087309455150666126e-01
1.171151372974770233e+00
1.800732090220616088e+00
1.784810992279333819e+00
1.061221099213570218e+00
1.792870269359505109e+00
2.874862040027103216e+00
4.219032510036169747e-01
2.437442902152256730e-01
9.538392125535808397e-01
2.395719522836888160e+00
1.397790294880721262e+00
1.426849667380503561e+00
2.435431163671162302e+00
1.060240152615842701e+00
2.645402791338620663e+00
1.689625762837544620e+00
2.024683150217196470e+00
2.047491225778362178e+00
2.165698001518772564e+00
6.094792017357737457e-01
1.720536127434155960e+00
2.016976670701278174e+00
2.548507952831451373e-01
1.538465832576413117e+00
2.734916412140902420e+00
2.757853732863198459e+00
4.504486460762321398e-01
2.568500867575910007e+00
2.704712183824022453e+00
1.874031629895805073e+00
1.417613995514722447e+00
4.152738835378749216e-01
1.334343848119839526e+00
2.401576661526610756e+00
1.082531273553573925e+00
5.723077614953059333e-01
1.998528355252791044e+00
1.316181249319432478e+00
2.548345885368819008e+00
2.692779168512428267e+00
2.875120897445841539e+00
1.555918190659749012e+00
2.869790774791404431e+00
1.615945591431501738e+00
7.200544401533668371e-01
7.777147513235147525e-01
8.373624943460179493e-01
1.955180042484960357e+00
2.046640161092394106e+00
2.376391020588897174e+00
1.852519775256655787e+00
7.592176405807722350e-01
1.209547897809667205e+00
2.015214351261954917e+00
4.905698734067510114e-01
2.460219036045411478e+00
1.151508656958393884e+00
1.152865430372007838e+00
1.873034632954137191e+00
2.693579130291225088e+00
2.688696528644526129e+00
1.233970105075984591e+00
2.230047445329741418e+00
6.952654618884854809e-01
2.803700860055566402e+00
1.062926522528813367e+00
3.810642815769751390e-01
1.094107545084306965e+00
2.528841684869583606e+00
2.564273039532352971e+00
2.569380415833245834e+00
1.283895277753976494e+00
1.765302891839065413e+00
1.872856098949091219e+00
5.788235469247291487e-01
3.187558875227566868e-01
1.517023960734956489e+00
1.954928682349891700e+00
1.643372149093201173e+00
2.434885001733893883e+00
1.513597768594546977e+00
1.764923701646004650e+00
2.083924040333164474e+00
1.153466267490674602e+00
2.845149551187341697e+00
2.590999315596471675e+00
9.866639936093151153e-01
2.010315065395990697e+00
2.817487700471267953e+00
8.178184779532345905e-01
5.314406594785595628e-01
2.186588576989561439e+00
1.547153533852339224e+00
9.048702051233189492e-01
2.836800671951652308e+00
1.364908215689290660e+00
2.606541207134110749e+00
2.054738374906933451e+00
1.134822418652376097e+00
8.792545262797587524e-01
1.724877325339734480e+00
1.250672830731894170e+00
2.280969440489726718e+00
2.387095501784411766e+00
1.061656562637599555e+00
2.705095774927797070e+00
2.907792855396558629e+00
2.183981334838847932e+00
1.750844419363445148e+00
4.594627540554923062e-01
1.517833611288072815e+00
2.639352658679923636e+00
1.099351659672009207e+00
1.901830481376814541e+00
1.646125808669062662e+00
1.171033602471529322e+00
8.685593181742297109e-01
1.743566813892981182e+00
1.946539717152977911e+00
1.535607144484886000e+00
1.514353410681419376e+00
8.296367252009155813e-01
1.112764771599467739e+00
1.953485551159463318e+00
1.061143450922203968e+00
2.534328436965954001e+00
1.705523100909647649e+00
5.623326152056963290e-01
1.553988652064504539e+00
2.844280824038755817e+00
1.906144597469713542e+00
1.246551723750300766e+00
1.489658492548575852e+00
2.638623351987568810e+00
1.213414551575557665e+00
2.527445233577997552e+00
2.665255372005694401e+00
1.673193565945259031e+00
1.898649872854878184e+00
1.940160848942996230e+00
7.922953787597742936e-01
2.060154430476936582e+00
1.219387787676181611e+00
2.321752492845281068e+00
2.865043883997120844e+00
2.104961708872682191e+00
2.739618178549310112e+00
1.370270102733235129e+00
2.601670878959071231e+00
1.824328604027479317e+00
1.364152538758401922e+00
2.565740182332811870e+00
1.660291470731570795e+00
2.198163664186769228e+00
2.329024630823037789e+00
5.653612000656977887e-01
2.154213440748668162e+00
1.647758651444599876e+00
1.462743596283554881e+00
2.396961493314293978e+00
1.103434936126370225e+00
2.676229660066824501e+00
2.526545653687825244e+00
2.238869457431245547e+00
1.856454963462483843e+00
2.354059653178413480e+00
2.721999042929465595e+00
2.007805750213603968e+00
1.871909195559494421e+00
2.368221848491052661e+00
2.701019643031522754e+00
1.002234936280146149e+00
1.315546863623916707e+00
7.125562937385044870e-01
2.892798479522239674e+00
8.752550638893452639e-01
2.693935796351639045e+00
2.617863630379619444e+00
1.941042922184024189e+00
1.707405579659495798e+00
1.504643115179189028e+00
2.490516672450873159e+00
2.467815804033983262e+00
2.217656724940972879e+00
1.443230141940733624e+00
2.876902721252056150e+00
1.738911745898187533e+00
2.870207030560305572e+00
2.251290007323040410e+00
1.761556487221846767e+00
1.851633225733408494e+00
3.021562247367347576e-01
1.329062988342880836e+00
2.608331142115710932e+00
2.317296449535905190e+00
4.830430960451992384e-01
2.229902317438820170e+00
1.026659183495889582e+00
8.751781671297548248e-01
1.389272709691793395e+00
2.820176392340782989e+00
2.616398174452855496e+00
8.269997492935886596e-01
2.900124911492277580e+00
2.820511771478714014e+00
2.831791424397942958e+00
1.635503780065834079e+00
1.004906832463535071e+00
1.022563460016888914e+00
