1.273627457137656238e+00
1.329000331989578898e+00
7.564811953582939452e-01
9.400706725720778811e-01
9.735924888892917295e-01
6.034021224111520976e-01
9.436471872533067629e-01
1.168226264568183348e+00
1.068852999597410980e+00
1.329020693831114652e+00
1.163607152647802900e+00
1.251383235654256021e+00
7.854387599507630657e-01
9.133408060583217969e-01
6.382807750740878694e-01
6.078007972454995134e-01
1.296585548978665514e+00
1.124069020341626812e+00
1.277062317026240290e+00
4.613313650823661627e-01
1.310593332316647652e+00
1.119512887569853454e+00
1.277253005965962140e+00
1.319584971295969078e+00
7.627599068143522398e-01
1.086474718171196896e+00
3.994211074544303797e-01
1.288873401088916237e+00
5.889453234384466329e-01
1.230347890047775783e+00
5.863393488535336706e-01
1.081274971585480804e+00
1.185995268182679974e+00
9.471653925645373562e-01
9.784585837011541276e-01
7.582122155010685427e-01
6.970464271834401204e-01
1.986375689896800467e-01
1.184723503743319251e+00
6.892671287687155424e-01
8.327140933647143584e-01
1.110029315775575176e+00
6.813102821897416561e-01
1.161455501002033097e+00
1.078565984305006165e+00
1.205996515091015242e+00
9.961016226668141238e-01
8.027287699298333301e-01
1.068774065382692484e+00
5.327928817893805569e-01
1.045109035569288469e+00
8.170161982991533955e-01
1.110896446777005941e+00
9.386925016268651278e-01
8.856541822381195361e-01
7.190247637195896768e-01
8.854735658747286964e-01
1.193657709198598704e+00
9.751405147418653607e-01
5.129530713516968765e-01
7.521499891712886132e-01
6.110686525497365240e-01
7.508309073480183837e-01
3.915633846833498910e-01
7.136106907764334650e-01
1.210685724325596624e+00
7.352082514747556585e-01
1.021680486167786839e+00
5.764684566397936250e-01
1.216836080132520204e+00
4.228781791475749174e-01
9.947187284861221945e-01
1.048837903456128817e+00
6.284171040762317473e-01
2.698901907125328403e-01
5.425568807615887001e-01
1.304441149928288413e+00
5.684127952452388000e-01
7.382589243300492488e-01
1.126289107444225390e+00
3.122940426335946151e-01
5.406693933233961413e-01
9.887768565629527773e-01
1.300684864691649789e+00
1.295463622522357028e+00
9.322167740839125694e-01
8.143917353513202562e-01
1.109225296165346819e+00
1.268306426006045706e+00
4.727182031621800506e-01
1.250033788335971785e+00
7.065947828580749768e-01
1.082749107495622587e+00
8.402361482459391739e-01
8.900140571707835235e-01
1.301067225054355569e+00
1.214963500448505984e+00
9.440208576241144733e-01
1.003769900458169051e+00
1.128217680896752784e+00
1.104886501650817143e+00
5.447297504610802976e-01
3.352673447117883732e-01
6.974773705958356995e-01
6.573101138854841041e-01
1.287067205394010205e+00
9.869712936473163944e-01
5.143026518782132239e-01
1.281257490333914895e+00
4.552487520447554559e-01
1.233676605369031343e+00
8.248858630673132630e-01
7.805851148235294357e-01
3.581175482552538258e-01
1.202953329797047166e+00
8.712928519216299739e-01
6.121042486711292252e-01
9.762431607441702797e-01
3.817956086248290859e-01
5.755356337775798803e-01
4.525620877667483333e-01
1.180434396351086601e+00
1.287003591724194429e+00
1.017530467320199250e+00
8.135767848018562454e-01
8.150042441890568146e-01
3.152955401655405110e-01
1.142610259345730572e+00
1.052980591692222578e+00
1.182194947956574316e+00
1.000343762789689617e+00
7.285040911749226522e-01
1.169418748873500391e+00
7.479763458426983425e-01
8.861284082763389858e-01
1.007385649209918688e+00
2.303976286092217773e-01
7.804621377036284890e-01
7.352715028087861704e-01
8.013235304444399354e-01
9.402135855380855389e-01
1.179594349889988791e+00
8.694615513820486141e-01
9.527130477662368868e-01
1.277358893066431911e+00
1.272554370834477977e+00
3.786173678578793611e-01
8.357467380335390494e-01
1.249911514532916490e+00
1.303589812147492477e+00
1.178833161719891720e+00
1.089456441106980700e+00
6.999520877013709619e-01
6.320048444499076767e-01
9.495812181953373621e-01
7.580451624442631209e-01
1.023248196676276756e+00
1.235057345567740938e+00
8.931808714286522122e-01
7.654218099920516716e-01
8.187667633061933570e-01
6.632636192004393028e-01
5.415342764575041823e-01
9.982747685842264795e-01
1.241639865840136858e+00
2.259176419135260350e-01
5.604668414668729781e-01
4.718664738494640076e-01
1.323527883220823043e+00
1.343357128648033694e+00
1.085834814649145663e+00
1.132028429403730385e+00
1.212493058417750680e+00
1.226416398928958706e+00
1.102127166105607126e+00
1.262397916114472496e+00
6.001389408151163174e-01
6.853333557920193719e-01
4.828366605230426378e-01
1.181530355753118045e+00
1.138255960017313884e+00
9.302959698367402330e-01
1.266818479377738393e+00
1.220548270814420189e+00
6.735644058014876867e-01
1.212846291304336521e+00
7.312092392328768398e-01
1.277374612941824195e+00
2.280948010264486903e-01
4.266518955954088366e-01
9.919987913993029149e-01
1.040649037822492629e+00
1.201978554116652553e+00
7.802881155844944017e-01
3.924314915458214093e-01
1.102305577154196303e+00
5.169561682385179768e-01
1.056922717676418877e+00
3.646665905589394074e-01
9.000292986919519178e-01
7.844005387300221344e-01
1.342005521615938335e+00
1.233905187292838379e+00
6.925323193897919838e-01
7.089561381524778216e-01
7.064114642868234428e-01
5.310145447717981027e-01
8.886282314981877040e-01
3.346808143821067283e-01
8.465373230966601881e-01
9.168273087719919223e-01
1.037654442215189876e+00
1.118129610208375313e+00
1.338779367753947236e+00
4.714688540705646025e-01
9.227752909483414312e-01
1.308177499165585012e+00
1.325211015257241387e+00
5.465358449899623272e-01
1.124029792836988229e+00
3.252058731742821229e-01
3.815762463969522567e-01
7.112946676623999043e-01
1.127940599927770071e+00
6.298495823748033740e-01
1.328304291102920365e+00
5.324843308986078050e-01
1.165707987857705463e+00
5.424107541262351839e-01
1.236844067781501799e+00
1.022911158102318918e+00
9.652767210177194412e-01
1.199238196251478650e+00
7.391583105238455076e-01
8.464805205700155488e-01
6.889696539323219016e-01
5.250913333251933102e-01
5.755669131397060934e-01
7.191870641485973437e-01
1.120899107681530005e+00
8.656486545222479290e-01
4.776792425954320409e-01
1.111433912650164002e+00
1.048296209523277511e+00
1.399099346227797580e-01
1.093592283389670738e+00
4.981477190256182741e-01
1.092015155785089897e+00
1.223268996690394905e+00
5.001124677026318466e-01
6.841112726385771836e-01
6.944519006441831621e-01
5.576560937507020199e-01
1.135831123817666821e+00
1.109303232289226226e+00
9.742160874267918880e-01
6.782841198087005141e-01
1.050035699298162983e+00
8.248881750009123826e-01
7.050671555164605975e-01
1.063067269716356567e+00
1.301184707114953154e+00
3.970276137493988222e-01
5.661756653630524161e-01
1.315574325061028560e+00
2.952716015663430782e-01
1.336693162575270932e+00
4.910303822328773160e-01
1.049901990397835494e+00
4.241204156081750942e-01
9.209655636669293877e-01
9.933357655188592705e-01
1.130912273991553141e+00
9.648418101626397014e-01
4.093080897902369175e-01
1.142737950409133063e+00
8.947215431092122584e-01
1.073732435130941187e+00
1.303661759132645370e+00
9.438170747405878469e-01
5.947512990358667651e-01
5.966687491751218042e-01
8.944200397097058497e-01
1.022480540140723759e+00
1.135406364501625243e+00
1.144112586090909600e+00
9.401888231505373117e-01
1.071895233804237124e+00
1.338671643963893709e+00
8.597026993514393922e-01
1.018602395188506371e+00
4.917226084295196475e-01
7.560278416082214514e-01
6.459922606718415672e-01
6.828758107733204907e-01
1.925752476203681229e-01
9.234793858677887712e-01
8.918332778975451847e-01
9.680258530338844425e-01
7.839654122995117769e-01
7.913334617584099062e-01
1.173911783307152623e+00
6.589027710290428219e-01
9.176308519479916548e-01
8.420148183465518965e-01
1.062698386105971116e+00
1.302911905734431386e+00
5.586071774676980572e-01
4.054872530709833223e-01
8.205093772823177645e-01
1.037052079636434643e+00
7.424569114483653420e-01
1.212906489439688151e+00
1.324663282115071006e+00
3.695828599884588561e-01
1.121928530333055063e+00
1.250894351996502563e+00
5.911923927836948423e-01
8.877193880919860280e-01
9.369290028636977352e-01
1.144814971451818764e+00
1.213797437594371864e+00
3.131054959250190173e-01
4.787008515521099516e-01
7.182635261860023101e-01
9.698058180443188681e-01
1.066847076122150240e+00
1.338991941896040982e+00
6.778208921717592261e-01
8.051402055546130754e-01
1.274608516676551284e+00
1.295742637639281769e+00
7.043907376806476384e-01
1.327659182738465615e+00
9.821018193475000713e-01
7.138604739699795365e-01
1.119485232920644169e+00
3.021121089575945495e-01
9.102101555566334268e-01
5.530703879719859328e-01
8.623692658461311611e-01
1.231367563311646318e+00
2.531716101600410274e-01
9.887153753059689798e-01
9.221065583356937712e-01
2.505430277056824862e-01
8.628368183488676069e-01
1.296884645516956702e+00
5.378517850140882572e-01
1.077696274294370538e+00
2.950729176473034232e-01
9.714502902610745450e-01
1.199464953170863213e+00
6.520644098209681383e-01
1.032100811834879783e+00
1.339513252387836140e+00
7.760998634688212050e-01
5.430150401786871805e-01
8.596518425872237135e-01
1.268010385734473999e+00
9.644631226787101497e-01
1.319919826960882059e+00
7.497108963200839193e-01
9.065470903050671936e-01
9.534404406194967319e-01
9.249772308702023382e-01
6.990134407201382682e-01
8.945824769262860077e-01
4.325685963188448113e-01
1.233070754878085262e+00
2.761238071677114547e-01
1.134749388007836091e+00
5.935439010825134254e-01
1.112270711728348349e+00
9.383231607390343232e-01
8.548037366763180378e-01
7.267558145809116521e-01
9.865561533677376094e-01
7.870621362250912467e-01
1.301131183365506150e+00
8.116268520049235713e-01
1.071595050756404932e+00
1.317319827815102151e+00
1.042353004281352247e+00
3.511023518312573755e-01
1.326818225531531725e+00
3.889932858525061432e-01
1.277684249085691226e+00
1.025321420388508376e+00
1.307565885705128439e+00
9.481527005018359766e-01
4.678270229360891874e-01
9.765762008146486872e-01
8.210554141769984549e-01
7.164226259551057518e-01
3.353794574044546839e-01
1.111550687364701639e+00
1.048040686570729019e+00
8.126745742626481084e-01
9.278963704627134490e-01
1.169712199620874360e+00
1.260614436121021198e+00
1.249242604852779603e+00
7.954006373878019787e-01
7.961912473398584655e-01
1.239771823086194269e+00
1.203782561296030229e+00
2.914837278968131495e-01
9.668322472221474451e-01
8.639966893716938268e-01
1.089555889253606358e+00
6.417494010531737958e-01
1.325125792162338279e+00
1.908588327154199793e-01
6.483825040934737549e-01
9.466682328337391317e-01
7.182232607108063327e-01
1.287282783798488817e+00
1.278732734985212449e+00
8.101077285672603212e-01
1.209883211120530433e+00
7.578078100567408049e-01
1.190382288948185652e+00
1.110828274483054656e+00
1.003525131556423977e+00
1.243424366705331963e+00
1.250417528932126210e+00
2.983731369814637269e-01
1.255085568636074456e+00
5.222969550850898868e-01
1.267994227485886194e+00
4.173546771983266956e-01
9.536869835897641146e-01
1.052304118131767829e+00
1.214868566810999972e+00
7.485006257134804164e-01
8.597036978019145792e-01
1.089429247656795940e+00
7.937510903665107032e-01
3.930622763547015897e-01
8.837484183491042256e-01
9.699404938033189261e-01
3.476691501062594836e-01
1.098943381246377804e+00
1.219705084973945697e+00
1.061021292817047046e+00
1.028162131411542557e+00
8.951074176123309245e-01
7.842680707824509767e-01
1.142359074600036273e+00
1.134957686869921378e+00
9.817766161973452421e-01
1.141755609855256592e+00
1.010126638586203773e+00
7.346903226820378219e-01
1.010687097828878445e+00
1.122512637710346262e+00
3.968899387988452099e-01
3.772296174405757041e-01
9.734950782559963489e-01
1.170829217051347459e+00
1.179597472394471991e+00
9.428858857633574120e-01
9.096081986986467305e-01
8.611093192091495707e-01
1.235082691729505466e+00
8.985433982077817294e-02
1.167328300949565856e+00
6.671881787733504598e-01
8.916499227295806573e-01
9.926035973738166485e-01
7.182076423093510797e-01
1.127676206729472552e+00
5.019973331448782661e-01
7.081016856094003442e-01
1.140211542882828999e+00
1.159537395770646517e+00
4.514238792796797517e-01
9.384050636899607944e-01
7.957242294834141472e-01
5.017244598638623820e-01
1.259817651982455988e+00
6.674107804306463887e-01
1.183193074733925210e+00
4.992116715978658914e-01
1.158035565177296444e+00
1.135327913428972213e+00
8.721811221203058517e-01
4.469415743814762476e-01
1.253547384943971998e+00
5.851583951309710097e-01
1.069730565167755110e+00
1.196326136448168986e+00
1.211994843525851184e+00
1.160111169013637866e+00
7.725201014829365942e-01
8.434831423771899095e-01
3.521648898751481571e-01
1.300581813673731046e+00
4.794251048243678981e-01
1.264119458361121939e+00
4.685394939028038608e-01
1.100605640918001393e+00
1.299824734206967758e+00
1.155634070940128710e+00
4.768660909301408735e-01
1.480377317716052854e-01
9.434408086386600889e-01
9.229064484304773108e-01
1.265601451755610229e+00
9.947733136029169865e-01
1.035427208280972344e+00
9.156186498368326099e-01
7.971668351958990373e-01
1.268907355812564530e+00
7.425838726134010859e-01
1.043651253996194850e+00
9.698128490902923060e-01
9.412467343946547826e-01
6.821859042138771478e-01
7.666490535143833940e-01
7.455068628849119694e-01
3.279448214037063991e-01
1.010467914731713712e+00
4.345234204533407474e-01
7.607015869291927634e-01
4.191174782935792043e-01
1.183863522094939613e+00
6.140810664727183177e-01
1.277790474931645326e+00
1.046973250631274333e+00
7.192725003318071186e-01
1.341930032891300639e+00
6.598674938792380429e-01
1.029512853199529454e+00
5.247933324612681361e-01
1.237787505945819877e+00
1.324120095813581921e+00
1.272420238760111788e+00
8.043091360792610223e-01
1.289125801350126999e+00
1.620062861377460639e-01
9.855601442155360603e-01
1.321925954969987327e+00
1.275824723062481292e+00
1.149023576958822845e+00
7.397891342282092442e-01
8.487354690086078568e-01
6.566575944838312084e-01
5.459282414422540475e-01
9.129472322299839737e-01
1.276813265837565936e+00
7.420127376417199327e-01
1.319008690517839533e+00
8.832296538081202408e-01
7.671094544572835128e-01
1.077774977362900843e+00
3.258213149281793952e-01
8.134838151633665415e-01
1.120763971836333361e+00
6.823529972251821674e-01
7.088517239272901227e-01
3.334924133069901431e-01
1.106432274793185844e+00
1.282941141081093361e+00
3.979073438081626723e-01
1.139906950278768871e+00
3.966652110613603233e-01
8.358629210806743925e-01
1.196263582312912188e+00
9.860110211324708551e-01
3.076074164413089007e-01
1.165274573565537652e+00
1.041569348764445957e+00
1.014087107840016433e+00
1.057644896104712684e+00
1.025215672971045017e-01
1.187840228599678971e+00
9.387171684599344701e-01
1.289668998251940701e+00
1.149746962281985585e+00
7.432482342912586359e-01
1.137624499826979108e+00
1.314075446742710263e+00
7.932821959706668480e-01
8.161506514632279607e-01
6.405330151531481997e-01
9.745914431363372765e-01
1.282713191689277332e+00
1.012906656014211926e+00
1.008613832484464012e+00
9.398022964215757558e-01
1.046499553943030181e+00
6.081810677776476881e-01
1.109342866219923840e+00
7.386652529518933363e-01
4.152929381254358288e-01
1.214578888290119840e+00
7.005748989727351717e-01
1.205010161544552538e+00
3.173311165209672380e-01
1.010915516033466854e+00
1.002050626303270020e+00
9.225993035852664281e-01
1.295752127439844692e+00
1.135462736897984160e+00
6.221157894031741353e-01
5.911803276178505540e-01
1.176413549808217995e+00
9.464986429408056567e-01
1.313619148515724699e+00
9.593502563705351704e-01
8.049421785873817070e-01
1.187439842355543007e+00
9.026883173088229295e-01
9.151674304156648398e-01
5.149853402369107824e-01
5.462124277479517565e-01
9.171023703862657417e-01
1.334766761445355554e+00
4.632686072151682710e-01
9.858352422987274322e-01
4.363067183582823860e-01
8.418967151860171638e-01
1.101492831487209667e+00
7.122555907618247639e-01
1.011496435317876585e+00
1.920511043558707220e-01
8.255084972883732775e-01
5.648988790677056393e-01
2.903246716670050964e-01
8.056097164916911080e-01
1.070846133734122407e+00
1.294069219989764541e+00
9.320992752694905459e-01
3.147470763342452571e-01
8.276316794587792458e-01
1.345483398560326949e+00
7.630640786915531271e-01
8.002468325044914677e-01
6.815122739908732186e-01
1.242987582728238394e+00
1.329982423757033461e+00
8.697208499406674509e-01
1.343092006590995702e+00
1.097673591606344923e+00
7.247812899930464736e-01
1.213591771813487874e+00
6.998355130789490897e-01
1.027393330908763502e+00
6.006201118142669992e-01
8.981946346157178018e-01
1.173852489454820791e+00
9.270713210686325478e-01
1.305445858178849949e+00
8.544316631034577503e-01
7.881720063362170903e-01
1.053494601774719763e+00
6.314571702157431021e-01
1.193555111848880745e+00
1.141972054984343066e+00
1.026664484445169778e+00
8.168496785453347453e-01
1.237363180365941950e+00
3.570215828078656672e-01
8.289711554284497907e-01
6.442232770772113870e-01
9.306535451206159326e-01
7.701652033497604632e-01
7.240639478088928271e-01
8.904062129477270382e-01
1.304689264665122028e+00
1.025699346764129327e+00
2.265545247361588077e-01
5.951034884026589200e-01
1.038487312052993161e+00
1.226796484333880555e+00
9.301499229292549131e-01
1.142978128273157035e+00
1.205630723749098188e+00
9.487849716514612508e-01
3.967662211624497504e-01
8.132044156801192525e-01
3.764977893422940536e-01
9.697362551951012044e-01
1.072744909314262030e+00
6.975942816630255061e-01
1.265543647364808955e+00
1.289323414208025653e+00
1.332439326803187996e+00
1.285253816562511586e+00
7.802532426824672074e-01
1.227597735064259732e+00
1.273959021588568552e+00
1.118862908076498242e+00
1.089098779802494033e+00
1.124878752561389916e+00
1.011450495958885920e+00
5.069280162888339936e-01
7.874864272234008977e-01
8.646785919536857934e-01
8.843189014500002498e-01
1.326506998328714104e+00
3.392363233162020153e-01
1.037552479588886412e+00
9.103142102128336521e-01
1.189791682389975680e+00
8.827041126122414649e-01
1.075891234654238859e+00
3.404557337208711232e-01
8.365909132781649271e-01
5.784027267925202498e-01
9.394454170337966925e-01
9.817933535933420774e-01
7.378017154845912806e-01
6.228371049344588739e-01
7.585176156816259008e-01
1.225591777971012597e+00
8.997644057489314617e-01
1.109754876804203372e+00
1.206352280747499561e+00
7.013810566537557190e-01
1.244656121384275949e+00
8.980810974188810913e-01
1.326161377983661183e+00
5.417653818501620977e-01
1.134870262794281048e+00
1.160994491148870322e+00
1.934956047374270238e-01
3.617391233484507640e-01
9.451121425702245782e-01
1.021725624570988478e+00
7.203182252062000357e-01
7.203115023370585401e-01
7.773467718138356020e-01
9.925320896754217248e-01
9.704652622021371355e-01
8.070107234642034388e-01
1.341537103400200159e+00
5.103099608958758804e-01
9.442331725819496091e-01
1.004471201809673309e+00
1.208605903792316472e+00
5.977249129399133665e-01
2.735596943467339393e-01
7.096748550973387415e-01
1.166921936300672868e+00
8.067659678953903457e-01
7.975910015335655467e-01
1.113946899356781373e+00
9.999895397559848131e-01
7.936574641550769860e-01
7.259062137889541466e-01
8.341672877148140763e-01
9.999316391706117857e-01
1.251102859609671381e+00
8.989014160252146723e-01
7.466004323299169076e-01
9.792374271941528541e-01
1.188170403945086662e+00
2.395104206275492087e-01
1.345705985081068645e+00
5.048383874541403360e-01
1.215058927297300251e+00
1.176644738162839321e+00
5.068565104020589240e-01
1.292649497709209117e+00
8.908700136791776192e-01
5.947054522375527785e-01
1.269893505642117892e+00
1.150496323722199232e+00
3.170059032285474920e-01
7.377119775986646921e-01
7.189375102846836674e-01
1.184682045513470561e+00
9.260885536954914787e-01
9.625170316733369091e-01
1.108380234832496924e+00
1.200852301667727717e+00
7.370167151943901596e-01
1.249784837506538349e+00
1.250572096270473610e+00
1.303957070564284226e+00
1.094087385929161549e+00
1.137984734716735558e+00
8.942586370683055508e-01
5.496955970354818755e-01
7.831673970109978011e-01
1.110670440909272472e+00
1.057752308726324975e+00
5.567670190669320451e-01
8.414596012302076877e-01
9.869184687970610215e-01
9.819830265526983126e-01
1.049559070683840023e+00
1.034219181512903152e+00
1.069222253090422736e+00
1.173230129017931000e+00
2.611030462149164788e-01
1.181968369131364049e+00
1.153712057597322316e+00
7.136786866452584643e-01
9.700663257874816425e-01
1.052805456115018634e+00
9.118972270742976560e-01
7.067232926104691781e-01
5.524697081869565096e-01
1.088567170722731570e+00
4.446360573857610632e-01
6.831904348099360202e-01
1.189815678927984566e+00
3.100444995291382067e-01
8.865831733350630905e-01
1.091177769054782143e+00
7.165775231779544230e-01
5.967753889373743625e-01
6.654648850069805333e-01
3.544865478879750120e-01
3.703240116601377308e-01
1.029159840876311183e+00
1.300974799793079839e+00
1.048392437840067526e+00
1.147077814790966377e+00
8.717874210795597545e-01
1.318675449332000316e+00
1.326293496434977959e+00
9.222503615170795088e-01
9.594123299245326253e-01
1.130109964525260580e+00
1.230396587962407251e+00
1.030217886999596377e+00
9.511572691281234837e-01
9.507077576605774683e-01
1.213634159608405927e+00
1.003177318968331511e+00
1.230435370124793648e+00
5.798700294150040957e-01
1.169245431295743654e+00
1.037171936177978981e+00
1.235799326743518112e+00
7.431069406531078947e-01
5.088223902184366709e-01
8.817872440761467256e-01
9.722479249366473564e-01
3.204950877067297421e-01
7.491661951080162973e-01
1.235871849523391575e+00
1.343490040100149940e+00
7.041015179774449129e-01
8.636276156174417240e-01
6.101601784218810831e-01
7.640917468770286325e-01
7.477167153101468289e-01
1.099540258951765548e+00
1.131985903574007413e+00
1.154281461404359499e+00
1.114243756046758405e+00
8.462115017256200966e-01
5.093847726572816592e-01
8.610157974709128359e-01
1.092834507785731324e+00
8.559584348750077787e-01
8.379686444640810361e-01
1.294635626371521298e+00
4.670215877021139939e-01
5.064392796449227463e-01
1.040737014031460017e+00
1.270022838431421608e+00
1.277611115198345804e+00
8.027909108273881822e-01
9.992985730279312362e-01
8.711934809289234583e-01
1.017407719144110434e+00
5.991050686379217893e-01
5.904874303368948807e-01
1.318427602627435746e+00
7.416796258664736241e-01
7.821751354040853421e-01
2.491102937182447241e-01
1.178310619946953297e+00
2.809209602952694729e-01
1.342817051054704169e+00
1.013782301456396029e+00
1.961349383795073231e-01
8.086188346420013495e-01
9.255028620775279657e-01
4.529162011580114000e-01
7.410980798363341338e-01
1.304444051848384634e+00
8.368070444707689237e-01
3.311880750656772676e-01
7.777672956332671861e-01
1.109563503853365329e+00
1.165998837048853876e+00
2.436000106635289875e-01
1.138837124871385553e+00
1.339072016178642244e+00
1.241262016420999537e+00
1.191948617451259906e+00
1.088509582246552254e+00
1.174435984811616152e+00
1.159792164391552083e+00
1.325718214334985712e+00
9.518483971519767772e-01
1.218626530678277753e+00
3.290422062066047371e-01
1.169367272064973706e+00
6.777300097440056570e-01
9.034816977801644056e-01
1.083710189937789448e+00
9.728422326516561469e-01
3.960954966922268783e-01
1.164277881113886304e+00
6.120869300775805266e-01
7.055179996348796001e-01
1.162760481000679524e+00
8.321275516966792907e-01
9.751185583262604872e-01
1.338675112550580915e+00
1.239920963586103486e+00
1.177509025934470488e+00
8.488071334902571596e-01
6.285330802233892733e-01
3.619472782111752829e-01
9.078917805255231066e-01
9.338219865599698410e-01
8.212548461073341244e-01
1.085988571060868324e+00
1.069330562925074446e+00
6.810232484947797982e-01
8.918897705609071247e-01
9.786505980536323035e-01
1.000627631494677594e+00
8.579516590872328097e-01
9.472973781097130397e-01
1.321205626369775121e+00
1.312355305439370623e+00
1.100359587399431849e+00
1.403325500902692646e-01
1.058019025823794701e+00
5.356565505875071631e-01
8.693107973461170479e-01
1.246639981406447717e+00
1.325018379693160497e+00
3.131916404969224965e-01
1.158159636351139943e+00
1.046988865894569187e+00
9.640920193595404752e-01
1.295264191778562779e+00
7.667898236219414798e-01
1.039851757055460624e+00
4.955767666357762669e-01
1.034377633575539246e+00
1.043159493494498991e+00
1.240801565912967863e+00
6.684575666797424320e-01
1.317425107985692678e+00
1.180510694009923700e+00
9.418831492604053945e-01
1.038756863648432560e+00
8.402242549397883620e-01
2.526242909412890203e-01
1.129157112914179750e+00
9.737206402470613975e-01
2.541114231670516532e-01
1.298612897750610173e+00
7.369929939543602426e-01
8.686964929351886910e-01
5.487425654320603474e-01
1.223201189136448264e+00
1.300976662042940823e+00
6.043542566771802349e-01
1.011639497704519997e+00
6.631103916254696973e-01
4.345774765781696414e-01
8.873604363102530757e-01
9.536660396978002829e-01
3.951763495852980146e-01
4.664108215113903499e-01
7.020739511230863483e-01
5.085284781200646309e-01
1.000372640971669558e+00
1.253156970473613185e+00
6.454979492723188494e-01
1.238826819237773158e+00
4.707164065204283432e-01
1.316695806374715838e+00
1.267848695066503995e+00
6.792136316625164705e-01
1.000081255748607401e+00
9.685840450761491471e-01
9.852366684442884770e-01
1.421512237858813532e-01
1.066189880754603747e+00
1.033756102022943324e+00
1.192618854543138429e+00
6.998487246930265027e-01
1.552036926025917307e-01
1.303905195469462042e+00
6.277660030966449867e-01
