9.398080972879820083e-02
1.136420363065660660e-01
1.006319146871891002e-01
9.600103579804451781e-02
1.146456055818117631e-01
8.119587406505603122e-02
1.254197091444663181e-01
1.268179924308770468e-01
8.016392832227124676e-02
1.302116050780723899e-01
9.385369593361894691e-02
9.992699370785046442e-02
1.299074542899592011e-01
9.514083623875393969e-02
1.236549926181682024e-01
5.876828926709270345e-02
1.245273300299929303e-01
1.185238307939218555e-01
1.139323830608970078e-01
9.669558352055132588e-02
1.340751251060062210e-01
7.978624944288267851e-02
1.059164685173435150e-01
1.300679284092136068e-01
9.181714254689982146e-02
5.668296496265187723e-02
8.668760938262377869e-02
1.299343757582536729e-01
1.289335728093480848e-01
8.988912401588844414e-02
9.707077244935180538e-02
1.243949474894135848e-01
1.092698191590486950e-01
1.223904219176389224e-01
1.324006441682663016e-01
1.022071791973456628e-01
1.332266499961500539e-01
1.232270952203559644e-01
1.102097381345027716e-01
1.165636382481252120e-01
1.008484076520605455e-01
9.015029492263954003e-02
7.887496518296449599e-02
8.512968809311197149e-02
1.212688908635179003e-01
6.300046352712410092e-02
9.144496789556871841e-02
1.291189226201756579e-01
1.099080815907130804e-01
1.203091515002903539e-01
9.467471715415437528e-02
1.079974855549516027e-01
8.803825805809246952e-02
8.632452449868985300e-02
9.934293305010152841e-02
1.124289304216147811e-01
1.258316635715266973e-01
1.313379335331121556e-01
1.137699795335913311e-01
1.155466072693607238e-01
6.319189090187417313e-02
1.093785694520400253e-01
1.133890888558952009e-01
1.090539309620220665e-01
1.224212008723446349e-01
1.167013897959873203e-01
9.262430088210238388e-02
1.170128462532191577e-01
6.839103839014576414e-02
1.305621996297720022e-01
1.180263823554228431e-01
1.277083653993907053e-01
1.331173956270087499e-01
1.014903468694841049e-01
1.238824851181113407e-01
8.594358339381689971e-02
6.936988206296194892e-02
8.391366985750618734e-02
9.391117250374636516e-02
1.184000195282750856e-01
1.185596341058567788e-01
1.342071382405850555e-01
1.316041023655272479e-01
1.312333768089167518e-01
1.196707602985999097e-01
1.206849040458196076e-01
7.916145272426597379e-02
1.227845315696100281e-01
1.315511471004167932e-01
1.302586487999342069e-01
8.160423382914556989e-02
8.554597309642279768e-02
1.148675477487072633e-01
1.250465484925930570e-01
1.225873200468876045e-01
1.197961511862651318e-01
9.137502387661279590e-02
1.346390271213044609e-01
1.153193318886819030e-01
6.558707503243434156e-02
6.374250492357978748e-02
7.767177274397010778e-02
1.319828707280569779e-01
7.740228748379598955e-02
6.982875855358387784e-02
1.012781942479333425e-01
1.330430336741339759e-01
9.170400669472690558e-02
6.449808976541651639e-02
1.263653872803023326e-01
1.332541859933873696e-01
8.067043891369390929e-02
9.708509264273726402e-02
1.067054841389095399e-01
1.164670932772602779e-01
1.300329538746881619e-01
7.148537850124631055e-02
9.269059778360183577e-02
1.030962604846878544e-01
1.078318854587876768e-01
1.235061882429865365e-01
1.280312537410492058e-01
1.009410120782904818e-01
1.227253727624412760e-01
1.297916969136918841e-01
1.046235586643748661e-01
8.338035790236095202e-02
3.756340349962698777e-02
1.073573373282824678e-01
1.214539360102537546e-01
1.083483778198981035e-01
1.253966647817858493e-01
1.273465371588953787e-01
8.996133597919872549e-02
1.322245849979687138e-01
1.079585905344993962e-01
1.238114313231135216e-01
1.074184325876359342e-01
1.052210006841959450e-01
1.006215717730059439e-01
1.302995266924544537e-01
1.283922436270020784e-01
1.067890369966955355e-01
1.224322095195202464e-01
1.280832841507924258e-01
9.969616358161950687e-02
7.405673509183020864e-02
1.045694834130795475e-01
1.270193290355060289e-01
9.388376058538251689e-02
1.339879160702016903e-01
1.090722303078531658e-01
9.480428973892242317e-02
8.318387163434211307e-02
1.254517441155398871e-01
1.288745669180551279e-01
1.215790368482351780e-01
1.042994342562680032e-01
1.026059950783931585e-01
1.283109289223696714e-01
1.280418496645729931e-01
6.274441995251492377e-02
5.858466347143567732e-02
6.053360899535280976e-02
1.093402585733785903e-01
1.055313668697432372e-01
1.122929222413379530e-01
6.379565278071709644e-02
7.084139457265191397e-02
1.071183499416419327e-01
1.243470366993704584e-01
1.175066324109020899e-01
1.268756549879097029e-01
1.008419891554733078e-01
1.001678272811025450e-01
7.756447501117005872e-02
7.540968970737735311e-02
1.330574462936122415e-01
1.067148502657408737e-01
1.154572080367969461e-01
1.313656112333039250e-01
9.720289472567358868e-02
1.027473022083941340e-01
1.261254279368331510e-01
1.257102585573125486e-01
6.963916573422235246e-02
1.245653354541783886e-01
8.442540044023995327e-02
1.185946175018235405e-01
9.426221102222775983e-02
6.550507457617033014e-02
9.234823550539993098e-02
1.031667164101340850e-01
1.241517418337628048e-01
1.239613370454549918e-01
9.993031156610064636e-02
1.254171908289373472e-01
6.971083966580791935e-02
1.009206121305585430e-01
1.233472992978106031e-01
1.204101693298537251e-01
1.112690649779621982e-01
1.333090689331993539e-01
8.436146327663911204e-02
1.146030226660754853e-01
1.175726600986738146e-01
1.325501924745691174e-01
7.216201684017151119e-02
1.309427431389859620e-01
4.628149703694643680e-02
1.143659068905343856e-01
1.331239867188214465e-01
1.292434687932939585e-01
1.095955676181077088e-01
1.032136340820657139e-01
1.215725631806204715e-01
6.742687029245499064e-02
5.755203757147129423e-02
1.271685004985312895e-01
1.000896585322043203e-01
1.057006311150191641e-01
7.446832393159624752e-02
1.119887755904798998e-01
1.303155173652968402e-01
9.650919165452223614e-02
1.285598619708944734e-01
1.166346895562521135e-01
1.071157543930180422e-01
1.255426490302981590e-01
1.281373735395469060e-01
9.737266817486259218e-02
1.137508264556971460e-01
1.225587087148373722e-01
7.918004300976504151e-02
5.581252074031644445e-02
1.202830320128938368e-01
1.159024074180985825e-01
1.026560015881086974e-01
1.244142342753559033e-01
1.170055685419351399e-01
1.337191491747314054e-01
1.330644279934487528e-01
1.307572008501192984e-01
5.786906625926534209e-02
1.218387375001261930e-01
8.314583484630198862e-02
8.687511405180460555e-02
1.251340514734761711e-01
1.124149006676859741e-01
1.138774141242684113e-01
1.209552732537921699e-01
1.300464427976911475e-01
1.297175340744105010e-01
8.168134162873745552e-02
1.080094580316906666e-01
1.345025170183371532e-01
8.520816907963277287e-02
1.050442303747521899e-01
7.633057477471560937e-02
1.136500693008104801e-01
1.248328540972259842e-01
1.318364947438225299e-01
1.070237547786203613e-01
7.775952307057792945e-02
1.085242113475921033e-01
9.442654917276832593e-02
1.053819683613940877e-01
1.317140945476685254e-01
8.030617695590608340e-02
6.480134012271798749e-02
6.429160192702540466e-02
9.422962451910883719e-02
1.023940345288807396e-01
6.977219409518714555e-02
8.758992102922831535e-02
9.913916462313164535e-02
8.161856028054362278e-02
1.276129511660295257e-01
8.450838280393506430e-02
1.306802515004253373e-01
9.128067504698232637e-02
1.302235100373783649e-01
1.272696186832703580e-01
1.258368013308940603e-01
1.237948320605483377e-01
1.231585880037349562e-01
9.776981168404798306e-02
8.618448386128065020e-02
1.038465191187029069e-01
5.513717962670954681e-02
9.038494154644975687e-02
1.217529058492939353e-01
1.174622855392779969e-01
8.363242211778804114e-02
1.185417075102721540e-01
9.252861268499851244e-02
6.611486446241426895e-02
1.020181667275553428e-01
1.263788448594803937e-01
1.274331635193488022e-01
1.057285433135029262e-01
6.673680397226931793e-02
7.218709640398880689e-02
6.414364191932643566e-02
9.861613807669673826e-02
1.135802141224217798e-01
9.072946003950584093e-02
1.194535678969633474e-01
1.304513242273938056e-01
1.127059444453051562e-01
1.250755465805811206e-01
1.331131271352232193e-01
1.163852642658969871e-01
1.069496790109128598e-01
9.441616332865661321e-02
1.222089040704424090e-01
1.158364127063336302e-01
1.234705945227680540e-01
1.094629804980497001e-01
6.208477048969825857e-02
7.589372339292214942e-02
1.030435741924637105e-01
1.149556498523950504e-01
1.111027909907279926e-01
8.108712919008334574e-02
1.179634725614852053e-01
9.608124675092287459e-02
7.691483828011672075e-02
1.304562365650988875e-01
7.224439940260519999e-02
7.942477444257071972e-02
1.236472016354045883e-01
6.125738925109570909e-02
1.337159883426015106e-01
1.054666962239006328e-01
1.259223055948666681e-01
1.263756976016413569e-01
1.028872152706975657e-01
8.686422598929684213e-02
9.012059707710590173e-02
1.199210866921130575e-01
1.170740451758854189e-01
1.110098370837138138e-01
1.181221061349848889e-01
9.876460788169340310e-02
7.405217207541837932e-02
7.553464880675775373e-02
8.688902451356254886e-02
1.094572412050966032e-01
1.239600326739361963e-01
1.252653244737068905e-01
1.207558465469412978e-01
8.855654038064475486e-02
9.174035200888203123e-02
8.642028305759798246e-02
1.159873456816858106e-01
1.239272095012759894e-01
9.787390839660486952e-02
8.718501847685734829e-02
1.273628564463269441e-01
1.203677199467360487e-01
1.310092333415165955e-01
1.075648337404923882e-01
7.759822937127366926e-02
1.302890831101145286e-01
1.288290048337929761e-01
1.143366798010642671e-01
1.030946598185345092e-01
1.188207868165239711e-01
1.338812404952039459e-01
6.881491705062464659e-02
1.240186595744209308e-01
1.331106894133609331e-01
5.994296466950740920e-02
1.038239281274410120e-01
8.178422574246001220e-02
1.164447078557417220e-01
1.318995721614559524e-01
1.095206093691390020e-01
1.137675883020265455e-01
7.116124843070330275e-02
1.252197727711378827e-01
1.279980492261076908e-01
1.274743812408723198e-01
1.177522337846779871e-01
8.178546643004001859e-02
9.668407465300005166e-02
1.242452777502881106e-01
1.309411438674651096e-01
6.822533777441121272e-02
1.152678604168265036e-01
1.154170896491157061e-01
9.308973455257452123e-02
1.274820548133521192e-01
1.337365414033941657e-01
1.003986541829658130e-01
1.325835709504580573e-01
1.307476692174268096e-01
1.019286749246761103e-01
8.306521169656939929e-02
1.295935941675989134e-01
1.325993512333525359e-01
1.248367261541248330e-01
9.071509936049614031e-02
9.639491774418165737e-02
7.172217920769517752e-02
1.332418880571398512e-01
1.021745842953338812e-01
8.552215367942943292e-02
1.280057120617016653e-01
1.134745139563279048e-01
1.176620591146786132e-01
8.331101022924564115e-02
1.172073078008800395e-01
9.236852443812942903e-02
1.119972507531811212e-01
1.061177504253305870e-01
1.229828673276651962e-01
8.658200792049962347e-02
1.181926442505004116e-01
1.085618288137109450e-01
7.522570094039911226e-02
8.132769885705638802e-02
9.573345687431508710e-02
8.483458162808557579e-02
1.038188234005655991e-01
1.148247617104725254e-01
1.306260974781211781e-01
1.253306607632934389e-01
1.106341708615740660e-01
1.340675936157678105e-01
7.181074705020751292e-02
8.932273390313992534e-02
9.317043796043399106e-02
1.238237619065524764e-01
1.115030825617972648e-01
8.239902088009917747e-02
8.986696077337263944e-02
1.184393814440319603e-01
1.007054526689445534e-01
1.306373633825446412e-01
1.240999714827221712e-01
1.255482204764739040e-01
1.185559294959597082e-01
1.336773958384489536e-01
1.018785828561773188e-01
9.393388444149106120e-02
1.145074597254861493e-01
9.687928254673514039e-02
1.269829519549772745e-01
1.325992199894504564e-01
1.258541860426536096e-01
8.659632392700476744e-02
1.306192330421679371e-01
8.353703966152123406e-02
1.243258502739115062e-01
4.421294669708015351e-02
6.865795570541073645e-02
1.061209739195418389e-01
1.002927940797175704e-01
1.286677851840462294e-01
9.585406694866210886e-02
1.201005668743082982e-01
1.314080417855911231e-01
1.161501078947807797e-01
1.296064454482868111e-01
1.178952369894214619e-01
1.050930332211663515e-01
1.278884055936602149e-01
7.812054635677712078e-02
1.222741714099447319e-01
1.173506226615556453e-01
1.178161844243943712e-01
1.314391015269116558e-01
9.742394462578116143e-02
7.209581345588955692e-02
1.057848696012081563e-01
1.284101109683405961e-01
9.503374125174139653e-02
1.206920297524776975e-01
1.219259720426791732e-01
1.121037683602259249e-01
1.271529161096104366e-01
9.245943741082979228e-02
9.705217030661739130e-02
1.111382894289832945e-01
1.090263243374223756e-01
1.339689780619446324e-01
8.181948340603166503e-02
1.182852403323090551e-01
1.343691843181825107e-01
7.080330773556209323e-02
1.264552209458258136e-01
1.150941573224357473e-01
1.027642058203887682e-01
1.258540027968644559e-01
1.155423731961794931e-01
1.297009775808072862e-01
8.602441515166142638e-02
1.213196539462080004e-01
1.016937677971744836e-01
1.237500571325258064e-01
1.328004972793590810e-01
9.614113880681822433e-02
9.277039298108656629e-02
1.083710748329975992e-01
8.318779918387513017e-02
1.151193921794967517e-01
1.236530413213272339e-01
1.278820130616761530e-01
9.422076156740458175e-02
1.162530238016153544e-01
1.276420233221357281e-01
7.921446741079361809e-02
8.950060777114103583e-02
1.291901370725047626e-01
9.962767563857360953e-02
1.327996616069105074e-01
1.300101640089486588e-01
1.219276473995074134e-01
1.249739798885703135e-01
1.304801485052895227e-01
1.052627660231212625e-01
1.247806857268046188e-01
1.235221773457234468e-01
1.209369247372655970e-01
1.076712974281401614e-01
9.484493862248891127e-02
1.099348984070643298e-01
7.564708087670447834e-02
1.346486883581314575e-01
1.334585352720893403e-01
1.041663892064339514e-01
7.525764798542185219e-02
1.326108826070651892e-01
1.282325408865554739e-01
1.184295770474673160e-01
1.294611190686554003e-01
8.668704759715460673e-02
9.668410341522851170e-02
1.333387516003688711e-01
1.335961046350913339e-01
7.357572084310913529e-02
9.189355778494337490e-02
8.111080879609827710e-02
1.168942152767627057e-01
8.369702604678667945e-02
1.001039183782962416e-01
1.058843503065029362e-01
1.289132831145273772e-01
1.133565939758530289e-01
6.908186698965938788e-02
1.187675173485024799e-01
1.186619093184481111e-01
1.083195497257106593e-01
1.285866447056983053e-01
1.205860499527543206e-01
1.252917453897929023e-01
1.232554435295831474e-01
1.322597299107078628e-01
1.276621977036554167e-01
1.176756075064038509e-01
1.068060706815348038e-01
9.630557929261239491e-02
1.281598639036732046e-01
1.174405294011668793e-01
1.164732775610611837e-01
1.245792757607516038e-01
9.695815868866464182e-02
1.070505048919991736e-01
1.274705523779908201e-01
1.181860676842037133e-01
9.264812695134758136e-02
1.285824622493288161e-01
1.064769845295894385e-01
1.256507388454884411e-01
8.641149915996576558e-02
1.108675986822499626e-01
1.142196885653907479e-01
1.115483175416932538e-01
1.325778643292984393e-01
1.105783667774137141e-01
1.071145819660388465e-01
1.140621091305239476e-01
8.485290501304210142e-02
1.160400557762461954e-01
1.186031272678784859e-01
1.319773815001818729e-01
9.001088830709315369e-02
8.396154919591200527e-02
9.940880922377123841e-02
1.098677076009886289e-01
9.845584952024841185e-02
9.493678350181178338e-02
1.094371227630413085e-01
1.114036206384024646e-01
1.244119628628638924e-01
9.315982134399893033e-02
6.536979275480730989e-02
1.010552198622726994e-01
1.082031007599193323e-01
6.365895955800479622e-02
1.151937985586747593e-01
1.294260983359323269e-01
1.253246578948145062e-01
1.076638107468055605e-01
9.366052518625722634e-02
1.301006497885405233e-01
1.250066251714875010e-01
9.322016293862517289e-02
1.162490583073756828e-01
9.944027848286957072e-02
9.828416872841608254e-02
1.296090888236525462e-01
1.063804412301650459e-01
1.202051600597195125e-01
1.216904134947736360e-01
1.125523403630569186e-01
1.220508371565723199e-01
1.344347957193781362e-01
1.021757636399719393e-01
5.113783663374374400e-02
1.300314143037955839e-01
1.081981164712708110e-01
6.959193329181470600e-02
1.342086752371305924e-01
1.182083873861098922e-01
1.134076666407271144e-01
1.134640068885943986e-01
1.334713322452726059e-01
1.342350366038146947e-01
1.247981475109874727e-01
9.414843939224272484e-02
7.895516451159953486e-02
1.340513060002125056e-01
1.059889761479993753e-01
1.065776221277710961e-01
1.143564956417663508e-01
1.155321954627768904e-01
9.880293483526177145e-02
1.100890407556265743e-01
1.087926305016397449e-01
1.086045835252899966e-01
1.061087970099656996e-01
7.528210098598248079e-02
9.024775107730677315e-02
1.187661296086438001e-01
6.104481330043257103e-02
8.522067150853163131e-02
1.114844367022320426e-01
1.110959370604207436e-01
1.001603589475614231e-01
1.221319023904791634e-01
1.237784917858051614e-01
8.005188369398269499e-02
1.016278146333502858e-01
8.721035191452826407e-02
1.264873590027249528e-01
1.315674214927544106e-01
1.287949417830747956e-01
1.060188952100954290e-01
7.264620735239921134e-02
1.259018851771042669e-01
1.273050148823914596e-01
7.933645100537017880e-02
7.156735620324866654e-02
1.162285279300108304e-01
9.403816028611339251e-02
5.678458809903801086e-02
1.189352184704140919e-01
9.767064352605082933e-02
1.102949489132558636e-01
1.151601027322557147e-01
7.217138920428387006e-02
7.619384626080748235e-02
7.900009478893614545e-02
1.223563048159326538e-01
1.186442132346026690e-01
6.953854764939411404e-02
9.711919428450410674e-02
1.097244277320498645e-01
1.032860947247326300e-01
1.124973205273483712e-01
1.329093542802954331e-01
1.077898738339543028e-01
9.215650137139110021e-02
1.190328640812424038e-01
8.702581233880281320e-02
1.153213415210147252e-01
1.248220650753900651e-01
1.094469868840427518e-01
8.749917851973652849e-02
6.504993229691424794e-02
1.006671427075672143e-01
1.224454762066741337e-01
1.142383365123913197e-01
9.769229756002335840e-02
1.180156010484509771e-01
1.336001841104397236e-01
7.499606808060302332e-02
1.103528629738873418e-01
1.191230660006350195e-01
1.040906596715193977e-01
1.269983498440053760e-01
1.345921609557951537e-01
1.341318668505134259e-01
1.253612664783016473e-01
9.691239470652314447e-02
1.036516790981552305e-01
1.162913735715725705e-01
1.316825870285837641e-01
1.006129316435804832e-01
1.293849845384637265e-01
1.086607792697403263e-01
5.759916997307159420e-02
1.242373083592598626e-01
6.216297858639449614e-02
8.139471199730931306e-02
1.299972854954621615e-01
9.909527572309780041e-02
1.131941315286843219e-01
1.245249638948043858e-01
9.430710706312628311e-02
1.089696922628633491e-01
1.026079038358984341e-01
1.194075598367548841e-01
1.262222913429346671e-01
1.284714446676784028e-01
1.092325575346205918e-01
1.016414974899822049e-01
9.484583930701015464e-02
1.011707401166311027e-01
7.008973605877039104e-02
1.200117396176025308e-01
1.191057804864111974e-01
6.221409392670052690e-02
9.329319204133165733e-02
1.257607257785441912e-01
7.163642651964481634e-02
7.597309377671279673e-02
1.049587602315277673e-01
1.143638988840409987e-01
1.265133202683758340e-01
8.843420166367765844e-02
1.336382443028627243e-01
1.052250659321839199e-01
1.200324641806385234e-01
1.134227726784604040e-01
1.118225772176472399e-01
6.980598017858406779e-02
1.172931277566459096e-01
1.004492457303315378e-01
1.018763320886756085e-01
1.265803011238479381e-01
1.273554878068794971e-01
1.068558005172720732e-01
1.181357940879835533e-01
1.107721075856537979e-01
8.274280774460940346e-02
1.283489108777819687e-01
5.089498800029541858e-02
8.966720795030136415e-02
1.297756954816596531e-01
9.881454283026300245e-02
1.291189205505368365e-01
1.319667289095804164e-01
1.290500749475601561e-01
6.470042393494876420e-02
1.325396401556900305e-01
1.194080456909245719e-01
9.928832987420338485e-02
1.265162666405909575e-01
1.182102284620325239e-01
1.168379005139707910e-01
1.299531240199844895e-01
1.050804890456263352e-01
1.341921273968176564e-01
1.328570828381572810e-01
8.862541734326073728e-02
1.328012028792771027e-01
1.008298333725689833e-01
1.104693399746640436e-01
1.053448170497994218e-01
1.325817075995507910e-01
1.251142005458937834e-01
9.919051647790512460e-02
1.191754470900301538e-01
1.156472801769988096e-01
1.112860924760060849e-01
1.261919790288557608e-01
1.065919314837278781e-01
8.819788920748139471e-02
1.328026714739507508e-01
1.091003274837384629e-01
9.906282167450086718e-02
1.181868995733556527e-01
1.107841336567173540e-01
1.325900858187190612e-01
1.230701805966522289e-01
7.024010504908709263e-02
1.083858130367497397e-01
1.220805207181528823e-01
1.048259642518961227e-01
9.206599995102128509e-02
6.927594366379058455e-02
1.281454753852938611e-01
7.685277852634062046e-02
9.789678817886283968e-02
1.209074720599693648e-01
1.249598953966013642e-01
9.491125230569466553e-02
1.272833598917740006e-01
5.970418389882909543e-02
7.080377763267566016e-02
1.295331644129516235e-01
1.099996341596256172e-01
1.174323696221367813e-01
9.707158830927914428e-02
1.057074641118355696e-01
7.893667458669412218e-02
9.255061333809525004e-02
1.175208061079848487e-01
1.241123081594434630e-01
1.132313791601162328e-01
1.238444558705720927e-01
1.260677997018987695e-01
1.198033236625659081e-01
7.935062804370913991e-02
6.392308837118393372e-02
1.174744870300176991e-01
9.856208007259370518e-02
8.272716712327624067e-02
7.664266483237561212e-02
7.512144757305384835e-02
1.206842249562572050e-01
1.155597329746566315e-01
1.045796263020242201e-01
8.526842039138012030e-02
1.076624643789698965e-01
1.326265385976087563e-01
1.258026635251090486e-01
1.262894979487407809e-01
7.614423556239370561e-02
6.964692326891364083e-02
1.124906675361834474e-01
1.331751559875272994e-01
1.119879475695778615e-01
1.269492835570920630e-01
1.287807408361650030e-01
1.306274483871738001e-01
1.278789378942976340e-01
6.918025133687843997e-02
1.198442641090675387e-01
1.320805431022349374e-01
1.176093713113273015e-01
1.234263542242326761e-01
1.117110088870008899e-01
1.103363567666805767e-01
9.880535763701124574e-02
8.254052623963711866e-02
1.116359667280171081e-01
7.038157565923598702e-02
1.126350025685187439e-01
1.068229203410612366e-01
1.306070023863255825e-01
1.217439395945211222e-01
1.192823424906611085e-01
8.463257439620190670e-02
8.697153258732169545e-02
8.511818458227533857e-02
1.344360687834575685e-01
1.295026604642639800e-01
1.343225967515262742e-01
1.100787459148086928e-01
1.169568900146011059e-01
9.482961688719290794e-02
1.179530720205620720e-01
1.055063046284464429e-01
1.291467177796934984e-01
1.239614286858509579e-01
1.218490187911373951e-01
8.643932305813191441e-02
9.094491718509711831e-02
1.171299019644798378e-01
1.117428207758748154e-01
8.185709840123847614e-02
7.228416623685754439e-02
1.035726778274857207e-01
1.194302675311176704e-01
9.256092298941696883e-02
5.786810695916796976e-02
5.655178809223892350e-02
1.233271825346682199e-01
1.103100413895065218e-01
1.076107027105805553e-01
8.594312705621694193e-02
7.319615572328699860e-02
7.027689986315843740e-02
9.298718368355893271e-02
1.302518966670718203e-01
1.100350674162822590e-01
1.161195360837317114e-01
1.138172938521681693e-01
1.036306189315151505e-01
1.183771259021711292e-01
1.293945861360092930e-01
9.856876692449921540e-02
1.020482513821108772e-01
9.045855251380877093e-02
1.249665195524588268e-01
1.116631585037342611e-01
1.318898967962193747e-01
1.316138127986513917e-01
1.317916139818398058e-01
1.197865614611784701e-01
8.279362834962009088e-02
9.710024225918950647e-02
1.314568016814490203e-01
1.227903435144027111e-01
8.856531945424525598e-02
9.208318524202145638e-02
1.276552672354861195e-01
1.222778006800100403e-01
1.237557898534257100e-01
1.108492074184844328e-01
1.286378174437544653e-01
8.878769222763353841e-02
1.025328272744773644e-01
1.016148438629271844e-01
9.931504058833617865e-02
9.702057847333200868e-02
1.214979169565622158e-01
9.790253253442371406e-02
1.158310368752725472e-01
7.874970145179327474e-02
9.564495492751245997e-02
1.328575368215846042e-01
9.424325773833787390e-02
1.221380383955654736e-01
6.468020324731670045e-02
6.688091274294788446e-02
1.264973720300298921e-01
1.114065510196707159e-01
1.324557486899148873e-01
1.334393928795447049e-01
1.250832584492983512e-01
1.133031401064100580e-01
1.264383037654008002e-01
1.082040370885843372e-01
1.159853567396093715e-01
9.953000301694132912e-02
1.255713617070914889e-01
1.223993373374862165e-01
1.085962404873487830e-01
1.272709362131075606e-01
1.008088674805199536e-01
9.993286003080695257e-02
1.057852188762771067e-01
1.132204501082846593e-01
1.220863864680421379e-01
6.569216885384242255e-02
5.075616530458042924e-02
9.014482755486878662e-02
1.189459075432860030e-01
1.158379951145389469e-01
8.859091444337191534e-02
1.050665965835073795e-01
1.198480205849525443e-01
1.174866951834276085e-01
1.043589818727998220e-01
9.859844884505536422e-02
1.182003914909633413e-01
1.314302021222642503e-01
1.023626274624704902e-01
9.392530592326699124e-02
1.164700086587736050e-01
1.223564399958609883e-01
1.118183724122509409e-01
9.623168149495850421e-02
1.283758507571922391e-01
1.314216545316343743e-01
1.334489684450846092e-01
1.259761959625684824e-01
1.169019050897974060e-01
1.314649788958570376e-01
1.134073124005682554e-01
9.769973453956717901e-02
1.156139711497408407e-01
8.314757040136036559e-02
1.203157733683182518e-01
1.072270738675103613e-01
6.081542061416617129e-02
7.103067086876957426e-02
1.037820169699413125e-01
9.892839722919588574e-02
9.821809413627125007e-02
1.056531555279975609e-01
6.624552358071739144e-02
1.200967818367870421e-01
1.231111355731831641e-01
