7.749465958105784900e-04
1.076571329577143046e-03
9.764592837725857757e-04
7.967021554048839922e-04
1.202112253460466997e-03
7.539274346428793527e-04
9.765324903617455740e-04
7.463806497725568789e-04
2.337917750565883870e-03
1.289250545269496036e-03
9.453590426106674898e-04
8.086663415362965171e-04
6.938708760025035773e-04
8.402542177418946328e-04
9.794989681854075845e-04
8.794969404606790700e-04
1.041500195842910573e-03
7.921376444891392978e-04
8.302209379055660405e-04
7.898950111826297856e-04
1.240201707872450564e-03
8.150884231908435331e-04
7.163057692572210537e-04
1.065953575341462099e-03
9.579776615761324658e-04
1.194289029675038756e-03
7.125277226480786555e-04
1.065813936389726699e-03
1.228946909865882798e-03
7.189979719971386751e-04
9.840959246281795123e-04
1.045465100024800271e-03
8.518864756655824926e-04
9.594952686383746623e-04
6.832803525194641172e-04
8.295990571059474496e-04
9.227885104240715142e-04
6.728127124206909710e-04
8.977814985438267205e-04
1.404944401991558298e-03
8.872399014201701227e-04
8.800541229951069520e-04
8.782662140700182732e-04
8.223200199091023352e-04
9.104874917902750333e-04
1.017549224440885552e-03
1.185013446189179739e-03
1.919653599602012036e-03
8.608599941487103538e-04
1.053658894319702130e-03
1.123639164495255586e-03
8.646265954830608226e-04
1.706815243861197927e-03
8.809470203790029357e-04
1.066572742690306613e-03
1.155801726254251103e-03
9.479248985462801870e-04
1.341745007133207743e-03
7.577107296737771100e-04
9.520866763871267463e-04
1.032931363368632879e-03
9.284412314642006810e-04
9.024430650886633605e-04
1.065389051680982547e-03
9.143654346227395903e-04
9.275564751120787561e-04
1.053153483704867208e-03
1.636701250706669138e-03
9.153361729606367993e-04
1.037692868641518955e-03
1.341252292221992506e-03
7.729204143986152147e-04
8.845866100200448171e-04
8.877356418150651350e-04
7.068649469826220662e-04
6.991135430611643015e-04
8.784399806308905738e-04
8.076843172994758926e-04
6.905409930996643650e-04
9.483070869358927422e-04
7.891307468257094306e-04
8.496604847731824457e-04
7.960761406999841607e-04
7.121469160574381112e-04
2.009595461660842238e-03
8.503999948890656087e-04
9.286734192280330161e-04
7.705559658841677024e-04
9.005018054475410778e-04
1.091725541401968817e-03
9.702330095122902939e-04
1.025149637848930297e-03
9.465623271407276693e-04
1.296604320507781585e-03
7.827825110895031717e-04
6.992671835983161818e-04
1.056714407590893376e-03
8.678382024499704242e-04
7.691743080656067346e-04
8.382009768048241920e-04
7.490745552642263808e-04
7.067822026114416048e-04
7.953323767404077991e-04
8.965574846823644219e-04
9.928460316852890776e-04
9.004825433921180610e-04
1.107072538814311271e-03
6.900151683163414278e-04
1.269387007415152986e-03
6.736332111288035468e-04
1.077921745089666528e-03
9.214605705216803852e-04
1.241580280239224345e-03
1.098830193715398182e-03
8.958912263038430746e-04
9.333618563119465460e-04
1.332058335712024482e-03
8.783624825257758907e-04
1.491908665841971742e-03
1.013454514492819229e-03
7.428729867567738371e-04
7.810076236113619973e-04
8.613154585337220353e-04
7.891889356128809190e-04
9.350834596132530201e-04
7.557250245341746650e-04
6.737265708953362473e-04
8.614055592249636288e-04
9.505892248211899329e-04
8.109042259878597057e-04
8.908267899984025767e-04
9.678567400205437699e-04
1.678722849655036112e-03
7.139931702070090834e-04
1.084422016362943152e-03
7.196758962190897418e-04
9.536783236796373591e-04
6.978520538404202941e-04
1.301191706902247612e-03
8.891218173306020571e-04
1.216214604259296646e-03
1.354149811044414375e-03
1.032500032543460762e-03
1.123901299760615702e-03
1.250573998913180303e-03
8.515312924370800748e-04
1.054778104325704681e-03
7.495479408391308171e-04
8.693842387356655235e-04
1.897251584698450219e-03
7.088854152848405058e-04
8.069271873192027187e-04
1.860083074101050388e-03
1.026726354786975347e-03
8.681980291378073311e-04
8.521461324525744308e-04
1.057218340470249393e-03
8.879384870051038959e-04
9.271399533369185236e-04
1.041704429435495044e-03
1.039481142925373662e-03
9.374510991308767456e-04
9.474203465263915987e-04
1.058228379330203566e-03
7.378644356688222753e-04
9.398353432670007376e-04
7.965636056037839413e-04
8.173662543386560732e-04
1.065787124147664919e-03
8.483593522388486845e-04
8.352996535222169871e-04
1.147942261489267191e-03
9.666886443299980460e-04
9.031511749725552570e-04
8.541816067965892932e-04
1.062519770136283572e-03
1.217025342833288068e-03
7.067345741499641036e-04
9.527501770296580063e-04
1.581835665687850731e-03
7.156625148170665199e-04
1.197297828094328513e-03
1.037434252717035288e-03
1.070168644444351429e-03
1.477412583996072851e-03
9.115916012178731280e-04
9.362890642262605744e-04
9.160435141724102264e-04
9.245261631940326734e-04
8.698705090576624695e-04
8.239441544377997450e-04
8.324854512451444364e-04
1.027001645919406328e-03
9.601655267420976594e-04
7.623804664647378234e-04
7.127373406528350044e-04
1.561238726823514084e-03
9.253373982855010770e-04
6.961629632654434911e-04
9.747064454287291541e-04
1.122798186461047495e-03
9.336397255227179637e-04
7.670487838403913490e-04
1.111590876466153968e-03
8.550299335808296021e-04
9.850675172616146780e-04
1.379031297077757106e-03
7.710700468410396210e-04
7.614160600224260510e-04
8.813937677980165268e-04
8.465592259065173259e-04
1.074990942932485625e-03
6.896988689067147906e-04
9.883919261566645204e-04
1.135235784060337769e-03
9.064999629754189785e-04
7.992623619527660641e-04
1.420333079590285503e-03
1.110819547808442574e-03
9.694345308735610690e-04
9.794594732475112898e-04
1.129695326250812178e-03
8.977737024877327368e-04
8.713939451630749048e-04
7.411524870291933634e-04
7.938708049974020848e-04
9.791881332454827665e-04
7.664227878828058739e-04
9.373969706921031486e-04
9.448387940978598791e-04
7.672757464560057191e-04
9.662310955211486207e-04
8.357808341283686415e-04
7.920295909724571438e-04
6.887470318313872143e-04
1.085936759469178104e-03
1.014260206549712781e-03
8.434125125039250220e-04
1.537743983551988387e-03
1.289754116657628380e-03
9.030046190992858371e-04
7.552648715727878570e-04
1.107409932827377796e-03
9.368353952902201643e-04
8.180553346930277822e-04
7.941812849120917809e-04
1.054434580538935210e-03
7.721949037825787511e-04
9.644869051942636965e-04
1.751398111989819041e-03
1.163446780526677634e-03
1.106689899319964962e-03
8.904436917180631305e-04
9.017893850124727041e-04
7.828531342840684779e-04
8.476347549442222584e-04
1.226818851535041444e-03
1.284290329506914156e-03
1.097288712189308261e-03
1.427290047732994319e-03
1.083599763533703254e-03
6.911917167086302320e-04
8.159615145345374028e-04
1.016179754593692520e-03
1.595731693961241742e-03
7.081153596689866974e-04
8.631257465082358294e-04
8.446413976885007620e-04
1.928657815707417265e-03
1.286002783880923128e-03
1.645304181655910360e-03
8.376306926570340665e-04
8.166085171397301527e-04
7.118364590616584574e-04
8.670201569501986361e-04
1.131337213274966101e-03
1.392402290087540410e-03
9.850579312692434811e-04
7.324925719212859983e-04
9.611984788407791159e-04
9.279532698243451831e-04
1.950151373094274236e-03
8.882656440596661210e-04
7.041462118953576007e-04
8.645624559161253081e-04
8.904341901394605520e-04
8.558963338476091500e-04
7.759576146796732339e-04
1.238021995241428939e-03
9.491811083743500804e-04
2.060561120656216171e-03
9.355873363353803219e-04
7.532677379833296752e-04
9.678634486952222664e-04
1.225834854583366176e-03
1.186022717985617692e-03
1.071436241471318898e-03
1.422794517050598746e-03
8.287959167258852075e-04
1.161956529770281910e-03
1.309127745065747153e-03
1.135994872861285617e-03
9.331271535293219179e-04
8.894302927600553207e-04
9.148468844300552093e-04
2.843409247641341762e-03
1.360919470405431986e-03
1.534606600332727314e-03
1.129458199978978106e-03
8.909147667662401567e-04
7.417798244172376298e-04
1.053794688078729018e-03
8.936102621735661456e-04
1.014587658004140712e-03
1.007278426700283086e-03
1.089762100865391539e-03
9.881199988308443996e-04
9.387475036631412256e-04
8.318831952253168734e-04
1.097868702534275653e-03
9.251640937749869287e-04
1.152780150067407670e-03
1.285698652614304226e-03
9.603502220793781134e-04
7.743893374830565848e-04
8.685030924064694822e-04
9.376288284393198861e-04
9.825720078171645833e-04
1.162914690154919677e-03
8.740813416772588284e-04
2.180766574532234936e-03
7.157642696638538823e-04
1.469877391418318840e-03
1.108666388040897280e-03
8.426374183395201733e-04
8.570085498816642144e-04
7.331386875477244151e-04
1.156334124134457669e-03
7.180755332460360711e-04
9.695268358064529791e-04
9.270606480319967205e-04
1.432545692723419771e-03
9.316434857486527920e-04
1.256118822865845853e-03
1.796040877782644580e-03
9.328851555795426810e-04
8.937011072384945607e-04
1.126796566449754945e-03
1.114791282214743287e-03
8.564705351783277786e-04
9.353338310687098331e-04
8.040551524268826650e-04
8.458007883776499057e-04
8.499601243791856352e-04
9.693273963939327310e-04
1.000785001452409936e-03
8.132373858677107966e-04
1.348226325186165650e-03
8.994099771696412041e-04
1.461064607114007704e-03
1.193300897665499228e-03
1.196511955832798473e-03
9.688304725332069593e-04
1.503794395118463476e-03
1.416340437456907594e-03
2.159413766640982685e-03
1.066021707045565437e-03
8.579330228527953534e-04
9.004653805507225857e-04
9.602511103074341586e-04
1.391182833010805439e-03
1.131611196612284428e-03
9.983899583090635309e-04
1.066801876694934131e-03
7.087476102087059615e-04
8.329039598523525116e-04
8.097932477972388408e-04
9.929208773552728514e-04
1.134567188404639283e-03
9.265939870258043743e-04
1.060803986966054159e-03
1.434636387449049607e-03
7.798076408239727536e-04
8.624693795143149790e-04
1.230809577085257645e-03
7.670869613054545578e-04
9.002757361997502190e-04
8.452038191865868287e-04
1.073917686029315791e-03
7.725031648403632694e-04
1.294078260574271300e-03
9.317786864156661370e-04
7.254211582011684933e-04
7.643343947417057709e-04
9.310727343268558522e-04
7.490815926390625729e-04
1.045937599866699971e-03
7.607801878575870883e-04
1.467278120186232739e-03
7.191541477143569743e-04
8.073373901406389642e-04
8.084965625642490019e-04
7.771381872199675279e-04
1.026115990555907451e-03
7.294941601905281792e-04
7.533645810793472564e-04
1.019651675231415811e-03
7.091790334065042282e-04
9.875285301425590790e-04
8.710774491463917860e-04
6.838105651129101079e-04
8.308048861904544433e-04
7.566536899900828993e-04
1.247721301783652785e-03
7.434436633491362445e-04
1.019261293234895605e-03
1.168293382024146411e-03
1.548797376650822271e-03
1.218358841496596694e-03
8.478274085274730256e-04
9.195173869759586680e-04
6.955637969007748148e-04
1.009790149447439877e-03
8.087920012504381390e-04
7.518510976620641946e-04
1.199055097987881350e-03
1.004998770007162418e-03
1.089533951834241584e-03
9.562667043616073382e-04
8.146784751247397854e-04
7.442780479886431343e-04
9.492200857018337273e-04
1.653954742055848857e-03
8.093778498143693869e-04
1.287739766691161497e-03
1.069706360994343922e-03
7.454668845042929093e-04
1.490270553277451117e-03
7.809206474448747827e-04
9.637585443551260770e-04
1.090853706972847587e-03
1.097377350659111848e-03
1.426678346504641837e-03
1.334125293868366514e-03
8.618711922776901369e-04
1.032694789168302554e-03
1.256093179799089039e-03
8.005485618043277699e-04
8.528164156175689539e-04
1.302148986821443288e-03
8.840220321200343212e-04
9.846523731114147342e-04
8.682441847862982457e-04
9.772709333030814381e-04
1.187950045273788958e-03
8.970441165881347075e-04
1.096680982194552954e-03
9.626750088381030683e-04
1.080977488927562392e-03
9.361405365362239972e-04
1.068357140870402396e-03
8.291485257653436261e-04
8.105471058417133270e-04
7.736312766430716165e-04
9.104970347809362898e-04
8.177698700140458151e-04
1.725173804081968527e-03
1.474657435298115790e-03
8.266137619279867628e-04
8.968321137085257444e-04
1.313384740379652457e-03
1.147030052058800251e-03
1.203371225609318508e-03
6.662370533695507200e-04
7.127972342332014512e-04
1.214338549907134071e-03
8.800833958230967757e-04
9.948178295949344687e-04
9.305754365413032147e-04
1.138995548735209683e-03
8.067152010490049761e-04
9.836334527149397881e-04
9.212400073660544173e-04
7.703194093231410236e-04
7.813171268574930573e-04
1.054187232555615873e-03
7.463010283885013977e-04
1.312942777566092562e-03
8.974502947922068617e-04
8.965775292623948340e-04
1.415996589252965527e-03
1.113647337616124238e-03
9.143529176985216696e-04
1.269355542009239363e-03
1.005777719379941267e-03
7.927940669761823983e-04
1.071794906524006297e-03
1.038265926487789070e-03
7.734471136218312596e-04
7.159607581633601866e-04
9.394238552125892166e-04
8.693490360415343952e-04
9.221868519080603406e-04
9.330787493641193135e-04
7.684923497117662327e-04
7.831136428149037317e-04
1.072927829676818563e-03
1.136485807719955603e-03
7.775224538854815003e-04
8.982823904036696004e-04
9.291925305390232124e-04
9.028852423974957110e-04
2.680016432749826333e-03
9.633000677887403832e-04
1.258458299238097468e-03
7.062471548299098685e-04
1.203601414688847820e-03
9.089952736767264703e-04
7.687564216919521871e-04
8.394777032065361185e-04
8.547796786724811248e-04
3.545018441275058201e-03
1.078857759084871039e-03
1.415599870891089953e-03
8.132594273763999902e-04
7.719076963219729083e-04
6.953573586677805514e-04
8.644824420363362129e-04
1.022658715781034778e-03
1.114316217224674190e-03
1.017645082464298158e-03
9.913444061842571417e-04
6.946694901822753846e-04
9.422912135093412236e-04
1.235960448953706600e-03
8.745041500369378582e-04
9.273290213689485599e-04
6.698107013036153990e-04
7.307530636694221666e-04
1.036602211612039056e-03
1.473253223606205923e-03
1.015267059946380578e-03
9.356050425773020877e-04
8.074439559972698731e-04
7.807041220570761549e-04
7.082761916347601232e-04
1.156657938822274866e-03
1.125948027183090727e-03
1.011476511617431014e-03
7.982477656236490905e-04
1.001110135967845424e-03
7.224865090297163213e-04
1.142176647271888170e-03
7.513104282211319901e-04
6.814615954260224654e-04
8.198819108041580659e-04
8.567335651661016739e-04
9.858721282614169457e-04
7.771754042206912736e-04
1.095000812956018312e-03
6.991813990986456241e-04
8.230256821014334022e-04
1.181371773390617677e-03
9.926321137044915883e-04
1.150215712794866972e-03
7.851027681624769654e-04
8.460236898417075211e-04
8.136562227631043533e-04
9.734294074481095876e-04
8.394089603934036222e-04
1.036327243759160074e-03
9.042746744826901271e-04
9.967879871625499009e-04
7.471986733252201484e-04
7.279432952790235558e-04
9.607068443681969711e-04
8.180613347183069177e-04
3.377213215996261245e-03
7.765081532356528718e-04
7.204452408949591500e-04
1.439509836040732795e-03
1.027674480940580885e-03
8.315857915300637433e-04
8.190189724665894845e-04
1.054245637420582991e-03
1.158614510200022072e-03
1.112714835727488622e-03
1.362407462428095973e-03
8.450242170287366626e-04
9.787674722946859609e-04
8.132801920997969995e-04
9.534783014658976090e-04
9.167696111303566108e-04
9.093564328319288801e-04
9.037539373457335618e-04
1.296502778951458181e-03
9.271334128545917833e-04
8.134653332697728677e-04
8.554477549603006119e-04
7.463905624390254623e-04
7.642791814240539267e-04
7.352514269611610045e-04
7.769075426784764499e-04
1.503849348960189765e-03
1.121250978505153057e-03
7.759071724351148487e-04
1.211503518670495501e-03
1.177197320782479408e-03
9.178035290546734644e-04
9.640669899703402639e-04
1.012192336193454669e-03
1.351360773907554378e-03
1.062639361839355775e-03
1.092313289637004189e-03
7.675212975706344328e-04
1.319581018482705826e-03
9.713454564457643008e-04
1.838052779698969410e-03
9.670224351150713592e-04
1.032364255937905876e-03
7.228907149069997142e-04
8.452128121186541429e-04
6.971300378485527577e-04
1.189653244652786029e-03
7.896260545451792238e-04
7.148163672843268210e-04
7.380304705287344443e-04
7.806455871896569821e-04
9.124999032476760821e-04
1.234635892041319703e-03
9.257656612846326813e-04
7.063900981283965669e-04
8.659224696521355220e-04
9.251793179390661740e-04
7.043939238737017064e-04
9.299818005183029847e-04
1.117018912752045607e-03
9.623273606050816199e-04
7.839812087291415021e-04
8.749225979248815730e-04
8.859002736026831649e-04
1.026753016771144843e-03
6.906121496475932072e-04
8.889835755916604713e-04
1.127955851771083933e-03
8.289469817595940867e-04
8.216668578110756203e-04
7.975372035313115599e-04
7.398481101413681210e-04
8.414442835276978502e-04
9.694086201538362150e-04
8.789879087147642626e-04
8.327698048803244130e-04
8.990232624461952978e-04
8.917594236055096085e-04
1.497883557072921630e-03
1.546729275300378790e-03
8.893532284091238164e-04
1.175962159977851943e-03
1.270209951704775542e-03
1.003594581910196909e-03
1.080966022820470818e-03
1.331031052010037000e-03
7.199072670396387645e-04
2.304883828300769745e-03
8.481252451807767519e-04
1.096723953549917597e-03
1.221562046543511922e-03
9.415940093012817747e-04
1.050935066678438615e-03
8.746717966419271639e-04
1.031171638029179617e-03
8.329820549833144658e-04
7.558168548083026754e-04
1.298592112869499226e-03
8.994444886724713064e-04
7.651524988970825631e-04
1.183498282331979035e-03
1.215331585036957080e-03
1.059362818380089931e-03
8.391537990664233067e-04
7.424880665885305034e-04
7.738490237195033141e-04
7.590452256707210096e-04
1.129558239963170769e-03
8.037498124296373232e-04
8.210909601302519021e-04
9.728533068286997947e-04
1.087538106398897378e-03
7.169322200330481912e-04
1.152551688583309001e-03
1.122352146944949336e-03
8.829272271735564811e-04
7.320497088889068010e-04
9.616050337371789911e-04
8.087037334833133920e-04
7.413245584052399273e-04
8.886406505319725856e-04
7.294238035754752438e-04
2.527264203195503812e-03
1.054815567770503318e-03
7.427252260092765757e-04
1.328689475259007581e-03
1.468912280857996317e-03
8.875995613029545117e-04
1.054621453600682133e-03
8.749989220623418306e-04
1.025466873871504073e-03
7.592031144150225563e-04
9.384754311180449390e-04
1.085561543419455779e-03
8.799862098838080607e-04
1.331704856291832323e-03
1.557640624358304316e-03
7.370039493093489755e-04
8.788974661181128689e-04
9.574307598126821726e-04
9.538266842136554173e-04
1.173862429930912612e-03
1.306784652254988155e-03
9.696800719106830283e-04
1.310150091204807972e-03
8.796957852773664615e-04
1.768423702869374118e-03
8.834621636962887350e-04
8.270116352159707527e-04
7.928536245201242474e-04
1.164646060159235316e-03
8.063989278792808423e-04
9.744397813192189712e-04
1.381383130213873238e-03
1.033165808009797043e-03
8.025765862904152455e-04
1.162142351309822935e-03
9.207679242518663001e-04
8.832356763727905761e-04
1.332006328796433168e-03
9.409601190454139515e-04
1.162839583974321954e-03
1.173965840474148949e-03
9.012768615502899944e-04
8.507935872574234329e-04
1.023761692107110106e-03
1.451904397448323340e-03
1.246996581460278145e-03
1.100194981557502463e-03
1.176113610714410364e-03
2.128350664084696729e-03
1.028565096976563446e-03
8.402627989768799224e-04
8.866688284400904693e-04
1.297742161794803849e-03
1.156404476678016269e-03
9.453797716541694797e-04
9.354989553795927055e-04
7.223245919616330234e-04
1.030904487129299376e-03
8.185729966507178422e-04
1.737106081555634621e-03
8.672040467625047842e-04
8.914872557013044747e-04
1.236850138018222777e-03
1.375140856526199966e-03
1.124080048070816599e-03
9.166296396453751548e-04
7.976123566481028212e-04
8.379557608349871714e-04
8.673522138188675045e-04
9.547050146157717290e-04
7.466588231761011555e-04
8.069907619405561642e-04
7.847009417410954167e-04
1.665535301655239305e-03
8.949861828453189224e-04
1.349286630263216505e-03
8.684786675904820289e-04
6.745241385002982747e-04
9.541538613525986324e-04
9.933721484824910210e-04
1.699928478772418485e-03
1.032296922363057064e-03
9.822366583650970779e-04
6.649865051157303900e-04
1.143745162335252493e-03
1.226122514808302604e-03
9.711211909460518588e-04
8.030298941562027731e-04
8.489703601326857151e-04
7.798760763766346025e-04
8.842007540413951037e-04
1.695931401310730438e-03
1.095110401508296279e-03
1.173438793998739542e-03
7.137973047975711442e-04
1.101230387192346461e-03
7.080401303928908789e-04
9.570532383004718303e-04
9.057820856298290152e-04
6.942594257636103706e-04
7.633380351238105597e-04
8.784439095667882259e-04
1.062212100878861566e-03
8.605438863224243798e-04
1.251653056265445135e-03
9.357716326781715267e-04
7.515650419987140139e-04
9.886594714013637129e-04
9.751322912309280189e-04
8.880130666074197718e-04
8.562540208196989158e-04
9.187500223180490718e-04
8.897142330289771906e-04
9.159657723351759869e-04
8.142799580411523791e-04
9.452388039390703092e-04
8.533304535168936529e-04
6.716878376089993261e-04
7.790240665204831464e-04
8.673787249446869921e-04
8.311706373846591573e-04
1.110099490912938580e-03
8.745356398590271602e-04
8.647188456964033116e-04
8.792668851014514078e-04
2.128987087775543931e-03
1.458002835040858635e-03
7.928339088113753883e-04
7.477776129674560150e-04
2.043828100914454448e-03
1.305723863551959277e-03
1.028494273680400847e-03
8.411150369934214822e-04
7.833271724386571067e-04
1.200089690151668123e-03
8.240395073314028427e-04
1.131888031905164006e-03
8.497527116550572090e-04
7.800423518899132552e-04
8.993905184432812727e-04
8.113503238316944945e-04
1.099672523066163839e-03
7.676333852853513533e-04
1.450206646260050573e-03
1.069652795018078426e-03
7.251788841884284622e-04
9.905792322278342971e-04
8.642490030939433809e-04
9.996763153480461937e-04
8.050734533719514259e-04
1.067975717487456904e-03
7.761172547293722487e-04
9.542446878775230970e-04
8.802707904810154428e-04
9.560692183251709138e-04
8.584614888913716466e-04
8.956168256855395922e-04
1.109229378763135643e-03
9.437764947017246919e-04
7.723628844289152657e-04
1.065687424340612402e-03
1.022077776878232242e-03
8.229199970313873279e-04
2.720269860329890214e-03
9.423709688250023111e-04
1.213317555439975045e-03
1.233304601819846082e-03
8.871693534721946999e-04
1.084890795072009561e-03
1.202506202444529560e-03
8.343527085714108659e-04
8.328155573497357956e-04
7.782066356526395022e-04
9.008213496039524501e-04
9.531998459813094795e-04
6.802990855160691470e-04
1.334616250305451987e-03
1.083265029934254000e-03
1.003560266096045935e-03
7.243529433945555557e-04
7.775043623153019348e-04
1.056050427345655175e-03
8.130803558836750562e-04
1.086340409692070292e-03
1.186677677734154952e-03
8.286753592139067381e-04
7.503658997284824890e-04
1.022678617303690541e-03
1.195093015796018076e-03
1.132178396316619023e-03
7.467114051868289134e-04
9.721317592566953774e-04
1.041179379870868418e-03
8.682228113847284849e-04
8.019348331877548157e-04
7.861126368413080389e-04
1.162237531299525201e-03
1.170772317676283978e-03
1.115392649386932238e-03
1.289667752887602072e-03
1.156160393863795354e-03
8.370566439916153276e-04
9.311298454708712060e-04
6.966735284589842302e-04
8.378555854554132955e-04
8.542300373832803755e-04
8.104345539923852367e-04
1.085513100853116629e-03
8.166053307740487547e-04
8.811701803589671493e-04
9.649379133461036305e-04
1.075608707697092584e-03
7.938123054044323975e-04
8.018145557758633510e-04
8.348843748556780036e-04
1.061380108062981529e-03
9.035131007911145979e-04
1.039337858793985565e-03
7.866511032765939561e-04
1.055619056047471613e-03
6.779577986105120042e-04
1.181328028247624010e-03
7.965658023686307933e-04
9.401004001505067252e-04
7.525897128807349261e-04
7.729573576531373639e-04
1.095040658617902002e-03
7.403740263597177089e-04
7.163319917315205372e-04
7.809026121983720595e-04
9.113826796607843277e-04
1.251424526800651391e-03
9.336240155390863795e-04
8.454473914250485540e-04
1.052311439444852904e-03
1.279663776136888594e-03
1.018683092203719531e-03
9.936209973481575832e-04
9.554863167407839572e-04
1.037162751465363570e-03
1.100001262395876702e-03
8.047686076541598222e-04
9.256137512658644487e-04
1.087422914367784611e-03
7.624117369114785095e-04
1.035594609372326178e-03
1.192067392379236087e-03
7.313143404332450147e-04
7.471097794529041628e-04
8.369970263912997590e-04
8.788799864300612767e-04
7.074829516640078518e-04
1.519959392506165354e-03
8.263659588325880006e-04
8.201909423093496285e-04
9.328989203830241736e-04
1.028443645288613321e-03
1.093952737249770596e-03
8.705490178868794532e-04
7.530854560306640948e-04
1.040829236516432801e-03
1.034390669337028126e-03
8.424229796941743158e-04
1.450530123410043691e-03
9.580648151648412346e-04
8.532525421921958531e-04
7.802598121874964546e-04
1.002489942019279710e-03
1.016433570257122302e-03
8.258394409325831758e-04
1.411356298166211885e-03
1.065270450126368793e-03
8.464268620863708804e-04
9.451329478700936162e-04
8.812515378383164143e-04
1.169595505685982507e-03
9.786131865649090600e-04
8.904729661911679880e-04
1.411377935880945992e-03
1.015433678557403673e-03
8.030096831362326226e-04
9.611964270646033981e-04
7.877892718345686374e-04
1.204509891098473531e-03
1.453288271845650003e-03
1.285595029793658263e-03
1.116754358163488635e-03
8.812715045285790571e-04
7.263315343720332584e-04
8.786183403929291851e-04
1.567979357001362661e-03
7.388237294166164057e-04
7.082940782659867280e-04
8.976567767502542173e-04
9.639790989310937936e-04
8.655655871245733490e-04
9.519191553733567226e-04
6.868863579264370203e-04
8.923634242555072114e-04
1.265030715815169179e-03
1.113114772567270474e-03
