1.305309598834396723e-03
8.381466616314804056e-04
9.524334879297892712e-04
7.800170381897306030e-04
1.096320809316944861e-03
9.576382205923223171e-04
2.884796545054311382e-03
7.255943569162526079e-04
1.375235831125574872e-03
7.183519448344722648e-04
6.620787788078700544e-04
6.611484996670798130e-04
1.086204280301380967e-03
6.133567713563644296e-04
1.265777360321823858e-03
7.488719794173307864e-04
5.988969352121502549e-04
1.330121269223694200e-03
6.455556486012673347e-04
1.111700848999256069e-03
1.621654743608107749e-03
7.452701788231206161e-04
7.930381818854728617e-04
7.407306837831727610e-04
7.142301466139208167e-04
8.826415430261975569e-04
7.557751153609471202e-04
8.649268281690720766e-04
1.406011738923356727e-03
2.260048242199218758e-03
6.580957273728263923e-04
9.661327120113722506e-04
7.403789078927366625e-04
6.373892527725100957e-04
8.783973320317228078e-04
7.197255932157461088e-04
1.244334816493044117e-03
9.803261865072780516e-04
6.503220747186600230e-04
7.224494224197695273e-04
1.302255806914542338e-03
8.258627736557672865e-04
9.631122437641165485e-04
1.400717591604657948e-03
6.484564565210092007e-04
1.342714727706319309e-03
1.264088579919535370e-03
7.250423951421750175e-04
1.754451821871405972e-03
8.300683645069808006e-04
1.724380304864881787e-03
7.347440821564111884e-04
7.805045498900411690e-04
9.609473489034072238e-04
7.211777046373616263e-04
1.235237195439073269e-03
6.481125376278819425e-04
1.329056441507074074e-03
1.199475671502895800e-03
6.361343759458546387e-04
8.480547013729834499e-04
7.830389890315212929e-04
6.485697168937452038e-04
9.534718771177185231e-04
1.203606795728875229e-03
7.171805759563120363e-04
7.318410420615742776e-04
6.461834465698249996e-04
1.303055325417397901e-03
7.506376020408010719e-04
7.058642785668323106e-04
7.016734421382787770e-04
5.904868719674100444e-04
9.042701481011609877e-04
1.513653824766002460e-03
9.882183800503068893e-04
7.491812854872789132e-04
7.140455719577053304e-04
1.009398269357706822e-03
1.005962146146441088e-03
7.172373799729040702e-04
8.714463616826047688e-04
9.447323517334579998e-04
6.309742310524812589e-04
6.376057321513905855e-04
3.179784960132544819e-03
8.522180885923170404e-04
8.585516626117695302e-04
2.223787214863488185e-03
1.227964089572090639e-03
2.441675460155773650e-03
1.229687983357872702e-03
6.798317815990595524e-04
8.036492175905299339e-04
1.143653969086443371e-03
6.973455912863964039e-04
8.694386487339792347e-04
1.072534666758258618e-03
9.033974720452416646e-04
7.032090560281553096e-04
8.307605954954219024e-04
7.867382125107255306e-04
7.215901475933132574e-04
1.243537446391586527e-03
8.559435987179651395e-04
1.176589270781942895e-03
1.157412890575122569e-03
8.574838738528979499e-04
1.222331867216812579e-03
6.989303462100569927e-04
1.360892866271933791e-03
7.511423619489784919e-04
6.354339700202765858e-04
1.020842504070240296e-03
1.023286687111527819e-03
6.354210113893964248e-04
8.486118908143429557e-04
1.011840109008741665e-03
7.065290345649770853e-04
1.048916273348736439e-03
6.102174557906948210e-04
1.092025760587787787e-03
1.061817448877765309e-03
7.440442203814091058e-04
9.030008932815664947e-04
2.438293193892975691e-03
1.105948946272885831e-03
1.232402237266618525e-03
6.468410771915641174e-04
1.075735264928669470e-03
1.193160258711651244e-03
7.236148307876147292e-04
9.866972462493179500e-04
1.195422070784496124e-03
1.340521010748701091e-03
8.527772863739819121e-04
6.317648864515367857e-04
1.290692820015287845e-03
8.980869839152342063e-04
6.054513968564319542e-04
6.870943825338582866e-04
8.784722501235305448e-04
8.006268921281821209e-04
9.545084835646974698e-04
2.568430037016234280e-03
1.756370983469354285e-03
7.387231202085316542e-04
8.056191993239914884e-04
1.217701013456547144e-03
7.528552672973699757e-04
6.899922806919275495e-04
9.480939715447677090e-04
9.637097738746420875e-04
8.591844619506905150e-04
6.025186451183041749e-04
6.676763699658954526e-04
7.070142581737811315e-04
8.253760624764400981e-04
7.866583650375887820e-04
6.601092226986759928e-04
1.087666781295565507e-03
7.270758656763656475e-04
7.149686728893300466e-04
7.509658453261571940e-04
2.545869357274304409e-03
6.814987185988565259e-04
8.277212044558624089e-04
8.362365350489453291e-04
1.076039196809608746e-03
6.885339907409613464e-04
6.708278863689538535e-04
7.857913024837278292e-04
7.791160710229560159e-04
1.994156291333565745e-03
7.396346258573309939e-04
1.042423391877619985e-03
7.148591895412612475e-04
2.021975495259505356e-03
6.469337903085420598e-04
1.172858842986901568e-03
8.037552621438767740e-04
9.087576374750453529e-04
7.373211109099581757e-04
8.361171513802814021e-04
1.431356452864063471e-03
6.057360644603741609e-04
7.512643664337581963e-04
6.849502431014922038e-04
1.007885058884694677e-03
8.492570899050533089e-04
1.432377221841797405e-03
7.808590173126932297e-04
6.242097557695296681e-04
7.206476106751519804e-04
1.065614692522475881e-03
7.358601363259112448e-04
1.539418275388736851e-03
1.394916736111031022e-03
1.247109177999368651e-03
8.684541144726468055e-04
3.090345045939743313e-03
7.395544448886603225e-04
9.040953794035715444e-04
6.306262637829558896e-04
1.067378508001681206e-03
6.210258005662499950e-04
9.434003952054798329e-04
6.390113759837821785e-04
6.070275587996610579e-04
8.112952215163027683e-04
1.064522556723882961e-03
7.765052663237801203e-04
1.878778566576231679e-03
1.080793602731990434e-03
9.340640187389035159e-04
1.417778483669501549e-03
1.015694926089196143e-03
1.027751074069043792e-03
6.462632550100805458e-04
9.874316265261235022e-04
1.059258848863845089e-03
6.826738261015331691e-04
6.889612960346282134e-04
6.069167748761133485e-04
6.456000038106443715e-04
1.021119278627379652e-03
6.892750765351849176e-04
1.870760187006031061e-03
7.200217585616171083e-04
7.213287510165345816e-04
6.354096670876738110e-04
1.212998054656088537e-03
7.836008616844424056e-04
8.333138678202988260e-04
1.179155498340528872e-03
8.089975304493159753e-04
9.914196419025687532e-04
1.684740946484266722e-03
7.812155303737189360e-04
2.740141806243231223e-03
7.993131847871916881e-04
7.485145419260457421e-04
8.740015731415004150e-04
1.158168224258700587e-03
6.573871393068804296e-04
7.840455120320975269e-04
6.853986559017574264e-04
1.108473958034662680e-03
2.123189282091523470e-03
8.541587842436301498e-04
7.214551361221648333e-04
7.899663128783346961e-04
6.446641390287425992e-04
2.751630903176497268e-03
6.736129634044188234e-04
6.388158623813072496e-04
6.256134099223920530e-04
1.271225114097210805e-03
1.534870181963664433e-03
1.138931657330428298e-03
8.097392478192449094e-04
7.133488109044499670e-04
2.614612602329832378e-03
6.379520378066466007e-04
9.974663083383811073e-04
8.595877273544667851e-04
6.374226162904163880e-04
1.617698321889796381e-03
6.716172723932565007e-04
6.229950710110644272e-04
8.175036371586273144e-04
7.525393668791324200e-04
1.373305415053102142e-03
1.933739169213464929e-03
9.354442363087708476e-04
9.927711076419660184e-04
8.287217500017308959e-04
8.932855022982233700e-04
6.921426421497926243e-04
6.276492590935119249e-04
7.533281910258182593e-04
7.542260034797158494e-04
1.564264705419023431e-03
6.410136007705246469e-04
9.009598498773517669e-04
1.007976424364429285e-03
7.596603536693932518e-04
6.695837780564107113e-04
7.738115133197840398e-04
7.127102724596332765e-04
6.939171612702769217e-04
7.707949711559701966e-04
1.008344433255174786e-03
6.982169983333949949e-04
6.797854374625683649e-04
9.102478991469571809e-04
9.409253547107300887e-04
6.611892899405810535e-04
7.301957741202023998e-04
1.088100505482015668e-03
7.913923212884269899e-04
2.789292798773782868e-03
1.105925535125411004e-03
9.119964873945936388e-04
8.033973637828991689e-04
6.788613642904910064e-04
8.508999248886916882e-04
6.905733372210542389e-04
8.884354691641145954e-04
7.905433670157407120e-04
9.331947790690813113e-04
7.762691523352151929e-04
6.623043547561909558e-04
8.812670586491244337e-04
9.358165716992559828e-04
7.785563133095169119e-04
8.654722046303985061e-04
6.604758950482704115e-04
5.865407853534503925e-03
8.177985398420253632e-04
1.175888879298272148e-03
6.871314431545354250e-04
1.052501644837810927e-03
9.683200751024410293e-04
8.356226012166494393e-04
7.429702646572321342e-04
7.392772804675745019e-04
7.289771370921932937e-04
7.112141882937678908e-04
7.931533790510979101e-04
7.584076882421988052e-04
5.999739829377768096e-04
7.594417518964962591e-04
1.322234248623313383e-03
7.476881798257728039e-04
6.661193065064161239e-04
1.201283819793716023e-03
6.721862436650443773e-04
1.693565028168755263e-03
8.715250358521434669e-04
1.323481114969269398e-03
6.255262632260025733e-04
9.575203296150499969e-04
1.007386208196352391e-03
1.225168147881527340e-03
7.584143951026472204e-04
7.060489745758406288e-04
1.581471364963227049e-03
9.193233707954773237e-04
1.010316601316133640e-03
6.025528843233741993e-04
7.721417631240090314e-04
1.228850391144179193e-03
7.619519300718406935e-04
9.376780696121504114e-04
6.680469055958569236e-04
7.306936894184725383e-04
6.555154093444130357e-04
7.290901044576653372e-04
1.247969368156664908e-03
8.322967451249017228e-04
8.752621587407728287e-04
7.266623028786895660e-04
1.273621684139303106e-03
6.157077794369506972e-04
6.395626620202671513e-04
1.408693983948518941e-03
7.535262940732034192e-04
9.202934624805961163e-04
1.233066509082037486e-03
1.159697500240548752e-03
7.185433139496537986e-04
1.388531480904079069e-03
9.744354521169472372e-04
6.625695582273726436e-04
7.988623072812306349e-04
9.536472844053684632e-04
6.831346870659524805e-04
1.297868749817016618e-03
1.914083071168100510e-03
7.855302862261808816e-04
1.015639570284454464e-03
1.370346165885274418e-03
7.130167780444980966e-04
7.366171930567852509e-04
7.698966035833871039e-04
1.384837519875721122e-03
6.859921676357789164e-04
6.693763648581431110e-04
2.864923855729632676e-03
6.175265101499867850e-04
2.286442338155380508e-03
9.598141518432917610e-04
6.454551256175065964e-04
9.899552815654868998e-04
7.712911366989406992e-04
7.568465394705256892e-04
1.060087169335535533e-03
9.886731761433980702e-04
6.406995260886211253e-04
6.944627699875579457e-04
1.001593698778651103e-03
8.942223261217390612e-04
8.962736698629428407e-04
1.028293512028989956e-03
6.925425355670124889e-04
1.229078498140132427e-03
6.496071451879808492e-04
1.748816139333370621e-03
1.256302784718354255e-03
5.900663558796487599e-04
7.884251172131539380e-04
7.058321287760964359e-04
1.434926056005841454e-03
7.584872664407848715e-04
6.736573673059831867e-04
1.277657632873260276e-03
6.962107517968737710e-03
7.519751805059919853e-04
8.450995279623477576e-04
6.873758146742658167e-04
1.098326662150227173e-03
1.598215979203890334e-03
6.440967025296079817e-04
7.218143290896627314e-04
6.438591625643952029e-04
2.983539009893980930e-03
8.606979408752494587e-04
2.260437506442026026e-03
6.628169314371744510e-04
7.338555901820614791e-04
1.415716226299698621e-03
7.962929893693524884e-04
1.124906048491652920e-03
8.379146354289783568e-04
7.032200027968819270e-04
7.006755480559250741e-04
1.154202057936890968e-03
1.307547025238357677e-03
9.809489993868557561e-04
6.280164252261021722e-04
6.593585123549394788e-04
7.541280950218660949e-04
6.794956764893839455e-04
7.865556328545881583e-04
7.795414753621492977e-04
1.173133784816238288e-03
8.007002477022401223e-04
1.300282918339928451e-03
8.528228155441395326e-04
9.217131986088476867e-04
6.511915000289420462e-04
1.457372396337759668e-03
1.134947131066667151e-03
6.413850968685119768e-04
7.414788967169767733e-04
6.875883555661485092e-04
1.195346261901581927e-03
7.409650400331726366e-04
1.872694448674577794e-03
7.359315274502683558e-04
6.813473939623893028e-04
9.255909886657038904e-04
7.144528224361597259e-04
8.122546131745403235e-04
1.218527354991225066e-03
9.131050152905237230e-04
8.265605817136141825e-04
9.041497231909684067e-04
7.347060053010652601e-04
6.184010831992893401e-04
6.733628281028414481e-04
6.606265886330361806e-04
1.332964822257387246e-03
8.058341793265663558e-04
1.453773123919337683e-03
7.641193978754445663e-04
1.378885566632927911e-03
6.561363725007199202e-04
1.295692969813445894e-03
1.495113758980113738e-03
7.826670652447781330e-04
7.024478422535717151e-04
6.061282543507574101e-04
7.696092919664872115e-04
1.193742032723062131e-03
2.358871217529301227e-03
6.348076591123332163e-04
8.550729507947620565e-04
6.649810737427433926e-04
6.795263074081106438e-04
1.122725947025857455e-03
7.759189484291323293e-04
8.463776408693591451e-04
8.922820698287325242e-04
1.175039083232333036e-03
1.692552651990426220e-03
1.066612503771215701e-03
8.064652964456678428e-04
9.943964023816104919e-04
1.129231303959197076e-03
7.440922308723916427e-04
1.124918605644757794e-03
6.790804701266109095e-04
7.066103278129960263e-04
7.018754733088411468e-04
7.663755779924190294e-04
7.953198479833871286e-04
6.790107161900743333e-04
6.893404930705963798e-04
1.208461189115215108e-03
6.526095822604768793e-04
1.238470079421727420e-03
7.284077745445247977e-04
7.425960024653639486e-04
1.101682379830672652e-03
1.065924334832593938e-03
5.961886586486620778e-04
1.386951621154275133e-03
7.575490358778961880e-04
6.935253905795686451e-04
1.698280783564077700e-03
1.094932346868203281e-03
1.732368607944973198e-03
6.498362564333117495e-04
1.207515613733286131e-03
7.190056099085625563e-04
1.107413788989125786e-03
7.302417126683764239e-04
8.544843800736970970e-04
7.419977643324175524e-04
1.058034286222406251e-03
7.309658230024836329e-04
2.084623552336914345e-03
9.479614867551149331e-04
6.795441790761484659e-04
1.446574318592179715e-03
8.681137745326709650e-04
8.588389936530112234e-04
9.905622877808106363e-04
2.798012293047104707e-03
7.632911459554443797e-04
1.200910757842929381e-03
1.127293794932359003e-03
1.420856174764443440e-03
7.305894864194829473e-04
9.275685121200688251e-04
9.632798990704908443e-04
6.574880139301662830e-04
9.631299255418490678e-04
7.550155431453360469e-04
9.070789646332367510e-04
1.347994853936660461e-03
6.714540431807862432e-04
8.494721106726205780e-04
1.298658414760286723e-03
8.450240647058764997e-04
7.657180695313629566e-04
1.170743079430986225e-03
7.384115905874927711e-04
7.951184775060586053e-04
6.157747116334597644e-04
1.198827410105216896e-03
7.746317400227445979e-04
1.186036666365518875e-03
8.930493896813518915e-04
1.068815930708520755e-03
8.347460726717778091e-04
1.161313427933351487e-03
6.979985452405377449e-04
6.997814348945304496e-04
7.039172278196397566e-04
7.371831770889041751e-04
3.100959124564968070e-03
8.035482713330624211e-04
9.074119613257815688e-04
7.590049969200768441e-04
1.833504643657479219e-03
7.011446551081742043e-04
9.605484969863471289e-04
1.277905093760123333e-03
1.244193305462662101e-03
6.628466083637717153e-04
1.083090648641868827e-03
7.811654843541607348e-04
8.204242280323478234e-04
1.247387469667782722e-03
7.685923460549403622e-04
6.632309989356722493e-04
9.609144452466692821e-04
9.709848898879560068e-04
1.327897756694037482e-03
7.485237625923637844e-04
1.269155206533153319e-03
2.201128236014756896e-03
8.308848162879524293e-04
1.207224157269728938e-03
8.918474248911887215e-04
9.128858171694940711e-04
6.073407761398827735e-04
9.225780171018279447e-04
9.463964146674687210e-04
6.838543466038625972e-04
1.100414411129444587e-03
8.750939497264060988e-04
7.164152895230691247e-04
9.124027284577413766e-04
6.308798302202407423e-04
1.091705581436311530e-03
8.017280581986980636e-04
1.370892648487784162e-03
9.308386598266405040e-04
5.869859978387830012e-04
1.133461682655685556e-03
7.188280483030883320e-04
1.142205471000644172e-03
9.956269046723332464e-04
1.567779544899250985e-03
1.401746913940982078e-03
8.477888384915911908e-04
9.276834000639856302e-04
6.145807914141238927e-04
1.387933058840822541e-02
7.251035942576294869e-04
6.822005607696606270e-04
8.644172685154513300e-04
1.072336421921021681e-03
8.921343735821862840e-04
1.755312503514360389e-03
6.910805064468597677e-04
6.416229491282153703e-04
1.036787036875918286e-03
6.788869158721381851e-04
1.126962118124434295e-03
9.305620107958039334e-04
6.319019360730175269e-04
9.004544463214834288e-04
9.686880459453689213e-04
8.994471738101518683e-04
1.030673757973884141e-03
8.333813134947286663e-04
9.016407213625374055e-04
7.780120386141668948e-04
7.541907443100720866e-04
8.517795938816890428e-04
6.551970092045657614e-04
1.105380489607449192e-03
7.864188828067299446e-04
1.292149007562000103e-03
6.410605836728761357e-04
3.474924674901359086e-03
8.202854787135687017e-04
8.078648855398060232e-04
1.440621668629833794e-03
1.243527840908303624e-03
7.456241658106727704e-04
8.839730652105573603e-04
1.450984420381754144e-03
6.700269273731437707e-04
6.257579973642212736e-04
1.065718544998871557e-03
8.032243148423680573e-04
6.147953313624162502e-04
9.803843775577874946e-04
6.735509098924407712e-04
1.639507954466461062e-03
8.821242867904805504e-04
1.695726414918444919e-03
7.300335899099460275e-04
8.524540070279078719e-04
7.505849847165934176e-04
6.323943564570918066e-04
1.084055668562833568e-03
1.743364054539738679e-03
6.289821853388650671e-04
9.388221878166054394e-04
1.071622826884971024e-03
6.741333032670525751e-04
7.510679377815566299e-04
8.836802364846017268e-04
8.761591543192890621e-04
8.341159516828257174e-04
1.104419727736666215e-03
1.309228316964956189e-03
6.188531987114020885e-04
7.268673922150566211e-04
1.239127063996272498e-03
9.223427434956484429e-04
6.272883323213675156e-04
9.559800635487241630e-04
6.582981726023951364e-04
6.437482257602828405e-04
1.095247528945020310e-03
1.028318125137436074e-03
1.064507903401965558e-03
7.062333932510645373e-04
8.176555064042863741e-04
8.745437514599005771e-04
6.582084009702429813e-04
1.229725031714788220e-03
1.046914063058142826e-03
7.173074254148720935e-04
7.129831165584473969e-04
1.695119173527010609e-03
2.102365679327468980e-03
1.322274586773030574e-03
7.983058387011211614e-04
6.091902646767264045e-04
1.092592136969446938e-03
9.635479195669328359e-04
1.875135043321330677e-03
9.720414999432422810e-04
1.123967780629506804e-03
1.206926586439938370e-03
1.129528461628153107e-03
6.460677940828389327e-04
7.429883665929130172e-04
6.757327746763605635e-04
6.827074063247043053e-04
2.933375562453095602e-03
8.066791697925940804e-04
8.503843083186978652e-04
7.796275290139789661e-04
9.821397879492431079e-04
6.373063278734413147e-04
7.016234465010279513e-04
7.037199038828495382e-04
6.935419251495590588e-04
1.189256244558823360e-03
8.281896565303436620e-04
9.758150479482893217e-04
6.842682827261318147e-04
9.880742195980899562e-04
6.814413236253144502e-04
9.149411007895945054e-04
8.782606373460750699e-04
9.721490420901952130e-04
7.516551264636158912e-04
6.800471322621079798e-04
7.563147389755105676e-04
6.612607269905773242e-04
9.841162169905172917e-04
7.401004440675073128e-04
9.692476603671890036e-04
7.811742075020768668e-04
7.037664467517838794e-04
7.030892433579628538e-04
7.475572804213903577e-04
6.520982813514053251e-04
6.614608335012657275e-04
8.126271352858849360e-04
7.144704799544139215e-04
7.780168326189581271e-04
9.226698803351113254e-04
1.728727751365122028e-03
6.852352920242013373e-04
8.386707335130969606e-04
1.113611932575809789e-03
6.322818891877802095e-04
7.333881037775930381e-04
5.922970567293640290e-04
1.143605635987339844e-03
7.421891760121484107e-04
1.354542959065088009e-03
2.294677321570404160e-03
1.584849499907300388e-03
6.963288090865619269e-04
1.038239015271062455e-03
1.207354023038756559e-03
1.833139041910732819e-03
8.135657877927982614e-04
9.825826783744649653e-04
7.400735833871040876e-04
8.764043756084777042e-04
8.733937981609569013e-04
6.959266909767146793e-04
7.826080250899883134e-04
1.373084854708290364e-03
1.648054133594028560e-03
8.088436995678067402e-04
7.799022206932039068e-04
1.095099192209394437e-03
9.325191456285383427e-04
7.833332134449995116e-04
7.017043808810922252e-04
6.948217225529922450e-04
6.126583319412202532e-04
9.395958427974365409e-04
1.833686223492822509e-03
7.236367788614206115e-04
6.282567393279371928e-04
8.828990236060221168e-04
9.170943304449875877e-04
6.638586003429541946e-04
8.031395694947196344e-04
1.004019616819306010e-03
6.362745882747985983e-04
3.167491325270865073e-03
1.243600202984756695e-03
9.460848657406809980e-04
9.283474044907042170e-04
7.383004158253827012e-04
8.353430144882242067e-04
8.941850109664093446e-04
7.680620502571201000e-04
7.175091473701972807e-04
6.456072096584518144e-04
6.030928431821343076e-04
7.439270366280197576e-04
2.667633395553995791e-03
1.721571371322620303e-03
7.735729587222726173e-04
6.789652804914558153e-04
1.309871210399574711e-03
6.453267005158951769e-04
7.357541455093666305e-04
8.065415517419496829e-04
9.006779324669241058e-04
7.920549330404225282e-04
7.897963606173144914e-04
7.854591385068475547e-04
1.034244816663381370e-03
1.709496725393489652e-03
1.519950053640714213e-03
6.653247998333265386e-04
8.304429364697542022e-04
6.947778924297068944e-04
7.947227255908290502e-04
6.432095837752059651e-04
7.113608882020634044e-04
9.576313868819999811e-04
7.231576321011332509e-04
6.733672999327007655e-04
7.932437027711254814e-04
6.428087442314361650e-04
2.386341812245363573e-03
1.079918731871455824e-03
1.107872660061526683e-03
1.020698044277530215e-03
1.735224693256848466e-03
1.031690532079332888e-03
6.519575772770873443e-04
1.805301052032659906e-03
7.520149363372510744e-04
7.928793671875450410e-04
9.791073665506098544e-04
7.165585974697900656e-04
8.127723290779675838e-04
8.044778395191605177e-04
7.902072345245998459e-04
1.878983505975508755e-03
6.053711509658830795e-04
8.367929150960521506e-04
7.214554878571052690e-04
8.604118871903019628e-04
6.075896872391080283e-04
8.454816839763665704e-04
8.656950417184532207e-04
1.404497668937401775e-03
1.317185442965932178e-03
7.743004428685098866e-04
6.301717472373036168e-04
1.002286040901974968e-03
9.238665210026181848e-04
9.056823911287124190e-04
7.890548533188247509e-04
8.763860049531775652e-04
6.742351860726889662e-04
1.258462572311097073e-03
8.674890020382924286e-04
1.098302953399863183e-03
8.262449816815684587e-04
1.010903650345149974e-03
8.018054339252525531e-04
7.814296495546630295e-04
9.436449488397665158e-04
7.481479220999696271e-04
6.249497810828579750e-04
1.193004775968690891e-03
7.323654708338854557e-04
1.523078785628862938e-03
6.313277720520507575e-04
6.046906451896979584e-04
1.197722961988310865e-03
1.923466501979351510e-03
1.082543552369132902e-03
6.475557490165822268e-04
8.827864343984653198e-04
7.028603215662329812e-04
1.371826801161122938e-03
8.018086637618634981e-04
6.455440277157302757e-04
8.975237743801786931e-04
1.539392458725651535e-03
7.832407700758444976e-04
8.836350327655432277e-04
1.039981409961005833e-03
6.902812149899334622e-04
6.881677058409366426e-04
6.766905195876989033e-04
7.270727620904838661e-04
9.180047641409128057e-04
7.153761071909564041e-04
1.030295300547081011e-03
1.695647787691535041e-03
6.259024184058022047e-04
7.906786421038395620e-04
8.271730227270654044e-04
6.809685685915359450e-04
8.537635091497861387e-04
1.538662006096542644e-03
8.285482071482073562e-04
1.110067217472965806e-03
1.979436673779937875e-03
1.641394388787773256e-03
9.015198525556131692e-04
9.132364589582568117e-04
6.077396628608284449e-04
1.117826149410261222e-03
8.618842317298387040e-04
6.425909135309922386e-04
8.051827112919570728e-04
1.457058599258833102e-03
8.173386545788418949e-04
1.468986438406711791e-03
6.646023638085473383e-04
6.532929591244655918e-04
6.436672682459748055e-04
7.043074276784535692e-04
6.436958165976231893e-04
1.105919465287088285e-03
6.140386305253514587e-04
6.538665008901934890e-04
2.207756865779269412e-03
7.350868153781510948e-04
7.237663395646722064e-04
7.531769086761553027e-04
9.258962364552206920e-04
9.434907510349065281e-04
1.228000015012860021e-03
7.352070057399167713e-04
9.778505296519825890e-04
5.983750461513373661e-04
1.228626294521695901e-03
9.353385767808502626e-04
2.210779891172579698e-03
7.959350389109886908e-04
6.640466276787131009e-04
7.626241820130072544e-04
8.291907903582852691e-04
7.127218952729295030e-04
8.409084993601749752e-04
9.221923285828251835e-04
6.965161936081098147e-03
6.186088365565528546e-04
1.302594335916185727e-03
8.299047231379922101e-04
1.061444047690449392e-03
8.597049086089952061e-04
6.601546824112330264e-04
9.687187226165663335e-04
7.289972418224851050e-04
9.169072107552603658e-04
7.605722645759133106e-04
1.513423979297919735e-03
9.109150091119826414e-04
7.709375987309461916e-04
1.207298186061481204e-03
1.078758977467172064e-03
9.803798328224587553e-04
1.030255987412525328e-03
6.946764048741268203e-04
8.774893466059124425e-04
1.102944436265048843e-03
7.116738745373418643e-04
9.740808323258681647e-04
6.447004633370568769e-04
7.177634540053722022e-04
7.528151465235457867e-04
9.008733083781201917e-04
7.949568628919145884e-04
6.330367539686049044e-04
7.494611813544352526e-04
8.995572441822886943e-04
9.150968086120603480e-04
1.082136848113614746e-03
8.003792080125477675e-04
6.145852515636166837e-04
6.515965235466287392e-04
9.595380949738200552e-04
8.888069228644101226e-04
7.387088913242497888e-04
6.772334220094853663e-04
1.028678922225109964e-03
7.991260947644830909e-04
1.122511879246283067e-03
1.023694031009975093e-03
7.007741296056510093e-04
8.690651052441137996e-04
6.622545647065997652e-04
