9.130268588509473336e-04
1.082644886362775938e-03
7.347298822246125290e-04
2.118117432082163975e-03
2.314271964624570882e-03
7.655205426643328518e-04
6.347562515833346693e-04
1.041144015271058864e-03
6.074781628621597936e-04
8.988424444209948622e-04
7.150960239604766408e-04
7.337478585868299763e-04
9.949277082234322077e-04
7.574028860142420190e-04
5.800862528130360787e-04
6.932933018421481852e-03
8.353170839336508538e-04
2.176968085266429813e-03
6.803252626184323878e-04
7.913783642310464987e-04
1.021077780516002533e-03
9.499692512082507593e-04
8.249326626637768336e-04
8.346281516173950903e-04
1.273735688250478976e-03
7.351266791088486999e-04
2.359713676192904883e-03
3.737860522394054631e-03
6.132709625382980504e-04
8.501930620625871215e-04
7.384305164657963341e-04
6.223085524487269749e-04
6.010352765250134800e-04
7.715898028657687015e-04
7.131173068740405928e-04
8.519006729321085269e-04
9.038874075136757186e-04
1.262385826683944806e-03
6.515275481555154969e-04
1.714238171524961425e-03
6.578664548806487794e-04
6.906925004169740465e-04
1.160638039674647543e-03
6.118316473028705561e-04
9.806652610107376850e-04
7.069751995656043710e-04
6.115121518229739341e-04
8.631592747014068655e-04
7.782864196789121688e-04
3.055256215365574016e-03
1.280563340756920914e-03
1.194827532790697063e-03
1.997492893907890869e-03
7.443982228508953542e-04
9.134140980754512770e-04
1.046037483633744910e-03
8.194886628758757700e-04
7.945268162309165579e-04
8.774105375383928294e-04
6.840437231687706990e-04
7.722686414402748101e-04
6.643715802110763133e-04
6.052198914169608021e-04
7.470835363496013994e-04
1.023629313633076616e-03
6.425405279969822201e-04
5.827156623166361397e-04
7.065681772626061525e-04
8.847005303736446167e-04
8.937665867993831127e-04
5.768761768626723321e-04
7.978423174802573570e-04
1.082101528868797524e-03
9.600904310572869020e-04
1.058897533995672817e-03
7.000978494978176868e-04
9.474183041465629711e-04
8.050445334000006945e-04
8.427035873894949932e-04
6.904309546210518189e-04
1.005362603922009502e-03
1.353299297868514007e-03
6.707304069508987845e-04
6.593815570366551998e-04
9.600888883336112069e-04
8.039745376030571749e-04
5.775892259435863119e-04
7.580143135507900381e-04
9.227693245945227428e-04
1.330367921236621761e-03
6.690100064005582992e-04
9.100549964567755841e-04
6.091620422062302706e-04
6.800967736833099520e-04
5.991363151221671887e-04
7.999646587869394020e-04
6.002232288708390451e-04
6.869355610329830461e-04
1.403196859984791062e-03
6.040601524439245763e-04
6.477923846811542343e-04
6.653616267915066652e-04
6.276822927894640724e-04
6.652379432544534409e-04
6.538181098172481977e-04
9.061188486283605365e-04
7.500862340143616682e-04
6.626963214787092663e-04
6.716474460153079541e-04
6.596836899968050189e-04
8.631846493147437042e-04
8.457478733392032478e-04
1.216875894403402977e-03
7.077570955794962966e-04
2.412663513519811963e-03
5.819268588837446955e-04
6.578389210454239563e-04
6.142625961837482789e-04
7.360708896200033333e-04
7.742773973454865647e-04
7.073763375139057244e-04
7.138973996129882203e-04
1.199120007180408311e-03
6.614749978494111754e-04
1.443605075449850943e-03
6.656419189010779692e-04
6.132365496458291442e-04
8.262577486087685627e-04
9.475998544492981318e-04
7.740835759507508048e-04
1.989454989110035939e-03
6.705769686906113249e-04
5.944968615061559320e-04
6.766518462776796713e-04
1.089682170207993336e-03
6.426049036767139330e-04
7.047626613720269677e-04
9.141708557708982203e-04
9.873687321077435387e-04
1.759893506667286039e-03
1.621454610492966764e-03
7.301582216841598100e-04
5.867320269244369292e-04
6.576790003591045540e-04
7.103737698541917178e-04
5.823453378879003394e-04
6.616177516511356251e-04
6.148993724533460738e-04
5.870368201718173789e-04
6.603783366153144919e-04
1.710034330960150594e-03
7.628213734668932685e-04
1.168696924605360041e-03
8.359845216964599144e-04
7.487005379307128160e-04
1.081581317094691078e-03
6.410225474393052483e-04
9.810270749462180525e-04
9.667045002868384111e-04
1.347345486783349099e-03
6.791492988065158656e-04
6.458046159085081535e-04
7.747222612093136599e-04
5.606322088550214208e-04
1.057759947330755203e-03
8.243371784218966880e-04
7.086376886830274063e-04
5.833448486639932103e-04
7.676829280880202808e-04
8.850230702900995601e-04
7.445182824934157067e-04
6.157175539939061968e-04
6.475860947203972325e-04
1.039773327520552692e-03
6.412066207344831962e-04
7.938652969801007113e-04
5.905704247743947003e-04
5.985688435284255548e-04
9.368073884155818203e-04
1.087491678023715189e-03
5.711208927969465545e-04
6.454166842186054949e-04
2.165016303094209962e-03
9.011185385053604351e-04
7.451751872085522017e-04
5.718495498742257217e-04
6.880008964324382890e-04
2.696642380125095859e-03
6.774781780156613692e-04
7.612141869335654898e-04
1.213777963050295412e-03
7.655156849301250187e-04
7.049470748220308799e-04
1.247056312664959971e-03
6.653083657928090004e-04
2.128944435109665547e-03
3.117755295046219493e-03
9.796213647690098832e-04
8.277924496724976345e-04
5.950878139778276350e-04
6.578040967995022305e-04
9.273716917542689604e-04
5.931116206468781907e-04
8.092001206456019523e-04
9.352681453691606694e-04
3.163227290025085771e-03
7.612153522347751833e-04
7.036446867087337281e-04
1.805966743495014681e-03
5.920524869160496105e-04
5.871626010352929467e-04
5.955395717256222127e-04
5.997895240170937007e-04
9.067738392447396078e-04
2.219572565590096410e-03
6.244086413867951449e-04
6.666368611766134919e-04
5.857008400984415296e-04
5.630957971811136574e-04
6.660800911657166782e-04
8.530597623421646344e-04
6.148601469924641584e-04
1.982148215764864291e-03
6.325462290707187718e-04
8.990553485603164103e-04
8.808168196041928685e-04
6.582360439052649262e-04
7.228851244995252064e-04
8.459844108354875204e-04
7.947644696989307868e-04
7.407676361267876699e-04
7.632936628651043436e-04
7.781109312697904925e-04
6.846987333324952834e-04
8.618511684410126153e-04
6.582116179453322913e-04
2.353786055055322787e-03
7.862422230332674579e-04
8.090918629234979120e-04
5.830516252876277858e-04
6.598234564120189927e-04
6.781063647671835152e-04
6.813721947083334080e-04
8.627807140874087276e-04
8.576333788877411749e-04
6.670582207425076017e-04
1.240551145010409390e-03
8.314825619912607439e-04
4.015335910366205248e-03
9.258741139388817999e-04
2.649528872426729770e-03
1.584290449890557017e-03
7.024567953058313483e-04
1.107719334567811671e-03
6.829655524807571113e-04
6.206044672953835639e-04
6.099102844379414821e-04
6.831784359303303506e-04
5.829794973847635467e-04
1.211331532168192279e-03
8.197767721053083245e-04
1.633961336953198814e-03
6.760471986633499178e-04
9.235490621907295255e-04
6.531643874127042622e-04
8.866991623828704037e-04
6.186924256844758465e-04
8.100311462331298909e-04
6.551177749996735765e-04
6.965761103926176477e-04
6.109340065531931440e-04
1.508686622722422207e-03
8.099320306932791596e-04
6.126633765714101752e-04
2.135045470881257075e-03
6.150502089665579398e-04
9.534884811947817772e-04
8.042619242018139453e-04
8.981370823762454972e-04
1.715389217318183087e-03
7.402945756420052648e-04
1.277163970281180051e-03
8.764821260359595976e-04
6.175928363160268801e-04
8.004321591501766626e-04
3.021628429047940566e-03
1.039574229837835102e-03
7.534872518828917730e-04
7.361533920501080056e-04
7.548648237118591939e-04
6.514090841016840962e-04
1.353970253561418086e-03
6.353033943992355322e-04
1.266554808460193787e-03
6.351602594190836103e-04
5.994375878029368316e-04
8.716671469916414212e-04
6.424342224701689100e-04
7.354605208764494577e-04
7.463768046648215203e-04
2.727945256768868603e-03
7.795762647206755337e-04
1.125530970827856928e-03
8.227321775035025203e-04
8.029375441673590550e-04
7.702005378895338764e-04
7.197093457540104005e-04
1.501863746249137120e-03
6.248294367158054767e-04
7.165205317805992688e-04
1.334447781716249998e-03
6.288141120073785246e-04
7.817244742477275944e-04
8.294204712960924139e-04
4.263476067039829835e-03
6.255918335267737470e-04
7.521079685236485568e-04
1.228968587354416393e-03
9.229528121543556984e-04
7.992014037486874041e-04
7.431857010839692471e-04
8.362045151194833154e-04
6.388625088299781755e-04
5.960695252136917260e-04
7.618178402358385080e-04
8.610882193625034016e-04
3.656283959208731296e-03
8.261905907775071852e-04
1.389108795281501904e-03
6.527478523015668504e-04
7.454333863078763025e-04
8.410386206490470286e-04
1.471768812622913005e-03
2.170759311696657170e-03
8.125858931504184243e-04
6.660805697782067047e-04
1.205177191215475296e-03
1.103997394888096622e-03
5.938855848343202373e-04
7.802647348229133691e-04
1.346577869778573877e-03
7.180650856611580073e-04
1.753503508977329690e-03
8.929558264760241925e-04
6.686596861828388982e-04
1.213827104696281814e-03
1.004581670806379244e-03
7.067035713155466695e-04
8.403340351078271084e-04
6.567563690347909917e-04
6.853997186028351705e-04
9.581718344765643037e-04
6.523619772703051099e-04
1.384880131241051238e-03
7.251089078012547652e-04
8.678125676525957509e-04
8.292358593426929231e-04
6.008095623237980944e-04
8.278286624800257690e-04
1.499707121537026833e-03
6.812766829969953055e-04
9.246271239466217606e-04
6.814918666729436955e-04
8.814584142352286950e-04
9.267157560308213280e-04
6.560337948038973783e-04
5.884844920102706451e-04
9.494924456154927705e-04
9.391969447414031617e-04
7.718761291220744766e-04
1.585657076116200664e-03
9.223703888956739580e-04
1.107088548572721532e-03
6.755910309610077547e-04
1.500534235489913359e-03
5.897639389999572010e-04
7.932063869399533533e-04
7.604062473527027025e-04
1.039913967417212476e-03
6.565141620985810549e-04
9.395512536855110241e-04
7.393784564847531628e-04
5.600515337061988050e-04
6.854890800839280509e-04
7.066025872731726597e-04
6.138959902305938555e-04
8.856137657238973135e-04
8.374947838466055040e-04
7.126566611998855216e-04
7.632054282304744997e-04
6.400210119724031614e-04
1.328901536750491880e-03
7.468852857274640164e-04
7.587728898631860728e-04
2.789768316340314382e-03
6.494981929266770019e-04
1.672957250803203816e-03
5.723717982362361290e-04
6.746636931742203223e-04
6.205686793179454814e-04
7.105314038448661083e-04
6.982859010062367287e-04
6.540187211303322319e-04
8.621131965916866867e-04
7.635872171737809449e-04
8.454159065468363739e-04
6.514386402119886265e-04
7.643254807688468775e-04
3.923048746454087937e-03
5.993299831236369776e-04
1.354596994942735850e-03
6.388461267180929300e-04
1.056380374770818972e-03
7.359860458962084887e-04
2.025540409329114160e-03
1.884400710537090153e-03
1.053710580571434480e-03
8.118380824095178510e-04
5.792096044651857132e-04
1.683508074133598358e-03
7.493428772539000114e-04
6.251536494415132995e-04
5.913899045970115540e-04
7.801778420085678581e-04
7.250851964697000883e-04
6.283993531531527430e-04
8.937492383049319917e-04
1.380023100801189197e-03
7.386421992616722327e-04
5.594954831379919842e-04
5.859750198696609021e-04
6.855702042471073293e-04
8.721377605521404060e-04
1.694121153458527391e-03
7.655137414621724767e-04
1.330683225121137266e-03
1.306805949705219056e-03
1.089708209945666100e-03
7.201167407731349189e-04
3.309832463231930210e-03
6.177377116527339599e-04
8.538635740140849148e-04
7.693346632000686372e-04
1.177393257759362351e-03
6.684579671052789029e-04
7.503441567038078184e-04
7.173053259417415915e-04
6.971350298799411718e-04
8.830720090228281029e-04
7.006417488026464102e-04
6.002009539153537777e-04
6.052828628732532731e-04
1.617431580991594148e-03
1.881909129155366709e-03
1.100593678160910862e-03
7.488423946129143909e-04
1.406500319202136926e-03
5.563193806865335093e-04
3.957626333866809745e-03
1.227732309852518902e-03
6.629048705300376711e-04
6.609637067963446307e-04
5.906208114322651637e-04
7.105182784152521596e-04
6.680795435071270249e-04
1.016882303308204059e-03
1.538610583735243020e-03
7.558047601040107687e-04
5.784212734019132749e-04
7.018195963827592683e-04
1.583033463139300314e-03
8.981699046531715870e-04
6.472247810762238361e-04
1.110312049224003580e-03
5.811840195820925639e-04
1.093935966696291465e-03
7.790946927169820069e-04
1.176304335455142808e-03
1.223542496109145724e-03
6.320238457928783376e-04
7.583808302111867032e-04
1.598879900544506469e-03
6.854156653569856358e-04
8.153682117290235454e-04
7.934213685387653606e-04
6.676201442699511912e-04
8.038418939981449530e-04
2.459031933915650520e-03
7.895157949383768085e-04
6.090384384515227069e-04
6.133221279333764785e-04
5.991395895468463973e-04
6.460642816123715647e-04
9.615684281698270606e-04
9.371642205307306002e-04
1.454537609123041824e-03
7.815550194919582529e-04
7.617190755216764805e-04
6.561339540328639270e-04
7.010759450786256067e-04
6.578315511886088582e-04
1.432977748198493171e-03
9.364412432730308310e-04
1.531422805754957062e-03
6.175094244232975319e-04
6.033994864618498748e-04
1.266823878395507410e-03
7.168461878564303226e-04
7.781562907248410193e-04
6.747666615024112621e-04
6.998282976846191376e-04
6.151798575113705996e-04
9.266482552814816857e-04
8.854928790622162331e-04
2.808109831111410635e-03
6.167131242598906417e-04
5.990907866968072379e-04
8.329014299562148777e-04
7.902272185144066643e-04
8.833892074850911149e-04
1.336180309079856724e-03
6.356032401705651773e-04
6.937349400610895141e-04
8.779539465881280869e-04
7.679911603147047483e-04
7.768404599783698423e-04
1.438604729821127805e-03
2.994416218761415411e-03
1.176723188483849583e-03
5.568439980925807059e-04
6.545841775889790510e-04
9.105013694303668069e-04
1.330331408940778511e-03
7.867024835531915379e-04
7.387271667936206937e-04
7.686917496812319724e-04
6.173229801002047806e-04
1.536810636428791394e-03
7.684302530398847949e-04
6.856714898590412447e-04
6.620992154179109173e-04
7.078890474389640643e-04
7.555284238190239235e-04
7.862965153523796078e-04
1.926568048955794961e-03
5.684604179133731939e-04
6.937967582368936240e-04
6.322374636509232220e-04
7.257696028332506809e-04
5.801297323673942430e-04
5.870114025759095872e-04
1.949473154111011890e-03
2.207627188137979788e-03
9.482266190232492564e-04
8.892831709534001344e-04
7.702356049635014678e-04
6.464351140618842867e-04
7.416439435041935566e-04
6.324363539712240774e-04
8.101981055231467907e-04
7.880799795639910257e-04
6.986270831809237962e-04
6.268348900399763404e-04
7.623483785844502878e-04
8.604659736280958256e-04
8.414622685997646782e-04
1.347788548402590421e-03
8.485381052834070192e-04
9.078778112031570240e-04
3.017915238495934294e-03
7.540076051693250314e-04
1.270898619362655036e-03
5.859325266954995516e-04
8.791044076865556483e-04
6.864947041606975827e-04
7.203195794498010477e-04
6.519999960567216977e-04
9.720727027673265776e-04
6.862797829144996493e-04
2.915513884243903144e-03
6.072353265538333678e-04
8.252778628470738669e-04
5.780504240011593610e-04
1.834002925560927538e-03
7.362931134112278434e-04
6.514788087244952888e-04
1.093398768509381766e-03
1.113633092599301865e-03
7.188577297122793631e-04
5.705964313008807893e-04
7.397111818931053880e-04
6.764431334431756596e-04
6.136049039662994000e-04
7.064776165127818579e-04
6.243162237333601573e-04
6.537994518330009653e-04
1.183728957863109136e-03
1.806444100590135762e-03
7.266063390722508290e-04
6.046025658738346433e-04
7.210088744966341567e-04
7.258032661250747933e-04
7.915294161420809898e-04
1.194556617766332493e-03
7.915911894360607142e-04
7.299907211408150545e-04
1.494056348801616396e-03
6.989218459083681176e-04
8.296909032483887423e-04
6.651254444703072650e-04
8.116518199786722405e-04
8.210338262281844865e-04
6.741487664527679629e-04
3.006548546937876012e-03
1.544299845937676090e-03
7.934104770679998317e-04
6.548871237561783125e-04
2.035159278425150049e-03
1.864707045871765974e-03
1.160793803043747626e-03
1.868754743858443623e-03
5.930483160655145719e-04
6.598367577613611619e-04
8.870248632771071716e-04
6.725371595736804025e-04
6.275634796189650220e-04
8.503072942938942830e-04
1.114361796744769463e-03
5.716284868709660925e-04
1.615078954939255101e-03
1.596411199166899173e-03
7.661344363829408711e-04
1.492071565090947755e-03
6.198466170826116405e-04
6.260653254792974617e-04
1.541611254124176586e-03
9.312137895408878182e-04
7.560446090643785626e-04
1.007656346190192835e-03
7.286356272291602586e-04
6.812587391351440560e-04
1.021422413538402218e-03
6.654398883140128255e-04
5.789178034512082070e-04
8.457656746303325590e-04
7.603645616590720344e-04
8.625870954097575143e-04
7.428124821189725953e-04
6.959259536979797624e-04
1.059582824827949750e-03
1.546157895461237105e-03
1.273033493724508997e-03
7.016429326985273952e-04
8.648498498953829114e-04
1.001937566354175416e-03
6.344169248101139656e-04
6.897159421130362716e-04
8.319443247849444244e-04
6.414852969138876973e-04
8.311038523193601917e-04
1.344612204498227400e-03
6.750435850228627896e-04
5.893649815461998861e-04
1.333578570506723871e-03
4.223047997770579438e-03
1.561024239721492705e-03
1.525854909706494044e-03
2.142803382295508600e-03
1.164642247175239065e-03
8.062231994457062702e-04
6.287188233069843351e-04
1.574927831902645133e-03
9.020316194099601420e-04
7.686559284630145117e-04
6.923346455691738177e-04
9.986465256922375227e-04
7.449864976613126575e-04
1.301341176183762804e-03
1.053011819190708938e-03
1.080177060055142373e-03
5.966625807649263580e-04
1.160371866932956514e-03
5.896444113003423710e-04
1.628755622659789357e-03
6.400216249891182421e-04
7.885795869142992517e-04
6.989457466969288676e-04
9.760076690713958159e-04
6.266772694460538652e-04
2.092850509797119282e-03
7.692184816156440738e-04
1.249325467908776960e-03
8.283305933159436363e-04
1.208216505430078670e-03
9.653579953700925764e-04
9.049265109422126004e-04
6.124540961085314129e-04
7.298083498448482706e-04
1.303742239703104683e-03
6.036714766002381849e-04
6.489588146807537825e-04
1.472017704576342959e-03
9.210373779328809383e-04
2.571835686735476391e-03
1.041014289628486387e-03
8.612958389728118903e-04
6.111400025914844611e-04
6.653253133257162064e-04
1.219142853421712304e-03
1.274037511968268343e-03
1.144995285312003837e-03
8.458745852612455400e-04
9.670101809326469297e-04
1.785811806607172326e-03
6.449987686880160513e-04
8.782633630836193805e-04
1.459011104991152783e-03
7.273290152130032493e-04
1.035510650341760598e-03
1.159270211136066535e-03
6.723429977805506002e-04
1.257186199677192947e-03
8.295838125790665901e-04
9.697725854636742157e-04
7.274956879044869405e-04
7.292242645507366738e-04
1.263066088275437713e-03
1.156815430407314447e-03
8.984993353922204841e-04
3.963455428082522831e-03
1.285541152572048599e-03
9.783221517212505828e-04
5.630641394771949320e-04
7.587000303749521840e-04
7.738928183831699165e-04
6.283940889234715605e-04
7.313361350173478532e-04
8.885366847836057881e-04
1.019867895547380433e-03
7.768749447902992614e-04
9.720694725093610581e-04
7.241082490185090466e-04
6.396655954045334927e-04
6.357613046596898238e-04
8.047068935454174295e-04
8.589467887068360325e-04
1.056016899072528782e-03
8.096057688650297197e-04
5.808902556089780246e-04
7.596668063720362967e-04
1.864270638170093062e-03
1.323968849889571283e-03
1.083466003108375262e-03
7.245702000794106232e-04
2.030240883888494944e-03
7.769232824921886056e-04
6.313256888664449699e-04
6.242427558641481860e-04
7.013802769595807408e-04
9.557452235636957998e-04
1.019678204440607012e-03
5.749969267210345821e-04
6.291636110236929801e-04
1.410384274946217039e-03
7.414967582565546757e-04
5.854990018894641298e-04
7.990540375843677981e-04
1.289006787223053764e-03
6.062442512574617000e-04
8.036015565798547205e-04
6.617942276194169670e-04
8.285768408885688758e-04
6.229967598412799665e-04
1.063622349908602055e-03
1.029902098257495964e-03
9.742661514500621260e-04
6.162269112385790511e-04
6.918447516616955039e-04
7.098917036727442429e-04
7.503566172223927536e-04
7.033219295503683431e-04
6.937733844046244103e-04
1.875640053308980960e-03
1.444641453645075478e-03
7.888022539818069544e-04
6.015018413522730612e-04
6.550123471928601376e-04
1.342519971487071261e-03
7.245935046286044665e-04
6.804409704798676213e-04
6.259648713903793538e-04
7.919851436305220139e-04
8.797214659724495118e-04
8.888812327096602467e-04
5.828772810423359790e-04
1.436956562130365777e-03
9.501171187152794659e-04
6.020635693411813087e-04
5.879704022367218457e-04
6.515042990249144371e-04
6.186386651197117162e-04
6.280790419326569198e-04
6.863339914830800075e-04
7.124187105870187324e-04
5.916396637929044640e-04
7.634046207630930262e-04
7.036696696886492360e-04
7.776593980977603666e-04
6.235334913551309616e-04
6.542719841164547747e-04
1.088662767759122560e-03
1.059283829484270606e-03
7.336129398109546675e-04
2.766850824738441988e-03
9.718823658877087787e-04
1.022978005064555020e-03
9.722498109367408350e-04
1.367106728762785888e-03
1.059115236406525879e-03
9.360976923459600691e-04
9.315764843771228701e-04
6.953217915762904561e-04
9.290191643309161744e-04
7.282078606531058873e-04
3.410542129044229643e-03
6.730460069547369775e-04
7.032048446990714569e-04
8.616017077595622539e-04
9.360576527555869008e-04
6.309446527568795095e-04
1.425839065153711779e-03
6.440552402287312616e-04
6.027917911748914255e-04
2.034983429709283104e-03
7.008270615050545254e-04
1.192111836462429741e-03
6.337863466519959603e-04
1.334380391705714116e-03
8.467921908505219837e-04
2.328251654255056313e-03
2.037951658291885931e-03
1.599239648523742867e-03
1.145386860731304997e-03
6.854996322513412380e-04
6.022778174728161309e-04
6.577514836976156368e-04
7.533682676375477857e-04
6.093766994572554765e-04
1.409853682908161635e-03
8.170320279999656070e-04
1.181480344155643814e-03
8.666703669346978445e-04
9.736019045061694447e-04
7.825179595931325369e-04
1.183256115547401226e-03
7.300252369213926923e-04
6.656218126747468627e-04
7.369245412146914649e-04
7.292987686518397376e-04
2.467136508658999885e-03
7.176943128299161090e-04
9.265082009424491357e-04
6.306282333816301501e-04
7.869377661458643383e-04
9.549890909056229279e-04
1.224442763390462237e-03
8.872248549483977096e-04
1.104418792588579210e-03
8.232376023438060103e-04
7.970737436342964239e-04
6.435465237640343623e-04
6.275845240628785291e-04
7.701193132734176139e-04
9.452832242215023634e-04
1.037131675568048715e-03
9.698295251391979288e-04
6.159404491074395391e-04
1.773381772055286978e-03
7.426732171365632964e-04
8.073184896686493896e-04
5.901135818277637767e-04
5.898218778704827176e-04
8.291806423069713900e-04
8.584048008186563996e-04
7.465758625232007300e-04
8.049115778632885297e-04
8.598720475020823692e-04
7.695967160665701835e-04
3.544837589615271439e-03
6.538799714882574665e-04
8.337130045906382316e-04
1.194984369113511521e-03
6.626434814811896397e-04
8.297346353239364123e-04
1.278479271552901593e-03
8.008473041053603986e-04
6.234705571052419218e-04
8.968647818812404545e-04
6.583952629988179149e-04
9.709105138658133578e-04
6.049660440983712978e-04
1.396996596762224664e-03
8.082299180754235618e-04
7.452374469660739010e-04
1.251172603645337323e-03
6.873951144081883683e-04
2.168111003985061756e-03
5.799504678692558998e-04
6.779957220436359571e-04
9.254135103351617550e-04
7.247037142210955045e-04
7.131075294102188307e-04
8.080268285307522442e-04
8.722663495313385650e-04
7.795085955767107160e-04
6.138541789862750689e-04
6.664341564634632077e-04
1.080022868057059320e-03
6.050038764884201536e-04
6.215666522749854804e-04
2.371792305173343798e-03
5.597264820155020302e-04
1.284899304980931072e-03
7.954766432755773758e-04
6.776729294074242170e-04
7.115598043329003685e-04
1.945021309157890814e-03
5.985171676696576879e-04
9.885802293723479090e-04
7.142885569902021050e-04
4.706205968324566127e-03
5.753600748974469891e-04
7.241461195448787181e-04
1.905876148346498204e-03
7.477096111712116687e-04
1.202328725747227409e-03
8.653559560641395842e-04
3.162245898282175800e-03
3.107278343620964358e-03
6.160603987119340000e-04
6.541730195726178044e-04
7.622590930993762386e-04
6.625227136747141848e-04
4.837055042421354450e-03
7.699908868667465099e-04
6.462620363134903958e-04
1.574718127155136805e-03
1.131773947289583344e-03
6.728814865722355845e-04
1.460286937591543125e-03
1.768502096497377501e-03
6.653726815122494240e-04
9.790509217151823623e-03
2.354258590815692942e-03
1.146580429760105666e-03
1.982647163673252610e-03
6.945281126381257436e-04
8.262066697112931601e-04
6.625320085285867642e-04
1.555685476432667200e-03
9.312067634059166760e-04
7.538766895842812822e-04
7.014719294336006728e-04
8.797689978992239302e-04
1.232156677533547589e-03
8.384291494684827485e-04
7.314567901228962669e-04
1.202618820636108029e-03
5.978337303679389595e-04
1.025500655503978073e-03
2.226739319156669557e-03
1.032651862690301455e-03
6.546009697093222541e-04
7.939523714617772489e-04
9.718850790405894179e-04
6.571251507378183263e-04
6.896670126352659165e-04
1.127922825985777557e-03
5.563781448172914644e-04
6.643570310899120802e-04
7.219782034412392966e-04
1.885806385348119587e-03
7.545842602963965086e-04
7.249719919648515499e-04
6.064913832384201831e-04
7.228529276562477811e-04
1.131427922039949987e-03
1.981491480349562365e-03
2.051248927436352416e-03
6.799620650758487822e-04
2.801595363521401823e-03
7.365075408816675398e-04
6.895706623685259398e-04
1.303262278810678014e-03
5.577185051140839305e-04
7.291715060819493801e-04
1.058201123482777322e-03
1.520780435932836058e-03
2.184615028580228890e-03
1.051137139991664259e-03
