3.828903824185103111e-01
2.233924995405555114e-01
2.210676294471490833e-01
1.829579157741268447e-01
3.275022979563776415e-01
4.162229021635135418e-01
3.426326318745232524e-01
3.208913388007348932e-01
2.552004810564704185e-01
4.165808578781555749e-01
4.191363864326094757e-01
3.554644919602822362e-01
3.624728999018080322e-01
3.913806169439877358e-01
3.095586827529220320e-01
3.605032388021608969e-01
2.483853572333511173e-01
3.052279615046671890e-01
3.468874001348009051e-01
3.982426252453933335e-01
3.808416266122315319e-01
4.192284886644903619e-01
2.115441401148050460e-01
3.545928734601316856e-01
2.902161163090393181e-01
2.989619421037996716e-01
3.522701046651159906e-01
3.605836423238385491e-01
2.223323183266964209e-01
1.291385142477768921e-01
2.110000669087402636e-01
2.799796977944692955e-01
4.179735010147248020e-01
2.557031042650718677e-01
2.487228848466043196e-01
3.979795183349324472e-01
3.583725636726796115e-01
3.917593507894059912e-01
3.017329350422525147e-01
2.880391951025885189e-01
3.741297507532250211e-01
3.137427819712667598e-01
3.269541403161469462e-01
3.015054373452545344e-01
9.950052967310978047e-02
3.669284211642124816e-01
3.411255324474283257e-01
3.755354969197339243e-01
3.594601023990427469e-01
3.476808699330745656e-01
3.776769265360502836e-01
2.478339007949981188e-01
3.207752438569848041e-01
3.799345367245101079e-01
3.581772968619988951e-01
4.082201441993018598e-01
2.353884147350306932e-01
2.764241846142109216e-01
4.130425834301186261e-01
4.164954239635716426e-01
3.316206346529340654e-01
4.262489137233582692e-01
3.911349003260022883e-01
3.676858681643007665e-01
4.162987863828820911e-01
3.660294041471255366e-01
3.573237958825082883e-01
3.641663063641196740e-01
4.127148244273449174e-01
4.091377781209306064e-01
2.295268561851527556e-01
1.290180421355456852e-01
4.207985433962303512e-01
3.008432480481376681e-01
4.181596849020590145e-01
2.422788983810822416e-01
3.838397210826157702e-01
2.848821138470403191e-01
2.941905236503056242e-01
3.035574737090412922e-01
2.989315784891370953e-01
4.034382113417462890e-01
2.102236813609633659e-01
3.508711200341879666e-01
3.936958822150712356e-01
2.833184687993175466e-01
3.923475752452403875e-01
3.753288208502709722e-01
4.103899995061043859e-01
3.493669579127142155e-01
2.825165467818211429e-01
3.009653886959728353e-01
3.892148281829292955e-01
2.834475934409533271e-01
3.129001996026205545e-01
3.122385044412562261e-01
1.448811527907146179e-01
4.196205013842774778e-01
2.350164049545714062e-01
3.645362938454385082e-01
4.064474350703509709e-01
3.498151824112414321e-01
3.002887029383345951e-01
2.408489556670373177e-01
4.078063694005551465e-01
3.960240691110349931e-01
3.761025140174050208e-01
3.009837898356923502e-01
3.195307878544071389e-01
4.026679478793403488e-01
2.154696119622374062e-01
4.156444779311362914e-01
3.493835238110096775e-01
3.194993774997531566e-01
3.832117120048779690e-01
3.331230462193607855e-01
4.060048040672579739e-01
4.123974731112751146e-01
3.947327463128054714e-01
3.134284760470048559e-01
4.265790359526041575e-01
4.071564851445328981e-01
4.093643760610116700e-01
4.157167411819432945e-01
1.672336824662540300e-01
3.676709544927752593e-01
3.637925001266372194e-01
2.628047668104275258e-01
4.166332774461899979e-01
3.574811262418711166e-01
4.106040224045696130e-01
3.819013700429850777e-01
3.418361547575304304e-01
2.539826185097746047e-01
1.990444784186363170e-01
3.674027319792723123e-01
3.937783563799275299e-01
3.649785141128953914e-01
2.221728397683733203e-01
3.683728195174743592e-01
2.687054218724549970e-01
4.104295579126972515e-01
3.222764433920769500e-01
3.296041818086259401e-01
4.095357252550890781e-01
3.235968038422633031e-01
3.628051918444171187e-01
4.120791289931797774e-01
2.926469505848507402e-01
3.826217922575230190e-01
2.056755839021119359e-01
2.878494521115774196e-01
3.709942819885586052e-01
3.861713516661189338e-01
3.210641215179534935e-01
1.552668876549189170e-01
2.083170698684237709e-01
2.082702922521250111e-01
2.420368346414431548e-01
2.208707527138305815e-01
3.276084658943492212e-01
3.719407116004855296e-01
3.230713978755649363e-01
3.875083681775332578e-01
4.201159879229335870e-01
4.218713537543939407e-01
3.699182866327979102e-01
4.046554916986101480e-01
3.444901813610470320e-01
2.957151244715252036e-01
2.251912367782619440e-01
3.765151565084228769e-01
3.925074394674202827e-01
4.123815687251687345e-01
3.349573109659519932e-01
3.987752668126148259e-01
3.906586786579730464e-01
3.444056578671711999e-01
2.631554290260655904e-01
3.764884801855618579e-01
7.233496049808554873e-02
4.012410557168256120e-01
1.880772550605747384e-01
1.248686139640286241e-01
3.349426730535302599e-01
2.648198212450145750e-01
1.100382999154723845e-01
2.239629265426872073e-01
3.715590759887128502e-01
3.655444292524289152e-01
3.584289472068443172e-01
4.204132546098419687e-01
3.812226546906599678e-01
3.408840188074174216e-01
3.475427306209527001e-01
3.354590822625688196e-01
3.600163534604264304e-01
2.205270684319467489e-01
2.843677559419556800e-01
4.163050660210710352e-01
4.110021516840640654e-01
3.794827792927877308e-01
3.848211234467979747e-01
3.871283199779375073e-01
4.103930990412278379e-01
3.923618166033194798e-01
3.881751242940121305e-01
4.189304144183461087e-01
9.455540444476144557e-02
3.579654808682801725e-01
3.444321826683721666e-01
3.232940486094671995e-01
3.117643686972804140e-01
2.973087156028641487e-01
2.721507145316547360e-01
2.300083232273950617e-01
3.385610843608703457e-01
4.192561805289718446e-01
4.229284963405177677e-01
4.260025216470408882e-01
3.973908105179321248e-01
2.989063213605975822e-01
1.562739126893859520e-01
1.811504561500671129e-01
3.139492681375523064e-01
4.229894685554132505e-01
3.939985877864282671e-01
4.232569920878724856e-01
3.498557925772508015e-01
3.386005331756024028e-01
3.062695240486463799e-01
3.179290426782535595e-01
4.238552738611442994e-01
3.727626890307859653e-01
3.714978213317521316e-01
3.995410128422616225e-01
3.581328497205437666e-01
2.829463319677144595e-01
4.119240959613860720e-01
4.014999327948955976e-01
3.933406309457080363e-01
2.369174857472991502e-01
2.747865712306290509e-01
2.590044767429114936e-01
3.706948784548849685e-01
3.335323157589820675e-01
2.930446903530117830e-01
3.427321248912523211e-01
3.293557691555504818e-01
4.094609291450135302e-01
4.149189940544770194e-01
2.658406699309388554e-01
2.547913862158243115e-01
3.854340609323557709e-01
3.617801020488800590e-01
2.944711403896901891e-01
4.177155218929620717e-01
3.260477893557641171e-01
3.498868691904830630e-01
2.204212892779362776e-01
2.444661129065396621e-01
4.232064003250987083e-01
3.325910621449758020e-01
2.110202350042467145e-01
3.693663065370642040e-01
2.803213201677642319e-01
3.390602034224164951e-01
2.308091620678874856e-01
2.274556430273613483e-01
2.195223884934632552e-01
3.050791693978823771e-01
3.662864568138541332e-01
3.903732960431715582e-01
3.440771825938513939e-01
3.348495684632987746e-01
3.963084637465336124e-01
2.437548223120483970e-01
3.797688223747258673e-01
4.141979313998563894e-01
3.301377112748861697e-01
4.232387370306391894e-01
3.814948226480573412e-01
2.827679254804608133e-01
2.997107497107811547e-01
4.121073309591681277e-01
3.612046626731978960e-01
2.678759646814313777e-01
4.072932058353592732e-01
4.063126004555828730e-01
3.884923814294977129e-01
2.623736918731967571e-01
4.235089149113817064e-01
4.216109609067467123e-01
3.701677037819212090e-01
3.916416001687724746e-01
3.367916619955365065e-01
2.586961549466127996e-01
4.264891499377418960e-01
1.600113698790677774e-01
3.212311137327355515e-01
3.685500073254571740e-01
3.938672034534466682e-01
3.611333185974582305e-01
3.901317898013785812e-01
3.744287276214031679e-01
3.868355093029964276e-01
3.489039559728276951e-01
3.247304620401422759e-01
3.631168586015435795e-01
3.764201347698856726e-01
3.501527767354170595e-01
4.218998583606780040e-01
3.651859359239683633e-01
4.007418249761751095e-01
2.731425756093338042e-01
2.527629477730449770e-01
4.069691493516930381e-01
2.134915152843623876e-01
2.816180356900365722e-01
4.068228863743192369e-01
2.778683568527981484e-01
3.473986356361565275e-01
3.038812363054499976e-01
4.165144595060213950e-01
2.570792353825595011e-01
4.211983110079063897e-01
4.071496516546435629e-01
2.150638730147662603e-01
3.607243154293266474e-01
3.277952093567620406e-01
3.518137153123135352e-01
3.236103627807361827e-01
3.386660488495810695e-01
1.905047385020462447e-01
3.444778740385465721e-01
2.740817053525722025e-01
1.800139882251282075e-01
2.975617819355622640e-01
4.257548692082317454e-01
3.998142739569794935e-01
3.896678463172156270e-01
3.492700446736865527e-01
2.804264696422161252e-01
3.089923597149474288e-01
4.246120516357607677e-01
3.287094938516836873e-01
2.748137807116005638e-01
4.056905599067545110e-01
3.156244524897193204e-01
3.762390052367539095e-01
9.075791867416657666e-02
3.494817999123014940e-01
3.939248472177562244e-01
4.188348754925197981e-01
3.606988125904707077e-01
3.738739469087337675e-01
3.416231685196520762e-01
4.126105732703249096e-01
2.799276736720057168e-01
2.924516701656055262e-01
2.463845083966563765e-01
2.823201320107591727e-01
4.096815438001034093e-01
4.100355754656210827e-01
2.955100757742773476e-01
3.160124325777410315e-01
1.630835919584567861e-01
2.151481877025336886e-01
4.211628951865293291e-01
3.235814255211217905e-01
3.391238204442286186e-01
3.888638433244324122e-01
4.010031990757255693e-01
1.487003045649826216e-01
4.216622189289193634e-01
3.042009922403691724e-01
2.752708001953361738e-01
9.614880027325875544e-02
3.383110371202801003e-01
3.827798311260195430e-01
3.460900619555248303e-01
4.070104817464655911e-01
3.700215780708787650e-01
3.325673382754464336e-01
2.748257505415115931e-01
4.211141988287377957e-01
2.416791437209964699e-01
4.025566670843267469e-01
3.919737134842942727e-01
3.972555464009051573e-01
4.012573281537393233e-01
1.634792825133930538e-01
4.255904540612130971e-01
3.964036721667267837e-01
3.655722963545095516e-01
3.944000199060271328e-01
3.829418791542428813e-01
4.138532564981078354e-01
3.578563223779618885e-01
1.689940461899425705e-01
3.761123402067221289e-01
4.160395209043820097e-01
1.555424677935607347e-01
3.807873759863567575e-01
4.006738142121985535e-01
3.647698311308710806e-01
2.866276885076697312e-01
4.165113986285720049e-01
4.132353030912405689e-01
2.059681707104926152e-01
4.227904768270404068e-01
3.324583233307121799e-01
3.328192167304424021e-01
3.640685341072404380e-01
3.267692927021431659e-01
2.943002140953461798e-01
4.160596574967869721e-01
1.775365841417249069e-01
4.160824254489030594e-01
1.949481546479699401e-01
3.474640990337531377e-01
3.833263183083738812e-01
4.018941256575347953e-01
4.225734822836597626e-01
3.862266306113779635e-01
3.124632366047364607e-01
4.040377605837924824e-01
2.442911532657045526e-01
2.782234993671391932e-01
2.552467333032563124e-01
3.042677699533248847e-01
3.479447197921080037e-01
3.917412551218217853e-01
2.522583670233808362e-01
3.630693624781740070e-01
3.885479080256723505e-01
1.665703601923753385e-01
4.036392616553287627e-01
2.615446069652161976e-01
3.871371255781834164e-01
3.979110741227659398e-01
3.101533587112301205e-01
1.211778475031222990e-01
4.143465215082971498e-01
9.220037114231356690e-02
4.194505047735088143e-01
2.175758442458863018e-01
2.817393557539319970e-01
3.722372175293575114e-01
3.012294611087285578e-01
3.675410685080162665e-01
4.063099754609957315e-01
3.043480320982118736e-01
3.866060268975812786e-01
3.933011951623620051e-01
3.154247143365452866e-01
3.531199997407944435e-01
3.919771009511595072e-01
2.401323149291420822e-01
4.220061358326818723e-01
4.132118462656996782e-01
2.831822487915965358e-01
3.498717762763737804e-01
3.956409967022870289e-01
3.886808041401378921e-01
3.323374643968310949e-01
3.511900509360662559e-01
2.048667667609679333e-01
3.950154468724477175e-01
2.558253095470026661e-01
3.711270980341069836e-01
3.011748887948902387e-01
1.990425446604050241e-01
3.231794488910635921e-01
2.798929032477568968e-01
3.846354070757869170e-01
3.772806152356314446e-01
3.773237692704028978e-01
2.800651125187953450e-01
3.598191890224590184e-01
4.112516077216961663e-01
4.115453865684749468e-01
3.479005095777584766e-01
2.013834606022216478e-01
3.617117057406393221e-01
3.259943179551804127e-01
1.437518360113022864e-01
3.753681580471425194e-01
3.094279657278530826e-01
4.107230145488237061e-01
3.537230015620613233e-01
3.260982254750312004e-01
2.495788628643440810e-01
3.475452288929166689e-01
4.121824764125973095e-01
2.751425137364079121e-01
3.964063753737533391e-01
2.237923157083229198e-01
3.923940256893945766e-01
4.194338207010368524e-01
3.543170265784180706e-01
3.783238870076354177e-01
3.075179144538624509e-01
3.120648244166704388e-01
2.027392284028207980e-01
4.160768832312536358e-01
2.942514368382141976e-01
2.150953593222986737e-01
2.697712692442318927e-01
1.943198543971854375e-01
3.756399009341432338e-01
1.863913211157044170e-01
3.733891533743497471e-01
3.745374292673363525e-01
3.398800085744702049e-01
2.763840552368653225e-01
3.778694969498282985e-01
3.832512550763714221e-01
2.752513066976116085e-01
3.799075121156091361e-01
4.000599076630219075e-01
4.021563323644924970e-01
2.322317413987257939e-01
4.087943442093046054e-01
2.738677803303536940e-01
4.094205897248864301e-01
3.933083143681787019e-01
4.111571111219330388e-01
2.944235120945133399e-01
9.751610783464802201e-02
4.183348200958267871e-01
3.885735748217487018e-01
1.533857995017144926e-01
4.253896816679133552e-01
3.537955580935599476e-01
4.044788029843163768e-01
4.168532137044154706e-01
4.076354467377799606e-01
3.974183685859540849e-01
3.246253472487632963e-01
3.888707355567788126e-01
4.247701295130445476e-01
2.237188421633803104e-01
3.174219489559219065e-01
1.717248540973170812e-01
3.562885911098397362e-01
2.622121690279968775e-01
3.587026897722327967e-01
3.825312700190368065e-01
3.221215205917894453e-01
3.338152884340074289e-01
3.122480256761758777e-01
2.418653737721843944e-01
3.896365589031332566e-01
4.188134222490349501e-01
3.266744999281709916e-01
2.622149784162191577e-01
1.906780037062402178e-01
2.992308325804763358e-01
3.515611354738897854e-01
4.140422377055610337e-01
3.376549760066682171e-01
2.777465208471040503e-01
3.556813230839022677e-01
4.077027496983973154e-01
4.098026170088036602e-01
4.267559286977778976e-01
2.300199336711087339e-01
4.239202190272752802e-01
4.252194895751509884e-01
2.894884307821990466e-01
4.000210385700040949e-01
3.487556761066742395e-01
1.761116282905345054e-01
4.132785283883964600e-01
2.228624510385908974e-01
4.226376063663146998e-01
3.188570338496030110e-01
3.867063220239575494e-01
3.808469895756055323e-01
2.587641979576199569e-01
3.286230205669019022e-01
3.708576147670964440e-01
3.357096077995762595e-01
3.598818245254719606e-01
3.247318196055099526e-01
3.555876426297815973e-01
3.189055061885474607e-01
3.665396885179767472e-01
3.194239314904490645e-01
3.376945760898241722e-01
3.937948653466246118e-01
3.583132672438153477e-01
3.569717396387309671e-01
3.236777276083297461e-01
4.268924921571088937e-01
3.089401680584696885e-01
3.174932520700375904e-01
4.150446825275424523e-01
2.316402174767704381e-01
4.109200780284190668e-01
2.818734939813677953e-01
4.158228705850053331e-01
3.474195512029844002e-01
3.434952741351121053e-01
2.236538522060275425e-01
3.880346971022068936e-01
1.912013151429779179e-01
4.227968104281237260e-01
3.905332760079003318e-01
3.381540871209308130e-01
3.259595751056922897e-01
3.392456435102333412e-01
3.305839760735161947e-01
3.729577295811268289e-01
3.493223227769664541e-01
2.383094173483183975e-01
3.675777453505378878e-01
3.147340527343104877e-01
2.793115973691820408e-01
1.453670675506967269e-01
3.020328527061044710e-01
4.016171045859767141e-01
3.813430449201762884e-01
3.551611945436040085e-01
3.126373317328738355e-01
3.870280411418833832e-01
4.001819633534991483e-01
3.232513882522927706e-01
4.089767305471385117e-01
9.912808280532996175e-02
4.267697101450340647e-01
3.036078564786789391e-01
3.245095571811574264e-01
3.305033407008671209e-01
2.894300986286390542e-01
3.087782100055646572e-01
4.225442468484171266e-01
2.171746431211848405e-01
3.977840706131439696e-01
4.067257220950107888e-01
4.254956680665840096e-01
4.127540808732206856e-01
3.901025775791486239e-01
2.946138814587502264e-01
3.744995714634810069e-01
1.064037022624018253e-01
3.621664219413180952e-01
3.999713463846175654e-01
4.192955458060924068e-01
3.247341674754700147e-01
3.934615836877612960e-01
4.199247426725762344e-01
3.447014810454747669e-01
3.905355310744389463e-01
3.719887498068790710e-01
3.493863612377828276e-01
3.641818305168268988e-01
3.236606566721562106e-01
3.709875696275400370e-01
2.802981529449667386e-01
2.908433241541301117e-01
3.692754234644132771e-01
3.602868531165564492e-01
3.921038830783526996e-01
2.379415706099214656e-01
3.963985674754478272e-01
3.609275983003468746e-01
2.992135467805842053e-01
2.350269409523242092e-01
3.893628759669705008e-01
4.169812530713661314e-01
2.905862745107949396e-01
3.527941113340082868e-01
4.209585276778948226e-01
3.490854951013312446e-01
4.198633096783629393e-01
3.400465020115700510e-01
1.088311132206059018e-01
3.741989589705428387e-01
3.055728006979673284e-01
3.525198745003362832e-01
3.283834559549304588e-01
3.243726113895088470e-01
3.989267963500313097e-01
2.512878923762385530e-01
3.502899205086233980e-01
2.729438195487212115e-01
3.633045325715195117e-01
2.479980684512366751e-01
2.373429728438010700e-01
3.594272318429041491e-01
3.944352559263158975e-01
4.260993288451329075e-01
1.510123181556695116e-01
4.251868796977962828e-01
3.353895612933719406e-01
3.118613414789964677e-01
2.952014277187126612e-01
2.975278878967100860e-01
4.184154202312171389e-01
2.681635577809933224e-01
2.195121852405497731e-01
2.886832711467045010e-01
2.791336618471998432e-01
2.497373326470316290e-01
2.903330920939672932e-01
3.677536950135238403e-01
3.197864868960135776e-01
3.283670446171406687e-01
2.342222425163321409e-01
2.324951916767292737e-01
3.758098029986811639e-01
3.316985960052653559e-01
4.182729331964458175e-01
3.915066925326755043e-01
2.632409877167368184e-01
3.857958030531888904e-01
3.100353565010290913e-01
3.720489504786137491e-01
3.485428068651514888e-01
1.078224779541187839e-01
1.805301636623826977e-01
2.972316225881068141e-01
3.509351730971327354e-01
2.527077299709887814e-01
3.646430105980245084e-01
4.004641754363332251e-01
2.996374975228752180e-01
3.524359837694348019e-01
3.770116220491574466e-01
3.470231727363882746e-01
4.185625139700246966e-01
2.602628578254957969e-01
3.763921133970209998e-01
2.872146662228340364e-01
2.799270460714949893e-01
4.254546747495750458e-01
3.656964171122118468e-01
4.235432532318589849e-01
3.387694551141373078e-01
1.920393650824559761e-01
3.348605950118307417e-01
2.065556255296257526e-01
2.842163130587747055e-01
2.777590447493479830e-01
1.355116829036778769e-01
3.449012504731192030e-01
4.218616585486983372e-01
3.943826147847908081e-01
1.667971792493154193e-01
3.341655359606456877e-01
3.579321627931805194e-01
4.241845865241194447e-01
2.579526469718026460e-01
4.235229292596439654e-01
3.327635687756542171e-01
2.316846524182019640e-01
4.191172301627930086e-01
2.637278602650738324e-01
3.175507295393210638e-01
3.968374343484133426e-01
2.354150902600405382e-01
2.304702245600111221e-01
3.709932583604472756e-01
3.176217541390211618e-01
3.718291693132004805e-01
2.378894034441673133e-01
3.977019141505654387e-01
4.206687531089832732e-01
3.302572466159725550e-01
3.414024145768111418e-01
3.275784455673725892e-01
2.428054031013632819e-01
3.163296954500113278e-01
3.838182797383057343e-01
3.752146468085468811e-01
3.859767236719048866e-01
3.333936359189167420e-01
2.838318533297456980e-01
2.911839671849709155e-01
2.459869780347503365e-01
4.242954371940390601e-01
2.000218319111967125e-01
3.621220215922757446e-01
2.368683599256201644e-01
3.964405280913747553e-01
3.118290824783421789e-01
3.285449157235016404e-01
1.595668854091284727e-01
4.126221815716197838e-01
4.122372474804847919e-01
4.083617343298615587e-01
4.235834547200806877e-01
4.131873097756884605e-01
4.248614042154649217e-01
2.500994790566902215e-01
1.715164519527117293e-01
3.274172293245448673e-01
3.295753761914169688e-01
3.979193726571895739e-01
3.513403501518970740e-01
2.619180865748504949e-01
3.889307584945615459e-01
2.778215160319849053e-01
3.878946974657110358e-01
3.990910624486761482e-01
3.372866891574509141e-01
4.053315916013805476e-01
4.212057116350138020e-01
2.914661667525761390e-01
3.971090450774930614e-01
3.211091835193098931e-01
4.072801937000281591e-01
3.025326913742045765e-01
3.518467144863217100e-01
3.794878511497454809e-01
3.183708804312312401e-01
3.714949328424012043e-01
3.414923671551227113e-01
4.035589667312530215e-01
3.970091543232980302e-01
3.515600178389634567e-01
4.212048769666771331e-01
3.786168342363910311e-01
4.181708838914635629e-01
2.428677328984113759e-01
2.575187214209049835e-01
3.498458914711781720e-01
3.361228673751496809e-01
3.459945828581030836e-01
3.489512813384274548e-01
3.756514031633979012e-01
3.966052082901594944e-01
3.110916529237378048e-01
4.104865998976273134e-01
4.171205620586379004e-01
4.003403343330905750e-01
3.638976612856109072e-01
2.204096758824480307e-01
3.329986084876316865e-01
3.640688169012449293e-01
4.072600263256331288e-01
3.909255345440170171e-01
3.770285907024319427e-01
2.722756113123079857e-01
3.264846161990858087e-01
2.711311928728935006e-01
2.811343195864426381e-01
3.884719218568606358e-01
2.749469936811726467e-01
3.623099366002562327e-01
3.262222406320237633e-01
3.569168585243850389e-01
2.128358165311588779e-01
3.583794694239624823e-01
2.816253223324226007e-01
4.100167596286780070e-01
2.447960856664261609e-01
4.149295016956984772e-01
2.933380365785879795e-01
3.884731413510698617e-01
4.258332814352344675e-01
2.831114136014081795e-01
3.561790971708678755e-01
3.920746048667536621e-01
3.797992571214440227e-01
3.604085809905916982e-01
3.418091516407020802e-01
2.011732112822428586e-01
9.688516926538592866e-02
2.383845532846154414e-01
3.967546803680854217e-01
3.903732410450289625e-01
3.711178639285174774e-01
3.018318305177570271e-01
3.615925859271114096e-01
1.855710878371937544e-01
3.996814671509582584e-01
2.524946004950939238e-01
3.029939074800384047e-01
4.038523710619063012e-01
3.109204942165916252e-01
4.001841473039229324e-01
3.490051831860563336e-01
4.257228668833243912e-01
1.978398352207745015e-01
3.898538555945582629e-01
3.570816765965992290e-01
3.939995506518568780e-01
2.202715162168191465e-01
4.266145384202126301e-01
2.048098433923414841e-01
2.743591531694950514e-01
2.637652355821999417e-01
2.418506436217220112e-01
3.524147298545996509e-01
3.293611486640645736e-01
1.841992227229228007e-01
3.231162005710083163e-01
4.250783362822010969e-01
4.204604980852642560e-01
3.686523405929127972e-01
2.702936048679025482e-01
4.263268788154197519e-01
3.539337174720987855e-01
2.215770398771597927e-01
3.325047357071589382e-01
4.173806446339403120e-01
3.738947132382588467e-01
3.813240293868779829e-01
3.884144680873885536e-01
3.764830722446111388e-01
1.710420748477088082e-01
4.090466692438134433e-01
3.036040185740935815e-01
3.568968271596205111e-01
4.036939431445537574e-01
3.643762726693691723e-01
2.192797044066452095e-01
2.718896875499454135e-01
4.037141992082128872e-01
3.668591847895303348e-01
3.063928017950022786e-01
3.399229010828994091e-01
2.232275712048437666e-01
4.149333326834368507e-01
3.863676876280154326e-01
3.419004455546745813e-01
3.528304006276067328e-01
3.958821388490603166e-01
2.973131095323045536e-01
3.476159895937523392e-01
3.248535501799173497e-01
3.493911736648969146e-01
3.781800251687009173e-01
3.454525549632465609e-01
2.912429077316020520e-01
3.607812445958987757e-01
3.690877280197503718e-01
2.679885566971436650e-01
2.587802309911605425e-01
3.034173726367268009e-01
3.572765623704567961e-01
2.563858430992599358e-01
4.010060553653535531e-01
4.078905884688467931e-01
4.062962272356869797e-01
4.197729754106271360e-01
3.944903928963562345e-01
4.224266533911154586e-01
4.028187420877257230e-01
2.643603862577759145e-01
4.060099393705733917e-01
4.252445625119225525e-01
2.482423012279413865e-01
4.050623367998090751e-01
2.369463237214933793e-01
3.757119246151352510e-01
1.489878276759476206e-01
2.311127353761508463e-01
4.191318741638396239e-01
4.247521391643840349e-01
1.681163471707752266e-01
4.160973008610753809e-01
2.034905596861094901e-01
2.578538627708276687e-01
3.304797445819009361e-01
4.065771143617010752e-01
2.901811060679322929e-01
3.593155503222149605e-01
2.883139362559678509e-01
3.689080495015101269e-01
3.218156123794914669e-01
2.651985823855396718e-01
2.537894907918891163e-01
4.249646310623046985e-01
4.082734479550651496e-01
3.773105798341390704e-01
3.478295155846632403e-01
2.994878477125640370e-01
3.849425627897499758e-01
3.580285930476987399e-01
3.981093116444565649e-01
3.296273119057347989e-01
4.151645728057749007e-01
4.109412465328382558e-01
3.417757613581057230e-01
2.392486194328476146e-01
3.937711487743476568e-01
3.247561139550705911e-01
2.645984204162269426e-01
3.254002901180192975e-01
3.415278681146027284e-01
1.950591363189064786e-01
3.828211389930591957e-01
4.030677736260582789e-01
2.073293178967344774e-01
2.311364085791255130e-01
2.909480160132041360e-01
