7.322878826056657218e-04
1.151040314235346170e-03
7.474510213957485591e-04
8.785501145189541844e-04
1.001705861505693476e-03
9.222755459228407487e-04
8.240507000393990610e-04
9.200067671667933218e-04
8.235260077008334494e-04
8.825335875953029419e-04
7.773685866393946833e-04
9.062427794089970064e-04
1.064376086284482504e-03
7.851063577084147968e-04
1.156063908387419681e-03
9.821819649378615413e-04
7.958594562876721403e-04
8.583350837312573884e-04
1.533937475102075277e-03
1.860197632925843095e-03
6.715367636150514291e-04
1.528122837892720732e-03
7.253182873040550822e-04
8.957832816626368298e-04
6.962948395140955817e-04
9.035172588397127414e-04
9.976631461984892743e-04
8.534334567052994595e-04
8.538211069699096515e-04
1.062875529507432710e-03
1.307757059087568926e-03
1.145148875074807450e-03
9.814376833818417179e-04
1.129926167827318946e-03
7.635100070674320479e-04
8.077333934414079658e-04
6.514969876811875938e-04
1.146556171658331394e-03
1.204780903035650727e-03
7.741574582096007228e-04
9.109731294338186238e-04
1.155612324237190571e-03
1.016329853274760804e-03
1.047173548749112323e-03
7.727982473056491542e-04
7.923447232958881915e-04
7.180572296323953739e-04
7.326404216608022003e-04
6.899269699477637028e-04
7.096898773097501303e-04
1.105447294891876179e-03
6.753342446953804765e-04
1.097418295973248909e-03
1.189046204304159988e-03
1.188135469594719549e-03
9.749367677318849330e-04
7.643166868078870571e-04
8.467748009128094966e-04
9.336870199188282990e-04
7.294119309716245655e-04
1.328226593508343876e-03
1.274931306711491038e-03
8.618062548889271392e-04
7.399299745634920367e-04
7.790291977014854839e-04
1.499114337227414571e-03
1.026658513584899172e-03
1.303838784524738014e-03
1.007190858445289935e-03
7.831303886773388406e-04
8.587230546802745610e-04
7.287061468455383051e-04
6.499274115403013080e-04
7.678476310163184033e-04
9.655901725510685971e-04
7.547206296396561254e-04
9.837837424256324834e-04
8.983770872911672496e-04
9.662185017851874277e-04
1.499572456263987977e-03
1.370495521480943066e-03
8.866447977220841530e-04
8.295732800620637167e-04
6.929686220943336982e-04
7.159341175291773557e-04
1.311568943515832239e-03
8.412290941260659695e-04
1.287849558265760424e-03
9.120699532403763344e-04
8.536909944935187249e-04
7.448565771458250670e-04
1.096385996377081604e-03
8.129662530019565519e-04
8.321919072457914339e-04
1.019514397798573172e-03
1.417545997521745416e-03
7.579834648124338190e-04
1.531766550751109592e-03
7.006198212915791057e-04
9.365315133599300818e-04
1.084065445651550110e-03
7.727581050604224013e-04
1.243317024731427269e-03
6.939848141865334347e-04
7.630519604917581191e-04
1.059655576003614439e-03
8.194656754632873149e-04
9.012721117548649647e-04
1.233798207442025072e-03
7.998085857815331401e-04
1.046960824682472042e-03
9.007478480874757084e-04
8.851728579606310760e-04
9.167398551149916934e-04
8.720051681000643828e-04
9.492500188379415218e-04
1.027309043902704727e-03
9.878425324283590572e-04
1.279863391358792820e-03
8.093773580649989965e-04
8.146842787626347015e-04
1.400227172453888825e-03
1.172653436471656624e-03
9.181032455191934921e-04
8.853173743102577507e-04
7.431328228818371868e-04
1.603955327435472190e-03
8.963994567280205101e-04
9.277684524157226538e-04
6.752746442631693026e-04
6.648241533048624601e-04
1.001288613610421506e-03
8.327224122760306302e-04
8.841331253663739119e-04
1.181808122554846383e-03
1.243904892057759795e-03
1.036389990770011362e-03
8.671433446148643295e-04
1.231121618149543873e-03
8.089486657430815198e-04
1.126473279068713898e-03
1.477306783336077706e-03
8.192246102099275248e-04
7.964493905801398087e-04
8.303888438463272788e-04
7.313293066952424081e-04
7.037030299046572769e-04
8.575270753377115104e-04
1.173439602889574931e-03
1.674452415943851512e-03
9.283308465434716040e-04
1.038136422611118026e-03
1.145211964282686398e-03
1.238626109071420782e-03
9.783260805888863241e-04
9.697147093406896946e-04
7.269533342289680872e-04
7.997481220775151710e-04
8.622436283643349075e-04
9.781989064919483466e-04
1.502334415466932910e-03
1.743026006474313007e-03
1.077762402550838270e-03
1.721231962104403023e-03
1.191296466604708322e-03
8.200973661925492573e-04
6.769486963307330078e-04
6.822752213979284015e-04
8.407726510966829093e-04
7.608392075177445495e-04
1.103388855284986999e-03
7.522966204199898598e-04
1.178059951617132931e-03
8.259263942955831017e-04
7.991681332199782918e-04
1.370974535015928326e-03
1.259718213333912333e-03
6.320118881759245483e-04
1.250582489891283221e-03
1.753142285765202585e-03
1.009660098144245883e-03
8.676042310371241207e-04
1.218685048143723984e-03
1.455447778064572094e-03
1.215116211607427787e-03
6.394499795316047498e-04
8.774930609045045529e-04
8.887360588701647074e-04
9.451936947552554841e-04
8.871618595938345064e-04
1.126135158007031184e-03
1.187659069009925359e-03
1.092107079444064105e-03
7.214181810426898833e-04
1.384360633203049733e-03
1.195611958345398551e-03
1.136307081897644294e-03
9.808613102606470076e-04
7.075801388865305026e-04
1.399929799411984152e-03
8.585844153687355188e-04
1.012712539466118942e-03
7.121481664171497132e-04
8.992486561953029088e-04
7.901565644726913284e-04
8.872208580726817896e-04
9.583379704070833262e-04
9.968124057431586044e-04
7.155715849462725413e-04
7.431936277039607065e-04
9.897711974880731706e-04
8.614180131880697479e-04
1.425220402474968980e-03
6.783980298689773871e-04
1.099333301824470662e-03
7.544314485518827714e-04
2.587751375315902602e-03
9.243820956945827515e-04
9.203092121603278402e-04
1.221323002858033325e-03
9.326255925446352889e-04
7.911167937711782554e-04
8.209657515792351517e-04
7.410366646782725296e-04
2.392703362811395007e-03
1.141221611871742932e-03
7.421533690189276731e-04
8.781283731822461108e-04
8.070873058557277409e-04
1.085685861754914685e-03
8.243867061985230308e-04
6.828255788840931900e-04
6.467059653780558382e-04
1.232329320159769245e-03
7.934624487880382942e-04
1.373572338887269146e-03
8.189543478858843720e-04
8.731486198241119809e-04
9.310319878623632243e-04
1.013669711855216078e-03
8.026847899416819599e-04
7.565211472798236613e-04
9.839351053765688169e-04
9.922636488410821638e-04
6.668194520990789039e-04
9.173466850329530875e-04
8.556906884568065254e-04
1.021379027395892406e-03
1.315889207739517636e-03
1.711352557807509570e-03
7.384478569709365279e-04
8.544518823481143813e-04
2.155703349039030450e-03
7.380900101255404369e-04
9.130378723742309114e-04
1.531401775432384696e-03
1.311469042072356669e-03
6.362890697235347318e-04
1.089323422498906851e-03
7.658001303111016105e-04
7.282574816836742335e-04
8.137808780299590197e-04
8.478160546347114027e-04
1.061034550313936977e-03
1.040032194381912021e-03
1.352963885567794004e-03
1.016596193095966119e-03
7.444446206655882907e-04
1.129926557531110536e-03
6.192934044263512759e-04
7.439553908592680485e-04
9.237225114315096401e-04
8.598620591569243422e-04
1.058530313430651459e-03
7.002946095527913398e-04
1.061894745966366011e-03
6.991651576309287821e-04
9.748682627736224597e-04
1.433107320431081929e-03
1.528678939283149418e-03
6.373054486934924198e-04
7.159618589280800126e-04
1.506561381317365498e-03
6.976704167406521393e-04
7.448099038352200231e-04
7.601202495347569865e-04
7.972204216346207321e-04
8.273184761747476995e-04
9.220884651531502081e-04
7.502892722625203754e-04
1.253183871009849477e-03
7.191898024312238591e-04
8.211543029172271553e-04
9.267358943767193147e-04
9.669844180490503975e-04
9.933309993228884964e-04
9.379954762379174357e-04
7.038128977569995488e-04
9.276823293080550944e-04
1.016443667819514870e-03
1.087067541822413696e-03
8.855909047209231883e-04
8.465051792886647527e-04
2.875883778527619627e-03
8.579117306278074336e-04
9.890887552766027078e-04
9.032811888778438398e-04
1.025971785406924915e-03
8.238418890323634218e-04
6.725441937242885269e-04
7.174759486053513581e-04
1.192972835467198504e-03
9.561659039898191218e-04
7.047027808707314418e-04
8.239354259175235042e-04
1.093774133226131998e-03
8.931728251930174528e-04
9.244354984914585419e-04
6.624840582766509424e-04
6.669006746393560999e-04
9.864361272645455134e-04
8.402177281050681899e-04
7.132312874067246559e-04
1.391401063083184519e-03
6.471320787134938633e-04
9.645252462065075864e-04
7.685772511665012229e-04
7.673068247633823072e-04
1.088625708271390288e-03
1.126740857225338229e-03
7.055697525156565250e-04
8.524564990416474411e-04
1.451204185921588881e-03
1.025313922514507628e-03
9.320722561421548391e-04
1.251571768685151272e-03
6.694057224201031006e-04
7.078983953078986022e-04
8.848779575344543468e-04
1.242517515160519552e-03
7.538646212184224376e-04
7.167762282131351532e-04
7.296042995424819808e-04
7.903813119356486918e-04
8.346664659832866463e-04
8.321152973282135070e-04
9.450569771070814430e-04
1.179690773750893817e-03
8.454505295446346821e-04
1.359555804984428429e-03
1.317887778803362086e-03
1.001969543414601852e-03
9.097583517179034856e-04
6.538779536467504089e-04
6.499444171219322195e-04
9.963848452082689402e-04
6.825898845607857772e-04
1.487205743534503622e-03
7.440609646012011618e-04
7.743964917593358383e-04
9.160632011260655102e-04
8.261785226613017202e-04
8.417180653036022411e-04
1.522079740563332846e-03
1.375875113967327040e-03
7.892326134549742730e-04
1.342291203065000159e-03
8.846284337955982258e-04
6.733805499732939100e-04
1.016713048871973561e-03
9.838528556905096721e-04
1.334087482913221424e-03
7.063797172067338157e-04
6.241427636308718085e-04
1.220629378005658227e-03
1.292355357664390315e-03
6.716557089121809711e-04
8.596602429372857861e-04
1.050319758378780643e-03
7.479523858666919760e-04
1.046162714464422307e-03
9.797715742447348202e-04
1.170440162007530460e-03
8.063409615025926135e-04
7.595385938582132875e-04
8.436742804204705763e-04
8.217237635932338972e-04
1.439911676371181601e-03
6.772737554376609317e-04
7.246325239098729606e-04
1.640398954111875821e-03
1.825351462608721526e-03
1.019408702253955584e-03
8.160538807648317966e-04
7.325361210676414750e-04
1.417667193032431244e-03
1.037797834832648999e-03
1.085472703131946633e-03
8.626821146316649780e-04
7.421567019065547976e-04
2.216590441834224209e-03
9.727052668032080312e-04
2.174788024869388648e-03
1.744284485194328533e-03
1.051604804787208917e-03
1.360254383276799815e-03
8.717112149842706770e-04
1.331963451141120365e-03
1.004339259497341510e-03
1.029404629202039251e-03
9.296878654350513183e-04
1.392788266210509421e-03
7.954527103347708078e-04
6.739502373731775207e-04
7.474111531993747528e-04
9.143495826372948117e-04
2.259639333339418053e-03
7.207413553368818837e-04
8.739591352565596405e-04
1.059611269829214327e-03
9.874111356016790787e-04
9.622811514949961790e-04
1.003150874136431604e-03
9.486265685567078386e-04
7.848795419506653798e-04
8.358579442898538469e-04
9.942123460438578083e-04
8.509459899280464147e-04
6.965103199057226914e-04
7.316209456007736730e-04
6.787596956603077041e-04
1.557365157139661968e-03
7.722448868088965541e-04
7.322260283665624550e-04
1.133223275128515065e-03
6.634473143392686503e-04
7.478624126198269405e-04
8.405477757271527343e-04
2.329519274412519131e-03
1.163873756513138539e-03
8.927058961939086197e-04
7.029481772689004111e-04
1.142203052628628507e-03
7.177076343119258382e-04
1.246088652336353568e-03
2.229476585175431316e-03
7.926552575329950034e-04
7.922719565883588628e-04
9.277807063366702621e-04
2.014507648844640793e-03
1.014099697158596120e-03
7.044273501711029260e-04
7.657155383686686930e-04
8.182366970654453677e-04
1.044985038819010951e-03
8.046227269875548538e-04
9.243539930100939028e-04
1.285141830225058250e-03
6.838709689599241750e-04
7.252005418234440306e-04
6.544330853704170619e-04
1.563314004011694515e-03
1.382217615134629903e-03
1.212092939662155278e-03
8.382843739897634329e-04
6.155685003992047511e-04
6.666002057922870141e-04
1.325314874771836094e-03
8.654991392673023771e-04
1.489286398134701461e-03
1.128134236167285852e-03
1.096164717077223721e-03
6.608816436321482196e-04
7.734131062686726028e-04
6.617346772919125266e-04
1.041189271293893690e-03
8.082333905030140379e-04
1.396346162647818740e-03
1.327968686810253752e-03
6.796520905409481018e-04
1.151109158875919785e-03
8.026342209919466253e-04
8.416616749394024944e-04
8.249622455456786727e-04
1.777517688967125047e-03
8.876323929998773937e-04
8.657927795973284187e-04
1.334131732705011800e-03
8.661871313277687886e-04
9.990494183459821056e-04
7.650475306828466611e-04
9.639767887037767281e-04
9.484461725969092370e-04
1.506002882763174400e-03
1.132997712744872191e-03
8.364072044531528161e-04
1.038740478137439817e-03
8.225303869047501278e-04
1.295914575827429582e-03
1.237973880600769455e-03
1.193546368480220051e-03
7.771378560174666645e-04
7.787648060069834186e-04
1.073827489459832111e-03
6.769493930234094306e-04
1.048466309095163161e-03
1.554295860361866195e-03
2.247642066038927581e-03
8.206232735656002197e-04
7.074966671719573868e-04
8.940045038303696782e-04
6.404575658514836001e-04
1.017536017491191096e-03
1.062787352664208099e-03
1.740620139725000464e-03
6.759110628229110041e-04
7.322643070783878315e-04
9.101296256125817859e-04
7.315435945476805911e-04
7.178504357802114157e-04
9.583344151518093362e-04
6.956754569921495086e-04
1.500758759591150002e-03
1.032365531686927490e-03
9.553421097695044420e-04
1.003157966567862387e-03
1.951760597586749265e-03
1.165400252142744864e-03
7.617288854454742474e-04
8.732452561498940799e-04
1.137052882214400866e-03
1.171261589833286860e-03
6.519564795178193085e-04
6.527622555229944555e-04
1.113536915606571287e-03
1.164519917636229734e-03
1.004408382574273296e-03
6.322611425699888651e-04
1.033124240788640177e-03
9.989866523300403468e-04
7.126134742022580430e-04
8.997131577966433836e-04
7.571372199113374701e-04
1.344693197946384864e-03
9.193284150995861782e-04
1.560253658218116674e-03
1.278457976023601988e-03
9.968434925345206251e-04
8.472833137450646495e-04
6.594566612838036451e-04
1.186921301864885805e-03
1.045233378256861393e-03
1.237454116025190134e-03
8.190261110946161875e-04
7.170015165799955648e-04
1.056964188220416764e-03
1.245890006617062949e-03
6.573973431513324304e-04
9.517626075913024515e-04
6.949611993078665595e-04
8.191714281714027870e-04
1.373711140537782916e-03
8.257226577984949070e-04
8.449235082863823043e-04
1.359278512356196971e-03
7.670066643475302029e-04
6.950463057657182454e-04
7.057898584836196565e-04
1.145095289125346765e-03
1.059957917778781619e-03
1.415453023222546175e-03
1.014015415895527707e-03
9.854416439909830308e-04
1.840613155565402198e-03
9.298805844737036011e-04
8.962969899594359175e-04
9.596651587773708707e-04
7.819384064110939401e-04
7.218000257709229197e-04
1.049383384882900594e-03
7.840098724964521563e-04
7.443461951341620890e-04
9.271506024352781615e-04
7.809563852055799666e-04
7.161940029352641948e-04
9.441298969509501855e-04
1.212667440975151532e-03
7.023640073334535324e-04
9.558497648938130446e-04
1.549596966457368434e-03
7.826805033168410123e-04
1.688343314296039416e-03
1.115860911177538571e-03
9.523897612725018428e-04
1.016954195718055079e-03
7.654503903985536385e-04
7.351354428249314964e-04
8.031104565372541816e-04
6.420120055934309565e-04
1.153324324181087416e-03
9.595491251622233295e-04
7.485432265205290651e-04
7.814332401620247047e-04
8.029731366196712081e-04
6.490577471657597939e-04
7.480386063000517456e-04
6.675168976912335735e-04
7.213566940949002991e-04
8.873805875554295532e-04
1.211561792533417253e-03
1.523657571117379176e-03
1.035644731063781404e-03
7.367849348187318487e-04
7.315705353486596802e-04
1.096766115931774917e-03
1.612794361519341666e-03
7.477797681327107149e-04
7.042884867294572655e-04
1.225755003881883994e-03
9.497137278121826247e-04
8.190689835971395535e-04
9.066085597040761000e-04
9.823425980528446410e-04
1.344385020666893134e-03
7.375963046007893379e-04
1.145563416649008964e-03
1.081655696130081256e-03
7.029446288198012939e-04
1.485870971702424066e-03
1.162491333829488230e-03
1.563941971213354213e-03
1.933596141745127887e-03
9.885500297985704444e-04
1.382127498743631168e-03
8.601553868538947640e-04
7.452686753188988858e-04
1.005564125735864669e-03
2.594397440766353126e-03
7.176651106089404443e-04
1.074789390154142973e-03
1.843807406872890672e-03
2.567501782946034639e-03
7.788618441589641346e-04
1.050741401447974691e-03
9.057293256578376932e-04
9.107543893980701594e-04
6.622841884839672207e-04
7.653644846635266914e-04
7.787531364656370518e-04
1.234220945091351598e-03
8.200994595929782813e-04
9.766802439755077180e-04
1.068492780184593458e-03
1.232320466570573265e-03
8.275130168399102070e-04
1.168214107536978555e-03
7.558557160226729490e-04
1.039820822209039028e-03
9.625587886585336298e-04
9.637696226214886083e-04
1.301998428179466450e-03
1.007527390947631938e-03
6.438213711582055571e-04
9.357617109977611151e-04
1.043547104631805311e-03
7.975721260395581035e-04
7.118748124849231260e-04
1.187172972493980754e-03
7.478075784313891220e-04
7.668252176697891529e-04
9.247310047696470593e-04
9.406863084933488528e-04
6.663784320387431282e-04
7.384559025468271547e-04
6.978383249024931430e-04
8.618238757307643315e-04
9.126359342185744270e-04
2.235302789700401634e-03
1.074572920888673460e-03
6.886173118600958905e-04
7.232500029354873997e-04
1.092075533994472415e-03
7.388518903389218418e-04
7.011612827838181218e-04
1.332379492209342800e-03
8.380445508908406773e-04
1.694250742252105925e-03
6.806542202712986432e-04
1.014920469912217746e-03
7.342979894643437587e-04
7.066994507415152700e-04
8.555912036233394909e-04
9.033974498309975485e-04
7.350685476052791186e-04
1.186589898309604483e-03
7.388550809566603881e-04
1.863064939395948612e-03
7.099280953000989451e-04
1.893135113471109679e-03
6.863479483843931738e-04
7.296449161865168394e-04
6.482711218745993483e-04
1.502028949858985607e-03
7.687238793859936222e-04
7.451588017444311495e-04
6.334325423002974036e-04
1.111167657308734062e-03
8.612342482975542850e-04
9.127572038891841166e-04
7.464656163410845905e-04
9.019372614219873640e-04
7.199390705848905322e-04
7.735421117101156600e-04
7.397010411017995333e-04
1.618676614526888893e-03
8.501793924812591418e-04
7.791227793787178528e-04
1.403108723655069161e-03
8.852957792523345618e-04
1.018565402345244716e-03
1.023030185382290107e-03
7.341829189093660238e-04
8.037300681964853555e-04
1.259267764501328457e-03
1.542221749896724664e-03
1.184400032809926817e-03
1.317156605582269760e-03
8.526046340806383347e-04
8.168134833048346305e-04
8.637090044410133602e-04
6.889658178828690031e-04
8.957062465508533206e-04
6.230880109577406232e-04
7.344930560544259829e-04
1.351685985414719264e-03
1.027844707028989588e-03
7.414164811610754512e-04
7.156794864301602470e-04
1.472900957042065249e-03
7.426676642570632231e-04
7.969142206584934511e-04
7.874201697181972253e-04
9.491874470162245912e-04
6.856840763564474132e-04
9.916395564716310330e-04
1.588887542727588763e-03
8.491331701019162390e-04
8.017791537128789820e-04
9.440494893763875855e-04
1.223546292737728858e-03
8.342413070549500398e-04
1.184677633658076396e-03
7.176965121087730114e-04
6.866212021052423703e-04
1.317168877255123650e-03
1.233074068719688162e-03
8.912829322013722695e-04
9.113455220685897848e-04
7.324398311779208547e-04
1.242443933934850656e-03
1.026211902529433314e-03
7.869406069653476360e-04
9.688089051955998303e-04
1.922489429834168791e-03
9.008833830625185548e-04
1.622347004087922170e-03
1.194719631384238848e-03
9.197478034249352520e-04
6.263579550462469682e-04
1.261229146255776583e-03
8.530539724092864404e-04
9.907046683853316937e-04
6.368058750144063628e-04
8.351650806049542609e-04
6.503174770393874583e-04
8.730663885249007614e-04
8.601484901004413826e-04
8.301234111130759760e-04
7.236633557370647377e-04
1.659922688804196713e-03
7.876034937276178184e-04
1.289842963637668604e-03
9.286522113704340393e-04
9.788808241487040405e-04
1.075646941289041918e-03
4.337605141650863368e-03
1.240180975037945580e-03
8.477303127678506708e-04
1.135263417884150097e-03
7.152767913265364571e-04
1.072076202808849290e-03
8.138494534248738805e-04
8.071780949005256727e-04
7.080049677110360120e-04
7.320270293287588258e-04
6.894725931462118360e-04
9.828908127179137363e-04
8.353835722776445242e-04
6.977280914443114313e-04
9.313286617204344538e-04
7.273226103252794375e-04
1.018449028512994096e-03
1.382755253924009475e-03
1.158490521832557935e-03
8.606229026864125036e-04
9.189459143465727444e-04
1.155950197399753217e-03
1.056887358443641799e-03
8.819934400401699620e-04
6.454052803618197430e-04
8.087091867267902920e-04
1.078104792916778978e-03
1.018250764120009295e-03
1.004485223657105479e-03
6.303235169129741376e-04
1.357274378791686496e-03
7.544065843990672244e-04
7.058473728121605981e-04
1.210102394741995610e-03
1.215003033061410687e-03
6.995404178009332957e-04
1.161211662555990641e-03
7.933562214306018800e-04
1.135613257610332749e-03
9.391446564325727333e-04
1.390568899322419498e-03
7.687852902656164668e-04
7.318982418375486083e-04
9.328800082242417894e-04
7.480930637886785712e-04
8.642059817496976475e-04
1.497607081520033537e-03
6.650311921326496978e-04
7.707737032151864816e-04
1.091912887234259590e-03
9.372467154942375114e-04
8.965840427681370881e-04
7.473979265152826948e-04
2.168892705152519230e-03
7.049227012813282260e-04
9.976701523259899097e-04
1.273638463764702536e-03
6.876562085406624173e-04
7.472823802329974776e-04
1.224098754126743110e-03
9.774134349019862784e-04
1.481935260651793098e-03
1.253979543706794765e-03
7.975961648322969257e-04
1.148843468424091052e-03
9.368256767355950419e-04
1.345866982138367411e-03
7.564785803931853249e-04
1.614632005200152334e-03
9.032882934580581218e-04
1.133690164217922812e-03
7.059945085872701073e-04
8.921675117618428890e-04
6.450257104356841567e-04
8.612757891823923919e-04
1.232360407811086819e-03
8.120965048120482813e-04
1.011969995969683178e-03
1.248658785129673444e-03
9.644619415070826993e-04
1.384974408028743359e-03
1.328588971642502906e-03
7.342817811368417729e-04
8.484139885712731373e-04
6.466776940487270345e-04
7.384624831779783728e-04
1.211835264772592388e-03
1.142953759814318822e-03
2.127037417353361964e-03
1.202778092818240774e-03
3.210052853829830320e-03
1.164879817693604408e-03
9.330040992607461885e-04
1.123260224487797766e-03
9.251018454371191888e-04
8.341202631145539512e-04
7.124027734078426525e-04
8.424043167646643512e-04
7.261919916108185765e-04
1.225406654038716263e-03
8.406361589056795961e-04
8.631079976016109130e-04
1.254208590008640180e-03
1.407213211448866486e-03
7.425060080570210696e-04
1.324833779550180137e-03
8.337588496814745754e-04
1.809870111775248227e-03
9.940652253670942667e-04
8.846044337737235270e-04
7.927499746393988460e-04
1.049312699063078202e-03
9.030754491642405601e-04
8.553956827921868362e-04
7.812461149920287918e-04
1.377691301188326781e-03
1.010063723279438358e-03
1.307359371415668095e-03
8.786761207833059927e-04
8.885100008413832941e-04
8.460194800686133805e-04
7.958955862266455916e-04
8.387302409321545317e-04
8.586497352264766628e-04
1.671561977282267925e-03
1.410660493278425480e-03
7.284545645513206382e-04
1.755290916965522672e-03
9.323839007574157662e-04
1.162973268019974575e-03
7.823382024393376894e-04
1.010119614645205903e-03
8.834587869836735925e-04
6.769451498855176032e-04
7.902944381716286255e-04
8.649791004854948031e-04
1.756941210617019413e-03
1.129858618783609065e-03
8.967091457762917366e-04
7.257045362923390721e-04
1.198056700343685032e-03
8.706604634286169760e-04
6.523602796194204407e-04
6.415340568028176857e-04
9.042980171880360364e-04
1.186135520452821302e-03
8.397801416567717480e-04
7.708232189722676346e-04
1.096605172524448999e-03
1.015295563012194851e-03
7.920740362568114970e-04
7.669660424654014229e-04
1.438339244461797227e-03
1.108690293732972690e-03
1.692314412298260304e-03
8.646401653692154616e-04
6.743319723095546120e-04
1.325663701239032481e-03
7.171189449547946300e-04
1.466810446717398348e-03
1.124802080947571829e-03
9.269911981543718735e-04
1.170075668489865914e-03
7.242955931316504741e-04
1.066522530975692971e-03
1.639758399667987998e-03
8.084076561712946274e-04
9.074769593601992972e-04
9.462604358538548354e-04
9.760988401002643157e-04
7.673544401018371746e-04
1.166604956619061648e-03
8.213164197540032520e-04
8.090367947935061393e-04
8.061040068339093935e-04
1.033313383072792351e-03
7.516202600275469561e-04
6.599278516765191708e-04
9.022491977802453477e-04
9.038748536870398276e-04
9.511919083981186561e-04
8.122816839505428866e-04
8.350899537333015491e-04
1.571628044228431942e-03
1.372712692055501121e-03
1.055239139322572493e-03
8.218394227998472058e-04
7.982207036497117238e-04
1.294633319171949832e-03
1.546143184980526813e-03
1.562848433001825079e-03
1.285293000359184539e-03
8.550301747635429429e-04
1.090476368629987374e-03
7.207414027479079437e-04
7.583297926843073772e-04
1.125093367879771971e-03
6.679746145521011551e-04
1.462763510573973462e-03
1.057180120013936518e-03
9.647577902978584112e-04
7.881913048552408128e-04
8.946347823922868626e-04
7.173782018675002158e-04
1.050892797470079224e-03
6.210178713934548641e-04
1.030627280581923903e-03
6.873969742367965451e-04
7.344291945180603893e-04
1.562271133809389843e-03
8.328108902371157045e-04
9.419553127427399792e-04
9.854106469120329885e-04
9.506701246549612971e-04
8.720519013668219912e-04
