6.943617466994906895e-01
7.861371843617651622e-01
5.541660650900779306e-01
9.815046538764198303e-01
8.698396702215648313e-01
1.188930608556157953e+00
6.168521910804282138e-01
7.625329485010415853e-01
9.193901213578021814e-01
9.319677850222410909e-01
1.073025608802817416e-01
5.788615369151400847e-01
9.066980858621855877e-01
7.078332466088633756e-01
6.036498463148307625e-01
2.830384572731340920e-01
8.460008506774437942e-01
4.499532457679672470e-01
6.633030726304678382e-01
8.311520377268812876e-01
3.367050385038896088e-01
4.727833000652962858e-01
7.944723868751454310e-01
6.454332558607285275e-01
4.496371948520209716e-01
6.197973348591883092e-01
8.563377139490513379e-01
6.098309477931318501e-01
1.347480196162561983e+00
4.208370992739513539e-01
3.759585500212788700e-01
8.621335338059015196e-01
1.377864755498522165e+00
5.885629108622305594e-01
6.750988664766360836e-01
6.537241560879457625e-01
5.235510697041330097e-01
7.642827342639738619e-01
4.226221871966538979e-01
1.180363972242723047e+00
2.989583370985839372e-01
5.862500380773425501e-01
7.229321829882424666e-01
1.221038571983376203e-01
1.119059132381458488e+00
6.500443249398971668e-01
5.122229442578711822e-01
2.466724699629214701e-01
5.870894208864922970e-01
7.920639877746740165e-01
4.387421748468620653e-01
1.286192920420472507e+00
6.068418713474407200e-01
1.128739812044040391e+00
1.310360049100182778e+00
6.224228449018436304e-01
4.035935578252959344e-01
5.883189319129462636e-01
5.876679155364514795e-01
1.254593825779571015e+00
7.712676570943469700e-01
6.098205589722851538e-01
8.686757668733883220e-01
1.359493287879011358e+00
7.977097325501733005e-01
7.460272268074050750e-01
1.270334611803630498e+00
7.495139257315515113e-01
5.135329480451770179e-01
5.010729979352511743e-01
2.799389815679899085e-01
4.697144815950636265e-01
8.611771118505886502e-01
4.778985685016035045e-01
4.381192166319461401e-01
6.759974546685856289e-01
1.383214057326260571e+00
7.908012415668267403e-01
3.573282950181042583e-01
1.115461922001961481e+00
5.314219349573496842e-01
5.521265079840793621e-01
5.166051255657626573e-01
7.786506286002212729e-01
1.342116858636430043e+00
1.035666400786338759e+00
7.056049921961573546e-01
1.550466568231479436e-01
3.342082921320064237e-01
2.215481739823360885e-01
9.044181546231289115e-01
1.409185223973950629e+00
8.638872393939334149e-01
1.048571947521505177e+00
4.498992718273180369e-01
7.491767625383144447e-01
5.345633155654432311e-01
6.605570404559176767e-01
8.970055208736991137e-01
1.084991321013528687e+00
5.212922622696628538e-01
4.332615195434926236e-01
5.592363246341471861e-01
7.254902979895215820e-01
8.020681900769748296e-01
5.117219460971402789e-01
5.350417166523412371e-01
1.083756397589699327e+00
4.729164044420851032e-01
8.627588308950677742e-01
5.525405116639854342e-01
6.688430721650383548e-01
5.898908774508556663e-01
8.163957123445952924e-01
4.102097905927549748e-01
5.097827268563894787e-01
1.168824827788546017e+00
5.036986860522087994e-01
6.504904766780008618e-01
5.075387569549077993e-01
1.189901235567977000e+00
5.258150216591895854e-01
5.009662134866633698e-01
1.008785246203851349e+00
5.229406335570246922e-01
5.772945409880241296e-01
9.429255647203588220e-01
2.819990042775219474e-01
4.242629887714013392e-01
4.327222279275117489e-01
1.337642236398561835e+00
1.324586399766493061e+00
4.983350607660581577e-01
4.675881935705970549e-01
1.263039381134712258e+00
6.733740799756167128e-01
5.259624303304327730e-01
1.094271948250570281e+00
7.233311036194820520e-01
4.364230258106829852e-01
1.007537839502429478e+00
1.139666642356161441e+00
1.200475170430627125e+00
5.979844638773110788e-01
1.018695583627625023e+00
7.141162714154061231e-01
9.007236482402418698e-01
6.957840110746416062e-01
1.353007029646261961e+00
1.383829658095246939e+00
6.008900344674620309e-01
1.296498399530199297e+00
5.464406928765835891e-01
2.236883653673417405e-01
5.931271548153201900e-01
4.398762995843735757e-01
9.740479131577153282e-01
4.493471383668644625e-01
6.213181199300825686e-01
8.983817431331675429e-01
8.641889090237913074e-01
1.971954680991105935e-01
5.105529348127204603e-01
4.199786034075275731e-01
9.317283890165454219e-01
1.272638824759780851e+00
8.024185944336594822e-01
4.403640901370197147e-01
1.196856777039550401e+00
1.303324073453919540e+00
7.057597615828995474e-01
1.193375396928313625e+00
1.372466972624620585e+00
2.840245735665148374e-01
6.887163867619260360e-01
5.895665767567916937e-01
1.119028313505320948e+00
5.309578733335518219e-01
6.800623836672237132e-01
1.078230590707507597e+00
6.091383590396971526e-01
6.564148145499505704e-02
1.383622138256190848e+00
6.305076879218104446e-01
1.100031784657792722e+00
7.482755576764565930e-01
7.072634233421242200e-01
6.599616090217522713e-01
1.109463620186835309e+00
9.996697329897349382e-01
1.171002995611968078e+00
1.133554373437166252e+00
9.208873380708301193e-01
1.274009043377200889e+00
5.111176482354700124e-01
1.008126819336427060e-01
3.168941367183725211e-01
1.355707225056424603e+00
5.987231580687958354e-01
9.047335829575370303e-01
5.278860657813662094e-01
9.962636181133841529e-01
7.638463553300853803e-01
4.862117530189977721e-01
5.989741607481574581e-01
1.324651993274927442e+00
1.105649210461496557e+00
5.034967547688531386e-01
1.257398635714884971e+00
5.951731451803615736e-01
5.802487433708551912e-01
6.261266024247919004e-01
1.676126644698841262e-01
1.381033092919024541e-01
6.905814590766710115e-01
4.496650368485397564e-01
4.179095253294710099e-01
1.330396294658524603e+00
8.152705764893741769e-01
4.618778966681359455e-01
6.496378572241006122e-01
4.498053643458100881e-01
4.246610163714491515e-01
1.144896400565270422e+00
4.447732088600460099e-01
1.325651154818778821e+00
1.141528558273869676e+00
5.039795801352745519e-01
9.041773728225779294e-01
6.338874492991843912e-01
2.637463981647544253e-01
1.221603699320410463e+00
5.021039471713968361e-01
1.286992893520139791e+00
4.884537510598029875e-01
3.323013522297383893e-01
4.507139474048124095e-01
5.791272876050773677e-01
1.135685921420170663e+00
2.195610427957203348e-01
6.541448380515147987e-01
9.182448557909232978e-01
5.081611768833779186e-01
6.032323939278630975e-01
4.575855722701529515e-01
1.386730345823828259e+00
4.756962005113044012e-01
1.160605990574282043e+00
6.955394287759557592e-01
2.782952210551448147e-01
5.382442633775590402e-01
6.121050526292577398e-01
1.277628616639954640e+00
6.243111721557544902e-01
6.881430893213202893e-01
1.017973501941740189e+00
7.209602037304868594e-01
1.142289617356460507e+00
5.413151652635763700e-01
5.633306692804308513e-01
4.945030258828839731e-01
1.028102719703048118e+00
7.643366168714527120e-01
1.989291388002428496e-01
4.528838081304161212e-01
6.859991427539433584e-01
9.261716545869631556e-01
7.652764317573329533e-01
9.172364949186233574e-01
6.331969467228404369e-01
6.196150230298247408e-01
1.059575491592195773e+00
1.011308417759977596e+00
1.282997943381601058e-01
1.170098753754402310e+00
3.803004944175180646e-01
4.572338912350679685e-01
1.327419579694729901e+00
7.406404021970371954e-01
2.972924906762066111e-01
7.836473441222745473e-01
4.544274204090672509e-01
6.876743733582444396e-01
1.356299647146556042e+00
7.533406573270264861e-01
4.498037526001487096e-01
9.431159748465495207e-01
5.394974936173615454e-01
3.542139535860716615e-01
4.840180456935205267e-01
1.192984365310089334e+00
8.404698167962633137e-01
5.096642909091370077e-01
4.488176695286170692e-01
4.529346984535721488e-01
8.289215872093150805e-01
1.131307730334802919e+00
1.154311024730830804e+00
5.710115722105914005e-01
5.229002058590048740e-01
9.300918012604135754e-01
4.137089495570678843e-01
1.136352966806676079e+00
6.619795168392438311e-01
4.439935380242248097e-01
6.128309325663139351e-01
1.133904794920836290e+00
1.031271489786386386e+00
9.307819713314992027e-01
4.595850427401692584e-01
6.581155345267497569e-01
6.351598305741921191e-01
4.813363186081818790e-01
4.562209920914331307e-01
9.067834592333448018e-01
4.812482952524309021e-01
4.787321524117382765e-01
4.564765868783069447e-01
1.001367080610121807e+00
4.844509710567213023e-01
2.666252556323641110e-01
3.743248746821729034e-01
1.046469721419799326e+00
1.361591630279390674e+00
4.865067883311705588e-01
5.386344473065375338e-01
7.659228319684348030e-01
4.078829443092876206e-01
3.058376744569654693e-01
8.723930034270339640e-01
1.374120093991605174e+00
4.593294019611273704e-01
1.164659819363090376e+00
9.777544533398893067e-01
8.897859769736695679e-01
9.246339832482199927e-01
2.650897340409639757e-01
5.860417846300401967e-01
1.135877166100616398e+00
4.587771731365286598e-01
4.630701883919529083e-01
8.146276301571414580e-01
1.356401677376536608e+00
1.200953672590794996e+00
4.093234188625715086e-01
9.448420383143903978e-01
5.222224828251210704e-01
6.397399322570885838e-01
1.243601303787147838e+00
1.173289377866074457e+00
1.086261162683064940e+00
5.872075820689953707e-01
6.846932402134691120e-01
5.335044722930430972e-01
5.930970015636325421e-01
3.947004355667618203e-01
1.075469285527907548e+00
5.333609607663456487e-01
1.142288621681313732e+00
3.848109920230418091e-01
1.134017740691593001e+00
5.531141391031498822e-01
4.885828870560234849e-01
5.160935475071386502e-01
4.150336061883300731e-01
8.912010334608571060e-01
4.853744273825658651e-01
5.830554709775398470e-01
1.074803900131897416e+00
6.015197960757464601e-01
1.015461099285106084e+00
9.719016898743380040e-01
5.862652998855860664e-01
4.728700151339854107e-01
6.594661706713629279e-01
1.059562656230403022e+00
1.327290478399472784e+00
8.428287303822994403e-01
1.146472066896592201e+00
7.396095721634823317e-01
6.248746387378252276e-01
5.577467939809152009e-01
1.141688317771677230e+00
5.256757356898543732e-01
1.278100712965373198e+00
4.743047766676288801e-01
1.573840853219794778e-01
6.479009045314010340e-01
9.527762878093920529e-01
1.061662606347157256e+00
1.104052981480312834e+00
6.592678326935267341e-01
9.051107663092932132e-01
9.642073407779284677e-01
6.711467890045964557e-01
9.630179776468047459e-01
1.138967218693287542e+00
4.496481498232720031e-01
1.064076489031632100e+00
8.984805744206108002e-01
6.211734075382631115e-01
4.489249145861371471e-01
9.320915701720142721e-01
5.245172157778204003e-01
8.846731052310631283e-01
9.333365318853888981e-01
1.352443962192462212e+00
4.857416461733181645e-01
5.970368498204887686e-01
3.804800426732942165e-01
1.308013629549315882e+00
4.068904209202118816e-01
6.102744027899758006e-01
7.023654740602164326e-01
1.018645309292560697e+00
4.806335890666674771e-01
1.853257870546092534e-01
4.499299267223789700e-01
6.040975051712711430e-01
4.489024980810432663e-01
6.723409506444392170e-01
5.104559306039827549e-01
7.401840193340075702e-01
4.908606195283575224e-01
8.862445346594733930e-01
9.344718755893772766e-01
5.186843088877148844e-01
1.356528013773449892e+00
8.814473171763382853e-01
4.562900629264903252e-01
3.507593123711457150e-01
8.358598939082337864e-01
4.511104982279705577e-01
1.168462729507388831e+00
8.258994997873001509e-01
1.245716024600280969e+00
5.839243571223933227e-01
9.858519317582894459e-01
6.841906542315498996e-01
1.193362244717843801e+00
1.112702110268209976e+00
8.961528606933882868e-01
1.284545286508892659e+00
1.005819596189346132e+00
1.401299400992915611e+00
7.762963820660960801e-01
5.336151289243090678e-01
8.731992403870761921e-01
7.110021740710597005e-01
1.379420632659652757e+00
9.055979877155078128e-01
6.264337670954573944e-01
1.989827931867410027e-01
5.175800080545084336e-01
6.565468824774979284e-01
9.363224023353354797e-01
4.582380956694869223e-01
6.703603130644637531e-01
1.181200744775055655e+00
4.953708301849791273e-01
6.111311325253251381e-01
4.506092551014340697e-01
9.085374292772787630e-01
6.306921829296684434e-01
5.815062602320212326e-01
4.604484226312120509e-01
7.550849343096721622e-01
3.672849282444258234e-01
1.376843564805194875e+00
1.187647671426208529e+00
7.637885199311168494e-01
4.809777361238631865e-01
7.197010779225053723e-01
8.430921361151606508e-01
7.664225027172257843e-01
6.726349181019052326e-01
1.182493958365741449e+00
6.925454774890655862e-01
9.556262283116749856e-01
6.221288605607607769e-01
7.033323227372521025e-01
4.883171877233605240e-01
4.260374607931405322e-01
5.333110696965079889e-01
4.506476457319005258e-01
5.525789543777988033e-01
3.879705388843648906e-02
6.378680320666918480e-01
3.561633172365128441e-01
8.566513215390731961e-01
8.317685276609703138e-01
9.628856489701468346e-01
9.991377494019432204e-01
4.881027452608956985e-01
6.523849248415116708e-01
1.025933040818528763e+00
1.273749005010072821e+00
9.044795995793281085e-01
1.364895722643587161e+00
5.608258509493759814e-01
9.351306480474858018e-01
4.567654607752929530e-01
4.865328115626723626e-01
3.248314631382123174e-01
5.163308790725548159e-01
7.548967572146346727e-01
4.438655801949630275e-01
2.714709645432294427e-01
3.544748112088692005e-01
4.738120113768114483e-01
3.118549975024653143e-01
2.805168262107799459e-01
7.691271444163225723e-01
1.323914943125287014e+00
6.177181598847742983e-01
2.993603318747434239e-01
1.302077321504524487e+00
1.007588970115546267e+00
4.747597951226543711e-01
1.108279449694523411e+00
1.115141051501760350e+00
4.499951120236403423e-01
3.479162862109579368e-01
6.621836957897900833e-01
8.324020779414806892e-01
9.642336166640960160e-01
1.061482817231020892e+00
1.088328220302671623e+00
4.728069911111565382e-01
1.147461446511882199e+00
2.962206165179941952e-01
4.475826015320464868e-01
5.934322762212155267e-01
5.444834600277308478e-01
8.032568395675141470e-01
4.811703191289112280e-01
8.145895271540029015e-01
5.260188226476529838e-01
8.663856474831106436e-01
8.304125529706469777e-01
5.069653473476628536e-01
4.324174640627069799e-01
8.458256770570641292e-01
4.826746110525340083e-01
6.491583710306756405e-01
6.016356457273713820e-01
6.130699037707487697e-01
4.651876602714727360e-01
1.264993501340872850e+00
4.884470879538482802e-01
5.270134267995012500e-01
4.223786549282635971e-01
3.373211419875477568e-01
1.071503079578854489e+00
4.790424722308130323e-01
4.532443696534725341e-01
1.253654231595343171e+00
3.281985967557555783e-01
7.824665985811221081e-01
1.356331434204659070e+00
2.877668908001629888e-01
9.351064089601266449e-01
4.538463777123678544e-01
3.587732693857328958e-01
6.789992503386171885e-01
9.250668322053734460e-01
5.962566650141322144e-01
5.484353182236711977e-01
1.173804780573709738e+00
9.450463298515034138e-02
9.948862061803760426e-01
5.716261201062490527e-02
4.907718442183476304e-01
1.256440964887497236e+00
8.615184235209634167e-01
4.130442272218041166e-01
3.299591360282167485e-01
6.066909767516801555e-01
4.375429019513110696e-01
6.294404120782530754e-01
6.111623895631366210e-01
5.074594434056047820e-01
8.104258610705480370e-01
4.663897227886811270e-01
9.398621914903145802e-01
4.250781290870452311e-01
7.295982665291088631e-01
1.402840129560638749e+00
8.245939516044292761e-01
7.824824472612058601e-01
7.931726938051925080e-01
5.811249164749052731e-01
1.212738742487787791e+00
7.272016210452584284e-01
4.625592797991124328e-01
4.659669635726644277e-01
4.482321400323890370e-01
9.121188036783509645e-01
4.824336604879181367e-01
7.205753519840529808e-01
6.869047189109238616e-01
7.872067387713156672e-02
1.287308097259060036e+00
1.026631432720940040e+00
7.987345862010795106e-01
9.059780502919307921e-01
7.043044110434580896e-01
4.927524911617777725e-01
4.704770153432698554e-01
4.143970646240354716e-01
8.516726914857383202e-01
1.149621783141018705e+00
4.541045964257044432e-01
6.153363427800885299e-01
3.550192097345372111e-01
1.278490435900122013e-01
7.923045431076861655e-01
4.844465049196434725e-01
9.661177203284506687e-01
9.844715725280354102e-01
3.906598204612627412e-01
4.659441144873496254e-01
4.993742019479397998e-01
3.437833876125386823e-01
1.073421483026302692e+00
1.117026279447561610e+00
1.043594594142425613e+00
1.071414604297779016e+00
4.484721584737426658e-01
5.862968014975168396e-01
6.657016610719409533e-01
4.496231239815382530e-01
9.378488694617923560e-01
8.920631846494316841e-01
4.430234330685439009e-02
2.746043936373477323e-01
7.122618624027171608e-01
6.668837836809455855e-01
5.649100808116871431e-01
6.956039603208261646e-01
8.187500420474542739e-01
7.305234695178338677e-01
4.945049761985771952e-01
1.098319594681429034e+00
4.497238391173931094e-01
1.375747062231824414e+00
6.218971932221860621e-01
9.809590999336946782e-01
6.589996198944496619e-01
6.650520914927462446e-01
4.533351105561062022e-01
6.745737566656221373e-01
6.097564782134696770e-01
3.867534083114329557e-01
7.503428086167116540e-01
4.826019807929297079e-01
7.056167931468588783e-01
7.536725777527484293e-01
9.931990006854634068e-01
5.118984371601333905e-01
1.396008800718491871e+00
6.334903599889117887e-01
1.397722574825806863e+00
4.595431119074582238e-01
8.178214131845517043e-01
1.091450276387547769e+00
4.525888249074473402e-01
9.123659466944866736e-01
8.540426915310612710e-01
2.534270695443239241e-01
4.736795190418677248e-01
1.328246385117229256e+00
6.996641899178178692e-01
8.466745123340297940e-01
1.175729911148138740e+00
4.226051867250397720e-01
1.313294515938738138e+00
1.828115663143119740e-01
4.793894411784026532e-01
4.165332879773223085e-01
7.960729496667078298e-01
9.201716955950161037e-01
1.244389359243071591e-01
3.640769231617760338e-01
1.233970652927172340e+00
1.063228825135370093e+00
8.866588384442637416e-01
5.832333064304038445e-02
2.419437913950057695e-01
6.280005534395846079e-01
1.255125240149225885e+00
7.622078066638063865e-01
4.482698333821918957e-01
1.094938530161739365e+00
1.305019352731507265e+00
1.009550734060750354e+00
8.958062274020746063e-01
1.160449587102336144e+00
1.296628176036556668e-01
4.704351829884688696e-01
5.078536284111984100e-01
1.400815247810363928e+00
1.170682733150217647e+00
7.838625267301168043e-01
6.478425885951228924e-01
6.071129217358952612e-01
2.708093344511091627e-01
7.018898422239875368e-01
1.327939827927713257e+00
4.526995998544864341e-01
7.142211727348187766e-01
1.131575165041833753e+00
1.273044989469462429e+00
1.354496649883043968e+00
1.248627232757382854e+00
1.245443792990037712e+00
1.398528321965021748e+00
9.972601511039731470e-01
1.207598017782821609e+00
4.185155388169928270e-01
9.198582524320122467e-01
4.189366568407004721e-01
6.641512927328695470e-01
7.837098249294420782e-01
3.874131269456002058e-01
1.276020482807099343e+00
4.323397603743077133e-01
8.687975262655464048e-01
8.540684501263955397e-01
4.387099166498796832e-01
1.070340897423266657e+00
8.232829267161908549e-01
1.207125639995191513e+00
5.991860935156492207e-01
5.469691413550983317e-01
4.641784384293836663e-01
3.855965950156828304e-01
6.142630004084506101e-01
8.570556247710233722e-01
6.460156743285389025e-01
5.166401171258949709e-01
8.983384626225470182e-01
7.698748290762045254e-01
5.429699935227777496e-01
5.446433980005601638e-01
1.031675297851104123e+00
8.726573235884562685e-01
7.256827617014975917e-01
1.332727638409450632e+00
5.063060567232363640e-01
1.184276154832529127e+00
1.278766122168124131e+00
9.876955206543946986e-01
7.810518961898502699e-01
4.794478746883479303e-01
1.260534771559653322e+00
1.072898877080004088e+00
1.032480440080696393e+00
8.567531765902286489e-01
1.029326800210375703e+00
1.746084587047474213e-01
1.420521756553617121e-01
1.309980671682645426e+00
4.694104506972354707e-01
2.255058741984312110e-01
3.715913802235251695e-01
2.700752191159419557e-01
4.550238373966321026e-01
4.319875369755687422e-01
4.827109754289433952e-02
4.203700272691361928e-01
4.593547680600374439e-01
4.847997769353998287e-01
4.534921793033277471e-01
3.027818455613011106e-01
3.152485083940689825e-01
9.131899028234764515e-01
6.387793763001987646e-01
7.972207678275093912e-01
9.134181620597542350e-01
6.108347212334587217e-01
4.505424960485088226e-01
9.847301092491294039e-01
4.543218565957657384e-01
5.152525438505597410e-01
3.041966077780429156e-01
5.344298982648600926e-01
5.620215482942718666e-01
3.731584702121624186e-01
4.538391391502210048e-01
9.593211443437184016e-01
8.061506051392638428e-01
1.130378059319088635e+00
4.925961698705123570e-01
4.231184062765361298e-01
4.536895898390802540e-01
5.275442398856554638e-01
3.761372772094641603e-01
3.642758166793170771e-01
7.695952975771556126e-01
9.362924173592780397e-01
1.603488935564696682e-01
4.497019623640008401e-01
2.758701972055558338e-01
5.427765414074006145e-01
1.043546767659434771e+00
1.961158501355459438e-01
6.430966494057441807e-01
2.514313337884322985e-01
9.465103312199317775e-01
6.148986029641100304e-01
1.306565634044839719e+00
7.977255513551175792e-01
4.544832218492835807e-01
1.354513491433229966e+00
5.737343297459404079e-01
5.862539095015903978e-01
1.238987075314762487e+00
1.085727179605493475e+00
7.916033998678094763e-01
9.708296207919095977e-01
6.256485738835269039e-01
5.964256561397223155e-01
1.395486039415731794e+00
4.161444455295268408e-01
8.507318735059767878e-01
4.614300769610651387e-01
7.872962303483337365e-01
1.209170869621531530e+00
8.301442666779350610e-01
4.424991034999031236e-01
7.892539095086839596e-02
8.574715638119543293e-01
4.885054537973560485e-01
1.383359051693949571e+00
3.914517610614374199e-01
3.787372381773124186e-01
7.085444192621216386e-01
5.854125200174656873e-01
5.066267592717861312e-01
5.073971075130193631e-01
4.586001993709690749e-01
6.307202686982805728e-01
6.714790155605216970e-01
7.715984579405534838e-01
1.548065237093101676e-01
1.063369677952150205e+00
4.802415109164607232e-01
1.321210953029299695e+00
3.560300206695239389e-01
5.897078085797309299e-01
9.071493958004247515e-01
1.177567635126471668e+00
3.569144281335212554e-01
3.775089443071065753e-01
4.911502349277521162e-01
1.930640275442472090e-02
5.933101110344959350e-01
6.352056118601590029e-01
9.088071491370507404e-01
6.303939729332547204e-01
5.255890888521469462e-01
7.160533431387635650e-01
6.000109473835886220e-01
5.132263523012822182e-01
5.189106726129388836e-01
7.518807412377535027e-01
9.090385869666905982e-01
1.356062808230221517e+00
7.127213211208910382e-01
1.075996529535306001e+00
5.703537451774413070e-01
1.029498629594039372e+00
8.582262338986543782e-01
4.987578666405432237e-01
5.878373992315142349e-01
5.185003471168230238e-01
4.993883967133603274e-01
3.549524992741758811e-01
1.353153274005912676e+00
5.705507798796770613e-01
2.736516579141410888e-01
4.533867640085655348e-01
5.252439593819135943e-01
4.095783608180891128e-02
1.337044401363332247e+00
5.955013373227249218e-01
7.264612276522736112e-01
5.705408396246455238e-01
1.218365677068649067e+00
9.913827310993270636e-01
1.330003143347815886e+00
1.233943987684827048e+00
1.031768917230415195e+00
1.303553776326481728e+00
9.039537708583276210e-01
6.832822709177932552e-01
1.237411586977686717e+00
4.616042337014646391e-01
6.104193228250184289e-01
5.815920908324597738e-01
4.805339555288851150e-01
4.553601501201689494e-01
3.839876408882164638e-01
8.812780622341710446e-01
8.058517875215073234e-01
2.343488013307306050e-01
4.576590936729703074e-01
2.708719712652247757e-01
8.659289385200452660e-01
4.502476890067380610e-01
8.082292609317099918e-01
1.263829194823208768e+00
2.304966829275611473e-01
4.624553126329563613e-01
1.369772543361546857e+00
1.235289395855380556e+00
4.493721481907639870e-01
5.154883445840670042e-01
5.499331027764583490e-01
8.278658220427445036e-01
7.518494348461435273e-01
7.687313995595258520e-01
5.119053318210371462e-01
6.911106681211301450e-02
4.489323592537682872e-01
4.059866177690173994e-01
6.401640668988567429e-01
7.906301647547596678e-01
3.519649135178002930e-01
4.833998001624142948e-01
5.833171575515928575e-01
1.276147937967987644e+00
6.232908990123187110e-01
1.359677609334904336e+00
6.058031739677058880e-01
8.596981861809526171e-01
6.004302147107809517e-01
6.784925392990606152e-01
5.865225273092140590e-01
8.860431453780184263e-01
6.957887230801604872e-01
4.557693761692783174e-01
1.068419517690407883e+00
3.616401029023516567e-01
4.352785685226882584e-01
4.496530389065782618e-01
5.580023705085743746e-01
3.845313540938786745e-01
1.085021339996174561e+00
1.062261099282020504e+00
7.489149144211851850e-01
5.179409750837825621e-01
7.307439687885705082e-01
6.084255541985087445e-01
4.736800631125737682e-01
9.688163271690075629e-01
3.787770412512080909e-01
1.112117332961384486e+00
5.341968460012245234e-01
1.276382413458056364e+00
4.624982783375761741e-01
4.953795868807491787e-01
6.446772454412782460e-01
4.461484715936917533e-01
6.758401415633411569e-01
1.298915668547698798e+00
5.153626602625233089e-01
7.342861881904164667e-01
7.974556916286464903e-01
6.994572722132169629e-01
1.358323624657538087e+00
5.277075331735645580e-01
4.588235864451565837e-01
5.281594857676155108e-01
8.682985785496243336e-01
4.608758216732196100e-01
9.279894171530050917e-01
6.846178466921600814e-01
5.599911932162506822e-01
4.496311628310760700e-01
1.395236699230240296e+00
6.184609682108946904e-01
1.009811033780893430e+00
6.469023057227014650e-01
6.660937831596123182e-01
2.318981854151818123e-01
1.355245365826822201e+00
9.455317688623798844e-01
1.393983977048649736e+00
4.719590248052604187e-01
4.631280953760006924e-01
8.329153171516590071e-01
4.111031511150654016e-01
1.043342612164551930e+00
8.092965450346070178e-01
4.381348665346146420e-01
7.185635473936303752e-01
3.405462494855660549e-01
1.158425698555807015e+00
