1.264764622011309347e+00
6.981736956748693101e-01
1.153581928527427802e+00
6.234366396146830969e-01
1.114761097874025886e+00
9.109592456470121391e-01
6.494389061058902790e-01
9.315480402166810281e-01
1.082783634942201978e+00
2.737640278533606253e-01
3.587876523711920895e-01
1.061852864800814089e+00
1.111362952252957115e+00
1.274145080893142712e+00
1.128514505279089697e+00
1.106570991123679626e+00
1.258927195327260495e+00
1.038163002035082494e+00
1.191588795950606849e+00
8.335813413025088270e-01
1.278729364208861963e+00
1.222325723284892751e+00
1.075648474655479525e+00
6.755252061539260833e-01
1.232722672300300637e+00
9.706605864947075446e-01
8.197052813775824731e-01
9.233915077272665251e-01
1.057103266394662011e+00
1.125599731356760058e+00
1.005635518594424793e+00
5.771574133970976961e-01
1.113985176596003157e+00
1.187962890121607273e+00
5.259819871166339089e-01
9.544758288804537916e-01
1.198485558269229534e+00
1.218129079091365252e+00
8.914740213390778267e-01
7.127094390818843328e-01
7.214050712939769072e-01
1.103364380695673885e+00
1.252890360786181878e+00
9.024128950634415780e-01
1.185107097254358477e+00
9.532655868544668287e-01
6.584935878172980539e-01
5.170481943921482193e-01
1.181263892590541431e+00
1.072370560698905795e+00
1.194816206252340418e+00
1.252948965859099983e+00
6.478587351210591816e-01
9.439074683467492122e-01
1.042905152953019776e+00
1.274959789399267240e+00
6.167732955083857771e-01
1.213642773015145337e+00
1.198169990477961244e+00
7.786615214670996599e-01
1.118579014161592111e+00
9.031871906265623862e-01
7.417660617593848649e-01
9.996301355484017437e-01
1.024008342423291529e+00
1.041767097117201502e+00
1.034483444412257036e+00
1.019449557688167030e+00
9.579336992635166803e-01
1.131950347669149926e+00
1.063843972043129416e+00
1.165194822285190002e+00
1.254063774838910739e+00
7.669382787448676408e-01
1.083535309684236170e+00
7.778470329271591766e-01
1.277979124764038410e+00
1.091740561779982022e+00
5.981555172869704728e-01
1.250392668460204693e+00
1.214246785702256082e+00
1.270167116391636597e+00
9.773024901132713049e-01
8.301824815901743815e-01
1.118181895714750684e+00
1.108332512290779004e+00
1.183107412208946219e+00
1.164718351803367913e+00
1.250701245711218323e+00
1.178295685279018290e+00
1.251269423813626158e+00
1.176937010773861703e+00
4.376095163715728042e-01
9.325705718867909333e-01
1.227072104527654250e+00
1.265018773748573855e+00
1.253952910532285081e+00
1.071149617244332886e+00
1.189950584945910439e+00
7.645191391607314424e-01
1.111352457215536660e+00
1.179865857415002717e+00
1.207679763625976399e+00
8.258916074764374171e-01
1.078401040399149080e+00
9.375346008103651041e-01
1.012823168380974970e+00
1.145391524772666703e+00
9.172467080368142955e-01
1.203910178527598074e+00
1.047499689011432533e+00
1.219679442876069109e+00
9.444057869516269133e-01
8.878947763399769322e-01
6.501867614498757497e-01
1.242932140321516776e+00
1.024201573199831072e+00
1.214727546303396855e+00
1.115810802812276403e+00
8.201887366623229481e-01
1.230471861996274230e+00
1.145369676301444928e+00
9.799346921199768579e-01
8.225926447696253474e-01
1.088269974216151459e+00
1.276966381271445794e+00
1.204701970030133129e+00
1.250425060467177607e+00
6.668638600478888900e-01
6.293292020366278994e-01
1.112600988881283559e+00
4.320342712583600253e-01
1.255023962017044248e+00
1.162167625651892910e+00
1.050991279879943452e+00
1.211679543530473246e+00
7.652625624033355667e-01
6.627839247282895085e-01
4.614477554826367234e-01
9.436224761235479930e-01
9.517738763923262457e-01
6.749745636809069138e-01
1.273544592103971640e+00
1.123460218595667914e+00
1.175110710179333662e+00
6.586028963841761286e-01
1.149215604938182755e+00
1.164659405165060946e+00
6.877051427519271787e-01
1.215408011909041130e+00
9.055482073878343696e-01
1.027199611884695551e+00
1.090332004150315948e+00
8.568093336441444663e-01
4.948781466716045130e-01
1.093686207419774625e+00
9.472429556479107227e-01
1.184914272529549617e+00
9.794402752330892969e-01
1.014770241167296749e+00
9.717534392914704000e-01
1.136769229292198036e+00
1.075511942386834896e+00
7.311353352279144069e-01
9.045028173279791028e-01
1.197889240654324228e+00
8.243754575643104099e-01
1.196696877162131356e+00
1.237881013830999022e+00
1.275029871904465484e+00
9.968179699662834681e-01
7.708279952142145230e-01
1.259268409015181556e+00
1.091089327690245803e+00
7.317132570196239749e-01
1.001065399763562791e+00
1.166538176504721580e+00
9.174988755512207828e-01
2.838049889899732503e-01
1.020509057104213024e+00
9.729144744904526521e-01
1.002805497521750189e+00
3.590382063763600251e-01
4.050621204211212745e-01
8.209281998402931935e-01
1.097616685986872342e+00
6.160972672015195828e-01
1.063164507379553703e+00
4.417365821512277968e-01
8.657447169101497586e-01
9.460950497575429941e-01
7.844262781832140874e-01
6.203833958108340152e-01
1.169501214789410160e+00
7.199390797999436487e-01
8.370519570555196021e-01
8.054066723822130847e-01
1.150119552741147189e+00
8.986815731061292833e-01
1.074237473657752684e+00
1.218623078972479901e+00
1.242098108963820113e+00
3.933341699808487468e-01
1.180517503887374309e+00
4.911875886182379136e-01
1.191928486873649495e+00
1.255936109272065782e+00
8.626709457283109339e-01
1.234020325179917332e+00
7.950916878691107748e-01
9.870218947443510915e-01
1.223105648101219911e+00
1.236345660557018000e+00
2.714297120995332047e-01
1.171904607729172820e+00
1.092717112132690183e+00
1.261306566488948011e+00
1.222287058951461391e+00
2.224975816044943155e-01
4.811571001921854940e-01
7.320133584290571260e-01
1.187863812461830149e+00
7.235802517469899220e-01
1.134675108466627780e+00
1.000554556432327047e+00
1.215178817969841063e+00
1.107857866484585507e+00
8.184716845548749564e-01
1.244006754223748956e+00
1.143625587816943234e+00
9.519639591654224242e-01
1.173120459403360849e+00
1.181962038494896561e+00
1.040356733074482509e+00
7.013125987205768297e-01
7.085324651533313478e-01
9.784476809920213958e-01
7.357722089642980690e-01
1.165161134130541454e+00
7.577652084846413505e-01
9.081573535605820258e-01
1.193984363253205228e+00
1.156360967004057327e+00
1.104329314658744954e+00
1.148075361789578919e+00
9.766344345455335585e-01
1.115927038918814951e+00
1.088787658076802334e+00
1.173116524207423961e+00
1.004539006040205740e+00
8.675581279795384626e-01
8.793665465867788189e-01
1.006047486487792408e+00
1.020777572161001290e+00
8.734598767368972894e-01
9.631480271265980830e-01
9.528954065710567578e-01
1.169903832092373586e+00
1.263942775232784532e+00
9.865956321005449059e-01
1.205953501870132394e+00
1.043029179890700542e+00
9.618943137628160889e-01
1.266205204787694161e+00
6.483795663478451043e-01
7.253287206311374025e-01
1.199674121636287394e+00
7.531314590983296808e-01
1.071306659980345133e+00
7.329410945208419959e-01
8.153510054253586548e-01
1.124005689355088045e+00
1.003517038606428047e+00
9.502478201519503065e-01
1.211855710285317578e+00
1.025896475915567319e+00
2.552126562142008614e-01
1.214103734837863602e+00
7.547795782138820853e-01
9.013556773265581912e-01
1.263892071442676235e+00
1.247156146224560169e+00
1.278270248279997023e+00
8.450077042055228471e-01
1.273110996031883380e+00
8.092558890423788842e-01
1.135021520309664300e+00
1.167968702315821172e+00
1.155402130538093486e+00
1.084786249538386649e+00
1.154049871934247795e+00
6.277158925805703671e-01
1.244545892904094231e+00
1.279430625423824797e+00
1.239268810890997274e+00
1.213529875379314671e+00
8.468034286143325540e-01
9.991728333262365203e-01
1.139717545123816178e+00
7.930827758822753815e-01
1.012154469998850725e+00
1.114641124426676511e+00
9.638316691004533698e-01
8.218089232416151413e-01
1.224216912051722561e+00
4.059080379353258161e-01
1.152833994024366371e+00
9.425942449931649092e-01
4.517343451368819318e-01
1.164720395007437848e+00
1.192881761904086346e+00
1.238382259328794310e+00
1.249706993860019377e+00
1.095012580051346829e+00
1.153567202279659254e+00
1.015395707961335159e+00
1.226346224504725191e+00
2.520859312785341810e-01
1.265074988348196428e+00
1.170791328056988601e+00
1.239316032409982560e+00
9.433201804040228788e-01
1.169764110729880180e+00
1.283336363902218391e+00
6.930926948625968365e-01
1.250915972549399457e+00
8.411193144073794148e-01
1.202105973142011397e+00
1.268024114878169906e+00
1.137246084655452627e+00
1.123657253410245138e+00
1.175560304091435748e+00
4.637787198620428875e-01
1.227200183239585796e+00
1.086801385678866527e+00
1.024055823458175363e+00
8.442020080636833956e-01
1.207002805832758208e+00
1.254685783231185292e+00
6.805075029279599175e-01
1.226473663000569481e+00
2.470532006136499925e-01
1.193706854162952968e+00
2.290153231357316410e-01
1.286153178811231257e+00
7.567993628963645136e-01
1.111242493399377640e+00
1.080629525684924541e+00
1.139720528862554261e+00
7.297374908412257444e-01
3.319983169305438242e-01
1.228302762289337879e+00
8.612483614023126455e-01
1.138808967892094071e+00
1.212123875842155307e+00
1.022425932195072606e+00
1.112196871243712248e+00
8.735963645091315843e-01
1.138810213785589553e+00
1.006518334206441212e+00
1.097282896478096070e+00
5.964239213848654408e-01
1.170914288097559375e+00
1.045343914392814932e+00
9.922991446048999853e-01
1.032407738535322084e+00
1.227676715833353471e+00
7.101282403095442453e-01
1.106775630185752535e+00
9.918372377499838910e-01
1.265944870872951933e+00
9.822359589332221308e-01
1.075657168562797361e+00
1.262984301328226477e+00
1.060253722792504183e+00
3.720495969191053853e-01
1.214541627302498039e+00
9.081304851245675103e-01
8.702660274935601903e-01
1.140686194418978561e+00
8.776122313523033736e-01
1.057831505089124935e+00
1.233021144170172584e-01
8.899700256315551394e-01
1.176175033704260242e+00
8.992818981599929318e-01
1.128055952981989352e+00
1.282461417741182164e+00
1.216472958996854814e+00
1.269764126771188995e+00
1.149099265839132578e+00
1.203007957263358518e+00
1.207242057380733868e+00
1.172146274068781802e+00
1.096009384353755056e+00
9.610125734060881442e-01
1.123631735427191858e+00
8.543108787695916639e-01
1.251116888946760763e+00
9.760398999854933422e-01
3.034330407451714673e-01
1.274474442184134970e+00
1.043998985294800619e+00
7.441433983263882057e-01
1.178170151096490148e+00
1.158471431182672040e+00
1.094796195698628960e+00
1.125146820632139999e+00
1.240671146967760263e+00
5.046457597116255078e-01
1.113771005132188074e+00
8.806420794723834877e-01
1.244523535783579771e+00
5.563885304572860901e-01
1.054241960781210352e+00
9.571617606569702286e-01
1.039696208694927737e+00
9.169702573728749639e-01
1.030358650539998200e+00
1.067822908740193588e+00
3.924939740328630133e-01
1.202142080862154572e+00
3.727309591527296351e-01
9.270437693381359257e-01
1.165074001095895984e+00
9.946748877473272632e-01
9.194153682632597580e-01
1.202074718298345557e+00
1.273319416579287822e+00
1.183102172591646628e+00
1.175266406969952548e+00
1.268041458075730654e+00
1.069085090481576517e+00
7.333956063368053391e-01
1.205985198063031838e+00
1.191638693490060463e+00
9.524894145227418285e-01
1.151840354738567163e+00
1.249718168027333487e+00
1.236545743219190419e+00
1.273636889294189167e+00
6.057557914441452640e-01
1.273079482910947524e+00
1.238326666959249422e+00
1.280148400238264150e+00
1.020228429582044960e+00
1.253716684360643763e+00
5.264029285084580456e-01
2.711101039982389826e-01
1.273810636640851479e+00
1.284145701457982014e+00
1.140116664527151880e+00
1.228244139840017901e+00
1.206077422035099378e+00
1.123546020795851419e+00
1.249963842730293262e+00
1.030253177249925711e+00
2.426782770498168706e-01
1.259846878807637571e+00
6.242671143470995831e-01
1.158861942055317451e+00
9.465294167015697591e-01
1.020433127847090837e+00
1.078560160329449236e+00
7.118216200255740311e-01
7.633747545719697936e-01
1.106994231386190908e+00
1.194210440912071292e+00
1.191087086036878073e+00
1.076814436616245763e+00
4.512864468812973207e-01
1.223012527823681417e+00
1.267371645287908688e+00
6.109011634318236572e-01
1.142193460449753672e+00
8.367597356573871492e-01
1.196703929100175978e+00
8.923630992252170602e-01
9.118355219039065984e-01
9.121095052669389025e-01
1.190279581300120126e+00
1.164935316166610946e+00
1.264461426751791073e+00
3.680350640016807340e-01
9.898581129945446255e-01
1.120540183013915669e+00
1.267221281953614831e+00
1.019584959787896761e+00
1.176732201368365427e+00
1.213333356822669629e+00
1.107520466585670160e+00
1.178767201893647476e+00
1.154703651034862943e+00
1.203127034241633142e+00
1.268155387433398840e+00
9.198278633916207037e-01
5.636615306026112604e-01
5.363142993958178728e-01
1.154689233645539437e+00
1.003416889656606914e+00
1.099857051455736423e+00
4.030720398974799723e-01
7.015304092113932022e-01
1.079581131253610993e+00
1.193796352669234118e+00
1.094448662345420376e+00
1.213044916242629556e+00
2.472012355713207876e-01
1.129998989783351560e+00
5.297616076283545583e-01
1.232210296802168203e+00
1.099718595233290852e+00
1.077978361249110284e+00
1.063901005786201504e+00
9.237532841812632345e-01
1.052699391678453056e+00
8.687751501059161052e-01
6.952435717446820984e-01
8.347473521800372609e-01
1.248882421144739574e+00
1.130763460172011792e+00
1.275633220530506540e+00
5.037543555340713297e-01
4.926144942373582025e-01
1.219517458938362164e+00
1.030500166853592026e+00
1.153735887157786300e+00
1.083557907610026794e+00
1.277750796621995422e+00
1.011293344196689592e+00
1.119532142322647195e+00
1.265681921560396717e+00
7.198567644859547032e-01
1.149759806230782111e+00
4.626318591753517673e-01
9.599763847949810414e-01
1.049937083899747048e+00
1.212655201338188604e+00
1.056570819360328040e+00
1.145142869171847266e+00
1.274409451609808785e+00
7.359908204252937347e-01
1.217538286421202987e+00
8.048412736705297110e-01
1.091413271911652494e+00
1.231865694873616857e+00
1.178236981901124469e+00
1.070287687523255649e+00
1.049505806668123098e+00
1.071300340370096471e+00
1.130884511296666117e+00
1.121260871285032934e+00
1.240442368049091026e+00
1.128402918078085237e+00
1.167823040298937354e+00
1.162360189537078758e+00
1.267645709624969363e+00
9.600891489096495812e-01
4.048499613825954913e-01
1.066178331037370031e+00
1.125696993047494265e+00
5.808966057982227760e-01
5.694064829240850223e-01
9.807894354730423148e-01
8.086012171159132622e-01
1.048571416583068627e+00
1.229847839451213565e+00
9.461746935719831386e-01
9.794097792334875985e-01
6.147017126944156473e-01
7.978359534446525236e-01
9.657505971580270243e-01
1.026419313524052690e+00
1.146055230388675961e+00
8.756696740465081952e-01
9.199125393165474840e-01
9.692376184370019576e-01
8.272674822698526942e-01
8.663910685313089832e-01
9.191687900648564113e-01
1.197796114491116892e+00
9.413246152098095898e-01
4.071030491640076909e-01
8.340448591019581359e-01
1.208829083237762392e+00
9.549965162088346338e-01
1.166931172296065577e+00
1.264040735735670884e+00
9.908526155600927421e-01
9.275947223453810953e-01
5.934472193465492040e-01
1.177268240100292074e+00
1.011908052309331341e+00
1.198082793303544946e+00
1.217187822736398362e+00
1.140831385063009851e+00
9.431602921338609891e-01
1.122282457398419586e+00
1.103704386996128273e+00
7.740545214069969315e-01
1.260913449511002593e+00
8.936818699949556910e-01
1.252278955974956753e+00
9.199422867176031415e-01
1.218816175584623185e+00
1.122742801462364604e+00
1.249843896083697281e+00
1.104445657051019491e+00
5.763745500160126767e-01
1.022521862982258556e+00
1.055097637843216418e+00
1.054420379576307631e+00
1.095534556841410101e+00
1.055506420634669151e+00
8.603951042738972044e-01
9.376436171378430551e-01
1.716805860642276471e-01
9.882509408370175885e-01
1.123901563021767247e+00
9.247807948983840509e-01
9.393022067568602695e-01
1.076041028945757594e+00
1.864343222319976845e-01
8.926585616528350808e-01
9.301674087045993522e-01
1.024029641965884752e+00
1.261975105404859354e+00
1.277115878290970841e+00
1.143162239677213199e+00
1.259697623736277361e+00
7.363048302343663254e-01
1.243705897317298525e+00
1.274360191527018848e+00
7.805659033567317051e-01
8.512850438056531743e-01
9.576018308304035109e-01
1.218454481724673411e+00
1.082630689791676870e+00
1.001446277971962173e+00
7.166231562635417829e-01
1.119737007441516718e+00
1.235129102965976999e+00
1.111113473882070934e+00
1.038424235545718943e+00
1.133983323580519897e+00
1.199383019668987194e+00
7.052569691921301009e-01
1.224372748814980705e+00
1.022392158020581254e+00
1.199515978511828118e+00
1.073268541432917500e+00
2.187191379296578586e-01
9.892628584754079579e-01
1.116120581679951984e+00
9.455001998996644952e-01
1.215487375369467049e+00
9.915034901154243796e-01
7.971411813346207520e-01
1.234474234560946293e+00
2.362742018674395261e-01
1.185308514800981428e+00
1.160868960339256351e+00
1.919805486640875358e-01
9.877703678927685083e-01
1.186225828128195658e+00
1.262808065884621689e+00
8.901194364023862216e-01
1.107648298942819798e+00
1.178167872135466032e+00
9.499590302079897741e-01
8.284761524424524293e-01
1.149834723263177150e+00
1.006218936300272704e+00
1.197315593169799852e+00
1.076844691089002604e+00
1.006407178282653581e+00
1.222407017478168489e+00
1.022122888889024139e+00
1.266493587069811966e+00
1.271059487371310137e+00
1.161199485910491047e+00
1.260766796958614488e+00
9.373557747266610951e-01
1.033712004267885565e+00
1.163054539552642819e+00
1.120759458298858480e+00
1.155827909395287456e+00
1.278872570631372385e+00
1.269886403512235473e+00
1.206253134472015542e+00
1.181331891935203382e+00
9.308231184918536183e-01
8.862462488753506396e-01
6.882368508744606261e-01
8.305073484126821448e-01
1.176580125058700244e+00
8.936861327551008927e-01
9.006835094843519407e-01
8.897678810154130424e-01
1.148065731415133239e+00
9.205201616857192626e-01
1.162160852178345527e+00
8.363979124628819761e-01
5.917483467521230667e-01
1.048591701229691697e+00
1.212927982154849982e+00
1.197056240456996212e+00
9.940340628256835176e-01
1.278089731811703489e+00
1.144987469401026248e+00
4.199197647707315628e-01
5.575428835346590145e-02
1.028641390782070175e+00
1.281372669476141146e+00
1.252007528642011813e+00
1.270557513731217059e+00
1.239984967288903173e+00
1.230013689008490951e+00
9.057507104605376780e-01
1.226062398451285729e+00
7.847399036907354297e-01
1.250612633672119722e+00
8.305195521464655561e-01
1.244855760265078271e+00
1.157630805253395456e+00
1.135781952781681703e+00
1.002994396903211349e+00
1.110188687700401911e+00
9.552659398393417156e-01
8.667413458727056819e-01
1.209201620799182031e+00
1.126624051994628228e+00
1.077162720475847157e+00
1.215386333087460358e+00
9.774699374777562344e-01
1.265574725901947195e+00
1.265939454349253701e+00
7.245345408713197433e-01
9.637867892939662173e-01
8.732495405018200207e-01
9.735898418820289058e-01
4.896539577258645082e-01
4.502631531098498230e-01
1.255031039555144501e+00
1.245888119913081571e+00
1.148250231760383544e+00
1.281896974719215265e+00
8.211169585032881413e-01
7.587868318999846373e-01
1.149388582579050411e+00
1.051688473088733033e+00
1.139338879215505917e+00
1.165133556824777372e+00
8.850061017133973307e-01
6.015940366421277385e-01
1.897395453005672472e-01
1.261754302973308262e+00
5.656837995774445238e-01
5.183314982417452921e-01
9.901013850077460265e-01
1.799489764721788065e-01
1.154481243954730507e+00
9.810843609201614912e-01
1.265395790848960811e+00
1.182895541351894675e+00
8.928195350585680368e-01
1.102866287191141215e+00
3.730073739664784838e-01
1.064734268689946584e+00
5.826490781656720186e-01
1.094114102032093250e+00
9.748906686329803506e-01
1.165119854013366707e+00
1.256527494803646228e+00
1.272682620679019827e+00
1.027912490743918106e+00
1.097832389499474370e+00
1.285061366304667496e+00
9.343794364322353108e-01
9.624577184495931581e-01
7.040594545650852298e-01
1.176012512735397753e+00
1.012762198274882230e+00
1.143800505899946529e+00
6.007256121831027196e-01
1.096700098547518376e+00
1.010889611024755608e+00
1.160890339244802227e+00
7.203384562169510286e-01
1.281775369832124811e+00
1.013475713571693859e+00
1.275041526918996304e+00
4.188003068115168093e-01
9.243954666720950453e-01
1.031486754328400757e+00
8.649998651470724997e-01
8.049014090038117963e-01
1.088683815575423486e+00
1.220073620794855485e+00
1.084236048662624574e+00
1.121815195127649156e+00
5.137443436631736748e-01
1.015858324139283564e+00
1.115831590598068246e+00
1.002277648296339585e+00
1.281600782270846839e+00
8.498415715120947178e-01
1.209985264919768877e+00
1.144631450944793016e+00
8.667557716713845117e-01
9.179230841738039715e-01
7.122011031207884368e-01
1.067303432148304143e+00
8.802152610768509966e-01
1.133972486720298933e+00
1.138396139146452990e+00
1.266792852475024045e+00
1.275994407978474854e+00
1.027509582664337673e+00
1.012781552116911454e+00
9.776360133170093336e-01
1.191728476967860217e+00
8.500235324656708613e-01
1.151951458217646662e+00
1.195840376164513774e+00
6.714100998421761446e-01
1.210205955843473236e+00
1.207768854274423598e+00
1.162457209012873083e+00
1.109151859399230000e+00
1.075513771820360898e+00
1.280132529093783722e+00
1.041069057274877974e+00
1.076619280758302821e+00
7.458042619703630915e-01
1.198186373385018433e+00
1.179381214804248179e+00
1.149808816983832305e+00
1.121203313836472759e+00
8.603391556984304467e-01
1.274406132192716035e+00
1.285333607730130279e+00
5.535891541574128327e-01
1.051995303159490636e+00
7.265210320084127815e-01
1.228808937244605382e+00
9.306881466122975954e-01
1.231625111279123885e+00
9.267774211545132257e-01
1.222981554913248781e+00
8.187026587101878805e-01
1.233419368908086788e+00
9.040379341457763784e-01
1.032218779354757920e+00
1.186199626404004892e+00
1.204161127868928621e-01
1.128641199265200568e+00
1.275076607623881086e+00
1.119055551923910485e+00
8.734613299606938108e-01
7.215184043026308114e-01
7.661409690197708011e-01
1.082801116356126192e+00
1.135818548132326411e+00
1.125844603751598116e+00
3.138312170334686679e-01
7.972596904490601988e-01
1.246307723000427803e+00
1.284246881025060461e+00
1.265608299425338368e+00
1.270797386869804368e+00
1.092967820653940381e+00
1.208358087588600860e+00
1.008842426915010915e+00
7.496200096816739711e-01
1.220620511279776110e+00
3.519370562734223662e-01
1.280471984002526931e+00
5.008852066258238089e-01
7.096446952300480282e-01
9.770209893031673865e-01
9.976323064092840198e-01
6.735072118451947976e-01
1.271862996905110066e+00
1.149080588352489274e+00
9.201688903772434758e-01
6.687381736199125015e-01
1.111991325949812870e+00
1.014685614775600930e+00
1.272908189015090841e+00
7.107131345773171072e-01
1.187595626658187076e+00
1.281887959130240562e+00
1.031647014714417221e+00
1.093551776513268292e+00
1.003034698986215112e+00
8.080919164383948416e-01
1.187047132141994199e+00
8.887198157361438922e-01
1.190863007979563459e+00
1.218163161576006015e+00
1.001941175020699903e+00
1.007270024338497105e+00
1.256642590792197423e+00
1.161881000794025454e+00
7.887062539844883480e-01
8.985976674811038123e-01
1.028542483968432064e+00
8.032890378968136069e-01
1.105986959671309666e+00
1.265246513506085524e+00
1.074473665363149921e+00
1.103006397667613880e+00
8.210991933232942852e-01
1.149642063588816487e+00
6.646023565975611724e-01
1.235400201482669491e+00
8.158260815448711289e-01
1.197277767994227471e+00
9.012274922145305789e-01
1.267321003574527039e+00
1.247436947626107573e+00
1.279815486448955486e+00
1.164090317472857183e+00
1.126941109272598940e+00
1.259858884722384165e+00
1.277272706846377393e+00
9.526880862520964444e-01
8.492825712303887498e-01
8.539310722899211559e-01
4.216314300895254719e-01
9.276163826961041359e-01
9.791134081938605016e-01
9.663308197052917770e-01
1.029108111694109429e+00
8.524205622208280708e-01
1.278526637600240212e+00
1.222180401257063842e+00
1.170787456755838729e+00
1.214793136073547331e+00
8.990426618813261994e-01
1.186387549158293142e+00
1.104694271440524567e+00
1.278601463438578723e+00
1.238700597447981000e+00
1.273804855755967358e+00
9.706229957492621407e-01
8.383615398517952899e-01
7.490958709290267414e-01
1.212289694338087642e+00
1.234498424810244188e+00
1.164239722790314513e+00
4.945133580006212393e-01
1.225735428982310360e+00
7.326287908470480170e-01
9.283538248506504331e-01
1.071188826381604287e+00
1.209655261479374300e+00
8.615482294045054834e-01
8.018132587292179370e-01
5.578575887216751239e-01
1.254624725652204731e+00
1.231046414203059269e+00
4.517946439478212617e-01
8.945738968158472026e-01
1.254140822000416655e+00
1.040020769998310834e+00
1.065871562296710984e+00
1.268237881474257867e+00
6.822574130790747260e-01
1.257617633783477240e+00
1.016523078510813916e+00
1.108382007083060561e+00
1.091824511595950398e+00
1.148016047178231469e+00
1.178782545418906036e+00
7.622620870158541839e-01
9.841984011313682501e-01
6.822783185061538358e-01
9.234419301015031056e-01
1.170442218387475197e+00
1.173701170461707299e+00
3.379873907103072561e-01
1.123924761914945059e+00
1.041574814238657165e+00
1.230421994169384581e+00
9.572859352978740910e-01
1.129151441783120102e+00
7.748013886303681819e-01
9.518831409394743481e-01
1.104108478442175079e+00
9.770578920015963176e-01
5.594732156847608273e-01
8.917332480591493304e-01
1.134975727337334650e+00
1.207505436906725738e+00
1.243031534773546776e+00
1.143191395054210302e+00
1.208015747927588368e+00
1.279320868945477585e+00
