2.955626031871119164e-01
3.315151915673314464e-01
2.705151380523743709e-01
1.336963995624425583e-01
8.931639035058008824e-02
2.885999363119001182e-01
2.345054389072142031e-01
2.317531879196158551e-01
2.893646482443055779e-01
2.811692430362812134e-01
2.182538008666174423e-01
3.302598299179722585e-01
2.149903313663702187e-01
3.014143087273037924e-01
3.112603367426398648e-01
2.839817938020055554e-01
7.856862245468460015e-02
1.168490844754996316e-01
3.073791894051636220e-01
2.805599328470722575e-01
2.731105166997455092e-01
3.220062529132886042e-01
2.416989665493838868e-01
2.408885060192825778e-01
1.800199403677161247e-01
2.240273383333006019e-01
3.005744705867348654e-01
3.213746690079769541e-01
2.545658313353291180e-01
1.771123880152962737e-01
2.668742140798087137e-01
2.952680285611028466e-01
2.774259485710090511e-01
2.803924320797351877e-01
3.320327235137051081e-01
2.937328186820959419e-01
3.368425994472613039e-01
2.766951604891113026e-01
1.611397636695728053e-01
1.655329184109007867e-01
2.992586774044020959e-01
2.022672613043520751e-01
3.125527204986511265e-01
2.012014205315684756e-01
2.804391925347824999e-01
1.572529292869967454e-01
2.570631782816217292e-01
1.272434241248503461e-01
3.382803147252999021e-01
2.578222095826129823e-01
3.341266636698746462e-01
1.365921716207327830e-01
1.836495458158813321e-01
2.970244861421513782e-01
1.025332562365619538e-01
2.790937561169528069e-01
3.159126775227028006e-01
3.119317455468574862e-01
2.678916607093215774e-01
2.431680535962245371e-01
2.917663654712397969e-01
1.486215361462696338e-01
3.295699927136433449e-01
2.606987591234971036e-01
2.349475199398199654e-01
3.170078926460314084e-01
2.383813708888807836e-01
2.603330733048123680e-01
1.137189056505951423e-01
2.416060610079829862e-01
9.054606250860884609e-02
2.925667774041071367e-01
3.376311850656308899e-01
2.299154313922308901e-01
2.079817996835862381e-01
2.622086984732395210e-01
3.257944302081946519e-01
2.698143590760315735e-01
1.891334960382742569e-01
2.681716405453486995e-01
1.275679691493621648e-01
3.113509500135115959e-01
1.258035396742211987e-01
3.099442773081368396e-01
1.766498522310422647e-01
2.471003405133173625e-01
2.676649433665938549e-01
2.024451285216866681e-01
2.976584481425043616e-01
1.569697672873585637e-01
2.524761395099558436e-01
3.291136507260714605e-01
1.583012572485841818e-01
2.949533613745954908e-01
1.606514941722597123e-01
1.348364393811303796e-01
2.986171728417263971e-01
3.348696958283425285e-01
1.899934211556118524e-01
1.596307517585696112e-01
2.478849969423909394e-01
3.207466540368728580e-01
1.261740595912042850e-01
1.174906497591208521e-01
3.166319420861195000e-01
1.880551893500693461e-01
3.270911818520491066e-01
2.886043506415928439e-01
1.338060540133536869e-01
8.349436093207811271e-02
2.753194234032034227e-01
2.732660779940017104e-01
3.043474482674755621e-01
3.288410477419176359e-01
2.930479438678058601e-01
3.276232413513177066e-01
3.161774899462629906e-01
2.360561269527963191e-01
3.010096460416352149e-01
2.560084439920802812e-01
2.643245963650328045e-01
2.050894595372281248e-01
2.497389937838573881e-01
2.366858898642351661e-01
1.735567528348372635e-01
2.960066078172113313e-01
1.517683818315148370e-01
3.078993093416761417e-01
3.026738383824808531e-01
2.714444929361981562e-01
2.851702391969517247e-01
2.338788487201266530e-01
3.358543065962482643e-01
2.488735475847414225e-01
3.272976666425246872e-01
3.270594527868854184e-01
1.309659687855601329e-01
3.032249328296537927e-01
1.799194543729230877e-01
1.545285099436330689e-01
3.250318466202708478e-01
3.112520702479887325e-01
1.569236794882700459e-01
1.680936428100391344e-01
3.379807472523664313e-01
2.055520261227226919e-01
1.818242458611759871e-01
2.815005383739949130e-01
3.214100801954893893e-01
1.208303901995426838e-01
2.980726376422448420e-01
3.408684986051664367e-01
1.147683877391824508e-01
6.446077474349043435e-02
3.015897349196750565e-01
1.828403294465955342e-01
3.070439759466774277e-01
1.370738416679479488e-01
1.915810346318644886e-01
2.497257138909763641e-01
3.402721135691202936e-01
3.020077540467441257e-01
3.243562768836836252e-01
2.195655640119466567e-01
2.147754724290171502e-01
1.349341552485655571e-01
2.537443275657638164e-01
3.390900615760815140e-01
2.961096976582012763e-01
2.707193180872506377e-01
1.224726150443471995e-01
2.683859591499728192e-01
3.016942706107784700e-01
2.855560907113343649e-01
2.088053775155876701e-01
6.163451455462460454e-02
1.825801051417358101e-01
2.404176657451400911e-01
3.144725826918396971e-01
2.341769180837255937e-01
2.108824887050184116e-01
3.099613520791841270e-01
3.298201656976452179e-01
3.184694701067090628e-01
3.395405570593086897e-01
1.597077324529396214e-01
2.230200699390191277e-01
1.796972222129699370e-01
1.828128763816274094e-01
2.173743114001028542e-01
2.392799155465878402e-01
3.077071946860321372e-01
1.992861297244890306e-01
3.007451550139110252e-01
1.547533707061268526e-01
2.451564398467295236e-01
2.020715867389395459e-01
1.186717507041796377e-01
2.748059962837440251e-01
2.493612745114749119e-01
2.430519965203805643e-01
3.380249463099582186e-01
2.657840055530779066e-01
1.797135389873847633e-01
3.192633762183705870e-01
2.689939907321580170e-01
2.736827920807870518e-01
2.193366243514390801e-01
1.984800011863190328e-01
3.386122195663731627e-01
3.263214668021497955e-01
2.490260377279190362e-01
1.531583030921215005e-01
2.614996128245078988e-01
3.217524805646646557e-01
8.376638893157492549e-02
2.986098180055365425e-01
1.487291969159591776e-01
2.847035708676468602e-01
3.086527403973934880e-01
7.691521407229455487e-02
2.742852625060546168e-01
3.035379634989678332e-01
2.656314423330520258e-01
3.037964831380361441e-01
3.122875301141400106e-01
1.056200506022163949e-01
2.846595133253956855e-01
2.258070650005253865e-01
2.672856026939306462e-01
2.791352798042086580e-01
3.056467638642215712e-01
2.835635336358943159e-01
1.612196219570601052e-01
2.323257365786815798e-01
2.772674857363279788e-01
2.500273409978169270e-01
2.578757561339413140e-01
2.905502586255520603e-01
2.679922436440502209e-01
2.047904936052214186e-01
2.809529197356625541e-01
2.151999696540542184e-01
2.881620784509199007e-01
2.620645880175110909e-01
2.448083354240355169e-01
2.797055101378775888e-01
2.779149884178977459e-01
2.339195589729416713e-01
1.537759333039627196e-01
1.314292974212393494e-01
2.961814624508327665e-01
1.944104546450101112e-01
3.177667246812659885e-01
1.517631827339674944e-01
2.606462452393901175e-01
9.170739700486986445e-02
2.039181978966274067e-01
2.437616896356525620e-01
1.621619208145445301e-01
2.447141973758222844e-01
2.062809208888871093e-01
2.115955741556455882e-01
1.362177047917719763e-01
2.672866479910313009e-01
1.942849664439680046e-01
3.190355114064929998e-01
7.594999720286194078e-02
2.540083326787863083e-01
2.820350565897779549e-01
3.041550669848426258e-01
2.182105873473156599e-01
2.221439373402323003e-01
2.395924811717282388e-01
1.648446078834019390e-01
1.844550357076914504e-01
1.829051260168789717e-01
2.071135274348518962e-01
2.440638745334320903e-01
7.649055790601758109e-02
2.601060636723013797e-01
3.358516796466769483e-01
2.625088339863475007e-01
2.633888244059420236e-01
1.984146908988015934e-01
3.565834324147468953e-02
3.339403139054377689e-01
3.082178392305058856e-01
3.413532004046311297e-01
1.752966067401946493e-01
3.049083792931199799e-01
3.230207776523295604e-01
2.992426886192089963e-01
1.611305740292975075e-01
2.810711246369833605e-01
3.049497705194272879e-01
1.697762160395240583e-01
1.341138304636048106e-01
2.974033667894931399e-01
2.941909275823504366e-01
3.108852920275879117e-01
2.837019056423982222e-01
2.263595429690852812e-01
1.752210746252735041e-01
1.886528937074668510e-01
2.785026511192269516e-01
1.937116767415293928e-01
1.944282838330980423e-01
2.875663048231676400e-01
1.428297485546605183e-01
2.757225090446742688e-01
2.236911485293966162e-01
1.885338166632481438e-01
1.974154296910322903e-01
2.224118131935018394e-01
2.829638495000377230e-01
2.410882160862930501e-01
2.643264743916808324e-01
2.974301357049766170e-01
3.054875687663431427e-01
2.576976039312696143e-01
2.928652941678928090e-01
1.939486211416876493e-01
1.834300147860435937e-01
2.491822053164957362e-01
2.315457663013204825e-01
9.252066893263916070e-02
1.004530869939725818e-01
2.175068452289495857e-01
2.698848693057651627e-01
3.162598648207697316e-01
3.265185573210966918e-01
2.876234664206891445e-01
2.160831838656191994e-01
1.250989152422398165e-01
6.454531437248511860e-02
1.345067522132551707e-01
2.018062660190533542e-01
2.191184321382387279e-01
1.927605878102360004e-01
1.552239602648753380e-01
1.378650739938727943e-01
3.263110445238300850e-01
1.481397662186200170e-01
2.067816569782492397e-01
1.633610495461496892e-01
2.836099701070126655e-01
2.688398817181282818e-01
1.688777917941075291e-01
2.180334442911930071e-01
2.853595424744879705e-01
1.578553609350005493e-01
1.958246367145712041e-01
2.663649076119087300e-01
2.904955546065503547e-01
2.326849985032073131e-01
2.831666106249754455e-01
3.089287996137153325e-01
3.211855268508121419e-01
2.197959028612752330e-01
3.320656652004231324e-01
2.373602515352224163e-01
2.191425336810741142e-01
3.166271440015646088e-01
1.918321675568789020e-01
1.150594975252658414e-01
1.512296343009345012e-01
2.732765632154517399e-01
2.749884530891547052e-01
1.326172573972538848e-01
1.626666710553175965e-01
2.486652719086372698e-01
1.303042446420709100e-01
3.281960126251436960e-01
3.314101940704981542e-01
2.003863016490400883e-01
3.260551624899117873e-01
2.612229906597943740e-01
1.618157883170044387e-01
5.621551400343160337e-02
2.806294707983173486e-01
2.700010125148071261e-01
2.324102950267518952e-01
2.041213451851713601e-01
2.407165991241434488e-01
2.398117033983666047e-01
3.243175570872243729e-01
3.165816303446419844e-01
1.777613226211388620e-01
2.416851548904236924e-01
2.125394384722657792e-01
3.212908025474614515e-01
7.441693356661152614e-02
2.036530304399761238e-01
3.368482153076893248e-01
3.082338837657518926e-01
1.271068624075481768e-01
3.295153219301566461e-01
2.825891398615333894e-01
3.222180160726411113e-01
2.418965331647008055e-01
3.035865129144224017e-01
3.169023666525743743e-01
3.261558063084971648e-01
2.264924329905452782e-01
2.549855832012953849e-01
2.750313208453460390e-01
2.626961898842938847e-01
2.191607126098190361e-01
2.766166068665747435e-01
3.136902953745214218e-01
5.713429858970810876e-02
2.430911437178716605e-01
2.482621929304004993e-01
1.411981977360634022e-01
1.768555062140915457e-01
1.638842646465078490e-01
3.229261442678592053e-01
2.228736145070226993e-01
2.710846221674890200e-01
2.254594512429038133e-01
1.623651654098257069e-01
1.452826748798440593e-01
1.504487202715361627e-01
2.819490625243229465e-01
1.643931916125332404e-01
2.610656184482001430e-01
1.158184280767021873e-01
3.246513974573866368e-01
3.237351402618129925e-01
3.407574746094052531e-01
3.300699417153835080e-01
3.416097696938539263e-01
1.879273819248163946e-01
2.098290835469803772e-01
2.504440515099146669e-01
2.061232076881099329e-01
2.305798715091433859e-01
3.101450438283746003e-01
1.421566209003971848e-01
2.171830551333412129e-01
1.132506636359269236e-01
3.799107234375335984e-02
2.106087348458068609e-01
1.682031693807199135e-01
2.394157591216328762e-01
2.792398002736098950e-01
2.396969059796842938e-01
2.201322158033230114e-01
2.849710199989020643e-01
2.762911156966008086e-01
3.317271655570467326e-01
2.327870495505898196e-01
3.196212248829531921e-01
3.012571670569820781e-01
2.027057407204640449e-01
2.291798036089474910e-01
2.189329720634236864e-01
2.350230680938580896e-01
3.084458167997589650e-01
2.307399677972066243e-01
2.128063005484050474e-01
1.120299249009921588e-01
2.859788780598466196e-01
1.988119281031380525e-01
2.282637975680612830e-01
2.281284296181383675e-01
1.766351410280802003e-01
1.088148098906258632e-01
3.353300385792680749e-01
3.231279722047936120e-01
1.306238024308403189e-01
2.380330973785878823e-01
1.231358614862507889e-01
2.192147132898949191e-01
2.099503059587096987e-01
3.098655035832483251e-01
2.569825001727826796e-01
2.041522202579352796e-01
1.863214437935558632e-01
2.754033089488385766e-01
1.574354172867162283e-01
3.223035088173069607e-01
3.331851074093230558e-01
1.164441323263264161e-01
3.280679610379100275e-01
1.706809328421420857e-01
1.784238908352741293e-01
3.175611069520056229e-01
2.284228457992329153e-01
2.623547554155029049e-01
2.970556210189341795e-01
3.248649299915687960e-01
2.518742018425815798e-01
2.168217837778450008e-01
3.358680256209078396e-01
1.052334774668483852e-01
1.001308993231821848e-01
1.548461812409948624e-01
2.164478973969530262e-01
2.903809402789463978e-01
2.530127609377849085e-01
2.869871554792513546e-01
3.156360927708880548e-01
3.074193155538788580e-01
3.409303349101484581e-01
3.268128509385154201e-01
3.050567312691642718e-01
2.874748783067225810e-01
3.133612103148072925e-01
3.075464836357653109e-01
3.374972121224414368e-01
2.408394537904959276e-01
2.435419049882522058e-01
2.176457314457550807e-01
3.011236261362222888e-01
1.820090961329329515e-01
3.186680987949315202e-01
1.373940520252938668e-01
1.898721801909496187e-01
3.023555712534303219e-01
2.919039698890611989e-01
3.177136706973045510e-01
3.172692042020308079e-01
3.413782278735635334e-01
3.078266355602519155e-01
3.174405781228845091e-01
3.256784808903614437e-01
1.777606218394293669e-01
1.859967120942339625e-01
2.366090671423254632e-01
2.725980388869563287e-01
2.322745693731944616e-01
1.766649038205899136e-01
1.339608684670164362e-01
2.950877028206778108e-01
1.203243158227498832e-01
2.408673387897997120e-01
3.048626655287769438e-01
2.617227251305006552e-01
2.623636912636320706e-01
2.607801417985334269e-01
1.472675155120262425e-01
2.236690344194012803e-01
3.066296254112201303e-01
3.364061504043760475e-01
3.398211941278329040e-01
3.316870538736674812e-01
2.298174638066718123e-01
3.222560720210310148e-01
2.290550726363600742e-01
1.115050313094655965e-01
1.814353453260305338e-01
3.068640692693934691e-01
2.710114699701121621e-01
3.203492481824422589e-01
2.039262594039980003e-01
1.551539505756568682e-01
3.303184710091300325e-01
2.792352492573883516e-01
3.342502316972598142e-01
3.042662634149968515e-01
3.199935161980058118e-01
3.169439488061684962e-01
2.942731764955580087e-01
3.081494444243088049e-01
2.753390734464355449e-01
1.396229968798546051e-01
1.080526060408875805e-01
2.116032676666044221e-01
2.847492183421376777e-01
1.585452714710027522e-01
1.063861086177024240e-01
2.987255232350345957e-01
2.553169622895142821e-01
2.448152935205005487e-01
1.986576620511688873e-01
2.966349728087183113e-01
2.330414518408593372e-01
1.313360701596648084e-01
1.596661871682719114e-01
3.302879310943885316e-01
2.476020546830734193e-01
1.738782587608533603e-01
2.814098378359782271e-01
7.968378445936985521e-02
2.485266556223066914e-01
3.032825447828177423e-01
1.505438206529514655e-01
2.587191107750326236e-01
1.640701119247190976e-01
2.429976985578248261e-01
2.984015700045798414e-01
3.221253463923144933e-01
2.515194846500241055e-01
3.027753964107358087e-01
1.410621435662122725e-01
3.333680415705657651e-01
3.398759353942043537e-01
2.835834812639153601e-01
1.440581271370382221e-01
3.286350121274796976e-01
3.080483513090102599e-01
3.342128748648101610e-01
1.457884301662440707e-01
2.858537692870108393e-01
3.289759994235237350e-01
2.478556106774482126e-01
2.388315034726246067e-01
1.447411908664814340e-01
2.653720718352753360e-01
2.881146868573332687e-01
2.256811148290102653e-01
2.303883017994515781e-01
2.590922519096353072e-01
2.831266069254560480e-01
3.160294844832340910e-01
1.811670518684999620e-01
2.165205805748471601e-01
1.330221082097334251e-01
2.072021960723947065e-01
3.131450785403341319e-01
9.800018250607829551e-02
1.744388556606569773e-01
3.366623893722895944e-01
2.577559613531399396e-01
2.229217787405097517e-01
2.440203246706370288e-01
2.073040138593975346e-01
3.345868564981835380e-01
2.358113078582705913e-01
1.807325361888806048e-01
3.106590461388044622e-01
2.687076329839359623e-01
2.530859165961472645e-01
3.013797279462426260e-01
2.200666053267826272e-01
1.789947036038098127e-01
2.232008601357342026e-01
3.335176693737698650e-01
3.209378756259079757e-01
3.320559333396128077e-01
2.914427233548879115e-01
3.049823406092471226e-02
2.920956922998142469e-01
3.390458400909988623e-01
2.710441881281774879e-01
2.146256505165702599e-01
2.389650959341400871e-01
3.325699787637090843e-01
2.822524739982197883e-01
3.208265935029490645e-01
2.710626088054893801e-01
2.260796757296390791e-01
3.132170539919071350e-01
3.060429497040968450e-01
3.331834681758981676e-01
2.691442767769338662e-01
2.080751062691139908e-01
2.196976259475310889e-01
1.270862736327507403e-01
2.290862549702870343e-01
1.884503872673712610e-01
3.100736727496301026e-01
1.546802878252553637e-01
1.715045622967050210e-01
2.577637137661997757e-01
1.706994770763312352e-01
2.829530509801308491e-01
2.442979552442025304e-01
2.680462429241388111e-01
1.835622662039835540e-01
2.877479957642089525e-01
6.046930262475309209e-02
2.625841944112110582e-01
3.042204316340541004e-01
1.372257752494368543e-01
3.383561322057462295e-01
3.157358714669065147e-01
2.490017453392486257e-01
2.884827739619053588e-01
3.408695896502620948e-01
3.313462443882778108e-01
4.559406618966973385e-02
3.196575448862293278e-01
2.644447863430677281e-01
2.537879463287680548e-01
2.848372812970318968e-01
2.610445789664146421e-01
2.099808071783309249e-01
2.907931244780091462e-01
3.300690887021647812e-01
3.412079457832644103e-01
2.388157715229973777e-01
3.399776506522367847e-01
2.862933433139822625e-01
2.673108979916518635e-01
1.196678048404945516e-01
2.585236759383175431e-01
2.735072149012313103e-01
1.615549521634289110e-01
1.791697731884241140e-01
2.562199898453407787e-01
1.346834295153020444e-01
3.030716206294775117e-01
2.368967951018850493e-01
3.387527898046329144e-01
1.859561135208135096e-01
3.085424100878100817e-01
2.520867660347385630e-01
2.863874129322584450e-01
3.274897184036392739e-01
2.675231707582215734e-01
2.062043138025029254e-01
2.167334771552814621e-01
1.613616049747466363e-01
2.095143191938631522e-01
2.461653337428618415e-01
1.343440333807719711e-01
2.124170692471442912e-01
3.233635472223815865e-01
3.071183718445100186e-01
2.679171302165871960e-01
2.233996294842502672e-01
2.572890274207191297e-01
2.938728014763924423e-01
3.172881300607961474e-01
1.223770425714202498e-01
1.049022976880753938e-01
1.423503437227065793e-01
1.067402378874173080e-01
3.015492306951003121e-01
3.013168966652887137e-01
1.258438323976985573e-01
2.821203990906483439e-01
2.439773511943920670e-01
2.950572864678787655e-01
3.082930098376644446e-01
3.310818685233366532e-01
3.287213475139775798e-01
7.322800898136030967e-02
2.352617733333737804e-01
3.377400338987089357e-01
2.669705186777584505e-01
1.446062920144464969e-01
3.197873378530498023e-01
2.725927190874007366e-01
3.032039425790397091e-01
1.489155964996000669e-01
1.591539137554723315e-01
3.021661888455295930e-01
2.330130395287181022e-01
2.674915063655946001e-01
3.271675789867338757e-01
2.306813345985367081e-01
7.296205246289545754e-02
2.633792759077743240e-01
3.045007815534080953e-01
2.153655030796407521e-01
2.729889746471753087e-01
2.603880300749192300e-01
9.088197416601899448e-02
2.575037921242433470e-01
1.959707492732180589e-01
4.801865808358567883e-02
1.179281586787026548e-01
2.937000449111967226e-01
3.031940520892533741e-01
2.653079472001007022e-01
3.120025827548860708e-01
2.848406322588473705e-01
2.694042481943446088e-01
3.224090484288004710e-01
3.359414889804169801e-01
3.138738000125831373e-01
2.179126368554671900e-01
2.297735091189557211e-01
2.687961424987334036e-01
1.205878657832737261e-01
3.204747825204726785e-01
6.892711510915293383e-02
2.688600936849171452e-01
2.250874420205064008e-01
3.319388133579979638e-01
3.181210669024524540e-01
3.191444523798768751e-01
2.143495054948716949e-01
1.928691280040124301e-01
3.308140260701370461e-01
3.188375590963545836e-01
3.080350733365623817e-01
7.163262964668545840e-02
8.564462844622758309e-02
1.041500760519115526e-01
2.813616236726444453e-01
2.997649395045034471e-01
2.381756650761286398e-01
2.690657433552823274e-01
1.914303750537508508e-01
1.249953708782563511e-01
2.239011779381839540e-01
2.092769900650807424e-01
3.065491808954740049e-01
1.975751601891074793e-01
2.483668196717871146e-01
2.935857586789527574e-01
3.303254841875034598e-01
2.967172983132022046e-01
1.944297385586221671e-01
3.410914369849786243e-01
2.244139708013093981e-01
7.879286054585520060e-02
3.123543987760978302e-01
2.361395161917901886e-01
2.867458427941775301e-01
3.359363138043093833e-01
2.735178501139918783e-01
3.183029770184216400e-01
2.580776079259017863e-01
3.028707410887755969e-01
1.921239851782559904e-01
2.954942866402052171e-01
2.791399331386237304e-01
1.674041701947281968e-01
2.206305246586515723e-01
2.489387279958781007e-01
2.227534327442081685e-01
2.469819746655469161e-01
1.391279347165411684e-01
1.999631882506872904e-01
2.531262409009742420e-01
1.239913891911291755e-01
2.534768803495142664e-01
1.948939198890089763e-01
3.143542549094728855e-01
2.828925250229623600e-01
2.974146634669042610e-01
3.374200978891878644e-01
2.132263494455774178e-01
3.344927192101290192e-01
3.395917541819417074e-01
2.828894560013467396e-01
2.622230807234081085e-01
3.052761741272021490e-01
3.342259791064697838e-01
1.874062917198398293e-01
1.928287319831347713e-01
8.873650107812564025e-02
2.701539680870035376e-01
2.592622460590738309e-01
2.826372922221693784e-01
1.987325004975626086e-01
3.320262651737720394e-01
2.450197327967298944e-01
2.944219175019768264e-01
2.767443660107151149e-01
3.079902613053320803e-01
3.391029698884585053e-01
3.027491338240104746e-01
3.237573654159610625e-01
1.359348220681078356e-01
2.469119785164253789e-01
7.410708743513240437e-02
2.207126898276736970e-01
2.895289731960140611e-01
2.386211498970341738e-01
1.868333226909607847e-01
2.641404350915318999e-01
1.984537686056681016e-01
3.251108342575733667e-01
1.765299833279364849e-01
2.940269874020903784e-01
3.106947904029702112e-01
2.756980963984209665e-01
3.060149420134234410e-01
2.517023684168026021e-01
3.061885794312094733e-01
1.331565062555300216e-01
2.391830990621616748e-01
1.989065544585482403e-01
2.170002530857312317e-01
2.476764064949414645e-01
7.405008712021220185e-02
3.350157824149039842e-01
2.952027137050370342e-01
2.570285675032160655e-01
8.535177103679235378e-02
1.530163495119983286e-01
2.794779453505781830e-01
1.993611089276844661e-01
2.232363478691913039e-01
1.489406240631009626e-01
3.015794316230513972e-01
2.588146380423986259e-01
1.069033151708038004e-01
2.762878069355044763e-01
2.494704537940645450e-01
2.714361145911601825e-01
3.020884359824007603e-01
2.834585049023072845e-01
2.458984258586451865e-01
3.213484348996155093e-01
2.484062341665449758e-01
1.508058388085855572e-01
1.774728786854864460e-01
2.913388006899766958e-01
1.548190147862036070e-01
2.672947789708076116e-01
3.100185106400741852e-01
2.188628571739042739e-01
9.757015825376164075e-02
1.499480167451784640e-01
2.994187903170966725e-01
2.325032311362683068e-01
2.466405213907437721e-01
3.320100334340666537e-01
2.549366520601655806e-01
1.307912828851375830e-01
3.202698284103550064e-01
1.152005115782521877e-01
2.594549127846947356e-01
2.679970700697545949e-01
3.057061557985524258e-01
2.925889582544795586e-01
2.317702884404777008e-01
3.243475915471056292e-01
2.218586641262488557e-01
2.335596723203804403e-01
2.666715337608575598e-01
2.583435855543098625e-01
3.347801419078469953e-01
1.530036492832025086e-01
2.904788789448854991e-01
3.363827503896656412e-01
2.611630970216383130e-01
2.922339513253890964e-01
3.138562545009296878e-01
2.967989188312844528e-01
2.442121562378933575e-01
2.065215531742831123e-01
2.587855548018326846e-01
1.506662632943134850e-01
3.316903809131845904e-01
1.562462959211547153e-01
2.146551320512733729e-01
9.696548347779561372e-02
2.654004994159910313e-01
2.919042807253341976e-01
3.335762959751403800e-01
1.995035895368722778e-01
2.872289153084794933e-01
2.258271928428974284e-01
2.596587328339430845e-01
1.664486882133818513e-01
1.858168399855974762e-01
3.242722658435371885e-01
1.986905234281712562e-01
3.130522483373748277e-01
3.145488196827072036e-01
2.686150957902190828e-01
3.268327165868599726e-01
3.294730566616547174e-01
2.297073377658443161e-01
2.805368279588614788e-01
3.352572231053606577e-01
3.055782445724152807e-01
1.842553224678387391e-01
1.961853308295184728e-01
3.305883908642501257e-01
1.023938000598094977e-01
3.244703804537257263e-01
2.664421873016153963e-01
3.089085326088797379e-01
3.380259599059904918e-01
3.289096470380790116e-01
1.214577207324771119e-01
3.005115181025322380e-01
3.150245828927862313e-01
1.217992021599810515e-01
2.659840422997927223e-01
2.075594157152667318e-01
2.024186485787886070e-01
1.412049965950414321e-01
2.982381202278793220e-01
1.293763178132322500e-01
1.910844752886101394e-01
2.069700167422579562e-01
3.002667628872275341e-01
1.735902988470665043e-01
2.003024523513961819e-01
8.631162761851426946e-02
2.042320840828822648e-01
2.973574621904978010e-01
3.176763817032702275e-01
1.673984513206282221e-01
2.043159158759544625e-01
3.392094670796778622e-01
1.685185040772760323e-01
1.462731491283494334e-01
1.707796049478653988e-01
