6.624399499813791170e-01
2.597825413687613327e-01
7.472315022479704139e-01
7.610156480446171878e-01
3.477399974923732207e-01
8.039680627205071373e-01
5.100274033095212323e-01
8.126598763880557019e-01
5.833998235354974637e-01
6.016785529062826932e-01
4.446900441420837957e-01
6.504878331984892403e-01
7.935913395915117352e-01
3.933544279019166590e-01
7.668699477881600890e-01
6.097119662488913461e-01
7.699973420870582785e-01
6.591209179844662591e-01
7.835799909729626034e-01
7.751326481625668841e-01
4.877351782560681026e-01
4.646373183032893595e-01
5.056598661246005655e-01
6.077741596773214017e-01
7.512287076910850736e-01
7.816257538217625811e-01
7.235878311758441317e-01
7.193656176591420870e-01
6.658051063738186226e-01
7.510457580971675595e-01
7.986172132759079556e-01
7.874262057063607934e-01
4.965119332969347155e-01
7.684119389671810740e-01
6.762846109759503843e-01
6.103338293105512458e-01
7.208918952965812643e-01
5.782071923492312360e-01
5.330701729181954729e-01
6.153906996058073897e-01
8.080050510922700546e-01
6.942225422644487942e-01
7.272135861285239367e-01
6.420693948893456682e-01
4.203436484790750716e-01
1.795788014243586972e-01
7.792585994294833895e-01
6.133655335559617949e-01
5.810580072423927600e-01
4.346431858592905151e-01
6.963069462393731701e-01
6.534289333041962688e-01
7.758451555705810909e-01
6.106678851624411930e-01
4.863862965492556922e-01
7.435608682721488449e-01
7.999633089840929578e-01
7.465846530780130275e-01
6.292524238747952969e-01
6.059291248562825860e-01
6.986392660474612937e-01
7.013228147245997857e-01
7.017773628091743543e-01
5.074333193668236763e-01
6.642242595405379868e-01
5.104771260813720790e-01
6.152631877443492936e-01
8.066750334658510102e-01
2.827776417520984076e-01
7.923637887970422788e-01
4.499452031782185113e-01
7.401694033040382426e-01
6.841717741809864028e-01
7.320374803033973254e-01
8.063211073275324825e-01
4.237410304091050461e-01
7.873113905567111770e-01
6.923272061022071044e-01
5.544428966959428218e-01
5.998875619764836298e-01
6.081209322705286580e-01
2.564692673949936497e-01
6.845624120904031384e-01
6.177710385659995751e-01
6.795150632556716808e-01
7.866404180297538185e-01
7.462427613274738025e-01
5.594126514925182869e-01
3.049350181619717715e-01
2.077513068319400136e-01
7.566795774075806280e-01
6.586353798633156620e-01
7.817333459844506560e-01
6.948209719078844993e-01
7.221743394522426307e-01
6.611405332300823723e-01
6.782295939434562770e-01
7.130557599094846655e-01
6.208414626685624382e-01
7.048046568865110606e-01
6.279324304869240425e-01
5.886266683503597053e-01
7.877751413359183053e-01
5.910490428117215478e-01
6.311078680738675395e-01
7.424966167873507938e-01
6.293594159703493895e-01
6.882191806269566392e-01
7.558975191292143236e-01
7.705418176081494375e-01
7.278816434598439633e-01
3.988675318866313213e-01
6.818081718805305558e-01
7.942980003313152570e-01
5.004170192208339252e-01
6.905948402600026181e-01
6.041195963621469600e-01
7.103959303845749362e-01
7.896219458558415560e-01
6.863947689808392871e-01
7.599579041178260441e-01
6.955542153673333061e-01
4.034417776279999313e-01
7.705184320242794982e-01
7.684187659990661112e-01
6.710265645615755004e-01
6.802558224798134212e-01
6.301677449721233559e-01
7.456419600976856854e-01
7.606763730425852854e-01
6.498911844982659947e-01
8.069747244923600737e-01
6.328221620085440202e-01
5.844363789673865384e-01
5.214502312982455257e-01
4.660095055599416392e-01
5.952353484407040263e-01
7.051476798279999736e-01
2.266056740467839170e-01
7.106237639729913180e-01
6.843747890829903202e-01
8.040242819314250555e-01
7.047147825531463461e-01
7.795120913932498397e-01
3.077638012879966301e-01
6.760675531561233242e-01
2.604063659607617764e-01
5.608435539000052872e-01
7.745764158441210689e-01
6.844795119424733620e-01
7.984929390336693578e-01
5.432269100977960008e-01
7.140310365525207592e-01
7.665089616776733505e-01
7.314813493889682494e-01
4.993852085640181349e-01
7.842509691255802329e-01
6.362922896994744892e-01
6.840769728088553769e-01
7.120423336633072697e-01
7.445145235430060682e-01
5.478931115952174746e-01
6.695871043155587898e-01
7.907864152197939811e-01
5.465481204114825964e-01
6.670623085799163299e-01
7.407911349027312964e-01
6.028134015797246281e-01
5.546701549808857878e-01
5.001579831559653799e-01
6.783888393211996437e-01
3.789359992019493695e-01
7.702461154794627562e-01
6.977876167830352472e-01
2.543465883514072767e-01
6.531880077818759123e-01
5.883968329437183620e-01
7.639718149415303250e-01
4.852879962994460228e-01
5.084556001589756180e-01
6.465684312665417321e-01
5.932804794319991304e-01
4.373288080617522278e-01
7.077493296423684743e-01
3.406272685966826863e-01
7.347652433424147755e-01
5.498840698760700807e-01
7.480852566576973173e-01
5.142716064341218418e-01
5.639585195503725723e-01
1.464692853228270752e-01
3.680796874389175577e-01
6.938846486986465223e-01
6.739019189102212204e-01
2.432763074172237250e-01
4.477791813427070555e-01
1.773912599213550156e-01
8.021492670868815011e-01
7.145860944084316824e-01
7.945891248150466213e-01
7.934834680835503029e-01
7.947353624604953648e-01
7.995359511123775187e-01
6.933795613781469358e-01
4.003221305278861775e-01
4.460670814613174606e-01
6.606616348315386134e-01
7.276230165036642328e-01
6.717275911122964072e-01
6.663938926017307640e-01
6.634756813073109383e-01
8.146820470625333321e-01
5.872080346030268405e-01
3.403427852095475270e-01
7.401126093560134178e-01
1.489868281823674701e-01
7.461933410658668775e-01
5.591596191546640560e-01
4.904779949877999257e-01
7.861011459706481741e-01
4.874683129287931682e-01
7.716846757308089000e-01
6.289548705117395944e-01
4.894079911052762744e-01
7.194682406118010354e-01
5.524565473043124841e-01
7.623302094009528629e-01
4.321370068352174409e-01
7.321024110427389875e-01
7.751819986801243845e-01
4.855831508091613680e-01
8.001614676808773696e-01
7.398089259979029331e-01
7.679267957140242240e-01
4.132107552182283650e-01
8.125385408321095237e-01
7.627705402697614323e-01
7.335579581197279042e-01
7.260658909091837199e-01
3.086054563300618669e-01
7.147084207485160379e-01
7.908933823886696857e-01
6.250137368336566857e-01
7.267255265222899441e-01
1.554291320097735685e-01
7.172138181086212816e-01
7.620798739878706929e-01
7.905528674894222174e-01
7.757208585579463689e-01
5.405255215329451968e-01
5.046331539344716122e-01
7.521271622267862167e-01
6.387768898764559777e-01
7.326392329774767953e-01
8.133485176125038185e-01
6.007978135370994899e-01
6.309289807198749100e-01
7.780523159279635337e-01
7.155961581248038161e-01
5.966927219223887580e-01
7.882219814578639294e-01
8.015391927548550788e-01
4.157086305159001238e-01
7.255406834609023914e-01
6.829476044219787711e-01
6.079463224281732581e-01
5.970020345774541548e-01
7.894794887931486649e-01
2.176406551152074154e-01
3.624914204513274840e-01
6.937775631414404565e-01
7.899222562188363828e-01
7.212762852229039900e-01
6.522817737345959488e-01
7.262531347983186558e-01
5.743045141262242970e-01
6.178881609114207363e-01
6.637569151542657142e-01
6.007549308009840772e-01
7.984969301386793950e-01
5.259039879413884844e-01
7.922152825447645874e-01
1.974845214880523170e-01
6.467296895660524791e-01
5.840536063603896100e-01
5.948750251966457014e-01
5.309908874900987064e-01
4.973583557238746011e-01
5.049879716461936896e-01
7.284706242653883335e-01
4.960948003265780448e-01
3.239612777986202730e-01
6.614016778140885400e-01
7.129495843736916028e-01
6.639754451475674557e-01
4.844174849631059931e-01
5.683049707349432378e-01
7.233992470144495757e-01
3.728901781509992297e-01
7.431873791402424656e-01
5.949607808098559270e-01
4.214487651923288780e-01
8.015420875475200990e-01
7.945868425226584320e-01
6.016195176372983733e-01
6.365030865119744030e-01
2.028370986226458728e-01
1.074634872172594846e-01
7.438637305608928330e-01
7.318133517915378361e-01
7.344577162053509412e-01
7.397965149246579220e-01
5.951411857696101704e-01
7.478127471994839848e-01
5.939856563562873060e-01
7.846364578762937692e-01
6.918336978177759278e-01
7.638961537934049195e-01
7.551597847225236526e-01
3.535944381460220942e-01
2.841110881849641667e-01
7.314071134072718250e-01
3.910042830806533254e-01
7.494419984372439059e-01
7.818412770645258858e-01
6.150296781772790489e-01
6.752485067194078372e-01
7.633040314751644573e-01
7.330034159715470565e-01
6.450122724451374800e-01
7.644358711720927735e-01
5.408281859240131606e-01
4.549757032219927111e-01
7.743659721591563683e-01
8.027204510544179161e-01
7.892053091675298448e-01
8.030678071047723243e-01
7.873292426597519045e-01
6.327884635655437462e-01
3.742998628728930743e-01
7.973099900435509646e-01
7.061801247006452842e-01
5.674584976884839982e-01
6.792944414552476440e-01
7.790003436568272432e-01
5.382446639481341943e-01
7.146946655105839152e-01
5.192414703030941991e-01
7.900243723065448753e-01
6.941355499416610453e-01
7.384473888290383758e-01
5.799032630427545243e-01
8.011923013182534747e-01
8.020049953334802417e-01
6.977707995243981332e-01
9.217432087217110326e-02
7.749240110751602906e-01
7.351720628643877431e-01
7.766527583250008027e-01
7.763957943366646131e-01
7.308885913362658249e-01
7.768752918224037796e-01
6.858188899905063307e-01
7.723406475450803610e-01
5.876626537070763767e-01
5.603663820298441234e-01
7.702618138926505820e-01
7.805101930875443239e-01
6.298393652878799820e-01
5.201810810505421712e-01
7.012290083552024100e-01
7.505232662179716074e-01
5.018129055823272733e-01
2.681304261216035378e-01
4.356157248991230357e-01
7.264341645623324517e-01
4.096521261529059155e-01
7.654396975548484194e-01
7.894234391871332024e-01
2.877072682295881423e-01
6.733647332600347646e-01
3.049753588865724008e-01
5.757018010089212101e-01
6.841335685207523554e-01
7.279807102282812581e-01
5.557135224674455420e-01
4.681274348699911436e-01
4.032397997332892725e-01
5.909144727559395571e-01
7.646157182731951885e-01
6.369360198090266989e-01
4.818409956706654618e-01
7.586109890931825861e-01
4.832909220182054488e-01
6.186191027308052259e-01
6.958198414813874244e-01
4.406373756130492758e-01
5.002384311048442278e-01
6.311621649796343991e-01
5.714341435768107713e-01
7.427640607334932144e-01
7.465295941735731189e-01
8.152936904569997312e-01
7.685805804096665916e-01
5.383352616882997044e-01
4.200804669142921277e-01
7.944081053382925361e-01
6.750539818637563139e-01
7.018500925138423385e-01
4.149239262551506213e-01
5.604462937914718168e-01
6.248674980096748932e-01
3.211646727404491308e-01
2.610665515489460908e-01
6.849558625143297164e-01
5.591832539982946049e-01
5.962397297213541947e-01
2.067329391024516905e-01
1.901862778784650654e-01
2.947632890758388191e-01
2.443691899731516015e-01
4.367909417831366548e-01
7.178160825565388370e-01
6.883236425524226210e-01
6.537874574349005208e-01
7.058049550621380286e-01
6.234084854528534336e-01
7.225738041608239515e-01
2.904719147031867288e-01
2.835507631277051077e-01
6.842525203530411826e-01
6.876482172442384133e-01
4.613637373106179718e-01
6.779320639715847863e-01
8.035081092112215106e-01
3.630028570777480423e-01
5.029931907840949901e-01
7.075332596704368981e-01
7.172873498399261472e-01
8.062083104251730470e-01
7.776276856695185646e-01
6.194545473896272414e-01
6.651236359412068255e-01
6.386409570578901462e-01
2.560756120677893932e-01
7.058627278612528144e-01
7.866639302995519500e-01
7.857395999597902581e-01
6.585949190011980425e-01
7.108398271034443994e-01
2.492449906615941402e-01
1.558712222616864262e-01
5.619726772116430125e-01
1.149376926267395155e-01
7.038381096356290945e-01
3.673915763984882954e-01
7.802058211635741758e-01
7.739507684141211374e-01
6.144366414644453211e-01
7.585948936620184879e-01
6.807466577348650905e-01
8.146334961789594153e-01
5.599655891740519253e-01
7.865436404764639677e-01
7.593894509115844960e-01
5.990001848431774079e-01
3.298069051586517419e-01
5.420978311037502051e-01
5.829288236533409773e-01
7.208418201411046500e-01
5.582052055298264426e-01
3.224954549906252632e-01
5.053146036660778329e-01
7.401845724722402320e-01
5.644388902602516245e-01
5.180896450980685408e-01
7.136153514367370443e-01
7.902920455008489720e-01
6.326887053323938526e-01
6.104700782660588132e-01
3.574910814187445829e-01
7.477583051468575936e-01
7.779202701489823513e-01
7.031827648983420831e-01
7.363178275380470872e-01
4.993721846218355243e-01
1.038782188015609370e-01
4.785807248666135161e-01
6.929999791370987650e-01
7.625021451690423557e-01
7.150694788015128367e-01
6.717087391635659932e-01
6.569972829488414101e-01
7.967424304866566054e-01
5.585796047643976081e-01
7.488992759010879574e-01
5.559285336792922916e-01
4.462695532175600666e-01
5.575907713331189619e-01
5.167698701945308004e-01
5.260763911471519894e-01
3.515070712797622177e-01
4.513938108890439005e-01
5.298215235262879741e-01
3.934811317537722508e-01
8.109774120854235102e-01
1.190097509317743357e-01
6.785159487201236628e-01
5.741431526905939053e-01
5.520836714038055426e-01
6.609952466777647695e-01
7.582517247517156500e-01
6.689548801631985953e-01
7.508006851987907293e-01
7.544924920141881097e-01
6.883488566176094725e-01
7.844689901993949777e-01
7.747458165983628353e-01
6.893952126804795411e-01
6.232891296881583054e-01
7.248070810145196274e-01
5.749568600017603837e-01
8.154085042048913046e-01
7.386362323119262108e-01
8.098837685218336357e-01
4.299998668339721219e-01
4.883128122891082779e-01
1.863319373141232305e-01
1.667142289345049933e-01
5.142267236291877541e-01
7.876496395241147086e-01
7.389351562017933972e-01
6.682254662659518063e-01
4.251283357461990708e-01
7.847931681657602798e-01
8.144763468585201061e-01
4.558848927093742676e-01
8.117687742809576168e-01
7.028864437845186997e-01
7.725869981029179767e-01
6.679718737032092069e-01
6.496015019795011725e-01
6.597939985128780105e-01
8.086531582368117199e-01
7.449653229736511451e-01
7.555332269079126917e-01
7.472048070925947361e-01
4.230331088579911136e-01
7.171928727735288334e-01
7.456774204838805264e-01
5.603707178222682161e-01
7.694938750747213341e-01
4.132578563171320218e-01
7.570664207456154760e-01
6.220135627410644519e-01
5.608208031104061631e-01
7.928192163769014478e-01
3.506343149728742836e-01
6.356295494348435104e-01
8.143371261782683668e-01
8.059471875245486361e-01
6.687442640949678996e-01
5.282719652062054516e-01
5.552909137088033464e-01
6.742359058438468500e-01
4.352431132591161878e-01
6.052164304833058672e-01
5.774631865053116986e-01
5.757405889051704362e-01
6.595638085736976741e-01
2.960321988555665862e-01
5.947716264701796707e-01
7.637362621650792827e-01
7.175565240440197057e-01
5.633953662094165482e-01
8.136524222904635284e-01
5.825197878519290384e-01
4.904632160768812033e-01
5.550113859901726343e-01
7.528971121336185401e-01
5.908130365900607917e-01
6.849120362320545441e-01
7.308646854539783133e-01
7.058615433506666426e-01
7.385018504470516332e-01
7.171952889098880402e-01
5.379797055991996091e-01
7.391911981536669618e-01
7.969684944721477926e-01
8.086269597549083921e-01
6.855843399432451912e-01
2.609929179859818982e-01
5.291014209788503786e-01
7.029985948018154795e-01
7.844889697344846757e-01
7.208330646182560253e-01
7.190112864331387188e-01
2.168701780951941549e-01
7.207095649823346273e-01
4.428604697162326076e-01
4.577159376687970349e-01
7.637017124956295699e-01
7.783257676784582912e-01
7.840942485351618529e-01
5.411932157924193021e-01
3.009912293415515361e-01
8.062460714637014192e-01
8.093945294379949473e-01
6.385747556243481782e-01
3.800832174316887691e-01
7.973734921910572426e-01
5.339151629593600346e-01
6.135150817828377567e-01
7.008134664454782614e-01
4.402725537873573014e-01
5.148575170541678236e-01
7.961801554095203626e-01
7.280110740574432526e-01
6.626562409703513623e-01
7.740462586612377738e-01
7.281730283361237399e-01
4.987849600821461782e-01
7.254979508020465984e-01
6.291772344440291764e-01
6.728040486818943622e-01
3.674287976431929170e-01
6.523018345948103924e-01
2.632755979231771737e-01
6.055281034443867894e-01
7.604148545451541175e-01
2.913633778812195207e-01
6.172877649957250190e-01
7.058200023993097538e-01
7.541791514298457066e-01
6.717977829869425932e-01
2.379064630364181587e-01
5.452399710965414315e-01
8.110711205836651505e-01
7.478675961609398959e-01
2.097103856294042223e-01
7.938559523546744323e-01
7.019301416977592467e-01
7.405695733501822531e-01
8.155299172089306436e-01
7.759412859735543844e-01
7.555189592083961792e-01
5.106554685676389926e-01
4.220993907024285230e-01
6.366907839186195517e-01
7.969365451565998404e-01
6.256296363339891586e-01
4.493881881191703065e-01
7.047984676954005545e-01
6.611457473160299303e-01
6.962919053215065324e-01
7.861777408341894535e-01
6.114057733300221065e-01
7.033360414594204135e-01
3.673021887699585153e-01
5.769815538444762471e-01
6.851849903889863924e-01
6.126775809040984067e-01
7.841181075717114091e-01
7.401043592674734217e-01
5.238613866572957578e-01
7.226897869915557271e-01
8.148482809039128139e-01
4.984372129226162240e-01
6.848663781516977078e-01
2.808036971560219919e-01
2.360801135766582848e-01
6.923537728171559325e-01
4.334662478928016371e-01
7.772737377320063645e-01
6.754495250396219674e-01
2.567241652989375456e-01
2.916558689104726265e-01
3.984244397888215272e-01
7.527869332304237826e-01
6.785106354460979095e-01
6.993792908026531530e-01
4.157018958065344938e-01
7.273663883715257850e-01
3.792966222974782919e-01
3.004033571589881935e-01
7.304656286767170492e-01
6.202982856370240494e-01
2.860846412877802725e-01
5.578406718652432206e-01
6.679846812139426104e-01
3.717483308949531273e-01
6.674929642396427720e-01
7.828743240034816697e-01
7.872211951780394568e-01
6.389001751413057040e-01
4.806759754847532706e-01
3.905657459042999324e-01
6.437491954049722187e-01
5.488188503778496097e-01
5.867284591077021050e-01
5.780165984683285352e-01
8.029090167102349573e-01
8.096790914949352214e-01
8.116803144477000576e-01
4.158531870318962764e-01
7.754427247751883856e-01
6.115445847846323613e-01
2.193017011364280233e-01
8.152167137572221556e-01
8.049825994321099243e-01
7.394081391515101576e-01
6.424741640273612386e-01
7.855315155393816084e-01
5.084376037995009812e-01
6.051868699488095471e-01
7.367260183959657427e-01
7.724058388970156397e-01
4.514488536024217069e-01
7.393685448834069751e-01
7.889415081869187718e-01
3.870399800243343180e-01
4.486238651437550740e-01
6.569565903947836016e-01
7.355600157910229253e-01
5.509473523639873971e-01
7.047509490327831250e-01
4.889256402227667442e-01
6.901545024954713892e-01
2.590501509367308941e-01
3.578893915606360943e-01
5.494403762929871426e-01
3.303788650733789911e-01
7.463273922288027329e-01
7.167972785588463402e-01
6.154781321182197784e-01
6.311868324586034085e-01
7.975325034949650727e-01
7.039281688960279393e-01
7.518537863440989399e-01
3.134609338877572537e-01
7.560292327495929943e-01
8.129724754669608311e-01
6.528287682857185636e-01
6.933713667666245861e-01
3.354297853184411426e-01
6.003387038293086508e-01
7.624720362981478594e-01
6.948046493592503481e-01
5.862007379523961337e-01
5.842105268461735834e-01
7.677358597442741628e-01
7.975486599777609209e-01
7.631483202883712069e-01
8.097969172498968859e-01
5.558209110131671071e-01
7.685595211476440314e-01
4.200059413089663463e-01
7.134952199014068519e-01
5.429599721662285994e-01
4.114517612179299233e-01
3.055469024672943235e-01
6.030613001857483280e-01
7.886500549792633263e-01
7.940586201560462243e-01
3.975259991488930278e-01
6.993229670014549093e-01
6.773410549070595366e-01
6.692296435853000158e-01
7.386355331768266197e-01
4.638332891375480105e-01
5.102773347770727108e-01
5.730508055563311443e-01
7.857254663078721002e-01
2.573169448431828488e-01
6.410078171632667132e-01
8.154136125070988728e-01
7.607190752685455415e-01
4.963066021371655423e-01
6.029128246669057667e-01
3.852950865696498917e-01
3.807719853701532209e-01
5.897158416653047741e-01
7.346157861689381896e-01
5.136291910197108290e-01
5.831871537915707115e-01
7.960585413557983436e-01
6.981287779049359932e-01
8.089268642086853145e-01
6.968145294686878266e-01
6.682271447085700311e-01
6.991941111843672507e-01
1.564567025988240767e-01
1.093377542512700834e-01
7.704642216756625306e-01
7.932826325259243472e-01
8.094773502935560527e-01
6.558322517937644758e-01
5.412258340101917531e-01
8.087136619592769637e-01
4.688826821381332777e-01
7.344616699083089673e-01
7.416020691719397151e-01
7.141786649827542854e-01
6.663000602859894261e-01
7.597735582756516282e-01
6.558364635435544043e-01
3.158594549060825263e-01
5.216170897521824612e-01
6.210971996914004256e-01
6.966785258736891695e-01
5.750094029094708903e-01
5.498136873997221397e-01
7.546751217917172516e-01
3.786799199442337782e-01
5.743455134265618156e-01
6.416519523301339456e-01
4.764222919438008130e-01
7.264477921633292201e-01
2.709517900771589161e-01
6.608145588718065122e-01
3.508457752741829250e-01
4.949194111560428766e-01
7.781402436735531669e-01
7.906059001131857666e-01
4.752033781113095823e-01
7.751392762570163963e-01
7.027137984294541395e-01
4.098284146481532275e-01
6.749647328594930995e-01
6.528283010521314100e-01
7.509273843946219218e-01
7.838203154929606065e-01
6.002236975835378852e-01
5.974391134001106884e-01
7.622174663707096398e-01
5.865189781638895372e-01
7.854214617649135644e-01
6.237256636142411992e-01
6.100942620027527408e-01
3.978175214212552047e-01
6.151708718821083943e-01
7.074810940121384339e-01
3.177285396971137738e-02
1.721132189448954519e-01
6.625929677737144585e-01
6.862646967329639747e-01
6.701799486842600073e-01
6.713382607112901024e-01
4.864752615254704926e-01
6.428717997368109671e-01
5.279097494637718935e-01
7.262991775985966347e-01
6.211647441860099761e-01
5.750255483375636967e-01
6.573812509123446723e-01
6.359380418623349351e-01
6.658668430468928090e-01
6.750452640750402855e-01
8.130944068390509871e-01
7.551280790019994082e-01
5.945006783135223793e-01
2.470398915817151320e-01
2.269821283683372826e-01
7.638679135148307431e-01
6.189350038107568341e-01
6.953536584696605738e-01
6.887727509642521673e-01
6.655895718032563968e-01
8.063602794989553901e-01
5.588754157602620065e-01
4.965124813872133780e-01
7.526301225243199333e-01
5.083280424253179275e-01
7.119145031916953581e-01
1.634662804873155684e-01
7.589681116274984429e-01
4.421638275261303708e-01
4.067517248678048092e-01
6.615673532561131553e-01
5.253275057684937410e-01
5.962896598185423169e-01
4.863467457390029947e-01
6.410114483729517643e-01
6.544609283004025890e-01
6.557616882713573903e-01
6.222723803614397253e-01
5.163772858947947020e-01
7.571633365106049673e-01
6.502071129877404765e-01
7.516686749348994168e-01
4.194680694483768346e-01
6.005495528034858754e-01
7.848125642931087498e-01
6.859226778013001180e-01
7.964862368364798995e-01
3.844208816787156868e-01
8.021921769415422121e-01
3.380350031842326852e-01
6.126699298410248629e-01
5.433249792657036670e-01
7.574538072674987799e-01
6.110907301657857449e-01
4.914795338586682161e-01
8.132848869986076812e-01
7.063717981387452882e-01
6.456843557934290878e-01
6.968754417397662326e-01
2.251729026013957469e-01
5.723924180350339341e-01
4.600421470738793595e-01
3.327965101089146449e-01
7.474534865593722710e-01
5.987583281033664884e-01
6.094723676686825131e-01
6.650009370754516036e-01
7.521736526371322062e-01
7.361617463099858760e-01
5.021624026264341900e-01
4.870668702348461832e-01
8.141226177794989027e-01
5.800398528983277124e-01
8.059041681605718654e-01
7.744032318165332551e-01
1.468914457944615060e-01
5.440031742558393280e-01
6.473689109287714682e-01
7.468077818875189511e-01
6.372396983299820628e-01
5.791120439878489901e-01
3.311660991260858555e-01
6.820359125615811369e-01
8.087569642422096639e-01
6.980673535669222884e-01
5.970642724946307878e-01
6.820994992269060475e-01
7.816758923323547936e-01
6.966780285374345461e-01
6.120948673524968520e-01
8.006587064859068681e-01
6.437214054786422057e-01
3.517272365888104990e-01
6.635837034643554677e-01
7.962537777582392451e-01
2.709542271724286189e-01
7.648771362652728723e-01
3.916366331626986996e-01
5.676527172990788461e-01
6.916239072959882161e-01
6.398535860132561481e-01
5.311353304455364022e-01
4.998371684721857888e-01
6.455901989683262565e-01
2.444530571144354625e-01
6.447379318599415488e-01
6.230916611040580033e-01
7.608287267619519012e-01
7.974903308701536409e-01
6.280701907531471839e-01
7.638681540362801670e-01
6.001173902326030207e-01
5.213274488463720546e-01
7.701229260210427086e-01
2.940824545920539546e-01
5.445690225685765329e-01
7.170397053482344685e-01
6.583977390640852745e-01
6.210283696726319747e-01
4.185095037711328292e-01
7.163659256581189627e-01
6.443355940472040855e-01
7.189179977601253269e-01
8.086950965961674509e-01
4.719706911955083850e-01
7.795519269632121828e-01
8.069555840276724235e-01
6.317736823597909224e-01
7.375465804328469321e-01
7.280199962801923164e-01
5.455211429782853561e-01
7.904312819457240957e-01
4.863785181933181212e-01
4.913551960371775329e-01
7.500879042463594049e-01
7.967376032533882713e-01
5.365278031858116137e-01
4.362707122427887385e-01
7.979666565492679053e-01
8.087157059628908851e-01
5.511837474865380893e-01
7.767438124503616148e-01
7.548168921023625799e-01
5.433119165399606931e-01
7.574013287309986353e-01
6.553466515987639296e-01
7.249450155997262391e-01
6.594887638500431803e-01
5.897385016118245060e-01
5.253658655282730239e-01
4.926920746474769408e-01
7.503267472919301628e-01
