6.959162205605709832e-04
7.294168316468867567e-04
1.045499068585809856e-03
1.479808977412234256e-03
1.121975109023435344e-03
6.781621268203220964e-04
8.814725181449412387e-04
1.305031963982822502e-03
9.819510727061173897e-04
9.205611542748591341e-04
1.193114114268254908e-03
8.715645673383223910e-04
9.754785736998849077e-04
8.355379137910546716e-04
6.332877563261901091e-04
1.100213812490721680e-03
8.542530583700520862e-04
7.946207263057574041e-04
9.139571071043021706e-04
9.007804848655046309e-04
5.842874120089622779e-04
1.950362864318815493e-03
1.372320690577078168e-03
7.249477185943501312e-04
7.135426777114760831e-04
1.144721032157944296e-03
9.231078139332813933e-04
9.771343598660459789e-04
7.506288619337602970e-04
1.754183590006574501e-03
1.667513983259035631e-03
1.160091607687451388e-03
8.620047465824465628e-04
1.052275005138031795e-03
1.292030239077083002e-03
9.780487799593874654e-04
1.680724168533717124e-03
8.117820334674183316e-04
7.037990065859063690e-04
1.370967494794294575e-03
1.134796982875134561e-03
1.422639579667672868e-03
7.402144714571638881e-04
1.608169527695265744e-03
1.382737342147769303e-03
2.420176153989220258e-03
6.845048356554640475e-04
1.162855122624888941e-03
8.874670120135695747e-04
1.225759168068458549e-03
1.710372971536928965e-03
6.388318078900792401e-04
1.884138245990257072e-03
1.239794006295354438e-03
6.751072087846201122e-04
6.885633319298005948e-04
8.764787995132254607e-04
6.959149033088110571e-04
5.851894483287693564e-04
1.377279730176273311e-03
8.690744726300075667e-04
1.054712371304178126e-03
7.498272760425763860e-04
7.845364827925551321e-04
6.890011302523172450e-04
1.604672601552705998e-03
8.668992770647470899e-04
6.638312399033576309e-04
1.044628873833593078e-03
6.683292124836158303e-04
9.819781675893671843e-04
5.846928571276322623e-04
1.000768272246656395e-03
6.843035612956589698e-04
1.934535770334067399e-03
7.827379816681577160e-04
9.936128117177265087e-04
8.990062869433625625e-04
1.444914335798316938e-03
1.371907623534814177e-03
7.198000779853937908e-04
1.344728169902287230e-03
8.450111428622662920e-04
2.056807075125628714e-03
1.924384468060187084e-03
1.081065490973287611e-03
1.621350802417090807e-03
6.253996436187121526e-04
9.616735286423004191e-04
1.134455196707327218e-03
1.141811341126383822e-03
9.828237283714381066e-04
6.117270029198578840e-04
1.493282085569701354e-03
8.725891836614380580e-04
8.738186967804071909e-04
7.986280248383331162e-04
7.949676061872422688e-04
1.113007963689444275e-03
8.255051122758992220e-04
6.094256972981495872e-04
8.713562685156294330e-04
3.667358394746473692e-03
8.596268335379041170e-04
1.714566443866560310e-03
7.163166218243751304e-04
7.309604696206646298e-04
1.993866841370908662e-03
1.483615908966559333e-03
8.310474701363494612e-04
2.906140244883765808e-03
7.972624471930731243e-04
1.129651199858958122e-03
7.486102387647895458e-04
8.039561627328519183e-04
8.123576777810346270e-04
1.497368896142488347e-03
1.225249136849464572e-03
6.626405699643263172e-04
1.080392075510352209e-03
1.112335298352126745e-03
1.066065595086437313e-03
1.095617972402208352e-03
1.078808958257018768e-03
7.769923189228395300e-04
1.190806149682948093e-03
7.895607898961726906e-04
8.841609147441320494e-04
8.308518517444323263e-04
2.797260828919479695e-03
1.464479698349964529e-03
1.224864091909320636e-03
1.120905523087498828e-03
1.030929210338840402e-03
5.871302517003798831e-04
1.019491659997994164e-03
1.527169943822335053e-03
7.995067653340154129e-04
8.600654643104458036e-04
1.314022200782110099e-03
8.073894208408065841e-04
5.961125634237161982e-04
8.435183155488499857e-04
1.675889229698430049e-03
9.750127163784162590e-04
1.352451492635191495e-03
7.955796182980252266e-04
6.990939459813747458e-04
1.192958340620556973e-03
1.138437325223912210e-03
8.344976820517393222e-04
6.836980868378870861e-04
6.475705677584133986e-04
1.139899655039585064e-03
2.027636549611991964e-03
8.990449888409995276e-04
6.382267741676787322e-04
9.601330353683504510e-04
6.801427688098131289e-04
7.977786985893009540e-04
2.049702389924102589e-03
8.814683714006087785e-04
6.741541206604293986e-04
9.793732176154833213e-04
9.818499814768261603e-04
8.830862730047684718e-04
7.081220347451007251e-04
8.593988540578832670e-04
8.177965833665781087e-04
1.217622135370476999e-03
6.170111304961501189e-04
9.576257902457123265e-04
1.069574694138330584e-03
9.164518768387539330e-04
1.277152254282171639e-03
9.334826690860338833e-04
9.965161069777793076e-04
8.603321705705315511e-04
1.376774998867083544e-03
1.203778643090607425e-03
6.443841298410893934e-04
7.513881359537650335e-04
7.308336521348628894e-04
7.395473069542554288e-04
7.795024555833416193e-04
1.134091625911580210e-03
7.636175014187623769e-04
1.231612494875415154e-03
8.286968172649279013e-04
1.422653216243612495e-03
1.371660297455808055e-03
1.196674944488207047e-03
7.119631702573463346e-04
9.417288736706711481e-04
1.396655985756055244e-03
1.165167477892204047e-03
1.243818491741396567e-03
6.587308960380142435e-04
1.110249333474511678e-03
1.738053174427670045e-03
8.928666141419193663e-04
6.387305033437619666e-04
1.621553728582663789e-03
7.316538558351329833e-04
1.090333098174943406e-03
5.753917697334523995e-04
9.357073975839266420e-04
1.158341371202974406e-03
9.867058456881434760e-04
6.385646969692721116e-04
1.605099828430198161e-03
9.131850915612532140e-04
8.578847589838220272e-04
1.390313697405907772e-03
1.021631715604708361e-03
1.016627789396980707e-03
1.523943451779603570e-03
6.012217246350538748e-04
7.474928730058101036e-04
7.735252924967712202e-04
9.533449233407369433e-04
8.402724465338533852e-04
7.213846576006071503e-04
1.092411410145411503e-03
1.835856854087227017e-03
1.543289629224520133e-03
1.314890170437683047e-03
8.991603838632739347e-04
1.709612841422388689e-03
1.037488432399095951e-03
1.303435194158252550e-03
9.291645724969273702e-04
1.099773291678822441e-03
7.868339902168277169e-04
9.545952241358420789e-04
6.250476755257605406e-04
6.512902328030068053e-04
7.137186719530061625e-04
7.074861861870773748e-04
1.111549072745594141e-03
7.276492479861109471e-04
9.164849279089398596e-04
1.251401336253349242e-03
5.976025731445136491e-04
9.628265773564532960e-04
1.025777315987555635e-03
8.735617268747538754e-04
8.205188095551585936e-04
1.682613177921602919e-03
1.664418621473795143e-03
6.774794076070799614e-04
7.229265573513412235e-04
9.187367918829193389e-04
1.013041093173243107e-03
1.435773431469677692e-03
9.081350537165486974e-04
1.278513406761308882e-03
6.348854193642128069e-04
9.062968410683700177e-04
6.918351678065515513e-04
1.142523785940477519e-03
1.228284772153112559e-03
6.699415092684655754e-04
1.105984355663513358e-03
1.493558890640968610e-03
2.290707597994680583e-03
6.669415554020745882e-04
8.878616448565212517e-04
9.565411783405585637e-04
1.286339329438408036e-03
6.034748254041864086e-04
8.966826385813940264e-04
7.956871898581789832e-04
1.329386439551091380e-03
9.432540976888725403e-04
1.164719272938106618e-03
1.039756957116254278e-03
8.481031512184144259e-04
8.309758453853553252e-04
7.540401988393328949e-04
9.801820574909313015e-04
9.697297653284201163e-04
8.984285496970353382e-04
8.419227561906488834e-04
1.050698454993157166e-03
8.707567201528646243e-04
1.015239579450882270e-03
7.842590407836638137e-04
7.453461292143217804e-04
1.144861418297107945e-03
1.114230593293976789e-03
1.166960463798381951e-03
8.800292844102121240e-04
8.828294913184944748e-04
1.207731031146069530e-03
8.128519507479590534e-04
7.702857050104328475e-04
6.377214835909841536e-04
6.751930403795736385e-04
6.621025403596154761e-04
6.309228104951436706e-04
7.273437199144710055e-04
1.728370282061434228e-03
7.172744886948237072e-04
1.239867450384500927e-03
9.367636958554654419e-04
7.831519344568767292e-04
9.559376533603453378e-04
1.249007089551524728e-03
1.231927353640873812e-03
1.026733032921805198e-03
6.063603966349028884e-04
8.166828236895060317e-04
1.171944064838078333e-03
8.004913456892329528e-04
7.251779349185699967e-04
9.369234301080135371e-04
6.745317374968097393e-04
6.069128395897824962e-04
1.463862398108139139e-03
9.761910303139095368e-04
7.056328983980114569e-04
9.750000870671830626e-04
7.722303029518534341e-04
1.095426065822107569e-03
5.961971362253337724e-04
9.957563496680603334e-04
1.001133825133193080e-03
1.574480968325881781e-03
7.823535333870505195e-04
7.855962087253649589e-04
8.287973204351113199e-04
1.092874824736869265e-03
1.062251875333271312e-03
8.997732122440545589e-04
6.565153998088331605e-04
6.476890961178568499e-04
1.148351682003005431e-03
1.217481264970591117e-03
6.774903122457874875e-04
9.544676878076039164e-04
1.381090985037869596e-03
7.765067599696047658e-04
1.382567327075008047e-03
8.734378428824125405e-04
1.232483142016906844e-03
8.859024284111375550e-04
1.179953199348136601e-03
6.230083398474332715e-04
8.177607605061076911e-04
7.906634692379107231e-04
9.698062438610974712e-04
8.289739539210819836e-04
1.039577790632447395e-03
8.814782643929492583e-04
8.135858815166068046e-04
1.061667874781632411e-03
7.129812570338363905e-04
1.580455421402981661e-03
9.125716513345680280e-04
8.629079658079196391e-04
7.959551379711994525e-04
1.026923521573394832e-03
1.043955077611311531e-03
6.175699506897184589e-04
1.123986434261959938e-03
1.628549605850974176e-03
7.403302259455747311e-04
7.223157614198907461e-04
1.016729296209696381e-03
9.327216795787247449e-04
8.453994759478042137e-04
8.993388812774421497e-04
1.748750951877968245e-03
2.657453650972130526e-03
7.082878349151077975e-04
9.074866926670742970e-04
7.877995162647322960e-04
1.280883664619750966e-03
7.049450762099639112e-04
6.918352566113019969e-04
1.074638665265456811e-03
7.811311982045968452e-04
8.215274436222635545e-04
6.918320430425673124e-04
2.097737280877132442e-03
8.262557305820000851e-04
7.028399276904583309e-04
7.411446952012248250e-04
1.183422751399084609e-03
9.335368307207031653e-04
1.023662168959399042e-03
9.652320210529058420e-04
1.114979824896218706e-03
1.048685071611335723e-03
9.812665678886681175e-04
7.975261021074073892e-04
1.004203240811461654e-03
1.053940360752377795e-03
9.379886985892342630e-04
9.311141598153702776e-04
2.528832724777992352e-03
6.402631606123105256e-04
9.959875242932882990e-04
8.473923472292601905e-04
9.856179084306729635e-04
1.226301126529635464e-03
7.390717347707957468e-04
8.664811760133061440e-04
9.071387757385680414e-04
6.508714087996444412e-04
1.503096721123652318e-03
7.589986093150785217e-04
5.729755908630275408e-04
6.560171551956955460e-04
8.596664393479876024e-04
6.195781108888374694e-04
2.040023296918363344e-03
9.525334885704028667e-04
6.616664392691703990e-04
1.297753845995746128e-03
6.450417281454677012e-04
6.056736024581501395e-04
1.371665560279004391e-03
6.586510046774891967e-04
6.309536100494300952e-04
7.529953648886803701e-04
9.218056231740831248e-04
1.063001978313041739e-03
7.033464008151380084e-04
1.348370997123134055e-03
7.211047996741542327e-04
8.548692731869665011e-04
6.585100092068929068e-04
1.411934191614982233e-03
1.572027170623220994e-03
8.250623893613499068e-04
9.984196519719887222e-04
8.967582229603089563e-04
9.640692164121435377e-04
6.748456124118589437e-04
8.922950173965333047e-04
7.965112611976706610e-04
1.268429471095408731e-03
9.454851868168522759e-04
1.225405285387802523e-03
9.051670408320205063e-04
1.374312346142240017e-03
6.885747985082731320e-04
6.357992006503339561e-04
1.038172125874017122e-03
1.279490326207050402e-03
1.042092992334103449e-03
1.736205494623445714e-03
9.155961345960498751e-04
9.249641634942812806e-04
1.015524360139855075e-03
7.778971198080166394e-04
7.885803830437257411e-04
7.351816515134365236e-04
9.519106745672329490e-04
1.126734698881324019e-03
6.306193350361061862e-04
7.708750802064544012e-04
7.004143180292863972e-04
8.786548782690795133e-04
1.062395154247130092e-03
7.284392810069380926e-04
6.285078257944425300e-04
9.497217823978979304e-04
1.002708511726281082e-03
9.839162944918547742e-04
6.818876168535979851e-04
8.213024204585828722e-04
6.604324311497250478e-04
9.719481829481011522e-04
1.044957775253827935e-03
1.241450792520017556e-03
1.443104985897162478e-03
8.258450610855166008e-04
1.562452667600734441e-03
8.404919810494214556e-04
5.713065219641709361e-04
9.529555801912256967e-04
6.972859352535692133e-04
6.495414930632833518e-04
1.038577135752120646e-03
1.025327005565817044e-03
1.078654844034455679e-03
9.405148133307624815e-04
6.777225495451738666e-04
1.217784162176281703e-03
9.836075341922143923e-04
7.918821673509830522e-04
1.064798853698322150e-03
1.407816204281646388e-03
1.666344893784692900e-03
1.156784959492541953e-03
6.543701553032067481e-04
6.155220232414892112e-04
7.749283941418831168e-04
1.276537771841074025e-03
1.409506514250819919e-03
8.094950983243609424e-04
1.518941122738357670e-03
1.590619103542974906e-03
1.432005477053213422e-03
1.318503714104273059e-03
6.429346613377408173e-04
8.599589484357279259e-04
9.397399912389407372e-04
7.051598523027800174e-04
1.008210890282707417e-03
1.493001702605566486e-03
7.183196673052697758e-04
8.776430932359594256e-04
8.260513296282539011e-04
8.814900482166787695e-04
6.423512258730524564e-04
9.057200668483230419e-04
9.672841190178899486e-04
1.306261293197868295e-03
5.974300075528877086e-04
8.382274235891322856e-04
7.627244072134012343e-04
6.876247828439091244e-04
9.262185851626120788e-04
7.337562033920662233e-04
6.721698207801047112e-04
7.597975614178562043e-04
1.720253367464120260e-03
7.102604805305749594e-04
1.669709448826837582e-03
9.559628333091742475e-04
2.731589244147698131e-03
1.574043332112167641e-03
1.179438088270013361e-03
8.522151638112629738e-04
6.870060136834663491e-04
8.344669153579176808e-04
1.028881866749805545e-03
6.934909935006197202e-04
9.887683372554359300e-04
1.363404984318593782e-03
9.292146461756243311e-04
6.395065261796790100e-04
6.259959210418653474e-04
1.524348444195341989e-03
1.423626896295267490e-03
1.754892864331826898e-03
9.117228995615614265e-04
1.050878403234767723e-03
7.571172472184605146e-04
1.251615326637486132e-03
6.773471837476143648e-04
8.291371601599574264e-04
8.798230344279889519e-04
8.162103134556492881e-04
8.078930738566851566e-04
1.042668410351459693e-03
8.167056730448043859e-04
9.263432497862304814e-04
7.671433485491834089e-04
7.575867239573476093e-04
8.682399107309935827e-04
9.511194203984152428e-04
1.070673626840404086e-03
9.544046986556729796e-04
9.294736865917814722e-04
6.632876033964012381e-04
9.112730773406835412e-04
9.341006443648924894e-04
1.515533126552638058e-03
6.348795872300436486e-04
8.429460382593975112e-04
1.009354069276891582e-03
7.410641270989268064e-04
9.486553091129530787e-04
1.227347060019267711e-03
6.584375713120773970e-04
9.437197783060407999e-04
8.734607932923438723e-04
9.008831500968182216e-04
8.230886995320534083e-04
7.718243302762516078e-04
1.132893188518714145e-03
9.974138801250767138e-04
1.454922772190737771e-03
3.584149438572365072e-03
9.917593349164574579e-04
8.841374352552931878e-04
7.661150648148657609e-04
7.380533829853954753e-04
7.552159249501091791e-04
1.017882912586612733e-03
6.256104940937290068e-04
9.032566394511328456e-04
6.279052484929263222e-04
1.016764247183010251e-03
1.803682614118568527e-03
1.363826078218130598e-03
1.050005174564020913e-03
1.163810259986183121e-03
7.059677964495317043e-04
1.362275752871373565e-03
8.829061250338450734e-04
7.531248916250796307e-04
1.018416808593604903e-03
8.363961408138559026e-04
6.375353347191700789e-04
1.121677043453971501e-03
8.301933773401731168e-04
8.574422036068323838e-04
9.835156157913158524e-04
2.016080621530407391e-03
9.054359640488972511e-04
7.355107332775100929e-04
7.446284470940939520e-04
6.770607349705764231e-04
7.066114945186418575e-04
8.519529732309884251e-04
7.403246033455431179e-04
7.395377720070077637e-04
7.206373578639286952e-04
7.271046846028879525e-04
8.985645713429816312e-04
1.061377349009517534e-03
8.217973274068500911e-04
7.238917921995055918e-04
1.379850908104732861e-03
7.903002392667260803e-04
1.079360908841729000e-03
1.171079735135781242e-03
5.707135284212967730e-04
1.740331233873603552e-03
8.058918855539417940e-04
1.392460818517110522e-03
1.119888875597099690e-03
8.220144207246088321e-04
1.416226821160166804e-03
1.425501996626394067e-03
8.475265296885713551e-04
9.185781995462801884e-04
9.656807714140887592e-04
6.005393932725261756e-04
1.080838072826520403e-03
8.779910415853344093e-04
1.409377743162714596e-03
1.094542085829772107e-03
6.894611329435242899e-04
6.329516481277818905e-04
9.345906751344439101e-04
1.036612453182367407e-03
7.153139015736218300e-04
1.130564628730435905e-03
1.323442666677356744e-03
7.839303189711581453e-04
1.194568338232695126e-03
7.161008456354385227e-04
5.876325630143241141e-04
1.349713892263737719e-03
8.989736982693592856e-04
8.348531884121462203e-04
7.224697491529214442e-04
8.413309609619136096e-04
1.892716029645780422e-03
7.164966162756625061e-04
5.955757321360660630e-04
1.169203900634525678e-03
1.768159945992598325e-03
9.254485701730022842e-04
8.905157624655659796e-04
1.436032190737395776e-03
8.034461730839873332e-04
9.826219933024547565e-04
1.145013082617220420e-03
6.987125548703020366e-04
1.154798725817988893e-03
1.340567089704782205e-03
9.367052650185992129e-04
8.119151621284075634e-04
8.376612851032736329e-04
1.012649563058349526e-03
1.173443224419759394e-03
1.161322107284899719e-03
7.887734607048846065e-04
5.936796170380060364e-04
9.550544227136262493e-04
1.180415235158285185e-03
1.645982045018407882e-03
8.019605631535909251e-04
1.033212444481714821e-03
1.046728486419640702e-03
7.662505389318286387e-04
6.579817111401695118e-04
1.382816633718122502e-03
6.993090506976120790e-04
1.105276915846587675e-03
9.443036147021050420e-04
8.313265549341099106e-04
9.895973801099145102e-04
7.929442380654349492e-04
1.207073405484746387e-03
7.877064282087335506e-04
5.974906440203742479e-04
7.565835541931351929e-04
8.270620456312256221e-04
5.925633955204431640e-04
1.197926626122516663e-03
6.073647482903233620e-04
1.203154726141919713e-03
9.498807555962661712e-04
1.315926536241179747e-03
7.611228004124855669e-04
9.112144376917263216e-04
6.625844760283019792e-04
8.183222378498550623e-04
6.342799227037880126e-04
1.020577924586753456e-03
1.401902477210596135e-03
9.483874195701031328e-04
7.795061250720315216e-04
1.130192919285551243e-03
7.735958930130343650e-04
7.416117799829074564e-04
9.018051975562891339e-04
7.194529084520849159e-04
1.264134487035474975e-03
8.513973093905641059e-04
1.341169760445056662e-03
1.124340266054781653e-03
8.426018455387169559e-04
8.619228822711235555e-04
1.307682778451794243e-03
7.692412539199465276e-04
7.090937690327909484e-04
8.762498906808380630e-04
1.137642389054860283e-03
9.032526878660231519e-04
6.659345005871556821e-04
8.886289863632426331e-04
9.924696703784725155e-04
1.293255743224274541e-03
1.059681174422309963e-03
8.557631237912076980e-04
1.709155866191372714e-03
9.313721002048626092e-04
6.226118036397396268e-04
1.280136048804226580e-03
1.055809860754361017e-03
8.224793977708088960e-04
1.115039800922960509e-03
1.045451675585077440e-03
1.127437694847186530e-03
7.190359241991347867e-04
1.026876174683335856e-03
8.719583484575559301e-04
6.330703862567954371e-04
1.259779771038294126e-03
8.283588189775277890e-04
1.478594116458352469e-03
1.042164269798219944e-03
1.377088547259547628e-03
8.500702715449517510e-04
1.297866424147981011e-03
7.572620815803911797e-04
8.589549637031601223e-04
8.466746521713235151e-04
9.401724568678550406e-04
6.559501682741445978e-04
1.909491915214657888e-03
1.198040587574893947e-03
6.922514484448484854e-04
1.287653974034788521e-03
1.152351604729645726e-03
1.152636092216987587e-03
1.015278501055324285e-03
6.085729395578264381e-04
7.246794481340153478e-04
7.518644863378627597e-04
1.167588196660766450e-03
8.003512657955417532e-04
8.516153880762450867e-04
8.859369543398454673e-04
1.329962222254064616e-03
5.809351952399842076e-04
8.107427096081702223e-04
1.118980120252842294e-03
1.149644835360242147e-03
6.352330498606180431e-04
1.073161901774070557e-03
9.957864635933475449e-04
1.794484720767705122e-03
7.925145185548950096e-04
1.157435278912617455e-03
8.534902908017154332e-04
7.473754844147714174e-04
8.798652403562068000e-04
9.500166057100859623e-04
1.367898556866145197e-03
1.427055603095285941e-03
7.226443393158687393e-04
1.423701966505832054e-03
7.525544302344765223e-04
1.287924751865269666e-03
8.090244907404395888e-04
1.201223598497558331e-03
8.120823430466570479e-04
6.298076620459554069e-04
1.059927166505369393e-03
7.574177964129464712e-04
1.151796355334210476e-03
7.561104240157430316e-04
1.054576930766905601e-03
8.073324530780391856e-04
8.035942017663706780e-04
1.104185230598232282e-03
6.771885949421626010e-04
1.023899779254883700e-03
6.224225144893322931e-04
1.022854964303936956e-03
1.057970176274708029e-03
8.818275881574056578e-04
7.997601739618588612e-04
7.014151397689901563e-04
7.861145649693348537e-04
5.971654315525579907e-04
1.763860435146167704e-03
6.539413512995275596e-04
6.104016169778478254e-04
1.355460208240335954e-03
8.432936059333151924e-04
9.456650616213195309e-04
5.920343837465558709e-04
8.337534848659656399e-04
1.020874614583461987e-03
1.303352815268350035e-03
9.486914983588746629e-04
8.675771820644982615e-04
7.224541194982405995e-04
9.895578846968373400e-04
5.909967371842228361e-04
1.075307874085327945e-03
1.063868193375645073e-03
7.539413205000980835e-04
8.475389303720425385e-04
9.332185059147817289e-04
7.808318027629987130e-04
8.944220885927531110e-04
5.904817361200071944e-04
7.033061535626775529e-04
1.439404428964273204e-03
7.418170733136679375e-04
1.236083493460051266e-03
1.523258047166336148e-03
1.050953572817137777e-03
1.061553687155783248e-03
7.281800623237826746e-04
8.403654041535449761e-04
7.410767938379086203e-04
1.826573642384274635e-03
1.036355262261871163e-03
1.233523423211182069e-03
1.337948720417014934e-03
9.423755022028952252e-04
1.295264655515895869e-03
7.702522951799981987e-04
1.079454237980719856e-03
2.877004552656891884e-03
6.065516106831611446e-04
1.456706020686881565e-03
7.249966890712519849e-04
7.147298684256323973e-04
9.861419273379753471e-04
1.471988399997994825e-03
1.541363710280935868e-03
1.131892363622531185e-03
1.330197845097423441e-03
1.738933845222474491e-03
5.978743556852995477e-04
6.218728984942929489e-04
6.528481779921350633e-04
1.243887980410032616e-03
6.599857652879593910e-04
1.194777848441965504e-03
7.208680542082990337e-04
9.166799745648876625e-04
1.319847973817211409e-03
1.560348661205019369e-03
1.059288480423171107e-03
9.545950830485762937e-04
2.243083828804363130e-03
7.474059657416635364e-04
8.483569791265889231e-04
2.113757547782254415e-03
9.350340818222611580e-04
6.487159543540553215e-04
7.876461574494053207e-04
1.042064347154836226e-03
8.858924559671997557e-04
6.842016434548372139e-04
7.619367737825412466e-04
6.598256863778762535e-04
7.336442613324345181e-04
8.684187502269807239e-04
2.234568011574652405e-03
6.382386458173886726e-04
1.126858878345663242e-03
6.919229204438948023e-04
8.903520788060702469e-04
1.129182849297400044e-03
9.207693781888097971e-04
1.009457580514923087e-03
7.397519910949803624e-04
9.880191034056478964e-04
6.436457961820934342e-04
7.152209179827035508e-04
9.327002602238488281e-04
1.199865634743141774e-03
6.459960290613912326e-04
8.123314159922451119e-04
6.630894688953967468e-04
1.227683169921649046e-03
9.035630423274610031e-04
9.722893841414996302e-04
8.914280645589248197e-04
6.895025015356451943e-04
6.862347682131325144e-04
9.086778600321993070e-04
9.898926595309687129e-04
7.765160039044451167e-04
1.000101906005701870e-03
1.942379628850438673e-03
7.646768215247300203e-04
1.320245690631217201e-03
7.588553244906629750e-04
6.524967145678855704e-04
8.402249180636052646e-04
1.379950436034714208e-03
7.906657146582321896e-04
1.088454090272061078e-03
8.834294537074859977e-04
1.171000203755920939e-03
8.811184361774486136e-04
1.262172052439650268e-03
9.334142526707663945e-04
1.018683693035265072e-03
8.855189557570232895e-04
6.190489165634467487e-04
9.615707750746754724e-04
7.374539903135365806e-04
6.784283031321238031e-04
5.875284566254732489e-04
8.430785530067773413e-04
9.860608238984910727e-04
9.180215042132430824e-04
1.113738180732057759e-03
9.239689096077008477e-04
8.642094978273980174e-04
6.774127781813218561e-04
8.993742539384065289e-04
6.876229171664100231e-04
1.211299223513950720e-03
6.881665137250534206e-04
9.412391241906825504e-04
9.022309647835586666e-04
6.823464246081542084e-04
1.004891757800485284e-03
1.540563587755732541e-03
1.179648028631086155e-03
9.278145033511563328e-04
1.006947074251001405e-03
1.035829843904325807e-03
7.632136596491775112e-04
8.140107306958592817e-04
1.007057861262610496e-03
9.972429359294591143e-04
1.128536002406183621e-03
7.852910320586767041e-04
1.342916467298279921e-03
1.418560627084284589e-03
8.883857671367192737e-04
9.366263609446101113e-04
1.299145211471560346e-03
8.077861005334583018e-04
1.042456533985248795e-03
8.321665778812994138e-04
9.294811478654023363e-04
7.703618561026747595e-04
1.250243584584869068e-03
1.197028830313105752e-03
8.383878778292608953e-04
1.302938034563587031e-03
7.981918735957085377e-04
7.288933179048286441e-04
9.997509356598980722e-04
6.189852311767213853e-04
1.166228184792117862e-03
7.136718042013446553e-04
6.299789925807949050e-04
