5.606368584247600848e-04
6.025796211208496369e-04
8.742793390474795949e-04
6.158562654987121202e-04
8.060851047344893151e-04
1.549491885821856901e-03
1.057873831441488981e-03
5.886523687086936234e-04
9.021441113081110717e-04
9.870009569381802024e-04
1.187741407897559233e-03
5.411062449594564389e-04
1.113782984100070757e-03
8.661539562433327125e-04
7.327281579050966406e-04
1.392053446571880904e-03
6.928319912268140427e-04
6.868375270445580992e-04
7.764407651840376460e-04
8.148370424511584787e-04
1.402930712890066572e-03
6.849243277847351765e-04
7.311172539574262554e-04
7.909165786624144413e-04
5.947534382337702928e-04
5.433520622392894444e-04
9.100763512854820455e-04
7.574654339433734484e-04
6.486716574344478887e-04
6.454826156780631759e-04
1.028125470435215481e-03
1.236510063304661986e-03
8.613023855280425292e-04
1.156401694911088135e-03
1.225412052494018406e-03
1.898273011371304740e-03
1.607872205195141901e-03
8.165328332099848615e-04
6.569447097590211046e-04
7.946176932454204452e-04
9.380509669177142500e-04
1.153901887894133362e-03
5.486496297455492306e-04
9.571331414794652815e-04
5.808498862641251663e-04
5.460121234160257879e-04
9.900451787495767163e-04
5.411455970649298695e-04
4.118520428227856467e-03
9.173894527944305389e-04
7.345867312787946433e-04
6.695943269344525189e-04
7.030607912946121177e-04
1.660958456583591170e-03
9.826966064246283120e-04
1.117393424563817425e-03
9.076782799728547744e-04
6.626938111281540159e-04
3.356111159653895303e-03
1.066478314372500515e-03
8.484202408280302728e-04
7.111409698983234100e-04
5.830602814755091786e-04
1.337128423376712739e-03
9.167076159626871097e-04
1.123969668332781748e-03
7.239817715380178877e-04
1.014223399436209013e-03
6.874394391480545931e-04
5.851838810034019293e-04
1.549498091777926686e-03
5.198385024027625187e-04
7.614487652644468278e-04
1.758538797694691796e-03
6.713434973129554914e-04
8.568156521447348357e-04
1.209582525055009732e-03
7.382579678380358189e-04
9.705737113111868918e-04
9.857714676913577334e-04
2.278395573250058866e-03
1.304660080889488705e-03
8.296941973311862915e-04
1.323760062203889823e-03
7.716473700857711445e-04
5.608929226049851492e-04
6.195881728457598584e-04
9.913010925118694635e-04
2.064349786790101431e-03
8.093277644155279314e-04
6.454898573152836102e-04
1.224274367237498679e-03
2.872739701479789642e-03
7.868369773181353418e-04
6.364111228642895185e-04
6.678902226447533050e-04
8.213089714219062171e-04
6.161552658879420469e-04
5.860050136519343034e-04
6.212087237949526219e-04
7.830396470860588034e-04
1.798321480661546016e-03
1.506177803707817132e-03
9.767933112852932205e-04
1.547500887491602825e-03
8.428249909763893197e-04
6.470867997792470114e-04
2.211251780704764306e-03
7.205949038277045934e-04
6.880673056976151138e-04
7.323867345341567156e-04
8.713632976884133066e-04
5.740589165817683954e-04
7.729813134998602450e-04
7.327676863258952584e-04
6.108409094576880589e-04
7.193542169227755976e-04
7.795856013327435389e-04
7.149943938403334389e-04
4.089108161337728052e-03
8.562868500103448192e-04
6.059738514393182406e-04
9.226079136371518122e-04
5.318059093635606844e-04
9.360874633454793325e-04
2.193087986792264903e-03
6.164257663901879462e-04
6.892828754970444817e-04
1.565640757093789224e-03
8.002860855202393155e-04
1.021291962122224247e-03
6.524528182307180778e-04
1.079273452992757405e-03
5.902237434560810578e-04
5.779920196389759296e-04
6.720225847439599423e-04
2.286353003355311771e-03
1.363592288515061727e-03
8.824242936493619134e-04
8.144715260282970812e-04
1.595368505626944180e-03
6.906947726176495975e-04
6.681724333770493879e-04
5.806559534768417682e-04
6.385118770035021814e-04
5.473042003796480719e-04
8.069194587380719604e-04
6.295309992974548957e-04
6.275923744359235149e-04
8.602225515230916327e-04
9.985287668239177777e-04
5.204267293100119530e-04
6.307863189365167786e-04
2.294343091330203720e-03
9.535170351792329789e-04
5.937959517604917510e-04
1.049822415705935772e-03
2.596983688939335025e-03
1.086055421806921689e-03
6.067662290904597211e-04
1.033422069670949985e-03
1.068158492764768050e-03
6.230499315105509630e-04
2.358542500876383268e-03
7.872593538529402274e-04
8.288257902459735243e-04
7.729377715950109910e-04
8.194539160842677318e-04
8.607959011791284192e-04
1.534788285853494342e-03
6.467288549480486141e-04
7.344288688591115799e-04
7.088722834562484216e-04
6.110920643738520976e-04
1.086964310155168201e-03
8.699943880112163833e-04
1.012340518625099058e-03
2.553105827168242279e-03
1.496793781813851891e-03
6.718267073624390644e-04
9.370520100106880922e-04
4.233807075617385639e-03
1.170984674243147556e-03
5.588670186083650668e-04
5.203384332937563070e-04
6.641346569925268232e-04
9.065575957119223916e-04
5.331738103674584254e-04
1.851417379793736124e-03
8.045389980638021103e-04
1.997082850258618571e-03
1.146672933453061214e-03
5.503368807686010757e-04
7.174677296946016785e-04
1.022151609006270983e-03
1.859381088882401884e-03
5.364468966446439427e-04
7.492465541224458065e-04
6.248438183759493988e-04
1.549240804610719103e-03
5.386613026524584994e-04
9.702254676629276046e-04
5.964696860999092786e-04
7.474194757134344997e-04
9.963262468074083472e-04
6.121383873481194265e-04
1.629355004617028414e-03
6.833563164989441127e-04
1.393835644634655070e-03
1.087601191561277797e-03
7.024745046051325504e-04
5.706912495590472706e-04
7.280642049498084814e-04
5.541892038318222595e-04
9.198083371004843944e-04
9.390066091170861306e-04
9.676363502147130409e-04
2.558536067505483552e-03
1.915277851051855676e-03
1.230990015742442238e-03
5.872157563958231271e-04
1.319983075655922116e-03
8.351864774004954606e-04
5.739248885342318300e-04
6.476447495611950761e-04
7.294377487077659131e-04
7.310938718886633063e-04
5.610487235345112478e-04
5.045527638771390771e-04
1.161767584269309114e-03
6.394619372543403502e-04
8.135139085771528333e-04
5.605788475689873780e-04
6.466494357249026733e-04
6.844856792050687914e-04
5.341431014536934807e-04
7.534883546501811502e-04
9.119171224759282067e-04
8.029736556619217940e-04
6.251712575397015822e-04
5.697115453680085461e-04
9.131470302994558735e-04
6.257643372962249208e-04
7.116246042135629737e-04
8.908291942782597039e-04
7.589629223763279470e-04
7.205971375496301188e-04
6.799363453742297749e-04
7.129273404730426898e-04
1.526639827008822092e-03
5.526746937021351919e-04
1.362536147622403363e-03
1.639949892702788565e-03
6.231575261707195676e-04
6.059570388443939141e-04
5.268639733613586637e-04
1.145111660146688705e-03
5.954294207125073336e-04
1.345137357048677455e-03
6.871631092507828661e-04
1.285880873943214767e-03
5.658093311833639529e-04
9.823551057176090062e-04
7.650953639417954616e-04
6.582650121616338964e-04
5.825688676473083803e-04
1.092845064145901539e-03
8.347253197875507437e-04
8.528808432188728517e-04
6.773324283217344163e-04
8.701067447974828502e-04
1.877077064891164273e-03
5.655733812497219922e-04
5.959223704639176038e-04
1.557977520819580058e-03
5.801280328536039107e-04
7.171731252522657932e-04
7.505482920354044013e-04
5.781891724180101026e-04
8.864127544386166645e-04
2.675662284797402767e-03
8.468263658289680975e-04
1.711516251784911012e-03
7.545573412461205462e-04
6.879570345234212311e-04
1.012678779721389597e-03
2.650703843090223850e-03
8.071576684047427654e-04
6.224035104812768214e-04
6.116209816139584138e-04
6.669121364794520623e-04
6.476169096111472016e-04
6.158485460092206955e-04
9.071845366851768837e-04
2.307486021876475977e-03
6.696125713408536276e-04
7.365000849294225027e-04
5.559891606638044234e-04
2.254183481470541702e-03
5.388418837606255259e-04
9.097054975859115121e-04
5.176594655483526472e-04
9.236821946742261721e-04
5.503457570448639074e-04
8.097237327529188200e-04
1.985548019315171164e-03
5.715509337784825845e-04
1.119241118611903488e-03
1.133112129738773899e-03
6.484223695881244885e-04
5.273144639603004899e-04
7.579534045642795500e-04
1.337545225951760437e-03
1.276467041825944497e-03
9.661549770128313079e-04
8.602030202271354273e-04
5.562002075745299057e-04
7.369823170822568936e-04
5.247441410819409999e-04
9.241173424227047900e-04
1.725629308791387867e-03
6.059485832211043872e-03
5.969699541973088773e-04
5.007959469873488403e-04
8.956345300301610073e-04
5.984772399590490869e-04
1.502253116513557101e-03
1.440046806135063598e-03
7.581446828810486753e-04
7.699191289331748858e-04
1.589396035553209763e-03
1.390441610202254033e-03
1.509002872626269377e-03
2.038110451229183454e-03
1.132030846369884783e-03
5.569722764892359994e-04
5.717559844852890434e-04
7.468227237401370072e-04
8.209139115694888845e-04
6.813045318886049723e-04
9.593777364947759460e-04
1.274767172197119195e-03
7.830237065271945926e-04
7.866670085101858372e-04
6.207428315410047550e-04
5.357837131690811527e-04
5.633347880718187102e-04
5.938036365211118127e-04
7.458611870570043328e-04
6.567067366218923459e-04
6.663605611639024113e-04
5.698209697735357425e-04
2.263753150477503147e-03
1.100493127213500281e-03
5.953190177455091334e-04
7.441894618809399885e-04
8.332075324969113453e-04
7.537715508140766180e-04
7.046303100339272769e-04
6.277862770997760366e-04
7.165536969364051613e-04
7.537863780758102383e-04
5.244463054995668599e-04
6.010315392085450277e-04
5.488967870674345533e-04
5.463838249376714532e-04
5.889961150667107678e-04
8.804675217637456105e-04
5.845968974378162788e-04
5.426207296782490893e-04
8.143443676029576712e-04
6.456653289190372085e-04
8.466453869985306972e-04
8.759806358729220780e-04
1.387309893533953840e-03
5.653216614049672841e-04
8.155610058632742961e-04
7.100478168525018721e-04
6.819100246453790350e-04
5.128278619644984632e-04
7.089286367983767788e-04
9.205869943930722636e-04
8.886413496442390359e-04
7.314079355165109368e-04
6.519040545010206921e-04
5.911128217383033534e-04
7.770661538429902981e-04
7.441086365020718046e-04
1.264041504039480979e-03
6.900618565130189896e-04
6.636283737138778602e-04
6.322415031639893896e-04
1.198898538463403097e-03
1.164140100641731634e-03
8.107153220829499841e-04
3.233347810147542065e-03
2.506579781239990767e-03
1.177181990915058358e-03
8.952870656885263774e-04
7.559306459603814653e-04
8.638496828852424694e-04
5.070090582394699927e-04
1.086186084346743835e-03
1.562641019539087609e-03
8.534702135535088057e-04
6.901601350920929948e-04
1.449836378882817184e-03
8.849043230709937279e-04
9.034749350332781570e-04
8.088234475727863054e-04
8.905917539664048648e-04
1.733247098793923172e-03
1.171404060741896343e-03
3.070403291949933607e-03
5.168564634526585195e-04
5.794915408582547878e-04
1.499504151160766874e-03
1.018874592082264418e-03
5.870515976379746996e-04
6.008967850546881014e-04
7.392237075778787829e-04
3.777028466722041639e-03
5.300637346058142182e-04
5.760786453967002172e-04
9.174468036482782800e-04
5.268073154065603661e-04
6.513415947615443192e-04
1.794654087349875941e-03
1.534065312040516727e-03
2.323039271751949335e-03
1.086484506866196775e-03
6.047228657816003036e-04
9.342739989150278474e-04
5.152049107047244241e-04
1.456158569674944519e-03
7.328108997606766354e-04
1.000385063334080287e-03
5.673703793164518215e-04
9.559173490888578937e-04
9.545379390420729269e-04
1.994626581848186163e-03
9.387571548046049234e-04
1.104461725543806616e-03
1.236287158257423635e-03
6.080616886234939660e-04
8.334200070044819279e-04
1.186961783464842747e-03
4.170846067684866147e-03
2.682048765664138672e-03
7.564745482532307186e-04
9.800290116070541763e-04
6.988737986504529832e-04
6.754569082573724749e-04
6.660363342424420506e-04
5.463877491223692378e-04
6.793706677158908207e-04
1.360392540165221561e-03
7.291256904909141842e-04
7.111366303204536173e-04
7.368291931194930963e-04
1.045172322039991707e-03
8.059767334065531764e-04
7.209572185616634939e-04
9.595422215221362152e-04
1.085297261480525858e-03
6.254978099016845951e-04
5.035420806362047967e-04
6.985559484151266079e-04
2.136213901801598328e-03
5.202983085820287292e-04
7.906639583610196005e-04
1.473790225810833786e-03
5.358077738797121722e-04
7.477924029602498563e-04
1.139433593438295492e-03
6.498725888439439973e-04
5.081225623247802303e-04
1.039577685553618076e-03
5.630574479611962944e-04
6.442502218410967822e-04
1.251210555101305195e-03
1.042469726691595648e-03
7.886282952141426134e-04
7.325135425143244373e-04
1.315804503522171286e-03
6.323524388033775106e-04
8.766878929527614469e-04
2.073893932045709106e-03
6.598449481283109224e-04
7.302712988209345783e-04
5.965829216654134921e-04
1.073916528204968109e-03
6.843197762389755141e-04
9.588323507477863493e-04
1.331898107495121074e-03
7.972052991791395192e-04
6.667886746083009431e-04
8.134518708240469614e-04
1.064032830088249351e-03
5.122037572726640927e-04
8.237180724405015987e-04
6.052949069806603166e-04
5.518962785260491917e-04
3.961316980367899157e-03
1.057530775416397643e-03
8.805605958596737348e-04
1.073121744701309964e-03
7.086968562776908755e-04
1.125840743699553026e-03
1.171476925995748684e-03
1.724539293670131809e-03
1.265342320497479930e-03
7.320494341087096157e-04
7.720463355713731799e-04
9.797125255275533195e-04
8.455839743953551041e-04
1.523723169147885850e-03
9.938476261251438792e-04
8.351279965347460687e-04
6.221383805633670053e-04
8.051370757815610795e-04
9.469023554163842659e-04
6.228907083150864556e-04
5.514784742553710799e-04
1.631615105384842017e-03
7.151121894619201719e-04
6.550218969796359550e-04
5.405538815057385612e-04
9.224927343300747375e-04
1.426993080794411190e-03
1.578128758094937342e-03
1.590906870226518020e-03
7.968334615388715124e-04
6.999084911656291725e-04
7.094277243136894260e-04
1.619601634920218858e-03
1.810443842003622329e-03
8.249331059307558368e-04
8.348744446322229566e-04
1.169042986997267030e-03
6.857962054165446866e-04
7.221020822238623411e-04
8.612094515322805737e-04
8.190707786312714138e-04
1.324819790284315285e-03
6.595651873203862850e-04
5.599025601098859151e-04
5.345387302243993777e-04
1.115868728006710149e-03
5.414657812621368870e-04
7.553875657917649439e-04
6.711095582093816328e-04
5.584866806225916719e-04
6.697986513191853987e-03
8.419543025284774310e-04
6.338371943408775341e-04
6.141040940547262206e-04
7.963255432700534720e-04
1.002513401854143076e-03
1.063051224247919032e-03
8.783303630087318809e-04
7.440021318246715226e-04
9.862054841332005238e-04
7.092521290949744617e-04
5.712670077332488057e-04
7.139114948889897219e-04
6.096125488671524017e-04
9.889926698998007318e-04
2.212474899817384964e-03
5.137079992366602862e-04
6.072877808540967431e-04
6.888059451646066445e-04
2.789705241759907195e-03
9.121199803204554273e-04
9.548074832513028061e-04
8.582114008914579423e-04
5.116671199824577177e-04
9.411791979096066673e-04
1.082217464123654341e-03
5.923780493521500377e-04
1.612540100439261272e-03
7.640851178398595745e-04
5.397402119932719284e-04
9.328929504994500337e-04
9.833633018591003347e-04
7.927530559697070498e-04
5.856111840058931921e-04
6.576125529684987000e-04
1.077641260219807133e-03
5.474185190464496290e-04
1.537691829272359000e-03
1.172172666598862668e-03
7.946941087965378372e-04
8.181935101765285641e-04
9.375842623367740356e-04
7.178223385786618648e-04
1.272156698486085358e-03
9.441758542620993242e-04
5.742355657786926476e-04
9.219727795064002526e-04
7.055377762687231342e-04
1.026620371544404190e-03
8.502612268260419407e-04
8.635330622700658270e-04
9.874926860678476855e-04
5.614911260228232616e-04
1.089589163184357702e-03
1.062450458338825166e-03
7.376278641667550042e-04
1.651478446954529004e-03
9.404836071634414731e-04
8.125323470138636405e-04
8.997036986011383792e-04
5.805931595859497229e-04
9.275740934653107063e-04
1.125788284295760073e-03
1.970237168429129267e-03
8.104733074816770867e-04
1.471892453311683798e-03
2.336224778903436133e-03
7.454158835662848389e-04
1.096314202260402580e-03
5.874476231503438818e-04
5.337502312225136198e-04
1.660907043956078456e-03
9.597110722468004751e-04
1.907519922621437464e-03
1.364449631360528312e-03
7.074875264876243552e-04
5.477654369987984464e-04
9.300389778959108423e-04
9.702302795712955700e-04
1.845459468029597531e-03
6.124240609621310442e-04
8.516936694499424674e-04
6.460619652975143051e-04
6.753341094599445626e-04
8.622198661573960300e-04
1.238210237363359658e-03
5.752535813928819335e-04
5.163948027013296567e-04
2.090556791543878110e-03
1.483444268396683346e-03
1.484943819228014706e-03
1.283960743652680456e-03
5.887800018504743202e-04
7.879411645391481587e-04
8.420619087896047275e-04
1.563266508149658640e-03
5.415094072228607064e-04
9.018935628724680017e-04
7.455321591215343388e-04
8.511370230089482279e-04
1.496015704039535717e-03
6.352685931861610288e-04
8.894346932488212320e-04
1.799778639672230474e-03
1.234687579635565828e-03
5.571561546450790265e-04
6.033845618636550978e-04
9.299191299941998376e-04
6.379562827805166291e-04
5.487546924414885181e-04
1.760583699716952374e-03
8.347544336048956385e-04
1.449136068546090202e-03
6.612803037880171870e-04
7.509320754202033392e-04
6.026423930564526413e-04
1.443391813232140298e-03
1.498317693671692881e-03
8.077723496529216375e-04
1.079719043182036107e-03
5.812085964044846594e-04
6.309207674399660518e-04
8.828172655845689188e-04
1.575313542222717958e-03
7.497237907251939719e-04
1.336973584863552101e-03
2.046179552153823064e-03
6.957948966371803150e-04
7.926901593575650957e-04
6.900996934654465322e-04
9.248423561524272583e-04
6.025765110807525466e-04
1.127659977915633277e-03
7.586018375988917446e-04
2.253161613148126075e-03
9.360628199059302422e-04
1.026532120450731776e-03
6.790204707740899728e-04
5.781257574149521045e-03
5.279835190937898605e-04
7.784764388816088490e-04
8.378934021750065499e-04
5.296866576088775326e-04
6.342734440660901911e-04
7.030007195194398631e-04
6.011986444914757576e-04
1.095812752074462213e-03
5.418209017830210184e-04
9.528478933008931564e-04
5.152190605867895202e-04
7.603394459856718541e-04
7.732323719845967704e-04
6.938911211913126017e-04
9.977395729048146086e-04
6.503695215353907542e-04
1.533297875873330766e-03
1.263971880970169446e-03
1.425896393748192319e-03
6.823713238219567467e-04
9.025888855132356125e-04
1.850679972184412657e-03
1.125073563990081505e-03
6.314530121542739254e-04
5.311993072967064128e-04
7.935430529283493814e-04
6.100189985934376894e-04
1.068932890873943711e-03
9.431949242921168659e-04
1.235231763900931923e-03
6.123602016477662459e-04
5.117358042569060059e-04
1.676059209213446406e-03
9.576419592583583626e-04
5.602962557367364245e-04
6.226401190624732476e-04
5.373193829196295677e-04
1.361394762692083029e-03
6.475181509118102053e-04
6.051914314772990260e-04
1.044240748557807635e-03
8.656061009257499548e-04
6.270113417334093834e-04
7.372800721757539685e-04
1.171580149286500453e-03
9.713748574241416701e-04
1.168645948741554559e-03
9.929206855932041706e-04
8.800618026291098924e-04
1.019857894397675161e-03
8.111619182655960703e-04
7.565764019593010370e-04
7.016185681439122230e-04
6.902572136090051602e-04
5.433723199290619492e-04
1.156213095541387204e-03
1.292660909977780574e-03
7.645850139880118381e-04
9.273173502955225000e-04
8.472898948192687969e-04
6.258103957463575324e-04
5.057034516692761241e-04
5.225432454916090165e-04
1.186502204142083749e-03
5.883070742393471360e-04
7.745789702170559430e-04
1.170760713160833195e-03
5.902407431762886434e-04
1.000709009632701771e-03
5.599304150288519303e-04
6.163828710259519486e-04
5.858527223692439447e-04
1.145743093065232886e-03
9.792745135114645002e-04
8.752773492055293363e-04
5.759015774996752244e-04
8.705420242077076438e-04
7.606210890283971295e-04
2.830583060057369899e-03
5.990244103550716216e-04
2.445746516082790596e-03
7.274384251384337450e-04
6.142175532973811287e-04
5.714910801445159498e-04
1.177649091344372834e-03
8.603300747849361354e-04
1.508817437656811804e-03
6.966149884132305167e-04
1.620151756672356079e-03
6.283049328807497474e-04
7.029880667428255528e-04
9.422799029523187863e-04
7.415645890944990966e-04
8.176176280049765556e-04
2.706827569886636770e-03
5.117706733819021468e-04
8.189050798333007575e-04
3.151412422938059711e-03
8.312158972342451827e-04
5.712055276784287067e-04
6.500784744927946704e-04
8.627919248193778850e-04
6.069764148516019206e-04
6.297388362381234729e-04
1.240135870780202784e-03
1.425271066697909438e-03
6.438944236190867476e-04
2.150230284023389813e-03
2.652768188736630284e-03
1.388445350732782531e-03
5.770311289450246730e-04
1.155915783940874219e-03
8.659940990918701563e-04
5.673499231140182548e-04
8.682033693080561500e-04
1.117684195573254288e-03
1.075879971742268971e-03
6.423206831822853100e-04
6.320555883971292702e-04
2.820408402716904472e-03
6.252641316412813673e-04
6.248991839406567005e-04
5.414398623741637287e-04
6.308038809518368541e-04
9.099809614084034210e-04
5.280733223843094579e-04
7.380891601550893183e-04
1.721050338182296196e-03
6.379976411675938007e-04
6.624926748641321193e-04
1.151212594888461173e-03
5.886481346861565343e-04
8.699427846427969842e-04
9.200014850985748513e-04
1.586051947348576753e-03
6.403478450828080804e-04
8.075544153863281312e-04
1.477313978919540761e-03
1.365894140549781107e-03
8.106461085796241774e-04
7.624580766941958451e-04
1.018957088579060559e-03
8.785136810686958349e-04
1.075681422319577085e-03
1.141084402742006520e-03
3.356833551699948352e-03
6.829501257565040451e-04
2.508341203707396740e-03
9.834715567030886604e-04
1.117331191812114856e-03
7.543225541508537637e-04
8.551992754193172988e-04
9.650083325346142660e-04
1.007939543245220089e-03
1.401872954316548498e-03
6.147475037241667767e-04
7.785560095682437847e-04
1.125598020843739718e-03
1.066906758843277556e-03
1.896464442451797905e-03
1.961052835168173355e-03
8.263897900794368433e-04
9.609199519342211939e-04
8.245932896109801468e-04
7.775667422450308888e-04
1.576759982305220298e-03
8.737605894285911234e-04
1.086223150446698378e-03
7.349618299494402405e-04
5.296947494591755339e-04
1.620937358839953874e-03
2.091983886669643473e-03
9.797849551170035361e-04
1.356171548004823143e-03
8.764413546065101101e-04
1.376365149714482185e-03
6.776858703956514145e-04
6.933893376648765129e-04
1.397571246125045488e-03
5.801062503224421827e-04
5.813010166445195699e-03
8.394407568795564248e-04
5.893479363644880563e-04
9.378944555048439021e-04
1.176916004448925893e-03
7.557110551148450359e-04
9.720382627809540533e-04
6.237076281683599224e-04
8.385011526252515897e-04
8.117251352312359431e-04
7.595646046872285735e-04
1.588490318211970573e-03
7.039575577793176974e-04
9.873048027840929369e-04
9.697126231646067919e-04
5.239042851150639947e-04
5.903818251290804701e-04
8.374475513143545815e-04
6.346199416641431492e-04
5.695526240248082513e-04
5.872020352309365422e-04
9.406676016542734513e-04
1.416010717059811583e-03
7.115016766211647130e-04
5.994060184043493609e-04
5.375852580431248829e-04
8.669335216402449581e-04
2.269809879913859459e-03
8.783335477497784989e-04
7.481115792941597136e-04
5.615373223500917969e-04
6.511797674204693968e-04
5.895258223765283438e-04
6.283488702689167538e-04
5.140276968590233022e-04
7.052325953917802301e-04
5.697515737588211213e-04
8.571731191085788220e-04
8.914027035156724902e-04
5.189065016634970611e-04
5.845994934370131371e-04
8.621695914624349965e-04
8.656965089963130884e-04
1.712657357330496814e-03
1.494573129850544939e-03
7.033861133776567274e-04
7.787261090900055678e-04
8.568482768054302545e-04
5.741485830866804125e-04
9.401960676661123189e-04
8.445362455224585986e-04
5.843562979070973879e-04
1.301223283548548363e-03
1.068505146723383202e-03
6.418804897484171141e-04
8.492569872607261348e-04
7.629343964519946569e-04
6.473425778896569954e-04
8.474208696792805097e-04
6.140334880978933147e-04
5.827165605510240508e-04
1.130966790161535987e-03
5.729890646025751193e-04
6.008331039342421249e-04
1.468803151527825522e-03
2.193640658798637778e-03
5.802987977108499916e-04
6.534799140857431828e-04
9.686975023288719924e-04
1.429503306511177704e-03
6.001617696187686599e-04
1.645142857142065269e-03
7.311884435249405359e-04
1.713951235931256102e-03
1.158752823989061967e-03
7.361361332088944094e-04
1.936136237859193907e-03
8.758372456908362436e-04
5.177887673068361620e-04
1.464954419660097337e-03
6.718580696436897773e-03
5.893789872704640513e-04
8.101108872404426354e-04
1.115231768458667741e-03
1.632182242452229551e-03
9.167106340527439532e-04
6.082419819387948484e-04
5.640453632993452492e-04
2.888382067487572924e-03
5.429716341497533823e-04
1.334399370937538933e-03
6.978499831414016830e-04
5.981201881091914715e-04
6.240161199546905187e-04
7.268621057577855527e-04
7.151069956103323164e-04
9.981450272860139215e-04
1.159635025002146843e-03
5.599657165285826113e-04
5.413690275620521280e-04
1.269288043412721261e-03
1.261994076917103552e-03
8.100594360653167944e-04
1.017681733959710597e-03
7.911137029865882931e-04
5.722730444270979471e-04
6.595634920711412668e-04
1.273268592989228827e-03
1.323827228022515443e-03
9.384854902627760929e-04
6.112682675700693890e-04
6.922461108321539868e-04
2.197507557606607174e-03
7.620414454442618569e-04
1.625694284412203868e-03
1.340269337923701226e-03
6.092219411469292295e-04
9.252018186843750198e-04
6.348930498996915644e-04
6.766507602383650937e-04
8.033220097644996243e-04
1.026877389295131763e-03
5.578280185975112394e-04
8.016812085583441489e-04
1.952788492900844712e-03
7.616672535340420110e-04
6.855139002112208956e-04
6.657402747942499149e-04
