6.469713956580139813e-01
6.641486636453968195e-01
5.396240914370264985e-01
5.673923749500694447e-01
6.179172225346115654e-01
5.774441999358788102e-01
5.381947774486076641e-01
6.091656004472307817e-01
5.526659087947956017e-01
6.499196646202740624e-01
6.186756568522913113e-01
6.647458745680545622e-01
6.705247654017435499e-01
6.633147470989109173e-01
5.668432101443077187e-01
5.619111979468502938e-01
5.813529616891551788e-01
6.664368834319038815e-01
6.314157345631089546e-01
5.693293800331776788e-01
5.929128238159290243e-01
5.870636292765367692e-01
6.503738104604150916e-01
6.033588719656598487e-01
5.469915514818473046e-01
6.685868129318939257e-01
6.742296159208932549e-01
5.893641868231359604e-01
5.967483237910864435e-01
6.376612610617147237e-01
6.679907559888988988e-01
6.503607258379189293e-01
6.423181663868107183e-01
5.275334716216204534e-01
6.578427851438630736e-01
6.698423098479083793e-01
5.574426837509545152e-01
6.305597622465805019e-01
5.963051575637768886e-01
6.522083661112163533e-01
6.509699568098542555e-01
6.238070722962005821e-01
6.595242721349492410e-01
6.497084979357091727e-01
6.623909951730446721e-01
6.216696325063391093e-01
5.635850064798536563e-01
5.699790153773586221e-01
6.124259675673311420e-01
5.852040423863253960e-01
6.614666995802258587e-01
6.526242655745280175e-01
6.749595646604221733e-01
6.752599920851216631e-01
6.598261642959383222e-01
6.645586952744770848e-01
6.532812851863644132e-01
6.027006555068916693e-01
6.474001259125087282e-01
5.841590000554117701e-01
6.425346983820904301e-01
6.683938494009620257e-01
6.102246139467651931e-01
6.479085322970200567e-01
6.708601876924840113e-01
6.370255775446170832e-01
6.388572586904851525e-01
6.188811228693271715e-01
6.184320503101368161e-01
6.420930593519658114e-01
6.681417448798014913e-01
6.481690315396333446e-01
5.529327153669898465e-01
5.970553944225696075e-01
5.617923184842082973e-01
6.461508102168845857e-01
6.470593666641779595e-01
5.980876914565945723e-01
6.285910747388105957e-01
5.145587966066130781e-01
5.918573312995371039e-01
6.515538938883479458e-01
5.428572809021878776e-01
5.397182111526818149e-01
6.522849257906632170e-01
5.897220091980824863e-01
6.583046517340659376e-01
6.037265586405246021e-01
6.316502709574869368e-01
6.214869346426517005e-01
6.601844434270689455e-01
6.038068041053875623e-01
6.271096470371650966e-01
6.384043279246841562e-01
5.847949957672111676e-01
6.514107282698837764e-01
6.728666357802778331e-01
6.493421989958182428e-01
6.227606564236966014e-01
6.016798873805900838e-01
5.996393020192259948e-01
5.773111023980569412e-01
6.569143892946094354e-01
5.862135724142462090e-01
6.031213226190473842e-01
5.895757255624163307e-01
6.631257696072125896e-01
5.659291518381279751e-01
6.366371771609422581e-01
6.446343879544301769e-01
6.291852633690359076e-01
6.440637428846612833e-01
6.558200998308978402e-01
6.155127195160617903e-01
6.287383792374480196e-01
6.748993576818768103e-01
6.336437944294501801e-01
5.476058526255584979e-01
6.612050712094174054e-01
5.897564395787910918e-01
6.397266943842055964e-01
6.647839436608267150e-01
6.185725927040564009e-01
5.268587268320923389e-01
6.387169260828111650e-01
5.686086027561363387e-01
6.182969104960105433e-01
6.413586196669942563e-01
6.628652782172114177e-01
5.938151470812534916e-01
6.684247999399742790e-01
6.443272633460175314e-01
6.267648021535523473e-01
6.282589819913494411e-01
6.377931065962325619e-01
6.266812097528385861e-01
6.233283565127768489e-01
6.419941134789862724e-01
6.075244991351165247e-01
5.969495654079537417e-01
5.930499028046842813e-01
6.706215668561681387e-01
6.443474647299392011e-01
6.685541818511196999e-01
5.884236360564182311e-01
6.060737800748572379e-01
6.722573132454747746e-01
6.467577568698299473e-01
6.454079150015887834e-01
6.733690633884684695e-01
6.606061378185705824e-01
6.677615800612320962e-01
6.207823171783227734e-01
6.445831572503908369e-01
6.466806399437678987e-01
6.240287074173750392e-01
5.715848644388904498e-01
6.189976367789369327e-01
5.849107897662810807e-01
6.272039852575819197e-01
6.220931784531238407e-01
5.916039015097830367e-01
6.606433652590216754e-01
6.476890790637807038e-01
6.548392121906728702e-01
5.962181721217566510e-01
6.336948853085339062e-01
6.520055784537851506e-01
6.535995001636546453e-01
6.703574029731220740e-01
6.381815226115681305e-01
6.306873763816799316e-01
6.129414575306257884e-01
6.602862168409844301e-01
6.722217657271902791e-01
5.552195642116285468e-01
6.218381184091579250e-01
5.129778122480257441e-01
6.047359616496736923e-01
5.102825422701332547e-01
6.546370365968465777e-01
5.945958941557880628e-01
6.296864200826532976e-01
6.592337965229244645e-01
6.526524483596045645e-01
6.545625253507056929e-01
6.536913477103252212e-01
5.801561446494033492e-01
6.384320273324625150e-01
5.841334894806403666e-01
6.611775606213569079e-01
6.071196095104671731e-01
6.345521777117136830e-01
5.512086039324393116e-01
6.443961622071906481e-01
6.386540856647615616e-01
6.489512784767785814e-01
6.462680399761657757e-01
6.425979942090828123e-01
6.603787147612670827e-01
6.340216959277550357e-01
5.808649757170256667e-01
6.077680268614755743e-01
5.890809926444430245e-01
5.599149068175767185e-01
6.370955937740123698e-01
6.628312747305942221e-01
6.139662802999354962e-01
5.608525027632509374e-01
5.464130230092183460e-01
6.237940217982680391e-01
5.862404060877652867e-01
6.474548828435745529e-01
5.789651248299247932e-01
6.466031969942021007e-01
6.419047605283088043e-01
6.679165746546881222e-01
6.606760524653633171e-01
5.935524067836585038e-01
5.580599726362940327e-01
6.471260664819123987e-01
6.161600659330166430e-01
6.561636878109832205e-01
6.188160817632162303e-01
6.360255406514225829e-01
6.221242812010241430e-01
6.221315498725240589e-01
6.103161100975068587e-01
6.307088073555757735e-01
5.363473755510114183e-01
5.716660323652175135e-01
6.476994261449838808e-01
6.516297852528534218e-01
6.114517391959956027e-01
6.611700639724945594e-01
6.122587953989750975e-01
6.253418573423524807e-01
6.692288689683270064e-01
5.652769800771864084e-01
6.074667766999439777e-01
5.566862720765093364e-01
6.727098245010668665e-01
6.481624173223182739e-01
6.207577489731157527e-01
6.675466921974838597e-01
6.380403572482756802e-01
6.010803005354272699e-01
6.152221419680706793e-01
6.189215523361185634e-01
6.018358962323502315e-01
6.366313801925406191e-01
6.717953883987873853e-01
6.571445776040978348e-01
6.574731759448142476e-01
5.836951204469642551e-01
6.060822030896713120e-01
6.036011961849467866e-01
6.189540161384639028e-01
6.182313489272204254e-01
6.181669056127006012e-01
5.275132018203060325e-01
5.926673934874732153e-01
6.088457568310284840e-01
5.913954444729381255e-01
5.884752502295822474e-01
5.852007210746499322e-01
6.623305152494256554e-01
6.259566324787685376e-01
6.535943363400379402e-01
6.716866897842829198e-01
6.237281777827750062e-01
5.837246526975883310e-01
6.270748915618463704e-01
6.014850987448231434e-01
6.475011384679718596e-01
6.512426654031194806e-01
5.668229706243228527e-01
6.754819940526824995e-01
6.491937319024450037e-01
6.654169626626839085e-01
6.541284033033343270e-01
6.435096368358431684e-01
6.478390411057375342e-01
6.738357484995661784e-01
6.673277253706172418e-01
6.718351152779664659e-01
5.613778867498543379e-01
6.668837706519042952e-01
6.346996603210773857e-01
6.698279423556239287e-01
6.096980543038563738e-01
6.168373155893664972e-01
5.700934752712191189e-01
6.554227845313894685e-01
6.207807099280808760e-01
6.159779345486918745e-01
6.721321872293887223e-01
6.735436612720767657e-01
6.674022108078585536e-01
6.571457929162508593e-01
6.651053880042683275e-01
6.244615708567541335e-01
6.010649012010521597e-01
6.307793968577320998e-01
6.082358087481721798e-01
5.865110441713827782e-01
6.687702572908841292e-01
5.573847829147366983e-01
6.532261890659964987e-01
6.361416925565569480e-01
6.721030901407538671e-01
5.577309822673787165e-01
6.734758125837465581e-01
6.693085853522079409e-01
6.651281369481809591e-01
6.450241109243732840e-01
6.506628053885814555e-01
5.804949356468001032e-01
6.232108751616434184e-01
6.070413701753034630e-01
5.300555575516261442e-01
5.997106644659599972e-01
6.402191077398027286e-01
6.440656816041515631e-01
6.006842466760223820e-01
6.420619093941026811e-01
6.280189494652792526e-01
6.556252618229059248e-01
6.243456629808790126e-01
6.199792211265195974e-01
6.722024765562115700e-01
6.132900870133669580e-01
5.569476887654731811e-01
5.661536741885470070e-01
6.123686808016117755e-01
5.963871667439332169e-01
5.863311876818240176e-01
6.439417515156319327e-01
6.337199630969048147e-01
6.566884930112381058e-01
5.964483163299096891e-01
6.714495502136302862e-01
6.238884509337128126e-01
6.658535646039573930e-01
6.454513496743503609e-01
6.728319413072286759e-01
6.034058485326747601e-01
6.264774814949077841e-01
6.256561640806188596e-01
6.282963079208411239e-01
5.601078270187835884e-01
5.863785252028219652e-01
6.358824025914825429e-01
5.509866833038479239e-01
6.281795747924637796e-01
6.336260676142022596e-01
5.699232633588415808e-01
6.577202399296275814e-01
6.407225737023991563e-01
6.273745423886777361e-01
5.421217886840181688e-01
5.964178212551483060e-01
6.753360388742507547e-01
6.231449662335953876e-01
6.296884580646653351e-01
5.714667116638472155e-01
6.426101344288447370e-01
6.065606066168238719e-01
5.464737906793301070e-01
6.242436635841233095e-01
6.340627318427269898e-01
6.174414713222543538e-01
6.440479432611144750e-01
6.690924805079472293e-01
5.342329035252821878e-01
6.334039789298007150e-01
6.457558235003212355e-01
5.859058597378613564e-01
5.528801962770590883e-01
5.962943021578407388e-01
6.386336138338529755e-01
5.767880461803280845e-01
6.123499883471843486e-01
6.336459594373201609e-01
6.322586213892982254e-01
5.945434098567647929e-01
5.549588717116442638e-01
6.680817588969442111e-01
6.601264010984549957e-01
6.345667785477587808e-01
6.441276038370907786e-01
5.952231434595488535e-01
6.449413159898843562e-01
6.344972487307289910e-01
5.829057335579859167e-01
6.714086542460475648e-01
6.236266143941517903e-01
5.162304999701802233e-01
6.648199419153041356e-01
6.249376428417570128e-01
6.735270504283640269e-01
6.294693027952330544e-01
5.808749811956278597e-01
6.625604908958706574e-01
5.777493122042469675e-01
6.533642606254783658e-01
6.359812880117934331e-01
6.164640299888590746e-01
6.018262900973149199e-01
6.496373791195789726e-01
6.639913410285378514e-01
6.370081936855069848e-01
5.797602814078229860e-01
6.652398113712031380e-01
6.676807337979121515e-01
6.225460262843746095e-01
6.731216615694843863e-01
6.621327943063944899e-01
6.648387699310706056e-01
5.222728220702542723e-01
6.640672916610470544e-01
6.374024846516244125e-01
6.393748288225384879e-01
6.268177832720226439e-01
5.337154864090235540e-01
5.970275292860267591e-01
5.639517317517029893e-01
6.491036717535286771e-01
5.883992923767724648e-01
6.551474626190637585e-01
6.740331348334188677e-01
6.093747942303556764e-01
5.962109303057967491e-01
6.718454228506266501e-01
6.704202982738629579e-01
6.604153432860556672e-01
6.342047519004565537e-01
6.672141455139689592e-01
5.162866700817668741e-01
6.400291680508535253e-01
5.786840423593864191e-01
6.269112618788699187e-01
5.990685189236706343e-01
6.718048524375604957e-01
6.331480117821641773e-01
6.247004218514911056e-01
6.708868515040321556e-01
6.380665128124433094e-01
5.288873874379724782e-01
6.567177991314977481e-01
6.220914946951514590e-01
6.674155183585986917e-01
6.012891898561947279e-01
6.627517449716447961e-01
5.733465001829914920e-01
6.523250881174427196e-01
6.172268521624577620e-01
6.257187716418154411e-01
5.670145639673505045e-01
6.206942429485257096e-01
5.494513995125300809e-01
6.424944166526014300e-01
5.370127125816142044e-01
5.408067726684406828e-01
6.485987189029389643e-01
5.784400650883739781e-01
6.487924977886683209e-01
5.978577129556298386e-01
6.704717035960054972e-01
6.478779222537918159e-01
6.472130028923576139e-01
6.111307321810854898e-01
6.743307017816537741e-01
5.582066345684271180e-01
5.793326528199469472e-01
6.326429878726048672e-01
6.583429708026788951e-01
5.730806599925959421e-01
6.084152363466336366e-01
6.728694111588143789e-01
5.552517887441450473e-01
6.520994892677433041e-01
6.564233397247487556e-01
6.685310282325279685e-01
6.270011563118029763e-01
6.686677733645841615e-01
5.715603722538654674e-01
5.386773807696232375e-01
6.721443987420956390e-01
5.660671360546184472e-01
6.086366318170526313e-01
6.084924609262333250e-01
6.407498600269033728e-01
6.122911432816280364e-01
5.898375861613052162e-01
5.776071065419516870e-01
6.306991202819633990e-01
5.998168871877768149e-01
6.088058180163496980e-01
6.080317038455528289e-01
6.695778579896800586e-01
5.603410371622937758e-01
5.689148052302153147e-01
6.324877157383967941e-01
6.683782960522766103e-01
6.159022471348715166e-01
6.105776990420427319e-01
6.647948358889409493e-01
6.564030296293368316e-01
6.678171213943174811e-01
5.974691468742926448e-01
6.192640135829554637e-01
6.446394737352217907e-01
5.859253322514894613e-01
6.459000189385890600e-01
6.470924100866121131e-01
6.653459080681403126e-01
5.289643339633007812e-01
5.081568903240297752e-01
6.746602474139279382e-01
6.327303833004189748e-01
6.248406238173737082e-01
6.036099831408252570e-01
6.281728770762957659e-01
5.994498100147571673e-01
6.379951432706881809e-01
6.370157324359723150e-01
6.159550563978591908e-01
5.690920541754331818e-01
6.359219289551142351e-01
5.382043429038818605e-01
6.439367328534753021e-01
6.596989283217478128e-01
6.748648393761633724e-01
6.250648616354519405e-01
6.026539614391714927e-01
5.323211565206744655e-01
5.810092957839738670e-01
6.656934721587590698e-01
5.953896271421716957e-01
5.808362825012977071e-01
6.064054475282675272e-01
6.205511493586761684e-01
6.485995554420636022e-01
5.869985407396433041e-01
6.635634708062905229e-01
6.317848105564822792e-01
5.433130637677320296e-01
6.427985515872700617e-01
6.256688313608287366e-01
5.651049951378932512e-01
5.474611844367188729e-01
5.287390622751434455e-01
6.453880195438961298e-01
6.691642949676381846e-01
6.485556673386664306e-01
6.383822542116196486e-01
6.440415573927867898e-01
6.667486600821702636e-01
5.661380001767652992e-01
6.078574142037557193e-01
6.205184319220381495e-01
6.213822292815859294e-01
6.201605200500868165e-01
6.032383230513453931e-01
6.113553646935586672e-01
5.954256297976221468e-01
5.885844853005162136e-01
6.647978041220833356e-01
6.070335704318218228e-01
6.667833568445576953e-01
5.637869888213939973e-01
6.075194568795003747e-01
5.771972979188761954e-01
6.520657938372731444e-01
6.380866142665482244e-01
5.569577808777288475e-01
6.065103510714529023e-01
6.427342365740776886e-01
5.933584557117349556e-01
6.566327957346544952e-01
6.235756841688593344e-01
5.999277009858332566e-01
6.410864468942566452e-01
6.042166013581903306e-01
6.340267834694427451e-01
5.759508197260591045e-01
6.566991628941294401e-01
6.356007980461668705e-01
6.563772728586997340e-01
5.968035834025440245e-01
5.813409361080771331e-01
6.479818127764780389e-01
5.948614011999651119e-01
6.048228225999939811e-01
6.569077400020136848e-01
5.892531906857917390e-01
6.643637583576230687e-01
6.672129938650527281e-01
6.006172589327718470e-01
6.186377965068470264e-01
6.404390935543579078e-01
6.016658158907634002e-01
5.927032452722045264e-01
6.381919218670246696e-01
6.160636917170410065e-01
5.846115900945871857e-01
6.584691913691331777e-01
6.288429315667189989e-01
6.522857676280844341e-01
6.216668756889881520e-01
6.709142888273079697e-01
6.577839076936687901e-01
6.231084053228850284e-01
6.457801516651409113e-01
5.451902879196863783e-01
6.562827599474513329e-01
6.467757915841383376e-01
6.500602453501296285e-01
6.521369621192544264e-01
6.734411835147965375e-01
6.318800656592054033e-01
6.243931665942911158e-01
6.094552138715579881e-01
6.399971790250842396e-01
6.553262673478551514e-01
6.579700784777620104e-01
5.893798344353184948e-01
5.833825042865825594e-01
5.460476022866218582e-01
5.638821224490137007e-01
5.854817170186001896e-01
6.280904606588737504e-01
6.642428489551875925e-01
6.380636744668931604e-01
5.881184275835069641e-01
6.634407998575927445e-01
6.278337778177282003e-01
5.949310525184086096e-01
6.187444146070401052e-01
6.389881242815778073e-01
6.581771344607821872e-01
5.904911859132957463e-01
5.935728152211046105e-01
5.665924048775203836e-01
6.434316713470408233e-01
6.477125734471296248e-01
6.116206559932433340e-01
6.442360733890064584e-01
6.720448050848529808e-01
6.604206456062658992e-01
5.856353814802952584e-01
6.666622569259162967e-01
6.658359410621260688e-01
6.267630696346607744e-01
5.463976745939392865e-01
6.228342661953997217e-01
6.705783674943491812e-01
5.984929527601200450e-01
6.506106550743054884e-01
5.861130728516645849e-01
5.200806616933206783e-01
6.442612351481976640e-01
6.525397524000839944e-01
6.573692509966633235e-01
6.428543130259506411e-01
5.800965175466173962e-01
6.252574107456104757e-01
6.128104193795094190e-01
5.950722040441421834e-01
6.376439767465290620e-01
6.454746517564807773e-01
6.676173078681418849e-01
6.560132149019057834e-01
6.701934185414974987e-01
6.075643002738493337e-01
6.060149115789938978e-01
6.577648220885861097e-01
6.394134257835500934e-01
5.917436141694235596e-01
6.461704371792362789e-01
6.339176850673849950e-01
6.475299398239693360e-01
6.309039845046123807e-01
5.871722910240235738e-01
6.618133912173348454e-01
6.591230345904760535e-01
6.653949528513093403e-01
6.374613344522749303e-01
6.682627498425451895e-01
6.082521083276473117e-01
6.478521931432899006e-01
5.616147846830343848e-01
6.756049382047467633e-01
6.196635463540804967e-01
6.476922936790825425e-01
6.243100602130754462e-01
5.888017943554604283e-01
6.360376040765004513e-01
6.512404024680928938e-01
6.692505428639120568e-01
6.034705871689681755e-01
6.669131627873701174e-01
6.283262051944303872e-01
6.316978802352661848e-01
6.324236835192093009e-01
6.303359158911105986e-01
6.665679483343354139e-01
6.708359034526181208e-01
6.040288030566598465e-01
6.112384184583223856e-01
6.371636603247987640e-01
6.600595318770415831e-01
5.982811271269031783e-01
6.357339172497626922e-01
6.708929848766412851e-01
6.256836011879601811e-01
6.023434975576373862e-01
6.586921372617440262e-01
6.023338257410655316e-01
6.218819517011926479e-01
5.905795732580283453e-01
6.520590389652040075e-01
6.368022232513027570e-01
6.065100873562382366e-01
5.624454158983976937e-01
5.981508655545183517e-01
6.742528254271072941e-01
6.193221809707447623e-01
6.625357608816444532e-01
6.614477775393303727e-01
6.136828536050522587e-01
6.126162582624207209e-01
6.268043841940695859e-01
6.024805880569759076e-01
6.423171806066342304e-01
6.440602165142720326e-01
5.520420876571828783e-01
6.651022794790932835e-01
5.977033985696900142e-01
6.640169070311622290e-01
6.256863964576337978e-01
6.281148558388967018e-01
6.483942177251840189e-01
6.350932404341051996e-01
5.928701891859227135e-01
6.454381347326169083e-01
6.236398268468236195e-01
6.505595679619408100e-01
6.566881155848270923e-01
6.636636114515322982e-01
6.323701287364525969e-01
6.302710599782416212e-01
5.702514103182680927e-01
6.106572966429537619e-01
6.685069040552629183e-01
6.004718426890109928e-01
6.120349909076439054e-01
6.728225257412080440e-01
6.353604991454931961e-01
5.417225813296807635e-01
6.326905644600265832e-01
6.078519015175162243e-01
6.684742102579224188e-01
6.601679822017962884e-01
6.305342338409951619e-01
6.272778170560026068e-01
6.402552705479288564e-01
6.643751568047601141e-01
5.286691374141003763e-01
6.064899581343756729e-01
6.321481275562410573e-01
6.236869141448747600e-01
6.726021109119585395e-01
6.398502869403404070e-01
5.892754443841636824e-01
6.548960700006553060e-01
5.927974418514661004e-01
5.823011336967135465e-01
6.727991408852251887e-01
6.677488659815989935e-01
5.425505583720348080e-01
6.305300764215087117e-01
6.332329971972108229e-01
6.731813612285015846e-01
6.336779737934082890e-01
5.848237111061338478e-01
6.656342163286448343e-01
6.644128332375618395e-01
6.252237811803363909e-01
6.657071374158006760e-01
6.049935670330309767e-01
6.410597896079167635e-01
5.150264463446438956e-01
6.060519562963482265e-01
6.600939482231640287e-01
6.689682171638499097e-01
5.823275228099584755e-01
5.812368169273953722e-01
5.330883512407429414e-01
5.916770494694572058e-01
6.428567338614443738e-01
6.434058392199152321e-01
5.486912917362397613e-01
5.709091514308270998e-01
5.581374950750112029e-01
6.160490313108314409e-01
6.667021882500036023e-01
6.720888704853242857e-01
6.204924283675371521e-01
6.739568966193769661e-01
6.572498828513090308e-01
6.061293996489465208e-01
6.226896958113099512e-01
5.673765675676367692e-01
6.500106862720683720e-01
6.472668575711073569e-01
5.833153556666258455e-01
6.701201834200990470e-01
6.650533725542300267e-01
6.546968931305342521e-01
5.992622600375892006e-01
6.327737508845947545e-01
5.198719654812022917e-01
6.585473399268904071e-01
6.530452397017363353e-01
5.651371731215304450e-01
6.437324933939304605e-01
5.249473078921002012e-01
5.602110131048593233e-01
6.549887789523651804e-01
5.595873737581901208e-01
6.367363074602417905e-01
6.248581568092197447e-01
6.719255809991865336e-01
6.684844394035581727e-01
6.453606639744764450e-01
6.549097548952863557e-01
6.259088716064659108e-01
6.621971886942333851e-01
6.361227038348229446e-01
6.307668726267114945e-01
6.249798583186076950e-01
5.895444884044052092e-01
5.415530600217483004e-01
5.168255467712611351e-01
5.805377748482246636e-01
6.448456458571129035e-01
6.593111992553715162e-01
5.683211019401641639e-01
5.971421303372735911e-01
6.417471260069800287e-01
6.730849289367601962e-01
6.284839613326251850e-01
6.401081208651634435e-01
6.032385738883018211e-01
6.061930959680640330e-01
6.656809197451404314e-01
6.067267735702162046e-01
5.579491521092265760e-01
6.184121857636156738e-01
6.509480803745345545e-01
6.600987576176369220e-01
6.535119011785940346e-01
6.416990055643697621e-01
6.493853742523489903e-01
6.681434949877091967e-01
5.490322309109800791e-01
6.241868736405081775e-01
6.742356072025940117e-01
5.482549479457364816e-01
6.436032744449745602e-01
5.069385451044623458e-01
6.172099199915449530e-01
6.417101594837407719e-01
6.751850663321655732e-01
6.255162441526924688e-01
6.704718240916506256e-01
6.713284736830562593e-01
5.990409182787855835e-01
5.639535651710664288e-01
5.843369318033357906e-01
6.230506971433118490e-01
6.535691798488529880e-01
5.410978885463474386e-01
5.567938057000978436e-01
6.304308859291557487e-01
5.995595780963569599e-01
6.567539296911966140e-01
6.526659686614534328e-01
6.290898141646009689e-01
6.210424987912512851e-01
6.655006939594978466e-01
6.561885296871379225e-01
5.472435395099256583e-01
6.248413764205178467e-01
6.756169090618949769e-01
6.636495387436380788e-01
5.430803624995307333e-01
6.651831573273696563e-01
5.220435371397847968e-01
6.534524553773526367e-01
6.208093445947659994e-01
6.669365866243550656e-01
6.315606623251899254e-01
6.013619166701147378e-01
6.466589172833084875e-01
6.651509114144922297e-01
6.315815666385629079e-01
5.809942932515138603e-01
5.934950070139819456e-01
5.965953840572437716e-01
5.869317365291838451e-01
6.526219836531137464e-01
6.149176672596770032e-01
5.755161893831461928e-01
6.408298184899705596e-01
6.632886145332507200e-01
5.690226404431324436e-01
6.713907248164914243e-01
6.123354538091460020e-01
6.751286756698262614e-01
6.718185749396532458e-01
5.827843490210503630e-01
6.573692998397168141e-01
5.967030527784666916e-01
6.267611467486241539e-01
6.447700348884261023e-01
6.295184700802738398e-01
5.881546290607955196e-01
6.575489801856368999e-01
5.678988232407841119e-01
5.404531373488921098e-01
6.376920653279646301e-01
5.819257581034087412e-01
6.025286141491631442e-01
6.737163798825255290e-01
5.479182446261966488e-01
6.711927686488599054e-01
6.607016483419010378e-01
6.662281844069185555e-01
6.472403715183492334e-01
6.739220309811669862e-01
6.260671394531645007e-01
6.241120119323214643e-01
6.124755034356592631e-01
6.258541594052270396e-01
5.895173607167064622e-01
6.368142640989309378e-01
6.190401590268953536e-01
6.009850855204303954e-01
6.542489403738757092e-01
6.732455184862219388e-01
6.533071404275112570e-01
5.578537367809939251e-01
6.689548364620199195e-01
6.419339116575567550e-01
6.262911883743156327e-01
6.032866379096893938e-01
6.413262036967000146e-01
6.421489536784275032e-01
6.493310002604512077e-01
6.500920399648502102e-01
6.014720894212781666e-01
5.155212494427888759e-01
6.613659402562377387e-01
6.474064507278267655e-01
5.994195345473222192e-01
6.724066149120021540e-01
6.395910193843493685e-01
5.872827353804604966e-01
6.503164444734326199e-01
6.558735694795674309e-01
6.174339498950256466e-01
5.814748658475440424e-01
6.177801543512323468e-01
6.605963494290865157e-01
6.548667850078675468e-01
6.118451626808720789e-01
6.753625576865218694e-01
6.652193802873221928e-01
6.571612386304852560e-01
6.101249554070349301e-01
6.527233060328750947e-01
6.444418566656641145e-01
6.584173007111655540e-01
6.443672632898682640e-01
6.407623103476006721e-01
5.854011937972927182e-01
6.044639444464399158e-01
6.563935657324421191e-01
6.738979126635078476e-01
6.453769837609266702e-01
6.183968084284588995e-01
6.280541138622496300e-01
6.234272719686911879e-01
6.388388646966194351e-01
5.579348274352646797e-01
6.305825645116019951e-01
5.501074526357215833e-01
