5.073149705324330183e-01
5.113007335143896492e-01
5.224026583515883893e-01
5.248325618729029474e-01
5.174496505299697180e-01
5.080932363307814059e-01
5.133347127022881429e-01
5.168286111543151096e-01
5.192472292046632631e-01
5.184419271568465604e-01
5.205124725874087366e-01
5.170228056699923691e-01
5.247751376766921494e-01
5.105080490509741331e-01
5.195883877694352782e-01
5.160701796225912741e-01
5.237060994733322428e-01
5.150580962942676866e-01
5.226525281379875709e-01
5.238337593921995605e-01
5.115949298989964644e-01
5.173723043848473813e-01
5.191026338442057408e-01
5.153863037760308963e-01
5.229835294251606870e-01
5.016671967803936205e-01
5.191949093692814765e-01
5.065745347389032371e-01
5.104759831576624052e-01
5.248014565696557110e-01
5.201196340169239596e-01
5.197117741646279931e-01
5.129453265969662334e-01
5.237444411291382051e-01
5.147250929246879325e-01
5.149824864996631613e-01
5.164015628793811041e-01
5.180935556980209578e-01
5.061794119544240633e-01
5.245392682239654603e-01
5.221841019953560314e-01
5.233361247014922668e-01
5.202779941026032251e-01
5.124495712407716175e-01
5.209168226103280119e-01
5.173197495986843197e-01
5.251782433781210235e-01
5.163377678052955000e-01
5.213641366677213007e-01
5.237573042224276110e-01
5.254960161897799242e-01
5.164710936076789549e-01
5.179640540169840879e-01
5.134056831986409941e-01
5.022424846295826528e-01
5.179637749286166715e-01
5.222336563992173719e-01
5.132270673651001536e-01
5.209683635727638817e-01
5.209282997241995172e-01
5.231434753135550952e-01
5.141616105095631051e-01
5.149857301602195347e-01
5.242186320836180746e-01
5.174628661986118150e-01
5.097614677705907260e-01
5.100529807537855786e-01
5.139221805026257250e-01
5.034172517005855996e-01
5.216593131922662163e-01
5.114854329718441228e-01
5.140550587501869773e-01
5.013457365064795113e-01
5.062417601198193617e-01
5.208316055191917204e-01
5.234211532276589196e-01
5.104727071050695342e-01
5.209810345246506103e-01
5.147803556948774562e-01
5.119491275644990624e-01
5.084543918301908105e-01
5.158142469996657153e-01
5.179742196756549344e-01
5.042695074443502845e-01
5.255404195925464927e-01
5.090581284203805623e-01
5.181550793670428590e-01
5.170550752622563584e-01
5.229641253180338234e-01
5.218076251032843782e-01
5.158654756631798621e-01
5.231242438199675826e-01
5.161837795227447456e-01
5.213915134609568014e-01
5.190105731374675679e-01
5.048605679658388912e-01
5.139715506523048205e-01
5.150518522497443685e-01
5.197886497808852369e-01
5.104150622278050831e-01
5.216566813428881177e-01
5.229486988116912594e-01
5.240702384327281527e-01
5.252141135645146397e-01
5.221792813756256368e-01
5.152494363004088695e-01
5.256246496031311555e-01
5.213775858688290965e-01
5.184208495753308554e-01
5.237271283040895176e-01
5.201932785072567178e-01
5.050432473576815795e-01
5.226882491711276613e-01
5.146236947236856318e-01
5.245243581628267204e-01
5.140056348346727644e-01
5.182213630456110609e-01
5.059672817100837605e-01
5.197022687014415387e-01
5.077209077306285012e-01
5.105810752993206192e-01
5.189720932118380148e-01
5.247132084936010354e-01
5.037758832100887041e-01
5.225663011995748120e-01
5.150150087581613079e-01
5.145685901680790986e-01
5.121691913923442918e-01
5.123207931396558390e-01
5.220785246542125613e-01
5.188280067104767967e-01
5.116571011326397356e-01
5.214025612568605750e-01
5.124192244160332699e-01
5.235317821631891855e-01
5.074177844441770668e-01
5.076279642274719173e-01
5.077222220328133639e-01
5.006241953050203364e-01
5.082587191297099904e-01
5.211397400318675821e-01
5.081899336335062856e-01
5.032970813417386724e-01
5.109579549879030846e-01
5.228185640765692366e-01
5.099929286057393041e-01
5.056115318553090487e-01
5.185204754984757969e-01
5.170609587199590518e-01
5.043756027071272241e-01
5.175642218378507797e-01
5.208833856302772514e-01
5.224159040630759199e-01
5.179860089005973167e-01
5.160251713538339668e-01
5.225921437411432668e-01
5.235248693236264073e-01
5.236730563841248687e-01
5.134405248971624092e-01
5.130655750018509043e-01
5.187027892298878839e-01
5.051888477376549336e-01
5.062761025381773416e-01
5.105448933480147833e-01
5.130767000605602757e-01
5.239050006511999369e-01
5.107396129531110995e-01
5.062761001361860691e-01
5.239166785195716880e-01
5.116952212796781474e-01
5.112202933418615869e-01
5.253756205375930133e-01
5.233408164334474311e-01
5.244362665070272378e-01
5.153552903221738646e-01
5.198614089484252521e-01
5.112091848453858001e-01
5.228018376998260219e-01
5.155170293739128606e-01
5.254973295354306018e-01
5.197283013706476273e-01
4.964770470207872100e-01
5.222808520672553856e-01
5.146206141459865879e-01
5.218325700912596066e-01
5.228846442469009537e-01
5.079958685813176222e-01
5.068363786850667019e-01
5.197831956111433893e-01
5.245212376351363615e-01
5.169705601315437438e-01
5.148784445093301798e-01
5.162460967155407809e-01
5.149397355449321090e-01
5.094075657686846226e-01
5.090899824814582031e-01
5.168294860880034980e-01
5.256382633792586745e-01
5.026693490380244045e-01
5.171354684147757563e-01
5.098359774384725318e-01
5.231327746786742505e-01
5.139889273398652314e-01
5.171808068886876164e-01
5.202589443013958537e-01
5.199529793016682833e-01
5.208370898229305324e-01
5.137901041440960936e-01
5.254605074888031302e-01
5.148407054279845463e-01
5.109715655523084932e-01
5.133145226986709497e-01
5.249652942832121472e-01
5.254497111004791110e-01
4.929491437944651944e-01
5.126371877277704492e-01
5.159706208856935650e-01
4.986529652440468974e-01
5.196584018054443144e-01
5.185403778751691561e-01
5.241972608393593580e-01
5.164604595362903838e-01
5.195137639874529700e-01
5.250598232847437652e-01
5.132561303574444400e-01
5.211259448085935331e-01
5.113288449676125502e-01
5.086556388060823330e-01
5.160392473307258143e-01
5.078977749759717719e-01
5.131938378362640440e-01
5.090010713759769434e-01
5.228161462231426526e-01
5.179162590470525185e-01
5.127375950838017893e-01
5.045285928642523343e-01
5.193779249188357205e-01
5.215167955735944272e-01
5.193719626565237446e-01
5.085130802331442323e-01
5.161010695039155438e-01
5.110829328576393937e-01
5.214701606888557661e-01
5.239701785370254328e-01
5.176653151419448040e-01
5.174087535133891080e-01
5.143558671954282513e-01
5.164780483384108223e-01
5.200557467093299691e-01
5.251600684270056885e-01
5.063057112777852309e-01
5.229795399252580301e-01
5.164657555841934977e-01
5.238143042656403514e-01
5.241771111247415238e-01
5.237206499509756696e-01
5.197239650937730548e-01
5.029414697809346801e-01
5.232573134587810149e-01
5.107235979450749364e-01
5.234246270372867604e-01
5.232787820557253111e-01
5.111937972889346593e-01
5.135308738444278598e-01
5.111128156974693582e-01
5.140826207934853231e-01
5.093898097124897051e-01
5.197800424194417568e-01
5.182278893810775555e-01
5.183768421469715504e-01
5.176488177118399037e-01
5.087362093882477065e-01
5.131730731646807486e-01
5.197810870567506347e-01
5.220501385799161120e-01
5.192991625078402507e-01
5.169406689596938165e-01
5.078716441995261288e-01
5.103171821363119420e-01
5.105043422041176671e-01
5.187769234872515733e-01
5.216426872681483307e-01
5.232540787006155769e-01
5.175475752193779977e-01
5.150991825954657211e-01
5.183086601004670557e-01
5.128183144759707046e-01
5.069703733466456308e-01
5.116130407506603861e-01
5.171803185134411507e-01
5.210008055877985989e-01
5.213127077775541185e-01
5.113975860001154228e-01
5.098792031431336191e-01
5.217963443550502900e-01
5.210185462928433875e-01
5.124876741326137575e-01
5.064503018416374180e-01
5.182500867259480781e-01
5.196997038729935792e-01
5.221204747467373952e-01
5.221401085350956262e-01
5.160287793551013857e-01
5.136031397539575494e-01
5.128571451702128581e-01
5.219628897828618719e-01
5.218118382328232885e-01
5.191307095093394830e-01
5.206973845533952039e-01
5.081024789872268244e-01
5.196498680771517442e-01
5.158709845660942594e-01
5.197054113600452219e-01
5.077727151208416556e-01
5.223041131686860794e-01
5.121588105468798391e-01
5.221556140528956780e-01
5.217407661094042304e-01
5.148835493283244746e-01
5.220998014669853138e-01
5.242836490224529467e-01
5.231805603392902793e-01
5.251871295813097529e-01
5.108757698193602259e-01
5.202239941772768272e-01
5.237988631644420190e-01
5.198595912026845456e-01
5.178183438756394086e-01
5.220708520711676570e-01
5.130849922785416517e-01
5.050535553515057563e-01
5.198082549964399002e-01
5.195061213903293673e-01
5.250684054236743892e-01
4.986942936220961076e-01
5.119843261369844134e-01
5.202412498117463535e-01
5.121428618366619112e-01
5.254735503766586602e-01
5.226090529416875796e-01
4.984514172918156905e-01
4.954736350704139758e-01
4.956515126478363009e-01
5.076448364952002024e-01
5.199183151095387867e-01
5.193116470003085183e-01
5.112248615216103964e-01
5.202729884002055272e-01
5.061206915925544614e-01
4.974508087428701764e-01
5.144505313394236445e-01
5.239517996308251657e-01
5.135750876605530424e-01
5.244894665820138968e-01
5.234157083151738110e-01
5.111958223327748296e-01
5.082956652267324182e-01
5.212367654220619873e-01
5.213209573666994778e-01
5.176589389851694589e-01
5.230512845315838932e-01
5.251897014696160770e-01
5.200308652717164914e-01
5.167463907351427244e-01
5.201020707530331633e-01
5.173006730871072545e-01
5.129203845342082957e-01
5.041913345548152403e-01
5.166066904284497552e-01
5.072192076450140474e-01
5.141481886481304997e-01
5.176721658095394529e-01
5.100746178003795483e-01
5.030533566341796048e-01
5.208038983084986029e-01
5.048506158993475434e-01
5.019965512019991527e-01
5.140314529634927299e-01
5.121809119487392703e-01
5.085803355454361352e-01
5.176901182300283066e-01
5.249605311807316044e-01
5.254827610213291811e-01
5.155204591976316753e-01
5.140628933671460565e-01
5.086737587933353177e-01
5.151242381415858107e-01
5.241236324680079717e-01
5.193901365401623060e-01
5.147987252977749284e-01
5.124465185809107259e-01
5.124004367859786857e-01
5.132177770079887624e-01
5.137090455090584928e-01
5.253615911159508212e-01
5.144600054591054183e-01
5.249099283858691400e-01
5.236952040323968882e-01
5.115509395505001278e-01
5.195949993517522403e-01
5.219272673291515119e-01
5.133369440497328462e-01
5.242809305419682264e-01
5.233359748986636806e-01
5.094456818625379135e-01
5.217045503161328313e-01
5.090172441645136603e-01
5.174326492202612204e-01
5.106048415631830872e-01
5.233693984723370995e-01
5.246795211470707265e-01
5.229461368504234597e-01
5.250364040995506576e-01
5.166139118616062120e-01
5.099364615463047867e-01
5.087080450050505132e-01
5.191339914380090903e-01
5.204185321698692190e-01
5.116897403757034724e-01
5.251844087946730966e-01
5.180142009878273557e-01
5.228715893765486511e-01
5.070057146968691697e-01
5.148512637281876803e-01
5.157111703677919046e-01
5.104760121247319260e-01
5.226161671811281328e-01
5.069176758195762522e-01
5.186600631134102857e-01
5.090417930647812561e-01
5.076885913565600816e-01
5.027338354698449585e-01
5.067004921338218448e-01
5.252673617397857209e-01
5.216410736419103689e-01
5.175129368877146030e-01
5.201111038726323743e-01
5.214158662899072150e-01
5.186822295295331342e-01
5.168354120816055497e-01
5.173285510245415608e-01
5.207911671539590115e-01
5.195702894282334672e-01
5.135920045268923539e-01
5.136510086275842824e-01
5.198844900387299406e-01
5.152254936282412157e-01
5.216930927884886326e-01
5.096537665448362953e-01
5.250920793223896599e-01
5.136176473840567969e-01
5.165048533315376167e-01
5.045392033238128571e-01
5.223189517462978326e-01
5.204321554949750128e-01
5.149144802122050946e-01
5.064896337120634584e-01
5.009661789958474998e-01
5.170469203776066891e-01
5.065785288145634446e-01
5.203223187779528747e-01
5.066535298035825807e-01
5.150954998588834766e-01
5.137162213341108785e-01
5.159135013023331551e-01
5.246465132381574747e-01
5.114284995167411862e-01
5.249380366075702131e-01
5.236487711306585524e-01
5.233057530370582855e-01
5.151972235614075135e-01
5.136678824594428372e-01
5.184217121652181515e-01
5.053056042913077750e-01
5.219796022819895853e-01
5.149641249219025774e-01
5.111206563169105044e-01
5.128096017776382354e-01
5.124875241739429432e-01
5.098350551034983580e-01
5.022550127704431544e-01
5.099872573294191858e-01
5.122014862098378529e-01
5.223031100937315374e-01
5.254764301220123945e-01
5.241951479523645485e-01
5.215554873891513621e-01
5.184924649926494489e-01
5.144689121138801280e-01
5.201439730168313513e-01
5.106469101412658418e-01
5.199068310051044861e-01
5.252073443968829913e-01
5.154920519878823937e-01
5.226699929700266978e-01
5.221898744303358209e-01
5.062488643288101109e-01
5.181261233492756579e-01
5.210964869528145194e-01
5.207319051414849298e-01
5.175209954764364850e-01
4.957351366349803112e-01
4.945305214270374061e-01
4.990591270939391255e-01
5.161143957430522899e-01
5.133153832104165870e-01
5.204915640666714083e-01
5.216440401297884888e-01
4.996213786465829587e-01
5.225664409558493650e-01
5.136398541052117350e-01
5.093669321246709902e-01
5.238084175809190057e-01
5.130094956306776588e-01
5.242000085455005287e-01
5.201076225858376478e-01
4.975513195086763707e-01
5.119486721039376853e-01
5.201270256055056107e-01
5.148090378784880849e-01
5.251032734916906142e-01
5.172592637020062556e-01
5.073047146607676527e-01
5.217232155322009124e-01
5.219943500209995868e-01
5.089233574189336862e-01
5.254718771141103639e-01
5.253449107662614415e-01
5.253829075470448640e-01
5.195621795925227104e-01
5.195549955414205945e-01
5.255152294024156845e-01
5.225838183286982686e-01
5.245650308704120635e-01
5.100178164086348609e-01
5.158575925658407391e-01
5.152053391595096121e-01
5.099633318412796212e-01
5.239367025707718506e-01
5.244730679571225629e-01
5.090853958137721014e-01
5.004944774683169895e-01
5.219412799275611192e-01
5.044111693819589570e-01
5.189085957634580470e-01
5.247361626804535328e-01
5.161958305230355259e-01
5.242500744359395171e-01
5.125481707998483794e-01
5.232676989812317103e-01
5.214691353485045866e-01
5.220150289581227954e-01
5.052561163470562500e-01
5.080543610554409950e-01
5.124472296638841184e-01
5.023373174069231117e-01
5.094031144692852120e-01
5.062242553562402714e-01
5.123089122948949470e-01
5.169998620724475247e-01
5.143186076960631903e-01
5.147085898117629288e-01
5.193512303884173509e-01
5.223039705796307386e-01
5.231168259806213694e-01
5.160189883350808637e-01
5.179318725772650289e-01
5.050149528010113853e-01
5.152841295302282854e-01
5.014557869332446627e-01
5.140016895542010023e-01
5.170070616859896440e-01
5.206855571903060698e-01
5.150372434567093149e-01
5.192700468149680226e-01
5.249933374972904909e-01
5.181976125409085698e-01
5.152099636706313213e-01
5.228041259460214363e-01
5.068935739651941885e-01
5.234242443605309214e-01
5.072659366676443016e-01
5.142144491340097101e-01
5.130984688407721483e-01
5.072735318231514912e-01
5.206832332342101743e-01
5.253551572398229563e-01
5.062138142011228803e-01
5.117436182580009651e-01
5.231461641379366867e-01
5.171685978844605680e-01
5.196258541622138516e-01
5.082512946071511273e-01
5.222741416144807136e-01
5.117450495171936842e-01
5.120970653400399586e-01
5.199581161646215088e-01
5.127217047250888227e-01
5.252403778553859093e-01
5.111946860173675056e-01
5.255391989112333517e-01
5.234106325477831945e-01
4.996282009466812557e-01
5.127712624664676477e-01
5.097735258128316405e-01
5.252380320424683280e-01
5.127755687167797616e-01
5.254072734376706855e-01
5.036570937811454263e-01
5.226283606385565550e-01
5.196291424120321745e-01
5.251034193204042744e-01
5.116680528323143129e-01
4.970501587757285011e-01
5.208813054189472824e-01
5.148369962369728770e-01
5.062183760183707193e-01
5.179430100665205483e-01
5.144822725364119886e-01
5.147292876553792862e-01
5.202545085136838221e-01
5.181717944780387386e-01
5.090502216931999113e-01
5.203719984827459566e-01
5.206987078847620243e-01
5.190882485343295549e-01
5.202396402944597931e-01
5.238195920110755299e-01
5.230195871407817831e-01
5.196103717352351659e-01
5.145251489010295165e-01
5.070719349431928036e-01
5.066528057415333741e-01
5.198939487777402002e-01
5.230375005495344620e-01
5.218266096933521503e-01
5.206827075650996006e-01
5.200369404323075262e-01
5.131332090134477220e-01
5.131440410247279926e-01
5.219552439311305747e-01
5.175446878464673439e-01
5.090853045982796088e-01
5.202350126383291640e-01
5.194382352960361660e-01
5.250942991197197207e-01
5.035406487437550371e-01
5.247140151645377504e-01
5.044299507936327309e-01
5.183076177468823875e-01
5.143642970769987111e-01
5.225180483181912638e-01
5.031729475191903944e-01
5.247691959686149321e-01
5.233710503485701215e-01
5.030575347337886694e-01
5.144051588491154181e-01
5.230547513306400553e-01
5.218951033377537962e-01
5.190359312059075192e-01
5.210466737735779397e-01
5.157906553354923984e-01
5.242509370414678571e-01
5.111415057058202871e-01
5.095201041812126297e-01
5.183939390061798047e-01
5.143565893563064595e-01
4.987349929762758816e-01
5.197659091374179363e-01
4.987578394449158070e-01
5.245284133211318700e-01
5.223037312615225192e-01
5.217259757433765355e-01
5.192038990360223760e-01
5.200264396736592465e-01
5.133092702513881722e-01
5.155626761270569736e-01
5.255468646625073292e-01
5.055482227421577157e-01
5.049032362511017835e-01
5.239863816646688210e-01
5.115728658307119314e-01
5.032794381997687250e-01
5.253975062260454187e-01
5.155389492721270672e-01
5.052909215706121726e-01
5.024492216410073597e-01
5.033622284666455782e-01
5.130349860046656829e-01
5.145832808988121121e-01
4.997710553288248203e-01
4.982796012607703107e-01
5.197041082564700654e-01
5.104595465306263069e-01
5.069570777689154095e-01
5.110150679754236203e-01
5.073206298844450401e-01
5.138681104504276842e-01
5.165244883407070775e-01
5.022618677133405818e-01
5.255928991444231979e-01
5.238031959598363763e-01
5.254434224943071996e-01
5.104893328728018487e-01
5.110120416737267135e-01
5.232370415284191001e-01
5.080446718248273763e-01
5.155267447912944556e-01
5.015137138398707561e-01
5.246662642463159054e-01
5.118539100857696367e-01
5.239209806092554045e-01
5.108393287472046129e-01
5.144975247611422997e-01
5.083018623536305070e-01
5.138769009637849106e-01
5.146562278259628753e-01
5.191722271663198329e-01
5.046798285067204404e-01
5.120602026828079412e-01
5.227625091039591609e-01
5.243166835674554216e-01
5.225002352028526031e-01
5.203707685184205678e-01
5.185051350816528570e-01
5.119411849113073565e-01
5.234584576005201217e-01
5.160675291714771351e-01
5.196200489942041090e-01
5.207559085076465255e-01
4.962210614089264671e-01
5.190561541683585967e-01
5.101993485816077589e-01
5.180482069777571086e-01
5.233231525685915209e-01
5.247907273709203624e-01
5.199405384612281189e-01
5.179379292688311986e-01
5.209643521835380930e-01
5.227316834573235704e-01
5.151585574200679973e-01
5.172323528494061629e-01
5.239146716518098268e-01
5.255000120379806905e-01
5.032213694991028996e-01
5.236994935513078486e-01
4.988068228790268344e-01
5.133879984146335618e-01
5.248326935743413690e-01
5.072722334272924405e-01
5.130495591890419371e-01
5.136027490971947218e-01
5.234690928259770892e-01
5.227718239523935218e-01
5.126357872243507696e-01
5.209546736388750432e-01
5.217117094314003278e-01
5.075162266409651846e-01
5.238234474537533103e-01
5.163853712494566039e-01
5.247221772172324661e-01
5.224532855742476389e-01
5.176758151897549176e-01
5.178646362953245319e-01
5.117306052812828909e-01
5.100033881954075810e-01
5.177407582575064282e-01
5.207405475534485628e-01
5.100269954886206270e-01
5.164889421201197539e-01
5.255713374559167761e-01
5.021180742672943786e-01
5.245939502611224325e-01
5.097480550271974442e-01
5.249265476074577164e-01
5.077716419174896911e-01
5.191796894858623501e-01
5.208821361050050003e-01
5.013175751396848900e-01
5.068405005200070645e-01
5.060546689178269109e-01
5.042584271956713771e-01
5.224777010971031199e-01
5.195291535121210336e-01
5.181459363904393767e-01
5.096941819637378357e-01
5.078100879380992305e-01
5.125698658891985060e-01
5.201617502615710764e-01
5.055226635364148402e-01
5.154357010098464809e-01
5.203235017866304490e-01
5.082250568054352824e-01
5.121408680374098799e-01
5.255297201933440965e-01
5.234999511424986984e-01
5.119693314908713155e-01
5.161822352000822178e-01
5.165164824902543916e-01
5.206722474408491674e-01
5.220616619920197543e-01
5.055666014807727038e-01
5.102646464714523100e-01
5.251881149742897437e-01
5.255042479031718505e-01
5.212766624397617843e-01
5.248582655561179200e-01
5.181391975860648591e-01
5.075053685442701967e-01
5.104215863826968569e-01
5.125773155828926564e-01
5.091498277273929229e-01
5.109543843597789126e-01
5.206144217079454739e-01
5.184899780291643001e-01
5.175465652311035392e-01
5.198841137896212938e-01
5.223971313217683488e-01
5.169857575329622756e-01
5.086475813358343201e-01
5.092721896405120185e-01
5.205003742510103670e-01
5.065570924927564889e-01
5.223756229506894000e-01
5.220561126450840028e-01
5.180744776585989309e-01
5.166322339849441780e-01
5.037921422059880028e-01
5.012552719537334278e-01
5.044122627581856255e-01
5.117002422516779836e-01
5.242859391785155143e-01
5.162308367181591695e-01
5.204095930369512235e-01
5.199876691645748394e-01
5.236027902935914691e-01
5.219096916323422430e-01
5.244928132225273876e-01
5.194021201642969876e-01
5.249206133821251452e-01
5.206161719719306635e-01
5.163562040251421514e-01
5.205369082484420096e-01
5.229148960554054204e-01
5.207450651419531784e-01
5.137209882829125718e-01
5.159868803624174660e-01
5.187512870825248257e-01
5.170738071285817528e-01
5.080066983241282585e-01
5.198660807328889799e-01
5.201901347686178623e-01
5.203678669389507627e-01
5.145697618819757846e-01
5.252486508740432658e-01
5.167179402528402354e-01
5.229947959265096591e-01
5.240075704063774653e-01
5.215875195618332461e-01
5.098215456574800575e-01
5.181877807440996575e-01
4.976280540717042955e-01
5.155470372592535488e-01
5.217412872945654811e-01
5.197015199391922247e-01
5.239611238492800638e-01
5.160582636176128668e-01
5.116333372284939118e-01
5.242447794455131760e-01
5.195181660576109195e-01
5.065602282532176703e-01
5.143902333720160591e-01
5.248208078782718999e-01
5.046437917000511364e-01
5.203161307192969431e-01
5.093595010816657220e-01
5.233608150980703089e-01
5.213083871872009611e-01
5.112330347565791078e-01
5.230696262932307272e-01
5.254006404115512119e-01
5.125183860141506731e-01
5.181982043050323838e-01
5.127559459421263677e-01
5.223552741417534229e-01
5.172783299326978446e-01
5.223270603894412112e-01
5.192465387583570235e-01
5.122639797397685602e-01
5.188566677720684028e-01
5.160593911286257551e-01
5.190022532818265866e-01
5.026105440454025075e-01
5.243440488607301608e-01
5.254990627998755715e-01
5.217921417399639106e-01
5.116542083679550545e-01
5.192068818837065614e-01
5.163795855678068314e-01
5.229327922415158980e-01
5.185805621218799732e-01
5.135459419984788054e-01
5.171490085504859557e-01
5.199225143756684986e-01
5.022937542113534715e-01
5.217881528418059078e-01
5.129743433449290846e-01
5.141905459028844882e-01
5.211624857470135153e-01
5.236422379307084096e-01
5.156083666676566368e-01
5.219758710344086783e-01
5.250432947063453648e-01
4.986655031242318015e-01
5.246438023945391160e-01
5.163127931663656911e-01
5.093840355526769725e-01
5.210020857827107887e-01
5.224179604682355205e-01
5.093564577888979317e-01
4.980233910273417219e-01
5.250654083850019305e-01
5.223721831047392072e-01
5.242972885030965369e-01
5.256470241850224046e-01
5.246681868072748944e-01
5.160425062802571627e-01
5.195023748019159671e-01
5.207310331627584832e-01
4.946354022941403805e-01
5.239425364824080722e-01
5.220807082893215156e-01
5.062169746065954268e-01
5.250977338126109339e-01
5.241831332295918688e-01
5.176874743270842849e-01
5.238820285998218029e-01
5.253107583024304583e-01
5.119038311245830419e-01
5.245757954677011670e-01
5.016834795327788088e-01
4.993773572119886706e-01
5.137371590733255111e-01
5.209470245863905280e-01
5.194795273379981815e-01
5.203700198196222759e-01
5.185982333640615227e-01
5.100668350160797448e-01
5.116626411222079396e-01
5.225900457937067145e-01
5.158220299279118182e-01
5.216707872717618599e-01
5.000433757199349571e-01
5.185806631880883755e-01
5.211454796602286166e-01
5.073738928074732479e-01
5.191629931813471766e-01
5.082209091904300591e-01
5.190010302540820630e-01
5.230971777264921130e-01
5.227298761754538559e-01
4.979533644886309229e-01
5.091918954267855568e-01
5.175579613030404369e-01
5.203273314834406804e-01
5.165055263548091746e-01
5.029773612796699656e-01
5.152038195728960712e-01
5.145474765527101590e-01
5.117765777705459707e-01
5.219507823651970968e-01
5.191518651070987644e-01
5.227174779570804564e-01
5.012542792037325556e-01
5.007381840911948601e-01
5.059582391331444162e-01
5.087729499069313377e-01
5.140686417425067711e-01
5.113149882943940350e-01
5.230658312749354444e-01
5.105120572944398250e-01
5.144133724969675026e-01
5.162449941748558091e-01
5.229573358976911113e-01
5.158947734398662277e-01
5.230339261397644046e-01
5.197624370957374396e-01
5.079888280250028920e-01
5.230310901253856226e-01
5.141107363820329734e-01
5.203810513722233466e-01
5.249673338667204536e-01
5.128380248345895120e-01
5.105588769638825797e-01
5.249815696547103228e-01
5.070711491972325069e-01
5.183322719678764567e-01
5.066657442026716307e-01
5.035092541319905468e-01
5.225097161797875867e-01
