2.116017898054323165e+00
1.875555491623134063e+00
1.354690285572377917e+00
1.367164081087807181e+00
1.829949979589855946e+00
1.896878029127714083e+00
1.705517269614797105e+00
1.868704878905802724e+00
1.628548349018722696e+00
1.723059363877076366e+00
1.304504001494706911e+00
1.006683880779610574e+00
2.349320047295794467e+00
2.067750903605040325e+00
2.159869084023942953e+00
1.172039234598100110e+00
1.348362574225461241e+00
2.488639620828227539e+00
2.045012426902256930e+00
1.132075179639633777e+00
1.380961383009064125e+00
2.518363110119110182e+00
1.579318754738945341e+00
1.853561136010718702e+00
1.730047828133268961e+00
1.909199012109397797e+00
1.466218107261808123e+00
6.396729142493301490e-01
1.939690987558688740e+00
1.478467139024358667e+00
2.501812982877347213e+00
2.318429737481402686e+00
2.177638490610466437e+00
1.953550448061159184e+00
1.838483361707868191e+00
1.373911292386578831e+00
1.044661565144092696e+00
2.146212626626777364e+00
1.466579948921880483e+00
1.622052540780551277e+00
1.261821525690204560e+00
1.208266530776161529e+00
1.731786154696466795e+00
1.754497484825392695e+00
2.461064651020250960e+00
1.415216943273339023e+00
2.136152289924496905e+00
1.252226445433746616e+00
1.445233951339073730e+00
1.525541425235320325e+00
2.260353391774739595e+00
9.787050667949862559e-01
2.418266843240187036e+00
2.001024141606877471e+00
1.282269683104804381e+00
9.310717599797836419e-01
1.919485727443933420e+00
1.337592352579231259e+00
5.471838893694646044e-01
1.405241586188467950e+00
2.032368830822496975e+00
1.954872008400730721e+00
2.027451781855562629e+00
1.352514992036637054e+00
1.232865251845412402e+00
1.999937111844050097e+00
1.197707836381669333e+00
2.276956881663114718e+00
1.359447603329274390e+00
1.856325257701492815e+00
1.238817742976516811e+00
1.446511613048280909e+00
2.539219918323817993e+00
2.070068892786014914e+00
1.166980099286865302e+00
1.275253619855161613e+00
1.237407198480106718e+00
1.660956273121370508e+00
2.478399416701637659e+00
1.272845328654690800e+00
2.386481023342533536e+00
2.408250321834115582e+00
1.590066182697401853e+00
9.478643303758877980e-01
2.475417352783684244e+00
6.882824198512931257e-01
1.991116298871107526e+00
1.113164779118439585e+00
1.899157635659390886e+00
1.487810395653105688e+00
1.307996470477417850e+00
1.256424026482619860e+00
1.753788379102090955e+00
1.324245687192293852e+00
1.923875878564349495e+00
1.779074718044845627e+00
2.146839553023247138e+00
2.489466675477482127e+00
1.412862208711434642e+00
2.336744262041264619e+00
1.160131029534303027e+00
1.315618993178989227e+00
2.480827983983066698e+00
1.317329097161220375e+00
1.444990998809904781e+00
2.123893088621060077e+00
2.136654527511641533e+00
1.258773401046157314e+00
2.164723239724727133e+00
8.190109776238949646e-01
2.484593686312207783e+00
1.045576065571684587e+00
1.225753971228703110e+00
6.269828476212266910e-01
1.512173695288112407e+00
1.390366848034868097e+00
1.944830045042503786e+00
2.239643083810004764e+00
1.986183178823082374e+00
1.945028648887745515e+00
1.547728901191210316e+00
1.589576264989268184e+00
1.971942555169750921e+00
2.194152231742016568e+00
6.740133124262065456e-01
1.292945426341956416e+00
1.508163555129222066e+00
1.683058709832573552e+00
1.884211593853075906e+00
1.630561681242204131e+00
1.380388054359084293e+00
1.311438591937799103e+00
1.342580698821744134e+00
1.226832812416068785e+00
1.412852855533752949e+00
1.915623749604188353e+00
1.819017306595611005e+00
2.313383067325227138e+00
1.306359702620932595e+00
1.268809297904148092e+00
1.609233936888507577e+00
1.339154077958242484e+00
1.234875888168130542e+00
1.665784506590305192e+00
1.227315584962128669e+00
1.889908603797282760e+00
1.356167389138449364e+00
1.439758121135237046e+00
1.553277767606006998e+00
1.898154247646075321e+00
1.124269301777275798e+00
1.321447590696718688e+00
1.754944546140749129e+00
1.296368041669166082e+00
1.686514959532547930e+00
1.341764450422845645e+00
2.080032466234227329e+00
2.340066906715618789e+00
1.107598187624721398e+00
1.796459239209647007e+00
1.291962068748220283e+00
9.182841661741840689e-01
2.168561862852987243e+00
1.418479565072911397e+00
1.907011454702641329e+00
1.690648538860106243e+00
1.536614960178386724e+00
1.313785482168718488e+00
2.264552176220575586e+00
1.362761237588278718e+00
2.532362950589558181e+00
1.226392761005521415e+00
1.948423401347447292e+00
1.287942909230672228e+00
2.431574618104106467e+00
2.019754568043641285e+00
2.278990850618012320e+00
1.214995693573527769e+00
1.973544597456927452e+00
1.592902978239756351e+00
2.404831458903564201e+00
1.224275344301608115e+00
2.508167636026370939e+00
1.312396570073404600e+00
1.732630896144823573e+00
9.655647572686959501e-01
2.425843895734093536e+00
2.155306694707381343e+00
1.740514656025159423e+00
2.381779646815782137e+00
2.128099973789940869e+00
1.548348276924393252e+00
1.320978103983696972e+00
1.440486766149560838e+00
1.300095794825162576e+00
2.500108793662432216e+00
1.466568364991463147e+00
2.352658628532654728e+00
2.040500450176128133e+00
2.197838732144625773e+00
1.610512416260641455e+00
1.545749344362020938e+00
2.388869607162148245e+00
1.568754795912762567e+00
1.728992596945394533e+00
1.620460255743102929e+00
1.399323186074117986e+00
1.320310510435722895e+00
1.520697370840486728e+00
2.203429189906647157e+00
1.760083441452801933e+00
1.746206490976351944e+00
1.691629119536680381e+00
1.575133802639522518e+00
2.273523972292039730e+00
1.713101470109565261e+00
8.970041648834455872e-01
8.735715874529713654e-01
2.463587355858368078e+00
1.677755406773840052e+00
1.243746030916393019e+00
1.344844963758827783e+00
1.535184533024877451e+00
1.225341277126087203e+00
1.232309905942493788e+00
2.005079546962899251e+00
1.797930247150897332e+00
2.129585535850738065e+00
2.448296326798290679e+00
1.434284228676861561e+00
2.107975738294206369e+00
1.687388427681667302e+00
7.919540636930274546e-01
2.329845586941661661e+00
1.418410907608644189e+00
1.156823100154817041e+00
1.558270604892162403e+00
2.406525275750460047e+00
2.528190224972760802e+00
1.598728971302576074e+00
1.415287217812987164e+00
2.266699756870850457e+00
1.474861661377178113e+00
1.983567801162568367e+00
2.332411879882987371e+00
1.030259795895895225e+00
1.625593962731694875e+00
1.364412656176119620e+00
9.814283455534839051e-01
2.116143868435420572e+00
2.479614486058943523e+00
1.459979343000836982e+00
2.139414970480242761e+00
2.528845769093006179e+00
1.477063705451805653e+00
1.823007304441686571e+00
1.959052772558306010e+00
1.831251105653271871e+00
1.028112812176057878e+00
9.999723919588167087e-01
1.629660428472361255e+00
1.796580788258098416e+00
1.656687288158508409e+00
1.322675053866857464e+00
1.118986101949810852e+00
1.928559134064481873e+00
2.290695037737058737e+00
2.166100959177702734e+00
7.291537591760227643e-01
1.253347941110116714e+00
2.033554815534171833e+00
1.848682819474431582e+00
2.273057512068308750e+00
1.150960316293621499e+00
1.634070909861766285e+00
1.222644857105119165e+00
1.625472107389340337e+00
1.272953798394580671e+00
1.665259849527076286e+00
1.002336631336367301e+00
1.383350151129379535e+00
1.287162950163342812e+00
1.361327580844844620e+00
1.491511735272826433e+00
2.154786134853269974e+00
2.288198646758637267e+00
1.693983236604096332e+00
1.916557191285149120e+00
1.191298809615595200e+00
9.926784870437956876e-01
1.914565125327309936e+00
1.275144280100563687e+00
1.364397334422276398e+00
1.271319210834054747e+00
2.312660234602204046e+00
1.394748043429858031e+00
1.342986415681032275e+00
7.771341735170967935e-01
1.427256481052405768e+00
1.553516466737695501e+00
1.389127094472609070e+00
1.825688943790666707e+00
9.147589515716132436e-01
2.031055483279945673e+00
2.378600397421941182e+00
1.997445316426197826e+00
1.764643506003878093e+00
2.179351840383124461e+00
1.394047307431344862e+00
1.626016872621055098e+00
1.876799295444039783e+00
1.709372763592135192e+00
1.944136089357461072e+00
1.238656643589835626e+00
1.366758028665567837e+00
2.183793864198576351e+00
1.263273247684478129e+00
8.670571067027128542e-01
2.137519739492598436e+00
2.494023704915502293e+00
1.568556233669263111e+00
1.324542251666740222e+00
8.322078661129445054e-01
1.988259119997535240e+00
2.341216872201036470e+00
2.345856790981914131e+00
1.309535211746666761e+00
1.251717632767757493e+00
2.429747424765511976e+00
2.204125604357107360e+00
1.224119219962530813e+00
1.307053777840009312e+00
1.715081555598210850e+00
2.281571159114377245e+00
2.236325648297567081e+00
1.618726999853300930e+00
2.409712088544897934e+00
2.128576245816828916e+00
8.378343784837227748e-01
1.732730625720572126e+00
1.828763149228810558e+00
1.757778383404478451e+00
2.028703592164207148e+00
1.306529122725315517e+00
1.462908627962344665e+00
7.262625981912509410e-01
1.882395553432071766e+00
2.167155604563134830e+00
2.452449933071863430e+00
2.212587100815079033e+00
1.544602124704757662e+00
1.546063001698365635e+00
1.061421876199709180e+00
1.181642855996033470e+00
1.779080109542821475e+00
1.354834385463185242e+00
1.378604357851179296e+00
1.254212125627179208e+00
1.647114974540197618e+00
1.918365348468418219e+00
2.520719493412576728e+00
1.607804600393585082e+00
1.246047391182965924e+00
1.338430463764103795e+00
1.355202227888197219e+00
2.304466044439056116e+00
6.586098283695239752e-01
1.920965655646698522e+00
1.405315751983831518e+00
2.160057208257232020e+00
1.851370667145137983e+00
1.644278389620573932e+00
1.296570500908430068e+00
1.334519120420964766e+00
2.328597989109574495e+00
1.695467444803903323e+00
1.220575533504960841e+00
2.522174776891879411e+00
1.420501515206505472e+00
1.260037599538327724e+00
1.558733506852200135e+00
1.142631154151592998e+00
1.038834800977463724e+00
2.292401382097801310e+00
1.535536730701591024e+00
1.822077018652646263e+00
1.276480173443155453e+00
2.494502261104022178e+00
1.694430082401346072e+00
1.228474214587516933e+00
1.390872996111174986e+00
1.651377482999884627e+00
1.547679954909991329e+00
1.815256824874122987e+00
1.612442809445024272e+00
2.325706531586493320e+00
1.527936786203157649e+00
1.761251144193615392e+00
1.286185368365081461e+00
1.436266683790647480e+00
1.222129855337246163e+00
2.532941732332396612e+00
1.576965871126548846e+00
1.271959059792691082e+00
1.452842594641796214e+00
1.995492756319104943e+00
9.878618113932241540e-01
1.478863587655645517e+00
1.038994944746379989e+00
1.647681118373721665e+00
1.750347329270865782e+00
8.564741307568568551e-01
1.673888695024880802e+00
2.094539143010268667e+00
6.553803615741035093e-01
1.416800255459644386e+00
1.171320275817121059e+00
1.525705357911308901e+00
1.624028376237227622e+00
1.231666042263328542e+00
1.158289219504907708e+00
1.927840302629423297e+00
1.321317565602292410e+00
2.345323884876627130e+00
1.321425847319764868e+00
1.638896158472541886e+00
1.402087761148696821e+00
2.320087257637902134e+00
2.206223326511943306e+00
1.692901984536461679e+00
1.429042119927236287e+00
1.645137487008671018e+00
2.351378696515030065e+00
1.590947955647495471e+00
1.968914834895292953e+00
1.282246074993215634e+00
2.107879338647324463e+00
1.752447217627922882e+00
2.024164755563004015e+00
1.553260944127094145e+00
2.406666679447021284e+00
2.282749543648816992e+00
1.377378557611624643e+00
2.250989060257484908e+00
1.521024936747937151e+00
1.234167023050040335e+00
2.258709569101720493e+00
1.918335762443276638e+00
1.304661926700978469e+00
1.088153935835482367e+00
9.971279810164404012e-01
1.951390908068895147e+00
1.576095582505296688e+00
2.077039977836124152e+00
9.950739427647934399e-01
1.255510822988667341e+00
2.394678847719139636e+00
9.774733840866960399e-01
2.007429420746984050e+00
1.654506745775066401e+00
2.513953372390735908e+00
1.319314694803437993e+00
1.335385219990754990e+00
1.517317676864682774e+00
1.957220417766374343e+00
2.522830429878661462e+00
1.375400637774595980e+00
1.695113535413387273e+00
1.917527511848311939e+00
2.291181953485306177e+00
1.278946756662992179e+00
9.026233097622835544e-01
1.980196137130115552e+00
2.400930610078918725e+00
2.165804177159962762e+00
1.955050899937470721e+00
1.269943536011472585e+00
2.475135328606376195e+00
1.230473914660958012e+00
1.488745463936627322e+00
9.133201903875269867e-01
1.745208150401019065e+00
2.008815037440460305e+00
1.470533634876669993e+00
1.556821386098142801e+00
2.362615323207145401e+00
7.656704999930672439e-01
1.385145555269190920e+00
2.278425129901051172e+00
1.517350188810949962e+00
1.221765570821431446e+00
1.733223784505116605e+00
1.554756347793250226e+00
1.357798027958082354e+00
2.064003933685939263e+00
1.146031726395985606e+00
2.135574178820024205e+00
2.225317978940583696e+00
1.423981511751484463e+00
1.193220995893711001e+00
1.740125788930969808e+00
2.231387409917652054e+00
1.262574024590911392e+00
1.363254451389454003e+00
1.552830005952748893e+00
1.269744420239377058e+00
2.238058414140381203e+00
1.140236815227293699e+00
2.100784028267720593e+00
2.434990086313109536e+00
1.880397597359353412e+00
1.775783374782504698e+00
1.247078864354831618e+00
1.259062965878519957e+00
1.583811387529094228e+00
2.129370070315580232e+00
1.699223508401376037e+00
1.194746339434183291e+00
1.515553231507191567e+00
1.830344051684725137e+00
9.558199491955763349e-01
2.538263087507242055e+00
1.327537375764297201e+00
8.153694050560496009e-01
1.426410286161736263e+00
1.841518058866250307e+00
1.294494077062866122e+00
9.039998601031984382e-01
2.204645261315735905e+00
9.225161687120254639e-01
1.516697991299132298e+00
1.242547871593847164e+00
2.426168518668777363e+00
1.178142453456669347e+00
1.720933564901558910e+00
1.643273018439329158e+00
2.499956565980983036e+00
1.690507051187998266e+00
1.247254020493238524e+00
1.597838001721904710e+00
2.435556374943605995e+00
1.711707036278650618e+00
1.888592704594059812e+00
1.412373627104462015e+00
1.848633062367512681e+00
1.768295289465996234e+00
2.536674700063210608e+00
1.231654143705560367e+00
2.161437332357358354e+00
9.624055477739006381e-01
1.582302822663649522e+00
1.219371405877970327e+00
1.918423342913490703e+00
1.458779449297483044e+00
1.381032108404282033e+00
1.358043610539012791e+00
1.094105652132181028e+00
2.378757417883566649e+00
1.236678528744298955e+00
1.114193874180358534e+00
2.489184861598818799e+00
2.129964049857631991e+00
1.350718546177373858e+00
1.453301400179910940e+00
2.521389598684029121e+00
1.481498201689713357e+00
1.218769489725332278e+00
2.248544287983500922e+00
1.301790365242528669e+00
1.352050391962406506e+00
1.187520177947049449e+00
1.410220538247934030e+00
1.686978190724415461e+00
1.459657763017362830e+00
1.184955513505678848e+00
1.697734781921461655e+00
2.083947157730309474e+00
2.127912365946252660e+00
1.639485480232101056e+00
2.309112665400410602e+00
1.859581226595093062e+00
1.956644544368286942e+00
1.392628375998397283e+00
1.510799665821208171e+00
2.241860572529380757e+00
1.212949618610958735e+00
1.487382944720875066e+00
1.651815742292109368e+00
1.906872611089226899e+00
1.738606719258445343e+00
2.317346020750191027e+00
2.210671579298492784e+00
2.099901861499212430e+00
2.449833247350047927e+00
1.237285670143574157e+00
2.242644940982328361e+00
1.420315016547984088e+00
2.377290296287685845e+00
1.173422695331434840e+00
1.992376111598692434e+00
1.811595976615849590e+00
2.055868913351459160e+00
1.888390088328993466e+00
1.330682279299389981e+00
1.280429997564180411e+00
8.413308401925996272e-01
2.301675878079796789e+00
1.606594563230420158e+00
8.534662637026295684e-01
1.263282930269570947e+00
1.015859039337355441e+00
2.010342119127145999e+00
1.898931442203526609e+00
1.436817420452113359e+00
1.725458233149878673e+00
1.530391793715886628e+00
1.347165326945551911e+00
1.890947240452769851e+00
1.574661249188370693e+00
1.243390740461778110e+00
1.367311362381854245e+00
1.178341124855145416e+00
2.022053608723763940e+00
1.368564214919085753e+00
1.318645964761191891e+00
2.159242303733213131e+00
1.437335879479250567e+00
1.604667102814792745e+00
8.551016474122874467e-01
1.974414638368906516e+00
1.372670725452003859e+00
1.480433559497203788e+00
1.386536111218368283e+00
1.214048581032504348e+00
1.242930743704152130e+00
1.545215389407555540e+00
1.725238708441773516e+00
2.170255635442843722e+00
6.922794384344018725e-01
1.374676205655380734e+00
1.310744250186781423e+00
2.118444964946941234e+00
1.646275431357057339e+00
1.391918098048971819e+00
1.643130137786702027e+00
1.237188378148016854e+00
1.726110813155205426e+00
1.692112182222352823e+00
2.496311552003450007e+00
8.571978272112620312e-01
1.415084258866721845e+00
1.462072627290602833e+00
1.295984312745002587e+00
1.928823549521596403e+00
1.332186783228129112e+00
1.260366180109258938e+00
1.802672011543044350e+00
1.730987347957400946e+00
7.091467861922043925e-01
2.126335902490886998e+00
2.319155168115786037e+00
1.736957060653253615e+00
8.554883205705284821e-01
1.302367116449581586e+00
1.829075985949381700e+00
1.498371937102591644e+00
2.529685600666021106e+00
1.194422967875547359e+00
1.288456026875941074e+00
1.418841076673512447e+00
2.246353789303118464e+00
1.255609370951499049e+00
1.332569719955215781e+00
2.243982186439231086e+00
2.001677480074283366e+00
1.891574926221890607e+00
1.360966638581575738e+00
1.867567903734380641e+00
1.052373454500613148e+00
1.690128000910550821e+00
1.775561637244184254e+00
1.449128659727352275e+00
1.248469653529146406e+00
1.336702948543831093e+00
1.034269829305766386e+00
1.423756970109880671e+00
1.707617927101526156e+00
2.456138701967140570e+00
1.568087172097832216e+00
1.187278068587675373e+00
7.439702333690695335e-01
1.129852553483825517e+00
1.891849124347002142e+00
1.293900075169135633e+00
1.223613323073601489e+00
2.347017302638303882e+00
1.706886811962721184e+00
1.330037264462952784e+00
8.337831288145208797e-01
1.558564044679667360e+00
1.958422372661641875e+00
1.251019633689469668e+00
1.604869283050019968e+00
2.410772682413846901e+00
1.627506427907789321e+00
2.122431308673509154e+00
2.249502767505593415e+00
1.521899058080119493e+00
1.251534410916754547e+00
2.471612912843310195e+00
1.405984289077170990e+00
1.230599210622709716e+00
2.497833328956693855e+00
1.260175869826845263e+00
1.672072145634174056e+00
1.234754887038847393e+00
1.590653207651675283e+00
2.265122912947783451e+00
8.757963739081092713e-01
2.146277707065837426e+00
1.703193825977374232e+00
7.829821505972828222e-01
2.138403096187019514e+00
2.353732014509479331e+00
1.663762817368176661e+00
2.027745514506376523e+00
2.125242844784260399e+00
1.910656939235283902e+00
1.348159362754343338e+00
2.254626013024596531e+00
1.204283397787646814e+00
1.390277457563563912e+00
1.980497121677925243e+00
7.798363368605012447e-01
2.090953103029647764e+00
2.058370406393086771e+00
2.027314126821952556e+00
2.452873002580432615e+00
1.490670951390716370e+00
2.180556016129869601e+00
2.140133275916665134e+00
1.067703247747690876e+00
1.206383348077107120e+00
1.676353114936135480e+00
1.957390545902062629e+00
1.578280892950785441e+00
1.640377587263505799e+00
6.806774626775202730e-01
1.603039232650077750e+00
1.724614788963668044e+00
1.014003240855319232e+00
8.117199556904068913e-01
2.504425012142444285e+00
7.508315321915915996e-01
1.222499910483373142e+00
1.362330291779771718e+00
1.205762071064518492e+00
1.665297335371983989e+00
2.296704389978379002e+00
1.356742641147235862e+00
1.467485504713662792e+00
1.689714763356809701e+00
9.076416009386818473e-01
1.529175311873317789e+00
1.156264269556790625e+00
2.246778491899446450e+00
1.286445194762882771e+00
1.418032573496991411e+00
1.366819284538202783e+00
2.210312976829064802e+00
1.186333370196181569e+00
9.193029404675148175e-01
1.402049476038555564e+00
8.828639241776270463e-01
8.875489383928005793e-01
1.207934926885111171e+00
2.119673843040926986e+00
1.625604398771919534e+00
1.548777828169126902e+00
1.737555933261629937e+00
2.516357937747055296e+00
1.803964391874275819e+00
1.530964846601156282e+00
2.531446523474707000e+00
2.084791635779972729e+00
9.055051589384461863e-01
1.881037845073768588e+00
8.306067704034229005e-01
2.501981739272381766e+00
1.763404593349340077e+00
2.070175139623848803e+00
2.014151433372839417e+00
1.846372611425202148e+00
1.307961933503712704e+00
1.654465668084380781e+00
1.284000953754440788e+00
1.707344820294901089e+00
1.331099311875512781e+00
2.535288488596789236e+00
1.408933816137340367e+00
2.531716208563802528e+00
1.473004962038950705e+00
1.652236745683782981e+00
1.256474348534718954e+00
1.226163885607925108e+00
9.541043836912814768e-01
1.334993098856483096e+00
2.320730626656227535e+00
1.375831768798042365e+00
2.346845453442803819e+00
2.348621658705924542e+00
1.646066374817135802e+00
1.268936539163518562e+00
1.210819054232288083e+00
1.915450732865573436e+00
1.834027431565994126e+00
2.009041131606457142e+00
1.662633990867234957e+00
1.795964106353567402e+00
1.622654034337166262e+00
1.647613396166039301e+00
8.160828570711310403e-01
1.835839250253269883e+00
1.972237645426824226e+00
2.173809097179169925e+00
6.061991897616862968e-01
2.258036554274133412e+00
1.932324988177799296e+00
1.867134039245892607e+00
1.528706825474029252e+00
1.716210190897893062e+00
1.810208472173844951e+00
1.167140740150063749e+00
1.948713665392203920e+00
1.315654182627792768e+00
1.937721897299643059e+00
2.259031304631100134e+00
2.271991847445074875e+00
1.562157657966038338e+00
2.421841190119832010e+00
1.865281926660320666e+00
1.474160008103301278e+00
9.597739249544851026e-01
1.174783939586045101e+00
2.450294480943823405e+00
1.524819105776126671e+00
1.452369051380414611e+00
2.378124342975429073e+00
1.893229797083329169e+00
7.502964232492613794e-01
1.439049627338081727e+00
1.231748284463926923e+00
1.239184304229113520e+00
1.271275601016146339e+00
1.230778854864329475e+00
2.515314981378070414e+00
1.750275208373601510e+00
1.447347480654057605e+00
2.113153853865210596e+00
1.397208234241383851e+00
1.954127594410544289e+00
1.318800834815092804e+00
1.885313928806911399e+00
1.560309737218879667e+00
2.071754069403055620e+00
1.164076093471583473e+00
2.419719324267129767e+00
2.533155397521605678e+00
1.446595803820085013e+00
1.651323831984303769e+00
2.193480365337575844e+00
1.217777775394610407e+00
7.648301368349366136e-01
2.096611578753858840e+00
1.704407851784279559e+00
1.536069439890111354e+00
1.434849799461908271e+00
2.540319904887484714e+00
9.716731228081101346e-01
1.260120795186888243e+00
2.157910388095060750e+00
1.217270627444757558e+00
2.115029920479759795e+00
2.198366527912429813e+00
9.533397319661603975e-01
1.275443842459517363e+00
2.537896338859475520e+00
1.255832532045578542e+00
2.366681281630660827e+00
1.231898554994140138e+00
1.037662334099713979e+00
1.748128937912753811e+00
2.028934799983730386e+00
1.669498125051118054e+00
2.488520561021708932e+00
1.100616899393069170e+00
2.464898115856639649e+00
1.198301033211930378e+00
2.496916931506456994e+00
1.489855655440569970e+00
1.538478173323387654e+00
2.321730174212108366e+00
1.118682407280119806e+00
1.922951882260115930e+00
1.232728494031017030e+00
1.547013665183496922e+00
1.276851467317789979e+00
9.107668234317430889e-01
2.128211550187807166e+00
1.491022903699827928e+00
1.814465169537317291e+00
2.060566195370428844e+00
2.061978791084269513e+00
8.788144166771240107e-01
1.720799596122671193e+00
1.591241945224753707e+00
2.203825124644079647e+00
7.893234006458783591e-01
1.449650307575961916e+00
1.415865335323247320e+00
2.027407915872690314e+00
2.126377176544272718e+00
1.229804851011522926e+00
1.590702816254013108e+00
1.256107593174533577e+00
1.311848602044345169e+00
1.938866306498994607e+00
1.418419601948287090e+00
1.259048888106850228e+00
2.065886474111578330e+00
1.367903803289449716e+00
1.461738283273663397e+00
2.229189864097467222e+00
1.480444657099049044e+00
1.388699148865538469e+00
2.218526526331217497e+00
1.541469829797811775e+00
2.113280850131347144e+00
1.649482303662678451e+00
1.211458115945889258e+00
2.283922163089916690e+00
2.404989836466265629e+00
9.436295136882932866e-01
2.424565631224543161e+00
2.243356948765482528e+00
1.617570447757785468e+00
1.237067384959617877e+00
1.329781354849138397e+00
1.263636034071399239e+00
1.232506576978212420e+00
1.371659056926282982e+00
1.601133718993904775e+00
1.941935099886839433e+00
2.259643732064717803e+00
1.918388872177762217e+00
1.742632200288420696e+00
1.628899644414566916e+00
1.454089166468742311e+00
1.023135391851902387e+00
1.348110687058648782e+00
2.525851283242042999e+00
1.975298574039245914e+00
8.655085561564289653e-01
2.473111509922108819e+00
2.332369562057752255e+00
1.163196088710161558e+00
2.490335227231848858e+00
2.088405149388668836e+00
1.678832684636472061e+00
2.505925615417828212e+00
1.458911257190297350e+00
1.627321280071016618e+00
2.341315945594749426e+00
1.672640721324660795e+00
1.194190945103358770e+00
1.189278840728375197e+00
9.096359069623265459e-01
5.850171100670567004e-01
2.148873812690568208e+00
2.102557777482485069e+00
1.476823911463936989e+00
1.155629981081981228e+00
1.460961293944598172e+00
1.779384556951833618e+00
1.395759737127733047e+00
9.217869505265212648e-01
2.218591964475774336e+00
1.711983017548053265e+00
1.235200656317357870e+00
1.360830219458587953e+00
2.254137562677559714e+00
2.108546350362502153e+00
1.881982000607337779e+00
1.359433845213160463e+00
1.940828283972283463e+00
1.779427686410024023e+00
2.539357497802729124e+00
2.537285539679108748e+00
2.030561458466461744e+00
1.207477990844633364e+00
