1.016112056587190884e-03
8.753598715558515023e-04
7.946812164606862792e-04
7.812349767539733926e-04
1.018618756338298195e-03
1.090720709426917486e-03
6.955865405946658111e-04
8.701774703523396234e-04
1.018221574838568599e-03
8.391621369881113518e-04
1.272544641185394511e-03
7.746383539265663505e-04
1.438214057341563731e-03
9.575101008998202498e-04
1.437715106249268715e-03
9.128398839190087670e-04
7.291575708434134715e-04
8.536298346570816856e-04
7.539183291366769119e-04
1.326982292039614051e-03
1.394157806341598561e-03
1.773291837780717169e-03
9.328315029337647980e-04
7.626039626330843998e-04
9.162190917634951493e-04
1.325848150089005808e-03
9.037070548166242345e-04
7.863601069573122014e-04
7.102076997405639119e-04
9.857193753737474116e-04
8.830260609771665384e-04
1.098364858410940965e-03
8.298390178969315169e-04
9.925644361350877132e-04
1.277835843790932910e-03
7.136006932855912602e-04
1.408164261023046870e-03
8.802914965097066724e-04
1.323938762340782279e-03
7.432716789291052024e-04
8.691653359377329033e-04
8.408230081883716215e-04
7.950036411110201389e-04
1.105828741375426000e-03
1.859803247334452115e-03
8.435227616731272174e-04
9.359006569055107081e-04
7.850277639160415256e-04
1.084803915304386824e-03
1.532367079037486382e-03
7.605401695382746742e-04
7.262889553036247893e-04
7.731940074670294333e-04
7.657431282733659318e-04
1.068922956078276589e-03
7.268494176778015313e-04
9.447719958781378331e-04
1.345009379117243766e-03
9.706114555365360315e-04
7.676052300243243294e-04
8.286873422826421601e-04
9.321337908020038785e-04
7.327798116399030989e-04
8.244837854873530991e-04
1.179086075847174441e-03
9.307825887048909409e-04
1.195461468698013003e-03
1.228022835884618304e-03
7.691094578900553244e-04
8.788092443797852153e-04
9.761065819009615745e-04
7.926745440175403737e-04
8.559741886066580836e-04
7.922775984225833819e-04
2.420181489862145187e-03
9.893184323566655419e-04
1.240044301307680020e-03
1.070648801190459245e-03
1.223047005270461694e-03
7.997328999974592009e-04
9.907403132869022164e-04
7.862955282805475683e-04
9.083262149238795734e-04
8.733216350696742939e-04
1.418688015599716811e-03
7.852048782661586509e-04
9.264018890549638539e-04
1.044909462953262647e-03
7.290188608111348350e-04
9.726689525431486249e-04
7.090240131818665616e-04
1.094772946071826281e-03
7.088085277092051172e-04
1.035936828767486818e-03
7.610009227021438151e-04
7.616214996798439203e-04
1.396566492943075374e-03
9.218091518297180653e-04
8.109443474126039678e-04
1.207787955826905785e-03
1.014205450090667222e-03
8.244247572250088581e-04
7.012301134331481349e-04
1.028876392361838081e-03
8.607006394769136379e-04
1.186900715449366915e-03
9.296882512950107539e-04
8.616805886161568772e-04
7.419725939908464489e-04
1.111377021374591748e-03
8.445001629499873609e-04
1.072456919978198066e-03
9.236946347682305691e-04
7.384949060805988093e-04
8.042279554993775597e-04
8.325740538827255260e-04
1.026385353026153550e-03
8.880849389926081996e-04
8.186301889678775741e-04
1.293158149290474929e-03
9.948923136418592710e-04
7.910831624130098411e-04
8.435639266986577796e-04
8.885623728032242393e-04
8.533505216528357350e-04
2.318004711867170924e-03
8.480391696790427107e-04
9.150955449081961401e-04
7.037899031773581183e-04
1.706843692672917710e-03
8.689641942216492446e-04
1.473939556945375517e-03
8.672803389947560983e-04
9.067204436688950991e-04
1.127708346091019394e-03
9.100708616986742400e-04
1.019903287695031165e-03
8.543494133661551230e-04
1.992044541901096151e-03
8.167509313307077428e-04
7.430723091749122378e-04
1.087286340860473769e-03
8.965602556439348624e-04
8.367534976160114152e-04
1.508910014621327395e-03
9.239725156037403766e-04
1.014796413051601053e-03
7.104643747858865226e-04
1.131445633268439010e-03
9.117483644113226092e-04
7.962884735673023736e-04
1.432390596101049563e-03
8.173383960186144130e-04
1.058638908894939980e-03
1.142384549521210197e-03
1.181167555215523841e-03
1.128962882879664406e-03
7.131118945260142387e-04
9.618116055064067577e-04
2.083748803368847425e-03
9.607855244212672868e-04
1.110108388947218241e-03
1.474104831247596750e-03
8.742848177932636836e-04
7.157756807030506586e-04
7.854166486913521971e-04
1.228296089186749381e-03
1.553587361220723408e-03
1.680344244183358494e-03
1.438078408897298151e-03
7.370539952487149219e-04
1.048688101999203665e-03
8.313412362252388952e-04
1.087513711138894971e-03
9.530271286345675785e-04
9.164193408899681858e-04
7.809218569031771721e-04
9.774105375327361584e-04
8.177635525640222043e-04
8.747470111004776797e-04
1.114761181413238952e-03
9.246714426277682702e-04
8.508353102504871745e-04
9.479584476173362560e-04
9.764947869995388397e-04
7.861560546222510441e-04
8.399463884641675693e-04
1.011963358408850830e-03
8.651374774850218797e-04
9.385391179299390962e-04
2.050882691134846367e-03
9.020864623446694626e-04
1.073637769923205601e-03
8.240225069756421236e-04
7.893996716963275553e-04
6.992294000860454530e-04
1.456554088615566803e-03
7.648005156176780530e-04
8.514312135181031959e-04
8.682963717374168455e-04
8.936303072081740141e-04
9.627332618726478202e-04
1.009155425418386360e-03
1.818169459990616466e-03
1.577211337356162124e-03
8.200809566364817768e-04
1.071584222886173051e-03
9.433189695780966940e-04
8.397758497329034684e-04
9.346083061502461799e-04
9.042505570388225094e-04
1.140538211090597661e-03
8.282660611530425106e-04
1.264937513035855818e-03
8.503649160295148743e-04
8.007785563937324476e-04
1.303731833893658583e-03
1.050249634257202158e-03
8.367471350110219919e-04
8.852157421976532313e-04
7.124439486810923376e-04
8.528883044504452114e-04
9.351549658568636706e-04
1.017853822103273031e-03
8.913499138543816468e-04
1.753090709764227977e-03
8.850764796030132766e-04
1.074535466074938135e-03
1.389181126087931078e-03
9.569455318324252740e-04
1.169742007085535374e-03
1.233530809415404102e-03
1.326539257386976376e-03
8.285140456036345054e-04
8.181182695819650980e-04
1.650493034350111136e-03
1.248892115682293533e-03
1.242065215797653280e-03
7.596105659441030776e-04
8.226657283450199143e-04
9.741142336415735273e-04
1.268974182506274169e-03
1.323852840955538641e-03
7.412377046063793780e-04
8.236943700745223826e-04
1.046739870373658218e-03
8.607131764423019962e-04
1.004133843194987509e-03
8.250671710814599458e-04
1.235072171446118406e-03
1.052135719025170182e-03
8.720442824752983480e-04
8.658402178620552099e-04
1.159492562501751589e-03
1.168561775509136111e-03
8.132450768796745935e-04
8.066619200585737823e-04
1.048012047080020513e-03
8.103697551291945455e-04
9.634252330227187008e-04
8.828382422685153007e-04
9.061254221172281367e-04
1.268849387613446176e-03
1.363716414971969607e-03
1.136916847216320721e-03
1.156331485882815778e-03
9.569271507057240450e-04
8.772771884127451326e-04
8.750022655328402316e-04
1.088453630430812882e-03
9.966419247076482770e-04
7.693663903429489963e-04
9.697075603017033538e-04
1.164932089761703963e-03
1.040192220389247113e-03
1.670046912149405387e-03
6.984392599706928939e-04
6.822373519645522641e-04
1.190241080455932366e-03
8.977718093873575996e-04
1.322502596197801987e-03
8.405161670733763205e-04
1.317866011887922073e-03
1.074584561205396563e-03
9.897056786460618847e-04
1.365345799754692172e-03
1.119881501215628334e-03
9.800889860795975860e-04
1.553106994440745306e-03
9.262831948931291633e-04
9.633270827135529540e-04
9.304974132312712146e-04
1.293611593909600168e-03
8.347115012803473346e-04
9.300533259010015192e-04
1.407275215322237186e-03
8.969493809905562361e-04
1.042802625444072193e-03
8.459552207640526691e-04
1.067222145436908659e-03
6.650790455537870403e-04
7.680440065506294583e-04
7.735285006185830441e-04
8.336716240929429277e-04
7.695066563608838174e-04
1.592950007513121297e-03
1.093871419416913909e-03
7.810645991389115941e-04
1.173574661052556806e-03
8.021271603460206675e-04
1.760116147304662112e-03
1.064569294787232187e-03
7.911296309972429622e-04
1.284598716961061994e-03
1.107571722428134578e-03
6.853495163389816897e-04
1.590766092164701620e-03
7.678798577048510021e-04
7.475512498742577314e-04
1.065964656071176310e-03
1.374539489675296981e-03
8.279166131970162141e-04
9.245130599780149215e-04
7.788684655467824911e-04
1.294749554561598669e-03
1.540420485360488589e-03
8.487521522637428819e-04
1.225931126323318758e-03
1.592675426325217093e-03
8.434202951662181803e-04
7.231705515167986776e-04
1.054478460228735082e-03
6.873033458178144910e-04
9.855717537447302324e-04
7.056595888352321750e-04
8.461535846938230765e-04
9.478549576834538427e-04
8.080546049808729056e-04
7.213923441920185899e-04
9.342689085593475825e-04
7.762181125434497800e-04
9.871602604384457132e-04
9.011904025697686001e-04
9.500790505771044029e-04
1.280042897488697408e-03
1.156962928010396487e-03
1.318025717095676905e-03
7.451313632712085839e-04
1.060780058092940497e-03
8.519456004282886883e-04
9.119442735492857980e-04
7.105275915530086944e-04
7.786769553569275297e-04
8.473770600790874992e-04
8.334117777151048203e-04
7.848892896398967966e-04
9.030904722549551412e-04
1.082853608533565276e-03
1.117541027160951980e-03
1.413604765874094341e-03
9.050595708008044591e-04
1.123985098268028351e-03
9.754907785636332410e-04
8.524904212883612029e-04
1.095283117327081274e-03
1.275476307975025904e-03
9.316616042343980539e-04
1.340499857771391230e-03
1.226160430370005919e-03
1.157022625728330867e-03
8.618741365162958757e-04
1.031596364779384508e-03
7.995413823381239101e-04
8.425218139942509564e-04
1.005648238700628536e-03
2.073757382146630603e-03
1.044291518333206794e-03
8.129979272723052543e-04
9.051306737744704367e-04
1.624418896364439356e-03
1.307238004174857138e-03
8.686636317789179053e-04
9.038051644278309810e-04
1.056243305819768493e-03
1.264859193411897731e-03
8.917015885285227428e-04
1.003638083026420864e-03
9.746000415781037526e-04
8.738604135925327927e-04
1.085438767929861612e-03
9.254044357732181883e-04
7.997690541021555688e-04
2.489105912944042549e-03
1.084110269397393390e-03
1.884618405288951068e-03
1.321715171140779065e-03
1.231824281437623710e-03
1.131691600347327180e-03
8.279423119911344473e-04
8.276044189625639822e-04
1.215792960097867572e-03
8.249819498188606286e-04
7.886310474992245297e-04
8.477258580751161890e-04
7.667218880160004075e-04
8.440646253400149604e-04
1.312094599729291813e-03
1.202740794917826761e-03
7.192930665671155074e-04
7.157688793116530942e-04
8.257656276467201933e-04
8.023053993288078783e-04
1.453045300421589546e-03
8.160712029663633616e-04
7.306613030188903240e-04
8.271596595577467969e-04
1.113695055955343923e-03
8.320779614005036637e-04
9.732878589308084031e-04
7.943558578799150621e-04
9.434732124283968244e-04
7.746946116655803070e-04
7.940008030509896394e-04
9.023709996960814451e-04
1.362806418243093197e-03
9.506207352695316770e-04
1.142437026693142108e-03
1.034967358077953275e-03
1.322003705465251300e-03
9.639776207528635843e-04
8.573590083640705330e-04
8.988403532486702579e-04
1.043802818905032901e-03
1.415837859915683016e-03
8.333704917442404320e-04
9.768960804497758485e-04
9.294265626209991752e-04
7.704555310368498781e-04
9.763274798511336868e-04
1.240439412159553096e-03
1.051632090391710871e-03
9.569304222376657718e-04
1.055474677224913340e-03
1.597580347345927765e-03
1.040056788258020412e-03
7.946572798267316018e-04
1.137424249026093310e-03
1.340921123051131477e-03
9.650760288953315899e-04
1.021260032647245330e-03
6.799521310403280547e-04
1.110172483068347241e-03
6.760230826208470014e-04
7.674852215387109209e-04
7.796894481327382425e-04
9.201953482916691140e-04
1.003120492021467112e-03
8.713880937425814727e-04
1.143216971341996053e-03
8.364811900029786584e-04
7.870595298210849005e-04
1.032734981798459368e-03
9.114437078067898039e-04
7.316539994356993171e-04
8.083908280178767882e-04
1.235653342683416334e-03
7.531542031744609990e-04
1.721099926005587120e-03
8.127940573426093232e-04
1.021232191978373692e-03
1.042755322079674590e-03
8.026397227235603166e-04
9.555995577042849989e-04
1.477344776304580090e-03
1.092970713591222753e-03
8.230519771543864764e-04
6.639253369740350441e-04
8.382918532004590825e-04
1.015523924536077417e-03
1.248656950983681024e-03
6.873173628952479290e-04
7.209078861838199171e-04
1.098284036248842405e-03
1.095219775841779417e-03
9.206141203350769100e-04
9.362431618029292508e-04
1.507261505757688741e-03
9.532203278988835666e-04
7.936595927638588838e-04
2.374440527811931545e-03
6.945619187008379583e-04
9.737890101061967736e-04
1.028802709508860620e-03
1.070752857134742208e-03
8.526573556122093219e-04
7.230642591842944026e-04
8.322783053998622895e-04
6.735461130733497474e-04
8.122009405928762738e-04
9.183594865158755402e-04
1.133261596941657120e-03
1.651487215082127332e-03
8.438374216075128498e-04
9.565473811346304495e-04
9.650640954068318098e-04
8.876907264986323102e-04
1.142229942926408859e-03
8.715043510114598574e-04
7.967396697450825028e-04
7.881761708880052680e-04
8.069482151274572296e-04
1.101942803996247035e-03
9.592690687967335081e-04
9.155132172318406576e-04
1.003512034194990830e-03
1.069926675597969619e-03
1.013758768986721109e-03
7.752703603055736753e-04
1.280380395244589027e-03
7.985466669988388862e-04
1.112196792762018766e-03
9.476635952949469732e-04
9.709544767095365384e-04
9.596863047279369620e-04
1.026316076801714501e-03
7.289925163748125136e-04
8.519730677947047557e-04
7.851688332348126780e-04
9.196113845086733565e-04
1.010209308644795462e-03
1.029596911793333571e-03
7.237512721547875467e-04
8.004237190261329895e-04
1.335033996979752237e-03
8.679539457183683927e-04
9.887220570586612196e-04
1.107145337391149875e-03
7.806945475180033372e-04
1.590620352282949177e-03
1.068355560439753415e-03
7.571919296555701308e-04
1.290547004886692575e-03
1.235982277781049301e-03
7.482259375103553038e-04
8.580780426163040061e-04
9.176969500359712963e-04
1.138422853433228863e-03
8.871957774231267616e-04
9.030661488440727041e-04
7.045043668946191807e-04
1.058768320899935826e-03
9.257957068143514955e-04
7.990875866478499559e-04
1.767132443960668610e-03
8.797222653498800804e-04
1.026815704420266408e-03
8.895395077867895677e-04
7.614739843589873663e-04
1.510399596723101647e-03
6.656231180339329491e-04
1.194405098623194409e-03
1.065213856296650307e-03
7.796840238628877920e-04
8.278688903863366507e-04
8.061103349145368234e-04
7.947099036513461312e-04
9.001822162187229611e-04
1.249490648722038130e-03
7.733538565000756771e-04
7.078426601977660070e-04
8.770356667769752890e-04
1.182040066203289682e-03
1.012616632460089545e-03
1.315485583226679760e-03
1.262437577285396720e-03
7.203327813793395555e-04
1.139094229685591077e-03
7.799404770055000033e-04
1.324493336455261159e-03
7.037449631807474702e-04
8.176701936460000018e-04
1.066005581234415710e-03
1.012488338074993754e-03
8.128331377416020886e-04
9.005851486564873725e-04
8.332347863531556304e-04
9.353665074962449815e-04
9.430840403055860835e-04
7.901059654021378277e-04
8.587616743381228709e-04
1.184621910208996133e-03
1.258328492870309850e-03
8.070281260842971901e-04
7.279808682066343318e-04
1.031347528121332856e-03
8.429503552212792286e-04
1.505342311687536683e-03
1.383579193317949771e-03
1.244613922430157097e-03
9.434073246795126070e-04
8.990129155398009046e-04
1.039371675715831250e-03
8.886159327488663603e-04
7.903094418675519865e-04
1.069523603589102268e-03
1.123606061827515197e-03
1.085486049119378143e-03
7.752625146859732893e-04
9.622218737872503206e-04
1.350052921523721070e-03
9.300115573715055138e-04
8.313197154203135538e-04
9.993462409252393090e-04
6.883431123647556354e-04
8.861486579658410046e-04
1.160398026938728793e-03
7.913109579559734824e-04
8.477897389329524212e-04
1.174114810968326537e-03
7.853467510753253319e-04
9.763411854150762324e-04
8.518292000458641162e-04
8.562144492795755639e-04
9.057239418437462112e-04
7.717526206978804698e-04
7.705913434770745229e-04
7.046837037447159328e-04
8.016030460587360513e-04
8.461241981249629064e-04
7.205074722989803122e-04
7.451363579027620899e-04
1.059156337379980840e-03
6.874948496571256637e-04
8.515596190376551172e-04
1.042380668425478248e-03
7.427423542093697460e-04
7.080646666299131656e-04
9.682611277658701408e-04
2.455220548678085316e-03
9.369816012733782340e-04
7.569109467910756228e-04
1.030860711992214731e-03
1.001367199155224616e-03
1.163705658223314083e-03
7.248639261955904531e-04
1.540311321831560254e-03
7.485683321958302170e-04
1.031941554121617709e-03
7.956609825163972428e-04
7.801726964827515555e-04
9.731374597777159036e-04
1.149961063962608989e-03
7.051119838348155009e-04
1.070150341922183239e-03
9.068669035116751860e-04
1.181838563160610969e-03
7.219919035409503444e-04
6.643505445453524614e-04
7.904067061768721945e-04
7.576722911506895280e-04
9.042703994173354560e-04
7.630346120569571995e-04
1.375986923501669934e-03
8.706036159243153065e-04
7.644077551863352749e-04
7.828323467144287758e-04
8.727777425715833610e-04
1.266595291143956300e-03
1.440332568860923108e-03
9.190767969596648273e-04
6.908123473003072862e-04
1.029839353874176331e-03
8.590839795501267360e-04
8.768294869734736749e-04
8.612188675483244864e-04
8.484563791696223857e-04
8.087035328340842809e-04
7.782661679153660790e-04
7.638117863877899377e-04
1.300006208082664198e-03
9.208447832898086468e-04
7.370260183883799035e-04
1.314784045216346557e-03
9.171348367920215301e-04
7.706219516091910573e-04
9.302675011974778641e-04
7.485374168476209480e-04
1.051792429690995420e-03
8.252171236254416406e-04
8.524207027671926390e-04
1.404262799498356062e-03
8.018776890003472208e-04
7.371319973109685371e-04
8.074024991808240962e-04
1.161387897975729418e-03
9.222197900178841744e-04
8.714346685828253114e-04
1.142100106288275983e-03
1.317515498017485980e-03
8.318680737843556173e-04
8.499459582407431100e-04
2.074957636469229854e-03
1.150379080506610478e-03
1.022914952427364391e-03
7.994945746132367526e-04
6.794622389792489680e-04
8.815523440195963036e-04
7.895357351794956863e-04
7.274709921946106777e-04
1.426277214656637184e-03
9.432603835625639989e-04
7.003960357102069750e-04
1.156712424820253689e-03
1.094966968911994642e-03
8.749308048834466764e-04
1.139467369603045128e-03
8.640986380016127963e-04
1.034495208397176761e-03
1.006225053563958305e-03
1.081011931810144881e-03
1.103509727442305091e-03
8.403934206921977006e-04
8.291583796210494177e-04
9.924001265104284882e-04
8.836747941384087701e-04
1.397418516756333134e-03
8.057286002580327537e-04
1.537898541449527791e-03
8.909374511606705203e-04
8.602441974210457915e-04
8.030816005067884780e-04
7.485759998825655464e-04
8.281994515215490484e-04
9.101988346011213697e-04
8.024915370368270210e-04
1.056806145258809516e-03
8.890776026125542025e-04
1.083332886776722367e-03
1.025182494442136022e-03
7.842379545798628749e-04
8.573255565421730598e-04
1.277712132257310647e-03
1.078965288306995987e-03
7.115035973729389243e-04
9.035970289931530546e-04
7.765237277573529620e-04
1.239020448070069945e-03
6.761736495335995056e-04
1.022862037555782302e-03
8.908316771047028416e-04
1.412185563928753350e-03
8.139944264910085924e-04
7.373548012823248491e-04
9.337321035655510434e-04
8.314658327752822006e-04
8.772222975598894731e-04
7.969174510046476501e-04
8.150806067505158604e-04
8.933081152917715650e-04
1.160112165420540149e-03
7.919473802259060840e-04
7.551109878079808376e-04
7.787202374101606477e-04
1.221653791952026155e-03
7.669714644215671479e-04
7.154748533362454300e-04
8.567368119104338273e-04
1.476602299525023526e-03
1.481021918133193505e-03
8.647678012074680020e-04
8.132014653784413452e-04
1.326112246618476242e-03
1.258643385497519151e-03
7.652998662667816069e-04
1.739323070720408780e-03
7.723169759344787350e-04
9.480256752875201474e-04
1.996183994727636531e-03
7.804907004789937144e-04
7.673606536296750415e-04
1.084194158610363255e-03
7.574920586506597589e-04
9.936493138850857696e-04
8.547575557157895089e-04
1.000732324582263248e-03
8.853254187667958285e-04
9.815264825303229163e-04
1.067965031474599549e-03
1.063350944679625990e-03
8.877925696114426354e-04
1.125088891792098717e-03
8.863669563400122580e-04
6.837325679057561049e-04
1.806893134547923538e-03
8.306742569829066300e-04
8.203052083322004634e-04
2.380394849928351743e-03
9.068659883569863940e-04
8.929083248248266330e-04
8.274470850847547064e-04
7.990033713341114160e-04
7.588922210915223119e-04
8.593368632471167336e-04
9.525465134392356505e-04
2.054810855334358258e-03
1.635815123430463432e-03
7.016364378611049607e-04
1.083451297119859564e-03
8.377028653995749821e-04
8.591252884180486382e-04
8.541805665864652015e-04
1.143715835756268237e-03
1.382024598024739464e-03
8.346081552529674126e-04
1.090207877349038410e-03
1.134788983996367967e-03
1.144483719902634426e-03
1.053673130352115800e-03
7.215983556920898753e-04
7.397492178075027684e-04
1.180625992673541708e-03
1.246786005546910315e-03
7.985911153207184403e-04
9.134675735988391629e-04
8.276304585323785053e-04
6.668117658292804263e-04
1.336389599703033870e-03
8.100511026160796962e-04
1.554074821857668633e-03
7.474361039995203442e-04
8.885658012158135447e-04
8.050504201278751689e-04
9.285825693869725287e-04
7.584125048649462651e-04
8.604237887440521933e-04
1.060276791042659731e-03
1.719289409906430777e-03
8.614990028662877731e-04
8.536609609041969325e-04
7.668282045750229349e-04
9.363477314686698399e-04
8.211780154025533551e-04
9.578935119013542304e-04
1.841550159766603550e-03
7.647972452229195557e-04
7.394310025574334609e-04
9.278236210044203420e-04
7.715781174349353429e-04
1.582631417217231391e-03
2.072623639882881924e-03
1.774171387950517148e-03
2.048246725444146689e-03
8.845175626575514389e-04
1.256537414071412636e-03
9.628850595469061642e-04
9.210174241185010557e-04
1.050702467145426871e-03
1.045927261142695673e-03
7.223790892022047489e-04
8.736773522220559959e-04
7.413390357147889125e-04
6.791914677644959701e-04
1.579951821300541476e-03
1.156425418641780084e-03
7.602103689868116871e-04
1.255305844937060818e-03
9.391052037734514291e-04
1.184141324304922860e-03
8.289180718384766763e-04
8.018147484934116508e-04
8.387540544141304684e-04
8.958795006211942719e-04
7.713579046298796532e-04
7.311841245667944451e-04
7.033912614361213832e-04
1.204418717975260476e-03
8.905321314995504837e-04
8.177454586091615360e-04
1.086992515946352648e-03
1.159674337266444234e-03
1.329907353185211293e-03
8.710241033106643589e-04
6.707110020349397583e-04
1.425710134077736065e-03
1.247636614768889976e-03
1.054187049155299238e-03
7.274351627462865167e-04
9.244588837619318721e-04
9.169533009901357839e-04
1.240696607931927788e-03
1.009392141288318299e-03
1.449738504583286073e-03
1.201143496689106730e-03
1.512914031081009697e-03
1.457129957173772684e-03
9.803874407442042527e-04
8.379264166931372571e-04
1.558872816661511845e-03
1.078223444543189051e-03
1.105860477656241342e-03
9.302479644601580446e-04
8.243210494867805969e-04
7.916286467337556917e-04
7.479616507560785848e-04
9.574768567474409688e-04
9.291903349356438755e-04
6.718108817436756934e-04
7.705312166397569953e-04
7.834321774150791859e-04
9.190345821932331813e-04
6.878639677624062742e-04
9.528719142855960082e-04
1.195370228317357494e-03
9.376689259920312170e-04
9.650011086192743269e-04
1.402410808729596297e-03
7.426126161828236483e-04
1.215254240808854224e-03
7.802906218876160547e-04
1.152982419448395600e-03
8.044582159901072843e-04
7.551572574870413527e-04
1.217947854388746641e-03
1.213246687607627810e-03
7.333439060838912006e-04
7.986612477854245461e-04
9.470556503923618528e-04
8.171267176614494150e-04
9.308280903241262973e-04
8.074470947121637670e-04
1.110099949509362220e-03
8.877540408207602223e-04
7.311550332660892533e-04
1.154184669960054170e-03
8.814937432864722051e-04
7.343043700380156051e-04
1.324535543333595295e-03
9.998040529373506541e-04
1.037200831290830717e-03
8.188233904653581703e-04
1.111139160813291423e-03
7.099143070829178710e-04
1.982470145788556640e-03
1.574555758340095198e-03
1.352936291087329700e-03
6.938493907341938783e-04
8.473097518918057359e-04
9.252852691921699402e-04
8.463464974634705811e-04
7.974948117690170693e-04
7.722401848472826551e-04
9.791427270357101840e-04
7.203968567731799553e-04
7.478873795332046997e-04
9.873029301076881488e-04
6.928849161923499077e-04
7.199043949104572517e-04
1.358266942733378675e-03
1.204571157440572932e-03
8.763136823580773603e-04
9.835066235903420009e-04
1.138862252045090779e-03
9.215063249095350366e-04
1.153896801676549322e-03
7.697592377622419291e-04
1.116804864569036475e-03
6.622184642378703759e-04
8.798013403996918745e-04
8.233206049990093303e-04
9.055973525421354142e-04
7.276218828420001530e-04
1.303355730913695635e-03
7.593823127827985372e-04
1.243709424706867291e-03
9.143458879642172394e-04
1.874182906247402270e-03
9.289252235490916059e-04
9.087889332099629734e-04
8.731454804123726194e-04
7.596171142571037527e-04
1.227444153249401945e-03
1.145847559384423732e-03
9.088975905254053581e-04
9.536910453770780722e-04
6.821739879637959535e-04
1.160299456835597615e-03
8.868924140577209630e-04
8.690243291584129077e-04
9.491752312094580649e-04
6.599712723811063586e-04
8.079757707269902061e-04
1.166094117295113624e-03
1.273309309246295701e-03
9.042083974641456755e-04
1.040220842230728205e-03
7.806690623622023189e-04
9.645530770725999764e-04
8.197324203372221597e-04
2.061062498200959877e-03
8.036607465417078874e-04
