9.682331232830536719e-04
1.991619513112369028e-03
9.972579843852704372e-04
1.034668898065707176e-03
8.784513284775376327e-04
9.024956350295386225e-04
1.094891727043908547e-03
1.366316630380333668e-03
7.529668205102462136e-04
7.270742317448603605e-04
1.104929402617038387e-03
8.577241419823480005e-04
8.374534906659860788e-04
6.913666684549203299e-04
1.285714006612564530e-03
1.411973488915461029e-03
7.253178249031533341e-04
7.585909970467975133e-04
6.421579582839698338e-04
1.093462571076741791e-03
1.135998056143524551e-03
7.650813162038078499e-04
9.705988623590441249e-04
1.475856249312877200e-03
9.542453756520260285e-04
8.549483523852734277e-04
8.949399169936219636e-04
1.264384644709889982e-03
8.542869327946071801e-04
7.237416671633266135e-04
1.345956815648621059e-03
8.969390085562782165e-04
8.655053641487370176e-04
9.774616914553491392e-04
1.339825331517169619e-03
1.123691181331459409e-03
1.525499824928970008e-03
8.945814896679050521e-04
8.939766329987837001e-04
1.356760618957640174e-03
8.194089964162195932e-04
1.003325722657788868e-03
9.095708338584402577e-04
8.259453634064994670e-04
1.274796369336216473e-03
8.843405827756623157e-04
7.613362887068038419e-04
9.917240506650713480e-04
1.736875787691726869e-03
7.580305607534356879e-04
7.790924648917404473e-04
1.226437519587635213e-03
1.038108109657718495e-03
9.450206530776586586e-04
7.543719280877356692e-04
1.084695343405840543e-03
1.118043709949760427e-03
9.139083921965111129e-04
7.487308926905847243e-04
1.398026354465520000e-03
9.727042334997570896e-04
1.024278877544824344e-03
1.333509396159888831e-03
2.176454029604711019e-03
9.422324242509794948e-04
1.171800296441053747e-03
1.424938747705420308e-03
9.112679889667202587e-04
9.490924097239057493e-04
6.374617068660505840e-04
1.093977599865083488e-03
1.099862183017824699e-03
1.038909298403693652e-03
8.131278529298441261e-04
8.667311323501958320e-04
6.635236462045721213e-04
7.587088532094730985e-04
6.962079296410930663e-04
8.087248447944884100e-04
1.104622585563905723e-03
1.330680146063198529e-03
8.226185210675824233e-04
8.176044503030068921e-04
8.409929885231973677e-04
1.126033208442813382e-03
8.929199286199025927e-04
8.896746383348359648e-04
8.159266292104749765e-04
9.594397839068669097e-04
1.891664062283973484e-03
8.887611852674759047e-04
8.894566032565640089e-04
1.493491301907982991e-03
1.079064419103773625e-03
7.678737282529285273e-04
1.251792327445836774e-03
2.862086119968125508e-03
6.775573375682340718e-04
1.483828043606562775e-03
1.061534323298540545e-03
7.396133539890789024e-04
9.242283955143436357e-04
7.938395140044151622e-04
1.467164492444324869e-03
1.242854454761544662e-03
9.174658912638681673e-04
9.462718760611171440e-04
7.906966520693233620e-04
9.965627091901223082e-04
7.844255938360375794e-04
7.233740708503038578e-04
7.247202292541036431e-04
8.222123146990013495e-04
8.800977315064566859e-04
7.861428873235426409e-04
8.347002547964658958e-04
9.906353601497131303e-04
1.163891381173791980e-03
6.850340586967065132e-04
1.074615696215826862e-03
9.288877870447046761e-04
1.013869231553930035e-03
1.357931925721815765e-03
1.017453079004542469e-03
1.060874722999093165e-03
1.332603731489058908e-03
7.790461897505139479e-04
1.113209997270849872e-03
7.560435092615034897e-04
1.108183835403845924e-03
1.040876703926737036e-03
1.073776878078637389e-03
8.430411173478264374e-04
9.055383692019615405e-04
1.322970398782913511e-03
8.553791499449061794e-04
6.961839594837625819e-04
7.506961583782016363e-04
1.302924969138899349e-03
8.270708366664536286e-04
6.956506242956466681e-04
7.981488867982854552e-04
1.281327555310101361e-03
6.807445223632557860e-04
7.834560431695701066e-04
7.423822377490172861e-04
9.373236502377900415e-04
1.021549771191752453e-03
6.752652786512777046e-04
1.055730243508160634e-03
1.309560215497950191e-03
6.653169899398162076e-04
8.623955918481612587e-04
9.823931513317921745e-04
7.242877652911763496e-04
1.546439208983786803e-03
9.806281253271467626e-04
8.026401071013663764e-04
1.236203467602201922e-03
8.519516618761184632e-04
8.507448320124126996e-04
1.074642196051430734e-03
6.560899235240268915e-04
9.320982941465647638e-04
7.039897936875305455e-04
1.024807325621489166e-03
7.625419611671032001e-04
1.084906380067621103e-03
9.337774763532793055e-04
7.894636696543259283e-04
1.196473505937947334e-03
6.755090234171324095e-04
9.376541020852976853e-04
1.434074050303508563e-03
8.205713767494578854e-04
7.646648215202303924e-04
1.759301315857947010e-03
1.921298533362026956e-03
7.126340865738628461e-04
1.945842591382478289e-03
1.139964002472838162e-03
7.300518485867629314e-04
1.164249249241542565e-03
7.596765260902321780e-04
1.021147480042780076e-03
1.012728794036825289e-03
1.443977128488801998e-03
1.158152305244506720e-03
7.867253006830643306e-04
1.030541005824229606e-03
1.129834784011727201e-03
7.313144042102684992e-04
6.816444182071941570e-04
1.107547843605880640e-03
1.419035334051817155e-03
1.603216323035627734e-03
1.610407480139337908e-03
9.149512220554130134e-04
7.159261555950843185e-04
8.182484517255390714e-04
8.413791945319772873e-04
1.181454266589106660e-03
9.170965398186387398e-04
1.088382710395478705e-03
7.029202541642822844e-04
1.221212426884061902e-03
6.502145926100284107e-04
1.313024801110857431e-03
7.491438691518690404e-04
9.384151847613719528e-04
1.637311329789308944e-03
1.485358017791752220e-03
6.846909160675673485e-04
1.170748076864953522e-03
1.135539481255501458e-03
1.168190734297446355e-03
1.312590237896088443e-03
9.264638010838844315e-04
8.565828013782799712e-04
7.723380220940621660e-04
2.034004982766972249e-03
8.963274569728727761e-04
6.903014437174359932e-04
1.105742899029831970e-03
7.311702457993707197e-04
1.175248302710151481e-03
1.024985990839393565e-03
8.523048084112200360e-04
6.423365278605424646e-04
7.928593245530948276e-04
1.144015366480691893e-03
7.116994248360155326e-04
1.272403825263955122e-03
1.213410417602114617e-03
1.055455788756447374e-03
9.770603754576891089e-04
9.262220129443479418e-04
6.521331849674098227e-04
8.704257031619195076e-04
9.850489662801289147e-04
9.595121537932369731e-04
8.872745942526295967e-04
1.283268689908704336e-03
8.095163847609500220e-04
7.622987721044427846e-04
2.619421533741441051e-03
7.389949990665928888e-04
7.379714356355477354e-04
9.539996979968778240e-04
1.219488131870678348e-03
9.633498051490464557e-04
7.858569803938548906e-04
7.794836972839180823e-04
8.185372377531894639e-04
1.156962653884005413e-03
6.878589604408449779e-04
8.192980423695197731e-04
9.463528670723415741e-04
1.018510257056635991e-03
7.118635433815682272e-04
6.936143047281623578e-04
1.055115450939683296e-03
7.716681881107940707e-04
8.867419525452892000e-04
8.029304884324071348e-04
9.930186867444944134e-04
7.981585197657597129e-04
1.165660412948623650e-03
7.354882315651295552e-04
1.116894452908298975e-03
1.155701229661608388e-03
8.435442419753174954e-04
1.022959866721613684e-03
1.519318994286420962e-03
9.527364783513123710e-04
1.208026888014916657e-03
8.839383610261949617e-04
8.232309431406975835e-04
1.714717398339706206e-03
1.096451299977968703e-03
8.087575659537722455e-04
8.085222625473602581e-04
1.449240327173203103e-03
8.041356375145076400e-04
8.737356189712452937e-04
9.026438518116634791e-04
1.190040870935164113e-03
1.318192850667560629e-03
9.748868599258058050e-04
9.942132613736250849e-04
6.497094760450629032e-04
1.109859404020495594e-03
8.101245859285348145e-04
9.070049784395853125e-04
7.950415203821458148e-04
7.848462957366314323e-04
1.284084787717857746e-03
9.502500616326141911e-04
9.515097177913166325e-04
8.730286816830833303e-04
1.379077448257760158e-03
1.396864941996108552e-03
9.511444589182667907e-04
9.389221693336872836e-04
8.447518158179830776e-04
7.800452705708523339e-04
7.744910364824730570e-04
8.086537938524732301e-04
1.733329637619887911e-03
2.031076593753687858e-03
1.000464966776413219e-03
8.524368905714316312e-04
6.874257564081666513e-04
9.256667309023820312e-04
1.145843735901977281e-03
1.174593113630926534e-03
9.884412347359304053e-04
7.299031923158606728e-04
7.307015010287851338e-04
7.415721864498763926e-04
8.100069236518352969e-04
6.413843262245970834e-04
7.530672387274763230e-04
1.029068492384233383e-03
1.256306481525539280e-03
1.044549165731921327e-03
8.780320382264766160e-04
1.183276075889347139e-03
8.409449297309654374e-04
7.183659183392419965e-04
9.674730396577244226e-04
7.135851525496671047e-04
7.641805818131582441e-04
1.053684865441779266e-03
6.414555117747570978e-04
1.086240276543280932e-03
1.508391617629021263e-03
1.289036690155842546e-03
8.473190766052479932e-04
1.239549786516775049e-03
7.817365635083765689e-04
1.034778891860148754e-03
7.957514105243173718e-04
8.411710519035094178e-04
1.857229024903682803e-03
9.561282732583219939e-04
9.388630004447572541e-04
1.105327312019471157e-03
1.154854886845179188e-03
6.728960475563908758e-04
6.884849483349635667e-04
1.029984120421904500e-03
9.467766387002151968e-04
1.042110811620959848e-03
7.291463124910714999e-04
8.904609491721120380e-04
8.476784726336858075e-04
1.004319323558245563e-03
9.267237082932183040e-04
9.836972984733681567e-04
7.899730131169801790e-04
8.934829611557442092e-04
1.079402287032906046e-03
1.429912388320144683e-03
1.238587863036200642e-03
7.639956074313363019e-04
1.284045378637804422e-03
1.400174551114412910e-03
7.438179138458669501e-04
1.367599596062065099e-03
8.924678384301381207e-04
1.187808571470677687e-03
9.383300416795378827e-04
8.576857787853165750e-04
6.890805387017918428e-04
9.300837626642487633e-04
1.553602738494555937e-03
7.956689512821556133e-04
1.148821779355354298e-03
1.008836821037864149e-03
6.563893709026744116e-04
1.155007537112404245e-03
1.560326352109171581e-03
7.042158787154662817e-04
1.016360883794692168e-03
8.812691957615995933e-04
1.068248690757780560e-03
1.022351218663317173e-03
1.073023997782209492e-03
1.012521451233763846e-03
7.643308595872131718e-04
9.848008713721778402e-04
8.672261352680304134e-04
7.476495746145894955e-04
1.077537207586623394e-03
7.627355165602775792e-04
8.431394923343540774e-04
9.451468035849511923e-04
7.768049727084569379e-04
1.208790631050084101e-03
1.516243530509455177e-03
1.152021004500752236e-03
9.967444368992649587e-04
7.627122271556843703e-04
7.053744683466002573e-04
9.788380667130384093e-04
9.345826173804813643e-04
1.186420489763349113e-03
1.013495581292046073e-03
1.254889645565893629e-03
6.991128119299452577e-04
9.992441582736398976e-04
8.635650997174555959e-04
8.932342613208900774e-04
9.243296533906953825e-04
8.725645284568389875e-04
9.627053810592964278e-04
7.348659411330994229e-04
1.062557474233469332e-03
1.048469260245644919e-03
7.689664103664270878e-04
9.951455786090398180e-04
9.774125256091538427e-04
9.916215403323351205e-04
8.645971240032927036e-04
9.626686770763721477e-04
1.455998231232352941e-03
6.665518371781927994e-04
8.128093143535918257e-04
1.003910769622593305e-03
7.811125618454135486e-04
7.380496461006454860e-04
6.718654319226863162e-04
8.175530065903757575e-04
8.097010319187605137e-04
9.970429138298764205e-04
1.157366718824432003e-03
7.745757111596003955e-04
1.053650781862564218e-03
8.941656335296810148e-04
7.535115300202795130e-04
1.638297207598632442e-03
9.174510209742617241e-04
8.629501035542621939e-04
1.008999875727045357e-03
9.989273021294134327e-04
1.008927321893935726e-03
9.847429826654989244e-04
7.632379251456185851e-04
1.400269619554191580e-03
8.606621076244439644e-04
6.952450542568508994e-04
8.832897452776284491e-04
7.951186154735379518e-04
8.283475775920278112e-04
8.632242110996560941e-04
8.661491080793598920e-04
6.828716963138779100e-04
7.886825651125282466e-04
7.855952587458169163e-04
6.828782920188026292e-04
8.542269555494993657e-04
1.040845846084149018e-03
7.282114451488989545e-04
8.101797277254002951e-04
8.972608975705857661e-04
1.155955662502155309e-03
1.592258748005459480e-03
1.018799542226847109e-03
7.274197441184671303e-04
7.873608565197421456e-04
9.851180990997001220e-04
8.493130438557766268e-04
7.605916661668600878e-04
1.661378480125839724e-03
1.189920238975398408e-03
7.343654490149490897e-04
9.082805150026615265e-04
9.107113288431105402e-04
9.689743690100992204e-04
7.998575441220997628e-04
8.217982732087037020e-04
7.436515715975711540e-04
9.842180604957976361e-04
9.127675060071117376e-04
1.149112523394022227e-03
7.565606488268426019e-04
8.186784597109731569e-04
1.477785103999177231e-03
6.434401159507286251e-04
1.289028013993652596e-03
1.099958049524360363e-03
8.169868865598378183e-04
1.854365717440493696e-03
1.088178834180798197e-03
7.853689777475080045e-04
9.150796705420739720e-04
7.709548703582127117e-04
7.051305603961811668e-04
7.729891142840115839e-04
9.067405209988986005e-04
7.914129266315379036e-04
8.278834907891383489e-04
8.924950622316527591e-04
1.254703999306161282e-03
7.451815655377363578e-04
1.070622920954399137e-03
7.888642829688653681e-04
1.079664735483942990e-03
7.862744264365681326e-04
6.844175188964678842e-04
1.323883778271992299e-03
1.112082447786657061e-03
8.768497345412968940e-04
9.365408333986455875e-04
7.086116403644317783e-04
8.609840450574708518e-04
8.705661067000414069e-04
9.703137884521893797e-04
6.631434955405017973e-04
7.299253630292736094e-04
1.235285860437010082e-03
9.349776313843716821e-04
1.120585529549003936e-03
1.225355641198154488e-03
1.035213523628606292e-03
8.954694292640267509e-04
1.009390117282391247e-03
1.873288076121572233e-03
9.936552869847783617e-04
1.114747967991238731e-03
6.861417152132261296e-04
1.048003444982464113e-03
1.091283591521423390e-03
8.538883867500366397e-04
9.335999202500780891e-04
8.310641237642605152e-04
1.174072363053295723e-03
8.023179791265489186e-04
7.198407695260836082e-04
1.071952248636461177e-03
1.414886007608758640e-03
1.079358136562194809e-03
1.058418681431115950e-03
1.056816405205577777e-03
1.877033844266489792e-03
1.153348678091567275e-03
1.145847569310263830e-03
9.756008285092429523e-04
7.200272113787558985e-04
1.161661836982358885e-03
8.849693757836533167e-04
8.504809741646495846e-04
7.156076596570875746e-04
9.276542479004378948e-04
1.117870850397318077e-03
7.139978340201839305e-04
8.053944251835402522e-04
8.913099831965887740e-04
7.688896560012043434e-04
2.007869565644947348e-03
7.208717712582753340e-04
1.024046921518485245e-03
1.306014811016758181e-03
1.072070297574055728e-03
7.650069244699189523e-04
8.044830037164026624e-04
2.280015151136221413e-03
7.565188739049296188e-04
7.804423275956698901e-04
9.588654322903780161e-04
1.746250946643486662e-03
1.395225002593086707e-03
9.258435966064302528e-04
7.526779843461821372e-04
2.016573418974032354e-03
8.511318535549490310e-04
9.477048559058748800e-04
9.851422711242747727e-04
1.084121020682236695e-03
1.313335962678887237e-03
1.011981246463200448e-03
8.923387911793487139e-04
1.024939310336750757e-03
1.083149818830208763e-03
8.369203767899376870e-04
9.059867775480367081e-04
7.633429627384735478e-04
1.349772120633606571e-03
9.734900506688586811e-04
9.324528878701288277e-04
1.245604427336505357e-03
1.798759785856958752e-03
6.556419683665053568e-04
7.008598692602585742e-04
8.106227386301909652e-04
7.158698913613588009e-04
1.821357070208301206e-03
8.752338797324584309e-04
8.793268774186227196e-04
6.821698624824573546e-04
1.386113755640140319e-03
1.119097931524960137e-03
1.755021280377430963e-03
1.166679227811022977e-03
1.153714041837362262e-03
9.001982009989023667e-04
8.617480769960855769e-04
7.865737391795285050e-04
8.505011859264848548e-04
1.003429107403081347e-03
1.189155653408158425e-03
1.529939602209332006e-03
8.277540235754732691e-04
7.921161694361371483e-04
7.402600167754327855e-04
9.261092231822583114e-04
9.185899615302200658e-04
1.421080306929505595e-03
9.494354151980443409e-04
1.141970918309609308e-03
7.339726607401463520e-04
1.132138820490604042e-03
1.331935979045520023e-03
9.351816825785523720e-04
7.700839877377338005e-04
6.662053679745084033e-04
8.221755541775403048e-04
9.456977929048213452e-04
8.272429351710965453e-04
8.569897568216623641e-04
9.231807756300254922e-04
9.593725384485583124e-04
8.521476139761654123e-04
1.389860758539227231e-03
1.010735587997579248e-03
1.123502372321958601e-03
1.657107532053770293e-03
7.641729397801235411e-04
1.735508465637200211e-03
1.613395716103574549e-03
8.620942508812913171e-04
9.768705601329483960e-04
9.316840737858358458e-04
1.004260053964560993e-03
9.738097150929481399e-04
1.014717977224205035e-03
1.034662610264546574e-03
1.405990307662505689e-03
7.540653672173571603e-04
6.494130544173702928e-04
9.914928357946861323e-04
1.019561572238315535e-03
1.044209697606701074e-03
9.838828571346255880e-04
7.904492844617899867e-04
7.620187386716743318e-04
1.019339966272885889e-03
7.348296454448945744e-04
1.986726315818063832e-03
6.985566099031114383e-04
1.447931937914247961e-03
1.078834431044091782e-03
7.674362188972487725e-04
8.904048349727558889e-04
1.088058842999379107e-03
9.228527515702092182e-04
8.683900140357778824e-04
1.331200050148458351e-03
7.798575186022107739e-04
7.860223315972889513e-04
1.413225877868269772e-03
7.340052705195780148e-04
1.018442827861448059e-03
8.335464687202144476e-04
7.057563922731189187e-04
9.816901429594753273e-04
1.917788260485624088e-03
6.490354683793690986e-04
1.754418831802056046e-03
8.674703482292173400e-04
9.330234805689506831e-04
1.021277023615060116e-03
8.721428303577364672e-04
7.505307678027055415e-04
1.259295423776174861e-03
8.536979665828415935e-04
1.331602542136909673e-03
1.181773811096038969e-03
8.660155892445887049e-04
1.407854438422991971e-03
8.347223905863744228e-04
7.898667116634673765e-04
9.868037715159197996e-04
8.853605661637160276e-04
1.175547760743262749e-03
7.233112554825095247e-04
7.908476107869257150e-04
9.554544498115919490e-04
1.036489139155765283e-03
6.555923007882120263e-04
8.790218266220792840e-04
1.109418321047484857e-03
1.230494817194650869e-03
8.966786070471870771e-04
1.007420936847935140e-03
1.074406454938444961e-03
1.314692525370894909e-03
6.564601183998310498e-04
2.237004396257750039e-03
1.015985264849854353e-03
7.482494561346382913e-04
7.773717574506221976e-04
8.442204653274370824e-04
7.039574496794548690e-04
9.145262500082231407e-04
7.032003105723996826e-04
8.463810629046865592e-04
9.125723476602474364e-04
7.582631532900668521e-04
8.115133442892762681e-04
1.282265767224633531e-03
1.051252196019945634e-03
6.973435482925696661e-04
8.449277881193086211e-04
1.026009369551504234e-03
1.182210144196799194e-03
8.565646630751578032e-04
8.703262444779189628e-04
1.112622723467434791e-03
1.178824587133176687e-03
6.417553819891936781e-04
1.210895736513624855e-03
1.187215595517050748e-03
7.495287337942042839e-04
9.191874669105265386e-04
7.262065273314575456e-04
8.174058355530227108e-04
8.025935887529455845e-04
9.548473310459486708e-04
1.200225111197409864e-03
1.057250613264818732e-03
8.635827268700305278e-04
7.993396501805928893e-04
1.196578164949803607e-03
9.546952048944350568e-04
9.571659705384002450e-04
9.486203100019253423e-04
1.036485530614904846e-03
7.821510886809143097e-04
7.410343333031328217e-04
7.805019496684999399e-04
1.486214150347337035e-03
1.174323778085454044e-03
1.042635284986676491e-03
9.544315035550176131e-04
1.057196155917488386e-03
9.437675254933314446e-04
1.137513719929821206e-03
1.013346327922105741e-03
9.630182849192644523e-04
9.783094377829924890e-04
9.754320088280849996e-04
7.996559286861852720e-04
8.214262779198846891e-04
9.438739059091196589e-04
7.884922627483495657e-04
7.277371355915042807e-04
1.735084101959079653e-03
7.704334986458047157e-04
7.193412831705238908e-04
8.097881307832391438e-04
8.640908494161453606e-04
1.292234889980518496e-03
8.399857574787123653e-04
7.620466059318959685e-04
6.817117647384142963e-04
8.332772265481288871e-04
8.940084614725804816e-04
1.153504414491449918e-03
9.771308824403578640e-04
1.214096023299830827e-03
7.282807020423860168e-04
7.671852887091208271e-04
7.885585616015655663e-04
7.236711783575156638e-04
8.038433944942892807e-04
1.192736983123383063e-03
7.011867736209937817e-04
7.229621281787190030e-04
1.333609931195404563e-03
1.056649061326014145e-03
1.345064204262376743e-03
8.427163614840131600e-04
1.245163556900586712e-03
1.277422790213242560e-03
7.137170575492463986e-04
1.142098949886956229e-03
8.030731053746283619e-04
1.074886495017487661e-03
8.082326050140267075e-04
7.230522554766573686e-04
8.058769784991996017e-04
9.812158982040102093e-04
9.006604621373186063e-04
7.081000826463253574e-04
8.615107302035127914e-04
1.323379352259725257e-03
7.689091330840028228e-04
8.616083022790373396e-04
7.829480744928363775e-04
9.472088124810663142e-04
8.742925835610931493e-04
8.502530733612384496e-04
9.889508437121892481e-04
8.457499593902318867e-04
8.748409200893933393e-04
9.750089083127077899e-04
8.517634051134429646e-04
8.458654946396929270e-04
1.365752753436614121e-03
1.479458561474346952e-03
1.019736030482710143e-03
6.648979762921916354e-04
7.734465515021336822e-04
8.301906614751927271e-04
6.998244761661437732e-04
7.251861349423795958e-04
7.659628028060025797e-04
9.481647717861164991e-04
6.823543672231255309e-04
9.368306791338888153e-04
6.958242401791143875e-04
9.818279091452532248e-04
7.479389228913528240e-04
7.261554955845917316e-04
1.416121095636352573e-03
1.328268611687315453e-03
1.018944321190514649e-03
1.925841483469999896e-03
9.932062377069411033e-04
9.774492052046300072e-04
1.346878953894386577e-03
1.089622938098677675e-03
1.020676784801816074e-03
8.061041475188891183e-04
9.185899648895030781e-04
9.625427427752690675e-04
8.320899136448311724e-04
9.423678129800096455e-04
7.304458316393095318e-04
9.429657574147294954e-04
8.527173663932991789e-04
7.770216256919850123e-04
9.186232618570437831e-04
1.242639666200704871e-03
1.046387727690363230e-03
7.412989030801369738e-04
6.618492906677510973e-04
1.249212938749074114e-03
1.050623102151025797e-03
1.092325031055006550e-03
1.055911186805875762e-03
8.911615173587485216e-04
1.076822355509292860e-03
7.408233425378348393e-04
7.728427455306411667e-04
8.495109977917678730e-04
9.407706977014343398e-04
1.329854280334741637e-03
8.008595841602415659e-04
8.378006968872735638e-04
9.729462825977171778e-04
1.067721564375819073e-03
1.255714034379339875e-03
1.968305518329025589e-03
1.374805533321199263e-03
1.488460711823991504e-03
8.788965438799467176e-04
8.154554737733726161e-04
9.992087490386942616e-04
1.014816084806834714e-03
7.275751599129165123e-04
1.276851980776666116e-03
9.036344577850230530e-04
7.511559942183674513e-04
9.082052438468565889e-04
1.047292492728729794e-03
9.214794413945397384e-04
8.733276133156117529e-04
1.306183386394340826e-03
1.257565710987780788e-03
1.162648925100891358e-03
1.089915589777492796e-03
8.844522386307660617e-04
8.330684645320935236e-04
6.826235936558033759e-04
8.073586587581158642e-04
9.263071299989091185e-04
1.483687937154135571e-03
1.280277932400512289e-03
8.450532212163640354e-04
1.118496311505028876e-03
1.031066093614186685e-03
7.302621170821398501e-04
1.172646303503584956e-03
8.444531081281994285e-04
9.073577686174851085e-04
1.216577056554676243e-03
2.358936780490125500e-03
9.666311348719180182e-04
1.100103045471075101e-03
1.293203318418561848e-03
7.761199643610652062e-04
9.898924220039519942e-04
1.012429106473185757e-03
1.000478341692266886e-03
1.560607740636128478e-03
1.094188757571638946e-03
1.084459555293961494e-03
1.394630715145560177e-03
1.032825041920089381e-03
8.605430520934837868e-04
8.787878126015900892e-04
9.578369223135591807e-04
1.587550395181295095e-03
9.955304660965687887e-04
1.562438534381657392e-03
9.773370974938812381e-04
7.169032900920043090e-04
1.028774229077609841e-03
8.720090997779640814e-04
8.502270070654543987e-04
1.321168315692748153e-03
1.339025278068058577e-03
1.196856421947534253e-03
7.952760729957377437e-04
9.828863425287424384e-04
1.001226399226840631e-03
1.187915332043043993e-03
1.066910456479777279e-03
9.853978227671604442e-04
6.991445515375382556e-04
1.097108816448697129e-03
7.306485538253569686e-04
1.124843932961454122e-03
1.012103296464382214e-03
1.002688344400648034e-03
1.441146287358942768e-03
1.301923359904263913e-03
8.985127817439930720e-04
1.140411622574193182e-03
7.482440269041635899e-04
7.541783373283118645e-04
1.969762497323673464e-03
1.091539103703649278e-03
7.861412489241755095e-04
1.760528653740447546e-03
7.798146233790857491e-04
9.060721146460027145e-04
1.722002906036188821e-03
1.260879870172405175e-03
8.218043211018932108e-04
8.141420198341614524e-04
7.871219730944604802e-04
8.196519919498912758e-04
7.964695690994694341e-04
1.541878350382852071e-03
1.291794803789230242e-03
6.849156126476745867e-04
8.510288676088053131e-04
7.438641539294051433e-04
1.433652852345332872e-03
6.748707638750135306e-04
8.564379637680974867e-04
9.494377719258947565e-04
1.071464600402445696e-03
7.481081688149232361e-04
9.470834156152482027e-04
8.288055530130469806e-04
8.727790601371734121e-04
8.048340041089551864e-04
8.657248386414353840e-04
7.523263525322731148e-04
1.468574071460361551e-03
9.035204007126179226e-04
1.254317905587977238e-03
8.358188950628188917e-04
6.993175932926018685e-04
8.993949495759496386e-04
1.992896596362838529e-03
8.058954691704599098e-04
7.618901214191520612e-04
1.048472996576480356e-03
7.691066341343116624e-04
8.261235073584792359e-04
1.487293265804080127e-03
1.036539264142188757e-03
8.007074347505540278e-04
7.174468765361639118e-04
