1.659795338658765244e-03
1.036163665086762891e-03
1.053676303047306568e-03
8.346008692071802022e-04
9.491406172178511657e-04
1.394608993716980102e-03
9.979851834445217871e-04
1.273925722120313603e-03
1.032055291689278889e-03
1.011121381267132040e-03
1.320664604562192665e-03
1.390328132582418271e-03
1.243858237234295823e-03
9.485557996682099195e-04
1.145139303186516570e-03
7.358500776305750609e-04
1.029976984474253576e-03
9.951753471628102705e-04
7.615277090412347037e-04
8.558515347658881764e-04
7.795582535014266299e-04
7.988674312036549022e-04
8.360102448724067350e-04
8.995258393348865098e-04
1.247141448143490421e-03
1.093457227889869888e-03
1.510178384055989743e-03
8.730527920085978406e-04
8.559382183403784275e-04
1.191309308266872737e-03
1.043013597620750382e-03
1.135461027959364794e-03
7.218369908898664752e-04
1.022869930337241958e-03
1.252802223489332635e-03
1.028144273839699330e-03
8.871516347261637495e-04
9.027381365050097042e-04
7.352339774112600680e-04
1.068069756549867291e-03
8.228829772453353673e-04
1.198700221335997082e-03
8.126593196890168763e-04
9.327327119483898093e-04
1.245109617499575664e-03
1.171243345472967488e-03
8.917957350866550885e-04
9.314938187197602075e-04
8.533201984097025898e-04
9.572794103612623394e-04
8.397801197308701155e-04
7.288746174352314297e-04
7.244515141950425355e-04
8.156865416816299263e-04
1.069006688160565157e-03
1.023451486195426675e-03
1.438045681564352257e-03
1.085542606090888736e-03
8.902794316228946573e-04
6.495282049871265763e-04
8.184894798776373454e-04
9.772534911268435966e-04
1.435808233215585088e-03
1.130772685802618627e-03
7.058258613168849876e-04
9.742744607212577108e-04
9.558755910228781179e-04
9.295219131968621975e-04
8.660250421525252616e-04
1.428568517283565226e-03
8.650204120674552261e-04
6.893962859366661606e-04
6.916888561038698514e-04
7.365417681068688613e-04
9.384742031615728652e-04
1.480982539680898973e-03
9.553539675376807646e-04
1.347556538775331395e-03
1.191143802589987285e-03
9.548335270764237229e-04
7.268140903149995086e-04
7.703796119464556037e-04
1.104147956260974903e-03
7.674523624301948614e-04
8.587917749788092324e-04
6.847307136428923240e-04
1.146728391576886654e-03
7.879778084452333190e-04
8.257864406663128045e-04
9.664293662665102711e-04
1.845795509890679493e-03
7.368940965499854367e-04
8.725101988735108191e-04
1.281973952362821471e-03
8.049627357029102634e-04
7.487489625084518818e-04
9.496717679916732080e-04
1.179751904078553707e-03
8.563468904456669794e-04
9.553693149420647984e-04
9.492643380972263329e-04
7.089529114416092499e-04
1.321086842578277727e-03
7.982766663763135031e-04
7.151905957723609037e-04
1.005186352469160339e-03
7.151762777322071170e-04
7.701365317181485017e-04
7.820798095044615957e-04
8.296741763607933451e-04
8.140281212021051619e-04
8.878268237321157007e-04
8.338071408710001891e-04
7.693780385456695098e-04
1.053180997883178130e-03
7.506618962302577741e-04
9.657177005109658001e-04
1.003954200160784909e-03
8.371691426922945245e-04
9.345584920065544681e-04
7.333833622066055239e-04
1.197353600539999632e-03
8.629144498885444941e-04
8.752267166038590418e-04
8.333874486159269538e-04
1.348048454351754048e-03
1.855426806528592473e-03
7.146747462799783474e-04
9.350066606821064077e-04
9.897287605312987940e-04
1.035903959633287675e-03
1.005006436404859644e-03
1.207497488344895422e-03
8.279731083689145050e-04
7.478622863783652118e-04
9.937524801145575758e-04
1.002311477409482043e-03
8.812163688986564009e-04
1.405111999534720303e-03
9.296239657152403869e-04
1.178327233202347687e-03
1.391504145166143000e-03
8.225387723313274096e-04
1.279208173300619292e-03
1.456974718462687984e-03
8.423357338588561075e-04
9.606696340948843883e-04
7.424262752512079174e-04
1.096607995529279332e-03
1.036490946348133258e-03
1.306259081775439004e-03
9.152860994798283105e-04
1.890020437038949586e-03
8.576475264080792461e-04
1.181110063536284713e-03
7.848129251119685505e-04
9.048795530373561794e-04
9.792994382829835719e-04
1.690711415766889573e-03
8.775919672229507600e-04
1.890838529336803277e-03
1.024343656481964101e-03
8.270648414160164733e-04
8.985643218892569190e-04
7.157603348634660216e-04
7.403725017383750145e-04
8.704234873583941443e-04
1.207185440571176271e-03
7.766934470160261495e-04
1.044598885561684410e-03
1.499450693457019066e-03
6.798509200782015252e-04
7.984957916051217078e-04
9.480878083496816974e-04
7.967194931218498722e-04
7.123536083761380835e-04
9.446225907916821736e-04
7.759462222875107866e-04
1.536651902039087077e-03
6.891646112687873542e-04
8.584209587989875085e-04
1.398216081192543443e-03
7.910229443844820230e-04
7.350076775598572655e-04
1.012384888085179034e-03
7.484493713579705139e-04
7.820729572147954670e-04
1.189342241611433685e-03
1.231734949381333051e-03
8.792409934154883167e-04
9.623385888145730279e-04
7.502419400539669762e-04
9.165376956552893787e-04
9.871575157286347196e-04
7.122426384216132928e-04
1.867233510304662286e-03
8.830393517269666303e-04
9.343199876326585681e-04
1.399965741725943229e-03
1.397183722029156708e-03
1.392640096443861037e-03
7.851840765913932442e-04
1.203806066317784354e-03
7.915667848267574601e-04
1.573881790138498098e-03
1.109851991126391052e-03
8.803321287206499705e-04
9.545963058633538971e-04
1.788152147456352351e-03
1.624570806683460359e-03
8.869589981937386859e-04
1.145354734216646585e-03
1.093179795603496174e-03
9.114174236083541015e-04
9.503810688957448289e-04
1.111586364519613407e-03
1.579082158696381655e-03
8.943733833881113617e-04
9.243023468831431961e-04
7.223039910131618183e-04
1.180429729217185968e-03
8.158747710344762443e-04
1.378917469304335314e-03
7.371847652792850323e-04
7.848142232532272092e-04
1.227899490701637271e-03
7.266829957459473724e-04
8.956933439435007735e-04
7.457289203291486918e-04
1.176851065330546771e-03
2.188728821165270358e-03
1.322794764717675434e-03
7.989785916835148933e-04
8.979033116485366471e-04
9.726331525925319089e-04
1.241970831221973857e-03
6.498010011620533989e-04
7.975918808059120945e-04
8.422439818895716091e-04
6.834655692924085325e-04
1.436862817701426440e-03
1.421791658027600014e-03
9.043589863201800068e-04
7.428231440392328924e-04
7.101076734438624936e-04
1.066137955262249064e-03
1.350297400964472865e-03
9.532457698176130013e-04
9.591762588519640127e-04
9.322702331270117443e-04
1.807037465012936630e-03
7.507656171756358189e-04
7.695085706251449196e-04
7.780146943581975078e-04
9.458370663882772989e-04
1.089827293646497552e-03
8.071917174559019434e-04
9.215134942503591707e-04
8.128156756076115657e-04
7.002452321978694947e-04
6.458748812455406820e-04
1.234634780824461807e-03
1.588661501591215070e-03
8.547148270955264157e-04
8.227433965465487647e-04
6.953557169459667186e-04
8.012879953655557396e-04
1.313011875467848602e-03
7.089498855505334610e-04
9.115885717035636816e-04
1.321582256962809719e-03
1.023980282227409701e-03
9.039681344838319506e-04
7.043862124688967394e-04
9.096551260044674842e-04
7.834037652064275263e-04
1.278868941721883696e-03
1.114186932915222803e-03
1.130748161712665824e-03
1.024648142178480326e-03
7.520455714116148702e-04
1.133808541372285364e-03
8.997966694694559077e-04
8.379066627804238835e-04
8.787950033751937111e-04
8.306824346491655225e-04
8.369512643934818837e-04
8.870612965189159441e-04
8.523883009487426363e-04
1.080407979576046822e-03
7.724331274514928229e-04
8.219930419550510077e-04
6.828544819838223111e-04
1.018162836084939536e-03
6.736325228186073807e-04
8.439290709460434093e-04
6.795546368059566730e-04
9.001730917777812186e-04
7.417049427508130019e-04
1.105155753014930384e-03
8.232871800685570909e-04
1.306724972783305291e-03
8.000885348539109581e-04
1.100749336055743171e-03
1.070236008167009837e-03
1.468379512584589049e-03
1.002931662053981607e-03
1.407025555595697820e-03
1.136472768001123984e-03
9.088271493591375434e-04
1.334858565275338655e-03
1.242275184281198741e-03
7.619758499262996093e-04
9.330019866914603414e-04
1.096133170122662271e-03
8.808723160617068547e-04
7.573336412086961733e-04
1.388215754784590016e-03
2.339742129122536572e-03
7.032086452817605136e-04
7.154463881972342393e-04
7.027096013950487070e-04
9.455011899780918104e-04
1.165102393899872897e-03
9.051699454713282291e-04
9.695215662762488636e-04
1.296877090523930465e-03
1.074847313806226966e-03
7.823988364495441895e-04
8.984585638020880062e-04
7.352507521968867097e-04
7.549316432381833388e-04
8.077280250727637053e-04
6.898968610182244473e-04
7.852242285057206951e-04
1.090529885711942395e-03
7.926718358035869313e-04
9.243725841473138726e-04
8.041357346837430800e-04
8.262313850472933910e-04
1.326518460120911696e-03
1.015311163269270360e-03
1.519501983547900167e-03
8.912820127254913105e-04
7.438596700119967653e-04
8.417225221295412518e-04
7.256169266240659974e-04
7.886536411207593997e-04
1.031655901827175465e-03
8.498171190918881509e-04
1.924422161279042273e-03
8.897440517929830267e-04
7.138646229526378600e-04
9.992091312801037930e-04
7.981561249230705382e-04
8.966775422985415970e-04
1.250940804819884429e-03
7.121219098565639187e-04
7.194150219732511767e-04
1.090170303390837524e-03
7.307311812830235122e-04
7.952996382396721213e-04
7.816873605191930431e-04
8.040448735071824542e-04
1.328515688879082415e-03
7.573168754073498652e-04
7.920527267027702373e-04
1.905870057563046173e-03
8.216966310735590931e-04
7.229669262708710020e-04
2.703069985039698031e-03
1.098697216402123693e-03
9.156615453438551573e-04
7.586704053702906375e-04
8.069411581809781200e-04
1.221169270840771282e-03
8.233651321440390398e-04
8.075893960677991588e-04
9.884799730983089699e-04
1.130873875192898960e-03
6.658113362337166356e-04
6.711882462194379301e-04
2.394249542960993210e-03
1.112493871815321530e-03
1.091476037748524220e-03
2.057408913403043459e-03
6.863351058997923474e-04
7.932961889245626012e-04
1.109644022285373108e-03
8.798028174921303625e-04
7.420266879352070775e-04
8.156713142151070760e-04
9.690153727480815783e-04
7.888793680033431106e-04
1.088827317189103002e-03
9.985577940614545709e-04
1.262268825598306067e-03
7.488555899621907389e-04
9.258812451871968607e-04
1.042209145318613150e-03
1.017856706598805217e-03
8.818729648746607627e-04
8.481020492753598263e-04
1.196265402484502933e-03
6.708865775712874414e-04
1.132716678707748181e-03
1.082928683778165528e-03
8.025425165137475185e-04
1.149219589415429810e-03
9.557757475455327077e-04
1.334986593761972127e-03
8.887592204918103901e-04
9.863214639182003689e-04
1.172278745178330405e-03
8.843891961802818370e-04
8.881250751668869547e-04
1.239840780448274882e-03
8.759392774053423531e-04
7.680643385807149484e-04
1.068623338966581031e-03
1.166777467140946503e-03
1.064988787240676296e-03
1.191836047619047314e-03
8.505357743553732539e-04
2.803697000591177674e-03
1.096732812886617179e-03
1.347455511377201225e-03
1.267748165783195297e-03
1.419354706186578456e-03
7.444497846144934941e-04
1.023965960073685644e-03
8.397177326943127979e-04
7.967175009861783867e-04
1.220658260997754775e-03
1.007603803382874259e-03
9.109604541308650126e-04
7.244273550616488460e-04
8.345653692579161308e-04
7.684383045706991502e-04
1.205236216329346301e-03
1.300536533750876536e-03
8.987962757449805516e-04
8.762751054063145717e-04
1.066089003598287132e-03
7.844229863721987684e-04
7.487199512085318748e-04
1.234313821281876177e-03
9.917578301971592940e-04
1.086737962198767440e-03
8.227695941218708372e-04
7.708231238268264127e-04
8.900675617676590034e-04
6.759850548671459151e-04
1.677921668302616125e-03
8.380153922292184025e-04
1.826415725202225598e-03
1.060941713436310604e-03
1.137519252173673683e-03
7.383119755099574934e-04
1.448583022170956292e-03
1.410811272541235986e-03
1.026072607323697244e-03
1.161669381470357846e-03
7.066189836526057689e-04
1.053356238720648151e-03
1.934668795851335853e-03
1.164519793590042566e-03
1.108495056753044895e-03
7.821983916183706609e-04
8.366227519702457019e-04
1.595710412542977828e-03
1.334683909963510495e-03
7.259102285549084727e-04
1.266377155499722861e-03
1.478893547740058392e-03
8.682735053467361633e-04
1.061544593621272133e-03
9.467830411810288340e-04
7.742884968786380986e-04
8.809613263628846176e-04
9.952920130206226092e-04
1.343401744671079935e-03
8.596290629535426530e-04
7.228989729368619655e-04
8.627993268000220791e-04
1.252754076568603691e-03
7.003621464839290996e-04
8.475841944068386851e-04
7.791755764007707611e-04
7.859031542727460675e-04
1.052300681837234396e-03
1.226958267065595765e-03
1.208879037282229547e-03
6.826577008191955700e-04
7.007867164422939546e-04
7.716563428120199949e-04
1.216105294091294814e-03
7.160806114318402863e-04
8.827262180917956180e-04
1.352323922856921417e-03
7.986226787581777271e-04
1.029092185282359014e-03
2.007997208513562400e-03
1.190497258614902493e-03
1.086221330573101072e-03
7.692008036556096653e-04
7.155301079495281430e-04
1.874012262613191379e-03
1.105486517349501055e-03
1.324038962927865954e-03
9.781262047566200313e-04
7.818644069140282503e-04
9.212767916794468862e-04
1.311338423037340618e-03
8.040980774331297305e-04
7.442099441831071492e-04
8.766656295936780781e-04
9.705124878925157567e-04
1.134056808312713894e-03
1.258589816357659269e-03
1.073092484212246137e-03
7.223060231036518373e-04
1.302146983310076712e-03
8.403657651897885206e-04
8.484205365554564355e-04
1.173268147706353322e-03
9.376820487971602265e-04
8.295414357716463525e-04
1.111863226171488266e-03
6.934329984256613856e-04
8.451339147747424741e-04
1.073654677838071754e-03
1.277398533731461490e-03
7.906927475661827426e-04
1.287550880211640707e-03
8.981609555060255995e-04
8.236934016912364964e-04
1.097748628195667963e-03
1.434658659876999294e-03
1.010321877328564620e-03
8.792159486407633050e-04
1.556731868765400982e-03
8.099514867032089286e-04
1.821540684143197570e-03
9.063853758868326222e-04
1.159351322687625406e-03
1.288589577916632225e-03
8.014505812038295223e-04
1.413576535180902571e-03
1.114121480119073439e-03
9.143040909476696492e-04
9.605112164152473150e-04
7.661994729572723728e-04
1.405426998594960829e-03
8.849642643018670873e-04
9.792759844848453622e-04
9.026153658548212140e-04
2.294204308649642511e-03
1.084716680008361795e-03
1.001741716545805766e-03
1.258231517241571685e-03
8.916190592715081279e-04
7.897783626488043100e-04
1.018214662072740090e-03
1.100639458374683957e-03
6.890138551856666779e-04
6.970791198964237066e-04
2.622648011471507331e-03
8.864109136086534843e-04
1.533484632442511444e-03
1.230962347432093453e-03
1.071394829274811182e-03
7.399158371216222989e-04
8.346776677499486829e-04
9.519428901950106967e-04
8.539357457574536228e-04
6.720611872359734179e-04
1.100078018747190209e-03
8.313951369701227077e-04
8.507409839124791635e-04
6.879264799915454790e-04
1.122049238890523862e-03
7.317062464744130811e-04
1.026839986385670936e-03
1.757510416914087560e-03
1.095302618964163815e-03
1.072632302527456874e-03
7.125128217936201307e-04
9.033912009312264346e-04
8.622757044873684187e-04
8.907801108545119638e-04
9.012748552355284238e-04
7.382974829597565604e-04
8.566731617557177226e-04
9.811204442626427717e-04
7.659191902173571615e-04
8.810523208810811533e-04
1.079462244100187545e-03
7.673912229075171773e-04
1.044138234275541035e-03
8.637885129482818225e-04
9.761884263650649025e-04
1.206061699130083712e-03
7.373339729169941029e-04
8.982920728362684543e-04
1.193109640154106296e-03
7.665371877083591336e-04
7.504908873284838345e-04
6.682933453730891026e-04
8.135705765512205078e-04
1.246486887589474350e-03
7.199875018922897215e-04
1.864697465165869377e-03
8.271146969520373109e-04
1.208004331075587454e-03
8.637612387426439262e-04
1.106302892238235315e-03
6.698458509812262084e-04
8.622387145412123118e-04
7.773217010950122120e-04
8.203517481951840646e-04
7.046550089582529711e-04
8.907577812295827029e-04
1.289395974468314455e-03
7.980936543343366499e-04
6.763948350196450927e-04
8.217494038707903086e-04
1.132789417485009385e-03
7.584582607828569464e-04
1.284232000209171824e-03
9.207247488860453421e-04
8.740803395499803161e-04
9.226586244283576819e-04
8.801937821098670305e-04
9.141594211450043955e-04
7.443524906775571704e-04
8.810260071088099913e-04
8.076640359650344827e-04
1.637634310136581355e-03
9.340774698748087208e-04
1.202002268465469014e-03
8.795146562185977672e-04
1.213199009885795616e-03
9.618226157198274265e-04
9.660195146247256819e-04
1.488338640241972143e-03
1.017742104181624347e-03
7.856289674416550191e-04
9.824647877878650570e-04
8.615825806796713988e-04
9.659277795175852431e-04
7.347931370341203488e-04
1.387293617680599974e-03
8.420745815937910866e-04
7.322480557132291824e-04
7.935670043514723212e-04
9.140112838763168228e-04
1.161044336445546952e-03
1.293136212666765776e-03
7.573484904078611572e-04
7.382637768118834433e-04
6.877746066948794935e-04
6.704387677921468981e-04
1.092143745855318109e-03
1.044335525550484827e-03
1.555027140320276724e-03
8.956093973664044396e-04
9.112420592070052255e-04
6.628238723616804986e-04
8.989543390758876875e-04
1.087605347015298610e-03
7.908235073275717312e-04
8.082618885580715277e-04
7.696569023718056058e-04
1.210201693864609374e-03
7.463149636215986229e-04
7.959836750921210928e-04
7.503509760449141594e-04
1.125004924454231243e-03
7.247538899219118421e-04
8.142209489595579001e-04
1.380469035994709654e-03
8.657201782935092411e-04
1.272091401396893305e-03
1.167832502967766336e-03
8.703546058288439552e-04
6.884747241740051676e-04
8.782972691564672934e-04
9.725496943782761935e-04
8.329904088359985082e-04
7.891253118498782818e-04
1.316611406083396593e-03
8.176860038722801862e-04
1.611084876617681697e-03
1.258528101140386291e-03
6.499871102688743090e-04
8.836186961581290501e-04
1.124278761746615911e-03
1.056985033655705262e-03
7.399228334937347053e-04
6.576312851346036376e-04
1.197588581408228934e-03
7.848804527872674849e-04
1.522324367591947362e-03
1.989523602095231731e-03
1.057575483407215133e-03
2.290243271114077769e-03
6.917613376583820958e-04
7.571414404847333444e-04
9.470936189204837456e-04
7.717803649566665723e-04
9.245714566056312429e-04
9.497341525951979091e-04
8.730285521720833157e-04
1.114863410663620739e-03
7.234157267134419577e-04
9.204471787087598316e-04
7.670902565381600754e-04
1.170618516853833176e-03
9.113127404545178552e-04
9.044800040926907455e-04
8.469327161313764231e-04
7.965331778486154854e-04
9.233371538455286418e-04
1.385459284571590594e-03
7.834025604562544227e-04
1.012166059400017998e-03
9.617366499572456125e-04
8.781239423000003659e-04
8.039539334877250989e-04
1.303906824729334163e-03
7.263822238408709948e-04
8.491018110967217970e-04
1.196205379325849475e-03
1.098615239507946730e-03
1.026872383289571594e-03
1.128912587638657280e-03
8.403328799642425899e-04
8.466408543771834338e-04
9.343719740066015311e-04
1.060901385306999576e-03
7.501764433330739956e-04
8.684691625525198071e-04
1.075663125810108782e-03
8.231736324724848270e-04
1.258928338052177050e-03
8.791842519976261934e-04
9.021924447178904542e-04
9.623127113481277526e-04
7.875949387729399946e-04
9.875202846861650275e-04
8.370572356634914260e-04
7.718108878977203522e-04
6.547564422710224754e-04
7.947120607202851810e-04
9.910750732504320943e-04
8.940277715748505983e-04
1.027229081459394297e-03
8.847934258590529205e-04
8.462241302149036597e-04
1.415167923413668608e-03
9.109995597224390890e-04
1.021195313450890376e-03
9.757236317853343983e-04
9.547614952467037156e-04
7.671730884499739162e-04
9.022832638856031822e-04
9.981208994566702960e-04
1.136647458674073727e-03
7.420482993497207191e-04
9.904154302967000962e-04
1.086599413568517481e-03
7.092580382477593889e-04
7.624164661225290565e-04
9.045318882925266427e-04
6.916305812053768392e-04
1.186251890949686135e-03
9.676946263872940931e-04
1.053440883787954384e-03
8.022763025502201075e-04
7.717887531011401831e-04
8.266435970862000965e-04
6.548089808032455826e-04
9.476389326725745844e-04
8.981209197182023945e-04
1.297147345333251375e-03
9.475636749382692356e-04
9.501593241505768310e-04
8.593415044247323551e-04
6.860385352847414792e-04
8.616304067718920509e-04
8.109900658852670086e-04
1.106796694185836153e-03
8.485222461590048466e-04
1.153125608943170698e-03
8.011108851609766938e-04
9.438166799484231859e-04
1.763172825930829721e-03
8.304080846492018549e-04
8.738062270053220670e-04
1.071529671255121684e-03
9.108409763699073418e-04
9.600046056202969462e-04
7.147665734495522007e-04
9.375794074069197402e-04
7.269319076721318966e-04
8.761930170264544022e-04
8.850251822287582377e-04
9.349905595922424623e-04
9.120368226447790865e-04
8.269841096566866263e-04
1.872465600014614840e-03
6.892642435808596715e-04
7.275972843479679890e-04
1.444283622902590818e-03
6.424326828002301657e-04
8.707512619442018013e-04
8.893172922004462765e-04
1.033353969110095433e-03
9.760197649006926513e-04
7.132450412486347627e-04
8.678980747915095509e-04
7.281980026439319447e-04
8.338001815833770165e-04
8.551353030884887999e-04
1.048412377332678860e-03
1.377775467472666833e-03
1.409537744310149741e-03
9.872621489414288871e-04
1.244948127694229384e-03
1.084561540331533585e-03
8.762076156373095181e-04
7.800243841869935633e-04
9.208397707986835717e-04
9.779406364832979835e-04
1.029593025999638945e-03
6.732973700248282706e-04
8.343397321089889062e-04
1.259931473709413000e-03
7.602854200892909114e-04
9.348685426410563784e-04
8.688550503623452366e-04
1.000209007588311657e-03
1.239418793779485878e-03
1.083270291529033012e-03
6.913311948289086470e-04
7.437956379842332625e-04
9.799587061169187999e-04
1.050069072705931165e-03
8.326108108167153219e-04
9.292385654242478780e-04
1.213175555928012106e-03
1.019528214885181928e-03
7.832140712026804293e-04
1.152520050094614848e-03
9.693321922552280631e-04
1.547049983549515046e-03
9.050381116671345682e-04
1.285488147282100356e-03
1.003355381503676568e-03
1.047472307562400708e-03
1.065718809987501120e-03
9.082235483646916487e-04
9.832470973981223637e-04
8.980353741002587362e-04
9.421596976756445004e-04
9.121835862049200048e-04
7.826929466746839360e-04
1.302730109591614636e-03
1.384139947886482789e-03
2.078782757553701999e-03
9.208570012508664583e-04
8.369987755305856444e-04
8.233559453003796470e-04
7.570441564101498171e-04
8.371759078879630576e-04
8.287105990339554409e-04
8.623968869055252326e-04
1.327831090372957185e-03
7.789922888978677035e-04
1.120884708663010378e-03
9.646394858545680488e-04
1.078022514317620922e-03
8.037896591234207312e-04
1.046644770756904484e-03
9.591788347487413590e-04
1.018244257147659683e-03
9.629978824846068160e-04
8.646437423493261165e-04
6.867468840047486487e-04
7.419734369281190574e-04
1.075066843361923872e-03
1.401133938682284398e-03
1.045865978768816202e-03
1.151349102099966147e-03
8.504941345994064148e-04
8.131557399893914618e-04
8.823355757393452382e-04
2.571720855801686023e-03
6.670819532379996348e-04
1.667541572131078223e-03
9.246300502371521818e-04
9.582791246562687376e-04
9.678192417671907652e-04
9.095910961869288231e-04
1.322571109402802172e-03
1.016364985281719780e-03
7.205971535421552398e-04
8.963423174317920652e-04
1.074145535811038858e-03
9.144559412779099984e-04
1.047399432379970659e-03
1.247645927294784279e-03
8.154787439401461543e-04
1.135738122849827818e-03
8.352042669414186035e-04
7.203481244629235782e-04
6.980426661929335641e-04
1.355357470283049658e-03
1.632577882757925859e-03
1.257929141649003803e-03
1.200561856300840511e-03
1.482900213008815117e-03
7.658613701193732514e-04
2.172536886656369504e-03
1.141324654532044434e-03
8.035253605113161415e-04
9.948653450185744162e-04
8.721179667783294284e-04
1.090216549791817946e-03
1.091406402938445474e-03
1.102170746683459176e-03
1.538705808862337590e-03
8.272783053015312109e-04
6.894165067371704411e-04
1.210637109771418602e-03
1.058571778146134672e-03
6.765429396015834162e-04
9.305360730878561165e-04
7.592433525921808701e-04
9.504912094765258918e-04
9.505327507944552785e-04
7.032277997987118048e-04
1.046635678558580388e-03
8.174849429620163537e-04
7.026244048351800277e-04
1.255740723712869995e-03
6.771186405909571148e-04
8.200317643318775574e-04
1.242410817367394687e-03
1.281145902845619040e-03
9.324494873629120880e-04
8.132315977824487382e-04
8.742509870333017982e-04
1.080563684987812445e-03
7.254949723830912862e-04
1.016449732338957921e-03
9.911772887782460944e-04
1.553505829253950610e-03
6.530818552988661456e-04
1.072359177517444480e-03
9.650127647396205969e-04
7.089416557593097423e-04
1.240435176152954871e-03
1.142784182801594812e-03
8.768720374380961375e-04
1.213284811804368323e-03
1.194444915119951406e-03
1.051722089167046953e-03
9.325449725235282830e-04
9.709671739756220920e-04
1.008736503295171909e-03
1.108235178495523433e-03
8.383364003835027918e-04
1.136628391490150181e-03
1.295239429399938462e-03
9.807159897644898271e-04
9.599477338443982832e-04
1.224033503000983118e-03
7.327216937964334785e-04
7.014449853564347533e-04
7.404860172512785828e-04
1.433355994988140579e-03
8.048642825223993255e-04
9.455065393910346960e-04
7.642718662051950973e-04
1.132820739478531671e-03
1.055061565317094502e-03
8.097101801650057962e-04
7.301730599566350110e-04
1.250420422940128366e-03
8.082117274619820147e-04
6.784591242697337894e-04
1.320581087759535241e-03
8.390242740985154324e-04
7.884159792923427397e-04
8.683105589227681611e-04
7.596431051047097165e-04
8.954418568601347876e-04
9.283336394719721640e-04
