3.458269258760628406e-01
2.599620269734385092e-01
1.582505240641604582e-01
3.469537198169959091e-01
3.591092428356615907e-01
3.448125339751020313e-01
1.901758948961761175e-01
2.680092560441026950e-01
1.648218529625493090e-01
3.168742949268051334e-01
2.855064126892321585e-01
2.594893215590934332e-01
3.365736340173476338e-01
2.643500497607707000e-01
2.553382045506171760e-01
9.730338534859642174e-02
2.227673146567126228e-01
1.339607844225906841e-01
2.464686497880626825e-01
2.664248999421710562e-01
1.824528393093115541e-01
3.534140091019816743e-01
1.975420881103424897e-01
2.904679560417637862e-01
2.559239589821473149e-01
3.525801528186499612e-01
1.701953967215765751e-01
2.179781623768606014e-01
2.502934490687379609e-01
2.279494802519596575e-01
3.580673101067994857e-01
3.455110222017892530e-01
1.658643084387078914e-01
2.512021318725621843e-01
1.999832685474327854e-01
2.155206429335556895e-01
2.327071603596647387e-01
2.298956995217146804e-01
3.613775282318963389e-01
3.214581438227457344e-01
1.459288261374658557e-01
2.479907302782795031e-01
3.490003488089072348e-01
3.189046729561114124e-01
2.700010295120661152e-01
2.945237545809146207e-01
1.887883196683643461e-01
1.673074640774457611e-01
2.436106831619286595e-01
2.398544526797919407e-01
2.184601953593407475e-01
3.636438166435302377e-01
2.731574654184575346e-01
1.336174741194111337e-01
2.679134921938594038e-01
1.443774776218279821e-01
2.397244575719295889e-01
2.129033541073543367e-01
2.608714997368281052e-01
1.606762398303824557e-01
1.308015172282774863e-01
3.073907982904415803e-01
2.044643536030494591e-01
2.143880818001256405e-01
2.120077353359490491e-01
2.902624075215214927e-01
2.377098660224495341e-01
2.389516449061938330e-01
3.590225834003728522e-01
2.659194975503232916e-01
3.113922199893628395e-01
2.180610909633809991e-01
1.690818787628799724e-01
2.469118648140402050e-01
3.250939070124334584e-01
2.749266845520061398e-01
2.559654233250736599e-01
1.245726009906812509e-01
1.889907484584455732e-01
2.677640164915160437e-01
3.510109158612580993e-01
2.884511051828362316e-01
2.090549943157392621e-01
2.169326656630431727e-01
2.058205728089968212e-01
2.104345729132805487e-01
3.244828706524491291e-01
1.998956114211301038e-01
3.025252207204888188e-01
3.175940073112330508e-01
3.474144826612946546e-01
1.814839705194696562e-01
2.352994973597167805e-01
1.985314589038613686e-01
3.216252268885344545e-01
2.243379024486308326e-01
2.190317697182427026e-01
2.003465400867765478e-01
3.076404858604681047e-01
9.956290144309801193e-02
2.799334012442855069e-01
3.229675063046054673e-01
3.642038505897919887e-01
2.171497939454043180e-01
1.843755442393993360e-01
3.074712616721008152e-01
1.547136244112714276e-01
3.207420089095224247e-01
2.450552632168140899e-01
3.329617224962677646e-01
3.389337734378797817e-01
2.523217487574547779e-01
1.851581804242057316e-01
2.771361962411636459e-01
2.377103346478053880e-01
2.363946662223551098e-01
3.046776960888069596e-01
2.453491619483725850e-01
1.813994854889720565e-01
3.195997886383938336e-01
3.663479383208219087e-01
1.261606532808127179e-01
1.986453253423849930e-01
2.512383713485692449e-01
1.978872642651376412e-01
2.808655046309119219e-01
2.120573926273022214e-01
2.929333040674100830e-01
3.381521435532299225e-01
2.409910326767658040e-01
2.278699796758059948e-01
2.097330314482906966e-01
3.500224693775986218e-01
2.058124625009878361e-01
3.303684547169207231e-01
3.503864321884138100e-01
3.227956684772780305e-01
1.991314196288850036e-01
1.943888360272916505e-01
1.927051801966540578e-01
2.819037029412364559e-01
3.385932904189210002e-01
3.393102964139913524e-01
2.528880781959888524e-01
3.060284399284802226e-01
2.554032655320251366e-01
2.703093889667021466e-01
3.274859550809108288e-01
2.671056147789039881e-01
1.121293936462185448e-01
2.402246421294590983e-01
3.220218568530317516e-01
1.672344089598251926e-01
1.376662297770862020e-01
2.843243478159059867e-01
1.935425269323423625e-01
3.210852748737553219e-01
2.578656527261636300e-01
3.576350994895418078e-01
2.522737328471996165e-01
1.838573033590993056e-01
2.026388887936139138e-01
2.604236456803089572e-01
1.460233120589148892e-01
2.106032046353304710e-01
3.653831539989479960e-01
3.649842407715091497e-01
3.321568907481974309e-01
3.204489299559333260e-01
2.414355315866273388e-01
2.888144277994966203e-01
3.240364883403551444e-01
1.633921936940676556e-01
2.113343118368520013e-01
3.182610874022003822e-01
3.497592692006082360e-01
1.661633904004899409e-01
3.335926177550699312e-01
2.118447420313388507e-01
3.640976932877166283e-01
2.610625933587717995e-01
1.256489185845064138e-01
2.705871781421411160e-01
3.421981280277808235e-01
2.655085516375867427e-01
2.801325121639619553e-01
2.639743187393222557e-01
2.164878977746199085e-01
3.556369466447529271e-01
2.679289759951481442e-01
2.508773887371313349e-01
2.467282427939161138e-01
2.412393034878105857e-01
1.931308173598861866e-01
3.105814720746320479e-01
2.885517320870315539e-01
3.256492081032041352e-01
3.353479197729179462e-01
3.070824274166583656e-01
3.495131180985335817e-01
2.707747939431470741e-01
3.205696099150958100e-01
2.363631032019781752e-01
3.272823617431177556e-01
2.671515501810854398e-01
2.869906636524715005e-01
1.907772034818080165e-01
2.209370990465011619e-01
2.904856683223354108e-01
3.577380020153125839e-01
1.601894953510030473e-01
3.371766133931451970e-01
3.262130385641299757e-01
1.776208075536458431e-01
8.291426366696148798e-02
2.336724041227341286e-01
3.180185853743539570e-01
2.700023517635923853e-01
3.387298360400837205e-01
8.264880497070929699e-02
2.033312814475271846e-01
2.788938082575026511e-01
2.977084502464411586e-01
3.049314632074920928e-01
2.102220028176986499e-01
3.401268146037403906e-01
2.850256466412185996e-01
1.992195632769370173e-01
3.398144735665433180e-01
2.578870614757152735e-01
1.803963223373024893e-01
2.352615104284945802e-01
2.431480406413981110e-01
1.593998020610990218e-01
3.159606857300218397e-01
2.852053212496598600e-01
1.617472063847101293e-01
2.075576922393010115e-01
2.892913362680408218e-01
2.937468482729714281e-01
1.606077968016959845e-01
2.905189988927538991e-01
2.299391027387466813e-01
2.021444664370340982e-01
2.644166244261927923e-01
3.069287025577639438e-01
3.198867089601872271e-01
1.571929172792910501e-01
1.330672498074205734e-01
3.386990871835889871e-01
2.680510942376800321e-01
2.952045725976850110e-01
3.173998841009034733e-01
2.227816881344344968e-01
2.996487741923182235e-01
2.584723360092554545e-01
2.114857843239190405e-01
1.277359704686805986e-01
3.537100077491400762e-01
3.304361907831416811e-01
2.837910030134734862e-01
1.945068441224196976e-01
1.578861175237915304e-01
2.555666041541669320e-01
3.172810518009268610e-01
3.240483054435253640e-01
3.622588485579423256e-01
3.196008060850509813e-01
2.896441408395974415e-01
3.453906675754707667e-01
2.471489151388918115e-01
2.428839075975620376e-01
3.187502681373117763e-01
2.861661020473739714e-01
1.675936801447899249e-01
2.858716851675534021e-01
3.605191652244356115e-01
1.574129990684616787e-01
3.318837275133074693e-01
3.568490999476126579e-01
2.670950598704737167e-01
3.507729356640146290e-01
2.352067079049099396e-01
2.039079933703616954e-01
3.641811429505877329e-01
2.657900907003446500e-01
2.962066074800871474e-01
3.442502645028995278e-01
2.080958173540768119e-01
3.487701091908740336e-01
2.977725195408631453e-01
9.391117071682937578e-02
3.558194843746848024e-01
1.551386562710984629e-01
2.801901826869748757e-01
3.131824644569508598e-01
1.854220944519891778e-01
3.296928471920578807e-01
2.945014744034463172e-01
3.376652412003227077e-01
2.738694187276209946e-01
1.049691439970287660e-01
2.867752922084229050e-01
1.568312248426104449e-01
3.242598006391734233e-01
2.964168638298119163e-01
1.510501817375644318e-01
2.332920814710317259e-01
3.549915710632087218e-01
2.016360896809137881e-01
3.202647992121490650e-01
2.561275887197172474e-01
2.701105358602786666e-01
1.618554842786556480e-01
3.521034153518667886e-01
1.880700091227535398e-01
2.653111792326968144e-01
1.248859373947997092e-01
3.613780742494553944e-01
1.504568195500223249e-01
2.895039051175072320e-01
2.994613033209669872e-01
1.674842002700564492e-01
2.662977736678168172e-01
3.219671712912601791e-01
2.692031591172105442e-01
2.309090187684922635e-01
2.761169470556777417e-01
2.993058104298073618e-01
8.435881442255420415e-02
3.616602559548470208e-01
3.058895445448018835e-01
2.320531015272179753e-01
2.943123695935543904e-01
3.281798452874198913e-01
1.962728322992988716e-01
2.131915296647322877e-01
3.409088076478588025e-01
3.194391248230905034e-01
3.273352034705507840e-01
1.498634719612943478e-01
3.457451508310191435e-01
3.024161114215315194e-01
1.644993654486836265e-01
3.078419664812869216e-01
2.964693048731936176e-01
2.386165195492109536e-01
3.326093153530164659e-01
3.481564320826607273e-01
1.938705418567920613e-01
3.329852728450974908e-01
2.264138354981111434e-01
1.952672673549876725e-01
2.498192947690074939e-01
2.757058194513533622e-01
2.655353318826402798e-01
2.573542868112677073e-01
3.183119449158215986e-01
1.609726369937932999e-01
2.352396171282408466e-01
3.579574005769992073e-01
3.275749446939983933e-01
3.483227652170898248e-01
3.526268949147088883e-01
2.025004176252446220e-01
2.120378828941443805e-01
2.611057153650435114e-01
2.529423009337811723e-01
1.661496117140515427e-01
2.497744842711488999e-01
2.935003237845207891e-01
2.319842773232833888e-01
3.659201969439890845e-01
3.666230724961621057e-01
3.273118180076137196e-01
3.082557465927651119e-01
3.410468397356287706e-01
3.625649308029313400e-01
2.276175405273654917e-01
3.212310063916706815e-01
3.505041309821962381e-01
1.134423109667247742e-01
2.776065143784289813e-01
8.660318342526882041e-02
2.148455851981694587e-01
1.666203236337860105e-01
2.137086514851753438e-01
3.201328208490600846e-01
3.074201528916801762e-01
2.296538300492042828e-01
2.648991567654448431e-01
1.703545532658515549e-01
1.217624621480586089e-01
2.256093135384222848e-01
3.549499583961602256e-01
1.500655610122941797e-01
3.472634478450387086e-01
2.988869831637782082e-01
2.823165684074912529e-01
2.081617019092865672e-01
2.174860126298746033e-01
1.375418142852654069e-01
3.164728555759798168e-01
1.975110762522280239e-01
2.603802004861580643e-01
2.150941415332748852e-01
3.416444371972244265e-01
3.517389783334536335e-01
2.826099968033174981e-01
3.608512250515954478e-01
3.549223306356020791e-01
2.204841065553452550e-01
2.498701038512389505e-01
3.141450047593239425e-01
2.939850408836720552e-01
2.594795249764241807e-01
2.447572602795727859e-01
2.501023616776841263e-01
1.071230824840354590e-01
3.575421644198273907e-01
3.307486557320967191e-01
3.227215515493883635e-01
1.730375089732955618e-01
2.085287900743525713e-01
1.534479040348923351e-01
2.483889578001692577e-01
3.625204240380925924e-01
3.002912697833051148e-01
3.065102522252483030e-01
2.578805425627818115e-01
1.612204167837215374e-01
3.451149659668116820e-01
2.184057978464826189e-01
2.589433365523270414e-01
2.932498613676854937e-01
2.629308981589022487e-01
3.110861855004093401e-01
2.419957011731849184e-01
3.432185069401023636e-01
2.605243175842473224e-01
2.201815397161018817e-01
3.403578357079694583e-01
2.009096363431528420e-01
2.326793588982064287e-01
2.062238333688000413e-01
2.036527776029281034e-01
2.474474933291073153e-01
2.326160621356551661e-01
2.928191857428152911e-01
2.668595276495238644e-01
3.419064330530802165e-01
2.716120639377344603e-01
3.371440636518733824e-01
2.091036847636202345e-01
2.042401529672637772e-01
3.265140113452674187e-01
1.462189709242004143e-01
3.346962772359055593e-01
3.186253615295602248e-01
1.833586845929820464e-01
2.549139504935722389e-01
1.825870691276884894e-01
3.346833704779507701e-01
3.467024557881698277e-01
3.638187140015607945e-01
9.433553803563650419e-02
2.813724306166285327e-01
2.824043338292086536e-01
3.034685604145559434e-01
2.568308965463986793e-01
2.827690540472926894e-01
3.046268179044137048e-01
2.999046917389843747e-01
1.056487234494601080e-01
2.446046654666007014e-01
2.362379479582141228e-01
3.092368567629080744e-01
2.374399929773638729e-01
2.808473214101867566e-01
1.932972643011387492e-01
2.852817190631002919e-01
3.058028125725311130e-01
1.555903851247652792e-01
1.604230298190555959e-01
3.311283663551367051e-01
3.569557710167212128e-01
2.676042721784011591e-01
3.007806048319214831e-01
2.478972943573435339e-01
3.406857597568246909e-01
2.489703154852454525e-01
3.117690386652198775e-01
3.212086047778657805e-01
3.006601467364656277e-01
7.543771434118927421e-02
2.808321524554588944e-01
3.043277004282625153e-01
3.622547150378766512e-01
2.109699798894610345e-01
3.060206815306679706e-01
3.107766929202102069e-01
2.654416033431387101e-01
3.578403733070207315e-01
3.429549362105895338e-01
3.268246542251307396e-01
3.486623141434042061e-01
8.074144307798310216e-02
2.917024755935053726e-01
3.177292345956224118e-01
3.346725955924375051e-01
3.542018365589574835e-01
1.877342853091275576e-01
3.160245351310242978e-01
3.460519486710965653e-01
2.778419559053252330e-01
3.104701869473674436e-01
3.209041073472798100e-01
2.665769999882287022e-01
2.923785851844308281e-01
2.577043395882213650e-01
1.365353001884591910e-01
3.575974566029584412e-01
1.691581768115408835e-01
2.069440075089945541e-01
2.236366825188483565e-01
1.679156403343529946e-01
3.635436517700274539e-01
2.618017159147877915e-01
2.727052004726928658e-01
3.376516505003672175e-01
3.272116598792130238e-01
3.589398537500226305e-01
1.252708488868119197e-01
2.927089589259654900e-01
2.679785153088843352e-01
2.468449592084191735e-01
2.813345792955246338e-01
2.736564488720799604e-01
3.316313132263836727e-01
1.903300374581878840e-01
2.508736398799196188e-01
2.532465350099981638e-01
3.215614839538515901e-01
3.464134796355211043e-01
2.936951546238971700e-01
1.609832715958723348e-01
2.536448664534835529e-01
3.243620415902676024e-01
3.215447737876467316e-01
1.781470949724631714e-01
2.057269969432628798e-01
8.793432393832005534e-02
3.252472889062540951e-01
2.138800456047602883e-01
2.598065719845379373e-01
3.411261416204983132e-01
2.107274262669865117e-01
2.690661010890714744e-01
2.089569560696152017e-01
3.061391123300992168e-01
2.860348191472150137e-01
1.748917374936518887e-01
3.002894829599918047e-01
3.049124357767755700e-01
3.421022309267594541e-01
2.367591282996430180e-01
2.502918235243600242e-01
2.172035110551017167e-01
2.708226010605895295e-01
2.976545269314560538e-01
2.810460467937135332e-01
3.278010756724557551e-01
3.620109906957461599e-01
2.595336847277917580e-01
3.572627490631565816e-01
3.451501092792050862e-01
3.358542114635321152e-01
2.621798470468026387e-01
2.883059264664860621e-01
3.654060223460615653e-01
3.383161501250538938e-01
2.026313272218591977e-01
2.766686239436264017e-01
2.355514462958978039e-01
2.316994033509006123e-01
3.611076480401730904e-01
3.523258739738398537e-01
1.328143894152386539e-01
3.251279209227704858e-01
1.566616777640430780e-01
3.312421145141594137e-01
2.764017985121171028e-01
1.927507193716175016e-01
3.593127069578653243e-01
2.287287264167799095e-01
2.634339304052832342e-01
1.347421269291107504e-01
1.405537268175030829e-01
3.666415085443913147e-01
3.019556856498066266e-01
3.403221947547174775e-01
2.486235400310480848e-01
2.455733080804373136e-01
2.623236804081141571e-01
1.562301837382878977e-01
3.494217831044059142e-01
2.340609333218322541e-01
1.725623149584527560e-01
2.059810114156704064e-01
3.328025314978697025e-01
3.352249904493045940e-01
2.522141331412122156e-01
3.198550388901846286e-01
1.714892948360553504e-01
2.382801749591492158e-01
3.531795125536236202e-01
1.570347436809557962e-01
2.029482033521644024e-01
2.293864039452953585e-01
6.093678215693749262e-02
3.507197128557633659e-01
2.628934044108779955e-01
3.368056526711490917e-01
3.489381666396999537e-01
2.156526851099417330e-01
1.073010668742542389e-01
3.008322738438497512e-01
2.274624584633240520e-01
1.594082082193008509e-01
3.056891388824108935e-01
3.420972737492666282e-01
3.187891314280527078e-01
2.574262231104445520e-01
3.325073912296285794e-01
1.592367413044200319e-01
2.460854645247783912e-01
3.082197541399710472e-01
3.206881726944318389e-01
3.291091023297478824e-01
1.693865182412807313e-01
3.626691331491831427e-01
3.165221865278716740e-01
3.174107391994632765e-01
3.408075518254683467e-01
3.331209546552310607e-01
3.435217156966905439e-01
1.192353929462300066e-01
3.168245420578710281e-01
3.598642963319281796e-01
3.038657295150418713e-01
3.667347310976550312e-01
2.688446689410070034e-01
3.655890036167684931e-01
1.824312232156315161e-01
2.936214346968676336e-01
1.520447540563890088e-01
1.139209094498958713e-01
3.186572585174294314e-01
2.142607603279776118e-01
2.689804640645591105e-01
2.240695191137961895e-01
3.484685527407113681e-01
3.337646720439762515e-01
3.127302245955116966e-01
3.014638169087698882e-01
3.310311983365968325e-01
2.221751357594009824e-01
2.781294156833105657e-01
3.191555374830575831e-01
2.838626206460366230e-01
3.227411190476937031e-01
2.551122441442995603e-01
1.037534647582758901e-01
1.940988869690295771e-01
2.380504089977981963e-01
2.294619932428715037e-01
3.337300775498230343e-01
2.636135239086017101e-01
2.332856144806037535e-01
3.085499455643515021e-01
1.419986873440298447e-01
3.153472250720754100e-01
2.254496415938382625e-01
3.294240561445728743e-01
3.322944646892203036e-01
1.884384303053550092e-01
1.879006612817722133e-01
2.700290075943563850e-01
3.199507963037625524e-01
1.903136886964165719e-01
3.102813184161131166e-01
2.096067350448034272e-01
3.671926229288766108e-01
1.993243991663728454e-01
3.267346813970751773e-01
1.760222740787724949e-01
3.348479130401237902e-01
2.075885463206098291e-01
3.396571143465685894e-01
2.529149046959415226e-01
3.506457199653748025e-01
3.064325491289774939e-01
1.894491375527170285e-01
1.893084594767606710e-01
3.059538482843986440e-01
3.002253535305589027e-01
3.085677389662822012e-01
3.433050761718288157e-01
3.046589082180239383e-01
2.517848238358729174e-01
3.154298388641661455e-01
2.375182946564357578e-01
2.039283284427103049e-01
2.672511813555201177e-01
3.034529844437420798e-01
3.556962239722837316e-01
3.178186062736867434e-01
2.269587226786899392e-01
1.708684743341232215e-01
2.113032163974110367e-01
3.569799429289134407e-01
2.014501318611596203e-01
3.072860677228870241e-01
2.901510447890376376e-01
3.643955960315294895e-01
3.584964112907555456e-01
3.244217053298482090e-01
2.950752913775077646e-01
2.132885725098286889e-01
2.325415253102202096e-01
1.975467850543869974e-01
2.702740300285443320e-01
1.594421675585346865e-01
2.978008100284075255e-01
2.511516475803980963e-01
3.217051738901667846e-01
1.605231335410264581e-01
2.903270243329428846e-01
3.617363765216348725e-01
2.653660802011420516e-01
2.996505780312897493e-01
3.277899350426119462e-01
3.373927847782897116e-01
3.568132497031464845e-01
9.938321734694463561e-02
1.729654620219012728e-01
2.942935674630586251e-01
2.901001957860460112e-01
2.815954590791967527e-01
3.079614995110105946e-01
2.471133895176427786e-01
2.902089386398045701e-01
1.869404123271211360e-01
3.623074989004131385e-01
2.166381043582189525e-01
8.739374616743163238e-02
2.164702393041135486e-01
2.987046951608302581e-01
2.451141560163707378e-01
2.122938674725347863e-01
2.707701773330575823e-01
1.155812978688940673e-01
3.090392089442015044e-01
2.863491687604792779e-01
2.103209597448705004e-01
2.764559895174748538e-01
2.021311316824932480e-01
3.089479104132222820e-01
2.382371393362381629e-01
1.446035010540326904e-01
3.179877744086251901e-01
2.867503461065661341e-01
3.465805913519634518e-01
3.655188583590684992e-01
2.839827423945912033e-01
3.036388443931916648e-01
3.307789374426068352e-01
3.274678286929927351e-01
3.648419658022098999e-01
2.059238671672692367e-01
3.468302578361254218e-01
2.776625153552166325e-01
2.999220163005315576e-01
2.322347015170556361e-01
2.993589780283469337e-01
2.626846797721892890e-01
3.596847279643310968e-01
2.799076162554687275e-01
2.808941253906794278e-01
1.856384374694754757e-01
2.333022162836126678e-01
3.116265230595199331e-01
2.697143364763417428e-01
3.549133694665054239e-01
3.255567681813330561e-01
3.537146964527369541e-01
2.539641510333672803e-01
2.618497811159333222e-01
2.603124193612736947e-01
3.363242707288238154e-01
2.586588414002155556e-01
2.245618288134663965e-01
1.754512956336157781e-01
2.200760943980047679e-01
1.554011049449273985e-01
3.337611034934417908e-01
2.038767895944985642e-01
3.298548053719311812e-01
3.135349363135327971e-01
3.625256797917891793e-01
3.382552316258605751e-01
2.301665926504194160e-01
3.389286232780836516e-01
3.552949449617626709e-01
2.316442319610073630e-01
1.594937244016433886e-01
2.829757453300755787e-01
1.957510004740826703e-01
2.303423512891433766e-01
1.492197197070156134e-01
1.315849720240699905e-01
2.061213028020286719e-01
3.020868460461331173e-01
2.873377881208471485e-01
2.757824745727407434e-01
1.835988592129115526e-01
2.995386584926993945e-01
2.686706427278884868e-01
2.380511112582155420e-01
3.236701742655230252e-01
3.578085756976313592e-01
3.209746103618154600e-01
1.186980325221642651e-01
1.972345530793143398e-01
2.533248583640879126e-01
1.943233770390963844e-01
2.543459908342263764e-01
3.142658974235089664e-01
3.208107773832999388e-01
2.701096063054291840e-01
3.017780776547513422e-01
2.574113363171831592e-01
2.684006056463485446e-01
1.426649397697534738e-01
2.495615011553749540e-01
3.207962831787464775e-01
1.369241988961638068e-01
2.994808702739130690e-01
1.470846695149114758e-01
3.607393706942078060e-01
1.797780818067637731e-01
2.776353307581584939e-01
2.023179229015387715e-01
3.275395085639082327e-01
3.042710611266580822e-01
1.903684194108164751e-01
2.356224831111946583e-01
1.945536180122532377e-01
3.662954399722452292e-01
2.927627997544107741e-01
2.242704112455748688e-01
2.494763543195853417e-01
3.185197331722785519e-01
2.727743982309515092e-01
2.134270850858688007e-01
2.675137889937440061e-01
3.253422912537136114e-01
2.268677356824465585e-01
2.479992221995380719e-01
3.253680750356620632e-01
1.439171333262097285e-01
2.988857726505695922e-01
2.290892324825636872e-01
3.629515510264508804e-01
3.430230142863061604e-01
2.736978159801682353e-01
2.529299391432501265e-01
2.911900891818861026e-01
2.046974838857697487e-01
2.425965204972861389e-01
3.554350156239803327e-01
2.428018132966304476e-01
2.610942474760996057e-01
3.184501338721210106e-01
2.030047562668590988e-01
3.280117453102432412e-01
3.176776906165684200e-01
3.633840665822201110e-01
3.577824479430725679e-01
2.153992952522109927e-01
3.056362563489332662e-01
3.119809701878060726e-01
2.798713627127005221e-01
1.947341003081788091e-01
1.647392049459597552e-01
2.656161661786021200e-01
2.258376854741616369e-01
1.100769221654364083e-01
3.397861090998084976e-01
2.135917301221949283e-01
2.410873897028176782e-01
2.964148136307765413e-01
2.629853667169361753e-01
3.185720919730483658e-01
3.519308357112561625e-01
2.798375601271804181e-01
2.549252304912512090e-01
3.601727950120437449e-01
3.521839060507531149e-01
2.508970487180760545e-01
3.308064272014386020e-01
2.186555528612244559e-01
1.348257456491968875e-01
3.070926943868454995e-01
1.496482154143665977e-01
3.441566408034404945e-01
2.498716572161265859e-01
3.079714660652327907e-01
3.478442635698550944e-01
2.637879488680793250e-01
2.138265524124896844e-01
2.364091067542462288e-01
2.126626150673083249e-01
3.264500780187162277e-01
2.844355813074767036e-01
2.707426116151868678e-01
2.872666994150547826e-01
3.326420798951249536e-01
3.018890994142727213e-01
1.046521654659087475e-01
3.434821189116799567e-01
2.711226268426617514e-01
2.832504043948602668e-01
2.924892929252852491e-01
2.883434549448746220e-01
2.902739477751459241e-01
1.545470232119672827e-01
1.663775774516722816e-01
2.272335591207182148e-01
2.074754458280644864e-01
3.662271208409448864e-01
3.084235023387578156e-01
2.033346416307735549e-01
3.224901547086702069e-01
2.377522798543557359e-01
8.839953304508064991e-02
2.017029653580130755e-01
2.985092473960849202e-01
3.181579081026113531e-01
2.848522927245691894e-01
1.894909423297649054e-01
3.175129025363841451e-01
3.144138331714371182e-01
3.496902338481356343e-01
1.145489705246185014e-01
3.023488066814540298e-01
2.547098088610703082e-01
2.436666976023432185e-01
3.078045461221664003e-01
3.165932703660759295e-01
2.909955639669375427e-01
2.826859102842351756e-01
2.845291707682542359e-01
3.113842077690344157e-01
1.536987347957694539e-01
1.815989306856046204e-01
2.730625414752566593e-01
1.754311924259840394e-01
3.058271922044982216e-01
3.369961780853896749e-01
2.079351533242758954e-01
2.717161657601877001e-01
3.537817295336138090e-01
1.209754397118915914e-01
2.580438816235327559e-01
9.786994063830509183e-02
3.586747467713696236e-01
3.649725162359305775e-01
1.640023766878758449e-01
1.694495473233542659e-01
1.989295179133034885e-01
3.100026888837439931e-01
2.815914008281496517e-01
2.636504492983351433e-01
2.453796522165048455e-01
3.482880973224540821e-01
2.850757780963517063e-01
1.099813405709188507e-01
2.142817268629431948e-01
2.053547672359916088e-01
3.018149999489135316e-01
2.733519375364205084e-01
2.734299540732058054e-01
3.184232675106535293e-01
2.224379592640355341e-01
3.550003860496659391e-01
2.426744444224458730e-01
2.119678222102040488e-01
1.770436785282250014e-01
1.658749983617814061e-01
