6.834377055322067296e-01
4.768572707277278222e-01
5.003903711112315245e-01
6.516281480327149600e-01
4.453936093731564738e-01
4.989097430333812588e-01
5.386408734211793892e-01
3.668957825492780711e-01
4.176783518534443740e-01
5.397111158040606149e-01
4.259259454902529773e-01
6.174838030266678324e-01
4.867213873213598885e-01
3.108832085724450023e-01
3.187534264637381654e-01
4.171577867403371553e-01
5.782572231156098974e-01
7.193623539830282798e-01
2.818614543796267302e-01
6.546354902143464161e-01
4.355560124531261401e-01
6.275138963777395773e-01
6.284013354935210627e-01
4.818125365321225817e-01
3.484447598573361393e-01
5.808340207179414350e-01
5.727993503760246963e-01
5.741365681393927334e-01
3.928254425161711860e-01
6.416916702147831275e-01
7.056364717512377815e-01
5.447034157926907705e-01
4.663303644505492618e-01
6.606530229040317170e-01
4.323920548229558958e-01
1.512825119401349228e-01
4.488190607609631178e-01
6.371434193149155822e-01
6.963842109088291821e-01
7.104368588288989539e-01
7.231171242147792499e-01
6.299005378547295475e-01
3.075136989748897265e-01
2.741638840955388234e-01
3.386086621079544279e-01
6.178939417939546264e-01
5.779810031330154807e-01
7.039776660894748739e-01
6.664675811712906794e-01
4.983414539869562843e-01
6.104259651228420847e-01
5.663281982807349957e-01
5.873491280901748102e-01
5.007576115953901175e-01
3.922728287699501770e-01
7.158513013281152526e-01
3.256393304645891495e-01
5.226762465663958857e-01
6.892179205970426770e-01
6.268447517679245351e-01
6.155217250020924569e-01
6.882999232214600527e-01
5.976323593167682802e-01
3.926896431831978784e-01
2.878351177458270960e-01
6.698737714078564220e-01
6.829561068189730078e-01
2.252148380165416297e-01
2.658258476746226950e-01
5.580748418487638807e-01
6.996030702090996201e-01
5.984950191576899892e-01
6.042146636722243169e-01
6.475401548992437695e-01
7.369459669874708352e-01
4.575404876804349819e-01
5.282465886730354221e-01
6.317999276888971449e-01
6.350679972510046012e-01
7.162693590910744756e-01
5.988195046963846746e-01
3.481074161198112749e-01
5.135613444491582413e-01
6.879517771332753773e-01
3.344868999158008283e-01
3.054669869133749827e-01
6.435423889753626447e-01
2.597247339754186202e-01
4.092297184359404150e-01
4.239618655773937927e-01
5.815498376018451987e-01
7.157485249985648945e-01
5.396863661263914258e-01
5.591434291888708330e-01
4.378652047646379164e-01
6.424547869073344852e-01
7.099917645321381920e-01
6.028966142609623047e-01
5.554476354353701240e-01
1.715838230224941696e-01
2.796313954862796325e-01
4.631720317802708875e-01
4.965045145655082037e-01
5.371761557982641655e-01
4.514209003001966036e-01
1.274028297663988285e-01
2.018905741738583892e-01
2.162528386367952860e-01
2.200285053707289884e-01
5.730507866590459631e-01
6.784254501868798304e-01
2.482264302273997914e-01
5.430487322546869722e-01
5.060909625095879605e-01
5.791229951699088385e-01
7.179697590569128485e-01
7.031954292795865591e-01
5.179453704744609865e-01
3.301948001384180098e-01
1.986036617310836250e-01
5.111721145942799138e-01
3.124019155277409920e-01
4.006008380907410960e-01
2.858755859439064961e-01
3.960306939267796422e-01
4.490571340660644006e-01
3.960294161111685973e-01
7.251921820869906554e-01
6.427678657619982916e-01
2.920823291036356295e-01
1.812894912863228514e-01
7.206720880241533900e-01
3.925649636202240278e-01
6.956896062954738280e-01
6.129341798345122605e-01
6.159928569502894913e-01
6.561924551858314691e-01
3.427481410316197685e-01
5.826301603594866707e-01
6.972062750563827738e-01
7.071097345086680974e-01
7.240530415019701405e-01
4.396213334126474193e-01
4.456130045693550423e-01
6.712217331653549390e-01
3.709189654637694011e-01
3.725195514219947213e-01
3.569219228996178273e-01
3.587183182694370087e-01
6.045196955109808368e-01
7.027062979045323177e-01
3.983135944184246213e-01
6.462852318705033516e-01
3.527179872444120567e-01
3.872391340308475316e-01
2.893227606070451485e-01
6.872351366435158759e-01
4.007743852127431672e-01
5.511830551619867347e-01
3.976017387989753127e-01
6.309580374594702112e-01
4.796753149733465338e-01
4.150602877645246380e-01
3.886373392420405248e-01
4.877404812956300795e-01
3.725819203951762359e-01
3.597748740222263542e-01
4.702472405564476765e-01
6.354976299530142869e-01
4.207102535670228516e-01
3.168494162484657983e-01
4.597830240572240434e-01
2.077084471943478894e-01
7.181620323171075126e-01
4.304181662604353864e-01
3.872712335344852264e-01
2.234742133570661871e-01
5.711739901248352735e-01
6.751234621674108149e-01
1.934798476928334399e-01
4.163877781159491254e-01
1.895889041429587862e-01
3.525961176103873940e-01
5.771254251803730195e-01
7.267220496191137968e-01
7.132383437245813917e-01
5.757068073058405622e-01
3.903941400154618546e-01
5.720899112586445012e-01
6.016485225348877641e-01
6.635551629621848635e-01
6.764767477800037732e-01
2.335887571482955782e-01
3.258824373887471704e-01
6.053767472934387106e-01
4.145600622738314089e-01
6.882947086416392191e-01
5.673039657802039226e-01
6.359921678857902716e-01
5.937920525444623232e-01
5.824931739519532137e-01
5.958210524723154267e-01
4.404681834619539327e-01
6.986555586804804596e-01
3.246712134091019331e-01
6.467458769188469958e-01
5.835809008995552771e-01
5.054302161736256016e-01
5.837972072633750287e-01
3.128998763996314048e-01
6.864410398444106276e-01
7.244325680178635984e-01
2.436473738246213439e-01
4.731286009915722790e-01
6.952614481833568894e-01
3.411779702456353425e-01
4.803565832511293432e-01
6.348923281610049374e-01
6.329244985400139800e-01
6.297264384292550199e-01
3.297081762414887929e-01
3.521191530468059661e-01
2.853089085768844568e-01
4.434023591736252490e-01
4.799166608179376570e-01
4.055559054393486074e-01
2.791041356975971222e-01
3.443890100421094225e-01
6.291862961566299095e-01
5.844107205946167394e-01
1.483509479774531847e-01
6.258440103567834978e-01
5.192397031498895421e-01
1.963073593629107993e-01
6.100718043686556014e-01
5.147974878066381432e-01
5.361246269836184020e-01
1.274012218761158000e-01
6.738956738457821949e-01
2.809712969068356436e-01
7.322893618979929853e-01
7.215898306618798719e-01
4.495972538141732033e-01
6.014621669743451804e-01
3.663483471562783977e-01
7.019473822136599317e-01
4.998141922851699337e-01
5.816265533261961718e-01
4.558348223023901968e-01
7.059849565917161174e-01
6.299332703190531069e-01
5.629735259177246487e-01
1.631468701418807843e-01
6.821335517081417166e-01
7.312714459649778398e-01
3.361926151736076562e-01
6.120797512350384384e-01
4.416976927859849744e-01
5.856751551423020619e-01
4.784424033830327883e-01
4.420623422609032405e-01
3.201912014986633137e-01
4.847103902381100782e-01
6.796347997100049554e-01
6.435171509108836840e-01
3.647450930047171358e-01
3.436005614152020105e-01
2.897229587937742989e-01
5.702791138341289923e-01
2.165566038375086599e-01
6.163593198707717491e-01
5.605275765513407782e-01
4.409787755969501455e-01
3.585385714138940583e-01
3.968205849380478933e-01
6.245284304349975057e-01
7.353501799547562667e-01
6.561433799070468531e-01
5.685418675321061155e-01
3.009659803990529237e-01
4.523669475129322715e-01
5.352566558703899524e-01
5.576386441852828613e-01
2.644431413071346437e-01
5.707368530424242747e-01
5.948262670400721319e-01
2.370407821830069484e-01
4.269235272107787527e-01
7.087693008054716248e-01
3.018500464784526494e-01
6.941607402446668962e-01
6.574141963587980531e-01
5.631348260161245234e-01
6.073758448831847456e-01
5.920612782850429578e-01
5.705908113188700170e-01
3.411119451474250441e-01
6.470005481630525246e-01
3.272335151261001607e-01
1.105889924852316991e-01
3.585175186479073739e-01
5.736652711096024149e-01
3.330720455245470557e-01
7.011962570192676880e-01
4.281865627620820569e-01
2.837938452168179970e-01
5.083322942825818647e-01
5.848144971395389247e-01
5.996991826683580884e-01
6.962881108378212724e-01
5.010982968911537050e-01
1.431897699298532722e-01
4.370680870058552547e-01
6.538856237932613169e-01
5.569304753567990707e-01
6.347157263878860922e-01
6.763273087902537117e-01
6.685150199744315236e-01
6.727106289552331475e-01
4.016067021988613539e-01
6.455231258450090381e-01
3.548980178000417651e-01
4.925398365368602316e-01
6.478633461307776731e-01
6.661248421671286390e-01
6.521988556280748917e-01
2.917381118505464332e-01
3.612445959978752286e-01
4.666044824400530922e-01
4.422944451080214612e-01
5.677371932078574268e-01
1.096930279527777718e-01
4.175577501672253500e-01
5.945418423857125045e-01
4.150210391327063819e-01
4.340620351053128823e-01
6.438459890915616546e-01
4.002256594420489644e-01
6.381953578906502944e-01
5.176306797653067449e-01
4.792453441983352547e-01
4.803708636173268376e-01
4.488549602515138903e-01
6.959248520457000931e-01
7.231838516560364916e-01
3.117174072842426313e-01
5.425169152485410651e-01
1.639414924769130588e-01
5.577894397211179411e-01
5.512825202834101823e-01
3.929135404154530664e-01
5.681976145148850410e-01
1.745873700961659281e-01
7.158438188141503788e-01
4.543231455788495632e-01
2.778941740111137149e-01
5.542415599552680261e-01
6.413359440301259484e-01
7.225064863284773597e-01
3.543714596601411637e-01
5.674020155334708049e-01
8.695962298914794442e-02
5.911752296810162122e-01
5.025561740101871511e-01
4.283437275951807455e-01
3.426320255896944111e-01
6.432280698584784684e-01
2.512529108184055615e-01
2.923275069300375617e-01
5.107056281286277422e-01
4.028738979072340465e-01
7.268211602183781705e-01
6.553211485206463793e-01
6.488363973970380227e-01
5.845725554275928992e-01
6.694020890076959329e-01
6.699689190704372077e-01
3.479795374137564234e-01
3.657703256663584201e-01
5.644376589004890254e-01
6.986301984465502768e-01
7.349791187025590533e-01
5.240577519779188176e-01
1.522521443177673739e-01
6.880670593356190690e-01
6.494371228349636871e-01
5.002566283942599945e-01
2.689278549551041286e-01
5.677232457927869902e-01
4.152445146524141317e-01
5.128718991096132829e-01
4.536784983637709989e-01
6.059970121960498446e-01
7.042683280225776610e-01
2.907584804369236497e-01
3.485736850260635622e-01
4.773321952026817749e-01
1.459533546521210867e-01
6.575187963682673775e-01
3.548877709841562478e-01
3.943806045701740426e-01
5.118710439803049184e-01
7.365381701111640700e-01
7.079896100497412581e-01
7.360192396406775028e-01
5.322058363055718333e-01
4.324625643599817604e-01
5.277208541342818249e-01
6.821354786434212780e-01
4.638872142759316031e-01
4.812350761405687627e-01
3.858480259641288157e-01
2.252213682086845192e-01
5.677591332429456905e-01
4.028655292379089703e-01
6.972348121372877738e-01
5.826224327800988423e-01
4.711366740844882273e-01
5.901455626957918810e-01
5.735331628657127645e-01
5.798528519850441043e-01
4.514762814047572070e-01
7.204263084964198649e-01
3.047672544360899294e-01
4.693560466665747666e-01
6.760118497778706548e-01
2.107033107948217965e-01
5.840308880835807237e-01
3.461483939266726262e-01
5.467480908273310014e-01
3.435057722223504029e-01
6.106039335287587466e-01
6.645677914005150289e-01
4.406038740320940561e-01
7.178305467822452268e-01
5.670730703459281319e-01
2.675853031798223203e-01
2.362289006623383703e-01
6.028061609032603352e-01
3.598424472381749895e-01
3.782767986690477313e-01
4.969546794793188726e-01
5.120443663430767067e-01
3.653150885229006772e-01
2.702216748660740686e-01
3.541588363040528153e-01
5.262198841098419955e-01
3.043892577217033879e-01
3.029813638331859127e-01
4.942652403860408605e-01
3.973996622631925657e-01
4.460055879273889801e-01
6.187515192268545627e-01
7.308899989626176374e-01
2.504060029584186942e-01
6.374023352357069960e-01
6.089126485209500617e-01
2.443103813801743296e-01
7.078572257472948159e-01
6.109193915052488766e-01
6.990909410782167877e-01
5.706642569698338052e-01
3.581639489915431351e-01
2.812592329522014545e-01
3.477550096734539631e-01
4.055783546547925278e-01
5.597960705449330776e-01
5.618762589629747728e-01
5.163281290194030593e-01
2.235231819584730939e-01
5.842379451169465998e-01
4.319167686221705993e-01
2.365738567092746381e-01
3.993757019174415945e-01
5.118172163641075967e-01
4.170434478511684806e-01
6.869251580358142206e-01
3.095176273846885762e-01
6.634355517672868574e-01
6.379476516464175351e-01
6.392103563072552008e-01
5.512127172373499917e-01
1.601124860338124789e-01
5.148848307467959184e-01
6.227546877523179036e-01
2.637476776787870403e-01
6.932542020346927902e-01
3.522991249421036364e-01
7.115251889242693029e-01
5.318318553917850133e-01
5.758801764114294119e-01
6.374407199830849358e-01
7.115878070678580691e-01
4.609739867849539929e-01
3.446779570892873901e-01
6.987430559369915972e-01
6.289302002043485329e-01
5.218925015582853710e-01
7.149544243777661290e-01
2.768689002710734148e-01
6.121285951699453332e-01
5.337927682772022342e-01
6.868956024670802574e-01
6.595854732114437846e-01
5.910952464185066368e-01
7.131558688562593673e-01
5.863065955741599833e-01
3.104176466421284530e-01
6.461072067849952250e-01
6.430253067252881261e-01
4.762633594868905251e-01
5.949499089464421742e-01
4.956972834100847880e-01
3.230445293505455062e-01
5.812230775408288030e-01
5.601033058415304522e-01
2.867391128513988585e-01
7.133440118168272726e-01
6.451524614519941192e-01
2.572423153746130065e-01
2.674333620466128325e-01
4.321310149806853462e-01
6.157132136955475454e-01
6.432691377631092333e-01
6.529744699255622953e-01
3.312513513925949282e-01
2.830520664953485310e-01
2.181020286285777210e-01
4.278050343650035003e-01
4.581670292238874675e-01
6.042140201055259396e-01
3.885000834770203082e-01
4.185631760512287802e-01
5.799233376134613760e-01
5.031897603095816240e-01
7.060828396300489196e-01
5.278201431885363171e-01
5.583001873790381930e-01
3.442803591828639820e-01
5.793594068158902655e-01
3.857477318825399681e-01
6.438965855492676527e-01
7.022479138904027529e-01
2.407687689543253906e-01
4.484944831685894751e-01
6.983501439709792757e-01
6.517504093722368275e-01
2.179657881105477313e-01
2.754701844374093378e-01
6.049464179137739039e-01
4.764131084953766027e-01
3.481206401488457503e-01
5.141404865198602181e-01
5.158485384241179306e-01
2.940484049448693349e-01
6.337416977413210528e-01
2.495647699375150297e-01
4.923667837248807411e-01
6.889115549508229019e-01
6.580989269520682861e-01
4.388960584407850529e-01
6.987513052875075070e-01
5.559446722142292741e-01
7.298313051504831117e-01
2.615067638755267376e-01
7.046204465628278513e-01
6.181867956489695004e-01
6.360675308030839803e-01
3.809882981964208826e-01
3.666093439145438615e-01
5.929722495239779789e-01
7.164206163361908075e-01
6.428590490309217254e-01
6.669651500150257650e-01
4.474720854679916093e-01
3.624392473264918535e-01
5.994351334449534718e-01
2.167062558067459899e-01
4.989127257087832557e-01
3.274103815367693238e-01
4.451450624305552939e-01
1.709353727612532570e-01
5.309996846321614061e-01
2.532517604407861223e-01
6.341310602855970702e-01
5.558609841251539452e-01
6.396865266424571761e-01
6.738215746135993722e-01
3.752769902296539395e-01
6.925116769429202623e-01
2.446323071837059882e-01
6.832954431624594926e-01
4.000265954942826552e-01
2.946877576041669888e-01
4.003758562425560608e-01
5.331675470535514050e-01
5.818178253511789855e-01
2.941714699091702578e-01
2.833487760141454870e-01
6.401265429717684086e-01
3.275109506754931843e-01
7.002235815600159619e-01
5.899554912693533160e-01
5.579662000418659229e-01
5.980859150861206341e-01
2.230546719115095722e-01
6.099480056765059777e-01
7.352406671611304567e-01
5.963720463616951628e-01
2.881928313486296633e-01
4.703872190579908574e-01
4.117270413016027031e-01
6.515405873745522269e-01
7.078146496994771608e-01
5.562054886775064100e-01
6.174324917787364919e-01
5.760653874896539683e-01
6.636331834138785579e-01
2.135907316562985769e-01
6.538568043417765097e-01
4.661122543431113208e-01
7.161385906651240862e-01
5.622472572587910999e-01
5.792369434691863050e-01
6.660478882506049025e-01
6.865193183704341173e-01
4.678923368505121805e-01
6.118008802907479726e-01
5.342082150339207969e-01
6.483377220156048004e-01
7.313185688782454230e-01
6.957569747113009351e-01
5.071279409902910151e-01
2.586090955227252630e-01
6.808199010947536545e-01
4.075857636318827582e-01
6.598156880253630563e-01
6.026828273854778484e-01
6.357209159509328300e-01
7.227012277517075312e-01
1.411785873493631993e-01
1.120949518440510773e-01
5.220987889151794681e-01
5.518141241158175392e-01
6.869606479049956693e-01
6.181321365880025898e-01
5.193245562709188912e-01
5.592858164103612362e-01
4.316219827893901795e-01
2.934532946441167356e-01
5.135512350758565381e-01
5.819023564648182489e-01
7.035361718045169965e-01
2.929574569667483530e-01
5.635663326344819701e-01
5.753808382451447434e-01
4.760853157034952710e-01
2.986059913339710326e-01
4.480771983476117271e-01
6.147967372572911149e-01
5.859234696234012496e-01
2.271778348915666490e-01
3.475808827238209275e-01
5.220265079286569021e-01
3.835356906684873057e-01
4.605414444057185919e-01
4.173234383861000318e-01
2.833602780445063085e-01
5.386772746934278544e-01
4.505627622445660396e-01
5.142057806554432009e-01
6.846053232342427242e-01
4.823621180630885963e-01
2.723176775946060113e-01
5.341286149831904195e-01
2.688857258379584447e-01
4.769768109110872900e-01
6.099834089414306604e-01
3.064688166371956068e-01
6.740302156393579436e-01
5.775171365421727376e-01
2.800341546792660119e-01
6.692885427526776843e-01
6.461553877619253816e-01
7.053056803840340727e-01
7.049449479517101436e-01
3.528751570193831011e-01
6.059106634175498440e-01
6.657551573760162045e-01
5.836510671140798800e-01
4.945238723251871304e-01
6.337304657055432555e-01
3.632021876712306918e-01
7.270047897113511848e-01
5.720601479058246008e-01
4.077765383384433506e-01
3.330474868266566357e-01
2.771695194853374677e-01
7.070467836686451513e-01
7.133497143260919549e-01
6.952957319613090048e-01
2.538130233829357651e-01
7.110257009106080162e-01
7.281124921012193107e-01
6.173533764913953226e-01
1.266689063581601105e-01
7.178173292729256305e-01
6.659795807191744021e-01
2.757608416524759964e-01
4.550073522571649876e-01
6.500811451758067294e-01
6.904609981081651915e-01
5.047641554423845101e-01
1.647397439980291811e-01
4.396103211531160460e-01
5.342962591285684848e-01
1.994450797812443998e-01
1.715913864719538495e-01
6.616737636174093717e-01
4.934842952010679018e-01
6.252573782126544799e-01
3.324446598790039009e-01
5.493886055163809123e-01
5.494297298265838903e-01
5.084286427048059220e-01
5.216601833250705811e-01
5.659438805652691196e-01
5.622344880227607700e-01
3.583036347433590230e-01
5.939480907558687406e-01
5.295289184971747609e-01
6.455367114915834259e-01
4.373708084978432664e-01
5.428405950289358906e-01
7.280574564921051817e-01
6.435183069787716592e-01
2.261864404099297732e-01
6.811938548053309006e-01
6.192602844080876690e-01
6.173601256686561678e-01
3.084561900793186262e-01
6.993202789479446846e-01
4.576534904897716083e-01
3.902317841702336865e-01
2.094528800271935054e-01
7.214746690814942687e-01
6.539836707615024336e-01
3.754401660330894952e-01
3.677863680939204571e-01
4.116358051832592069e-01
3.804978638083048592e-01
7.289532472467536994e-01
5.371591488797718972e-01
5.622443410191617641e-01
6.468734784206496835e-01
2.498783888500353545e-01
4.959758853802523348e-01
4.517102822174658971e-01
3.301025516379497149e-01
6.413173359471466828e-01
4.726494731880122591e-01
7.110804046476323359e-01
5.350780151025922304e-01
7.019161344035340644e-01
3.926133997815453580e-01
3.394065439032885045e-01
4.115559980907580462e-01
5.670644132395237236e-01
5.466911181336784331e-01
7.216211060658999088e-01
4.181986162861670020e-01
2.099875832629445049e-01
1.796811401534495756e-01
6.487129689635722229e-01
5.346644879250139759e-01
4.258388050291764260e-01
5.714075917562334572e-01
7.314768439407033362e-01
1.772489760090410482e-01
5.732569452982015923e-01
7.098742202470342821e-01
6.304433553314462424e-01
5.427955735470287868e-01
4.346003005919956697e-01
3.241977157878156435e-01
6.201589898553767632e-01
7.124074086297575992e-01
6.735847692545274823e-01
2.507635802094658750e-01
6.749134005936889835e-01
3.836391958458634233e-01
2.947505787090367035e-01
5.514918768091668921e-01
6.885825100385871700e-01
5.542522313298752223e-01
6.958618331502640642e-01
5.553394711550471152e-01
6.621886689773305301e-01
5.076701159538437036e-01
1.686437237529475608e-01
6.785196630464869205e-01
3.639491367294460100e-01
2.071998823593888539e-01
6.048764984206936868e-01
7.157753034553874238e-01
2.728944688103202565e-01
6.766326470422695527e-01
6.357821893043172912e-01
5.159525475256809823e-01
6.716592052936569690e-01
5.473632238002200667e-01
5.043408085870338953e-01
6.530917015989851082e-01
7.008895919267772445e-01
6.520235513254427628e-01
2.050231813749059939e-01
6.754209572383175209e-01
1.859696063550931033e-01
5.380377559096871654e-01
4.590946778229078595e-01
6.223651533675399472e-01
5.160754232525670560e-01
6.246767226155331976e-01
6.234639383128648404e-01
5.287227862272527723e-01
6.924431359550491383e-01
5.063216246477398874e-01
3.203994078262843992e-01
5.015807248572448085e-01
6.190586143719253309e-01
5.188839636706459313e-01
7.015961003549165964e-01
7.095490633983216888e-01
5.616111289701489762e-01
7.242536607210904309e-01
3.351189573961460000e-01
6.493866319908982998e-01
6.586144200113824843e-01
3.855018758484218266e-01
5.141741687066930799e-01
3.453790720491666244e-01
5.748058671664851849e-01
7.315655272888449412e-01
4.598447791957506747e-01
6.718888933588036405e-01
7.111484410808921464e-01
4.274353942001874462e-01
5.881902035055714961e-01
7.218432759000059651e-01
5.262235323577777457e-01
2.576881103198346845e-01
2.539040941396188966e-01
6.720373236172132447e-01
6.487052371091924785e-01
6.733134506064317737e-01
5.268644999192063638e-01
6.476738031716158250e-01
3.564267272769635619e-01
5.375440541803637728e-01
5.372696635337915749e-01
6.740084009576177149e-01
6.175127737422706486e-01
7.382367938197008650e-01
3.131801352703505459e-01
6.541297669306337381e-01
7.113282448583067019e-01
5.663704595236156436e-01
5.752803376146079506e-01
6.254919115634987037e-01
2.371502079390430673e-01
3.711799436472476565e-01
6.474991011933729501e-01
3.723711745776693838e-01
3.875727764978301737e-01
4.622551993435413120e-01
6.260046073978037251e-01
6.990572627534955563e-01
5.056378559058052335e-01
7.132556186383323116e-01
7.129748398837555401e-01
6.615165573686330180e-01
3.669702272079257144e-01
7.040186057919733953e-01
3.668682746078766321e-01
3.872192855703696091e-01
6.251200754488779321e-01
4.063821922389682095e-01
4.928064427844002227e-01
5.374748958685551248e-01
2.598327293766179991e-01
5.679383765196677203e-01
6.251920461795461570e-01
3.483049543025377170e-01
7.314037003822123628e-01
6.430327031164608798e-01
6.579143321188815063e-01
6.282193431549139007e-01
3.950323317917507904e-01
6.071039227427308393e-01
3.467200976109581778e-01
4.554815778703449891e-01
6.962589290998221214e-01
5.575513871988440062e-01
4.830615294548621375e-01
5.597873517753299000e-01
6.950535585151804696e-01
3.562840311449614883e-01
5.756890501078756328e-01
4.743292595492732411e-01
3.501603696042784875e-01
3.903571613039384935e-01
2.520864233244402008e-01
4.593246400570664689e-01
6.716128605966384946e-01
3.542044596764984399e-01
6.853793769070560815e-01
5.932365251416730212e-01
4.515985277653688512e-01
5.500888195211177667e-01
4.501080383720124090e-01
2.847526257112031889e-01
5.869108787934905758e-01
5.566408306722393506e-01
2.426300811104408484e-01
7.269321147864712396e-01
7.150501042586975275e-01
7.365533900428462566e-01
3.611665300034936354e-01
6.062715735717025822e-01
1.544972686032984877e-01
5.719010038296553633e-01
6.059787113900264588e-01
2.528691236721575253e-01
7.207953193819227611e-01
1.113258675034982520e-01
5.366162306620788636e-01
2.525789484672917307e-01
4.105123127095627322e-01
3.473595526160807578e-01
6.316152561060845994e-01
3.954225009562288840e-01
6.148925956525717051e-01
1.856963387196693405e-01
7.137801352505793728e-01
5.139922612471223839e-01
6.435361950974440859e-01
5.673391851692421994e-01
4.811861609308322185e-01
4.067102530353520762e-01
6.845020075387679981e-01
3.253820424991675786e-01
5.796232356712959222e-01
2.330784804320864823e-01
3.772615538528331647e-01
4.379802822264484141e-01
5.135487941640178855e-01
6.991629937774601622e-01
3.234795295822072148e-01
4.134015662092200283e-01
4.209710134570030515e-01
4.873925624561745162e-01
1.275795941488094831e-01
6.975173765581325069e-01
3.774665304649779674e-01
7.302640152517611005e-01
3.531980370651259804e-01
6.824369715034627193e-01
3.850210797683220054e-01
5.164614097153731320e-01
6.517944816045262435e-01
5.805880213080564234e-01
6.993046627595377318e-01
3.506903673366728036e-01
4.179929296087789292e-01
3.588252280607899247e-01
6.407692744005644148e-01
6.622147328166225755e-01
7.011333655793006159e-01
5.056367128371682673e-01
6.422384795342506170e-01
6.189947455275891519e-01
6.514395261089267475e-01
5.767670319804102386e-01
6.355472802372467145e-01
4.213923668409270684e-01
6.615200371125493639e-01
6.365905154093151053e-01
2.792978914365923937e-01
6.991443948315222423e-01
6.811178405033967431e-01
7.048756802712499159e-01
7.017001089666778935e-01
3.038771790346653234e-01
4.139589788250462310e-01
6.385008391956374929e-01
6.750157768582178974e-01
7.230576367981703667e-01
6.858451032048548113e-01
5.564478419367389073e-01
6.282722225801911087e-01
