3.883097805003231873e+00
1.741791114242423166e+00
3.040651574417168490e+00
2.065795405202655477e+00
3.331840218855580016e+00
3.777369024251807095e-01
5.582503159126783743e+00
1.346628944874522338e+00
1.381713130917230359e+00
9.005883467009431209e-01
1.383492833492608431e+00
1.248192365923561642e+00
5.674129369291133429e+00
2.173009981807952684e+00
4.839675918303199431e+00
9.669191316258416435e-01
2.879167590463275861e+00
2.995396867118873097e+00
4.044793712147460418e+00
5.688127983198128845e+00
3.821302690659518220e+00
4.181853677232128419e+00
3.792698951903871407e+00
4.557649456380103103e+00
2.916937616300591785e+00
4.694932209129166978e+00
1.679592243046040601e+00
2.375614391884140808e+00
3.935166142294849401e+00
3.103256986853829780e+00
2.753554737245204720e+00
5.452085475266232883e+00
5.785950729820314997e+00
4.813247897326009550e+00
1.154177165015543682e+00
2.059594235671204476e+00
3.040429060958385055e+00
5.070269998641088627e+00
5.129809355655106096e-01
2.000106974522584125e+00
2.635917439843749044e+00
3.994697295816496574e+00
2.798044288859853346e+00
2.492474761013772522e+00
6.217471541586548911e-01
4.707544031769142379e+00
2.930623909223331935e+00
1.972339529139714553e+00
4.662050684613161522e+00
4.361988667247274520e+00
2.486654721638380749e+00
2.424900303638528154e+00
2.227067440992695602e+00
2.396922509618165886e+00
3.106555114398375839e+00
4.110006463270982735e+00
4.188714026232070786e+00
4.565260159435913678e+00
5.021688861675388971e+00
4.014907963326581175e+00
4.293616592079450456e+00
3.875850958815481473e+00
5.395780734882272611e+00
1.465380365229895565e+00
4.394651554072013688e+00
4.875743702488668951e+00
3.786844113569677983e+00
2.788752828000317763e+00
5.348258349537622358e+00
3.696421280754563110e+00
1.949868215655305326e+00
3.756227992184440367e+00
4.441308460763256249e+00
2.906813942553432728e+00
3.420001064509368582e+00
4.744248507469749576e+00
2.384822503799504556e+00
2.861631040066813902e+00
4.393406632886726726e+00
3.111299983090918264e+00
5.579301288035537709e+00
3.248954935506351838e+00
3.784955411558778682e+00
3.213838028438799732e+00
1.629499624448460082e+00
2.245492253001716065e+00
2.997364965029493344e+00
3.619841590810173315e+00
1.171266157851328149e+00
1.813520186833759595e+00
1.870170966486926378e+00
3.515089550062406420e+00
3.618102431327082424e+00
3.293226255437263550e+00
4.767674577164093819e+00
4.887267370591096061e+00
5.423267180142213206e+00
4.239660913388699548e+00
2.011622764161275612e+00
2.146310725578063572e+00
2.267787302029634411e+00
4.635216188093673750e+00
2.098260706971997624e+00
9.010224329668780063e-01
4.180848205557038177e+00
2.991839679548228492e+00
1.821704651373372341e+00
2.836226426832660241e+00
2.168646181164669340e+00
3.077920559475246787e+00
1.760925875288239295e+00
5.860373019827366470e+00
4.811143788006069677e+00
1.605327122668600337e+00
2.038944022286754088e+00
5.001840147491577682e+00
2.287215304788564385e+00
1.999419966071504406e+00
2.745488416572056778e+00
4.976012642220505988e+00
1.442452583006896827e+00
2.940506404377850824e+00
4.723491539796797589e+00
3.382388610353574965e+00
1.780388527759590778e+00
2.399157366170986183e+00
5.530208815982871506e+00
4.855829713396934366e+00
3.430914924009110578e+00
5.461107519065878435e+00
3.184862527616140859e+00
3.649934074918549154e+00
2.136020451123960218e+00
2.387241051162026562e+00
1.309415142977918167e+00
1.288607110931970778e+00
1.162911550978142472e+00
3.623793150495356219e+00
1.238849062148442703e+00
3.962160825677944143e+00
5.392414582811735357e+00
2.923345657299801559e+00
5.179012450593478256e+00
3.036112296311864078e+00
1.144613525230040896e+00
1.972350864691065908e+00
1.482388396924287699e+00
2.378634942862961843e+00
3.390113328412840410e+00
2.804606245749281523e+00
5.360262443149766298e+00
5.389984787939310351e+00
6.453464991620562197e-01
2.664209710188777169e+00
3.764846391185844521e+00
2.311555127893056394e+00
1.626570469163628019e+00
3.044616251451743416e+00
4.185096968700656284e+00
1.916298646090301760e+00
2.161940217636645567e+00
3.851126684784832221e+00
1.887131519649933642e+00
3.702068546752674827e+00
2.236441225096355900e+00
3.675506538221454900e+00
3.794058056267235024e+00
5.679961310812383424e+00
4.808037010586496685e+00
2.122261720126967788e+00
1.365360420000209851e+00
5.248911888273055659e+00
4.858574474502337814e+00
5.468702574834484409e+00
4.642936380002424812e+00
4.133426332074425780e+00
4.831686936292562073e+00
4.297222322850840825e+00
3.928692387312185286e+00
1.753480162772511175e+00
3.084408826633184386e+00
4.687873941052608906e+00
1.961560257769201066e+00
4.819931159607151461e-01
1.155444337272197863e+00
5.118794320737871217e+00
1.271964854686186364e+00
4.943537321160081710e+00
3.323268106157706292e+00
9.717213492386687079e-01
3.695681270893358406e+00
5.808380886375417163e+00
5.289824247003312330e+00
2.431664600511740826e+00
3.237354678790184792e+00
2.294271377420445290e+00
2.039060690555212219e+00
2.593402865555666015e+00
2.676149830061473001e+00
3.505798336410147709e+00
3.167109395600315125e+00
6.058150946056146680e-01
2.655799052975787777e+00
5.788745337382282585e+00
4.935845621131636385e+00
4.327866712353362288e+00
5.541864493917305623e+00
2.436811174118942880e+00
2.288437503555331265e+00
7.986394146155583185e-01
5.105382904906449859e+00
2.751660030931974088e+00
1.937648207432126624e+00
1.270686393556981431e+00
5.274271941929126406e+00
3.646843382272781930e+00
4.124586356318190816e+00
1.521142011559339036e+00
2.538802854813289933e+00
1.836482998885932583e+00
2.799647293041390039e+00
4.521990312888281238e+00
9.434709432004408924e-01
3.121358111777175370e+00
2.890853061092078402e+00
3.467865934981397391e+00
3.607253537228188645e+00
3.575859882538729106e+00
5.880697024191063882e+00
2.430351942803103960e+00
4.355866170003995563e+00
5.173385079269494646e+00
1.021170437969087352e+00
5.511301783035454704e+00
7.305948221509767082e-01
4.088065677664601161e+00
5.577955891701085189e-01
8.948344098807481384e-01
3.489329774915558069e+00
4.811702656373716636e+00
3.153378061740380378e+00
3.145463391599540248e+00
1.998664605232428393e+00
4.036565974416930658e+00
1.876230305283730360e+00
1.138566613645269010e+00
3.100751767299498418e+00
3.215760787798435771e+00
3.608738036928761606e+00
4.054322949511585783e+00
5.522492418361411026e+00
5.283611102503035006e+00
3.105429157342381341e+00
1.679060916614505183e+00
1.642997469605929739e+00
1.808887115498474252e+00
1.074600749965366031e+00
4.346072183379622977e+00
2.359860378251642743e+00
5.065716291645457892e-01
4.318341303129439979e+00
3.391258238816681203e+00
1.864881638264880515e+00
4.174045769954734197e+00
1.619940966792576820e+00
3.403446553460759638e+00
1.457927279056301151e+00
2.742406478736425068e+00
2.714945515514908259e+00
7.880413594616137996e-01
5.303000663632043477e+00
2.821479795010631619e+00
3.594110761399486043e-01
1.738780657757980297e+00
1.753754286419566544e+00
1.864245183008918172e+00
5.272400965602482614e+00
4.974569564169460278e+00
3.759321702746443172e+00
3.921354267849814335e+00
7.325138314612018586e-01
2.398816413470610254e+00
4.717146876522666510e+00
3.331759445952239052e+00
1.423679987719494777e+00
3.444690592383146566e+00
4.019611894158082066e+00
4.273022197944226441e+00
3.262690258806664634e+00
2.470625196762720410e+00
2.475649836345869659e+00
2.065333336543121234e+00
2.192072520118574452e+00
1.295388575819311772e+00
9.285197239771167954e-01
3.289415698779588393e+00
4.069211879716406521e+00
1.111991922656589526e+00
3.580135937553428072e+00
1.400756112992611158e+00
3.227925557501220233e+00
9.048925131528464672e-01
4.420373107315104022e+00
5.751017499454233572e+00
3.422303117237938785e+00
3.947061475227708893e+00
1.260215716392284468e+00
8.776348352088078064e-01
3.750749053673562705e-01
5.182410578974110393e+00
5.860202784045149826e+00
4.995765552627726258e+00
4.852283691399813748e+00
5.906939457770121749e-01
4.448858161400099931e+00
2.423637736824870270e+00
1.585895099783435125e+00
4.826331061197103089e+00
3.413570211386339537e+00
4.185519400229497755e+00
2.339576479330726322e+00
1.404697774602912119e+00
1.628235189134100924e+00
1.585604731535861234e+00
4.807117935649698026e+00
2.503340279925018841e+00
5.776530300079407709e+00
7.076325784311212619e-01
4.740578433209278408e+00
1.916848099521822446e+00
2.797043740787020116e+00
1.726259054166152662e+00
5.506228438397522851e+00
9.370038522754164934e-01
5.864350497327343037e-01
1.702415488309765745e+00
4.568969307329709295e+00
2.536802791926611178e+00
1.309594839049487369e+00
2.292175575204959515e+00
2.326546897294893945e+00
4.276548770503588059e+00
3.730182799596616139e+00
4.271831117638417830e+00
5.829261163710556914e+00
2.366282622175519990e+00
1.876457055575052379e+00
4.588699275596149540e+00
4.393253642602602760e+00
4.141541498776500241e+00
3.714506380182856393e+00
3.368843939547183641e+00
5.918990839142330707e+00
5.428074644075412181e+00
1.954289785373135802e+00
4.297021149747637381e+00
1.254964296187677242e+00
4.882493592342437516e+00
1.873648729586571804e+00
5.707110306788877985e+00
4.914429385805214601e+00
5.780804401168364137e+00
2.467262046107172591e+00
5.659701426568976679e+00
1.663039544151475368e+00
2.013016749028694097e+00
3.594316099834589551e+00
3.599244077595927571e+00
1.969872302280220255e+00
2.527463443475672200e+00
2.276771528643792397e+00
6.130082641495250284e-01
4.982817685137082897e+00
5.285285452967786846e+00
4.574829270901738631e+00
1.974772799480910113e+00
3.546413287464981412e+00
3.365710127661198925e+00
2.373501363433762279e+00
3.478915415755346352e+00
5.783981701407027387e+00
1.919903771544794635e+00
4.725246666373433158e+00
2.912308916807164305e+00
4.668496274777427679e+00
5.726615979046978389e+00
3.877750651270241988e+00
1.208382931563734886e+00
3.474427232485425954e+00
3.232307499684933916e+00
3.434397737226513314e+00
3.918672138011998207e+00
2.674671609102932557e+00
1.044785361265731183e+00
2.586251696299225245e+00
5.547009040424606852e+00
2.438172700092668954e+00
1.643665690738526974e+00
5.658095340773316551e+00
2.874386392456614647e+00
5.391222597627496338e-01
1.612104073959447659e+00
1.704089148514714491e+00
2.568749123490280173e+00
3.997043226421221895e+00
4.872122187596851006e+00
3.560850900708678157e+00
9.986447242674181268e-01
3.725326848364270305e+00
1.495274205852652027e+00
5.107787853937330702e+00
4.574444510161964850e+00
4.676808332632491627e+00
6.533777325855911755e-01
2.954183191989822266e+00
1.598757558040072357e+00
3.567794240291240815e+00
2.497566078595673034e+00
5.206087405242524113e+00
3.875920465724165265e+00
1.454960629601046218e+00
7.492033427497719611e-01
1.886015079625154245e+00
4.901284486878183522e+00
2.140422370691253295e+00
3.732850215890174184e+00
4.417797023234829368e+00
5.499309366701515600e+00
8.188782574676320980e-01
1.891690703058628076e+00
1.452923926628113316e+00
2.755225385006813799e+00
2.882608412736368919e+00
2.909252978804288681e+00
2.177455939376216509e+00
2.186117316248302522e+00
3.563257759671205616e+00
2.838457474827174032e+00
5.781087155245723253e+00
5.717470832609000908e+00
2.366294512812545658e+00
4.033011557784394796e+00
5.389308072711145314e+00
4.772849420028672185e+00
5.210097402961935131e+00
4.326872374182559433e+00
2.574322664407448169e+00
5.660148479828300161e+00
3.865049824988922467e+00
5.555366069307465793e+00
3.724085989422053489e-01
4.089988048128031295e+00
1.136299214763994092e+00
2.460090581181405778e+00
2.652296819063148625e+00
5.625529388991105328e+00
1.189963867519773899e+00
4.148761688720437490e+00
5.416128203260173635e+00
5.731647109894745462e+00
4.859285724124839945e+00
3.636680477681418999e+00
1.692577629242342896e+00
6.691908857399830879e-01
4.919195010992161166e+00
3.949451462353081865e+00
4.849919017304791247e+00
5.980612282682123970e-01
4.579648227330062937e+00
3.681088241334925737e+00
3.577793022533167111e+00
4.509112366036695185e+00
5.193479380920850375e+00
3.407543163663720787e+00
1.904321478462722039e+00
2.908903708232504659e+00
3.266378277945218844e+00
5.567716816417583203e+00
3.264257652641569418e+00
1.064080711879576313e+00
2.695201595355213975e+00
1.663824803603609626e+00
2.497326036717316455e+00
4.895836003800190461e+00
3.464022324536557562e+00
5.915774354687752812e+00
4.838379586668528631e+00
5.301196650520195064e+00
2.863045220948768677e+00
1.684397019139801888e+00
1.794437458562291088e+00
5.569897787318838667e+00
4.385289007844988873e+00
8.666383585972926573e-01
2.769676679988134715e+00
3.740570330679775957e+00
4.179051358644928271e+00
8.523351161385346320e-01
2.619001896732829682e+00
2.849058365398354553e+00
4.385348741262287575e+00
1.642364072001177844e+00
1.322652804726472953e+00
2.051886168300328883e+00
3.317780368863692875e+00
4.028283151551121044e+00
3.405954704195556904e+00
5.825731712192569134e+00
1.819145151040047814e+00
3.765214421079924545e+00
3.656807679011005785e+00
8.303304829444415613e-01
5.219125660422634816e+00
3.206430420509514434e+00
2.948839590911636055e+00
3.723455499927306622e+00
5.823426928918284062e+00
3.079358160918196141e+00
1.141830427909363399e+00
2.062538071079283775e+00
2.290529390593572412e+00
2.127650100366873076e+00
3.908999433628073117e+00
1.502091663376675434e+00
3.067702266283359069e+00
1.320600807182255476e+00
3.253906431999058491e+00
1.652196795453695133e+00
4.025434938166407406e+00
2.235415067782493548e+00
2.003965711508263414e+00
1.888602407014122075e+00
2.743215778795090820e+00
2.142665487623591325e+00
3.035893506499857786e+00
2.222614983173517356e+00
4.620581263909395275e+00
5.101092271123634170e+00
1.966094286320922535e+00
3.607314802843395452e+00
2.772257567424852187e+00
3.469816948947090918e+00
3.400159569448899077e+00
1.399389327270633032e+00
1.735199962466163370e+00
2.527775632817725882e+00
2.053942689641087505e+00
1.530652823034797549e+00
5.850738897199907917e+00
5.371440421936771514e+00
1.258457655703060452e+00
2.946102392662257152e+00
2.720888024832690988e+00
1.073902499588943460e+00
5.492152864932114298e+00
2.742175114936317715e-01
3.666198356542173631e+00
7.410291647608785448e-01
4.902211516760370813e+00
1.813235537495512473e+00
1.157019715984228370e+00
5.819087672398029376e+00
1.722498872264692116e+00
3.392484624884749778e+00
1.927516774734725269e+00
3.462921100445086608e+00
2.351351399705412071e+00
2.867196820404956270e+00
2.403604876416574943e+00
2.215790895779564451e+00
1.595989125706939404e+00
4.360686615963651036e+00
1.203179777164329778e+00
1.186180851218658683e+00
3.704545358949985268e+00
1.121976197733115965e+00
4.670986724258067824e+00
2.363814011072463472e+00
1.805736768766443179e+00
2.262405018811842528e+00
2.717814331361207980e+00
3.644783219068609803e+00
5.780768616881661437e+00
2.639903814140085458e+00
4.587398189242008151e+00
4.821589484056758579e+00
5.855713034439858689e+00
2.539297516927815579e+00
4.315049265279497170e+00
3.050237218377010340e+00
4.793385246722381865e+00
2.406798124171498632e+00
5.589312322351609907e+00
1.587711344682732451e+00
1.275917235523205129e+00
3.226756888608969476e+00
2.560298303704132472e+00
4.451821157108540206e+00
4.969030630645492330e+00
8.608367167382963148e-01
1.669532272558250652e+00
3.341852668886939881e+00
3.674292350783531003e+00
4.683967862532991688e+00
3.657653993595352038e+00
4.846029618380634396e+00
1.728027780054112617e+00
3.278943251323891417e+00
4.974644253718552456e+00
1.743060157137231503e+00
4.595345822033770844e+00
3.295756813681210318e+00
3.125640721757673379e+00
6.876602524004583605e-01
4.800521912780708611e+00
1.171999924127429704e+00
9.286238493895548896e-01
4.547659236571765518e-01
4.870861003148085899e+00
1.226081922568055926e+00
5.125277132863306662e+00
2.664168859887156682e+00
5.172835665017829321e+00
4.337107501511328955e+00
2.669464055017814363e+00
4.233753836415114158e+00
1.953922342711146842e-01
5.608630945924359068e+00
5.686099671505540076e-01
1.974653454090312676e+00
3.833400880872684269e+00
3.432559371929126524e+00
4.600354537286058587e+00
5.647440558172684977e-01
1.463400485332724266e+00
5.428007946798922845e+00
2.338363375492343632e+00
2.129732534728567828e+00
3.644220312547007623e+00
2.748739887845813357e+00
8.951850450519728275e-01
3.167871288078758951e+00
1.345359250084358749e+00
2.632155205743927695e+00
2.064147102614515283e+00
4.018671785767627291e+00
2.435868564159156424e+00
1.874344012778408120e+00
3.012724905972987144e-01
4.284763986114935364e+00
1.596722329360325654e+00
2.794528717008160523e+00
2.655100726483344165e+00
5.261584164218942483e+00
1.677522785375111569e+00
3.713114042802090786e+00
1.065501925364415348e+00
4.347638545995042847e+00
4.084282278678509570e+00
4.473384429085444758e+00
2.264611106756694081e+00
3.254138526222176253e+00
1.853542065442273845e+00
5.194248179617902750e+00
7.632017642503114985e-01
4.300702990586389163e+00
2.628409984816407530e+00
2.092437559545924586e+00
8.570517017918847236e-01
4.271142618152320658e+00
1.974222459481920211e+00
5.525968240194529812e+00
5.051118128462134038e+00
3.022235577975369125e+00
4.158338389909551402e+00
3.906731919131208652e+00
3.286196189389938738e+00
1.492389502562514680e+00
1.999360748894288609e+00
3.533270546648298538e+00
3.599407631378537253e+00
2.727808590148352863e+00
3.923163222975747377e+00
3.041495539172573537e+00
2.083318812569743717e+00
8.521215556274606140e-01
4.240587226268850429e+00
1.558636297254735181e+00
5.518284541122871367e+00
1.599790524108531731e+00
2.598265304991301150e+00
5.110316318621733522e+00
1.883927821075470410e+00
2.497562103441037795e+00
2.390502559261738380e+00
4.183584242683012100e+00
1.023368340768095575e+00
1.304948749368457062e+00
3.154662988993690131e+00
3.051478664608480607e+00
6.666474826134971554e-01
1.514335134328096411e+00
5.811686475953614206e+00
2.161848976599674454e+00
1.330045802825013945e+00
3.134050409419638417e+00
3.262186888498441739e+00
7.501677762072522793e-01
5.255176202316138578e+00
5.783575453773051045e+00
5.503976982953743935e+00
4.922747316240271509e+00
3.969087578547141337e+00
2.159466601468070235e-01
2.530929481348234145e+00
4.607405348210648732e+00
3.577458803611690552e+00
3.213004417443545702e+00
1.616482431626219629e+00
5.070134029980920332e+00
2.169053475049923740e+00
5.409725641428351217e+00
1.321390964807785506e+00
8.651982630832206755e-01
1.910240144813070362e+00
1.571475796433563721e+00
3.683352272197804034e+00
7.374213827549458422e-01
4.225493160331470044e+00
3.780016182197045271e+00
8.391280766854737339e-01
1.156594737272250484e+00
7.468463393010454920e-01
5.389982506014773023e+00
3.071448280725403990e+00
1.671859754932953024e+00
2.322279161668661995e+00
4.073962980850663662e+00
3.158838769632428267e+00
2.177859945152755827e+00
2.389028156197388952e+00
2.392540816574924456e+00
4.139497210260430826e+00
1.842577305246675179e+00
1.241063078596654323e+00
1.337947838978665427e+00
3.426481025367686506e+00
4.897709095519323874e+00
3.933967201472261532e+00
4.398899054042477275e+00
2.782512829966183876e+00
8.223995029536366186e-01
5.733204075910576236e+00
1.101420170058511117e+00
1.625571768666947747e+00
2.668790905452419260e+00
3.018610809483829538e+00
1.316662288879050902e+00
3.374996325832147370e+00
3.879260886684729126e+00
3.716245047759502818e+00
4.923239844098718621e+00
3.296967688368252158e+00
1.364115052654243376e+00
1.044199775030073774e+00
5.066833839857871169e+00
2.527468768139999433e+00
4.805998857758517318e+00
4.486180593168616504e+00
4.631958453160187617e+00
3.581231575453714289e+00
4.658713864400445992e+00
4.030819632439589739e+00
3.343658556725027875e+00
4.926105739850354936e+00
3.993422047216740101e+00
1.190281834212743917e+00
1.415211351171576482e+00
4.241926583048628352e+00
5.859667598196114824e+00
1.742241901888984312e+00
1.760088642321645969e+00
2.725631440309706832e+00
2.863864032526180825e+00
5.501961558497301397e+00
2.706608123963965884e+00
2.044997197110012710e+00
1.526512506426477289e+00
2.656721746466221834e+00
1.385677659993116650e+00
2.812705070144917663e+00
1.781361384243801860e+00
6.718275119193071188e-01
1.728542768404251140e+00
4.056508535341936117e+00
3.362386396381214837e+00
3.854939863175900427e+00
3.695748982951032602e+00
2.796236695868328681e+00
3.662269783294402448e+00
2.639709111575520240e+00
1.683395638280639428e+00
2.509992654518802713e+00
5.862967617327226932e+00
5.292694572928096974e+00
3.020648196680592701e+00
7.384299597733636755e-01
2.162942421955873495e+00
5.054507249251244616e+00
4.636761294061117589e+00
1.107595923081871714e+00
1.587169681646120933e+00
3.083272696533414958e+00
3.006042619619937017e+00
4.860184969606700101e+00
4.138690597059002663e+00
1.015343553014051325e+00
6.322061350601637653e-01
7.999258608271724302e-01
1.343655304218934754e-01
2.711913812662019918e+00
5.580452304416338549e+00
1.466277846629041814e+00
4.018830753441641868e+00
7.438261519436302205e-01
3.464710691063361825e+00
2.059236846267512799e+00
3.575496142414895218e+00
3.533504962080556755e+00
4.817131527938960822e+00
3.896089570600675511e+00
2.757660471819176617e+00
5.137470957391272464e+00
2.994341396286197110e+00
7.418430529897894754e-01
4.406332301731457513e+00
5.132959656187339625e+00
3.449583044746410643e+00
6.802965426482596722e-01
4.819865797077777181e+00
5.076340532961588714e+00
1.395043175958000425e+00
1.755255750445412044e+00
3.722323418402183837e+00
1.393286122710506669e+00
5.689392306398024068e+00
1.419513641863857423e+00
4.318561495585925947e+00
4.648705971195756348e+00
1.782184785583216247e+00
2.909579768824231305e+00
3.678778545259573374e+00
2.285973616822184251e+00
5.455413489953634176e+00
1.828394755136603322e+00
3.035370090733842563e+00
5.239733237435186375e+00
2.347352893069757584e+00
2.144949101848310780e-01
4.244934735153364613e+00
1.888355806138333204e+00
3.277592024055004938e+00
2.903855519485999626e+00
4.651706956247680935e+00
3.848810201832673084e+00
3.438346154699462698e+00
5.703222373750781671e+00
5.244312966095550976e+00
3.782345082067174680e+00
3.991592925053203622e+00
1.939609950256911741e+00
5.337030045975067694e+00
3.291131836094379537e+00
3.645219883574382091e+00
4.156577304009389628e+00
5.236620480178276971e+00
4.365167898667904112e+00
3.732693003777317386e+00
2.805127497917609514e+00
4.634805306465534791e+00
1.202234876121923479e+00
9.768899186892849862e-01
4.773531172697077274e+00
1.177653933706326761e+00
4.206989715253659057e+00
3.426114292895472424e+00
1.216727142515407811e+00
1.067691565919395957e+00
4.527258987149275882e+00
2.989030552524616358e+00
4.499271378723638470e+00
5.542923290359222932e+00
5.523512047987667373e+00
4.059254509909546726e+00
2.595335140102574378e+00
2.949249790458800646e+00
4.542032787243146075e+00
3.233837231304444781e+00
5.375169349208198888e+00
1.701476321228300614e+00
4.479935936822123210e+00
5.031244004197535702e+00
2.915533518649722211e+00
9.942133462138537103e-01
5.052020520976953755e+00
1.451988377974006372e+00
2.199198351222726000e+00
2.614734138129284791e+00
2.776795366271295862e+00
3.051309871605488944e+00
3.750245960295375713e+00
3.182717656329729028e+00
1.669304750090914613e+00
3.164339174968115564e+00
1.524967014290071088e+00
1.225741810259019626e+00
5.712487750219227500e+00
5.142300183999192420e+00
2.343259374431902131e+00
2.972762677522614361e+00
1.235310709248347960e+00
3.793942662857107351e+00
4.112924088750462559e+00
5.705155732673436120e+00
3.345145748849583267e+00
2.205267272445890825e+00
7.991040170093333117e-01
5.264756861784909425e+00
4.155922488766411682e+00
3.135560615695982101e+00
1.612575115097591105e+00
2.676987486947752348e+00
5.553579452527020344e+00
3.991625844739674189e+00
4.956438057096009153e+00
2.300152852967302319e+00
3.311071630472428140e+00
1.469411942427161222e+00
1.842703652946735771e+00
3.112724292793793701e+00
2.758165501750120985e+00
1.304585567345186492e+00
3.188683180976314535e+00
1.757623641993255159e+00
2.066822909420743759e+00
4.185581712451619474e+00
1.122609166002554781e+00
2.795383020832558962e+00
1.511535918094495834e+00
5.514264825880468734e+00
3.829662112888340353e+00
4.487471188543995737e+00
1.190606947717024688e+00
1.417495223112785085e+00
5.293428012530290161e+00
3.145973624120212087e+00
1.716974440148615777e+00
3.264847162926414192e+00
7.661735036758705597e-01
3.181574892682703215e+00
4.919360682072650093e+00
2.366530840210348430e+00
3.939619313449171045e+00
2.591199096902901289e+00
5.171195132851829968e+00
4.542738234251570417e-01
2.573014757056218293e+00
5.435098240477037379e+00
2.459985036682337700e+00
3.370024027858010474e+00
3.738613337793513125e+00
2.379609481214662203e+00
1.185355791996523633e+00
5.673485225436830426e+00
4.158249713710674200e+00
1.378826152012716522e+00
2.337650161677770733e+00
2.995773466758636427e+00
5.270206753648710496e+00
5.013262641224482508e+00
3.007183682572306616e+00
8.652917333085581308e-01
5.874472059989821915e+00
5.491418651194268641e+00
3.878246353975277394e+00
3.839634773481116703e+00
5.453191061580653809e+00
4.800467737819232639e+00
4.001309495509912217e+00
8.392665382088879689e-01
3.672955099987355698e+00
1.176902572795718971e+00
1.922716493858072084e+00
2.901000071331057306e+00
5.159160917664593171e+00
3.454295631930202504e+00
3.363334652884005571e+00
5.356425180226040084e+00
2.214624144586465171e+00
1.558611699556095243e+00
