7.805344918286305500e-02
9.394504227233478610e-02
7.801197012438580713e-02
9.516072196064458144e-02
8.224196490196528098e-02
7.715286206108713796e-02
8.028172575992167936e-02
9.901383040771027932e-02
8.687735088040650366e-02
9.069361439962560223e-02
7.989896417491997027e-02
9.814801260172617559e-02
8.974739667183603831e-02
7.941471148674653091e-02
8.836420384371818093e-02
8.425740982717017102e-02
8.367521800215364791e-02
6.764508010900820156e-02
8.839095799441458456e-02
5.911468242133502415e-02
6.850505192302194790e-02
7.831418656875452355e-02
7.061426411457072394e-02
9.077084136624818944e-02
9.521345974533250434e-02
8.416301916460690313e-02
6.113426663094817526e-02
9.455763985876200484e-02
9.833351865555532700e-02
8.050144714404731949e-02
7.127417376738248711e-02
9.600817983651335763e-02
8.981333910925884401e-02
8.810710819355650758e-02
9.561954373818590258e-02
7.618797347399362818e-02
6.551573449493984513e-02
9.531641227970369390e-02
8.626473851199260856e-02
9.191031396793473973e-02
8.988355782749025968e-02
9.414243421404062950e-02
9.535059198663431435e-02
9.740462403524821622e-02
9.644168587648124791e-02
8.935323912314062367e-02
8.354833593807955983e-02
6.231014045389841188e-02
8.411698042386228646e-02
9.300160828175438321e-02
9.435646735464402191e-02
9.535295003800189906e-02
9.722531156056256341e-02
8.263794918677618007e-02
8.094408647384324085e-02
6.196675874679396373e-02
9.780151106650533666e-02
8.474486913305682989e-02
5.559280144993845874e-02
8.654946956176526318e-02
7.032233775284484067e-02
8.432126168548365053e-02
8.598091862647515293e-02
7.668813203192037520e-02
9.930198128679759706e-02
7.448049319361291221e-02
9.951345367021321997e-02
6.875463265760892173e-02
8.609508952801471493e-02
6.984711054439746158e-02
9.586468739965084418e-02
9.133584250917298197e-02
8.793460559440395563e-02
8.942076009001058423e-02
9.908558857098921646e-02
8.413855784701279594e-02
8.501178591034203036e-02
9.629127368355080985e-02
9.116087096474095874e-02
8.480586650394429660e-02
8.165712971792163377e-02
8.564746242700800594e-02
7.997155291564647661e-02
9.555628598998847090e-02
9.157003975764696491e-02
7.091344404386958067e-02
9.532781532410207481e-02
9.695377942772419322e-02
9.520052676183234086e-02
9.354728492441670429e-02
9.188543355344576391e-02
8.258990970754956362e-02
8.454657932207695903e-02
9.742004000071580183e-02
9.669300771464570121e-02
9.805485369954472508e-02
9.842322974571762750e-02
9.028807020991885812e-02
5.770691854309874247e-02
9.667132973947789587e-02
8.178490200300532476e-02
9.599129841327247448e-02
8.100194588996763312e-02
7.292433788190967603e-02
8.077273422633390876e-02
9.248617570475138605e-02
6.345609437204922931e-02
8.150885385180088594e-02
9.986633786030946203e-02
8.980731019055088193e-02
6.095950975525404186e-02
6.716627204941992557e-02
8.564174448152941932e-02
8.701990447192275990e-02
9.589041289874515595e-02
9.644878395229593282e-02
8.447114847312810204e-02
8.425390152681776212e-02
7.716927354083280566e-02
8.839990460575050668e-02
8.232189348905263881e-02
9.210186927409752533e-02
8.010888792675446846e-02
7.343896646636637049e-02
6.451798395563791699e-02
8.211259080022291490e-02
7.589652222877227294e-02
8.485150457520609923e-02
7.151324380002550829e-02
9.381379984204210598e-02
8.097998426057632926e-02
7.217492398084669747e-02
9.583278642789304358e-02
7.699210930868582992e-02
9.317444493770250802e-02
9.079248154267666182e-02
9.013733529435755121e-02
9.027946284876744998e-02
8.136353010528465934e-02
9.664551664450272972e-02
6.720135385426613539e-02
8.694685501116067305e-02
6.802927299234445835e-02
8.943380230076741766e-02
9.888083422719604054e-02
8.229373062003315920e-02
7.115300192080592501e-02
7.167868389202357304e-02
9.154128661101321174e-02
8.927624407963788422e-02
9.869546032210070596e-02
7.351767267816872176e-02
9.848400516239660951e-02
8.622038472462634218e-02
8.610718367156948438e-02
9.686179371334259491e-02
9.521013168175124219e-02
9.379773798567443699e-02
6.776868214689037162e-02
8.706565466401999798e-02
9.137123092375133704e-02
8.780242068369843722e-02
8.398908807387758801e-02
6.691444014760979109e-02
7.940740971470078291e-02
8.164525371339553805e-02
8.471711378950043392e-02
7.554875713183668851e-02
9.386322409820435642e-02
8.488448878171730994e-02
8.110252620824706660e-02
9.675925682384868554e-02
8.842727697475917525e-02
7.397545831875738942e-02
7.124929723754468147e-02
7.522301223184922614e-02
9.330937720389802237e-02
9.514211237107877972e-02
9.372174064475333188e-02
7.070319388367625468e-02
8.231237720284424741e-02
8.457980903456992217e-02
9.580106249427888798e-02
7.554281523121320063e-02
9.693181065174207023e-02
9.129993108318046335e-02
9.282757830692789369e-02
8.113069148942340936e-02
6.827234447514422822e-02
8.528335391085460626e-02
8.674498973756954168e-02
7.147404864046731643e-02
9.273625566037403678e-02
7.013813657095935294e-02
8.854495206368097338e-02
9.744163907011145487e-02
8.791762597780584942e-02
5.506055565052661582e-02
9.595439597299297574e-02
6.676543184622395211e-02
8.254743554642759995e-02
8.771659737126795420e-02
8.771643352181537900e-02
9.275038582283905153e-02
9.424110201736050907e-02
8.009496987555647651e-02
9.154587107327771811e-02
8.347541445571005081e-02
7.932450735072091308e-02
8.992313074532262696e-02
8.555878921360123013e-02
9.080567125522610861e-02
7.218712970022449216e-02
7.833559059593439566e-02
8.703193795339615735e-02
8.613293103366286008e-02
6.719186554893434582e-02
7.349465224668369490e-02
6.695512722131786998e-02
9.486580860148841055e-02
8.939052501481553614e-02
7.116992447216063944e-02
6.946338541206667494e-02
9.064682252465454393e-02
8.533509488880450244e-02
8.040153547376802101e-02
9.624674898189441996e-02
9.040924504337607970e-02
8.370715377354569220e-02
8.747645344389075317e-02
7.586094572139968906e-02
6.436879089339227200e-02
8.794280369238446915e-02
6.950792988380663506e-02
9.335314894672906705e-02
9.725508137808029641e-02
7.157136549714372686e-02
8.071931536478994806e-02
9.049136040676632187e-02
6.505691710617488022e-02
6.779986631929514618e-02
9.542984709545766775e-02
8.636500964924441470e-02
9.542486273051772883e-02
9.578191667554436517e-02
6.172842617845276936e-02
7.748870279081493395e-02
9.720176077557046712e-02
9.020075536912040837e-02
8.445186905468814176e-02
9.316751667077628751e-02
6.233771443303316728e-02
8.149156686685668505e-02
8.519579678707356329e-02
8.172937000323778067e-02
9.997020467946185485e-02
9.236162632431654806e-02
7.792294047015771441e-02
9.987258839302705360e-02
7.170626719560849183e-02
8.416990198921182886e-02
9.698433706415462985e-02
9.420821949088195590e-02
8.521736866085989626e-02
6.999388260839339848e-02
9.966963897535788264e-02
9.934823740597295560e-02
6.336249616788589001e-02
9.694585705390293406e-02
9.717117166901463599e-02
8.373671085719527896e-02
8.575928125893635123e-02
9.267134325814829765e-02
8.754722543042722793e-02
6.648040501126839530e-02
7.675719192585689354e-02
8.173469219496720672e-02
6.876794981505127136e-02
6.103087433502383391e-02
9.501101453872765057e-02
8.332326736139257506e-02
9.915854491609130128e-02
7.748095910868953162e-02
6.483271216083857924e-02
7.777451444206420761e-02
9.891018760137679222e-02
9.211570514543510058e-02
9.219194893458784734e-02
9.871635871808867591e-02
8.516679506455450410e-02
6.850385461843676305e-02
9.170079889357157787e-02
8.750406312353159466e-02
9.543524880775267061e-02
9.209034895553179501e-02
9.445931809808816304e-02
8.482229336845698020e-02
8.992839543367882327e-02
6.890381778453393002e-02
8.438652292568724067e-02
8.903750008846574027e-02
8.913374729730529078e-02
8.940924819708070959e-02
9.868272900429367334e-02
9.997220984145599454e-02
7.377245804102498805e-02
9.791722869068969493e-02
9.191299058022994739e-02
9.517745351073658711e-02
7.159362172169483896e-02
8.235636909089955049e-02
9.403248095810665119e-02
5.898658242904895876e-02
8.705481803853519496e-02
8.874222457602812253e-02
6.763233465466454708e-02
9.760822146579922753e-02
8.417877839735198042e-02
8.947832504930586239e-02
7.220275716922593123e-02
6.278287140429270052e-02
9.645833202756605440e-02
9.914839834922616058e-02
9.665715745461497810e-02
6.865523232283485267e-02
9.822399851027519002e-02
8.752886065490710077e-02
9.643379740431187730e-02
6.744161430453762818e-02
8.515287519320803578e-02
7.707404573547749216e-02
9.511413984720515358e-02
7.909184208171957109e-02
7.191674518959345619e-02
9.742308852384307105e-02
7.863376770583670183e-02
9.011591550578179621e-02
9.772822903633229807e-02
8.478124126802598359e-02
9.506679000142005675e-02
9.815366726511061402e-02
8.974120533184336279e-02
8.968172832717842546e-02
9.235406203509330392e-02
8.113967082777674700e-02
8.534717307009551113e-02
8.777947329619001371e-02
8.849934080575477813e-02
9.448950727576523045e-02
9.649671065484800858e-02
7.344346170999728474e-02
7.684444932169443021e-02
7.609432964102148811e-02
7.491203333632556749e-02
7.061892431479055432e-02
9.659453513317610429e-02
9.809446749752570582e-02
9.588446752704743448e-02
8.697208043370767416e-02
6.330251750250011356e-02
5.844707970389417112e-02
9.468104715338677979e-02
9.660719320087379769e-02
9.392368481166891991e-02
9.528084608173940928e-02
8.780569076121851058e-02
8.921616603748049046e-02
7.758070820708519444e-02
6.524016849417005326e-02
7.372849803367304000e-02
7.699299598793277188e-02
8.557990799998149711e-02
9.311910645663191988e-02
8.164361975456012332e-02
6.299044520471196174e-02
8.298958462328970276e-02
8.554517959453178388e-02
7.862511079649127377e-02
7.024742721505193577e-02
8.943813846925460775e-02
8.808001245824123582e-02
9.149324610767806121e-02
9.452601463246240732e-02
7.986985676132264678e-02
6.898549582867843921e-02
6.816560671281748918e-02
9.925743619064131273e-02
8.759471822090256210e-02
9.456991834937267249e-02
9.489287238587815199e-02
9.295547615476497383e-02
8.330061090390952772e-02
7.455235575415741778e-02
8.317498272708223617e-02
7.683084651773838814e-02
8.226630175990427840e-02
6.978627839157874879e-02
9.312281496122785940e-02
9.663869908177391554e-02
7.470964365492921422e-02
9.026355067102817542e-02
9.886594821263454402e-02
9.960755078639700610e-02
9.726710359871619527e-02
7.392466334905015146e-02
9.071787950480413032e-02
8.499403797031883367e-02
7.989737070564560673e-02
7.765468231346071837e-02
8.398014388871644087e-02
8.931876467135602127e-02
9.270742676861627729e-02
8.417695004421835159e-02
7.969559053221021705e-02
7.720034314589545310e-02
7.925379213615799112e-02
9.168931830603985200e-02
9.764964244866221332e-02
9.430603720895656961e-02
7.048907987621798321e-02
7.118005570826185791e-02
7.783839745931589449e-02
8.676334305643337852e-02
8.458308129173056078e-02
8.423223496903659013e-02
7.492465706378236001e-02
9.566541046988535912e-02
6.362382644158706690e-02
9.712262275681340928e-02
7.455484417638920391e-02
9.858910454384764432e-02
8.731918196227668461e-02
9.728662165381762872e-02
9.727458486158697959e-02
6.283559723428749910e-02
9.675149739193793230e-02
7.140849575815098882e-02
8.831835077574463899e-02
9.696475694961134706e-02
8.910179775613040476e-02
8.714841601995888809e-02
8.128641353480610399e-02
8.224678090878646819e-02
6.975072256115610880e-02
9.038322347076123420e-02
9.119032047505030991e-02
9.684032148559211517e-02
9.041405950878232678e-02
8.549308404266657557e-02
8.870027715759538911e-02
9.702627393813613443e-02
8.307569541401324531e-02
8.988679709320374078e-02
9.231428887351389445e-02
6.780639133425736542e-02
7.723446184303427164e-02
8.422251267488203852e-02
7.104626305501651751e-02
8.551210429541905578e-02
9.639535975441473892e-02
9.318204064514185037e-02
9.646621192310453341e-02
7.253152921522908192e-02
8.536099385825968167e-02
9.564485585245850741e-02
9.322365412791601413e-02
9.488447960612737819e-02
7.649263170196737849e-02
9.188980043738788350e-02
9.952900246269423545e-02
8.957056642239903665e-02
7.500326457629893917e-02
7.836829889898579149e-02
9.365215353261345521e-02
8.671384571957620191e-02
8.252114619304846965e-02
7.652638067165536129e-02
9.309420642372667754e-02
8.522640513382982730e-02
8.749670266913547878e-02
8.951136621227040457e-02
8.611772267819138571e-02
8.006891053434521399e-02
9.205643179609435123e-02
8.312785772694741837e-02
8.625480637623911262e-02
8.587816115449682652e-02
8.635540043729950099e-02
8.141715804450047611e-02
9.704392495011773812e-02
9.065978334777560765e-02
9.067874562127532789e-02
8.054027320188883454e-02
8.437154239096494868e-02
7.767168916753026953e-02
8.628854761876540713e-02
7.742984799314771294e-02
9.412379033707955756e-02
7.957730977862292887e-02
9.580255544161676851e-02
9.205022470562676529e-02
8.398043550891053088e-02
8.798088740161841281e-02
9.517625910836047254e-02
8.591208269058078772e-02
9.417190203731162779e-02
8.036789878207600824e-02
9.399085378204402597e-02
5.561600776503675819e-02
8.786952279240735353e-02
7.770752596924328237e-02
9.696601681555508390e-02
9.665629989438109804e-02
7.998025784015018458e-02
9.939891395435906940e-02
9.501427173079113331e-02
8.395914077088177663e-02
8.186821933358529035e-02
8.222512233363200862e-02
8.978508283886751928e-02
7.698823572681312566e-02
8.947616785190336264e-02
9.782982973384460323e-02
9.273195719342826326e-02
8.725455170872579991e-02
8.083311025418331297e-02
9.078669385194754193e-02
9.387492309478710772e-02
8.834327643127339036e-02
9.808707597587792981e-02
9.231186796055045052e-02
7.891457348413284667e-02
7.613561070767545236e-02
7.908281868379057888e-02
8.650861663736092444e-02
9.114552517856407132e-02
8.251112867351759195e-02
9.360610044200554092e-02
9.327635481218016222e-02
8.507675873715149495e-02
9.919207088636597391e-02
8.781362327297767556e-02
7.425382858746053250e-02
8.835977902645068827e-02
9.668874649415624967e-02
8.330201598026491794e-02
9.680389705755113039e-02
9.445073833827932752e-02
8.422675739002560835e-02
7.465997517678979456e-02
9.315180516608180528e-02
7.549543237181868816e-02
8.785591069827064503e-02
7.285343677080524660e-02
9.970175423650007307e-02
9.739644243012655911e-02
7.862625987889222678e-02
9.275013915182019064e-02
8.136780495871875907e-02
6.669524791195996505e-02
9.647591649999898156e-02
9.774278556712649724e-02
8.540824677083115601e-02
8.932508909296209276e-02
8.899432921649684525e-02
9.587676374327244733e-02
9.454783643747027844e-02
9.521210770508338472e-02
9.521585948683575218e-02
6.451072909473969108e-02
7.795652212520444435e-02
7.634831095588466565e-02
9.571378900873286910e-02
8.372627416957265090e-02
7.271276197670371866e-02
9.280394784127503349e-02
6.813526563452507179e-02
7.380198281752949063e-02
8.099487232403249082e-02
8.501166283160273285e-02
7.228408027247762435e-02
7.082141223277656217e-02
9.919031457069216184e-02
9.322318341669497133e-02
9.564676431060302464e-02
9.872965109271444883e-02
8.428616196935963256e-02
8.487453586217315327e-02
9.293235981080716357e-02
7.227929099239073507e-02
7.629831609418408211e-02
8.658708050928144717e-02
8.082667060464976405e-02
6.371221301038312856e-02
7.032530073251996861e-02
9.261742724066326926e-02
8.007875474117082115e-02
9.958015736963787834e-02
8.551259980442456332e-02
8.346220523895818422e-02
9.887138563626295118e-02
9.314630699998302510e-02
7.859364625056068643e-02
8.605948053264604602e-02
8.020646076054922802e-02
9.250227075237772711e-02
8.197203908283998142e-02
9.172736264799480344e-02
9.151190394448192877e-02
9.803187158515840049e-02
8.713393698894199291e-02
9.382346146746231574e-02
8.888315368265549410e-02
8.237702609172221913e-02
9.235892375188763104e-02
9.547846854923283666e-02
8.927246539302879924e-02
7.979674065052255738e-02
7.837507576916491470e-02
8.169716885793519567e-02
9.048000259403353451e-02
9.836554488152826625e-02
8.225955313017861703e-02
7.653123823912343082e-02
8.039094267088313372e-02
9.047181097452813847e-02
9.962478012919220860e-02
7.203459083848250122e-02
6.286969014469377670e-02
9.890398706813889607e-02
7.905554691066425665e-02
8.126190618080988970e-02
8.585203906798410944e-02
9.137913373690734198e-02
9.585980399179283573e-02
9.432677657691956874e-02
8.958531983066551907e-02
8.475354592398157139e-02
7.666757701525067636e-02
9.967916547724993415e-02
8.436059758946769238e-02
8.198207783942583482e-02
9.739920247941954989e-02
5.605108181873834361e-02
9.526772250633297467e-02
8.596756689748132063e-02
8.492342217217567490e-02
9.035003879978585617e-02
9.901481504393527810e-02
7.894205597616121839e-02
6.911883177343505769e-02
6.948279332439417921e-02
7.548761296525324793e-02
7.331011356106685584e-02
6.390515315879410907e-02
6.518025649145878231e-02
9.394244517762215252e-02
9.451465727394295357e-02
8.115462786487853686e-02
9.196758431284401958e-02
9.996543030278617903e-02
7.988184674854523215e-02
9.873809799705877965e-02
9.967036361632393426e-02
8.696901390228695128e-02
9.745544990247895223e-02
9.582744102011900300e-02
9.997812414076383269e-02
7.823319464976082049e-02
8.324510585356253989e-02
8.451852714547705703e-02
7.800081810327476328e-02
8.494652147844498902e-02
6.545162535593390674e-02
8.950551644858448230e-02
8.497182759668876761e-02
9.244258908230630623e-02
7.940290117349711740e-02
7.962639807015789439e-02
9.115228514972618934e-02
6.921929532664798657e-02
7.076979464431486233e-02
9.023621968086445455e-02
9.529687221921999407e-02
9.791232858172044251e-02
9.275539578917503525e-02
8.903271400410839309e-02
7.781125170093945720e-02
8.637126567034067448e-02
9.418576878254641960e-02
8.619809480511873845e-02
8.206352920226198111e-02
7.369323163745700178e-02
8.198857920538425714e-02
7.783285514052828979e-02
9.274971818634698828e-02
8.333107194424416164e-02
9.849825996261434014e-02
9.980206958524036331e-02
8.998405782499170613e-02
9.793416777213094504e-02
9.294883613465923511e-02
7.504052650436071614e-02
8.846398064691525509e-02
8.966165563778825953e-02
5.827490192394280816e-02
8.100539959945179946e-02
7.743062917771398324e-02
7.666499490182107635e-02
8.938506179751248837e-02
7.852683902783326453e-02
8.838026280800898027e-02
8.372395829752551921e-02
9.873777903205055440e-02
9.292835607657198849e-02
8.574997335296927203e-02
6.734168268884863084e-02
8.175597959695822536e-02
7.264154384779065998e-02
8.092593872677276978e-02
7.095519384205047075e-02
8.612768673648775464e-02
9.770977085334281442e-02
9.299378906279165413e-02
7.044511692825256022e-02
9.242226131767884711e-02
8.144834887529636691e-02
9.781952843228389205e-02
9.455931988211235817e-02
9.963480350542393282e-02
9.429949650247751447e-02
9.960630064267547712e-02
9.306271873035855402e-02
9.698511410565541224e-02
9.630593674923505765e-02
9.151226138790591325e-02
9.855780456628832065e-02
7.923779415009946092e-02
9.465095698204070707e-02
6.413454027664344803e-02
8.505706923310855927e-02
9.717494998324235911e-02
9.993497596286522733e-02
9.752854582937127426e-02
7.540076858493990897e-02
7.297112471976535675e-02
9.729760255304624461e-02
9.589183462176739670e-02
7.430702452490531296e-02
8.822188491753604755e-02
9.596668528187211888e-02
6.825287748508940266e-02
8.192808938878551328e-02
7.010453320508848452e-02
8.944915655867831383e-02
8.316477948413489307e-02
8.293408660965652379e-02
6.781026164998055217e-02
8.556541492961979023e-02
7.779501781244389791e-02
7.831304929297794315e-02
9.545996389834664198e-02
8.586027481871892630e-02
6.454073344691341196e-02
8.849567571291248880e-02
6.438582458631905703e-02
8.170769062206241495e-02
9.698246837665673581e-02
9.097499468253247845e-02
9.233801691832604908e-02
9.858001773935369527e-02
9.082356514119639679e-02
7.392621091875813122e-02
9.499010125898876833e-02
8.738941911488531944e-02
8.786365960433474565e-02
8.098408122304638634e-02
9.090979851904713860e-02
9.658378018431154621e-02
6.975796560528760293e-02
8.930061050358427399e-02
8.551967720593578459e-02
8.998474195158154276e-02
8.668535277981188891e-02
7.533526257525370584e-02
8.780729469394621400e-02
9.351743191059680438e-02
7.466008395559978195e-02
8.562737183338987867e-02
9.977375800551868679e-02
8.376140630569502143e-02
9.274519686470424074e-02
9.131430911780939741e-02
8.397750079121266142e-02
9.442085328086211038e-02
9.119504740380282581e-02
7.283374791769710310e-02
7.982838375181545987e-02
9.430150244503654466e-02
8.575423822804464913e-02
9.518916695240607628e-02
9.333372556990977842e-02
8.862316111826049059e-02
8.560209123945149157e-02
8.191989055102261164e-02
9.585477037006338852e-02
6.596954969002695457e-02
7.350754736449770232e-02
7.572398546393917240e-02
9.691112858644007622e-02
8.693419192343787572e-02
7.518635957756955590e-02
9.454498790872034597e-02
7.916086325341477326e-02
8.881954990581274190e-02
9.698316998253386778e-02
8.430807681148137778e-02
8.875734862174353146e-02
6.443359127128597819e-02
9.177160210866996959e-02
8.857213368939663434e-02
8.970582980055812061e-02
8.983007709797805052e-02
7.821811970734131314e-02
7.741808963545933342e-02
7.715295187680323852e-02
8.331877355546281338e-02
6.964322862672604753e-02
7.640185222910347851e-02
9.996662587006813205e-02
8.952586068498850913e-02
7.204166120140342855e-02
7.060675855621047214e-02
9.516887860176709291e-02
8.529514899380702397e-02
8.087106955272997666e-02
6.354037238020772416e-02
7.608388748677345770e-02
8.606055411563598434e-02
7.782235085198077607e-02
9.598747683734612512e-02
7.623581433506475269e-02
9.374851782477959528e-02
6.460877608045448306e-02
9.477972481629204360e-02
8.462909502122305250e-02
7.257010104105972303e-02
8.881971345793913952e-02
7.982610674904876136e-02
8.984162986172934684e-02
8.948255604813139252e-02
9.742954688854672807e-02
6.668784750770716252e-02
8.525305548855233173e-02
9.400797564727464417e-02
8.977710184478362998e-02
9.449396153791742026e-02
9.618754734083820312e-02
7.008614434567897455e-02
9.990864811477215279e-02
7.081154451131128902e-02
9.793876519303756911e-02
9.826897270172937904e-02
9.747539980610230026e-02
8.951210377882791447e-02
9.719097749793285945e-02
8.835052114754148034e-02
7.209392741997082410e-02
9.385125094005797308e-02
8.111137662258957604e-02
7.959931609896522819e-02
8.969860878749201516e-02
9.922405367586023539e-02
8.458859642502718212e-02
7.453404366068923370e-02
7.388091709848795818e-02
5.871427253632308108e-02
6.018819848405772971e-02
9.342522508426409633e-02
8.402410602282085750e-02
7.991078287715194794e-02
9.095743996687336019e-02
7.658284910558593728e-02
9.458112484285763344e-02
8.106764245524233914e-02
9.535118710973072842e-02
7.780833114097655823e-02
8.901048062141120321e-02
8.824209864892451627e-02
8.196417355816461303e-02
7.288053907817233779e-02
9.540017672488040890e-02
7.740252136160187535e-02
8.800259381296010597e-02
8.856890353322828535e-02
9.986179755425589333e-02
8.509324794727204933e-02
9.197474965714855233e-02
9.667860892978696885e-02
8.514979810902174873e-02
9.976305308807215111e-02
7.901332753535325604e-02
8.949955709902851497e-02
9.419825605357913523e-02
9.059310232624845360e-02
9.465302538734154947e-02
8.103567810629790091e-02
8.880208096245349736e-02
9.190692781495000963e-02
8.355799724781069748e-02
7.429819260854221563e-02
8.838240293184553009e-02
9.114870671361186005e-02
9.416271743345243361e-02
8.318314278647985505e-02
8.866777794549610126e-02
9.824799485654606146e-02
9.882692873081655449e-02
7.803988740872778995e-02
9.511456577796655043e-02
8.249345953432633827e-02
9.688899017836435923e-02
9.957067219923235180e-02
8.959379521851279504e-02
7.623260355442595948e-02
8.760127419015131811e-02
9.281332634312618179e-02
8.727540511485952501e-02
8.803170955834054012e-02
9.559854763030407876e-02
9.551552591531430048e-02
8.103186885198206124e-02
9.458507061522425374e-02
6.510646915132624335e-02
7.892140327270778799e-02
8.023947684076326858e-02
9.100248830549055590e-02
8.705768369797484141e-02
7.419614186958282953e-02
9.505424672957936416e-02
7.973020998406998849e-02
8.884814146549978309e-02
9.843499454470221177e-02
7.799958482398983151e-02
9.995138118382827785e-02
8.023575875760749487e-02
6.797458813985936266e-02
9.489705761155614594e-02
9.673154741343041596e-02
8.461266769854608460e-02
8.086847374258097909e-02
8.804372374047882144e-02
9.590064230401551537e-02
8.339215223334153770e-02
8.349906869246828678e-02
9.697179422015383965e-02
8.800967684554626691e-02
8.790562681827401859e-02
7.421112981754555971e-02
9.719666483931514722e-02
7.430588984275911246e-02
9.834224099456356782e-02
9.352594933863822568e-02
8.205296096048823873e-02
8.636659742716808197e-02
8.814285262796653364e-02
7.055108412199161128e-02
9.905806761110688696e-02
9.005722007912519977e-02
9.810564269368232670e-02
6.246788641742576781e-02
8.454131471300073419e-02
8.919417785120235809e-02
7.722414374958333494e-02
9.177996158482142064e-02
9.468067277095458534e-02
7.586503837560758245e-02
8.156966120478996440e-02
7.928014491783492990e-02
9.300609079138394408e-02
9.651693433698764479e-02
9.849201361289498802e-02
9.225343811840008845e-02
9.044671092827961945e-02
7.938504151537718878e-02
8.485316700448464200e-02
9.949519223726407957e-02
8.404001001679689553e-02
6.833105289623513101e-02
8.734260600154435117e-02
8.002663051516073489e-02
6.702802830439187620e-02
9.426338613363131891e-02
8.623989127999903692e-02
7.907053457709019295e-02
7.421002742671224672e-02
9.147987244915982419e-02
7.450171295286490969e-02
8.387162589449927153e-02
9.138266376690351578e-02
