9.640600087335803557e-04
7.132322027559431701e-04
8.073878349944516334e-04
1.261082936811301885e-03
8.789767212838242886e-04
9.055971488539983107e-04
9.484868768322671792e-04
1.111768363224091387e-03
6.943098608721662464e-04
1.050086611148044052e-03
1.132231781768309412e-03
9.442731477318268025e-04
7.706395099672856772e-04
7.452726483990759158e-04
7.242475736216014105e-04
7.455280954414485487e-04
9.277239362144878597e-04
8.466257577185716358e-04
1.081571455881418691e-03
7.493070602667568090e-04
8.410187738220082244e-04
1.009984199021099743e-03
1.437843142027698477e-03
9.302543436640246886e-04
9.070470898590263795e-04
7.074437709740275491e-04
8.833469000438001458e-04
1.144286113761621435e-03
1.404532932932998001e-03
8.299305333671493741e-04
8.881741774885022322e-04
8.909339586855576998e-04
8.558269167664188165e-04
8.115181467622862481e-04
6.897650337849765053e-04
2.443600340544821274e-03
9.511089161942790689e-04
1.038802489671054050e-03
9.504152279737367037e-04
1.098962848203143342e-03
1.099646508282356222e-03
1.048618702275833699e-03
8.160793027487619773e-04
1.002364874427746737e-03
9.315299823184254461e-04
8.374715828691349073e-04
7.199868209531996681e-04
7.321870371521949777e-04
8.296191663492269008e-04
8.545712393446969896e-04
8.754407112699004066e-04
9.812753444464422745e-04
8.133947652966530334e-04
1.171367261669421789e-03
9.014444248595963405e-04
1.040156972694151766e-03
7.698284001290369620e-04
9.542754946101770141e-04
9.806096602084576896e-04
6.901033584687125749e-04
8.747884761145409546e-04
8.327902297655717222e-04
8.266525017377664456e-04
7.934946830111439019e-04
1.476517158781620554e-03
1.275925410026524038e-03
6.992355071946067171e-04
8.191579476288752626e-04
8.538440104292894638e-04
1.613136971558336860e-03
1.209897163025664074e-03
9.148931093106292978e-04
8.408523886701491307e-04
1.678954879585755006e-03
8.902039285532393998e-04
6.773731505679999026e-04
9.350592070640890941e-04
7.868965579955191844e-04
1.122212817979324935e-03
9.376847565507753042e-04
9.482084654581249229e-04
7.400242558717126402e-04
1.381830325263210153e-03
7.656941211265680088e-04
8.421848394187887634e-04
1.120446266865161248e-03
9.442775856672988230e-04
8.576947817401811515e-04
8.625093654821637578e-04
1.044980797916619320e-03
9.395807800491507876e-04
2.172975811330521163e-03
9.815131347559000619e-04
7.332519702948437973e-04
6.997107488966195030e-04
1.350971329227113960e-03
1.361483264981265800e-03
8.112786779088095122e-04
8.443012485311097472e-04
9.994111963973414947e-04
9.628136999232895458e-04
8.753679559462859390e-04
1.042354453128143408e-03
1.074650784621983398e-03
9.826524722465715834e-04
7.777108088137820417e-04
9.039506125761830740e-04
1.226001714003869701e-03
8.851597747792558889e-04
1.132829318180866764e-03
1.408099242520031947e-03
7.957305097914922501e-04
1.189924279124035924e-03
1.182034766210915237e-03
1.109576775788587372e-03
9.111680263492352543e-04
8.294243769901064964e-04
1.350210477481801619e-03
1.018166268022068768e-03
1.668460251956391379e-03
1.186399141440226375e-03
9.609783329757663447e-04
8.072886421450550928e-04
9.634994068540844248e-04
8.856015117260607975e-04
8.965297711219567291e-04
9.470882762229595542e-04
1.285736099701382780e-03
8.203004548026006804e-04
1.223469941714092806e-03
1.099944742806078851e-03
8.392550000733382679e-04
8.934906737638497647e-04
1.092342010511282869e-03
1.013430032010763891e-03
8.622085353118811354e-04
7.966142939995218440e-04
1.222032182775279136e-03
7.950289440775124873e-04
1.485068444399957567e-03
8.425547587253283573e-04
1.146426829158509950e-03
1.260158388795630828e-03
8.025245409869128082e-04
1.270140188432196827e-03
9.955848513060292383e-04
1.147341925475493622e-03
9.373783293977824838e-04
7.607027275396030346e-04
1.905790454285225411e-03
7.016570724998181683e-04
6.972610093675377964e-04
9.613264927341961955e-04
8.083951851355390076e-04
1.051771041326981723e-03
1.075074199111871820e-03
1.152123503463128949e-03
1.156168520989482628e-03
8.957279415952043924e-04
1.381375296561281399e-03
9.201898836061722479e-04
1.229326287030964738e-03
7.942119180404085205e-04
9.698264845717569820e-04
7.908371978813415930e-04
9.376235407671828278e-04
1.105884796870745292e-03
1.351210875673013092e-03
1.560497241802372061e-03
1.408495260505455591e-03
1.002620718495763176e-03
1.141812073635237526e-03
1.189987950683322636e-03
9.444418814467080148e-04
9.240610336883037755e-04
9.387861283748981074e-04
8.204131117702230481e-04
1.268983744527903091e-03
9.174027437714881881e-04
1.036781567724832497e-03
1.028814842010366886e-03
1.128277233071921584e-03
1.110568662859544743e-03
8.592621176524517599e-04
9.285685823518900761e-04
9.768148073986614947e-04
8.465647826446918468e-04
7.894951303563065622e-04
1.034498926827181423e-03
1.428664843640533146e-03
9.027215087321153455e-04
9.120726554407676242e-04
1.583450828461531500e-03
9.654472152345691281e-04
1.065650146112824114e-03
6.936705814746133231e-04
7.989134565160271829e-04
7.572203596484222265e-04
1.143558420526900226e-03
1.050571253993704251e-03
9.590279966962194725e-04
7.716738720275161242e-04
1.422011382742163635e-03
7.079253684634961331e-04
1.228579893482475332e-03
1.032495107382682634e-03
6.957676940180479138e-04
1.056253090457039915e-03
9.934263291488305316e-04
1.351008950292667803e-03
8.780452061771219655e-04
7.254640867588148592e-04
1.127404695671965816e-03
9.118190332831969643e-04
9.663185578543050406e-04
1.212364662256283730e-03
7.190420756754819717e-04
7.200102256491862796e-04
6.974131281302520941e-04
1.298346275218035129e-03
8.704806832829354137e-04
1.069925415057973884e-03
1.015696836893821781e-03
1.157639722574573113e-03
1.400532274314345233e-03
8.630890098994487090e-04
9.618100579802599248e-04
1.350346966280673196e-03
1.222841511486983312e-03
1.234362474464828236e-03
1.065840493278694774e-03
7.533960957652799644e-04
7.413764490918143798e-04
1.256140494605169529e-03
1.168204317475233546e-03
9.079609384958611850e-04
1.193049926428043717e-03
9.531261580018010908e-04
1.173664976148478716e-03
6.918142788274196089e-04
7.318738261620637460e-04
9.897584214635739806e-04
1.080543703280905949e-03
1.027577551665654785e-03
1.284973045672459539e-03
7.918745061128117362e-04
1.152441417096936992e-03
8.420774783510083213e-04
1.036413568056569366e-03
1.536874864025691411e-03
9.570474458785064665e-04
9.889434999939823549e-04
8.391907078088353808e-04
1.014021943059880337e-03
1.108026427951722256e-03
1.223311562795672625e-03
9.149037806632264510e-04
9.040213024755481587e-04
8.262553406582828558e-04
1.098768157099890138e-03
1.520047468091985810e-03
1.386774356990609722e-03
9.736729008975297242e-04
7.424465473842688928e-04
8.552828400916290350e-04
1.579903879078499137e-03
8.039725875892607962e-04
1.589218396873867852e-03
8.808257736555323352e-04
1.089406906160223475e-03
1.144052503428956945e-03
7.844661025574499935e-04
1.257726738106126809e-03
1.419208298099706523e-03
9.284847451899477626e-04
9.037966589646277693e-04
1.361418545526167732e-03
1.337053238158769121e-03
8.621095828976377187e-04
1.020356839472633809e-03
1.071339763194170550e-03
1.375087492649286697e-03
1.141900221652514215e-03
9.407807730242781627e-04
1.016536299284586655e-03
8.733386142304137975e-04
7.290020056350901296e-04
1.103108347382686198e-03
9.098943910258690867e-04
7.776128536238724421e-04
7.920239145647910758e-04
1.402516220733740450e-03
1.897703720443338600e-03
8.539429466240239632e-04
7.634787402198227714e-04
8.270786517144763017e-04
1.182598397616399640e-03
1.358311021751248873e-03
1.029624975536432918e-03
9.632776186256435634e-04
7.475906755041305130e-04
9.054009282635814507e-04
7.920701489641166198e-04
8.541663686506038118e-04
1.011070648090434815e-03
7.734231547096802589e-04
7.172219577801043416e-04
7.565294820388151478e-04
1.127140688651727656e-03
9.422574911169778701e-04
1.024669828872667087e-03
7.986421714003780637e-04
8.911996414061010459e-04
1.272158701133828743e-03
1.888950040787193418e-03
1.068880653171289975e-03
9.740189323259411652e-04
1.184111010265474512e-03
8.423229066093102521e-04
8.469004193706442625e-04
9.854612463760683942e-04
1.001147003179791040e-03
1.153968718509723297e-03
8.712169882790431977e-04
1.001683175030816837e-03
9.408267620564281274e-04
8.579701456511931463e-04
8.025576338659790943e-04
1.052385632457425056e-03
8.970806756331687389e-04
1.071459989484931574e-03
9.135369341291096250e-04
1.363725985684583093e-03
9.255568019262713862e-04
1.225399601510768557e-03
8.081299085342268963e-04
1.650367641657060191e-03
1.039644821993734305e-03
1.073496301919237613e-03
1.261073084591939281e-03
9.946954133758852557e-04
1.018509638615781475e-03
6.635982845813610245e-04
1.312469379304098682e-03
1.041874204916806539e-03
9.474894885480600066e-04
1.365462060307182654e-03
6.604559189635680070e-04
1.488736932726022772e-03
9.056814161238238526e-04
9.416552177945726422e-04
1.237320842261545317e-03
9.011076201035965677e-04
1.326000401981654699e-03
7.668120126248695366e-04
1.169943593013825439e-03
7.936584194416648145e-04
9.412631123038624073e-04
7.676568173680408964e-04
7.330040590461694202e-04
9.096027190750094124e-04
1.223826312018793305e-03
7.040784691179937087e-04
1.043792859589912471e-03
8.897179427293133887e-04
8.563660433303850765e-04
1.270371021237676722e-03
1.017882325148986196e-03
1.221704838487729225e-03
9.697654049430203416e-04
8.104924301828377075e-04
9.315518104630068994e-04
8.360870235287152239e-04
1.976843367727050462e-03
1.160864996585701499e-03
8.876416369540192537e-04
7.846077461108192774e-04
9.224395881747904976e-04
8.213076477295178784e-04
7.976847186411055012e-04
8.049536674431641758e-04
8.660508768828081632e-04
8.823568037303364557e-04
8.748470720658615193e-04
7.855179417328732230e-04
8.624389471097200629e-04
8.622700765785991980e-04
9.799675050825953134e-04
1.014314389651574128e-03
9.126962787243340361e-04
8.584490488699356115e-04
1.053681595526293098e-03
9.826195686580053469e-04
1.084346290888237247e-03
1.046488805918516533e-03
9.314735986190183321e-04
1.050834784771161956e-03
6.845461349066321588e-04
8.169893157093763465e-04
7.447383686959841136e-04
6.934662736162235412e-04
1.692848011385698426e-03
8.149669085503528747e-04
1.021300793005198342e-03
1.201281061382245430e-03
7.859585201904368537e-04
1.101002482309827073e-03
7.064933747772940377e-04
8.657190940590903062e-04
1.085371062156354838e-03
7.158679265194134054e-04
9.405435480974273180e-04
8.117622719568148675e-04
8.486043049801260960e-04
1.461054739636140788e-03
9.384038558303262924e-04
9.677393769176302575e-04
2.705925894926466350e-03
7.739044159953479326e-04
1.016193721403891139e-03
7.558747321655785115e-04
9.336605673826685195e-04
7.596405137436989608e-04
7.268506825717628052e-04
7.848502773202016558e-04
7.615683315564485394e-04
9.644646421461944546e-04
1.172176828977871841e-03
1.165651335390912495e-03
8.999595106965402672e-04
8.964499939799695219e-04
8.181141215600814393e-04
7.632742624283748046e-04
9.830746649530451142e-04
8.752813394578305489e-04
8.124011246292131214e-04
7.282707960729218211e-04
1.412272647523414018e-03
9.063621500655278957e-04
1.260196233948755002e-03
7.545160640157227332e-04
1.194802777318321055e-03
1.221894255618126554e-03
8.945221440138441697e-04
1.131356043126010603e-03
1.187717960972285497e-03
1.254452753924558935e-03
8.883632249146214107e-04
1.757306454386532235e-03
1.592361281240002461e-03
9.568404737118973253e-04
9.605525763708359747e-04
7.224805495555477238e-04
7.415931224650487621e-04
2.477144622652792307e-03
7.797716186012648969e-04
1.002231191953644514e-03
7.368560863263205838e-04
8.765675130538871061e-04
9.263471775021682366e-04
1.046354188904140368e-03
9.193906800651778554e-04
8.618193202681372024e-04
8.166330113080103948e-04
8.104689973623168189e-04
9.317731171205550058e-04
7.609010361004451412e-04
9.637946058871308536e-04
1.537860493384280531e-03
1.016892792224454584e-03
7.163425937016500373e-04
1.051569525189433854e-03
1.896517054324680946e-03
9.415387368581379932e-04
8.696826421050879441e-04
1.044773025057851553e-03
7.431226780173829380e-04
9.076717285031327955e-04
8.098857666668456655e-04
8.532252761309804846e-04
1.169234706931680844e-03
1.044483522087879136e-03
1.342603185027558101e-03
1.188885033046664782e-03
6.798301103986347611e-04
1.203733325873106077e-03
1.058208158462488509e-03
1.015687851331852163e-03
9.438285346745242362e-04
1.089802996968697443e-03
1.110902256214624587e-03
9.882169505237069305e-04
1.542426511904009369e-03
1.047951648424110069e-03
1.618371228369662332e-03
7.989974112679700587e-04
7.369879645801252288e-04
1.542320531637111523e-03
9.082970734532608021e-04
8.910313328617964221e-04
8.072811235559806302e-04
9.463740776510335415e-04
1.532446230673940694e-03
8.461131520084370959e-04
7.721044658964460079e-04
1.675673943055604447e-03
9.966763518228435870e-04
9.114804117121656562e-04
9.624801325142389894e-04
1.117078023635569278e-03
6.886394596231892309e-04
7.639943275258777745e-04
7.476811925352722706e-04
6.710192981523077681e-04
7.834548146879359793e-04
1.043738514160040716e-03
9.062198035069727545e-04
7.636448123834518051e-04
8.347883531348897559e-04
7.123090297293294040e-04
1.222307062918180165e-03
1.444274333900652518e-03
1.618534840210143246e-03
1.344326906971284171e-03
1.028817289067516030e-03
1.215152342837509192e-03
9.909697551501416013e-04
8.272423835622954831e-04
9.579347768376245218e-04
7.656494632019396687e-04
8.334678332049261229e-04
7.368064612337999657e-04
6.979229282977277666e-04
1.111308866924132395e-03
6.866058248167682338e-04
1.106473460779300961e-03
7.296837696653227538e-04
1.270671297997872382e-03
1.051589311424323088e-03
8.218283491723004817e-04
8.123157223813928535e-04
7.866778208234537521e-04
1.078981055475390898e-03
9.236296070574720289e-04
8.941312649356758773e-04
1.118418651739637015e-03
7.654681645304981094e-04
6.739453671190364639e-04
1.248778466689732733e-03
8.937271200685481792e-04
8.086690927182448984e-04
1.119691598878564493e-03
9.335569526979134967e-04
9.792496484585363949e-04
1.332353834788271591e-03
1.323686542871432403e-03
1.048776765608363561e-03
1.228025929905641848e-03
1.090859350421713361e-03
7.830875495313491556e-04
7.204001446456503302e-04
7.495483261088616489e-04
1.070031205075058214e-03
1.280365550983600213e-03
9.343122580132284805e-04
7.354295669261451439e-04
9.894693691973306757e-04
1.184451661947834647e-03
1.634171551424568785e-03
1.174507240345800535e-03
8.325862655192501011e-04
1.392439690062683951e-03
9.784989314350520887e-04
9.407948613817919631e-04
8.117588849742818878e-04
1.084377837990779933e-03
8.465071313170163207e-04
7.669120908119584495e-04
9.946057667778829096e-04
9.999154017621982547e-04
8.002368265379657423e-04
7.401206120873474225e-04
1.178092534039373428e-03
7.679115520180594375e-04
1.359853826380652553e-03
1.019584794946906724e-03
8.518047167087350628e-04
9.312854161448923208e-04
1.179929168649340937e-03
8.219593018726192770e-04
1.223085348034122413e-03
1.735900626466141405e-03
7.733878433318041841e-04
7.736724400579383194e-04
1.406783800145411075e-03
1.108136235098619192e-03
1.059352480711567507e-03
7.644546919192898990e-04
8.163380685391284771e-04
7.107580742735129320e-04
9.245040159202713237e-04
2.270102440861644037e-03
1.732367805941281225e-03
7.302806779576707236e-04
9.990682698431264507e-04
8.466175185073391988e-04
8.850338637201117303e-04
9.289135803986686485e-04
9.696751407458788479e-04
1.037839997267309133e-03
1.074062506614639539e-03
8.844683224942407468e-04
1.159780020914809827e-03
1.300852107911644375e-03
1.132637499171281056e-03
7.672580341596473789e-04
8.253335345473531391e-04
9.079163168822126755e-04
8.105210093734951720e-04
1.165949011222742679e-03
7.599870585647189921e-04
1.018902420793344745e-03
8.391562727426484262e-04
8.412217368615282440e-04
9.452783043143232235e-04
9.860168802149056697e-04
1.197750581369889976e-03
7.004338491322501708e-04
7.374267615239670512e-04
9.600172462703825257e-04
1.038166742148851794e-03
9.159505206058779709e-04
7.046903334906205393e-04
8.789765056954544327e-04
8.923596622133736674e-04
1.262813130262022956e-03
9.788201021870650536e-04
1.095574071715889938e-03
8.572669150164330398e-04
8.282961571608479876e-04
9.000958365261562408e-04
1.118290076515990458e-03
1.486491277745358988e-03
7.047685709575701079e-04
7.887231289238900815e-04
1.287985968836563447e-03
9.768977384371699269e-04
9.703005963948578734e-04
1.105696330343111785e-03
1.127537848064415205e-03
9.358129258355522709e-04
7.770767122198353255e-04
1.024392632825338193e-03
8.888333989065879976e-04
1.224763466092051263e-03
1.084457173760741515e-03
1.120994131157084482e-03
1.106809469456525134e-03
9.940388454912829283e-04
1.348321889138321978e-03
1.138574274257798166e-03
1.041659001685954879e-03
9.621926401822243494e-04
8.972622880104022189e-04
8.473259033317556525e-04
1.203482601101842206e-03
7.626023014751589927e-04
1.071024623802893519e-03
9.085204350616590168e-04
1.220725546762542121e-03
9.593242793787526684e-04
1.231057703822583792e-03
1.758023321080581011e-03
9.427621288045132629e-04
1.457738423329943455e-03
8.666232516793210064e-04
1.210132956797925442e-03
8.503959920914557456e-04
1.391914064929270899e-03
9.050201632188111661e-04
7.230000506974728139e-04
1.808804300580812204e-03
7.041112079238691975e-04
1.114861466273892520e-03
1.069845707560483552e-03
1.144897607211755458e-03
8.700519237181786021e-04
6.973642718901932073e-04
1.100369054371856756e-03
1.026705916000624245e-03
6.685487686181816169e-04
9.020138607955586509e-04
1.264861824766100405e-03
1.779481960910313416e-03
7.870534389395703609e-04
8.204310739189480490e-04
1.227786056753876797e-03
1.244146238640169268e-03
1.361209022644061049e-03
9.330967424073967472e-04
8.908432012468558720e-04
9.293909003777246249e-04
7.510461173130339669e-04
7.896509478249869301e-04
8.518589482141629378e-04
1.063521836729196561e-03
7.961390697807552456e-04
8.629977547842419480e-04
1.246276078101317452e-03
8.380928602755960107e-04
1.183897275114098114e-03
8.353938307848862276e-04
7.551074513653267123e-04
7.743110384310229787e-04
8.857665812409255780e-04
9.726932172278606511e-04
8.531569184103708538e-04
9.162634776730013654e-04
1.040191886595294348e-03
1.302751510999598534e-03
7.363922172858837229e-04
1.098748797785300581e-03
8.742944052067413855e-04
1.115292723623042062e-03
8.350624644423428966e-04
9.336079889846207952e-04
1.033165693503275374e-03
1.272503064019437670e-03
9.004298130754585317e-04
1.143502739775609060e-03
1.056458586188906579e-03
8.265549158338165135e-04
1.431496772540567525e-03
9.643796060018230672e-04
1.142539871575768730e-03
9.217324105112386940e-04
1.021756998664982491e-03
1.128603359188354999e-03
9.137664575593248397e-04
8.256228294745989555e-04
7.439515897009447249e-04
8.235422339004932904e-04
7.748965749438003212e-04
7.327781917555881977e-04
9.653275119367053575e-04
1.050639031740896283e-03
1.322611410532573226e-03
1.008712774836032725e-03
7.403721864118256377e-04
1.182433613268924887e-03
9.193515964756139103e-04
1.013619128395606538e-03
1.086911403278847249e-03
1.036006113841248183e-03
7.117610158020894456e-04
1.179322635488069511e-03
1.527003023307187644e-03
8.028492350336216988e-04
1.059845885910475636e-03
8.126816883333111332e-04
7.926707761091581535e-04
9.529304752867946747e-04
9.032210781304483502e-04
9.704466297341470156e-04
7.421913752940979998e-04
9.331657560960879890e-04
1.429317625352405970e-03
1.064204688278546371e-03
8.746480117480719216e-04
1.029212145441761334e-03
9.275685358169899865e-04
9.844326648483284464e-04
1.345746033982744448e-03
1.465145639990740904e-03
1.214943476532197178e-03
8.149935812697620000e-04
1.110733529072187786e-03
1.177368047214416872e-03
1.353682441125144157e-03
1.524072124350312829e-03
9.562390674870363625e-04
1.124930148645789368e-03
1.030272472414158619e-03
8.094911436931536948e-04
8.257147395884141278e-04
8.343671528730026979e-04
9.012124594095123620e-04
8.283489750330537719e-04
9.838727649372598031e-04
8.221107732088411661e-04
8.951660816881995813e-04
8.115245903245031384e-04
1.075807217071951365e-03
8.950739877186798766e-04
9.745617084600855006e-04
1.293693614198009132e-03
8.559297047421856805e-04
8.390569784543963064e-04
1.000775005444155949e-03
1.012292806822808790e-03
7.365131978065784634e-04
1.092596524766407126e-03
1.012813457356979974e-03
8.052982589841016069e-04
8.248735061934890905e-04
9.682843706637800796e-04
1.410634233458785093e-03
8.978840364571389005e-04
9.057393769556253745e-04
8.771740207277280068e-04
1.012797044763239949e-03
8.704609791152544606e-04
1.244472337984907579e-03
8.597641420476847618e-04
7.268060128808882846e-04
1.057773058420667092e-03
7.305925435053541809e-04
9.180757672613947939e-04
1.022890374842350125e-03
8.459952410466458532e-04
1.134793118128241823e-03
8.016446015916859832e-04
1.122391976294668300e-03
9.537645951484680085e-04
1.043227663776467255e-03
9.747433315572833932e-04
8.069898724815466806e-04
6.949943426923762060e-04
1.014302454964222024e-03
1.074729631409289832e-03
7.639977183163662242e-04
9.621831191209069588e-04
8.989965966673783707e-04
7.777283773580535419e-04
1.118593182373758647e-03
1.012985158871801449e-03
8.578134470265256269e-04
7.968526294134845684e-04
1.421913945028059189e-03
7.821054415126706691e-04
9.042708421071097256e-04
7.758412164862739900e-04
1.525552772901736867e-03
1.304424775825647424e-03
8.408813251458899501e-04
8.484665590640782119e-04
9.229305375204602995e-04
8.650913998639229129e-04
1.143043446605314633e-03
7.528311468033347092e-04
9.799711096329527266e-04
9.813284666649229118e-04
9.860243743576200485e-04
9.042265073073897262e-04
8.265319758538923001e-04
8.599837167712786517e-04
8.955679210695615495e-04
6.731275355573159780e-04
1.774547175157050556e-03
9.466516388719773073e-04
9.299957415172943739e-04
1.126073701744510162e-03
1.049059629397346496e-03
1.011119115186770055e-03
9.513052745316260021e-04
7.819500429572562479e-04
9.827276458269289076e-04
8.907699691773417021e-04
7.347672383627823055e-04
9.178937912312211964e-04
7.533606099463193741e-04
1.216140179381042241e-03
1.282056381148883673e-03
6.625988878888524215e-04
1.048663238925386446e-03
9.009889832578009449e-04
1.007764630257925245e-03
8.840151629518642811e-04
7.415906093182350611e-04
8.546205122739083514e-04
8.071392256808058692e-04
7.942883657061115344e-04
8.887994457406898138e-04
1.008365397532015552e-03
9.296052079558952486e-04
9.183670570161574318e-04
6.704476541184838925e-04
9.970521419416966853e-04
6.904239486653320672e-04
1.157412468647017485e-03
1.013320612579261685e-03
7.193428109741659528e-04
1.292513657237702972e-03
7.292457905901871765e-04
7.394980665201454032e-04
8.177674402877607371e-04
1.004277214447524659e-03
1.018451362162165787e-03
9.563008961108333122e-04
7.976314878423276583e-04
1.549426214319089183e-03
6.992718242109110085e-04
8.133100768117064406e-04
6.892505582711846816e-04
9.940672398443491965e-04
1.129689154024595289e-03
9.143134885565418332e-04
9.310367158190042177e-04
8.958016466091033893e-04
1.313030249386857272e-03
8.310706206380560814e-04
8.419344339402330506e-04
1.093682163406655512e-03
7.775830905035818275e-04
1.065737391697397368e-03
1.128746150390809748e-03
1.443018053662180724e-03
8.248590235611706449e-04
1.415789941782138800e-03
9.100055525886193656e-04
1.194784234363655386e-03
7.999232681407065972e-04
9.518358482238641364e-04
1.160111756953239801e-03
9.129771967629059194e-04
1.314800596703095655e-03
7.907541125716702592e-04
8.812686404369891868e-04
1.184310698365551419e-03
8.667425996089900535e-04
8.439929695292614593e-04
9.391607751193690535e-04
1.017008223874310384e-03
1.154503274181736643e-03
9.818230678301047547e-04
7.912575154511029872e-04
1.504005003460030104e-03
7.795026703721260339e-04
1.181285042542757529e-03
8.749217736032527133e-04
1.129473701258091288e-03
1.122757499514996692e-03
9.279645296639953697e-04
8.487353388910282882e-04
7.876734523002552110e-04
1.144885344691949029e-03
8.800026447940465608e-04
8.806240625035805349e-04
9.248010597348166459e-04
1.151664030421821038e-03
8.236530406527064986e-04
1.011848674260302627e-03
8.258776544075725453e-04
7.189868664154220636e-04
7.450600346642759783e-04
8.502025737214407870e-04
7.354411589615303347e-04
7.077743559694666753e-04
7.924422696829611567e-04
1.157064250996367753e-03
8.064320102689824347e-04
9.859367386575502469e-04
1.062731954208535022e-03
8.478911618277491487e-04
1.188739327101107123e-03
9.827934594098428848e-04
1.107518644569180193e-03
9.590987330009819855e-04
8.628859001972811679e-04
7.650968175039881639e-04
1.130820691434662826e-03
7.766959776801104706e-04
7.651253380009234370e-04
1.024566228318649769e-03
1.004045175328357369e-03
9.580802542178298810e-04
7.272098676062212783e-04
1.173831475245234405e-03
7.117309479478691175e-04
1.119660134027286201e-03
1.344600489659404869e-03
7.942521171545110928e-04
9.401505841203879662e-04
1.495698342441550760e-03
9.616144581831207426e-04
9.832780002991421946e-04
1.163627197999217043e-03
1.018247091699909287e-03
8.472947671742018334e-04
1.170481771567256609e-03
1.001131059664044044e-03
9.758829800037138865e-04
7.499223996448950652e-04
9.103304634722884274e-04
1.144710233425002806e-03
7.149261261291070015e-04
1.447114844030854101e-03
1.164581414967134259e-03
8.449139574732119143e-04
8.236609062421937398e-04
