7.433648612784140870e-04
9.531258745452297248e-04
7.595688420423144177e-04
9.274447724710322685e-04
8.090483744969826155e-04
6.732507996161582464e-04
7.213782204704043610e-04
9.283852143845135012e-04
7.965672146715787770e-04
1.025248874746305210e-03
8.090958813348100550e-04
7.518393786194103694e-04
7.268062375277835547e-04
9.291911465948805501e-04
1.254812972651207304e-03
8.247596751645725746e-04
9.158760347371011461e-04
1.009429350469343055e-03
1.892872619644925735e-03
2.006535756398943743e-03
7.227772761919490536e-04
9.496461729016705822e-04
9.267060642110306039e-04
6.696360265933927816e-04
9.214519078281777553e-04
1.328460560021933398e-03
8.898297623067559893e-04
1.276036540758978535e-03
7.011602945552658549e-04
9.889663428644345205e-04
9.322391023531997716e-04
9.300594395069692374e-04
6.905381061676732664e-04
8.452126543037503112e-04
1.026776310833509617e-03
1.141438978718445525e-03
8.844946937537723035e-04
1.287339619217448342e-03
9.319489812350262173e-04
8.281781461769706452e-04
8.813385621328121517e-04
8.268329673015965700e-04
9.141757017216874115e-04
1.118395563634976692e-03
9.274617403767430705e-04
1.161856890621895634e-03
1.044317365209732583e-03
9.109851245811223346e-04
1.354491832116741816e-03
7.118661299646122237e-04
1.086986652060659879e-03
1.477187503692283877e-03
9.618722121725607798e-04
8.816326087423204724e-04
8.544973355032518770e-04
1.135386473369020795e-03
1.045045764347328574e-03
8.308001986288248960e-04
1.166682806136987507e-03
1.128407221244724472e-03
8.045595219907624015e-04
9.713007327628965038e-04
8.761891052698903351e-04
9.876431600282333575e-04
1.361136072149817574e-03
8.866945254423316174e-04
1.258873853915236461e-03
9.176211628406062085e-04
1.164690069324476190e-03
1.667221794855567197e-03
8.007138345364140297e-04
8.134079749842774900e-04
9.212170116699723880e-04
7.866242114739955237e-04
1.171325331931571392e-03
1.068030479257700994e-03
7.167351782136641234e-04
9.728938995870233192e-04
6.707845815622096378e-04
7.749198984308736408e-04
1.099318091642968124e-03
1.693382132114996897e-03
1.002785053320220162e-03
9.719340764312667334e-04
1.269430229927696234e-03
1.330769428129362783e-03
1.191851236110527462e-03
9.967561104892272601e-04
7.577441138473835344e-04
9.344464306465831904e-04
7.693215716426136724e-04
7.269212798679950457e-04
7.613631489272953360e-04
9.427393768684205321e-04
7.054399534075612120e-04
1.409165691275795053e-03
8.948125813109045071e-04
8.939888156885662449e-04
8.538539244505343644e-04
1.187049870242254911e-03
1.075963082418649906e-03
1.872012000270284601e-03
7.315619038531013434e-04
1.355194749901522493e-03
7.562993646654706621e-04
9.546356755108590655e-04
9.967136830876372183e-04
9.703267243036575035e-04
1.082167022034613265e-03
1.254330632581009174e-03
1.445821589421056579e-03
1.226232106599380641e-03
8.280455367405538218e-04
8.235813074654683291e-04
1.002628041888259337e-03
6.698569977982819649e-04
1.141848088322965690e-03
1.498907605543578015e-03
9.672660039986118174e-04
7.174693079307774323e-04
9.143049499282154130e-04
8.553433312298876472e-04
9.432089589776975576e-04
7.909585169550430346e-04
9.430187332709901544e-04
6.807150081882143520e-04
1.170521393342052610e-03
9.095394029744275971e-04
1.089538427850625510e-03
1.237042582438434117e-03
1.005865125728866005e-03
9.742176986422379070e-04
8.216195979064401739e-04
1.543207376356089087e-03
8.849804038692394301e-04
8.201196776830176798e-04
1.242176827599852798e-03
6.563362889713922647e-04
7.209434988507411367e-04
8.528683842876439228e-04
8.465491013767416795e-04
1.379348524142691348e-03
6.974878844136121140e-04
1.218599400621878451e-03
1.500736688643110111e-03
8.491596589595253389e-04
1.407120988439832573e-03
1.220320470873324705e-03
9.072425858911000113e-04
9.345808532504069205e-04
1.182659265928279798e-03
7.790852471133857425e-04
1.014313352822679469e-03
7.143886715358706849e-04
6.925239787529618258e-04
1.454741574122972100e-03
9.977585198293599609e-04
9.140588187373176708e-04
9.761272139241761441e-04
7.051455235680053691e-04
8.712541941081502518e-04
7.927371815481887643e-04
1.215860722284348898e-03
8.633770320166947671e-04
7.835467274066023821e-04
7.794814497108296103e-04
7.031976641610930079e-04
1.734344179315550115e-03
1.034309712644495899e-03
7.306586826732118208e-04
1.125401092296198944e-03
8.821589438000419911e-04
8.764782891970214528e-04
8.201848475207182713e-04
8.507069780529703286e-04
6.883133415273672267e-04
1.005547201685386355e-03
9.254573158211937137e-04
7.380570718601556007e-04
1.021593763418275971e-03
9.657924610752653552e-04
9.498006246148332646e-04
9.242584749765987012e-04
7.780192976664387179e-04
7.365546229872808447e-04
1.000948349239155809e-03
8.155246066754797980e-04
1.028729288196245008e-03
1.370753450966217223e-03
9.683928658886873514e-04
1.397933694647061735e-03
2.445695479313647266e-03
7.191976485662613305e-04
1.096663182150558417e-03
8.060663043463738714e-04
1.043424329694342617e-03
1.677828071677076732e-03
7.440507268371168671e-04
2.216235901907405523e-03
7.987759727254275990e-04
9.086102299597126385e-04
1.016084004600714989e-03
8.066152949046148353e-04
1.456843123399838725e-03
1.100723036300762158e-03
9.425244196285200056e-04
1.686695548666126629e-03
7.442991878354001441e-04
1.508061950203296898e-03
1.290026265347804383e-03
1.101445604535265538e-03
8.150078927834158516e-04
1.181807394507414146e-03
9.353478655963804898e-04
7.486194091475290718e-04
9.732662773887791304e-04
7.904274213628063135e-04
8.421899842210473506e-04
8.726025048822193568e-04
1.247399486707403060e-03
9.738242934285803488e-04
1.074522176751677160e-03
9.513192374631511969e-04
7.962969638120314265e-04
8.221257652704411396e-04
8.219008162163109850e-04
8.796926754518884922e-04
1.142641412849441278e-03
9.178312033342055131e-04
8.495174441837209916e-04
1.003554922955099968e-03
7.491933266635506959e-04
8.158381767112727213e-04
9.577719887497656041e-04
7.868843280151949313e-04
1.207181552457199008e-03
9.310444177332197722e-04
1.139436844991835798e-03
9.228501889246951313e-04
7.966695580749682485e-04
7.314013149902378989e-04
1.139698392404402778e-03
1.482806011963432122e-03
1.141771170494364695e-03
7.349055179956114634e-04
1.461294538546197572e-03
1.672040332079505458e-03
6.521937682307088870e-04
1.018104896207322040e-03
1.213405106008684986e-03
1.138979971981628030e-03
8.620698652161412753e-04
9.633138327831753571e-04
7.872889989607421719e-04
1.331751057918098427e-03
6.606309480246764978e-04
8.617946125255287072e-04
1.044175037133582068e-03
1.316713868409613054e-03
8.809593935292096053e-04
1.157031159060281644e-03
7.106234844045565763e-04
6.698010116265068654e-04
6.873051778487011864e-04
7.727779953714325120e-04
7.712350361754825292e-04
9.591408481831307543e-04
9.218616857111618448e-04
1.137431144498062983e-03
7.525969554781998310e-04
8.287509617167539274e-04
7.049996023528355693e-04
9.367106795346394907e-04
8.509783369067336952e-04
1.045809195731077805e-03
1.036075377636543580e-03
1.238218780256560665e-03
1.464346179049467794e-03
6.659571901305175656e-04
7.826462855216704487e-04
9.499601997543340778e-04
8.193343817409366172e-04
6.799454749195447132e-04
8.059344599209811947e-04
7.451983076540147615e-04
8.680805790208764080e-04
6.826897750745890324e-04
9.183470938122303582e-04
1.633560059051843540e-03
8.354166449568875509e-04
9.130228827484349920e-04
7.964523376942753315e-04
1.194562178969466775e-03
1.059606567704981378e-03
7.531440201849570835e-04
1.549880445719008801e-03
1.233927758426367829e-03
8.125194177831146806e-04
1.476577002891896109e-03
9.765905894525167986e-04
1.490342379640717052e-03
8.142703699281020075e-04
1.214318462424582822e-03
1.317683455494179316e-03
1.537050157492553379e-03
9.131539930146696142e-04
7.781863795431290688e-04
6.799379821029653912e-04
8.909456247513839562e-04
8.349807590896806851e-04
1.227537729996660892e-03
1.045151832784714041e-03
7.255761023166303406e-04
8.573085223967170151e-04
9.263150815122617133e-04
9.018071066611708020e-04
9.765625793080679254e-04
9.262471211568969577e-04
9.881655306999577709e-04
1.389465979355624476e-03
7.532715394874713163e-04
1.298699670925495013e-03
1.530959799610879385e-03
8.046425919210509637e-04
9.377791754273496431e-04
7.307841265564757501e-04
1.073987522707809316e-03
1.477074434452674886e-03
1.086764056857876526e-03
9.729444161476069348e-04
7.273122158570661947e-04
1.085677432453278435e-03
9.139130718162094763e-04
1.107758856806385092e-03
8.699072286073746257e-04
1.045437304695531365e-03
1.059521022975329222e-03
1.050780202580375291e-03
7.270554273909709186e-04
8.900086933033640128e-04
8.511447615874199405e-04
1.144086502308537534e-03
9.545635885030377124e-04
7.607363399258715514e-04
8.929085218843706628e-04
8.373953908331596739e-04
9.299389003868364315e-04
8.471468771542256743e-04
9.657792659587012942e-04
9.062099009443926002e-04
1.112927334536100311e-03
8.205188852222230047e-04
6.614778482452686719e-04
1.505732886708967396e-03
1.590082477763462947e-03
7.686858911234391084e-04
1.025396570514971887e-03
8.947134290141370381e-04
1.167316263797743255e-03
2.044629353096990079e-03
7.142058244663058650e-04
1.038637963340305987e-03
2.372910921401987470e-03
8.616402472959136701e-04
9.487699816213516091e-04
1.294676522463863218e-03
8.236405551617559167e-04
7.997332763735754552e-04
1.232428903974814747e-03
7.527603714914669246e-04
1.469693238577240860e-03
8.926364824228322963e-04
8.146959361014641850e-04
1.240057604273359570e-03
8.647322504622670294e-04
7.818591990855275602e-04
8.658977866729273415e-04
9.869828715817648406e-04
6.952178304499473426e-04
1.179351541677709989e-03
8.931330182577451983e-04
1.336911876057883444e-03
8.652366750704743687e-04
1.287300253485749654e-03
6.760378297051194887e-04
1.107489871704216968e-03
1.020653572983506400e-03
8.343880460514011173e-04
9.418653915929016147e-04
1.309204562741239685e-03
9.180396749283772353e-04
1.193520525687335456e-03
1.032550220234599138e-03
8.216808272469623177e-04
1.116972019779626868e-03
9.106885347073219233e-04
1.104141031012722011e-03
9.691128843423808467e-04
7.676280085398022373e-04
7.295167366183444866e-04
1.924607209673264482e-03
1.162104565155114722e-03
1.470227550171245533e-03
9.521872445572070144e-04
1.323392415324266573e-03
1.029481804346948047e-03
7.750966874200995423e-04
1.199649302867726022e-03
8.830542598395931799e-04
9.872698681827726721e-04
6.780411002301786443e-04
1.046655508255547743e-03
8.122185258767060812e-04
7.888835241374065341e-04
9.199677349818058273e-04
1.003075903331236609e-03
7.942246427621388197e-04
7.892188352158713499e-04
7.826403503325396992e-04
7.170951469637950335e-04
7.708222291271372940e-04
1.049687586208435412e-03
9.172049847339895775e-04
9.412108022654187530e-04
8.503468626455708409e-04
9.880809157916002269e-04
6.432584584517568767e-04
9.678365394256830713e-04
1.064918113722904125e-03
6.852617500581745843e-04
1.014611505076697378e-03
8.905110729833023162e-04
7.000059893831656358e-04
9.107463560349927587e-04
8.723752914189256613e-04
9.364615261672835488e-04
1.284631653313205238e-03
1.600031982991890816e-03
7.185605362847365942e-04
1.482344268795269052e-03
1.035609867150322303e-03
1.379943924111605392e-03
8.456580717678157571e-04
9.384436804691380276e-04
1.101001668067923354e-03
9.760492896724934494e-04
8.033598063169712167e-04
1.800200032937861270e-03
1.108439046895948188e-03
8.256654547659283147e-04
8.097006346695338362e-04
1.231500540949470503e-03
1.049824405194938349e-03
9.558324740133461450e-04
8.800004907487338907e-04
7.923446370591528823e-04
9.613287589428500890e-04
6.754900398874807413e-04
9.444701183431492876e-04
9.934773707057232683e-04
8.055813107052788719e-04
8.171420613178360937e-04
7.847936723199297557e-04
1.167141146689305679e-03
1.024198455798667291e-03
1.008723624424629189e-03
9.633778367060926101e-04
1.489720370499296107e-03
7.672126290559752506e-04
7.755248634222065450e-04
7.750566314870261774e-04
8.763238208095988158e-04
9.740559884120750982e-04
9.516059292298190749e-04
7.090914295867396799e-04
7.279677193590501291e-04
8.072323925425009582e-04
9.020446682634264326e-04
9.375124977019130400e-04
8.966010675832348153e-04
8.552208020772557014e-04
9.062382546043008238e-04
9.897973491446966036e-04
7.148800748460491577e-04
8.308019476097127471e-04
1.013093346930712089e-03
8.804055909788724042e-04
8.693607161596998050e-04
1.862786819347658036e-03
6.940922921777972505e-04
1.038684010406049508e-03
7.033344721593857117e-04
1.405082978346649343e-03
9.247049010283963592e-04
8.006018367548836581e-04
7.512557454848968388e-04
8.254328444276481068e-04
9.557765051375245605e-04
8.035912828668671749e-04
8.088594740259234285e-04
7.165569894535067869e-04
1.251068213834428608e-03
9.147333087315117489e-04
9.071207594500373377e-04
8.032173964956316331e-04
1.198845743995518871e-03
6.495263935768372330e-04
1.714596377993264165e-03
9.979699024371721083e-04
7.845328297378710786e-04
1.035994671217314736e-03
8.062827693458139060e-04
1.727409866153221908e-03
1.201575974111568617e-03
6.486660846956220430e-04
8.407205339888768666e-04
1.291238604027871231e-03
9.459480682690710098e-04
1.038443890664995321e-03
8.266688755308113914e-04
9.978656939916492104e-04
1.009940195649971454e-03
8.891535357727946764e-04
1.104887268568417215e-03
8.162772270225772961e-04
7.864796078069028742e-04
1.058567845703674900e-03
1.112728314423259892e-03
1.427970563332560915e-03
1.098217019194354296e-03
7.829834538128478769e-04
7.744928715842379395e-04
1.148035549345102551e-03
1.026619255976763973e-03
1.055759538599716990e-03
8.638494347799836924e-04
9.542000570820886136e-04
9.952126795060908110e-04
9.074520433720963857e-04
1.763681144127116074e-03
8.057261591539288496e-04
7.684424675231574893e-04
1.119988059095644107e-03
9.889607992550029925e-04
6.408317465139238287e-04
1.432642823943869326e-03
1.499511170870650341e-03
6.552786013875407014e-04
8.533346225873091528e-04
1.564043273453558178e-03
1.062327331971052056e-03
8.256620802166117924e-04
1.163105510880361668e-03
9.923758948775292677e-04
8.547765261985095864e-04
9.108511588275572911e-04
7.076068490019920285e-04
8.397489522321417406e-04
7.367923325757309546e-04
9.753799194239483935e-04
1.015366294454211850e-03
1.549676498430310094e-03
1.018004459962645750e-03
6.804450390045597898e-04
1.279947772709196571e-03
8.197438085989899046e-04
7.444870030780885136e-04
9.561705951902693592e-04
1.049500114763560719e-03
8.734262460671875228e-04
1.160182742093850616e-03
1.791930390188124170e-03
7.782461756006147941e-04
8.825785871168228972e-04
6.656818839729581987e-04
1.003582792147819170e-03
8.994278072077471027e-04
1.052209782303150775e-03
7.411925180291202521e-04
8.033177838129034777e-04
1.021965756772293381e-03
9.181640335323116523e-04
9.932527183941735997e-04
6.961998181530963713e-04
7.793560075930023277e-04
8.055704008346935893e-04
1.054414490977339343e-03
6.583555959500395419e-04
7.869838880074711551e-04
1.534817298282257570e-03
7.818964767408698949e-04
6.664834167340058600e-04
1.047806663670262711e-03
8.976570602451834635e-04
8.102243441363151614e-04
1.051553910511236496e-03
6.486701653915629209e-04
9.778277533729793584e-04
9.291770229253601757e-04
9.292967141578129930e-04
1.053828137249243364e-03
1.033609677720759073e-03
1.204168012463568190e-03
9.828692556170623863e-04
9.587877849729223908e-04
1.160800412347897607e-03
8.074119577275698425e-04
1.145001412263540021e-03
1.037544113347970169e-03
1.995937601612052421e-03
1.337908055491216939e-03
7.701097225024206797e-04
1.123580778881640933e-03
7.052298703188525017e-04
9.291288564138423887e-04
9.319958426981486991e-04
7.904489917178450162e-04
1.352430640410422344e-03
1.177071302292875430e-03
9.581078277716594113e-04
1.214523421072553466e-03
1.096842690868300935e-03
9.802596647090595309e-04
1.288234720018208114e-03
9.474982721710784950e-04
9.727645136100738360e-04
1.212667027709402436e-03
1.214251227197747987e-03
7.419105744700429635e-04
8.510318887915444084e-04
1.327307722518317320e-03
1.058503937811877769e-03
9.526701677941138606e-04
1.043885879209489756e-03
7.032060340582816423e-04
1.895672998407921814e-03
7.681503985781973527e-04
1.490310510457258826e-03
1.007980531387595068e-03
8.684571923574329298e-04
9.912312423177734554e-04
1.096237711367842793e-03
1.313564850306042078e-03
9.754702488498529249e-04
7.764344193043464524e-04
9.379856217446512186e-04
7.970335991354247007e-04
9.058369966499109621e-04
1.078251962282626101e-03
8.769441799200870195e-04
8.638400700971329014e-04
9.683689832802565289e-04
8.237362700130497224e-04
9.583425158420607378e-04
7.646041114848398058e-04
7.229751985056685499e-04
1.018636965674204944e-03
7.988751161099716782e-04
1.380873606266508260e-03
6.945032401148958090e-04
6.851917751757928381e-04
1.021060068388309405e-03
1.071146877594033502e-03
6.525930163577331250e-04
1.156041753864333168e-03
8.015905471736636118e-04
8.932069666129150484e-04
1.092027988371220776e-03
8.765781940503731369e-04
7.778844355429892152e-04
7.259570466186187438e-04
8.550974354735649523e-04
1.758190840289837681e-03
1.017366213089615848e-03
1.098014750500479709e-03
8.801453400770504337e-04
7.870860792378119421e-04
6.580910094970412539e-04
9.443958650097182593e-04
1.380855914246364004e-03
7.352898990011964842e-04
8.302827951167788450e-04
1.238654923044104532e-03
1.569319360231668939e-03
1.005918745462299271e-03
7.909417284310541656e-04
9.600213282078802826e-04
1.114282963251379344e-03
9.170474268157346011e-04
9.604934055830256952e-04
8.115049231126385222e-04
1.088461924155291341e-03
8.680947464594170916e-04
8.301525164145909024e-04
1.035560082939539824e-03
8.566681357436364830e-04
9.918572651124919239e-04
1.061099637385342449e-03
7.669799994268217819e-04
8.108487140360696099e-04
1.149618427842768196e-03
1.161019010459426624e-03
1.494514592756911436e-03
8.892976317567991571e-04
1.180559334854028048e-03
1.275293799850164876e-03
1.148835041813457388e-03
8.697580615631474730e-04
1.153499804593140915e-03
9.405132290533001161e-04
9.003563126550188965e-04
8.332963521326267400e-04
8.283085066898370451e-04
9.195750468151920806e-04
8.582314291008554235e-04
8.776525895223526250e-04
9.387229133770651863e-04
7.334516411606196952e-04
1.459589008428478904e-03
1.403508588159812229e-03
1.502936573768063081e-03
1.432452949520038842e-03
1.334350103951798330e-03
9.477029545700923780e-04
1.491432695636600841e-03
8.244165922301368004e-04
1.329344999370556026e-03
8.824640479712143621e-04
1.847871277708183768e-03
8.533278593275638296e-04
6.916849333178231186e-04
1.161688661256591497e-03
9.562381045033123503e-04
9.340336222580777675e-04
1.003169282567533977e-03
2.287025157297223679e-03
8.848228390518202710e-04
1.919367360681110577e-03
8.743356483784704442e-04
6.949410691797315229e-04
7.493051083417731845e-04
9.078800387719644953e-04
6.587491289855019983e-04
1.254870924756769585e-03
8.411360770655984011e-04
6.386889149458162621e-04
8.721523080495071885e-04
7.237909167053264287e-04
1.018645475172273154e-03
1.812031029938219844e-03
9.853105209465416389e-04
6.918549699496096645e-04
7.996839011913975826e-04
1.090658583896816957e-03
6.783343513610669241e-04
6.705479541996146832e-04
9.122060922959584605e-04
6.881584070317915388e-04
9.725153981351175071e-04
7.926029297209128853e-04
8.614848502173379739e-04
1.011996295859682489e-03
7.201667476254188785e-04
8.499937259707975338e-04
1.314287109387147915e-03
1.152251132618409496e-03
7.143370593666551480e-04
1.097050931246642972e-03
9.702510211474442469e-04
7.355273303523400270e-04
1.094580424563953601e-03
1.265145635829591523e-03
9.453700512763615850e-04
7.571832839102716258e-04
7.789518886280705993e-04
1.040257575561326191e-03
1.672503890828926781e-03
7.566151584785311664e-04
9.400438694741930544e-04
7.157111069665516700e-04
1.275193017917227584e-03
1.066766885910237989e-03
6.664295550963296455e-04
7.781204882544060734e-04
1.139185714190288747e-03
6.569232711232855099e-04
7.970987745473826023e-04
1.533920479704691583e-03
9.493114907823133270e-04
9.184447635159082978e-04
6.652708849204493416e-04
1.087367001441451667e-03
1.080846356860612348e-03
8.718292293787200829e-04
6.505751601192285563e-04
8.030286914726750269e-04
1.247318325949225157e-03
8.773786311018164780e-04
1.149717733593453748e-03
1.604499345633743530e-03
1.414115024738278993e-03
7.877251119912867658e-04
1.209286277917113539e-03
1.417568010347595086e-03
1.387188127642884246e-03
8.468150136386309174e-04
1.044231352121976824e-03
8.516725090077131898e-04
7.316137739666220101e-04
8.893490010311967198e-04
9.653611177319580553e-04
8.140137333607644094e-04
1.139168519578742092e-03
1.261147253208197254e-03
1.126552764044636218e-03
9.213004855471023128e-04
7.711356654269505700e-04
9.232413969777667319e-04
8.375222191583930886e-04
1.267845128598839776e-03
8.187238846940154621e-04
1.495516638300148533e-03
1.236612435751091674e-03
9.268763458471427881e-04
7.264909069269377294e-04
8.367889632457423772e-04
7.310906532563216445e-04
9.601042650589011870e-04
6.861829873968631902e-04
9.955533771636103889e-04
9.155714281860699404e-04
1.682308060714164145e-03
7.871957195667431866e-04
9.961262571794788408e-04
1.197864774140387084e-03
6.866257842850164404e-04
7.860055503970176695e-04
7.466947462940630095e-04
7.691594533827829762e-04
7.760385368747812302e-04
9.293448192805970568e-04
7.358698624677890250e-04
9.997867113219775694e-04
1.324558503821417947e-03
1.081743972787520486e-03
9.824382893737380537e-04
6.767896368854686403e-04
9.939155647738964327e-04
1.063552862157224246e-03
9.283310980487880686e-04
8.044959234929519379e-04
1.342877282851356185e-03
8.510636087004884442e-04
1.123517980695529217e-03
8.210663217127003866e-04
9.321662092569387142e-04
9.288054038259843659e-04
1.007138274809510738e-03
7.412368042197435775e-04
1.192492661379002420e-03
7.282429713460667701e-04
1.088091912259991955e-03
9.818777317150101207e-04
7.331392302331279746e-04
1.097058803128848513e-03
8.000872036930430087e-04
9.746074508397937217e-04
9.855024365037683230e-04
6.804664818915207329e-04
1.240490137373492048e-03
1.061664461164501475e-03
8.398120406960809473e-04
1.191474232101677379e-03
9.011098685973607933e-04
9.656234305415890146e-04
7.604639952976568595e-04
1.338390295070627936e-03
8.466658759979387100e-04
1.492375325636821322e-03
9.714301178813397955e-04
1.020149782393903280e-03
1.053878893257644347e-03
1.529337804360627771e-03
6.672687733988617127e-04
8.615460022757722705e-04
7.762270124103928023e-04
7.915432153848912583e-04
1.315413934719954735e-03
9.319867438214739144e-04
9.658513809386041126e-04
9.452005600464616700e-04
1.010137300669849839e-03
1.965187473594408232e-03
1.378671257054069803e-03
9.441756332218103872e-04
1.031216443150163213e-03
9.411081243093002285e-04
7.905520098814467107e-04
8.527269231763772968e-04
1.010521104622968394e-03
7.689989262774740058e-04
9.885743263242160062e-04
8.872804564927196580e-04
9.317760732900803216e-04
1.178822185731854318e-03
1.413149615190302608e-03
1.431651205822459484e-03
9.969634837874268019e-04
8.132238023481509889e-04
9.019509223095092520e-04
1.063181500687672811e-03
8.160688622751712754e-04
1.141821873333829845e-03
1.002431424575224829e-03
9.605928872101069434e-04
1.203218318672061651e-03
8.422132203410920195e-04
1.103395627830846626e-03
8.503867934777424543e-04
1.713889490472742406e-03
8.675854203792397008e-04
8.514340888636863546e-04
6.730090142869284316e-04
9.241751340670403001e-04
6.819220483429944916e-04
1.019270746782240718e-03
1.482737223986450512e-03
1.308132341584724743e-03
6.650117354059384769e-04
1.144972296161523217e-03
1.242407207563919888e-03
8.754854162518018639e-04
1.021700198090106553e-03
1.000713352965574166e-03
8.849277979809067008e-04
1.391523927646421245e-03
6.896886032810127520e-04
1.405379033783459757e-03
9.999562170204096510e-04
1.309534816423983325e-03
1.426689038391333597e-03
8.939700160776381434e-04
8.416606306322662852e-04
9.931682405953090858e-04
1.038080031880142442e-03
1.056010493696585588e-03
7.566492245558397150e-04
1.066825329774480705e-03
8.028444214460809820e-04
9.033553003311282394e-04
7.100067075160129042e-04
1.255445313247581301e-03
1.061499347999302805e-03
1.179488911490867179e-03
8.154547968534003920e-04
1.519992170828957708e-03
7.307112217001018439e-04
1.076812882760043791e-03
7.755076110265584927e-04
9.842436519089795867e-04
7.876251923751148836e-04
1.056705489892951306e-03
1.359083907414096633e-03
1.003907857568437116e-03
1.095311511810553862e-03
1.424623692845596078e-03
9.101373202594495926e-04
9.526202531436008588e-04
7.967903495722749013e-04
1.601188125206243294e-03
7.585331671339687028e-04
9.176078083381084428e-04
8.544745669420537740e-04
7.991315764491334524e-04
1.238117187991844481e-03
1.118968428900092441e-03
1.144457874998854388e-03
7.359903685373841552e-04
7.617451518794983228e-04
8.918171549099100301e-04
8.033402906282083918e-04
1.010845373357758788e-03
7.512699694348049396e-04
1.464809404464041112e-03
1.484414103405637658e-03
1.338933316563217096e-03
1.646317698443025860e-03
1.327039397617436065e-03
1.100361784755730021e-03
6.820303402758365070e-04
1.230120934128513168e-03
1.066162712888653981e-03
1.500148678368656580e-03
6.635769913934117317e-04
7.232638397928264559e-04
1.377991760980191256e-03
8.279684134005281092e-04
7.938553258278294470e-04
9.731818878605232124e-04
1.474733490583469888e-03
