1.146188429411546059e-03
1.025139783399562883e-03
1.101101341995203804e-03
1.197303457878040427e-03
8.026067548580344572e-04
1.214437368615371585e-03
9.679292059511521509e-04
8.028864925018173743e-04
8.030632912554019768e-04
1.056119037309256490e-03
6.904861724438807104e-04
8.206558630436631150e-04
8.780378065329027702e-04
1.139390137415399696e-03
7.201765438736866445e-04
8.655174270841305400e-04
9.308333876361760302e-04
1.218885787403053414e-03
8.341235483255521549e-04
7.305229068284501640e-04
8.706105095382891262e-04
1.431188563460593409e-03
1.321701634334057282e-03
7.962058986090801834e-04
1.079752518379278750e-03
1.324894148721850445e-03
9.149446260129515465e-04
8.208669934970928188e-04
8.458143104886064675e-04
1.107723476417473308e-03
1.154555002637237685e-03
8.362062101667425531e-04
1.009083852417285224e-03
1.029650461750792993e-03
7.112778748859917375e-04
1.303891984562990762e-03
7.086962748891501582e-04
7.117190678843711730e-04
9.994647953137480566e-04
9.106637874924205893e-04
1.690416729564347227e-03
9.640822052701309743e-04
8.983965545681829156e-04
1.101795576865201255e-03
8.892640678941540191e-04
7.209025524619253186e-04
1.807834241438024871e-03
1.116241820269543066e-03
7.153409085082700980e-04
9.327838597194278809e-04
8.465929499019524129e-04
2.362014597964765331e-03
7.997409264991583826e-04
7.428790818478933720e-04
9.802873380195475071e-04
7.412930687624454638e-04
1.531529676203406643e-03
1.085949020909139553e-03
1.109574160394765068e-03
1.391171487065980938e-03
1.647365052372387487e-03
1.303317559367373835e-03
7.303473014234162890e-04
1.148455540254460358e-03
2.292230243607638104e-03
1.105349230215093778e-03
8.158939158663401680e-04
9.961618754032455173e-04
1.761227714643680362e-03
9.885733449996932792e-04
7.527624660480009998e-04
6.748808494707338700e-04
1.055290728415055014e-03
1.208613774736841178e-03
1.021729133472446937e-03
9.032415739363342704e-04
7.376189309411389531e-04
1.558324960200720187e-03
1.121008416019070048e-03
9.015188839952520232e-04
8.010522861666535387e-04
1.277329027600789934e-03
1.084676319866887447e-03
8.917410797006512834e-04
7.658538427036463807e-04
7.704089641918691281e-04
1.012693007119035669e-03
1.137610066261856515e-03
1.400130093605917586e-03
8.904188025029058417e-04
7.171887946625625379e-04
1.065907834983665812e-03
1.170768190031000466e-03
6.804559274727885144e-04
8.385742965077453565e-04
9.020376384016754465e-04
1.267727762250337679e-03
8.660368518141467117e-04
1.032663484435150051e-03
7.351512258233339593e-04
7.226240442401723422e-04
9.825065261043839770e-04
1.082373595937907067e-03
7.500482698386936112e-04
9.031800629377672576e-04
1.294534364629033743e-03
9.798954284745186108e-04
1.072478598388344273e-03
6.879098183895407089e-04
9.939804679765242793e-04
1.121780782912109014e-03
1.263690625489498126e-03
7.360862361251034646e-04
1.270768039965153176e-03
1.004818804541973178e-03
9.017333258437041721e-04
1.361522788555112043e-03
6.898421044489429568e-04
1.031947529337103736e-03
7.852638005304240880e-04
7.926184204991141864e-04
7.435874670552591404e-04
9.969570052097216813e-04
1.161293924767642762e-03
9.926352624096506077e-04
8.103060973572049838e-04
1.436657009963977598e-03
9.315884882273617633e-04
7.388868408484125039e-04
8.610938319176753225e-04
9.493575030795395721e-04
9.025116788234887862e-04
1.146230183700942947e-03
1.048974671635380818e-03
1.559147379383850384e-03
1.085274186998604973e-03
9.476210285219409390e-04
9.008207287291813666e-04
1.026645682030573152e-03
9.048147303516837405e-04
9.042263281730304704e-04
9.820689287158887015e-04
8.758915515771853542e-04
7.346033747662618742e-04
9.724072383325685267e-04
7.526511403709786356e-04
7.803319025593129796e-04
9.961447604612319855e-04
8.958514412050951623e-04
9.018393574841198712e-04
8.114899200971912360e-04
7.236055276706762455e-04
8.169200780060679188e-04
1.375091694979592265e-03
8.516465726500318427e-04
8.360943163192184396e-04
9.420333347054710193e-04
1.393864351081529167e-03
8.467576584092299796e-04
8.701982695114523049e-04
1.089140037251963610e-03
1.033582451481979310e-03
9.361937640452166207e-04
1.009971325596869911e-03
1.128798505117334545e-03
1.010881973042161534e-03
1.148257163203921698e-03
1.211078852085531671e-03
1.224155407141533369e-03
1.035950959136261625e-03
1.378381269631922829e-03
6.908433225397356010e-04
1.360500482147416991e-03
9.119310732207098168e-04
7.178463242335731071e-04
8.387935874397705509e-04
8.303679258542300207e-04
1.215897811714028312e-03
7.720735412433841691e-04
1.103285719739261319e-03
9.377031477554871163e-04
1.425557299338214194e-03
8.388446048030994686e-04
1.276656902208041060e-03
1.066667923273145096e-03
1.497161507677697732e-03
8.852001491417194230e-04
9.640484897710670286e-04
1.089701808261777597e-03
1.088297484651673617e-03
1.275301451615709625e-03
6.681726686423236639e-04
9.954207738547043906e-04
8.989940510917563332e-04
8.896326645902122993e-04
9.884959103952757013e-04
1.969866112471678043e-03
8.462287763445734559e-04
9.614303352009364407e-04
1.024896937671102622e-03
8.963591111163030090e-04
1.195963240114096765e-03
1.033594331773511317e-03
1.210728256231941372e-03
1.033541601183913866e-03
1.179214354537320769e-03
8.247373089581462591e-04
8.983590975820987014e-04
8.549092554235968207e-04
8.697765623631452565e-04
9.846816700593192823e-04
8.314973961726013956e-04
1.195220853525072111e-03
1.011862367897275019e-03
1.694109696657795970e-03
1.236095697723503745e-03
6.928424860288955609e-04
9.537553847384664871e-04
9.513545285235118065e-04
1.325393061017775915e-03
8.736723741176149593e-04
7.687859536759053015e-04
7.614806162510325514e-04
9.854937941620276354e-04
9.957987129391309040e-04
7.514254076962281325e-04
9.371069599186489588e-04
8.009183762619903873e-04
7.806016035864774731e-04
1.034806898836317535e-03
8.648933380989015651e-04
7.279072154496031132e-04
8.049065599100337911e-04
7.513818944711915266e-04
1.234398025811404712e-03
7.058818626718952900e-04
1.183031234710807617e-03
1.006473425650676514e-03
1.173565892295074962e-03
8.822765778642440663e-04
1.174198138783878916e-03
9.499002661233695933e-04
1.161297664436246628e-03
1.385578486623594225e-03
1.584311869065978175e-03
1.029114833350012288e-03
8.125139038917362578e-04
7.399252794792264380e-04
7.344171007273981146e-04
1.646561729477750285e-03
1.007216525074353802e-03
7.826455809280225906e-04
1.455025623711874013e-03
6.556390836041773619e-04
7.971840026540776307e-04
8.636499454233232580e-04
8.850587544078701401e-04
9.394240568402649266e-04
1.174343325369488515e-03
9.362554333988464201e-04
8.131784930015005302e-04
9.915389989007760384e-04
1.185017721501076130e-03
1.363793016401573105e-03
7.767527581066790152e-04
9.939228599713655510e-04
7.394020084293166043e-04
1.222549804307327195e-03
9.123815700914027736e-04
7.050972087068823040e-04
1.196893169691869152e-03
9.060943811045701858e-04
8.141345157654196257e-04
8.544952477100007694e-04
7.797484186883630892e-04
1.435998053668450288e-03
9.290682353901962834e-04
9.314290300849704333e-04
8.768968660571533486e-04
9.406639549405389732e-04
1.140947563841829141e-03
7.515433299141015960e-04
1.208178324506569909e-03
1.186386210764786044e-03
9.089505990379149244e-04
1.062351951215999204e-03
7.133633244973884395e-04
8.393982917261898517e-04
9.087126772438501891e-04
1.105664866766368224e-03
9.359179984248344308e-04
9.713941151802104115e-04
9.388564089082801316e-04
7.280950669268062203e-04
9.351966750811717454e-04
1.406187383180328328e-03
1.286304723585817182e-03
1.064546130542317172e-03
9.341261255567559312e-04
9.408440633419081411e-04
9.422431092440640421e-04
1.111302276654263510e-03
1.120968021486502212e-03
1.229000301169600384e-03
1.185807018071352668e-03
8.831322040849932768e-04
9.699645270360423297e-04
8.403842771160830198e-04
1.019166155250919711e-03
1.233321908390122351e-03
1.040135176982560309e-03
1.294998508363876498e-03
1.262650793451828256e-03
7.735751549213159889e-04
7.715125027672128672e-04
1.112380599462847904e-03
1.000599515095307139e-03
1.181463122626457600e-03
1.044939357881495209e-03
1.130269119322544402e-03
8.715965563724615379e-04
9.530514238736118894e-04
1.316447889227537194e-03
1.002623151770948252e-03
1.197628115429662850e-03
1.196584357907430141e-03
1.089718536992074225e-03
1.471749915862182378e-03
1.139924812317362739e-03
1.061374817374077404e-03
7.343256790094164835e-04
9.307451722594157909e-04
7.919986449818080089e-04
1.061096626882022725e-03
1.075418943151723681e-03
1.314913716827625706e-03
1.225400860324651767e-03
8.374311538219511878e-04
1.018457906368976356e-03
1.040255110761983265e-03
6.982105614321450215e-04
8.359407880378874091e-04
1.139293065300763051e-03
8.080278006665035911e-04
1.113281015197716169e-03
1.315197970689207553e-03
7.022400762299701700e-04
1.488460821284326614e-03
9.506588398141932895e-04
9.716459771018056465e-04
8.344007795223200730e-04
1.247346328451828757e-03
7.618479251691353789e-04
9.650472228387973464e-04
9.248200200177429144e-04
8.015051260235858720e-04
9.133715026311965994e-04
1.139884085966032983e-03
9.996823883714502351e-04
1.523763675424504331e-03
7.791120791830466116e-04
9.372671630094053276e-04
1.403164115053235099e-03
1.300562104243174104e-03
7.764120895756675004e-04
9.678741927781114775e-04
7.615612772152645328e-04
9.269870346307851035e-04
8.650054072269809397e-04
8.422497359179625205e-04
1.151820809822633662e-03
9.763375520205144504e-04
8.990074827534719161e-04
7.384030938888524196e-04
1.200375439575214172e-03
7.912613599238777287e-04
9.682121507338406442e-04
7.057634821527184518e-04
8.718868569674771175e-04
1.079886127919940219e-03
1.033489322725391832e-03
7.000101540719705015e-04
7.609525376863059219e-04
7.686694632105126263e-04
1.265073746143995136e-03
1.241695548056398566e-03
8.499005894169803970e-04
9.466914591357243874e-04
7.095686453280136219e-04
7.720997648972574524e-04
1.169190899082656922e-03
9.285781565606257906e-04
8.565139691002454083e-04
9.414421446700914613e-04
1.082415885142243989e-03
1.133707066235684763e-03
8.034332830108408810e-04
1.551579841155948042e-03
9.590964930618231347e-04
9.053863933969647382e-04
1.221174630517686023e-03
1.215308909634797187e-03
7.289449758916563635e-04
8.224092789490011247e-04
8.993145692305925826e-04
8.182259341965079187e-04
1.055675016029451480e-03
1.068530279547068480e-03
7.170049946898542819e-04
1.539173594798816987e-03
8.305079060407149702e-04
1.415324098743595254e-03
7.226362501961246937e-04
9.350999483492875540e-04
7.964457586030943047e-04
7.778712648170359959e-04
7.961468929577371215e-04
7.650861393311734430e-04
9.284419939266490025e-04
1.072164392758241961e-03
1.355743607012769225e-03
7.729499996607159563e-04
9.263925261244559083e-04
9.544889721996611346e-04
9.377128322627011894e-04
1.077119126408478816e-03
9.995901585757010349e-04
8.652824637688029700e-04
8.193501440482820310e-04
1.098929776941839215e-03
8.521363850564940426e-04
1.037562927138659802e-03
9.790242922900164058e-04
8.333252895782161098e-04
1.445046245759671688e-03
8.211842932955942765e-04
1.279362768440796489e-03
8.355223533655542663e-04
8.217916806808451234e-04
8.950053403259824970e-04
7.249796030139339783e-04
1.448183738972907844e-03
7.131860519402326987e-04
1.186088408775987958e-03
7.800545983390060230e-04
9.339464368646017371e-04
1.294981973057640493e-03
1.210577551785321001e-03
1.108650810235608727e-03
1.017940633053453139e-03
8.268273022076324304e-04
8.520776067626103373e-04
1.105035693554257299e-03
1.445966916303552700e-03
7.466541118563876749e-04
1.097949803667345320e-03
7.473200818406265005e-04
7.696055360404348332e-04
7.682824543092612321e-04
8.709989838145168299e-04
1.217358540662946253e-03
7.715298342617332283e-04
9.219603285352277657e-04
1.126849175001548922e-03
9.854109275149413021e-04
8.907320987158910209e-04
6.715324213452705977e-04
7.532420330080510408e-04
9.053194359164312309e-04
7.703185225461392591e-04
1.375259204531351911e-03
1.133459812914020459e-03
1.199439742255183810e-03
1.158943387888031543e-03
7.215197793376726312e-04
9.167001336602024824e-04
8.886221885575393102e-04
9.456790462556367415e-04
7.853122777361697072e-04
9.505414376479714164e-04
1.205752976832525063e-03
7.981765455146990016e-04
1.302806819723663833e-03
9.228176702353894706e-04
1.141999284372830067e-03
8.870981051475968025e-04
8.729145667475630760e-04
1.043991268351131653e-03
9.705187149523853470e-04
1.099913616600305859e-03
7.906400434536352273e-04
9.005645310916350448e-04
1.106709881062602208e-03
9.653560457847492607e-04
8.865433528102433132e-04
1.161330131023053649e-03
1.017201396551719759e-03
1.101044496919445070e-03
1.197363327424547010e-03
1.191814013593698023e-03
1.248713361050589202e-03
1.020131126147497255e-03
1.119232707237382326e-03
1.108346418442743850e-03
9.699413829644430241e-04
1.438489061543291991e-03
1.280395278897350237e-03
7.252385015233684187e-04
9.807254615904269050e-04
1.185910240316247893e-03
9.157707206094468921e-04
9.487410015374915040e-04
1.102250605202491785e-03
9.169337245847632677e-04
8.038660125479550568e-04
1.578859009034172230e-03
8.441493565957955197e-04
9.324843349436960681e-04
9.290436415340266960e-04
8.371177928918852474e-04
1.147362100190618033e-03
1.029078497613104262e-03
1.368335075494331744e-03
9.089871535542276993e-04
1.027193443369445137e-03
7.546708897997564825e-04
7.859050891295677041e-04
8.770273323164082821e-04
1.057281629172872415e-03
8.335855212173656770e-04
8.853023187784081049e-04
7.131656476592607282e-04
1.013417844387896807e-03
1.142975801599486509e-03
8.687524020665035509e-04
7.526596668898027443e-04
9.654057441525183778e-04
6.591439954706610361e-04
9.066518275341123789e-04
1.252573595195976153e-03
8.909385423090712122e-04
1.311025253490984230e-03
9.664586059536736402e-04
7.775565109051058672e-04
7.311132453670062589e-04
9.539417021383059725e-04
1.006278302992768886e-03
7.678141845208485972e-04
1.160166875007067689e-03
1.320685366324856995e-03
1.279645321654562838e-03
1.027690041005416234e-03
1.100722256500444307e-03
7.857795994092913123e-04
8.356049744339515964e-04
8.658906278142898321e-04
1.128704532994934985e-03
7.129020502456785615e-04
1.227036763030892302e-03
1.013644035296283868e-03
8.868572494834229712e-04
8.021084005282483158e-04
8.902998992658575205e-04
8.582634928241398469e-04
9.669790739653940032e-04
1.129255661347175173e-03
1.194437532415123940e-03
1.243648802979291541e-03
8.157384544814929011e-04
7.749375397165974341e-04
1.034327030398301964e-03
8.633398532801104912e-04
9.423503587501067718e-04
1.454224079817375637e-03
8.961443494407088763e-04
7.942945834452197311e-04
7.911091807578157428e-04
1.324168143172673720e-03
8.355465540157054356e-04
1.071994238312853334e-03
9.770826808763693853e-04
7.926145342284485586e-04
8.996802226329879242e-04
7.476073159940789525e-04
1.127070224958070599e-03
8.618002523774659536e-04
7.898689967911594811e-04
7.911564631593876861e-04
9.723188089944828508e-04
1.075966627723905439e-03
8.409379571162312571e-04
1.135416007211773699e-03
7.308236133825010607e-04
7.179153057326975815e-04
1.071495505588026306e-03
8.419626206556771620e-04
8.604152509235555961e-04
7.415087562300992554e-04
8.623486772608502434e-04
1.002844011455159435e-03
7.018528131987602711e-04
1.554307068204524491e-03
9.627383097067678105e-04
8.714339339837881126e-04
9.063670966087504499e-04
1.275059364998405026e-03
8.426630417405437529e-04
1.074506854856626704e-03
1.136110555811771679e-03
1.199076013804817407e-03
7.109225677312420175e-04
1.222787928763932868e-03
1.104325725396150017e-03
8.569000357033758689e-04
8.946048289089774969e-04
1.031085632315952797e-03
1.297658769920779403e-03
9.881881176978066662e-04
7.806161418412248905e-04
1.018827726444628988e-03
1.324802110141282954e-03
1.064333949103955790e-03
1.128833396694947167e-03
1.213425390104217773e-03
1.025881072058848443e-03
7.628975940133848237e-04
7.711061321962867131e-04
2.761107283003526921e-03
9.525420802754492808e-04
9.419491921477015891e-04
1.009793271991876653e-03
1.290972513955762754e-03
9.705605812045441051e-04
9.469385962063487554e-04
9.419101433674736132e-04
6.753155224727793501e-04
1.406292619204309747e-03
8.297831748607574455e-04
9.640340862987782427e-04
1.236796829267622095e-03
1.027445805730250843e-03
1.308859131221292620e-03
1.133004831086154495e-03
6.998215840108770866e-04
7.018806243728861792e-04
9.874534156530457348e-04
2.199719599407201978e-03
1.172020069555333895e-03
1.497437917144317857e-03
1.346700365888976389e-03
7.702375197567197648e-04
8.857216803085532107e-04
1.065627622121006601e-03
2.206368451194469591e-03
8.286596356165534588e-04
8.564167312683240328e-04
7.176875196061401800e-04
9.115387374492973059e-04
9.506749937711966121e-04
1.220520415721980823e-03
1.483010172920893200e-03
7.361979252498309203e-04
7.966476268088775251e-04
1.048586440556427933e-03
8.886595593802542247e-04
1.062606902007197894e-03
8.576387652325808374e-04
6.789432340453781245e-04
1.114649783203446000e-03
7.925804884993971604e-04
1.588706904792778520e-03
7.558207547851482659e-04
8.841556417648723312e-04
2.179254112778162070e-03
1.097264396275990025e-03
8.220964435878064854e-04
9.043392926176648970e-04
7.621754449512130542e-04
1.088619865321372370e-03
1.055824677369254349e-03
1.058900679913253508e-03
7.533971785822816090e-04
7.734952446166336098e-04
1.050981993840121404e-03
1.013103673912448856e-03
1.241642684104056656e-03
9.063833884442772581e-04
1.040104318060697166e-03
1.086681828003425955e-03
7.375280205629529146e-04
1.032916543093391482e-03
1.129581481663761121e-03
1.574711381664901195e-03
8.039319616544090153e-04
1.223875575138214100e-03
6.751772582184503149e-04
1.229304548045179407e-03
1.241558357330866313e-03
8.586095371641219720e-04
1.396230615866171252e-03
9.925569936290797469e-04
9.068279309825100741e-04
1.143903636615152888e-03
7.897944397209246238e-04
1.231227582725924474e-03
7.116690899224545255e-04
6.875541955120793424e-04
1.408456891579465842e-03
8.309922921763074691e-04
6.918769213022649611e-04
8.787013628084277932e-04
8.759103371382044329e-04
1.303726703086278711e-03
8.266759866582051386e-04
9.027400041202152028e-04
7.812277911122878817e-04
7.531601410070744036e-04
8.827252823221768156e-04
7.151547069373135560e-04
8.266286605428845372e-04
1.158501517216246760e-03
6.837600871485168636e-04
1.062048967609197309e-03
1.357721544905993475e-03
8.170473525825671995e-04
8.372956959174334335e-04
8.536578694545478166e-04
1.548423156721362394e-03
9.400081730823730761e-04
9.171086696254461589e-04
1.254434133287415194e-03
1.825924175202258770e-03
7.482003501994342019e-04
8.031591227462372322e-04
1.112921521019640848e-03
9.333807464758707385e-04
1.236140558067449179e-03
9.065439528496023859e-04
9.643935891543456646e-04
7.988202277149033560e-04
1.552727190421741149e-03
8.384583960880526978e-04
9.438598109801336509e-04
8.321762517615974731e-04
8.510086190868846158e-04
7.833032277342028655e-04
7.311592950621689227e-04
1.162456711031893599e-03
1.103294328937160819e-03
8.907995165873591054e-04
7.854984679218935404e-04
1.291047047257614733e-03
9.400445663756574338e-04
8.833119638181333904e-04
9.357004005808807791e-04
1.088507131775766357e-03
8.433708130161379985e-04
8.643240633622812155e-04
8.604919529373085017e-04
8.882306276802133050e-04
1.226258992156638566e-03
1.594037332774297889e-03
8.003906439400167595e-04
8.875087264163549795e-04
9.472230725625351575e-04
1.067640105544703311e-03
1.014562351120396749e-03
8.828512192448065895e-04
8.735442627847000031e-04
7.575722161212373107e-04
1.166019653816293333e-03
8.877930378077410981e-04
8.724106189857218406e-04
8.258094057733446607e-04
1.285545406341935060e-03
1.420676816590244048e-03
7.245021779455698696e-04
7.333867861022230717e-04
8.973289986945172467e-04
1.593703024095720561e-03
1.296479622904305731e-03
1.207168984713046780e-03
9.284661772011248374e-04
6.788201395140360753e-04
9.271097939799850200e-04
1.072965835211100094e-03
7.651434245248033613e-04
7.916437502979396324e-04
8.489231005273904654e-04
1.235326654253245246e-03
1.325317811135724678e-03
1.009426578474920426e-03
1.987717162438449366e-03
9.250500897979615621e-04
9.904004466542999218e-04
1.160434644402707745e-03
1.073905296163084073e-03
9.139189232047416041e-04
9.809758765850630328e-04
1.082749256963765408e-03
8.281271555493097689e-04
8.324467570058464950e-04
9.727605236453452150e-04
1.540912041171159765e-03
9.035195993922388391e-04
9.445402086648414883e-04
9.301348355591710021e-04
1.223132964069472296e-03
1.658165403735237372e-03
7.884310602185790658e-04
1.276467771208077964e-03
7.124813662761883592e-04
7.086647233473107772e-04
7.728129089415931071e-04
8.166490332168684042e-04
7.623393360156704816e-04
7.164171721880035560e-04
9.096493575945270192e-04
1.008414169026841797e-03
1.295783056667190042e-03
9.836943638548590208e-04
7.211293522047192064e-04
8.107043239181430496e-04
8.242832867954635531e-04
1.120614466134318022e-03
9.483655223061769916e-04
1.034880518875818571e-03
8.194028962893336581e-04
9.630155696755217159e-04
9.603113929280758607e-04
7.480479178062627958e-04
9.328619264455626251e-04
8.351217937585923585e-04
9.871188625620622940e-04
7.809271616949791826e-04
9.212647520399144807e-04
1.613711732859211129e-03
8.786493468590892038e-04
1.177339309147025373e-03
1.033120270348079212e-03
8.344375945988562020e-04
8.674548838631092546e-04
7.520324244069233680e-04
7.126867885491045126e-04
1.423715049027238309e-03
7.728787304053394642e-04
9.621570907245965065e-04
8.515324232529649078e-04
1.120219691192107661e-03
9.792408972779257162e-04
8.183218971151356514e-04
1.002014015109436778e-03
9.957356129924874785e-04
1.052675005225122079e-03
1.219743785783667647e-03
1.092949449103313743e-03
8.813755473923475924e-04
1.002563071538626737e-03
9.151670851879025641e-04
8.358753537003018241e-04
8.045785655261200944e-04
8.816932166123925361e-04
8.775183858727601599e-04
7.550769830349538187e-04
9.692067693974121181e-04
6.801119210943351980e-04
1.270383687112322914e-03
1.080245926860510510e-03
8.969811938636996530e-04
1.697298789981168668e-03
1.236667323347828869e-03
9.302569700516492152e-04
8.778809662866311585e-04
7.960750874269467963e-04
1.210590265565095625e-03
7.625393243147620152e-04
7.656511537190710060e-04
1.302558001748193271e-03
9.029492228629810036e-04
9.033806092207997442e-04
8.897002977577039059e-04
1.196218191563344375e-03
1.076721324779860225e-03
1.109059960953475560e-03
7.851119655013100987e-04
8.008238258664137623e-04
9.093552955890349485e-04
1.021997576400495659e-03
1.325081045022879610e-03
1.073520857034585343e-03
1.782771051225909634e-03
7.790352707669379213e-04
9.241991734423683292e-04
7.928573668615664094e-04
9.985845639834327152e-04
1.060039600475695242e-03
7.759426958214883782e-04
1.195979082904165746e-03
7.996770613145628504e-04
7.318898809755833897e-04
8.974268797506621811e-04
9.462229395754683534e-04
1.100531674403392368e-03
9.032787601689724541e-04
1.526045000981476581e-03
7.589796571629528650e-04
1.331739988112128330e-03
8.263205091168822954e-04
1.057285351097547342e-03
8.158323356824413210e-04
6.670892469514002427e-04
1.004175676624513526e-03
7.244979729668940636e-04
7.670687727814242286e-04
1.015937452169285047e-03
1.009728086886938500e-03
1.642052788982486730e-03
8.812332015574502386e-04
8.959780381041263734e-04
1.023946233011108643e-03
8.526060921783642273e-04
9.635801228503391817e-04
8.951513553963877292e-04
1.068542907047309891e-03
8.950237255366028013e-04
9.780876375362595587e-04
9.186431345547982049e-04
7.760020670248767797e-04
8.591582619587470691e-04
9.481503333821129659e-04
1.032416731435114492e-03
9.312587525519530661e-04
7.668087198068535611e-04
8.172554314651779518e-04
1.073430333337702059e-03
1.187269666707006137e-03
8.279218801027340893e-04
8.250303511062250742e-04
8.699927338249535897e-04
1.062485627537822436e-03
8.813299965489645831e-04
7.409286507744344136e-04
7.107207214099022733e-04
7.849195778339112780e-04
1.256796754200831256e-03
9.664422814452955368e-04
8.349202538113419071e-04
7.964733797295154259e-04
1.042190441637068626e-03
7.476578568628482408e-04
8.896924825072269685e-04
7.428221676760882620e-04
7.740427208691260698e-04
9.599989143204440021e-04
8.153800243828581351e-04
1.104822467988562495e-03
9.740921382488456097e-04
7.226399174440813894e-04
1.318368492980807535e-03
7.902057805563990171e-04
7.156228964426466360e-04
7.919893509762946813e-04
1.543788784002849768e-03
9.686960269100628384e-04
1.054143995213232578e-03
1.108332482590045033e-03
8.226981359873199997e-04
9.373694403481933101e-04
1.083864030282883110e-03
1.071081786517791637e-03
8.077839700753989844e-04
1.424712797885329275e-03
1.088126824432348585e-03
7.483373956908627401e-04
8.242402682134177937e-04
1.113954005777440491e-03
9.236613386517474782e-04
1.726530484931309509e-03
7.956333101015639108e-04
8.399063646078532052e-04
1.098756054953072036e-03
1.296370490456565583e-03
8.500969005409919838e-04
9.618093919322368750e-04
1.330841310828470092e-03
1.122037723269892753e-03
7.376077973730884967e-04
1.089367906145384361e-03
1.551817708123151302e-03
1.385499082819225541e-03
7.614937059089014505e-04
1.029354500897871260e-03
9.863539273111353572e-04
1.039486583458028041e-03
1.180309205228647707e-03
7.780565588398159543e-04
1.054838537094436200e-03
1.189511017288639571e-03
8.716932627009589584e-04
1.081240922252642333e-03
