1.055295951432438407e-03
9.170855256476655778e-04
1.208569818169019996e-03
9.134407954307520363e-04
9.546094474169093290e-04
7.926211117615422673e-04
1.200479396295200821e-03
1.667107406853022764e-03
7.200886362081285186e-04
1.989575023348613345e-03
1.057384542671175546e-03
7.611431218467345659e-04
1.143403614643972305e-03
8.762568914108625042e-04
8.520547732075273942e-04
1.202888609736059867e-03
9.806918203502888991e-04
8.927721622904155998e-04
9.472841647720483876e-04
9.200236569921740534e-04
1.063515539440069557e-03
1.113793954746793852e-03
7.780840604944905606e-04
1.136742637924557844e-03
7.211473271751937288e-04
8.187835516263035655e-04
7.145702202291320066e-04
8.221726839869120595e-04
1.145966499145561687e-03
1.155003302607647206e-03
1.447610184884167220e-03
1.440526707256768908e-03
9.955983062317629202e-04
1.296221018344579290e-03
1.062597349196863676e-03
1.505037153973999217e-03
1.385795834627971766e-03
9.912181859698838970e-04
8.351433160968666685e-04
9.568557967846192400e-04
8.901895932050150548e-04
8.209722995878565837e-04
8.092152478802157670e-04
7.496587810051028727e-04
1.886893371480582136e-03
1.166321804673154825e-03
1.440024443722637878e-03
8.542010462889493066e-04
8.336974298584157866e-04
9.740549160986166927e-04
1.091897849645718024e-03
8.174204342297965598e-04
8.674419586535711763e-04
8.810992814969942138e-04
7.714165466303138504e-04
1.062364439600364677e-03
8.603359041572884768e-04
8.613311872906941405e-04
8.670323736026515305e-04
8.017783898036551270e-04
8.918415096595810193e-04
9.177821302536063111e-04
8.356086030792384033e-04
7.665248910275427457e-04
7.555346071218637218e-04
6.946475142261800345e-04
7.706674313937495521e-04
8.107813919856927129e-04
7.877501221511684507e-04
1.073745949733983379e-03
9.886687757852360200e-04
7.513650930570824798e-04
1.001864486712569433e-03
9.896094789385431398e-04
1.080565820339359287e-03
1.067500296596673960e-03
8.624745675502180952e-04
1.020754371803183963e-03
8.499667767560222008e-04
1.027275004372382250e-03
1.162809522527537623e-03
1.284969783046674982e-03
7.927304938659532948e-04
8.624900277449548160e-04
8.829095580677471513e-04
1.154381810169350774e-03
8.555309520961091631e-04
8.521188850044727169e-04
1.028351977220841405e-03
7.784243551263335045e-04
1.396441529433660109e-03
1.176294083429383665e-03
8.094591019959125871e-04
9.691526682158324189e-04
7.579073140174248484e-04
1.091421939327450429e-03
9.748396227553206414e-04
1.036702734082535667e-03
8.729829387945620654e-04
7.974459340476774526e-04
1.182391968217175789e-03
7.514638460497964764e-04
1.183487512545250159e-03
8.151697571999406890e-04
7.541410356494788678e-04
1.259532550873641681e-03
9.384289659957339731e-04
8.895437587089998323e-04
9.099734537646412148e-04
1.061147671478599418e-03
8.963960712249370143e-04
9.039646021546748032e-04
8.404895461122295847e-04
9.792265111942116684e-04
1.623342784489832527e-03
9.065531985266846128e-04
8.475065197587736045e-04
8.949248355745882113e-04
7.482015285850313101e-04
8.259297605226969966e-04
9.032875227527143933e-04
1.039842053898653142e-03
8.173458102719708589e-04
8.322247521118093620e-04
7.140997027649724580e-04
7.577504478561057849e-04
7.766853691203827459e-04
1.685346591351679323e-03
9.910016017494879467e-04
6.909468786743460733e-04
7.846549711188666090e-04
8.765345383975939710e-04
9.063854997673740808e-04
1.691166518276835101e-03
1.137738565509199915e-03
1.189998894356842979e-03
8.113763729059829399e-04
8.242929303037290325e-04
7.489981860245932587e-04
1.137781407380308342e-03
7.354037294901724035e-04
7.131245397695434992e-04
1.322123524000903784e-03
1.273534997387447583e-03
8.344878979055388429e-04
7.705033009898930221e-04
7.282100656641236295e-04
7.888091652488476080e-04
7.514297888726984660e-04
9.969131774815469162e-04
8.248049801583948225e-04
1.114684288394619501e-03
8.817774732566201288e-04
8.352263273211803620e-04
9.346986573499031087e-04
1.225154521031762006e-03
8.724135098468896931e-04
7.838803328863875458e-04
7.526729209378782773e-04
7.371497834581573847e-04
1.296040682670463167e-03
8.285175079703146518e-04
9.476988029164735072e-04
1.138190589231686308e-03
8.681778960847181788e-04
7.593087511049259651e-04
1.159528956870738191e-03
8.055253624108998705e-04
2.053055346456251085e-03
1.343870534296211922e-03
9.385540245181117971e-04
9.419535442099496048e-04
8.569616225272529966e-04
9.087093120943996434e-04
8.678067952851112495e-04
1.161765683849251465e-03
1.173635490880455337e-03
1.211394689812528248e-03
9.589906770944146668e-04
8.169952240986865953e-04
9.677747310444544853e-04
1.211168078230940703e-03
9.930068307963423654e-04
8.945418524420485889e-04
1.055227402917259614e-03
7.467861294083440009e-04
9.771928424044448031e-04
1.586061155542518473e-03
1.077940221791344943e-03
7.315503191837505843e-04
8.773074726258707533e-04
1.249409727469254910e-03
1.359910307261717136e-03
9.562169018826206356e-04
9.398221443183065339e-04
1.278833412806733511e-03
8.941606159258111853e-04
1.032101744210864270e-03
7.962949985114251440e-04
8.974487074947236310e-04
9.266089519925168163e-04
1.561696613053283273e-03
9.511245329747431386e-04
9.688131613478854738e-04
1.090598861519280526e-03
8.739624572379213994e-04
9.846855251738862672e-04
1.063801099809906720e-03
8.198492828566502017e-04
1.064299742652192451e-03
1.093257639851831714e-03
7.763696314972722869e-04
7.036933535569570670e-04
7.991670354110404608e-04
1.351421255335184422e-03
8.465113400917483695e-04
8.683011828876628386e-04
9.667034153186362163e-04
9.698196687346497067e-04
1.801175116686275788e-03
1.125778478992386358e-03
9.619144694736311060e-04
1.028362368180151193e-03
1.054815122364699282e-03
7.747782064749015761e-04
1.050822828059138269e-03
7.757461993501211638e-04
8.682216593939745021e-04
1.022040738292681649e-03
1.016590379583380511e-03
1.211545535047050138e-03
8.085318721459733076e-04
7.695807896064051773e-04
8.476261424727510232e-04
7.710178990684240195e-04
8.607130254955754154e-04
8.610959587482952537e-04
1.157506743130956714e-03
1.007627924509924651e-03
7.272433135312909120e-04
1.540695043083621868e-03
9.517230735508848058e-04
7.695855273038742150e-04
9.328717837374309041e-04
9.196501733985212824e-04
9.797699465216289962e-04
8.193042630370128265e-04
7.895668747624486842e-04
8.139796962807525037e-04
8.662197989419437392e-04
1.128247343748276128e-03
9.863468357873884408e-04
9.837781678599488537e-04
1.221360634105895073e-03
7.988163768299029379e-04
1.114368343692791370e-03
1.072196491545653659e-03
8.278982915494850553e-04
6.757210521319573920e-04
8.519542756378723717e-04
9.275894791886554833e-04
7.284709442558469578e-04
7.714273798460446856e-04
8.814769470235092694e-04
9.466201966463049389e-04
9.123134890355336308e-04
8.601464034298227524e-04
7.455415377837250595e-04
8.923747390677212255e-04
1.338048937007827333e-03
7.760459133041118637e-04
9.667458510632036088e-04
1.273190714713082553e-03
1.033751317586365263e-03
8.746186942267019163e-04
7.844737861474433086e-04
1.255790337698712428e-03
9.929468832855002734e-04
1.434916305256930032e-03
1.030017471371009541e-03
8.045548015661991258e-04
1.448732434188019407e-03
1.171091076778566767e-03
9.723518706251165844e-04
8.175709605092571939e-04
8.714207791848573980e-04
9.875118384177635454e-04
9.974627955812438544e-04
1.154191600618112911e-03
6.951630142906745991e-04
8.961315866330669825e-04
8.722525846861640779e-04
1.006710412482149635e-03
7.168399810301335790e-04
1.082559383630442382e-03
1.213302868265419068e-03
8.361245151537782978e-04
7.656173428527016447e-04
6.864244361295444114e-04
1.110208983603652852e-03
8.419080248429443693e-04
1.194626534985619671e-03
1.783767091618168685e-03
1.010141699530871587e-03
1.211551911557397221e-03
1.093001913329110604e-03
8.629961287615538169e-04
9.953937942505052244e-04
8.879093938499605515e-04
7.610709198500159025e-04
8.708867185566447101e-04
1.013133427975075130e-03
1.301979978972762865e-03
1.048940379887217545e-03
1.584278993364181438e-03
8.454270459560324314e-04
8.241545154458932267e-04
9.278927594391683841e-04
1.095531889431745984e-03
2.224386986788493437e-03
8.036329780629432231e-04
9.485071801650322163e-04
9.928986920295123416e-04
7.748379929257590915e-04
1.150813745647284898e-03
1.020332379233442489e-03
8.233468459379492208e-04
7.863154290702920957e-04
9.859965081158031733e-04
1.430696856721058426e-03
1.241319099958665970e-03
1.266798340415980530e-03
8.205569592476548955e-04
9.522290430259995045e-04
1.196203329653130814e-03
1.054801472139004284e-03
1.117895791178148430e-03
7.382349804732130831e-04
8.592888570580420934e-04
8.501234715782720296e-04
2.302063522674674401e-03
8.587636908982442321e-04
8.485848980348860296e-04
1.407449081709546751e-03
7.490429264462815633e-04
9.859827920768878505e-04
8.269923043254044214e-04
8.512634721641915321e-04
1.136301590790396356e-03
1.043550418925740528e-03
1.929220410199843647e-03
8.671922229874341010e-04
1.129545572505665516e-03
7.632211615673892583e-04
9.480521807139250618e-04
9.923989886683856794e-04
9.575371227429109455e-04
1.392914426476733790e-03
7.174275756249787542e-04
9.643136601671970128e-04
7.389512757603385615e-04
1.149297369816688853e-03
7.320734382577633818e-04
7.792291438596504185e-04
9.038721206373037578e-04
1.004772063116845431e-03
8.956384689105496366e-04
7.567567716851125422e-04
8.651138091923309082e-04
7.596109617444006708e-04
1.007369973943403069e-03
1.813110798807692674e-03
1.632486604060202949e-03
9.124066320438236830e-04
9.219129043381050440e-04
8.477110300076952376e-04
9.752988406999152675e-04
8.006061120617773228e-04
1.391439879514698224e-03
1.714616814956984679e-03
7.144088113378057854e-04
1.451127690377285260e-03
9.798342355973441078e-04
7.973454007827607964e-04
1.007037457263554184e-03
9.828290613358564836e-04
1.046071708672319158e-03
8.206932509289073703e-04
1.143955189781593971e-03
1.056214180241475589e-03
9.218852920719754380e-04
1.064877348580265011e-03
1.003948196437427689e-03
9.068728362131242169e-04
8.386764730825175011e-04
1.016701185638880633e-03
1.553257549719314285e-03
1.221466753395596388e-03
9.330996604143746136e-04
8.326068169043870752e-04
9.231126574764163218e-04
8.175150170961245329e-04
8.072124001301214961e-04
9.997956273804374690e-04
1.241889367901419542e-03
7.691353379362233849e-04
7.854636668101462951e-04
6.942251859200741781e-04
1.291150019769403152e-03
7.842658084881862571e-04
9.316134563127445069e-04
8.679204069154863302e-04
8.003977345429443739e-04
9.163882732454705976e-04
9.255664763111405482e-04
1.657596613753039173e-03
8.756134502315988770e-04
8.284793319429546981e-04
1.048475942742197993e-03
1.093172184814147387e-03
1.890269793145742420e-03
1.128835069151160400e-03
8.395790858259208258e-04
7.531578184916894224e-04
1.317409393678705591e-03
1.281411768201026757e-03
1.581767897455093295e-03
1.052239661022109397e-03
8.708443853110427960e-04
9.028998942870234247e-04
7.722697259066718103e-04
1.021202133976964422e-03
8.185098771106129063e-04
1.254863401664044198e-03
8.630506900955107639e-04
1.309761285261821975e-03
1.082208205959257329e-03
7.716573375888637933e-04
7.457140389622826963e-04
1.138423123860194189e-03
1.336685478352647206e-03
8.469946863749851706e-04
7.532812612829177870e-04
8.176463589925037989e-04
7.496804871194894578e-04
6.883772646738576997e-04
1.040199472054066741e-03
9.540157737352617396e-04
1.296277587819059463e-03
8.430728642221672941e-04
8.113723348091618232e-04
9.417041269675801348e-04
1.252265646565411906e-03
1.304943352056803446e-03
1.036708350632755586e-03
9.133822694491038887e-04
6.955923018540387031e-04
9.483141108284162289e-04
6.828908796106596081e-04
1.195723379812438326e-03
8.684612084376702864e-04
8.527571802912981610e-04
1.250183626807888342e-03
7.413969601212225041e-04
7.345549182595430575e-04
7.165332313766081861e-04
8.725577778305483850e-04
1.383860984597088751e-03
8.806975610636423243e-04
6.897538155899020189e-04
1.530601080638182903e-03
1.145054913851852648e-03
1.173696850055750080e-03
9.375880390843989616e-04
9.996644501623689043e-04
7.618424493834050418e-04
1.161386635726667851e-03
1.022839949978423179e-03
1.011233596303517251e-03
8.670582861660769240e-04
1.041863360433714853e-03
9.772442796621093851e-04
7.427165371676418921e-04
8.714017102666405876e-04
1.157043871109708849e-03
7.281416434161098539e-04
1.058156882767996489e-03
1.142033055614074741e-03
9.009648061543848669e-04
1.069455611314649697e-03
1.344301243317399652e-03
1.016326847973360054e-03
2.090263088904651626e-03
1.030784646784915423e-03
7.117086952207019946e-04
1.177371761327038928e-03
7.383621705727593703e-04
8.423728767529146044e-04
9.911244370189439476e-04
7.912623799813652079e-04
1.230452830701214782e-03
9.345240241905608492e-04
1.089959853682612168e-03
9.758420821469350730e-04
1.396797195092835736e-03
1.445774504588838742e-03
1.371182077638929660e-03
7.790814115856807293e-04
1.279187098129623990e-03
1.111115029421133257e-03
8.447040911100327622e-04
8.563249430998144934e-04
1.194697837656411238e-03
1.572546498934307901e-03
9.568596888647324088e-04
9.432921841034837404e-04
1.554748488554125868e-03
9.646223048373206909e-04
1.084120550889004601e-03
9.948902973992940039e-04
1.061079566277136005e-03
7.374697379062886268e-04
8.112034846435811587e-04
1.339818179663182117e-03
1.376824406901479324e-03
7.679746217702386381e-04
9.091100014779739677e-04
1.375007193984760252e-03
9.771274131653872631e-04
9.605139832013572139e-04
8.627887518812296609e-04
1.000037450045518058e-03
8.210712527168886887e-04
1.033965024188589253e-03
1.716061986139669768e-03
1.048026974065821787e-03
8.973261601379127440e-04
1.136058195007330065e-03
1.362390574386265546e-03
9.687780415440582328e-04
1.063435064248453073e-03
9.444911139619202979e-04
8.039767083023160793e-04
1.259213374495282787e-03
1.044088792650408508e-03
1.149881744414476409e-03
1.079240457321411616e-03
9.120380335307104328e-04
9.855915510551074322e-04
9.645458341632454514e-04
1.142699728315553975e-03
8.113058708082229601e-04
9.023040949128958337e-04
1.141993222761205967e-03
7.647789059609435549e-04
9.206441611110553541e-04
9.281912249955833394e-04
9.330527224771714831e-04
7.849516767410010063e-04
8.944136949640555312e-04
8.127529558753106807e-04
8.689781267323638207e-04
1.166153651652766538e-03
8.034622615938178010e-04
8.908128402586976309e-04
9.178116091420358965e-04
8.528295687558412955e-04
7.654840968840347353e-04
1.443720987497756642e-03
8.999173004527971599e-04
9.980387371346798216e-04
9.779178829478715231e-04
7.603205309412548133e-04
1.318069954177448913e-03
1.081976326822335589e-03
1.147095273218966000e-03
7.992310355188011898e-04
7.170197274366327950e-04
7.446342663677418686e-04
1.124222705821931526e-03
7.196065486675662631e-04
7.396618843173644172e-04
1.087895841554129515e-03
1.836161087404452382e-03
1.016365979570379215e-03
7.320033328258926646e-04
9.283770800916562671e-04
9.931866541643360503e-04
1.355511964060863257e-03
8.297971265868619344e-04
1.184232277962183775e-03
8.807954647824360345e-04
1.536809014295166705e-03
1.143172101492356428e-03
1.249213978033769309e-03
1.260711513161636528e-03
7.174534177735818457e-04
9.757243597475675351e-04
7.756816583877239671e-04
1.255322411234574727e-03
7.797640490918656200e-04
1.021505548496388742e-03
7.676190208924548505e-04
8.629534713380209842e-04
9.452029214361492996e-04
8.561166539264557099e-04
1.077673573208626093e-03
1.228641540310419387e-03
1.081722791255666479e-03
1.178741823017785510e-03
9.013701169277320074e-04
9.288282269065564018e-04
8.997842415026096208e-04
6.853374365745395960e-04
9.180267397338068248e-04
1.080275013028828782e-03
1.338319123976975961e-03
8.659584611773781925e-04
1.133649510302213274e-03
1.028827703983940973e-03
1.024140921287497886e-03
8.076662352583766514e-04
8.650738376583937692e-04
7.443509655233939435e-04
1.143690342305729059e-03
9.866019486477707254e-04
8.865683994977280975e-04
6.872662896838147668e-04
8.370199771056978291e-04
1.008643927647879558e-03
7.895402782291073215e-04
9.669849034877913601e-04
1.184612664909180050e-03
1.123029215540102040e-03
9.832012730326138324e-04
9.034901090759726036e-04
1.142411759114487493e-03
8.202230571409408746e-04
1.256020529748701773e-03
9.535098412007869326e-04
9.765742236703806294e-04
9.261719329201137125e-04
1.179069708287025639e-03
9.024906231981648808e-04
7.513629215325887296e-04
9.837938060714220175e-04
8.798801026891646653e-04
6.976279781146845502e-04
1.003256993206573522e-03
1.266491174228877433e-03
9.880542059097253971e-04
1.142133166101297467e-03
8.732694073040177469e-04
9.353240475875271992e-04
1.393300039299927989e-03
8.878557097775786194e-04
6.894865430312753334e-04
9.212799959973399415e-04
1.152290093292950663e-03
8.879608796918439214e-04
1.214281675609292467e-03
9.840802141716396487e-04
1.213679386839961816e-03
1.206717887076074434e-03
8.798627153124447204e-04
8.749040820233433286e-04
1.108322319133145167e-03
9.076291428086420482e-04
8.638764310710008018e-04
9.798849218311566408e-04
1.381307999057467201e-03
1.098738589790099283e-03
8.690323694327783651e-04
9.835610351380226837e-04
1.049954118655377269e-03
1.009929735447747529e-03
1.035257756556514416e-03
9.532777487313867735e-04
8.443813959317407946e-04
1.140548250577912495e-03
8.880951901438221153e-04
9.922123495349226188e-04
1.361302015627429687e-03
9.678837305700164866e-04
1.041527479654611810e-03
1.026513267160711687e-03
6.968270569963277029e-04
9.570860335813976497e-04
7.473990946154456232e-04
9.918625750640933884e-04
1.059437775856234606e-03
8.456519961472120251e-04
1.067623198792148724e-03
1.166238709995044958e-03
1.068406819436449728e-03
8.164166139252778407e-04
1.427070565259518781e-03
7.220362722808147671e-04
8.055242019719460658e-04
7.180287416218414159e-04
1.414265840793341254e-03
8.126462669664663878e-04
9.610597977658947959e-04
8.036526710472101723e-04
7.877761417710715678e-04
7.436428645726527072e-04
7.382115812067571031e-04
7.429012451577724678e-04
8.955395119168068968e-04
1.053700467025723512e-03
1.171100768905534951e-03
7.427751408841770349e-04
1.075253444411706193e-03
8.257512002848432916e-04
1.055689339766099650e-03
8.129380384367075130e-04
1.577666120764905375e-03
8.416865782877636136e-04
1.224032995720011983e-03
1.119638575082213677e-03
8.879731315056614126e-04
7.314176452889281340e-04
8.513534550625837579e-04
6.650559726687978353e-04
7.004641162666222325e-04
7.114857080505440677e-04
8.866901081101925472e-04
7.758118592988302821e-04
6.969350019963633418e-04
9.284080334888663352e-04
7.081241857263920279e-04
8.699139708322275880e-04
1.278560906437426403e-03
9.347026210803749922e-04
1.034105728614818226e-03
1.807996610314561992e-03
8.945054082654383580e-04
8.551763693309589629e-04
6.767185466808711258e-04
1.381732124328092842e-03
1.421148341855093611e-03
9.076094260804057432e-04
7.430635727464885527e-04
8.890896736872660458e-04
8.164726868185995506e-04
7.399062241015726127e-04
6.772411428081823561e-04
1.037177907136153541e-03
7.113491115023662685e-04
9.709907894741965457e-04
9.767924325822479985e-04
6.653263507752651094e-04
7.173865116987230856e-04
1.164972861912502971e-03
9.590027596297864051e-04
1.813746464820493922e-03
1.292987160216240881e-03
8.320797083125202904e-04
7.208009141674793022e-04
7.410726356964315387e-04
1.474499908341804326e-03
6.819334163394964255e-04
1.212575655320038276e-03
9.515314889262572627e-04
8.470166357591486913e-04
8.684813917100532230e-04
9.043899559848231134e-04
1.089479575235265856e-03
8.739594417024958671e-04
8.070030225851474413e-04
8.378655461883622538e-04
7.726380013228680010e-04
7.010907131076864239e-04
1.200911605672573329e-03
7.155957883584994350e-04
7.739290236864417201e-04
1.211013862125462316e-03
1.278921305226458395e-03
8.603404025010264519e-04
7.245031327020393921e-04
1.793972027474341176e-03
1.013375393588956301e-03
8.781678486513075496e-04
8.013450997764561597e-04
1.056559252242889003e-03
8.975392153660712632e-04
9.502471551894699827e-04
1.406557421584686118e-03
1.005787221881414024e-03
8.653429045758852895e-04
8.366740137899592250e-04
1.014398776287461735e-03
7.478870018276436446e-04
9.982281101692841614e-04
8.994251734738451269e-04
1.046781096367049206e-03
9.282097946240792539e-04
1.110027348077494971e-03
1.370910514661328669e-03
8.550808607102180830e-04
1.047876680409666863e-03
1.056154760515011113e-03
8.729482907812979300e-04
1.500864418066084329e-03
1.072441608311523048e-03
1.262680973308120697e-03
9.308502701462324173e-04
6.980624459917774164e-04
1.121709741193786065e-03
1.077214915812732239e-03
1.218114146618990779e-03
9.613715616755245941e-04
9.075343596290511364e-04
7.474458899165041048e-04
7.365277137816878938e-04
1.326443171053691026e-03
8.040721281877244008e-04
1.410807004885586543e-03
1.128937178744898002e-03
8.592652594962007931e-04
8.447282116507162609e-04
9.538392588514198450e-04
1.136865616169986269e-03
1.168890066412430579e-03
9.332341957883551632e-04
6.963686638548866959e-04
8.904693553959256488e-04
7.866541491200181122e-04
9.681621942851520446e-04
7.931781915460506824e-04
1.314957124025048756e-03
7.883812113033081834e-04
1.532976694273893931e-03
9.926641175722170259e-04
8.198223056734513930e-04
8.867235443291883457e-04
8.312743580191939456e-04
7.198652741826932393e-04
8.750580590353108836e-04
9.883642332505404495e-04
1.344970342809208774e-03
1.064109294117837005e-03
8.906218680813620791e-04
8.216287405198502208e-04
9.046042757057979689e-04
1.282939871615051486e-03
1.390412363373364759e-03
9.293971795665117172e-04
1.339216723797650565e-03
1.078172989937205631e-03
1.218686626371190233e-03
1.268624759070002481e-03
8.649102944943716899e-04
1.319373455120694807e-03
1.559083766833326392e-03
1.106537138166127513e-03
1.127572059688671186e-03
1.094807169530868885e-03
1.062377041052460242e-03
8.156349810320512534e-04
9.198233922508771299e-04
8.600513491391973938e-04
9.677820422902120613e-04
1.124542654037079563e-03
1.804234149701334057e-03
8.537985438213678340e-04
9.763859310035742254e-04
1.052336209581011687e-03
7.957305161464776899e-04
1.010857134982599305e-03
9.964168235157251988e-04
7.603306115696515082e-04
1.236810527902840228e-03
1.037264165010292737e-03
1.383322777017642483e-03
8.515445030044170669e-04
8.442254754054617305e-04
8.868397036793126791e-04
1.627525328772414350e-03
1.095238092311585356e-03
1.006649236839049109e-03
7.496716987070190397e-04
1.020034590428741013e-03
1.044285727439948387e-03
1.119309240912703170e-03
9.420817000126040838e-04
1.497003023710625482e-03
8.546797071289168437e-04
9.290920928465874751e-04
1.063221865665699975e-03
7.803085409200963230e-04
7.063053902951991082e-04
7.252621447441414326e-04
1.144124685462615757e-03
8.770635977379882039e-04
9.669841976063813958e-04
1.095187174546858157e-03
9.751206322784395676e-04
8.445407953014464047e-04
1.574478279071526337e-03
8.846566761422928115e-04
1.078369613098003601e-03
8.723876824682925664e-04
8.822331205565870195e-04
8.818511107340838056e-04
1.152963404522067224e-03
8.131437746489354962e-04
1.346334066066483693e-03
8.372903033950084180e-04
9.434703487946068763e-04
8.785285246454324062e-04
1.056317984031480408e-03
9.320073159181726944e-04
9.483008915518455987e-04
8.717833166576776163e-04
2.619856965534984265e-03
9.281167074463287205e-04
1.674382653765346847e-03
9.018057921521859584e-04
7.342127883369958721e-04
1.060770293029920149e-03
7.036903168509531150e-04
6.975792204641199793e-04
8.918831268737377515e-04
7.357540327732450857e-04
1.000567764644696902e-03
8.394960985816272503e-04
1.215497033134250613e-03
9.304624918011878375e-04
9.940060291904039697e-04
7.020969769707254915e-04
8.260825567813847876e-04
6.811736174405924474e-04
8.901902434452071489e-04
1.322595980666763918e-03
9.244295424483154819e-04
1.077103107765486466e-03
1.422377510557463988e-03
8.549066844626098576e-04
1.517530750642626406e-03
1.169192908647263005e-03
7.550439829388979739e-04
8.326328235302269017e-04
8.240748455295846594e-04
1.035936478644675866e-03
1.183069115477237282e-03
7.289383767889528413e-04
7.963166211469000118e-04
1.404715870043200419e-03
7.828454944998377825e-04
9.653630089301396206e-04
9.851309786973495852e-04
8.509712801759267923e-04
8.928662459412777322e-04
9.127353820915136157e-04
7.999025523346347481e-04
7.733376932932278661e-04
8.483564752078855001e-04
1.082141317823363987e-03
7.807197670350562698e-04
1.218078985490948871e-03
1.504905976223089303e-03
9.226327757941569412e-04
1.189128087306883311e-03
8.317982239188906118e-04
1.133855183420784873e-03
1.079288796282512879e-03
8.082120268336331816e-04
7.732611815444671985e-04
8.114422895306399154e-04
7.130563160182924786e-04
7.452383997805423930e-04
1.449524038665581582e-03
9.820383779491025349e-04
7.041301620462336050e-04
8.527043053489278103e-04
1.910740141341259191e-03
1.397794957264749402e-03
9.906716065615195875e-04
1.132740626553583240e-03
9.247755680861798446e-04
9.425560840821988785e-04
1.461264368199106716e-03
9.343543443121451802e-04
1.743632675343945214e-03
1.009604001308378853e-03
8.286392076560259931e-04
1.140007727029736500e-03
1.113306274928381814e-03
1.084245814826279323e-03
1.573355486572198788e-03
7.979066750258124010e-04
6.733125726554286313e-04
1.084973987789015007e-03
1.261271371797805007e-03
8.117194908414320864e-04
7.651391517772576124e-04
8.406683298808001210e-04
7.867738946611636721e-04
1.368251227718815391e-03
