8.219076587002132738e-04
5.422524740411328566e-04
5.530700192068859888e-04
2.262857253059720811e-03
6.953474227361253158e-04
1.192649594209157842e-03
6.310052393906935954e-04
1.275339943448660675e-03
6.081558372361755508e-04
1.534619897327187251e-03
1.097043222118194127e-02
9.362378087237529243e-04
7.440961699553955404e-04
1.379152118645955065e-03
6.995485804435796259e-04
2.542168768593073332e-03
5.947335700632677084e-04
5.795905380204126713e-04
8.771857961539272341e-04
5.974838403703931723e-04
5.353664558905307401e-04
6.515816610240312287e-04
6.626159762216979592e-04
5.888674208778577101e-04
7.585285678205007549e-04
1.138317005020317513e-03
6.029290116543529251e-04
6.461687083016784015e-04
5.398259779489304570e-04
6.319568737448020201e-04
8.719317661518432997e-04
1.224653129213277691e-03
5.475931413848801220e-04
8.620124315791983767e-04
7.166019314726206936e-04
6.084124642022064201e-04
1.306613870085691518e-03
1.300431696046095006e-03
6.127192214519024561e-04
7.603448696024022770e-04
5.443184228683020220e-04
9.518343685219053012e-04
8.987874104885523957e-04
7.772869119200560405e-04
6.517512567728117817e-04
9.412475224891880734e-04
6.421731105742297914e-04
8.564430222162893814e-04
7.941216146961027839e-04
7.492682082225661250e-04
1.044230010798118634e-03
1.544972032223246132e-03
9.119183562499379213e-04
7.508495361783450433e-04
1.409001463413087204e-03
1.941096701532426996e-03
7.378800085690004383e-04
7.616005035084510511e-04
8.042235346387801480e-04
6.328668368677207870e-04
7.336811888903264738e-04
6.514044459588560652e-04
7.595883092279983023e-04
7.424072724683440519e-04
8.102649908293477069e-04
6.287271058368300086e-04
8.124911225393276811e-04
1.552022565967017083e-03
1.463164054078424769e-03
6.175929906613724122e-04
7.152738996797192812e-04
9.576692554414764245e-04
7.169295964023460676e-04
6.507208055835954135e-04
7.622847123338054483e-04
6.413539412937015096e-04
6.006393360401492999e-04
5.498610693092036801e-04
1.892824326596129246e-03
1.505793141110337236e-03
5.585247997078590914e-04
9.595633245278807795e-04
6.758501644412809881e-04
5.864867874730452088e-04
9.471373568223094607e-04
5.614258392747698521e-04
8.512476624150074663e-04
5.501727930259185098e-04
7.297128884898519859e-04
7.503117412316181100e-04
1.505909735030487801e-03
7.325261609005572546e-04
1.364692896481290709e-03
7.931588162180488490e-04
5.891512188903069193e-04
1.149859634458674004e-03
8.276260673668520400e-04
5.589831882819182524e-04
1.072566803909331522e-03
5.312621402960184111e-04
5.984222767013993530e-04
7.186548755234006261e-04
7.529479800531831525e-04
5.572600252796160343e-04
7.572990984223219564e-04
6.767368975866258412e-04
5.689848611800441859e-04
9.905150322850506898e-04
6.911708494490792845e-04
9.640934877208929285e-04
5.442324652576796757e-04
6.445901884254180703e-04
1.059808099938639803e-03
6.582822290985290443e-04
5.859231881382028460e-04
9.622328560389727115e-04
5.999054091941272279e-04
7.544750016951028279e-04
8.144213591501519613e-04
5.779277264921924657e-04
6.916657561571725203e-04
6.512001120651895927e-04
1.386433165910230065e-03
1.260100648232940091e-03
6.733644087875787377e-04
1.197207294873709913e-03
5.931309357270545240e-04
1.003948956425436845e-03
6.910241966411807043e-04
6.001004339235694977e-04
1.151400459524739781e-03
5.671853213229467641e-04
1.127753320432246711e-03
7.992936420326486905e-04
6.200607602270283248e-04
1.035316256559260482e-03
5.550492840121007887e-04
7.184913837165712424e-04
5.333450886983568838e-04
6.704874448317919454e-04
6.184985662603522880e-04
6.100091878533384689e-04
6.170900186377815738e-04
9.357743236256392018e-04
7.976727089739224594e-04
6.340600543149079154e-04
1.029191504508467385e-03
6.039897074181752338e-04
6.908318763547191934e-04
6.623155540306296593e-04
9.912544805331382439e-04
6.159731499714888063e-04
7.047590822832963935e-04
1.008386180211703637e-03
1.146473280352962049e-03
5.718615808040681484e-04
9.561851985132700793e-04
6.005296340146214391e-04
1.057109464916276571e-03
9.783705860013872796e-04
1.039269133464026506e-03
6.440390148781772539e-04
7.692329600983601997e-04
8.514099332060452285e-04
6.997911150488850870e-04
1.148002323713927806e-03
6.056883795349397772e-04
1.243271642174932591e-03
8.328960606674255807e-04
5.592468322105400690e-04
1.857299384128812281e-03
2.523777828461012951e-03
6.754642450598851138e-04
7.153421009766833911e-04
7.445950695105031701e-04
8.072527616179885675e-04
5.975498185904064589e-04
8.662202225615709631e-04
1.564604602940521116e-03
5.862637658149686846e-04
7.169117936406522009e-04
1.790940971350163261e-03
6.190274955046783795e-04
6.739109480316273805e-04
5.501557749773434546e-04
7.609833527775965384e-04
6.186011195082635099e-04
8.167883562172493150e-04
6.318752168020419805e-04
1.234166256435006992e-03
6.222940920345834204e-04
4.852484894945104793e-03
6.240698844059250046e-04
6.659900582829088658e-04
1.197764527571732861e-03
9.951306478602416853e-04
1.023305301271798919e-03
7.058526712606697472e-04
8.390906796372329035e-04
7.807876811278599690e-04
9.506211165676754522e-04
5.687849212366568588e-04
5.823578810298129420e-04
7.209643678000773317e-04
6.006485595050416485e-04
6.802294047497708853e-04
6.503024765628701758e-04
6.285804202931123815e-04
6.390637315777012405e-04
4.149852966812099010e-03
6.046845483330713037e-04
1.346225068937445101e-03
7.090505613039957107e-04
6.382157489866050783e-04
5.621243322510614078e-04
1.042182416681446296e-03
3.606003044001774432e-03
1.044640282691439810e-03
5.380618864032407894e-04
9.505944863264140622e-04
1.291339134934709311e-03
1.806252971064995503e-03
8.787991044033213696e-04
9.023041854042966646e-04
9.138319072398704002e-04
7.150356655118311235e-04
7.642481687987352215e-04
5.333348443658583737e-04
1.537576557841404496e-03
8.017054033866978470e-04
5.981134766085154011e-04
4.785113391964379050e-03
5.885973712736457817e-04
1.140854279416772662e-03
7.316210149984193976e-04
5.492443295935270061e-04
5.736052856496664989e-04
7.546243480720429397e-04
1.587260115504916889e-03
1.104316830351730885e-03
1.625498135424403422e-03
6.441273567987345272e-04
1.204995737479631337e-03
1.512070469075438772e-03
1.018739038509828198e-03
3.221100676461229658e-03
1.203014460749197122e-03
6.061391048612804712e-04
6.912290475289867330e-04
7.663588865309469301e-04
8.626022760527563569e-04
8.072132363653075193e-04
8.703363329323339200e-04
2.153904647095531127e-03
5.443361508660885840e-04
2.865349288738792966e-03
6.420045084840722213e-03
7.687838817756935741e-04
5.993254029558298893e-04
5.885261535430684737e-04
1.159135222365994698e-03
8.593306121952443144e-04
1.155764162885370653e-03
7.097610775682373658e-04
6.856140197692078353e-04
8.625803653175293179e-04
5.918610294790253986e-04
8.408672904783098334e-04
7.833152593908486753e-04
6.939523077606524247e-04
7.193544072110488003e-04
9.450859771652073875e-04
7.364069846228868009e-04
8.650898293394374949e-04
1.303349889687605793e-03
9.036566087223646924e-04
8.152277586561842808e-04
9.391569150340579831e-04
8.212003467872899766e-04
7.239905343896958908e-04
6.530436731286112968e-04
6.900388716407521118e-04
5.945210465947780394e-04
5.363475718604127085e-04
7.505589914072840867e-04
6.966840381776781815e-04
6.544094629029080642e-04
8.727262708934686733e-04
4.500108343478762853e-03
6.110694882579245429e-04
1.211319002595913699e-03
6.611920216931794873e-04
9.274707922032172057e-04
1.622156203996907072e-03
6.587930745404318436e-04
8.712747603125631322e-04
5.917949279738623364e-04
8.728034946666298269e-04
6.498366186703930089e-04
9.602909258545741424e-04
5.432043292585988321e-04
5.836633165458881330e-04
8.314572245770181875e-04
6.802982485133815017e-04
5.678051339106986129e-04
6.995872192590904797e-04
2.729646788411683664e-03
3.165684410318070525e-03
8.262620298421972063e-04
6.148663146892989701e-04
6.646786506148167229e-04
2.170292677313011113e-03
1.128709605110716618e-03
1.056884879655634480e-03
1.246936963343078407e-03
6.232307571881766416e-04
7.391527563303849045e-04
9.500534408600747570e-04
1.035847775683932780e-03
5.522127648159751503e-04
9.908151806612205004e-04
6.948392046301038157e-04
6.027697430872036013e-04
6.995323851078403621e-04
1.570362843471790519e-03
7.012809059983284238e-04
1.062379492248818110e-03
7.078695926292317888e-04
6.915487561836715065e-04
6.881881368205622091e-04
9.535549010323828316e-04
6.397886477482224313e-04
6.326067922602589917e-04
7.000634394551005736e-04
8.641224034632561226e-04
5.759734087521207156e-04
7.770453290515518191e-04
6.147375409177098949e-04
6.662913670202816330e-04
9.996520078440886223e-04
6.529594283474681122e-04
2.331060069303608241e-03
8.895577429034090588e-04
5.939218359946471732e-04
6.216057165407411385e-04
5.907904156123121439e-04
6.664964218167247073e-04
5.718775327046486624e-04
1.414035030043251208e-03
2.036978372574251017e-03
6.540972294807480660e-04
8.924586668712175888e-04
5.882383584065967608e-04
6.271926605893521486e-04
6.998822852624316014e-04
6.501891315419015219e-04
6.087887897632954237e-04
9.008406581580831289e-04
8.020725298341594301e-04
7.983659978518134297e-04
8.760773547428903985e-04
9.764102248949603317e-04
8.201175533099814728e-04
6.648772584244694566e-04
5.901469957625144879e-04
6.420420662226960585e-04
8.685704251616458392e-04
1.162316235249963433e-03
2.510042297953576397e-03
6.499091198218411979e-04
5.543718554867800574e-04
6.852514321479868855e-04
6.539014942975170065e-04
6.106779788402432428e-04
7.971422179255010284e-04
5.818322093233301625e-04
6.012300895602345693e-04
6.690670274969408911e-04
5.358143055954977087e-04
8.544440990028034531e-04
5.889533798670894141e-04
6.369787804611900996e-04
7.113623907739612551e-04
6.273294264053929118e-04
1.221947566983253453e-03
2.118039070201389786e-03
6.864335030980317325e-04
5.846970912924682844e-04
7.128504133636053963e-04
1.551057504388110748e-02
3.462909675958563121e-03
5.349583197591823748e-03
6.554230556831232898e-04
5.793559636099269170e-04
5.709552184358684035e-04
6.915078731257718291e-04
7.996398020453743347e-04
5.333141680668582922e-04
5.692297491989300887e-04
1.658745244710424114e-03
8.585860639434549644e-04
6.881875978106182174e-04
9.060212533122709170e-04
6.967111215330006003e-04
9.387623460393684869e-04
9.134487846370463893e-04
5.624808159196719630e-04
6.680917725064034612e-04
7.997473235249731539e-04
7.005934832850863265e-04
7.142035110050403172e-04
9.777560559375533984e-04
1.536925056747373911e-03
8.014372800135421970e-04
6.873042473289552945e-04
9.111000997575375996e-04
5.265260345989089498e-04
8.282324571399925619e-04
5.693481133186819232e-04
6.190133833472269724e-04
5.741566563572883270e-04
1.359611515844386239e-03
5.555594713260014056e-04
5.476021642784274562e-04
6.731562226759593270e-04
7.531225341248496590e-04
5.935606198915964167e-04
7.667327533761442420e-04
5.824904365196082899e-04
5.878824161776363732e-04
5.914463980294758358e-04
5.599046678043956152e-04
5.780318619025840354e-04
7.799302074985247323e-04
1.719154012131504216e-03
9.283605640986651673e-04
8.971845698481473825e-04
6.269826541854460434e-04
8.055282327654639295e-04
7.447699317704087113e-04
1.039791092840462944e-03
7.668502139697269378e-04
5.895749739129227916e-04
1.065780322805849438e-03
9.470808432445080660e-04
7.204413497579295915e-04
6.203950747001590752e-04
5.486197218574022762e-04
6.152422419139832056e-04
6.787246662634516519e-04
9.960341208179264352e-04
7.603601101648307806e-04
1.028710635246065340e-03
6.286810211435153988e-04
8.439487570806019495e-04
5.459589546126439579e-04
7.261473378226327271e-04
8.642284985320944921e-04
5.850351639650575942e-04
5.865249796482639288e-04
8.438791951774342890e-04
6.260396811759623165e-04
1.501080390837664655e-03
6.439028825678844593e-04
5.480969548500989235e-04
5.651131388566023317e-04
6.610647536694922105e-04
9.778343881988505772e-04
8.098917509122836086e-04
6.778658054621104637e-04
8.793364380982388777e-04
6.548749466738823565e-04
8.129627287648195141e-04
6.056235137796180373e-04
8.755031590705982967e-04
6.703547277060377483e-04
1.001049524521470044e-03
8.198444747551750797e-04
6.695816188733191669e-04
9.048225771320880014e-04
6.968916401255740136e-04
6.515079451167495733e-04
6.136371986811414107e-04
5.890202819818761036e-04
8.110762957473144266e-04
8.880029467906826787e-04
1.526116320480381703e-03
8.429814818998094053e-03
1.413774414594594136e-03
1.077957850637798311e-03
7.879042821600226384e-04
5.578795555593910830e-04
6.103643438545697762e-04
2.415470671788818875e-03
7.013016596430079541e-04
1.057917373595980339e-03
1.188824667439804380e-03
1.052451862551840971e-03
6.181046608859757903e-04
1.031310803807824030e-03
6.132039946661086913e-04
5.890345146531216587e-04
1.103404687566276587e-03
9.952991634086926637e-04
7.589212740972902955e-04
5.420204062134471477e-04
1.207124268773972654e-03
5.904234378972323316e-04
7.000916949659079713e-04
8.092447086666128926e-04
9.667098744554521172e-04
6.255861029880957231e-04
5.605219280641353299e-04
6.319587644231726116e-04
7.564675645543729020e-04
7.302674482459006224e-04
8.318684745363614163e-04
6.354600553893191258e-04
6.699669075128354169e-04
8.538065319273872595e-04
7.879941050203337696e-04
6.006714565238289354e-04
5.562732199057459888e-04
9.588787189372608832e-04
6.810750921569932526e-04
1.640261092364410454e-03
6.129158785062430214e-04
1.228738961456686020e-03
7.882328351379100373e-04
1.835116509785407165e-03
1.090835686723581497e-03
1.893456356245707154e-03
6.437666625051215522e-04
5.846944371988948945e-04
7.047240542640418248e-04
1.200517089638734273e-03
1.170051144841297670e-03
6.310554577665924763e-04
7.451593377117032325e-04
7.753147665747234414e-04
6.757410591215068374e-04
6.980427155567148559e-04
2.269556643939000910e-03
8.656708849991566652e-04
1.283723058429807502e-03
7.958479842924289470e-04
5.345645397404414278e-04
6.058137053200087462e-04
9.835699459436542461e-04
5.481315269211583857e-04
6.489871421451355723e-04
5.717402582101154505e-04
5.638926148660305688e-04
7.361007963453431325e-04
5.484801896466501162e-04
5.592718638720287809e-04
5.760617200851517704e-04
5.537573965102160359e-04
2.538874931584456270e-03
6.974535748439232271e-04
8.678614459912374754e-04
5.338285877234485478e-03
5.538419454347012424e-04
6.780532631210809888e-04
7.861555136443822058e-04
6.772525650841450988e-04
1.072659201908144396e-03
7.591557242490434062e-04
7.697481996553829416e-04
6.336320297507008932e-04
5.447321094476843427e-04
5.856060820295639312e-04
5.282944310197535331e-04
8.800360238014725677e-04
5.426838908129142866e-04
6.411405101373173756e-04
1.201581826552030772e-03
1.340261472267222217e-03
5.631963745916034698e-04
5.834330634932766721e-04
8.363765130318124566e-04
5.250885507650953667e-04
6.086340837864492826e-04
1.375562196239435171e-03
6.383975951365295420e-04
5.947890038272083801e-04
8.003319680292540240e-04
6.271756934652714241e-04
1.530692629634812767e-03
1.849344132892837521e-03
1.078890379882742551e-03
1.254174524984380664e-03
7.895943681799480257e-04
2.375256033030330709e-03
6.601489842324528585e-04
9.443699574003639602e-03
6.020488704153319258e-04
6.300431615595376107e-04
6.852136663828523825e-04
6.415239526694789659e-04
1.002998513499810465e-02
1.013570417469354537e-03
7.249441275576528525e-04
1.118512347162589149e-03
6.587174680445890499e-04
8.068935764202849175e-04
2.601558180350367361e-03
5.607065749340600039e-04
1.004552857660443452e-03
8.567759601774870481e-04
9.241587699737916590e-04
6.454033736467764022e-04
7.542244187021201291e-04
1.136662759050011736e-03
7.397321632894959635e-04
7.059006558056310195e-04
1.126096560489451334e-03
7.465169863998653453e-04
1.053835003050193056e-03
1.372065247240102526e-03
6.377117510891937768e-04
9.468066550678362527e-04
5.816659535470601952e-04
1.193312984905424770e-03
1.034138173875161215e-03
5.653795008978518104e-04
9.029235258157885082e-04
8.871279876945070524e-04
7.724308340604868570e-04
6.085105040453921621e-04
9.634325529943015692e-04
7.745981746874443458e-04
1.273509714440837579e-03
6.843397360245480126e-04
6.702380520741324163e-04
7.997748981997706078e-03
1.019287592475653622e-03
9.759349274002051579e-04
8.325223951076949703e-04
8.993860070377549931e-04
7.515390238200157997e-04
1.101597876548570439e-03
7.449662676697212495e-04
1.896082466533252023e-03
7.353907670970557349e-04
1.632863346970055791e-03
6.059363012062766703e-04
5.795156864837041483e-04
6.757105963763981827e-04
5.444578508627259065e-04
1.577453328815895880e-03
1.548008328556039820e-03
7.335342072263490235e-04
1.078464699668143416e-03
9.017130841473184038e-04
6.422686279196807534e-04
6.138853548727851240e-04
4.147999891617949048e-03
7.252277890051349362e-04
6.401746234586736580e-04
5.325429363341977829e-04
6.133396129332426439e-04
6.561610092807363846e-04
6.789772201610113711e-04
1.131817957617201704e-03
7.226940982209885964e-04
9.838912489642070817e-04
5.564407851280915064e-04
6.355682788192753771e-04
7.944173695813514782e-04
7.139067717020197148e-04
1.100586327311525508e-03
7.634367455241882145e-04
5.904163218492032876e-04
7.012101041196429916e-04
7.941460219187860365e-04
6.223853301072888736e-04
8.674407415761903502e-04
5.777986459031014300e-04
6.271454542377470935e-04
7.265670790442617074e-04
5.831566402373047258e-04
5.351019169151197434e-04
7.093879104462095424e-04
6.816508582415427286e-04
6.123661069506930238e-04
5.997752943772363286e-04
6.617608706974227508e-04
3.068600238101084308e-03
5.920631127177621933e-04
5.723450365507758977e-04
6.041744150956365397e-04
8.973036402165926418e-04
5.929804108917148629e-04
7.011399511172270067e-04
7.477542162701037104e-04
8.333314357552191066e-04
8.023314187253120051e-04
9.500016439513210998e-04
5.681430533491381614e-04
6.667729352141953027e-04
8.713493857972193614e-04
6.132545197407449425e-04
5.977119862535858631e-04
5.626907673632201888e-04
1.091438507729202128e-03
7.614905874652675962e-04
1.047992587195255287e-03
7.370974708582569328e-04
5.599736562680862747e-04
1.561162655225313946e-03
8.631967582504579666e-04
9.320935463862439155e-04
6.770483466262634722e-04
7.664511968790286211e-04
5.822423272467407325e-04
5.505189849419120504e-04
5.499413471433857318e-04
5.286669377839171543e-04
6.104645602075557068e-04
6.120632510065429546e-04
1.150192335217658721e-03
7.244451176210928720e-04
6.807286071533918178e-04
6.585989279332719274e-04
6.604431750611310971e-04
2.712795709373259402e-03
6.373263542865532363e-04
1.004878807224781874e-03
7.649909264180338722e-04
7.104791539996476411e-04
6.805977780590130675e-04
8.627106312123472955e-04
8.018747044875891962e-04
9.517832551460934801e-04
8.414147410760413172e-04
1.827441636626545496e-03
5.625650062491396658e-04
9.715774445182942965e-04
6.122798388365807871e-04
6.284906419376837770e-04
6.257695984689582878e-04
5.765418288383095851e-04
8.480681382021463405e-04
6.586937595472750276e-04
1.724428830387085337e-03
7.224976237130164604e-03
1.338288895316483039e-03
6.769036109035409367e-04
7.890828494920271554e-04
5.251460768097943000e-04
1.023267070236949516e-03
1.062044122470227371e-03
6.045451339547821146e-04
8.194724418337806255e-04
7.493727076348226943e-04
6.217126213964796954e-04
7.021023160584579639e-04
6.039676661232453890e-04
7.055839499839823992e-04
7.090739592838201906e-04
7.082567020900875547e-04
6.468028296164509815e-04
6.276952733543065838e-04
1.163924176477740616e-03
5.319939428079728874e-04
1.945426604422578493e-03
6.011735957699393352e-04
8.404646626149020429e-04
2.067578288290573742e-03
6.914968685075367164e-04
1.559663182101711726e-03
8.795784763033279424e-04
9.866473488628257817e-04
6.665535228570887471e-04
1.104348622514487229e-03
6.691519128522241400e-04
1.509413038063155740e-03
7.667220108498638224e-04
8.145609286920283158e-04
6.742280281187800059e-04
7.825351320857980297e-04
9.069052820651694576e-04
1.063205227398665012e-03
6.932517153991295646e-04
9.479260415443313201e-04
1.560393454573562148e-03
6.594956019892540865e-04
2.158431044514319466e-03
6.321166272126274880e-04
1.051578105710229694e-03
5.877146355021654629e-04
1.275441885805624585e-03
5.516935496178140613e-04
6.290272303704687882e-04
1.069088624132637872e-03
7.106945118552287707e-04
9.869815320396920898e-04
6.140454979771360015e-04
6.377514549699697796e-04
9.854283573207361490e-04
4.829328761201481975e-03
7.969325699315988124e-03
9.138540512659630143e-04
5.807294499464785023e-04
1.514300960312912631e-03
6.809564335166262737e-04
9.895190778346849968e-04
8.841248111734482029e-04
7.971279749612718854e-04
1.807794072759627687e-03
6.449075967315608766e-04
1.310767313444036576e-03
9.818852670585458998e-04
7.297604251731853748e-04
4.351628998421421674e-03
6.999546528262358056e-04
1.226911584934886352e-03
6.910663968770401839e-04
1.880615115663346716e-03
6.098324709569515360e-04
6.499962140967918515e-04
6.805901472174139466e-04
8.143557278423552929e-04
5.606687379502580358e-04
5.608249027408910691e-04
1.263664570584420704e-03
1.084039481649612087e-03
7.678043297573737200e-04
7.133383609940739277e-04
9.170954115828090000e-04
5.497016992453891172e-04
1.029673989688931115e-03
1.317887593500905981e-03
1.622344913532831586e-03
7.987031850604202213e-04
8.202655087641665729e-04
1.186408035472829442e-03
6.498979841707197211e-04
1.068736807665109957e-03
9.124889997951820099e-04
6.739223956594395408e-04
6.317559919736278175e-04
1.207618090475701296e-03
6.334726024157307390e-04
9.753846466018102190e-04
1.296449504331818577e-03
5.655632072018263812e-04
1.205251248669302879e-03
1.305549889079496689e-03
8.424342422505324375e-04
6.940512833788482728e-04
6.067016955001035446e-04
7.627648916068233967e-04
8.543582133194544889e-04
5.436488714146074479e-04
5.800658598868669484e-04
5.866301790007055197e-04
5.284103667714873040e-04
3.465027241586867562e-03
1.602975015386853873e-03
8.830221462395288585e-04
8.210665571665295634e-04
8.046200056126709497e-04
6.377557412884890834e-04
8.562629760039595049e-04
5.938392718877973011e-04
9.203945275246864198e-04
5.812535692818435618e-04
5.899714885993343925e-04
6.167747429607669651e-04
7.249617252374192591e-04
9.284686158068673062e-04
6.514618380766594918e-04
9.826148425064733672e-04
1.629029858572322333e-03
7.492803656137482157e-04
5.416775148691037973e-04
9.672973958713236694e-04
7.680863626419379272e-04
1.230393698993548137e-03
1.158460658299129663e-03
5.834814236137190330e-04
6.728756572071439282e-04
5.743216882676168691e-04
6.732388508702165635e-04
6.743738099218604025e-04
7.531683860742059396e-04
6.635667628502273053e-04
5.722947067657607094e-04
9.419093424973456943e-04
9.813392503183583984e-04
4.888163511358476453e-03
8.532823113256012785e-04
8.703648907734393755e-04
5.672895159125649570e-04
5.899833333632154833e-04
6.941433030474953398e-04
8.365232042537531663e-04
1.003148476858433530e-02
1.319595936145758364e-03
1.083101936721509329e-03
6.470605856977764943e-04
6.798932043246313150e-04
8.061158408564343290e-04
6.848230969405610328e-04
5.761563171470601100e-04
9.234045667728179793e-03
6.216367101291182242e-04
7.209376509150750402e-04
1.562588081479867295e-03
1.362893217740638891e-03
1.150523138981982040e-03
8.423445028797989708e-04
5.635666889268073571e-04
7.655646684824492362e-04
6.208428455801767634e-04
5.777311833333595090e-04
6.260224226146891792e-04
6.247001291145238199e-04
8.179411223901095294e-04
9.539575899497119808e-04
6.267819683557924451e-04
6.898165142932120722e-04
5.859016492488305873e-04
1.192874709245112744e-03
6.003479585522228292e-04
7.584399954286594973e-04
7.300850866786343226e-04
5.486523428902482635e-04
2.434284476931377738e-03
6.134967132618205331e-04
5.441526604627067729e-04
5.740569995438288709e-04
2.885566195196445378e-03
7.380606627986070322e-04
7.433500112472847228e-04
9.363766835864860763e-04
7.155267933635126552e-04
6.175992050150781905e-04
8.108141477332604999e-04
1.148342910411473969e-03
8.762955136733278569e-04
9.114663911286416181e-04
7.875229756676915219e-04
1.692609729378415171e-03
1.009657109062855711e-03
5.512747039976940511e-04
9.784283539451977402e-04
6.434645600358700592e-04
6.428515239260521215e-04
6.105947731605322355e-04
5.770350651518614928e-04
6.794606121997330767e-04
8.182339188698024282e-04
1.663927370757437062e-03
6.678415362888305822e-04
6.203877317837284706e-04
8.496820615741430697e-04
1.004118002662221162e-03
1.015150287579846908e-03
7.252953845202299342e-04
5.785639606482869757e-04
6.312613845300562741e-04
6.347661279075420210e-04
7.002670015232285603e-04
5.874135394993656003e-04
7.570815570740039484e-04
5.591365702593219765e-04
1.432340412076632628e-03
7.215181659695113405e-04
8.400870318572130433e-04
5.633868446987076034e-04
7.382134001962489030e-04
1.595501430356292740e-03
6.215656446920325359e-04
7.271190249035833480e-04
6.709677639442903838e-04
6.943854855889943075e-04
1.892933665196560667e-03
5.890863259874911826e-04
6.284280294654653268e-04
7.290772453701609970e-04
5.593473697748294320e-04
7.685251296845619631e-04
9.230731406080856707e-04
7.470270610271655684e-04
6.375697707885134673e-04
1.481776474681351487e-03
8.992210555439576324e-04
8.226858962416417481e-04
1.066901438335834951e-03
8.014940539282086130e-04
8.944926397460848701e-04
6.878501337550685943e-04
5.612672747026657303e-04
7.850154268317967050e-04
5.805311244997393098e-04
7.088191647491314017e-04
5.553185774880215527e-04
