6.660493418369421992e-01
5.770843975145690807e-01
8.423735232058671141e-01
3.561679561362427471e-01
8.458179091319411036e-01
6.681676737819247647e-01
2.494339384919328495e-01
4.941793185946101175e-01
4.469699485439826980e-01
7.215113876555485639e-01
5.826378965153493628e-01
6.212049444970645373e-01
3.613952653989546127e-01
6.676533977362731909e-01
8.306617335412238567e-01
8.550733387969388088e-01
5.143647410866353242e-01
6.136091789429756194e-01
6.157491421890810557e-01
5.872382319064030076e-01
5.161081016940007871e-01
7.961993460912351050e-01
5.622485416662903468e-01
7.679486656473387685e-01
7.802188219532286695e-01
5.320058903290163510e-01
8.341123999988107052e-01
6.846838442809453085e-01
4.203975960489779728e-01
8.501718558088032784e-01
8.464770111480861559e-01
4.912062670241328366e-01
5.848933700628430321e-01
7.603907596988791484e-01
6.100749217921633827e-01
6.789777358679158770e-01
8.211799867445119805e-01
3.265712755002826984e-01
6.092201112150013032e-01
5.140255030474142339e-01
7.078772545299638619e-01
6.370922583066498390e-01
5.843318675421761421e-01
6.463175724250591614e-01
4.147390023273748172e-01
5.435809214165553405e-01
4.549402159268435830e-01
7.478226732731860782e-01
8.260009932206369143e-01
6.591350193065891316e-01
7.914802119472951203e-01
3.476992022170629637e-01
7.226235143869230715e-01
5.154272453852395408e-01
2.585152503388457590e-01
7.614157683894680062e-01
6.165077725336707282e-01
7.493479822884409058e-01
7.920815390174452686e-01
4.061501469656120800e-01
7.373047807953199140e-01
6.665062182554241099e-01
5.417368091792794660e-01
7.835669383090291262e-01
7.928667802681684806e-01
6.887203822713884316e-01
7.624658945427577050e-01
5.016552049188455209e-01
8.048251789978146942e-01
7.861409300433447322e-01
8.473390433300587166e-01
5.846141500646117040e-01
5.091365439289303740e-01
6.352833539378677230e-01
7.207724180884069742e-01
6.728551965650507727e-01
7.944860669254764085e-01
7.537564308814028724e-01
8.470869721728323531e-01
5.571602095515911790e-01
8.036439377094077852e-01
7.090416087889013230e-01
6.094351655460450434e-01
5.029981871182058750e-01
5.345746936883323253e-01
4.292627156987360304e-01
2.313336265802174441e-01
3.713735658993108646e-01
4.891252212814949374e-01
7.047400365633322838e-01
4.081896296732088758e-01
4.449094375307076077e-01
4.723465058987247334e-01
6.243113179144682556e-01
4.085806190383500236e-01
5.008347945276760971e-01
4.027507253377277108e-01
5.989861899505227738e-01
8.021562443525649400e-01
6.427458873608317136e-01
5.497801688177149648e-01
3.814774255181038187e-01
7.479733324584424414e-01
8.335060487780550087e-01
5.533156895104176520e-01
4.725407092693084121e-01
5.618129246523060338e-01
3.311408397921052349e-01
3.430162619451221917e-01
4.594384410616066394e-01
6.993716990553071611e-01
8.309846287241174911e-01
6.724285106945356860e-01
8.509720522185335589e-01
4.039777945221879607e-01
5.865176058374949042e-01
5.722913022678421946e-01
5.873954336214629590e-01
3.656446569339371067e-01
7.976942896616999734e-01
6.447850357175639591e-01
7.617782676211229953e-01
5.431195423024800517e-01
4.916087275172332793e-01
8.555700307600401233e-01
6.054563200356141150e-01
7.967896040905613209e-01
6.067174186326195207e-01
6.825571395362105553e-01
5.508610979696147991e-01
6.775728778767112770e-01
8.447555601256551139e-01
4.266342884547159597e-01
5.664956439917928632e-01
6.589042548996721926e-01
8.479894495862179138e-01
5.440151963357792164e-01
3.233798244866773475e-01
7.248077571402280483e-01
6.286418080636166916e-01
5.778406128055484370e-01
6.639993448173932000e-01
4.085587536577109380e-01
6.663249232864409954e-01
7.291499913303696179e-01
7.610576540464391027e-01
7.725951251008018605e-01
6.549047289160345731e-01
7.104948578447553009e-01
8.252603719161543117e-01
4.170751290598035954e-01
3.796279435282972625e-01
3.936056078306928163e-01
7.800343989148541546e-01
4.872253816542199689e-01
7.552735731913996498e-01
6.878471887381232275e-01
5.392923369089589469e-01
3.755334263431389097e-01
8.512093784023042620e-01
7.125197475753750620e-01
3.414515530043656932e-01
3.217756731827756678e-01
7.992337874576190826e-01
6.607052966212604295e-01
8.437026158158505984e-01
3.926157372424876613e-01
6.588604214315114671e-01
6.226997225539604441e-01
5.991622940777515671e-01
7.432916838900868184e-01
6.144717608110983331e-01
6.754848363005779843e-01
5.834507670112756283e-01
7.493358517317666445e-01
3.055634130543795624e-01
6.605711077784363061e-01
6.946576425104391550e-01
7.957869250412068496e-01
7.014508230019532720e-01
6.581632366874766715e-01
8.226470647799125624e-01
2.711224556718686007e-01
6.339968629226859775e-01
6.078740509012992010e-01
7.943664797301627223e-01
8.219344187730203144e-01
6.544780146633610851e-01
7.695033424277029077e-01
4.508453816208560228e-01
7.342267280957742726e-01
8.539216363509849472e-01
8.481933845414585393e-01
6.777144847989197141e-01
4.248940550728034782e-01
7.145661292146150423e-01
8.565672787935989518e-01
6.610687562948761586e-01
5.474967300961625094e-01
7.466739529641102102e-01
3.108908144859788281e-01
7.776330956003160155e-01
7.558464855475874877e-01
6.243042084292026450e-01
3.035148634616307572e-01
6.878234258340968355e-01
6.804559146910849066e-01
4.430512797092977517e-01
7.668124217054586023e-01
6.444691674354626754e-01
5.765626692542555887e-01
8.469604923283090558e-01
7.499496295886274311e-01
7.729344341203012725e-01
5.749173851159743442e-01
4.087420062476834759e-01
6.322544296704374345e-01
5.010441317268979899e-01
7.824557444009877516e-01
6.471550970322184071e-01
3.628646433601398491e-01
6.745952345205545875e-01
7.247101994793974100e-01
7.408215204261867637e-01
7.241892526361307647e-01
6.509066835173776822e-01
8.021035601416351968e-01
7.878172102625713435e-01
8.184458343547149628e-01
3.002667103012863770e-01
7.772968098234169787e-01
6.076432141957037736e-01
7.229580468015650574e-01
7.222892123223294547e-01
5.972138182048276622e-01
7.988805973432971941e-01
6.019821149554472894e-01
5.620510490719294872e-01
7.291631884713331013e-01
7.468407088035246000e-01
6.634818259293062681e-01
8.340440254448850954e-01
7.336375483686840004e-01
7.208516847353451107e-01
7.692957658473983384e-01
8.012966772530307757e-01
8.357190166459899094e-01
8.059157589810056477e-01
7.345952256288571514e-01
4.539755366175921014e-01
4.115375254487960710e-01
1.664912016406236706e-01
6.708812568583774061e-01
3.079559415838485359e-01
5.790054133846743722e-01
7.465121505176133265e-01
1.399320176845360864e-01
5.215413674139318667e-01
7.752369200048123687e-01
6.675469411948480314e-01
4.321657351389004420e-01
6.740448334618345250e-01
7.839083092520608975e-01
8.134753216940650011e-01
8.157442127016953926e-01
7.709327148302079769e-01
8.253030513102391774e-01
7.720184218400986120e-01
6.237515494369575419e-01
4.013370193365281002e-01
6.251921709578908137e-01
5.488100892410667786e-01
5.224619510449974857e-01
4.966314881990052665e-01
5.453310602671875840e-01
7.148816407222737812e-01
5.727743290530691311e-01
2.217808684584349765e-01
6.531279822220543707e-01
7.146328829003107952e-01
7.983455948836732929e-01
4.630755233650097891e-01
5.815621304179909856e-01
7.949006524757900038e-01
5.860603794371896935e-01
7.678352965724224433e-01
8.221640011358929412e-01
3.778849611174333600e-01
4.129832932108022381e-01
6.313337618743811719e-01
4.652458877358292000e-01
5.744066584471161363e-01
7.540124200846300973e-01
3.123288821180422170e-01
7.110802455806143341e-01
7.656408178310255552e-01
1.822866822901620942e-01
6.674486109007957690e-01
7.264387350845737945e-01
1.651800500229680391e-01
8.150301528371854953e-01
8.545658060222657282e-01
4.929937460248665637e-01
5.894052966106869684e-01
7.541899809563751278e-01
4.264681055311648761e-01
7.998561361765550437e-01
8.295017755848581587e-01
3.087967255628252805e-01
7.591247280463913061e-01
7.137349121310866407e-01
7.587115529261110325e-01
3.863397362239957000e-01
5.422268399940470829e-01
7.536870321782689341e-01
4.726492335044458204e-01
2.231166818796979090e-01
3.330779517137852919e-01
4.852511609640769996e-01
6.947071056754985374e-01
7.230859211135901576e-01
5.136968754973009199e-01
8.460091919462640053e-01
8.063920007902448672e-01
5.975293586147493174e-01
6.126192746044789583e-01
6.168991028276158417e-01
7.424322914611379831e-01
8.183747413523948522e-01
7.346203826232632350e-01
7.850884737519540080e-01
8.420012265797102158e-01
5.848792700551954660e-01
7.396098894603904128e-01
8.172677212766239485e-01
7.041366548902741052e-01
8.491296685787689258e-01
3.929891428537465869e-01
8.172233512167486058e-01
7.675315684218293466e-01
3.186429734305921135e-01
7.940036342644938294e-01
4.241284823402657889e-01
7.909770595471700139e-01
7.810333385826971897e-01
7.805518968082385545e-01
2.301851193837659015e-01
7.340365769222028103e-01
8.503885847066298131e-01
7.771993138979388371e-01
5.762513077186788291e-01
5.691186844775363296e-01
2.979933022029678802e-01
5.424125671913996305e-01
7.504957913272997105e-01
5.318356607798626623e-01
2.320314332406903379e-01
6.900384638156720207e-01
7.427563365284587382e-01
3.460189659180397670e-01
5.377371888086247553e-01
6.386578986254864976e-01
6.449029045907576085e-01
3.681788866055601406e-01
6.675725746299664420e-01
7.247139491975098657e-01
5.037210449110833821e-01
3.638745875783395700e-01
6.145540452603530657e-01
3.693896298242866916e-01
7.248276188903306494e-01
7.050277409047621680e-01
8.332159696733170140e-01
4.978016710311022330e-01
3.994381354870822909e-01
5.276825466511985141e-01
7.421481510968492845e-01
6.791794159151947063e-01
5.402745450121040349e-01
7.057618843417783339e-01
5.913655745573249689e-01
6.599050842426706920e-01
6.419276008277463585e-01
5.237322650419352632e-01
7.503384550756065918e-01
7.055827657429831756e-01
7.451506848992304199e-01
7.796341336019448898e-01
5.618786277515103178e-01
7.597376799980978257e-01
4.219090013275512696e-01
4.020248676885849748e-01
8.320047076833025912e-01
1.661397643408752123e-01
6.854465405134908540e-01
8.341641854218470042e-01
8.112531849402488948e-01
7.067720120394992422e-01
8.309957971098697049e-01
6.694721831722428851e-01
6.579001753483287862e-01
8.545109141513232975e-01
6.901367084866082413e-01
4.571643723304106843e-01
8.529749113698036345e-01
7.789803269010215914e-01
5.241710010595675984e-01
5.527939710443583454e-01
7.093160091779971976e-01
8.092837912247344834e-01
8.096438602501432324e-01
4.677999405147421075e-01
4.514116623757220004e-01
8.203298465390563843e-01
4.217376067991665534e-01
6.874029597264209590e-01
5.095208673810210920e-01
5.085028351396658763e-01
6.912976731152357113e-01
5.622223060548292572e-01
6.376823129023765357e-01
7.477789391570054400e-01
6.292893450083364426e-01
8.421354763709308910e-01
3.992014649448396013e-01
7.488125365105842146e-01
7.257007026127627602e-01
8.159619334713407168e-01
8.226016146704134835e-01
7.141442142090455025e-01
6.216827821812872523e-01
6.253786225400662646e-01
4.629121329705574994e-01
6.404273476937136778e-01
8.115877343672381894e-01
6.833465550133814848e-01
4.923749312693647684e-01
4.344859662244622278e-01
7.228450538176406370e-01
3.679430703522197366e-01
6.063032934761134474e-01
7.328646229611558427e-01
6.625773082547105064e-01
5.746155779278887543e-01
5.991298161186139337e-01
8.404017168037921648e-01
3.942298796229992686e-01
7.237261311367217953e-01
8.359012465414921156e-01
8.471523807223322322e-01
7.823631675844439082e-01
8.212393225319104539e-01
7.509984219400303029e-01
8.113537834292867679e-01
6.635135633145148315e-01
5.650574088252331428e-01
8.347520001571350212e-01
8.199956190186532545e-01
4.180366427785742189e-01
2.252424793204429732e-01
2.639915765141155335e-01
3.445974222086910510e-01
2.300213841468491949e-01
7.774170357935632492e-01
7.929659715831290923e-01
7.010619260204205005e-01
8.260904082251824265e-01
5.719141406907810588e-01
8.288416632990679433e-01
8.134163813874848437e-01
8.266067621888467665e-01
6.519025520032732945e-01
6.429181789683262593e-01
3.998264910373359182e-01
3.658503180996036663e-01
5.342992155802188670e-01
6.432384028749069671e-01
7.707874683662870874e-01
8.174558327688742354e-01
5.046423231808374599e-01
6.896127269543944616e-01
4.934236410176865428e-01
5.920477059608516557e-01
4.399512408615771086e-01
6.866149238479278827e-01
3.398961961484409100e-01
7.646943014049729648e-01
8.368163387226675853e-01
3.223076593028063597e-01
1.448278546844442849e-01
8.298115001897891085e-01
8.107157763709995635e-01
8.427320087719067931e-01
4.677377440116236018e-01
3.897621306998801383e-01
6.221200542313459758e-01
4.232926122699323113e-01
5.646999783270930662e-01
5.012235649585112807e-01
4.106884906980667882e-01
4.063167671720485652e-01
5.149430533280927591e-01
8.023208950148115193e-01
8.199771927689525342e-01
6.555684020910192977e-01
7.702609818787153895e-01
7.869633013547843170e-01
8.494566784488776223e-01
4.146964871631373950e-01
5.441449978366361684e-01
7.622283413108388306e-01
6.146256828926959237e-01
5.634284756713611175e-01
5.618550631195476930e-01
7.325572263536389572e-01
6.221078135138331522e-01
7.798258655694877417e-01
5.990834400619095002e-01
3.980596195167250828e-01
3.157397402584939394e-01
5.030611778100515519e-01
7.299913507029818227e-01
5.325037352142436564e-01
5.982122517938954775e-01
3.870640069568871966e-01
8.498474585883094568e-01
5.621449311573151197e-01
7.937091533400426613e-01
5.664388845923804539e-01
4.947476047023320889e-01
5.481257159081235342e-01
7.950960566477631719e-01
3.929412457998189834e-01
4.130858793735935341e-01
7.648255137897874700e-01
5.522283635000583280e-01
7.556833319827034323e-01
8.552367088314080101e-01
8.527086694887724416e-01
8.340423996855629296e-01
7.317894330779567413e-01
8.171117388814680416e-01
8.085536668061608090e-01
4.918977983225947259e-01
8.116770801115559264e-01
6.837917202711083497e-01
5.423003457161945651e-01
7.242124465596204708e-01
3.815308335966778319e-01
7.145870325511067822e-01
7.013030084938988162e-01
4.581636255616740039e-01
5.884629459027758136e-01
6.539451354558598606e-01
7.115344722914909159e-01
4.436776613287324866e-01
7.066851655136086041e-01
6.453428058497426845e-01
7.870736494030403652e-01
6.396099599206420683e-01
6.288138724077760866e-01
6.571554932327874354e-01
7.249040466472485011e-01
5.481003615211097468e-01
7.343815452028820134e-01
6.678514770218184626e-01
7.525615591465080190e-01
5.732460285055778204e-01
3.732662263708060313e-01
4.216450166388358012e-01
6.090797047104170581e-01
7.926078194139650757e-01
5.899934635528181204e-01
6.493500555660062235e-01
3.678455064655500317e-01
6.854466286708028600e-01
7.396397075716198977e-01
4.088458420612121058e-01
5.931813351158596870e-01
6.439751530316319972e-01
5.708294081092267769e-01
7.644839791659886474e-01
5.654226247816240836e-01
4.797019704086594172e-01
8.500287528241825541e-01
6.618402470301214535e-01
7.964564067941930503e-01
5.623436520114498682e-01
6.386118583781471569e-01
8.451420073817822454e-01
4.409160889086215507e-01
6.745333834475305546e-01
5.883831543802325870e-01
7.375162741970928693e-01
5.269644222007539014e-01
4.576923669909357395e-01
5.946633272472483522e-01
8.478626473079786674e-01
7.584089376041059927e-01
6.354087948416554665e-01
6.585705446650235162e-01
2.729690770729497618e-01
6.076926442684407181e-01
6.735978486468138238e-01
7.251078322022688205e-01
4.122549929597662532e-01
4.910778059059389133e-01
8.348512041456649380e-01
5.840750961849745515e-01
7.915479457776734007e-01
5.211305992197903247e-01
6.313436810830839185e-01
7.290112092670701927e-01
5.743703736385642467e-01
7.783064119709289796e-01
6.564131156487702512e-01
8.526075508042101347e-01
5.701917326919044848e-01
2.780924298950021023e-01
5.571780615209163123e-01
5.465264710678890969e-01
7.420583686061217321e-01
6.219115066466942565e-01
6.204183347046073882e-01
8.471707453134563748e-01
4.413591730200885355e-01
7.560739472839970166e-01
7.258293090058774988e-01
7.715827741632590442e-01
3.496755696976672212e-01
5.266158445229649487e-01
6.766147340380649355e-01
5.096174516606144511e-01
4.959872005952997709e-01
7.614461180037778165e-01
4.193432275205729032e-01
7.286048387984771502e-01
6.238638439654614620e-01
8.553816277901731269e-01
6.325818447361162278e-01
3.648334035279042209e-01
7.163257651236876189e-01
5.479245994407623277e-01
4.253892348453322536e-01
3.532257328380435379e-01
3.985528922620411585e-01
7.851360007840633148e-01
7.804063315814215862e-01
8.398071446956056896e-01
6.085529845898648427e-01
7.096971707239584370e-01
8.464258237952239083e-01
7.388747529936328107e-01
8.236722741608520915e-01
2.431894421388997862e-01
8.239746533459978428e-01
7.130745390844140941e-01
8.530662278240426222e-01
8.106884430606013936e-01
7.308725762067416198e-01
4.729314845593809991e-01
6.342036861880120391e-01
8.429276581157950643e-01
4.782310317645260267e-01
8.565362190989905811e-01
8.360754130418585062e-01
4.802463163631500720e-01
4.419454924175387212e-01
2.812975997362624492e-01
6.805560983009536491e-01
6.805231858339769735e-01
6.008751808088151902e-01
7.878129197561326569e-01
8.113777011730333166e-01
7.603935742409630993e-01
7.811270627613459139e-01
7.390038491719559399e-01
7.681648232373590179e-01
7.295735597022460217e-01
6.127158887583277203e-01
6.377415744468113434e-01
8.515094061242558521e-01
7.505297803355562847e-01
6.169064837689233194e-01
3.249581180764122834e-01
7.983059326639783126e-01
6.491311909228563160e-01
6.451051987561109424e-01
7.851829213150661735e-01
3.915107171103423545e-01
5.015900073712764584e-01
3.016697357277698388e-01
7.107771439856743756e-01
4.832320458156624254e-01
5.667828357667641370e-01
7.671236932497318417e-01
7.076836562582172752e-01
5.985213750999421878e-01
6.462790489233941615e-01
8.375876253276018923e-01
8.061373144428874982e-01
7.792008734102049416e-01
7.781492591633784039e-01
7.621428139702116633e-01
7.974516591882330196e-01
2.123152537603971157e-01
6.835730142336911008e-01
7.462253686691601162e-01
5.614373156387916231e-01
6.214219765580072385e-01
6.533672004802030253e-01
7.720904592751227646e-01
3.708793002285435403e-01
8.474803466740508107e-01
7.158503188743037260e-01
5.946210192354498547e-01
4.497386004547273552e-01
4.815205624345520463e-01
6.098984500460614688e-01
7.815763763436760492e-01
5.161938347755816725e-01
7.643833678018828737e-01
8.376142520717221318e-01
6.013458855520416035e-01
6.097816256885880692e-01
8.167597439373233126e-01
5.096654635537870570e-01
7.405147430838896483e-01
1.316386167019059916e-01
4.343910670127593132e-01
5.574963735571102363e-01
7.382208483156631473e-01
7.053952034394330717e-01
6.649889660681606030e-01
8.212488175146417380e-01
7.633051787482769690e-01
7.555522297770713713e-01
5.863847541271168806e-01
7.245643599781799171e-01
8.311573795089285399e-01
6.007579136634941808e-01
5.792577087895856014e-01
7.482598175729791024e-01
5.127208979127686472e-01
6.257874044832968385e-01
6.440024730524472885e-01
6.813140056043239801e-01
6.221182173906560919e-01
4.165586164549731074e-01
7.076928377392905922e-01
6.403922142314247834e-01
5.413114900534529150e-01
8.539916983260578132e-01
7.942891210429023907e-01
6.142369903980426926e-01
5.683589314090923272e-01
4.248052303849545464e-01
8.433028970677001190e-01
5.771399528204415041e-01
7.106394517976828418e-01
5.216114297384160103e-01
8.462145163405588866e-01
8.436488412344536059e-01
6.586233951645993345e-01
3.795660531823872863e-01
5.088106777368468503e-01
4.531766045133233112e-01
8.034322538608128506e-01
7.847909742762131380e-01
4.892815089328707012e-01
7.367008576323609281e-01
7.933585425508042910e-01
8.138482110717164542e-01
7.776366647996217907e-01
7.747279731451667262e-01
7.192204494099465606e-01
7.606120815248396116e-01
7.119349472129737899e-01
7.186100180575653029e-01
6.900706613631670816e-01
5.251329277330301082e-01
8.340571724286625077e-01
4.197160042129825519e-01
7.836866833694137169e-01
8.539699491585134306e-01
4.045388257101993346e-01
7.624244813997550496e-01
6.032349158263333733e-01
3.336606171675232102e-01
7.284835922451526891e-01
6.080474006353345784e-01
6.213697895839928043e-01
3.953638555299812674e-01
4.350132933169223448e-01
1.323011216641559740e-01
2.420968981644815166e-01
8.375587193074541803e-01
6.858571619051009316e-01
7.575940894665305070e-01
7.526692342629262011e-01
5.046852611292415025e-01
2.286642386326613874e-01
3.752159489091092537e-01
7.162718534148534433e-01
2.381190590679381769e-01
7.902640459296259579e-01
7.575602049604257537e-01
7.876247058121621514e-01
6.963431555088902547e-01
5.393204787862427851e-01
8.409065213737122457e-01
6.630841528509519023e-01
5.596655192630554110e-01
3.842682599898923912e-01
4.835290557665246070e-01
5.833753833306147829e-01
4.332587594889845128e-01
5.285835728001654354e-01
7.484736880120964608e-01
3.691136286914537545e-01
7.364020568815056178e-01
7.844271212518084679e-01
7.368134329157151052e-01
2.564485292260468285e-01
8.565976041086910131e-01
5.297997516907666515e-01
6.099609394156395581e-01
6.336338231932043819e-01
7.807528913550738636e-01
4.452415975380445978e-01
7.408351319045448635e-01
7.539790343139092244e-01
6.475088812718171605e-01
5.200841132272058243e-01
6.511337705832198619e-01
7.585038482587984632e-01
6.775881401890820888e-01
4.348620159111061811e-01
5.373973905888006497e-01
7.412448014093137028e-01
5.328486863045063249e-01
8.157433810809950891e-01
8.060507945175054978e-01
7.721788169308747563e-01
8.318252752915032966e-01
6.607282473612631213e-01
8.188513007867253002e-01
5.640086212647436037e-01
4.102934649424068159e-01
6.558790119652954109e-01
4.732889559216635345e-01
3.808548468605470472e-01
7.735779222218122086e-01
7.499141503988466795e-01
6.501177730694447376e-01
7.976253784387832280e-01
6.168375858575172455e-01
8.062355673334725692e-01
7.874024042115457256e-01
7.532805741673557209e-01
7.021038820865682650e-01
8.355221591459000008e-01
6.327189440484188854e-01
5.481752350503100724e-01
6.830085457792254289e-01
4.444915794253942454e-01
8.484913859690712545e-01
8.216997702895010303e-01
7.185688053815288967e-01
4.033694776229015400e-01
6.768016860867921425e-01
8.383510255154229540e-01
4.987128374517790785e-01
4.849905151388280156e-01
7.109657873202913647e-01
7.784463308763930334e-01
8.507698987513174771e-01
2.762971466214455551e-01
6.864013179283526833e-01
7.702304456064196225e-01
7.243082395495704651e-01
7.776674745174507741e-01
8.249675721984656152e-01
7.895610218733336572e-01
6.726410059522999196e-01
7.063880995493149184e-01
5.230064069752015099e-01
4.139670414649039842e-01
7.213172927675934876e-01
6.927585955190694866e-01
4.735060415356356911e-01
2.657743090948024856e-01
4.914239259617498301e-01
7.565123746219096779e-01
4.756729927538927427e-01
3.625527957486976982e-01
8.258965179380586275e-01
6.992263385556423128e-01
5.662516664553567391e-01
7.416585689339246779e-01
7.596470055804451782e-01
4.832680461297392815e-01
8.168535253633608662e-01
8.213461669056829617e-01
8.454197485483740948e-01
7.251411057144697692e-01
8.289630994903165462e-01
4.417654854699862854e-01
7.560696917853603205e-01
3.653285135508229087e-01
3.866003915098852328e-01
5.300029105985617495e-01
7.087449643104403174e-01
7.383448222944468675e-01
5.573354751335243273e-01
5.206084843299650933e-01
3.220735508538319358e-01
7.359155418206664301e-01
6.269927275619276985e-01
5.726707033306865924e-01
4.038165426584407469e-01
4.397606450005344114e-01
8.250357268531520738e-01
6.948241996739512594e-01
5.197595426359719051e-01
3.763296365676533917e-01
6.016217125902171281e-01
6.388644010358319747e-01
6.995952798379949655e-01
8.517073351410696658e-01
8.332764022947245497e-01
6.624157045773360064e-01
7.185756755478275304e-01
2.611363373128132714e-01
3.100683244877878719e-01
4.420460217150677384e-01
5.200846169614414816e-01
2.865309254686637663e-01
5.110275831624629950e-01
5.133781402138876127e-01
5.793976045422899457e-01
8.504920813129269730e-01
7.807617719995229022e-01
8.411370605502184183e-01
7.601873451108810409e-01
7.518340840534214475e-01
5.353178424968479954e-01
6.524266355763845837e-01
2.756755863283797958e-01
6.855585302658165903e-01
5.682790930176425670e-01
6.121328574965093638e-01
6.844168813667946827e-01
3.631747740089524834e-01
6.066509691333996646e-01
3.078318856077578713e-01
8.378893697206960534e-01
5.099209654837100203e-01
5.922528942328789681e-01
4.353755916021855299e-01
4.910980377235297234e-01
3.873189042189072451e-01
6.288770052129771804e-01
4.676765004862673547e-01
4.632851548492965543e-01
3.378526257950481559e-01
6.186498301187137727e-01
8.439493633836656628e-01
7.026452042970349199e-01
5.411009846890029173e-01
6.908712175140726552e-01
8.543759161682858982e-01
7.105638943068446345e-01
6.612752164151173284e-01
7.081466305190242672e-01
4.276817907037456790e-01
6.633428567340513560e-01
7.224881467120076728e-01
6.132007762195661460e-01
7.521659709500940760e-01
4.386213180550103674e-01
7.368806615831243745e-01
6.097391804953030681e-01
2.734170566708823413e-01
7.520945876301923239e-01
6.120630191249822882e-01
8.360265017094683504e-01
7.501103799965683772e-01
7.187048343014598162e-01
7.458371208506390238e-01
6.450495120781160052e-01
5.572261257133026557e-01
8.309403792658722754e-01
5.072975783385589299e-01
7.096897351145202704e-01
6.366595771618520638e-01
4.442189483961855867e-01
5.030221033730778446e-01
8.467678380223950807e-01
5.937382257512973105e-01
