6.649779360204711737e-04
9.194529585912232907e-04
1.163379716076491698e-03
2.309063797924485687e-03
1.320677899055544341e-03
1.210288644787636380e-03
7.829700878132530000e-04
9.391270859790187137e-04
6.258028999905061208e-04
9.958009874100697510e-04
6.584940669260315850e-04
6.843828846177535960e-04
1.023981136725605643e-03
6.773051281218189345e-04
7.226602710294258679e-04
6.803604077825113963e-04
1.000707020433252298e-03
1.192554598426302402e-03
8.494939110021048007e-04
7.030159825002814129e-04
9.920847380779987401e-04
1.677294384312377025e-03
8.873224646306803517e-04
7.475848680912754347e-04
9.428064882143316183e-04
6.422590627190359700e-04
9.688073624507947696e-04
6.883423715346168644e-04
9.359037445120341366e-04
1.120265146147062397e-03
8.957002516105738808e-04
7.882513553434811063e-04
9.242315384487744673e-04
1.218847297651670788e-03
7.336749561175907224e-04
1.213242636519223623e-03
8.484203093331086189e-04
7.401384586234114856e-04
1.673332071921294689e-03
9.101946507965836359e-04
2.243640527368414433e-03
1.040027189412426507e-03
2.082398642877069782e-03
9.387221972063557532e-04
1.262891202874068600e-03
6.746961461065998202e-04
6.700858067312970593e-04
9.830627228656697077e-04
7.740676294759393913e-04
1.277921882966294052e-03
7.126161088896062167e-04
8.863016983989189211e-04
7.061528230062105293e-04
8.061181325464441801e-04
7.034244375498571516e-04
1.029085854618163893e-03
1.413141110011024298e-03
9.235672521023416360e-04
1.401178905325797070e-03
8.917325367087448364e-04
9.506019637646391952e-04
7.259010798541813605e-04
6.279283201793772968e-04
8.373950985943269315e-04
1.108571951474994315e-03
8.277193209115578333e-04
9.182303718412304638e-04
8.772044291121667246e-04
1.024538022013402787e-03
9.338398106469111446e-04
6.595017546345233270e-04
1.808725647606426127e-03
7.329026942648850674e-04
1.130819054510824595e-03
8.741580770540569164e-04
1.012811911942939312e-03
8.896151071613335850e-04
8.671874623382610494e-04
1.012826198463403138e-03
1.100010376317189439e-03
9.583692256369077435e-04
9.246022651948813086e-04
1.917598585400255356e-03
2.397408060726340367e-03
7.924931732033330947e-04
1.291998045228886323e-03
9.645963923558897131e-04
9.265479086749338041e-04
1.366367948136511636e-03
1.081678277295909521e-03
8.467124586283746512e-04
8.714312964878427256e-04
9.063158352403961459e-04
7.685192103780618192e-04
1.351234844859990547e-03
8.595665827027596092e-04
9.897217162255415954e-04
1.276286098104237364e-03
1.475258001822223053e-03
9.471855367085081677e-04
7.092413279755593577e-04
1.147592790360546771e-03
1.711793898330940750e-03
6.771951939258018596e-04
1.259941924959442905e-03
9.543066276662023591e-04
9.460411351769222859e-04
1.134397415199013505e-03
9.403022443188995948e-04
1.605630950111287423e-03
1.170496383248341953e-03
1.593647765810416285e-03
8.002246634197636649e-04
9.680499317518753222e-04
8.152135439678897914e-04
6.953157373747486693e-04
1.070654104427199186e-03
6.550468547868254715e-04
7.606114167052746827e-04
9.563456658376029819e-04
9.003552027150883491e-04
7.102514726416548317e-04
9.488805984934216330e-04
8.441561833781393740e-04
7.311511510806041701e-04
7.618851728037761856e-04
9.185768783454494827e-04
6.256743071387524738e-04
6.484303263595683547e-04
7.419101036226620222e-04
1.532331260353618062e-03
1.151333178185074595e-03
9.014310511359057950e-04
7.409700247125569541e-04
1.796878872426656108e-03
7.880539036270054008e-04
1.396682976582027270e-03
8.064603956875242502e-04
1.018536130785409853e-03
7.032029436396319225e-04
1.459079134567575677e-03
1.371213078558483752e-03
1.695869814963674692e-03
9.195742856593501664e-04
9.316173755628122215e-04
6.284012329832875049e-04
1.794113019342155656e-03
8.673572206707175084e-04
7.606035111153599919e-04
1.043069954070825365e-03
8.686888352042191003e-04
1.547653991346220788e-03
1.292832013160659680e-03
1.051104544101254040e-03
1.224081599753306824e-03
1.163443960157156372e-03
8.897738037823423951e-04
7.267219328774210873e-04
9.023546296521813741e-04
7.105551506893051936e-04
1.230036658704162286e-03
1.344597670835824283e-03
8.383309645156982988e-04
8.454999562688409040e-04
1.795442273190475842e-03
1.138333704136480079e-03
1.028416014740835818e-03
8.107918553609068293e-04
1.522698491074081419e-03
7.267604229478652218e-04
9.322547187797557491e-04
7.634023859111255857e-04
1.122119093247958815e-03
6.635462864535251722e-04
1.302930288134064888e-03
7.282327021566673258e-04
1.074440857566574901e-03
8.214603536091912841e-04
6.527366804176854172e-04
1.213786912814513331e-03
1.394028750025629341e-03
6.591908641568089726e-04
1.152397190191134860e-03
7.511238701184700306e-04
9.832792031360996186e-04
8.314076330360836665e-04
8.092533140341837605e-04
6.637446059299406285e-04
7.526579571622019288e-04
1.072400768539580112e-03
1.332607999638705989e-03
7.178892988955773262e-04
7.503731566766941134e-04
1.547367220055176568e-03
2.858890933353627675e-03
6.720629198393095020e-04
8.257848028552352898e-04
2.239346749334565016e-03
1.207989052714919910e-03
1.181260030087556310e-03
1.040471188436306116e-03
6.955021331540178374e-04
2.970182969417553207e-03
7.372355510187554020e-04
9.542764215930075707e-04
1.245676289554683647e-03
1.022229761796650867e-03
1.228158203127592248e-03
1.041204065628652253e-03
1.154059063353717919e-03
9.486507326634767553e-04
1.532808147932663385e-03
7.572003604547556440e-04
1.233887881914874814e-03
7.666687714235029564e-04
7.054959662872028071e-04
1.064450173051717475e-03
9.736013513648243255e-04
1.811182501129465121e-03
1.382735848849150646e-03
8.202622544148432384e-04
1.032750539905677922e-03
2.149320278156060821e-03
1.253721308273686268e-03
8.267975295827304167e-04
1.009710289367613889e-03
1.191543414440935983e-03
9.944421419953645806e-04
1.141383622915286781e-03
7.326625541814355772e-04
6.815671706349291483e-04
7.991224096349397758e-04
1.247999330245776542e-03
1.273681209930249214e-03
1.011428284297477467e-03
1.290748571246029845e-03
8.260274748208884564e-04
7.703204535783632475e-04
8.510204556076162710e-04
1.290430516627143155e-03
8.071633440102077544e-04
2.290672188823508586e-03
6.763929385493477756e-04
2.091948967533702186e-03
1.248155217879864899e-03
8.776645693698158397e-04
7.843285339842070471e-04
9.151162060466303851e-04
1.062063505950004141e-03
7.305820678924432061e-04
6.944702627986052345e-04
8.014530243273451909e-04
7.141401651932412914e-04
1.291838322002274034e-03
7.195069157825161911e-04
9.815139526547611137e-04
1.821066621081669475e-03
8.675851889585784208e-04
7.571918972403176825e-04
7.803362436054661665e-04
8.568862453463677422e-04
1.271416149451095419e-03
7.603515742195236403e-04
7.889414720997179687e-04
1.168038799813049273e-03
1.193477992929720729e-03
6.895496904353862937e-04
8.188325182348718144e-04
1.159038966524926538e-03
1.903838194778022415e-03
1.021759445303647594e-03
1.326480273498339317e-03
1.062484308891298431e-03
1.607836064452433048e-03
8.666434899268239938e-04
1.053288353085930166e-03
8.976063199581716225e-04
1.604388584081678200e-03
1.003018633782356943e-03
1.120902350273672923e-03
8.966525226717966379e-04
1.393759538383436197e-03
7.362304978231503684e-04
9.072075536819762878e-04
8.942795293675369957e-04
8.518074918901304051e-04
1.024161200026724346e-03
1.359354633569595993e-03
6.947546250257118604e-04
8.489226545403488972e-04
6.842901740124028446e-04
8.793867935904307962e-04
1.171721447491259676e-03
9.148234430427231063e-04
7.164630074187269566e-04
8.125285668537552027e-04
8.497022125004287428e-04
6.470999973575944537e-04
7.524380743910245037e-04
7.700625170968057641e-04
8.219362072165680138e-04
1.301009956438424443e-03
8.062670013816993853e-04
9.085102742792519398e-04
6.479052768719020848e-04
1.150800722482003043e-03
6.757195386378994466e-04
8.459951452584978234e-04
6.349767585644796632e-04
7.968134821653456842e-04
1.251319321414069491e-03
1.043623089508179981e-03
8.269319735040558386e-04
1.012406892673959041e-03
7.014255578251799147e-04
1.303999581041193154e-03
2.359060345012869465e-03
9.119585523607304364e-04
7.042644476467916151e-04
1.325447389824657794e-03
7.752625120788266943e-04
7.572417918629644916e-04
7.547077835774650351e-04
9.193683719812034867e-04
9.302058357274137343e-04
1.032191525940107015e-03
6.550228126155965619e-04
9.896110655999222454e-04
1.169162923919388978e-03
8.498039248321276502e-04
8.373968150543488996e-04
8.947028704532588835e-04
9.661988391239841999e-04
6.681191385582127594e-04
9.245530372215956475e-04
1.312977434762065652e-03
1.135510661553573372e-03
7.472381276784115754e-04
7.747935124119175506e-04
6.953524085248089176e-04
9.608718369249671237e-04
8.949665071410692341e-04
1.268624177150175702e-03
1.174917342964399217e-03
7.298871465845549597e-04
8.473855325207052449e-04
1.315554679739593634e-03
7.896499568064914735e-04
7.655981247490076030e-04
1.504232617657929238e-03
8.881577948393544778e-04
7.188654394962826384e-04
1.261012489855525441e-03
8.676330830624479030e-04
8.025303777419915243e-04
8.949533273471268167e-04
8.432396037448370782e-04
1.613404335655513290e-03
1.050774985278679586e-03
7.880285080951963126e-04
1.099397291583644604e-03
1.372983933810473537e-03
6.623238204097685843e-04
9.933298151207560923e-04
7.594701538321390211e-04
6.198464598481557165e-04
8.841507326737958706e-04
1.935626067740650949e-03
8.170698898845856362e-04
1.129788579785749418e-03
7.201727385268761987e-04
9.713421122482793950e-04
7.810874209736860026e-04
7.952828308781063546e-04
8.373627297276621095e-04
8.221435558544669528e-04
1.198379915287755377e-03
1.009180459271858321e-03
6.847472873275186386e-04
1.068348727624879833e-03
1.254051588922948986e-03
9.640616691704727206e-04
1.314245468136346438e-03
1.199659578757146646e-03
1.429754022261495909e-03
8.105209603846083317e-04
8.595823993650968846e-04
1.757322061478648525e-03
7.849368824663825956e-04
8.741382459659372862e-04
9.487153837641829068e-04
9.208841533787973620e-04
1.209802316966567415e-03
1.070431070724803561e-03
8.701897260467639965e-04
8.354081369733155514e-04
1.171179002570806905e-03
1.403555151202900367e-03
9.198909773218030524e-04
7.659528777479852717e-04
6.598946267708813516e-04
1.039928482031584212e-03
7.558431740955884976e-04
9.170835582527658066e-04
8.649031970403225173e-04
2.282937802327185232e-03
1.026558261631555077e-03
1.080338404532023028e-03
6.994910399494014275e-04
1.209304689803510557e-03
6.915270184121502170e-04
8.104376150022362096e-04
2.323503712687747559e-03
1.337918015566208919e-03
1.181001108170084100e-03
1.239633048899776990e-03
8.591883034290619201e-04
8.531767639613007737e-04
6.743300126244421849e-04
8.617074210758217476e-04
6.875512066389162687e-04
8.711232682408732129e-04
7.153891509263400877e-04
9.380945152026702333e-04
8.410027468224398096e-04
8.043018775349008607e-04
1.249780378578268809e-03
1.196325015328910486e-03
1.220305010417758757e-03
7.807419861199965845e-04
7.296891182753507217e-04
6.815787123554017295e-04
9.376809583043623853e-04
1.961288998246409412e-03
8.955560393989983213e-04
8.133768149551870875e-04
1.172514271186458207e-03
8.328927434296216903e-04
8.584595979204157632e-04
9.820634320358752074e-04
8.064925845501452837e-04
1.104986727932011836e-03
7.382585539915484819e-04
1.099427337544021206e-03
6.566084437490249783e-04
8.934784198241925131e-04
1.319573516030451759e-03
1.192838768513175291e-03
1.246111586889293724e-03
1.261525021260572615e-03
8.835683378191573536e-04
1.275488270460269601e-03
9.437387936697726534e-04
7.898487170041651375e-04
9.763037846423135591e-04
8.452142341786271756e-04
8.030938136242032248e-04
7.124920969796277870e-04
7.304730038003787781e-04
1.258399283456687915e-03
7.392756528079289825e-04
2.048262146596202971e-03
7.352150467795120136e-04
1.110450865863677654e-03
7.868818076993009053e-04
7.284061673170162720e-04
9.811912570652794006e-04
2.676380047956246084e-03
1.219759821657194271e-03
7.211922278985720327e-04
8.551358377986846256e-04
1.052739856614825099e-03
7.615039807677122328e-04
8.551161216282658932e-04
1.279809724294937636e-03
6.370935832545371498e-04
1.423628579166040129e-03
8.475340882239534726e-04
7.111790518291458358e-04
6.269117813184854572e-04
7.726039784352292834e-04
1.625253511591360535e-03
8.430577902752964042e-04
8.814895341685870245e-04
7.623058051103893951e-04
2.075334233212512963e-03
7.153642595977092317e-04
1.986431505920174118e-03
9.975693102911597533e-04
1.135127640694598167e-03
1.079152991940374997e-03
1.039976351631868336e-03
6.982052724327648518e-04
1.060159739954422576e-03
8.284093667631674740e-04
1.453566125625326867e-03
7.026718161548239352e-04
1.535412482019795060e-03
1.715501323298334203e-03
7.533407366826397160e-04
1.203399956822161611e-03
7.956232554983261318e-04
9.367097820710820278e-04
7.918342708228424997e-04
7.363632665280140386e-04
6.503207078271750407e-04
1.325324590972099502e-03
8.030184604990914026e-04
7.624477975323700873e-04
9.467099193950276716e-04
1.471075566905805793e-03
6.822354391498807423e-04
8.532803415739683177e-04
7.101659236080493228e-04
1.296503585516447024e-03
7.118939509555604001e-04
7.653572385652764043e-04
8.072728665915903084e-04
9.048817708523639947e-04
7.409525054293439024e-04
9.794320433449260881e-04
1.064631347741430180e-03
1.234053082935683207e-03
6.595049123651635552e-04
1.097992464663132949e-03
7.394972749287077136e-04
7.520154320921225823e-04
9.405384015980665282e-04
9.248697774373143251e-04
1.174545989499230095e-03
1.007788288372529328e-03
7.338556532658235430e-04
1.085809468350777511e-03
8.290287228743696210e-04
8.235951471823241537e-04
1.611905758575169541e-03
9.628701775753472237e-04
1.229351028276810419e-03
1.750785016592023256e-03
9.272369067804121616e-04
6.243320675846023146e-04
9.121937141878492129e-04
1.581387844032232631e-03
1.116381533862764600e-03
7.617210047260221254e-04
8.020967184589694815e-04
9.162145361245334872e-04
7.079459487748621408e-04
6.446920876897584357e-04
6.391914583503286113e-04
8.895158910404452144e-04
7.352141945236575831e-04
9.947215171700705006e-04
9.617972510133618097e-04
9.410936205270335623e-04
1.282627922751907162e-03
9.411863158868533476e-04
9.581247389548308959e-04
7.198290175973354361e-04
1.048313743961504316e-03
8.886411395702078402e-04
7.334517950267422292e-04
9.116645371437824335e-04
7.456980633966207861e-04
7.654053126412039762e-04
6.752803157867935235e-04
6.504090982560664907e-04
9.621845067011882118e-04
6.923830272021352667e-04
6.504231296017065535e-04
9.669552550396940359e-04
8.178685182131444032e-04
9.232146947809879512e-04
8.233626456675717173e-04
7.851974101500502727e-04
1.116257785489134730e-03
1.312798414972434673e-03
8.365575808803466787e-04
1.130417308829915514e-03
7.835847782910214041e-04
8.936932154986617586e-04
7.993824089581039920e-04
8.049336942500097750e-04
8.296959358717956182e-04
7.325408530299965231e-04
9.650144531876208263e-04
1.458357750826031092e-03
1.086625666911516163e-03
8.606792387023205412e-04
8.418045284384342115e-04
8.291458827449695599e-04
1.272399576459009229e-03
8.373686119673468160e-04
9.046776167224233455e-04
9.511604446039445288e-04
1.188840524415528182e-03
8.664480492082789675e-04
7.559929320410101617e-04
1.097421997548418118e-03
8.959363877063998170e-04
9.243547196497745120e-04
1.065716607757837952e-03
6.919264581440388081e-04
1.159239997684520995e-03
9.984747351298008458e-04
7.634762103737985882e-04
9.866274651719178154e-04
1.415235097602081295e-03
9.812668582171476910e-04
9.140586074414052634e-04
1.039727779434526525e-03
8.051526536760353434e-04
9.739929449197235432e-04
6.972443421751965643e-04
6.905064610708598963e-04
7.125016464103971475e-04
7.538008259987999567e-04
7.714837998190950683e-04
2.038599550747819192e-03
1.158981355199929916e-03
6.492727404555317418e-04
9.283314206577680718e-04
6.642286820313098982e-04
7.948225916986586441e-04
1.222185284384034532e-03
9.687021203182120954e-04
7.234088754288204009e-04
7.446566495186513271e-04
1.472917957455718678e-03
7.733204425646187166e-04
1.101209953207716230e-03
1.356008142716951014e-03
1.244231560574436636e-03
9.461269022008658150e-04
1.098275416631740945e-03
9.787138857125891878e-04
1.155545514147244537e-03
1.144329381480188503e-03
1.025284992500490652e-03
7.788306806812223199e-04
9.994436779662972843e-04
1.082833933877919066e-03
7.137864103515108001e-04
7.086700730304039929e-04
1.643843668715313242e-03
8.102906428230618931e-04
6.994679992904964368e-04
8.877669779823512547e-04
8.353647939089935658e-04
7.619358543150274009e-04
7.208755518063467626e-04
1.194033602599444462e-03
9.301620278556526830e-04
7.212700034659823680e-04
6.688254304926259837e-04
3.958294484646790803e-03
1.051455727633115620e-03
8.431462703695400372e-04
7.343505140713425024e-04
8.220094155518825737e-04
8.593525982298944087e-04
1.049922375474004544e-03
1.109541933379857041e-03
9.755347200184387663e-04
7.222881198774417071e-04
6.956501548348792072e-04
1.001202201644263651e-03
1.173388685411895244e-03
9.581546378526604622e-04
1.216428992458021231e-03
9.073452163789043172e-04
8.968342411695387657e-04
8.732830014212095929e-04
9.267215222131294349e-04
9.435159416124555640e-04
9.009758497611525425e-04
1.208206522306461833e-03
8.967284131885989605e-04
1.215488025495073962e-03
1.050473751672832603e-03
7.477691044685918879e-04
8.517550002628737540e-04
6.718942245608691688e-04
1.291184233688675090e-03
7.317039054279996088e-04
1.453944252531734439e-03
1.332789153399242116e-03
7.014510195003483472e-04
1.047271038425872519e-03
9.661445001349326525e-04
6.615456359308013274e-04
9.613631791570878375e-04
9.724165765815655140e-04
7.139357570420927111e-04
7.677986215542220282e-04
1.149003966322420522e-03
1.007890169092508659e-03
8.549051360527066320e-04
6.396832847242418449e-04
6.553976781509671850e-04
9.169516872007504567e-04
6.504058743551589718e-04
2.725184303925837041e-03
7.976737786253890357e-04
7.935806016308010608e-04
1.163768873850905619e-03
9.071350409032910567e-04
7.699213325228379491e-04
8.965359719744553021e-04
6.484634998809559120e-04
7.857912787075127829e-04
7.120065399143598022e-04
1.203828097388169030e-03
1.031419431346385258e-03
1.074774288349538169e-03
6.761865524992664508e-04
8.386602539028197457e-04
7.775113805885091028e-04
1.065688805433892290e-03
6.483730040660111394e-04
7.526273877959802940e-04
7.902318671661798634e-04
7.488734124977771984e-04
1.249742108307376172e-03
8.822335150800825979e-04
9.063755859987208561e-04
8.150565286583670663e-04
9.883191965598433614e-04
1.039094263663307505e-03
9.493144698054417673e-04
1.016343996090064011e-03
6.686247440714897933e-04
1.101250468216011117e-03
1.527157856848574205e-03
1.078124587865685567e-03
8.827376096025352009e-04
1.192230980816100282e-03
9.866462241368617256e-04
8.354188878851786723e-04
7.670320476480842198e-04
1.172072943506843098e-03
1.323232531421364303e-03
7.849527518895351190e-04
8.986489865756615986e-04
6.794503354240430957e-04
8.949841662180660394e-04
6.457112046541532008e-04
1.146861853015446143e-03
7.781731402613187862e-04
7.143025626107383716e-04
9.595561561497095628e-04
7.566684622196906363e-04
9.938214526354746583e-04
1.195625910515687442e-03
1.117733835831084344e-03
1.339307746696833789e-03
8.637387984657684007e-04
2.432445030300480968e-03
8.036612032711799468e-04
1.338795592092341781e-03
6.983165811156346030e-04
7.441856576449072452e-04
1.486646197885882698e-03
8.851558438390758629e-04
9.111113187378298969e-04
9.093249051225090439e-04
7.745137262932875587e-04
1.172118858346895501e-03
9.648898840468908382e-04
1.019201053388086014e-03
9.703187168219370561e-04
9.388705097323085148e-04
9.690908341516438424e-04
1.672522436351273761e-03
8.134656992305495243e-04
1.202492372242054556e-03
7.593734513103836316e-04
1.001642353578047120e-03
9.550220602493210810e-04
1.003559728277767741e-03
1.190890486966227112e-03
6.606454381726132793e-04
7.506649287874004586e-04
1.788843262435948871e-03
1.497925806978670947e-03
8.632859479336756590e-04
7.714743564767257084e-04
2.149255486479724649e-03
8.249005029963712727e-04
7.342688353301086296e-04
7.235112059777697039e-04
9.452334432559557787e-04
1.075946420272722807e-03
9.471394659104034105e-04
1.005772826443333953e-03
7.226603845866331251e-04
7.444476926178598443e-04
8.348124407118436355e-04
9.994377919101743099e-04
9.743661204427927309e-04
1.029314633189210839e-03
1.016750678947761152e-03
9.731272904885242487e-04
8.152552790060441524e-04
1.315656461360635576e-03
6.569592910026101750e-04
6.920894278521651623e-04
7.690568347731093109e-04
7.532537459987481872e-04
1.069018322290367059e-03
7.286869360449087750e-04
1.215262369142594903e-03
8.007580419487613519e-04
1.219025329202614704e-03
9.942624653159453773e-04
6.845427702595325951e-04
9.333716165604930958e-04
7.197381435242300842e-04
8.984356067182424320e-04
8.809226040435959781e-04
1.010366160075808900e-03
7.652700100830295412e-04
8.041676449975133532e-04
1.067892106493119201e-03
8.544232197595477869e-04
8.257719980491197952e-04
1.012355640631911391e-03
7.368214572855323824e-04
8.669005839484260562e-04
1.340404126536920600e-03
6.830539696981439198e-04
1.151184467295871894e-03
1.373150282454242352e-03
8.160839020110116724e-04
9.859793363904832859e-04
1.246238607284735726e-03
7.909737095943376525e-04
8.608392623655262933e-04
1.064400652061019831e-03
1.709747713671039109e-03
9.347341534056415957e-04
8.955519967874613465e-04
9.569001302935631597e-04
6.487034306760958461e-04
7.376050455269041965e-04
8.411332502518638126e-04
8.335868792926274086e-04
9.718205782427677712e-04
9.214430154548196956e-04
1.061629835896429246e-03
1.713315287380961453e-03
1.440282074319195306e-03
1.227297309050747690e-03
1.156087301098139997e-03
7.552254947242826926e-04
1.519727284449677801e-03
1.124356354857130843e-03
1.030574678199326589e-03
7.753611168056135945e-04
1.055265615537835872e-03
7.270127452856868684e-04
8.132724892567978108e-04
1.851619886589250244e-03
8.214243404798926129e-04
1.107451106550749742e-03
2.058294391523404852e-03
9.022977025863659689e-04
6.760396447730629811e-04
8.330192304991388200e-04
8.876162754614683398e-04
1.043454231661567182e-03
7.802073327558293938e-04
7.761977163365179440e-04
1.022812472385018585e-03
1.199618621686906333e-03
6.734074604168252152e-04
6.469212141314377960e-04
1.225691486771217408e-03
8.609360646759866512e-04
6.678462705999660886e-04
7.226116629714711892e-04
7.476046052360472809e-04
9.234598277245959592e-04
8.307611631727225771e-04
1.250246300339815080e-03
9.158944895140851876e-04
1.686064554154843896e-03
9.800454408287722751e-04
1.331422685191688835e-03
1.798519201447414681e-03
7.130683630437612561e-04
8.109731505957420289e-04
1.057447107536254628e-03
1.173744240985829601e-03
1.039468863852792890e-03
9.480181363738160102e-04
8.401021931875225258e-04
1.096542854228953244e-03
1.079292228189938658e-03
1.545639713543241331e-03
9.809003144113221089e-04
7.667932834526287617e-04
7.705884017491414434e-04
8.086800513929509734e-04
7.722347339344092388e-04
6.621187431647562478e-04
6.846034978481524511e-04
7.468851620219853216e-04
1.247520895342284913e-03
1.311010979257832415e-03
8.372603946098110175e-04
1.013625157242595666e-03
1.082014734480924280e-03
8.742197131823985267e-04
8.147606016504771453e-04
1.032842978813083065e-03
9.668191722652549587e-04
8.484852502719904743e-04
1.191265528741678424e-03
7.632484149324798763e-04
6.509380868385003602e-04
1.522727722289309504e-03
1.080131882994634675e-03
6.895357832567307593e-04
8.075216684591776141e-04
1.833893053394845254e-03
1.065461823076283747e-03
7.671049461877325545e-04
6.383207867228952179e-04
9.312168780966368622e-04
1.003178137092396865e-03
8.822803855585450951e-04
1.930358197043123645e-03
7.534778454827432883e-04
1.446412154702838215e-03
8.645736344492609138e-04
7.230453726075251972e-04
6.418436155559409774e-04
8.055256291993080761e-04
1.119317324830500704e-03
7.070758065821278453e-04
7.139523340652064983e-04
9.960649296612937575e-04
6.492146982958003692e-04
9.924666184734881429e-04
1.000071601301324000e-03
1.237714809313535244e-03
7.874560769684229179e-04
1.160956462263693350e-03
9.229406304703078202e-04
1.258547530683889462e-03
7.521275514151109500e-04
6.491424653483716120e-04
7.907275104986329160e-04
1.089437188931652182e-03
9.230703419553337426e-04
8.634936350726017196e-04
8.360828585699316574e-04
1.025734267296912403e-03
1.028091601315289519e-03
1.235297903115212823e-03
1.171154584494349610e-03
7.209232525264977010e-04
8.318713381628279040e-04
8.402595349322238352e-04
1.055718184966891824e-03
7.601664023415875089e-04
1.624624034062247674e-03
9.004048249142966413e-04
8.767428079642895647e-04
9.994963785110958388e-04
1.545106273142891635e-03
6.925476436717193946e-04
1.554535537142245948e-03
9.380802078303020035e-04
9.136932231089109390e-04
1.670160048655066698e-03
1.073146212990584887e-03
1.164021125276627940e-03
7.702526999172011526e-04
8.512503171319355227e-04
8.505930722023883478e-04
8.984530629990350372e-04
9.889962776920262905e-04
1.076604724078945776e-03
1.891628634967495916e-03
8.485726413418112754e-04
8.042398510197437114e-04
7.598371241057144980e-04
8.423253235001203513e-04
8.575411382092234386e-04
8.212516815565740376e-04
1.266545984162519272e-03
6.880709872818437794e-04
8.827898346886613222e-04
8.260361049118555062e-04
7.587791782483496814e-04
1.057118393360158368e-03
7.718322395874368776e-04
1.546901377859226595e-03
