8.476084074946113166e-04
8.795204804055866852e-04
1.181839687384436764e-03
1.201988434378880709e-03
1.017312511753176111e-03
8.410610574517749351e-04
7.541873107141699095e-04
9.343120374074267336e-04
1.509894951530613974e-03
1.204125330392059314e-03
1.233216972686231559e-03
1.134966996937609562e-03
1.296773053127192946e-03
2.357743860658954079e-03
8.958990913936806235e-04
8.466031315936013843e-04
1.280404349864839751e-03
1.350361629954651820e-03
7.239433737907088927e-04
1.529875428438119819e-03
7.151978673891584270e-04
1.098286789503258309e-03
8.038163124335157483e-04
1.262601775324343921e-03
1.039313361770143832e-03
8.306977317809563933e-04
7.813702221278411670e-04
1.171597774442473825e-03
1.508295085581895078e-03
9.668045917444983810e-04
1.006213389947259972e-03
7.813053912926219355e-04
7.189539580887105126e-04
7.302811769326668107e-04
1.027026947502561113e-03
1.395068924141731632e-03
1.171104501026812338e-03
9.688827530422323151e-04
1.050758887732446091e-03
7.733431451434607390e-04
7.997784852096459117e-04
1.117786218156851911e-03
8.733485033633536310e-04
9.342526418630803719e-04
7.584073678043008011e-04
7.695452212162367947e-04
1.790996199231158475e-03
8.020005991028425095e-04
9.227048903245390222e-04
8.278406212372060348e-04
7.882933806630619674e-04
7.411782321211128014e-04
1.834519456536107263e-03
8.112171859510193756e-04
9.836196154092465959e-04
7.197489257852844602e-04
9.234517688384388150e-04
8.878095769537755911e-04
8.005231689556858467e-04
1.325108606211982927e-03
6.668905238266633131e-04
1.553374328527270219e-03
1.050053765632706550e-03
7.855955703185387492e-04
1.638371395729108998e-03
7.927654196432350545e-04
1.271744465672589898e-03
8.346242531055112239e-04
7.423323188077616099e-04
8.258049953948620996e-04
1.100194104468374141e-03
1.108537394748039095e-03
1.495137321500241909e-03
7.637797662021661872e-04
1.620104908173860365e-03
6.757785747197729998e-04
6.992822467695071357e-04
8.007705728203997481e-04
1.071813972528921563e-03
8.105091252191972632e-04
8.544738401600033249e-04
7.848819682026872630e-04
9.445920872282450925e-04
1.097364137581311122e-03
1.302118456236777203e-03
8.799234112405279707e-04
8.158592929314163701e-04
1.063663702314867352e-03
8.894274406073358072e-04
8.251194421425933970e-04
1.019347777704149001e-03
8.487067699933584231e-04
1.115595121934396649e-03
1.300674991399708783e-03
1.197288517814561540e-03
6.897775848091709577e-04
1.026416995144922677e-03
8.049124296876220388e-04
9.542988312769669834e-04
9.646473435277265647e-04
7.412600712758126049e-04
1.067957953083443351e-03
7.552128115024358927e-04
8.914779125525797284e-04
8.855153848934668379e-04
7.184535262621955789e-04
7.442845859589108460e-04
7.771891414555840783e-04
1.245447598230618258e-03
8.732426553537966062e-04
7.616206739116583189e-04
8.872874548327098565e-04
7.136190566872553393e-04
8.375980614181030787e-04
9.039278838637658216e-04
7.522191500349393765e-04
7.554787488570568425e-04
9.576047019749225550e-04
9.330499487331762529e-04
7.805050391521110463e-04
1.366493804535875078e-03
1.545464992890716992e-03
1.204173502302449857e-03
8.104305570406603477e-04
9.289023415866490534e-04
8.288629840526967303e-04
8.983697124046869905e-04
1.437824629404727862e-03
1.126765258266712328e-03
1.030548373646093937e-03
7.818241002597759327e-04
7.022845466545674922e-04
9.063431946243696727e-04
7.626474454675426055e-04
2.013899502238542406e-03
1.118976460754739742e-03
1.033194858213753835e-03
1.429734825883351070e-03
1.095980462760895446e-03
7.678997902397209380e-04
8.327568137088274579e-04
8.211678320497277622e-04
7.356494275250846735e-04
7.237363898489832794e-04
1.419127015116657771e-03
8.865256434106537353e-04
1.298248850316661811e-03
8.473883932245624209e-04
9.612559049785632768e-04
7.821229320878651196e-04
1.144522567601466726e-03
6.322043137206343573e-04
7.751051751436243212e-04
6.662614619383246378e-04
7.482599109668494055e-04
1.749830143051760503e-03
1.557024651365888262e-03
1.153687037067053882e-03
1.494045550022437370e-03
1.061690902260164484e-03
9.756358919818856846e-04
1.017275112483003374e-03
1.079521309407946482e-03
9.614682687521285609e-04
9.115416934127889724e-04
1.072651418448306590e-03
1.692192970205758529e-03
7.271482427911288337e-04
7.267903594487887123e-04
1.838891790606595215e-03
1.336778047785849551e-03
7.441481755032156161e-04
8.344829925550238453e-04
9.367872409935103185e-04
8.896585703986410656e-04
8.798528614767749849e-04
1.416274303685732729e-03
7.908394007496834330e-04
9.381203835588211755e-04
9.107120854249577341e-04
1.086602617765183940e-03
1.019615029362668087e-03
1.295263901627993026e-03
1.108501929896169849e-03
9.141619330119567883e-04
7.015455522609702777e-04
8.440951104379180352e-04
1.415764002625276210e-03
6.859978119940539571e-04
7.084524681122654618e-04
2.035485738883454927e-03
8.406410651036894111e-04
1.493695937205393549e-03
9.370973521758941497e-04
9.820748309007298286e-04
8.179348429824843600e-04
9.457876851156106360e-04
7.779417507510455162e-04
1.311421758146330552e-03
9.133897208683876799e-04
7.603158755069668517e-04
1.105432742763041987e-03
7.596734183821230975e-04
8.648680350025148575e-04
8.902123519450047496e-04
7.448672665000630883e-04
8.212316026261034900e-04
1.428288809308023589e-03
1.893383558409492259e-03
7.204022861237998699e-04
8.909651084937643926e-04
8.263297891088869536e-04
6.779078889376001244e-04
7.568139381447800199e-04
1.402164349550006576e-03
8.044183405665187745e-04
9.106795209516699990e-04
1.538226930411151511e-03
7.202622308816761330e-04
8.915241270300544281e-04
7.073715166975589122e-04
1.797494866207960352e-03
7.191289333850535773e-04
1.644705708907377890e-03
8.451240495552332296e-04
1.050761313846074879e-03
1.164943918173538817e-03
9.851682543726763761e-04
8.794110806955235870e-04
8.099588100350211010e-04
7.867227756708588225e-04
1.273514745856565208e-03
7.191022024640359887e-04
1.051097458180388780e-03
8.829443984080785363e-04
1.096704039527830223e-03
6.642922123477775203e-04
1.019370468121808589e-03
1.175486712988875731e-03
6.651520487743121891e-04
6.904537220099673817e-04
9.725649036451352626e-04
2.260740103579547515e-03
1.028730069263161231e-03
6.519596001268314995e-04
8.830214654690420007e-04
7.591750829295192170e-04
1.075622145268389368e-03
8.615361788418954888e-04
8.037185374568194245e-04
9.956327397482760740e-04
8.957636164813630782e-04
1.832005719302090595e-03
6.852165296141034343e-04
9.045790149485753370e-04
7.009415885659307571e-04
1.087421430739231049e-03
1.016345215916284296e-03
9.145343508583942543e-04
8.360268426331654134e-04
8.000256874650331406e-04
7.435644039359294620e-04
9.148830504204736929e-04
1.070969902448564185e-03
7.129989739453805684e-04
1.010373310543386752e-03
1.248819182204025493e-03
7.523716843257114914e-04
9.800673603198406351e-04
8.429670262276513660e-04
1.030356936036582512e-03
6.930685525766001713e-04
9.760718975760858439e-04
7.882025128689604081e-04
8.047039822175668664e-04
8.387879194572429994e-04
8.445686463926271089e-04
8.979463925213558573e-04
7.636680922825600732e-04
8.654310721680452505e-04
1.307145801970401554e-03
9.248676565908836664e-04
1.279598748980683960e-03
8.326158408432236986e-04
1.385832219501313863e-03
7.227633123732418209e-04
7.885672656047541199e-04
6.966288176847658430e-04
9.549430137405701862e-04
8.017947128774751374e-04
1.138846974047255396e-03
8.532493878630165954e-04
1.512210491352847675e-03
9.729488207784994834e-04
9.621867882619125232e-04
1.006935683775225278e-03
6.972393312430551172e-04
6.681460658496009416e-04
6.640775803717492536e-04
8.595602219039629680e-04
6.447511285515073777e-04
1.076304745290208170e-03
7.814407706065704161e-04
7.548432214538340537e-04
1.054175520933005794e-03
1.819227007599232959e-03
1.211482797699066794e-03
6.605087304127445821e-04
1.222520109888025272e-03
9.190962439803224875e-04
1.087253131429714815e-03
7.060327791442876002e-04
8.617905349859659829e-04
1.160302351741536930e-03
1.539495119586767238e-03
9.605087308560735773e-04
8.953131579706876493e-04
6.770683033728051381e-04
9.306557149200768734e-04
8.094854294851041437e-04
1.035411295427668410e-03
1.176024487938780215e-03
8.389269556686743340e-04
7.535321459571298541e-04
7.225781124844784164e-04
6.296386622427066005e-04
9.241134929983369850e-04
8.288473913911148993e-04
8.058901447092532309e-04
7.553969897436625452e-04
8.111311345013917781e-04
8.821854427515960851e-04
1.496135364516973246e-03
1.029039371771239266e-03
8.834022890508808155e-04
1.024507936546237719e-03
7.884514552063771669e-04
1.508772649327808990e-03
7.612491300081063606e-04
6.650426744307208178e-04
7.488647866212930779e-04
7.492774878954740377e-04
6.676142566970808771e-04
1.766869153650093855e-03
1.148671663396095633e-03
1.035616635203061428e-03
1.307145604137094960e-03
1.255802578272204300e-03
6.708559418299461048e-04
8.349873619975198844e-04
7.914908962867088591e-04
8.404945764130483752e-04
1.973538276567270763e-03
1.276174957329830354e-03
9.491285678874214786e-04
1.165052958035151399e-03
9.910672889311554663e-04
1.020449149924865804e-03
8.713744355195920249e-04
1.228191638018161745e-03
2.844068576290557319e-03
9.089076729211462450e-04
7.437152150438317445e-04
9.519068397365292034e-04
1.051993385577013225e-03
8.974259323632267525e-04
8.777410260629314601e-04
8.643418283418984613e-04
1.091024015343942163e-03
6.550909146108039672e-04
8.955869073244704121e-04
2.053992245787087442e-03
9.490859610870540277e-04
7.132198704711930270e-04
1.113466804238219879e-03
9.116522212589057202e-04
9.524559130949449785e-04
1.688615288948086676e-03
8.196595100929887157e-04
9.907407897419653366e-04
1.025279589531902062e-03
9.761763960860297918e-04
1.305734838449416251e-03
1.036793033212021504e-03
9.048779409988619510e-04
7.006071607626653420e-04
7.948203503966183060e-04
7.087733334110038821e-04
8.170036415099729207e-04
1.842676921718881030e-03
1.629151358364308837e-03
7.494849313532327313e-04
7.928947038418514889e-04
7.134335586821974806e-04
1.328731253246191474e-03
1.212722397277361678e-03
1.012095429576755643e-03
6.333542219396434561e-04
1.555182586372693462e-03
1.201778724592729485e-03
8.896495224896351682e-04
1.244088289871062881e-03
9.942749156933692895e-04
9.324615375769754362e-04
8.461710291040611207e-04
7.441566196475521769e-04
9.908531906643997227e-04
1.203007061191156170e-03
1.184680565684965905e-03
7.800414651273051420e-04
6.493952169732796062e-04
7.552293839497928058e-04
9.537170121619488331e-04
9.712801680412659448e-04
1.140590935576986679e-03
6.972283686796656131e-04
1.797336659862194905e-03
1.231173808721597622e-03
1.006294562201239581e-03
1.524576117249954029e-03
7.404777657444046443e-04
8.975400641539900111e-04
1.149677838695932789e-03
7.485774914879071750e-04
1.168875838229927952e-03
1.113950812982587987e-03
8.195693472104917214e-04
7.748973122118231038e-04
7.310304385644418416e-04
7.538981591692509379e-04
7.608014858972712803e-04
9.242451655299848724e-04
1.072410799422952952e-03
8.210416658548091171e-04
9.325260197693609893e-04
6.468977590805388873e-04
8.380143605113421230e-04
6.391800788253158925e-04
1.015051768754176523e-03
9.753232947884506480e-04
8.082054977382658505e-04
8.851157413280818327e-04
9.412770727586443993e-04
1.146286275177600374e-03
6.865711218320657812e-04
8.623898731945949447e-04
9.710565553616071601e-04
8.072398450242501862e-04
8.168738007297208885e-04
1.181827827061783086e-03
8.709130950566727801e-04
7.248334251704468406e-04
9.461029546149578176e-04
8.496912353814194000e-04
8.686734452503341430e-04
6.402653329110819446e-04
9.737268678320088995e-04
7.967618066705740854e-04
1.041227042460950809e-03
8.318793889457059328e-04
8.712453901905524867e-04
1.039819863584655812e-03
1.124678188301071399e-03
6.710204070619547097e-04
9.130436790768488905e-04
2.214875743741046010e-03
1.188075864053138309e-03
7.226558151729121351e-04
1.169645911780422837e-03
1.041688719254093599e-03
1.085878522747592799e-03
9.663682467937886400e-04
8.138197883613112592e-04
8.283783850526517129e-04
7.123191379362035780e-04
7.356782751996851152e-04
9.333730958267919594e-04
1.922555537853573799e-03
7.263709276346371271e-04
6.216877316961918077e-04
1.559948503503826543e-03
6.678521413252711762e-04
1.194527942684438888e-03
8.854956135078392897e-04
7.584924448007924862e-04
6.403166134173482070e-04
7.193423446803013212e-04
6.614983985366542545e-04
1.229956009074702292e-03
1.070958223546644196e-03
8.408980973392725725e-04
8.377498065004803773e-04
2.626950542457992446e-03
8.281108006302947662e-04
1.147233138697205303e-03
9.962261683830672676e-04
7.722363972690742288e-04
7.427593486156036781e-04
7.451133549402236354e-04
7.364581428746830609e-04
2.176196022687288279e-03
8.834636467222172504e-04
1.256790070581354380e-03
7.726713921353196065e-04
9.624334624233536837e-04
1.045046455442956998e-03
1.265607460178723226e-03
1.202455291236580919e-03
7.933072844693867800e-04
9.636727966545957516e-04
6.955049902824803672e-04
1.384178111316807132e-03
9.262824058352862270e-04
6.993143065485791978e-04
9.487900662436344126e-04
6.473797220683501089e-04
6.361908829089121245e-04
1.224063921238177383e-03
6.758387477958809932e-04
7.464738989946165899e-04
1.233170672877040340e-03
3.268350778183823097e-03
8.725188208246674286e-04
1.230912788038831477e-03
6.986821543977777150e-04
6.653727850768642073e-04
9.763558127349050231e-04
1.234113854112032192e-03
1.357676610133248547e-03
1.104138076401172883e-03
9.117696265785170352e-04
7.742796170614264827e-04
1.166075222193938303e-03
1.356285352116400316e-03
1.018343782079854983e-03
7.496632555202092886e-04
7.700790038289295888e-04
1.158448813509353270e-03
1.307123044658653607e-03
8.349619530353914396e-04
8.602116632289785129e-04
2.056035754704987201e-03
9.416499308495884053e-04
6.961952279174694414e-04
7.735587675422058275e-04
7.382045819250269460e-04
1.878345255684956729e-03
7.123876476327210871e-04
1.582081985798568366e-03
9.266506920085304478e-04
1.080583487962663309e-03
8.370239969345617034e-04
1.014986138723365100e-03
1.045776747703877326e-03
9.681385878233525000e-04
7.218543334421658776e-04
8.162479797037976680e-04
8.166347672101564089e-04
1.452715700803619602e-03
7.714551987368545478e-04
9.051715481054892426e-04
1.056356515207348620e-03
7.205852253839504758e-04
1.135533454854763214e-03
7.217044745696292408e-04
1.014570857923235503e-03
1.426976566372037316e-03
7.555248657251041654e-04
8.074620204450577579e-04
6.872024580230267710e-04
1.029141670440466942e-03
1.161144031484392155e-03
9.560441000311323267e-04
9.864011311872308146e-04
8.431028940421508378e-04
1.521284884593107015e-03
9.092833491972729734e-04
8.316189575983248599e-04
1.238725535597828440e-03
1.046602569359482947e-03
9.599113771275424433e-04
7.540326721973988379e-04
6.813542250592176906e-04
7.267277778377685162e-04
1.187438528192750684e-03
1.037397745558406477e-03
1.075703736936739182e-03
8.867648029243444798e-04
6.193086241042321076e-04
9.579164487145590615e-04
7.358291215655188462e-04
1.056813287884009796e-03
8.834071503796622890e-04
7.901520090359303358e-04
7.873970421586545072e-04
7.975287044307764446e-04
7.791614328625396518e-04
7.235384549303371321e-04
1.305163069668353578e-03
8.404059045860605860e-04
8.204079850306680291e-04
1.558138933689388536e-03
1.291919571073916334e-03
8.021731500581726938e-04
7.196041711025902027e-04
7.695578422905149278e-04
8.433533261599916210e-04
1.780082051636170705e-03
4.006570986328708041e-03
1.496222143736118020e-03
7.828807229554434616e-04
1.151735035091159230e-03
7.223283127307505297e-04
1.159847661261076586e-03
1.100242308930300152e-03
9.539190369039845466e-04
1.304099210768244190e-03
7.886980113172876051e-04
7.100973720867899018e-04
8.504119280665025813e-04
9.696177019377665756e-04
9.608278636456419079e-04
1.113079042354338894e-03
1.025196317481035738e-03
1.296645030973117866e-03
8.129936078011459205e-04
1.297446693884555342e-03
1.298936576217477696e-03
8.355225727948034512e-04
7.915023918188677414e-04
8.877987277920839498e-04
1.024606362160847273e-03
1.358130977359894333e-03
1.282846390929943178e-03
1.507916676426562753e-03
9.631663119091084593e-04
7.539894629275136449e-04
7.794460236563228225e-04
7.472292622235415707e-04
1.238657044983530135e-03
9.924296853561945068e-04
8.671930565679042673e-04
9.710213084720187337e-04
8.139266511412902730e-04
7.344386871584980894e-04
1.655097677277438464e-03
1.176497699691493636e-03
9.727847990746620998e-04
1.216303047339916017e-03
8.010970125113785071e-04
8.456706030067828251e-04
6.747865480906544864e-04
1.197782776911806473e-03
1.029937749439526580e-03
8.226937902815249998e-04
7.661056410650584573e-04
1.573577055077162281e-03
7.559801911943817877e-04
7.543546595143926911e-04
8.655363310742325653e-04
1.141495544527540646e-03
8.348547228176413527e-04
8.451603720324779231e-04
8.800368032410128220e-04
9.324794716543036675e-04
1.231397533131695218e-03
9.191996765017591180e-04
8.851604855402996595e-04
8.864410107973766297e-04
9.104515532893435415e-04
8.880516711915281908e-04
9.709198412013910883e-04
8.674579482610616588e-04
1.132731650141406091e-03
7.411785502297154118e-04
1.174514931626543255e-03
7.189642881008480790e-04
1.787953101857700771e-03
1.217757697218026019e-03
1.064319818079729812e-03
8.182018445196434075e-04
1.342738144771234285e-03
6.424286533253447881e-04
1.039695439246277140e-03
7.614962163827716877e-04
9.075695856319240286e-04
9.847081368958236075e-04
9.163425011689690664e-04
7.952294480380128847e-04
9.490883368051579319e-04
8.821194153891569927e-04
8.338000871824787852e-04
1.024526619127755136e-03
1.227734013093331831e-03
8.704205561757672295e-04
1.570295869322373833e-03
1.037099108619583040e-03
7.218760047768342947e-04
1.027497942917367495e-03
7.268639161773078573e-04
9.840058470025156868e-04
8.570440687415693511e-04
1.061381470055672467e-03
6.279957100964101736e-04
1.104030277931303391e-03
1.322973343147346333e-03
9.286105185975815053e-04
6.802519177309259649e-04
1.428275650178301940e-03
1.097824017725440322e-03
6.404229115567106230e-04
1.133093290871857364e-03
1.019033270137910006e-03
7.029816954109257676e-04
7.048646574750927398e-04
7.066043476087320542e-04
3.021973073929536818e-03
8.392035481584664888e-04
8.600194513023561157e-04
1.112973210448407789e-03
9.025731874293975703e-04
2.497079424775145318e-03
9.383209359505887076e-04
7.352488469941708500e-04
9.465997052377105774e-04
8.273820100543552306e-04
8.064504253033250069e-04
9.896571746038176388e-04
8.385223342675425387e-04
6.766119739571271104e-04
7.389372031904318768e-04
1.045807161222890884e-03
1.812104256940564023e-03
8.874949678008362810e-04
1.088134937957843489e-03
1.006246807056191545e-03
6.690554206452869372e-04
1.646207833661931163e-03
9.010983301110940839e-04
3.206671024402296937e-03
1.012849318725774200e-03
1.054738842606157533e-03
7.409510355647016839e-04
9.454815798976310770e-04
7.775280789278901433e-04
7.526947225872920172e-04
9.032115963348960781e-04
1.144855319894467214e-03
9.915031061695162365e-04
7.037763453132983875e-04
1.166214667799377698e-03
7.787859258085403366e-04
8.442709000035647764e-04
7.269894369026149317e-04
7.145884156673716668e-04
9.062731964112832623e-04
1.557494325802115083e-03
1.163651355152630100e-03
9.457865503079115454e-04
9.826323714248097387e-04
1.066341235755469347e-03
7.586033878824926732e-04
1.137746447976762049e-03
1.085893025198047526e-03
6.899104984963250154e-04
1.115916136905867719e-03
7.888638429360806358e-04
9.826957969505370396e-04
8.209512384900598345e-04
7.164989037505527843e-04
1.075854917671277295e-03
9.609964784395375395e-04
1.129282071646807743e-03
7.965975651398305660e-04
1.134073590259338351e-03
9.138624189612113043e-04
1.059593256771439564e-03
7.076798336415377573e-04
1.700635717725383503e-03
7.525897003052649638e-04
1.337214547454185481e-03
8.790505858472466181e-04
1.066070162775811401e-03
1.534071625570427623e-03
1.112094076132967872e-03
1.127158135367326789e-03
1.400316445152411651e-03
1.417297826525752659e-03
9.361063148942077401e-04
7.141825018988618269e-04
6.828758007315736001e-04
6.482347947130539644e-04
8.954076759805727065e-04
1.694723466217256183e-03
8.875083121170873439e-04
9.452569919029937730e-04
7.586421984845830632e-04
1.285517396367421000e-03
1.240508134628684695e-03
1.031450452837934196e-03
1.436091654585208537e-03
8.017708833863312510e-04
1.686857720543540138e-03
7.808992171863759178e-04
9.955581346619672440e-04
1.115748804689757926e-03
6.589580858917720631e-04
8.139091847771067314e-04
8.020939589416879170e-04
6.559489040239465784e-04
1.742264670443816445e-03
7.568791693307731598e-04
1.232040180856439852e-03
9.679891154953539946e-04
8.583101887201674638e-04
1.056571683118294209e-03
7.299276257800277378e-04
1.000242405727062118e-03
1.030659322225442468e-03
1.118954016198647154e-03
1.393145922247267850e-03
9.456323493697246264e-04
7.340567171134444388e-04
1.112169648613394422e-03
8.224734171375010791e-04
7.491283486603181200e-04
8.608320947131429960e-04
1.152909917816646391e-03
9.305774299506829441e-04
1.796400068231146507e-03
7.475283419593895320e-04
1.157408294431148911e-03
9.080813729728626996e-04
9.477361123251569009e-04
6.882447263829807481e-04
1.097398199735691608e-03
8.616359723810382374e-04
1.172083398886621846e-03
9.084627639432088942e-04
1.049526022155040450e-03
1.092777585843108688e-03
6.844986638440149875e-04
1.556268559147436443e-03
2.152428672905990978e-03
7.446135719507132253e-04
8.745107167417024482e-04
9.175157467871042014e-04
9.974202082860769182e-04
9.788518657786932954e-04
8.232366797525195483e-04
8.456008173135705092e-04
6.974630495076957403e-04
8.416324331722048468e-04
1.061552290657395183e-03
8.140543877529484926e-04
9.397310933695425311e-04
8.275456711500391417e-04
1.315648609571449298e-03
8.273899679312555350e-04
1.343991740352740378e-03
8.565873134762273062e-04
8.319117347322489567e-04
7.878528872937923862e-04
7.755124718481199407e-04
7.842816066633846294e-04
7.461016581973560925e-04
6.916226292266141988e-04
1.402975873743943615e-03
7.730682794054918178e-04
8.530250728946925463e-04
8.170159300764136007e-04
7.843048184242522964e-04
8.474112399763958055e-04
8.224032887949971190e-04
8.204195169120830902e-04
6.833855414309366553e-04
1.749396079740268275e-03
7.099465159506794607e-04
1.661997114851210917e-03
1.087448320215147774e-03
1.423057301412994965e-03
7.347049948260819504e-04
1.336322965366095903e-03
1.079713493128964903e-03
9.014673266527250314e-04
1.269206543450885792e-03
1.072953176226916494e-03
8.540100614541111046e-04
9.523323289621792899e-04
1.733023435789753878e-03
1.162252905477036352e-03
7.540803483465598938e-04
9.860994031321952073e-04
9.317872254284642001e-04
7.856541486951614320e-04
1.208987388667645286e-03
7.188218500310335386e-04
7.895557560827616648e-04
7.528066591955810032e-04
9.080644001142688503e-04
1.048255719348345971e-03
8.318228701603805645e-04
8.960519706933499492e-04
8.602386348015621589e-04
6.845150251305265809e-04
7.971102193335962783e-04
1.363873989353821779e-03
7.919455619105911443e-04
9.612184108339595287e-04
8.461210809636152868e-04
8.769407460013803422e-04
7.014515817986164076e-04
1.374157667050918390e-03
1.307325947338430598e-03
2.009272882625083145e-03
8.042912440125163029e-04
9.091230375745307972e-04
7.780710288243735230e-04
9.572039911051981320e-04
8.501674315934526884e-04
7.260712016629646557e-04
7.651188090210259141e-04
8.552792677920779225e-04
1.105830895963891541e-03
6.708819206013587246e-04
1.050929126736977175e-03
6.349616102909483870e-04
6.507447807186933367e-04
8.855847125374551694e-04
6.964897826209972024e-04
8.896420915790215515e-04
6.277129401956922389e-04
9.029205468355982686e-04
1.029950057043782421e-03
1.426025257266473351e-03
7.696130181562447830e-04
7.942166836101969196e-04
7.303678152408383736e-04
7.850821665692313787e-04
8.351906527589471330e-04
9.155138988413668568e-04
9.127799713219233481e-04
9.592690623606788024e-04
9.335348691885199564e-04
6.765087552306968096e-04
8.733695319082263736e-04
7.637457778791023047e-04
1.165794446515442187e-03
9.030726906883793093e-04
7.842074983679016157e-04
7.397654525376797224e-04
1.251502593367892187e-03
1.206043569018564431e-03
1.971556830450199235e-03
6.465632374706493284e-04
7.546054816733334782e-04
8.230161771085185880e-04
1.072840198955287610e-03
1.745684487554039627e-03
7.725837508304561575e-04
1.197805474209401267e-03
7.060813841427399746e-04
7.910902981879364094e-04
1.150202318846739501e-03
7.797913667340385926e-04
1.139022089280587865e-03
1.906787316239363320e-03
1.080747245122143461e-03
1.239820242265525334e-03
7.651920369297762281e-04
7.907759500528364948e-04
7.883938469135376437e-04
7.483927454839909036e-04
7.458063165433486156e-04
1.238675056086942228e-03
8.797464049641575204e-04
9.884824919692322253e-04
2.082739227544760929e-03
1.597311040661997987e-03
1.042167527154979701e-03
7.149902824539981078e-04
1.144908783225611140e-03
7.419548986339121474e-04
8.937914428746797542e-04
8.191487392968200632e-04
9.170771896427735732e-04
9.702305265651304600e-04
9.274277693170440793e-04
8.260279931869225810e-04
8.034168230024732937e-04
1.175884497415117212e-03
6.750506083606255033e-04
1.007447891696219323e-03
1.286358960487541314e-03
8.596534584533313322e-04
9.296668310714902711e-04
9.989775802594854943e-04
1.013430948773016592e-03
9.131384744799867382e-04
1.044532840659918123e-03
