9.816211199141116391e-04
1.035874486396812797e-03
7.866234313717991415e-04
8.044344802899622369e-04
7.976783376099654986e-04
1.164566496266377293e-03
9.057425685068383556e-04
1.263571775784623616e-03
9.863585565817538890e-04
1.285476300106721181e-03
9.881700287598547613e-04
1.148284050434479142e-03
7.973237319410780150e-04
8.023185565800341210e-04
8.702754955472782319e-04
1.018068643347817956e-03
1.043904653937424622e-03
1.179919812896343314e-03
1.130236702642408190e-03
1.074597774305809626e-03
8.192502020276493753e-04
1.127196457387549290e-03
9.196472400527981681e-04
7.405824274744935657e-04
8.261194902982172241e-04
7.396380175645876241e-04
1.236873087300062240e-03
1.003518670386403843e-03
6.750824916307119694e-04
1.139604801197001329e-03
1.120123894288702765e-03
7.071638819627271534e-04
8.216299678858274107e-04
7.015608359697909479e-04
7.635294008129676555e-04
1.035566159629942862e-03
1.399012723746658349e-03
1.950325685242855229e-03
9.875554049011739909e-04
9.860483496971635901e-04
6.517257769934717586e-04
9.198178679076384097e-04
9.772543355002054084e-04
1.156032284001968407e-03
1.067565020360149034e-03
8.727094172212276684e-04
8.848946525775340044e-04
9.587497878285287109e-04
7.171616533637698932e-04
1.481086281992817499e-03
8.961962311102732084e-04
1.320499568617101256e-03
8.629459443999147692e-04
8.639197728859392697e-04
1.104473412273030298e-03
1.097130393000967470e-03
8.531578362484479880e-04
1.329437762471917138e-03
1.302079812519019771e-03
1.149505277984429847e-03
8.777073175860067864e-04
1.226664730919082343e-03
8.819756707051944113e-04
7.316771423740798868e-04
1.376194574600888209e-03
7.249481508699888097e-04
6.665606160130754711e-04
1.086291318810408057e-03
6.487203207411255902e-04
2.237242578818710373e-03
1.281893329444004507e-03
7.080736718184781628e-04
8.171022029368632750e-04
9.496608933514473537e-04
1.519910842442009783e-03
1.715378200481682946e-03
1.631682613138578071e-03
9.618880183923918204e-04
7.523393104296358623e-04
9.869909200476963216e-04
1.046500353678237859e-03
7.820237984999970976e-04
9.815667358824356221e-04
1.017687305802951947e-03
1.036004120188349382e-03
7.384774783101190213e-04
1.026981339253592827e-03
1.042050955947610011e-03
1.446066440298884349e-03
8.367877693085882650e-04
2.190084463058981478e-03
1.408227308422771006e-03
9.096087978198545698e-04
8.440870290458555485e-04
8.897861891701553923e-04
6.736067348080137943e-04
1.199004203730794646e-03
1.010875879648292413e-03
1.427317069873678236e-03
8.336706206203479790e-04
1.243593267155006102e-03
7.662240934883938126e-04
1.956371821823861719e-03
1.245989533940415183e-03
9.675081473786569745e-04
7.857945622116008742e-04
9.114292528565531371e-04
8.424054499339582100e-04
1.254043735082387796e-03
1.756685316218937988e-03
8.418731640057457600e-04
7.460428300613446747e-04
8.149124572322047821e-04
1.188929626640546772e-03
8.989083946124848531e-04
8.193749053603748781e-04
8.759746075350414388e-04
4.147270004562173332e-03
9.777392971074623691e-04
1.018195731710006989e-03
9.428355713776180114e-04
8.779808329778924928e-04
8.362256595281405535e-04
1.949860473595128050e-03
1.198616051003779546e-03
1.456919136356439907e-03
7.424047425933159427e-04
7.184701771424503638e-04
9.803013988774898942e-04
9.545341234836102109e-04
9.402422582093158954e-04
8.565598876398320891e-04
8.997863096850132773e-04
1.612978316001835530e-03
7.959695496352067008e-04
1.448281061094291999e-03
9.757190336668161885e-04
8.617067360519633634e-04
1.143013666951025022e-03
1.074537614339689121e-03
1.224997901399243029e-03
8.384015649685890676e-04
1.958315287949827146e-03
8.457505154790711426e-04
7.922969846337289939e-04
6.894867545816752525e-04
8.462694666944681979e-04
1.044959915243537027e-03
8.983501522032642230e-04
8.092845085171787361e-04
1.097284174472233772e-03
1.385043538045959647e-03
6.554311085681954968e-04
9.811553033648716827e-04
1.508454744355431677e-03
1.110408289828352518e-03
9.131766557686047010e-04
7.799271241898968936e-04
2.279624559869431692e-03
7.102251837456610315e-04
7.342345063884310290e-04
8.543672258338656875e-04
9.107290507829125846e-04
6.725331111639481704e-04
1.444635765624910145e-03
1.067922967937965251e-03
6.896395473998662411e-04
1.115420178521363487e-03
9.479279626221534224e-04
8.287754249132581359e-04
1.439467183139033933e-03
8.111651412438615266e-04
7.082625271905585449e-04
7.699423325215626075e-04
8.411603831324952155e-04
8.204746046862872264e-04
1.019963590136795367e-03
8.009198723342870335e-04
7.918985788755290812e-04
9.516803871774867900e-04
1.243595701998802955e-03
1.071822381037164330e-03
1.165671289169169364e-03
1.642884117366187136e-03
1.256718452745639357e-03
1.040743969210421128e-03
8.592986469457592098e-04
1.305022648240051347e-03
8.895515675707071565e-04
1.152586263927375763e-03
8.291109518620610498e-04
7.517553917934085899e-04
9.957097038634742363e-04
1.291359815589047206e-03
9.603895434784891780e-04
1.496806273490624076e-03
8.881356236352782587e-04
1.084736496048622958e-03
8.118383761440737352e-04
9.468989985769034031e-04
8.301064506088616903e-04
1.140804197724669357e-03
6.432196637911585368e-04
1.671649719791827582e-03
1.002911350594768488e-03
1.263086299203498852e-03
1.049554112480210761e-03
1.295051497118252784e-03
9.330029810395986745e-04
7.131247714084774448e-04
8.049038520133625736e-04
9.935714593848586629e-04
9.932709261994679059e-04
1.015331174853429871e-03
8.301335996557310378e-04
7.576630971705411444e-04
8.002064070052088618e-04
1.340381542029757313e-03
9.872780080177688111e-04
1.230925746915848299e-03
1.212709362074907132e-03
6.616530711281345262e-04
6.695903017542490475e-04
9.604445196737402060e-04
6.914083286506853519e-04
8.670795268415737141e-04
1.045248641219208513e-03
8.423374476237093346e-04
8.835880428755967745e-04
8.194379109727617516e-04
1.187738315372415714e-03
1.112868815784442749e-03
7.878321581641799156e-04
1.695674621251923265e-03
7.983992727926079308e-04
8.443566248000953329e-04
1.068705700179118333e-03
9.777375576445980401e-04
8.270048210394827107e-04
9.871326899711257465e-04
8.444144395316015815e-04
7.069311600840385255e-04
9.776637174791007971e-04
9.763921747636524146e-04
9.810451025052838257e-04
9.181483227276447711e-04
1.123097581048775051e-03
1.354517507857833005e-03
1.087244246329567869e-03
1.064627027068332449e-03
9.491801781638764361e-04
1.459641702974430640e-03
1.290272856522813906e-03
7.524853717557856633e-04
1.278986023094807719e-03
1.008929437646579556e-03
9.009562558144932438e-04
1.198599268130742064e-03
9.678117828093262117e-04
8.671032737388996393e-04
1.539043450191440688e-03
1.058021299502812443e-03
1.278147716659245496e-03
1.275543705177256942e-03
8.462987567517014443e-04
7.044057537797065831e-04
1.178172077351403394e-03
1.143740084850756056e-03
8.527166663166280657e-04
8.247623379143380470e-04
8.116233303601727350e-04
1.132843411491653383e-03
9.029926746847377964e-04
7.018162564998331639e-04
1.175644396414592986e-03
9.426629485361547132e-04
9.402654116484137313e-04
9.691390696479218079e-04
1.333768896438851902e-03
8.165286439230776865e-04
6.670864383173869460e-04
1.508731540970651656e-03
9.424965777628396563e-04
1.039038187115438753e-03
8.018495840923885913e-04
9.759849435458727799e-04
7.979544974920846617e-04
6.819134963116394929e-04
7.886839769617573536e-04
8.842144324780752988e-04
7.981526192769888449e-04
6.646579745859234950e-04
6.918036840194392379e-04
9.163570597115794532e-04
6.729009758388771910e-04
1.158856856768850953e-03
8.180323948188079680e-04
7.475203145713576764e-04
8.524648359147704970e-04
6.914274771456204241e-04
9.481937578197998122e-04
8.154531417057355250e-04
1.264522649197714378e-03
1.162847060234546356e-03
8.145150370251739731e-04
1.196640966728000285e-03
9.433927634776607951e-04
8.229289238121702136e-04
7.232544355445600509e-04
7.904514300707702950e-04
1.010009390731330184e-03
9.063677009609688931e-04
8.274520264504092509e-04
7.511272384663153587e-04
7.427301668413434062e-04
9.407602605771682534e-04
1.247677837196199940e-03
2.727240727902366553e-03
1.178981414920301412e-03
8.210859206548904755e-04
7.415086556118675185e-04
7.507044466754230361e-04
8.463925374054864954e-04
7.434121322374007612e-04
8.372897743500008544e-04
8.623011130182575094e-04
1.029880290775913925e-03
9.021424243505903485e-04
6.917980105092270396e-04
7.768058167954896296e-04
7.648557579314320745e-04
1.283947841093898432e-03
8.634192086943339849e-04
9.936961769382583916e-04
8.966496665283696203e-04
8.092836580665470521e-04
7.379451326303881680e-04
1.196940305893009560e-03
9.603883506282942560e-04
1.309718293610878746e-03
8.747286505506811057e-04
9.164145380390747173e-04
8.021195911929168958e-04
9.778336484821967614e-04
7.611569170622766237e-04
7.832224129068454102e-04
1.005665415758057960e-03
1.444315330457314993e-03
9.539220676389768361e-04
7.360061391117297177e-04
9.042428569696652407e-04
7.798932939583073844e-04
8.243714292212621147e-04
1.397789882195505425e-03
7.301397064252004377e-04
7.523138102192963904e-04
9.008336102836782744e-04
9.780594443921152101e-04
8.165283492344028570e-04
7.785246232185597144e-04
8.831089702722894497e-04
7.192696009349960201e-04
1.450689663966400322e-03
1.262847615732574404e-03
1.072618974024765583e-03
1.102298914474269999e-03
6.996747658235698795e-04
9.554044893952428393e-04
1.297241240985961414e-03
7.085648201756727807e-04
6.795397653699525829e-04
8.240845029630812241e-04
8.727417105127052146e-04
8.974454615727824611e-04
1.192570056182627996e-03
1.102899810550150937e-03
6.989566401028921667e-04
8.694979525671294503e-04
8.155314371699154841e-04
8.981139794333172985e-04
1.028025626938679042e-03
1.261194033360424219e-03
6.617762721722232231e-04
7.026648323832632072e-04
7.105380019852747166e-04
1.193333220223517571e-03
1.215007277062383389e-03
7.447275408014161682e-04
9.762306299538622096e-04
6.670054322930259487e-04
6.690538447126363926e-04
6.734623455123725077e-04
8.224808979396065669e-04
7.211211446262193354e-04
1.040747464717227009e-03
1.297934056950937609e-03
9.389852617945388833e-04
1.306613433012525013e-03
9.060728648882038693e-04
2.011173931955276620e-03
1.054306063361896322e-03
8.902356352686363779e-04
1.120013231956081511e-03
7.301435161213965354e-04
1.053547336398672754e-03
8.747160654748723689e-04
6.804049309980381155e-04
1.289396226829422377e-03
1.535690697833609836e-03
1.504754996121993775e-03
7.096142404770242659e-04
7.486870241020578565e-04
1.407569768810751831e-03
7.246534191774318219e-04
9.574261782389448076e-04
1.226992014917946535e-03
1.110366789553735977e-03
1.060360983814688561e-03
9.450880748591364289e-04
8.804219736846099825e-04
1.119295150289821138e-03
9.896625975505770386e-04
6.955220239349659472e-04
6.742313743806366971e-04
9.331995660067565540e-04
1.254727424510940909e-03
6.622817887377459301e-04
7.310751397822485773e-04
7.798468286005111761e-04
1.139864123166652640e-03
6.564593125291521593e-04
8.880297714451640748e-04
9.020784967533077101e-04
1.010968400452831378e-03
9.797161986099169745e-04
1.203585565268431743e-03
7.304735835720313399e-04
1.099214967242821478e-03
7.764581624267280447e-04
9.237623231006967606e-04
1.266055835436941286e-03
7.067990979573809561e-04
9.130011349258554095e-04
1.420085626571863154e-03
8.960758967985665889e-04
1.560473459804065637e-03
7.671233030789241340e-04
8.848242353796225692e-04
1.057055565858877654e-03
9.503168989618115525e-04
9.522310991606238286e-04
1.063088728196198663e-03
1.075344599457389973e-03
7.208212613087746018e-04
8.997838344486872595e-04
9.882369298791500011e-04
1.907031866839994320e-03
7.203048904396023222e-04
9.287848289597496832e-04
1.018080680067651265e-03
1.428582260907638232e-03
6.920484076499496158e-04
1.057834463471579375e-03
1.063092349690972216e-03
8.786464817891273277e-04
1.077312566390491123e-03
7.918449984579307988e-04
7.608376453531333393e-04
6.738459165380872437e-04
8.151059897183184728e-04
1.016659674682891422e-03
1.416708815190443390e-03
8.605510661431016103e-04
1.611102943701994911e-03
1.120031668780976843e-03
1.359660946849034239e-03
8.161826915021508280e-04
1.539139907217786920e-03
7.331030246352223875e-04
7.193214932444120906e-04
9.404156335672040181e-04
9.953804540176836111e-04
1.015736666889595569e-03
8.037809360808647642e-04
7.771910262948587529e-04
1.293351445816181590e-03
1.050724396632450250e-03
1.175486609281183124e-03
8.779838178445833292e-04
1.051829610584159840e-03
1.131044379426748153e-03
6.706907742311497226e-04
1.162392146457815649e-03
9.714751865397553950e-04
6.599646101930602225e-04
1.044518447984143627e-03
8.991401627342516254e-04
9.945586434344435168e-04
1.166186502629599445e-03
1.660218830420215428e-03
8.586258020263444393e-04
6.864282596379718158e-04
1.010518825081853280e-03
8.410084490939066706e-04
9.700641962767681415e-04
9.770086852268955371e-04
9.005192857112626070e-04
1.255952006748631668e-03
1.373841500792160122e-03
1.424200948679412186e-03
1.299197564243311127e-03
9.348973881839304926e-04
8.700234032777609452e-04
1.512180879170357947e-03
9.451867161334966735e-04
6.936696688407121463e-04
7.847376537399456189e-04
7.248085555102271905e-04
7.863904736070549250e-04
9.577800972358662583e-04
7.783904434532996951e-04
7.203242302175081940e-04
6.528613286800583450e-04
8.563896117520232139e-04
8.481090721651110120e-04
1.497316115567187819e-03
7.259711975873560418e-04
7.990589140738258052e-04
8.022918740984693936e-04
1.035955811420725178e-03
7.407598288939109881e-04
1.267409499696721875e-03
7.993662147746868896e-04
9.414568543117613278e-04
8.050445468114806290e-04
7.343064811323296148e-04
9.146883768579266820e-04
8.926681063015652054e-04
9.393263143241524114e-04
7.036602080843120917e-04
1.007335067972492696e-03
8.176065896340838730e-04
8.806177505610506906e-04
9.850317357407291190e-04
1.432732458316180292e-03
2.463805734923817017e-03
8.763375648332375097e-04
9.147842503605589735e-04
8.211784580258438054e-04
1.277597281975612672e-03
6.864232271932212918e-04
1.571461228786622802e-03
7.450232570020132433e-04
8.121506744940630140e-04
7.887052058613395903e-04
7.262823349198088696e-04
9.290426631663767799e-04
9.996139917401618887e-04
7.622188411937135888e-04
9.414005153236366333e-04
8.850961116020980438e-04
1.656728087410156694e-03
7.209618437567478447e-04
1.201214714951512851e-03
9.666919127757819244e-04
1.439203523476858659e-03
1.069112012237143691e-03
1.436278743881197343e-03
8.127862689229424205e-04
1.024090226062528359e-03
7.936344910081865678e-04
1.095529043781900448e-03
9.855148372059207434e-04
9.842117904943364654e-04
8.304514063847616250e-04
1.107685920308155384e-03
1.037294948442939006e-03
7.913134341058129058e-04
8.985501080036003337e-04
7.622084577589030531e-04
7.401498458450949790e-04
1.140658929421838877e-03
8.724479416402949709e-04
7.873739395713944943e-04
1.187205270719006228e-03
7.005483576270375235e-04
7.070448685596633078e-04
1.297514753117843958e-03
7.730600386782551531e-04
1.107056773162794130e-03
1.657736407252590524e-03
9.535714625766141201e-04
1.688040214465105640e-03
1.191042179596752846e-03
7.893330570290416721e-04
1.484657389989395932e-03
1.019353355147056698e-03
8.355681807005248219e-04
8.243707946834708802e-04
1.029488160109405612e-03
8.312405164450738975e-04
8.208260800163806516e-04
7.874569155377349975e-04
2.501908927162191376e-03
1.244545237677813741e-03
8.672049562150006266e-04
7.154154326208446999e-04
1.167288177037918446e-03
9.126367437915086167e-04
8.106158022275712551e-04
1.009421366518727841e-03
1.050389915565198623e-03
9.755454710479376061e-04
7.547328613602160468e-04
8.585764380846986179e-04
9.124976120586112197e-04
6.909725877801108085e-04
1.286396128327465388e-03
8.364180300142093393e-04
1.263353309628702497e-03
7.873682412699037824e-04
1.111904967487686467e-03
7.685386141839870141e-04
6.784507487748171447e-04
9.799299812432147629e-04
7.482640517053630851e-04
7.517672933143841477e-04
8.766803102910063379e-04
9.452222810676299018e-04
8.936899411655574096e-04
1.229164400773563462e-03
7.772680283925294427e-04
8.901025983502966477e-04
9.141134307312026933e-04
1.308482002740718811e-03
1.101647119646094984e-03
1.013190825674513537e-03
1.502029633764568163e-03
7.071117081882253609e-04
8.261396929627369285e-04
8.509132858991064891e-04
1.002007507183045416e-03
1.020699959897622454e-03
1.147142340294676852e-03
7.589903137698437345e-04
1.752231848758166758e-03
6.833290004288036833e-04
7.415491583867847916e-04
9.766904356083919159e-04
1.003714274532006888e-03
1.028414906303636153e-03
1.493414522167304821e-03
1.707273463326534294e-03
8.454781293794381373e-04
8.018567570416232793e-04
7.428762115138615001e-04
1.387080673177013002e-03
1.002362307511528959e-03
2.201196708356853524e-03
8.226767773130942577e-04
1.018345172597187121e-03
1.148479014488873419e-03
8.546293728900544251e-04
1.015054420109316085e-03
7.614980163010083873e-04
8.361484851845667763e-04
1.418269079074792934e-03
1.315266558951315836e-03
6.404821461252848845e-04
8.112535147028248012e-04
8.770526171302839595e-04
7.671472403225073700e-04
1.044117906114435659e-03
7.120283987913832375e-04
9.856102662434635189e-04
7.845432584102633071e-04
9.545464690924001421e-04
1.368552607266646350e-03
8.201621554573838759e-04
1.480193882515566141e-03
1.185230477394166307e-03
8.895994492389276654e-04
1.616318106395809532e-03
1.374200283444699253e-03
1.128348460965767014e-03
1.447652165305869697e-03
9.908139430652234628e-04
1.038846150627959928e-03
8.671587172820727479e-04
1.569679160898714313e-03
8.424166883151907800e-04
7.194320907191985304e-04
7.527307082178393656e-04
1.352651453698324640e-03
7.498290857606940444e-04
7.271453836550606335e-04
6.527578493513361280e-04
9.992284237587360091e-04
1.228348458663594501e-03
1.119926675672018807e-03
7.642241565386072516e-04
8.377404022969894620e-04
7.397220169515857004e-04
9.703845003245142658e-04
1.019731164534712527e-03
1.359414843499135101e-03
9.635227267513864690e-04
1.266366867649856799e-03
9.562525312208082192e-04
8.727162889591233907e-04
9.094422313776496765e-04
1.038161778936724268e-03
8.933158867287773136e-04
1.293406773509867902e-03
8.676752790311172657e-04
9.790405618643181242e-04
7.930638296545913313e-04
8.456315678021260719e-04
9.636962979025657855e-04
7.387811035901702822e-04
8.348316244951211598e-04
8.122710047594472200e-04
7.818585695752567179e-04
6.928635200510503429e-04
9.807764419804017569e-04
8.434658831543286961e-04
8.974066743907689299e-04
7.130440068774075235e-04
8.146960329236949735e-04
8.915911169939237267e-04
1.088635092184759732e-03
9.104541121789392006e-04
7.415681741969406843e-04
9.149812475918883302e-04
9.142866048586172339e-04
1.334958789037433719e-03
1.739081690986997832e-03
9.103128722186241842e-04
1.280768258681827098e-03
8.827311691794522287e-04
1.289060122498212821e-03
9.835020975232076391e-04
9.060273950430768140e-04
1.484552167958443905e-03
1.663376808329362043e-03
6.998957506593315352e-04
9.803564799513221108e-04
7.221537837887532021e-04
1.010435179667056038e-03
7.738042625471874478e-04
1.238148568032588310e-03
1.027761301519163235e-03
7.512570814164467930e-04
1.018746117573779766e-03
1.007932585554211901e-03
6.647366130902724246e-04
9.727346395213171430e-04
1.019181006154973529e-03
8.074961353528982639e-04
9.787863496570666910e-04
1.063634899561811693e-03
8.297058175349145744e-04
7.078534367727869247e-04
1.115535868103327034e-03
1.074987172039181633e-03
8.901945634280369413e-04
1.795891250916905289e-03
6.844951516620363620e-04
6.734811702338473890e-04
7.411925739095243972e-04
1.158641646111061106e-03
1.033010004226478764e-03
9.383359458438378159e-04
1.152526779543117628e-03
9.376033983065399464e-04
6.903283845372348805e-04
1.384177139391195308e-03
8.154743381910795844e-04
1.212927844228801596e-03
8.267762818107121225e-04
1.172112852347305693e-03
7.468235691993114654e-04
1.576389127238609278e-03
8.969189021912609555e-04
1.746187235379192439e-03
7.730866313726902179e-04
8.463923803494611924e-04
9.478780989807854621e-04
1.213583797209055780e-03
7.360591266096237805e-04
8.580229605870293586e-04
1.010598778169396030e-03
1.147922472813791596e-03
7.805688953438022840e-04
7.837471482868442864e-04
8.391689736319475797e-04
7.489448289412860326e-04
8.976003394551722216e-04
1.051617312164895412e-03
1.488753412026352918e-03
1.362955640448052560e-03
1.627264269760032031e-03
6.975152615459791075e-04
7.231305890181516328e-04
8.963588805557743322e-04
1.243462314293977862e-03
1.022546269977922225e-03
7.065814281243257755e-04
9.856828022494793992e-04
1.429468846349948603e-03
1.310708965814040994e-03
1.020778035016391225e-03
9.985385684076609862e-04
1.057016513681304989e-03
9.095492345873327968e-04
1.168533764690140014e-03
6.736847160998131511e-04
7.503199692544204819e-04
1.063305236737760321e-03
1.015799550990375026e-03
7.336454528461793922e-04
1.049756426538446053e-03
1.080745117780537853e-03
8.999691288975453360e-04
1.022171647909771511e-03
9.676428748928830783e-04
9.027396043285104699e-04
1.891922681682285364e-03
7.369914856638754268e-04
1.159026797874752228e-03
8.659814306396441041e-04
8.797648169591949568e-04
1.010727333386802866e-03
6.686728812319585368e-04
9.463560861816877395e-04
1.009939670338097593e-03
8.503682058088652849e-04
8.070566175172677950e-04
8.779068482963810769e-04
1.169438468550078151e-03
9.803932389832617587e-04
7.998830955856623629e-04
7.450467313764300896e-04
8.100783590998832844e-04
1.499859967745231261e-03
9.879328866285517867e-04
7.832796615637365248e-04
9.192614154346639846e-04
1.292940265709529701e-03
1.179130954612272715e-03
1.332652503010646299e-03
7.261726799361442521e-04
1.030514114507562456e-03
9.299139702134082966e-04
1.542651114726244265e-03
7.429540012759506878e-04
7.283937305100364988e-04
8.988705490355403029e-04
9.753037892341674502e-04
2.160613978334326776e-03
8.594895447170876899e-04
1.254303045855557431e-03
1.112068065587478718e-03
7.503914015625152197e-04
8.268414501277702696e-04
8.694464010664869433e-04
7.260759292630298775e-04
9.228050388545854139e-04
1.941018889986695101e-03
6.996559202958160979e-04
7.224155640973262647e-04
1.016245171691892947e-03
9.545533818141172357e-04
9.747373448948911182e-04
6.640707456197625499e-04
9.448809297275459745e-04
7.872909347910201500e-04
1.136446085932676714e-03
9.071042742495227709e-04
9.004390033168417585e-04
8.336433094154569205e-04
6.983460527243028678e-04
8.534113948613477121e-04
9.399183828135563353e-04
6.711800683649286892e-04
7.515641390829363869e-04
1.049761671517392223e-03
1.461446024821127067e-03
7.573154854620916913e-04
1.201839951733684169e-03
1.049962127666255593e-03
8.402407267172361032e-04
9.891267681032629624e-04
1.051091324327326154e-03
1.282475607966361434e-03
8.934867647313272845e-04
8.842561988851825594e-04
1.201926278049294389e-03
1.039246903606181379e-03
1.042145526613004686e-03
1.102869397023189093e-03
8.593939976248172454e-04
6.570101564616845097e-04
8.288068819837883777e-04
9.259134343891375039e-04
1.331558703969190280e-03
1.018040298767051684e-03
8.229990484294501599e-04
7.176984075596355749e-04
7.777678463802796191e-04
9.270033308505889243e-04
8.128659706398528532e-04
7.579924210148151088e-04
9.458027086588654576e-04
1.390240203319340149e-03
1.253549593983127727e-03
8.382485268950288972e-04
7.742393408295191468e-04
1.085859369978531969e-03
9.140831660797298260e-04
8.894468652461691004e-04
8.370914231179948364e-04
9.652870746250511499e-04
1.374778853662324100e-03
1.118205240777358708e-03
6.668150917709923537e-04
7.360062847720879502e-04
1.503125731618523264e-03
7.930767727234120388e-04
8.734143002502123710e-04
1.130757876279955962e-03
8.312141535210738246e-04
1.238941883292788001e-03
1.090514719427031079e-03
9.866846435805218165e-04
1.645153887070295584e-03
1.154102194036825402e-03
1.496263411965416488e-03
1.022448088351267945e-03
1.092177921103428938e-03
8.534625632721709121e-04
7.554092771988347044e-04
7.279855980008092479e-04
8.459344226779041877e-04
9.370396885695958435e-04
7.667624817857316864e-04
8.460027874237198648e-04
6.974092036461126314e-04
2.037190315752435404e-03
9.898027437453005024e-04
8.617671765455282417e-04
7.188880631785630679e-04
8.395832586356820728e-04
7.250166744733506363e-04
1.281658919143625550e-03
8.340377319530307759e-04
1.224628817450174132e-03
7.922277124540704060e-04
7.494296101409723835e-04
1.029063272885591710e-03
6.664034852877073539e-04
1.695748121689391163e-03
7.587913556683110799e-04
8.419803715668293734e-04
1.405320090439182669e-03
8.506131590653873359e-04
1.084692185679375686e-03
1.073021965829522219e-03
1.223456431844663263e-03
6.732706645966637362e-04
9.084850280974592551e-04
1.113685000102177273e-03
1.238793283690014157e-03
1.057946442863392155e-03
7.395162596569290541e-04
7.087113590589032676e-04
8.417663541525227146e-04
1.080862816290198772e-03
1.244590345080232464e-03
1.935446712041313235e-03
9.067405816624163209e-04
1.016939924949529636e-03
1.249948486348778165e-03
6.835815639550475373e-04
9.040319352614865477e-04
9.691165820233760102e-04
7.517468729091196294e-04
1.192101930190675452e-03
7.454683219830321407e-04
6.822084645159944742e-04
1.310127684926768420e-03
1.186628471014635183e-03
7.740040584901658471e-04
7.128279501601492065e-04
1.261458636758229718e-03
9.654291062592578647e-04
7.726176243529464787e-04
9.343054865722800464e-04
8.829423590011377951e-04
7.017236228876348259e-04
