2.354314325387545648e-01
2.385753623278009106e-01
1.936083639570801707e-01
2.294931828461307666e-01
2.668457813785084509e-01
2.773142472621312193e-01
2.542739693586177907e-01
1.970019101331416667e-01
6.876845349332932900e-02
2.534990001063927578e-01
2.801861537500460742e-01
2.636753257553580143e-01
2.899882178378030972e-01
2.804689877437116508e-01
2.990720077575933500e-01
2.505281144612764299e-01
2.212540500081578987e-01
1.756185278656377247e-01
2.671067636881995777e-01
2.664495826241493615e-01
2.805893193701772259e-01
2.669896483424398781e-01
2.674179927403053658e-01
2.855158762692108776e-01
3.038803998762815151e-01
2.665383190828882198e-01
1.262978269415525878e-01
2.027607211594426306e-01
9.520166228236598416e-02
2.914191050570715258e-01
2.834579120260094509e-01
1.437615910005130559e-01
1.851081345020757218e-01
1.758165630095489818e-01
3.021573764340578228e-01
9.808054952503983404e-02
2.259130755040461014e-01
2.041332661395094117e-01
2.368402020315362178e-01
2.699505358786430942e-01
2.145041187785869108e-01
1.627219152853169315e-01
2.143004623613914139e-01
2.007227063349408813e-01
1.728865726672209335e-01
1.907549811736790613e-01
2.966741821641899479e-01
2.578131982130408839e-01
2.961591268319425097e-01
2.429879418400136548e-01
2.838162235867999206e-01
2.896052110576517458e-01
2.730339525549686508e-01
2.042425666913752769e-01
1.432869575579667210e-01
1.752043127947728873e-01
2.143504696563668654e-01
1.566295233787761421e-01
1.574413650604159221e-01
1.619563675393999036e-01
2.521940967841503345e-01
1.799986103705128182e-01
2.910269067857043090e-01
1.842334560387672848e-01
2.483056321999478622e-01
2.215310128980129134e-01
2.786764528918068695e-01
2.550765005109253969e-01
1.998407478597690468e-01
2.921156390146499304e-01
1.756842253305040402e-01
2.625154897022148881e-01
2.153521070398470849e-01
1.480761551919400620e-01
2.670782773777904406e-01
2.243155924050477534e-01
3.022076955242823937e-01
2.894375754842509196e-01
2.193512810567373739e-01
2.198926554771367947e-01
1.720863506841241453e-01
2.024685032417810893e-01
2.056036362906601411e-01
1.277971949279185782e-01
1.626706931523422828e-01
1.917511533057639772e-01
2.786646977472651554e-01
2.636285597201125652e-01
2.965723013892229143e-01
2.697110139083129798e-01
2.878897885301305304e-01
2.715442058335691966e-01
2.516393056018272900e-01
2.203092930058189181e-01
2.258599302900066719e-01
2.643543061163311503e-01
3.042961523603998075e-01
2.844625932453704875e-01
2.430594886223899909e-01
2.370296713443046099e-01
2.031447184243446724e-01
1.803264593390756509e-01
2.293663385366474794e-01
2.571919145676029861e-01
2.026330876089113553e-01
2.698801558329441685e-01
2.706228179682182988e-01
2.331897590092213701e-01
1.375260683994261046e-01
2.721933771715276396e-01
2.875223085685224000e-01
1.492638589377054403e-01
2.350497745919613302e-01
2.997980076025192897e-01
2.537626561666700420e-01
2.607179930019543623e-01
2.495027399032228865e-01
2.190694073549062648e-01
2.190197362109596868e-01
2.424666383976167294e-01
2.227835942740980790e-01
2.683433723850992547e-01
2.118395051624799019e-01
2.704171258125948607e-01
2.792178960704351232e-01
2.478454688925856020e-01
2.506136817889774160e-01
2.869914949182302277e-01
9.622291792848158831e-02
7.401363786082354457e-02
2.538829772713685484e-01
2.376134869282779394e-01
2.048846603954663503e-01
1.752851716938832460e-01
2.641754954789083398e-01
2.114065330139307530e-01
2.965364337231850000e-01
1.320639836042532267e-01
2.833508978123451816e-01
1.368701260212994986e-01
1.190613939356853640e-01
2.373341366580504486e-01
2.710836071207152198e-01
1.783130827053603651e-01
2.402296005704304127e-01
2.872089189883737514e-01
1.771209481731562396e-01
2.725437899902439787e-01
1.123262109170141271e-01
2.654463365386032780e-01
2.641113013720661762e-01
2.941206511370837995e-01
1.778934218788361388e-01
2.853114315209699381e-01
2.690072336061720137e-01
2.960742320763115609e-01
1.927452763547949366e-01
2.366055773314211796e-01
1.242676939484300830e-01
2.004248516405606195e-01
2.090025083407803796e-01
8.346465749583752147e-02
2.855812425799955090e-01
2.160361992675533527e-01
2.191758789122363049e-01
2.024771948997775572e-01
2.713195588923347223e-01
2.768597523658459236e-01
2.331511301050244733e-01
3.029847271071743897e-01
1.392549798129630589e-01
1.742424517919353710e-01
1.176609423084936101e-01
2.847003961637054048e-01
2.756920660626088759e-01
2.565950022029734878e-01
2.532289523904182604e-01
8.620578219794225450e-02
1.689077701939055987e-01
1.748092642107267058e-01
2.813342798017989810e-01
2.345235068269683754e-01
2.108327866457211652e-01
2.151561018953454252e-01
1.148803100987782627e-01
2.249446628373868162e-01
2.968172783833207262e-01
2.474280226231055924e-01
2.401678180463796275e-01
2.024155445255674812e-01
2.909588251708829509e-01
1.651891989189560594e-01
2.056591823450414913e-01
1.428721422975786914e-01
2.969587274201613281e-01
2.411795010730877487e-01
1.621441001177313102e-01
2.554062693073034240e-01
1.634325411742987566e-01
2.121061737327160912e-01
2.853455361641256682e-01
2.665701763470613161e-01
2.215208939680335942e-01
1.893609965863596867e-01
1.364533049156721467e-01
2.913966628451886143e-01
2.696344941893892844e-01
2.511971445400742464e-01
2.114215271191599299e-01
1.538985113064412491e-01
1.604406522531269530e-01
2.665015472107605254e-01
1.907239874486998943e-01
2.679206706104599323e-01
2.892158149431025005e-01
1.553894415796938100e-01
2.936792232442537731e-01
2.399624609103062911e-01
2.311662229368881827e-01
2.277012571134792163e-01
2.412555811231881786e-01
2.749529948680322078e-01
2.263291668459110895e-01
2.722523881989588057e-01
2.933278868988278831e-01
1.686462674243717208e-01
2.390931254525484051e-01
2.748701960031615932e-01
1.726781810173011467e-01
3.011147100604587568e-01
1.501066541553267020e-01
6.138034155968088990e-02
1.834989077554984305e-01
1.639554885894326797e-01
2.037595541120045817e-01
2.414375458950532016e-01
2.774591617705907676e-01
9.741538530368595850e-02
2.494233409654289801e-01
2.059111648114400617e-01
1.541296853092412322e-01
3.036408684404986458e-01
1.972123697344922433e-01
2.978579545621309888e-01
2.814962189503578127e-01
2.671338394148450868e-01
2.672222478442224936e-01
2.765695517116439350e-01
2.858878188928531405e-01
1.792913107073639545e-01
1.168296388106119382e-01
2.888885036783402360e-01
2.931193396358821590e-01
2.071336773581997914e-01
1.995509904869503248e-01
2.822293604241310483e-01
8.589847126693585244e-02
2.336170840359119705e-01
2.878259188407820690e-01
2.653978485127161391e-01
2.946336679916714552e-01
2.738543660927777457e-01
2.969519306517384716e-01
2.895758685437788693e-01
1.121076109783316621e-01
3.046926038507900003e-01
2.728787733680605454e-01
2.805540791958669455e-01
1.729654843245929940e-01
2.236948564994175326e-01
3.050396026620579293e-01
7.599543579210175925e-02
1.737942899872032820e-01
2.199752057990124188e-01
2.415444668404382045e-01
2.373435537279395269e-01
2.404628938000217819e-01
2.289576218083157477e-01
1.180003456164814279e-01
2.729122140891021009e-01
2.011810687916444074e-01
2.771571780068595725e-01
2.593138479838563715e-01
2.824095612693214852e-01
2.876529682080807282e-01
2.148851782250144060e-01
1.576291459524508387e-01
2.602849407805200577e-01
2.232319424148128673e-01
1.061319805657775922e-01
2.218534177088134496e-01
1.235982613726670648e-01
2.319898749222591983e-01
1.753732713669749477e-01
2.631934777436445994e-01
2.764383705109375589e-01
1.443745490193343584e-01
1.537603791675283826e-01
2.869517845339161211e-01
3.032761098339278316e-01
1.602023625953193087e-01
1.736308042545462726e-01
2.435726766145132061e-01
2.133920920591808046e-01
9.854658331423601925e-02
1.732209704648449977e-01
2.776438706633349018e-01
2.415009992874784517e-01
1.675848771553633543e-01
1.126732008418509234e-01
2.777301582459854035e-01
2.009814441225616921e-01
2.586620196426644980e-01
2.113623641910448714e-01
2.137017741295101636e-01
2.869982512692316745e-01
2.850511307946681505e-01
2.533808797572661975e-01
2.840009973480461247e-01
2.345050495789039180e-01
1.570622606514806008e-01
1.954069550482816220e-01
1.277749456743757506e-01
1.878703634040467807e-01
1.671889220979268509e-01
3.005375683975780587e-01
2.619031136211779076e-01
2.876250847320342974e-01
2.414392106014278117e-01
2.216496890384590801e-01
2.724067698316647856e-01
2.720448477667340437e-01
2.927804091630007988e-01
2.768841244261072143e-01
1.539371842915335797e-01
2.708132925503189958e-01
2.492872092222895297e-01
2.997419770277497397e-01
8.417826121798149819e-02
2.924804022060973896e-01
2.170477633005416518e-01
2.676082264284364021e-01
1.643291031908035715e-01
2.412018178606695484e-01
1.954481877164325199e-01
2.585125451278601494e-01
1.874235046714493036e-01
2.826771539328073457e-01
2.947999169938764208e-01
2.894112751480790169e-01
2.479716013803428543e-01
2.448845519944938820e-01
1.972755592395543101e-01
2.896333384588289928e-01
1.944814659501780951e-01
2.241483403519811402e-01
2.622559441349047171e-01
2.904249520015029229e-01
2.960549329414824404e-01
2.653974389759101160e-01
1.784075264233130065e-01
2.818610810753946483e-01
2.325788215356757171e-01
2.499338254865054176e-01
2.045351106534994412e-01
2.409598604875388683e-01
2.600101271550077642e-01
2.772155256632211628e-01
6.367890491589169033e-02
2.451598128082165262e-01
1.782791243641829726e-01
2.978348502593589631e-01
9.788684635374764187e-02
1.748200500429972493e-01
2.422480540455145825e-01
2.592080039471883479e-01
2.401195397202899873e-01
2.403424769689988250e-01
3.027448840303435529e-01
1.313269696860220048e-01
1.774434282572990851e-01
2.511171080288158164e-01
2.526254678204298276e-01
1.821631968206131047e-01
3.015614211281612556e-01
2.261297699976374531e-01
1.178853357221718440e-01
2.620523478185564636e-01
3.056066539023993833e-01
1.447602766222318427e-01
1.117957539090569524e-01
2.935011616928625555e-01
2.821289517915535616e-01
1.652426869374488128e-01
2.431427414153231048e-01
3.023608670560358203e-01
3.047838609082073047e-01
2.137371472664334193e-01
2.475747946809744304e-01
1.612545779208781616e-01
3.017938114848492948e-01
2.681106862414563419e-01
2.544524663847305135e-01
1.580362084278412182e-01
2.387716303404604501e-01
2.470700947194920394e-01
2.109292133107289191e-01
2.414092608480266633e-01
1.966208371472541183e-01
1.821730554660835610e-01
2.472720653798199664e-01
2.653426527492699361e-01
2.964474280978091625e-01
2.862091978667998249e-01
3.031712108876621903e-01
8.873473618756701209e-02
2.819106941622776530e-01
1.686123275334742710e-01
1.561905624648571300e-01
1.358071880089803951e-01
2.985430215218241590e-01
2.830910597462651390e-01
1.681469975601549427e-01
3.004368234408307803e-01
1.790158677760532446e-01
1.759801270427738262e-01
1.689594351203788369e-01
1.924175361470954471e-01
1.379052091079677189e-01
2.922198380224103609e-01
1.097673656098941686e-01
1.704762782886289907e-01
2.142766561333433739e-01
2.198482220872255144e-01
2.568644977038195831e-01
2.590336980259851929e-01
2.921046682529458982e-01
2.138634072102086336e-01
2.685890363126397506e-01
1.749196303346788051e-01
1.298893958143997329e-01
1.947267626305923538e-01
1.483549063277262436e-01
2.975215348522939895e-01
2.022484215640228677e-01
2.613709627254628409e-01
1.266411928817809951e-01
1.857947207894756203e-01
2.015503882305902938e-01
2.201947110708376842e-01
2.247602741768833512e-01
6.673741125982021738e-02
2.766686351634561891e-01
1.585499795956762381e-01
2.745737840688486919e-01
2.361999698644431656e-01
2.683294260058496916e-01
2.558033076445028198e-01
2.470809726749153001e-01
2.164505446794768584e-01
1.918508018694100314e-01
1.052117347069616848e-01
2.702091331399649188e-01
2.503152248085667719e-01
2.421267093735499087e-01
2.756157022741253515e-01
2.032047617427805430e-01
1.891603116001509266e-01
3.053411877014927667e-01
2.748784431463502376e-01
2.598449843347001575e-01
2.714144666121426908e-01
1.136475880613568162e-01
2.714692243047746034e-01
2.479772291118551297e-01
1.539561690850978493e-01
2.824302328187993094e-01
2.101103580539190330e-01
1.268670645542794573e-01
2.910950681928770045e-01
2.199275457985667703e-01
2.042974034464446753e-01
2.977631018352680514e-01
2.804352405679992333e-01
3.045426979110048560e-01
2.470114464490719419e-01
2.492109270294811385e-01
2.463339291257642116e-01
2.608366885578196070e-01
2.009135665878303834e-01
2.553357631846923659e-01
7.681714834867540975e-02
2.787989664267523926e-01
7.707617092177196372e-02
2.574457944181521296e-01
2.720624550214557069e-01
2.630301267144207200e-01
2.971184150405350999e-01
2.644313879372862108e-01
2.922781443869581497e-01
1.527942524657395496e-01
2.821126855638249054e-01
3.041767620533838423e-01
2.134992250983596407e-01
8.438121353824618032e-02
2.377183905154515720e-01
2.021778950559812715e-01
2.707975773732981262e-01
3.012434056639854418e-01
2.578387659876809068e-01
2.736827964526754031e-01
2.407807139522634698e-01
2.747667587027311509e-01
1.491008985997592240e-01
1.951154349331054860e-01
2.870510225830352757e-01
2.148734182240960300e-01
1.883700922082275353e-01
2.303803726614524761e-01
1.816020707566466108e-01
2.690770958306557548e-01
1.266084622208576704e-01
1.845851652458632142e-01
2.620925183552195170e-01
2.173507899571619773e-01
2.638132510368748629e-01
1.460003019449436501e-01
2.894664006052934391e-01
2.333760318986822235e-01
2.046932275367128184e-01
2.842140294327174521e-01
2.694912169244719768e-01
2.822055279857587640e-01
2.645697722218630088e-01
1.334324000860657167e-01
1.939293221773154552e-01
2.855709585223296654e-01
2.825825920852484407e-01
2.137471974673217645e-01
1.563658179278939464e-01
2.951856043456494438e-01
2.241521565981141884e-01
1.037621282910917431e-01
1.320593186471023528e-01
1.856510286549539757e-01
2.854493325954208238e-01
2.570612507183669404e-01
2.434543669437539137e-01
1.204199473533142384e-01
2.265326603813972994e-01
2.543191531118930149e-01
1.270422656079312762e-01
2.268488523003920065e-01
2.807107662914413160e-01
1.109157367673557076e-01
2.025421486288657980e-01
2.402958260450101524e-01
1.287440832889078235e-01
2.468835945959942102e-01
1.906115458701073961e-01
1.511299398459982901e-01
2.591040162831748650e-01
1.900809479135248115e-01
2.823040627881938658e-01
2.587382525333395411e-01
1.777958761893290163e-01
2.229851901418763438e-01
2.167267488073334469e-01
3.001245248382964914e-01
2.270874932469313656e-01
2.170670109180721508e-01
1.278967336286159218e-01
1.088527987867888153e-01
1.809599504018390426e-01
2.063662936584883811e-01
2.467231388551991145e-01
2.874265692957465035e-01
2.785947767560967292e-01
2.342418724715838729e-01
1.847358474585832633e-01
1.461007476367456315e-01
1.834269148817828932e-01
2.682923259621650125e-01
1.067937382241636868e-01
2.677909194378764179e-01
2.401106689253005300e-01
3.027977151431435754e-01
1.822897695159836351e-01
2.396611206447553377e-01
1.970665114890691461e-01
2.594804815311393398e-01
1.537118317304815851e-01
9.293511640370707982e-02
9.954851204361661599e-02
1.435293746524159142e-01
2.343320068593189032e-01
3.019673107933845135e-01
2.520931022390816012e-01
1.884629491046289351e-01
2.856046809185812108e-01
2.734145002552287873e-01
9.379089637412978131e-02
1.776505488706687785e-01
2.854653856407500800e-01
2.459960992111105693e-01
1.058629731274254582e-01
1.322402537203658801e-01
2.761104779951110699e-01
1.651149672472575214e-01
1.787495151309045072e-01
2.739653307778677216e-01
1.741765082737136150e-01
2.852413054544111204e-01
2.694620652465097299e-01
1.952722613571960808e-01
1.956823062269163471e-01
8.432171747385305838e-02
2.807537386901618470e-01
2.455677406228770898e-01
2.629027797898352836e-01
2.385337683617225479e-01
3.009340468979740946e-01
1.893024146294511045e-01
2.969692415279003295e-01
2.189135906456882719e-01
2.746154180334181016e-01
2.811617150741542726e-01
2.005341121982158747e-01
1.235702706545709767e-01
1.870760821588838829e-01
2.345830505418099177e-01
2.268358718712328581e-01
1.992214095536259388e-01
2.651455729362106051e-01
2.000351905293900889e-01
1.106032456687580379e-01
2.195508203684348458e-01
2.356442334004352213e-01
2.632458533343675633e-01
2.192538738647440699e-01
7.538175624862912538e-02
2.156262621467227025e-01
2.656232665755741129e-01
1.763797830181331461e-01
1.216071610219840726e-01
2.200671467959525174e-01
2.717387446814162888e-01
2.855219959686556286e-01
1.611814124133663373e-01
2.718696103386081253e-01
2.065223463780596902e-01
9.933282482845172401e-02
2.813572171004760092e-01
2.730105747890509971e-01
1.390238764058945586e-01
2.370806768861899172e-01
2.916629959124971139e-01
1.513067794658206899e-01
3.021845336859871889e-01
2.545106294480517506e-01
2.406925748762908102e-01
2.373149036274328771e-01
1.617599079724984512e-01
2.599467556423363801e-01
2.055353342410232986e-01
2.279751024688012884e-01
2.871063100317335914e-01
2.124005008567058372e-01
2.580430189422986964e-01
2.862617464184828986e-01
1.581993515220598001e-01
2.549376576708385356e-01
2.269876244827112033e-01
2.303843620354182886e-01
2.483357015275394486e-01
2.689006101993733355e-01
2.244208739344580317e-01
3.042632939382337032e-01
2.275718028262049275e-01
2.272275365638297129e-01
1.338597476080260196e-01
2.999161517682288891e-01
1.959637964524326703e-01
2.863495341628903845e-01
2.196618092236128084e-01
1.183175425349973497e-01
2.520176715508640197e-01
3.015825764346525273e-01
2.473051102273671198e-01
2.789175043560236378e-01
1.797740720340050280e-01
2.977488454179380017e-01
2.821120461583250805e-01
2.372244640849250907e-01
2.468550567354126646e-01
2.323707735843060507e-01
1.416479363110844381e-01
2.252249807396854431e-01
2.875138822171177666e-01
2.037438912372671329e-01
2.113741183749746622e-01
2.566280022611588940e-01
2.439694755785976610e-01
3.013060821326819516e-01
3.039098127252125581e-01
1.346315961117379445e-01
2.454729348280669521e-01
2.445918959999672793e-01
2.199558301125997817e-01
2.297230754424089139e-01
2.586611276928292291e-01
1.665335562959866234e-01
2.033461977009754784e-01
2.484356655822538285e-01
1.536929720334607175e-01
1.331951330335982009e-01
2.855079375106289730e-01
2.194451253325880036e-01
1.957765682399655593e-01
9.130144284811106403e-02
2.703602837311321894e-01
2.209457412380930741e-01
2.264630260213905399e-01
2.870560100622356892e-01
2.822659069871757964e-01
2.794135687098838194e-01
2.873524835608188832e-01
2.701554621484269503e-01
2.930021621129932363e-01
2.946579809318642384e-01
2.968657537790219680e-01
2.451669741184877016e-01
1.539533475192159384e-01
1.079618248806914899e-01
2.866788525623167327e-01
3.005483323202823298e-01
2.625768246888299795e-01
1.608202458317934125e-01
2.198831590102051370e-01
1.929177927327052899e-01
1.376724279566106102e-01
2.413278665306704540e-01
1.390463860146163855e-01
2.667841168163754273e-01
2.681708995388566996e-01
2.573639248516112477e-01
1.830324253770270748e-01
2.569677328612426925e-01
1.996578727922056762e-01
2.761207193229991419e-01
2.997740129104379814e-01
2.554501625031901368e-01
2.552454607828005262e-01
2.822539310763637621e-01
1.487309415605519158e-01
1.468326989865954002e-01
1.680910267606630926e-01
2.324889120164997935e-01
2.115242670599681851e-01
2.208179200114997187e-01
2.057686031057362752e-01
2.730728030309775844e-01
2.884607527546395600e-01
1.574989723824688770e-01
2.974701071404424191e-01
2.532212050357960931e-01
2.848844815064309199e-01
1.510533355883842688e-01
2.654695355650675270e-01
2.242872455318375424e-01
1.906954260700356452e-01
2.391434345229428438e-01
2.460289743116663153e-01
1.337924976639055241e-01
2.557439507690952851e-01
2.822444495252392493e-01
2.819048065560061933e-01
3.028812731012278103e-01
2.949928342618594046e-01
2.850429990190302965e-01
2.421725369124455296e-01
2.912768605284396517e-01
2.794297030152024242e-01
2.969305358066814948e-01
2.453870958085299925e-01
2.710732069955725798e-01
2.168627391815512451e-01
2.526849714750746267e-01
2.258656054409270975e-01
2.992600564091988935e-01
1.872394080420757001e-01
2.071646975457634432e-01
2.351393136282919627e-01
3.007192623196478509e-01
3.057781551333794146e-01
2.366281836457419241e-01
1.985998698502511872e-01
1.394046465986838179e-01
2.521447276536648574e-01
1.515272982837743421e-01
2.071180945932061812e-01
1.339478782568890580e-01
2.059601786831927739e-01
2.751944653518433870e-01
2.787600682095525695e-01
1.446067721419767582e-01
2.811247556338194453e-01
1.799616798501305903e-01
2.820442202994524750e-01
1.734596798263736972e-01
2.887576682181294818e-01
2.365640799025314489e-01
3.008253751095629203e-01
1.864231166081114777e-01
2.993882945973990739e-01
2.807927891370005646e-01
2.111658506214984521e-01
2.343262197345443443e-01
2.613335687378567362e-01
1.102757843312484470e-01
2.156743231140678674e-01
2.546608063121040821e-01
7.076962866030746258e-02
2.244674861153698742e-01
2.886080022348944674e-01
2.916534326529891530e-01
1.913899901776159596e-01
2.869827217514561157e-01
2.679069555085061838e-01
2.959386153813734488e-01
2.112888913631087440e-01
2.757615014646755403e-01
1.810038740930067225e-01
2.184159702362042932e-01
2.499430415670346739e-01
1.718156822297940700e-01
2.594876552649789669e-01
2.463137427279863123e-01
2.195888156832472571e-01
2.471010449609049309e-01
2.397654773631339165e-01
1.371402325788772802e-01
2.420921031185560013e-01
2.689455998258555303e-01
1.133472827063216060e-01
7.298063898679117700e-02
1.440966234258855005e-01
2.591690900227116567e-01
2.558844134043800622e-01
2.480452286383440230e-01
3.013651114106398743e-01
1.742916088131845065e-01
2.448292520356225577e-01
2.388271067759279720e-01
2.219649590185568677e-01
2.484017616784414129e-01
9.692273198012778257e-02
1.837792037860758732e-01
2.967807323971370925e-01
1.931352369219417053e-01
2.761327402318067836e-01
2.112333565645227451e-01
2.371122673644261158e-01
2.550717445937511485e-01
1.283875582198722720e-01
3.045276395830376903e-01
2.800131355415078627e-01
1.707367646147084084e-01
2.506584706523264372e-01
2.338805861125546615e-01
2.623593982032699223e-01
2.627700376393634074e-01
2.499339434648321367e-01
2.802989559613748849e-01
2.818992683050485781e-01
7.962973925188475410e-02
1.898922802712098568e-01
2.204991897385952249e-01
2.874450028648947164e-01
6.931235866172957838e-02
2.770608367031369701e-01
9.503654997202283516e-02
8.884893201603956403e-02
2.525762918085371345e-01
2.960007207009034413e-01
2.358210652157028686e-01
2.374165164370216075e-01
1.293448124526195009e-01
2.564001456628258180e-01
2.882688826723289743e-01
2.494001723012723992e-01
2.977863983148137939e-01
2.496287696784462717e-01
1.895292984622182486e-01
1.530425403610664037e-01
1.580871637241246797e-01
2.746847455892628131e-01
2.167259948250723489e-01
3.017968977154049659e-01
1.278298170898836683e-01
2.015896557053561133e-01
2.563824360624814003e-01
2.937728599202233948e-01
3.023868641106284283e-01
1.333766999651248286e-01
1.652458780203568400e-01
1.869037676512003143e-01
2.289047818769055220e-01
2.672090137831856227e-01
1.804257705707739412e-01
1.581821971532325344e-01
2.366122037458267546e-01
2.689169099876378977e-01
1.873651155675969127e-01
2.564862965147626239e-01
1.938225464096465789e-01
2.780944248564519161e-01
2.609860554838439040e-01
2.818824240743191822e-01
9.505508565458091474e-02
1.470763719679094306e-01
2.079504369342895509e-01
1.531809072568288410e-01
1.238272372934251936e-01
1.613575897451712260e-01
2.502306408436369423e-01
2.323217962839064232e-01
1.942939780314166809e-01
2.075823855279473051e-01
2.160044942123152401e-01
2.486829758894538445e-01
3.000883603357781815e-01
2.826623144586777880e-01
2.789795541308679461e-01
2.324389566606134550e-01
2.404909156409401061e-01
1.963762899443309839e-01
2.655458872662601055e-01
3.006685828256416837e-01
3.016190004297233940e-01
1.270619724079370128e-01
2.197909017913129981e-01
1.455698915576530139e-01
2.427217792972851951e-01
1.878409620657301993e-01
2.935605277889208331e-01
2.211138285131671322e-01
2.350050284616122531e-01
2.924729320024088142e-01
1.562011794904712980e-01
2.293397780444678680e-01
1.129505505412745081e-01
2.759168125295798912e-01
1.441340378408768330e-01
2.066121500967105784e-01
2.212845474222479847e-01
1.908292108760264172e-01
1.972815378397789199e-01
7.393543483688613804e-02
3.035915290584454973e-01
9.069261490380579882e-02
1.788155220085068664e-01
2.475758621936559045e-01
2.992341280220645050e-01
1.436321324402628496e-01
2.162705804631244177e-01
2.936915839920535287e-01
2.457622553453520930e-01
2.938499768491791286e-01
2.511194257492963544e-01
1.438960469145267318e-01
2.396568320411833208e-01
1.346009623581795323e-01
1.834916231340385784e-01
1.369817084908466764e-01
2.768426907015372196e-01
2.689388603194027283e-01
2.208111528587494987e-01
2.585552643550132479e-01
1.797199095485044196e-01
1.633001225047935878e-01
2.897443309733981343e-01
2.711172335366486830e-01
2.923615332522914723e-01
2.690127274818526759e-01
1.788376906723610493e-01
2.593402328827049685e-01
2.698921455143742376e-01
2.455965639635346587e-01
2.757977589732421575e-01
2.355083723077188995e-01
2.279142360564978542e-01
2.663479329387627992e-01
2.211803327681206854e-01
2.310154333418343586e-01
3.036654757232328805e-01
1.655768017734236541e-01
2.982264024836777105e-01
2.111916431341233080e-01
2.748183071546385081e-01
