9.006400611822153179e-02
9.392532365549338680e-02
6.211720733925133603e-02
7.941346003430865830e-02
7.652378693276434829e-02
6.692441246091740403e-02
9.912392835782111999e-02
9.074175180998972357e-02
6.621659869724901004e-02
7.927608389300759562e-02
8.706029978301110805e-02
7.952699040021662946e-02
6.835333113395150595e-02
7.799787515397457738e-02
8.770212603310992283e-02
8.102726406079573118e-02
9.815188178965683630e-02
5.618757045816099444e-02
9.804018827843567763e-02
9.758200424815210994e-02
7.831683084774326842e-02
8.511138916620654415e-02
4.925192061878628375e-02
7.226145340013072349e-02
6.295307070903799485e-02
2.504889451846809001e-02
8.525062955352136207e-02
8.982443533718111051e-02
5.519755597197138763e-02
8.837124005602010890e-02
5.324903578821418848e-02
9.566865139688936204e-02
8.710262380366108614e-02
6.208551460358798652e-02
8.183343841681789410e-02
7.726113967880661459e-02
9.955122408735338213e-02
6.994847842353317524e-02
7.491934197421068475e-02
8.647248378248729994e-02
9.066181485484219038e-02
8.095435319241293948e-02
8.210205645914865624e-02
8.203575823099452935e-02
8.465432069079681376e-02
7.307782271909585292e-02
8.163054194919580620e-02
9.802815694902436428e-02
8.812462425405130639e-02
9.173995034832567452e-02
8.505954810040967928e-02
5.870590966818710343e-02
7.570975917985163506e-02
9.266576513793087222e-02
7.613350975384099162e-02
4.227014105194563942e-02
6.584448862737418695e-02
5.291401324985882393e-02
8.464864937813613988e-02
8.285731830026893396e-02
6.915823482734849426e-02
8.998625290555671563e-02
6.771087041992936151e-02
7.996881069579114820e-02
9.668178947939579104e-02
9.259965342885977113e-02
4.777150605837671149e-02
9.620772631977193845e-02
9.108446465018757432e-02
8.912057600716805084e-02
7.052966857538221779e-02
9.279568918766790964e-02
8.236745831765412973e-02
9.961050812952008948e-02
6.389538030371461064e-02
7.483100529750148777e-02
7.921561414669189838e-02
7.659606399276951139e-02
7.581039534366638966e-02
6.701239943985344560e-02
9.716587707231709448e-02
6.773991400830543796e-02
6.163553658973163624e-02
8.838290826361838715e-02
8.002123471269337318e-02
7.847012903922720439e-02
9.804715839392892651e-02
8.810094939213498899e-02
9.473204609040106194e-02
7.584411196563986546e-02
4.476712578296997841e-02
9.636041047989366004e-02
8.725008449553017797e-02
6.722603538375339360e-02
9.326416928467907985e-02
5.439204359876113892e-02
9.022636236084266570e-02
7.807715680825845495e-02
6.791232615999340250e-02
7.484055073863558893e-02
9.540347622394505789e-02
9.517622987008680924e-02
7.639835304054123921e-02
9.527943956312950879e-02
9.166328764327472123e-02
9.991099262270899950e-02
7.018714791129708475e-02
9.219510976653905177e-02
6.617875858243860154e-02
8.716456115303224117e-02
9.784180393966394884e-02
7.851699789344802893e-02
8.213382393372899160e-02
5.287810673340192363e-02
8.955316983811856257e-02
9.759998456737810357e-02
6.060186155521832263e-02
8.981054717490206951e-02
6.915155488255318728e-02
4.393927881370610078e-02
7.847894854854710334e-02
9.342618491623397303e-02
6.469405987286497295e-02
8.963987336594517186e-02
7.947598486207871349e-02
5.949560214914992318e-02
8.905978970431177588e-02
5.280342355796087406e-02
3.279669703230990441e-02
8.946369598394153522e-02
9.926267834837132487e-02
8.707959951324785453e-02
7.182894326720296041e-02
7.164315694545583812e-02
9.657397052235675017e-02
7.701535715071097798e-02
8.281207405692823931e-02
9.612907898299381804e-02
9.688861193230055568e-02
8.942172087399474778e-02
8.729798499809275636e-02
6.201315997960289012e-02
6.978608733918791052e-02
6.859107130005363817e-02
8.996749047553229128e-02
9.868875197087004225e-02
7.653429318799520598e-02
8.184520749288887176e-02
7.930398275857687695e-02
8.910602315335958146e-02
5.919613946279368016e-02
9.584865468577251357e-02
7.483757200202509341e-02
6.952272163889863799e-02
8.873769864509328809e-02
9.676077695580147242e-02
9.345182853750133578e-02
8.412999547372086717e-02
9.303357650007902657e-02
8.176124620555261235e-02
4.475648220665028043e-02
7.719471222931685583e-02
8.893911946777230404e-02
8.810585724336043867e-02
7.354935417764019157e-02
6.041505285548709470e-02
6.886972373961001981e-02
6.118794774806426973e-02
6.427655679563810953e-02
9.978810099083404439e-02
9.060113095218461088e-02
9.636848398987718500e-02
8.297519041275568108e-02
9.468634909769549357e-02
9.336694190300634522e-02
4.885170442976696781e-02
8.827537766269183406e-02
6.526643147573796266e-02
4.592302551699416896e-02
8.659254225577053821e-02
4.625353040819599193e-02
8.392470088475911805e-02
5.928283201747030356e-02
9.550865785905450489e-02
8.312456107736991562e-02
8.445147623653313784e-02
4.696456723639818448e-02
8.838609304546329870e-02
6.158726244624523893e-02
8.921587334257981283e-02
8.237483749503515806e-02
6.291601425841114592e-02
6.732457047714200671e-02
8.878951729398493198e-02
8.550681448768439330e-02
9.371586154927938339e-02
9.546947028705972393e-02
9.855625367131716497e-02
8.767195846174605234e-02
8.382139484598591372e-02
9.157103631530918997e-02
9.601494118468957562e-02
8.881030313858874481e-02
9.892175070313576069e-02
7.419936342116724426e-02
8.706630860462605259e-02
4.822792141239327923e-02
6.378294350496474530e-02
9.719168275265001322e-02
8.417651808215714793e-02
6.636385482733708763e-02
9.392801636786651809e-02
8.390496360144490684e-02
7.856773151060546245e-02
9.419630086255362245e-02
8.499902207960764733e-02
8.630416438103916121e-02
8.451247569201897347e-02
9.052886333750340131e-02
8.919737711084946286e-02
5.589706074481191195e-02
6.210053917596063122e-02
6.831245930622531493e-02
5.880527082128283317e-02
7.400229990383683232e-02
7.401072595144372879e-02
5.885736920689192686e-02
8.306521342076141068e-02
5.134969983875700694e-02
8.449240447292352685e-02
7.820882737229781223e-02
7.493502672954008292e-02
8.620582480527769209e-02
9.104230805589726139e-02
9.198543350002157115e-02
6.983373207088910961e-02
8.943561478813522037e-02
8.320789826926001942e-02
8.733929128544150322e-02
9.835138021170450329e-02
9.212484851160950006e-02
9.668695995561915613e-02
9.256934272898863225e-02
9.942090367421356489e-02
6.728637655016599106e-02
6.831345494433925525e-02
8.406314194447407628e-02
6.168968209563123473e-02
9.390278099908071219e-02
9.865159451278626701e-02
7.762027069026111725e-02
6.376699831938301144e-02
9.363596950762963222e-02
8.910999681429510044e-02
8.140451357003608557e-02
7.947750860226196479e-02
6.227848743404248294e-02
6.936293345871304139e-02
9.874460910249421852e-02
4.152431111006718578e-02
7.500179946861594560e-02
7.150866979323547423e-02
9.847150414719225975e-02
9.376445216195826438e-02
8.956248712714590110e-02
8.462778742529952769e-02
8.733618794385265838e-02
8.878228490051776056e-02
7.555586949501613692e-02
9.844393311655870449e-02
9.481187957806132272e-02
9.776601456548207614e-02
6.311083747178827807e-02
8.549232121867314516e-02
9.959018881673156742e-02
9.644540541149079771e-02
9.407386906133330395e-02
9.394988664974202042e-02
7.222522154090088575e-02
8.000120004231320303e-02
8.102802941386312574e-02
5.866519065467266925e-02
5.791205117981580025e-02
9.535182140608028378e-02
9.100165760424885897e-02
6.895313484918522140e-02
8.053062019523343773e-02
7.974107386367176864e-02
5.218767594776835272e-02
8.489571274446720828e-02
4.604321073537286785e-02
8.503404241301915079e-02
8.099562531156194456e-02
4.444414056336527113e-02
7.965286998532788987e-02
5.801319002381412349e-02
5.995256414085349539e-02
9.743333975419775361e-02
9.138343693496603359e-02
8.668001717754299229e-02
8.289392851996145450e-02
5.136539269621820392e-02
9.865929010813327682e-02
8.447692382170682301e-02
8.957302346853268649e-02
9.145033641023742055e-02
7.200530657959841596e-02
7.839974328308171869e-02
9.086826524832086749e-02
9.733583755820697514e-02
9.624693991245489300e-02
8.690965924946818244e-02
8.219118492995995673e-02
8.062446968670447522e-02
7.660996865880856377e-02
9.838981503905616655e-02
8.200913237550755408e-02
9.520837173245191853e-02
7.554946873972072374e-02
6.593093441769130869e-02
7.900797956630509211e-02
6.009765917114992528e-02
7.795728437884852369e-02
6.507266206565816280e-02
9.912898392172031503e-02
6.603612809430459141e-02
8.066304139046803767e-02
6.819142450594621596e-02
9.665893992960039593e-02
7.655411783770532663e-02
5.836028336869485134e-02
9.441044690436213582e-02
6.895464762536038239e-02
8.251977086459141852e-02
5.216595288578877027e-02
9.591978993665063735e-02
8.238343499593815678e-02
7.595311058860781950e-02
7.268657157460561846e-02
9.884217823440001605e-02
8.876763203217687137e-02
8.028579089683617054e-02
6.374350081658240741e-02
9.097320526031879573e-02
7.996338012320090838e-02
7.383555388205878534e-02
9.151767352964183810e-02
9.786397800045844309e-02
7.142749705534304216e-02
5.142233865833367723e-02
7.913843498795285203e-02
9.900947057165063181e-02
9.618644361605763193e-02
8.890316290961577939e-02
8.614804231454542549e-02
5.436689757675533530e-02
8.423800468754774617e-02
9.547270624895357050e-02
5.527021281630872807e-02
7.831004650770750919e-02
7.753948854280859337e-02
6.377471845686003005e-02
8.954088329251226608e-02
6.524461607725824674e-02
9.175015564631193443e-02
8.672661321441597904e-02
7.782804002961241086e-02
8.398325282079542597e-02
9.222085576342124724e-02
8.895452625843663919e-02
8.322152105101189579e-02
6.690106660697676955e-02
9.384722769044491486e-02
7.860450989216793971e-02
9.359678255471567954e-02
8.324487198050928294e-02
9.153030600407181805e-02
7.066370907268221258e-02
9.550758834694954291e-02
7.810999717851982438e-02
5.747266172892111225e-02
9.342000808924141864e-02
9.220009307283269506e-02
7.707279301422480244e-02
6.981260462922379839e-02
5.751579720783037142e-02
9.783051496669362135e-02
5.065377860030760571e-02
9.178799111045599091e-02
9.292216789768266427e-02
4.729047214825093937e-02
5.077115062296642944e-02
9.609802692376014088e-02
7.497823937921400950e-02
7.896112199579306823e-02
8.071072506287192694e-02
6.255850143816360509e-02
7.671488295395466339e-02
6.926520430464407074e-02
9.754938905396623450e-02
8.356391210069695485e-02
7.876862801183306950e-02
9.122228000558207928e-02
9.811652208032255185e-02
9.166579671174687749e-02
9.756254476062406478e-02
8.435000696061527303e-02
6.415519986085214954e-02
9.398974791061456835e-02
7.394050871013396753e-02
9.623553831538370074e-02
8.565581374600739206e-02
6.801430004032704701e-02
5.901390628931148241e-02
9.717779519969829694e-02
8.020294916824800835e-02
9.053161277149854302e-02
6.109039461450556374e-02
8.137372479921092805e-02
9.970501771966944204e-02
9.487676030177802367e-02
8.538374581115187878e-02
9.009120177449538025e-02
7.297218626768643690e-02
9.663218140277782253e-02
7.614816074387995015e-02
7.240159368692491992e-02
7.347582065556558517e-02
7.047534760679763366e-02
8.113516725182623457e-02
7.937316005583007483e-02
7.756595411746780577e-02
5.173696509010676514e-02
9.162633042475433476e-02
8.800027845497467027e-02
9.182869869656896944e-02
5.075837370193832243e-02
9.643603480495099856e-02
7.899065491239375125e-02
8.239218862779787433e-02
9.851247841041585462e-02
6.723879627029466510e-02
9.353359738036107207e-02
7.808175943752165837e-02
8.898437481253228254e-02
8.402496752910945665e-02
8.662593549106072099e-02
5.811773350580393127e-02
9.064780522415454012e-02
4.241498789784896306e-02
9.986401831774117943e-02
7.032590709556424402e-02
5.259587654963599618e-02
9.123128215964104726e-02
7.641319542013609578e-02
6.388921825752338912e-02
7.224307694074272312e-02
9.609756370507288592e-02
6.793858543420427942e-02
6.913716872526692869e-02
9.865362452032996887e-02
9.619211949375248982e-02
8.130042463456572943e-02
5.831112117974532327e-02
6.193403470719344162e-02
7.783575571565225226e-02
9.133260995410999450e-02
4.433670021115393434e-02
8.117430097323224958e-02
8.616076958018736853e-02
5.321485441956164825e-02
8.325222873608752183e-02
9.795114742343456748e-02
7.134925674107601978e-02
4.641151655611800569e-02
8.782934961498656268e-02
9.775022555454790374e-02
9.209736903361118165e-02
8.722184593566184585e-02
7.290088813133203949e-02
6.823970275152417553e-02
8.710798978437366002e-02
8.954137612532818424e-02
8.907606589586354595e-02
7.164224949900883932e-02
5.548145282055836486e-02
7.362607405007712269e-02
9.278245286761957478e-02
8.293687189853397868e-02
7.363797721848308608e-02
7.487272937657937777e-02
7.700147722219062574e-02
9.558822021000482061e-02
7.637804887582845537e-02
4.668930451082713845e-02
7.542984030239485715e-02
9.420655664818944341e-02
8.457412242712096517e-02
7.360359590316939427e-02
9.743884086256239530e-02
9.549911038155241283e-02
5.400272759689932894e-02
6.718135347323625495e-02
9.344096055444799098e-02
9.535618457563381500e-02
4.927461116858686263e-02
9.167530539944124257e-02
8.365056934367239017e-02
8.269441632393861874e-02
8.192496930573596459e-02
9.005423362030656742e-02
9.302246624794893726e-02
8.588965772498174944e-02
9.450472004885232535e-02
8.162475678603543783e-02
9.583794170076700980e-02
4.043572535706101839e-02
7.600798534956576535e-02
8.793162060436221505e-02
9.157178227520168523e-02
6.473552757991662965e-02
8.532749726579130778e-02
7.098707916255168893e-02
9.974960565536075685e-02
8.998687207249440878e-02
9.367400933379375905e-02
7.826257619881055172e-02
9.775896356270596943e-02
9.507905355104499801e-02
8.564738636779999081e-02
7.002496808451537380e-02
7.874246918016383767e-02
8.559288000629750037e-02
9.568573125814013036e-02
8.291965395629104230e-02
9.686513289090414869e-02
6.804646281643010608e-02
6.327365159326550637e-02
5.531388750070939664e-02
4.956871562417094340e-02
8.267418527791982330e-02
9.295986999050315225e-02
7.764466369249106714e-02
4.335617116477216704e-02
7.986641292344517917e-02
9.848183964526636969e-02
7.162767419384409584e-02
8.038538464081068646e-02
7.705385949844235915e-02
7.121372521742239114e-02
8.125007485660903916e-02
8.687776026608164115e-02
8.640814424593717957e-02
6.071159174960245875e-02
8.425505061604351975e-02
6.917288982236806383e-02
7.816867928415947853e-02
7.895866099279461037e-02
6.922612732671024061e-02
7.070047678664319324e-02
7.688529168885908927e-02
5.866023631368542934e-02
7.748681045867444883e-02
9.193933796475631248e-02
6.886393384971187248e-02
9.817747349687731828e-02
5.892489349336003240e-02
8.625591354117961851e-02
7.428603298867784976e-02
7.706436552014971075e-02
9.425685707674659464e-02
5.105127079269026341e-02
9.660075965592072877e-02
9.324413912232437651e-02
6.402084090233921276e-02
9.306907432138783465e-02
6.684729782283201083e-02
8.235683283452581438e-02
7.642181759111432715e-02
9.478429596951579161e-02
7.545955969082374093e-02
8.771794263511238643e-02
6.242279694553175967e-02
9.423634805607283838e-02
9.859660365924735603e-02
8.462217642892690128e-02
9.375447513999760063e-02
6.371118145351761797e-02
7.863907867153109577e-02
7.692541654094341153e-02
5.837968735761775441e-02
7.424277744718618677e-02
9.962696936783763113e-02
9.121669751323426001e-02
8.897416043506085892e-02
9.017368905320237438e-02
7.997237607663668091e-02
9.714679782202997882e-02
9.864452067874585062e-02
7.463056102836214400e-02
5.052851838428360637e-02
4.577247429330109224e-02
6.130291439586577767e-02
9.596241130642026163e-02
7.641615515382089996e-02
5.055282390917036767e-02
8.773524910535650256e-02
9.282329125943407366e-02
8.534141082630138098e-02
9.979611297731459663e-02
8.350169759822707871e-02
9.134658053031000091e-02
7.977971105655262685e-02
8.748334023375517465e-02
8.084915360142207186e-02
8.097288246014780477e-02
5.215739690845531268e-02
8.207211264142205698e-02
9.066157316378954667e-02
9.280482110181029198e-02
8.333238137641166277e-02
9.522993690622923169e-02
8.684154985733129328e-02
8.872551231165212715e-02
9.737040346704288474e-02
9.806858796295510328e-02
9.442108939678767188e-02
9.678869247643359652e-02
8.209461602883427744e-02
8.237444592963447110e-02
8.859875964357921685e-02
7.540359790521475314e-02
6.998630425242555186e-02
6.170064885527620085e-02
7.350022382762501361e-02
7.375789900854741454e-02
7.784969924236390115e-02
8.330206735485115588e-02
6.306979213931479533e-02
8.626174011007897713e-02
5.813748242219239637e-02
5.946362156905358326e-02
6.849557235100479924e-02
7.277463722029244020e-02
9.931949091696662402e-02
7.327246285623201238e-02
7.389063480128925387e-02
8.882519632667533471e-02
6.736678276521333719e-02
4.612194267496982220e-02
7.922497372899521551e-02
5.561147020449159345e-02
9.854632149097229676e-02
6.535561763114253186e-02
4.999705076681990046e-02
9.466309886746458735e-02
9.474312270632752331e-02
8.341746933560299782e-02
9.964442938866530097e-02
9.537399442619554080e-02
8.601123912068571464e-02
6.185882988072716193e-02
9.125354516117854808e-02
6.958984772277319875e-02
9.461828875411949780e-02
9.267818142169617635e-02
6.556668193721262861e-02
7.272178206745953666e-02
9.148110015340497891e-02
8.723442636560255203e-02
9.937298961766151406e-02
7.763638959155151620e-02
7.078702838099658334e-02
8.249664420018697208e-02
9.793576693655001164e-02
6.661663719936822270e-02
8.243202084087455916e-02
9.218501174492749195e-02
8.145697869365493837e-02
9.335010851599601089e-02
8.198468187670346352e-02
7.752881940116521098e-02
7.175684825243938691e-02
5.069583794438291963e-02
9.606143060036387293e-02
8.396029268446444926e-02
9.138412865381598249e-02
8.062210535519211130e-02
9.115022950617400477e-02
4.695170542151875376e-02
9.923329512968616373e-02
9.746966651067168197e-02
6.966356762418923765e-02
8.811685086414794421e-02
6.229489799543856676e-02
9.475454892101713156e-02
8.705577007062391404e-02
4.696293388912431421e-02
7.791575156461018337e-02
8.224132276305755329e-02
9.397960427049203980e-02
7.620123453407090519e-02
5.473454304165532858e-02
9.610930525675052960e-02
6.827018231179796115e-02
7.877778863567966305e-02
9.496539233861350793e-02
8.257745680755319839e-02
8.236455931147636245e-02
8.128928083482593603e-02
8.322285646302823858e-02
3.843727854872287797e-02
8.520708941030212535e-02
9.910353042201207330e-02
8.014982356666777719e-02
7.631573421031691284e-02
8.186263358765223652e-02
8.379637524572822183e-02
7.304566012963163713e-02
8.215859573338334110e-02
8.588883188497839494e-02
7.989470200373237352e-02
9.603853535793760443e-02
9.018158058158323720e-02
6.742259370069908497e-02
7.985178426519448647e-02
6.136902281068483400e-02
7.677483856814316943e-02
9.343920637455767342e-02
5.938684106151290859e-02
9.927789636763925674e-02
8.537453071378710290e-02
8.714479605104982762e-02
9.409594901189591298e-02
7.079936713421350336e-02
7.496953778369724875e-02
8.858597059393841233e-02
7.792440816456719377e-02
6.645543140496498746e-02
5.909604448538782057e-02
8.736717169712679421e-02
8.015775233865121696e-02
8.481553624240521783e-02
6.570656219608791981e-02
9.953738130251332805e-02
9.695007912625047686e-02
9.376194524372663541e-02
9.644006987731192082e-02
6.988742493106442355e-02
7.463177596748483966e-02
9.752604012769108821e-02
6.277453909536205579e-02
5.923193504679748200e-02
9.108507092981811548e-02
8.135791186491825311e-02
8.103168350768581718e-02
9.540625180260629834e-02
6.377629317255881225e-02
8.673319231387791040e-02
8.798954912192079314e-02
6.188189951426480151e-02
5.408896752363236138e-02
5.750633251645762695e-02
7.731832378976141729e-02
8.341703246543019645e-02
7.541392092839652173e-02
6.165934254292108202e-02
8.071533299565371300e-02
8.677146974939391189e-02
9.283202346659213955e-02
8.524211079199785213e-02
6.385799958491582273e-02
9.718579422372923549e-02
4.623799919280618953e-02
7.462641922158375074e-02
9.255332350504140437e-02
4.653264889718878444e-02
6.824322221204111305e-02
7.485146047765553479e-02
4.662453432356788302e-02
9.154682622906090694e-02
7.658140047365803726e-02
8.690905659721631649e-02
9.761952048725888731e-02
8.600721571139076371e-02
7.581242666793888696e-02
8.087350279096058858e-02
7.636348561470185370e-02
8.882562570058911977e-02
8.994993306890922136e-02
9.104356576394471989e-02
8.727470651629636034e-02
8.997770291449719293e-02
9.003585189164492464e-02
6.782461487533557321e-02
9.750342835843564537e-02
7.187379645805042072e-02
9.301803818787378331e-02
9.514951192617843168e-02
7.650812566796914849e-02
9.459943365267174664e-02
9.588989543506487578e-02
9.959152403042104140e-02
6.604862205877831682e-02
5.364665051152310571e-02
7.825029996780209773e-02
9.296519315261750349e-02
5.711669915688111221e-02
9.055874728800747397e-02
8.449559464462318148e-02
7.964889537519335982e-02
9.272940270766415194e-02
9.275608146082062189e-02
5.757308799549691603e-02
7.725208519815307540e-02
7.624781718740791803e-02
6.195879875101676509e-02
7.171924334748475127e-02
8.261294491469439727e-02
7.357157421637126882e-02
8.191448347344280900e-02
3.924600257657444302e-02
6.508222024165732922e-02
9.479195165247772392e-02
9.198876984636088217e-02
8.552874576778685123e-02
6.282169833849779450e-02
9.741880011167630693e-02
7.903020545094786853e-02
8.926018589097944878e-02
9.898340209705019932e-02
5.746636007139001995e-02
7.712273343360992461e-02
9.080095106944698069e-02
8.428902155856184131e-02
5.871915908723962518e-02
6.938756122939628013e-02
8.375691072192473219e-02
9.343162558540855922e-02
5.825129168531535673e-02
6.804971965004801004e-02
9.317659294967491068e-02
6.614692573485779492e-02
8.890965445561811731e-02
8.299402430798519248e-02
7.814919046651669365e-02
9.313296538751260345e-02
9.851189703980516021e-02
5.710774432006630180e-02
6.804233123053354815e-02
7.429395597432472687e-02
8.857500916736976704e-02
9.856052445938608131e-02
9.143490020885017278e-02
9.668014605772839998e-02
6.726418835661326923e-02
9.413180097465692620e-02
9.871406933293247477e-02
8.262614309063233409e-02
9.356201006034059464e-02
8.953775185844523032e-02
9.206465006116747174e-02
8.575834412529759199e-02
8.995221439302283906e-02
9.196333980873638847e-02
9.365918127440078789e-02
5.016214999745248482e-02
7.377987395797090675e-02
9.354089326849111818e-02
8.425304131163187382e-02
9.682567042994566497e-02
8.163177456115017216e-02
9.840818732864990703e-02
9.025944903055586888e-02
9.410127529141174008e-02
9.191654206403544747e-02
8.310120074010970970e-02
7.888160490714618556e-02
5.184337913284575022e-02
6.210124015580559265e-02
9.336035102029939525e-02
8.818003601482478360e-02
8.747982374416218843e-02
9.593667892962970400e-02
7.226773487252531603e-02
9.501093383897811495e-02
7.365480524439969867e-02
8.428936464162042896e-02
8.295420729011611372e-02
9.651340584281062340e-02
9.855580836376530429e-02
3.739785706016644784e-02
7.823930202685039359e-02
8.201434231867822666e-02
4.390732652313177053e-02
5.433989925378175656e-02
7.407969511579851063e-02
7.677231085990492143e-02
8.294356680263124948e-02
4.337576243779833751e-02
8.642516894512140835e-02
9.486135652568947196e-02
8.720521525191653189e-02
6.169223146362122490e-02
7.406870426498035620e-02
9.239829063056954894e-02
8.228088512260944842e-02
5.427403895728290240e-02
7.728160527012301051e-02
8.593773794134443311e-02
8.912351472252448559e-02
7.492212080902543869e-02
8.005927657756063687e-02
9.534359634994023225e-02
6.713836766447082993e-02
8.594048399151331397e-02
5.925368306828381754e-02
8.483487597304660566e-02
9.621217820161240275e-02
9.759476470324687791e-02
9.631204750470527542e-02
7.124817973017688599e-02
7.971009634783308984e-02
8.819123697455698296e-02
9.874378722497464955e-02
9.218896739084349312e-02
8.048172759566117607e-02
7.880063049983046519e-02
9.749645683822195930e-02
8.824201482904328597e-02
8.354561300240846700e-02
9.301250121741350130e-02
9.658221686319677646e-02
8.436759437756767566e-02
6.984345432404238940e-02
8.698007369504580366e-02
8.650269592231656091e-02
8.510475326718092148e-02
6.794379858664358063e-02
7.929799664873618537e-02
8.512059400062935155e-02
7.390111262034029793e-02
9.430780425764527519e-02
8.887162936494506782e-02
3.894539658272267585e-02
9.078515394814810902e-02
8.432931747410324363e-02
7.141122633541062414e-02
8.582653610013776802e-02
7.290089623328047108e-02
7.675413070730946474e-02
9.186429962341002842e-02
6.291817805001793940e-02
7.618572034095023870e-02
8.573449000429299305e-02
7.293811756060107621e-02
8.274088075108669560e-02
5.718407164022440425e-02
9.612497355706495217e-02
8.903832155230584355e-02
8.688882720763259349e-02
8.838595751534479572e-02
7.993057744858651781e-02
8.722063524283930891e-02
6.670105602110934506e-02
5.953060261796090658e-02
7.304238308161559168e-02
6.688997430832109570e-02
8.953204675166298587e-02
9.650888396026573168e-02
6.645892052248271453e-02
9.956734488631363567e-02
7.414913560874109022e-02
7.217194361722922835e-02
9.656042760244140655e-02
7.646351193329220530e-02
6.853633411036996748e-02
6.847842451978702893e-02
8.505544571461594316e-02
3.750613748176129247e-02
7.081956859688996742e-02
6.414425196331620393e-02
9.858347812142169431e-02
4.974432706102298318e-02
9.236156559079684858e-02
7.615951674796309079e-02
7.215397344062644824e-02
7.000904359471475658e-02
8.624336176568597745e-02
8.244713892103425201e-02
9.860632806945357487e-02
7.552489639437537372e-02
6.177615162178734520e-02
5.502682567161032434e-02
9.494809987499783221e-02
5.012904264816588074e-02
9.307535244057821289e-02
9.346569521566751304e-02
8.142735074316520549e-02
8.311094692775865267e-02
