1.014989446024101979e-03
1.257160668379276626e-03
9.077584516647040557e-04
7.640737046544501202e-04
9.148570140407200155e-04
7.362565379321983714e-04
1.130682505290328500e-03
9.322083715373992788e-04
7.545207564626483327e-04
9.976914192301948158e-04
1.348115146354737347e-03
1.728154260614143522e-03
1.308213477708299044e-03
8.775985171381166672e-04
1.469269819204866963e-03
1.027201637880198254e-03
9.695849238005094023e-04
8.169166358414403683e-04
1.079505320419058825e-03
9.170359294015395252e-04
1.255130657208655687e-03
9.895899817483541899e-04
1.108753492650093979e-03
1.065189696569154593e-03
8.689997591971400153e-04
1.252665168779435335e-03
7.709865310950981101e-04
9.870344919358465738e-04
7.257370054424991607e-04
1.141917493904057081e-03
8.427132802035098430e-04
9.140677983195025875e-04
7.908271339080197868e-04
7.403817145844461111e-04
1.465158481712343233e-03
6.913727581880460852e-04
9.102695655109777897e-04
9.690613002369785189e-04
1.238735746254232160e-03
1.566561874051973762e-03
9.548896495492010996e-04
8.425060208940835828e-04
8.417346803693384659e-04
1.055274311522963601e-03
8.865349332697838479e-04
9.190081766542077760e-04
9.870445629302812378e-04
9.023975713953432450e-04
1.100174184062144853e-03
1.024482962790343715e-03
7.780588895317605167e-04
1.134679077059172394e-03
1.031662734021781104e-03
8.620416398795201609e-04
8.197495985641766727e-04
8.421876922937808875e-04
9.492530089058780424e-04
9.411834443484586943e-04
9.511127430376469785e-04
7.709889900108234410e-04
1.069293172071437200e-03
1.063957855386584187e-03
1.065659523749484588e-03
9.823482947197573548e-04
1.153307110767337910e-03
8.927131839844117470e-04
1.045135604496761879e-03
9.776461342934927596e-04
8.854573687377409463e-04
1.257177947415856001e-03
8.616347960119417025e-04
1.241275061892733360e-03
7.229426801734924711e-04
8.570362634816589475e-04
1.497885068105665003e-03
1.079722541722535076e-03
9.862031401867855235e-04
1.142736432673127243e-03
8.770837614663680058e-04
9.284668980909255992e-04
7.943581254395527336e-04
8.194649479008668481e-04
9.829955956049557259e-04
8.614447139986874859e-04
7.369405682406916444e-04
8.037237806735163942e-04
1.423862492669609884e-03
1.037738060175524791e-03
1.022198852616512318e-03
9.330196602920667838e-04
1.294946283051963106e-03
1.235749960815861730e-03
1.227988023385143167e-03
1.005776461894910233e-03
1.138700388317747617e-03
1.085643059109328177e-03
1.268829657795215830e-03
1.075522116545519959e-03
1.014095782635161553e-03
8.602585791223045031e-04
7.930557136911081401e-04
8.829104858854498099e-04
8.254529831418005656e-04
1.033115535999788422e-03
8.614537581217580594e-04
1.076349090841983124e-03
9.695644997587544696e-04
1.252030928109194212e-03
8.435742149760685604e-04
1.033301987822955520e-03
1.026424523375853463e-03
8.796149766952030382e-04
1.042618336744182165e-03
1.233125437534027084e-03
9.341079957300230585e-04
1.193068316713851145e-03
1.010102024045093092e-03
8.831631923581464072e-04
8.547055513201456609e-04
7.516390568429386857e-04
1.067976841204701377e-03
1.396847970163362079e-03
8.693103445011936140e-04
1.396389308005402917e-03
1.178240985219637096e-03
1.018660117177731285e-03
9.054024878476858891e-04
1.105968557533777317e-03
8.167897403763336485e-04
7.070760907291099391e-04
9.503092044216166628e-04
8.987329812438655261e-04
9.174637486402371315e-04
7.410163320935986547e-04
1.260220199078840048e-03
9.254350301395981252e-04
1.462577974423626918e-03
7.967991879745283572e-04
9.238746250580637774e-04
8.175095391909927532e-04
8.082119488142650889e-04
1.050610748704309703e-03
9.235801621137511514e-04
8.303617794373317892e-04
1.335815261749816229e-03
1.054655533000199794e-03
7.937834415604073240e-04
1.332383695978674350e-03
7.294704297209085629e-04
9.280196912686147033e-04
1.050752046380509525e-03
1.204458105544302946e-03
9.722683565468783753e-04
9.455453294665539746e-04
1.100790000451662507e-03
7.626603385493006468e-04
9.553972961989205077e-04
1.147861523299184821e-03
8.717298419482819418e-04
9.314931228061671797e-04
9.130805318291858666e-04
8.207022700155465738e-04
1.358610228442425245e-03
8.319358905425393519e-04
1.085944092162142646e-03
1.021094528271099125e-03
8.386273925104013437e-04
1.131903112855680606e-03
8.268943205204799503e-04
1.024592536895763692e-03
7.694289943042223511e-04
9.139422041275042322e-04
7.985796922976044418e-04
7.881937402665455117e-04
1.130106080944010254e-03
9.130610279499405983e-04
1.056188743048316891e-03
7.766656320026764891e-04
8.664904687769937105e-04
8.802360942180205991e-04
1.477038935671477109e-03
8.651550380140317483e-04
9.280938959154326137e-04
1.163678966774803897e-03
8.099244362232732759e-04
9.445988610617491897e-04
1.073758608804905321e-03
8.065484062900449324e-04
1.258885486777036817e-03
7.744903946294669824e-04
1.033189916203149051e-03
9.609371315999176277e-04
9.421685283439712845e-04
7.419310032560786023e-04
1.072216628459319926e-03
9.132715613025748453e-04
7.605060023817272882e-04
1.252458283201318646e-03
7.838530168663786733e-04
8.071733277283258193e-04
1.125513333938643742e-03
9.586351422532736130e-04
9.699557198367255925e-04
8.578382976618697435e-04
9.926613141574649503e-04
1.431434589156734124e-03
1.549368136371247597e-03
1.195732631459654662e-03
1.040835098880678322e-03
8.158674585720341460e-04
7.994030253292847476e-04
9.372641958471541850e-04
8.946446151759663689e-04
7.097532556643922508e-04
1.435061336910960347e-03
9.516530066020161384e-04
1.124501527701223620e-03
9.505547802369639521e-04
9.321545535556585932e-04
1.117937819932233925e-03
9.135698551212870742e-04
1.241445183448825883e-03
9.455997226128589651e-04
1.356504767915947757e-03
1.456530639341315500e-03
8.677170150609624056e-04
8.863865713785760384e-04
1.311717467134175747e-03
1.060457224020661072e-03
8.894960462538838977e-04
9.212499760259102279e-04
7.554322839240848724e-04
8.614918709828500070e-04
8.634468712299113750e-04
7.410120921651987443e-04
1.187985557940749283e-03
9.048598278788361681e-04
7.741061996609577885e-04
1.207374093172141217e-03
1.049324604460481368e-03
8.835171664067008150e-04
1.377002598090738177e-03
9.940005179997610154e-04
1.168266051310255576e-03
1.160185226469272581e-03
9.756030172189161971e-04
8.796422120397128603e-04
1.291391834690794587e-03
1.261052432911316957e-03
8.010210010993949487e-04
7.516369022278595593e-04
9.681644357337384609e-04
8.648580968678961159e-04
7.902139929262668198e-04
1.266395787354965318e-03
8.054185153895489831e-04
7.512466002396519377e-04
1.114704142480861309e-03
1.279406819356531050e-03
1.475784769607620204e-03
9.609248897221875710e-04
1.181026308797133864e-03
1.017865122149986916e-03
7.825853473638330398e-04
9.085842275632270921e-04
2.357453341850294405e-03
1.013175008250224779e-03
1.079697270451562960e-03
7.711040020450115077e-04
8.216725018020814035e-04
1.551622316506035904e-03
7.365519313307118806e-04
8.133894548437912942e-04
9.187456615224968287e-04
1.165026839352007165e-03
1.117481788879462652e-03
9.657736674399128654e-04
9.652481179800756180e-04
7.741434064114936829e-04
1.016014128497130234e-03
9.851018785370152173e-04
1.070196441984276039e-03
1.171689963614994069e-03
9.197138573423961410e-04
1.247083148105943267e-03
9.810500419589862197e-04
8.878435248931250889e-04
1.024265096987739786e-03
1.020556011627648217e-03
7.409168174214828158e-04
1.205080398664110054e-03
7.589445473303289575e-04
1.066334765396804041e-03
9.955794194885533941e-04
7.571311795835410433e-04
8.681924765628143284e-04
1.020633675876187439e-03
8.111989541598926519e-04
1.600653077869318474e-03
1.127940303028280439e-03
8.840030056710315286e-04
1.030581393376292293e-03
7.961842178444630824e-04
7.843938783864814806e-04
8.279208051428949564e-04
8.632542097923503067e-04
1.065987718615523001e-03
9.799476347505478059e-04
9.261779303442640087e-04
7.067013588990659657e-04
1.169361735558954512e-03
7.661554881175220138e-04
8.694827756967184271e-04
9.653745495796807723e-04
1.679119216282745370e-03
1.122556114649486117e-03
1.546212205356352950e-03
7.424472903311779646e-04
1.162105000854707880e-03
7.806458605250948162e-04
7.650499300688323474e-04
9.975609977307938001e-04
7.700062472706730669e-04
8.613064063646506388e-04
8.811504717801795167e-04
9.059460615304818030e-04
8.044705240824873149e-04
1.083938155312116902e-03
1.201732016465748096e-03
1.116645828546584951e-03
1.031581203602314426e-03
1.283431037794545079e-03
1.226668076275727257e-03
8.893168943304575851e-04
8.831707051417043205e-04
1.243089419113859676e-03
9.163224751407316772e-04
1.049330937126753596e-03
7.533033491626489695e-04
1.157063742831850126e-03
1.014745908412303553e-03
1.009722910817886614e-03
7.173074532519674610e-04
1.133197334032825555e-03
9.586671627158187530e-04
1.245786957070097031e-03
8.805116156447201532e-04
9.048662547238617336e-04
1.146274410069292185e-03
1.058283968118813121e-03
1.300325672227186421e-03
1.041044101601004820e-03
9.184168336549096683e-04
1.124450566030639823e-03
1.025771714426140617e-03
1.037182686408605944e-03
9.814791491421146191e-04
1.312140641788677375e-03
1.153691417654059866e-03
1.206597655754738712e-03
7.190457444028298213e-04
1.101714169125539693e-03
9.733851308686720244e-04
1.111889138153135653e-03
8.038405585587609856e-04
1.251523521652666421e-03
1.181446417024747259e-03
9.947310634246559358e-04
7.022409235000453415e-04
9.881681615520755257e-04
8.188315498220473821e-04
1.059687669721783368e-03
8.505201425274427646e-04
8.032082581946847332e-04
1.050786866178421040e-03
8.134062233878377665e-04
8.510833047038260640e-04
9.257545624341359265e-04
9.618157894031218423e-04
7.038303912738723671e-04
9.462078457828710558e-04
1.130996604940482037e-03
1.367015349676963670e-03
8.488810040184142968e-04
8.334481351490259562e-04
1.091789492106982028e-03
8.593985965218468252e-04
1.003933654833014024e-03
2.162433295992952000e-03
8.225067705691666096e-04
8.884403558536698798e-04
1.293114209136256862e-03
1.222446830240821918e-03
8.130134896943591897e-04
7.669000386497907716e-04
9.796894949012978446e-04
1.319390240978265483e-03
9.403728812132591298e-04
1.234358841206704841e-03
8.389920526400971353e-04
1.163986451834956269e-03
9.428298973037789769e-04
8.725011444514274095e-04
8.486677683655050085e-04
9.192675462944741548e-04
1.146309123641682266e-03
1.023679924850606684e-03
9.845058177873535626e-04
7.467823995343527387e-04
8.730538023141655619e-04
8.055865515204104583e-04
7.354370239451475406e-04
1.774575061476290445e-03
9.919077409929683616e-04
1.569917805204648934e-03
7.816542971692511284e-04
1.438833885156861258e-03
8.195868041862456677e-04
7.538787542859576220e-04
7.883384039913777586e-04
1.419946858137610939e-03
8.744543871319691549e-04
7.067356479301039945e-04
1.016760883948795904e-03
8.097583899269672827e-04
8.576977782287357240e-04
9.758545296533642022e-04
7.930648175756093267e-04
8.266600987026191064e-04
1.049864121516076677e-03
7.239446383565835419e-04
7.743319184774429291e-04
9.433037876436296170e-04
9.056787046073212040e-04
8.528679845145265351e-04
1.092314637502918555e-03
1.351889558294938273e-03
1.329723826567570568e-03
1.023702793313781669e-03
8.140953054558581212e-04
8.291697074395399346e-04
8.742887935126507446e-04
8.024624308674615982e-04
1.008686278032945149e-03
8.918190477743265622e-04
7.602711044569632334e-04
7.460130771194305394e-04
7.721465918017103146e-04
8.348578078039113745e-04
9.215466031292098535e-04
7.506759396051031598e-04
7.395711027307131074e-04
8.443402289595965723e-04
8.147688306358050409e-04
7.304700875377871227e-04
1.068285242662122799e-03
1.014996598702684215e-03
1.038790814757514650e-03
9.734768798616195724e-04
9.025590119662382652e-04
9.703287673287016744e-04
7.828535697305220040e-04
2.343830871395286529e-03
1.079874029668226407e-03
1.429647243847342744e-03
1.301632203844818895e-03
7.854107487156913913e-04
9.196876435473112310e-04
1.066694755333609653e-03
9.276536133592110404e-04
9.627722455156571520e-04
1.249742306693850087e-03
7.373348520531666003e-04
9.499117700927288497e-04
1.171528690951065699e-03
7.345333446162620634e-04
8.166901018829868719e-04
8.370405078666871227e-04
7.519059397244914509e-04
1.171767551248243874e-03
9.491192307428345659e-04
7.136536957940053851e-04
1.129852025388156838e-03
9.351493554179315503e-04
1.737375645337941709e-03
8.933293958216793592e-04
9.344877193443160059e-04
1.281008609407500954e-03
9.214101765654086722e-04
9.112361356680207100e-04
1.193927133149340087e-03
6.858175504122219004e-04
9.085685762785307602e-04
7.736573631875654942e-04
9.697603353652055076e-04
1.245746863099354623e-03
8.788842288346166440e-04
1.529038557172526141e-03
8.778727321691383876e-04
9.320987030094796425e-04
7.976598064626849770e-04
1.878351064386684461e-03
9.260101462221754327e-04
8.913540141109288061e-04
7.247205666735719856e-04
1.330377933882529893e-03
9.761090098468720852e-04
1.114404278380295207e-03
7.583751368002014182e-04
8.353741498989404298e-04
1.189258394162196050e-03
9.021518931996988988e-04
8.219980259623013187e-04
8.536040212383361712e-04
8.336059956353417079e-04
1.306257528079232373e-03
1.140738891686376728e-03
7.941705487030268837e-04
1.169234033401003216e-03
8.825492577166678268e-04
1.158801804875811067e-03
8.438789844704944372e-04
8.012862923412457329e-04
1.141271390380622702e-03
1.041145258626946296e-03
7.982631090028286924e-04
7.898470919757987103e-04
1.217916959765285136e-03
7.419499735721668890e-04
1.048315123463161320e-03
1.220933362534602383e-03
9.724693338392591908e-04
1.239714509041722236e-03
1.107255819535217815e-03
9.233643753707212456e-04
9.300746884775690356e-04
1.206421864688648864e-03
1.061602112040071696e-03
8.531458366060800172e-04
9.864007862906299523e-04
1.325507994220129259e-03
8.779466085330297391e-04
7.398777087892785759e-04
7.965475913566316202e-04
7.596361476202428010e-04
1.138532222958394628e-03
1.207126625231401797e-03
1.047366407097840343e-03
7.417371489597268403e-04
1.094108288777655971e-03
8.608017782592401615e-04
7.158960314250599737e-04
1.142785605435529730e-03
1.129818201063684680e-03
8.873600661676764962e-04
9.271730787568922784e-04
1.013957212362382896e-03
8.985553857831846862e-04
8.834476787284586225e-04
9.274671603279472775e-04
9.119237957197027242e-04
1.117084534446227033e-03
1.010300711647761336e-03
1.047487206802357081e-03
9.665320776000494146e-04
7.603617839896892284e-04
7.802708336467323834e-04
8.647255132057660772e-04
1.244804347128768618e-03
1.043303092642911553e-03
7.216597786318775442e-04
6.845099301635978670e-04
8.175060974130515454e-04
8.648854865934651982e-04
8.776418470145315063e-04
1.033719745828253107e-03
1.007529838751846036e-03
1.273613598500622154e-03
8.080931336324577094e-04
8.643915139935139276e-04
8.362692655544231224e-04
8.759493403234588655e-04
1.338433762752628620e-03
7.539644080650040759e-04
1.327663540692436113e-03
1.090016987999296166e-03
1.017357242252388055e-03
1.155461419799113211e-03
1.010054744357664945e-03
7.669456576835508455e-04
9.943508348174419191e-04
7.704622397420294753e-04
7.441661287102048104e-04
8.326706568239442821e-04
8.097334852395238897e-04
1.026352765657460083e-03
7.985430173453552695e-04
1.060625471356910253e-03
1.139445432108439522e-03
8.787164472636664050e-04
8.796678360280307590e-04
7.514585984809011091e-04
1.138026321450718572e-03
1.203584081467091050e-03
1.008625993776009156e-03
7.541187243395473458e-04
9.524358683553867935e-04
1.103745046905641857e-03
9.513842152891374259e-04
9.078789789488544721e-04
1.229979330566827135e-03
9.202539472874315474e-04
9.291074072608447110e-04
7.884964178299007451e-04
1.024150945098375141e-03
9.751935956376040849e-04
8.099957918737138310e-04
1.668891990394779680e-03
1.369178654974971369e-03
9.576998401366940529e-04
1.015865901936334990e-03
1.035117631431464302e-03
8.826564430457230475e-04
8.512325988074290412e-04
7.582002143546859091e-04
1.377538833900815354e-03
1.049331648207401302e-03
1.033400290363226158e-03
8.018165193830275889e-04
8.167629030090429315e-04
1.154958314993405257e-03
7.591757959477749831e-04
1.007608498579218607e-03
9.749801725189938479e-04
1.073984153608034762e-03
8.651628609065829421e-04
1.114865545787971065e-03
8.657380905177175729e-04
1.005600782963215253e-03
1.149958834626474240e-03
7.669833360561054136e-04
8.732875068441887326e-04
1.146911527752470655e-03
8.109433206516578454e-04
9.204788812103366531e-04
1.025658791330028886e-03
8.339358980252068810e-04
2.321023262288726078e-03
9.547423385457891277e-04
1.220861268364507000e-03
9.435234805597203121e-04
8.190693760854194944e-04
1.084201199606958698e-03
1.059671259088570570e-03
8.470528139647610921e-04
1.177085325299029490e-03
1.054062641341016026e-03
7.584255297926222788e-04
1.732766142964048536e-03
1.123122168166078988e-03
9.299576169299986509e-04
1.135204116526164269e-03
9.232881710759729141e-04
9.969214698179987462e-04
7.750316942165381235e-04
9.782150554849852568e-04
1.048515695266540385e-03
1.084076958456205685e-03
8.753965675925549526e-04
1.062316348911134791e-03
8.478212534798913865e-04
8.415358231521844617e-04
7.514608150956544018e-04
1.110683423126499012e-03
1.405455494671606527e-03
1.313117552285320922e-03
1.040670136399950412e-03
1.454961315717621592e-03
1.154166583882958131e-03
7.908236317886935870e-04
7.886337191924059969e-04
1.010065831147987769e-03
1.005569555846642796e-03
1.248610238580133555e-03
9.725980346934004700e-04
7.726345556886595996e-04
1.182218420044605723e-03
9.127734229409878658e-04
1.189493346253091104e-03
9.177280245679413561e-04
9.429519759957471440e-04
8.398125048172780426e-04
1.233664932595013568e-03
1.051689036654969390e-03
9.763170618566420792e-04
1.007755469526950675e-03
7.555104749015038998e-04
1.369628020010352221e-03
7.280645605289083914e-04
9.621597609279345688e-04
8.726563744870790163e-04
1.044495178262382605e-03
9.453146411074408399e-04
1.020859694914468463e-03
1.271176099738179901e-03
7.438068201258223565e-04
1.040922133537577812e-03
9.287198991052729230e-04
9.781315013233163325e-04
9.415277847909665331e-04
1.314291682665256556e-03
8.791593458577791733e-04
8.110357727572996538e-04
1.036204491974991116e-03
7.845609308617743907e-04
7.250686632088375024e-04
1.284385629064585662e-03
1.195060957066563546e-03
8.588742127827298347e-04
7.937488153045202301e-04
9.347755306290979468e-04
9.345966795405205281e-04
9.677464220146372257e-04
1.015769460809957817e-03
1.153385747649451724e-03
7.597036161151124066e-04
9.696254989083251353e-04
1.254208593206499259e-03
1.328325391343421202e-03
1.047563345398441672e-03
1.028173278758816658e-03
9.179143185876327635e-04
8.403102803440062928e-04
7.094386969029868768e-04
1.238459202506029437e-03
1.421956506235646329e-03
1.235821020362527865e-03
8.287749002969924507e-04
7.665143394009778493e-04
8.181334795211396690e-04
9.156985943685795820e-04
1.411938282027856316e-03
7.070402225435395115e-04
9.002801513235672223e-04
1.151978827062324125e-03
1.449338774125034576e-03
8.312555874624466719e-04
1.275868136742048988e-03
8.013400603980593787e-04
9.595338313051401122e-04
1.053432313394226782e-03
9.375938016739302763e-04
8.127482228963605129e-04
1.741151002135102668e-03
8.244258337893090212e-04
8.315409871973240743e-04
9.482457851481988559e-04
1.248266455737739910e-03
9.206568947997012965e-04
1.113533811057257263e-03
9.637722759276638566e-04
1.064370631444564201e-03
8.881444314696808383e-04
7.098899898689285844e-04
1.284468208163704137e-03
9.392333329187266960e-04
1.338699751283304500e-03
8.224573475277337665e-04
8.200868941138228377e-04
1.147635055774800942e-03
8.056051021422078141e-04
1.174658714561764442e-03
1.141290321004822216e-03
7.914253244495279057e-04
1.292793114192211873e-03
8.397247532909508016e-04
1.082285206588166817e-03
1.177098814994691645e-03
9.855347935245821304e-04
1.097415941449078657e-03
8.252400161578328638e-04
1.087145782973370249e-03
8.193846872708362029e-04
1.141848479646980765e-03
9.796438579679320365e-04
1.042256809145888398e-03
9.305730743421209697e-04
1.078847680608447388e-03
9.151976094180567893e-04
1.079993139205296607e-03
9.157622588798943874e-04
1.020173561134221423e-03
1.079217255176157051e-03
1.142376329369987949e-03
8.755564728288478971e-04
1.052463974682234672e-03
8.732137551607216776e-04
8.204508476084551236e-04
1.174044171172791392e-03
7.454175010990142340e-04
8.606283452787765994e-04
9.039244336850157024e-04
9.092470054103216764e-04
1.114986063608472975e-03
7.811720107002168706e-04
7.942393843140347753e-04
1.023905807072501579e-03
8.656014240703994783e-04
1.293033963743316778e-03
9.172442472369125854e-04
1.411062828799305698e-03
1.011421356906331073e-03
1.302863275755127741e-03
1.048929548690400284e-03
1.156004617748627615e-03
9.798887916500399493e-04
9.213462790485649331e-04
1.051469109798126942e-03
8.217698019741303053e-04
7.318384489003299485e-04
1.245258605421351028e-03
1.064442532512057315e-03
8.091106959681076179e-04
1.021316726650888526e-03
1.113144239349333044e-03
1.233151024692648355e-03
7.728154372595663841e-04
1.051456433977045798e-03
9.265190649716898092e-04
1.318953397477535140e-03
7.847931505391745428e-04
1.951358480363179614e-03
9.553432168254179626e-04
1.047893523352949130e-03
1.183272091679303875e-03
8.397716122753146571e-04
8.001057235402851513e-04
1.106816180886004792e-03
9.980292059012945988e-04
1.207216681485757904e-03
9.414505620363062014e-04
7.785611376786673917e-04
9.838403285827653118e-04
1.134234751142344311e-03
8.627225413206151888e-04
7.514015119661158343e-04
7.615133357242386773e-04
9.956108110422598988e-04
7.871351877479783017e-04
9.662924215550356679e-04
1.256113292998980221e-03
8.461126900354269025e-04
1.142267519550238747e-03
1.059484918573324035e-03
9.655485821341435078e-04
1.195486744446093040e-03
8.538971317051494451e-04
7.699146490037636148e-04
1.283202099829126516e-03
8.817026051048649192e-04
1.050936922084495058e-03
1.025434873319456880e-03
9.565381486534537455e-04
8.888566146449304812e-04
8.015180122288972355e-04
1.168935648458110195e-03
1.015181829145493783e-03
9.650116809377343608e-04
9.825593962697273549e-04
9.919771805677437063e-04
9.938660112354625806e-04
1.014153349693709379e-03
1.436810356262770540e-03
1.423725792622560502e-03
1.400650451092902210e-03
7.281342576877252891e-04
9.505709332007918977e-04
9.504550746602902179e-04
8.069749529707769594e-04
7.188516811251428927e-04
8.419986274963871514e-04
8.300221890081639674e-04
6.894776980277290144e-04
1.136040102676270317e-03
9.116512477138976559e-04
7.704326080862167279e-04
1.055708189482903146e-03
8.067164262688375758e-04
1.807061178874985350e-03
7.414107271916548381e-04
1.101491322288692927e-03
1.541635376903665580e-03
1.111532963049698727e-03
9.644856970960797053e-04
8.793664466817009825e-04
1.050238262899926868e-03
1.109294749085428054e-03
9.905200351884987583e-04
1.064283764859619502e-03
7.412646679817143716e-04
1.088260192454655042e-03
7.463648642825569928e-04
1.148619434259692687e-03
1.152744270493970139e-03
9.113059102903098762e-04
9.151255241184682752e-04
7.750582494350249539e-04
1.087358766110365759e-03
1.089057087250650977e-03
9.032573708843182406e-04
9.534843776306921185e-04
1.223735093216689676e-03
9.766765560175263983e-04
8.211545992312238237e-04
1.246427811794373081e-03
9.076512081305128116e-04
1.204911683421783057e-03
7.929628799742997284e-04
9.861869260337015504e-04
6.935048277943278282e-04
7.594344443131642976e-04
1.048543258479742906e-03
7.626650030492777800e-04
8.351324532369180887e-04
9.129723087702142168e-04
8.818791804157786888e-04
9.158166264006950552e-04
9.943649871767216292e-04
8.469701736755891591e-04
1.022121373985530445e-03
1.030824040727648314e-03
1.408949058010303861e-03
1.138850170533636103e-03
9.240076211881093245e-04
9.601811954808708036e-04
9.846485809520788383e-04
9.567924574452145578e-04
9.502179070624830123e-04
1.094131894058560399e-03
1.346238414899459225e-03
8.177135095417591235e-04
8.676103166020397196e-04
8.052076192153134141e-04
7.921591460644948797e-04
8.890332998916203365e-04
1.099649985504221701e-03
8.061112530492675014e-04
9.088686132909115038e-04
1.151601953486805713e-03
7.515226079922459777e-04
9.079620719103276326e-04
7.365957348342341967e-04
1.222565616576208819e-03
9.177793884553866414e-04
9.913951196625276664e-04
1.093979539561971189e-03
1.053922569974530786e-03
9.174271763630237504e-04
7.461740139217534545e-04
7.475214662889844352e-04
7.737400620474228384e-04
9.333157957814122198e-04
1.111361344042482166e-03
1.089380023833376714e-03
7.173806899970347614e-04
9.791768479976662321e-04
1.224642896637911449e-03
9.925636555594245791e-04
1.073298898702075522e-03
9.029245779306528143e-04
9.838758529759769004e-04
9.321155459705316587e-04
8.250100002184772990e-04
1.011074445101560254e-03
6.919262430479643927e-04
1.250375134100200529e-03
1.131517469281169115e-03
7.810420354504024002e-04
9.829755260974916073e-04
9.157271710937877609e-04
8.984566882844888160e-04
1.239570952541406380e-03
1.008648590233364581e-03
1.271387288168675678e-03
1.375806526794515162e-03
7.596074220647930884e-04
9.962607806435980554e-04
1.032775033011730384e-03
9.150614631424999366e-04
2.115657508613985084e-03
8.879082702975130744e-04
1.003443440842153060e-03
1.064625671924087367e-03
9.005743638892430795e-04
9.220279311291263444e-04
1.412487938803214669e-03
8.893186287357808311e-04
1.472434741931562307e-03
1.026018570989890855e-03
1.456964503947180689e-03
