2.502411447076763589e-03
8.363269963058225396e-04
5.116467174795106317e-04
8.464388721229178583e-04
5.573890710876833058e-04
5.662617783410124964e-04
1.059611149358485015e-03
9.886701748200129366e-04
8.317139870007662569e-04
1.137611461313026802e-03
8.697007706011769968e-04
6.264924779137464239e-04
8.944667325607927452e-04
6.655885199122528418e-04
4.932680142789687893e-04
4.062408682811822699e-03
4.882563166075860775e-04
7.025783166013961764e-04
7.676496614890279636e-04
7.147415905007537288e-04
8.387819013829119191e-04
6.687729851804911007e-04
8.338806769301198739e-04
5.343611390496343441e-04
5.196466174210439973e-04
6.664519463177222963e-04
6.037467159196224700e-04
6.293654284268409898e-04
7.468570979657399803e-04
8.771305935609081603e-04
5.508307610042336789e-04
7.587417663415137441e-04
2.092232316162222563e-03
7.460368393482060077e-04
8.691327900025267198e-04
1.640031393853972567e-03
7.640914149893029582e-04
8.079189776250783562e-04
7.796337974027436153e-04
6.190088723024420774e-04
6.527799033010839216e-04
6.730364364515593672e-04
1.115813422164537057e-03
1.039734647717804579e-03
1.525265329414527814e-03
8.359731566674928355e-04
1.283648324739885887e-03
8.650454128076764384e-04
5.131347615951326047e-04
5.303935330073941776e-04
7.488500641664345503e-04
4.570816200917125066e-03
5.838506379329680765e-04
5.504024839117428909e-04
8.864356898477794653e-04
6.113734147099972619e-04
8.327229336624022071e-04
7.949664491387397952e-04
6.440360365431319761e-04
7.631325703441744742e-04
8.819829599266142302e-04
5.898267311484897343e-04
1.280175122228412871e-03
8.848911619097676656e-04
1.145272880476460101e-03
1.134374085609227882e-03
1.255326725334541095e-03
5.644789905510237855e-04
7.704026374823326560e-04
5.384102238737000857e-04
6.921745557853608124e-04
6.191778167644696948e-04
5.429454340609430859e-04
6.330191140182187676e-04
5.293411745750464890e-04
6.272283848336814883e-04
5.866525413855017135e-03
2.014705545754935049e-03
5.318111792994486414e-04
6.008107194302832665e-04
8.343933519757157228e-04
1.353836648829778722e-03
6.773964481035702314e-04
1.106698478441560168e-03
8.151233337652964966e-04
9.894708676860344571e-04
6.054866251105761729e-04
8.849154543204132200e-04
9.411663911882620212e-04
8.576347660177378700e-04
6.399805530683257918e-04
7.608649567830628102e-04
6.587080861047641973e-04
7.492291235788609222e-04
8.067918883866427408e-04
5.847255029840097177e-04
7.310775068288026752e-04
1.131668224197007267e-03
6.841120792141701205e-04
1.245609060092617683e-03
5.966793167357254540e-04
7.089256460404024960e-04
8.474115089656232905e-04
5.392463687734381714e-04
1.057227886580859068e-03
1.739188757289330005e-03
8.358227028030680832e-04
9.532600029308207785e-04
7.431870655857979397e-04
5.754678523197054524e-04
5.334188571428714583e-04
1.100422577284979790e-03
6.016751271690296216e-04
7.536498651395910501e-04
6.608321178665817067e-04
6.177820393927007867e-04
6.608845534052863692e-04
1.026204314060347352e-03
7.185066203723940214e-04
1.025576663704989020e-03
6.214440891559393264e-04
7.637391920030648556e-04
5.870627989339563839e-04
5.378297620229625020e-04
6.104485389850502564e-04
5.752864629983143237e-04
1.011638392837091449e-03
4.957268804431447587e-04
5.417034722686034972e-04
8.493015377063723803e-04
5.675294017688480019e-04
6.526361351146598615e-04
6.349937749360731395e-04
8.873518976984821546e-04
7.686211906022934279e-04
5.065247495291908333e-04
6.478071999113317646e-04
9.319950465039442741e-04
5.943445174063802326e-04
8.575170965017970279e-04
6.279760451166210844e-04
2.548454289334212749e-03
6.459149019614518527e-04
5.327678584956146209e-04
7.595977495758342215e-04
1.054541570330487683e-03
1.015970599386945396e-03
6.362641321230199818e-04
1.087161871327589841e-03
7.816092278957088727e-04
5.635901039931610771e-04
7.532119707609980040e-04
9.069004918391544538e-04
6.543013114001187264e-04
5.986305968228213675e-04
7.178651884232332189e-04
7.716718695253480236e-04
1.157415115606868442e-03
1.465836028513681742e-03
6.054871053492196214e-04
6.490516175354158054e-04
1.915023852596216573e-03
1.453125522532796969e-03
7.605975675095772099e-04
6.383329717235188428e-04
3.150854579718010383e-03
5.020855711018261912e-04
5.647619757054024277e-04
5.753806092970964025e-04
7.363190855516695173e-04
1.110247061168400610e-03
7.558756081111153192e-04
4.887557333931673818e-04
7.061704185472405908e-04
6.053312950043141308e-04
8.268492829237851461e-04
6.171658923424193886e-04
5.120923880483423899e-04
5.664816853351710728e-04
8.545685201864488146e-04
1.091253579290854796e-03
8.054279985821317499e-04
8.728376357793686102e-04
8.259902048378916280e-04
1.713883230398987462e-03
5.829124404271922126e-04
6.985005762550526923e-04
5.449465488825629188e-04
8.052013651874557598e-04
8.239453303695668538e-04
1.040255682315197744e-03
1.026986660069247655e-03
8.067356749607563875e-04
5.313510974739408567e-03
1.011718684668869335e-03
5.460555564139759179e-04
1.435028668982939442e-03
5.494354567226686099e-04
6.697441778034918768e-04
6.176275743168209214e-04
1.020256070021150754e-03
8.267580539170262541e-04
1.056676140273361385e-03
1.415316037399985682e-03
8.309592088094579351e-04
6.109214075647837350e-04
5.451001814010364779e-03
7.472157849798350066e-04
8.730600847354451615e-04
5.607349342696066807e-04
6.461014254588642652e-04
5.167355212826788523e-04
5.568289869045099259e-04
2.598412343443166298e-03
5.055555247933564292e-04
6.284885630230802695e-04
7.335981979363512479e-04
5.411716462012608085e-04
1.254000578815917845e-03
1.009865289334047371e-03
1.852394118400218495e-03
7.316688365748056202e-04
5.066431337533787958e-04
7.702583599460948588e-04
8.177433107974751113e-04
7.131386300829529231e-04
5.005477630081442463e-04
7.137675608087844193e-04
6.345073248818814630e-04
1.140835707720720118e-03
8.148780951558425153e-04
6.779203450267765052e-04
1.224669827699615939e-03
5.981038511974628860e-04
9.257207311238197910e-04
5.961027618330488409e-04
6.243191109957285830e-04
6.733518180368550359e-04
5.228309419718100764e-04
5.973640598651717070e-04
1.128028056189474835e-03
7.450394445903069183e-04
9.692373719052061387e-04
1.863146178381324672e-03
7.213289542251340516e-04
8.924671839792342777e-04
5.488048224182215905e-04
1.084935999832674748e-03
5.434433014788495964e-04
4.837543907415154548e-04
5.809639345465629533e-04
8.250291159999861108e-04
9.855924617592445348e-04
5.230092958983419138e-04
5.143382747346121565e-04
7.637137052829981931e-04
5.141282461328867308e-04
1.212343474855090419e-03
7.395768072582575630e-04
6.488720062749695752e-04
1.711383418035903768e-03
7.355542168442672857e-04
9.291035752417329619e-04
2.447883215456869883e-03
6.194830526326482309e-04
6.076715437115316927e-04
9.583542616021998835e-04
8.455016277087388501e-04
4.856732900181409554e-04
5.285358559196383409e-04
9.209282218600014017e-04
5.592177930858741909e-04
7.767399171337976494e-04
5.547284582318876478e-04
7.960568737273609249e-04
1.209338830714298688e-03
6.754142620423043107e-03
6.953829671324446900e-04
1.370401442598897243e-03
1.096488982085657002e-03
4.865670855746832661e-03
5.913789035857509695e-04
7.621090690107929205e-04
1.796272440844094752e-03
6.578122520829727919e-04
7.011579786049092341e-04
8.746290132512913717e-04
7.895358753508098038e-04
5.833346880686184890e-04
1.379237630704269147e-03
7.490703399413259659e-04
1.479924359048062849e-03
8.056472744663243897e-04
5.659592797927660976e-04
7.638652365140500633e-04
6.946240240248451785e-04
5.827410110127591823e-04
1.327533997363801888e-03
1.159748924140124393e-03
1.042827367420339022e-03
7.541326701191432497e-04
1.211412991150232236e-03
8.004110848683464044e-04
1.040320797944215220e-03
7.596318416302694698e-04
9.306525672696575914e-04
9.148443589991357011e-04
7.927693671912095386e-04
5.442718020541173832e-04
1.131216014794273871e-03
7.787667345237289131e-04
9.190272812054896615e-04
1.052899261147858482e-03
2.710275476272850422e-03
6.558907037034711557e-04
7.148419727875697039e-04
8.926156338621735013e-04
8.692539768336077699e-04
5.963130020204684360e-04
8.726152570772789316e-04
1.922627996762879803e-03
6.319505190656634361e-04
3.422235208501321277e-03
6.136001036015908006e-04
1.096796543655799991e-03
6.605138970022493301e-04
7.603572540160956177e-04
5.988945562590865246e-04
9.059100409839837900e-04
1.239434880105611848e-03
1.216986351569639265e-03
7.725312342335295115e-04
6.219092316179662596e-04
1.061276058432994657e-03
1.771513128812142110e-03
5.465381256557080110e-04
6.863406630672202894e-04
6.154638755535441754e-04
7.674121878645025771e-04
5.136779764541722203e-04
5.468170340345738850e-04
8.832074201374802555e-04
1.047394793289536594e-03
9.679013185536329772e-04
1.043612146522497662e-03
5.683353252605376866e-04
1.000950835815681656e-03
7.251459879467229757e-04
6.149072568760871734e-04
2.465981471511791753e-03
6.177834049123436758e-04
6.768501016573461688e-04
7.418977846436487084e-04
6.770286552294190992e-04
6.371822890936020565e-04
2.166214327723293021e-03
5.114035938735254526e-04
7.811579927839997460e-04
1.044021425298694494e-03
5.438870527028929992e-04
6.892323676628296690e-04
9.033729791638661416e-04
9.302786744236411602e-04
1.109998493491119774e-03
6.614366908755088753e-04
8.413084118923741875e-04
1.222849364543522567e-03
5.826437935844518265e-04
8.127252637202227788e-04
6.954692605144923486e-04
1.578160594385109167e-03
6.683293979550427840e-04
5.875248481886730188e-04
8.503156488644491836e-04
5.677867594321520670e-04
8.416381286319778122e-04
8.102408171679005610e-04
8.272685844612900560e-04
8.243025798869889689e-04
7.740591260796931368e-04
1.738894030562425797e-03
3.732056976159942464e-03
7.421697739345612830e-04
5.347648269532145286e-04
6.754003408063267815e-04
7.333085820496333240e-04
6.163977405691611986e-04
1.776422210399179356e-03
6.189648598228591298e-04
6.138107261974499454e-04
2.111054373274541280e-03
4.827736051543534746e-04
7.372605199655612746e-04
8.299689935067994457e-04
1.031811359188813124e-03
7.095854858712376560e-04
7.474052779864780519e-04
1.452582472754999649e-03
9.858188993426891464e-04
6.827778437320980486e-04
7.511291551542607610e-04
7.784700614643134215e-04
4.367633747298203459e-03
1.134797604616293335e-03
4.351017574437819786e-03
8.361439184575439809e-04
5.888767325461031002e-04
5.202135820165014555e-04
7.823042543221297041e-04
7.866489184139893167e-04
1.299707451865441971e-03
1.174204246115198623e-03
6.215997414081643772e-04
7.154140057363526277e-04
1.215609310196385595e-03
6.659131226273410807e-04
4.896965285506813806e-04
7.494443512413158067e-04
1.571721009568445094e-03
5.640656389541234307e-04
1.139857019225652733e-03
1.552386625801322872e-03
9.550831981248497681e-04
6.569877119160971897e-04
6.322690682422264048e-04
8.402546645000128715e-04
7.522607437191050021e-04
1.984473117880743414e-03
5.314091253489328873e-04
7.061568763090163379e-04
5.410927430255800443e-04
9.578357022355394462e-04
7.283884458960987506e-04
6.044576607574905823e-04
6.902690752566176431e-04
7.797838611444194833e-04
3.425433013760274033e-03
6.613072278796987020e-04
5.587463469649163721e-04
7.187723254289216665e-04
5.061834817891761561e-04
9.295087904436673395e-04
5.812198032988766423e-04
7.477580409479829115e-04
7.338289351143380225e-04
9.941222081955524391e-04
7.150852928152466202e-04
5.544876712489984344e-04
9.633032218701660003e-04
7.154024048838343239e-04
1.369128456714768707e-03
8.723596082426934763e-04
6.504902829144155151e-04
8.956753774003106206e-04
6.223066186418056310e-04
8.378355806971532222e-04
8.181421519052270051e-04
9.913680566699034288e-04
4.877072483160800847e-04
7.383384112220507190e-04
1.009418319884190091e-03
8.236651178251838635e-04
2.462841721662332225e-03
6.694386586139297341e-04
1.444645039858608645e-03
5.898891114535699141e-04
7.924137886396673009e-04
2.451101556017057283e-03
1.119934795378836308e-03
8.243288454512888788e-04
9.201164339484252733e-04
6.611649711869157196e-04
9.633761706576406342e-04
5.466196717108826953e-04
5.210667584059636148e-04
7.813716683391111559e-04
1.103913896436166603e-03
9.220641167139994676e-04
6.594881427078996003e-04
7.540936912722620393e-04
1.379322836215969615e-03
5.883552453121274235e-04
5.058561121596545597e-04
7.379486696937468011e-03
5.049941650078643976e-04
5.043873786359807064e-03
2.131162707622571463e-03
5.746119087559742713e-04
5.044156325072412725e-04
5.845138565440952463e-04
1.437287328158753192e-03
6.503861697801341553e-04
9.852379552917681343e-04
8.260140676497414094e-04
5.799949163493748694e-04
7.407996128961698984e-04
1.076368092437022302e-03
6.456207484068620522e-04
3.453053323145348352e-03
5.642087822821120974e-04
1.464189200728959351e-03
7.830263237308918460e-04
6.544346853654812350e-04
5.667120243690366597e-04
8.348071245620492789e-04
2.595086737448393070e-03
7.930939304663698914e-04
1.342990526601663386e-03
4.288022045081689090e-03
7.793248931586944320e-04
7.147961323518490628e-04
9.427647309732693423e-04
8.076939577566265641e-04
2.165795646470688920e-03
5.669345245365032659e-04
2.399719808955361276e-03
5.037106620268404526e-04
8.367633491032810305e-04
8.058277403656406018e-04
2.119447072517059629e-03
9.564895200167598333e-04
9.871982404076710960e-04
5.553072563727008476e-04
5.045828022418375781e-04
9.300117129289065671e-04
6.610312760507679316e-04
1.293840069897921529e-03
5.626619187616672220e-04
5.993103468171290856e-04
6.220768877327972641e-04
2.768240305737703754e-03
1.920414605178611279e-03
3.024383413126425276e-03
5.591283422094327649e-04
6.872571065477942791e-04
7.085650342394950044e-04
2.604501584679850927e-03
1.288723216120510459e-03
1.099029559421150744e-03
5.742156544836780722e-04
1.002068220107038771e-03
7.050852744417996244e-04
6.700183801835568175e-04
1.021271408824625873e-03
1.527261942857313301e-03
5.357300751491122972e-04
1.160855113158866091e-03
5.329040412952633842e-04
5.530983794995906295e-04
8.027297811105259424e-04
6.111410075773441837e-04
7.718372001505548110e-04
5.407223755218975312e-04
1.087513348150409781e-03
6.930631072311482788e-04
2.446877977780625209e-03
8.873097227503060807e-04
5.756648988129753645e-04
4.995960432829412746e-03
8.311860545982122702e-04
7.350322712720881724e-04
7.080296336658184865e-04
5.712462738717702859e-04
1.104702678333260813e-03
6.119080879988650140e-04
8.050999220135426470e-04
8.515460754786293232e-04
1.174741775790604263e-03
1.261306996182991018e-02
7.316202017656787005e-04
1.102755725484777473e-03
7.848358499366294349e-04
6.137623827489584053e-04
7.642267338765610946e-04
7.820600948830747079e-04
5.931445868863959112e-04
1.066712544029461062e-03
7.859071372104429543e-04
7.281876061818190818e-04
6.171728805874270116e-04
6.015530766184979013e-04
7.678121638076475545e-04
5.406915065513051783e-04
1.226292285945739880e-03
5.446719518318836458e-04
7.235990113423142493e-04
9.025771676939806651e-04
1.341129382206758145e-03
5.385052415886644331e-04
1.818403860206587288e-03
8.039090392040820418e-04
5.619844906985914249e-04
6.194724808204833981e-04
1.426635232512916572e-03
8.159409085445811730e-04
1.080010195057990981e-03
8.151934389495344617e-04
8.297390327881631542e-04
5.785142682311842505e-04
5.244141320961718481e-04
7.401435753090048267e-04
1.087454249412898172e-03
5.831631375019688361e-04
2.675187144792281774e-03
6.930624959332564155e-04
4.336460272078159796e-03
9.266963773514854188e-04
5.207608578483747955e-04
8.528529689814774934e-04
7.858392489174163918e-04
4.769202221843827434e-04
6.413174111615335031e-04
6.196557210625389849e-04
5.541962575275887360e-04
7.353227265544260566e-04
9.008918996982664268e-04
1.270761552482225576e-03
6.875941600226955375e-04
5.100043683289161864e-04
8.083866555639555732e-04
7.261960474422946921e-04
5.659604149999803531e-04
1.246493919658873354e-03
5.462336967818023133e-04
9.448795927568597952e-04
6.986151328049194920e-04
5.562957648628043305e-04
7.485930115866448178e-04
8.719325903444091665e-04
8.463018342738005831e-04
7.610221267769807108e-04
6.545314423098033381e-04
5.082943237903599304e-04
5.467073693100462034e-04
5.738905339321367536e-04
9.322871801303922240e-04
1.352789637142388620e-03
5.747671704450827519e-04
4.927422753182802246e-04
6.533692153364372649e-04
5.891821841007349259e-04
9.940461286394571081e-04
5.596061613970357458e-04
7.579080157962990102e-04
5.549813952801915719e-04
9.936873703347722225e-04
5.737892597960331069e-04
5.453968720682811615e-04
3.731197205071547316e-03
1.495052345877800979e-03
8.092898993441707866e-04
6.276593298035260983e-04
9.441541999809606109e-04
2.245828680114049340e-03
5.497828069937960764e-04
1.295363118006392315e-03
1.102402746546171609e-03
5.512983977166670876e-04
9.697955505909403202e-04
5.947518379689381877e-04
5.258931827020603368e-04
5.137398374570362625e-04
6.217164951483179856e-04
1.047509346760110713e-03
6.459856194233121922e-04
5.474119472406681862e-03
7.894752073874945330e-04
6.419892595126971751e-04
1.418525359472820558e-03
8.123488805693482957e-04
1.364892123092750114e-03
5.537581392696393386e-04
5.236141485370124880e-04
7.635746117525328992e-04
1.006473356780853258e-03
8.067694775319303804e-04
5.213841631358032136e-04
5.725168889709644597e-04
1.349619955282045777e-03
7.758099357586160190e-04
5.631025309789601313e-04
7.033487793477994189e-04
1.685604557757371374e-03
8.509767941747955122e-04
7.015953614447957044e-04
7.664769277436720178e-04
9.070264148906848631e-04
8.918344908384585141e-04
8.180930810023266881e-04
1.013938200600491332e-03
2.834397998228477093e-03
5.884547092907082807e-04
7.939127055077391682e-04
5.210782395939749911e-04
6.466770941103978758e-04
7.431838281267253050e-04
6.225439215218797791e-04
6.063838964085206847e-03
6.507054181173380731e-04
1.202967946531839118e-03
6.212555115787080258e-04
6.249372550550595347e-04
6.603206683907696453e-04
6.936824842344248461e-04
7.760025390904887492e-04
9.045314762225358830e-04
5.328301383827625847e-04
5.252008542819335771e-04
7.422147563885314993e-04
5.367955787328649751e-04
5.472138065383510327e-04
1.428804096858083067e-03
7.709199686943746157e-04
7.689968005462333427e-04
1.026085814630127392e-03
9.141316266598507401e-04
7.920474812793069225e-04
5.816204088525686947e-04
1.048116573354229740e-03
1.228858235278835901e-03
1.092226954239334429e-03
6.822934278177141378e-04
5.066414952798166740e-04
7.862788061319548726e-04
1.395131799994903847e-03
6.758220326336293821e-04
1.196226582550454593e-03
7.252577061450710041e-04
7.833431086468744132e-04
5.979975982803508935e-04
8.693033338398065829e-04
9.038256528608336728e-04
1.082557067733194321e-03
5.329658434724833093e-04
7.461302611915384634e-04
5.163192971807613373e-04
8.010763932614992783e-04
5.425057282361137566e-04
4.958563407164117559e-03
1.168733631703162143e-03
7.395255477370002786e-04
8.793356269931453060e-04
1.075257087849852862e-02
5.644293908295411203e-04
7.327009976067478357e-04
5.177558310305953098e-04
6.961630885457946883e-04
8.216779270791476492e-04
7.365262294575372149e-04
6.562827345326877147e-04
1.485924510781299213e-03
1.185180011239015015e-03
1.122217277896548444e-03
5.931356621090625152e-04
1.947934489939733222e-03
6.616167782114000138e-04
6.081220388323814972e-03
9.802683901576818380e-04
1.237980285285701166e-03
5.098229538898371802e-04
7.339924595603797026e-04
7.463339598352001017e-04
8.108872633831331646e-04
6.009607777641938616e-04
3.400850749779004475e-03
8.234557362369103678e-04
1.045979107683579551e-03
1.466654092175091089e-03
5.639479873142682915e-04
6.017823737083472868e-04
6.113995601757637316e-04
8.725553590840140527e-04
6.481910402001019294e-04
4.962477959503396084e-04
5.850551025759176101e-04
5.143968341616768792e-04
5.138750779682247673e-04
8.294215121711308097e-04
1.555184941981969677e-03
6.240359999563647791e-04
9.128232993274636381e-04
8.713244218942511237e-04
6.897830496206085312e-04
5.766540856769082884e-04
6.661496587003129305e-04
5.486764803059181964e-04
5.280052056258196591e-04
1.248791149442418256e-03
1.011569642532735057e-03
8.681651373738803442e-04
8.529957289023073824e-04
1.017293236268783461e-03
5.196137743617181264e-04
5.709785456289750332e-04
1.041723417802414885e-03
6.403973161589072288e-04
6.353113128665325432e-04
5.716117187218901349e-04
9.940903039430816317e-04
1.147270282605617224e-03
5.839482734749574556e-04
1.982830076687164093e-03
9.517249194687105174e-04
7.869322914633659818e-04
6.326234155611301646e-03
1.496066241443222509e-03
5.328546801018023806e-04
8.226053907187634573e-04
6.714246349348669454e-04
8.125150687386573263e-04
5.210066212192305353e-04
6.289915495653663818e-04
7.273033159163375767e-04
5.060777120141081139e-04
1.040344503648798786e-03
3.285790767583468379e-03
6.565439317803133806e-04
8.117945524063948379e-04
8.099915178091941000e-04
6.940237419044494342e-04
5.541078770297078356e-04
3.965215922141369573e-03
8.264546466843557086e-04
5.587034695685826058e-04
9.819182056528463418e-04
5.480618223945864275e-04
9.757388469385214593e-04
6.877811446211821566e-04
8.347639901314388372e-04
1.067277511531649443e-03
7.365900467977429473e-04
6.063641076813607598e-04
5.134131836619642165e-04
4.872801222692009319e-04
7.404183113787846928e-04
5.313168291537094436e-04
6.774050935202050993e-04
5.315417899765171022e-04
2.723497517878269852e-03
6.689056079042479024e-04
5.466706725736644821e-04
1.281794394497084901e-03
7.268868839606619850e-04
1.006006770114363600e-03
5.395173244113313400e-04
4.822458261672422182e-04
8.047141786332826386e-04
5.140513311985652790e-04
1.359605423721935852e-03
6.948658534980565408e-04
6.247280461788831587e-04
1.431339752264783891e-03
9.253507527896262302e-04
5.725118177983347422e-04
1.147542331191548672e-03
1.462542719271166117e-03
9.340689972480629120e-04
7.160406028715196689e-04
8.536327157662366473e-04
8.117865416650093917e-04
6.687207223393158923e-04
9.932649071150065866e-04
6.387249393887947440e-04
5.828777189003466787e-04
6.988616289169593664e-04
8.844052213979790517e-04
4.880983762938228307e-04
3.214919414282110029e-03
8.371599384418850452e-04
1.085273703110415473e-03
6.212851990238014120e-04
5.657215007767743640e-04
6.223380076066765227e-04
6.403399767106833290e-04
5.462853563445581144e-04
8.723864817718985851e-04
5.873241294693962123e-04
9.925428171583185622e-04
1.732222762101625355e-03
1.585207396257165688e-03
7.274093293008414111e-04
7.653201753079141249e-04
5.683519327417861861e-04
1.063794205073390195e-03
1.992115261521117293e-03
6.123532217523654361e-04
7.376877486852492132e-04
9.745195307785083560e-04
1.313858335495093725e-03
5.790528569988421560e-04
5.708678653526708894e-04
6.684412564688262982e-04
9.751354011093757695e-04
6.385113640452358234e-04
7.068329150040961574e-04
5.653714781843936169e-04
5.073989616036924484e-04
7.703049296727038130e-04
1.362210614649307129e-03
8.262743964576942535e-04
7.424313909004376637e-04
6.481920163634683233e-04
1.103000310703256557e-03
1.137146082774560113e-03
7.269721575080391549e-04
7.520791406037206223e-04
5.701816004273208265e-04
6.510883732400882208e-04
6.462023081618016498e-04
5.226561909637580765e-04
6.853253902035462072e-04
5.060664072099418757e-04
6.758549886185621610e-04
1.566225873156990153e-03
1.066611843021067095e-03
5.932894069784699041e-04
1.176899478197988499e-03
6.727925165612419879e-04
8.146165044549783267e-04
8.735571350132635476e-04
5.140322644919067705e-04
7.319143940296358097e-04
9.656439731991172922e-04
5.294936004035221680e-04
1.245488435948343938e-03
7.218419557729495841e-04
9.558715330897968711e-04
1.361375761428772636e-03
8.616760037523777706e-04
1.032600202019729558e-03
1.321447301122168115e-03
1.385779925583125296e-03
5.894365120624203919e-04
6.514527820138472968e-04
8.851025198673255360e-04
7.425231088402435998e-04
5.167176802217364473e-04
1.099605544971352577e-03
5.382116268164205191e-04
6.454362024041366283e-04
5.407371479598815532e-04
4.570903863672228645e-03
3.015873461879443190e-03
5.686850175953518053e-04
7.022166926572241934e-04
6.323737985418389747e-04
7.185300639012297871e-04
9.251905015688881989e-04
7.916163072917854196e-04
1.124865456519390716e-03
5.411519719501689182e-04
7.495252499668228659e-04
5.275764479518952818e-04
1.394661640398421089e-03
6.700471461212121390e-04
9.573339556515154860e-04
7.106975448753253492e-04
8.607112459084944201e-04
5.997322380124819668e-04
5.650508729684559786e-04
1.029126015884625212e-03
1.042203628936457394e-03
7.265936819415300335e-04
6.861484148388029888e-04
4.862055091090269877e-04
2.908381462960150064e-03
8.772302684747717129e-04
1.217931478211813036e-03
9.900517224002913178e-04
6.901667648966694187e-04
2.064722529415655150e-03
5.618754554456640215e-04
5.472148878205240980e-04
5.168754627411201348e-04
6.495263021528316057e-04
7.801116661730413170e-04
8.696148450575490012e-04
7.584979763263189571e-04
5.208812677200548406e-04
8.991388865227668272e-04
5.699416814125725502e-04
7.476950590806165278e-04
8.556676815353215105e-04
8.805788803396785670e-04
5.665516970844122107e-04
6.905609329375654191e-04
4.229369634577765519e-03
1.042585836240165174e-03
3.341969646330576055e-03
5.770663040636763580e-04
8.754785448701277043e-04
6.310874443699418957e-04
7.570114756706080791e-04
7.835942935999459834e-04
7.362586229984010742e-04
6.794582606630499271e-04
8.212784973706118655e-04
1.331794583906900338e-03
6.099473373489119410e-04
6.203448000290085309e-04
