1.198061651139519738e-03
1.766575778566617473e-03
1.082574966059954031e-03
7.210213797063238584e-04
9.915893002833621635e-04
9.041704398828771241e-04
8.494216800273580439e-04
8.937460913923820022e-04
9.819194694041829923e-04
1.133149727904281517e-03
9.364073334325759236e-04
1.545878990644809336e-03
8.901396419980501769e-04
6.692935295990008878e-04
7.914751439055294543e-04
9.421590078297143378e-04
7.039726047919671326e-04
1.183697129135180678e-03
8.554331699344445072e-04
1.335392149112858045e-03
1.324972475496428038e-03
9.650024367808060369e-04
7.176116088875360375e-04
1.285943933113162588e-03
7.504376176988317116e-04
7.687311597391419810e-04
1.311866624809628805e-03
9.617065481583350183e-04
7.449271450818321190e-04
8.179959602958036683e-04
8.948366484243017562e-04
1.318143707260513529e-03
1.434454454317527113e-03
7.964007877613614103e-04
9.277166998150031263e-04
6.269751136655502726e-04
8.361609925015121457e-04
1.169350552442955738e-03
1.776570867170844783e-03
9.471514053478627231e-04
7.419226825325972831e-04
9.397246095024532455e-04
1.420689370137113170e-03
6.433967823114527780e-04
7.307929973508571399e-04
7.047934231394377674e-04
8.116602701560895203e-04
6.972937047281972190e-04
1.026337911392499660e-03
6.631346795499416108e-04
7.442241595496050088e-04
1.246172053971331779e-03
7.280892164603831613e-04
1.493817917619368225e-03
9.392042059174418589e-04
1.189046810896860320e-03
1.351875031112879412e-03
7.750465917233131897e-04
1.215873565775239936e-03
8.434849394244347577e-04
1.051759095552518789e-03
1.096633794210765149e-03
9.007496229150582442e-04
1.077081234080384982e-03
1.052011225339802422e-03
1.203687569404412886e-03
7.093709063573259629e-04
6.994861047077548678e-04
9.381248627029543539e-04
1.001066616484423731e-03
1.273673925841622891e-03
7.773276584739205377e-04
1.053396424573702648e-03
6.850137912879538304e-04
1.119165902056554977e-03
9.416409710983713027e-04
1.164765067723038229e-03
1.020230122168456783e-03
1.710096599576905194e-03
1.268005508333067480e-03
1.091779798181276252e-03
8.334817557867216838e-04
9.563439181120824686e-04
6.914891224136873607e-04
8.245482385245792457e-04
1.275815926078167732e-03
8.194687539046583823e-04
7.057545702674570143e-04
8.501450017867074596e-04
8.525550649466142336e-04
8.738626446375263998e-04
1.036511680200826813e-03
7.160642049198669709e-04
1.289712030514723277e-03
8.719407727816425816e-04
1.673546699558906394e-03
1.260460038728002932e-03
8.005033967622309692e-04
9.163372412292459211e-04
1.439201149949406169e-03
6.776276965752819209e-04
1.122204051753705615e-03
1.304690087297487875e-03
1.306967790838303506e-03
1.184066998542480801e-03
1.271485519718934705e-03
1.239374709108441138e-03
6.438020054516102597e-04
1.289594508779587497e-03
1.585927552808978711e-03
1.203527363533082569e-03
8.987500943557379844e-04
1.811200994394465648e-03
9.204565830210661558e-04
1.277446359110791241e-03
1.198396603842462804e-03
8.584643879092783468e-04
2.763880056489290485e-03
7.196617533620166705e-04
1.015648474676542068e-03
9.598496037260770839e-04
7.368564759481309847e-04
9.886436763632707164e-04
9.510776753788410028e-04
8.046114043575914622e-04
8.701565105413002843e-04
1.755366198382513716e-03
9.896384856607845244e-04
1.256365233109728091e-03
7.606774166519979187e-04
8.898812003612147341e-04
1.273826867208022661e-03
9.586756074422213931e-04
1.132081759893988722e-03
9.870404107319742659e-04
1.459880222064268655e-03
1.070013048208401331e-03
9.829295468665672289e-04
9.575541601880354714e-04
8.195999582442718657e-04
1.934497381115869198e-03
1.328034585353261810e-03
1.198805149613498726e-03
7.982512413953486274e-04
8.193290850829775982e-04
1.200284995885073222e-03
8.456353529283991421e-04
1.092325158749801826e-03
8.495460834622800160e-04
1.159829784205843300e-03
6.084002662660961290e-04
8.763518848390031060e-04
8.421857088683527576e-04
7.411791269194858934e-04
1.320827891302568972e-03
8.983332301759969349e-04
9.383145838651471907e-04
1.488925877458892755e-03
1.134777074316683674e-03
8.730188255930332103e-04
1.308790080984591642e-03
7.686769624098683086e-04
1.241286712617597175e-03
7.096720124526045446e-04
1.112625397927752280e-03
1.000546958468529531e-03
1.121162541877164000e-03
1.319333197827351296e-03
7.021630462284272336e-04
8.682023057794702051e-04
1.071653918766316818e-03
2.125191488956415086e-03
8.408910737143685627e-04
1.148325176949958112e-03
1.454571714506908055e-03
8.448617567283973114e-04
1.462552912286046395e-03
6.840520089419585992e-04
2.025959777699492398e-03
1.176704987255967937e-03
1.376731931062590052e-03
8.339047378015124884e-04
7.658256248502004785e-04
7.960229210741705643e-04
9.620150529255479342e-04
1.109272855133794193e-03
1.024571620920156165e-03
8.627034959772617939e-04
1.166154559526451188e-03
9.073733154790009428e-04
7.732061935348300040e-04
8.250554781743012558e-04
1.029350423673070425e-03
6.770725378500655088e-04
1.320804215828438313e-03
8.349438486260242617e-04
7.381905028150314782e-04
7.107304218602586605e-04
1.249348855519676537e-03
8.498687949303480437e-04
1.037588446030636566e-03
7.543532566236992119e-04
7.694144274437544938e-04
8.803303222778331326e-04
1.129631839064293170e-03
1.261870203859739425e-03
7.027045058815484160e-04
7.447013607172404308e-04
8.973739828026109158e-04
6.950401988613947582e-04
7.086867595343313009e-04
7.622514980834597074e-04
9.586243804048037286e-04
1.034635539983058163e-03
6.590090852444468149e-04
9.975715034718222237e-04
1.129089384076864934e-03
8.345835753984258074e-04
1.498592659675495199e-03
7.421718608734161927e-04
9.429812944373102161e-04
9.441274825198806139e-04
1.352159120955719095e-03
8.854807739319824240e-04
1.454029926651366445e-03
8.056501689624044919e-04
9.567622720605779493e-04
7.260074331371425566e-04
1.048035199507449519e-03
7.834743119817010396e-04
7.154017968120433791e-04
1.617563029455585787e-03
6.731381900931779523e-04
7.174271866462443321e-04
1.192089315401068670e-03
1.449539821740256258e-03
9.925130449780254164e-04
1.074024510247187413e-03
1.042581059679730448e-03
7.738932381004007223e-04
9.841058618583933392e-04
1.049562899211196150e-03
6.773564787791181829e-04
1.271423064792444020e-03
6.508426380576325544e-04
1.419243095303631243e-03
9.378581440426965714e-04
1.160830695220114615e-03
6.510427279607661081e-04
8.499426421674389229e-04
7.599842153743757841e-04
7.923217271997542088e-04
1.425411403627040554e-03
8.243269401517099634e-04
6.798594628932452160e-04
1.146901081421842876e-03
1.923275974831600756e-03
9.093389505248655096e-04
1.027731605472327918e-03
1.105268647481713390e-03
1.011187617506639769e-03
7.222864822136686701e-04
1.660449812017393036e-03
1.033812351646751270e-03
1.021610547282658698e-03
9.091505442896836986e-04
1.188201645737965327e-03
1.153748584219379918e-03
1.079492288471435362e-03
9.005390546700293595e-04
1.135702397099878740e-03
6.941511762108878427e-04
1.016556559222917596e-03
9.714245204391823386e-04
9.066882012134168086e-04
1.031902833947615948e-03
8.741235515737183189e-04
6.364214673751231654e-04
1.221270518835939050e-03
8.997269872728532033e-04
6.276734940981077305e-04
1.186147597996148719e-03
1.073511779836138673e-03
1.149117517650224615e-03
1.265089645285391367e-03
9.923422877598153322e-04
9.623314290496531994e-04
7.030363835987006376e-04
8.317924955884904194e-04
1.173921510121123373e-03
1.112921265328271729e-03
1.115098335350786984e-03
1.181118618349394139e-03
7.491180129357255220e-04
9.764674702837748818e-04
8.846819550366493822e-04
1.572849747361298794e-03
1.943251905936424842e-03
1.046692915327602450e-03
1.236052733100356099e-03
1.085718420826500439e-03
1.480190243006251774e-03
1.304133055917899506e-03
7.394048471650313059e-04
9.499335389700837599e-04
1.317366007172023979e-03
9.534392248936507299e-04
1.270492313549823277e-03
1.581331179506086917e-03
1.176238115581837527e-03
1.326871256358768281e-03
1.163300097888970942e-03
7.939536469928230519e-04
1.160353723019395909e-03
1.304314718461157315e-03
1.044899872813246765e-03
1.113767937907606063e-03
8.797467281059289995e-04
7.146121814232719079e-04
1.209501741295394405e-03
1.284790655898310338e-03
1.548802804124380528e-03
8.688190047901768855e-04
9.329316559162330194e-04
7.022627268324590664e-04
1.208349087584307700e-03
7.223795463457592051e-04
1.212291504945421303e-03
6.625561543749502319e-04
1.601606504091641035e-03
8.969271037101659433e-04
7.270776054819179856e-04
7.433471508208149264e-04
1.070566119389463385e-03
1.720738387958135537e-03
8.948280485931971390e-04
7.641222555613010710e-04
3.083087224018876780e-03
6.975704239328345876e-04
1.074083585678447779e-03
1.422581065613706978e-03
1.090843644574619785e-03
1.085100051008166741e-03
6.573671301719188811e-04
7.618082132005258049e-04
6.840417206339475132e-04
7.059514721680467579e-04
9.096022169515411739e-04
7.019864688203776310e-04
9.409932091796317268e-04
7.712296105802642033e-04
8.965696437670046034e-04
8.299900224840498462e-04
1.333190894919872088e-03
8.122136474601016976e-04
9.278771278076388416e-04
8.517520644256647809e-04
6.997482169813065483e-04
7.713547972651813110e-04
6.608488799649340486e-04
7.712208746514566003e-04
8.050515751576423117e-04
1.410675092702402085e-03
9.761789861819819602e-04
1.301251872334829168e-03
8.948223624893783361e-04
1.055728215440240002e-03
1.616054842302030005e-03
1.485875295631185113e-03
9.534464938177909582e-04
7.045558006797067192e-04
1.102698251325880509e-03
7.587524467465344216e-04
6.789417134923194427e-04
8.046684225556296208e-04
6.921121494348264278e-04
1.125111952313905938e-03
1.529909277239448933e-03
7.587051741840378878e-04
6.181627709862741807e-04
7.851457438102626279e-04
7.410802042173674897e-04
7.969294834874685258e-04
7.850397664193536169e-04
1.083934617285689300e-03
7.299313712314196975e-04
1.501227665245776161e-03
6.573163070193599336e-04
1.132091620868765688e-03
6.351536957561300725e-04
9.038559839344707499e-04
9.934544716574220547e-04
7.989142749112273156e-04
8.775171137296620483e-04
1.034785889335152267e-03
1.110684797782647256e-03
8.353173214788346809e-04
7.420334315532263296e-04
7.766064873022273220e-04
1.005991122929071353e-03
1.020919258025351859e-03
8.675273434866001554e-04
9.135673175355414838e-04
6.498435948898608882e-04
8.681263063838596779e-04
8.433184804884738973e-04
1.039157419919984173e-03
9.185051399730206033e-04
1.334412548619409115e-03
1.148853669553355061e-03
1.067247757723322138e-03
7.467308064465161483e-04
7.658935758531806989e-04
8.456798084880702256e-04
1.002501498663072033e-03
1.154859499787638842e-03
9.353525811260519820e-04
1.612770043164209102e-03
9.330957210486098136e-04
9.864526507249724626e-04
1.142733563994981303e-03
1.544226543616987251e-03
8.284856262565422911e-04
1.549159019939204407e-03
1.135767380014579032e-03
1.136692942368653075e-03
8.169189384896493027e-04
1.037668262675165310e-03
8.120578822336669070e-04
6.459855477751532153e-04
8.922413880339553341e-04
1.177802296620722271e-03
8.441123951860265333e-04
1.144472658884471616e-03
9.996818923349237111e-04
1.118268124418172983e-03
6.779866095671513090e-04
7.346575349842079721e-04
1.078903091673947927e-03
7.232040124029640417e-04
1.343464888448388586e-03
9.489609733015569662e-04
1.063052572255221385e-03
7.022959724132727581e-04
9.425970056776439981e-04
1.113068556252896218e-03
6.504749056656411758e-04
7.658420646182559268e-04
8.239703121717392373e-04
7.243611993712059313e-04
1.432285461479797673e-03
1.467149541538672036e-03
1.147424150638391921e-03
9.531070192012568165e-04
7.994396354111109760e-04
8.398442292890842108e-04
7.065509586243181803e-04
1.040444634755380380e-03
1.032421132176914759e-03
7.969063536034942533e-04
7.245856807274428683e-04
7.446005524146859277e-04
9.759479976217453169e-04
6.770620193956551972e-04
6.786059736937936557e-04
8.801029923504265608e-04
9.465576978888103239e-04
1.381613640400683506e-03
1.091301672992009159e-03
7.774240448333582468e-04
1.181074324777014366e-03
6.829182045669265726e-04
6.644431775601394646e-04
1.118316848719356571e-03
8.044341985189455615e-04
7.568637265279297031e-04
7.061594137632630584e-04
8.827489359534429350e-04
8.539826006683381857e-04
9.368940218841857260e-04
1.565382169893841978e-03
1.184217471370144518e-03
1.032617905748624103e-03
7.705821242677437892e-04
1.004932906604153126e-03
7.312026479034479300e-04
7.355368357449116028e-04
9.608835171080861099e-04
6.800579722047514616e-04
1.075913323624968143e-03
1.078405415471826159e-03
7.482207269268113499e-04
9.895407662716183307e-04
8.077204222235026326e-04
1.343023209630218612e-03
1.440472804826985372e-03
8.635558906888421340e-04
1.000100595209342177e-03
1.358684872957192837e-03
1.076110979950108820e-03
1.388775654906328465e-03
7.260632746519100379e-04
1.262096695242158643e-03
1.077112229028444942e-03
7.893716105650974788e-04
8.712586849291169755e-04
8.653889132021956414e-04
9.316302042994625702e-04
7.444576984033364833e-04
7.809948100222265099e-04
8.838626947480222569e-04
7.136489930254049556e-04
9.320712582708212072e-04
9.358489164416974610e-04
8.065079353593773356e-04
7.218306045025791977e-04
7.050393549921359169e-04
1.367650767062471686e-03
7.816540950118670882e-04
7.034460484332065965e-04
7.320486474095208584e-04
7.128353648270708848e-04
9.770837652889291340e-04
8.436290877937657837e-04
8.598182307270358250e-04
1.349538811750371518e-03
1.416769690755334023e-03
7.670117218337004026e-04
8.029523108183342925e-04
6.411135189233531937e-04
1.329198441201210083e-03
6.890866233356618365e-04
7.685152874948158195e-04
1.543964219328557153e-03
9.718420417029156400e-04
7.862269411694961831e-04
8.766764630293298914e-04
8.509374183672226621e-04
1.267823284539821562e-03
1.000574952930381257e-03
6.199257726988296286e-04
1.176985102739049873e-03
7.687426455465276847e-04
7.449461522675514518e-04
1.003389454239638238e-03
7.200598727016382754e-04
6.994392024988365427e-04
9.992468724690736250e-04
1.776915178217982911e-03
1.398530868605848965e-03
1.260270044850368611e-03
2.186308653408256409e-03
1.140995258486471493e-03
8.107315681982157733e-04
1.706015192831776550e-03
1.061127936696463700e-03
8.814643336041180603e-04
1.223157193851068768e-03
8.506858113985872128e-04
7.364626320526527397e-04
7.203758831679301592e-04
1.011781539225953827e-03
7.292978237934586404e-04
6.683065351383299380e-04
1.036296779217141468e-03
8.555960361921156280e-04
9.034045481907613520e-04
2.177910888664677785e-03
6.967948935584458063e-04
1.004967478790570181e-03
1.220736714927251340e-03
9.183176178947525994e-04
1.597595166921209541e-03
1.428385892248183438e-03
7.293143830377781488e-04
1.038736230011815974e-03
9.524636735568590149e-04
1.052453833578280255e-03
1.026862694570921958e-03
1.647963882144012687e-03
1.226918024775240906e-03
8.473238173713722784e-04
9.987593638639948122e-04
9.515698801595569821e-04
6.488977472472937233e-04
8.352022678088144624e-04
1.333980499391190094e-03
1.249179231667440007e-03
8.085959698370580534e-04
1.509622895212372725e-03
7.980806071029167151e-04
1.187115491277098084e-03
1.167687082710619538e-03
9.118344345364143766e-04
1.497470470505410985e-03
7.050688950289591425e-04
1.506402092939589620e-03
9.519815329153595920e-04
1.255887904709922665e-03
1.036199158580896913e-03
9.217030640695587484e-04
9.133470308973475147e-04
1.584977371303938334e-03
9.952436861837788903e-04
1.413363527132270722e-03
8.415817400420743787e-04
1.120806341212599207e-03
1.141321896054122657e-03
1.019968150258823616e-03
1.053400435472500634e-03
6.693180736655094743e-04
9.093809084459995211e-04
7.087637581556062785e-04
8.790571645300086865e-04
7.031177863449766113e-04
8.196477503535064962e-04
1.583364896529509134e-03
6.145546389029261274e-04
6.814167932839724834e-04
7.321570810233813537e-04
1.012206851428319211e-03
1.007442066716276704e-03
8.060292944645215500e-04
1.134551447045025266e-03
7.040640076971878443e-04
7.740264488195768055e-04
7.234779272810342235e-04
1.442056697654578576e-03
9.455060088174498459e-04
8.531493195973822909e-04
7.126206653758928016e-04
7.227294067497799877e-04
1.334868182951040073e-03
1.009278401278211569e-03
1.257383132444277272e-03
1.170816834646911568e-03
9.488536707874521041e-04
1.057031569256429264e-03
9.916472304788222399e-04
6.952881989080716149e-04
1.133961973382758247e-03
1.787556092762288776e-03
7.166557602821821155e-04
8.931427349421829391e-04
7.316258491144993778e-04
6.198204053599300689e-04
9.413834939808926041e-04
1.109770689363350198e-03
9.720021459905020447e-04
1.068493950602709399e-03
9.453853515843475483e-04
1.647350066504632863e-03
1.302930924134637191e-03
1.244746597571690832e-03
6.620808994327966913e-04
1.346446897353805036e-03
9.370581576321919664e-04
8.304262171262786476e-04
1.821461659467920290e-03
7.761491186598691062e-04
9.608974003104658185e-04
7.527388635374656842e-04
9.137380427648847175e-04
6.779868665909953573e-04
9.526503703653783212e-04
9.292584642201373460e-04
6.518207885146839976e-04
9.188849207883630034e-04
1.755201211751893217e-03
8.042148481997482123e-04
1.015831649093661441e-03
1.499100731906882712e-03
1.015544627293019997e-03
1.076501602148407198e-03
8.996453442866662572e-04
1.273899013059258531e-03
7.313618183796916300e-04
1.438437805972410432e-03
8.162630353601420209e-04
6.577227059284640291e-04
8.589352533989733692e-04
6.964018308545384109e-04
9.076841877967852489e-04
1.088860532708051370e-03
7.536972667509323279e-04
1.064457363534687586e-03
6.434426750720510313e-04
9.846684569026703873e-04
1.041666269362729073e-03
1.218934594469032887e-03
7.020427854734693053e-04
6.521841803108205165e-04
7.156949182029143184e-04
1.047768317841889663e-03
1.278323180199776154e-03
8.698189976900503250e-04
1.663870889969624057e-03
1.219429578308488943e-03
6.988800019416522733e-04
1.725683266628655127e-03
8.690242816753108220e-04
1.934451407618637203e-03
6.448478971800339745e-04
8.044244818662139038e-04
1.967370568289581161e-03
8.016972910957898121e-04
1.921016213298454419e-03
6.575569627556503800e-04
1.163755413772033171e-03
1.052615311885641246e-03
1.255578123899887778e-03
1.367030590795906752e-03
1.007114557762747806e-03
9.226996237759723047e-04
7.362874617608515266e-04
1.222523330645537958e-03
8.974578938571682379e-04
7.226707534169093906e-04
8.984882591371204201e-04
7.243961528311087519e-04
7.791329162327254119e-04
8.004542707500188984e-04
6.261386912598365228e-04
1.026000614505256144e-03
7.093442221075806900e-04
7.050694818986978207e-04
1.051876266651286321e-03
1.579625293319318136e-03
8.690107951194102299e-04
6.629218114185966111e-04
6.768811230023547747e-04
1.099223901611476317e-03
1.036820986176989826e-03
6.133188206903442000e-04
1.216426240762100196e-03
8.387997618826304336e-04
9.087866401774942092e-04
9.459531065694366803e-04
7.029532167736070704e-04
7.641963941860349142e-04
7.753703427755836855e-04
1.163234683552949456e-03
6.921042861880564610e-04
1.768021362283629357e-03
1.357773513833993636e-03
1.281445635810940118e-03
1.022432109342038663e-03
7.400877742311979830e-04
1.052188414682137061e-03
9.694286111640214526e-04
1.751198385902491854e-03
8.803331402307451635e-04
1.175531896552852633e-03
6.473928861896578952e-04
9.209000747097707005e-04
9.447077740757477615e-04
7.849787645856329569e-04
8.104291901499747477e-04
8.178645704052655164e-04
8.790164707613784892e-04
1.350339687303431062e-03
1.682619788485643095e-03
8.541432828437841174e-04
6.198838001256692801e-04
9.659670088674296613e-04
8.134569520758808603e-04
8.196616281832149300e-04
7.781880917182706437e-04
9.248413331011137804e-04
8.105785115643633024e-04
8.569684950362382913e-04
6.702212009709324200e-04
9.724554119720784122e-04
9.450051436304607788e-04
1.033748752504847195e-03
1.097453150839679693e-03
1.070374495227854406e-03
7.449296110322692387e-04
9.612524641161199982e-04
1.039935614852256210e-03
1.277103628412860079e-03
1.244418113973114323e-03
1.444398684004285453e-03
1.163787801905516927e-03
7.795239784204431458e-04
1.072261298507397103e-03
6.087959870971736132e-04
1.053860283569827338e-03
9.154834922593001927e-04
8.342678458251534881e-04
7.942888444226828010e-04
7.626930486631732604e-04
6.405991938724467935e-04
9.061898153612244541e-04
6.336955569976564229e-04
1.124377736494424230e-03
7.235245985520660046e-04
9.479308719510644516e-04
8.935082759606632809e-04
6.937595744031385073e-04
1.295167632210243855e-03
8.954537330856934341e-04
9.420630514708171199e-04
7.670914824446244161e-04
6.770026981162685772e-04
8.774965260920964977e-04
1.727828798692075413e-03
9.655869759488997601e-04
1.030563046010018243e-03
1.184470273514185226e-03
8.098692928806642275e-04
1.064767390192676881e-03
1.167316117529083527e-03
1.726724220666281916e-03
7.704270942087105634e-04
8.109824178058936371e-04
1.405774510130501035e-03
1.170867035038143959e-03
1.011197356741803987e-03
1.186173349597609327e-03
7.461284278748346122e-04
9.829697834474865597e-04
9.633980055755667765e-04
7.138704293498827078e-04
8.252107504905625401e-04
9.989388221318155296e-04
8.762410822513965998e-04
7.813045344052764593e-04
6.943795581469116782e-04
1.122054838691166579e-03
1.027503920186510463e-03
7.546466624665645537e-04
1.116434391503556270e-03
1.054735857089897973e-03
7.868693576353954101e-04
6.361256583267047536e-04
1.109359459166957577e-03
1.015662916304576127e-03
7.518393649137536426e-04
1.150219548388166976e-03
6.544469372448197741e-04
1.014223180318879914e-03
1.302029821343021927e-03
2.039889953134425143e-03
1.056648009800077509e-03
1.109700257377906236e-03
9.353000562572986445e-04
7.045749767165694058e-04
1.237958731779988759e-03
8.351659682788625978e-04
1.169945399431911734e-03
6.361082937719518896e-04
6.910814799830410169e-04
6.873186822679939675e-04
8.166206721363471199e-04
1.069984837879344635e-03
1.164930755622633693e-03
7.803930409057249816e-04
9.073648685814360727e-04
9.473483469166260520e-04
9.754725342107535557e-04
9.175549356965484590e-04
7.957492872040718319e-04
7.477013164430574427e-04
8.642226098633587006e-04
8.016966536096571368e-04
1.004681352167418815e-03
1.130733585943243663e-03
6.236964269591110509e-04
7.834996365724977317e-04
9.896343817877356272e-04
8.851153374590342527e-04
1.067147961061479808e-03
1.008765753764489419e-03
1.649683677282058223e-03
8.989131794007543339e-04
1.040276995136984236e-03
8.062028658731861972e-04
1.165723853614749001e-03
1.333679698003471152e-03
1.199119479563831147e-03
8.547456202386236610e-04
1.376953912715710724e-03
1.292257468050586350e-03
1.425538356646516205e-03
7.706366455788921013e-04
9.479816340117849967e-04
8.320359911972506455e-04
1.023980634878258545e-03
7.071764832019940489e-04
6.670071911137574749e-04
1.395120980951419397e-03
1.209718707083646009e-03
1.056164202991464410e-03
1.506520164484852079e-03
6.372610492100811829e-04
8.752972309150796248e-04
1.168463436536181562e-03
7.743135208645250114e-04
7.671291055704564229e-04
8.221448528369215475e-04
6.184441945709413932e-04
1.241668404702438470e-03
1.071635782104483859e-03
1.538475438056963185e-03
7.371515094959166106e-04
1.345518683630056184e-03
1.016837606711794989e-03
6.359230896785792765e-04
1.141434970693104220e-03
1.255416190823278270e-03
1.021967701874426345e-03
1.058395129867784014e-03
1.114814790346032106e-03
8.081171588940639370e-04
1.209886792662649138e-03
1.482686219702397971e-03
1.236539128339309490e-03
1.117837198618025453e-03
1.032001223072214835e-03
6.946505591305236716e-04
6.006756430335427046e-04
9.481879129063519335e-04
9.817852272038882916e-04
8.471035469001911332e-04
9.499746292893963308e-04
1.182606900230664428e-03
9.357047917112956822e-04
6.709771385548900105e-04
7.150239653272309802e-04
1.238812727422215505e-03
7.358589967352380072e-04
1.269404829436324763e-03
9.809624413948049744e-04
6.832325309991499037e-04
8.947091000205286858e-04
7.062849201844392279e-04
8.651808464423451500e-04
1.252119396281802400e-03
9.071893389066395998e-04
9.735875451850607666e-04
8.497195544941682195e-04
1.242600405321554920e-03
1.040920275401183495e-03
6.354725862745780286e-04
8.734933394122753377e-04
1.276230532273250375e-03
1.141277175923768395e-03
9.175474995509069363e-04
1.892752270569733868e-03
9.943320627268377281e-04
9.028125181203501331e-04
6.404791433919571671e-04
7.820688642360889642e-04
9.487348261636152896e-04
9.071081722152507434e-04
1.030986061486301305e-03
9.526294976227748850e-04
7.151908577408765772e-04
9.415318302250905071e-04
6.437406362331484812e-04
6.381057470427857351e-04
1.042580788374614055e-03
1.019816233213350319e-03
1.130594032506820109e-03
1.348232701051723390e-03
7.945028062780529936e-04
1.269309735838884765e-03
7.123866298587864035e-04
9.100910892456763037e-04
8.156401786508664159e-04
7.185387151092364859e-04
7.358703950576180345e-04
1.201124690760408970e-03
1.549859459935381666e-03
1.182404777594617132e-03
1.108163758707667122e-03
1.036696510764399020e-03
9.270221242747386141e-04
6.986899091975267871e-04
6.275189896475583248e-04
1.034586162961323788e-03
8.441987512768075802e-04
9.023971393968857309e-04
7.216348316381152213e-04
1.076351162240431290e-03
8.729344389146976788e-04
7.093681058506036072e-04
9.816944715857771255e-04
1.235968301991473978e-03
9.396094597080444132e-04
1.075455807456101231e-03
6.200287485584087335e-04
6.913423242884039191e-04
7.916413979156637897e-04
9.763752618188071154e-04
8.541267248451151102e-04
8.045151130905543952e-04
9.086703750501725447e-04
1.036046329038293242e-03
