1.582272741727765442e-01
1.202840375563880709e-01
2.304857057205180748e-01
2.421107475920385443e-01
1.497503927688188241e-01
8.915139196235767616e-02
2.369011224785037839e-01
2.189853390279274392e-01
1.888336712975561826e-01
1.525691572446624400e-01
1.554225884080613074e-01
1.799418567822325954e-01
2.152295878140135510e-01
2.452912042228969636e-01
2.377863477385722957e-01
1.966088988281525507e-01
2.088377260867251284e-01
9.909820656605781986e-02
1.607584114845635459e-01
1.701888639395900127e-01
2.394616439581891132e-01
1.336964930559299825e-01
1.967956024536557658e-01
2.118347900231923320e-01
1.724349871362088060e-01
1.448056239466173623e-01
1.981606836499258117e-01
1.796741798821357705e-01
2.017033160191983587e-01
8.301552367558619194e-02
1.647190150920422869e-01
2.192830203314602711e-01
8.911365920148926756e-02
1.555181167436711087e-01
2.542323043899272217e-01
2.109001842399466087e-01
2.521190381105580247e-01
1.316474979805605239e-01
9.939026745710717592e-02
1.798363209132590734e-01
2.333402070120525196e-01
1.800259376895488039e-01
1.325675698074456066e-01
9.016477224265026513e-02
1.697995168994956561e-01
2.515121688504810549e-01
1.178323426791884898e-01
2.277736315579664550e-01
1.486984842419025732e-01
1.369062621405144342e-01
1.663139981117874588e-01
1.817166516946260857e-01
6.734519716377555809e-02
1.759592175931146141e-01
1.801338501691800431e-01
1.830437977055304200e-01
1.861766022450802027e-01
2.010415915069318771e-01
2.063242256822451770e-01
1.941327700886769370e-01
2.134466539238465965e-01
2.548169782974497588e-01
1.585350533932100847e-01
1.653404189047086303e-01
2.014273013603689322e-01
1.646757008790321053e-01
2.515404741203753902e-01
2.138596262173855789e-01
2.465392198051365447e-01
1.659582938292487320e-01
1.313792398271989015e-01
2.405940781633180980e-01
2.067021354871703687e-01
1.739156113871369314e-01
1.071236207861765016e-01
1.615673653856393444e-01
2.407937631365021924e-01
2.393067143406082675e-01
1.013767187553667182e-01
2.208341614984854484e-01
1.814557899157658027e-01
2.371800348232789846e-01
7.287871554035299515e-02
1.733785172401073882e-01
1.621712344916221016e-01
2.363145481363678191e-01
1.728879989194593292e-01
1.660655701524110517e-01
1.160115512520732695e-01
8.063962776242775132e-02
1.449890611789216577e-01
2.095867313540724641e-01
8.687230424099895432e-02
2.203744585289157398e-01
1.680022450749516505e-01
1.992126985597933997e-01
1.033454977886786308e-01
2.066668596074688613e-01
2.407727861465261132e-01
1.162641346495181388e-01
2.352239385767309829e-02
2.067636338757168069e-01
1.705471307569804973e-01
1.043363518470780543e-01
2.301209145924741628e-01
2.419018686138424135e-01
2.184999666018736242e-01
2.152051922762427683e-01
2.424619132758603357e-01
1.158065772372922214e-01
2.558148901097792027e-01
1.754355117078677806e-01
1.230876672197302457e-01
2.542936656546027074e-01
2.203043652163244603e-01
1.622471777468115772e-01
1.869184486184836125e-01
2.168351896163250581e-01
1.322857807635357819e-01
1.831086556297676915e-01
2.376299498150515888e-01
1.752368942630468940e-01
1.857897630021011770e-01
1.284125350986179415e-01
2.396026346500198245e-01
1.629796301250710511e-01
1.140114823829383034e-01
2.019917662054497853e-01
1.504083334210867540e-01
1.852964624565209273e-01
1.188761172360652402e-01
1.320197101561695618e-01
2.340444161370275056e-01
9.774528825869047144e-02
5.143707329379840903e-02
1.903252522424266346e-01
1.265859563923946440e-01
2.010376131872117778e-01
2.324241666964071695e-01
1.477741537441179254e-01
1.411738458292154941e-01
1.636579815611589328e-01
2.289292777389779765e-01
2.315594025394598909e-01
1.365349154087276973e-01
1.734260670489884970e-01
2.277509320340820320e-01
2.429071557927486857e-01
1.510128221592198505e-01
2.134725786334959741e-01
1.823149395365212255e-01
1.832043399270247841e-01
2.354467018128267586e-01
1.366256303658281435e-01
1.421055261322868024e-01
1.022284772864982400e-01
1.563030554305931685e-01
1.935279760413667616e-01
2.424131873197098719e-01
1.757327248387343388e-01
1.120578826936561023e-01
1.287242657446875105e-01
2.043764880126455463e-01
2.355932069890941116e-01
1.783566728206710805e-01
1.722025228816133346e-01
1.113064438115393961e-01
1.494085959729659074e-01
1.841469999730494800e-01
2.108515269000525716e-01
1.269335895221111454e-01
2.396828787577169884e-01
2.543127774361229054e-01
2.537394761274385235e-01
2.223256232992214532e-01
3.982759048971128840e-02
2.490432338657346256e-01
1.320249797472111408e-01
2.014166430270006858e-01
2.118273010168207071e-01
1.212944547367773851e-01
8.581595022408687601e-02
2.325153612668231784e-01
1.559215131504052554e-01
1.892753206458262782e-01
2.402486379134105010e-01
2.372551499148993215e-01
1.954795364107218825e-01
1.679204141811552753e-01
2.091032431743290732e-01
1.507537869043441836e-01
1.222839705297068952e-01
1.472992477211199081e-01
1.640478883042370828e-01
2.017258003948404210e-01
1.961175983309311754e-01
1.311757635646704223e-01
1.590690778012639472e-01
1.999371414496576016e-01
2.425752847287309388e-01
2.334794457827319980e-01
2.008807459084568370e-01
1.935330531212601513e-01
1.824783609413417607e-01
1.853519725433427634e-01
1.973122826308559008e-01
2.446647967399276924e-01
2.308905364048779163e-01
2.539909292822166154e-01
1.387247242191798624e-01
1.492023701497588450e-01
7.897971321556802871e-02
1.887662720841244424e-01
2.525861831025645876e-01
1.671490421265696413e-01
2.226751403866049639e-01
1.982798714123803208e-01
1.212617776499933797e-01
2.467480281662278452e-01
2.288654339448643882e-01
1.024369659506911279e-01
1.687031746483225736e-01
2.522466448940677286e-01
1.227189157369986267e-01
2.330739977884469516e-01
1.176703531157883287e-01
2.337087212482715226e-01
1.631633366222193515e-01
2.109506767108790537e-01
1.008999819411577903e-01
2.122440820755086832e-01
1.743701797256944075e-01
2.490472517794082019e-01
1.228457258240648886e-01
1.641086116719554233e-01
1.914034003330153944e-01
2.243540475061952533e-01
5.403319493780095462e-02
1.436549856503154809e-01
1.627024161510473854e-01
2.238877307991377075e-01
8.699874991653282208e-02
1.288846945182982595e-01
2.354109243680243824e-01
2.537758794837475795e-01
1.579467552489785542e-01
1.221791959338548866e-01
2.435766678650315709e-01
1.377808673875764167e-01
1.146698357815897074e-01
1.565182061124714974e-01
1.403035268097727883e-01
1.359105026353197299e-01
9.833087911583082708e-02
1.985101666001092835e-01
1.600058465080057835e-01
2.048654888528575191e-01
2.071051215375369625e-01
2.524828836272930421e-01
1.952738373551397566e-01
1.492808395156761392e-01
1.609641978931356243e-01
1.308242035410250859e-01
1.177658763151755023e-01
2.111372487123986674e-01
1.470279017906942765e-01
1.338650696014373476e-01
1.791420761532406813e-01
1.961529185653730079e-01
1.793299201638021145e-01
2.293937820553670903e-01
9.477941286794788756e-02
1.051635178664068054e-01
1.748970754890530332e-01
8.953784952893432958e-02
2.415437825320251308e-01
1.187303496696771182e-01
1.891297389587190680e-01
8.383910332803495846e-02
2.336562410182471405e-01
1.258571122542306298e-01
2.034537980625164555e-01
1.528865944891821538e-01
3.208407680250157518e-02
2.223091774395201115e-01
2.188458421700740508e-01
2.389729649782464938e-01
2.271921739380395600e-01
2.132657778876594912e-01
2.461423435479923316e-01
9.243697343086419715e-02
2.416781466901287423e-01
1.321083756873231985e-01
1.062483502672897234e-01
2.328481966196461750e-01
1.824688160299731132e-01
1.283111568870852204e-01
2.498370416632390290e-01
1.486537662389362247e-01
1.024968714810615272e-01
1.497576519903311143e-01
1.399673794567563578e-01
7.589585035836927951e-02
1.342661318710980933e-01
1.706368046424954210e-01
2.309536353864277136e-01
1.631462086028609704e-01
7.904930829520857849e-02
1.241929964733442526e-01
2.541561945891043228e-01
2.222957503950835356e-01
1.107678957628167871e-01
1.640696717462247767e-01
1.344941911761630415e-01
1.293492449682859535e-01
1.149169594612371587e-01
2.164448557489710434e-01
7.494961086969763320e-02
1.558062957658691294e-01
2.552133710917485199e-01
9.636465983046750561e-02
5.007140088372648290e-02
2.184448530741350813e-01
2.361334460459161844e-01
2.264200606340205091e-01
2.197543663817573267e-01
2.166758806737538179e-01
1.786269300901150991e-01
1.390299456752144558e-01
2.443133596068153834e-01
2.313075784729836937e-01
2.283044336903645999e-01
2.301144068878451798e-01
2.222561739704384809e-01
1.304082746857564146e-01
2.261442212014220798e-01
1.857555520097893265e-01
1.858125317894205875e-01
9.263167017957539551e-02
6.580797525182451035e-02
1.842106352414982773e-01
2.559539384839026321e-01
1.610527882014573531e-01
1.332034873866258518e-01
1.726662152496311053e-01
1.451284798157367051e-01
1.664191370467590081e-01
2.231907604382877552e-01
1.756972444524635413e-01
2.064461972851019400e-01
2.333075309811069586e-01
2.326603498547726856e-01
1.840901091343340179e-01
1.594603181339808440e-01
6.763668435857797534e-02
1.302738552142540529e-01
1.709606130827265591e-01
1.526648525202663753e-01
1.579339024602224584e-01
2.384148582976852726e-01
2.488615015258685004e-01
2.131557221790120749e-01
2.956425504915166647e-02
2.082916688231983837e-01
2.518884486937997824e-01
2.276899576797913605e-01
9.315176417073582626e-02
1.529249741991232092e-01
8.308853889859316166e-02
2.394954187613307917e-01
1.952934357131797249e-01
1.950072474363285513e-01
1.401832482394261836e-01
1.654338678487997927e-01
2.329802999537376740e-01
1.505788698442997453e-01
1.181706080780411533e-01
1.853371806017056200e-01
2.550932640614319569e-01
1.207553007079133489e-01
9.630811492221252879e-02
2.007200424735214872e-01
1.886513762270733141e-01
2.194726714140557422e-01
1.240271668028762736e-01
1.072883589539139204e-01
1.558555443023509901e-01
1.948105506538902743e-01
2.012832950251100261e-01
1.256491965068654293e-01
2.288081747848362824e-01
2.274766084122276655e-01
2.192339021708162305e-01
2.397457691622686682e-01
1.803501360532612230e-01
1.527853335413280333e-01
1.557095604756791873e-01
2.499936977551849016e-01
1.753877431568809930e-01
1.101635654226123251e-01
8.415595345315415865e-02
1.570232121283941795e-01
2.163852599376484553e-01
6.938816403252145992e-02
2.018559622466770120e-01
1.338047683201692428e-01
2.502739252007806781e-01
1.808051179548358089e-01
1.960182220804031483e-01
2.278923672027933778e-01
2.032057444753710418e-01
1.206292393158510945e-01
4.776578493096779454e-02
2.326044211504108561e-01
1.852151097498460353e-01
2.496751852657057846e-01
1.647759645525360972e-01
1.773438134752242934e-01
2.400661428600100733e-01
1.229897336376497424e-01
1.248525242568311877e-01
1.420458120834114935e-01
2.431711494810548102e-01
1.969373126547537267e-01
1.367472687112810947e-01
5.919779920138379392e-02
1.711857086676760453e-01
1.649343432946707155e-01
1.731467042755051866e-01
2.397589891146359453e-01
2.558125943526914359e-01
2.102029540529617990e-01
1.461302265936461342e-01
1.858951932337077617e-01
1.862554480891105146e-01
2.532095117888807922e-01
1.382777510144020117e-01
1.565986477317977688e-01
1.067153431460603208e-01
1.554247816508760038e-01
2.027167449439260805e-01
1.459347569592742977e-01
1.526002509683166419e-01
1.698086226308756774e-01
2.507622499036162300e-01
2.035089135680410999e-01
2.516430967362484616e-01
1.295632285818683060e-01
1.585643958353225025e-01
2.194724577220904527e-01
1.729076348558679366e-01
1.749828329926156334e-01
2.536979170621481705e-01
2.138964683936151745e-01
2.064456869250558546e-01
1.243191402385268041e-01
1.588367761041451776e-01
2.111354501096831537e-01
2.203570846883786405e-01
8.113839121941376908e-02
2.401106835330573952e-01
1.559444991861141383e-01
5.913587694191842908e-02
2.004032028225682105e-01
2.329799892573420905e-01
8.389736938013930834e-02
1.024077767324019783e-01
2.309458976986789036e-01
2.290569869002515857e-01
1.649774061890252885e-01
1.534810288544549428e-01
1.864990322959801661e-01
1.824646148216412800e-01
1.668905531540113840e-01
2.206995793898890446e-01
2.431389411464218997e-01
2.036702049928516278e-01
9.554526252715728196e-02
1.785793247407920226e-01
2.373053929324659139e-01
2.503739209566124835e-01
1.834139168379337603e-01
2.442152739866435274e-01
7.658414854758134604e-02
1.953810517788951151e-01
1.416542455562097569e-01
2.249205236604301383e-01
2.175702809201624510e-01
1.826671827202785980e-01
2.255605033471080600e-01
2.380931181094902149e-01
1.609925487947324596e-01
1.100280399732689596e-01
8.235491502397107588e-02
1.804434387700629416e-01
1.516691226985794338e-01
1.465334732816075403e-01
2.557463638593027166e-01
2.250652895052218938e-01
7.634516862492291001e-02
1.905372850336606305e-01
1.629949946766716118e-01
1.069987206156467058e-01
2.178308674686732227e-01
1.670885011860528124e-01
1.254650769600652027e-01
1.022728435069541614e-01
1.242902853592515594e-01
1.779744207855574190e-02
2.060043332536476701e-01
2.072115949246477740e-01
1.032080026191154881e-01
2.379050320273310426e-01
2.324640721118641229e-01
2.461307540533754223e-01
1.274611551462042081e-01
1.575809823185279346e-01
1.752607507294825506e-01
1.993640132229909934e-01
2.452661824187482853e-01
2.142452252222867559e-01
2.279236686848356008e-01
2.351901301709886927e-01
2.072632966780368624e-01
2.552598539186249349e-01
1.515531968293447607e-01
2.069483732772824380e-01
1.244676987562396003e-01
2.497162220489985984e-01
1.983813241298492958e-01
1.346182311542225563e-01
1.668886898797366791e-01
2.450369332280117329e-01
1.668011526823915680e-01
1.178560642746355469e-01
5.553439544230121677e-02
2.052245857137657281e-01
2.268965572784784890e-01
1.673944683450279969e-01
2.419748975348766928e-01
1.588040241278523834e-01
1.446923924619630264e-01
1.504165021495210142e-01
2.109073014296045656e-01
1.223984207574396882e-01
1.096265677315597376e-01
2.029698562745070600e-01
1.326673755965131762e-01
2.114712672900562196e-01
1.691224624998620973e-01
1.965851231860608339e-01
1.928693243685467018e-01
1.927204585645833079e-01
1.067673092469857005e-01
2.284110035006781392e-01
2.362564296385255835e-01
2.348328497592366282e-01
1.873982453455631803e-01
9.602042887579997910e-02
1.517630129699089336e-01
7.507845450110571528e-02
1.928562217126823242e-01
8.444279205205437733e-02
1.223530134935073843e-01
2.185002145296725262e-01
1.192945198129054807e-01
1.355568013183212350e-01
2.096567295503150852e-01
2.485073846748843684e-01
1.348175484570928173e-01
1.293798048044702276e-01
2.524988746227755376e-01
2.464644045516465598e-01
6.749325319682525359e-02
2.072315599569807820e-01
1.964520175787921874e-01
1.078142985926763275e-01
2.266379011893385753e-01
2.012860078739850955e-01
1.890186752346811327e-01
2.179684845266036675e-01
2.414604900770074836e-01
1.376983192778989118e-01
9.195515025288140964e-02
1.345308697799076636e-01
2.382956514919796764e-01
2.132382575608257336e-01
2.163201716776126105e-01
2.509078432160612437e-01
2.235727830574539554e-01
2.556747943382705057e-01
1.768743516666744509e-01
2.137085062469576691e-01
1.058201723426630547e-01
1.348345068490356125e-01
1.595442689440674244e-01
1.027191095285629047e-01
1.780436119606244871e-01
2.234587017198831349e-01
2.243048637891277286e-01
1.911981418952500567e-01
2.239714783053168567e-01
2.446870909001203076e-01
1.669820719580712431e-01
1.680431896502675992e-01
2.248631450068820647e-01
2.187224265214473551e-01
2.405485944544516475e-01
2.553158621277399898e-01
2.319179452100013084e-01
1.151388913081378279e-01
1.680897787072641869e-01
2.546439112706379571e-01
2.541072842585696545e-01
1.558361409057572311e-01
1.903310454817627173e-01
1.075838432586964238e-01
1.601506323410660793e-01
2.464359371241797714e-01
1.770214768430964369e-01
2.483158457899363181e-01
1.175975901676303559e-01
1.852244813243693333e-01
2.298742705795121799e-01
1.711994636482030430e-01
2.409043988585558016e-01
1.436788983796523089e-01
1.234173692278135170e-01
2.400667760865806133e-01
2.522275805300522311e-01
2.353162699836316984e-01
1.616438386621002754e-01
1.807558625249120754e-01
1.847794572452069739e-01
2.390536942987340208e-01
1.616512484562062923e-01
8.587237275950446169e-02
2.105824845343732543e-01
1.576509960434631374e-01
5.015023250404791744e-02
2.479998775794844956e-01
1.894950792137341522e-01
1.709469086915079705e-01
1.841839555661518024e-01
1.784750217484568913e-01
2.334051325294787815e-01
2.178454581126553491e-01
2.086646928389521150e-01
2.042500425019314614e-01
8.238451089864110011e-02
2.559344889319975502e-01
1.858084112931554233e-01
1.449949899265277342e-01
1.531492208417499223e-01
2.158100297945466928e-01
1.549915355672414063e-01
1.820942499025678396e-01
1.752328771661549600e-01
1.448467976821207204e-01
1.868876168783768776e-01
1.394415761494015860e-01
1.398953767410436866e-01
1.069764559759236594e-01
2.232436664389142456e-01
2.511027660385113935e-01
1.551343320326329100e-01
9.204721861848569331e-02
2.291666619267462290e-01
1.086895674020468827e-01
2.292118718620521078e-01
1.772428928952326510e-01
2.030335518397604344e-01
2.028138175468100768e-01
1.550025266219017817e-01
8.999803796307384585e-02
2.321746759661572346e-01
1.037949689491359795e-01
2.285635256274493043e-01
5.896528202027726678e-02
1.989276333656080364e-01
1.535072454814269127e-01
1.309415113965625432e-01
1.924207227075691029e-01
1.145871440150553755e-01
2.264545467742622720e-01
2.354771752514695227e-01
2.174644830692775699e-01
2.420572974489038354e-01
2.268006422136384648e-01
1.764214315653395149e-01
1.266662775859145884e-01
1.325002320844518022e-01
9.552044325497180410e-02
1.242032124915392194e-01
1.600244929258541338e-01
2.342891992843622873e-01
8.180631196113173631e-02
1.730219398050375501e-01
2.039362209188932129e-01
1.578631409764262583e-01
2.021686062341805368e-01
1.548567684588605387e-01
1.002387906394656136e-01
2.465839592882645426e-01
2.291768157654121285e-01
1.950520608412618373e-01
1.980964669141475343e-01
1.808395903955117845e-01
2.162280785686278017e-01
2.529209595156839407e-01
2.402110780799426026e-01
2.045570082693266567e-01
1.676617890519269682e-01
2.030422806313565143e-01
6.083000059300219808e-02
1.544508482312069442e-01
1.531227722327998253e-01
2.148870678868758655e-01
1.564679147258643266e-01
1.235421390603386044e-01
1.730478117042985042e-01
1.263514266941150044e-01
1.802065534753509446e-01
2.044377795424079380e-01
2.396795974233711102e-01
2.186917379059565292e-01
2.007226360698426415e-01
1.271116026451689085e-01
2.210954458850282189e-01
2.416337040675370640e-01
2.382508001723006030e-01
1.795887212241872311e-01
1.281915166457527899e-01
1.994054838767558013e-01
2.103811195198261874e-01
2.096848037946636434e-01
7.363302527658725782e-02
1.888666581348998896e-01
2.312556153599715503e-01
2.497905491314962589e-01
7.906031912465331934e-02
2.131640259212445598e-01
2.378911048998264832e-01
2.168755812006184225e-01
2.117951186653320717e-01
2.331657505480132231e-01
2.426150087822732393e-01
2.505808884726973829e-01
1.768837754358245362e-01
1.084912424694619987e-01
1.681404380575027280e-01
2.558027862900739136e-01
2.060731427339954625e-01
1.478154739113004545e-01
2.312201651905411715e-01
1.952494557316459267e-01
1.669475245207549530e-01
2.250413572759445424e-01
1.578347754491284116e-01
1.598303282533283243e-01
2.363154394004156611e-01
8.072521795551024226e-02
1.772028336864356624e-01
1.844807473529588016e-01
1.997773824034034806e-01
1.511289362007361414e-01
4.645812229632811929e-02
1.332125465704433187e-01
2.554941852221996879e-01
1.440120882984565753e-01
1.926101628200779514e-01
1.595438662285200981e-01
1.367249765727907851e-01
2.125070169334005443e-01
1.264937335916384020e-01
2.508806055287226555e-01
9.420789092386394614e-02
1.860201735892604846e-01
1.622060836012769736e-01
1.600282563371043798e-01
1.495432600075561613e-01
1.291029778868045541e-01
1.700432766893910652e-01
2.120164572979496287e-01
2.254714619148894816e-01
2.195712102394394849e-01
2.333480801063143595e-01
1.349626484766249801e-01
1.381345999953935699e-01
2.301638572569856267e-01
1.237466472023574515e-01
1.873091352178378466e-01
1.309184649736479522e-01
1.467904989819690253e-01
2.160530753766724821e-01
2.318988256590363561e-01
1.662001870818980431e-01
6.129534303620221003e-02
1.825891824170312039e-01
2.290529498722062851e-01
1.173087701239091396e-01
1.089883694796313501e-01
2.311530510947819028e-01
6.936270961941566615e-02
2.327331710254700314e-01
8.027551479250299993e-02
1.163849119605806642e-01
2.240906579733800974e-01
2.366068389460742882e-01
2.089800463210372272e-01
2.177261500332547950e-01
4.953729069715117478e-02
1.608801915628671475e-01
6.153613195880914405e-02
2.214736349934372239e-01
2.462573770290314157e-01
2.421424314142296141e-01
1.433577101352037364e-01
2.199215245831647181e-01
1.467920512907461283e-01
1.928697582176643610e-01
1.207712637670377287e-01
2.088409394183656509e-01
1.419612788308126095e-01
2.271224828199475132e-01
2.244553326052182163e-01
2.323733953805841301e-01
1.934767842054852527e-01
1.641435576042056255e-01
2.461357997803222397e-01
4.488723610095907840e-02
1.709603138976807657e-01
1.185649073965108907e-01
2.004168259014005582e-01
1.962901800433692889e-01
1.767097865245848276e-01
2.192613383468182686e-01
1.693987093717665704e-01
1.941280481977024075e-01
2.300789741386077836e-01
2.143444844143894412e-01
1.619689178783631223e-01
1.186727507442912471e-01
2.389523470751496181e-01
2.185225998912612988e-01
1.389460871734579661e-01
2.292135142320049501e-01
1.400337626980675265e-01
1.637618340507157322e-01
1.076277574374249757e-01
2.248963611685804442e-01
1.474219411893844534e-01
1.627906568467729909e-01
1.806866493411468100e-01
9.860807004695215650e-02
1.810849275400785441e-01
1.774105219141670631e-01
1.782122985728403775e-01
1.086972427328387891e-01
1.317622737953037804e-01
8.766354931927726468e-02
1.443482943272327845e-01
2.536373100556981175e-01
1.964944246499290559e-01
1.631508455884989328e-01
8.962672760373401049e-02
2.103581891029449591e-01
8.131742500187362499e-02
1.419545093174417461e-01
1.823909593273886909e-01
2.466552736500911003e-01
1.102133636705232150e-01
2.162784566577106715e-01
8.306979066791658761e-02
2.431443048239614324e-01
1.244034332431219608e-01
1.666002460643011829e-01
1.975821035546184157e-01
2.444244107898375096e-01
1.606050413605497884e-01
1.529851264259122767e-01
1.185154042025273469e-01
1.907478192686418439e-01
6.705094968726044158e-02
2.542318394840674123e-01
1.762651789735656394e-01
1.409956096981888896e-01
1.228102709309549928e-01
1.108780279894315268e-01
1.359547383761294526e-01
1.606904556131617257e-01
1.040646927282439238e-01
2.258672212064346263e-01
1.695601807999201904e-01
1.789927592815942770e-01
1.874642651875417509e-01
1.902426172192230036e-01
1.606786960749902737e-01
2.521101794016583630e-01
1.760007159904221352e-01
1.469328711809201049e-01
1.503889103841135333e-01
2.269529535358889571e-01
1.947876001552924230e-01
1.103443972533735828e-01
2.177679860181953864e-01
1.646006355408552169e-01
1.158831529970897473e-01
2.054208804333385319e-01
1.920329394299860326e-01
2.136951579506947418e-01
1.383806056320416034e-01
2.433609068936525566e-01
1.786447328745552066e-01
1.624283022899981332e-01
1.493177732119980450e-01
1.910901762212459387e-01
1.262168464188120620e-01
1.048481604702639347e-01
2.530360002574077449e-01
1.963500614403943523e-01
8.156594313649995209e-02
2.248329885674206496e-01
8.073096771369558944e-02
2.120363295637581191e-01
2.290384042945136367e-01
1.620647731420183923e-01
1.435546157362107000e-01
9.135711729021889216e-02
1.148270388564623518e-01
1.836133569188089509e-01
1.735821758234729895e-01
8.871358862953962476e-02
2.284220390732288331e-01
1.898236128698863878e-01
2.207554769232829839e-01
2.123447146437771327e-01
1.839847302034141874e-01
1.856184266337700117e-01
1.525028289652363422e-01
2.243348670083759322e-01
1.658941329079094695e-01
6.515302388493050822e-02
1.079977872994308946e-01
5.690108027412606878e-02
1.622994472253945775e-01
2.036021580762987226e-01
1.723506955882689318e-01
2.302857593471621112e-01
1.599081621104508355e-01
1.392890053644009751e-01
1.959071385160242873e-01
1.640410565240658647e-01
1.559555446452300653e-01
2.185996445799339993e-01
1.305721011683106392e-01
8.080908217050852826e-02
1.588049144553909942e-01
2.384052114598304850e-01
1.130363166245479251e-01
2.235329281734889095e-01
1.013676310427057692e-01
1.712328217835247801e-01
1.281773071477781134e-01
1.671115660524560009e-01
1.955886797256697895e-01
1.359849104920158869e-01
2.158882561642161968e-01
2.309040860390170480e-01
2.547362447509486927e-01
1.271299091873141773e-01
2.367151741435947199e-01
1.513724157161335515e-01
1.091540989843204496e-01
1.567437727442894113e-01
1.586188380070139570e-01
1.260368761871689391e-01
1.475704023562222633e-01
1.754909895841466061e-01
1.681299102323849382e-01
1.176217033997326716e-01
2.172513848161475858e-01
1.711098981939369879e-01
1.624814618076805550e-01
2.204430125700292398e-01
1.645042892089193798e-01
1.871001999875036015e-01
1.746161805524703847e-01
2.206719312559187185e-01
2.453377057234918945e-01
1.183720458684155985e-01
2.175250989185484041e-01
2.494020120989705602e-01
1.573834305786106225e-01
1.692021440251298414e-01
1.697260857592638450e-01
1.801719665772188450e-01
1.161804077811736391e-01
1.679350581660096486e-01
1.687988098393466418e-01
