6.656979407805316360e-04
1.660341936158241712e-03
1.291471200602791304e-03
7.342850100812580881e-04
7.717063634477550060e-04
7.577966013899248721e-04
6.105447346404611767e-04
6.609414787620320397e-04
5.841418260046388634e-04
1.021637064331620262e-03
5.987577836670285140e-04
6.277710615931928438e-04
5.646669922778894306e-04
1.368557653492357513e-03
1.819608605020858402e-03
8.712467315548761380e-04
7.365034019252384313e-04
1.774124437855340497e-03
1.199793077179855819e-03
7.075320999403312671e-04
9.332833127930721803e-04
8.730744505885544744e-04
1.326317167987992041e-03
9.012282635850317426e-04
3.412754082029829158e-03
1.132224442408091966e-03
2.273355493279833554e-03
7.386824069561222835e-04
6.299386827906614927e-04
1.129976912346122679e-03
5.668621671408444673e-04
1.014606690918884967e-03
5.995515477712950450e-04
1.239944616860579312e-03
1.115609262715505645e-03
6.245720308229801235e-04
6.978813848635740833e-04
7.314210894516238451e-04
8.901734587899762415e-04
1.189200734670613040e-03
1.511617458915155482e-03
7.275500527056123204e-04
7.116407430345812746e-04
5.675967350241958777e-04
8.112660076301941598e-04
1.194422990830233721e-03
1.116448583146983312e-03
9.303938143100984716e-04
1.417183547389584426e-03
1.215885686294018025e-03
7.909235394019278713e-04
6.092491911740124597e-04
1.108286661082342507e-03
1.045471982857641268e-03
6.667445987674445193e-04
7.452123051430566353e-04
5.743029452957620819e-04
1.725676249188630874e-03
7.609880037065981651e-04
7.508141567473157951e-04
6.668716639220541396e-04
8.701353868161427725e-04
1.983034091300910681e-03
9.121886461098310849e-04
9.947821565651868581e-04
8.231570802891398451e-04
8.435575979288470472e-04
7.080452818584300704e-04
1.183836165943912217e-03
8.772764608357486518e-04
1.087636749687958962e-03
1.322598551119016225e-03
7.661021973967801872e-04
6.450214034177236683e-04
2.222423077361530223e-03
7.496972355985082742e-04
5.909575110938998684e-04
7.908595268816936410e-04
1.622981884780265666e-03
6.537348936306009405e-04
8.040358045780471264e-04
9.213908372360343118e-04
9.707426560642188175e-04
2.059590249690817967e-03
1.084445117526107623e-03
6.427962864306056368e-04
1.042235196692645324e-03
5.670734564439409899e-04
2.658086800160598413e-03
8.308374117750115095e-04
2.661009461011737669e-03
6.337090032204900506e-04
1.003539452095695856e-03
5.979135364998120709e-04
7.090602990882235524e-04
8.006298726962913928e-04
6.174009552407525372e-04
5.703952321317014643e-04
9.650573037510341585e-04
8.001429406514866047e-04
1.090565566322501201e-03
1.055799454167739501e-03
1.688271718688122989e-03
6.088990641751789367e-04
1.390912787312565410e-03
1.858674379012083700e-03
6.981471825988678657e-04
1.350170947067074649e-03
8.210238042850977669e-04
1.021120226968750579e-03
1.162817922090565162e-03
5.979492216424994559e-04
1.099529410104688838e-03
5.553621222702346269e-04
1.413869353351449335e-03
1.505803800399432499e-03
1.461294117953431011e-03
7.088893770487474577e-04
7.111264652392106219e-04
5.552126961663445383e-04
1.056511057182042733e-03
8.907964247219505487e-04
1.467051282006350595e-03
7.578167698248961274e-04
7.412036686820230131e-04
6.660130901923375611e-04
7.787776634814260780e-04
9.595992833007407213e-04
8.618650056394689968e-04
6.851960495129266401e-04
8.983159608693375544e-04
6.567427830663846115e-04
6.596001928508807592e-04
8.286871550790915388e-04
1.888746779963358831e-03
1.426814713240205385e-03
8.390197214213707599e-04
6.316231183041798140e-04
7.735690799456465582e-04
1.263255395257891975e-03
6.046924835135259737e-04
5.657085421379989343e-04
1.647725769478700867e-03
2.426740533957397541e-03
1.311075025359267508e-03
8.312322368211545916e-04
7.617900891016093738e-04
6.310266751479565563e-04
7.822224426450947923e-04
9.477960962708417659e-04
6.280486383917356077e-04
8.228672690043502833e-04
9.663980585680546345e-04
7.714019907720527343e-04
7.315897938662169501e-04
8.752279875192784959e-04
1.122379975711923321e-03
1.091986859928038801e-03
5.667337853236356941e-04
7.099551512368770410e-04
6.153117983021047640e-04
8.336439862039609575e-04
5.570887830231836899e-04
1.000264580934730934e-03
1.089378868165073906e-03
1.015734427979822279e-03
1.877598241320946586e-03
5.667540153898422209e-04
1.482972739534193368e-03
5.481185241905563036e-04
1.281668260255300514e-03
8.859935419438532507e-04
1.254783281600245276e-03
8.496608352891052646e-04
8.305799000122262221e-04
6.638447811821121839e-04
1.304122099102830550e-03
1.396407653145792993e-03
1.089132979024914991e-03
2.516127176950780798e-03
8.482901625259953995e-04
7.996963502269254995e-04
7.826831785000061721e-04
5.969093967719898974e-04
8.142700141680689211e-04
1.061478263895529591e-03
6.104634637484746256e-04
6.969276211120872897e-04
8.009713578307826225e-04
7.529103274570746662e-04
8.072907359156729140e-04
9.319296234526697675e-04
9.681256557486787916e-04
6.003467092483054596e-04
1.131887164799837229e-03
2.356866175762007375e-03
7.269747825465271672e-04
6.510556981811837585e-04
1.195043501651508544e-03
1.475680867524614259e-03
8.473142658799735815e-04
1.411214165509694753e-03
6.823906862127610429e-04
5.911091627548250606e-04
5.773429185651843135e-04
1.218262667240183365e-03
8.416707289094213030e-04
1.086613773741105203e-03
1.125675251106855171e-03
1.333122403821792147e-03
1.352242943266422680e-03
6.985895918632814778e-04
5.780385871379507910e-04
1.148561365781687474e-03
9.557113457922269224e-04
1.004046761636703550e-03
1.053782588861891826e-03
7.068975910888632445e-04
1.037097743698561130e-03
8.345676443699876325e-04
6.625454535890664331e-04
1.281246557785194543e-03
1.720815452098227233e-03
9.667397960230097575e-04
7.975846325465421084e-04
8.953709967245582907e-04
1.156161007964313404e-03
5.701502492941979772e-04
3.099163684523075640e-03
8.960108620749763272e-04
6.073665638967352129e-04
1.257865365549801955e-03
1.195085737876635688e-03
1.251879795500018518e-03
8.177649165057290694e-04
7.466414938390651635e-04
6.372425020051896913e-04
8.556334425364306353e-04
8.556042986329410105e-04
1.359968953708390283e-03
1.063126836866923157e-03
5.734946393514511439e-04
1.098809959934611688e-03
5.676986940886401311e-04
7.972557676004674238e-04
1.174869669102176486e-03
7.567914589471266525e-04
7.959761599381265417e-04
1.036260437683531131e-03
8.657428433356573498e-04
9.220864076370101055e-04
1.080569353053785616e-03
7.527739852010599314e-04
2.774905876363506323e-03
1.395560707040688049e-03
1.068178526341003257e-03
7.683754187896239254e-04
9.243912989446157998e-04
1.659698776311166208e-03
1.017742167030115516e-03
8.540760139334230457e-04
8.631690662648176370e-04
8.944190511102120128e-04
8.152551843357865166e-04
1.135326644846698044e-03
6.337784502369069907e-04
5.653725163389159260e-04
1.685757517551778311e-03
6.791858561473883456e-04
1.140235586743020132e-03
9.782862795640826902e-04
2.094616463570944317e-03
5.999545731561409115e-04
9.851445054212008487e-04
1.023088915572124532e-03
7.815031366318406225e-04
7.452798805127182433e-04
7.995396701197132359e-04
7.446055648161263411e-04
8.749427013282882765e-04
8.867018522330496946e-04
9.193150816477035480e-04
9.484304005545657508e-04
2.804185378445171305e-03
9.832054979305702731e-04
1.021208203194641246e-03
6.760506727220864584e-04
6.905335436777733848e-04
7.003359692614141404e-04
8.039432275563729389e-04
1.191534779311937201e-03
8.311087280307358476e-04
8.400908226476130501e-04
7.816458221528921812e-04
5.587614951924200135e-04
8.121781407267931628e-04
1.736010777493127025e-03
9.218744112755496850e-04
8.806871351059853250e-04
1.231143412108859922e-03
9.936966761158708313e-04
7.438408370745845134e-04
8.147459931899491943e-04
1.274326089950310542e-03
6.430895825772778773e-04
6.879294223495173314e-04
6.994040044077872191e-04
6.760495884380548657e-04
8.652344753629474545e-04
1.520876227226210069e-03
7.702621665923204157e-04
9.622438165041275436e-04
7.904377571520239745e-04
6.577491161029691514e-04
5.532161353943071316e-04
1.189677665792409581e-03
9.285846809103571629e-04
8.793447193486304695e-04
1.326748190183422603e-03
1.644931413804778721e-03
8.335081419425105368e-04
2.080552505038354722e-03
1.313737858350325647e-03
1.474104174465281150e-03
5.877229608614952363e-04
7.492667468830266223e-04
8.190205048982700589e-04
1.462868282405359278e-03
1.732074885485668193e-03
8.763710086624480668e-04
7.598101662263084116e-04
1.000231780495183754e-03
8.172863040091638389e-04
7.811143199643812325e-04
1.087689191512526080e-03
1.910422807403324699e-03
8.119138377975177118e-04
8.693337665662139542e-04
8.359625518852404052e-04
2.040521510193381901e-03
9.811598442829119228e-04
8.789548611564211708e-04
8.241520174078384962e-04
1.060562281462383702e-03
6.283147866566012301e-04
1.279050329851445962e-03
7.431093595932626540e-04
7.150136673568149035e-04
9.446536454929691309e-04
1.058992728417997497e-03
1.019386965846808728e-03
5.607309571055450531e-04
7.973498231354376716e-04
2.537058080630616354e-03
8.426663274706906997e-04
5.543215585181736392e-04
7.067503728294863806e-04
1.203530720735964581e-03
1.200487958928780430e-03
3.028051262156982240e-03
9.750389076608994687e-04
9.488215217539224845e-04
7.626493221982681833e-04
7.197658200837049689e-04
2.062553337099295916e-03
8.417246066500080805e-04
8.755548269717429964e-04
8.570082839674271870e-04
6.471653668921024212e-04
9.905932951015669966e-04
5.683312489165657892e-04
6.649779227957460393e-04
9.686772170239302216e-04
7.922386996405676078e-04
6.991515573863691171e-04
8.765114218326954670e-04
7.404807520605678588e-04
1.253731461420478765e-03
5.932505721919711320e-04
8.025733170674146429e-04
6.885184477394056066e-04
6.856179798078200754e-04
1.285477862680052324e-03
9.441138843378962114e-04
1.302588359494706929e-03
6.615237054344586930e-04
1.160595018355100585e-03
5.789590065801563257e-04
1.064416197557822635e-03
1.294866481163705436e-03
5.676812204104905333e-04
6.923075267226569971e-04
8.242062222684447140e-04
9.321467324735208723e-04
7.997888970920797192e-04
7.194031761219196438e-04
6.383940259345207259e-04
1.107868684945357077e-03
2.603864253139716225e-03
7.391146260147264105e-04
6.178130282576911516e-04
7.015022559077482324e-04
7.237334482531759556e-04
1.020326181218807107e-03
7.719314146803184099e-04
6.121536275153406257e-04
8.346744507488761426e-04
8.834311286662337604e-04
1.550316917582694439e-03
9.872028072205531624e-04
2.132833549391282245e-03
2.050788169119946349e-03
9.512512899195785417e-04
1.022655263363212233e-03
6.967235912422303085e-04
6.220713781675395746e-04
1.548167459624058681e-03
5.431724216731809336e-04
1.353120435943954087e-03
8.426178858603322868e-04
1.675888063561635716e-03
6.038859453952733197e-04
5.661365607038301153e-04
8.003835150001975410e-04
8.965951385670902331e-04
7.476529469204477776e-04
9.524712656367928174e-04
8.166949338675382830e-04
7.228401414182553456e-04
9.830824599445916676e-04
8.072980206935970312e-04
6.887665316748332271e-04
2.044673015361690976e-03
6.658847436201263551e-04
6.214008173374268315e-04
8.949422384437314727e-04
8.253928230660685216e-04
6.303288551381614402e-04
7.183545078195612910e-04
8.658888859451848233e-04
9.013313416654279448e-04
5.944600123995429780e-04
7.290302384982808893e-04
3.079890947223978999e-03
1.160096764641517855e-03
8.537994729181106260e-04
1.104083573102817867e-03
2.040271167919069893e-03
1.439664492364872836e-03
1.136063519058709949e-03
5.722352379842720856e-04
9.305458481144192589e-04
5.858111446500410694e-04
9.277447504506544044e-04
1.129701880606217169e-03
1.238274199825785621e-03
1.034286190105527820e-03
1.536072907269945241e-03
1.714885278059024567e-03
1.536546627022829670e-03
1.050956800569158517e-03
9.924080539259526410e-04
7.495183143813433481e-04
6.951538867049095877e-04
7.250566313878726134e-04
7.674313857256125342e-04
7.355364311834100078e-04
1.186295570915685575e-03
6.529260375088497209e-04
1.245584089475553153e-03
7.510434647489786257e-04
1.174173905839259431e-03
7.442528005643719987e-04
7.185143475562927318e-04
5.805006755230829622e-04
9.675998781221243619e-04
1.118409731879905968e-03
7.855330602227055545e-04
1.087699944788625070e-03
5.636162969592322346e-04
6.977902662632324898e-04
6.720752420916472443e-04
9.151429832096822639e-04
9.944877019659186142e-04
7.246489750012692199e-04
5.884782556568188749e-04
1.018599402660804462e-03
9.216266950283198787e-04
5.537394030629108795e-04
6.521242931980458313e-04
7.186735917737560510e-04
1.572676348693664936e-03
7.020502226827465527e-04
1.342829361213266574e-03
9.085653597969921801e-04
7.383599616185302023e-04
1.177083235594664429e-03
1.427059978875445381e-03
8.506493492573040469e-04
1.138791595550835969e-03
1.261237807851779301e-03
1.542184196693541492e-03
1.233286031494218796e-03
8.240744651462074107e-04
6.596769669833433235e-04
6.018406543647127765e-04
1.327840013384710277e-03
6.321562534456261770e-04
1.183712880870414113e-03
1.560924976330889608e-03
1.242874813018729962e-03
1.615976351931817760e-03
8.735289368893559610e-04
6.204337314666445117e-04
7.046161752762558888e-04
7.475955213377509512e-04
5.958387484904541969e-04
1.227804184607185749e-03
1.727640544654767372e-03
6.286092289424504180e-04
7.125788953867958015e-04
1.243021680949917950e-03
7.963508467022827530e-04
8.559039981426290770e-04
1.809188722226895462e-03
9.293180292818928236e-04
5.879027833322050464e-04
7.970983678665796365e-04
9.146608612905427664e-04
1.110811230204503640e-03
7.759227902258615962e-04
2.194408476708428063e-03
8.393091135023556231e-04
5.922159278508956105e-04
6.913126920718644678e-04
7.796500594594059363e-04
1.795545931464774623e-03
1.104810861795109574e-03
7.453517214590575342e-04
8.574266852147197082e-04
1.204905759566344322e-03
9.346370119524105135e-04
5.709364653280871215e-04
7.522141430552689838e-04
6.610458172124884053e-04
9.996605555053943767e-04
2.271362349131576374e-03
7.833304085133625111e-04
1.026100287637065917e-03
8.919320369916305816e-04
1.544490943792935439e-03
8.517785627450295870e-04
5.936776351844710213e-04
1.522753820268390275e-03
1.285247647901406999e-03
7.832033201221393027e-04
1.128509598446894883e-03
1.090854110465173075e-03
9.956323291102462010e-04
5.481744385321062583e-04
2.471985773425465927e-03
9.341958080127196360e-04
6.502941177982673885e-04
1.008623573972351360e-03
7.277747695564606989e-04
6.272583075738575546e-04
9.563754975169690056e-04
1.115751467892197321e-03
1.455588344424256107e-03
7.578776276251864225e-04
7.180115980285518710e-04
1.387227418825651235e-03
1.221461264618172718e-03
1.518529606553383274e-03
6.070296071192448836e-04
6.430309961449884922e-04
8.579576967197407233e-04
9.025636655546779913e-04
1.143757635427205231e-03
1.801906736286042155e-03
7.716089621959168173e-04
5.711184477063092164e-04
1.013852029121587719e-03
1.143456028809657510e-03
9.806698302417041473e-04
5.894272886515743290e-04
9.042815762503067468e-04
5.564939412449147185e-04
1.322404591821415122e-03
6.917788066084130808e-04
2.151723270543705411e-03
1.838171442428988400e-03
6.508574540621757908e-04
1.254306821447613010e-03
9.614509181420375283e-04
9.636676107986558767e-04
8.766880851909414655e-04
1.465970518991532943e-03
1.416835227094394040e-03
8.184971288896155132e-04
9.848674030133947391e-04
1.458824352707541183e-03
1.022117531816181491e-03
6.633954286071525909e-04
7.724878657813592352e-04
1.251089234281753870e-03
2.016332085822364860e-03
6.324558349411334591e-04
7.830964405569588050e-04
6.660570675249813302e-04
8.876715171532994922e-04
1.084011017297982016e-03
5.924654717089682457e-04
7.836808644485805664e-04
5.953103183295049448e-04
6.064176420641467953e-04
2.717015983864419330e-03
5.568730145238901669e-04
7.712903712681474068e-04
5.814394316738379521e-04
1.264505910311038107e-03
5.740149265524510528e-04
9.849302597278370743e-04
7.161051769788989588e-04
8.660843098180398590e-04
6.216516892820955677e-04
1.136516459233992155e-03
5.884019811463315043e-04
8.078442222396003654e-04
8.445374735096936080e-04
2.150497001084059837e-03
1.105901878901580484e-03
5.487806807213142920e-04
7.437188583195639526e-04
8.131312082426527541e-04
6.008416578570079797e-04
1.112855786421941724e-03
8.125053730057280174e-04
6.451644288718151685e-04
6.835745096502981446e-04
7.816699771866079168e-04
9.794115778408239281e-04
1.112394338471868211e-03
7.453716907634045817e-04
6.753450375880447028e-04
1.028137844153018034e-03
6.969317146644950353e-04
7.329100393094498209e-04
7.501554970740439976e-04
5.632160127080680602e-04
7.017722591385240367e-04
1.373344728434020435e-03
7.708074210226276580e-04
1.114548879694203477e-03
2.059762433804864998e-03
1.221059347768015807e-03
7.632068424579383685e-04
1.346861016969818541e-03
5.882773002628425901e-04
1.964579115140227799e-03
1.821215974295659068e-03
8.324678864786539756e-04
1.432470300219346486e-03
1.925987534434271675e-03
9.701209284856224680e-04
9.674860369763793556e-04
6.792223760030262911e-04
7.037478404539174084e-04
9.027059222875339533e-04
1.167295979537257998e-03
9.329788203793690357e-04
5.601850474904114963e-04
1.903338004379714985e-03
6.645593019921983971e-04
6.416610392520257508e-04
6.916957601753230631e-04
2.048109091354090739e-03
9.405488710743216494e-04
5.741035839377925040e-04
1.047244621742818163e-03
5.935033430460910989e-04
7.252338711670595385e-04
1.325609182354960721e-03
7.170937287945103366e-04
6.173782706421043461e-04
8.244910658200343230e-04
7.479264928519343885e-04
9.716551917178145635e-04
6.526081119704723330e-04
8.740555396694990771e-04
1.941065841890078549e-03
1.384329358156093873e-03
1.563127249518233642e-03
5.504542047299018940e-04
1.915854467185124825e-03
6.978375493088394971e-04
8.118046404981720324e-04
1.209486678176258274e-03
8.893236153478973347e-04
1.427770770870051683e-03
5.923105512180435123e-04
8.504114547006983446e-04
9.639455572267707079e-04
1.085233048807723606e-03
5.816433799046574976e-04
6.645124203926935534e-04
7.237354480568305515e-04
1.324039083009405501e-03
9.874270597314664406e-04
5.585734164963493788e-04
9.843125168447677126e-04
9.592928199938380654e-04
1.399691919186789833e-03
6.526596533947574483e-04
8.276233307770638212e-04
1.652052019499803456e-03
7.425447944903119024e-04
9.305037716557180072e-04
9.058937358225402229e-04
2.276680200929831043e-03
7.929606607105029077e-04
1.101051355977994937e-03
8.877528992278076745e-04
1.704471934776860889e-03
9.234930954688820972e-04
1.946946574969213696e-03
9.005300182198344673e-04
8.500396408600864855e-04
1.126918274334215257e-03
7.674970196847511307e-04
1.029669052997121649e-03
9.213273084603384316e-04
9.996617616875285838e-04
7.850504937078693190e-04
6.620302469109414292e-04
8.794222748117580231e-04
1.116845256963579528e-03
5.415800170794715738e-04
7.684598773022265072e-04
8.919553520178797375e-04
1.035875038614495185e-03
7.428101526530722556e-04
2.972953300494637820e-03
1.109694371775191190e-03
9.701397418286231231e-04
5.422782325395039162e-04
1.445689091702054589e-03
9.806332363467657950e-04
1.495442621038731981e-03
6.932361083608060744e-04
9.082497800052183714e-04
9.519716929309730413e-04
1.981191695168848469e-03
1.438190243219504864e-03
9.807301242546200178e-04
1.133199793682440615e-03
6.423292351106303687e-04
8.277439551781364891e-04
1.470247324091644194e-03
1.270930778516632430e-03
2.735815248750353597e-03
1.061383374553331654e-03
6.916477024709933620e-04
7.978140789878189866e-04
8.865225018327285234e-04
6.110885411966080101e-04
5.724179222901325899e-04
7.008978032297460839e-04
6.760985617746993271e-04
1.018554896732754532e-03
8.638930845555007482e-04
5.771243929593439237e-04
7.685721036350454506e-04
7.892562128112063811e-04
6.822076464182779505e-04
7.138873467585408984e-04
5.548542524242444001e-04
1.956762686159065241e-03
1.027813686702262579e-03
3.025025572269143728e-03
7.458459374973435080e-04
9.600309268207667893e-04
1.263853821220327312e-03
8.912803439253534112e-04
6.908480892157571607e-04
7.803176955926417442e-04
7.752784189321606763e-04
8.041847356669846840e-04
7.614442197802157378e-04
7.051240451179676370e-04
5.541782774484021491e-04
8.051239067503538748e-04
6.684983986598782299e-04
7.269276555247813085e-04
6.086669260327718430e-04
5.967115401509090131e-04
6.331834333768880316e-04
6.122694711948988835e-04
5.507989261098424809e-04
9.180012813061614110e-04
1.096756337338143910e-03
8.118810945476329349e-04
5.745732859086312861e-04
2.351603935993760650e-03
1.109065992174182447e-03
7.207907789434370030e-04
6.365824955138918656e-04
7.798840934699877202e-04
5.830991094723046025e-04
1.022884554592984113e-03
7.253495230206280248e-04
1.893171449739875032e-03
7.369613788139494541e-04
6.260586590267011326e-04
9.159244174224462527e-04
6.576535613958958216e-04
6.486681659776964617e-04
8.178854865731346145e-04
8.146476573383070992e-04
1.739577951201233411e-03
9.575088328002045925e-04
5.616781877303519055e-04
6.361175051646491066e-04
1.139706112348202885e-03
7.011160004354441075e-04
6.936972934875246027e-04
1.034390372657631582e-03
7.464308123679450156e-04
1.331929965949607770e-03
6.394434314466586290e-04
1.330775594606212978e-03
8.087987556183081619e-04
1.009672948041967933e-03
5.929160371155399976e-04
6.999587878281054694e-04
6.071891589009676370e-04
1.944673109627338735e-03
7.773606953405199152e-04
8.133468921004478229e-04
5.696709010703914638e-04
2.187407410641250324e-03
1.007048093322986245e-03
1.307979788605792342e-03
1.102166405928043475e-03
9.925205263783176603e-04
7.428753542049280206e-04
5.753136527915210735e-04
8.915023292451033660e-04
9.663901641051123341e-04
1.033741517668981596e-03
1.177709514603513972e-03
1.924042002753302083e-03
1.110335804556979904e-03
7.668347956555032719e-04
1.251099991837706024e-03
1.310159875812726138e-03
7.749233408109582923e-04
1.317982412019306788e-03
7.692723588667983552e-04
6.552044691829945902e-04
9.247165939735418070e-04
1.958025330767385660e-03
8.883728521128211788e-04
5.643686195423258493e-04
6.015384189702014002e-04
6.815419654244342157e-04
9.050631002482436302e-04
1.020143397822107553e-03
2.081233864078233485e-03
6.692783874547099561e-04
8.047572600858134747e-04
1.087747843182389597e-03
6.120074458345267643e-04
6.917428016895907621e-04
6.314571175244178053e-04
5.363732237288437558e-04
9.480721550563718210e-04
5.779607730888299075e-04
9.525213540077920576e-04
1.259114689067483825e-03
1.492304949750568408e-03
6.671441956754546208e-04
5.961461214304561657e-04
1.424858220208337226e-03
1.407693893016538763e-03
1.185594046841058694e-03
8.815234375364861506e-04
8.557544180725989123e-04
1.538367679297836200e-03
1.132845705384684419e-03
7.828420783963029690e-04
1.710424236072081473e-03
7.479803499749687959e-04
7.103733929665217734e-04
6.925285766770066919e-04
9.330530772955838732e-04
9.369655089647159658e-04
6.660422263131090311e-04
6.370045697492117192e-04
6.263209891421402456e-04
7.694453734931323667e-04
7.814780234344541939e-04
6.001840755215565905e-04
1.459048554211554586e-03
5.939321735847703961e-04
7.294358770477875429e-04
1.729430727568585574e-03
1.286431602244683366e-03
1.730408159499927274e-03
5.972224696115798837e-04
8.165850040629538467e-04
8.432180223766845605e-04
2.007822774750455015e-03
1.575868003959628215e-03
1.972602526345167921e-03
7.952510935582594127e-04
9.876631285416727010e-04
7.023006936558611520e-04
2.662309043774140419e-03
2.008596188171224341e-03
6.035974161688023153e-04
1.649466012675133118e-03
9.444847558570705019e-04
8.684963772531223642e-04
2.673931945751720045e-03
8.268394752720005774e-04
1.444123207945253095e-03
1.095772842359018758e-03
1.422721226815753951e-03
7.379303884966815791e-04
8.400574007643389889e-04
1.200923246452604209e-03
1.218989291685064090e-03
1.052575818756016149e-03
1.007701130376528753e-03
6.670064577690808238e-04
5.758989162590256094e-04
6.231095183899026729e-04
9.395292291749362265e-04
9.572267389079826922e-04
8.160981078245869514e-04
7.833183586626201898e-04
6.758398697758743892e-04
1.265502445455378693e-03
6.955511202049831018e-04
5.690170126606632116e-04
6.392098524704078067e-04
2.091615430539994942e-03
1.082790632653042075e-03
5.622188769935990149e-04
1.060428391850950971e-03
6.572220404521875560e-04
1.633882050109375763e-03
6.119142314126782686e-04
5.806276062122520641e-04
7.377792568935760036e-04
9.460100085247690567e-04
8.104408566990213472e-04
7.326930279273666637e-04
1.332971845486679218e-03
7.328847218033964026e-04
5.971189366573586600e-04
5.484700682700772122e-04
8.403618032639891509e-04
1.056803589517551351e-03
1.555072610750619358e-03
1.446114698433855318e-03
6.771269680769176824e-04
6.705191386022758783e-04
9.132873002900175011e-04
9.421334374346620067e-04
7.540570372907700073e-04
7.285432826792966445e-04
5.963569083693274911e-04
8.598828099380991918e-04
1.067361307071573425e-03
6.945778311110596811e-04
6.637760324499335099e-04
1.203152323234459031e-03
6.535651190109748434e-04
9.005064722548469097e-04
8.660719380905691420e-04
1.113636647199112324e-03
7.249605052484609869e-04
7.772210188580889502e-04
8.961215455155978034e-04
1.201695281378832580e-03
7.583802561001894626e-04
2.286451167092830566e-03
1.275079192038651400e-03
6.989051253931706639e-04
9.990575625597420892e-04
1.767396813889085105e-03
8.976179534784385324e-04
7.106438713658878165e-04
1.037394168602728643e-03
1.198226922614182470e-03
9.170422374171424435e-04
9.038884383044678509e-04
1.349527899875352073e-03
