6.741609898667783041e-01
1.084205999802718701e+00
1.086550003706320267e+00
6.614109874337489314e-01
1.156619427878709416e+00
1.129993330231215731e+00
8.443595393378400260e-01
1.031918550033033677e+00
7.476238282715846895e-01
8.779051922434465416e-01
6.160533036491443459e-01
9.949991717264121682e-01
7.723379315696443648e-01
9.986160267035364413e-01
7.644425219529076276e-01
9.846141720519460128e-01
1.098939005534392166e+00
1.126949703981974249e+00
8.610778839479084068e-01
7.217011316562698120e-01
1.106982571158049211e+00
1.006676226548162134e+00
8.931117400260724093e-01
8.623852648643530738e-01
1.001653348167795388e+00
9.192707342550604510e-01
9.933896441883942607e-01
1.135163421276606632e+00
7.821586954354420307e-01
1.075863113778795288e+00
1.052978586003395556e+00
6.896638719123034944e-01
8.531793020948500450e-01
8.951767806322346033e-01
9.222254518433389281e-01
6.763761701534495296e-01
1.110338661438742047e+00
7.237961373373559271e-01
7.954576032474760527e-01
7.527974787565763215e-01
1.048952707437612597e+00
5.334310425523461907e-01
6.676693477304527224e-01
1.019482423540799099e+00
1.146288838402204302e+00
7.321749072369977407e-01
1.028192937244726046e+00
7.597346151093190558e-01
1.108259766118461220e+00
9.949807086905815279e-01
9.037162506718804389e-01
9.566483283208458976e-01
8.499961901147961019e-01
8.453805159759870680e-01
1.069918769058934682e+00
1.136947705882333404e+00
6.912633470112656831e-01
1.103698667645755860e+00
1.034310268213554984e+00
9.744117959527254236e-01
9.238374455558348020e-01
6.457679414792065753e-01
1.139658982171362522e+00
1.063804254002616911e+00
1.130572468011243670e+00
1.121871218605992704e+00
6.221062899683083014e-01
1.146217953551280866e+00
1.040438835605447476e+00
9.222144195358272789e-01
8.419299264609199085e-01
1.123366776368496911e+00
1.008567834685724085e+00
7.502717838623342850e-01
7.082919380822213506e-01
5.626457871118423215e-01
7.206794080909512124e-01
9.786001393242923507e-01
8.787667663608336177e-01
9.328495275271159182e-01
5.715422541608375928e-01
6.256728228710991546e-01
1.085063503621029879e+00
8.612784033168369158e-01
8.635079489818172638e-01
1.124070770971413058e+00
1.123537189581909068e+00
9.792531314235018991e-01
8.369632910711521934e-01
8.873926471537775251e-01
1.100063010861557000e+00
6.613910984201221144e-01
9.253442984810830163e-01
8.078380355477073893e-01
1.058294055757558194e+00
1.150468285941819824e+00
1.042203076095169711e+00
1.153647323666957991e+00
9.058754409833198462e-01
1.012889612177290566e+00
9.373637231001841208e-01
7.392856937797953609e-01
8.359165007115390011e-01
9.597350659317096522e-01
1.016508540534246885e+00
6.329653983576526421e-01
8.588004105960754808e-01
1.024625044118560258e+00
9.424383685154750223e-01
9.620652818815004226e-01
9.000712290481723832e-01
7.861673645734184035e-01
8.158497824377527463e-01
1.084886730275193667e+00
8.216869634938670508e-01
6.446070611000210837e-01
1.004684934657616324e+00
1.022708618131434433e+00
7.851140128981624056e-01
8.767840518226615032e-01
9.078163857292360639e-01
1.150675994260665913e+00
1.095240189588861046e+00
1.122786782406051564e+00
6.385620177549989895e-01
5.896894087159055831e-01
6.381084351824695133e-01
8.287209612700141559e-01
1.089144779696745502e+00
9.053248998310838846e-01
9.544482816983645979e-01
1.152926439737706588e+00
8.958604600949713337e-01
7.125073531305006203e-01
1.114873046777304477e+00
8.445510335826751369e-01
8.078591160413167716e-01
8.560609308016734476e-01
1.108733537110559331e+00
6.003680747532404993e-01
1.123691571549781720e+00
1.020031460303291393e+00
8.112836513992810472e-01
6.447217472151594020e-01
8.262148179993080710e-01
9.284312815135871144e-01
8.674932437748434921e-01
8.776393164455417173e-01
1.032740054551554154e+00
8.116534611415218148e-01
1.153621715720925422e+00
1.062461782878603600e+00
1.145283118896352592e+00
7.344910479109779677e-01
7.107612980111758239e-01
1.066761339426459232e+00
1.135698330102623999e+00
9.712628096290567559e-01
7.663102905833223399e-01
1.131304835933400144e+00
1.098214238687791111e+00
9.914570252633700953e-01
7.349022870771729776e-01
1.099242897218591253e+00
8.543787071579841408e-01
9.830345475192986404e-01
1.129451797388947742e+00
1.103703625598132065e+00
9.967360832621074973e-01
1.074555848993297369e+00
1.087977318720739550e+00
1.073734809563981596e+00
8.591576155753832822e-01
9.984385368429483654e-01
1.007901862977919283e+00
9.560003733870616749e-01
1.142600301340388924e+00
5.571293222012919655e-01
7.694273021735091866e-01
1.147495173368593635e+00
1.054970514365374479e+00
6.803653926370267779e-01
1.148797542202767197e+00
1.064104211587537208e+00
8.726558924819037832e-01
1.011965264646154106e+00
1.052491203440539369e+00
9.726744673401264141e-01
1.082342038212703361e+00
1.069552585008406886e+00
7.193356364250940160e-01
1.052923483862222120e+00
9.259402840340659191e-01
5.798780181293597957e-01
6.627500735278765154e-01
9.728814760701947062e-01
1.086877470019809389e+00
8.811434371556721157e-01
9.454862411199136396e-01
9.251288912436519407e-01
1.006573192420887386e+00
8.640561231636144646e-01
9.048540169244292386e-01
6.738312303712892248e-01
1.098814804200657802e+00
1.059656622039586882e+00
1.094372383454258468e+00
1.091611250717541726e+00
1.032876092628389531e+00
1.019219610941415777e+00
7.467686367923589419e-01
4.975809972292960515e-01
9.105718175876886811e-01
6.379423264942640781e-01
1.134380103549488483e+00
8.958568964654142208e-01
1.023286605155923290e+00
1.063439095973347959e+00
1.048004082494540468e+00
1.030946815953598605e+00
1.112856220782332706e+00
8.789818720821482856e-01
9.510403435135130756e-01
8.381355708923323711e-01
6.653029501969633941e-01
1.071566120739789518e+00
1.017853710774009546e+00
1.123457061478696728e+00
1.100262443938282875e+00
1.088513642758914823e+00
9.106943110376590766e-01
8.641569198304739352e-01
4.712017668670804293e-01
1.141770084083642667e+00
1.148963882929764813e+00
1.154127407129774019e+00
9.573062889342582871e-01
8.851885418757073909e-01
9.462807085600779544e-01
9.999643251137925182e-01
1.105616301132959389e+00
6.253324364489931675e-01
5.951430657496437071e-01
9.199679689805910776e-01
1.068125871566735219e+00
1.147280539275896016e+00
1.151089500818522016e+00
1.059031604590027653e+00
7.839620835196069448e-01
7.334326144443745754e-01
1.117469334415578164e+00
6.457117591674856882e-01
1.153726369929379825e+00
7.817291289827115186e-01
5.477038303270000963e-01
1.140660998149555017e+00
9.863340603210036805e-01
1.039912366305013380e+00
5.688799931054994152e-01
1.125534716778358257e+00
1.116249299252929816e+00
8.881716141827638022e-01
6.414922921756478491e-01
8.511418320613671762e-01
9.107691452758696071e-01
1.100111977769310467e+00
5.729559124823982996e-01
8.845964373051655727e-01
7.801772210332583724e-01
7.272761922050963168e-01
9.703091366736918966e-01
9.924414145146008837e-01
9.411092618228081852e-01
8.484610389111408857e-01
8.204356199193351129e-01
1.056721193645979495e+00
1.062289801338942796e+00
7.618893856549924237e-01
1.034984216997744122e+00
6.906275001556695381e-01
8.850470086050198359e-01
8.995077087215571643e-01
9.279738397538709327e-01
7.532372617650593405e-01
1.066472191084373522e+00
9.062057479404709293e-01
7.929143243000391639e-01
8.586327373193309853e-01
6.857470781920721459e-01
1.133464763178109402e+00
5.539070415322439045e-01
6.454677743328305350e-01
6.568962302267106201e-01
1.117185606008439080e+00
8.872686364586955809e-01
1.108546774073798646e+00
6.652689898156851633e-01
1.010106363912456340e+00
1.131648160318904361e+00
8.886955796277564712e-01
7.874621747407224426e-01
1.019623658074511496e+00
5.767432791971455197e-01
9.135186045204437555e-01
4.728325547886432223e-01
8.624416249924409250e-01
1.085605324207514988e+00
8.781257367352732768e-01
1.114591271993729205e+00
6.761073631405446482e-01
8.919628370429352193e-01
7.170533354221382272e-01
1.105252806665624421e+00
8.548008061574525751e-01
1.104362248699180427e+00
8.513718494014277383e-01
8.005067104277697743e-01
1.106964479224921361e+00
8.947074647374398948e-01
1.093730756710577623e+00
1.007282252164375391e+00
1.127064123054870581e+00
8.980029289774053014e-01
4.938779336133529707e-01
1.075567329910392056e+00
1.107581727926325144e+00
7.523081248837135693e-01
9.367931187513154345e-01
1.153924154294019955e+00
9.170345450760047923e-01
8.843084894035007082e-01
5.166808106413705026e-01
9.213102098701336784e-01
7.845975012710635355e-01
6.100090003792471016e-01
8.380085333561996253e-01
6.228383743009291429e-01
8.288626851044106347e-01
1.065192063817254287e+00
8.682644398223314797e-01
1.133901171132474683e+00
1.007332446042601637e+00
8.962478381772066571e-01
1.064143517972918174e+00
1.137553051355376432e+00
1.142602527504659848e+00
1.111609704052259229e+00
1.144194354321136142e+00
9.855873320933542514e-01
8.655134853976489406e-01
7.434133386219506923e-01
1.037738627750979248e+00
1.083048814303267049e+00
9.049737147851394381e-01
1.110018368994935889e+00
1.139722736621203492e+00
7.548957940051658211e-01
7.515174157870820881e-01
1.074986199924637953e+00
7.907622180972914139e-01
9.286905106457007397e-01
8.829818311523404128e-01
9.462325256868987511e-01
8.295362530884786700e-01
6.788416457625349176e-01
8.185104356765255940e-01
1.076413282751839784e+00
1.010753825282248108e+00
4.672189561977136973e-01
9.357265719390045478e-01
6.382598679405568909e-01
1.114618918010981563e+00
6.185596704725749850e-01
6.463884247344263700e-01
1.122724205463725422e+00
5.124780807890382262e-01
1.073547678249819004e+00
5.831377506234729502e-01
1.097837760350629521e+00
7.704092578643436662e-01
9.340256564319610044e-01
7.205470423597435392e-01
8.511831900173365550e-01
1.015956640396862731e+00
5.431303724558010915e-01
1.077010412338651246e+00
5.472022024759906067e-01
1.126426170500784307e+00
1.082319125444791919e+00
1.140819738154997598e+00
8.811058135772587008e-01
1.116602330321948999e+00
1.009851517952425448e+00
1.011457069831420474e+00
4.674490598840415068e-01
7.474211582284112643e-01
1.149487895931749826e+00
8.885958036692184203e-01
6.174607068276349864e-01
5.905405797370689713e-01
6.270216966795939539e-01
1.077761719151159703e+00
9.035624138221545198e-01
5.902337990723522942e-01
9.217079353745570858e-01
1.154141243009483508e+00
1.083518864184771724e+00
9.465277423250441080e-01
7.713347616368119164e-01
1.003242017364822880e+00
9.075417441980497824e-01
6.484723538261645270e-01
1.024762698785143922e+00
8.582263573195856310e-01
8.151841835382362955e-01
7.530464005629559088e-01
1.005375659058326709e+00
7.305284630735128237e-01
4.942667041595339983e-01
8.270950194367623354e-01
9.612857215086688667e-01
7.167361545571074855e-01
1.139285411583640384e+00
1.140165989346547004e+00
9.332204838854916140e-01
1.060954907527134283e+00
4.690973978060963279e-01
7.486708336499523497e-01
1.145457706846159551e+00
6.050086305506525708e-01
1.100936120471240898e+00
5.496619681990591033e-01
1.109445720041180250e+00
1.100096913014921407e+00
1.130845163440946877e+00
6.560522245491166027e-01
7.987167600749118801e-01
9.873355882052526900e-01
1.030838822212141404e+00
6.955902586580455793e-01
9.172417712379494770e-01
1.144754630149969143e+00
4.512848321728323842e-01
1.155028058554519843e+00
9.741197387255815521e-01
9.322097366919981365e-01
6.064699784397566962e-01
1.041760747785943408e+00
8.049729052872963697e-01
9.612176685424050904e-01
1.097146248416994041e+00
5.802798683779757383e-01
7.465131541047480557e-01
4.611195003345436305e-01
5.030134688868735937e-01
1.141837246395990491e+00
9.222631172115990372e-01
9.496730903500395504e-01
9.745925936730427397e-01
5.241017088925452594e-01
9.468344265914290236e-01
8.412058150583640037e-01
1.037252740465662404e+00
1.038051327355266951e+00
1.050510457317587187e+00
8.240875520276776944e-01
9.609826632209608199e-01
1.113315705464439809e+00
7.275475111928277894e-01
9.469398881037475180e-01
1.136476738066523717e+00
8.402489591888800957e-01
5.953036312404049735e-01
1.110208770120905131e+00
7.771205306684197955e-01
7.376437121216149473e-01
1.069012794196110061e+00
1.055186728799468732e+00
7.835563454305034536e-01
1.150283063101756653e+00
1.143034575579333412e+00
5.732979894230837425e-01
1.151934936314776392e+00
5.523309132848096548e-01
1.021379793876537434e+00
1.032216337489538560e+00
6.980423970914747533e-01
6.929597370522893041e-01
1.148734760914379871e+00
1.044557390090117277e+00
1.044433967788810369e+00
6.036844036125502688e-01
9.424587353797915235e-01
1.109593529734777206e+00
1.141654664349769366e+00
9.986620744191455623e-01
5.270604490056561842e-01
7.198755911674441510e-01
8.304567881361809567e-01
8.768157319281248974e-01
8.042575584084267204e-01
1.108498972777574032e+00
1.035233905982760882e+00
1.034206570490922017e+00
1.064010892513584272e+00
9.306688554374402678e-01
7.274225561421058250e-01
9.445430258100571130e-01
9.526268162257454097e-01
9.001364035431091981e-01
8.948474744656956803e-01
9.898691399315023842e-01
1.127550813194361012e+00
1.061519624174515508e+00
1.071208092473915352e+00
1.021719432532222971e+00
6.692669232462821194e-01
1.059889006244254528e+00
1.156027584392232965e+00
6.411954206895699171e-01
1.005523511573409357e+00
8.230104859669687967e-01
1.013961546448988837e+00
9.794785126591910585e-01
9.904902909132030642e-01
1.082892534289190190e+00
6.011439590650108356e-01
1.029485658542270476e+00
7.709618428753702846e-01
9.128902868842900808e-01
1.028560191399214396e+00
1.037635938484763320e+00
9.668075645020219877e-01
1.111464255437169424e+00
8.147089268778192617e-01
6.045835800572190166e-01
9.499006181752281952e-01
6.077300781300817301e-01
6.930855877197257264e-01
6.159274321239621708e-01
7.844267159944610102e-01
7.161886689605176937e-01
9.584266688503773057e-01
1.062379655792467625e+00
1.133564484999960209e+00
1.084799562583651067e+00
1.154684751858462199e+00
5.338058005807065909e-01
1.141026445943674750e+00
7.903141423669586274e-01
1.143021543817554164e+00
9.065262244958984805e-01
9.732250150567693936e-01
1.109416409667822734e+00
5.175018086940053053e-01
9.613904964127769626e-01
7.955046769245425198e-01
9.161208674949239406e-01
1.037626371109446222e+00
1.072535209291853864e+00
6.241366121442945003e-01
1.074145926423923703e+00
1.026163026933165634e+00
1.021076510707055407e+00
1.126095106051051564e+00
8.615017645207524444e-01
9.946910713007854898e-01
1.034154347710917410e+00
1.009763754479659381e+00
7.920770938258095972e-01
1.037955988730752788e+00
9.363168585544378031e-01
7.014286497388343422e-01
1.147094694241290513e+00
6.571721328835581355e-01
1.030116055928178342e+00
5.418239703119409612e-01
6.985445795850215855e-01
9.401683489178204178e-01
9.887174558417832770e-01
8.353741159050674936e-01
8.283777623101287180e-01
8.514367033767066273e-01
1.146522178491342192e+00
8.540349317635839155e-01
1.074148895192573727e+00
9.229056796102601545e-01
9.130751993558362534e-01
1.126118597370143526e+00
1.132610632525364203e+00
6.192600786707251892e-01
1.007757687884380582e+00
1.027353361478947402e+00
1.047369772966153079e+00
7.563822413575560510e-01
8.619339964405817733e-01
9.699936611235544515e-01
1.001200254364995601e+00
7.755751837958479999e-01
9.576001101176089270e-01
1.145045761807574447e+00
7.059762307243588886e-01
9.660226121071570082e-01
1.095162538411330155e+00
9.547675124955612436e-01
1.148702229521421980e+00
7.572210935130939680e-01
9.415081932556214062e-01
7.524615033498265326e-01
9.422830115309143162e-01
1.098567566137004237e+00
1.154073378074697231e+00
1.130631798992442594e+00
1.153095110823994851e+00
8.513642583988896284e-01
8.597952040465579593e-01
1.146464863040358217e+00
7.822395098912565681e-01
6.617667090427321597e-01
1.104648212697183496e+00
6.330452015781389274e-01
7.493390551498647634e-01
8.048036402957998714e-01
1.153945019366902747e+00
9.548176365330848236e-01
1.153734104699983387e+00
1.028615306649202310e+00
1.143574214826760693e+00
1.134209334769206823e+00
7.592824323827014332e-01
6.305722968851158461e-01
1.011233541550261572e+00
1.009078691691206675e+00
1.111918681870877945e+00
9.455771515987985154e-01
1.151759864404585443e+00
6.937006581328281074e-01
1.105436130581505028e+00
1.096626487667088812e+00
9.397500017843120057e-01
9.703057073463222659e-01
8.435234957962824964e-01
1.005486176905309836e+00
7.823440516922985921e-01
1.069182002381643404e+00
1.046847496241959163e+00
1.000464429681676481e+00
7.575856701922103476e-01
9.365507975439489874e-01
9.143254514953208512e-01
7.953799832962284988e-01
1.088167594628538071e+00
1.091652645588770287e+00
6.933247260498537345e-01
1.146751092424477037e+00
1.080285915359925131e+00
1.138177308354672679e+00
4.550919721653421957e-01
1.134947097206995492e+00
1.103582144924287523e+00
1.009675049952545312e+00
8.446095497997366808e-01
4.222329795804711794e-01
1.086283477092941485e+00
6.272983744634285097e-01
8.425562456943040957e-01
1.078112614078520659e+00
1.128466616518878807e+00
1.101390874682885990e+00
5.378841573524172359e-01
9.367080739771649345e-01
7.315610943025641077e-01
9.063964035251115270e-01
1.128585854670152377e+00
9.585067071591674148e-01
7.187517102389902046e-01
7.774970098962299403e-01
1.140800813876732267e+00
8.971748123923235507e-01
5.690708842848816174e-01
1.006889685185762495e+00
1.148025119636654434e+00
1.113902694774607793e+00
7.510633514313027614e-01
8.320671513078763404e-01
7.579561957286683471e-01
7.279356368335433425e-01
7.782432711935607372e-01
9.679704467417963309e-01
9.520727659529915066e-01
1.061134571101526758e+00
8.473552750543373868e-01
7.217063039142841419e-01
1.104704111222164720e+00
8.290819781651845854e-01
9.035416312104200820e-01
1.067665263063917180e+00
8.110641794038511154e-01
1.140372073213990367e+00
1.138435492485748490e+00
9.880246148248958971e-01
6.587949100910251987e-01
4.771873855579359947e-01
6.539094575678517929e-01
7.070603740386982583e-01
6.900486643867683734e-01
9.919407813369428562e-01
1.043321592095870942e+00
5.683982153405854332e-01
1.055128516702239061e+00
1.092813293639502081e+00
5.187011227949477332e-01
1.079881955115768122e+00
1.147123535074751954e+00
1.015496979879499273e+00
7.698607723430170857e-01
1.081439907054196681e+00
9.698562708111747588e-01
1.152225853918474874e+00
9.308693670711596369e-01
1.144465737738464828e+00
1.114499995276975852e+00
1.114163856744226910e+00
9.262144345239662346e-01
9.356013055808484191e-01
7.480743413338879488e-01
1.042049828086265562e+00
8.935150040580198683e-01
1.027021904194718172e+00
9.117482858298584514e-01
1.012885421222916138e+00
1.019681949196996396e+00
9.923098490571253816e-01
5.268229418492180738e-01
9.543274393831949753e-01
9.377839022146582382e-01
1.125677481853824435e+00
9.446719900620174082e-01
1.111134045970596951e+00
1.093863581405111862e+00
5.916493609428529199e-01
1.041178068802715462e+00
8.835526607634672791e-01
8.014910448383424368e-01
9.878583574243684495e-01
9.950611108913905989e-01
9.336291558204419250e-01
8.997285338035083679e-01
1.156806973151765172e+00
7.192106143909231530e-01
1.082132241402306017e+00
1.111931629828052159e+00
8.674201156065111107e-01
9.784755473828005146e-01
7.697328374796766903e-01
6.891865232587570667e-01
1.086535472546902303e+00
9.697775571274271922e-01
7.863113374777638276e-01
1.010941329517941023e+00
1.073599439013940726e+00
5.971938181997861195e-01
7.084346171155738725e-01
6.455621015048440547e-01
1.056205714150620478e+00
9.414489804726725586e-01
1.103408919870202842e+00
1.014359251031316855e+00
1.073789904866176759e+00
1.044696571879528690e+00
1.053850345097170793e+00
1.091952233317434295e+00
8.400288058214804288e-01
1.147840608098483317e+00
1.036196264517436738e+00
7.199722687111709263e-01
6.440228446846827381e-01
8.536782691303950177e-01
1.126956017676616018e+00
9.811170542676673767e-01
1.055886519933177503e+00
6.729306918525381764e-01
7.484522581440082867e-01
9.502227182510254444e-01
8.016647579490541187e-01
4.861884820259588791e-01
1.049197067428056851e+00
9.968727309720677443e-01
1.061572566066252055e+00
9.168264636108388599e-01
9.419432944888407322e-01
9.754569667707179148e-01
1.131763413118172856e+00
1.118676273142590327e+00
7.892306074857583509e-01
8.804515500373417680e-01
1.075330691148673523e+00
6.259117264728669694e-01
9.856835558600558489e-01
7.808535046902082000e-01
6.688477216789677771e-01
1.140061127733634994e+00
1.089391333653169758e+00
5.034981366656087198e-01
1.072613943695119199e+00
9.790919860439004641e-01
6.844178921734936916e-01
1.050359470556798236e+00
8.806569589800373743e-01
8.948915273793512926e-01
6.255653424570208898e-01
1.061576707765429672e+00
1.095858143547093322e+00
7.907935963535036583e-01
1.122016270120698156e+00
9.934320534513093603e-01
9.219956612695162645e-01
9.576193240110926208e-01
8.134691766105580646e-01
9.867932424839697125e-01
1.107314106968138478e+00
9.303204222350510699e-01
8.878753658852973629e-01
8.423859480240782904e-01
8.975399570361575208e-01
9.714251982458982360e-01
1.020515117967804253e+00
1.010825942912293440e+00
1.009208535198072410e+00
1.148324794130551219e+00
9.390706228216213480e-01
1.148604991059232860e+00
6.105144311221281095e-01
1.054182119207931256e+00
1.124963008552336996e+00
1.064301687543735886e+00
1.063829725700811801e+00
1.083387797656764961e+00
5.577690379735584791e-01
1.137121919738949938e+00
9.942251533145112230e-01
1.033873091947399736e+00
9.313327570037984726e-01
9.895817581481681779e-01
6.608539110158818675e-01
1.098046894945063912e+00
8.511702465920383265e-01
6.273931328392899909e-01
1.070468898006648351e+00
1.021794203677016899e+00
8.209967815380855294e-01
9.911674114124665591e-01
1.064404814098869112e+00
7.804586105892661330e-01
8.044285963381987425e-01
4.808158147109625191e-01
8.319595738345000324e-01
1.094817492888192634e+00
6.161301711071918152e-01
1.038955331887250422e+00
7.990468965162120796e-01
5.477587558094921816e-01
9.054094623713384582e-01
9.274135751890658641e-01
1.118667677355696499e+00
1.117095400665484517e+00
1.015873273298971924e+00
1.096744706265949887e+00
9.307395942528025046e-01
1.100506499697919693e+00
6.939460746876086050e-01
8.818091152890050743e-01
8.875241946106898761e-01
1.095932805342625160e+00
8.642278868622407240e-01
9.059797043243201786e-01
6.315421032425758696e-01
9.551497379797919685e-01
8.726406052547326375e-01
9.753995334731823119e-01
6.647754781870496288e-01
9.432335652494392431e-01
1.025092428464034588e+00
9.279228143400651829e-01
5.452774584418466075e-01
9.697698143474142718e-01
1.141863665109238868e+00
7.942838130822801324e-01
5.847788799796989068e-01
9.077645914337928446e-01
9.188700617359936151e-01
7.101230202478262532e-01
8.978203017105819139e-01
1.111581004614595969e+00
5.050917748378057626e-01
7.345437350482605376e-01
1.047019940748928901e+00
1.134939769570163293e+00
1.125555380492205160e+00
1.121724688727027130e+00
9.213806408337423814e-01
9.136897150590610472e-01
1.143237043021494426e+00
9.296068378084517692e-01
1.020529525742144061e+00
9.916031651945402814e-01
9.000163812752398629e-01
7.582578511953310674e-01
1.099528143011359926e+00
9.576217147527500417e-01
7.320103173434958643e-01
1.038789828898077472e+00
1.102735695360770984e+00
1.123030131303767609e+00
7.524322112748649261e-01
6.555671485657187381e-01
1.135256277938459846e+00
1.029812815995196695e+00
1.037184114604047691e+00
8.604299390082374988e-01
1.122912858415124004e+00
9.178716690703878633e-01
1.153672661815220657e+00
4.752569756308628879e-01
8.710414628075413557e-01
1.007127858024103428e+00
1.132264433414002847e+00
1.009739272818605427e+00
7.160969645641862558e-01
1.025548597827709685e+00
9.879783961607013776e-01
1.124671587778956816e+00
6.260494348179345137e-01
9.618424211458794781e-01
6.241380641517945138e-01
1.090176043910875636e+00
1.155557455725646054e+00
1.142856502185988887e+00
7.687179808176107798e-01
6.751882495711496457e-01
8.173642649711858610e-01
9.568328585569190192e-01
7.528125278284404365e-01
7.513456573284288398e-01
1.153795050257323318e+00
5.887533101566967408e-01
1.014045517577281563e+00
1.155865519926705831e+00
4.836154902078905193e-01
9.049241287757959773e-01
8.834280616701190025e-01
5.583900296845342170e-01
9.926169519469910663e-01
9.277235234437526401e-01
7.028091135205216666e-01
8.402395736516024005e-01
4.624797085487922788e-01
9.917798182758185144e-01
1.133969756911504589e+00
1.149755644909221663e+00
1.042391475888362340e+00
9.355375390022675486e-01
8.352008441726868071e-01
1.006343693488208180e+00
1.123554357926115799e+00
1.139763297157616595e+00
1.107319917781208085e+00
6.062259912834838671e-01
7.988212760288766479e-01
1.080793501880694896e+00
9.208909200433360587e-01
8.022596338805537686e-01
7.593949066490609523e-01
6.524425429198336124e-01
7.891401159815299993e-01
8.078721988946013788e-01
6.603529388591851124e-01
9.983583987458739539e-01
1.019198275313133450e+00
9.961097130277047906e-01
5.673376379884191856e-01
1.107707177732427661e+00
5.403611372744188124e-01
9.265909588755028015e-01
5.236756312431525284e-01
8.555253046998319011e-01
8.203928889788357770e-01
1.149516934421962455e+00
8.117900126738087918e-01
1.068508536621723071e+00
1.045336368338991351e+00
5.572606753513162925e-01
5.794551809259589348e-01
6.699278896581331022e-01
1.135834446232644845e+00
8.702330733133889495e-01
1.055595765039717637e+00
9.051586521997478929e-01
1.146605840037236312e+00
1.153217159255175872e+00
