1.411232222916951828e+00
2.957883393048710730e+00
1.322552496137507916e+00
4.245176930725548026e+00
2.219881239194338995e+00
2.105103414734655232e+00
3.200377612215864254e+00
1.193447222307525424e+00
2.735666859105945647e+00
2.955221907669694836e+00
2.499488624687614902e+00
1.689159714521788924e+00
1.169642306324431669e+00
1.825838704465754914e+00
2.172306762622215448e+00
1.981480097251010930e+00
1.986887422703700334e+00
1.481258600174683471e+00
2.231223867465650823e+00
3.060286891156870581e+00
4.120261873196445102e+00
1.647326504119332347e+00
4.106821420896123342e+00
1.366376704417946453e+00
1.662360254441450857e+00
1.950982050815516455e+00
1.550801605549297024e+00
3.300535251454482566e+00
3.054453089451718562e+00
2.720032268800161468e+00
2.251280134126898425e+00
1.242987823931863911e+00
1.265360488092795110e+00
2.099771708873351184e+00
1.426171267190895042e+00
1.318834270380924156e+00
1.172170025961504880e+00
2.910803114049776763e+00
1.104376515392183844e+00
3.433326710296101147e+00
3.036270977284955652e+00
2.243288639644759108e+00
1.940398074016118635e+00
4.008774356182821741e+00
1.391795414626179062e+00
3.268066282973662862e+00
2.425507438062467269e+00
2.634959095237642046e+00
1.247718621101483238e+00
2.980018425985731856e+00
3.810819834580201793e+00
4.104351493238072912e+00
1.163665989223389596e+00
1.201038818913435113e+00
3.335427875575717405e+00
1.201375886621641520e+00
2.430365664177796869e+00
4.024613999293479516e+00
2.651913847386480505e+00
1.220344190073403778e+00
1.345197513570101089e+00
2.914941290473025415e+00
1.390718494258421423e+00
3.026697433917330038e+00
1.303747522123511970e+00
3.801011929228280906e+00
3.513292512794294442e+00
3.995749798340525238e+00
1.659327388392292990e+00
4.145079780920124968e+00
2.598738596326565453e+00
3.101604135676737872e+00
2.219381721124557227e+00
1.215512640868039007e+00
1.364376153568327643e+00
4.294017977184140911e+00
2.904729665332676181e+00
1.247736222791667959e+00
4.356362860542504656e+00
2.364359691888191506e+00
1.964451095449130325e+00
1.190232244301959730e+00
1.975751375749794647e+00
3.095703852422593272e+00
1.174004916609549642e+00
4.250433281351863712e+00
2.168384160191614285e+00
2.291214528616532409e+00
1.601904662516180133e+00
2.751516495141251628e+00
2.061232733666655381e+00
1.120514656064135250e+00
2.832544128977228848e+00
2.872225489631192286e+00
1.352844049040723862e+00
4.270417922053825421e+00
1.268323739312048559e+00
2.831754655882333438e+00
9.688437670233200905e-01
1.190328473822248823e+00
2.822624067323906250e+00
1.964458055339872500e+00
2.117439500903177230e+00
1.620517446216166890e+00
1.530356725074260460e+00
1.415100315344020254e+00
1.307371326169242565e+00
1.078911414544555303e+00
8.246910715914299583e-01
2.493510514014667834e+00
1.396899180278940333e+00
1.764645458086592233e+00
2.034844324459663678e+00
1.496120304916398913e+00
1.420943156817831232e+00
1.380629801304675386e+00
1.924026244339143599e+00
2.380886115189869479e+00
1.216993186336783994e+00
2.477981136089419500e+00
3.865213164536159596e+00
8.209248882907222988e-01
1.184182752015026985e+00
2.986216553128624440e+00
1.269452136492885685e+00
3.145868090570364650e+00
1.193047282613955318e+00
1.190004309534154592e+00
1.491499501202683708e+00
1.712889644042572712e+00
1.186315891417977220e+00
3.837614687589311568e+00
1.193546123306156614e+00
1.207846382384131223e+00
1.316371548418092896e+00
1.403124163142982495e+00
1.542095560278149868e+00
8.074171814166146710e-01
4.137366244427526318e+00
4.023973885112477333e+00
2.414706515202892145e+00
4.102604186483043591e+00
1.599956305439130588e+00
2.546359027324762270e+00
3.835682866261502344e+00
2.629966693222408836e+00
4.037465897582219299e+00
8.925357207495528966e-01
2.761000497632451811e+00
3.970991979401703009e+00
1.954666355365964003e+00
1.507451717385833723e+00
2.023628415886041143e+00
2.975607073038937678e+00
1.256572999869389085e+00
1.141543369337544744e+00
1.194998600873443451e+00
2.134023670223229807e+00
9.083808895740830280e-01
1.256611985641057805e+00
2.885267076563251543e+00
1.704939654515733816e+00
2.753784340757578164e+00
3.411066136704026253e+00
3.262894606402495068e+00
1.557356327863038459e+00
1.696301590382899960e+00
1.759947341487275052e+00
1.302354497885312989e+00
1.666964205906973584e+00
3.613262511840430680e+00
1.361431436592881461e+00
1.191422853110909896e+00
2.574214220792494956e+00
4.317786362672129563e+00
4.008159814492551654e+00
1.285655025047550248e+00
1.299448921549674507e+00
3.398553324180966229e+00
1.414798928252064547e+00
3.366635686625998769e+00
1.317536210207453262e+00
1.475661838232104950e+00
2.465053678569612661e+00
1.810495186711154281e+00
4.288390022590419015e+00
1.647582849979700503e+00
1.753367205216025848e+00
3.987082228107921900e+00
4.346606734125950666e+00
2.270673530405934226e+00
2.584541847717806817e+00
3.285678253511605362e+00
1.220553322569696508e+00
3.010557329980993124e+00
3.900708014212352470e+00
1.267281486150308778e+00
1.274737569670253867e+00
2.900672311273639004e+00
1.750647767852220316e+00
1.536975695045918355e+00
1.651338155383883288e+00
1.551145990792933693e+00
1.223492081451401425e+00
1.488564259851283822e+00
1.481601675405071372e+00
2.954629089529421382e+00
3.293726303143646117e+00
3.494450081398758456e+00
1.366984697608722321e+00
1.278171122718238628e+00
3.772083747361878014e+00
8.041477094249915858e-01
1.393674011711402816e+00
3.970259885706476588e+00
1.991497272527512852e+00
3.195181438967712673e+00
3.532222332534811216e+00
1.628458613151001266e+00
3.697476726534859370e+00
3.759199157717702189e+00
2.713480200700137956e+00
1.227170005234522909e+00
1.239233832378845879e+00
1.721811758956554028e+00
1.488974333285693286e+00
2.071233510789516785e+00
3.280056374307597000e+00
2.341246023743399629e+00
1.443347989362090411e+00
1.124031136087809246e+00
1.197925087732074845e+00
1.772921076861150746e+00
3.558035746544059297e+00
2.107236247300765086e+00
3.956100906488371205e+00
2.323741366323031077e+00
1.380010816558617792e+00
3.785456667893652316e+00
2.778994740182567202e+00
2.059553807617690246e+00
1.222484603607093545e+00
2.216894899641489669e+00
1.039607638991429273e+00
9.238471130041904233e-01
4.097610582047855665e+00
1.988049374454047946e+00
2.545238048788928786e+00
3.873079947070712681e+00
2.680619953730099869e+00
1.238640411908547456e+00
2.541944582121019369e+00
3.446653041435765452e+00
1.192076135547882831e+00
1.748982898835113042e+00
2.194970817258030227e+00
1.905016133917118992e+00
4.222525922184929392e+00
3.474112516399203265e+00
1.599619300358254836e+00
3.511730026735000898e+00
2.276200612649235566e+00
1.425800618740693082e+00
2.961173006033101185e+00
2.495912380535604047e+00
1.377536567291288483e+00
1.662304204483936010e+00
3.317217515188010335e+00
1.204868588261620133e+00
1.223926427699743691e+00
1.204878869329389035e+00
1.553458250523160000e+00
1.186978578121235195e+00
1.198288471081667472e+00
1.276017612299711335e+00
1.345382320765814654e+00
2.283089588156298699e+00
1.698391605404512283e+00
1.220447111103917903e+00
1.847325327513396509e+00
1.050766787577720018e+00
2.073622630401946498e+00
4.172527323841399571e+00
1.762879790678871128e+00
3.006202340833888709e+00
4.284308695258167710e+00
1.159940493229574709e+00
1.824864486416732046e+00
1.313417569443453781e+00
4.061606462984879151e+00
2.474949095517882114e+00
3.541075435997400600e+00
1.977522436395362515e+00
1.151901677666682167e+00
1.666655908152721688e+00
2.575954559555979628e+00
1.953501377759141455e+00
3.547461218443800135e+00
1.986166885313962016e+00
1.070310286844200709e+00
2.659784977929497085e+00
2.920553472989922295e+00
1.552777045839743408e+00
4.691801989087044378e-01
3.109267325670937776e+00
1.228309718889987634e+00
1.365489168057838709e+00
2.126709312406726227e+00
2.046263485590871678e+00
1.801221105930350008e+00
1.307410186864977231e+00
1.819826281415732439e+00
1.656032361744548931e+00
2.644153055963075261e+00
2.576902430894120410e+00
1.246914324324641665e+00
1.204472879435644517e+00
1.818293550699280559e+00
3.827750337667331415e+00
2.989137463828547059e+00
3.377497237699692789e+00
3.221102638021627662e+00
1.864827355540596088e+00
3.430376170593297580e+00
3.026834575984620468e+00
1.068975748018887062e+00
1.115177552815099782e+00
4.311336409081095056e+00
3.292960305815507915e+00
1.260734170070052507e+00
1.301260343284995624e+00
1.196774436602939140e+00
1.030118567505938110e+00
3.460862242604131112e+00
2.077975169491488749e+00
3.347696594677076476e+00
1.483428026486636853e+00
4.297501534888661379e-01
1.012941065688177655e+00
2.259333785936184835e+00
3.996883768413600269e+00
2.400820060119752242e+00
1.186181697816462988e+00
2.353817181324418861e+00
2.632062225686566670e+00
2.317484373264352193e+00
2.661420178181741480e+00
1.988016049797706408e+00
1.427094304550341697e+00
5.932855516466818413e-01
1.705371214238571964e+00
2.669612558141819747e+00
1.581919320926515660e+00
3.303142495273843515e+00
1.334710201646957861e+00
1.242275326422073611e+00
1.539601465104768918e+00
4.146773206908717313e+00
1.731131814191186447e+00
2.789858925974248560e+00
1.412368498682593509e+00
2.165476476971897490e+00
2.122476461807119907e+00
1.880753527027307692e+00
1.388490970630269938e+00
3.525143807264547124e+00
1.110385558971489273e+00
2.044742414595649205e+00
3.028118930529469566e+00
1.184306272753523182e+00
1.190314550782415326e+00
3.876743612091253954e+00
4.226633781058977135e+00
1.903304771295850184e+00
2.053596606844781736e+00
7.891853648162310275e-01
1.660001410979704772e+00
1.009896451234338688e+00
3.431695060970756384e+00
3.227856443804725473e+00
4.383807426502038140e+00
3.576439539635167364e+00
1.370537741763604656e+00
1.848449796984983573e+00
2.833156320616066370e+00
3.585881372894188068e+00
3.081027694497932234e+00
4.330796392303418507e+00
2.114270640558444825e+00
3.956043198168308628e+00
7.627224677672387321e-01
1.657038741424316619e+00
1.197038025890647672e+00
3.489517353163401392e+00
1.494386225065240215e+00
3.518297998113156577e+00
1.791240027921994438e+00
2.230114959016325393e+00
1.763665961771545998e+00
4.205625457210840246e+00
1.380005901771567345e+00
2.395748179452753313e+00
7.003529777705287396e-01
1.454722645900983435e+00
1.313218336455070023e+00
3.992961500165411071e+00
1.651933634257978456e+00
2.691407438693011134e+00
1.639085644294619559e+00
2.001274438626704733e+00
3.658540853596191855e+00
3.783885083081846457e+00
2.243112573585709146e+00
1.535737882598983806e+00
1.453130376266774215e+00
2.232317254659486050e+00
2.274192958972080625e+00
2.265568773182443429e+00
1.780093868897758336e+00
1.307131676038116419e+00
4.060248868109415099e+00
2.848992068099176933e+00
3.178359562092894830e+00
1.555264206540487582e+00
2.188775505087673157e+00
3.507684024979130566e+00
9.401838694676759589e-01
2.541991950185266802e+00
3.320631988940199175e+00
2.506971481600685614e+00
2.900622631860493517e+00
1.291805240971424684e+00
1.599761079374495409e+00
1.099378808858182177e+00
2.096405887630598208e+00
1.143763615951349344e+00
1.724577495000201299e+00
2.332034297914657550e+00
2.672188437509790404e+00
2.077982565930881265e+00
1.904304048076037148e+00
1.335199837408675982e+00
1.218435083582840806e+00
3.353436794568194657e+00
1.205962448135941223e+00
4.225505813502798524e+00
2.769468090950570893e+00
3.091452625833369883e+00
1.376470393831720207e+00
2.817490240923926414e+00
3.303572399513730939e+00
1.894108478175640098e+00
2.633641496844856711e+00
1.334564591188351024e+00
2.609285668116025469e+00
1.190349245915939935e+00
2.692310808519590815e+00
1.510490563089770477e+00
4.196238289614593775e+00
1.191901907392402649e+00
1.872806792859879277e+00
1.287990702377498353e+00
2.138806126131942875e+00
4.167290279705399669e+00
1.198446804277200517e+00
2.233779871136612805e+00
2.965669247162563416e+00
2.787667019247336953e+00
1.173759700375257120e+00
3.961165941116189249e+00
4.243336737429539873e+00
4.357282126941997902e+00
3.444023623821511393e+00
1.213713464511052331e+00
1.415870850310158469e+00
1.653142661237516631e+00
1.066575908432870312e+00
4.041385030612564044e+00
3.682062261529007063e+00
2.652057052242945190e+00
3.701209614501048684e+00
1.405952328630626136e+00
1.441587090707100671e+00
2.253181984219617018e+00
3.977813087854163765e+00
1.320057600714385382e+00
3.264713833749713245e+00
3.324677925133250778e+00
1.335564741952785184e+00
2.594497645717703360e+00
1.356608596459194738e+00
1.481590224210991957e+00
3.413336382078682174e+00
1.855183789032940123e+00
3.002989337708947382e+00
3.950452762487771885e+00
1.526833316926851314e+00
2.003441649170642158e+00
1.364077317956529978e+00
3.817149619063997523e+00
1.547735153870258173e+00
3.331207844386737005e+00
3.847360639470034371e+00
4.330203155114943137e+00
2.584348588785810641e+00
1.813996741940297808e+00
1.765766887494672810e+00
2.160893381395024182e+00
3.084645477017306625e+00
1.221369108262822190e+00
1.211783100095530141e+00
1.165622964847643273e+00
2.363005043427412133e+00
1.370539181523155348e+00
1.934847353362610267e+00
3.284695366485149925e+00
1.847016336592101293e+00
3.369391468134730783e+00
1.942300808175202675e+00
1.592334723954409448e+00
8.206057314216931298e-01
5.645276317702492275e-01
3.050603699160483906e+00
1.299495368019740749e+00
9.275069840005664146e-01
1.487426232127658343e+00
1.864319557593700383e+00
8.595381264187252901e-01
2.973564680682477146e+00
1.408334953716212201e+00
1.440720668998100695e+00
1.264568510285009495e+00
3.820853522105969180e+00
3.049513850631246026e+00
1.206562606456246467e+00
1.347386099031254281e+00
4.095686266435236256e+00
4.191896457850770474e+00
3.689800489430544506e+00
3.346513848638636990e+00
1.900272874916702603e+00
1.237724150645080679e+00
1.225576256441871292e+00
8.424500696440599956e-01
2.470350919514650023e+00
1.406521085120977510e+00
2.121979718842421647e+00
1.981763329648306371e+00
2.449656418955622694e+00
1.413579145442663831e+00
2.951858079797971879e+00
4.129919252606596203e+00
1.659748689430056823e+00
1.612046132676761001e+00
3.443931335761014179e+00
1.773146934776883565e+00
1.241587644631011900e+00
1.318395534570341088e+00
3.222442131044140901e+00
8.264814681581925671e-01
2.933750434877552493e+00
1.170563004290550380e+00
2.824275004577433634e+00
2.692190672660075279e+00
3.667672635866528363e+00
4.025217951252741067e+00
1.438553458528926798e+00
3.330216439688364005e+00
3.158186550551238980e+00
1.577224531503461646e+00
3.073037018555024424e+00
1.177014252428402408e+00
3.934432963225145130e+00
1.129432638022757285e+00
1.147366484343821380e+00
1.113544462585450479e+00
3.662859112545445051e+00
2.957988916620253317e+00
1.379291818484546628e+00
1.202308171998921260e+00
2.482484480182430175e+00
4.081517060280368092e+00
4.030969236792549815e+00
2.011939093298529713e+00
3.100558150164728133e+00
4.195089967007863407e+00
4.168613543916957376e+00
1.529527458209790858e+00
3.817169977679033543e+00
1.236334550880029637e+00
1.180997516985984985e+00
2.635535373002473758e+00
1.264838167907757382e+00
1.924826641902896540e+00
1.618088485582778624e+00
2.632423309556551683e+00
1.550435493583562252e+00
3.279757088190463410e+00
1.656453217730939897e+00
4.268753577994454318e+00
1.833217734204218852e+00
1.507777457807522037e+00
4.601020421400197069e-01
2.364036541478392817e+00
1.178280631171751303e+00
2.767813201222828479e+00
1.191635570234516717e+00
1.528937183666920552e+00
1.877016257156842727e+00
1.698239505292416851e+00
1.392497587804011783e+00
1.351827115706876192e+00
3.385976416932898303e+00
1.947765812670650076e+00
1.120399981167419678e+00
1.601119957961599116e+00
1.004723092852785715e+00
2.737281456494140119e+00
1.998593782576172595e+00
3.685802526614178287e+00
3.536850227700606641e+00
1.679202894675028812e+00
1.865239892232612551e+00
3.648229734053765050e+00
1.738916094922395850e+00
1.414823136443507989e+00
1.508101172940874424e+00
1.903855801344921161e+00
2.174694166660232408e+00
2.242394088144526343e+00
1.188711760224973490e+00
2.544686727186164621e+00
1.239953723487313031e+00
3.884113417051742623e+00
2.008183164669243848e+00
3.547004547524010398e+00
3.505340836443020525e+00
9.767976177445985009e-01
2.905657692713540019e+00
2.065198048232018468e+00
2.887113930133155648e+00
1.670158878743282393e+00
3.034582070068060577e+00
1.678131887190104976e+00
1.386641255841187581e+00
2.370160720770155383e+00
1.320938611541041530e+00
2.371174984420133303e+00
3.977998686793702721e+00
1.596851069973469928e+00
2.123069721191688242e+00
3.723079567756127695e+00
3.013439415758744300e+00
1.989484559481460746e+00
6.175462375525424541e-01
1.565192435861411546e+00
2.019981922475122094e+00
3.125946935703272089e+00
2.830778192939474636e+00
1.194124012716179406e+00
2.514248304997253936e+00
5.642390712935094754e-01
2.305590130236138791e+00
1.342660711084660230e+00
1.890584193101789712e+00
2.823837881801520844e+00
1.366651845114174924e+00
1.196911457637581666e+00
1.750625257408665592e+00
3.629869778207469810e+00
1.879313318843417679e+00
1.660169447735175829e+00
1.321860032626245074e+00
1.089298525981503785e+00
3.073688160351535359e+00
1.762895540908529401e+00
1.246000290195555804e+00
2.765617519961429238e+00
2.625365304726533289e+00
2.377243153372297080e+00
1.225171930611880455e+00
4.062944349304776992e+00
1.763742347122972065e+00
4.236345801383635923e+00
2.016902561170975883e+00
1.309560621999154906e+00
2.765877065217520858e+00
3.937019007336461929e+00
1.244817015868355803e+00
1.287065315341529015e+00
1.383639287977539212e+00
1.511901014806932064e+00
1.708091879811769687e+00
5.974369622654462919e-01
1.750321929396217335e+00
1.588230473195017423e+00
3.063613267865121337e+00
3.667126794284568447e+00
1.421265474306794507e+00
1.280576116763940675e+00
1.402182812220167385e+00
4.116603580410699514e+00
1.360501991704736735e+00
1.717610589519907194e+00
1.299564773529493289e+00
1.724398715487481137e+00
3.280545033306073055e+00
1.140889739058957852e+00
1.207977848796405018e+00
1.321137162327093106e+00
3.273028704150677815e+00
1.637142919933006535e+00
2.645811771969657222e+00
1.721767021305482315e+00
1.656085473200927582e+00
3.920855624368990711e+00
1.448309689861833061e+00
9.504752770332736134e-01
3.325068995115855852e+00
1.984997688423142614e+00
2.030892356366619911e+00
1.362549330027545080e+00
1.943243715718373510e+00
1.753984571586465258e+00
1.336715706825015726e+00
1.339391031075557015e+00
3.767004560727842843e+00
2.392217612370940660e+00
1.707522500805341181e+00
1.537611472309157623e+00
4.162427324903637427e+00
4.025922288709547381e+00
1.788439984655911141e+00
1.572640705682334605e+00
1.351669945128349593e+00
2.151836558498805285e+00
1.135209774532750959e+00
1.850564566306422742e+00
9.470613571706691936e-01
4.316267648202770424e+00
2.167439958721368409e+00
3.542854741029559662e+00
1.599363129921564264e+00
1.557116545918223682e+00
1.363720272380348986e+00
3.638461463651295080e+00
2.997056433373467055e+00
3.230207720646371516e+00
1.074293148655853791e+00
1.289409761831878498e+00
3.667344564811282126e+00
1.848763133987601170e+00
1.558550722342484596e+00
3.186583866536994769e+00
2.140731753558415829e+00
1.250102263285084669e+00
1.191310252710765738e+00
2.618801359612093815e+00
3.368071469585044220e+00
1.285158803844115072e+00
1.038454113523800348e+00
3.814815969306437182e+00
1.203293508798634281e+00
1.440443022739204215e+00
1.196099964494618861e+00
2.420846595991966499e+00
1.441289913924257871e+00
2.814455936712040529e+00
1.099335738365517789e+00
1.207980996845764654e+00
2.180041346654025602e+00
1.365458079827964077e+00
3.826963936465950678e+00
3.513408794555203052e+00
4.113217942429824525e+00
3.836642485677755232e+00
1.190326700168686802e+00
1.299514325961461658e+00
1.659068572131055852e+00
1.239093039687264586e+00
1.149976649418940511e+00
2.968259630764058965e+00
1.440187905448294448e+00
2.710708668519056452e+00
1.708381468400592240e+00
2.016336009817838004e+00
1.437578468941732801e+00
1.193148785879960538e+00
1.892782003141594060e+00
1.472106696250196523e+00
2.250222335131686791e+00
1.869685074995643070e+00
1.185521420122660707e+00
1.448447482157954491e+00
4.055465847980807226e+00
2.874097076278599339e+00
3.251782553848911572e+00
1.927800689405654522e+00
2.759284441234503227e+00
4.374148804045054462e+00
1.190294251182898222e+00
1.296371727992635225e+00
4.115657751862848990e+00
2.283214090085155856e+00
2.382316219597953921e+00
1.910113331231745759e+00
3.816592068404903504e+00
3.265426066967432206e+00
1.691287638182868536e+00
3.158235886604033649e+00
1.202770859614190169e+00
2.953506547141556915e+00
1.499072779907630437e+00
3.604013103069353186e+00
2.255178668943873976e+00
1.190382518642044918e+00
1.397277428356480833e+00
1.315208820676475376e+00
1.386340374915428386e+00
1.857605883087607879e+00
3.092570207133695792e+00
1.090160149512107823e+00
3.842384547314679821e+00
4.220192597464847317e+00
1.125443075698600026e+00
1.276073979508212108e+00
2.438140922495648955e+00
1.423946946198991759e+00
4.376848051011205776e+00
2.796757341680268905e+00
9.398032023896663034e-01
1.561279420803360463e+00
1.590201714790027365e+00
3.470158237342762408e+00
1.966461390243890328e+00
2.187062395641937940e+00
1.145145958569234068e+00
4.373312486236850205e+00
3.966111555458637028e+00
2.610388339589479134e+00
2.062382773812374115e+00
1.301970370427777413e+00
1.269080808474034150e+00
1.672064531996266590e+00
1.240393112257992092e+00
3.996026811120246158e+00
2.010465501942055422e+00
4.214814009951413531e+00
4.366738718238885930e+00
3.235199774863260824e+00
3.369254397349570773e+00
3.079533742250537109e+00
2.533951244846824213e+00
3.738435068967923325e+00
2.214499728794471434e+00
5.292527426496153042e-01
2.341712827328926938e+00
2.208734298837223609e+00
9.937582704644158937e-01
4.377205260988602298e+00
1.174623017396859925e+00
3.184420381626635876e+00
1.575649562967361916e+00
1.185362125201702366e+00
1.751146457255829070e+00
2.826982540435727387e+00
2.592138585691259767e+00
2.036840065024937196e+00
3.600980268069252421e+00
3.432717233839489346e+00
2.595283484650156236e+00
3.060240116506218300e+00
3.335579667432848616e+00
2.638990113363013368e+00
2.453224889094974603e+00
4.047593035992510302e+00
1.356522052826975244e+00
1.257646090865206290e+00
1.739786544617067277e+00
1.799462813085932034e+00
3.345893142062663639e+00
1.190685363568412924e+00
3.193060155118829346e+00
3.133863067120810086e+00
1.140709155116518936e+00
1.204855500555691572e+00
3.829733152571383137e+00
1.295598057428585026e+00
4.046192435084852157e+00
2.165981352559754658e+00
2.572320116722271788e+00
2.068820755615125240e+00
1.880578182322392378e+00
1.900919855268611069e+00
3.482939091387192043e+00
1.530427841513601228e+00
1.954881613722921241e+00
1.449745935904424909e+00
1.741440480685066516e+00
1.274054634710830136e+00
1.181700700461590259e+00
1.191670520902188946e+00
3.485130771901244984e+00
1.341338079229160041e+00
1.423366617409346224e+00
2.231951988235180817e+00
3.276782202414608491e+00
1.573270803023595565e+00
3.908450564185569132e+00
8.421469374634227290e-01
2.712951255535480666e+00
1.642314995989644810e+00
2.489230383630442134e+00
3.336206294177475939e+00
1.689830046815162801e+00
3.679009490936387738e+00
1.258844957475937498e+00
1.576998415525439068e+00
4.759663436082053889e-01
3.817438291673392214e+00
1.227499654937023843e+00
2.498659247151331364e+00
1.696753611401105921e+00
1.066602546833481657e+00
1.248183921836925281e+00
1.155127099540930846e+00
8.651620560336440446e-01
1.139639967687509747e+00
1.290049226764537593e+00
1.199555391455765285e+00
3.955763761801577516e+00
1.310728864876913091e+00
1.169307500618376849e+00
1.013384702791894743e+00
1.195279583162856873e+00
1.232850975759261392e+00
1.360413448897151323e+00
1.190308652568247583e+00
1.158769784066986386e+00
7.514333291131256587e-01
2.477247486777982122e+00
1.195811878144420692e+00
1.938220581525015751e+00
2.735342146465633117e+00
4.043916069801291258e+00
1.194807477686146813e+00
3.056061549314434522e+00
1.475766676563426971e+00
3.022684436882157488e+00
8.626945125272797998e-01
2.276386155207339002e+00
4.165881608866010666e+00
1.745197398308775405e+00
1.267833686489945766e+00
1.817477759528488335e+00
3.536454671243487446e+00
4.300372344419517212e+00
1.258108754865268075e+00
2.817810816552852149e+00
2.912446535963547856e+00
2.924976634783573282e+00
5.910435799082432995e-01
1.177526664753461461e+00
2.081457581217665886e+00
4.035954173872969619e+00
1.494160153842350569e+00
4.269792551489310029e+00
2.072607895858924465e+00
1.782764011830074047e+00
1.188134879830475388e+00
2.318871698269931336e+00
3.372248071283091342e+00
3.051697047836419596e+00
1.264990391361531241e+00
1.866960439517300507e+00
2.605163568520761253e+00
3.598685539478231554e+00
1.106538639485902920e+00
3.013764101906576620e+00
3.417981215065716505e+00
1.245454115564599729e+00
1.508318395426441194e+00
1.451698647596034730e+00
1.222069875654292703e+00
3.011403403798589729e+00
1.602716353237784830e+00
1.799960777582864768e+00
3.676325264855742070e+00
1.952623027218537866e+00
2.014774993751217824e+00
3.578659852932726260e+00
1.885781257425585000e+00
1.267934925953090319e+00
1.289858269926644763e+00
1.966458135675651420e+00
1.386780685469890306e+00
2.162318147840559313e+00
2.397674745367158522e+00
2.303890058173842181e+00
1.355885210491561077e+00
