1.711018926351933478e-01
4.104423271701025666e-02
1.646691016766878291e-01
2.010232839011712735e-01
1.900127744181391576e-01
2.182391912087180696e-01
2.001684053825141252e-01
2.244518171924425598e-01
1.582585627840345788e-01
7.266569183540068366e-02
2.209960371224383990e-01
9.157699581283143542e-02
1.044510197372711946e-01
1.720349637719624791e-01
1.455138654228393114e-01
1.661120327926898788e-01
2.123194196973072212e-01
1.633394526027864835e-01
9.501529634745857489e-02
2.251869014824024740e-01
5.953784630492353624e-02
1.255776723075826551e-01
1.660425581219078239e-01
1.524989161881516730e-01
1.830334299587161040e-01
1.592724992102592385e-01
2.065862607813492846e-01
2.232070483284986362e-01
1.362973222351633595e-01
1.973891506792098960e-01
1.338061119979003510e-01
1.624751591091058711e-01
1.623072530038172090e-01
9.571658767654944722e-02
1.165862364011476110e-01
1.921835151845501799e-01
1.385935727640033588e-01
1.837604300370118404e-01
2.004965061398562287e-01
1.883582628464257891e-01
2.075362176690669913e-01
8.827256997046985243e-02
1.236953904690448885e-01
1.631921970105912334e-01
2.261565523862396343e-01
1.367796438694303118e-01
2.195918677185338397e-01
1.763761029397529212e-01
1.664494516816671099e-01
1.437712764322700565e-01
2.172611249304883529e-01
1.254521016248351384e-01
2.136839600189952559e-01
1.131751158354054321e-01
1.666849472955905520e-01
1.697963468913245844e-01
1.875114599875594146e-01
1.933108891388392314e-01
1.627314585421875404e-01
2.059821516101781602e-01
7.735299093510841772e-02
2.128653113765237581e-01
2.186571090618160407e-01
1.797104282732478464e-01
2.071074067662515283e-01
1.053631159452637078e-01
1.281964109921713002e-01
1.379780470558596150e-01
2.131288390686381096e-01
2.211293937308540514e-01
1.559448067450757147e-01
2.060374646590614756e-01
1.736181122549096678e-01
1.146262621575864504e-01
9.410825927525963419e-02
1.909332414199272909e-01
1.984540628380579708e-01
1.090099363512134212e-01
1.369981641139471351e-01
2.182485534970874941e-01
1.008922385013452938e-01
1.817837442943227577e-01
1.199481380799257701e-01
1.802199702828021777e-01
1.175526169074633254e-01
1.129037922727142290e-01
1.584354205724357867e-01
1.949394323735421930e-01
7.625098917074882299e-02
2.113723379523106960e-01
2.127198200693332930e-01
1.764706166199386250e-01
9.995733605222700824e-02
1.107033514850122163e-01
1.799220114197002951e-01
1.220604943707890161e-01
7.675079116433586313e-02
1.143748830210919581e-01
1.528693854843666267e-01
1.914577387880777581e-01
1.942845360099715590e-01
1.691503267134265853e-01
2.164564602424926820e-01
2.216374366131591833e-01
8.628811538873656928e-02
1.772100144428461754e-01
8.807348296625019946e-02
1.486107100758254917e-01
1.908233632885478759e-01
1.795335405071181722e-01
1.709983421534709280e-01
9.319969974802327917e-02
5.824397352371393777e-02
1.751244921712893088e-01
1.673275365454429953e-01
1.144013029982596519e-01
9.430087202846164363e-02
2.138353051925850901e-01
1.998106640784711452e-01
8.980009982609322983e-02
1.870379157868881925e-01
2.271182701305599072e-01
2.073174250479191960e-01
1.431417871897093241e-01
2.117726369155110977e-01
2.117009922054219340e-01
1.437657814476615004e-01
1.977760731571276964e-01
1.844478568142716712e-01
2.120049120714392887e-01
2.020611043661384165e-01
2.269959792919049590e-01
2.152251745755278667e-01
1.053021497785672084e-01
1.385055388165389589e-01
1.393452949828628551e-01
1.752744899708224835e-01
1.929150777430073127e-01
1.020644218335412662e-01
2.157914366060339484e-01
1.872753734870944708e-01
1.421448417145227405e-01
1.557042908490321176e-01
8.376379802009781272e-02
1.610503959472845414e-01
1.134234295894312322e-01
1.410230555488589110e-01
1.194555763741625420e-01
1.649742861327688492e-01
1.978668912183809969e-01
2.032247575717941734e-01
1.614866468322366522e-01
1.470841931283600190e-01
2.272289089454902211e-01
1.068683865355596341e-01
1.030865219728818311e-01
1.760862835640796820e-01
2.015787862618524939e-01
2.025352444119987994e-01
2.196843033940118206e-01
2.211555461775942533e-01
1.780941148385290496e-01
1.155926545766950420e-01
1.781412973796984989e-01
1.585597368239324567e-01
9.045394309373908093e-02
1.849855681449212863e-01
1.694853099954075903e-01
1.430163317774998388e-01
2.207590875004260544e-01
9.210659887282873770e-02
5.873864283319678303e-02
2.250238660105588206e-01
2.118750157548277835e-01
1.263009823557042222e-01
2.080298687494528953e-01
7.524007325708709226e-02
1.123043329760427395e-01
1.614114800371528879e-01
1.947807208502832510e-01
1.026381760619357320e-01
2.007712368862209773e-01
1.385725587818016635e-01
1.240329147864062120e-01
1.630187883910915458e-01
1.032658134827152685e-01
1.481208312117095194e-01
1.845515463928384670e-01
1.170331813956586309e-01
1.492497435751751200e-01
2.115501875019162592e-01
1.990125025983300044e-01
1.834818518014490474e-01
2.039279633270693337e-01
1.696279624142939813e-01
2.064987891182824276e-01
2.213439174436316048e-01
1.856696493011768812e-01
1.917291795591672954e-01
2.264993349908247799e-01
2.058519148874104754e-01
1.519896788961990208e-01
1.731519749508525774e-01
1.892729654727341448e-01
1.798979458738443893e-01
1.089413779805369631e-01
9.867248707335259106e-02
2.193955252175376069e-01
1.794982043302656982e-01
1.288806512438919194e-01
2.057366705925611217e-01
2.260173148625195527e-01
2.227007969914386321e-01
2.233940403716325185e-01
1.881103986532640659e-01
1.898357007419049780e-01
2.068505153869961422e-01
2.174717260205171754e-01
1.576721886251729599e-01
2.027212502001530525e-01
1.962988292230000986e-01
1.598609908224039589e-01
1.575944270692906934e-01
2.024554704831800778e-01
1.468777203214958194e-01
9.498979635366255891e-02
1.190187900711153490e-01
2.187550661832453058e-01
2.162766394443603746e-01
2.080844174359858245e-01
1.729092288301929958e-01
1.934828920681949671e-01
1.639562120033613846e-01
2.032250088050465142e-01
2.113222364493906325e-01
1.353638436220479524e-01
2.150969148726754876e-01
2.207391381653073803e-01
2.270290443189601493e-01
2.161610646725651841e-01
1.359788374501927077e-01
1.486029452825851915e-01
1.584453755239051409e-01
8.460027025310706827e-02
8.765790837189206541e-02
1.572396522146179698e-01
1.809920599280522568e-01
1.791168777990816419e-01
2.182319209838058383e-01
2.044340053598479034e-01
1.306544257328568492e-01
1.775967821229078036e-01
2.053906154478001844e-01
2.088008993774583821e-01
8.389707941512576650e-02
2.192422924500623815e-01
1.622208202274948163e-01
1.321061905016199800e-01
2.254562602537326099e-01
2.128352665642813113e-01
1.609243885417019071e-01
1.581133982289768258e-01
1.774172087948296117e-01
2.260591889146318922e-01
1.829994876836573692e-01
1.514299000504000237e-01
1.803880025979678337e-01
2.134610955735682103e-01
2.064570715280670821e-01
2.143343347894060280e-01
1.006315135023181928e-01
1.040166766264105647e-01
1.947403019472329633e-01
1.526459792553127304e-01
1.908107471343324091e-01
1.828042855831023827e-01
1.356003637619851987e-01
1.933365138352823864e-01
2.043650020949375201e-01
1.196090245962519588e-01
1.227526473629364234e-01
1.212135592635769088e-01
1.856474900706183151e-01
1.847528153184997690e-01
1.354391557787381628e-01
6.040057453959116196e-02
7.812837663866901983e-02
2.197548723412994232e-01
1.315687346611202624e-01
1.804751189053547811e-01
2.093350763478668553e-01
1.873582613559946208e-01
9.368243696756339833e-02
1.738264533632340736e-01
7.398951651477259084e-02
2.076957793815630282e-01
1.136725512846114006e-01
2.048760688185018164e-01
2.189567965956858986e-01
1.542756503540063107e-01
1.623329607254080931e-01
1.733607243346618476e-01
1.093744357057749306e-01
6.032784922101413344e-02
1.146063475678207183e-01
1.528535920293976891e-01
1.474012774158205419e-01
2.112738604045745761e-01
2.097956289593117807e-01
1.150471705897546659e-01
1.472261264066407338e-01
1.434161174641949144e-01
1.637925197568501634e-01
2.252033849477585725e-01
1.704356825340301862e-01
2.172044982304289773e-01
8.723096780987872612e-02
7.985610621258738828e-02
1.519133299668273263e-01
1.506612961326474209e-01
1.551360352607610293e-01
1.752388593789407367e-01
1.565173533256117300e-01
1.775358978863630088e-01
1.518802660909857327e-01
2.135814969436195532e-01
2.098946659175469631e-01
1.712739787298415139e-01
1.025063425219381319e-01
1.956738252088474073e-01
1.905956771626046709e-01
2.229214079292647088e-01
1.694219557443058244e-01
2.152821334243905094e-01
1.728539806657323485e-01
1.949507954712476343e-01
1.249451046934195592e-01
1.385244305154673117e-01
1.080599112315944743e-01
1.227462001852082929e-01
1.185186577311143907e-01
1.915210529165287112e-01
1.122128551754777159e-01
2.145192413648182028e-01
2.117211435870450797e-01
1.217529952352410377e-01
1.118288442044037406e-01
1.040451970891795447e-01
1.489161023821916618e-01
1.410914292944435711e-01
2.075096993391329636e-01
1.284727112611664390e-01
1.450215607933205419e-01
5.028155458872488742e-02
2.158676606054507618e-01
1.495272529969869646e-01
1.784545781537486830e-01
1.460160232885992782e-01
2.225504292621671709e-01
1.221764357015113905e-01
1.894386737069322091e-01
1.526078649264787090e-01
2.217886007021836747e-01
1.958774750346440052e-01
1.997539809267670496e-01
1.840974179533092225e-01
2.081840177040233109e-01
2.160532094311155282e-01
1.464679168407257981e-01
2.003160138917803312e-01
2.239631837384924440e-01
1.498363330891977485e-01
1.997154343671635468e-01
1.425968924684067052e-01
2.058988789600617597e-01
7.783226000757244301e-02
1.306871968179229015e-01
2.109046400399928745e-01
1.599443649460778327e-01
1.348900951229693446e-01
1.158397630829515884e-01
1.848774133396494379e-01
9.071561299697590564e-02
1.816932328442099620e-01
1.691198802133932755e-01
1.232194705533803114e-01
8.086697337605608382e-02
8.424432915038962411e-02
1.975206944345203885e-01
7.447852651884340203e-02
2.150825928550784416e-01
1.225633731765654877e-01
1.221746421918904618e-01
1.137425015672959699e-01
1.183592735121251904e-01
1.373589073166292251e-01
1.072173929674294784e-01
2.092436779766492505e-01
2.188984992931476137e-01
2.170124456553837733e-01
1.169519261030765311e-01
1.251514602609892501e-01
1.759438619978267726e-01
1.195605870822618322e-01
2.056049898949130761e-01
1.691987175256262355e-01
1.198930963500012131e-01
2.098668871750269116e-01
1.790601636918019712e-01
1.598944452408675165e-01
2.002977570366951676e-01
1.358068661132182109e-01
2.059980974089281880e-01
2.148702179857466532e-01
2.088732830412403096e-01
1.380280455299611186e-01
1.274574041941561875e-01
2.164326770968542368e-01
2.175011912491255917e-01
2.039883782410173985e-01
1.352438178307142913e-01
1.514413209131362792e-01
1.426553267921491508e-01
1.405023902250219225e-01
1.860545965974598204e-01
1.169830109010001340e-01
2.116273062161187768e-01
2.012362994266822802e-01
1.992640807031101358e-01
2.237710700313098044e-01
2.000700108893008478e-01
7.957396626948015639e-02
9.873885588567928029e-02
1.887897563243252641e-01
7.976848692285465336e-02
2.122888497108787742e-01
2.138705357776241045e-01
1.938937182216817212e-01
1.660514214962813817e-01
9.346235918823019018e-02
1.866459652851103213e-01
2.061269406410337623e-01
1.014420310986586388e-01
2.147831282234573536e-01
1.504071037731772031e-01
2.052160865946957291e-01
1.322888310112565746e-01
1.912884549795221267e-01
1.370129489159148395e-01
2.162177771177290209e-01
1.207764456429301914e-01
2.274853914230825225e-01
2.155352390459612244e-01
1.931495196799584424e-01
7.751112617511579650e-02
1.715988804972761461e-01
1.654809241593691305e-01
1.479540775101806371e-01
1.873862702742117026e-01
1.534202543973235966e-01
2.140699101814755867e-01
2.092983968723813870e-01
2.055957069713882646e-01
1.468093287125870339e-01
2.110956860961299142e-01
7.077538175427400269e-02
8.363001924358816341e-02
2.255217285640439551e-01
2.248824682954597698e-01
2.270225245006489145e-01
1.541505854449622404e-01
1.901354244798655058e-01
1.843747799512126251e-01
1.643543546825976531e-01
2.158754803954985868e-01
2.230708849203599520e-01
1.597030366097844378e-01
1.925364354952545931e-01
2.261798342688704500e-01
2.216835763599575848e-01
2.085469288624656192e-01
1.686531452401307529e-01
2.162534953456582976e-01
1.070017459666832566e-01
1.334857033781929880e-01
1.655825400338522269e-01
2.229203810310857459e-01
2.066925092257652086e-01
1.625184126551002528e-01
1.232315876081108846e-01
2.277333000045504152e-01
2.074723329763556445e-01
1.855377280590413680e-01
1.900125630457207282e-01
1.217981849863845056e-01
1.869638835598135540e-01
1.281187649733507850e-01
1.995791346192770377e-01
1.628762650759973951e-01
1.790525753460638636e-01
1.452550972480306547e-02
1.367040775657306084e-01
2.274544858290199201e-01
6.167062650021238462e-02
1.463080805007070107e-01
2.251122866441257753e-01
2.261738811855263098e-01
1.542837789939507653e-01
2.098374033583220444e-01
2.188196504463311987e-01
2.223127530337455082e-01
2.173714566690985450e-01
1.172330667653575520e-01
1.965524783237666273e-01
1.369631344064570488e-01
2.241778542050822665e-01
2.226673187632451367e-01
1.187397675167020106e-01
1.669598192458939534e-01
2.206154031621892497e-01
1.596849902294341372e-01
2.167208177144011594e-01
1.920291724862988603e-01
1.444697215203899765e-01
9.991666534348614404e-02
1.843845085793278105e-01
1.568785915596410119e-01
1.223454668158184544e-01
1.785214107034653053e-01
2.228016784835379904e-01
1.019011363409795534e-01
2.160001528878589538e-01
1.195874726408272248e-01
1.317163579060244838e-01
1.345809250872550544e-01
1.331588437042535711e-01
1.159424629248215627e-01
1.445468920618858677e-01
1.202119450388735716e-01
2.209940109988023649e-01
2.093162323776217026e-01
1.675364897712480206e-01
1.934706414520531159e-01
2.147000413527288820e-01
1.818380526141836484e-01
1.581991912330608374e-01
1.968307053683401864e-01
1.765118379467705556e-01
1.974599058569800336e-01
2.121420199674907692e-01
1.677651090665905620e-01
9.040308595352934684e-02
1.098262154878279495e-01
1.801874962702723904e-01
1.726838020925354489e-01
1.282731625176938006e-01
2.257610596219408183e-01
1.981244663869081712e-01
8.066416939501912242e-02
2.070372846696477143e-01
1.413347596047263011e-01
2.255689186568933802e-01
1.881437609852911752e-01
8.605576557626359868e-02
2.197857052084110641e-01
1.917031484070464697e-01
2.101614244682891985e-01
7.827021612260832983e-02
1.688620131288919857e-01
6.558023838075228984e-02
2.031418262815099518e-01
1.878888173312274479e-01
2.100044234996341908e-01
1.660884817129218427e-01
8.618615237722873634e-02
1.825343402899224365e-01
2.271527611924739065e-01
1.327129079518933608e-01
1.972792347533634527e-01
1.927778226224210745e-01
1.909950181852114459e-01
1.416835187337333879e-01
1.258033578061917568e-01
1.664954268402072668e-01
1.569414485310960394e-01
2.224874647648159287e-01
1.868013975782906178e-01
2.085513955132098918e-01
9.610364263197573864e-02
2.066481121744918048e-01
1.484345861970911284e-01
1.250321320686684223e-01
2.048124084108421950e-01
1.934897066630424656e-01
2.162429293950185738e-01
1.585085059552184539e-01
9.491497834059978156e-02
1.923015982920454059e-01
1.661225761834194681e-01
1.368364515552505656e-01
1.935416718656659818e-01
2.227592119626980727e-01
1.434289165321813719e-01
2.116724551334277504e-01
1.701854807678148396e-01
2.095387530125630560e-01
7.506241046869048528e-02
8.129072838681519753e-02
4.634053246376320517e-02
2.217519153027986412e-01
9.473996178637861254e-02
1.011620022601338043e-01
9.627630596605180058e-02
1.096079602163519129e-01
2.247766673299966267e-01
2.133550486348001762e-01
1.662659234047151047e-01
1.764731031792146632e-01
2.117965336160343437e-01
1.832953023361472145e-01
2.077035358186385405e-01
1.591676006611345284e-01
2.064057579907131179e-01
2.028851812454040560e-01
2.066126094597014462e-01
8.542358874930840174e-02
1.815462553254788836e-01
1.283314462065996697e-01
1.323094019256559062e-01
1.245918761162712329e-01
1.323690553898325684e-01
1.773459818204805305e-01
1.630006128728461734e-01
1.758450301425979190e-01
1.231272769023643715e-01
2.124558902183425468e-01
1.425758115751526445e-01
4.909665572515171938e-02
1.911626608331994381e-01
1.731340735839259903e-01
2.009273522313567983e-01
2.066360062020960175e-01
1.035367155610752987e-01
1.840102852934398514e-01
2.085560418546644756e-01
2.201324540184112222e-01
8.984961574590893951e-02
1.960606595399928265e-01
1.824961292255710132e-01
1.338246239906345780e-01
1.213658202425924593e-01
1.367109612962923992e-01
1.507886383796013807e-01
2.135321350382272942e-01
6.950749229288143149e-02
1.605142126546296455e-01
1.924780791954696091e-01
1.348277393273630831e-01
1.376021736840935816e-01
2.196146374363032727e-01
1.105644596202578767e-01
1.936851058434228279e-01
1.493469820763153599e-01
2.260776220855512109e-01
2.218195258438381279e-01
2.145761309478675938e-01
2.222273375894406600e-01
2.017355513290181313e-01
2.157330379316081959e-01
2.129463417021918437e-01
9.891393561807222679e-02
1.561945565443173256e-01
2.196158071350931273e-01
1.320401084446616302e-01
1.543423821809008500e-01
2.069723121303598257e-01
1.925126981826928707e-01
1.276373654447153783e-01
2.094215358135834426e-01
1.623975729378319965e-01
1.479912959955712870e-01
1.681103112460608506e-01
1.286594877696058403e-01
1.578096976715007149e-01
2.108224806382022753e-01
1.217452747596691337e-01
1.959587401881780488e-01
1.559006289874926565e-01
1.872176224347926743e-01
1.919753553127478141e-01
5.885152649421181853e-02
1.841723137302138658e-01
1.007117472371870381e-01
2.146609429642841738e-01
1.714203459030647914e-01
5.389658388850068066e-02
7.363361766522392993e-02
2.263329604684373164e-01
2.004096902573608563e-01
1.702963484989150900e-01
1.873644923247422267e-01
1.630742464001673220e-01
1.973961679557250937e-01
1.534499347280832982e-01
1.472466813453941759e-01
1.935726202429736420e-01
5.148239441580103326e-02
5.952303416378889461e-02
1.613576959934001909e-01
1.137098574268339823e-01
1.886521452557554379e-01
2.073455064791265012e-01
1.210668941580218400e-01
7.608905834085336051e-02
1.054339888228576771e-01
1.689036222457361569e-01
2.181773809675854048e-01
1.840158378632202607e-01
2.272453843289491404e-01
2.046000529364724596e-01
1.461379888941623517e-01
1.285143490408964251e-01
1.837763493331855957e-01
8.532192242737883514e-02
1.703574908130601750e-01
1.758697054602671450e-01
1.886651559620731722e-01
2.255104957168526381e-01
2.043679443399671058e-01
1.843906575626897693e-01
2.266470593487446006e-01
2.094707251399630654e-01
1.658001189857152835e-01
1.934200625378881822e-01
2.089244328452239396e-01
1.589128730201676831e-01
1.954891380668945522e-01
1.855692762285663377e-01
2.168943621162936486e-01
2.023115117245301298e-01
1.988586770500872514e-01
2.127413147729050047e-01
2.115109781109990039e-01
2.089949074365172188e-01
1.077282522771144946e-01
1.905796700049761094e-01
1.333312230900480788e-01
6.593026089809059243e-02
9.699869255858625805e-02
1.849941176293684597e-01
2.028519926340533741e-01
1.901116511264492881e-01
1.775790524248430646e-01
2.181309269553364516e-01
2.270585211640821499e-01
2.188083131142012361e-01
2.211178652401113998e-01
1.211339437080207609e-01
1.753532703503330181e-01
1.701059062735034433e-01
1.619413270530347670e-01
1.360159504450244583e-01
1.628787552537900307e-01
1.902668764687672764e-01
1.815362394607927532e-01
1.951213947876003496e-01
1.722272447785333227e-01
1.227419210020553042e-01
8.994825130569288063e-02
1.441109908099405812e-01
1.562884114130810576e-01
1.325523365220273586e-01
2.166611425690110893e-01
1.399847825232630738e-01
1.786873085190104626e-01
2.267207419872618868e-01
1.717957445769147384e-01
1.505235053276207935e-01
7.482385560885013165e-02
7.718023626851205909e-02
2.119744557004906715e-01
1.131966243011093415e-01
1.855534158900110087e-01
9.138849894160465392e-02
1.432045656701448066e-01
2.121522534314118913e-01
1.553791126010204138e-01
1.584882622068995717e-01
2.020510398959102505e-01
2.159367930184065143e-01
1.908354549235913855e-01
1.151420654373056379e-01
1.377567192316639100e-01
1.618890724500689215e-01
2.144974117720006013e-01
1.698074472099248555e-01
1.233033404118232257e-01
1.442993683631940416e-01
1.177750480645954612e-01
1.381786551022001763e-01
8.288429663894650301e-02
2.050710239407850244e-01
1.529411957414669732e-01
1.371574766661210476e-01
1.719706871927123293e-01
1.617941695262249679e-01
9.697303584177478786e-02
1.663038806842165596e-01
2.159059359547071399e-01
1.407857638691960844e-01
2.222050958763950312e-01
1.040846953305877426e-01
1.267134268667973740e-01
2.158540528345205267e-01
1.774177609385658438e-01
1.005024024332426824e-01
2.152246284445314684e-01
1.530567733408507991e-01
2.225444226333902487e-01
2.112778103145771524e-01
1.995567021798368701e-01
2.096690338974641077e-01
2.083914075324574122e-01
2.153281810443425093e-01
1.980674683184177054e-01
1.325914557525035842e-01
9.164237467546004767e-02
1.821444384015522833e-01
1.367045759456096965e-01
2.185027781519688905e-01
9.100994440720365508e-02
2.255379693760813931e-01
1.261570120593113187e-01
1.368018915253045031e-01
2.070708335231225550e-01
1.757225628755942348e-01
6.671910822218792003e-02
1.994620992316373520e-01
1.507194841421575782e-01
2.188821766685056236e-01
9.419546786436519548e-02
1.693157573080363854e-01
2.075478814068554556e-01
1.504831359392875823e-01
2.161893258156252218e-01
1.976626685773073266e-01
1.116683216208721047e-01
2.273998448903853664e-01
1.935425339253331878e-01
1.737682953954543530e-01
2.266042444751442675e-01
8.337003082037194868e-02
2.149572706355348251e-01
1.082254023150557576e-01
1.909089939439881367e-01
1.503601716073868777e-01
2.162285374806614258e-01
2.260416849418426799e-01
1.008422562777830100e-01
2.065253698190187837e-01
1.967782370463180275e-01
1.532157941938111223e-01
2.045726819326214585e-01
2.266233377055356379e-01
1.845310723784134022e-01
1.853358473154920749e-01
2.131941942111481858e-01
1.423832986439589887e-01
2.004158080290603106e-01
2.266630780409647217e-01
8.871994073060858466e-02
2.106802241806759179e-01
1.194320958490141388e-01
2.193340096665343242e-01
1.861183311009733110e-01
9.663252064661943808e-02
1.387574804983200405e-01
2.095987082884109565e-01
8.292871937502377389e-02
1.648842008913236346e-01
2.277792490575313022e-01
2.163308907577772278e-01
1.784604411048680284e-01
2.027287291021507565e-01
1.902173273620931249e-01
2.040648163272347770e-01
1.672084785266981788e-01
1.781633809062348472e-01
1.283512208323949466e-01
1.687806272009233499e-01
1.502439916665561648e-01
1.906169234331777929e-01
2.171006214888923092e-01
1.893241402084565317e-01
1.882103958209726813e-01
1.900405219431018367e-01
2.009835626815811016e-01
1.565850369501854689e-01
2.199111052473373684e-01
1.719568270426577450e-01
2.166767228605445683e-01
1.029249617135604977e-01
2.277119278983560924e-01
1.586575014061374078e-01
2.082694907805542617e-01
2.037461442515092758e-01
1.066035056971999379e-01
1.338243858370909423e-01
1.817044615595223844e-01
1.315381141489896932e-01
1.220546102050976689e-01
1.992142664327767321e-01
1.432359228877726764e-01
7.266212582223723071e-02
1.780498970767910305e-01
1.411088358937573617e-01
1.914478649469728844e-01
1.973626273160627165e-01
1.896804681164538653e-01
1.645403165183688676e-01
1.949898653234176937e-01
1.971896035222439891e-01
2.000855822033768550e-01
1.377309213605926452e-01
1.420219928685896860e-01
2.217490949181569748e-01
1.408704577824879400e-01
1.778257150633538453e-01
1.875058096908208682e-01
1.843566010550919676e-01
1.962607523045298286e-01
1.714860828756504807e-01
1.332232625960655392e-01
7.190358881922526146e-02
1.655815130528578705e-01
1.483378331704512942e-01
2.155803852675870491e-01
2.067780642283657266e-01
2.218357430277779208e-01
1.713102693479388317e-01
1.294462025701463570e-01
1.642763220969980231e-01
2.060134456764114996e-01
2.064907877195884534e-01
1.444936268251360012e-01
1.296206612195519581e-01
1.784981653277293856e-01
2.225262057259820014e-01
1.813878855747749486e-01
1.919478349011848051e-01
1.393542339035730160e-01
1.908513662570018032e-01
3.290596320223885402e-02
2.149429173805228743e-01
1.279486607351030536e-01
1.661286402623425029e-01
1.993162492249293538e-01
7.790417960271697750e-02
1.935200257924059031e-01
2.111097797672488452e-01
2.040360357296656935e-01
2.272879236918743107e-01
2.112194636038207118e-01
2.121186422182143316e-01
2.268499231478747769e-01
1.284409356724199314e-01
1.326653573390712271e-01
1.893746848348895062e-01
1.769761418794142394e-01
2.222449574874781897e-01
1.892466830712165315e-01
2.231110095728844611e-01
2.146812321014872349e-01
8.815476031637038690e-02
2.118976293847953662e-01
1.446046239976383208e-01
1.529005783567990717e-01
1.822866236148988628e-01
1.249810345546448764e-01
1.636991188053283641e-01
1.723528746773697884e-01
1.480982813175062973e-01
2.067163487296608815e-01
1.826919413425257266e-01
1.579909012947472435e-01
1.875746132171413894e-01
1.137814721202428520e-01
2.091792700297497865e-01
1.992184387728327677e-01
7.721410260962396910e-02
1.790841480105998529e-01
1.980221211167941531e-01
2.218196168648731981e-01
1.802023916794414926e-01
1.454131597213758065e-01
7.343533410723453170e-02
6.855785168892139514e-02
1.659360747824651650e-01
2.176808772618663568e-01
1.957743515932408029e-01
