3.520497098176379458e-01
1.844624390120778445e-01
3.914865332851391599e-01
3.586867228838057642e-01
4.020563647990132439e-01
4.249856916416320796e-01
4.001104015857809282e-01
2.925003659147413226e-01
3.348753453486447151e-01
2.248215210781659701e-01
4.305886627365760333e-01
3.428553478846743108e-01
4.222082899528742383e-01
3.832109379230457247e-01
4.416752602175708642e-01
2.707455363302712081e-01
2.614419849063415180e-01
4.273612709637084617e-01
2.588155263342163392e-01
1.574259954333077915e-01
1.396630058141987152e-01
4.148882250511540248e-01
4.558984660442883530e-01
4.313487300883707132e-01
4.051735488313715772e-01
2.460630208375886863e-01
3.796137740130346439e-01
4.492679573568877371e-01
4.462862171998798200e-01
2.355720894770464979e-01
2.787883884324700023e-01
4.092226992130806873e-01
3.871930142608909220e-01
4.379872766127922423e-01
2.734306148831939787e-01
3.654515643352455045e-01
4.013101181990177402e-01
2.280494651159560848e-01
4.400778525302723732e-01
1.561514398783908908e-01
4.388039272678749825e-01
1.795052405197594125e-01
1.467022183132795643e-01
3.981337833764252987e-01
4.403784875302668156e-01
3.854992749466387147e-01
3.475985967521109665e-01
3.266486162602778021e-01
3.063049863096576342e-01
4.370568127178628415e-01
3.634520361665025678e-01
4.555952376761996936e-01
1.113518532378786202e-01
4.168169037488089756e-01
2.649898008055183718e-01
3.560829709421842737e-01
3.551217777887373250e-01
4.119610170914133618e-01
3.452948579513794858e-01
3.452293988871585340e-01
4.113863935851604925e-01
2.267733931534900715e-01
4.123834253799031901e-01
3.925660179851042098e-01
4.421501184298081144e-01
4.508519647546584408e-01
4.335246703815318070e-01
4.362618355870564457e-01
3.203983871221243729e-01
2.909741171482272404e-01
4.381242419911788311e-01
2.456497452249152003e-01
3.768191565996076853e-01
2.862517795836124201e-01
4.044969337257548481e-01
1.261075273373344074e-01
3.230688577631041225e-01
4.534210853205487557e-01
3.769649482845137123e-01
1.941330138322885923e-01
1.734480728660168225e-01
1.434326906757885933e-01
4.358819484607461270e-01
3.087127283026805391e-01
1.273368834956077333e-01
2.822065338838035675e-01
2.809281259275417941e-01
1.502676432395796402e-01
4.478919798948955977e-01
3.234969476164851199e-01
4.411627140437711647e-01
3.773883933176412908e-01
3.927315126433613690e-01
4.515243818977469070e-01
4.515725399065729784e-01
3.251552548246698926e-01
4.074935661974957157e-01
4.381294961456775883e-01
4.246093068610036492e-02
4.399712455588997151e-01
2.492673359358895391e-01
4.224168618623456162e-01
4.583311757551798982e-01
1.718027984203568947e-01
4.531684422126980305e-01
1.560300737605244958e-01
4.093772615677674365e-01
4.398183003538702618e-01
4.564795745559403484e-01
4.344168002875781753e-01
1.731407984352324736e-01
4.306801410765345173e-01
4.275457959008432396e-01
2.903955533391380794e-01
1.790067686030064331e-01
3.600258868642070564e-01
4.440937567333710922e-01
3.015797938327748895e-01
2.084565832081375913e-01
2.815195423071066849e-01
3.716045896181049968e-01
3.290631171631598906e-01
2.934049401784100120e-01
4.438407718694339921e-01
2.318503596504802589e-01
3.836498132032324926e-01
4.383205792550092239e-01
4.064009888788620573e-01
3.155140919752414952e-01
3.421639946403702282e-01
2.952896784075867975e-01
3.677824862895807678e-01
2.896260444697322800e-01
4.534930030443098392e-01
2.687141033071091534e-01
3.279865721847139981e-01
1.445630280272997004e-01
2.969782216792974383e-01
2.671552464722870557e-01
2.344743744255343154e-01
2.325786266534415891e-01
3.645730095072439170e-01
2.003872243279822829e-01
3.311853735731336568e-01
3.729876046609946205e-01
2.435259189010313408e-01
3.822403916502989940e-01
3.563207897581091022e-01
4.064638074215038421e-01
3.310581981169407051e-01
4.351736194735138508e-01
3.430265160078072584e-01
4.098551468767259731e-01
2.266903010117556350e-01
4.286078070213622526e-01
4.129182855462036339e-01
4.001460329122938919e-01
4.337364042556985377e-01
4.697019075078334022e-02
4.473930247944350458e-01
4.158596342553951830e-01
3.783425117324954456e-01
2.852620791227801766e-01
4.085076831685374721e-01
4.490902383375345863e-01
3.920501809968655604e-01
4.318377006549286579e-01
4.002795281815630934e-01
2.860139114688397544e-01
4.349304931971801347e-01
3.880488940029808154e-01
3.926410604011146277e-01
4.427474145208539769e-01
2.997635856803341770e-01
4.174989633450249538e-01
3.000602023668783036e-01
3.689423919798325291e-01
3.316556179794871162e-01
4.312081893715669634e-01
4.391075806424812877e-01
2.530182675388596980e-01
4.168957929687500119e-01
3.429369644715939969e-01
3.334605140606525797e-01
4.573800368952753992e-01
3.990246860135884255e-01
2.143873372523495691e-01
2.675092132147050550e-01
3.585922150743772185e-01
4.536660848268063706e-01
4.040886777772567662e-01
3.944478651053792140e-01
3.700327044027989509e-01
4.525933266941081778e-01
3.892455707898201944e-01
3.105613593857758925e-01
3.735371926611880111e-01
2.419612113092492467e-01
3.865667102833641455e-01
3.418722480814330722e-01
3.295041242200913989e-01
1.997482979797123304e-01
3.964399946140552689e-01
3.907380140790795986e-01
4.169338844440100833e-01
3.709624193509763468e-01
3.024428872548339808e-01
3.048638158475789339e-01
3.428741837415617555e-01
3.472073569293410156e-01
2.727146461562824364e-01
1.909398544539230302e-01
3.741031327704893439e-01
4.130257301967328321e-01
3.887958059942213662e-01
4.166217695359896722e-01
2.120125641434644215e-01
3.856725494300121682e-01
4.253291348274944594e-01
1.333655762161195801e-01
3.254722544315455934e-01
4.189565844400838790e-01
4.369530157028914674e-01
4.555119177035970579e-01
4.093679996868892501e-01
3.250660465291758117e-01
2.281438997716972450e-01
3.541570356371913086e-01
2.788711713730163688e-01
3.685835856941202526e-01
1.117647322561501622e-01
3.538921344005414582e-01
3.229327915096973367e-01
4.162103572603942925e-01
3.998082668882915747e-01
4.452824135755910628e-01
4.344402269752716816e-01
2.846106502593023224e-01
4.100669102755613027e-01
3.272714643570648896e-01
3.520509203229910677e-01
2.098217339610119747e-01
4.032499554840215383e-01
2.294892724484009772e-01
4.108266872601670228e-01
4.032775557344837059e-01
4.180849599313803955e-01
4.050596917964554011e-01
4.256927726623912500e-01
4.086306518223482009e-01
1.325914882092137093e-01
4.343845146313674022e-01
8.356731409094914076e-02
4.242923213472926669e-01
4.263215591771069013e-01
4.415826788708203110e-01
4.524540039360076538e-01
3.734709760173455240e-01
3.286852550428384645e-01
3.341761846501991040e-01
3.284256334249095466e-01
4.317219672091311411e-01
2.674550086611980904e-01
2.223276288776014631e-01
3.753444624492556225e-01
8.911679433175935527e-02
4.444801263016581738e-01
3.607814580596137577e-01
3.435284261742329037e-01
3.358628909702192633e-01
1.653168401961506440e-01
3.163157253775432665e-01
4.145234158260884261e-01
4.015986650046824979e-01
1.687882041625580753e-01
2.809348431541883739e-01
2.725138301981837041e-01
3.233869485738276039e-01
4.401081075556377842e-01
3.635525276821695573e-01
2.462582456439406930e-01
4.307215161097926459e-01
1.532705172350254386e-01
3.882624756254048348e-01
3.871642989784487288e-01
4.495398232732545352e-01
3.405373678618594524e-01
3.370364818952990005e-01
4.201353281909684378e-01
2.227960913319937952e-01
2.278957174864313096e-01
4.329285752458251757e-01
4.071769617067312330e-01
3.078817269329602868e-01
4.061230846498461444e-01
4.090703903898699756e-01
3.329482504620663863e-01
2.494762091707878604e-01
2.907201484558037952e-01
2.699989278496381373e-01
2.020801344790993936e-01
4.184390892193253220e-01
4.403172650411359412e-01
4.211743269167143588e-01
4.151474115890517180e-01
3.526335591184748264e-01
4.041709956889575905e-01
3.476726956821111769e-01
3.691888223442184591e-01
4.226264355078816481e-01
4.155316219215298146e-01
2.220417311096399005e-01
3.649220795807651685e-01
2.959277040239550738e-01
2.344187693469055589e-01
4.196892824548436596e-01
3.757389619405843151e-01
3.085803641654697449e-01
4.469611073872365448e-01
3.246731238076325243e-01
4.462612830378981932e-01
1.745902515922918841e-01
4.077115834815056572e-01
4.067011259289866065e-01
3.499010884097166207e-01
1.829615710481924395e-01
3.327886403876031407e-01
3.564578535591432784e-01
3.408264803661724685e-01
3.424485416484152611e-01
4.187471873188825522e-01
1.556838701132512159e-01
1.248229145192804868e-01
2.797384409350203160e-01
2.691970901752330225e-01
2.470929294553561584e-01
4.079467305625216200e-01
2.851587040596175182e-01
3.570995215785087162e-01
2.721740082430229579e-01
2.952386062920944187e-01
4.150144444757929985e-01
3.075491963638168347e-01
2.505952496992532308e-01
2.211979831609909297e-01
2.602421575142282451e-01
3.340394711343891987e-01
1.372319501481363280e-01
3.255977583451887813e-01
4.315764673552952013e-01
4.040041594588540397e-01
2.322314329791599075e-01
4.141221582712433791e-01
3.343778603582887032e-01
4.180162846395905629e-01
2.965920974098306129e-01
4.188687461025809022e-01
3.514751310372526416e-01
3.326423832951326265e-01
2.591969375443934909e-01
1.496401740239875211e-01
2.843746483291493821e-01
3.253667076081409593e-01
2.807485543837096587e-01
2.820421472192158330e-01
3.171455635614856550e-01
4.556970953394231527e-01
3.730126285489716587e-01
2.382556817510969871e-01
1.674664580419006621e-01
4.142175491065053228e-01
4.528386018289589643e-01
2.211697770253700235e-01
1.776597249398045031e-01
4.196010287652333637e-01
4.518653241777529916e-01
3.433245168179825391e-01
4.406051878481485051e-01
4.091937673132442499e-01
4.504352725671741942e-01
3.824209746349251371e-01
3.276837336770034304e-01
2.750994911678120158e-01
1.053265851873006476e-01
4.217808090761993589e-01
4.350294836592476511e-01
2.543296895668269997e-01
4.249828290293055644e-01
4.484113230831403007e-01
2.540748170728824862e-01
3.769693195571329758e-01
4.531364506419384153e-01
4.536811297312935420e-01
3.252910292934309555e-01
3.344123172466858529e-01
3.808738105268777430e-01
4.252227003877147027e-01
4.126631867849330781e-01
4.383474537617353395e-01
4.561393470424992547e-01
4.186238244538899034e-01
2.455150771620610295e-01
2.258261520271779843e-01
2.376960128551201812e-01
3.616172690584635863e-01
2.372131359350453939e-01
3.297448602446033661e-01
2.738794156138524283e-01
9.091604028275963867e-02
3.921335031278339600e-01
4.170777482848233575e-01
3.907996156856748948e-01
2.186956815662732256e-01
4.185228405861111112e-01
4.235513982979919323e-01
3.903690127934085208e-01
4.532906683433088335e-01
3.825275936534431320e-01
3.913495719590045496e-01
4.078737305755394393e-01
4.320756227792120763e-01
3.996212949060932718e-01
4.257432963239086710e-01
2.287996325883595305e-01
4.233937560234144470e-01
2.397916842376011659e-01
3.584692192853533577e-01
2.817367352991983487e-01
4.317038131736223305e-01
4.375240820949433673e-01
4.323588824326844438e-01
3.814919437431190108e-01
3.687329734758821309e-01
4.365014256785170188e-01
4.352668262162638357e-01
2.383772033678707436e-01
2.548275112851414170e-01
3.911718574899836209e-01
1.322714313639859474e-01
8.166115179152920456e-02
4.366820630178247509e-01
2.129001752734769604e-01
4.338443020788826376e-01
2.649041121309417268e-01
4.381406715447608291e-01
9.235905214143157183e-02
3.592488148147500171e-01
2.666101543477569225e-01
4.010442078759747231e-01
3.083997287021409961e-01
4.502455469922154174e-01
3.942587868191518852e-01
3.504690285169315134e-01
3.390028341129328604e-01
3.174024086746389250e-01
3.952399792062867845e-01
4.288350714122180496e-01
3.424044457335519431e-01
4.378651448968560733e-01
2.513493123079020841e-01
3.329961305064254029e-01
4.134877576908149721e-01
3.101327337300558984e-01
4.332076982258424303e-01
2.001947095099094742e-01
4.256019636438088671e-01
4.490244244493560855e-01
4.442455659449311978e-01
4.507633286392612182e-01
4.090357850595678912e-01
3.311314829727661779e-01
2.685289058481216129e-01
4.153348545984781870e-01
3.017024943503667789e-01
3.388310246571325512e-01
2.757536836611945152e-01
3.385192368086157311e-01
3.951806487688634406e-01
2.413608494084642786e-01
4.437884891968582601e-01
2.716383788819910494e-01
4.132495147642640809e-01
3.578743828801577709e-01
3.672685712438715777e-01
4.195135676189844509e-01
3.465602223517205149e-01
4.564921498239929432e-01
2.852976721823284878e-01
2.418040484927011791e-01
4.536916558508666264e-01
4.312698095810855170e-01
2.038945043832028903e-01
3.743842158971832368e-01
3.933980536928135541e-01
4.383575190813518430e-01
8.697986758834955201e-02
4.515602480232799865e-01
2.003983442486224897e-01
1.959056871844785941e-01
4.536752607297814821e-01
2.895042597719468813e-01
3.981760149725855902e-01
4.289840615882006269e-01
2.664973773323821016e-01
3.381574342188485849e-01
3.933288748986789596e-01
3.760811124607588707e-01
4.249578391379807418e-01
3.656438817557526311e-01
4.532417791004341168e-01
4.558627217200562076e-01
2.231261865719460502e-01
4.280411400581370374e-01
3.213955153780641560e-01
4.399843949911095287e-01
4.331275868908440185e-01
4.155608439559021483e-01
2.806405998299146831e-01
2.178403001309307807e-01
3.214725505287618357e-01
4.120788476260721089e-01
3.004294193533595947e-01
4.080442344632111418e-01
1.139591383355720855e-01
1.148135426185665497e-01
4.308227393305987252e-01
3.946568427013176783e-01
4.080637206066853873e-01
1.326534648898864133e-01
4.444508756875323874e-01
2.749270905439449297e-01
4.093539449221266224e-01
4.490021101179194618e-01
3.897926996608986339e-01
3.024591606251131326e-01
2.446976310982819369e-01
4.132755678593921789e-01
4.475149143940014840e-01
3.801001500700592062e-01
3.477517430300567369e-01
4.186186478008789846e-01
3.265413736698723479e-01
4.360707108790251585e-01
3.237593392262870795e-01
4.101481455190569281e-01
2.224655451201784095e-01
1.213948566001509244e-01
4.020592574990395907e-01
1.797089579668545711e-01
2.283088693544917114e-01
4.542850711795514140e-01
1.002287288911825197e-01
4.401014769850000175e-01
1.616611458728003381e-01
2.905152401434558107e-01
4.567437709503068821e-01
3.419889424831949465e-01
4.172101572068168118e-01
2.930200368106903874e-01
2.483029677405382829e-01
4.429290317416272327e-01
3.846760487170761689e-01
3.842617106857706410e-01
2.342430239158397876e-01
3.690506906494925854e-01
2.349300906313897819e-01
3.224988828376842420e-01
1.318977240661640127e-01
4.319784479948955980e-01
3.519607210933725083e-01
4.123967179666838123e-01
4.043937775347964392e-01
3.656770769785335773e-01
3.082067032484546165e-01
2.385193055604022672e-01
3.132245601264944113e-01
2.138739274835663173e-01
3.890445630182845504e-01
4.414030327972096601e-01
4.396186862886179991e-01
1.938337953909957945e-01
3.932743939404698685e-01
2.567241439215897092e-01
4.342896097414473133e-01
3.257187296151908273e-01
1.324486782402402862e-01
3.375367841256387003e-01
3.683803388243304666e-01
2.167788095583320362e-01
3.154398491769752622e-01
3.863364205768146653e-01
3.136406391956015893e-01
4.360587109662125704e-01
4.339770658276164150e-01
2.425336318989566031e-01
3.843921275869584542e-01
2.844821147814070583e-01
3.663063944571262054e-01
3.131818289176430681e-01
1.139796430230724938e-01
8.951545521737651334e-02
3.909309573621752576e-01
4.557260135586434502e-01
3.269691207246364639e-01
4.878839071119672050e-02
4.123225840581102308e-01
2.527222045364985181e-01
1.725675630066617061e-01
4.580337343522472016e-01
4.263885087313973310e-01
2.975818406438063835e-01
4.317833153384960654e-01
4.230575456940097179e-01
3.883318654252843616e-01
3.397340106799910942e-01
3.137838680889961096e-01
4.244940025734208477e-01
3.634259672002221331e-01
3.320573934800430393e-01
3.906881134879248707e-01
3.141943242336656117e-01
4.136231186419042083e-01
1.434373573655259859e-01
3.861242124304253842e-01
2.870192253031816909e-01
4.231857724451775216e-01
2.830566142935934115e-01
3.508605539290580722e-01
4.321735169895545847e-01
3.801618911762918440e-01
1.706005467079345639e-01
3.990568040268577255e-01
2.211888617747598818e-01
4.423542116648622180e-01
4.368120895184527952e-01
3.674692072801413190e-01
4.259961971589010798e-01
3.773659679840270509e-01
2.248387013421894454e-01
2.682224276685126751e-01
3.788273101776169494e-01
3.664607997072861223e-01
3.615197058351957704e-01
3.315462468795123407e-01
4.316058279041541379e-01
3.690416756883326821e-01
3.860344886852976748e-02
4.264360439560939686e-01
1.186132837745497298e-01
2.618840166539356251e-01
3.433240227643505893e-01
2.608140927276901277e-01
3.025614405529510886e-01
4.500896725114221231e-01
4.004555439616396817e-01
3.324324139899060282e-01
3.908037255483898798e-01
4.389484471522815956e-01
3.082142385779181870e-01
3.100076770460031272e-01
3.728531714098737848e-01
4.537176382249668571e-01
3.130581289479532625e-01
6.395719172476500847e-02
3.592992463934521763e-01
7.541840960889460710e-02
3.446206723492037383e-01
4.249373182774566771e-01
2.831761231447781357e-01
3.087109881083285323e-01
2.159231091475214970e-01
3.034920945314953378e-01
2.759906804851265383e-01
3.345971420647476657e-01
3.951120192231847850e-01
2.763562313858605735e-01
2.754465977734539828e-01
2.773291005789463859e-01
3.833195633611906628e-01
4.327128266590550831e-01
4.094360841502338033e-01
2.873634670346468800e-01
2.804625349632212106e-01
4.056171636426279536e-01
3.734115203894004531e-01
4.252469871786558886e-01
2.727028510125834027e-01
3.613730364553329744e-01
4.299478913521655454e-01
1.416718719733207066e-01
2.470566313036882122e-01
4.104062799356479330e-01
4.400722361016704554e-01
3.446433831847254825e-01
2.698110412960485482e-01
3.896305947952876103e-01
3.774065960728533176e-01
2.775692879937285418e-01
4.250114341415796027e-01
4.580800522648961759e-01
3.900906681376993812e-01
3.660078263548508515e-01
3.400576204321510421e-01
3.754914402003387552e-01
2.170593126148821495e-01
1.669241598501866874e-01
4.486104717306202971e-01
4.371252311091059495e-01
4.064815494420402353e-01
1.248809649745654393e-01
1.920364178342559847e-01
2.665155241303066580e-01
1.645476446469854581e-01
4.368499513855914063e-01
4.028487036454815873e-01
4.484897946823528381e-01
2.135123712954198616e-01
2.425578312581112561e-01
3.217286055041644333e-01
4.195118492507148300e-01
3.938336565685678914e-01
4.126483814184271903e-01
2.634183980817028647e-01
3.643864740707766225e-01
1.832272929716487198e-01
1.436219888797005129e-01
3.977956940789346141e-01
2.162577345571856380e-01
2.688991619327157356e-01
9.037676093439941938e-02
4.259903319903430297e-01
1.694165265980720481e-01
4.023456829345874453e-01
3.413637968272125733e-01
4.139444345184378760e-01
3.943543589084014811e-01
3.976810613562229979e-01
4.008010127432864445e-01
3.145496903882833428e-01
3.582385205451038002e-01
4.317968580398475753e-01
3.145924694167067104e-01
2.820275189156073448e-01
4.060664587240104262e-01
4.111110932792823580e-01
4.412319714260516945e-01
3.061527999327987581e-01
4.023636925342140014e-01
3.984439117128076302e-01
3.780064580158897236e-01
4.078351504506597114e-01
2.054458347894355108e-01
3.154338005594976568e-01
4.503666646006359575e-01
3.981829596758503786e-01
4.146383636167442766e-01
2.807788927206162355e-01
4.559578591807241787e-01
2.944198524215366208e-01
2.761899705022225482e-01
4.109479946525862459e-01
3.313355559824556762e-01
3.852745223854543433e-01
1.141169732044061275e-01
3.651719827789500217e-01
3.916406386091095815e-01
3.434914889174535690e-01
4.213889392195254158e-01
1.673748916750070481e-01
3.071819272358692898e-01
7.628329741919483153e-02
4.527730931051421326e-01
3.685372853991497610e-01
9.879374934032540689e-02
4.403130741956901573e-01
4.074690859576393098e-01
4.467041225032884477e-01
4.299640126366331416e-01
4.331240710076151856e-01
3.300772820989483769e-01
2.416024118043959001e-01
4.310424041432819875e-01
4.191493345870597187e-01
1.617623252393399214e-01
3.247401217057671596e-01
3.213133077356037370e-01
1.193930663776085893e-01
4.251474445291764659e-01
3.963694726285930114e-01
4.480327380835650852e-01
3.602362691254743510e-01
4.016070907490223996e-01
4.471846101137539331e-01
4.447628330033382982e-01
9.085381726524967283e-02
3.454464709439826753e-01
2.862307579753218811e-01
4.394590655013171920e-01
4.311745743483546001e-01
3.294845743943488059e-01
4.421074182216436776e-01
2.076721991219327157e-01
2.466829144973332610e-01
4.522258100203708775e-01
4.572533413042297878e-01
4.493323021798528161e-01
2.343502702971955454e-01
3.391546622944860423e-01
4.156672767147255310e-01
4.065331125067188633e-01
4.162270896165801704e-01
3.746287603504400154e-01
3.263517253081936187e-01
4.282009889516609213e-01
2.511516202411193110e-01
4.028631085627786823e-01
3.591477676930139307e-01
3.671294114487496096e-01
3.094498109581418910e-01
4.182408493082612200e-01
4.488119966319867871e-01
1.399839731096883810e-01
4.460889499396025748e-01
4.304036671388706825e-01
3.090102441189900295e-01
3.924121887009732190e-01
4.520386876937450005e-01
3.702609681688233123e-01
4.215634608105163772e-01
4.222983888812130715e-01
3.352438930728894317e-01
4.301151978656443942e-01
3.492966774762621962e-01
4.089910834671574014e-01
4.254071199958074923e-01
4.105918351510785547e-01
3.024812533088910294e-01
3.907304438122390366e-01
3.818149241350272671e-01
4.473690248580310946e-01
3.632773420003185816e-01
3.834008684224810004e-01
1.933678221150871568e-01
2.848644268414954328e-01
4.364119880137107832e-01
4.179609690529609844e-01
2.807968238331706168e-01
4.485538682769318330e-01
4.241675470619923893e-01
3.952211895803107722e-01
4.446572854308364908e-01
3.037812409424150428e-01
2.637730160822288061e-01
3.473693837209847479e-01
1.693690851919673890e-01
3.837032114212028944e-01
3.797953864518326395e-01
2.818380341886823626e-01
4.323696512511679968e-01
4.488539195933429760e-01
2.610597341694104734e-01
4.210214467486934620e-01
4.362688321563129024e-01
3.111611955721433342e-01
3.274006225223627387e-01
2.572101740613671472e-01
4.261830458177837677e-01
3.660203973950950096e-01
4.065183302897401596e-01
4.437296386296149531e-01
3.506484591783153859e-01
3.404816134307369069e-01
3.784150409875290388e-01
1.593298073787018654e-01
4.587803255770295241e-01
3.565414304872381868e-01
4.061571956958677232e-01
3.624940250001192910e-01
3.377900515631089284e-01
3.580583683100399539e-01
4.148672196989338090e-01
4.347576334255930930e-01
4.330232838760383896e-01
4.340369438675346081e-01
4.188227051410755020e-01
2.788215705433868541e-01
4.252523259902526442e-01
2.127597024924487989e-01
1.784381644921498034e-01
1.076980508789919661e-01
2.911961292971914639e-01
4.196811054242294281e-01
4.276252014721589889e-01
3.142578313382024535e-01
1.228897153585858798e-01
3.336986936926955027e-01
4.541915642178923629e-01
3.783343774166205709e-01
4.181536228540312372e-01
8.123828495812911166e-02
2.191150231851114738e-01
3.798909569744158832e-01
1.810805528076672721e-01
3.541211584410231539e-01
4.386467986702302091e-01
4.440935703514892752e-01
2.833205856061750127e-01
4.223006561972878492e-01
2.502754300911442242e-01
3.920002630638008689e-01
3.649041443803385798e-01
2.739158824882498844e-01
1.241337338267914647e-01
4.326588467093474555e-01
1.286569348469382701e-01
3.356404741293362304e-01
4.199026360498477883e-01
3.219912001639415600e-01
4.281559898402807485e-01
3.079219600523449563e-01
3.050370042894149369e-01
1.894333121571279976e-01
4.426640792315580941e-01
3.249623485801944045e-01
2.526332107394853588e-01
2.312211719363308216e-01
3.572731073392754197e-01
4.273765601924077728e-01
3.958332723155619237e-01
1.348449868061724066e-01
3.636040829002699093e-01
3.841289052870949239e-01
4.544395512615045929e-01
1.583407223725734336e-01
2.644849706623690899e-01
3.277596219455190529e-01
3.958025881245851862e-01
3.091625211788600613e-01
3.830982710905355137e-01
4.130987165123228277e-01
2.265999287668716833e-01
2.565741523365457910e-01
3.958357151163435228e-01
4.200050909857512282e-01
4.465070096925194409e-01
4.253484520111874279e-01
3.701152757211079725e-01
3.697649863166913575e-01
4.134901048927717704e-01
4.089708728590579767e-01
3.487782726942906808e-01
4.110309079853459169e-01
3.014256183860146709e-01
4.570246115954637034e-01
3.600784569507938793e-01
2.909910564030470104e-01
3.771980092755084502e-01
3.203314001335542116e-01
4.394971457554421868e-01
3.217910876432966139e-01
2.874200345951580249e-01
3.292299151492096287e-01
2.851867579979397438e-01
4.553675558558160641e-01
3.105267594691011879e-01
3.114933747526765218e-01
2.450928179697472731e-01
3.579579578054157274e-01
4.561475949201038715e-01
3.392863743456757120e-01
3.888391732025295866e-01
2.775071465717101060e-01
1.278547940721492526e-01
4.461053338299186821e-01
4.260308319489288786e-01
3.277194227952880956e-01
4.208417157397277286e-01
1.227363814199775582e-01
3.943681189039152657e-01
2.755866545468628193e-01
4.432173741733101968e-01
3.600706445173492143e-01
4.563852627100890014e-01
4.259447193505300211e-01
4.099090301470636466e-01
4.223599511727787470e-01
4.577866948933654867e-01
3.787312208082015408e-01
2.681849640419017855e-01
3.681879744215139638e-01
3.283540741744956915e-01
4.363159783653858814e-01
4.054444273589790093e-01
1.192684497284068612e-01
1.930904585192877443e-01
3.599323994813527494e-01
4.322188557469844872e-01
3.173290997234710642e-01
3.382740916289266320e-01
2.898380685520971500e-01
