4.338152033612709124e-02
6.532674541873716156e-02
6.252798901671340059e-02
2.738853153858019154e-02
8.590573273728466241e-02
7.593790602416199131e-02
6.810131973352966106e-02
9.161796786832868134e-02
9.557992584240826428e-02
4.815390714065676675e-02
8.297488448738850331e-02
8.537560347790461301e-02
9.366185153353628889e-02
9.955963153733876636e-02
9.781104791467273851e-02
3.696264441343787011e-02
9.875411150380901393e-02
8.820621803064633559e-02
9.437278862150698389e-02
6.689097546934284766e-02
2.621444296246022709e-02
9.573913295913552557e-02
6.266601144447382643e-02
3.570416869611059418e-02
6.512299339445778990e-02
4.593618709117631982e-02
2.965505467746978180e-02
2.714847462770104275e-02
8.360828979020661078e-02
5.280046581527512300e-02
6.810751421704190622e-02
6.149825744744961964e-02
8.666337554919875674e-02
5.732402678799444068e-02
4.898757794064917404e-02
7.446738381032864951e-02
3.579895006939683155e-02
7.503671803830594400e-02
7.168802386831057971e-02
3.196256421803302106e-02
7.565362308495857113e-02
4.240283015574543291e-02
8.368502161368929215e-02
2.463092108047853362e-02
7.324358570551826875e-02
6.805344686902542461e-02
5.375946498552781200e-02
4.674162589607145507e-02
7.341945789707525483e-02
6.809774078260638630e-02
9.000124253171778999e-02
4.583006681757568340e-02
7.133911983552776448e-02
4.441079148472653476e-02
6.123137720813449925e-02
8.311393115061993520e-02
7.560740206987319467e-02
4.495030103281039829e-02
7.797013376261806294e-02
4.907076885267491750e-02
1.796051375929830912e-02
6.336464769261061780e-02
6.996114958036658837e-02
8.221598242204818108e-02
9.669654743722568002e-02
3.172552295702538855e-02
7.472563808027790633e-02
5.655930973080240676e-02
7.681095270137285047e-02
1.763019807074982237e-02
9.821067648409456674e-02
4.678641002119973691e-02
6.590395879353191932e-02
6.609173439760561430e-02
3.000717779118755590e-02
2.212954489385948395e-02
3.513684437718984921e-02
6.243699716537792072e-02
3.439718560561827454e-02
5.585950510331975927e-02
6.209777882835532115e-02
9.637160832235329433e-02
8.592221123399058913e-02
6.363502345785716774e-02
8.361995171294944740e-02
9.740162161202751967e-02
8.106963508268204277e-02
7.560682341462428291e-02
6.766218203951665511e-02
9.750871591114024239e-02
2.829045133531889189e-02
3.888673939339216956e-02
9.636052505272260649e-02
3.494275722045361160e-02
7.446751425479328224e-02
6.431315945395500722e-02
9.920740255213988945e-02
2.489227836690669285e-02
1.780556182807593174e-02
2.174844903944619934e-02
3.584992287700191488e-02
6.932064837298262949e-02
7.027597120347736648e-02
8.417675753060532839e-02
8.614039963713851500e-02
4.072667773443450212e-02
6.619581961533350933e-02
6.888753918196799386e-02
2.465234867308916528e-02
6.743647027639851355e-02
3.076671654867197195e-02
7.732245172367022135e-02
7.057462522377273839e-02
4.730087965840968495e-02
7.603709796474084071e-02
3.989050548548089131e-02
9.252654525616828274e-02
6.515017136077420890e-02
7.053927724225357576e-02
7.075052942734665062e-02
8.079187840200810489e-02
5.407095983139396933e-02
5.622733684280030453e-02
4.248163536935729845e-02
7.765345543537449657e-02
7.006882660370845894e-02
6.459822702896331204e-02
3.558815281991532103e-02
9.302659993480287548e-02
5.309842496403321260e-02
7.921789074706234168e-02
8.604075367798424967e-02
3.367615051295210632e-02
4.024535216280302613e-02
1.869910221334311271e-02
3.264446966405859518e-02
6.258592850203593960e-02
9.702897751494035661e-02
4.347916202386688939e-02
7.820759977465528701e-02
4.045382623175086678e-02
3.418373774870033660e-02
5.544499472210197288e-02
2.535051955737646287e-02
8.393155412715655461e-02
7.821795630289955781e-02
6.483332332736053971e-02
4.454064128233553577e-02
9.189052320292083464e-02
6.045184869554980078e-02
9.006516779964025832e-02
5.383547312915195476e-02
4.471541267900807498e-02
6.199885126407478353e-02
8.656321849138484681e-02
7.601831089422171617e-02
9.591546105463544247e-02
4.343178804790522041e-02
9.957361077520875126e-02
9.024261528337020055e-02
4.085605765505954945e-02
3.521808797496966265e-02
4.665319913707196425e-02
8.588362611034824901e-02
9.081233761264691229e-02
8.313436908998837749e-02
3.188166136591662897e-02
8.518157699642017744e-02
3.196512955392149385e-02
8.645040000479606301e-02
5.596126155757934206e-02
4.686786615468147704e-02
5.277625570485120626e-02
3.203292249958607230e-02
6.114355335196321878e-02
1.926892053186543552e-02
6.604134152890492326e-02
2.476126581300250318e-02
4.231370072032445556e-02
2.935058554842302769e-02
3.540639396036231179e-02
7.124729010492228398e-02
2.648047468109020891e-02
7.557644691654800961e-02
6.246697214901666961e-02
7.887888499974406165e-02
4.131822345415860770e-02
7.333896343061724332e-02
2.915739915063425558e-02
5.480658931528421818e-02
7.063270507650253049e-02
5.437476869232418103e-02
5.664069040048811537e-02
9.266163032048739534e-02
8.658764942678290333e-02
4.801427606113713858e-02
6.079161136979778501e-02
7.511314116540487862e-02
3.904879096023003426e-02
7.117888085582690927e-02
7.248091113578795930e-02
8.047337506744460522e-02
9.946242580636252550e-02
6.626889612872932656e-02
8.519450975922468472e-02
5.519193066395441938e-02
5.206873667005727097e-02
6.073095187655745686e-02
7.928307059562482439e-02
4.985028169152088545e-02
4.364320545358453540e-02
6.503348361583197179e-02
7.571067300395963040e-02
3.051541093061554272e-02
7.706929186088591621e-02
4.633040059385542392e-02
9.705241708124752453e-02
9.973929838743601783e-02
4.968697296019138065e-02
3.371285562922612250e-02
4.857972468079101852e-02
8.960424112878678793e-02
3.799598130173157534e-02
2.410663663805051593e-02
3.844638365203417729e-02
6.574488703335271134e-02
5.125993602931891435e-02
6.066644682774033348e-02
9.154258827227870765e-02
7.424718765822778399e-02
5.962710881939000535e-02
5.099847000094315241e-02
3.419429814067637130e-02
8.077135201402717291e-02
9.163493154570362398e-02
5.641315811137100761e-02
9.665742019910940341e-02
6.215822290193402655e-02
8.395032862509536897e-02
6.759474053463265797e-02
7.248953215109937842e-02
3.088044327502748390e-02
4.473417341948691256e-02
6.608971799137625114e-02
4.040963431068561595e-02
6.282454563771903977e-02
7.341213416101635691e-02
7.587065130598916185e-02
2.921327648448542730e-02
7.051153976638847853e-02
8.943887494537593186e-02
9.280559338081204035e-02
7.120246444129896268e-02
8.141873917091861645e-02
6.716810052875456238e-02
9.233361987979803176e-02
4.467693479125849770e-02
9.646913862654038496e-02
7.172893096239278676e-02
8.709506415199073925e-02
7.485037512176236085e-02
8.414253926199584399e-02
7.999440029975947442e-02
9.214982392658419008e-02
6.431801237352255396e-02
4.628034266176278555e-02
9.873793249150802920e-02
2.772237240754456961e-02
4.186388821184834630e-02
5.849791688471698420e-02
5.909369784783047308e-02
4.926634542433794978e-02
4.223574678200194693e-02
7.478523263199196580e-02
7.354802609954580461e-02
9.818874641487904120e-02
9.958466471232002570e-02
7.075785770074098646e-02
8.221240209753086225e-02
8.837638169863504256e-02
8.628591921880032767e-02
9.033207561455491863e-02
3.145637037223244364e-02
4.698819645272460377e-02
3.452661279181004628e-02
8.900330799690103767e-02
7.667327191144197862e-02
6.249326736002611127e-02
6.354245666240938839e-02
8.157092471820462376e-02
3.851453799401170081e-02
9.750200836277995997e-02
4.405242733876062189e-02
5.085447944914277957e-02
3.855352484612540459e-02
7.292249504331574372e-02
7.804872449209419860e-02
4.481887833938498489e-02
8.418478145693883419e-02
5.544502348962169341e-02
7.536751429030126570e-02
8.784982783088610137e-02
8.936056929259288129e-02
6.376671295642771797e-02
3.408139588768062389e-02
9.806096640944091114e-02
7.723116568037935448e-02
3.022003912072229390e-02
3.305961577479052393e-02
7.445724424187452617e-02
4.538876788993950057e-02
4.845165883148182251e-02
4.964616835005303264e-02
3.590082094236977245e-02
3.161408608936662479e-02
8.274821577125780758e-02
9.475271022557392453e-02
1.983126004405614054e-02
2.751666270832785893e-02
8.445606727546502157e-02
8.737200084617359475e-02
9.826199166358029480e-02
6.424209410975824375e-02
8.012628066011820427e-02
2.768577437912079706e-02
4.089677656910163661e-02
6.793784362506344321e-02
9.195234755563938545e-02
3.694653382407753900e-02
4.698366251022858403e-02
8.656665365326465800e-02
5.828734067771403071e-02
3.888227632682160484e-02
2.806157345775182194e-02
3.829695624110073665e-02
8.602421102400423236e-02
7.863126128984337937e-02
4.807276048076056935e-02
9.027779682376922687e-02
5.311056789486991170e-02
3.089526321842022555e-02
8.640982346233100353e-02
8.132604520523327440e-02
8.178561630730681042e-02
3.908916462989848323e-02
9.734111145459339864e-02
6.948718899777331370e-02
2.926147459110609375e-02
4.998869826046946352e-02
6.926410930897275442e-02
3.565313286841752249e-02
8.316679104953915436e-02
8.852942102845197392e-02
7.863017571676705897e-02
5.219020801024613215e-02
8.761501135108132332e-02
9.584362153333311762e-02
5.061035033708691927e-02
2.307243187803188073e-02
9.665561329067433316e-02
5.694433117611882866e-02
8.478865348735084573e-02
3.863240307507037619e-02
8.549090914280056686e-02
9.327984252982499114e-02
3.541502443828429408e-02
9.986395258746408321e-02
5.675917499071700401e-02
8.554392666879540030e-02
8.650964095956457933e-02
8.905246491771157125e-02
6.864599298789528237e-02
9.621735870686229375e-02
8.630936562490311437e-02
6.219634432922279549e-02
7.280994607641627647e-02
6.909649723553482059e-02
5.414099792140274897e-02
7.956121727650723729e-02
6.101945799320419167e-02
8.699718539518359883e-02
4.756827265350417611e-02
9.542904973140782510e-02
4.747405689178556265e-02
7.188220992163975309e-02
8.233990154818146556e-02
6.608151757796959513e-02
7.487282144980449139e-02
1.800406071823018594e-02
7.864586206675834579e-02
4.318221874647507758e-02
8.191509333941526805e-02
1.852583067214862850e-02
9.958368833029171419e-02
5.070719573602193442e-02
3.590565325936592028e-02
5.644292936649748099e-02
9.622009410379596395e-02
8.736198819412707706e-02
9.584792588700141724e-02
4.375294950065103383e-02
9.572520101253732816e-02
3.999613761080286767e-02
5.516061138048978379e-02
4.348605110407172819e-02
5.871245734788688858e-02
8.055408420041107465e-02
6.464485105986987612e-02
2.093719331996029415e-02
2.847311628925404056e-02
8.723531844829970905e-02
7.752712954982447779e-02
6.917572744997350920e-02
6.222067034949569503e-02
9.814456798468158827e-02
5.539502536626397800e-02
8.613235089240170450e-02
9.564433552987920695e-02
9.654504550313328104e-02
8.561581027268609645e-02
7.467034508556263939e-02
7.987697628695900054e-02
9.088070626237693128e-02
8.902301361098155508e-02
3.507690462958880373e-02
9.772948381838565679e-02
9.004996052677420593e-02
3.165705357251268059e-02
7.653578223113378931e-02
3.289238629834072281e-02
6.609979812326122195e-02
9.339760964162591161e-02
7.660278922958735359e-02
5.531159956145376144e-02
5.057618406845473813e-02
4.903230151644154960e-02
4.673256093732756911e-02
9.145503576424374170e-02
8.036292797385165276e-02
3.212007173175358832e-02
8.457585727121039176e-02
3.076488764254255506e-02
9.526296300201647638e-02
5.032870823316527853e-02
4.573362076966999007e-02
7.570588715561821225e-02
7.084180841013150431e-02
7.881308869110958959e-02
4.596918286960857691e-02
6.654054952485202734e-02
2.879920884800639749e-02
8.399214099376976772e-02
7.460328319694063681e-02
9.524145047586468626e-02
2.081964508777994077e-02
2.137422567957564593e-02
1.946108207749705499e-02
7.113156789645441735e-02
7.260473873157104185e-02
8.985930875603960477e-02
4.621453690205003934e-02
2.550757066746413976e-02
7.053056093258738835e-02
9.392758173272458544e-02
5.530626632186079472e-02
3.855274480760013250e-02
6.529312803512650476e-02
7.517471271027548196e-02
3.221641518379757957e-02
6.666113005147518422e-02
3.861906576654212248e-02
3.528587073995547579e-02
5.983998236795443071e-02
3.247977256073455998e-02
2.795963995496218366e-02
3.818175775447672088e-02
5.879048447975626646e-02
7.996351607918712745e-02
6.242280090645907498e-02
3.283150925995326208e-02
7.340551523987283444e-02
4.937468090491771433e-02
7.134596118376737572e-02
6.649732813969912171e-02
4.680457247205639659e-02
5.388537466033337803e-02
5.549752152498027558e-02
2.936099906071083093e-02
6.536647745646913255e-02
5.879780438134993986e-02
6.169976300102878591e-02
3.348540088157300060e-02
7.688409533878907964e-02
5.531617057183016439e-02
1.330807190003357662e-02
8.900693382429956946e-02
7.790838184661340315e-02
5.806146545944008280e-02
5.509620940436275177e-02
4.401496623954551102e-02
7.065580396350173986e-02
2.887192852713064625e-02
5.787709087762810817e-02
7.316313280683930942e-02
4.626325895893271256e-02
1.907921194387282582e-02
8.657083992854285037e-02
1.488308227381550039e-02
4.361589586730614532e-02
9.383478249913636271e-02
9.890558380306901931e-02
5.516688566227660045e-02
5.546571637483459216e-02
7.990741085028058022e-02
7.999229006906838357e-02
4.932957935406921679e-02
4.920333501706888879e-02
5.447131487292360130e-02
8.060230339970318736e-02
9.928622677118588424e-02
7.839702680254394263e-02
2.929875609660942751e-02
5.609915902975898261e-02
5.890109382019933365e-02
7.616074647576021039e-02
9.624153459634923746e-02
4.145386359486750300e-02
5.615009042532301264e-02
5.209061955586419962e-02
6.434175384928023100e-02
7.708839810117287805e-02
3.109080456398369621e-02
6.288693228379435562e-02
9.235387340910011789e-02
8.610768149107102254e-02
5.972508129596727777e-02
2.323377029975391000e-02
4.019049309950059601e-02
6.233585541084630394e-02
1.366626682379580050e-02
8.615421806196822685e-02
9.323439509764543109e-02
4.505450358808216899e-02
5.483263099940743207e-02
6.845886694377560644e-02
8.447346255919929714e-02
3.239691772674556380e-02
6.162604864494234530e-02
8.248249697920194412e-02
9.536075431788129664e-02
8.172527630796171116e-02
5.422563519745261795e-02
3.552010058874439241e-02
8.525144408684648401e-02
3.666989303802675737e-02
9.359271971223406816e-02
1.764503955367894422e-02
9.199113412143458679e-02
8.099239699555520200e-02
9.965966707323420382e-02
3.785314521567180457e-02
5.525969364054277022e-02
8.002948780755139713e-02
3.367792134717941671e-02
1.933010610686262953e-02
2.078103970092429892e-02
8.412771296514555408e-02
3.460319230819436376e-02
7.026592541644066658e-02
3.646552814267037951e-02
4.062533339077504385e-02
5.676055619747637920e-02
2.262732739412293831e-02
8.523129137359714003e-02
6.158351398119931569e-02
5.602199507210853940e-02
5.059130608861604761e-02
8.224785943896809060e-02
4.334560502457659309e-02
5.475901621460024793e-02
4.148379901994417307e-02
7.668965090143411989e-02
5.918705166110801996e-02
4.095782676061807126e-02
1.909466806632742139e-02
9.589331632720349274e-02
8.512806670238920459e-02
4.891727508926729806e-02
3.205496876847035298e-02
8.792507624319782777e-02
5.311336874730419183e-02
2.612503140209406979e-02
5.562679621886464781e-02
7.925481340681775344e-02
9.426773074679663245e-02
7.799324346429366284e-02
1.687739742842966559e-02
5.704867141922750906e-02
3.946108068150408488e-02
5.531290513791862345e-02
6.533681121271767145e-02
8.486769311932917947e-02
2.874625901905380337e-02
5.045607515593449749e-02
7.795462467271215001e-02
2.106207363788611953e-02
7.102066541340805450e-02
7.088572777792102875e-02
4.146894881569448271e-02
7.215696444621010064e-02
7.918238608390912314e-02
1.873733525022566043e-02
2.664740919505936834e-02
7.909376232871852264e-02
4.048937677860702661e-02
5.769256331732242754e-02
4.043763309232813186e-02
9.334623602854233426e-02
2.857380807796612923e-02
9.212709140002850461e-02
3.936398467691877567e-02
5.319833541982187108e-02
7.361818769452467548e-02
5.084560877757286074e-02
6.924662190608349421e-02
9.224974491263361609e-02
4.984181010490289915e-02
2.038670237076506062e-02
2.174008390263200072e-02
3.355453842389427566e-02
2.351486054891601535e-02
9.825334296079790697e-02
4.664859918600929023e-02
3.413843122758398324e-02
7.284854474080525166e-02
3.263881410036221370e-02
4.175131787728494914e-02
8.602200666556537867e-02
4.839991253305199470e-02
7.445918245453872486e-02
4.219789484249132638e-02
3.258994987436242968e-02
9.934159419935881252e-02
8.731572946434319749e-02
2.332130261759124065e-02
3.462203886223982896e-02
9.035017691585597865e-02
9.979977473706884428e-02
3.949318832204239127e-02
7.952319866568693940e-02
4.326870618798145385e-02
6.298371032450846008e-02
5.129127717563475991e-02
8.798689689988282991e-02
6.524888406687900932e-02
5.521007071422361773e-02
7.738339785768856560e-02
7.834995407087501362e-02
9.852894789435244494e-02
9.720348680455330459e-02
7.322260029289212602e-02
5.058431775820298321e-02
7.614826004275038196e-02
2.738669903314229145e-02
9.404448209681559590e-02
4.500709748764245705e-02
6.060387549221019771e-02
9.474049316540275600e-02
4.323079823658414894e-02
8.363218139955953812e-02
5.415404105182865940e-02
7.196546090929731299e-02
9.624661539360419849e-02
5.839586383755920179e-02
8.677897542319094881e-02
5.437674401259424972e-02
5.564703667895806033e-02
5.288354112581314381e-02
6.800158408903629603e-02
2.846466963376283535e-02
8.952554910601126514e-02
9.109795285938308840e-02
3.423321424909694238e-02
5.021194749902665316e-02
7.757773828963127061e-02
8.599495541183832525e-02
7.109600407508323561e-02
7.035538867852710043e-02
2.802554304004974822e-02
9.178730525178238620e-02
5.005817629991855117e-02
5.233088612033662268e-02
4.022889453989773878e-02
3.631653852593214049e-02
5.295638717783315158e-02
9.659690884496853480e-02
3.766495321701272131e-02
3.500299578549773832e-02
3.043730162973328976e-02
9.834283444137706387e-02
8.049205169721439235e-02
8.517638921082258674e-02
3.903392020314783162e-02
8.900922503757223436e-02
9.083285245952542331e-02
8.289921981862008460e-02
4.752112867002469820e-02
8.987509315340731775e-02
9.693979066552564638e-02
9.913861926885231268e-02
5.985380945948744202e-02
5.323555572010323089e-02
5.937708514640581414e-02
5.960955848103163812e-02
2.951740138795162435e-02
9.403021433931388340e-02
9.865845212073322268e-02
9.681906969670771301e-02
6.756678168875407398e-02
7.540907011785187575e-02
5.443783929042026598e-02
3.772202403131261206e-02
5.560955340554896154e-02
9.421299829959123295e-02
8.637132936999955546e-02
1.968147183583220453e-02
5.772200650164739655e-02
4.535571671748303557e-02
4.080312195747792803e-02
4.681095845173795233e-02
6.990940155756671104e-02
3.433171939594990840e-02
3.891692245067056299e-02
5.952855721531448430e-02
7.332235808646943298e-02
4.102468433187199393e-02
7.198034597017401170e-02
8.118821876835700946e-02
3.138906049960309835e-02
4.296221259948480170e-02
5.644455029464381240e-02
6.644385305634456507e-02
7.719665131074386621e-02
9.433028905388794738e-02
3.853415701263743914e-02
9.512612002367945574e-02
6.000588762472577192e-02
6.141394970930988406e-02
4.058832954792487152e-02
2.562429992091121850e-02
2.738467605567209556e-02
8.009004056360337354e-02
8.232391870306948745e-02
9.645698630831713027e-02
6.062389880251767282e-02
9.329916389513311092e-02
9.754713750624699475e-02
6.870857705860237974e-02
8.706596868439669956e-02
4.521927415829395808e-02
2.607341546714567540e-02
7.628724986900389804e-02
6.891979501803034702e-02
8.832623894747217153e-02
5.601009772274091053e-02
5.490987163252260272e-02
8.506402814658164946e-02
3.381164970226525207e-02
7.006414516031950201e-02
2.701431672715927379e-02
9.775741840845565689e-02
6.501951220629052786e-02
1.071000828024533565e-02
7.637204141415636360e-02
6.062871702360848880e-02
5.527605175261629533e-02
7.572300569118257940e-02
5.073277498796584933e-02
3.579627111006297713e-02
7.887449841653905447e-02
8.854603353821269285e-02
7.568255006862643908e-02
4.256735703663318965e-02
3.120034614122214195e-02
5.885473990672517725e-02
9.960058424776398189e-02
5.512056683261264828e-02
4.519296914263194048e-02
3.966677765741694756e-02
6.580245796762138055e-02
7.374600205772348371e-02
2.589303155838822493e-02
4.653536994736250099e-02
4.034070782352608409e-02
6.998301084996863541e-02
4.937164532162490599e-02
4.369342872707974307e-02
6.340481228891409193e-02
2.576680716807379715e-02
7.737736517930850211e-02
3.220381465135811055e-02
5.718489194301794309e-02
8.159299521895795049e-02
3.821521993302651882e-02
9.639074017759519108e-02
2.957495556124398531e-02
8.547119752444763685e-02
4.623063324403955260e-02
8.805623807979139073e-02
6.848500470522787820e-02
9.920907182876290142e-02
4.826066706395034517e-02
9.218491925124280839e-02
5.971019558329117294e-02
7.131852515468473097e-02
3.241152213714344754e-02
7.603040381161343952e-02
9.256641083823016758e-02
8.342950820227644504e-02
8.010143419174289847e-02
9.579885605124696668e-02
7.550581593317141904e-02
3.348944683687205687e-02
2.933371829835049877e-02
8.378124267486318499e-02
2.483959227983235582e-02
2.401163562599081813e-02
3.282100322017530297e-02
3.051902347526010834e-02
3.036655207284878755e-02
4.227628496975387867e-02
4.902626503822576226e-02
8.342496119378332853e-02
3.335091209740536494e-02
9.907736060546253054e-02
8.395089649143007426e-02
9.254951506424904939e-02
8.422087666023429786e-02
8.080329989419092473e-02
9.771303722235223643e-02
4.469731619467313261e-02
4.417795281652422967e-02
7.550321252657216098e-02
8.620884970317345408e-02
8.926561919799755329e-02
4.936195242688483364e-02
5.749604130011150283e-02
7.315579391508128526e-02
2.667803839976070485e-02
5.825269442129112074e-02
7.099706132547065063e-02
2.033104529753952672e-02
2.947844546957543999e-02
7.726808387927164290e-02
2.424427165707792112e-02
5.154174892812772579e-02
7.056096044267606837e-02
4.580746695835629517e-02
8.984235216233762977e-02
7.506147583704543547e-02
8.622344516995764097e-02
8.743452885122214580e-02
7.955364581120211165e-02
4.851441983453277235e-02
3.749418193713456582e-02
6.300958580594025193e-02
3.754089390838096646e-02
2.412677586215693226e-02
9.743514964519459087e-02
5.663084655001669743e-02
2.925787380824667813e-02
7.862763507134064300e-02
8.468405557588395971e-02
3.131749479448215495e-02
7.303412110243821809e-02
7.018865903506954496e-02
5.652880292166958393e-02
8.056093175181118504e-02
2.210414448143119964e-02
8.589448633197732663e-02
2.658874345743700643e-02
8.194899185807029418e-02
8.347976154990115194e-02
9.791396840711014127e-02
3.983145648400232552e-02
9.568655548273524714e-02
7.729779411093486152e-02
2.651057010270775269e-02
8.751097720201916896e-02
5.714669017898939968e-02
8.380040285853625204e-02
5.033352573006167480e-02
5.540788223187179118e-02
7.214803896492183455e-02
9.999185088339614114e-02
6.326089554895125699e-02
5.263166622022603242e-02
5.790267404536882101e-02
4.048834885231005626e-02
8.652649297084852309e-02
5.975475694961894513e-02
6.022569007729174084e-02
5.443730232509073202e-02
5.139495485973638589e-02
4.987475169117230184e-02
5.866200486394614749e-02
2.847846853892658028e-02
2.580347810184820817e-02
4.264628707196317647e-02
5.035746115985266502e-02
6.951772620392906998e-02
4.396465877062804423e-02
1.920249747357209713e-02
2.384923564860360473e-02
2.525912346516423490e-02
3.164266926704768779e-02
8.042350915100776598e-02
3.837708682338912547e-02
4.228677320592713618e-02
5.893216785950034647e-02
2.039549234594322316e-02
5.770166103245689959e-02
3.015603859094487596e-02
5.567587218470194943e-02
4.191667766613136475e-02
5.939459041287327434e-02
8.648290330529818937e-02
4.414715229858028056e-02
6.948475476561838393e-02
6.516543477750311175e-02
3.451773030312176721e-02
4.204058097641430458e-02
6.338931939408276595e-02
5.850219102167599633e-02
5.127528945336783800e-02
9.461637894092046752e-02
9.818040571372239900e-02
8.764311534540041027e-02
7.840638237598269999e-02
9.689671637226855705e-02
3.235436026623312450e-02
5.745101718336953489e-02
6.197476358091886378e-02
9.987306752336616578e-02
3.497904291056790071e-02
8.495491672030187902e-02
6.058279899827736376e-02
6.033100165951476440e-02
9.950786160056306062e-02
4.389267947240186457e-02
8.837842419508351588e-02
8.155888939243526037e-02
2.875545303397808450e-02
3.922944547202654453e-02
6.224584909607375899e-02
7.268864013558511139e-02
3.829013710733938924e-02
4.749222024283593357e-02
6.208086965876413038e-02
7.918047824283341862e-02
4.836322090399414880e-02
4.794025499311607014e-02
7.080006123073603885e-02
3.962396997987271269e-02
6.039581202395728765e-02
5.859027454555635478e-02
6.426603122535759494e-02
8.619593378223928959e-02
5.432348353136366714e-02
5.525307557027317462e-02
9.960701422887136003e-02
4.969776428312804029e-02
8.645651764661782535e-02
8.873614231273210806e-02
9.201036045756126602e-02
9.728846095117796300e-02
2.585422528176998733e-02
8.298412763020047989e-02
5.073694906442497571e-02
8.519783504590869305e-02
4.604433824591473712e-02
3.406522575313762624e-02
4.962781967353156742e-02
4.053869895444596472e-02
8.270258602634625311e-02
4.506529922725010379e-02
6.095710522671798914e-02
9.524158791472309149e-02
8.425278663462631989e-02
3.365771812903304433e-02
4.269883895393350448e-02
4.668989307692800877e-02
8.409023379703851886e-02
9.739162984887878016e-02
5.460652041368668080e-02
8.466878056966445354e-02
3.114156965721790599e-02
8.800319804613697394e-02
5.270445128727140049e-02
5.602395200371196315e-02
