5.274734583715380287e-01
4.697818248784180195e-01
2.907334518998639372e-01
2.298314447730799848e-01
3.647520935037891210e-01
5.104424050894995624e-01
2.599849569036741803e-01
5.285347003100638874e-01
2.155886998516105268e-01
4.850394633237876674e-01
3.948124424118220621e-01
4.709692586293205419e-01
2.368500792770431851e-01
2.205480457999885180e-01
3.187022038195157503e-01
3.191665706642418665e-01
2.181754071665219508e-01
5.590775250158361853e-01
3.184001813953258875e-01
1.551969407085286856e-01
1.773322611503035107e-01
1.995985696557193712e-01
2.481020342506796150e-01
2.022152670007479336e-01
5.074254545844136821e-01
2.366097511688839972e-01
4.398037031816948161e-01
5.589694835186304056e-01
4.305546603653910287e-01
2.688377271630428833e-01
5.527224291363561637e-01
1.251904522653024543e-01
1.973782578962175738e-01
4.529309397776610235e-01
2.108123442996280017e-01
1.728546936394209643e-01
2.022912910943762965e-01
1.924514808146537692e-01
2.844590142896500362e-01
3.626585107838042887e-01
5.327313287088670801e-01
1.726801385111627896e-01
2.966353185988945262e-01
5.232840878232550841e-01
3.962487051472528554e-01
1.130023289068561726e-01
2.323951219993410089e-02
2.971181939388761739e-01
2.984065990669672597e-01
3.850065141995464013e-01
4.100716262436134296e-01
1.576716087106904141e-01
2.426668755898250818e-01
5.413914979409003569e-01
5.321739141640776660e-01
2.083913693178870152e-01
3.857306285440816329e-01
2.990262120053818196e-01
2.150305972313662217e-01
4.724690250727361929e-01
2.943794201146847367e-02
2.751507434216035608e-01
1.357336384583538447e-01
5.499288249134568485e-01
3.052431966543985853e-01
2.763278069486297395e-01
2.035767422427284534e-01
2.305253384028274899e-01
8.109533522990022836e-02
2.023992710996074806e-01
3.428420889684618000e-01
5.268949013989120411e-01
4.145892846533667797e-02
2.021275280692073906e-01
2.540413597059551498e-01
3.311823073710878362e-01
2.003475117314454032e-02
2.090457186684819002e-01
2.898579448336409681e-01
2.369635397563443768e-01
1.987662203020197360e-01
2.521630072808312209e-02
2.081451399772554500e-01
2.208315116984234106e-01
3.753272771635301486e-01
4.949169194083414824e-01
3.294091043385719564e-01
5.335544752216068165e-01
2.294309735365144542e-01
2.064491318486830762e-01
2.963256076018600527e-01
2.047104488337034012e-01
3.058396599108253455e-01
5.496977934675458810e-01
4.434155618569874946e-01
3.626651194931457822e-01
5.553477361866765438e-01
2.639081950455985370e-01
4.014584256108745808e-01
2.087888801543987816e-01
4.549023573510364016e-01
2.030899001575981744e-01
8.898849892173096854e-02
3.425231292465375499e-01
5.178597445541658351e-01
4.500151577800129421e-01
4.594571109237693962e-02
4.614497312689876951e-01
2.257138374481565679e-01
1.111351558965634895e-01
1.264522519678346058e-01
1.287417636681319477e-01
5.236214404247935272e-01
3.343981316560171724e-01
2.160559222975123317e-01
1.546576149877439410e-01
1.402578740138736013e-01
3.659500143658666604e-01
2.662862273558027626e-01
2.180453742229890857e-01
2.391146808257206269e-01
2.722921621196166542e-01
4.621003265051316089e-01
3.935132485898695243e-01
1.586288036261289391e-01
2.584754976703653728e-01
4.154745552565397015e-01
1.966750714676804568e-01
2.951650720094742275e-01
4.141667429118044974e-01
2.094190474114221434e-01
5.390422022809689961e-01
2.037199536699977054e-01
2.141563245260361681e-01
2.017810120519095973e-01
2.249107026341642390e-01
2.052001155706939806e-01
5.511093686812104098e-01
1.217985767080270731e-01
5.376663879041071459e-02
6.687108506798812579e-02
2.083063758996155646e-01
3.507339333563976869e-01
4.811794446310488915e-01
2.069940681677497063e-01
4.778950319411155445e-01
2.157622341629698570e-01
4.392589537416083378e-01
2.501816865893564112e-01
2.885932712640387199e-01
2.028808388441655786e-01
5.088566340427160828e-01
1.518387382274260511e-01
2.490476607027559408e-01
2.654894394289766812e-01
4.290854762450040938e-01
4.637097830764207451e-01
1.190567525672109328e-01
3.555193059278919376e-01
3.542808892451743685e-01
2.075357645497240833e-01
4.950270412626942007e-01
2.217607965844183293e-01
1.749074649144201354e-01
4.008643489809383120e-01
2.689784567827467887e-01
2.159003164568333855e-01
2.548817093832677627e-01
2.021422993951264568e-01
2.166435081791401596e-01
1.416570470301930229e-01
1.850692194737868779e-01
5.488617746559448785e-01
4.835576956660112558e-01
8.443432213697711630e-02
2.850763755683957124e-01
2.155066639271908946e-01
3.235293552709542775e-01
3.452099556441225459e-01
7.477693743432367590e-02
8.543120619638612523e-02
4.458241909286272953e-01
2.533338967877674097e-01
2.667870549938392011e-01
3.347491734974347710e-02
2.216733651158743212e-01
4.472965971241812388e-01
1.301159661596907047e-01
2.497210031664441887e-01
4.750159259185228744e-01
3.489595082817431582e-01
4.479860956093702495e-01
2.031109393404042784e-01
2.591976890080369134e-01
1.282830414617365800e-01
4.619473910334233047e-01
2.072469087674098931e-01
2.681969491242028880e-01
3.661650487987286318e-01
5.525831341793870921e-01
4.813537006983726330e-01
4.040812075678416881e-02
3.701387532453038753e-01
4.142863733243555280e-01
3.241191663534799816e-01
5.373392540787854665e-01
3.583396839654763300e-01
4.685064193751851680e-01
3.582604465496811996e-01
2.237384452953269098e-01
3.147131370552317398e-01
2.558323059934941024e-01
5.079151853650643034e-01
4.868584716266398105e-01
3.401589836835738900e-01
2.893131747078813709e-01
1.528689207922334370e-01
5.323533665682076421e-01
5.693521935436417492e-01
3.013285129454026379e-01
2.136469789572900679e-01
9.605890136627630305e-02
3.671985531056706220e-01
5.044172296385659449e-01
4.648674331032956464e-01
5.305841574290642848e-01
1.471486578250549015e-01
2.554386802733225048e-01
1.961287314688330563e-01
5.092605239389547123e-01
1.055836478689858304e-01
2.789175166548029661e-01
4.207645929878900404e-02
2.356469156635752071e-01
3.674050589633401365e-02
3.419956934341168014e-02
4.854074749383908149e-01
2.101544350763869529e-01
2.410002168763408226e-01
2.430789457144296728e-01
4.502757714604535000e-01
2.288521605866920272e-01
3.329344827196065171e-01
4.934239033056664891e-01
5.025035483121371993e-02
2.030603077983246796e-01
3.326914201599014409e-01
4.535232220645213363e-01
4.194134328368737119e-01
4.841992628908851626e-01
2.030685643957978737e-01
2.027579792722322694e-01
2.117090888138431770e-01
3.473784108428304429e-01
1.945995786404370320e-01
1.747174251637286235e-01
8.534274426980527350e-02
2.819790553227055629e-01
2.221749060310579393e-01
1.862170788688418122e-01
4.696186935031143594e-02
2.902843645534195494e-01
2.192094846430424904e-01
3.832564437877405417e-01
1.970063100856674632e-01
1.939740794206217256e-01
2.030936727038029355e-01
1.113705336764737458e-01
1.553635842286442414e-01
3.184774490324281948e-01
1.365968716480421841e-01
2.098542055632310055e-01
4.653932994980356508e-01
1.098588488785984113e-01
1.668393583660378321e-01
4.141157408569581810e-01
2.136145230217941782e-01
1.431969494924296982e-01
4.847552784505319567e-01
3.483452204097601257e-01
1.186670001715183359e-01
5.563860963796632975e-01
4.775296906254646312e-01
2.632429894809693582e-01
2.013743752357171068e-01
3.641525413644540188e-01
1.947502108415969657e-01
3.165083370930543150e-01
5.371313949097052953e-01
4.602415676904020869e-01
3.871927219949730103e-01
1.545845979431714756e-01
4.230955267145262155e-01
2.354059008748242421e-01
1.132119481355941953e-01
5.298831017975373925e-01
1.993428817368384787e-01
5.649779336785578643e-01
5.594009843858118725e-01
5.406525351732148765e-01
4.064736500549485654e-01
2.022719558535005790e-01
2.071908376747458591e-01
5.284764851681391651e-01
8.144373780976535415e-02
5.035287677241379045e-01
2.955734082032320242e-01
4.198235235781176689e-02
1.217460919255007878e-01
2.051848949232406571e-01
5.362333082829789932e-01
4.236756660234306526e-01
2.360603550653593841e-01
4.259238080709104590e-01
3.263917132307340707e-01
1.167909420957527061e-01
4.817963962360044539e-01
2.157893316348724611e-01
3.927302958214400896e-01
2.073379650625542525e-01
5.106170390284473504e-01
2.074759293911427049e-01
5.217567050205135226e-01
3.949691013657825045e-01
2.754844274833364026e-01
4.330522229797371669e-01
2.514087767572434351e-01
2.903899219864118364e-01
2.413674268448016969e-01
3.503541576149575842e-01
2.843288393894999322e-01
1.643579438447516916e-01
2.502760611934223833e-01
1.601767305123679985e-01
4.264967823548922454e-01
3.107116819061050972e-01
2.143676039749871642e-01
9.213580368434602652e-02
2.895846674424546463e-01
2.000127990365583863e-01
2.190523142737962059e-01
4.037101111945080589e-01
5.651839768234425687e-01
2.017838983213156023e-01
2.163050757857698236e-01
4.861913885354912090e-01
3.101274035478231508e-02
5.444994742694845291e-01
1.064948250884019121e-01
2.024080692742808718e-01
2.474990141954255263e-01
2.019398811655335746e-01
2.303516020032533862e-01
1.818588743296928878e-01
2.107023965932662279e-01
2.674418937388712281e-01
2.290333367185689584e-01
5.286260025029441145e-01
2.577526223009559692e-01
2.294238333831289944e-01
4.676498851058303319e-01
1.024625752984876376e-01
2.074264547911731094e-01
5.162468127173213128e-01
4.194545733674692189e-01
3.424751457435191715e-01
3.775642218858894505e-01
2.697441749671702915e-01
2.094006783986723796e-01
2.180944931304073520e-01
3.033873674636118900e-01
1.372781293487404519e-01
3.432957212073548536e-01
1.593838068618463888e-01
3.458257022536950220e-01
1.011533250064982764e-01
9.431631250299687963e-02
4.966322676464626218e-01
5.497530180714067516e-01
4.281455404557277244e-01
2.297889638829748449e-01
5.068103555254439563e-01
3.264653111933173979e-01
1.086114305545100023e-01
2.055167253263556204e-01
2.080798048995028404e-01
3.742607261416929232e-01
2.342766585782496969e-01
3.194103818459905209e-01
2.910281848905507118e-01
5.566088474894177462e-01
2.043726313414024054e-01
1.304002952120371095e-01
1.451116850383211976e-01
3.311494139404416726e-01
4.303222187695099343e-01
2.223978342404443476e-01
1.814581325761740194e-01
2.031603962379331108e-01
2.078682139164565457e-01
5.318135265843284554e-01
2.014064252972073699e-01
3.318523447098971069e-01
5.141753044150819685e-01
4.766876722918822473e-01
4.396832371672205197e-01
4.778121226954396006e-01
3.240531330252663933e-01
5.460647706747902008e-01
1.473065710693689245e-01
3.347272118815443620e-01
2.374954317218475053e-01
3.596803348916364218e-01
2.022815011513992289e-01
4.202043547521102096e-01
2.974098118762001364e-01
3.117159949652635320e-01
1.207557911452978444e-01
2.703019578193628369e-01
2.120863285647531238e-01
4.187140633144654789e-01
4.164952798748167151e-01
1.679233385096776388e-01
4.273474391841282638e-01
2.922493860529904453e-01
5.679453278523974857e-01
2.059963312753914366e-01
4.202287690922150709e-01
2.227400872069266180e-01
2.967253937840686473e-01
8.496395932328772160e-02
2.101398891343924935e-01
5.129949859609924667e-01
1.688195176691150712e-01
7.610052976993095242e-02
2.776283276439256431e-01
3.283416026160914103e-01
4.054629112535502178e-01
2.086712581222170126e-01
4.657796841390214326e-01
5.263878485618016523e-01
2.658939031929582475e-01
4.485731185595969173e-01
1.703828472607639422e-01
4.669156687271910910e-01
3.489206405288722279e-01
4.356075735177662445e-01
4.592985789006898134e-01
2.275341841397561793e-01
1.989572919952453389e-01
1.810536522397673265e-01
2.368565848783697469e-01
2.539855142466508342e-01
1.503764434000656736e-01
2.442877873435296832e-01
7.303596675369397606e-02
1.951336482960099872e-01
1.187039657897787370e-01
2.118469377761875994e-01
2.086208801183263295e-01
5.492523155826246617e-01
2.226103663590750792e-01
5.275183952999293879e-01
1.426818098063715456e-01
1.853147339782706682e-01
2.767184447786484869e-01
2.789461884504600420e-01
3.203740345071046103e-01
3.778325321481560417e-01
3.631066081423570124e-01
2.550983369641980358e-01
3.683286521715189443e-01
4.249978392219276313e-01
3.371403358878791168e-01
2.714623301905684238e-01
4.402430469078432718e-01
4.787997858628490477e-01
1.124881323073169681e-01
1.458236171294207406e-01
4.689742401152883211e-01
6.235238317409518699e-02
2.631261712087208937e-01
1.089536641169569636e-01
2.439634495024365357e-01
5.707103593624424098e-01
1.787631743059460987e-01
4.770202516083097422e-01
5.144176661890651481e-01
4.314021950929053384e-01
4.929203003422047424e-01
3.891449893587265452e-01
1.907595781534204282e-01
2.011428127773786656e-01
3.176910524038548678e-01
2.201683607269988019e-01
4.717936639529251019e-01
2.977874576990758304e-01
2.620398639183183498e-01
4.884879326716288772e-01
2.938513009046149760e-01
4.777177864752016889e-01
2.081600753281541150e-01
2.664600846252286881e-01
3.125494424711895980e-01
5.508304210917210897e-01
4.050021633900633411e-01
2.779401713440227684e-01
5.478414743530598541e-01
3.216771772036539634e-01
3.167470582597740059e-01
3.238899225737968401e-01
5.440581978221146198e-01
2.062426878111014994e-01
4.541184643327034198e-01
2.319701100366620972e-01
2.909951225351117277e-01
4.349475299868099110e-01
5.554667807112209088e-01
2.143657947156451804e-01
3.222122457671807161e-01
3.675936667420749426e-01
2.607502678798481743e-01
2.510627863044156416e-01
3.912461339698781182e-01
4.192940351222825685e-02
4.947869271584103834e-01
1.980254716179836172e-01
2.222595742982976796e-01
2.132299719411295535e-01
2.341752216769387440e-01
9.568345205343598003e-02
1.916441227574737782e-01
3.376451743017461760e-01
2.433236166165907433e-01
3.712452179529037721e-01
5.525545806267808668e-01
3.816846277202955995e-01
3.998278855305462814e-02
1.950151068442861346e-01
2.149841454687421161e-01
5.560031685396520373e-01
1.932347652234321367e-01
3.660201935061573875e-01
3.795125822037216379e-01
5.612511727848983334e-01
3.929388199866138409e-01
2.702803957151961867e-01
2.087374017452573172e-01
3.386357821924330658e-01
3.429166317544041220e-01
5.445055383750618816e-01
2.661836615175454668e-01
1.236219810029441923e-01
2.928121262250993895e-01
3.981489368205221036e-01
5.588527057228510619e-01
4.454256139923854496e-01
5.697878265786545660e-01
2.743468050295378435e-01
1.357847012502512996e-01
2.681128547757354319e-01
2.040838368605235043e-01
4.290940280716722399e-01
1.546467125028536393e-01
3.723652726817338610e-01
2.027899169622730535e-01
3.622980443968099595e-01
3.967533081027343478e-01
5.704778008066485606e-01
1.822492531816410910e-01
3.338448529854503022e-01
2.023879914652505219e-01
3.990349666411330820e-01
4.879918866493179186e-01
4.113094736938954221e-01
5.548931754880108702e-01
4.594711157514477229e-01
2.989112735484238947e-01
1.615856556640907216e-01
3.340873210968486329e-01
5.186709752167417697e-01
5.461736016248738279e-01
9.547661561335347991e-02
2.481116819880096747e-01
3.788479522750245465e-01
5.011337782323574963e-01
2.024073100674049497e-01
1.885004364760006212e-01
2.530013606625269307e-01
2.005352239515766910e-01
5.807509645154694533e-02
2.016390125671761735e-01
1.479900477345293952e-01
2.186421911986190791e-01
3.588629427868170185e-01
2.654752618782258988e-01
1.402230322225676007e-01
5.321106831102273560e-01
2.028263232356702916e-01
4.763222861402154895e-01
3.106018406220234854e-02
2.912195762936973797e-01
9.314990557453090014e-02
3.711269070198637277e-01
3.116427422827594551e-01
3.712291878287451441e-01
4.982910176120401990e-01
1.773425975581075509e-01
3.841729328865052251e-01
2.112807154109596908e-01
4.247800156271063776e-01
4.992235824094342078e-01
1.708153244438651852e-01
2.594539396327084635e-01
3.727611165078029698e-01
5.693168803612580486e-01
2.643528457414745514e-01
5.577675906155064034e-01
2.462056270039858219e-01
4.396655407014127825e-01
3.910550217479550339e-01
3.980888142076750014e-01
5.086798567087551515e-01
2.207199262693585462e-01
4.085155299034318177e-01
1.441283497549549486e-01
1.399337244530323154e-01
3.905019731357406432e-01
2.576093075037980129e-01
2.044245551876497924e-01
4.196165365176773854e-02
2.022906169189049586e-01
2.873295471008364133e-01
3.968601947103200245e-01
2.207541286851473494e-01
1.587256525886950875e-01
4.132621228625445453e-01
4.964218858219582864e-01
2.050985159390004420e-01
1.032883061114645423e-01
5.190625339740190247e-01
2.695514914759465364e-01
2.082220774394704932e-01
4.628318346024968832e-01
2.703598877353749486e-01
2.438529417804769506e-01
4.061338244802170094e-01
2.314155447900360096e-01
2.519256918377829058e-01
5.286242421739106856e-01
3.974649604271781600e-01
2.123499087876977998e-01
4.651141124414926442e-01
3.861540730895430817e-01
9.618076374235508263e-02
3.013045501509444835e-01
2.287223226891889338e-01
4.704167339659002245e-01
2.942182638267755168e-01
2.225844874848436350e-01
1.295298521888920140e-01
2.478237378749717224e-01
4.438811039658873692e-01
4.164268634629977317e-01
2.173280097801094934e-01
4.550414089256371586e-01
2.369971904345935521e-01
1.318960018687620750e-01
4.787684229996202467e-01
4.515475867253223030e-01
2.417653615665353861e-01
4.456750703806982572e-01
5.293523267826983902e-01
2.319085961242698946e-01
5.091517605003365032e-01
3.050686250263344168e-01
1.953779825280285154e-01
2.456588715999041272e-01
3.584523753924893641e-01
5.137773341495062152e-01
1.176148329087757238e-01
3.288365782787291969e-01
2.337960714007342733e-01
3.015025679524406255e-01
1.804219318508117620e-01
2.633362542620986679e-01
2.495673534310496322e-01
1.683796841062797367e-01
4.647336931000284332e-01
1.644100513372597772e-01
1.876540507269297275e-01
3.453931697577385385e-01
2.884021027833523210e-01
2.239432140009063599e-01
5.231182299849794770e-01
4.055544963404112413e-01
1.654862189995673916e-01
2.335604018490629041e-01
1.019065969744284983e-01
5.436112646625492761e-01
2.784332663779463535e-01
5.533660903684699539e-01
2.140693960268531815e-01
2.664184256152707375e-01
5.031340505273730335e-01
3.817312455529912052e-01
2.099233998036958704e-01
4.127029916846567392e-01
2.820968395046417193e-02
2.911245316911817982e-01
2.187512586768229905e-01
2.466127775018734369e-01
4.058097679928812651e-01
4.948461165320426347e-01
5.044829935805156262e-01
4.604793398538060134e-01
5.698450511832975351e-01
4.279588014638589510e-01
2.119461760398091699e-01
3.555743499423667520e-01
4.137907140780122672e-01
3.637262448292233330e-01
1.829677856837554628e-01
2.416617116174773205e-01
1.099871301778102273e-01
3.443676496837030365e-01
5.428824244263575904e-01
5.465882652628261118e-01
4.090570300754869937e-01
3.898563676916381726e-01
2.265187102700611521e-01
4.188493688231190171e-01
4.219274929956260550e-02
2.880786432143261910e-01
3.368314615004949220e-01
1.202664314897149561e-01
2.151259259195762996e-01
1.627689364323504362e-01
1.915428577168387103e-01
3.305160980476862242e-01
4.274847371271141006e-01
3.040966790960155097e-01
3.487986274554211175e-01
2.053208573370042533e-01
4.554749891083944013e-01
3.188318450758155786e-01
3.537977956787258238e-02
1.158298222122151749e-01
3.062167128078560063e-01
3.220889869998513344e-01
8.878713751201984528e-02
1.434499682340535653e-01
1.660742149859646966e-01
1.786858956554732702e-01
1.126692753238896644e-01
2.184926540944844009e-01
3.851265689684905680e-01
5.157469208343395950e-01
4.512448706664241582e-01
3.154213324082698611e-01
2.173013476856527071e-01
2.205762006777151341e-01
2.210863077302012702e-01
2.169444661897151072e-01
2.074930745721700609e-01
3.310840026862875707e-01
3.827408426378793860e-01
1.800516053264876182e-01
1.680714624293937753e-01
4.338486655694498428e-01
2.634746579851793835e-01
1.207935870169204035e-01
4.002680817145300995e-01
2.362699221127681493e-01
1.545927494204942798e-01
2.315261326978990952e-01
2.246004896986391886e-01
4.568873286606663919e-01
3.338208388470748078e-01
3.109875111032300299e-01
9.130856764290692928e-02
5.139354417317273382e-01
2.341443248996106508e-01
1.993032947662934651e-01
4.014696507977113527e-01
4.571014543312521550e-01
1.499183635696567096e-01
2.997248131067352661e-01
5.528717314036410979e-01
4.838759700196882396e-01
4.221269040114852267e-01
2.324874684765988048e-02
3.774149905480367329e-01
3.877803485119267202e-01
2.021949876540803936e-01
2.022282043243860128e-01
2.223938450645533693e-01
3.958055113584330598e-01
4.927020496270904104e-01
5.471306318987649853e-01
2.166363627816415838e-01
4.031242563432151371e-01
3.250743086854398500e-01
4.916784934820441211e-01
2.054505623765628397e-01
4.830631347967202505e-01
4.541233645228418547e-01
3.911784697437191705e-01
3.315376867578425091e-01
3.323302568912313987e-02
2.508899431570658090e-01
1.995857430942361010e-01
6.228223433136959031e-02
2.427037678358537898e-01
2.730566070698383502e-02
1.353280835818705674e-01
2.331037919457361329e-01
2.784424939082427719e-01
4.270349318122641791e-02
3.886726791783205459e-01
2.162455238741779195e-01
2.937523066405436367e-01
3.078126972141812523e-01
5.236263878850111464e-01
4.746705503848231977e-01
1.427579342905627158e-01
2.028805057473860585e-01
4.118398552640094024e-01
2.326287920964634492e-01
4.590030481242335925e-01
3.143414119342447521e-01
2.947871791740961922e-01
2.445701287636274368e-01
4.528170564708864920e-01
3.302036212742504029e-01
3.260579916254823796e-01
4.609239945142556971e-01
2.121047025097471672e-01
2.068733653996039923e-01
1.089581862091864861e-01
3.161985169227341519e-01
3.692974568686505643e-01
4.749410141712653854e-01
3.825427137035589120e-01
5.268962518619189073e-01
4.008443220191109657e-01
3.300039475815242929e-01
3.799455179000022498e-01
2.758804565797294203e-02
1.632107673639142109e-01
2.346070035289324340e-01
1.998316741880964698e-01
4.000484664116897848e-01
4.242747348413977160e-01
1.691571251359335060e-01
5.515960560735360119e-01
2.060772059902298281e-01
2.375703404039328503e-01
3.915234811782699054e-01
3.218062499657592390e-01
6.310158202537691219e-02
3.793677206426003257e-01
5.062071074259255621e-01
3.086694025198756242e-01
3.689137130334531056e-01
2.039014791898305368e-01
1.410554003425229241e-01
4.296636397982421807e-01
2.247182726492411020e-01
5.267615365988840281e-01
3.885969104688178355e-01
3.450700981528497246e-01
5.316111155886436013e-01
4.896673943139421281e-01
5.432757705493267419e-01
1.996525919234104218e-01
3.017258392774915254e-01
4.463297828230738395e-01
4.704815606396762218e-01
2.167104873346804572e-01
2.288153417626372921e-01
4.363400403004195072e-01
3.615061646774487408e-02
4.796450704661917586e-01
5.244918040203078169e-01
2.070341668484463882e-01
3.068341000976361199e-01
3.478702179617075840e-01
3.895108771654721691e-01
2.385325023323642268e-01
2.907149504866846645e-01
3.050350989917540723e-01
9.099236012438860488e-02
2.699905231130637073e-01
2.023686564214541017e-01
1.088265185834534354e-01
2.056347669636739428e-01
2.523926230728896769e-01
1.987098607094771874e-01
2.407641111633680442e-01
3.528812216355958764e-01
3.037721292244924265e-01
2.681103915653104131e-01
4.893350700688907651e-01
2.416784968524399724e-01
2.585180973974929852e-01
3.485595923102454696e-01
5.438083111918858709e-02
4.078054492416373078e-01
5.097484402232461964e-02
1.571817977917729092e-01
1.955288200233647189e-01
2.400873395696737356e-01
3.258385862810650457e-01
2.263151628838936114e-01
2.391769501786956409e-01
4.293512128579602960e-01
3.071368177964611257e-01
4.366812895028684971e-01
2.397222726226142797e-01
4.268890510017128714e-01
2.025823232012124719e-01
2.449678782506905239e-01
3.647152936497298215e-01
5.453836985257077830e-01
2.020702893272163791e-01
3.798877750270180376e-01
4.561425798270048459e-01
3.594801824302994997e-01
1.423347187623603127e-01
2.025308839816264139e-01
6.675656290911877178e-02
4.588436623407818882e-01
2.000364286017911053e-02
2.010219676700256697e-01
2.924693603492740102e-01
1.937766056425679895e-01
5.600276542068563512e-02
2.726118265849962197e-01
3.121581939769691935e-02
2.864105225262403853e-01
4.763247750800686520e-01
2.348681768915173163e-01
2.527883531867014533e-01
9.822153773605614424e-02
5.127497351704113360e-01
4.576130598410529937e-01
2.712351273788476957e-01
2.022927772116583367e-01
1.983595461250783620e-01
1.714383624235240045e-01
2.443513966010240901e-01
2.344797665491997751e-01
2.790205973640099701e-01
1.464224636104777266e-01
3.281133103926737182e-01
1.636335577623029003e-01
1.671360405142165440e-01
4.368623186422024296e-01
4.936152413118374271e-01
1.373031596490119632e-01
5.528779718053252745e-01
2.653101104932282239e-01
1.604476040174763751e-01
4.327959863369065241e-01
4.058730435157040239e-01
4.930443882391324223e-02
5.008658711852579520e-02
2.345049410648300525e-01
2.367168944657352669e-01
8.201294780433403264e-02
5.110808058744495952e-01
1.868325672734682530e-01
2.023019780591288896e-01
2.756507835172821164e-01
3.422336342015349642e-01
5.090343447242127173e-01
2.082355308035868102e-01
1.282059943716531425e-01
3.554501112126989271e-01
3.893267070407654962e-01
2.495220767325367905e-01
5.358029557615580085e-01
2.596934596051590494e-01
2.041428548703724533e-01
3.941362608896054054e-01
2.545142395400450397e-01
7.374467830028316739e-02
3.005942768854123481e-01
2.850955004654603941e-01
3.060086342256324032e-01
3.012030052382536627e-01
5.276344486616525442e-01
1.750337149812998261e-01
2.679580311256786751e-01
2.718097261883452020e-01
2.557578086441795184e-01
7.780535367596853880e-02
4.629675345950226006e-01
2.045096796458474031e-01
