7.289392541442278606e-04
8.704002199752776999e-04
6.423109784441612992e-04
1.065406007336848655e-03
9.023776316428572643e-04
1.118125112990382653e-03
1.222949809101337012e-03
7.735672865190908578e-04
6.924629268686516249e-04
8.824705514600433192e-04
7.635443725932768762e-04
6.168228312652330233e-04
1.465784266379344071e-03
9.252807758554551900e-04
5.979575563669287455e-04
6.861960565318446633e-04
2.101173392487425823e-03
1.280951002496882483e-03
1.163475470199328878e-03
1.142674179731036467e-03
1.435965002915268705e-03
7.761197855314098037e-04
8.418004295862557525e-04
6.140111406222639691e-04
1.043224984783669689e-03
5.947224437779325898e-04
8.967457168164859500e-04
9.648931343082518906e-04
8.307443419828969841e-04
2.530787920434666473e-03
1.140516762944367678e-03
1.252237497451755581e-03
9.267522506914159562e-04
1.375899920150480855e-03
1.393678123830245511e-03
6.538559598317702235e-04
8.503859561279400025e-04
1.006536566491008549e-03
1.667277552361632123e-03
1.010717993948722325e-03
8.084288676605950975e-04
6.902521762391402834e-04
9.925883952799751785e-04
5.849259859996218218e-04
9.622605188956605358e-04
7.425207818100423634e-04
7.869786538404312595e-04
6.994295148725195119e-04
1.139836410429063973e-03
6.007325988115880776e-04
1.798941801228470588e-03
8.802190500822498808e-04
7.869538033300613926e-04
8.480262757772415259e-04
6.511910193643273819e-04
7.707334411713387271e-04
7.453715487093016175e-04
9.624104830895923324e-04
5.747399685548807216e-04
8.903777609782130911e-04
6.584153123040106456e-04
9.679012000741408096e-04
1.091352283787039084e-03
1.162006933516360066e-03
5.846472485996791332e-04
1.265081901180199189e-03
9.054128792692092784e-04
1.775840818916128803e-03
8.077460477860470660e-04
8.205319884342386410e-04
1.249346431271307865e-03
8.117984407923062697e-04
5.993221987904449400e-04
1.049180113765940062e-03
7.690671140686835498e-04
6.727401427715599957e-04
9.954081104668122734e-04
1.110238015664489174e-03
1.600605698575158827e-03
7.257034660604403092e-04
7.400301850976168409e-04
8.674421086016405455e-04
1.675756786232954210e-03
7.816676812023121102e-04
8.918006485497349594e-04
2.013701106157537307e-03
8.876331123922085809e-04
7.867848721167334386e-04
1.436195870785603483e-03
8.792641072647601605e-04
6.194386527294481158e-04
7.177159194877811167e-04
1.000352977518079861e-03
8.226980261005600436e-04
5.676714849990664681e-04
1.128715453570385647e-03
7.914029764186723392e-04
1.034580993124209394e-03
1.466335163435783170e-03
7.310193603876571780e-04
6.841278207315066055e-04
6.541189215958606888e-04
5.995799430367881313e-04
7.158756254322665635e-04
6.100073908359985230e-04
2.830185505457402315e-03
4.899383515254977783e-03
8.186351589734164194e-04
1.141118475590100281e-03
9.529269683540330174e-04
7.481799132098538403e-04
1.039413200746622983e-03
8.076277408608730814e-04
9.090895534629594597e-04
9.559082749802718390e-04
8.758745454458643749e-04
9.353114210142106670e-04
2.526847906747791903e-03
8.722099077276358791e-04
9.595956535352000681e-04
7.824212701856174184e-04
1.300279211551041330e-03
7.287933634935068192e-04
1.006596181719875052e-03
8.201942235268931767e-04
7.468407840919218414e-04
8.852974510205874727e-04
7.937451796659174491e-04
1.098615085972539252e-03
1.037075177805310338e-03
6.512910392969763944e-04
7.490710341181366179e-04
9.094247841212755451e-04
1.004182888565139167e-03
7.257956473666667824e-04
6.973715588963891451e-04
7.042594489093076697e-04
1.435212913597227764e-03
1.015823313200473052e-03
1.355251617949286167e-03
6.422958934218957932e-04
1.590858021191719502e-03
8.410704126018875206e-04
7.618126464901481482e-04
8.589764684781691370e-04
9.438300787444093166e-04
1.308496932349890790e-03
8.833839676772444957e-04
6.554668163920565529e-04
7.006235921150725122e-04
1.283168951859796391e-03
1.054616796142494352e-03
6.335776880067317410e-04
8.931715255695656282e-04
7.242695990608443747e-04
1.510711923875395542e-03
9.602483361206669158e-04
1.357683150881157548e-03
2.064391300432719123e-03
6.863747861246499802e-04
1.034789297130015839e-03
6.368171904934445031e-04
8.610389669876784662e-04
8.132750718759914005e-04
1.251878375007298540e-03
1.664087607781815185e-03
6.069937536237944532e-04
1.028749514424398071e-03
1.186916878083485579e-03
9.371969144177048081e-04
1.065790574897448927e-03
6.710775060572039125e-04
6.426016968475734828e-04
1.094874054197943246e-03
7.831254574452614333e-04
1.129272166893755501e-03
8.297661228294328332e-04
1.105624785767884933e-03
2.232129433706673671e-03
8.421891452352356453e-04
1.032133873373958840e-03
9.867198255536855766e-04
6.744904717136703236e-04
7.306914572194914354e-04
7.643167865851404653e-04
7.549329653716885550e-04
9.081237253397600896e-04
7.656480012839328789e-04
7.514640469660535237e-04
8.832341542921233425e-04
7.378665487336706977e-04
7.595926601072156481e-04
1.034649042892440800e-03
9.028756720584637076e-04
1.095373095791376964e-03
9.751029675514217296e-04
5.893748023144990567e-04
5.810311331179552176e-04
8.930841664539069082e-04
9.689033987321648157e-04
6.221280231658529204e-04
5.889450258864265811e-04
1.946108080525524612e-03
2.332346467131587650e-03
1.022881565615465062e-03
1.133340255821059690e-03
6.437094719438884961e-04
8.555107756540012874e-04
9.016144813567477734e-04
7.143140662790473192e-04
8.117427584585078671e-04
7.275896768093989466e-04
1.722716835758295040e-03
1.086207065302984866e-03
1.188357611556840670e-03
7.402456360492147601e-04
7.045928976787581288e-04
7.662230998328481641e-04
6.116701469307825670e-04
8.969845639493119211e-04
1.122311425102375144e-03
6.535119759878874708e-04
6.472841391527760311e-04
1.008534095607823257e-03
6.826897073851321282e-04
9.557590551326874051e-04
8.637971215492580958e-04
9.251018277766514825e-04
6.481964271995595533e-04
7.225010699976635491e-04
1.162689845035059025e-03
1.147071707117686828e-03
6.303436020775244524e-04
8.817237660131604015e-04
1.365971650161515666e-03
7.991909956353403103e-04
6.827500352119717734e-04
9.577826757774658998e-04
1.071037062458799578e-03
1.382464042270357919e-03
9.803746216406692814e-04
8.692087565566907793e-04
8.301670731787822973e-04
5.994312636210089073e-04
7.485733916030278814e-04
1.166137045071352499e-03
7.419566432115146451e-04
8.439900159972240279e-04
1.312123616106999078e-03
6.611759864555979364e-04
8.469325429093061634e-04
1.345847418811635821e-03
8.993097003724268750e-04
5.931453246855304152e-04
9.724002216730403842e-04
8.165544890218328364e-04
9.026899905327746484e-04
1.296924475216782889e-03
6.988606036988430185e-04
1.599897241488387311e-03
6.036195646020610763e-04
7.020793591496282075e-04
6.346084015925294603e-04
8.566597284453724478e-04
9.649954640216494052e-04
8.332256619516997722e-04
1.318870245222140535e-03
7.630716303002495335e-04
7.085095944925765476e-04
9.078876586861127232e-04
3.849761584436725299e-03
8.074461759483723749e-04
6.580124485199110185e-04
1.457568717377591156e-03
7.253691642074762977e-04
7.956066275704656724e-04
8.755384054960650350e-04
1.737409144582048896e-03
1.642097289906235000e-03
1.005604465707327089e-03
9.369231876095175356e-04
8.593854994943203075e-04
9.066644898463523420e-04
6.407843696112298969e-04
9.013627043737492761e-04
1.215992362295529022e-03
6.516871524119195345e-04
7.808418003556516539e-04
9.455405238991568349e-04
9.461398642352280078e-04
7.730913901539622534e-04
1.289121725470048028e-03
1.023529795540344123e-03
1.542958424588772868e-03
1.138598914552281125e-03
1.089167832326554510e-03
7.023834496954287901e-04
6.185285881537818872e-04
1.067292116685875222e-03
1.122383978512149797e-03
1.095738268881536357e-03
1.198899433070928309e-03
9.472018619491949076e-04
9.855885751583535852e-04
1.017807814642765702e-03
8.951723702785264417e-04
9.038967283746038566e-04
6.490619937727058752e-04
2.294073575838763597e-03
8.451519744680640071e-04
8.692586032788079085e-04
1.028943810691513314e-03
7.455645132410794029e-04
9.314167998394521720e-04
6.679941650996048738e-04
8.896844390493798211e-04
1.121745076472086206e-03
8.282910477112446655e-04
1.968244294211366277e-03
1.143116427699753445e-03
1.266626441169688318e-03
7.582281849563609960e-04
8.150079162310451064e-04
1.049405473883174237e-03
1.469173121088394787e-03
3.336068726958848346e-03
5.646260945008186672e-04
1.330814396229742852e-03
2.858353849659919788e-03
8.112525558462014685e-04
8.536315762673016587e-04
1.190452387255629520e-03
1.844345414778921768e-03
7.818830057451062491e-04
6.178199327985564159e-04
1.320217165723925517e-03
7.725503691503082977e-04
8.150903943585248706e-04
9.996337876713966286e-04
9.511004123220184042e-04
1.184008047626234185e-03
1.379303533988016474e-03
6.798323200803673815e-04
9.690160928776814101e-04
1.017147572632228023e-03
9.260737748022480984e-04
8.368428370479488254e-04
9.435778539411786422e-04
6.974627155367139029e-04
8.699721788950725817e-04
7.997600991771250086e-04
1.142716553599317430e-03
1.372439342754656509e-03
6.244639616035838840e-04
7.514454800672648030e-04
6.451352928004307338e-04
9.438249650901097245e-04
9.751004287126207540e-04
1.110073708753059763e-03
6.458325345940768439e-04
1.318006745487976510e-03
8.144930390862671100e-04
1.045555930229451289e-03
7.638823427355717101e-04
7.801875127450340428e-04
7.717086928363928221e-04
8.091989007655453914e-04
7.435232648224026708e-04
7.912311840053896884e-04
7.031986698484081174e-04
1.066180701512233625e-03
9.788649975869436869e-04
6.753500155077293409e-04
1.018093822814301365e-03
8.829704382640631271e-04
8.616372985326376877e-04
7.866744413909710926e-04
9.032662855650285547e-04
6.397116977187938206e-04
6.629285860977083633e-04
2.072904783683761094e-03
9.936585627105382328e-04
7.844273678537433186e-04
8.370655139283241690e-04
8.030251452743681273e-04
1.106939981005732954e-03
1.765186115744869170e-03
1.035217080097028137e-03
6.701992932053658144e-04
7.069696033817080959e-04
1.149484563481438688e-03
9.877031840586814222e-04
9.749950408481754130e-04
1.001290578029442619e-03
9.740193165083756198e-04
1.507709411371331186e-03
8.490602738645944194e-04
1.075504214395849294e-03
1.647955345345008876e-03
7.239408552120425245e-04
7.341443347084939362e-04
6.177326651680294491e-04
1.024276166167391224e-03
1.678337956854573888e-03
8.101821563174905301e-04
2.986785993628097383e-03
6.694379216123450818e-04
8.220105728929895297e-04
7.406072450520237091e-04
7.478533341415094212e-04
6.335354219545092681e-04
6.175712823842903487e-04
7.175162088645456330e-04
8.652329315119217015e-04
6.259551682771304906e-04
9.092840551787373425e-04
9.917672807661676460e-04
6.633757019956925977e-04
1.435032406880544812e-03
4.239750266313945318e-03
1.470533453963355618e-03
8.977737904331460584e-04
6.739772534484821196e-04
7.450819105562732619e-04
7.024055163656617307e-04
5.997558835571198226e-04
1.750690167738790364e-03
6.071597171011308821e-04
8.056159932733102580e-04
1.011546205776884351e-03
1.053890436581103769e-03
6.807204826344713435e-04
8.319235929993178732e-04
7.949382141703687475e-04
8.781819643672926327e-04
8.002903946350118942e-04
9.998733730155343405e-04
8.482404734202405065e-04
1.083710421290611219e-03
3.425476827202667256e-03
8.027885114063704024e-04
1.097895059289854701e-03
2.382573728017394008e-03
7.417257771352408612e-04
6.983290236367939397e-04
2.229932881825045284e-03
8.646511391221452540e-04
7.161817489828443658e-04
1.142651204814304359e-03
7.142191012148012838e-04
1.258232022721692120e-03
8.170090484888778946e-04
2.084644911520918721e-03
1.071296353324329874e-03
9.019401649711757726e-04
8.504328106663075525e-04
7.139216337573196921e-04
9.729769214604395977e-04
2.894057752121011531e-03
9.795272208691896930e-04
6.698018281778055560e-04
8.131091372497032581e-04
1.860393124421444401e-03
1.080752051889295956e-03
7.806077770311514469e-04
1.121020880577128708e-03
1.126669852856060361e-03
1.416337964618976644e-03
7.957316335780184342e-04
7.390214176137586488e-04
6.882348527632713717e-04
6.905626326946069172e-04
2.163124601683888253e-03
5.788590927132041203e-04
7.632516128759944760e-04
8.132096549855212910e-04
1.420543084506984766e-03
7.365168602084176197e-04
1.360815625596115087e-03
6.526740538937725886e-04
1.081583426196316196e-03
3.387243876601712077e-03
1.065298988235662252e-03
6.957682439834423195e-04
1.107611864121525085e-03
1.778288412656659975e-03
6.656996408908719045e-04
7.168149360036358978e-04
1.095890397442620453e-03
1.199222607476792615e-03
7.413035410926115945e-04
6.956295862529871454e-04
1.679322248706321616e-03
1.376984109573852096e-03
7.187946339541485385e-04
1.215578323178390227e-03
2.059390612978541975e-03
7.567746919944238820e-04
2.030334573994692447e-03
9.549696239396488189e-04
7.952756469145341126e-04
6.845957426157605252e-04
6.679766434377556886e-04
6.606629676144577541e-04
1.187103670215261227e-03
1.111033484396490786e-03
1.472806561661272294e-03
1.265035088227414164e-03
6.159167119003352208e-04
8.741596226504434698e-04
1.103550833676145062e-03
2.051985008470494365e-03
1.060223487101063589e-03
8.764040722001396454e-04
6.690844162940897148e-04
9.166472180781211343e-04
7.641714125103709265e-04
8.386292320177904207e-04
6.959642294561776705e-04
6.130422410195697025e-04
7.083526636578576022e-04
1.304245178405841850e-03
1.191843800770537275e-03
7.434557837297242015e-04
1.253669385842858105e-03
7.262410919365243399e-04
1.027618526911574593e-03
1.525921135167200094e-03
1.050121558393292756e-03
1.116763096809344396e-03
9.294373589094237454e-04
7.647822798648350661e-04
2.304154989956903876e-03
9.473076262742218152e-04
1.069472471748430164e-03
8.720156259058335288e-04
1.227663708342270404e-03
1.592677387395725550e-03
8.882945947550085651e-04
1.010486826801381592e-03
7.735747303360710966e-04
1.237516013208370732e-03
6.336183579042736725e-04
6.167961670227208168e-04
7.565040251182648555e-04
9.150014363841661377e-04
7.661847479084810727e-04
8.173702279361356668e-04
6.215906759354467102e-04
8.337616500669163414e-04
1.207094644499339883e-03
6.620481290742807109e-04
5.681116343710680954e-04
9.675520552140669294e-04
7.670868731355205304e-04
9.608481034080985309e-04
9.042507229656545709e-04
8.787356011046374826e-04
7.298892441235970471e-04
8.855412996842356495e-04
5.899075981717739154e-04
9.491746988954570270e-04
8.087050994102730397e-04
6.218457702359521605e-04
8.247744496644440412e-04
1.171490926779565275e-03
6.957011767380447305e-04
1.539412160662721393e-03
9.364064762620953868e-04
1.294965491256323950e-03
8.180951525404015542e-04
7.882450242619260449e-04
6.871182235929242490e-04
1.848657623104615292e-03
7.029342152025307112e-04
7.748275651051026456e-04
1.245605761085369963e-03
1.482846782477146566e-03
1.146491584034297186e-03
6.472237550978212316e-04
7.339421582066104786e-04
8.139020134321519034e-04
1.012865158708398366e-03
6.009567572334206451e-04
8.089233145434016536e-04
1.218143003232431340e-03
8.603642145396227930e-04
1.683954104824537381e-03
8.178096460969935767e-04
9.148716971537850483e-04
8.939788870943938441e-04
6.917135691951621906e-04
7.192944840966462210e-04
6.462425426433005167e-04
1.057094075359650120e-03
1.196834859158635430e-03
9.778964294696653597e-04
7.952544803224512052e-04
6.427214757018434371e-04
7.309654652934724581e-04
9.702197879303386258e-04
1.038569737976188009e-03
1.076483490203364269e-03
1.564453682472862666e-03
1.062322346378172331e-03
1.360509741529757717e-03
6.746187914541462369e-04
9.224797126139459629e-04
1.118119166965040852e-03
7.541995110061198992e-04
1.120134973768548712e-03
8.675946812480927290e-04
6.174956638842413323e-04
9.775295681569090914e-04
8.070462790679399376e-04
8.926228166290072884e-04
1.075629839316830701e-03
9.073287488697243672e-04
8.509950260651132905e-04
6.571267185110936772e-04
7.584717769270470393e-04
7.438237099033140950e-04
6.198574070141156869e-04
7.083779519783991573e-04
5.616553307854116371e-04
1.115566198794507025e-03
1.050049686793500707e-03
7.761870098333670991e-04
1.016068908436727064e-03
1.187444653956906812e-03
2.221947374436484580e-03
5.896393999191669932e-04
1.090580103878201028e-03
1.082253899961939207e-03
7.145693736198763246e-04
1.067367635382445498e-03
8.645578373374635363e-04
6.488044910188792060e-04
1.311694277963420478e-03
2.582858586461233685e-03
5.787063258863499272e-04
8.885313906948467217e-04
7.377618003963579965e-04
6.832123576422852434e-04
9.199410336570575759e-04
1.941184938069495441e-03
1.177685842072383107e-03
7.055822781808550413e-04
7.339367692523368798e-04
7.615681560377498974e-04
9.488041112404660892e-04
1.050329071428936136e-03
7.459183295254189243e-04
1.053374867098540472e-03
6.404082749636066507e-04
8.728240803799063073e-04
6.174891393005832582e-04
7.095999868321678419e-04
2.174267147799125062e-03
6.402538617047572695e-04
6.899294330093156194e-04
6.258137622588712777e-04
9.096764374758398381e-04
7.783435272571477982e-04
7.688124667920579261e-04
1.013955301917562760e-03
8.475110869059250670e-04
1.140513923852126861e-03
1.293794640567586841e-03
1.206055591201553139e-03
7.395108187894765131e-04
8.565894050422015417e-04
1.291911119206247925e-03
6.818662209918329538e-04
1.336650234383861486e-03
2.813788918125799572e-03
8.164421796231030809e-04
8.135454609313904316e-04
7.454662235023487571e-04
1.334249338033413569e-03
6.653446103517149206e-04
8.730708775614781170e-04
7.082582278324942113e-04
7.004967486730488994e-04
7.080350455375867018e-04
1.098840675445212365e-03
5.643042854881953228e-04
1.210168211319204287e-03
1.109128819481394225e-03
6.389620415105288186e-04
6.893071818151357607e-04
8.513151147565799475e-04
1.011523102303183786e-03
1.014934325751776353e-03
1.146331744889210859e-03
1.041400198411903929e-03
6.974487453003924003e-04
1.019262951467402424e-03
1.857338453860025995e-03
1.059947573568432218e-03
7.426972331210756739e-04
1.387833992135933297e-03
7.604916306694134692e-04
1.458864764560902907e-03
7.529112819293232997e-04
1.015457819213903302e-03
2.721972313970625126e-03
7.723834604204689704e-04
7.574613445248719193e-04
8.066812494244521856e-04
8.298044446344131223e-04
6.828998666127600098e-04
1.340383384447993735e-03
1.153734990993002729e-03
8.027896087953175852e-04
8.355694757522615698e-04
8.259697116869463198e-04
9.881998571084937063e-04
6.656114539885918174e-04
2.814522507982136247e-03
1.008043478472086304e-03
8.372294995496459965e-04
6.681033165146099554e-04
7.383249576231000130e-04
6.026974830905178042e-04
7.436266883682114432e-04
1.314976293694651967e-03
6.761749460138521961e-04
9.646233815551515794e-04
8.395369081327121435e-04
6.730414581926735633e-04
9.154587672948092487e-04
6.081710641474696866e-04
6.480374911803779081e-04
7.472084935874240448e-04
5.994872463293474379e-04
1.652773963291612018e-03
1.201053116781976770e-03
7.510354323695103609e-04
7.804966491274309415e-04
7.500511464877282573e-04
1.154632076080536023e-03
8.982033761127514908e-04
9.548524258295123428e-04
6.436807003521864993e-04
6.041036261635679763e-04
7.243888106513000653e-04
8.907590599847257104e-04
7.097270749214873659e-04
6.228455839909917587e-04
9.078059412344502161e-04
1.046158196616819771e-03
8.127764477265932933e-04
1.592860378937294499e-03
7.682252997177841042e-04
1.052707639411916809e-03
1.902211850037566166e-03
7.431732687030989095e-04
2.061965935298920582e-03
1.095951347454622322e-03
7.335735759026907211e-04
1.000339817449913795e-03
6.124070519216112500e-04
8.547938570332850108e-04
6.186913213289466215e-04
1.043458873361075446e-03
1.058134406219930377e-03
6.702784770831412848e-04
1.263987407406133622e-03
1.012647004394592312e-03
8.109762835626830278e-04
7.270142103748953493e-04
1.054186909447672694e-03
8.660034988163342216e-04
2.027448080247884130e-03
1.074438568114227796e-03
8.836991551788516992e-04
7.530292833273226523e-04
6.228924191488288166e-04
6.781449126394420912e-04
6.905211858024249165e-04
7.798120397522358528e-04
7.467781959655930618e-04
6.313009316035303247e-04
7.572008951407788570e-04
9.212477394857462214e-04
8.305107484202207783e-04
1.569365576034749930e-03
7.499077426962303229e-04
7.032740625999111921e-04
1.009022592336775810e-03
7.195614790507655996e-04
6.476193258962483499e-04
6.315057883309462905e-04
8.035412567931650299e-04
8.579437460282977402e-04
6.147993829690145398e-04
5.953971658168304322e-04
8.384848567809241116e-04
8.238070925059667220e-04
1.408282706926095636e-03
1.946383191998847257e-03
8.194511058632203285e-04
1.081857269331935531e-03
1.067381102692957712e-03
6.238362633443967535e-04
7.078520399008183519e-04
8.782030461908058808e-04
6.960104659022657136e-04
8.261787554703070840e-04
7.076308874035343354e-04
6.754756569609778397e-04
9.576117132038293586e-04
1.165944021222216180e-03
1.131210907779901711e-03
1.250614980813870812e-03
6.350820026541781219e-04
6.479476543670171238e-04
8.027723164615183310e-04
6.382305079527354763e-04
6.536840172699938910e-04
7.041973823799083836e-04
8.462806667322872543e-04
7.857303422271959097e-04
7.958326536626465861e-04
1.226422774822361669e-03
8.047188545100813486e-04
8.762210966096012311e-04
8.621007966761865850e-04
5.950093887303162417e-04
7.074296779602427202e-04
1.370068511987505670e-03
2.895859289532784226e-03
1.056150036534450869e-03
8.338426979472826541e-04
1.535716709598265468e-03
8.888463012410978154e-04
5.800093526609611258e-04
6.384552132298748498e-04
7.954055262460836074e-04
9.493024423884323772e-04
1.946834105958995201e-03
7.677207274003404296e-04
5.802924699842272561e-04
1.125185332259120291e-03
8.372974473039036369e-04
1.095938687350442049e-03
1.496871907488414371e-03
9.967897260003953132e-04
1.291187507419902600e-03
8.851414689647057066e-04
2.337910351726911386e-03
1.070080074227592552e-03
4.216958841527114303e-03
5.757060725878983048e-04
8.900200564628139637e-04
1.130930641341832549e-03
6.648385364521537015e-04
5.704265508578238364e-04
1.564860826715026246e-03
1.850708550370202057e-03
1.718089086520950678e-03
5.767321024105500314e-04
6.560517012710457337e-04
9.267482189108347968e-04
7.907380630079604254e-04
9.627173330188781852e-04
6.969455947513398955e-04
8.322065171805055010e-04
1.189506779560010842e-03
1.142207868172766217e-03
7.013864284941895896e-04
6.991276982670657130e-04
6.317665798204789244e-04
8.198943687086021094e-04
9.732116161002015396e-04
6.744645935576725751e-04
1.117324717562936205e-03
7.675901303996766943e-04
1.202004199070453487e-03
8.236697623129314930e-04
7.440043674670567160e-04
1.842695159939106110e-03
9.820302794021694252e-04
1.130903743825951730e-03
1.248331258425797998e-03
7.213169280096352323e-04
6.560865155357042478e-04
3.210697498277332793e-03
7.556212174294349654e-04
1.244069746106267037e-03
1.146468718558382163e-03
7.881999272367296245e-04
8.361759150406114071e-04
8.014777603623060879e-04
8.234934446970827715e-04
7.552977825515961577e-04
8.606377064826339299e-04
8.566880260667197270e-04
1.728085057753757370e-03
6.825580280074059576e-04
1.026161131395617303e-03
8.887061991023919747e-04
1.017455110454885915e-03
1.483364726807840945e-03
4.129550336874322769e-03
8.649528385291396738e-04
1.256074182962299427e-03
1.145539128587819968e-03
7.278375299655133728e-04
8.561769063554680505e-04
7.921803126672257367e-04
6.736054866355994106e-04
1.764221741773388001e-03
7.258224077431207249e-04
1.323447325048744813e-03
1.403412128569281889e-03
1.006787381808569659e-03
6.488837185072448589e-04
1.263508835041041081e-03
7.203638732071434344e-04
6.760001058236992559e-04
9.039011777261276833e-04
8.479914404631470545e-04
8.079885037337895337e-04
6.666355606164512141e-04
8.763002247806615276e-04
6.179335806053557660e-04
9.282630791819992001e-04
7.962784158443730236e-04
8.780061754512523452e-04
9.070652623324944623e-04
2.438782453884481231e-03
8.765888345362024894e-04
2.674065461020379633e-03
6.319592928172548980e-04
8.488342635983276525e-04
7.076310042425572756e-04
1.277839424571302175e-03
6.747223237634146194e-04
9.807736048664018619e-04
7.736511100064914206e-04
7.860198827402911257e-04
6.132087723994058973e-04
8.981092263754225473e-04
5.684122601679872161e-04
6.346879225845298124e-04
6.221522206164314299e-04
1.995610722535197997e-03
1.205507681574637851e-03
9.927448049343115272e-04
9.308355684885435402e-04
6.287133614270071745e-04
1.002346754061805281e-03
1.132525513430964522e-03
6.622358021849124136e-04
1.212248200113606213e-03
2.147630256879791075e-03
7.335018640995869237e-04
8.098882925919832299e-04
8.215495661237925702e-04
9.371496403376913678e-04
7.594750944705437080e-04
8.752293394049349756e-04
1.238315859047749634e-03
1.307464153318630079e-03
6.317666277089705991e-04
8.876243278865543311e-04
6.371809951068628996e-04
9.820178545475609280e-04
8.041819560835720710e-04
6.240019111162395339e-04
6.234659727805887423e-04
9.168016538435259455e-04
1.001510829216893444e-03
7.165719099210932736e-04
1.036704504854782600e-03
6.828141564089790965e-04
7.719876440488100721e-04
9.118652028961342316e-04
5.940855483981648255e-04
7.086616181606338700e-04
1.162803578239065150e-03
1.249454388069115574e-03
6.504360694458570557e-04
8.496998283508206459e-04
5.971201980221648841e-04
6.575665753965844905e-04
1.221590738235432683e-03
7.953607918589069518e-04
7.024602251727786635e-04
1.029593430522452412e-03
6.225970438467362620e-04
6.928667192743633669e-04
9.472041062997913364e-04
1.038562800268553717e-03
9.929702024028526450e-04
1.208004379493331443e-03
1.824342779034736958e-03
6.739031745434327690e-04
