8.056371121374947090e-04
1.487551548867117055e-03
9.116519579423023895e-04
8.719105645079304641e-04
1.243676936794312245e-03
8.927318542238053128e-04
1.479542697430555071e-03
1.687588598129866882e-03
1.196297514230899644e-03
1.027001806620434551e-03
8.055347374861616602e-04
6.810056710714023753e-04
7.778836210313852181e-04
9.142075127194754887e-04
1.728781181741087872e-03
9.597511236191375028e-04
1.479990571923915383e-03
8.671373056298293082e-04
7.077467980109474529e-04
7.099261058896932193e-04
1.748551032923216118e-03
5.959249760964374643e-04
9.490384067727098381e-04
1.328237318805591642e-03
9.275161634341585418e-04
1.385276561972463745e-03
8.327307137015200339e-04
9.481873311547463863e-04
1.352747648945403771e-03
6.617445375466214988e-04
1.423042888139392555e-03
7.498805807087460329e-04
1.018132775998380288e-03
1.527896273714025779e-03
7.163176427750175173e-04
7.458362613194881221e-04
8.506929383599678594e-04
9.176848804716557532e-04
1.597690625070082417e-03
6.879730332400099549e-04
7.562241658109455965e-04
1.158361521315230680e-03
7.895561627446905139e-04
1.026372294109743509e-03
7.637001602504487306e-04
1.643962855933061955e-03
7.364943400213786471e-04
6.757265519855662787e-04
6.508866388869003492e-04
7.151774152474971950e-04
1.377812499848278397e-03
9.641224524260514663e-04
7.084299726365942068e-04
7.264086968181033286e-04
7.335997197034125695e-04
2.918771772303001191e-03
6.791623657047548635e-04
7.821311205941789942e-04
9.331357078272378789e-04
1.002159002664654384e-03
8.322692990637938675e-04
7.044546343216388090e-04
7.052294070323868874e-04
6.663604372962050621e-04
1.247477023833896970e-03
1.558776330790016037e-03
6.399295757592788139e-04
2.092742253533561199e-03
1.026133754305745072e-03
1.322817581313463515e-03
9.881345053777738051e-04
8.932896589190987731e-04
8.020793074322923270e-04
8.202584299517616181e-04
7.435185828892517095e-04
6.499359450906355565e-04
6.709800739159584807e-04
6.142306730061343348e-04
9.081018235493991658e-04
6.795049282019736611e-04
6.836817341216016187e-04
6.361638919551352135e-04
9.081857871701812983e-04
8.928420240389775423e-04
1.788671028529772002e-03
1.169211580970092208e-03
6.532942453348005536e-04
1.022973635143087584e-03
1.639824408981111143e-03
6.760274225172411893e-04
1.283039930648248060e-03
7.154795947614720451e-04
6.843976862024592211e-04
7.503454127158864497e-04
9.994420075277398417e-04
7.243500582554071327e-04
1.644585324827421745e-03
6.556084893512558213e-04
9.980264324352813247e-04
1.029648157854973212e-03
7.401602738853062680e-04
7.911950415500220660e-04
1.456961405884384369e-03
1.320196169447342919e-03
1.001685699221083799e-03
6.934497998920121720e-04
9.695554390856170237e-04
8.917034754960447571e-04
8.726837895776678620e-04
9.444076423062024465e-04
9.298836984023055524e-04
7.677368622247205321e-04
1.043727773384348035e-03
7.264676328864520761e-04
6.602435266454329118e-04
7.179861445723897517e-04
8.667728522677576979e-04
7.606662041907878789e-04
7.021219670278180600e-04
1.480542036398672327e-03
7.904498477874779497e-04
6.097142967858083015e-04
1.070678609472556879e-03
1.416044131713274602e-03
9.331853690974715575e-04
8.160549837361702995e-04
1.141404877938019535e-03
1.104093740337929851e-03
6.809463829127773140e-04
7.258186575278276860e-04
6.032370355947957313e-04
7.852559633078572045e-04
1.321225236927665077e-03
8.529009312855608980e-04
8.397085328974388408e-04
1.161912331279075106e-03
6.893899102750804600e-04
7.692602258752682682e-04
7.672578464716856353e-04
6.431894860122196840e-04
8.053055600801876067e-04
7.492105744962638657e-04
1.323950994706371261e-03
1.183766233733122642e-03
9.940698106615450391e-04
7.397620004291167398e-04
6.175531439921467256e-04
8.910831983438861079e-04
7.377330948228765124e-04
8.277438609293353428e-04
1.010734484755924532e-03
1.684458934348417869e-03
6.814178396877255180e-04
6.345406180691960359e-04
9.448307067055514109e-04
1.002552882894825262e-03
7.195398783619640515e-04
6.400495923308505575e-04
6.734602251016282752e-04
1.219883755377803225e-03
1.106474143422158567e-03
7.985738767126263375e-04
8.274867477597340135e-04
1.059580520790864280e-03
7.891542046085532180e-04
8.251030949850651601e-04
8.517950314747374475e-04
8.723003055442510398e-04
7.322938214734396904e-04
1.105210144002190514e-03
1.203094485253428624e-03
9.559713336695943543e-04
7.837636842302662336e-04
6.486246914261801881e-04
1.241136546630998818e-03
7.095688234781032458e-04
1.574995808209444723e-03
1.156896356307948130e-03
9.095763701826281968e-04
8.303076706046178066e-04
1.774237521495412515e-03
9.462784217564389590e-04
6.750545574545278697e-04
6.530297549506248675e-04
8.140165634760651581e-04
9.537845433970057246e-04
7.483901611794351776e-04
8.945475077604982377e-04
1.000193559519278914e-03
1.390269881280731083e-03
7.738127746419634460e-04
6.621297831659611350e-04
9.233301937056333317e-04
6.698688596670714741e-04
1.125350278049257451e-03
1.332341389233183569e-03
1.366805917937433763e-03
9.774034530959144727e-04
6.774190508416301276e-04
1.354732633365211608e-03
1.414827464176413680e-03
1.575845648149656105e-03
1.088294857369300405e-03
1.041699536431561811e-03
6.208781257988321266e-04
7.296032821880180704e-04
8.603727320523594678e-04
6.436257148577242222e-04
1.632720898226773174e-03
1.027675953078191484e-03
1.092870836626394157e-03
8.299318064431624722e-04
8.205514315290338449e-04
9.199963429389666856e-04
7.973515833900073806e-04
6.679209114760780060e-04
8.010496165935942917e-04
6.839023183321377890e-04
8.609323881632584968e-04
6.498440817330804892e-04
7.766134880641989728e-04
9.577973861592381901e-04
1.294106408991590107e-03
7.649167697671883925e-04
8.161337719846399781e-04
7.155984622451682644e-04
6.358572462749398748e-04
1.046910744014902710e-03
1.059877197891693785e-03
1.819124983167584543e-03
6.980744252628563132e-04
7.453066300768673583e-04
1.275809761434574825e-03
9.100248561888470882e-04
6.109056515776434227e-04
9.710704488965682304e-04
7.769188175439154095e-04
7.762963198247698534e-04
7.873182657103015934e-04
8.184269822309977365e-04
9.184733274955247852e-04
9.594910855353491275e-04
8.682886548749544405e-04
6.687254668347828584e-04
7.924939659696056448e-04
1.092343047371457411e-03
8.343926104361274170e-04
7.740940642407827428e-04
8.261550903614240391e-04
7.369145103046173279e-04
8.265471659428221592e-04
7.903554071772083637e-04
9.272658584509797146e-04
7.487594476035360413e-04
8.374261435964634433e-04
1.507588271300338125e-03
7.040977012818141860e-04
9.040713116654845423e-04
7.571774963787025097e-04
7.932642764495365616e-04
9.404584313090794080e-04
8.316370785799178343e-04
1.938604162257764755e-03
8.426421622575290277e-04
1.290958912198148217e-03
7.411251514228137712e-04
7.798319065128652425e-04
9.719653024879235798e-04
9.328621213150957870e-04
8.918233417852251517e-04
1.595917322096424267e-03
8.694052738123507918e-04
1.562886283012604330e-03
6.947320971844402797e-04
1.816848972346306150e-03
6.269115802101930032e-04
9.210140116109986766e-04
7.561830143008991222e-04
2.667393722115267863e-03
9.242352244388206406e-04
6.332474529953679727e-04
6.180790093366798693e-04
7.926202660242492436e-04
1.413901692702622653e-03
1.351849040021366449e-03
6.115165008787745368e-04
8.396515072930785988e-04
1.188610103356176799e-03
7.718285147939096596e-04
1.104105250550946717e-03
6.983271696578645773e-04
1.328369742166790948e-03
8.654702371416441234e-04
1.420337721464107889e-03
8.250002536659613870e-04
8.499393567188985284e-04
1.506809699686702904e-03
1.621918907208516831e-03
8.576283710637365226e-04
1.036077330698938767e-03
7.663009698566195264e-04
6.559297832285016687e-04
1.275919063610341095e-03
7.137505670898480368e-04
1.291100544657889206e-03
6.610913260358640409e-04
1.376706675663195859e-03
6.636899322517483130e-04
1.076174116190621198e-03
1.520311088771131389e-03
7.943237571960891320e-04
6.750668394254676031e-04
9.002445735107666774e-04
6.894730712641036850e-04
1.039822859199404474e-03
1.685323843462925878e-03
1.799776551741286883e-03
6.000294532866343265e-04
7.354052756910025353e-04
6.074204411428782034e-04
6.635585829230574448e-04
7.064266479780023254e-04
8.723905824830567026e-04
6.830840111654557477e-04
6.421175844428392765e-04
1.707500265597218297e-03
9.237307174893834381e-04
8.989682610041757269e-04
6.906689500921251671e-04
6.429290538637502488e-04
9.863719503123281711e-04
1.180638276851057617e-03
8.099375121016704707e-04
7.677098034075024091e-04
7.699878796548650884e-04
7.673904719432371587e-04
7.086523273492257875e-04
1.034980634896901777e-03
1.915193116982503259e-03
7.352278905146997137e-04
1.031911736368267734e-03
1.288954089594936863e-03
7.703870104443441558e-04
8.428574398852369844e-04
7.626111314061006889e-04
8.291854957154709202e-04
9.381962090825507255e-04
1.537163333287868685e-03
6.170443350114896558e-04
1.074249444631087151e-03
1.021969135590687508e-03
9.743099667059701820e-04
6.951809165659621204e-04
6.934174626373392370e-04
2.314192972628043715e-03
1.918051511421338916e-03
2.187174996542859580e-03
7.159696739501212985e-04
4.104510637184415056e-03
8.078818399820115580e-04
1.211328382534208967e-03
7.712754164708266608e-04
1.360796420966378347e-03
1.146627301403807834e-03
9.617115842301544567e-04
7.412650944481236504e-04
6.697047901466705562e-04
8.951382444402896993e-04
7.415763907731441791e-04
1.057734229327058489e-03
9.531143649307345254e-04
8.133086440270415485e-04
7.468585673730501100e-04
7.702616165130049845e-04
8.419480486010786973e-04
1.194161913514421233e-03
6.767201640651197923e-04
7.960331732665548851e-04
1.344764701254802519e-03
1.008565880986307672e-03
9.308583303178245361e-04
7.142968830217357075e-04
1.591535543949563385e-03
1.043347208513709145e-03
9.526402996774087969e-04
9.755014675102390009e-04
1.356734855426654273e-03
6.574866859207484631e-04
6.813558268126143841e-04
6.821384343591582267e-04
7.421818001859942487e-04
6.405706492284926092e-04
9.114626465071407188e-04
9.543776741212076000e-04
7.918967654747153476e-04
1.644224200337319119e-03
1.259966196931157963e-03
8.107825415330027026e-04
6.920283285557908863e-04
6.221862240838926588e-04
1.505953333678367034e-03
8.736444693687142778e-04
1.016886622574823991e-03
6.324686325448320139e-04
8.552592148609737717e-04
1.864468194682015719e-03
6.432321770218939801e-04
9.417472514948014867e-04
9.071802128701295619e-04
9.077635325634927791e-04
8.131877123170118448e-04
7.377222163385362868e-04
8.299610492817316269e-04
8.529012955438391693e-04
7.442182426255181419e-04
8.433331810044359788e-04
8.588047759546319415e-04
7.166823817057380421e-04
7.751940256670158133e-04
1.722424056681100745e-03
7.541789789748674141e-04
8.315446976602554460e-04
9.420525156053936389e-04
7.632872474781759444e-04
1.887692464691089053e-03
7.219568914368665411e-04
6.992080113505210999e-04
1.425463882089740737e-03
6.471456224927409594e-04
8.262433980345511167e-04
7.648884747887135793e-04
6.844593465787783722e-04
7.970564508247303913e-04
8.227725652669659823e-04
8.549826077475852293e-04
6.255114094066372083e-04
1.103023877917820540e-03
1.075098309017897017e-03
7.981820079647999715e-04
1.013929241037496388e-03
2.344611694345769600e-03
1.300243504635552501e-03
9.351938724340291701e-04
9.859457288603121726e-04
1.517026137154793477e-03
1.035705052522165265e-03
7.022714368785242141e-04
1.357518487863932678e-03
1.115718282165723864e-03
1.325537323019540482e-03
8.054619726181997839e-04
6.747469831026437197e-04
6.937625791399597329e-04
8.026196023550756162e-04
7.495799413493299751e-04
1.247320076656012380e-03
7.455152656241024458e-04
6.478891268887130954e-04
1.892590970685536491e-03
1.401117568323777046e-03
7.206833068409605834e-04
8.550737034794283868e-04
6.642089513356183627e-04
9.772016681757150856e-04
6.536247867388491999e-04
6.921776518400732207e-04
6.125710221766431313e-04
7.758198714881500571e-04
8.761023080638002947e-04
1.174233531399620492e-03
6.324507288555684600e-04
7.856029705158610807e-04
6.252623160140809155e-04
9.224789584785322329e-04
9.523234769768215745e-04
6.447980705716757025e-04
1.444483789160680908e-03
7.931625950214322247e-04
1.392269628767221681e-03
7.820910986128271633e-04
6.611352671379600596e-04
6.325220641871569455e-04
7.831107425733092138e-04
8.322328372976334860e-04
7.718781051148632501e-04
7.335078037434529736e-04
6.640284762713994813e-04
1.185914607963063508e-03
1.347302311623769415e-03
8.888762820896512580e-04
1.283792650851774998e-03
1.487966107653703081e-03
2.871904254066853703e-03
7.496173470101142764e-04
8.335115708267291966e-04
9.819899465021500462e-04
9.375841982637603223e-04
6.112171394789978496e-04
1.370991803427071189e-03
1.067203735742782746e-03
8.865322349192225181e-04
9.893407412715957659e-04
7.658819409803006720e-04
8.096384285438280306e-04
8.298030629662806780e-04
1.298359834940753270e-03
6.218591150390783036e-04
1.112831554951814426e-03
9.069520832654991366e-04
7.092645180482165523e-04
6.054530572186582428e-04
1.504012880338975863e-03
1.123005393327367041e-03
8.686337108583265781e-04
1.518734862243413053e-03
6.983326709175719004e-04
1.233731537858003642e-03
1.128236619434198071e-03
1.165622949643106828e-03
8.777919131198657970e-04
7.918909095796204537e-04
8.272770996058523892e-04
7.262058605848613520e-04
1.399447595839024665e-03
7.284000507674323914e-04
2.462045201645699649e-03
1.678882827195806024e-03
1.209543570933225166e-03
7.733259569236856359e-04
1.690184835439861128e-03
6.521800270057945964e-03
9.658420941173754192e-04
6.116521054812266902e-04
7.129085492938285742e-04
6.667562843804633078e-04
8.977391665086596620e-04
9.059551413754103567e-04
1.056371851442544250e-03
1.007112989493170888e-03
6.445558781078179018e-04
7.714127044969091261e-04
7.286292884812813498e-04
8.243330489994989130e-04
1.466553443386366031e-03
9.309932131551731677e-04
1.443024911519420273e-03
6.762307590407187286e-04
6.042266644538014670e-04
8.616468261601889630e-04
6.474183002704473689e-04
9.242314559953404129e-04
8.295334391099902591e-04
6.139644607985154934e-04
1.215278357259317807e-03
8.073414770031647715e-04
1.101899810176895341e-03
6.117111606340369136e-04
9.712737298229569879e-04
6.695359310809365994e-04
8.750051318262427272e-04
6.340237790782221258e-04
8.587085443040519362e-04
9.734804032678757817e-04
1.146803244737543874e-03
7.267495052979788643e-04
9.022598876865328774e-04
1.433813863286688807e-03
7.020949767658887699e-04
1.027661735989747254e-03
1.187918839175483706e-03
8.871633502217144253e-04
1.427961020111214070e-03
1.561733903817148338e-03
7.003480391765061659e-04
1.304894208643563817e-03
9.821064079703549325e-04
7.986924186729507354e-04
1.240674346803337987e-03
1.195924666886496231e-03
7.827931923822293398e-04
8.052184120741328601e-04
1.353311185320556914e-03
1.182758943894952550e-03
9.987534200266705731e-04
6.974521393100173959e-04
1.247395788803935465e-03
7.878084506546020448e-04
1.847276103251424681e-03
5.936062623680385310e-04
1.828367177248437295e-03
6.411989514938110915e-04
6.450254936245220340e-04
6.253010698505191223e-04
1.074847215491117874e-03
1.065979949550935378e-03
1.170257939821722900e-03
6.057453147568609645e-04
7.491351633575094341e-04
7.078304999155634854e-04
3.093474527993109006e-03
1.108192436184630546e-03
1.099269310880108706e-03
7.099308084327967273e-04
1.350490359604824197e-03
1.186941583633951665e-03
9.270355352543113497e-04
7.593000904674149969e-04
6.817359201598096122e-04
6.328167021979770861e-04
6.163434443762460775e-04
1.057715619389822722e-03
9.982531695045379540e-04
1.265398574519020726e-03
8.240983804012922765e-04
6.217714591104724249e-04
7.204609972464208825e-04
8.821188903913626230e-04
1.082455905843923271e-03
6.810051359111616003e-04
2.683541045452499194e-03
1.873809868105336465e-03
1.206818818953134601e-03
1.250196446240556519e-03
7.837891413061525564e-04
2.737868107071018357e-03
6.049705890214280169e-04
7.455175839392446258e-04
8.884696873501791818e-04
2.342336679857923848e-03
8.981284165082027010e-04
7.524234442146805583e-04
2.185752480483978567e-03
2.006577914530418248e-03
7.305370079714619937e-04
7.816856839072529404e-04
7.627746767190142930e-04
2.045488524175219976e-03
8.030834321084002851e-04
7.610216359491545198e-04
2.588208001141084451e-03
9.727235277333842181e-04
9.419805899479588964e-04
8.388496211236293274e-04
1.038819700297985036e-03
1.346635729254048747e-03
1.182595929935956408e-03
7.536920370464557806e-04
1.050971736942742660e-03
1.066071387912976946e-03
1.130371689178223844e-03
1.087548651807641311e-03
7.298687881051407712e-04
7.454025854851608311e-04
6.394173332663247817e-04
9.824316298535590384e-04
1.593297310634472167e-03
8.360399902895411343e-04
6.894067985594580809e-04
9.388363513140018371e-04
7.052490865601974013e-04
1.086956560374659903e-03
9.922749420434790520e-04
7.581624315084253959e-04
7.472010519064507805e-04
6.662131271939950548e-04
8.655463699689587044e-04
7.079591205737451910e-04
9.674148598411505279e-04
1.692094014598592407e-03
9.132710668167984096e-04
9.070313960263640292e-04
1.023393116451892229e-03
8.471901984279242093e-04
8.484727298660978611e-04
7.141049059673327485e-04
6.754231419251308013e-04
1.043874756168815688e-03
1.322259365435916227e-03
7.015223506320682981e-04
7.654460935172910548e-04
1.175732209707330139e-03
7.255734189340848784e-04
9.836042320635095867e-04
9.371200439885688091e-04
8.046940113070660729e-04
1.055200757280155095e-03
7.638444098693873046e-04
7.696253558427894976e-04
1.034679161385155611e-03
8.227139999532368398e-04
8.007927349486305317e-04
1.171189101247346442e-03
1.371299229002329988e-03
1.318322332608477896e-03
8.206160455686001406e-04
8.155326904736692317e-04
8.537623053738092362e-04
1.106508512893464649e-03
1.226036576673799434e-03
6.020289090426332720e-04
8.507465778790486389e-04
8.835893507927298791e-04
8.316707035187650109e-04
6.334680692623931167e-04
8.662352921571048539e-04
1.010431107077646882e-03
8.803565805438751243e-04
1.020489725929434478e-03
1.129244309401240256e-03
9.140527530689204240e-04
8.833617720798464957e-04
8.708120981451008755e-04
9.821366503811744704e-04
1.021028712665844303e-03
7.968674556952097966e-04
8.499720902569907373e-04
6.401228207101715027e-04
1.184766179955988336e-03
6.745683086907915257e-04
1.417467387114355708e-03
6.005535872787669390e-04
8.075445474239702952e-04
9.064855495322620945e-04
6.235771301209498728e-04
8.516236365528905049e-04
9.695324289652442395e-04
8.677533353728021995e-04
1.269163345313691722e-03
6.830862957450214209e-04
6.072968102293311177e-04
1.193315598594099983e-03
1.413175203680961008e-03
1.612621312973257399e-03
7.898217916858202119e-04
1.187348169451755758e-03
8.752727070395873235e-04
9.474818379812909291e-04
9.906242855579326136e-04
7.059657610050287628e-04
6.734780232948607559e-04
1.107716422766943324e-03
9.838615899438218123e-04
1.132438729836116606e-03
7.055165268159637902e-04
6.713162710104410118e-04
7.945454640884052006e-04
6.293023676920780516e-04
7.726011537229958513e-04
1.764923808241340014e-03
6.926925571758242106e-04
1.482969036562948846e-03
1.206934543950866773e-03
8.194733607948342545e-04
1.564677732067612037e-03
1.257283213256009955e-03
6.758835489873514079e-04
8.598872277782933400e-04
1.060103408765261396e-03
9.076179647389345665e-04
6.472353310422999289e-04
8.005546820507601635e-03
6.378429280638709883e-04
6.880623277646594075e-04
8.584467268024600266e-04
1.590738139497912314e-03
1.087267160242888671e-03
8.324576446239485015e-04
8.969147518927306521e-04
1.239181254835559345e-03
6.839186464537845393e-04
6.383441247436387033e-04
6.976039830749979076e-04
1.391805048356752712e-03
1.178516259139182881e-03
6.624538505651581498e-04
7.602780540500575892e-04
1.123241225215211797e-03
7.757155462719805133e-04
1.454050258790975545e-03
1.675916832602717191e-03
6.793346621852664434e-04
9.109560337734289156e-04
8.699150301524887635e-04
7.096455298891766583e-04
1.256717954603787371e-03
7.995116780941178940e-04
6.831168212344068636e-04
9.412525559529416217e-04
1.557919811810594499e-03
7.297421437418863616e-04
7.115807044072822466e-04
6.845425513847567612e-04
7.325036907237135941e-04
1.025226975336054934e-03
1.209867990771585754e-03
7.310150582390496574e-04
1.240684993456082083e-03
8.838863262630410663e-04
8.912277285778201150e-04
6.702910497771931604e-04
7.712109074455783531e-04
8.545836732785533655e-04
9.959282656226016960e-04
1.707469074018590173e-03
6.323114190732569834e-04
8.467351894232981631e-04
7.192155515999644260e-04
7.772019315494319274e-04
8.313493169816363586e-04
1.061528992188127615e-03
9.069806083296933072e-04
7.941534372546877772e-04
6.548060786687515990e-04
1.445101177376152245e-03
7.190569289805757687e-04
1.669772511090451567e-03
7.783308899585105693e-04
9.000840590854952824e-04
1.138055112828116654e-03
1.370095517084648096e-03
1.897129374852969197e-03
6.101256328096769368e-04
9.912963166622277070e-04
6.650056528253855265e-04
1.019244913167222056e-03
8.429707595768315149e-04
9.998048730651791505e-04
7.743451039906075343e-04
6.647823098578722629e-04
7.372665307943724157e-04
9.122809973987513858e-04
9.558878620218163322e-04
6.720159316774157541e-04
5.984548712661861506e-04
1.034779516780847276e-03
3.526164190967110215e-03
1.076684535272933677e-03
8.372105034050303504e-04
6.972499384123184924e-04
8.576364475073217260e-04
8.137186507116650567e-04
7.436764045586114098e-04
2.570359462723513944e-03
9.100764363118465754e-04
6.712298054548386430e-04
1.821940988945039332e-03
1.168174120551905820e-03
1.171352129687393490e-03
1.566714702498967502e-03
2.644020257719361007e-03
7.572212939346822371e-04
9.508679998948998307e-04
7.267282699655869390e-04
7.605206309021411747e-04
1.270467093314875959e-03
8.710612976685348004e-04
6.605704188671318155e-04
7.116908359057564628e-04
9.766325195032421382e-04
9.279732572775313245e-04
9.510386140858509332e-04
6.341361048122938146e-04
1.326634962621150472e-03
7.199798944585385262e-04
8.374480533422149452e-04
6.937128524817289541e-04
6.391333632297147059e-04
7.628025052525307104e-04
7.078100990407617176e-04
8.408611010508234554e-04
6.588587451395274590e-04
1.099464815209769131e-03
6.417297698573078482e-04
6.593104534421334248e-04
8.493741806005968313e-04
8.592040761064207756e-04
6.652834199352573776e-04
6.725132248770424601e-04
6.497808282121672260e-04
6.317814008541208261e-04
6.144908908450653386e-04
9.927651796185555429e-04
1.033835853941538017e-03
7.236054217894666296e-04
7.314242014135420361e-04
7.784728585733678881e-04
6.822895703142419985e-04
8.853508416495062998e-04
7.440078225731288405e-04
2.334141807673221786e-03
1.955259137216278694e-03
6.447029477173829050e-04
9.315090002977240461e-04
8.422182420532169263e-04
7.845350888435469357e-04
6.970021216289533882e-04
7.825337577180756449e-04
8.501006790191607864e-04
8.189438939702199357e-04
8.448795895222536989e-04
1.033856391835703305e-03
7.129155463313832913e-04
9.537464196482752215e-04
7.101062574485421473e-04
1.530461638499321011e-03
8.158396777361402730e-04
9.767996987396639855e-04
7.722999776099372842e-04
8.058761913559310671e-04
7.840422610010266578e-04
8.083131471881148432e-04
8.272501228157861557e-04
6.852522191729056456e-04
8.723390532022095353e-04
9.702631088283850689e-04
1.203196769413127738e-03
8.315552873901375019e-04
1.049692434562970534e-03
6.593397541559319281e-04
6.880772721206232815e-04
7.430529551175416025e-04
7.106440453700141368e-04
9.972189373222083673e-04
9.413791526669324818e-04
6.224263159409829365e-04
7.973044266109855600e-04
6.414509674775798267e-04
2.109293165017006935e-03
8.413351261352177432e-04
9.766398513883015053e-04
9.356455049034674825e-04
8.893490084837293429e-04
1.389153497710330374e-03
1.121487576528040373e-03
8.147070630376377362e-04
1.049122829975427783e-03
2.025838925956334035e-03
7.026496456615909927e-04
1.335969896175046717e-03
1.170354451171560367e-03
9.273568607938881573e-04
8.706199493946958825e-04
1.939550075355259964e-03
1.036236942351115168e-03
6.669133820558650156e-04
2.441871950937620286e-03
6.136844623552074798e-04
1.131480586665723409e-03
6.773414229522527891e-04
7.575178682998910586e-04
9.450426160221285943e-04
1.425018772282468128e-03
1.779041892114194669e-03
7.316644187276331130e-04
7.518679182417961062e-04
1.137489704722171235e-03
8.346785611512697045e-04
1.280810283050766267e-03
1.277368042437954272e-03
8.999892966006680902e-04
8.817166024558734366e-04
9.325974263169357079e-04
1.535377935386751224e-03
2.138180411448016224e-03
7.010439118954708533e-04
6.060264673428764895e-04
2.074576121302679557e-03
1.079892591054186328e-03
1.281147193184645856e-03
7.961081017472429163e-04
1.174422434965534563e-03
7.393068037922122726e-04
8.478026269024953408e-04
9.015752981599609679e-04
1.694623600933294148e-03
1.249757820977904360e-03
1.008599865610340131e-03
9.537058736383271585e-04
7.254099790742153577e-04
7.985232120580479723e-04
1.438114400805898556e-03
6.700421801783794113e-04
8.166352733171213397e-04
9.723717165674607274e-04
1.302586665465925962e-03
9.444580060198774297e-04
7.993941646120062468e-04
6.796501173255512515e-04
1.709537242770282515e-03
8.487154134876414733e-04
1.136313231238823785e-03
1.240844663017297159e-03
1.881062059507002593e-03
9.401086844322520224e-04
9.540848351222590068e-04
9.994975291259704849e-04
8.087624254277299158e-04
7.263286306509300671e-04
2.140638324384111849e-03
1.686220665019724828e-03
