5.390685466859051367e+00
3.869879066006436830e+00
4.457762065844352861e+00
4.192098836049068744e+00
4.393018469057240694e+00
1.727011606424794010e+00
6.127626211252136912e+00
5.693322040623143288e+00
5.567895714291752896e-01
3.743625335349211269e+00
4.061358038384812907e+00
1.480393278629226872e+00
4.359994466377414835e-01
4.557470166370427123e+00
4.104923058849975881e+00
4.578401602829410777e+00
3.627601945405494632e+00
4.330900650113711059e+00
4.813095691745001403e+00
2.728226593508402686e+00
4.433566694480891357e+00
5.548748293120357999e+00
9.939193483394066497e-01
5.642342402626759679e+00
3.770537702245306821e+00
4.781129142581793445e+00
2.667623372083099298e+00
5.406949645998296639e+00
4.943915519418570881e+00
1.908779541489644682e+00
4.541978532740637675e+00
4.760288308200327556e+00
3.641573180160479595e+00
2.754871770621694083e+00
6.163791308004679337e+00
1.942103716442993733e+00
2.720223925713583402e+00
5.638975349788645453e+00
4.484229076991097074e+00
8.230594303363472086e-01
5.132032075516706371e+00
5.669620386298188208e+00
1.986287708131580176e+00
6.193186978591987968e-01
5.579044261792285297e-01
3.594038588259512501e+00
4.500157420734447022e+00
3.915839075997420871e+00
3.831458735539067018e+00
4.236311717317241765e+00
4.333574734407247497e+00
4.538401772806487600e+00
3.500812599275782144e+00
1.197301391079651722e+00
5.421181627508449452e+00
2.366240391629486517e+00
3.673142069960485756e+00
5.812085682480714333e+00
3.934732967647730284e+00
9.352261713676612853e-01
2.740216312887428618e+00
6.031279604736778488e+00
2.507806580045140343e+00
3.326818219929433607e+00
3.306893018012358798e+00
4.554270778740136194e+00
4.550787994228381983e+00
2.736416572532569536e+00
4.749153580984584622e+00
4.887624344210092175e+00
5.009317246458862449e+00
4.586161674287850154e+00
5.053459482362159250e+00
1.519894064970763736e+00
4.528435997079258257e+00
5.121828634385577672e+00
1.534852688239433327e+00
1.771659805311048608e+00
1.174191144969831901e+00
2.971382379739925472e+00
5.373638335525959597e+00
3.498116371572617567e+00
1.654090352314453671e+00
5.850815678498932471e+00
4.903002929866142168e+00
5.958719876372215118e+00
4.676826154394229107e+00
6.144752143315677984e+00
3.701150071560364463e+00
3.919903113665597516e+00
3.726192588267899897e+00
5.495081625452828078e+00
5.776966885710137944e+00
4.024269277495766239e+00
3.246383794951907653e+00
1.873718364472521047e+00
5.081785998612737387e+00
6.198015926554701904e-01
1.776600568079172326e+00
4.872089307512577960e+00
6.004725476533638862e+00
4.436679419566812221e+00
2.809207540436369221e+00
4.044307106591727319e+00
3.651401061240114654e+00
2.738848407872976232e+00
4.557602531077054486e+00
4.440222858799334205e+00
4.216156149883921067e+00
3.268780716667709640e+00
5.823235114893885900e+00
4.229663728940120215e+00
5.541112142894733417e+00
5.056146126039113398e+00
4.550223406123245162e+00
4.839284805221257812e+00
5.320254703234345683e+00
5.373334114344609169e+00
4.526080833259118030e+00
4.592311684751658518e+00
1.173593207425381646e+00
4.342504663468047532e+00
4.856452679041411535e+00
4.697281926716634359e+00
5.785775132413953692e+00
3.386293039395894766e+00
4.012020644282028314e+00
5.050085158902530402e+00
3.444518367160851469e+00
1.254851424789417580e+00
3.976839476261676332e+00
6.035266747513731822e+00
5.858862938162643808e+00
1.072043645893828057e+00
2.938405403375746516e+00
7.402209964172379308e-01
2.605638976295203246e+00
2.811787423329819458e+00
3.991446814620084105e+00
3.001140298386545169e+00
3.937034468968391820e+00
3.050492954372783228e+00
4.017091744858380942e+00
5.119538952689304701e+00
3.979208272064631569e+00
4.346537661391825402e+00
2.587181091302174885e+00
2.307608905841202596e+00
5.641542075747970841e+00
4.295278462407338793e+00
5.903224918011266809e+00
4.894424343375982644e+00
4.139365172369499746e+00
3.854431949081032371e+00
1.149334391060238048e+00
3.798845505644361520e+00
9.817566626066154267e-01
2.236427656911627704e+00
5.360750472829339586e+00
2.748628833854709352e+00
4.535095830326071109e+00
3.598767373681144299e+00
4.863507098839536802e+00
4.762763507130154395e+00
3.973325115447083000e+00
5.286122161205407011e+00
4.961591884419658705e+00
2.954500298604766595e+00
4.268800063390119526e+00
3.624920507930375013e+00
3.639021776053588564e+00
5.118665905750107825e+00
5.016440851931105449e+00
7.985775358766775689e-01
5.146571480112726249e+00
4.796208687000818927e+00
4.760852368511014454e+00
3.018288165546327839e+00
3.640960542681261458e+00
4.689650863847749207e+00
4.133977332265919014e-01
2.591738493525829856e+00
4.252610608052331820e+00
4.693503965940213796e+00
5.812366086366638207e+00
3.529645469785029022e+00
4.162415938462723730e+00
3.225478231552488584e+00
4.003758398446946920e+00
5.140752390192679044e+00
4.243792658380526106e+00
5.849602009692683069e+00
5.695332703020969056e+00
5.854957144014434789e+00
4.909589996113841615e+00
5.023392262002617237e+00
4.760258814320854626e+00
4.668941608561820722e+00
5.338881193990513196e+00
4.985049634241025096e+00
4.082725558709920932e+00
3.211032758989023517e+00
3.968005376305155263e+00
5.481301795399138754e+00
4.368331832886989119e+00
4.939961218006543753e+00
5.671999176823688593e+00
5.037105421777376080e+00
5.626229956458345782e+00
3.815538139262046435e+00
5.047590024460415492e+00
4.128477232489773385e+00
1.338313459264219851e+00
5.075815770322154030e+00
4.248078605295058097e+00
3.670961258005287942e+00
6.859829293912288461e-01
3.530607628809087739e+00
3.696473718205796066e-01
4.400746293274771404e+00
4.586449876126392766e+00
3.633772258378284548e+00
2.832466059134415293e+00
4.923182894867721870e+00
2.557429210146714427e-01
4.748809958155787214e+00
6.018136878491783470e+00
3.713649597025589166e+00
1.241569450805129149e+00
4.704590022523621684e+00
6.095872669000891086e+00
4.402579322761381420e+00
5.843821643466844407e+00
4.597619418431585281e+00
3.603058660086621678e+00
3.497190220599033950e+00
3.472367717482997662e+00
3.888507114976074153e+00
5.906311067752391786e+00
5.332413745324358523e+00
5.705650394717175722e+00
5.595170038734215368e+00
4.759694712196822053e+00
5.394415562516897467e+00
4.447699832278413368e+00
5.227185576691072200e+00
6.027755656849270949e+00
4.959403269835306993e+00
3.827112790015507304e+00
3.820295296435709975e+00
3.773336242309490274e+00
3.807884821509101236e+00
1.874839810325890976e+00
5.387090165593996893e+00
3.879584711887260617e+00
4.755230263864061335e+00
2.055282739039758333e+00
3.094078137019466546e+00
5.437115338690933442e+00
4.231164358091069388e+00
4.983785538471947163e+00
4.848120687380985672e+00
2.793162700869671333e+00
4.762788935151638370e+00
3.831399275778705871e+00
2.974086345733935932e+00
3.514510883870551439e+00
1.516931725107813378e+00
2.458435697045150192e+00
4.116671961141451952e+00
4.260559473580817880e+00
4.048059225313816789e+00
3.265337112545591669e+00
2.219551574335826505e+00
3.431725672188769671e+00
3.564112293424426703e+00
4.600848010524916987e+00
3.846783592931288798e+00
3.715470595403752352e+00
1.477635893111148402e+00
3.265586267567102574e+00
6.932565693636029147e-01
4.129478873530706196e+00
3.855320502799678639e+00
1.700881186492406272e+00
4.935644484837855117e+00
3.847949616078555124e+00
1.338909516639873676e+00
3.246375861485544245e+00
1.943049834270915266e+00
3.437197436963581154e+00
4.052816643137884256e+00
5.802897159962392415e+00
3.589232283710622529e+00
5.030362642000468121e+00
1.575135208995599889e+00
3.790791918871911026e+00
3.757047169717300683e+00
2.813070958415385014e+00
1.549335470790049962e+00
3.738802277057077905e+00
4.098889051475825163e+00
3.539126853903866277e+00
5.049337094263452563e+00
4.539714849239302907e+00
4.182914695791255966e+00
4.132232105748086859e+00
2.128830445284398465e+00
5.264090310926723859e+00
5.618013963167571845e+00
4.234640848002458213e+00
4.543064627105681375e+00
5.821974061220845265e+00
1.727956256264140844e+00
3.964170909798222286e+00
5.977989606579035886e+00
2.673340846685890337e+00
3.541233709535013485e+00
2.127950881699733010e+00
1.492686070707460955e+00
3.681225028021247958e+00
3.777123697424369819e+00
3.263175122307677700e+00
4.682789633729175449e+00
3.697708623829914387e+00
3.521731009704760051e+00
4.041469717061533906e+00
4.284511644220707183e+00
3.663230902244756226e+00
3.964193554014521226e+00
3.936528587709608118e+00
3.806065541111524730e+00
3.498962628026009103e+00
5.618874800130796210e+00
3.809002340709034318e+00
4.173860671020308999e+00
5.030541426755378076e+00
4.359281294580060973e+00
2.771670484705493376e+00
5.503008436641733780e+00
5.861087368309032541e+00
4.417837154612278106e+00
3.936227582427222593e+00
5.958876697573428416e+00
3.921215553063442716e+00
4.537712183440730129e+00
5.277287576761831467e+00
5.881259874182652503e+00
5.437270298984100414e+00
4.121971278738656430e+00
5.803316017294733342e+00
4.647741172344096228e+00
4.448813788259114332e+00
3.013012947988311652e+00
5.544828732784461423e+00
3.824832105426623219e+00
5.606656269362238376e+00
4.565620637461393017e+00
4.299199338912575996e+00
5.832668337080968435e+00
3.980857804601539485e+00
3.735909983968329851e+00
4.599286610845469525e+00
4.195693814120389220e+00
3.590336233666286958e+00
2.325379982062659945e+00
5.092207460401088959e+00
4.649575918605625802e+00
1.528988219262605419e+00
4.618369790966574406e+00
4.361242202769912701e+00
3.535355725250427739e+00
6.154044347082688660e+00
5.260260811804623238e+00
3.149959625018497356e+00
3.516156569290481482e+00
4.807884600042280354e+00
6.180177388787519099e+00
5.094569662975873214e+00
4.024645123177898576e+00
1.331129850047746199e+00
3.866090451848156917e+00
5.564745071048308844e+00
3.569615527178299441e+00
4.052551678484495490e+00
4.034310650175561008e+00
5.851020290829914927e+00
2.048249114727268338e+00
4.399526360248215084e+00
5.244818019109371399e+00
5.651202425445186250e+00
2.935147602391011912e+00
5.187636794235044313e+00
5.014191871195776251e+00
4.622694201235730382e+00
2.880427897397400905e+00
5.241774822099817932e+00
2.337318419052125673e+00
4.084114121084660098e+00
3.650933669933325909e+00
4.037584741410793043e+00
1.740442343998754193e+00
4.841972699143745729e+00
2.927587161433551355e+00
4.093850831062810336e+00
4.011109516990167378e+00
4.266666598320197679e+00
4.147072383844473187e+00
5.590779997899074871e+00
6.208473894497771539e+00
4.561191712322449909e+00
4.666935648985652385e+00
3.568294131496595245e+00
5.031644506992726917e+00
2.496238333498830286e+00
4.976429427136813466e+00
4.333916788162609279e+00
4.175889213340981065e+00
3.990722091882617839e+00
4.951044301750555654e+00
3.940912034059006697e+00
4.977368976419010771e+00
3.791235580854378728e+00
7.690144300433016111e-01
4.721070029516896582e+00
1.430081139934364032e+00
4.650945938455825157e+00
5.409790440585431348e+00
4.138867474342839969e+00
1.559470607167227296e+00
5.744114562727741458e+00
4.773206515020294916e+00
2.028003084155574509e+00
1.828205431518210577e+00
5.681114211135755987e+00
3.009982028615201699e+00
2.778590570363027368e+00
6.111757236688406536e+00
4.035633117775306644e+00
4.758578702055855203e+00
6.023923950236248714e+00
4.799428493830537157e+00
6.045686226359076265e+00
1.811608647724869403e+00
3.397992556667221109e+00
4.007752078640211657e+00
4.967966994531524350e+00
3.719301743857998499e+00
4.640284864234180517e+00
3.866691423752199874e+00
4.260027204243780119e+00
4.437458856276830232e+00
5.440481526914129340e+00
4.953828702385495220e+00
3.822202790425297092e+00
6.189669144114545496e+00
6.144899864445021009e+00
3.498341308680864348e+00
4.326866594204120453e+00
3.535737485408920300e+00
4.249086260042900243e+00
4.017145840155132319e+00
3.204121114988280450e+00
3.465059307457726057e+00
3.506614113644088260e+00
2.503559146136603353e+00
4.638363991152495203e+00
3.854187129752784546e+00
3.072133487470207314e+00
3.600362132061509346e+00
4.597749579596485781e+00
2.862646313261620001e+00
4.725524254426712645e+00
5.544840663654361457e+00
3.435850067657251206e+00
3.415993621505790223e+00
4.253604142999370730e+00
4.469511732285881500e+00
3.299943961450090502e+00
4.464133623871671119e+00
4.474467690533591835e+00
3.250573548874708507e+00
1.400011193637822782e+00
4.357561069047684477e+00
5.315357354840726245e+00
1.530148482433931312e+00
5.085334372160983385e+00
5.173052989629003839e+00
5.118639113782760042e+00
1.845567180998434642e+00
5.067148787608203975e+00
3.046948988370800748e+00
4.203357098131956349e+00
4.336493955157703972e+00
5.009657585787688383e+00
3.949604519425074400e+00
4.020232537735244804e+00
4.568624094077999409e+00
5.129068193787357899e+00
1.754656194098211719e+00
4.255774973110622916e+00
2.821185064747749216e+00
1.385254690101565878e+00
1.489139970991971706e+00
4.865962561654673557e+00
4.961730894900114208e+00
5.615752195320981244e+00
4.716656020058774601e+00
4.453961904506567926e+00
4.982451127545719949e+00
4.829118678553570909e+00
1.958339790554238791e+00
6.117873846880268474e+00
6.100877026854677254e+00
4.450504818746534141e+00
5.149576955360082309e+00
3.753476766374373330e+00
5.773303965831923179e+00
4.019474379032610400e+00
3.577919576732621731e+00
4.148481260714091512e+00
2.576896543777932092e+00
1.660728854883851913e+00
3.611628338606862609e+00
4.527293132524936148e+00
4.343527177668793371e+00
5.082784293272088583e+00
3.408277075438856940e+00
4.230037393603168994e+00
3.379186931297321284e+00
4.277332950940058609e+00
3.211164584777173481e+00
4.686389896543429856e+00
4.136812576464326874e+00
5.565269396976542104e+00
4.579194651784393777e+00
3.862712308408458917e+00
1.317683245594904573e+00
1.602813938656030945e+00
2.266305467648232597e+00
5.341836971687588864e+00
4.442352947561584386e+00
4.075359690661584544e+00
1.797378296813151755e+00
4.354437595150013607e+00
2.309583077043191768e+00
4.467975324936785952e+00
4.083130379413615785e+00
4.996931756180245543e+00
5.323443076539974506e+00
4.396361326150838522e+00
4.684352714165630260e+00
4.771371801320999140e+00
6.040368910060924357e+00
6.019596867605772950e+00
5.140710282561117950e+00
3.791858367145028552e+00
2.004895562506347151e+00
4.057698801715809545e+00
2.845113293709075730e+00
3.965939168596076314e+00
3.943755526798222721e+00
4.850183151158018013e+00
4.767943044107442851e+00
2.071316088535134270e+00
5.519000340083389133e+00
2.645909151111288882e+00
4.164518129906905841e+00
6.045919545104452730e+00
2.537762548513749383e+00
3.801742056384385560e+00
4.645947535689693098e+00
5.133579124687329909e+00
1.725250709248805636e+00
6.174439490747269055e+00
1.669753383210886843e+00
3.346613125182347659e+00
3.153994473811833732e+00
4.174382637559946652e+00
3.940860481394852677e+00
1.824472982573518198e+00
3.933308934545764579e+00
3.871050922769681435e+00
5.058634430324995712e+00
2.633457341022158893e+00
4.528057426197943158e+00
2.685820468524893645e+00
5.146262872764908458e+00
5.447287950956668290e+00
5.226259558611929812e+00
3.442499268123918377e+00
1.617667565036036814e+00
3.887449273192595811e+00
3.718042959800628822e+00
3.639173542415929496e+00
5.987795293945572972e+00
1.738923917122890961e+00
3.750091578114728819e+00
3.699581798645231068e+00
1.205525019073171222e+00
4.382195421127377699e+00
3.641062030058311194e+00
5.321924871838147553e+00
3.670254868787440117e+00
5.190273975828987751e+00
5.625199713902121701e+00
5.862502410806309072e+00
5.578930816796349390e+00
4.339068261670991689e+00
3.162174612584134903e-01
4.591388578245751972e+00
4.056012599158343335e+00
4.265309173838783607e+00
4.466477377966067586e+00
5.320175473410293066e+00
5.053767670421963842e+00
3.154390915127874173e+00
3.699872985566580397e+00
4.652012009180513274e+00
4.126041323954019013e+00
5.263845742183702825e+00
1.208161110348195066e+00
5.739656179058698626e+00
4.211888844776854768e+00
4.457224826280753227e+00
4.301384431313268308e+00
9.549218963909931190e-01
3.634265350838634667e+00
4.505712100670972831e+00
4.068781053170256179e+00
4.812199081124947320e+00
3.056487744929747841e+00
4.875189524472930636e+00
7.466543640009728477e-01
1.895511519843701143e+00
3.508948024105909891e+00
3.692356718787650482e+00
3.657238126409795065e+00
5.953694446010229235e+00
1.495077702759110228e+00
3.684161700499962055e+00
2.801236190367916379e+00
4.866197514373585165e+00
4.863594667370655600e+00
4.534909179420754555e+00
3.608449725158536125e+00
3.801606189223837529e+00
4.016652806772274431e+00
5.313233586013433651e+00
2.310903216399584625e+00
3.514104113080811498e+00
4.360294414253526263e+00
5.326100566197151664e+00
5.968942953810648433e+00
2.995746016822251168e+00
4.347944509852631256e+00
3.894879144232704427e+00
1.996210598548167292e+00
3.954835856868964772e+00
3.682631980774211389e+00
4.330224530238012015e+00
5.228032870246249963e+00
4.648283417861211575e+00
3.303593360656466693e+00
4.784422343052185944e+00
6.023455641410940586e+00
6.176931758998143174e+00
3.048773782794683918e+00
3.092218516813513229e+00
6.059779012944216170e+00
3.082165838384509637e+00
4.625791838569061731e+00
4.847584481973465920e+00
2.555403187811364774e+00
5.845932351466675669e+00
4.507014231698233786e+00
7.112706959411291274e-01
2.903642142239463819e+00
4.304380110819808536e+00
4.591101669950694131e+00
4.669718305552209792e+00
2.209837139156304975e+00
4.305987803175469253e+00
5.076054048015859799e+00
4.280829759595372153e+00
6.180760132188992451e+00
3.977490557267195026e+00
4.503048652621692405e+00
3.790876145161144795e+00
4.023904638162057346e+00
4.261969520194263339e+00
4.298074215762617278e+00
4.429695288392964336e+00
3.843731888382013739e+00
3.629599757485467038e+00
5.128674625862801761e+00
2.873324497735941563e+00
4.312490690835691254e+00
3.868867896807907769e+00
5.608169488823255833e+00
4.008064900432950495e+00
3.930602241738372804e+00
1.006326902295232584e+00
4.360494975548911079e+00
3.766100146234926616e+00
2.111539180583433595e+00
1.784219543012044440e+00
2.253861139041219097e+00
5.277745179374991658e+00
5.948315178375660039e+00
1.237798494196093779e+00
4.827772313630042333e+00
5.813922770989203848e+00
2.174383100619027953e+00
2.070652713166652781e+00
3.725186138089154664e+00
5.021474918050603975e+00
2.226723373283009177e+00
4.662351940264938932e+00
4.397571403086732111e+00
6.160624796185229179e+00
1.930046426764217227e+00
6.191804564718444759e+00
3.930670740871171187e+00
4.822639883483190282e+00
2.812456112049638079e+00
3.840074825039984763e+00
6.112337983737294422e+00
3.439866874457941925e+00
5.609160283151641835e+00
3.345505171663309518e+00
4.273583033508885798e+00
4.750888848819272425e+00
5.166686233473209100e+00
8.739691400516005348e-01
4.516474923404514286e-01
3.946982393964384439e+00
5.900694366561286763e+00
1.438127259609035313e+00
4.202805486512515287e+00
5.188501080707546009e+00
4.545778044898165504e+00
4.584878797671184891e+00
4.143388185379622612e+00
4.648599962301036115e+00
5.940492376135192210e+00
1.362320512601789435e+00
4.583218556473462435e+00
2.061349387660986743e+00
3.714231950390947112e+00
5.272972643796896897e+00
4.602211326702104088e+00
2.087466571572987650e+00
3.511543227272701628e+00
3.937104857791524637e+00
4.171055703074301846e+00
1.814498025275383730e+00
1.259204764243801566e+00
4.129306673266128769e+00
6.037576150012034404e+00
3.241896664703387998e+00
6.042814032704939997e+00
4.127433098416474877e+00
4.342178247824514337e+00
5.548342145932928737e+00
3.156526516099620761e+00
6.070690717329182640e+00
3.901370365522895511e+00
5.619666467726322168e+00
4.089189203567526576e+00
3.587792850214740259e+00
5.309407288300618255e+00
3.195371233819008339e+00
2.566984155859993955e+00
5.770396839209279705e+00
2.983114482687466928e+00
3.900222661420334802e+00
5.680679763345279909e+00
5.369585750208691444e+00
5.135210058166216562e+00
4.738235887345511266e+00
4.558785348045108599e+00
2.788716221270686746e-01
3.783705737882935960e+00
3.692318397947153663e+00
2.089383305269840285e+00
1.259857000003552496e+00
5.038988669349944161e+00
3.008958835808723364e+00
3.093228058577393469e+00
1.049205126975153668e+00
5.623744033628959471e+00
3.564704705551004160e+00
3.216388392482826042e+00
4.860383157547849109e+00
4.371543054019900509e+00
1.370616880687763661e+00
2.921521481545681809e+00
4.124321945339255890e+00
1.333436525293014929e+00
4.421645637645441163e+00
2.463252086460600676e+00
2.989039730396954475e+00
1.540088647603883754e+00
4.176489877500284109e+00
4.761648142232054681e+00
5.026335855772560812e+00
5.045690559089493377e+00
3.485205954086249225e+00
4.011395468437497058e+00
5.263012423181583799e+00
4.116091078010470916e+00
6.039544019937049590e+00
4.101673203543443336e+00
4.407029309759381341e+00
4.800595537132753776e+00
3.929280629684856585e+00
2.997398899283156393e+00
5.355142537858136542e+00
2.307318137253774104e+00
6.120424152597754741e+00
2.597502636445206736e+00
1.840314594287281169e+00
5.578379249550721397e+00
4.516974985192856451e+00
3.754598883271556886e+00
3.173701012575828262e+00
3.897582989089181993e+00
4.761054288035965421e+00
2.695863008004162786e+00
3.688024200267625563e+00
3.125482755145195579e+00
4.274324563235699870e+00
5.567137252253161250e+00
4.828060204242827780e+00
2.945904717134216977e+00
6.036013824825086083e+00
3.221908233646046948e+00
4.993089241733501993e+00
3.907008101607901907e+00
4.747267266437529720e+00
2.492205180535105757e+00
3.560421169111755102e+00
4.584794017179588899e+00
4.974886425024113379e+00
6.218223675198915501e+00
4.622303268286515276e+00
4.332398982099391560e+00
5.077015147255323768e+00
2.740355934329304244e+00
3.501975321023731436e+00
5.060971738000807463e+00
3.653464925619135162e+00
4.425990160534146733e-01
5.700262814455443028e+00
3.619774569957628696e+00
3.947493861406971671e+00
4.228199702528879556e+00
4.229632299328299538e+00
4.307232230758208047e+00
3.927746944750725167e+00
5.270647669415535752e+00
3.286022157948216282e+00
3.612264810486586430e+00
4.248297597843227358e+00
2.403737509420293961e+00
3.730997376273875510e+00
6.051673278019851665e+00
2.049052451070508596e+00
4.433970183922214758e+00
4.535023916116095677e+00
3.926732326483878488e+00
1.414483008085573479e+00
4.961180017769203587e+00
4.142884687532284893e+00
3.463051572584965321e+00
3.751567222975591420e+00
4.481022844650699888e+00
1.511030424422583840e+00
2.194884368198296798e+00
4.212795134184749379e+00
4.122078862732280413e+00
3.004573199315283549e+00
2.574618783241780395e+00
4.919980026431905351e+00
6.121166219046355828e+00
4.135483823260361902e+00
2.010373916894379942e+00
5.703865359953613989e+00
3.727196696170781642e+00
5.951892297323590597e+00
2.344277666265708326e+00
4.386064852231256417e+00
3.827365399394833112e+00
2.963399739663539645e+00
5.952892233853602555e+00
7.625897313803081667e-01
3.031639036472051796e+00
1.854714040251081553e+00
2.431154405526271045e+00
3.847015139026360941e+00
4.577653505574970083e+00
1.465240237654236832e+00
4.044607471280153632e+00
1.606980288120654521e+00
4.660082795788796695e+00
6.202139646607957246e+00
5.833413097383038926e-01
3.365757515125448851e+00
2.462443792833814094e+00
5.032068852083259713e+00
4.274351349945217038e+00
4.518781813187072061e+00
4.835897728859804623e+00
4.318823314561326399e+00
2.634237098253067177e+00
5.057905336232458637e+00
6.100118522793990472e+00
3.450093699015600812e+00
4.713819802425999406e+00
2.351624630176551545e+00
6.036624215229391410e+00
9.652134026516047127e-01
4.486537982015967430e+00
3.244548983073589188e+00
4.193210847674240682e+00
3.669433681286890625e+00
5.030326922922969679e+00
5.546320028336968910e+00
3.741699092990964814e+00
3.771391851688499219e+00
3.489591035062259650e+00
4.296095547623348665e+00
1.943982625060597380e+00
4.421599688345567714e+00
1.920175606311193661e+00
5.179858572434722142e+00
3.602396591192060793e+00
2.631816122180245632e+00
4.671388228383356100e+00
3.300930138110470757e+00
4.182383775781802093e+00
6.546703783066214477e-01
4.907783020219775416e+00
5.648495566444319271e-01
3.115987896204988949e+00
3.541832363405772899e+00
3.154910163786726063e+00
4.223558100008844463e+00
2.897717646882815856e+00
3.829075789624178938e+00
5.954807736322755396e+00
6.173982686918896512e+00
3.515952278553361232e+00
5.777343111771078732e+00
4.438481380198222581e+00
1.419949598806420132e+00
4.457508017652294541e+00
4.516869394630290024e+00
4.457526445062902631e+00
5.975680649841206282e+00
3.926849306823122276e+00
2.766168276700553541e+00
4.590630841173303445e+00
2.951389107112964538e+00
3.526584683907147078e+00
3.957163892293798835e+00
3.164848621695075970e+00
3.581415891358017412e+00
4.984932895744212722e+00
4.771293621096291737e+00
3.979921124558929879e+00
2.346261329062526713e+00
4.813857099747597346e+00
1.248121503500503771e+00
5.020416995709068964e+00
1.595821270650224388e+00
4.384766506507580708e+00
2.067599170672483222e+00
2.275299336340154355e+00
4.575770750259220421e+00
4.160911397423017632e+00
5.648039438575260363e+00
5.683081122988757450e+00
4.339376606613436493e+00
5.227807517118397307e+00
3.575209730206880820e+00
5.842694385783258504e+00
3.692956628187874735e+00
4.896377089490349555e+00
9.645458655691654393e-01
3.806275037490432389e+00
3.089048944268262709e+00
4.018435371234589937e+00
5.479948648570041492e+00
4.005781953324267342e+00
3.660553237848618302e+00
5.305127896825177380e+00
3.855231827726902427e+00
4.202105352523082260e+00
