3.937671935102722842e-01
1.930491572427789349e+00
2.914456730094663772e+00
1.302582731459813958e+00
2.023721245133227153e+00
2.402738487576414617e+00
4.239564272454601213e-01
2.109807543196638768e+00
2.360904291866750437e+00
1.213815252809973710e+00
2.877576096690177554e+00
7.744362364836666623e-01
2.664207912785029553e+00
8.266325223576972414e-01
3.532733327602397555e+00
3.538126155998578604e+00
2.215645809512327258e+00
2.133452652604181043e+00
6.250718388931086889e-01
2.507658521115530448e+00
2.215862345670478462e-01
2.445282411622374585e+00
1.338763538324142965e+00
1.181311686900673008e+00
9.025553480314429944e-01
2.157939889918851772e+00
8.545887083570603560e-01
2.285576176409809257e+00
1.047938667992860395e+00
4.018695438654301455e+00
1.059616332484922596e+00
6.808740860061696099e-01
1.355611786006869268e+00
2.279978421241941611e+00
1.908692349706729185e+00
1.047681070682530358e+00
5.046966406301852670e-01
4.961998861914859726e-01
2.147085438964946746e+00
4.204298316891014187e-01
1.118657469042182218e+00
1.407197697659291924e+00
9.703227496534126972e-01
1.098443207453789761e+00
1.081492426849825161e+00
2.251379444941524532e+00
2.320977543387139796e+00
2.044455651963782206e+00
1.203373892662926492e+00
2.390103784343331039e+00
3.333148188608308637e-01
2.848866852670711936e+00
3.532691693510847220e+00
2.003380514120640665e+00
1.999504977340547107e+00
2.312231714728011145e+00
1.962580346308104851e+00
2.167587754462898531e+00
1.988612068146459189e+00
1.804898419018167388e+00
1.780054188835124229e+00
3.398201782926709158e-01
6.218951833489823056e-01
2.964193003046788455e+00
2.576309498688671873e+00
2.321636247682008491e+00
4.976000173182350550e-01
2.028400909912102534e+00
3.162441836148119911e+00
1.085129729952517552e+00
2.143884316222547159e+00
1.550354128422581690e+00
3.409623699356506776e+00
2.211941733863282966e+00
1.815210491777299318e+00
1.861165169124315621e+00
2.886633812077173733e+00
2.943205901165109051e+00
3.545207125590466912e+00
2.247332748245459477e+00
9.561659044051233902e-01
1.906951029970952449e+00
2.526131398963541219e+00
2.507292312421550040e+00
1.944290603621874114e+00
3.607988510949053373e-01
1.683544020316584788e+00
2.291834812860137127e+00
1.494275748287586525e-01
1.529769726620749060e+00
1.622923069301973831e+00
1.802125946416503366e+00
1.519508692396015492e+00
4.077651221016910910e+00
8.137012702684190968e-01
3.610410913687040591e+00
1.420068559358614646e+00
2.755512946795021456e+00
2.622767090709571924e+00
1.895418837148665547e+00
7.748711415602573815e-01
2.258912040780272523e+00
6.209897726620626501e-02
1.001508421408055183e+00
7.462572678806910220e-01
2.610979983029056761e+00
1.833852384549813364e+00
3.475853419487049401e+00
1.048898526935553965e+00
2.113776510218809079e+00
1.807426708823664629e+00
2.475206026245613700e+00
3.471993529911824861e-01
1.056613206012188666e+00
1.037108117952006525e+00
1.365459790825782393e+00
3.042174100951804405e+00
3.089003218228164815e+00
3.394177086536139143e+00
2.013962532804600247e+00
2.968129821057816198e+00
3.763266865581529341e-01
1.954218046078740834e+00
5.222526201274220181e-01
5.683251291777577929e-01
1.464665386152998794e+00
6.960672531886294978e-01
7.003573880443779709e-01
2.101315004261974373e+00
4.676427569539140516e-01
9.660034865437389096e-01
2.109862100215114999e+00
2.564915941124401133e+00
1.156526341253359513e+00
2.532881496550042577e+00
1.967376403194664780e+00
1.708306599205361209e+00
3.033631828144853770e+00
3.437869447746244589e-01
1.323034529633212664e+00
8.850678396428299788e-01
7.470975185386139472e-01
2.485640599221283775e+00
1.241018817931730966e+00
2.072267897880307963e+00
1.031604008850968146e+00
4.217841377104121214e-01
1.002254309898554352e+00
2.125253749341610821e+00
1.330071074110897644e+00
1.330446094255875344e+00
2.390293954183467129e+00
2.130197870688538941e+00
9.302225957474951068e-01
9.530817009115930549e-01
1.902850322390204685e+00
2.181095466724167764e+00
1.855047450271880782e+00
1.869164110801437850e+00
2.050199822523401050e+00
2.288770978023848102e+00
1.511033428892022412e+00
2.178897038762783289e+00
1.392815986901041025e+00
5.254382369432267774e-01
1.211302918232792569e+00
6.051158299512414684e-01
1.678087447391283682e+00
2.082959544719419132e+00
2.974928778747777391e-01
2.020834410972315975e+00
2.615499476854680871e+00
1.712595734931953828e+00
8.611983385975340299e-01
3.346247922939933894e-01
3.739382422785272553e+00
9.313302301048443921e-01
1.221657520143505593e+00
8.335754274247728635e-01
1.411199705046535469e+00
5.187427002697320155e-01
1.805728014565711970e+00
2.410024780319669269e+00
2.329918593257156001e+00
1.880049162538731222e+00
2.483026244798365756e+00
4.635919071650874024e+00
2.954794503638529246e+00
2.741477880851467486e+00
2.999891300533129357e+00
1.724395760350294848e+00
2.361072127919824570e+00
4.582143778418864000e-01
1.651015213250724978e+00
1.739573080375960146e+00
1.343370055862440182e+00
3.149426145426186707e+00
8.517042197770381406e-01
9.612263651023618127e-01
4.640188446588467408e-01
3.160361851591503513e+00
2.420305136747392005e+00
3.687763391029267313e-01
3.413402379771959261e-01
1.532416463630911441e+00
9.602975672427492837e-01
3.070673146263590780e+00
2.150149374660832446e+00
1.615112494497541906e+00
1.659451984854588558e-01
1.300756954663052634e+00
1.573719446447560788e+00
6.890212252314613650e-01
1.936145357255233845e+00
4.751842349125008358e-01
1.026719237090661707e+00
1.598272877769584044e+00
9.946220592371037839e-01
8.423421324182880365e-01
2.692956286505522545e+00
2.249180578917843398e+00
7.463303869001582935e-01
1.142225159374088861e+00
2.226189482478238890e+00
3.411829857799801857e-01
2.179363853904269899e+00
3.776988859531107412e-01
2.081182438238073473e+00
1.819358225334408052e+00
1.905190134906652899e+00
2.127861229866092163e+00
1.786229629932726493e+00
6.333053199669592681e-01
2.557520710879903181e+00
1.385854333332260380e+00
1.167974499793279719e+00
2.485873863456184107e+00
2.416941529116316101e+00
1.731905013987212527e+00
8.993948515904527374e-01
1.814551564850794163e+00
1.409951050625092295e+00
1.901110003293199124e+00
1.042427260389359622e+00
1.479780886543010432e+00
3.174312785225064548e+00
2.656179936157097465e+00
9.065031088289711159e-01
1.424002895497287202e+00
1.258687029002070634e+00
2.561063323553124160e+00
3.256783292473477864e+00
9.946108122184085243e-01
2.291355548079109905e+00
2.529339741977686629e+00
1.743358872254064273e+00
1.458329050935096127e+00
2.807018234385092903e+00
1.682870997251431744e+00
1.187919309640170340e+00
1.769149560875844074e+00
4.100728446805621541e-01
5.056656760490387814e-01
3.934753962111370296e-01
2.418051901781172131e+00
2.321273065443660411e+00
2.694113220729959401e+00
1.831551628727875691e+00
1.829837339592610634e+00
2.577352795563870647e+00
3.910845518535498999e-01
7.104396885651654836e-01
2.149041867834778241e+00
2.600093123929087202e+00
9.809409928238563836e-01
2.901363638939475020e+00
5.900686378168971125e-01
3.371876467430606539e+00
2.158997344725872569e+00
2.991325455890406548e+00
9.703730734042208539e-01
1.405736996598365263e+00
2.492434678424253480e+00
6.776245704450253315e-01
1.860034323928726252e+00
2.355291733377847585e+00
2.089180940680439136e+00
1.071248185042458667e+00
1.291546885569738068e+00
2.294802050079226330e+00
4.146505571126252176e-01
5.013901430597933473e-01
1.244175203739437352e+00
9.506837413598840936e-01
1.365418413139547926e+00
2.180584493094833043e+00
3.444788245934311988e+00
6.452861751466409945e-01
2.175270220706720714e+00
1.752877743745499817e-01
2.962939855773327302e+00
3.438378177861445728e+00
1.789971144794703761e+00
1.150385909478272017e+00
3.779819406075004551e-01
2.051298552277689424e+00
1.109085904209053508e+00
2.068155839085227932e+00
1.159534164524919753e+00
5.127010942973870833e-01
3.278399734608760330e+00
6.166043037644994840e-01
2.278646083871391337e+00
1.618720965377977494e+00
9.401431204647521245e-01
4.229338395086224001e-01
3.254179588183988781e+00
2.574225651367199053e+00
2.046143685767297438e+00
2.161668605929002673e+00
2.772790713045249600e+00
1.041854764378493226e+00
9.372340138940240539e-01
2.179061497243184764e+00
1.792456549664438237e+00
5.478707849076872582e-01
2.521827075511669847e+00
2.950983256286352940e+00
8.123492851474968246e-01
1.227037434727358489e+00
2.140059936128149154e+00
3.688783188050530071e-01
1.917616738006159505e+00
2.070108730106671846e+00
3.040395448835917502e-01
1.605707655808467749e+00
2.738755286580659476e+00
5.190280362528838509e-01
2.321108438269841923e+00
2.551476423641474423e+00
1.751812440987750019e+00
1.529988238043325177e+00
1.968078223357710099e+00
1.371805423567884041e+00
1.871686961009222161e+00
2.023567063980492797e+00
1.204342437581642278e+00
2.933810809217813897e+00
1.120355226427129480e+00
1.061470387580050412e+00
3.233473812537637770e-01
1.696945046832451176e+00
4.372639325673591815e-01
3.533593696824720576e-01
3.907246856334876672e-01
9.538645569556994941e-01
1.667718164724384833e+00
2.866751885528190158e+00
7.286285804410139733e-01
2.366679066137643339e+00
3.495147698982292717e+00
5.443284245535243704e-01
1.186074900245314367e+00
2.612383965799546459e+00
1.233538463615104774e+00
2.456963399728928077e-01
9.473046975935220937e-01
1.404623928811813194e+00
1.250150726221068487e+00
1.771033388015348375e+00
1.139987986453523616e+00
3.874947139647680894e-01
4.495136196808087181e-01
1.145719750336323672e+00
6.446008136786902654e-01
2.177305180716245125e+00
2.229050421648404168e+00
2.969064571847817025e+00
2.357915256735713339e+00
1.138191493194988801e+00
1.663992052806372079e+00
7.952556253700935329e-01
3.415423287200554103e+00
1.202777467228304475e+00
1.352209895979777254e+00
2.354871609925984099e+00
2.433821635874906963e+00
3.416683606618813762e+00
1.445238651520206474e+00
4.163106912364540335e-01
2.941466943127474032e+00
8.049821518307456181e-01
3.264024499364425402e+00
3.184320192756107559e+00
3.245311252414502246e+00
2.853030773970753664e+00
2.350241492607433091e+00
4.378953524428334632e+00
2.613067419158986660e+00
4.587192773700847215e-01
1.206472860877819464e+00
2.283976297774936715e+00
2.700222335001724261e+00
2.419594787544622427e+00
1.361041855030251435e+00
1.591985690621124050e+00
2.362023212584171361e+00
6.141927784606407981e-01
7.712048643363209610e-01
1.202482481323281727e+00
5.316528772474653497e-01
8.728094069607866823e-01
2.928097160064069282e+00
8.757577476165919750e-01
8.397892874467416391e-01
7.005860207324204891e-01
1.071911508460663853e+00
2.575672189090350894e+00
5.820794581630022169e-01
4.846251791471580805e-01
9.215088205873454008e-01
6.350500946710646577e-01
5.559527583962060593e-01
1.850382535322202315e+00
2.981369025444171150e+00
2.096378193610836327e+00
1.432588859344693155e+00
1.366580858673259513e+00
1.732792851346459662e+00
3.057719457963919751e+00
4.673849709369759520e-01
2.071156949505947420e+00
9.297895120315259332e-01
2.347322858349285557e+00
4.133930875253544746e-01
2.676055005162461864e+00
9.893636662318628927e-01
2.915886362715060631e+00
1.680125557356189292e+00
2.332737349368424251e+00
8.213096605242150572e-01
6.980335262207925107e-01
2.251931469033958688e+00
1.842155224992540807e+00
4.232059655989089397e-01
1.345346202217844178e+00
1.208664808867264684e+00
2.369432769258758231e+00
5.537204694978664632e-01
1.716028519659993812e+00
2.249051747272696467e-01
9.413422147011621943e-01
1.235520965333220644e+00
1.530936647287383101e+00
7.421773433731552183e-01
2.770362198830701228e+00
3.469767182363701519e+00
7.683942543437883854e-01
4.757478301777207097e-01
1.761610667811972064e+00
1.314620672572629489e+00
5.432206175705549533e-01
1.068757607908727980e+00
1.671683524150651357e+00
1.532833331664217091e+00
1.250804520835148148e+00
3.070850660129960552e+00
1.382063850894901691e+00
1.377666446106328824e+00
3.309190721706791738e+00
2.030941275190184747e+00
3.343032939606504494e-01
2.934253429280225589e+00
8.424911656537836802e-01
3.155383593052501379e+00
4.142165455277820207e+00
7.316333445242179101e-01
1.810574690190074554e+00
2.752646910396059798e+00
1.610985399502459225e+00
1.933370098420364780e+00
1.885824906879378204e+00
1.747880357082696179e+00
3.426872156854530171e-01
5.993077003307287764e-01
3.759300325326473957e-01
1.450990179952970305e+00
2.849788251190003230e+00
5.178315788301293132e-01
2.870812753088192615e+00
2.943827465990548564e+00
2.246399762594398997e+00
8.819878104637385308e-01
2.146139755417121098e+00
2.942156271168845816e+00
2.184265674231387955e+00
2.604377349210007964e+00
1.813960585670457981e-01
1.484540209344633599e+00
6.026708781997757169e-01
2.047168993258987157e+00
4.906199385621674014e-01
2.117852382450624127e+00
5.564273228583256348e-01
1.635183874737787146e+00
1.763756871464602582e+00
1.633159538222712870e+00
3.346598031409411256e+00
2.502353595829120536e+00
5.381709616937153662e-01
4.498023810169901604e-01
1.795670998415960451e+00
1.783302658117040362e+00
1.645124551714159500e+00
2.613950156746297271e+00
1.683913489697475452e+00
1.627292731697301820e+00
1.033062848798504518e+00
7.384181479240956580e-01
1.140079118439572214e+00
1.395253342203556679e+00
7.833102153582740534e-01
1.675934862173606155e-01
2.064501000151819810e+00
4.802247458559837368e-01
3.264622350627267577e-01
1.003759267888505446e+00
2.852614156548288538e+00
6.699504526457632503e-01
2.449817374172040818e+00
2.279937348217198956e+00
2.059533336423888805e+00
2.143330599033861361e+00
2.073892187319577474e+00
2.760024567684791652e+00
1.743235233309667009e+00
3.009177334459891551e+00
9.353297586499618177e-01
1.513803152008088126e+00
2.102411074667655200e+00
3.878883239717520470e-01
2.637198704585753450e+00
1.428154077876042871e+00
1.447194526483404520e+00
5.199440150003782346e-01
3.107383478850544112e+00
2.162385858802648997e+00
2.072312554103110660e+00
1.652969468607837555e+00
1.245198618602284091e+00
6.211059616447172083e-01
2.741695472748401308e+00
1.431032085419714939e+00
2.228239226720062582e+00
2.407518062748772447e+00
2.600164961125985830e+00
2.583922504390693931e+00
1.056154317642925999e+00
1.009725852469155249e+00
1.837312875319214278e+00
2.226711874217367715e+00
2.117315823631995997e+00
1.591212004249926260e+00
3.042023472436511167e+00
1.874337878306538308e+00
2.902736153684556619e+00
1.685410116267782143e+00
1.901660248784530882e+00
6.704778124395859296e-01
2.831567737436779364e+00
2.336986708353838260e+00
2.510873640638003224e+00
3.109499544792702630e-01
2.801404537070578904e+00
2.283263955486591001e+00
3.447762382754185895e-01
2.285811761776863182e+00
1.615413698339694282e+00
7.457853300677818043e-01
2.056584421357103842e+00
3.780077377662429128e-01
2.778046536481258433e-01
2.235880516966214926e-01
2.129275157354187265e+00
9.877388094855514833e-01
1.391717383843288136e+00
2.186166383636890531e-01
2.900059064042055379e+00
1.207677270896210686e+00
1.290747225013188171e+00
3.049134763452067687e-01
2.427262341707299598e+00
1.053680901276163207e+00
1.789634699392557593e+00
1.080747464576920613e+00
2.714449346574030475e-01
2.638246197951779948e+00
2.072341887067500998e+00
2.581968125707005512e+00
2.597392941841112357e-01
1.622633801502875173e+00
1.095582874776040327e+00
2.362787768423840085e+00
4.827871658630006890e-01
2.232837471246235328e+00
1.906488854506370290e+00
1.707369142072713286e+00
1.812833805182489932e+00
2.501429372491330128e+00
5.675213901097263536e-01
1.899316529265890230e+00
2.866538627820096607e+00
2.716233925289064821e+00
2.888537550252840980e+00
8.408084437819715040e-01
2.377875256492739453e+00
8.791581112461724912e-01
1.439435676526931829e+00
2.753131201261306948e+00
1.248075594357518137e+00
1.708042357456242666e+00
1.768260022026288514e+00
1.758984526562963113e+00
1.393239972575681218e+00
8.077877077840619480e-01
2.240610345223867039e+00
1.338798649883572667e+00
3.205886328369980109e-01
1.267815711981989280e+00
3.057653937948849432e+00
9.763699266268697219e-01
5.634436180841844166e-01
3.487875955689050844e+00
1.572391613500869756e+00
2.257939782274958951e+00
1.356003036363179648e+00
5.992015675819164500e-01
3.778101479467074197e-01
1.822392573849274333e+00
2.409148761745723455e+00
1.503768630259245676e+00
3.338237849171055149e+00
2.844281553526124107e+00
5.186128964424282506e-01
7.052951676717030827e-01
3.025762812369072297e+00
1.683199604810796890e+00
2.526156455633604470e+00
1.918123498304762808e+00
3.096222680785878367e+00
2.898592449676442584e+00
2.294996756588316256e+00
5.621622360982781785e+00
6.290949251311256374e-01
1.169171431285531471e+00
2.087896679192508653e+00
3.448395014643790280e+00
1.785422454911697487e+00
1.309259098006718247e+00
1.424975811455728048e+00
1.971630883750981500e+00
1.524073717986122123e+00
6.929833543463623791e-01
2.640864062595972950e+00
1.464319206220933367e+00
1.645788280002465021e+00
1.512481451126322041e+00
9.493029822612026880e-01
5.396758444158872292e-01
4.662381139816464404e-01
3.275079802624353942e+00
2.138264113487119644e+00
5.491570378403178854e-01
2.691220531795737725e-01
5.896019798756142460e-01
1.865564397613601377e+00
2.308602672854701776e+00
4.919469431602315201e-01
1.724242051891336835e+00
3.472068552895089533e-01
2.088009898651148610e+00
1.815098152566010370e+00
8.746942202397642863e-01
6.630436750449401062e-01
6.252864438576599682e-01
7.562748344412799639e-01
9.989724465711208312e-01
2.073300915314895132e+00
3.164150896611609975e-01
1.683878660756673140e+00
1.898790805051605579e+00
1.495369527359635020e+00
2.110143893332764975e+00
1.486185096074951417e+00
6.502159451665218137e-01
1.539554205189472169e+00
2.021776153835831202e+00
2.022317588618641970e+00
1.803747454500784553e+00
3.081283017617536757e+00
4.261976705588125247e-01
2.306874622087880411e+00
1.487894289316225027e+00
1.426908310315914363e+00
3.933930663329115340e+00
2.362086050510025625e+00
2.129323996069547587e+00
1.406386676399792313e+00
2.386651744867314573e+00
2.856342075478056408e+00
2.415346226534373919e+00
1.879640526359035668e+00
5.376576247796491792e-01
3.360815897397899654e+00
1.739681630635526499e+00
2.835012129895334354e+00
3.047015171819740798e-01
5.893398488651271361e-01
9.981942273862184356e-01
2.131383939458017185e+00
1.470457909211934089e+00
1.652462620226442525e+00
2.381910967364438303e+00
3.115967119367274996e-01
2.460921330368731397e+00
2.396020880935930020e+00
1.112126208159687657e+00
7.257424026917226323e-01
2.320095898966638259e+00
1.475699787183185174e+00
1.276244433713271009e+00
9.985387205169655722e-01
3.401520096662609127e+00
1.036024354595231012e+00
3.300318917686948961e+00
5.077471522055858610e-01
2.247796045326852621e+00
2.567023083387045101e+00
2.138282406770469102e+00
1.717268489543304577e+00
2.509023664346714533e+00
1.488535691808190897e+00
4.327636315428695091e-01
5.801480544390843486e-01
1.972501124448333476e+00
9.277714589126823119e-01
1.102715163884970817e+00
1.286315477296113396e+00
1.835457594605107268e+00
1.907476212921135783e+00
4.836510913472958362e-01
1.444413646796943507e+00
1.368121139323134727e+00
1.254716383827966464e+00
2.850075616407513057e-01
1.260617306322791897e+00
3.420894623916816535e+00
1.253160373118106907e+00
7.004332744229035956e-01
6.407490718781703176e-01
5.767272336097997165e-01
1.848115107771412413e+00
2.694050838309119733e+00
2.242397062831744670e+00
8.571077236092948803e-01
2.297752894631687859e+00
1.730705714656084027e+00
2.438563865613040615e+00
8.873169826976422536e-01
1.869478358112361738e+00
4.273568672803163548e-01
1.932526788764513004e+00
4.900081746997443921e-01
2.344101824127087230e+00
1.693773213700756175e+00
1.974487140156351739e+00
2.611359273513184309e+00
6.586229036429269712e-01
1.626890208568462448e+00
2.589772559057635259e+00
1.324139374927389312e+00
1.648687079145205736e+00
1.154354435680906121e+00
4.224889356781689198e-01
3.711405484373791808e+00
2.973259452799812408e+00
6.928193031384204392e-01
2.145889665170994220e+00
8.077963186346545088e-01
1.496888273324063379e+00
1.386418811052731126e+00
1.576317302387166386e+00
3.003891612618996287e+00
6.046808357083456320e-01
5.731640030579607803e-01
5.395960955756823330e-01
1.674068332129677039e-01
1.953518973671787062e+00
1.997780078163585937e+00
3.058843420291886606e+00
2.637778698182449588e+00
6.673742449423161194e-01
1.988855001821179025e+00
1.251090428966658452e+00
1.917501123983235356e+00
3.374047339866221851e+00
2.982586684058201154e+00
1.831082351375373563e+00
1.791572632328098269e+00
3.307454809434475229e-01
2.568483983078065691e+00
1.522351695229589463e+00
1.962550309036722007e+00
3.214910025168799201e+00
8.387802570644364852e-01
1.559178604725928396e+00
4.774228370798421217e-01
1.295008135056282761e+00
1.640425174429141153e+00
1.953438536906040079e+00
2.097351414155359084e+00
5.426284147113092926e-01
5.903000254680171865e-01
1.434520625539657201e+00
1.216626360849387689e+00
5.231251807004625443e-01
1.133935347410918615e+00
8.772088390397421165e-01
2.592501110604411796e+00
2.335234616386991036e+00
1.972062704596543092e+00
6.398254071538268528e-01
2.190319303338816859e+00
4.182892604212866683e-01
1.860572317270716702e+00
8.275552127403505986e-01
2.467675385419295431e+00
2.644278423705900050e+00
1.407055934737432290e-01
2.177889191989440310e+00
5.699672435125369141e-01
1.156548710690317394e+00
2.296695524701788838e+00
1.062325247033461428e+00
1.966772157798876153e+00
6.847358255320308285e-01
2.023175298352449580e+00
2.816998428950817646e-01
1.584914334679728531e+00
2.647556118578891837e+00
3.519237772404524844e-01
2.174951752844620945e+00
3.353135483516548110e+00
9.747477212422741566e-01
1.252293791101725562e+00
2.105125930998924755e+00
2.641684158789195269e+00
1.012998108226985883e+00
3.450703870204328894e+00
2.966146703279499253e+00
1.572467675787210473e+00
1.475071668468641795e+00
1.335537447783366360e+00
1.667576821389969099e+00
1.012757615059994842e+00
7.633523381120939089e-01
1.653866339817507081e+00
1.879208773967043777e+00
2.030920954702788439e+00
2.097267553707027332e+00
2.820852616716153172e+00
2.164191331163809462e+00
2.266686227198150938e+00
2.429779081969975774e-01
2.852041117652114099e+00
2.502534839173246262e+00
9.939906007187599979e-01
1.279021697834509474e+00
1.871099458863567433e+00
1.839691017000661510e+00
1.380102884716482237e+00
1.880293050010453992e+00
2.502896698624865746e+00
5.924960567380123111e-01
7.192158439481995957e-01
1.415860409337364123e+00
2.602865891999249559e+00
6.288753174198286056e-01
2.232515283225358971e+00
2.386848698857286344e+00
7.888752546147507205e-01
3.326327757817044151e-01
2.379500536958141232e+00
2.734884140051890844e-01
3.323510446635510540e+00
1.163920827789033163e+00
8.506753684720268494e-01
8.154112954141352620e-01
2.432714552174623179e+00
1.430844452155064062e+00
2.121303586537504948e+00
2.711091634282278395e+00
1.365911801208231191e+00
1.841977948512693697e+00
3.073367762122499736e-01
1.223663149955051210e+00
1.127885102720280974e+00
1.619815888798739945e+00
3.483963593057374908e+00
2.078905771078315201e+00
1.677049008858403578e+00
6.886210050261384330e-01
1.091510479529201438e+00
2.832852841470336447e+00
3.312011015475059494e+00
2.374216565782855337e+00
2.472725533965531408e+00
2.393031662076243737e+00
5.964403256316983537e-01
2.448201967980734750e+00
9.463849030460166345e-01
1.564532679914141022e+00
1.661577768967110180e-01
3.095234763123333455e+00
7.681927438965603372e-01
3.798563128999479233e-01
1.896604553936996673e+00
8.102048160578285696e-01
1.054238498582957817e+00
1.909987324140536735e+00
1.642243823753927856e+00
1.531727495839140252e+00
3.018646477076528445e+00
1.430943573313726791e+00
2.631320432718179170e+00
1.746255438881830324e+00
2.531252293451330182e+00
2.659039348510398582e-01
3.601638888982229281e-01
3.095863979640698815e+00
6.167861747369818293e-01
5.827160458826824430e-01
2.019909191590764319e+00
7.201206178054868623e-01
2.843387135360944118e+00
1.532274470550688994e+00
1.493063381487057084e+00
2.233364333228944343e+00
1.846352189538539967e+00
1.945807202049111950e+00
4.949846251952650378e-01
1.707142127169805956e+00
3.050199942187963753e+00
9.242771976589166938e-01
2.272720793189030974e+00
1.046248212762940666e+00
2.597990318847897551e-01
1.902261493698444106e+00
1.789396750068433795e+00
1.829520919717065874e+00
3.779422374338382795e+00
2.073752562639854524e+00
2.070255746121584473e+00
2.150446178989971813e+00
2.008268812802409542e+00
5.447488515980000168e-01
6.082099361688679817e-01
2.759494001522779794e+00
2.292332071450242204e+00
2.778622687727942520e+00
8.039104650125992180e-01
2.099148291189857574e+00
2.590044692365846668e+00
1.085271964050547044e+00
2.323503120702642644e+00
1.460938313460645066e+00
1.776993789579102812e+00
1.966333564376296694e+00
3.088422929457241839e+00
2.308647422129701976e+00
3.133427708637059439e+00
5.111818159938037454e+00
3.191941948579293697e+00
2.138037375068070567e+00
6.561413003493632434e-01
1.814454403440135533e+00
7.307519133982000037e-01
3.457699683663362222e-01
1.725211208973020716e+00
1.937338308532483122e+00
6.217283120463666934e-01
2.834365009402714186e+00
4.084136817995535074e-01
5.823102613986466114e-01
3.170332444446655629e+00
5.493261219646008442e-01
2.624928275397869104e+00
6.891761151423994036e-01
2.958947411097287095e+00
1.228353089518921415e+00
