8.267710818672600577e-04
5.844184527912899907e-04
6.092516031330850318e-04
6.096147563605213825e-04
7.516121263363660914e-04
7.476027473194132638e-04
6.417341331601137192e-04
9.749926359350994396e-04
7.465570099549541936e-04
7.731490201401890975e-04
1.522616907169512977e-03
1.062723326901859758e-03
8.507163717863840732e-04
6.202606332195553232e-04
1.056781089197701218e-03
5.818899273630071716e-04
5.974766721301159921e-04
6.748899107559631818e-04
7.479815828639144615e-04
1.797335885063654475e-03
8.041512696707607847e-04
7.491060204209102225e-04
1.241386709157349085e-03
7.894549115712730901e-04
5.848971603768353140e-04
7.329102906942453963e-04
6.858986599075034231e-04
5.951798807746948652e-04
6.441144988716999108e-04
1.183792405570533021e-03
1.140784906540582774e-03
6.848200593158496963e-04
9.466067644423151227e-04
7.967672089659419725e-04
1.677990666237001195e-03
5.661416907236126780e-04
7.207549397762353380e-04
8.511477672852902233e-04
6.826076238639950831e-04
6.779720537884598988e-04
1.047652086998407438e-03
2.305368409406364193e-03
6.071124721901093165e-04
7.807878155233012509e-04
1.506107125279741027e-03
5.473053491439585500e-03
5.192693827161640359e-04
8.783970955179839840e-04
7.116688046384318832e-04
5.437905735351370763e-04
7.793827527579221979e-04
1.085765198579402525e-03
9.587968308554820030e-04
3.403874408720906821e-03
5.736110577200075056e-04
5.798228168617311626e-04
1.054400247265653307e-03
7.688889820575390372e-04
5.610147437846091855e-04
6.762856711345022415e-04
1.040980128863993638e-03
1.088140875745927843e-03
7.105762200016323442e-04
1.158558270688060362e-03
1.115838544923883433e-03
7.064140562572131243e-04
1.100739561161868160e-03
6.495865213750290443e-04
7.730283406279852762e-04
7.185731977493153150e-04
7.143343405342722843e-04
6.563597511451734270e-04
9.571085770100933770e-04
2.018749987074372997e-03
5.349258786031914001e-04
1.701540287405648409e-03
6.869006151205730212e-04
6.397047238686569097e-04
6.465118670389827151e-04
6.248071786398194183e-04
1.260555108252085690e-03
5.468438738775860527e-04
2.847556438060916753e-03
6.264899906517284404e-04
5.474449633782944684e-04
6.124421942227517481e-04
5.653431228179852178e-04
9.638974046999092358e-04
1.054214825722233576e-03
6.084684308760640245e-04
1.350703885779592226e-03
8.437896161650694418e-04
1.016229051318554878e-03
8.646520435266548702e-04
6.455146607784084710e-04
1.047261659745910966e-03
6.732682948867030337e-04
7.678675241759279086e-04
5.638044568656844962e-04
9.503357248570148659e-04
6.968685429983135322e-04
1.528887772075213265e-03
7.647723008323011702e-04
8.872126169328277022e-04
1.043926666329317819e-03
5.995895984685263450e-04
6.471654828672507428e-04
7.738004660150046322e-04
1.320928863322202865e-03
8.627350478666575770e-04
6.266677508496960262e-04
5.880556346432221776e-04
5.259153120975640014e-04
5.698204378613680020e-04
1.154157545753274876e-03
8.934243755396462311e-04
7.654291958551669162e-04
6.406336302910658033e-04
5.918844646364795599e-04
9.451160793372320647e-04
9.785042480138946269e-04
2.431758819139301971e-03
5.352420487445771775e-04
5.970653229948974603e-04
6.994983813394852748e-04
7.467809702978466836e-04
9.021186412816192086e-04
6.956587019996606988e-04
5.703655862605187333e-04
5.840705501133176478e-04
6.241316467004672571e-04
6.594707958320631183e-04
6.647642882696996490e-04
8.148905083114520382e-04
5.505950082621825737e-04
7.102096010992521363e-04
1.273676948817042574e-03
5.972102643020591167e-04
6.149015798492954779e-04
8.172327967414649971e-04
6.606982581113389789e-04
8.294857120672199978e-04
1.238043495266976171e-03
6.401376244414929122e-04
1.337096442019219912e-03
6.767958667093514243e-04
6.059561221300728160e-04
5.523891065314394042e-04
1.188312932134942979e-03
6.374686699782255430e-04
8.970864739533130749e-04
1.344739697648238402e-03
5.559140015937600807e-04
5.981375461261771546e-04
1.222025070281377787e-03
1.226685754132506370e-03
7.629099600733686617e-04
5.721327774235677316e-04
8.829636580529368582e-04
6.884805912454367190e-04
5.881648231191990636e-04
9.947777541197658398e-04
7.208812111208095673e-04
1.330917454632069702e-02
6.209175784222175851e-04
9.159619466749072689e-04
1.712627536697194485e-03
6.165244330738782128e-04
5.311610145045023547e-04
7.035698064147060879e-04
9.848567336617291244e-04
6.689376478696536319e-04
1.411884172417205482e-03
5.636423378836416878e-04
5.338804170970601337e-03
7.542603140204206472e-04
1.301570292819217165e-03
1.416846544142935172e-03
8.651638377485412843e-04
8.622832648717404644e-04
6.313400408051760612e-04
8.720067019755413200e-04
6.209060734493209062e-04
1.430883631435851721e-03
6.390184718733862715e-04
6.001372636752272047e-04
9.733867535141206952e-04
6.072588574038349481e-04
5.848540793515226346e-04
7.648699903749058351e-04
7.684973537886587809e-04
6.620935527337002725e-04
8.235872442868457169e-04
6.382617677229176752e-04
5.993471645093768983e-04
2.114826229422066186e-03
1.130900983019800330e-03
9.360077638614458691e-04
8.080105816362656915e-04
8.031431561640517197e-04
5.604592825115814253e-04
6.891168587077699638e-04
4.886422501533404725e-03
8.566289837444535310e-04
5.703447382656267727e-04
1.026622668564720333e-03
6.974224249361831969e-04
6.557537436338977538e-04
6.782720283272278793e-04
7.058082354212531729e-04
7.688160995728445099e-04
7.766245998906406989e-04
1.998543823442568666e-03
7.078305378386746428e-04
6.913783512449358940e-04
7.543370858896407752e-04
8.217556602960425288e-04
7.315272559228108750e-04
1.428839617559315859e-03
5.292851925162001371e-04
6.415273381026809696e-04
6.331801952290612217e-04
6.892464345631965379e-04
8.520972173063816671e-04
9.389382144634912924e-04
9.746286113502432768e-04
7.301659813303909303e-04
9.009117641314093056e-04
9.259545158456627262e-04
1.499860169967727822e-03
6.599680509998372005e-04
9.581874061892746994e-04
1.494668923857756784e-03
1.282943909098070842e-03
5.201220534639671182e-04
7.676955691038237330e-04
6.102888644127148644e-04
5.975722756294833118e-04
6.512939968005434198e-04
6.540118183140487080e-04
7.445124924158588644e-04
5.527397174571014411e-04
7.087097216473769133e-04
7.849117084649975037e-04
5.747957317492312108e-04
7.287440213390783189e-04
5.289477567036114138e-03
2.106406715693388138e-03
3.642876132458283678e-03
7.870266964638051622e-04
2.693734902336641316e-03
1.349081450769688091e-03
5.735650645971438789e-04
6.380112520145035182e-04
1.722214099760049303e-03
6.424715431343493805e-04
1.014234267919577074e-03
1.118254980494432340e-03
1.360332963340986747e-03
1.550220581746702833e-03
1.076347088305649536e-03
1.379964919444486059e-03
6.526693601781345319e-04
5.986343121260562445e-04
9.854493951061242540e-04
7.889852283820836124e-04
5.240401613506377428e-04
6.423502481699352052e-04
6.376231991224983603e-04
8.601000660711253859e-04
6.362269831550930801e-04
6.123037696428412346e-04
1.182862317495578242e-03
7.534738497660860030e-04
1.066719752086710661e-03
9.561961988151705758e-04
7.436084973519025950e-04
1.108994449805250420e-03
7.683947829041854263e-04
8.496248103296054951e-04
5.543645839529630316e-04
8.860117821719651343e-04
1.066040970049634672e-03
9.210160027498388554e-04
1.542062519421023414e-03
5.740201514864643872e-04
1.421218658632580250e-03
5.457845276682749642e-04
6.130183677704967868e-04
8.250546935701793486e-04
5.447435178441284572e-04
6.169243115468936748e-04
6.125777966693718782e-03
8.521133112439098142e-04
1.245786862467295744e-03
5.823808584796490943e-04
8.843934994052155604e-04
5.743322506633216857e-04
8.212079196930924209e-04
7.507933934964426030e-04
8.363217538444050895e-04
1.049259459323811710e-03
1.235813589455242098e-02
1.093305163282279552e-03
9.629025816919086888e-04
6.562596915962055086e-04
1.214933814540303551e-03
7.511906547517573649e-04
1.003095831424021716e-03
1.202342464981553168e-03
2.315906447596485437e-03
6.668837601882849925e-04
8.677057902997860903e-04
1.243902222262043260e-03
1.361760668107651505e-03
7.096579856172805390e-04
1.881878547072104004e-03
7.479669510746174725e-04
8.873856906227060252e-04
1.121946787565977679e-03
2.348925363903543121e-03
1.665475390072568675e-03
6.644865814391288797e-04
6.058374181923480671e-04
6.208357954702385358e-04
6.496853051812058249e-04
5.963710407439375746e-04
1.450221380789988319e-03
6.057082893234316898e-04
9.483799272868764698e-04
7.997328790724089883e-04
6.905998028089116534e-04
7.521990581230191463e-04
5.967298124759242654e-04
5.996266083512561112e-04
7.652316504656636511e-04
1.193006639258147213e-03
7.720871473159658183e-04
5.463945435804323618e-04
5.815384966283919897e-04
8.639987252787924722e-04
7.148252048217203355e-04
6.349239962962868094e-04
5.993614455838270749e-04
8.634483669559476745e-04
6.959835349253649158e-04
7.280104433954188688e-04
1.284738146949348852e-03
7.222749175019016737e-04
1.249991454898360509e-03
1.759325904504294331e-03
1.022533454961071370e-03
1.153452221351363143e-03
9.237282164013823444e-04
1.065861465581625532e-03
5.979817318395166470e-04
7.010499530765729875e-04
8.941874350989434828e-04
8.652455274752715239e-04
1.370439747395405753e-03
8.883798971530552013e-04
1.197228919917187832e-03
1.036855586875473937e-03
7.929906259932166090e-04
5.875349625767307959e-04
1.083163929923519533e-03
8.178952369774672871e-04
7.828026585232594455e-04
7.320911923252871331e-04
6.234189486053728956e-04
9.869983538539897280e-04
5.608249613023112137e-04
5.616388593784783648e-04
1.137246204537081893e-03
5.918888121375820606e-04
1.257838745969180796e-03
7.060784343553961175e-04
1.033703981158190033e-03
6.101887708617432593e-04
5.653401109730842424e-04
1.152122080625617292e-03
1.032499178468965825e-03
5.322619649290924850e-04
1.266234780574384622e-03
1.506355201897280815e-03
1.507295309853858576e-03
6.387060311852423835e-04
7.967312610053768835e-04
6.532793109862935653e-04
5.680225453543136325e-04
6.098495632381691935e-04
2.333336713469953781e-03
5.856645559363320803e-04
6.686856720365828757e-04
5.151715695993248564e-03
8.595484535253675607e-04
1.064002362729730023e-03
9.064301175794956802e-04
6.584315773206747850e-04
1.018633675518545523e-03
6.817388046868718071e-04
7.691950512580387990e-04
6.128696074460581247e-04
5.849332356780028754e-04
6.121848206143036064e-04
7.640713861802974401e-04
5.723268888472760095e-04
1.160458992482021976e-03
9.272256215142819346e-04
7.890718311191544229e-04
1.302609066616971633e-03
1.932803897570602994e-03
6.653946614445022849e-04
8.023127571095182119e-04
6.813838224544509301e-04
7.701082464710878222e-04
6.322800753875170137e-04
1.188703511955235088e-03
8.286928871347621489e-04
5.629554050466129694e-04
5.990879383755052211e-04
1.117625410318911789e-03
6.806798499139884778e-04
5.992792919651142823e-04
6.779197100551549986e-04
1.365744856331340155e-03
1.132387836459408138e-03
7.369935408260779551e-04
1.323148894265587915e-03
8.987605604337224000e-04
5.475135459396760764e-04
6.440527039697451200e-04
9.543926766415062593e-04
7.297675181515074667e-04
8.998758610045451802e-04
9.567431243375570937e-04
7.526164698764575183e-04
6.308942729938179887e-04
6.747062894676066373e-04
7.715593323347182337e-04
1.236777683618650505e-03
5.859463907757967620e-04
2.217807647008430798e-03
7.198495339839802417e-04
1.147887681677629054e-03
6.050554612987935022e-04
2.272442376978755889e-03
1.308151670317405334e-03
9.541857971378004018e-04
1.417902573777209303e-03
5.817324821727024335e-04
1.918108338606071966e-03
1.118767465096977536e-03
7.629246094500498907e-04
7.967865965720672024e-04
8.398286092705176467e-04
6.195875437062378036e-04
6.138385331713036705e-04
6.278877724749826758e-04
8.951877769244113948e-04
5.962732278405628514e-04
6.265864460154536766e-04
9.748795232616577463e-04
1.130775255661669232e-03
7.133845739319511848e-04
5.702211007448532024e-04
5.640890857017241862e-04
1.047527267735881562e-03
3.933577369020562105e-03
7.798128718201974762e-04
5.700938209970488058e-04
7.563873003804013999e-04
1.119694997364065322e-03
6.610401967084638623e-04
6.838162114467965548e-04
1.027140489680147730e-03
7.736880084983806249e-04
7.998847645159489752e-04
7.118035288712577704e-04
1.064994943130486565e-03
9.221640333701769041e-04
6.848636715195801413e-04
6.518634008108349642e-04
5.528295103600995748e-04
6.306511435055923683e-04
6.708258150081499458e-04
1.080274536954097713e-03
6.835722991646429490e-04
1.325957118419855306e-03
8.167162359390415160e-04
6.069021312671968576e-04
7.344323340237549763e-04
1.856833142989109059e-03
2.306145481216525725e-03
7.808691243949067093e-04
8.592907006810843011e-04
7.279101070536087232e-04
7.533520584141697616e-04
9.240690369576257807e-04
1.233234337911958333e-03
5.962469580482976329e-04
1.250076578743324236e-03
8.171466598034469444e-04
5.928902895238816455e-04
6.244520857306983148e-04
7.095566955316035245e-04
5.785881029170692868e-04
6.291309378137647850e-04
8.941553183961890730e-04
7.260483409301361985e-04
5.997338089651966684e-04
7.199797995792635167e-04
8.829564963711617918e-04
6.025609261303759793e-04
8.635495859595383999e-04
1.195084615938997192e-03
9.829994376490548257e-04
6.780864748891626608e-04
1.378508485922522132e-03
9.007499301086903214e-04
9.160239564643261109e-04
5.728510131780340572e-04
1.144692262868812977e-03
9.306471924035085398e-04
5.535331999790661173e-04
8.198807177168918221e-04
7.952419170861532455e-04
7.928504505795879636e-04
8.553019156398359137e-04
1.158810648590317439e-03
7.775805064271519964e-04
7.289029853922879710e-04
9.696384192680576521e-04
6.651315215123231386e-04
1.052935436763999602e-03
1.104399975030867075e-03
1.480489823433806798e-03
7.052572317648279649e-04
7.063097717764519647e-03
1.049867091173179801e-03
5.426931939642238223e-04
9.005034735649788784e-04
5.575427049407184928e-04
7.324596331905820811e-04
8.343667220381326393e-04
8.366025498737784385e-04
8.517348864396412410e-04
6.662357394137899012e-04
6.255716348741515191e-04
6.841359857673191130e-04
1.627593953452293341e-03
5.544552274887458616e-04
2.532882985485953448e-03
2.089202864244577885e-03
5.717172667084565504e-04
6.356335816921776386e-04
8.938437968571623544e-04
1.337212803586659620e-03
5.400121244450349850e-04
5.583294397619434270e-04
5.714002362914680656e-04
1.343420123178228585e-03
8.409505452616789379e-04
8.168881639241992905e-04
5.268911782539620814e-04
6.476677230497780279e-04
1.011190593309594299e-03
1.199205606653629087e-03
1.575341585839931538e-03
8.776091586777159384e-04
9.693803684523252286e-04
1.094572825443754401e-03
6.895026833394626376e-04
9.252866270644496179e-04
9.072940230975312702e-04
9.328231913773585640e-04
7.888217080174795941e-04
6.144367487536249624e-04
5.307959579102740268e-04
5.832822431211831960e-04
6.826908014504938721e-04
5.663922558369189047e-04
9.937523138611964544e-04
5.592713598957811108e-04
7.286191275173749260e-04
5.217446192445225053e-04
3.885513090486344273e-03
1.595165321223663722e-03
6.156943376999897887e-04
7.268709053162357263e-04
6.713120584400680780e-04
8.598025823766515746e-04
9.504188595862326713e-04
1.050928790243941700e-03
7.170730311604865551e-04
1.403510739553003430e-03
1.285474860334036859e-03
1.162043054122484679e-03
1.804298649570010814e-03
5.277801742879223565e-04
6.145254865826260682e-04
8.596356256493332092e-04
1.827065315307729041e-03
9.763179398212728718e-04
6.055971587282794714e-04
1.501385024250597236e-03
6.660878734889951044e-04
9.812773198717658109e-04
3.838445937168734334e-03
5.637739992275468941e-04
7.397372502847287829e-04
5.880134978983482790e-04
1.058066795676855867e-03
7.021173813996088760e-04
6.854145663071471934e-04
7.090625162078477298e-04
7.742688679632033118e-04
8.335715657605618448e-04
1.168270382737404169e-03
5.712523732945101696e-04
8.966942693603237226e-04
1.492992374058660192e-03
1.055764625449267516e-03
6.244165266797655888e-04
1.795682173580598080e-03
9.333897528263669641e-04
6.450772265739010023e-04
8.237820297318765826e-04
1.168240025851863262e-03
1.048586264135558483e-03
8.207629992886266183e-04
1.263153586250833184e-03
4.094340715812286313e-03
5.980588562136123247e-04
8.467106288333487579e-04
3.283481243004319344e-03
7.174006059546895108e-04
6.638125114793605539e-04
6.570693962441599137e-04
7.877409894934393232e-04
5.634531527123369174e-04
7.351851747848888894e-04
7.550166614781187628e-04
6.594670765602836729e-04
1.080776051375091987e-03
9.470044845833313490e-04
5.954237820236957810e-04
2.224638283795612580e-03
7.563939584110171682e-04
6.816458889608014923e-04
7.363490250794124713e-04
8.113169618173263816e-04
8.152090388593007672e-04
6.641407524136771741e-04
9.291120402980979250e-04
6.229101822927565844e-04
6.163364552841929305e-04
1.409849918138734223e-03
1.931436351352029202e-03
1.445177593920633774e-03
5.890846155188805746e-04
6.531096536645430908e-04
6.065320838819996665e-04
9.796911515575494785e-04
9.991346667776238293e-04
6.115986759513678851e-04
2.678443020944133984e-03
8.484366126404615203e-04
5.466233153589860911e-04
6.286557523438717626e-04
1.595486817795621712e-03
8.127674088435174644e-04
9.447145543776955864e-04
9.687645978815217400e-04
6.201302268196323990e-04
6.266348114665322086e-03
8.025751221735669778e-04
6.080442586574190183e-04
7.532952439364295040e-04
8.546230007245530060e-04
6.090470101754828910e-04
1.030139547382603014e-03
9.931148321758987395e-04
1.033466836202879104e-03
6.246997339710640921e-04
8.041956237060659141e-04
8.651610733642906958e-04
1.725475112018189398e-03
8.974488251451879801e-04
5.731799520926945555e-04
1.094551195263679172e-03
1.231008298142496600e-03
1.166266414177820733e-03
5.173547633549134940e-04
5.921612615075546628e-04
6.009013201064674140e-04
7.542909546487508009e-04
9.403421274797555286e-04
9.483215173699281655e-04
1.158995523886466230e-03
1.848123011159687667e-03
5.892932654866816404e-04
5.936022937467244675e-04
1.782983635456347185e-03
9.841661652384913698e-04
6.259065385721442054e-04
5.769437238343134598e-04
9.646851289453217161e-04
7.811396927330428340e-04
5.344209745289576086e-04
7.378170249315619015e-04
1.316966097941299528e-03
5.793584447404176484e-04
6.942236176615082001e-04
6.542747449501377542e-04
6.430395334302561102e-04
5.693943677557172399e-04
5.744247205034016526e-04
7.083412239158467204e-04
1.177443126064902030e-03
6.559383625184529807e-04
6.689717540074292769e-04
9.896548503117326683e-04
5.479057422140778564e-04
5.964959036201346104e-04
6.226578763138043834e-04
5.669671103097509521e-04
8.061763475994332059e-04
1.074678667633125351e-03
5.753599244047655215e-04
8.203718435178774778e-04
1.006049393544418587e-03
3.134640057375432266e-03
6.996856291649851053e-04
6.616423588431256161e-04
7.304901612196666120e-04
1.312114157810244548e-03
6.713045683511739128e-04
1.118191157338967526e-03
6.942693485473358126e-04
6.691839636234793573e-04
8.070928925557593675e-04
8.019451203812491113e-04
1.403323645869466573e-03
8.387994005393773714e-04
1.302861772763043002e-03
8.791567092954095941e-04
7.371222746216313107e-04
8.515192070930882465e-04
1.339242677586159960e-03
1.487288574355145280e-03
9.732230645566986938e-04
1.056525061899722326e-03
7.523185659462134798e-04
8.139977960434108826e-04
8.458269877343488905e-04
1.211686147122711813e-03
6.530796582837137664e-04
6.530332558637631400e-04
1.096220020306401489e-03
6.851145847887352451e-04
6.915240404177255915e-04
6.753952133939703211e-04
5.511909524058027825e-04
6.276302878658806617e-04
6.041581503525523872e-04
6.931875932452502900e-04
2.934439499519520423e-03
1.139694024692197195e-03
1.914517127463565222e-03
6.790285249344112919e-04
7.550450686504352497e-04
5.882959230852378768e-04
1.044083125435106216e-03
5.553051942482919003e-04
9.113467406328264967e-04
8.741304802449409092e-03
1.066823974392078472e-03
6.153573141819102758e-04
1.027416346225503308e-03
7.162083373353247918e-04
1.029513038426070615e-03
5.755642618502838405e-04
6.972515523271459025e-04
6.440603337564175870e-04
8.323629982281705985e-04
5.661873075621062139e-04
6.871957314799683218e-04
9.507192086634773821e-04
5.420718280569166358e-04
6.694184518239648185e-04
5.921732788203112234e-04
8.213958964842911449e-04
3.437007946708341664e-03
1.602467041714832324e-03
5.351471366989386585e-04
1.091658208727292302e-03
1.141713962412513978e-03
5.836775784421177745e-04
8.217568162980782697e-04
2.176536435822493294e-03
8.703411834166300360e-04
7.304200801534139250e-04
5.779405412716605078e-04
7.013773377064887399e-04
8.648753655539568718e-04
5.895525843714846019e-04
1.299039560022694113e-03
9.999962435134743168e-04
7.835133487811133703e-04
1.112431989210357821e-03
9.102472964460906445e-04
7.666951998160626393e-04
1.062046141238668414e-03
6.373004355293105739e-04
5.469766275471613873e-04
1.012374502062956877e-03
5.371907696212726343e-04
9.814943528457147418e-04
6.286864861820626446e-04
6.850663732744831716e-04
7.192175807372069895e-04
9.962949824544754113e-04
7.930030008158684470e-04
8.603702084108284754e-04
7.173146697392772039e-04
8.957389657239854617e-04
5.466519154932887028e-04
1.698480445363559875e-03
7.259275721019167477e-04
5.742589838594127933e-04
1.224385645754419048e-03
1.155505302446364641e-03
8.099913163318032960e-03
5.149609431569117986e-04
8.882006151807692951e-04
9.258819338877651147e-04
8.137562624306830935e-04
5.925806227705965887e-04
6.375989781744621819e-04
1.962546494367780562e-03
1.427792086134506205e-03
7.211622230294054007e-04
1.028670299511606030e-03
6.337255344316476127e-04
6.377469924509057610e-04
6.340824057372064244e-04
1.001460076910711547e-03
2.800818093262823737e-03
9.213599960869164667e-04
6.043226334273363179e-04
6.351611184236299239e-04
8.755441027365568020e-04
1.393005417678227836e-03
1.010261546589992379e-03
1.411957297646608675e-03
5.610009804995954447e-04
6.013006046500437175e-04
1.447037361446125393e-03
5.391004784522975685e-04
7.750654388505682103e-04
6.832027792268230903e-04
7.403645358980917189e-04
6.495203618741352599e-04
5.894335049248421643e-04
7.898343403065767555e-04
3.602900282354348695e-03
5.421887525534132288e-04
6.280270844218578197e-04
1.133496922736365511e-03
8.709517341301438453e-04
1.309232026867199672e-03
6.769824304806867053e-04
1.193731954345509695e-03
1.000481139605983788e-03
8.627200632634179217e-04
8.427707323509533825e-04
9.502874793665032696e-04
7.429140909790060221e-04
1.035990431578325032e-03
9.056340130848779041e-04
8.038932421002880279e-04
6.526239767816584486e-04
1.190831946760306705e-03
9.510092203802584772e-04
1.454026749993264298e-03
5.702671346287472307e-04
1.149036094399988025e-03
6.700680371894747077e-04
2.402778472903414290e-03
6.448881026974991959e-04
5.578389502256202561e-04
6.663676123118431136e-04
5.583687429421438451e-04
6.761580546617046873e-04
6.935326111790975252e-04
6.028289996100411399e-04
8.049236084218937357e-04
1.004426004847849656e-03
1.108426854667037258e-03
5.964829812865534917e-04
8.313996642006479592e-04
1.426756513036720473e-03
6.277761104608991366e-04
6.096632589385222968e-04
1.473262665317827663e-03
6.868719399078480892e-04
1.323682486752229305e-03
2.118569132341108826e-03
8.022697477920631747e-04
6.364807125471660509e-04
1.347284099341464333e-03
5.905610744942915670e-04
6.618749244933486413e-04
7.430639020537141383e-04
1.023677688575450962e-03
1.239505232712520598e-03
9.307927655024510888e-04
6.498329809518963536e-04
1.163152121155521142e-03
5.777332760519073322e-04
9.893016066621143634e-04
6.055763450253558644e-04
8.055460591390360909e-04
5.722112486103922424e-04
6.400727855060179715e-04
9.468227887160880415e-04
9.510649844671696228e-04
1.084835760027751811e-03
5.900535824333507859e-04
7.181511104353850011e-04
8.875793297593153339e-04
5.352009688753726164e-04
7.305127958511343448e-04
1.348720361572845316e-03
8.854354273690860384e-04
9.086048431421349164e-04
9.500524561127239283e-04
7.519247578786158277e-04
9.134926855676769701e-04
1.244439684476567835e-03
7.303424982767211344e-04
7.866591575360091853e-04
7.099062878489235734e-04
8.311981209439451863e-04
9.841825761339275704e-04
6.005292645412244664e-04
1.140868605725816687e-03
7.324519984575647395e-04
6.678159982213340310e-04
9.038552493428977409e-04
8.197083321188994862e-04
1.051047832480079061e-03
6.574585151518679742e-04
6.985178546117525207e-04
6.900200740403498708e-04
6.623281879591176764e-04
8.682342259960345579e-04
8.861673035441563779e-04
6.869252963548729473e-04
6.990993737137237134e-04
9.926575260373368247e-04
2.548513928043164099e-03
1.030452731515011603e-03
1.352809134003811259e-03
8.355610016032631680e-04
6.548852520833023817e-04
7.175239912430751103e-04
1.116020348470668456e-03
6.033184631081551629e-04
7.517180707668585232e-03
6.372905753287726790e-04
1.120800841527771000e-03
7.205127364174257129e-04
1.085877067777759816e-03
1.168162016556045964e-03
6.455348407759277374e-04
8.685345989601006090e-04
6.462856228505146775e-04
8.629094947640434570e-04
5.922397521462009458e-04
1.480284702710563680e-03
8.197508513043678773e-04
6.089824175478992423e-04
1.232498508359039166e-03
5.657391039547290468e-04
6.201909555639247094e-04
6.599225326477277517e-04
8.367667229282444667e-04
6.297699832481067073e-04
6.341731693918340297e-04
1.222617727329119086e-03
6.401352845516692378e-04
5.389300995852090758e-04
1.075446711805765456e-03
6.776353940267195635e-04
9.391801484719359888e-04
7.696536595696082655e-04
5.438295267006141263e-04
1.517910986288288806e-03
