1.058200840061898976e-03
7.097381955188965513e-04
1.058371421532525907e-03
8.530878014423096383e-04
1.623859415213108103e-03
6.755276453499904458e-04
7.123172652658984029e-04
7.889266720538063923e-04
1.183913893439666846e-03
8.224972236239436315e-04
1.078865825746126456e-03
6.968278730316962129e-04
7.196103760331386311e-04
1.009061607752774221e-03
7.301924474263117712e-04
1.142064572279450751e-03
7.172207803644876228e-04
9.798092047428243623e-04
9.109858638289200766e-04
8.306936734807049850e-04
9.606160455095749152e-04
1.421288572199338844e-03
1.099861412707326801e-03
9.918349470235782953e-04
8.743435618907556854e-04
9.009694778821886272e-04
6.656345427229775789e-04
1.163543925646707026e-03
1.260518309525771952e-03
7.117451598228193227e-04
9.637150099362481927e-04
8.800048624485042005e-04
6.693049274240531503e-04
9.698557160083712356e-04
8.688487149581413825e-04
9.406155688184278038e-04
8.605082760039315781e-04
8.931006611312393515e-04
6.466599550058406334e-04
9.840815263707687350e-04
6.504202334263631691e-04
1.186688416595698238e-03
1.524254528432465164e-03
1.139536373568279413e-03
9.316831932204835487e-04
1.587752848279959080e-03
8.911920252103555738e-04
1.051607895627203020e-03
1.294233079761848487e-03
8.768762037299076845e-04
9.799220206730293019e-04
1.092922412073577812e-03
1.410669042985395871e-03
1.026545602204181288e-03
9.089248499958615382e-04
6.639797238486089617e-04
6.839148409252348128e-04
8.640303450572112175e-04
1.119596956681458925e-03
6.300110068344526911e-04
8.542131159175042621e-04
9.082581537934581156e-04
1.286288573280635218e-03
2.157341742196381730e-03
7.386034822491297381e-04
8.967818520384560977e-04
1.336929014603654162e-03
1.133681749809122659e-03
9.895297512169441787e-04
1.017810330456935105e-03
9.248437771148207984e-04
6.282102702961842294e-04
9.963689969594801115e-04
7.709192132226086328e-04
1.255482926990408952e-03
1.137305254601886579e-03
9.881997603364337229e-04
1.154479247377769016e-03
8.180818253402548151e-04
1.041800165587118297e-03
8.134088475875479469e-04
6.607934607139329466e-04
9.157518501681679831e-04
8.619989668873051340e-04
8.127416018551287397e-04
8.482860801958725825e-04
1.015918033691629334e-03
7.605978305397902714e-04
2.466854562930669188e-03
1.367619304138263442e-03
1.648435017992488536e-03
7.065742085302358999e-04
9.073260745753098690e-04
9.655431800952310678e-04
7.238458810907044986e-04
6.370209357941203311e-04
8.697219510341807182e-04
1.225035004859579722e-03
1.843052085149820760e-03
9.797344827733049568e-04
7.748691634088288645e-04
1.298979930176598309e-03
7.236660490817393033e-04
9.883695052177918737e-04
1.102258871815196264e-03
1.085322573220502641e-03
7.952194461148961134e-04
8.306612718356976227e-04
6.517261631470968935e-04
9.159520778114454802e-04
8.734201011001889534e-04
9.664471329231813035e-04
1.492350038062754047e-03
1.302441602544237480e-03
1.980297595562935560e-03
7.516208021387843670e-04
1.026959488614608007e-03
6.746448837421342281e-04
1.303660642260827743e-03
1.195292932476190806e-03
6.812388591350213973e-04
1.836159646748637035e-03
1.133713456562650485e-03
1.413263368482301852e-03
9.651509289551868766e-04
8.563030157819662190e-04
7.287938523309089086e-04
7.725584155145487786e-04
1.037629890421591910e-03
2.178894739029617247e-03
7.005385806488636331e-04
1.081100787201668420e-03
6.597655063312477452e-04
9.174874307053932591e-04
9.111293368773754932e-04
1.048232721436884477e-03
1.357903581393572539e-03
1.241846566859675311e-03
9.780176226618418709e-04
1.298960321387039422e-03
6.623652075328614929e-04
1.111768769486153573e-03
8.092664694397096528e-04
1.138397779505755276e-03
6.892764959669993004e-04
1.142968417918522337e-03
7.969521816557637505e-04
1.329590451441265732e-03
1.166107207973807007e-03
9.106007275823008477e-04
1.022851558712457344e-03
9.569597965322695693e-04
1.049822924960440006e-03
1.401605923418233150e-03
9.754586212921133618e-04
1.048950246115033617e-03
1.071426318809708123e-03
8.879900936202369567e-04
1.005269176543655604e-03
1.697153818422944506e-03
7.134706561666682122e-04
6.932396456231871900e-04
7.041298625879233511e-04
9.585234994557670796e-04
9.738710040829831518e-04
1.142441864635078061e-03
9.014291273493675203e-04
1.222251028463090111e-03
7.472440589918879703e-04
1.141044637452062185e-03
1.272670448010466884e-03
1.454696884354497732e-03
6.888653727775335446e-04
6.278153546769009051e-04
1.180652286386039800e-03
1.081413437068838622e-03
1.194559809143255205e-03
1.321177248644008579e-03
1.098892726498382471e-03
8.156195495045237640e-04
7.316590152719788407e-04
1.405097150182554660e-03
1.014002644574425044e-03
9.935418776559241938e-04
8.081828862623479694e-04
1.017276214602172088e-03
1.019542021405364044e-03
1.645826698364386692e-03
1.061029777788967355e-03
7.894362346848359316e-04
7.027156659899035486e-04
9.350712216330449170e-04
1.366281564520684761e-03
9.726807906459155641e-04
7.051103314895157447e-04
9.513458552359947955e-04
1.636941763144761624e-03
1.345769722790966967e-03
6.635101769049830348e-04
7.324699330266915215e-04
1.095675687710548612e-03
1.126768677025706761e-03
1.067807416771496048e-03
7.513007785315019543e-04
6.975445675256916177e-04
9.386576397598091160e-04
7.957787398561040311e-04
1.140485021674912842e-03
8.453499175126505047e-04
1.043194586443236312e-03
8.225209200872045379e-04
8.054751206048290160e-04
1.357566817302848818e-03
1.087146306093586447e-03
8.131919174431705881e-04
1.072386251656913449e-03
7.941675002362900276e-04
1.086279605734051133e-03
1.344260578370207095e-03
1.116980816876814078e-03
7.127211474534072676e-04
7.720893298113498887e-04
1.020549106475057222e-03
6.773976915578691768e-04
1.186396276439242743e-03
9.796747486098377877e-04
9.218888362243598785e-04
1.303158789995071103e-03
6.621374467054178068e-04
7.308040878027480822e-04
1.185278331043582416e-03
1.777810028943722963e-03
9.703878900521879488e-04
1.242457648382857801e-03
1.181176250589387059e-03
6.979500409490778118e-04
8.905398121583285240e-04
7.907335472476280250e-04
7.616245528938109461e-04
6.408339694392406298e-04
1.023020994757453195e-03
8.553065952341252403e-04
9.130293513482145087e-04
7.770357994041930455e-04
9.421326006588278366e-04
7.399115044317034363e-04
8.225883278199408628e-04
6.558223710520438236e-04
6.519662402813753343e-04
1.071694621804392686e-03
1.032632292146938710e-03
1.259610228271932373e-03
1.053968603571260425e-03
1.305609497695743885e-03
9.808034814469091759e-04
7.593195853880424550e-04
8.204151081682909590e-04
1.216600454475731978e-03
8.545635630288828718e-04
8.801729206103317028e-04
8.020156608798637444e-04
8.953828762067120176e-04
6.806344448864883826e-04
8.095501334887504619e-04
8.772202377894861881e-04
8.243096419717843917e-04
1.386115693310718778e-03
8.400903173235006348e-04
1.132657153119618568e-03
1.557862194843536623e-03
8.126069403647784555e-04
8.743530516534922699e-04
9.015739524149271123e-04
8.864469630198431671e-04
1.021332063136763191e-03
1.619908463639564873e-03
1.434370852218668597e-03
7.646689818869172907e-04
7.444784893358231872e-04
7.551541255798209160e-04
1.013079820303025005e-03
1.130584330385463144e-03
7.496028152749183594e-04
1.201719235335250383e-03
1.134827357580048832e-03
1.043454128674264686e-03
9.434484476946124448e-04
8.913981109974609572e-04
1.377189824811600330e-03
6.578246682973523489e-04
8.956644545070026808e-04
9.178714236053045960e-04
1.240921927117092597e-03
8.700497288306247761e-04
7.866051375371913880e-04
8.431466315518103272e-04
9.398410260069750728e-04
1.059398571099666279e-03
9.883648999000705163e-04
1.393779392315804564e-03
8.677409395116042392e-04
8.470361557817553469e-04
2.175883338395830872e-03
8.488424046954490699e-04
1.165949203930313283e-03
8.900244871674576350e-04
7.955706866715114281e-04
6.491674811765446541e-04
6.580650170681054964e-04
8.473884594394318374e-04
1.165405737387018199e-03
6.324541583520950673e-04
8.874767232958734970e-04
6.764196549928267301e-04
8.024833826697498314e-04
1.031938423553519554e-03
1.024486697087886563e-03
7.015572331700148769e-04
1.184232993450747787e-03
1.289996872306861794e-03
1.424202144998249582e-03
1.061846881537216241e-03
1.143096783943016535e-03
6.650304964273302810e-04
8.556838570449751226e-04
6.295052028669154707e-04
1.032717957651800578e-03
1.388877429665074086e-03
1.014868704288687199e-03
1.253092711213822565e-03
8.686408453005641959e-04
9.381826334626742125e-04
9.145517785089351528e-04
8.793729825401858319e-04
8.396738363004044520e-04
8.759836182869438787e-04
9.987686267354189094e-04
1.022932223966496008e-03
8.769193696169564917e-04
7.631856701108457111e-04
1.261630893815701487e-03
1.057832848014074846e-03
1.328014083410576814e-03
6.695425120919283992e-04
8.407897832271771146e-04
7.556276908472875061e-04
7.589736694145116959e-04
9.606011074362666435e-04
1.051464820864510914e-03
7.780726706772953709e-04
8.090200451984635999e-04
9.143411638399213861e-04
1.573977088241993632e-03
9.700043082418229132e-04
8.422773103896085464e-04
8.282634172696127237e-04
7.421516236421019661e-04
9.949558274951707509e-04
1.142411380997880241e-03
8.039588589908707459e-04
1.455483131815712679e-03
9.092021972854566481e-04
1.019258802850391520e-03
1.216109357551722761e-03
9.188480681184286450e-04
1.350550895920132844e-03
1.054062604973920493e-03
9.135303494283413678e-04
9.845049959657167782e-04
1.542073229008205336e-03
9.074276005115421151e-04
9.723661270444889770e-04
1.157594672474173856e-03
6.435069820049430346e-04
9.648355457001520996e-04
1.375467736229218441e-03
7.048670153534536149e-04
7.962994205049870461e-04
8.366659616213465702e-04
9.039009014055317216e-04
6.708526297559068126e-04
1.498364030724812310e-03
8.197399842155724242e-04
8.366486418215857363e-04
7.438947009748271642e-04
8.148551102799336939e-04
9.409687351148721124e-04
8.735331966946708725e-04
1.647924670087267621e-03
7.384103124582467757e-04
9.847607106863197953e-04
7.868247935855616181e-04
8.000723773885473665e-04
6.787891207142719751e-04
8.696897218973995928e-04
9.907944450992781007e-04
1.013391912174690154e-03
8.874222194770774782e-04
7.539824288120097100e-04
9.355244357939625178e-04
8.411566738542068308e-04
2.941894080183067670e-03
7.651437273901532396e-04
8.081722269182394208e-04
7.324992428608857612e-04
1.829431103514000175e-03
1.081409840230990443e-03
6.434461579678256611e-04
7.190725118441989314e-04
1.165663958458686058e-03
1.535371319314758880e-03
1.160898403812212886e-03
1.325381152066119938e-03
1.603303622550089104e-03
7.904850260560725064e-04
7.164797053277188743e-04
7.463758467193582239e-04
1.588907264995844792e-03
7.932905304435031299e-04
1.046893994724651736e-03
9.523842801809921437e-04
9.932895914822837888e-04
7.097083356911919414e-04
7.272450180197862456e-04
1.217795482815247233e-03
8.733339868719037580e-04
1.260032152006872923e-03
8.396157528334894943e-04
9.604386473175384204e-04
8.530651759278372586e-04
6.666419375000458454e-04
7.618286036474306369e-04
6.984643591102270010e-04
1.175923448925667199e-03
2.189409298878966948e-03
1.167995102684756979e-03
7.282157631148042506e-04
1.616431228974435320e-03
1.317646925493048526e-03
9.592092300142385968e-04
9.453592704638769887e-04
1.032031246337784683e-03
1.550229209305654596e-03
1.211910480271842982e-03
7.274309953844048304e-04
6.945186323305168122e-04
1.249431246588980637e-03
9.268156250120763778e-04
8.318057549365969828e-04
8.872867299237244786e-04
1.239469579614830728e-03
1.038141303745295429e-03
7.975270843488653722e-04
1.388315148555403647e-03
1.036148800567747918e-03
6.982283616869343736e-04
8.022340034872253505e-04
7.702891183337301408e-04
6.234710248080920034e-04
8.418900992334389351e-04
1.145454309588138722e-03
7.873293453172160346e-04
6.810838765301226519e-04
1.331449057777448581e-03
1.242719794414136672e-03
1.651164306335890786e-03
7.961962466194111906e-04
1.566142965816289976e-03
1.137292686648597173e-03
9.015150282875207402e-04
7.220416779876577497e-04
9.251992048854830670e-04
1.607479523255364367e-03
1.512647758373341115e-03
9.791667518317293158e-04
1.096236390296309159e-03
6.601520774502132394e-04
1.042413479985743706e-03
6.809628119288814582e-04
7.597538502295658443e-04
7.646798642604667835e-04
6.962439611481502540e-04
1.035427806982478242e-03
7.967593035352120131e-04
1.419036282280173450e-03
8.369572073487311107e-04
7.889426817515416638e-04
8.942850322325320532e-04
9.460800533684427709e-04
9.212840475184754527e-04
7.652684184178482670e-04
1.240229532737645475e-03
8.262264843690697016e-04
1.033675501756462726e-03
1.470316743652946888e-03
7.923826499473011695e-04
6.687823389304505808e-04
7.359702369830423098e-04
1.087671694261881181e-03
1.453303567850466925e-03
1.495995777381402703e-03
7.094050331609039022e-04
1.055180695235813978e-03
6.588601474868606596e-04
1.483767823918829415e-03
1.029524215118518679e-03
1.552044440906422736e-03
1.244482245627183186e-03
1.451041179634692457e-03
6.437036748714177825e-04
6.717482619089143762e-04
1.972085156598785312e-03
7.080242873100435095e-04
8.138745124283316675e-04
1.264282273021984180e-03
6.509429796368042427e-04
1.178689695941464088e-03
1.472107559191147873e-03
9.874372159432110926e-04
8.395084059898010086e-04
7.626859340829148914e-04
1.168586827246899558e-03
1.087638663307953198e-03
6.772491205617679191e-04
8.137005345278772476e-04
1.114414338466634480e-03
6.520193194119391650e-04
8.144006105183362529e-04
9.277845179778504642e-04
6.323942733204204313e-04
1.023150946913049938e-03
8.867575318536395331e-04
7.686050176129715240e-04
8.523011181948612035e-04
1.194659562250809754e-03
8.689330645727627285e-04
9.981254082462602453e-04
8.740156264937669253e-04
8.070247871638729737e-04
8.323496808774446176e-04
7.303647595429733864e-04
9.730471758697208009e-04
7.018440112750365389e-04
7.247358739712390268e-04
7.599106881145728434e-04
1.421424628119590753e-03
8.808066794363573647e-04
1.179643185839766070e-03
8.337950664603347621e-04
1.066452599387480039e-03
1.364462776408180899e-03
1.388637933436847206e-03
1.329972503089753028e-03
8.045880147910149452e-04
8.951321495814796702e-04
1.176145220019032909e-03
6.891812192088105820e-04
1.063646914953130093e-03
7.639731706496929835e-04
8.969106669589481428e-04
1.122469288046633491e-03
1.229422174914328227e-03
7.155471463548247150e-04
7.977200003604292692e-04
6.657090527356722800e-04
9.867107686808999824e-04
9.133492978634227691e-04
8.840448130204459510e-04
9.728995788723439906e-04
1.019608082534034267e-03
1.175912794619881274e-03
1.021874784817726305e-03
1.570718157503772205e-03
7.812261654030758836e-04
9.228000007015512178e-04
1.226770686003923879e-03
1.178255404175065392e-03
1.141836012055278673e-03
6.500082128223403592e-04
1.117709204187190960e-03
1.383606528027850509e-03
7.680034375312536988e-04
7.413007216865926145e-04
7.750371439751343452e-04
1.253370727361961855e-03
8.643507003564100764e-04
9.871202661474477984e-04
7.068229180221317996e-04
1.085090959365393477e-03
9.259606921863639765e-04
1.145231902929663356e-03
8.081708905657617424e-04
7.045050192762724369e-04
8.207564942527620496e-04
5.994068619746648497e-04
8.210571272068572807e-04
1.396703938633794828e-03
7.556391806872413261e-04
1.103991313192354126e-03
7.714517577024875960e-04
7.717059386387838029e-04
1.290518887528177734e-03
9.131350157224019277e-04
6.475638078208102244e-04
8.574025703921396091e-04
8.405210591958905920e-04
8.064051848090894202e-04
1.098820687922482569e-03
1.171008715900362937e-03
8.161243202499961127e-04
1.331052551144569322e-03
9.234561869305537348e-04
6.772296933558041984e-04
1.008191786988354988e-03
6.558873394816958644e-04
1.308519349963958378e-03
8.246647054347891600e-04
1.458456102356727379e-03
8.082797874776707090e-04
8.790845604989430771e-04
9.046352766875217317e-04
1.025439515465925537e-03
1.192147110242460948e-03
1.721950096921836312e-03
8.435513350563356508e-04
7.008116354719730800e-04
6.898476361698566454e-04
7.603368267646641284e-04
7.027997185947453852e-04
1.412869247591678470e-03
1.234257971215642520e-03
8.666695904851150472e-04
6.861906625859900228e-04
6.632520909857261403e-04
1.122504647007193128e-03
9.294229791119836079e-04
8.884915774896164986e-04
8.051480777276139467e-04
7.407859636355644539e-04
8.800747107562060644e-04
1.313371384231091631e-03
1.101267011064754539e-03
1.643321521462084989e-03
1.604294090993207793e-03
6.742808506052213246e-04
8.598612039918418232e-04
8.548864263684134625e-04
8.176945995463812860e-04
1.269278944836397041e-03
8.450284783184365631e-04
6.849219316450166775e-04
8.769663712244190083e-04
9.902960887251002851e-04
1.033408553728403173e-03
1.203920711972776558e-03
6.631540098578707050e-04
8.713743747026861516e-04
1.068804524032249256e-03
9.256971955044863629e-04
6.583216419623459268e-04
6.865592864654943353e-04
6.304703319735869118e-04
9.615064631733169671e-04
8.872302212350959179e-04
7.801564349625244969e-04
1.088998153389223074e-03
7.463088309998520443e-04
1.296220592326072793e-03
1.507764462996612599e-03
1.248664845359595717e-03
1.214685010324421943e-03
1.338974539024759226e-03
8.112055111062702181e-04
6.558727771866370388e-04
8.471994686659248394e-04
1.153813485692534646e-03
9.790952667961421753e-04
9.936689513592579341e-04
9.264609903327307959e-04
7.576124344232817000e-04
7.012161462090985963e-04
8.208613683061000144e-04
1.052436572921399034e-03
2.084470220836472532e-03
9.458753072780335227e-04
7.477215098961288112e-04
1.063826303563024682e-03
7.610866217452193390e-04
1.139423010297743212e-03
1.087311613372881009e-03
2.038822961897153539e-03
1.054623794754997249e-03
1.088109378719787166e-03
1.549155812665939293e-03
1.006212310483574216e-03
1.401463209834915213e-03
9.139198127879402667e-04
1.698378977923435326e-03
7.849017196691119138e-04
7.628913567593539630e-04
1.125629764994571982e-03
1.512694145828726022e-03
8.475852333864450274e-04
1.666899567928515962e-03
1.135769852754482927e-03
1.051940455005854081e-03
1.028074475789391307e-03
1.145261893249271490e-03
1.346462141576010340e-03
1.427870884669114795e-03
7.648705603755588493e-04
1.147973975971663127e-03
8.405276716536653949e-04
7.891466270299813323e-04
6.995316957344032294e-04
1.383248953574463865e-03
7.988524690320185882e-04
1.104426113387994672e-03
6.574121762669916848e-04
1.457696262962411256e-03
1.043864225585524469e-03
6.224087150405725093e-04
6.607299371322876598e-04
9.137701461921060022e-04
1.521913580270181469e-03
6.437687489412146757e-04
7.859251885634189290e-04
7.052424055633795593e-04
1.075641382302763242e-03
7.330125864294793122e-04
1.128689479439154170e-03
1.102989997228521514e-03
8.267058271097679984e-04
6.756471844307655045e-04
1.111476180901153563e-03
1.644604613411081726e-03
1.386715227564762560e-03
9.456510081134810678e-04
6.871991923252883903e-04
9.280903681314896063e-04
9.246463676255940256e-04
9.893956836898607030e-04
9.615206028825236308e-04
1.197532650172507479e-03
7.147169925256305909e-04
7.439576873183873775e-04
1.477213664211281469e-03
9.102405955202695848e-04
1.077762544861789922e-03
1.064316662745533413e-03
1.438433321145182525e-03
1.166611923484072106e-03
6.687440405369741471e-04
7.404309700725245167e-04
1.173832844327081862e-03
8.178559935127094208e-04
9.111815583149004451e-04
6.671266484166549866e-04
1.050821952312126903e-03
1.151151639446247469e-03
1.036409748105726961e-03
1.310838166693892347e-03
1.416125717584305194e-03
6.804056753504384705e-04
1.286933965663352320e-03
1.113872481008505505e-03
1.385372220921919596e-03
8.033243204154102502e-04
1.200810666533446130e-03
9.316237085311650755e-04
7.952654453219643862e-04
1.273698930013210081e-03
1.076398109551192231e-03
1.040196107868727364e-03
9.446478425487743035e-04
6.547474032238304216e-04
7.870445781695204878e-04
1.455015431769941022e-03
1.098364872799439170e-03
8.562553637721408758e-04
8.852256458717380457e-04
1.010325867302525656e-03
1.630004310015404625e-03
8.655476407988600858e-04
9.044511713143376253e-04
9.024797225064775828e-04
7.057648472345175693e-04
8.167789342578910938e-04
9.088937251890389464e-04
1.047190649270471081e-03
9.923184500256459345e-04
9.669067299619754294e-04
7.514085249596813695e-04
1.215320719164978639e-03
1.248751356837337441e-03
1.097573096421003685e-03
6.126637328709898592e-04
1.083288523220429615e-03
8.768435427824568728e-04
6.839966841817651452e-04
1.129228069249017460e-03
8.246548333911278865e-04
6.961957474413548331e-04
1.122682464918671550e-03
7.862075691962290254e-04
1.278683111785315673e-03
1.189466597763610229e-03
1.050720187390763926e-03
6.400560322948339745e-04
8.010711053454958779e-04
7.766289710247946615e-04
8.123543989608558290e-04
1.014264043641247915e-03
9.921390552415194301e-04
1.177705030623359128e-03
9.312748173800324209e-04
1.319481401367652825e-03
1.033527149943759028e-03
1.219758246890610860e-03
7.137438066849835418e-04
7.903394806596854847e-04
1.052985745989984618e-03
1.189209507910477448e-03
1.254543630203028108e-03
6.789324538921721495e-04
1.097546315781177491e-03
1.282998050265357019e-03
7.910340148607052525e-04
1.077040162598598676e-03
7.688850588180860032e-04
7.083106733190399273e-04
1.224895346018909856e-03
1.613561864778613204e-03
8.168435102657237027e-04
8.714774673323088692e-04
1.239187204231424408e-03
6.892796469168283729e-04
6.735890585951054841e-04
6.693910255005341677e-04
1.217165577738173144e-03
2.068363096269806075e-03
1.191789359963934701e-03
1.002209774477335778e-03
1.334846372880598353e-03
1.080114403960983661e-03
1.093000136256290760e-03
8.938205075119000495e-04
7.294267442653557584e-04
1.104379956551640148e-03
1.414913223880634148e-03
1.113723500272421636e-03
9.091153442039003529e-04
7.922306640740299196e-04
9.093462187160892976e-04
9.373228188486043555e-04
6.335399953748363944e-04
1.128767347614781933e-03
8.696992077814814015e-04
1.353327355306673495e-03
9.390292820569400576e-04
8.785640606310079993e-04
8.142411278844256502e-04
7.271362617217446171e-04
7.927318581519700270e-04
9.056743584916390191e-04
1.698153952374101012e-03
9.369067440801543073e-04
9.299569590774224180e-04
7.042117161589598771e-04
1.802059005963103228e-03
8.755849716495261352e-04
1.036452548621541849e-03
7.069039795795033871e-04
8.671442295323618984e-04
1.035531646639215389e-03
1.407048724549211363e-03
1.243557762538867939e-03
8.639277325807952993e-04
1.039221041481986794e-03
6.505635767285160168e-04
8.831539800283994901e-04
1.176505291837423150e-03
2.311125108183457663e-03
8.927893312412596340e-04
7.962718398206059412e-04
2.259310387360646648e-03
8.424463687036111035e-04
8.306945514506494524e-04
6.316961619566804388e-04
1.091883962645879549e-03
7.562600641188591205e-04
9.387782086207166520e-04
1.174769139670479596e-03
7.871068487115191227e-04
9.495950926606601958e-04
6.938551269336481120e-04
1.079843848144938865e-03
1.059678597733436194e-03
1.136779347543613551e-03
1.176695867337274872e-03
6.392326217876220362e-04
8.384139737505044753e-04
7.876402685849996600e-04
1.476614519678244022e-03
9.128588037578517318e-04
6.474524253477467912e-04
6.541120213002483367e-04
1.401803546573281503e-03
8.531315863271281535e-04
1.194992841382796741e-03
1.118177956971894019e-03
6.290483301163700023e-04
1.333408249753382157e-03
1.005322971065230513e-03
1.092904938000665216e-03
7.160223049590043074e-04
1.072859911767165032e-03
9.395233531835924488e-04
8.468163775627288213e-04
9.495585467993082835e-04
7.288855526347391570e-04
6.708493923113478504e-04
1.335276041049473757e-03
1.604361632902944357e-03
1.182954836973854973e-03
8.708139310621248715e-04
7.554318597779679893e-04
1.408092973992022996e-03
1.110124831048568163e-03
1.057741516127437510e-03
7.598435867509604905e-04
6.889105095074875675e-04
7.603232792501611126e-04
1.119174134321375544e-03
7.224868480255247421e-04
1.145365823413946804e-03
7.686805722481382993e-04
6.615946141453148393e-04
7.784429153772421707e-04
1.016254186860160880e-03
7.915438319639568404e-04
6.474183011505138963e-04
1.571442927484137169e-03
7.917109689497738717e-04
7.906458029809265188e-04
8.924087614848928533e-04
9.826420760669577880e-04
9.140790003082910863e-04
7.291424870448690683e-04
7.740450771876653370e-04
7.693852568303088989e-04
6.936205628215395260e-04
1.896964556806633468e-03
7.523677015744190989e-04
7.976474586393691741e-04
1.117709508831239446e-03
7.569786737882064917e-04
1.072155599866034432e-03
8.621628320782901431e-04
1.059457457426822742e-03
2.060273354596603001e-03
9.114160935670979338e-04
1.009364244476097577e-03
1.055914063605426292e-03
1.589425733054044545e-03
9.469958722786919400e-04
1.380660907686649501e-03
6.677539964734725180e-04
1.318857737142262914e-03
6.949708761966938084e-04
6.866465959737325618e-04
1.298089066992949483e-03
1.708900645894264247e-03
1.134065389042319917e-03
8.885068121538609344e-04
8.741541232472699536e-04
1.219383951437740974e-03
9.838286851202489042e-04
1.031695641084695754e-03
7.042213412983116530e-04
6.905028110588489441e-04
8.705551069662328164e-04
9.168048133645046675e-04
1.159408008500803153e-03
7.222085687805681166e-04
7.617713329120928125e-04
7.909648117463679434e-04
1.107607519446335157e-03
1.221849206985363857e-03
9.715310245784371376e-04
6.964840688608607338e-04
1.270223923082962293e-03
9.227980922638891930e-04
6.301251501668498093e-04
7.465584934007408677e-04
6.318602617438181732e-04
1.980510045673613759e-03
7.475750756864054910e-04
1.193155581602373897e-03
1.220588270155370829e-03
