9.195992860036306116e-04
1.483591543326494072e-03
9.233106241668692258e-04
2.003502763498071944e-03
7.756935350916542961e-04
7.210580089363459195e-04
8.084834965287413314e-04
8.982829975218353455e-04
1.057687783986203294e-03
8.174149945202913463e-04
8.247951462418653176e-04
7.879558666850852581e-04
1.067867573998625662e-03
1.597995505897687081e-03
9.133828630085499486e-04
7.205680795760104843e-04
1.053173903665916965e-03
9.082222214368434500e-04
8.910403519150932646e-04
1.145895948624454236e-03
6.855870942872926890e-04
6.403841601335657227e-04
7.631729978231630756e-04
6.463939475961407582e-04
7.161799565790557143e-04
6.538042071167207096e-04
7.939133743719183805e-04
9.876010467234851674e-04
7.316354935831303249e-04
1.077141639498023322e-03
9.122494626550607059e-04
1.538633153675019512e-03
8.594912073567136015e-04
1.038349294075287385e-03
1.489928703462696903e-03
9.843480371612355843e-04
1.127999886555238916e-03
7.127578674941595751e-04
8.819976646319283020e-04
8.578974365378724083e-04
7.086027644833842740e-04
7.311617536912323918e-04
7.623846999784776981e-04
8.270868114228194408e-04
1.217970656391693246e-03
7.610007334464915412e-04
1.130079062933695994e-03
2.340474187025047732e-03
9.608999353346419628e-04
1.139731687648259245e-03
1.241880996385337629e-03
1.064801409466064773e-03
9.074544805863742200e-04
7.034148287940273020e-04
1.202617899903735089e-03
1.436936684439796708e-03
9.819091843200789416e-04
1.192016171497295267e-03
6.915487353844803611e-04
8.739999806799338307e-04
1.196285597798053737e-03
7.894568563066148206e-04
1.093478124860791569e-03
9.256080545015521075e-04
8.464494503644157770e-04
1.235231198696840060e-03
1.349318420866925470e-03
1.237961625471226124e-03
1.193302626450916349e-03
7.629687664932039131e-04
6.583656546703898962e-04
8.890812937499406121e-04
8.706801777377332551e-04
6.621816009806655908e-04
6.798650359130704608e-04
8.652148324315761443e-04
7.312152433583807678e-04
9.911737014174028162e-04
7.611426658477887146e-04
1.861011330918868785e-03
1.494994742870044049e-03
8.603259041922920033e-04
8.038895826046522529e-04
1.808726097634485866e-03
8.856083252145650984e-04
6.322236105896415726e-04
1.017342685356132596e-03
8.295366224902712103e-04
6.892144146458001764e-04
6.027577779344869997e-04
9.561007389509019712e-04
8.027467012448978850e-04
1.085815254071897159e-03
1.493206625994527009e-03
6.510423174743518258e-04
1.043084710930718920e-03
6.910469302773761388e-04
8.572448206570628748e-04
8.034633474321402694e-04
8.599618956135461232e-04
6.461482677237482619e-04
7.457029353101525667e-04
1.428020188639637878e-03
6.532732517023801888e-04
6.373787466278084835e-04
6.548702123370478976e-04
1.035243383796389345e-03
7.372689874200063446e-04
7.313382449055995946e-04
8.287303832445400142e-04
9.212112323821856647e-04
7.356130358800630053e-04
6.978685397942758269e-04
1.014884731039446177e-03
9.630372977815995382e-04
7.537647972777739404e-04
9.354085832455332362e-04
7.860455384356116078e-04
7.817441608530265517e-04
9.275560880081418517e-04
9.567591356881341826e-04
6.398894797789285395e-04
1.273044993258368434e-03
8.128006617934226043e-04
8.814925175296628923e-04
8.074106547162687719e-04
2.262294225318041332e-03
7.492774219631946533e-04
7.886057452921662551e-04
9.503763416605244801e-04
2.058009954554191733e-03
1.137526721052548864e-03
7.007625463732459732e-04
9.928943888038576238e-04
1.420876908680442259e-03
1.040530636528686111e-03
6.515844355040662688e-04
6.819405314336911272e-04
7.129907564723558279e-04
6.593984213941398017e-04
7.915717617556938162e-04
6.636593652276838538e-04
8.128437775483061739e-04
8.607888853340424319e-04
1.026071301702678393e-03
1.074521931400006973e-03
1.125944205290711764e-03
1.016939710749035922e-03
1.724528625729161973e-03
7.522160491105645691e-04
1.327713329279616924e-03
1.080734897500377914e-03
1.099008732140409773e-03
1.243680223619920804e-03
1.690782786700636324e-03
1.313396304346017016e-03
1.253527478110393230e-03
1.436199681794759521e-03
9.591564044735315618e-04
8.289974682768251309e-04
8.015377994927239298e-04
7.538325452263645605e-04
1.700698847906641871e-03
9.805071933142439893e-04
1.569482309184859654e-03
8.063271464536347216e-04
1.059842226941420593e-03
9.154256448377020997e-04
6.460587374942122112e-04
9.760713150307191895e-04
1.327697723050951439e-03
1.022327395787623770e-03
1.420526794682661553e-03
1.313841900340339229e-03
8.430052519487135979e-04
9.031003734377120650e-04
6.451462481977728600e-04
8.050643557888759834e-04
1.182480362961582307e-03
8.786304009319079351e-04
8.141151123595891017e-04
8.278658225644617511e-04
8.043051592364292230e-04
7.402650863277186700e-04
8.531977944391144113e-04
7.680589023681439224e-04
7.604459981030738244e-04
1.022701954068008399e-03
1.841524115166814652e-03
1.235901153644285416e-03
1.267313421169562930e-03
9.494315440010208090e-04
9.440721704659276250e-04
8.639787747689532584e-04
8.332294896967827992e-04
1.552301409945857497e-03
8.771432133979035562e-04
7.166827228355568792e-04
7.243131296766603354e-04
9.560340264294367929e-04
1.052638012197495455e-03
1.335292421244440881e-03
9.191644835318544052e-04
7.441407939921540482e-04
9.137535804347865021e-04
6.917517847133420467e-04
8.688533487199119392e-04
1.307793235877537357e-03
8.788804252856894381e-04
8.568390378726623360e-04
7.870912054637286756e-04
1.605459224890660834e-03
6.124123098794607457e-04
9.617140139193655667e-04
1.032775298273044384e-03
8.826005848172301105e-04
6.571090884990080485e-04
9.734272744838732552e-04
1.055794856590318515e-03
8.266058440710660846e-04
9.797835092012800121e-04
9.604572548841229865e-04
1.216608321132499381e-03
9.661116117801288013e-04
2.329788594182734870e-03
8.139816810147851170e-04
1.065795249484121536e-03
1.370791043102288992e-03
1.141648706747539930e-03
8.002562306193291381e-04
8.035113864327270974e-04
9.181088692958706918e-04
6.708048049211744147e-04
9.450953632567998201e-04
1.064787856236577065e-03
9.554076090390828608e-04
1.199408512083792152e-03
1.075646026063424403e-03
1.157457889669543088e-03
1.083908334833385374e-03
1.246318167911092964e-03
9.852971921437527272e-04
1.547114417274941638e-03
6.059330541494208555e-04
8.585921363895205900e-04
1.006098493248548968e-03
6.340099013618839428e-04
7.310901777977332370e-04
1.618271777817578477e-03
1.100108710805949071e-03
1.058415191094795203e-03
7.058728604321045470e-04
1.350558141822174847e-03
1.119489373670284806e-03
8.547234578862281150e-04
7.036429060332478674e-04
8.384256274857574288e-04
9.891266082746835546e-04
6.138922747356563136e-04
1.218412258462303957e-03
9.673981600973242424e-04
7.879904761163577338e-04
1.540139228574787184e-03
1.071034090871249332e-03
1.360139095725392032e-03
8.400923823223411776e-04
1.724705664381647775e-03
6.440708723455927393e-04
1.219279199949624979e-03
9.051159251860175971e-04
7.647727431398902709e-04
8.582892230408080804e-04
7.524251979474859105e-04
1.045922702408240207e-03
1.066006735362348256e-03
6.765991212322389333e-04
1.301974887829524538e-03
9.845537239225696669e-04
9.961918931923865930e-04
9.102080463322371161e-04
8.517680164634015318e-04
7.087073277319853653e-04
7.096634168672589452e-04
1.058951918604279048e-03
8.798639660007893850e-04
1.665494690330829829e-03
1.113273293133329803e-03
3.057901727951744912e-03
7.972467344431065275e-04
8.941258302798167504e-04
8.291101713879697700e-04
1.443385977514036016e-03
8.312983838858903698e-04
7.734264717065709571e-04
1.056112963428766345e-03
6.860415696796557435e-04
1.318198272711108279e-03
6.268670077641795178e-04
1.697921033733158216e-03
6.783565478586573881e-04
1.678533200334616365e-03
9.940080081968739531e-04
1.000860581008260934e-03
1.034592833687379958e-03
1.169247203367495798e-03
1.239642044620778427e-03
1.051673191032398815e-03
1.193934325610834747e-03
1.034094971091451768e-03
6.685341795883307852e-04
1.571670648483043144e-03
7.164343019146376642e-04
1.053815058595613651e-03
9.301633895168164978e-04
1.462381669450743115e-03
8.321683178600262692e-04
1.522332357642632895e-03
1.156320117701986356e-03
1.033371082538050989e-03
9.772521805602374032e-04
7.247708156219305779e-04
6.971572249959794281e-04
1.860514574180639844e-03
7.782923324015864888e-04
1.290435154116254630e-03
6.367888812892740901e-04
1.006569259468903087e-03
9.174160257483531021e-04
7.282816852307471460e-04
7.039247277863518865e-04
1.223875793547787730e-03
9.149340448920484717e-04
1.303916841038468052e-03
7.885419462558459483e-04
7.270364715543024652e-04
9.694575093390176432e-04
1.912475692729280257e-03
8.224757981783342199e-04
1.331180778127092224e-03
9.480732412098396601e-04
4.708817766921616181e-03
6.730027121336996845e-04
7.159193237281371528e-04
9.899924724238022035e-04
1.090908000636691246e-03
6.397773751325094849e-04
1.074128912462582203e-03
1.038099719272276514e-03
7.951622193007267490e-04
1.094965708815802104e-03
7.607898254047543076e-04
9.276624209991635867e-04
6.799446062196660805e-04
7.261802517980821573e-04
6.788819025670109241e-04
8.377034590894717053e-04
1.284616850455570260e-03
6.378308913958704576e-04
1.065256380134308898e-03
7.161726005503263196e-04
1.403407829023994597e-03
1.015419903037003291e-03
9.578669223741028034e-04
6.276270046845065396e-04
6.679026370081494112e-04
7.981671839345603082e-04
1.114216585423409307e-03
1.477985827298641070e-03
1.437539284209702695e-03
9.831925685264929476e-04
9.027480767623001674e-04
9.784884031391034940e-04
6.607255912870860530e-04
1.457585545040231871e-03
2.101126419360400174e-03
6.854717317414157213e-04
1.464809595366575127e-03
1.006489167813662874e-03
7.743134187067944943e-04
1.216849409091964396e-03
1.189399760185970434e-03
6.712098680615282342e-04
9.376763006801505087e-04
1.127265719421108314e-03
6.428243999866923783e-04
9.187243339430453031e-04
7.666073890291369083e-04
7.595794052700973473e-04
1.144523268348267373e-03
8.075999557963484165e-04
8.416632702646336794e-04
7.229855853333604391e-04
1.299310463745925043e-03
6.262050237203064390e-04
9.122501767140593762e-04
1.139063637777285899e-03
8.728806610620337041e-04
1.188514602872466682e-03
1.028507599132453404e-03
9.796506692176627177e-04
1.183946820520648561e-03
8.202022357489813361e-04
1.471515989959109759e-03
7.839147592870885283e-04
1.343689869578564228e-03
7.536580629833219405e-04
8.995505136604538439e-04
1.058552975040180253e-03
7.360115665501447543e-04
9.288549067776928712e-04
1.047942963626091305e-03
6.868612620769578821e-04
7.614762828145777178e-04
1.024682419600904219e-03
5.976531586913794462e-04
7.916710369963949646e-04
7.529977235331968303e-04
1.032505959585988328e-03
1.252436250471308408e-03
7.362782427949145312e-04
8.987418978140807773e-04
7.008334390569814082e-04
7.805238851931276542e-04
1.105421633067534253e-03
8.567703108666831690e-04
6.700916135332641698e-04
1.069486472858508343e-03
7.143764339143962409e-04
7.467910508874676468e-04
7.052631741947102241e-04
8.759923497021378236e-04
6.983565081950024846e-04
8.425431169441318551e-04
1.070455327974503780e-03
6.839090705976997924e-04
6.529830713736806125e-04
1.908313336211289735e-03
1.129242101273692693e-03
7.645465557908537237e-04
1.707456975922116548e-03
1.013105115746776568e-03
9.877643373612566852e-04
8.860921399877903478e-04
1.010713527923382416e-03
1.088344769920250804e-03
6.046079367715449446e-04
1.016494090092166964e-03
1.181116168147741024e-03
7.578989838287155572e-04
6.708620759635012653e-04
1.516310201833024566e-03
1.196649910247745167e-03
1.256538657784003667e-03
1.199978558857940159e-03
8.464043415091636498e-04
9.702576477593637030e-04
7.952520383998048017e-04
7.020742426798122406e-04
8.619963218684767144e-04
9.598824013702951909e-04
6.939309113229394669e-04
7.936741733089050597e-04
9.165593324564242110e-04
1.574381580050337754e-03
6.504243486374728734e-04
8.117190408768844767e-04
8.620186482534647823e-04
1.384892459376491471e-03
1.057771212210230393e-03
8.524602699103986988e-04
9.823549052985459332e-04
9.007200674319323615e-04
1.022098837826934279e-03
8.255397799028115196e-04
7.907465908901494672e-04
6.890817608079084517e-04
8.027715054907654316e-04
8.390443302187672054e-04
6.852895094541569792e-04
1.060384293899202870e-03
6.199123105823050152e-04
2.362309441730262114e-03
1.887084615472634256e-03
9.094829780419562111e-04
1.396830481199876550e-03
1.512671713422694990e-03
7.032098549528253278e-04
1.040870154153937174e-03
7.475288774870916851e-04
8.441958222790384289e-04
1.020595219846273790e-03
8.433381514513597086e-04
1.029968662928289766e-03
8.173283482280689714e-04
6.211679040057262310e-04
1.516073838280059026e-03
1.617926160183621141e-03
6.605446996076306133e-04
1.353302073022255581e-03
7.776234088668154774e-04
1.032877702823485361e-03
1.085068353872723022e-03
7.891223731000910355e-04
8.746837029338649927e-04
7.076355353354557304e-04
7.833037767823406577e-04
1.320232890662021092e-03
1.143473043225527426e-03
9.304442162754666089e-04
1.087245732047024916e-03
6.859817442791501423e-04
9.635838810994568028e-04
1.042422295444041507e-03
8.944636384879759957e-04
8.089146570406367288e-04
8.796568606328933294e-04
8.776752544597555281e-04
1.695142124841532687e-03
7.279781033615120595e-04
8.775763376324668269e-04
7.199822878951295897e-04
9.986452534653965027e-04
1.199308416438867389e-03
8.409700824928799520e-04
1.964086487874162380e-03
1.025702631614017462e-03
7.698919205766622956e-04
9.939970937666645079e-04
7.218040898977755738e-04
1.189332688173496463e-03
7.852784253376530500e-04
6.389507591180137829e-04
1.014499411128646621e-03
6.376544894626050806e-04
9.820643687145174088e-04
1.623146649605819447e-03
1.197757366551977388e-03
7.288572232431601416e-04
1.200916750880834947e-03
8.319728155571177661e-04
1.521161356136046042e-03
1.375699061980442889e-03
6.873374583432043149e-04
1.489595001950626751e-03
1.016317607550519314e-03
1.033758835448269665e-03
7.341483713378328842e-04
1.007483259152792097e-03
6.016093888467611249e-04
9.447136546650865925e-04
7.078499263484815162e-04
9.097755186752497052e-04
7.354645526625054044e-04
9.581658226131756825e-04
8.624230097755687750e-04
6.298574353926827876e-04
1.022663741534282156e-03
1.131915441006606064e-03
7.144697757190567175e-04
1.503898616384286751e-03
6.695146940439075916e-04
1.459416610834671094e-03
7.099383003506131058e-04
7.461240736890443689e-04
8.863543555712609162e-04
9.208839106495766329e-04
6.827341532056326956e-04
7.970458419489798510e-04
6.549058677419592389e-04
1.351067224365863195e-03
8.441648308434759451e-04
1.092446245515101477e-03
1.082453126517916517e-03
9.452888529003600042e-04
1.495243823270173220e-03
1.757711069017325618e-03
1.253198242585045223e-03
8.734526024032085185e-04
8.599068339158300696e-04
9.778122577622548953e-04
9.641075389936443847e-04
1.831878230266905478e-03
6.329527160870209454e-04
1.246927206058207277e-03
1.530695306131607579e-03
1.407038331809146560e-03
6.214827601048669844e-04
1.070213118588308641e-03
8.303174630392720851e-04
7.944450731401361604e-04
1.100511436680794153e-03
1.278216699954586033e-03
9.241792157732195119e-04
1.816483242434740715e-03
8.743340489999796867e-04
8.797004493307100876e-04
7.068190114646136788e-04
6.590455360006277014e-04
7.602738025583536535e-04
7.565889900916090548e-04
1.096331383430166825e-03
8.424112270319171871e-04
8.590042315658894196e-04
7.048267330192602848e-04
8.261873539406985097e-04
7.076281663523115596e-04
9.826218845751136070e-04
6.813339561948861863e-04
1.135027609907832396e-03
1.077237362403356659e-03
6.342034053209937407e-04
1.604846477397541254e-03
1.196072029352009602e-03
7.034226157823607458e-04
1.328329047314668948e-03
8.001191978358917264e-04
1.193550325340452748e-03
1.040535788952323595e-03
8.983881190026055856e-04
9.238844064712932892e-04
1.967844067336797873e-03
1.014365426544444008e-03
7.692062647129814957e-04
7.835131428185417198e-04
8.972770337891521758e-04
1.015107806371843115e-03
2.094230530740617564e-03
8.511998988459430629e-04
1.511921024881912557e-03
9.981726041574420349e-04
1.204735263328982715e-03
8.288264717728305005e-04
8.876582469697616353e-04
6.677242099760234044e-04
1.663064685702981930e-03
8.012656182977352833e-04
8.834417305687436309e-04
8.005751303224893298e-04
6.462027484623156888e-04
9.381302808763507337e-04
6.614163965023070729e-04
7.113730725463909398e-04
7.929240683117671313e-04
8.369646190779854271e-04
1.457818700658070022e-03
7.881158151668543046e-04
1.475110023224730045e-03
1.029420457312550316e-03
1.063567813039973308e-03
7.584805679621516635e-04
7.192293404870600364e-04
1.133675974399520493e-03
7.292808541197313326e-04
8.212317625389611853e-04
6.736081590533640317e-04
7.975573364111446630e-04
6.687806759584750699e-04
9.864639810263020007e-04
7.210520146086044947e-04
9.123481984991636123e-04
1.134967925086172559e-03
1.274086108190147391e-03
6.671681629727591956e-04
7.429479337012139884e-04
8.173994692258386430e-04
9.358011996023827932e-04
6.728973180562344445e-04
1.064071926106679826e-03
1.353245206587835045e-03
1.438803975443451707e-03
1.008654455967136114e-03
9.010717402518500854e-04
8.068543279430126676e-04
1.126496426293722378e-03
8.318525708197548572e-04
7.079258101920129619e-04
9.417578733920862902e-04
8.797626781831309343e-04
7.010936170420585794e-04
1.460218653331989526e-03
9.806416620455392450e-04
5.928752965392633913e-04
1.037854315350077161e-03
6.911062405389407958e-04
1.165169376164608547e-03
8.520475244206021951e-04
6.767336552728813121e-04
9.154864008409359334e-04
7.188532626753360013e-04
6.990885254538612478e-04
2.032681319987832830e-03
1.113786865340347194e-03
6.549996345732510099e-04
1.105562318385069649e-03
2.064375278239416987e-03
8.788555980572314514e-04
7.544727809686470202e-04
9.933652498195580122e-04
2.148121322357852015e-03
8.009346612503640342e-04
7.339832687980462223e-04
1.536224808390131624e-03
7.430785422339429569e-04
9.887315581448930055e-04
9.975523643023765340e-04
9.890996179054724596e-04
6.353619622511273886e-04
1.590607193946444150e-03
1.001302408063604096e-03
9.932336464566705794e-04
6.562673212845929888e-04
1.194183319281409174e-03
6.242250156566259058e-04
8.923503641161475855e-04
1.343130408504902319e-03
9.678770348027110771e-04
6.527247555105369784e-04
1.715650537509420207e-03
7.000489138432800093e-04
7.614047259885391725e-04
9.706166771030100456e-04
1.072083391986606085e-03
6.772227930833921465e-04
1.111420463403488441e-03
1.028422982290871229e-03
8.224408582237443697e-04
1.003194135928213134e-03
9.416315265864911655e-04
1.265078033371687134e-03
1.300627465462280861e-03
9.450187230248552079e-04
6.468254867778233056e-04
9.311012446937510893e-04
8.230040995769650645e-04
9.543272707336586218e-04
5.969897403859897398e-04
6.813730025304995559e-04
1.216994341586616303e-03
6.154116206107584832e-04
8.388936079022611420e-04
6.918446261392362153e-04
7.687478977542223793e-04
1.521018499540711597e-03
7.591229600709603273e-04
8.823355414697781280e-04
1.004600366670573485e-03
7.339012960882443284e-04
1.454429993789228348e-03
7.661795681393133431e-04
6.946028947932018829e-04
9.475588580688654563e-04
7.317510527389646654e-04
1.053272554804970474e-03
8.322471468479876976e-04
7.170070377784125339e-04
8.390151898908052583e-04
1.198973403948033973e-03
1.015542571829654945e-03
6.287728405394232096e-04
1.120472240459336431e-03
9.764328969801728143e-04
1.203206084948822132e-03
8.170089471230930966e-04
2.156976778738362108e-03
8.195619299425159054e-04
7.367833580025402338e-04
6.473590214803854161e-04
1.149856816359319002e-03
9.631667740790585564e-04
1.387381136185851255e-03
1.148031690440361663e-03
8.615443871457218426e-04
7.806014813187019249e-04
8.080604291482520758e-04
8.185960383888820193e-04
6.820049262474412117e-04
9.943528616220144011e-04
7.108673430937661889e-04
1.565425343544001469e-03
6.825467718660614301e-04
1.028546026157912616e-03
2.331088209853780444e-03
8.594912291814732659e-04
9.288139178549251066e-04
9.485939496494320789e-04
6.224839310836053534e-04
1.450592470647632960e-03
9.479843740804539190e-04
7.018378897722709134e-04
6.336482130350672365e-04
1.046988776997722454e-03
1.029089154337969880e-03
6.545204105668319576e-04
1.741421484237352414e-03
9.691405838215660234e-04
1.078813535183237001e-03
1.195637951463168064e-03
7.481443066014963192e-04
6.452866969656172874e-04
6.587862976746935604e-04
7.664752410326584279e-04
1.040424860696059425e-03
9.828416410377072143e-04
6.921018262451004207e-04
6.941809736815716470e-04
6.290608756408865932e-04
8.572799989454787072e-04
8.098487363639882879e-04
9.216197019584135286e-04
1.386619122003056922e-03
1.585374662818217050e-03
9.673279853321148673e-04
6.024447019210604944e-04
6.274485762185257618e-04
1.079268739262339259e-03
6.366163339870310701e-04
6.161090348297616802e-04
6.315358888028595619e-04
1.240738032635549555e-03
7.186233587672242020e-04
2.164857792145463873e-03
3.056402926848163486e-03
7.249315717591744588e-04
1.055160965151731621e-03
8.979668593408220677e-04
1.067281195608237292e-03
9.609032910020156009e-04
2.398778860248816040e-03
9.444586767230657301e-04
1.056726353219278065e-03
6.221685407857911309e-04
1.263285761227798520e-03
1.370510273229770537e-03
7.697917887501908420e-04
9.271988901235325622e-04
8.883930341849074173e-04
1.083437802516948540e-03
8.235177623574950131e-04
6.093931232241395083e-04
9.821002058976477465e-04
1.521926143795923570e-03
1.364381128760746220e-03
8.755779324340375296e-04
7.166955676261110939e-04
6.825936552902977204e-04
7.613661228374374616e-04
7.784531665418799188e-04
8.400102646182159866e-04
8.203296621624356268e-04
1.261436664250207250e-03
9.171523339824888717e-04
7.350183554609753672e-04
1.060986197664530884e-03
9.224697873993279026e-04
1.197514283486741243e-03
8.607103520736461609e-04
6.857034969139360692e-04
7.286769815623694033e-04
7.427415364362708336e-04
2.199369338013539531e-03
6.970571692798488775e-04
2.336562216813495036e-03
8.767006148952081069e-04
7.345985332684271812e-04
7.314889227537149912e-04
1.161473475310650320e-03
8.325391197385099929e-04
1.007568545187259405e-03
6.537575243604822626e-04
1.659182878922229633e-03
7.519572667010483279e-04
9.031318470327610393e-04
6.420129468630605789e-04
1.140984824940170046e-03
1.367354812948489004e-03
8.597670734658796436e-04
2.495054503227512200e-03
6.931407236700314186e-04
9.287144000173708702e-04
1.143752590207076404e-03
1.076880517463774632e-03
8.443045494870049820e-04
8.258290887683670438e-04
1.011078298259564072e-03
6.310857583518557920e-04
1.188482073143494336e-03
7.022557994411961213e-04
7.341822935557413459e-04
8.255654082986517255e-04
8.098741753087463930e-04
7.213520962270766283e-04
7.490260906842945675e-04
9.683334335977519282e-04
1.010026948034257023e-03
1.044180487867511385e-03
9.760520308329497310e-04
1.417089829258632748e-03
1.119241020850945956e-03
6.900856068564035660e-04
7.959815586413260908e-04
7.814451463304265865e-04
9.543569382912748178e-04
9.907258496650902645e-04
1.021108354895295398e-03
1.459501762720580688e-03
5.960730230882912853e-04
7.499146451192636358e-04
1.434823181733843036e-03
1.376614342913938744e-03
1.363661871312265347e-03
7.327058692309952864e-04
1.213882926665959140e-03
1.011097302542222258e-03
1.163728869960483801e-03
9.464463031750973161e-04
1.979627413693272643e-03
9.634460523515306265e-04
2.167586174520865633e-03
8.070098570363298416e-04
1.142163326023895890e-03
1.221284177441110197e-03
6.326407644173089257e-04
1.009993608501653191e-03
1.462205187353295913e-03
1.083312142666191047e-03
1.330507187963133209e-03
1.268717766032584088e-03
9.835768955988512686e-04
7.805244982828324178e-04
6.544995680492518520e-04
1.695211751887416331e-03
1.362248214822831980e-03
9.558554409249462149e-04
9.144991381217925817e-04
8.240167697255512073e-04
7.798423860660175797e-04
9.365258622322123958e-04
9.327440631109804167e-04
1.193410375063417607e-03
1.005343600356839668e-03
8.802685718711327195e-04
1.188297706179702005e-03
1.515722737421623494e-03
1.011521334476520951e-03
9.025110166762785689e-04
6.882314474145988367e-04
8.150388194398932445e-04
1.026539913700943388e-03
1.081948407367288234e-03
1.158537244716113541e-03
7.738990481721942996e-04
1.183627417559160672e-03
9.254618634706533037e-04
7.308372065255715156e-04
7.775268954493827836e-04
1.000308628056417737e-03
8.633272009486959390e-04
7.532613073645307153e-04
9.179687536974411727e-04
1.217012199608969066e-03
1.328566316369664399e-03
8.768894682552800905e-04
1.070497839579815074e-03
8.230822728275705852e-04
1.443421117733704150e-03
1.184502176437763525e-03
9.580211011196962563e-04
9.498576336458787375e-04
9.025318440229259135e-04
6.968404205389912200e-04
1.490694453491843126e-03
1.223015137124739554e-03
1.189912404705806845e-03
7.507633797834674730e-04
7.858926899743918061e-04
1.022441170408769362e-03
1.123969811990442168e-03
9.652938898755241684e-04
8.429093481766628242e-04
8.947740800848848859e-04
1.243522581096865448e-03
7.391245959944596966e-04
1.436528090918271893e-03
6.867590463020436901e-04
9.464635671929791426e-04
1.354826610600798169e-03
7.957828627174173396e-04
1.661716413116729992e-03
9.390233405916168516e-04
9.051163995256522252e-04
1.940203390032492784e-03
8.579288090637464349e-04
8.955641405342778518e-04
6.720291692257073261e-04
1.011273168874125003e-03
1.140795808386051895e-03
8.519096969814327243e-04
7.321960123927798983e-04
1.076459493016358520e-03
7.038334007596043843e-04
