6.412620054177154034e-04
1.067768841074814585e-03
7.511766367730364187e-04
6.522153890297947496e-04
6.324864699104249454e-04
5.794820605515135434e-04
9.656497691513184385e-04
1.272185085686239467e-03
5.016570349900209428e-04
8.036240512535762145e-04
1.473694508335230682e-03
1.203934694013070574e-03
1.398942089431435588e-03
5.777464098592669352e-04
9.821519441310475485e-04
7.155152765807089744e-04
5.609662320052687112e-04
1.596968923866369950e-03
8.391453541847436167e-04
6.259927499059484476e-04
6.748603055652213460e-04
8.765407875069908044e-04
5.805410188792634518e-04
3.346028851984754471e-03
5.236275273569521941e-04
6.317611216219375624e-04
5.620145882310186936e-04
6.237625125566523222e-04
8.827687593522994935e-04
1.441373353498185284e-03
1.087423609148656118e-03
8.212071311739200467e-04
5.718189672207822866e-04
6.197275847934787625e-04
7.565878603203667844e-04
1.463375197903789542e-03
6.274229621578014410e-04
7.635865414026444132e-04
9.158223737988406771e-04
7.137843161002750464e-04
1.030531956814103103e-03
8.610730163388827891e-04
7.742146634244538930e-04
5.022571174790001463e-04
6.348670162325106749e-04
5.491997575753092319e-04
1.428627572115774048e-03
2.160616959746466947e-03
8.719475812034663004e-04
1.050224899891992946e-03
1.451088470939595598e-03
5.164299305379827128e-04
6.693892594225157476e-04
9.560113071388565489e-04
1.208092984897827160e-03
9.545599852721660524e-04
8.129813456340242777e-04
5.859149339604855433e-04
9.876225792417375401e-04
6.893492473162305539e-04
6.287147151689850659e-04
6.386277171564926211e-04
6.464336254600236940e-04
7.991691572994664939e-04
7.538840546384645638e-04
6.260298817555583857e-04
6.330392859040150436e-04
1.443456045731637740e-03
1.989369353649427397e-03
9.744181334075947658e-04
5.422514319495944698e-04
7.656292747136891723e-04
6.277079013702220860e-04
1.028981526382634088e-03
1.110634925284140857e-03
6.138871141959427674e-04
9.064577482116655286e-04
6.458303254306011019e-04
5.696074295982833484e-04
5.758321988285084250e-04
7.136545870671179900e-04
9.247013658645360365e-04
1.169926903136252151e-03
6.555055522145016847e-04
8.781539092304860468e-04
7.722819915486417918e-04
1.161783132285908356e-03
3.733551466682138997e-03
6.266525395687546967e-04
6.360020099742623965e-04
4.862485580339311812e-04
7.606243018473590658e-04
6.503167405866686632e-04
1.620477033828077434e-03
9.474077298366904770e-04
7.863898695903197506e-04
8.315618757087610150e-04
1.285481388380710615e-03
1.437477318128698237e-03
9.367236046731150555e-04
6.571531220682984504e-04
1.013003602185804427e-03
1.441308227937720000e-03
1.574035706550617380e-03
6.905509867543650196e-04
5.276719031092242957e-04
1.069913655990381183e-03
1.175543133725343329e-03
5.980704741261883136e-04
1.723116190072207770e-03
9.042985839087831898e-04
4.867016456895422263e-04
5.825848510022269434e-04
5.532971276951655429e-04
1.273655602420466432e-03
1.747605983472800108e-03
6.537286300674872378e-04
6.888657211724899835e-04
5.929843110427561806e-04
3.073639743769533347e-03
1.813671277700576066e-03
5.224164308135336582e-04
5.355876889174614013e-04
9.480027570536774320e-04
1.054599374580512689e-03
5.694835298860493949e-04
8.381985223327857075e-04
5.837970769874061905e-04
9.553636275069326807e-04
6.911693670947273872e-04
6.109244523830566816e-04
5.946188380113816329e-04
2.020501286296696054e-03
9.065582671391235556e-04
2.110126522124384455e-03
5.890364786907466852e-04
5.289118473444100969e-04
6.109329149119630421e-04
5.257390127354384657e-04
6.329329792250575982e-04
7.877490156795950152e-04
6.070133060412601480e-04
5.245361837059745120e-04
5.166145893352137516e-04
1.342394475759053473e-03
7.984374027920369604e-04
5.634306057857624457e-04
1.220424127423925696e-03
5.490946414906653543e-04
6.167995290818868237e-04
7.649505033120088506e-04
4.466121072478497142e-03
5.307709459721887809e-04
7.536485396662022341e-04
5.273337856824705273e-04
7.417919585306678157e-04
6.761794572595041918e-04
1.175643082054620564e-03
9.674201840428560189e-04
9.924026609114155236e-04
2.061714268857555658e-03
8.310393736553579533e-04
7.134426375979167423e-04
8.248889632831934125e-04
7.791932923430491473e-04
3.145921918830643389e-03
7.616495683996529591e-04
1.105538961255898107e-03
1.849338049076273277e-03
2.892853293798485458e-03
7.514341849140045073e-04
5.470586120470487907e-04
1.564769825859768735e-03
5.857262414253345401e-04
5.934111716595079659e-04
8.290289018199139843e-04
8.321533890374914304e-04
6.555088177756521672e-04
6.145307839009634147e-04
1.058718645491767401e-03
8.323715519361668449e-04
9.314941491473270260e-04
8.321545975164445141e-04
5.073210644843586387e-04
5.154851978509486119e-04
6.281547878759772587e-04
1.584729603988428714e-03
6.883311253111155763e-04
8.455027150844017774e-04
5.305366673240261878e-04
1.232881711117114320e-03
6.179121577669509542e-04
6.220660599306591801e-04
6.418570488498952838e-04
7.620951055861264990e-04
1.107031538421138694e-03
5.611670984420037917e-04
1.759265748000848201e-03
5.991796940589054314e-04
5.034958964850163926e-04
7.823384289679691543e-04
5.112222193461623057e-04
6.442382083220812589e-04
8.009229599039180978e-04
5.546294249830152016e-04
6.945693820532339085e-04
4.596640407235402445e-03
6.378138233763179597e-04
5.611601384716674015e-04
9.833033212788546903e-04
6.918331773048169752e-04
1.626858148739756095e-03
8.037235975874042595e-04
1.676672990094649641e-03
3.305799256259291021e-03
2.394610154007951498e-03
5.045340999554174827e-04
2.421462576562385168e-03
7.785998071822861164e-04
6.109332067587088140e-04
7.590523741567885285e-04
8.053444496130063779e-04
1.991469063345030228e-03
4.820318544601171103e-03
7.574040325587366729e-04
7.627227644204981121e-04
3.918112407214689556e-03
6.425915715228497447e-04
6.391218026977626239e-04
7.489759014167574579e-04
9.054812134493845505e-04
1.277066726953827959e-03
7.699744955345350474e-04
7.556543071829625782e-04
1.044916030311320194e-03
8.910256215889056711e-03
5.028839422390552014e-04
6.929336259582395208e-04
5.232079028680623571e-04
9.617390424379448433e-04
5.388595288605540221e-04
5.179661831228527316e-04
9.593041227348087690e-04
6.857912454176516353e-04
5.082235865432395720e-04
9.534300544624414037e-04
1.120487077736563586e-03
4.597854643242450801e-03
1.244935008246118814e-03
7.336909136183096449e-04
1.670005447621606895e-03
6.824781949325404128e-04
1.148958652187979457e-03
4.377909483645882165e-03
7.158529068837058296e-04
8.708641429006327896e-04
5.046330177014106411e-04
9.155342232138545923e-04
4.783826811731894837e-04
7.022343340373881759e-04
1.324254531470009464e-03
1.419804181927949690e-03
9.004657591700787221e-04
6.022418103397639277e-04
8.134051392752078037e-04
6.647102722301093287e-04
1.235476529979089586e-03
6.980555749918008600e-04
7.399886211395073589e-04
7.005805626495097919e-04
9.899903740939986711e-04
6.441374088267264085e-04
8.869106803430904353e-04
6.264799187382535418e-04
6.665082479169444699e-04
8.129539587484860318e-04
2.021953043618543618e-03
9.781285830174947255e-04
6.725615583167891907e-04
1.228003951898552900e-03
5.832442707124261237e-04
5.683200432563925882e-04
8.781723897127625836e-04
6.061468655938245971e-04
1.025389016788306237e-03
6.174779704357438725e-04
7.630720199968953630e-04
1.973896106450084148e-03
8.885947369003858011e-04
5.602843048241844259e-04
1.092020103900973949e-03
1.988329339777868653e-03
6.148526240930729438e-04
5.132982988831110002e-04
3.130199749311755614e-03
1.930242032696393318e-03
6.029779520351124036e-04
1.100758488466334513e-03
6.263382598306953090e-04
5.146689400883670959e-04
7.657300618861942508e-04
8.582325356014923077e-04
8.450133056026251643e-04
5.217839834995812017e-04
5.473559373942287745e-04
6.320373979113687920e-04
6.729523182388145227e-04
5.566192564235550831e-04
6.466862124202462639e-04
1.048298774689924865e-03
6.873815951372127912e-03
5.348411676037555110e-04
7.859586940018445031e-04
7.827595395821360840e-04
5.009830395150391196e-04
7.734062583960258502e-04
8.864654300362250720e-04
8.120796173492907761e-04
5.072071106097074530e-04
7.501556767884565114e-04
7.186307937741136546e-04
7.815427235598343143e-04
9.121834968310967755e-04
8.917117647139221779e-04
7.889866566698691816e-04
1.170860415937742061e-03
5.960144443500697223e-04
6.191710426609077500e-04
6.283192238041224913e-04
5.569272991978427463e-04
6.058657371705969451e-04
9.378879965065520675e-04
7.841992533244795211e-04
9.496175028171909178e-04
6.507074157741550569e-04
6.403555333170910142e-04
1.833319084449981651e-03
6.083943039042364687e-04
7.858343337506079997e-04
7.099549974848778445e-04
5.622601330808501326e-04
7.073666472790980132e-04
4.001111423945401258e-03
5.461229087042972609e-04
1.850606463900635002e-03
1.017742924928789674e-03
6.316357379408291768e-04
5.521594339476010348e-04
6.981567666251371936e-04
7.280192078239581263e-04
1.410134434693465638e-03
4.773148074866546400e-04
2.662306865274570011e-03
9.894442970951994841e-04
5.501386036096744337e-04
5.572985865062347628e-04
9.413523957981239938e-04
5.248875541105673575e-04
6.111662417331788395e-04
1.998321068731361699e-03
5.445163804973720970e-04
8.493733200184286954e-04
5.874525034009553870e-04
9.307869095443703370e-04
6.095865743244284702e-04
2.473617849029427929e-03
5.182030891633693541e-04
1.241788670953948397e-03
2.426030467703830986e-03
1.105987333295353021e-03
6.943046168785405167e-04
1.090598585222012909e-03
6.865273279424040625e-04
4.324552542555814248e-03
1.612840668718751314e-03
7.374401174534365305e-04
5.643723441400874631e-04
5.031374946277335919e-04
1.122567498029175288e-03
5.777885264020058385e-04
6.995484072008043572e-04
8.155810885231317602e-04
1.243733148610073154e-03
1.341398784560864999e-03
4.838638866811262123e-04
9.514380367000238592e-04
8.262816772354519617e-04
1.390378226882333507e-03
2.427133953581286571e-03
9.819306860656682508e-04
5.141724691198782749e-04
6.709021872516787027e-04
7.560122539664361225e-04
1.787127908557267515e-03
5.769081318136336841e-04
2.351775632387919767e-03
1.207669572939529343e-03
5.769367731885856462e-04
5.762912701387568927e-04
6.528201780656703096e-04
7.873278695485816771e-04
6.076123739975024512e-04
5.905149564445461670e-04
7.696542676759965352e-04
5.662280439991167419e-04
5.052591728064868750e-04
1.007997995929653910e-03
7.448717979804833720e-04
6.050251721049916369e-04
7.816282260113723013e-04
6.970256994110315745e-04
7.212487986613492575e-04
5.311428945801299891e-04
5.660708692461042472e-04
8.187936711494855479e-04
9.758803501414950498e-04
8.396185512008028659e-04
6.007353177820928770e-04
6.683382088000464636e-04
1.507020206240589468e-03
9.888488867868578183e-03
1.689984740536428463e-03
1.017231658749334546e-03
6.423973489798933323e-04
5.618388477757258652e-04
1.033371193204605902e-03
8.810377375058449020e-04
2.759070722725629095e-03
6.317210863155055429e-04
4.797773812880164299e-04
7.296476459186932492e-04
1.130852993784702215e-03
5.330510701292989501e-04
1.359208753366152002e-03
7.796606132204401919e-04
1.109231019970339203e-03
5.242955477423764466e-04
9.062922087242284959e-04
8.982780730654189166e-04
5.949056181778249663e-04
8.492602098087630386e-04
5.101069514678146632e-04
5.460154110658732443e-04
4.754271780264569119e-04
6.337583824238668785e-04
1.261263260841939075e-03
9.691550228179467239e-04
6.338760673372842002e-04
6.372713067661774740e-04
1.157869456331620450e-03
4.906679756848477715e-04
6.281332524568443952e-04
7.946009778209798006e-04
5.297785039872922840e-04
7.750787635191992622e-04
5.407597133743677472e-04
5.136015295420650684e-04
1.946751448531170575e-03
9.468446359376606752e-04
1.160000294430323445e-03
1.610450689375525013e-03
8.175541728576862397e-04
8.189984782576954173e-04
1.240718782725648214e-03
5.183465860711748132e-04
1.257501982536517052e-03
7.340404573449184865e-04
6.446834651931864424e-04
7.884354674408327679e-04
6.859804869996880688e-04
5.863960683443392901e-04
5.869496509686688559e-04
5.834172902242406103e-04
6.779064747852623588e-04
5.528744860450738371e-04
5.007316296646963875e-04
1.519575340074905525e-03
4.887577673061699194e-04
7.142990050610837673e-04
8.644676148422047665e-04
7.070567758705024628e-04
6.761897118152182052e-04
6.647065535430704726e-04
9.578852928031351532e-04
7.825182289270725617e-04
1.144106750614295748e-03
9.173117525049898253e-04
6.299660898915631930e-04
6.138428712957043907e-04
1.914349102855137036e-03
7.565889241280583525e-04
1.591147156934345731e-03
8.844882384522864596e-04
6.536026876628156686e-04
1.020345970644468423e-03
4.549951164622266335e-03
1.006494718830166970e-03
6.795606568636577104e-04
8.323353633072437920e-04
5.340311877711936914e-04
7.963408088262125852e-04
5.226524580827038996e-04
5.250951878497873201e-04
5.517838081369880188e-04
1.161063721276555348e-03
8.794961849859518057e-04
4.220453502931703106e-03
5.057595091897611498e-04
1.097004535920684080e-03
7.145900950647981293e-04
9.221453554189669097e-04
8.426472862122621945e-04
9.301144400409338186e-04
6.134835844356918526e-04
1.006363500686744804e-03
7.625400806888060334e-04
6.767808651232333408e-04
1.114499926036132023e-03
7.666649158906539176e-04
6.095853676258560254e-04
1.125423041335537385e-03
9.221849158340731214e-04
7.801299226274909654e-04
5.262172534528146645e-04
1.121264620749488341e-03
6.674347198053180589e-04
7.622072169171677019e-04
8.382823214813111710e-04
2.074016772191006157e-03
1.067936272403802655e-03
7.231824672705623605e-04
8.529406231177641493e-04
1.099773137866123969e-03
5.693777090867590705e-04
7.042209887716587100e-04
6.149405745745993969e-04
4.828952937788421316e-04
6.672130858685008372e-04
8.211460836590204950e-04
9.919059202115375687e-04
7.613725451638658336e-04
2.209499364898369952e-03
1.257124392050106444e-03
7.012558964321682084e-04
1.251350383674176229e-03
8.212022489876239645e-04
6.197782449723908708e-04
6.426599723077198664e-04
5.903303274404985649e-04
6.136969680588525355e-04
1.025761652524402384e-03
7.786889937829548358e-04
6.454026435661231343e-04
5.612450521809780012e-04
1.246021144223251765e-03
6.779885920544072644e-04
1.182154238344307329e-03
9.927987259227609527e-04
8.191717531794387875e-04
1.158985432577887753e-03
6.732074304742918401e-04
6.254855277833327228e-04
5.605470907140175678e-04
9.647048191828748931e-04
9.997541682769542706e-04
6.381782313489416190e-04
8.777477158662657991e-04
7.527803786940062605e-04
4.959552838528295511e-04
2.522626245685261233e-03
5.244205521732352463e-04
5.717093933135022074e-04
1.125849286525535883e-03
9.689520146878287821e-04
8.538177211872391469e-04
2.709631126922852976e-03
6.664279703243380579e-04
8.721435727157287113e-04
5.272352742457524395e-04
5.093116666960502848e-04
8.950836658157753116e-04
1.031629902255108136e-03
1.033465420865603557e-03
8.027022095409030479e-04
1.607520903568672443e-03
5.228706750926726682e-04
8.100457329595293476e-04
6.885454650074209577e-04
6.264229066968247852e-04
8.210682911111032069e-04
5.956429876689603572e-04
5.100796123845426858e-04
6.186017930544171484e-04
1.382111282314055266e-03
8.169783981706214707e-04
6.404067760687094527e-04
7.676754117317988266e-04
7.947898892279362491e-04
4.948831568667405156e-04
1.843912224053614705e-03
5.272693806395069164e-04
5.792025844219378340e-04
8.708128710597006026e-04
1.502367076541127064e-03
5.651981902599699341e-04
8.429307107650568179e-04
7.791864414106378220e-04
6.079803517707368238e-04
1.061705762209449880e-03
6.107698392333840058e-04
5.775910348278627277e-04
6.231364398763476319e-04
6.481134698551117065e-04
7.912411819452158743e-04
1.250814280368777722e-03
7.437514666541080030e-04
5.606608406603506194e-04
9.764366198082799096e-04
6.959413358320415887e-04
2.787277679059714172e-03
7.340787630663226813e-04
5.564265155061420614e-04
5.503911637561672730e-04
7.426107993857859659e-04
1.114533940515465655e-03
5.675828229356414669e-04
7.143106404713660566e-04
1.309178273564779588e-03
1.496934614798429075e-03
6.014929270295555708e-04
6.431977292081952121e-04
5.867483727460269700e-04
5.071521458662474379e-04
8.218229343092998962e-04
8.355347590742325664e-03
1.540945830144222189e-03
6.290020314655169658e-04
9.833003172600740006e-04
5.587361229995612723e-04
6.273541821771880462e-04
6.477894011268128241e-04
1.107250218923845576e-03
8.708370947657863206e-04
6.247402354583937072e-04
1.330250214425887905e-03
5.405319101698709142e-04
6.841788367199780471e-04
8.284662735041256306e-04
1.111195848705625894e-03
5.697675482739271218e-04
8.471725492256916047e-04
6.023287692232716243e-04
8.343173211115218141e-04
4.892113729441665724e-04
1.619012353914038669e-03
9.666635083843353729e-04
8.014165218874486204e-04
5.693318073801121627e-04
9.582715125931582549e-04
1.103757508666038459e-03
5.044530347142780861e-04
5.830674892564550581e-04
5.721300440050802998e-04
5.647813844213630001e-04
8.387376085633640793e-04
5.542666991541551251e-04
6.007965304575603764e-04
9.254449358459482461e-04
5.105805034240167278e-04
6.275401987733730856e-04
1.068025582657778803e-03
7.808624865248316041e-04
6.669452019651491998e-04
1.017655727480388335e-03
4.976985593010986846e-04
6.986547857087643766e-04
5.998090325100996229e-04
7.665567157135895742e-04
1.095910883788142566e-03
1.060020185369039188e-03
1.100709287563409996e-03
2.055089172414043073e-03
2.892799161574122722e-03
7.200331808305396927e-04
9.314985236095692277e-04
6.232703828887841422e-04
7.147994179775471165e-04
6.006701830308539079e-04
1.215889012566752922e-03
5.864794141022843573e-04
7.377550115998702477e-04
8.490298864816433599e-04
6.137782696309816493e-04
5.808258043930219008e-04
5.946948294462947376e-04
8.051594061412320350e-04
6.394755564855367138e-04
1.049285718080459305e-03
7.021676423648007433e-04
1.323301606105927201e-03
7.356889753636716321e-04
5.006222590016015704e-04
4.983782578182350273e-04
6.426297430375146847e-04
6.627351323797264467e-04
7.611254567558266033e-04
5.369593531413414120e-04
7.014847010894404572e-04
9.588226684474161418e-04
5.778786969663786931e-04
5.238686398827379753e-04
6.205198984986395709e-04
6.000672158259886179e-04
6.379659620969680605e-04
6.054217592096509601e-04
8.248839342354070221e-04
5.385741956750151422e-04
5.965747026643181128e-04
1.702585273915479223e-03
6.561361712576042155e-04
8.906095649936667576e-04
8.588252980480078416e-04
1.625323657984137577e-03
7.486502018503225992e-04
1.893251726570266066e-03
1.260217088318275110e-03
5.026934559101718311e-04
7.991705641514499281e-04
7.630178445736471868e-04
6.318683909845924148e-04
7.922164200914287580e-04
9.322097598252319537e-04
1.121170070543437954e-03
2.679303517655640208e-03
8.001479752922892796e-04
5.082841817966175964e-04
1.448006501689896386e-03
1.096269867430801860e-03
5.746620628998042697e-04
8.529812468263571479e-04
8.480513350134917224e-04
3.760204924244980960e-03
2.021572716758891081e-03
7.791843327202982927e-04
1.261391108699712587e-03
1.528093643150249537e-03
8.171991029066683282e-04
4.987787535311056369e-04
1.480921326946170501e-03
1.391277305272095805e-03
9.134849183291057903e-04
1.270254485563585391e-03
2.103859815512779726e-03
9.411013619230638528e-04
5.910486662785774999e-04
6.046802751720302535e-04
6.532343914281003687e-04
6.127654358815250255e-04
1.063098633374833651e-03
5.790511686271607606e-04
6.774409970088746211e-04
5.110044424785309359e-04
7.856781391512103517e-04
6.941899428056052916e-04
7.366636371751759341e-04
6.745918388062858160e-04
8.306595690012336932e-04
1.519009498656621621e-03
8.800474086608126674e-04
5.453228149532914765e-04
8.965477155141163062e-04
9.622325610205476575e-04
1.438461034371889486e-03
5.993083204824080834e-04
7.208170949724462557e-04
8.428312815234105353e-04
5.904479837231697836e-04
5.904556391963715432e-04
5.142565565379624611e-04
5.522362134111725258e-04
8.155073011301350793e-04
5.353895465763615835e-04
1.864209858620568226e-03
2.818697313145903088e-03
9.427852197972984381e-04
4.854422842925597108e-03
8.064229803269137202e-04
8.310258795653927347e-04
6.851834458357372679e-04
1.014650453516112655e-03
7.116950379328873359e-04
6.540257293513667639e-04
1.086005180247820705e-03
4.522484162335606989e-03
6.092175990687491481e-04
6.135026254277933582e-04
5.202764964253852459e-04
8.387187880693386431e-04
8.649453352186263965e-04
5.253693619336002006e-04
6.005274522128152678e-04
1.044151047269525857e-03
6.174301764113243260e-04
5.098085575166205925e-04
4.866013900707419002e-04
6.762700267324919540e-04
6.594038898923797578e-04
1.843149415559066631e-03
6.476781591396011837e-04
6.876296768063783421e-04
7.065496143387031735e-04
1.036426155213296656e-03
1.204169143202500581e-03
1.086712226817857559e-03
1.289460231731876395e-03
5.811917644545654040e-04
1.143253058761610702e-03
1.187286493321244819e-03
4.935542167541581314e-04
2.188884570848265241e-03
6.214440777135385886e-04
6.164235191965217707e-04
5.721427203184144923e-04
1.194143953618691982e-03
8.337116974242156017e-04
7.834347016014677400e-04
7.115470648552734778e-04
1.133841874067177810e-03
1.280383611173522987e-03
5.412980580831110817e-04
8.437747148385575310e-04
5.003739459948973543e-04
1.004127831424408545e-03
8.077862847560916522e-04
7.376532667557297081e-04
7.579123649615779031e-04
8.227221544680552237e-04
5.540710018244477016e-03
6.334413757560312117e-04
7.456479238572937245e-04
6.168966116979132663e-04
9.857272149451188226e-04
4.923759006276365703e-04
7.840510440111637643e-04
5.949990735597590055e-04
1.108657154218040120e-03
4.931192246451384081e-04
1.080982063693288787e-03
6.347969741181332419e-04
5.867725906804345222e-04
5.027466677436533268e-04
8.243920380215088647e-04
5.613735017332755796e-04
1.672434902918367014e-03
9.539198797014764985e-04
1.039445316024482360e-03
7.051772707109458214e-04
2.061901517383937007e-03
7.511959643878814760e-04
1.711573015263986777e-03
5.032335318245758716e-04
7.350820885315082626e-04
9.263501348238089564e-04
5.501844629455644817e-04
7.279381370540787205e-04
1.349664823328218305e-03
3.849622836413956785e-03
7.633760713612516152e-04
2.523819352505989738e-03
6.231468046111868220e-03
7.314621018365316096e-04
9.557361318884938315e-04
6.936137489804346809e-04
4.864439561550462296e-04
5.663509431807178503e-04
2.582492730057080361e-03
8.429462727186101895e-04
9.724188821133322074e-04
6.909634771094381707e-04
1.043345117325908313e-03
6.696665403389418523e-04
7.549792270723297127e-04
1.895771457824628557e-03
6.391480251538011071e-04
5.214646300154526966e-04
6.725641460915029969e-04
8.399413153407732152e-04
5.717842242245034252e-04
9.537867656019607130e-04
8.188791857442846494e-04
5.469390098348966530e-04
6.605349088696535302e-04
1.133672361108222816e-03
6.618041333320051536e-04
4.832642497830467987e-04
1.192980015540063546e-03
1.085487577894048150e-03
1.203000573572628054e-03
1.065837701540565258e-03
6.823122499484391389e-04
1.053279797381394267e-03
6.154187013682293995e-04
5.669556093922097171e-04
5.104323875110743439e-04
1.574311208368402507e-03
7.519946083893582845e-04
8.367930188923641908e-04
6.632049789386367791e-04
7.736533836898767599e-04
6.857760875240109626e-04
6.929442663470558724e-04
8.226155522701364799e-04
6.957526950123869456e-04
5.309925242075590754e-04
6.008556956103244069e-04
4.903431786019749701e-04
5.007086077023797282e-04
1.496677429192797915e-03
7.633720072366910730e-04
5.861070509046611195e-04
9.150320997943011628e-04
7.598557553491010110e-04
9.903011036257939985e-04
1.605123990442592925e-03
7.308701956408817507e-04
4.873358945053963415e-03
5.294625643960013638e-04
2.188003569465687709e-03
5.383166060854474013e-04
1.119201888068480956e-03
1.062700245738551225e-03
5.283345148439586199e-03
6.234982395374966081e-04
6.181982707469333696e-04
1.153992485775776327e-03
6.659120049610810829e-04
1.358398219347072217e-03
7.430813868587744352e-04
6.536385392418659008e-04
5.837895689958854870e-04
6.963510992696131472e-04
4.957621986626645130e-04
5.112233576950006748e-04
9.426814188830600835e-04
6.805597759019682861e-04
3.574198487217843979e-03
8.495035673277572972e-04
9.430579887851446574e-04
5.447122916342882638e-04
5.768787536475357240e-04
1.227065206776897311e-03
7.429860007516267927e-04
7.196569697609278603e-04
1.980542805075563573e-03
6.649713992066034161e-04
5.116854010631384335e-04
6.404708371783188279e-04
6.568021182326205841e-04
5.933060268439291395e-04
5.467181265909553485e-04
6.491922198764958499e-04
6.605982877592012125e-04
5.641869998313647772e-04
7.456360587889655995e-04
8.607046532200347084e-04
1.069457666980043247e-03
3.090112793244884169e-03
2.517315257683827839e-03
2.537183798402537372e-03
6.609244303351939284e-04
5.350021217284627300e-04
5.687450268064174952e-04
1.834141613862196171e-03
6.311418143340726070e-04
8.013118339881816548e-04
6.072514369212341683e-04
8.480441551139926686e-04
2.972248006653506122e-03
5.225853522133855171e-04
4.968430013221241184e-04
4.854430062262630563e-04
8.785023101136068581e-04
1.560661582565915943e-03
6.374644771697311578e-04
9.205745687957839771e-04
6.955053098100659643e-04
5.868071786384527252e-04
1.256819888596502101e-03
6.743938999341039277e-04
6.321881654400528239e-04
5.681668287839654417e-04
5.751007301125417607e-04
5.143639074779468405e-04
1.024640326165779120e-03
1.483626549388745910e-03
9.314932931724221373e-04
1.210920290958346704e-03
4.674578354883936020e-03
1.124018753040153520e-03
7.287437430582868964e-04
