2.480055776503126808e+00
2.494729609747089683e+00
3.652515037232614059e+00
1.290437600164076049e+00
2.961693293985801390e+00
1.084152959782945347e+00
9.987709744011897817e-01
2.567799369606210913e+00
6.487585330840990316e-01
1.562926389613014777e+00
2.186866876977688445e+00
1.199200852003662110e+00
2.595249029040194166e+00
1.590562532225100245e+00
5.596417213206623664e-01
1.216807584243010165e+00
2.593568527562619241e+00
2.135266631515466251e+00
9.575975005813044394e-01
4.497891807849303092e+00
3.221063626932143986e+00
4.880544840787922056e-01
4.411405955493230002e-01
2.441989694701490965e+00
2.597198604104200559e+00
9.425188863664378802e-01
2.849645371169293284e+00
1.909786991121098731e+00
2.455298650252723203e+00
1.776719737280114675e+00
1.886610211027901940e+00
3.097377093672349702e+00
1.716120317565391407e+00
3.085595401473843147e+00
1.342057015718440161e+00
1.053701289318754286e+00
1.318109598516419068e+00
2.688485044543859281e+00
8.903267522708097070e-01
1.296488320601316691e+00
2.724578176402880469e+00
1.538031816795373929e+00
2.517741090747573907e+00
8.411160260108344611e-01
3.059723780926972392e+00
2.161460586946726270e+00
1.563926526674138895e+00
1.460514256213806039e+00
1.287819009688660143e+00
2.422611606131428452e+00
4.528695314800799565e+00
2.486648434613988989e+00
2.359200400843822099e+00
1.214617360370777943e+00
3.854147558943877616e+00
2.115574675110188707e+00
2.619086512353471008e+00
9.269165351123885843e-01
2.383346178927971515e+00
2.749468731481653272e+00
5.746363018772779885e-01
5.137018637630757389e+00
1.460617166125678379e+00
2.574005675182408748e+00
3.573083792767093314e-01
3.463100647396950116e+00
2.927333667697803232e+00
2.064027460062054953e+00
8.113689386064679709e-01
2.987621310822808240e+00
2.465666825200552470e+00
1.634383133654335074e+00
3.447012200717121555e+00
3.015298639361377209e+00
3.264997191861214620e+00
2.650317801733542478e+00
1.497374050138169599e+00
1.300114308694237275e+00
3.369493466736505294e+00
1.790718074934585236e+00
3.528583511399284500e+00
1.683756568712426960e+00
2.010160896050134927e+00
6.745045409221466226e-01
6.113106936817436221e-01
2.480277153495803244e+00
2.678129771092118361e+00
1.452361232250672485e+00
1.605300685268541860e+00
1.121056291705092134e+00
2.004783463021237111e+00
9.430235949387167915e-01
2.629342977344290677e+00
2.262697890881268936e+00
2.381188750803238552e+00
3.098614311139404887e+00
2.565675621191865652e+00
7.533124322217259472e-01
8.231902664914653167e-01
2.359222344468300481e+00
2.053907347049428900e+00
4.735202913761773935e+00
2.131105126010200301e+00
1.165424507305318436e+00
9.361300156595304678e-01
1.768589351339844296e+00
4.969483379893758768e-01
2.580195619107609417e+00
3.068649545009566104e+00
2.794390208872898906e+00
3.625917317241538651e+00
2.154224100876080961e+00
2.116846889953787336e+00
3.484627101082897305e+00
1.326601766168352015e+00
2.487005365785897926e+00
6.608262656771427546e-01
2.311791263448761402e+00
4.421552999913833104e-01
2.782779169232575622e+00
2.018467442080877472e+00
3.022395307911677875e+00
2.416021367895617278e+00
2.159513602778599939e+00
1.402800727982832285e+00
2.959921015742267958e+00
1.234937719257576116e+00
2.746303300228114530e+00
1.829715474231634831e+00
1.533854506084471714e+00
1.964136958713385450e+00
2.989994127127919565e+00
1.182231164370029175e+00
2.708784810125162146e+00
2.780081418870152810e+00
1.063909018662378303e+00
2.081375557981535174e+00
7.382050753410749344e-01
2.974616583202699616e+00
2.606167958595459133e+00
2.754442014796026683e+00
2.960844915105385500e+00
2.284879955089944126e+00
1.355696971981110721e+00
1.942896459277679622e+00
2.386014102876448550e+00
3.419880160455820661e+00
1.471289894640586349e+00
3.114887543605645348e+00
1.872822125048734909e+00
2.332606668485370793e+00
3.853917522915952798e+00
1.203997269084658095e+00
3.426604109851209667e+00
1.591678532943179514e+00
3.509595038615343388e+00
1.357586802225889011e+00
8.394459128179395657e-01
1.750339353570751211e+00
3.226024561549794001e+00
2.198468273596532185e+00
1.687767246225400752e+00
8.337423259858420255e-02
2.541972735186956989e+00
1.607723343028841789e+00
2.032109104512274111e+00
3.038611355087830646e+00
1.170178414690372204e+00
2.512441158493601279e+00
3.563923477614090007e+00
7.715358582817267719e-01
1.955320355253914677e+00
1.563772111538753062e+00
4.748610876485713783e-01
2.267967225209710058e+00
1.587945275630239905e+00
2.033146973625585385e+00
3.159083473372876316e+00
1.902765244086525032e+00
2.561997723653324677e+00
1.012524832444900769e+00
3.707378435343512191e+00
1.703220307708732228e+00
3.822810690774794740e+00
7.360261038047721804e-01
3.378869997444664985e+00
8.390968016439878108e-01
1.620492684799104799e+00
3.335537875457637469e+00
2.245735037166536774e+00
7.011463714551918747e-01
1.210701157398063943e+00
3.608684902892504986e+00
2.667558704868998820e+00
1.555759440250782388e+00
4.631527075122662818e-01
2.504816652060118276e+00
1.429514642910743483e+00
3.063299210054460264e+00
2.986035977012747367e+00
1.178954117168208748e+00
2.216089296180612678e+00
2.969672871584015272e+00
2.277174728916138147e+00
1.127090579059185416e+00
2.145907003249021283e+00
2.724278185913249217e+00
1.994782070789686390e+00
2.443495507491679319e+00
5.362236748305995171e-01
1.591420599883708542e+00
1.162262130688023420e+00
8.046177433268690837e-01
1.373715428356216517e+00
2.844518852943493048e+00
1.951560762977147423e+00
4.089059850870000901e+00
1.745647094846033420e+00
6.280000969802954636e-01
2.387448540401115427e+00
6.091080091046296996e-01
5.744733038948588444e-01
8.006578334782373796e-01
1.231060247144880160e+00
1.049470603249726963e+00
7.534305186776361074e-01
5.102310925760463745e-01
3.179617242013199174e+00
2.694556218527727420e+00
1.398631643873279318e+00
1.839237520423141259e+00
1.501468188061602760e+00
2.957684504079845400e+00
1.082442733130995371e+00
2.100178694453302963e+00
2.919461105811011592e+00
2.792936291746280997e+00
2.883991799894991104e+00
2.107535294043438867e+00
1.911762713026877725e+00
2.217347108717276249e+00
2.011553155767556333e+00
9.040930418221879705e-01
1.558139629669128334e+00
1.641617339925450558e+00
2.060575415847453407e+00
2.053754060709394036e+00
3.049837992726220914e+00
2.076023468979367070e+00
2.087340954104396573e+00
1.853558286917856179e+00
6.284342284697663761e-01
2.780046470162805150e+00
6.059638944293351814e-01
2.107414633631807366e+00
2.514515333180177503e+00
2.732920614482297950e+00
3.284500812529158598e+00
3.003214059003479264e+00
3.502115911535198300e+00
1.737397003300929832e+00
2.811101065708707214e+00
6.135487842282977278e-01
2.254415790317751078e+00
6.568873971314130866e-01
1.812062222998491734e+00
1.905498853071702081e+00
2.087429624742884737e+00
5.438688921352331285e+00
2.152862513423439594e+00
3.705763352569654501e+00
3.273942051233500461e+00
3.013980579041888763e+00
2.727453350277103894e+00
2.187741183936460221e+00
2.618962312722850516e+00
2.071672522510821235e+00
2.094042619704245212e+00
1.077841461694146075e+00
3.590777058917506093e+00
6.669591217843316988e-01
4.092673045049077807e-01
8.051466941222873430e-01
1.412602648595883803e+00
2.822840908449235631e+00
1.148373753011580511e+00
3.033181902673268482e+00
2.558386945348967156e+00
3.013302670834582919e+00
2.042380481305965390e+00
9.121294522427049190e-01
4.676284411985562328e-01
1.843397779822883331e+00
1.366095006375378951e+00
2.773234862005350188e+00
1.922200951498061583e+00
1.670486912426028425e+00
3.490008303095999409e+00
5.348099412481371884e-01
8.588313716398719988e-01
2.713200170005620748e+00
8.987551593491677204e-01
1.293621714406218759e+00
1.539851338474142350e+00
1.835135589019130320e+00
1.564244622197199286e+00
1.896313778414015605e+00
1.983751149292163563e+00
1.473632985156406061e+00
1.945492175265639778e+00
3.950099118351142025e+00
4.809756579326406545e+00
1.462516922541066577e+00
1.574905591735399790e+00
2.323551778012519442e+00
3.856784827179171593e-01
2.770060736467456319e+00
1.365588070962596046e+00
1.422037433822001429e+00
1.236080187840614686e+00
2.664977621560917331e+00
2.125966518701508878e+00
1.729937417084731033e+00
2.359083350947443147e+00
6.219208008702894475e-01
6.742974474621949099e+00
1.723977792022142630e+00
2.077755507170731875e+00
3.166984967416635488e+00
1.925705763175682428e+00
2.960867247765391230e+00
3.415794520983197025e+00
1.794186671357456575e+00
8.746158969520838600e-01
4.758820583319424147e-01
2.020938457501225471e+00
1.430325503888965510e+00
1.881849732441223333e+00
1.731569069488300361e+00
2.251865643033360787e+00
1.366492155236262329e+00
1.996865043005266793e+00
8.501785594380510958e+00
2.579892299047501947e+00
1.081065702968401654e+00
2.164591797610149193e+00
2.017320628545673067e+00
1.620001035544632595e+00
3.275991578660120584e+00
2.635552662672338009e-01
2.836923926071764690e+00
2.193826046336251778e+00
3.040466435633362718e-01
1.560113340896767120e+00
2.543830255125895778e+00
2.589545004680621876e+00
1.999691561765846837e+00
3.025701728817899117e+00
1.629589010498301072e+00
4.401546827269562812e+00
2.339119078023434550e+00
4.572723358834741569e-01
1.212904576164072656e+00
8.176395923230618257e-01
2.369253619304831471e+00
2.737799068861001661e+00
1.472523212426903427e+00
3.076333868088158674e+00
1.946126094744357715e+00
1.543882934919990735e+00
1.723379857164984541e+00
2.382482647498650241e+00
1.590531555016647225e+00
4.295810766879241682e-01
2.301151332589018050e+00
3.965629106310389229e+00
1.637035251453261786e+00
2.584186297098244989e+00
1.572012609072235279e-01
2.030746271563460770e+00
1.280677765350855646e+00
2.081477094129237759e+00
1.614944565027267132e+00
2.118970657080958553e+00
1.887212592935464617e+00
2.888039042318193861e+00
2.249384459761729904e-01
3.302645505059126130e+00
3.359564305627621650e+00
2.379608953844658537e+00
1.699777787725817779e+00
3.277095495999934105e+00
2.981158605511766257e+00
1.667687551539355884e+00
1.120761209114661705e+00
3.626598324055295919e+00
5.464296739516036894e-01
3.887362707500617853e-01
3.632841287436456401e+00
2.377613092413998874e+00
1.667461315987980974e+00
3.379011165376370585e+00
2.687743206014212571e-01
2.951673241043385243e+00
1.887452055174043686e+00
2.133332980427693482e+00
3.688295839574624591e+00
7.950601377442152451e-01
2.075175055112097322e+00
4.458822668095842268e+00
4.577625006044439004e-01
3.378717317771493089e+00
3.893568186709392087e+00
1.633938378825252835e+00
1.664118306032048578e+00
3.245080522336515561e+00
2.566996746991361711e+00
1.484751629608753953e+00
3.633971913487731853e-01
6.499726765098909897e-01
1.942772873472352835e+00
3.344080859409502615e+00
4.566457584510225765e+00
2.534354690499707186e+00
2.097895155105685028e+00
1.551317397564701439e+00
3.435213358797541083e+00
3.740981143497375427e+00
1.001587726348187157e+00
1.615450516767248823e+00
3.557027740025735074e+00
6.544908401152122579e+00
2.087318738741446023e+00
3.387046925218660576e+00
4.017561012145368871e+00
2.877880353878060848e+00
5.222916791796861080e-01
3.407511463137477659e+00
3.020699242806377693e+00
2.462083116659623538e+00
2.956756645421030782e+00
4.637166653902869973e-01
1.939365798458201340e+00
2.212273757159949561e+00
2.782842555092259751e+00
1.396805946223933059e+00
2.506119975407375744e+00
2.061669869353730533e+00
2.254264612263725098e+00
2.721697840476401176e+00
2.859647284364120079e+00
3.346878889217580255e+00
1.395071705581304000e+00
1.363746536458154246e+00
1.720135049325727472e+00
3.890627056702393283e+00
1.544059997489029223e+00
3.710023220291175150e+00
1.759264947349261421e+00
3.043298563470572038e+00
3.575122923489603699e-01
1.651101574710644115e+00
7.748205362200359936e-01
4.477344257656314386e-01
2.226319519996537988e+00
1.431196189616192882e+00
3.053615653214792669e+00
1.905527172410043990e+00
1.410456050930998684e+00
3.501856320385489663e-01
3.500996856493235665e+00
1.760325035741117317e+00
2.914973407401503902e+00
1.332906781769702231e+00
8.829753320390144600e-01
2.205534517048439724e+00
2.284584416055483569e+00
2.386831484656389613e+00
2.849355969856253168e+00
4.428272816716831706e+00
2.130304346394510606e+00
2.903845592760524452e-01
4.468172971151724404e+00
3.530443187904368063e+00
2.206266920572876877e+00
3.137896792230516763e+00
2.084991909597200266e+00
1.130416486917053431e+00
1.364434295882401171e+00
2.978916335146472694e+00
2.585015236406855266e+00
1.912721171399400788e+00
9.266691548164046610e-01
2.548608841909149714e+00
9.676475825169156275e-02
2.917393913892949442e+00
2.718668560279605018e+00
1.249146715616701764e+00
1.074871943998976853e+01
1.824419763117925086e+00
2.757363441191249098e+00
2.802574383977663341e+00
8.244796496436523903e-01
2.662466314563837866e+00
1.430487477489212678e+00
3.255792984298757187e+00
2.019491419791535680e+00
2.746800788899585566e+00
3.996981818983428969e+00
2.637739095905318631e+00
2.422699488705006399e+00
1.182484106889532205e+00
1.210732129323108808e+00
2.506015142909944426e+00
1.649473725611317221e+00
1.042836660774886015e+00
1.954263891312099544e+00
9.046793537299750998e-01
2.147763499008413568e+00
7.211980752406006445e-01
2.162339603156993917e+00
1.534946414156675765e+00
1.151335685611533544e+00
2.050677047895355987e+00
1.982535943052120553e+00
1.548799043534557995e+00
1.459922749698780997e+00
5.233690705581408587e-01
3.436893982186724816e+00
1.321743618681126886e+00
2.024579987908950773e+00
3.689740722588140454e+00
2.982590976480037348e+00
2.997459227875762355e+00
1.787770338912063162e+00
2.155892395640913506e+00
1.073715423682630732e+00
7.269095019604089325e-01
1.593169963568013214e+00
3.599220764369848169e+00
1.510330264733899641e+00
3.755728781101439484e-01
1.789528707715399847e+00
1.569935805278648733e+00
4.752753311049406015e+00
2.398809712007292649e+00
1.709091906894621760e+00
2.204399606169999526e+00
1.550762542107315678e+00
2.152027575880055998e+00
2.346290467093446797e+00
3.475609468031033433e+00
2.332176634335980214e+00
1.049952978121990954e+00
2.401906079245245351e+00
2.178116534848489660e+00
3.055902001819903457e+00
1.424794635275915100e+00
4.496299301397818304e+00
2.148753459036113700e+00
2.700891869410872115e+00
2.149368311760196715e+00
2.343235501856624214e+00
9.721920975094933137e-01
2.008490969760437395e+00
1.955387956341883449e+00
2.150062830679402293e+00
1.022157291952177305e+00
2.517812431107928628e+00
3.503070665043542142e+00
2.814937774687385819e+00
1.930042319818668473e+00
2.666142977452124363e+00
5.384853102088704713e-01
2.543982305076138761e+00
1.966599624688301517e+00
3.568979578644890349e+00
3.069653100730544981e+00
2.182556498535341394e+00
1.608602422921983077e+00
3.441078664823617128e+00
5.171437970643505411e-01
1.790327863604418202e+00
2.405989463146878560e+00
1.768327922917681150e+00
8.964490274508301049e-01
2.696394286493958958e+00
3.021436093577281046e+00
2.229170168921853712e+00
2.514674587925202154e+00
3.262707714954164562e+00
9.423932191224907440e-01
3.125239218738503855e+00
2.896097694267048883e+00
4.250897050022452994e+00
1.784033211560766219e+00
3.794314837561602594e-01
2.129194776525461297e+00
3.125766811990180027e+00
1.890888677142043672e+00
2.048390463613979140e+00
1.833027507718407501e+00
3.007726522114795742e+00
2.302363451967378793e+00
2.891971553955816177e+00
8.640894613873075780e-01
1.855896830533871888e+00
2.108238668177415231e+00
2.222010732754394091e+00
1.765984007284553181e+00
5.451242922831056603e-01
1.174680682046125524e+00
2.950818843186785667e+00
4.441719848782914037e-01
1.129449056702968246e+00
4.001490701536314809e+00
2.252909515345256963e+00
1.456691682110736297e+00
1.429373303180970556e+00
8.510834648667414681e-01
8.147680949246874915e-01
2.797694225494641085e+00
6.333957271042102155e-01
2.226023369231991289e+00
2.140592216167489958e+00
2.193137578642794239e+00
6.533605594886270351e-01
2.266811865719026375e+00
2.582497643511645347e+00
2.072344558525496705e+00
2.794748448433873378e+00
2.545134511810149380e+00
2.114401928619817461e+00
3.468946773432687980e+00
3.118782644065888565e+00
2.009292318337248417e+00
2.676832381308770881e+00
6.856320953513421745e-01
7.955519474748199427e-01
3.222176609161058636e+00
1.797567669792744960e+00
1.960299239218479039e+00
2.900117669560003275e+00
2.349425713982351560e+00
7.319258797205752121e-01
3.592225292993572072e+00
2.106512011840387721e+00
2.938390557446734164e+00
3.886364852679322635e+00
8.985715825325917283e-01
5.652521112537833403e+00
4.711802596067761750e-01
1.624423714370426541e+00
7.485214188377892208e-01
1.966681264656126693e+00
2.061925336756847749e+00
3.367730318892400376e+00
4.253713060271129831e-01
2.297095744206794521e+00
1.018502289516594717e+00
2.886728934598674634e+00
2.171102402621643446e+00
3.577776274677914703e+00
2.347617409691106438e+00
2.711575119267451761e+00
1.613905095985419758e+00
4.112697996767930575e-01
2.317252507825109831e+00
2.639730010845100061e+00
4.762683093023712400e-01
3.862299529201521087e-01
2.938772138638607867e+00
1.870529797400581895e+00
2.044161066757989254e+00
2.097259575867059578e+00
1.928951579112635484e-01
1.551959643878419337e+00
3.197725757149271875e+00
7.716910554484388562e-01
1.885477027117056448e+00
4.304080619994795853e+00
2.117193882556453577e+00
2.593671638992562478e+00
2.621494869094917579e+00
1.389875295864867688e+00
2.007900180525122202e+00
3.112521984264154273e+00
2.385236116672110107e+00
2.225023559813052110e+00
1.488114351078480446e+00
1.490788640105026763e+00
2.822866075280970666e+00
2.730078194500023869e+00
5.423015393225224523e-01
1.974248698709323513e+00
1.994660515852386684e+00
3.469367028879139614e+00
1.388632188640571252e+00
7.319432546884588886e-01
3.398998924648338971e+00
2.132441689585242273e+00
2.064238546761713700e+00
2.483496168567107087e+00
2.489945405224126773e+00
4.853584534434201014e-01
4.123973296814925638e-01
1.068515152391843692e+00
4.111959957730791260e+00
1.805854396285373475e+00
1.134892005573662210e+00
2.117128708110629809e+00
6.032157215360081093e-01
2.507275173084990261e+00
3.130946268344934058e+00
1.856489075307094172e+00
2.909480288980661022e+00
2.744407196192443887e+00
2.134574911626668570e+00
2.082531143211381330e+00
2.026778458055353838e+00
1.934096829791809080e+00
1.669793088182220275e+00
3.250480182217626357e+00
5.490150757045224594e-01
2.887032089064093920e+00
8.640108457726988211e-01
4.180264240069653803e-01
3.922705066949149888e+00
8.624621937430679841e-01
3.850640778520566521e-01
1.433859675231672126e+00
2.216494891647890597e+00
2.781161752525560082e+00
2.156941149108161149e+00
5.065872181795220142e-01
3.578086376064337770e-01
1.337329056575730313e+00
2.004219324321565132e+00
3.517401709076368732e+00
2.857034337346652464e+00
1.440229685378362712e+00
5.692886458945424222e-01
1.258494584176699682e+00
1.939547233552230354e+00
1.318072902294847193e+00
1.060675223139478929e+00
3.554189582829347049e+00
2.259246668018133342e+00
2.348285669408107346e+00
8.487000157625134156e-01
1.850686060800829980e+00
2.011819784863007943e+00
1.109165841401274610e+00
1.022032687246512639e+00
2.480880831897970928e+00
2.829152414449835007e+00
2.299948160455909107e+00
2.655355598238268389e+00
3.518194596500646920e+00
4.578580483540357626e-01
1.443623709928326226e+00
1.799926832048243330e+00
2.114275328860483416e+00
2.130558299355592045e+00
5.717908078390429027e-01
2.224513985880771649e+00
3.512691122303089220e+00
3.180207472245222711e+00
1.548217993169009876e+00
2.860243552904803810e+00
1.727310596367701789e+00
2.706881519694249505e+00
8.541385542481888526e-01
1.485988501648729754e+00
2.517596344159380717e+00
2.701843593012237754e+00
1.050011978186779160e+00
2.056725176649281561e+00
1.160903715782934942e+00
1.204720577669841752e+00
4.161088593750066900e-01
1.944105687395449644e+00
2.040816769856399038e+00
1.329121923035478048e+00
2.731582135805431744e+00
6.264315455913084252e-01
2.076093390379323278e+00
9.403654549174078614e-01
2.090325491396969326e+00
2.484283143325922261e+00
1.969495329890129875e+00
2.173201624106673169e+00
1.777413706694199513e+00
3.319078377986786954e+00
2.000605438428749494e+00
3.348566837654776140e+00
2.260510348023764493e+00
2.146145913251248150e+00
2.724327940323608033e+00
3.213203576362769542e+00
2.215164119227242434e+00
2.612291216743221955e+00
3.281272215905066680e-01
1.728481734239105894e+00
3.412231871159000285e+00
2.968884786633077422e+00
2.236248558286221932e+00
2.020700367465320113e+00
1.254888817248191790e+00
5.440378018428366769e-01
3.709808218760256349e+00
1.157473457096573011e+00
3.001356633918367489e+00
3.993411555886073883e-01
1.756924327593810231e+00
1.705256944577873357e+00
2.588303680676885765e+00
5.868064248385748138e-01
3.531951285923461192e+00
4.195821418550420567e-01
2.303070551486045670e+00
3.144553423056643204e+00
5.910917613128483517e-01
2.426504371911295532e+00
9.800372591389424626e-01
2.048513827631226025e+00
3.222331202897615654e+00
6.024073102987536066e-01
1.891871917218158172e+00
3.898622657555879556e+00
3.092930692726448161e+00
6.401145581831425568e-01
2.919211385458940544e+00
3.286257095552001850e+00
1.245385653783341873e+00
8.689566846366796327e-01
3.246996771995687148e+00
3.079277369666312936e+00
3.297338855539680758e+00
1.895891623863248165e+00
3.951803505166485930e+00
1.138715505270240902e+00
3.741222425833044429e+00
9.057484196198717363e-01
2.601283712593169817e+00
6.815168029962839213e-01
2.517711831194421990e+00
6.484135341409494879e-01
3.964796833145701971e+00
1.577026820106374405e+00
2.584444054135512925e+00
2.720799264328928491e+00
2.035464983159532171e+00
1.669300225454034781e+00
2.011309105596815083e+00
2.525703634080116000e+00
9.658633429989433861e-01
3.715668652183573339e+00
1.271526197343673559e+00
4.581270161871711655e-01
3.236986436047503801e+00
2.886397624961329456e+00
1.112050350245590957e+00
3.008050148136848234e-01
2.846621239615169774e+00
3.618218116144764629e+00
2.857553177774119657e+00
7.882952167533472387e-01
2.462254381430383443e+00
9.067966565376888166e-01
1.757753316043636493e+00
2.505366735467189354e+00
8.820502419253384296e-01
1.456965927041809605e+00
2.895464105441257541e+00
3.668276147202732762e+00
1.519165821411646355e+00
9.406746433733829127e-01
2.490436800471065304e+00
2.420576489253231323e+00
2.181207234531804762e+00
1.409941246672302695e+00
2.147559737071289554e+00
9.817720841924472142e-01
2.383425694497856906e+00
2.601039874493686455e+00
1.176302900716873268e+00
1.681144435144295901e+00
2.209088575833879631e+00
3.623301254490622347e-01
1.578779212477676719e+00
2.118855933872504593e+00
6.009697980792468863e-01
2.505511901160901278e+00
2.678570693353044430e+00
2.665805147128642361e+00
2.925913548851871493e+00
1.254720237538855754e+00
2.308541399659208349e+00
7.633604054696996322e-01
2.738472217595707914e+00
1.558550270268768800e+00
1.392501520012598304e+00
2.583723421848266977e+00
1.149001074904160591e+00
1.548774764700489914e+00
3.300401739351473296e+00
2.438738591349013607e+00
1.968283720654895763e+00
3.438714249538226131e+00
1.660350960393056852e+00
6.160375316140808133e-01
2.974045747887722690e+00
2.593310891499415849e+00
2.101689340019346375e+00
2.241511895701456591e+00
2.934304998318973290e+00
2.454183008910184594e+00
8.570551107709130090e-01
1.682534612938345386e+00
2.667882620972425567e+00
7.079143496783439904e-01
3.718302002356269398e+00
3.003012690433640497e+00
3.451460592099365954e+00
4.946703056129261311e-01
3.766381874306520050e+00
2.510584555846210097e+00
2.342115705549329796e+00
2.065578901220291641e+00
6.304066257775303717e-01
3.866124177723967992e-01
3.709951344534127671e+00
3.273699228738112588e+00
3.214321045697227319e+00
4.748810851569605918e-01
2.752963030077940410e+00
5.711050899084818555e-01
2.992483969923093845e+00
1.495954878674906841e+00
6.410660819045410630e-01
1.741195687946345938e+00
8.387720509654464918e-01
1.689253867833662159e+00
1.713147150988741263e+00
1.671360099127177756e+00
1.353573895348183287e+00
2.715313882715796101e+00
2.960840311360332766e+00
3.075384452318681294e+00
3.298942306572880234e+00
2.574331779541235488e+00
1.308176482713632627e+00
4.853107124975317710e-01
3.152971318966820924e+00
3.796732391337230617e+00
7.168391845029410403e-01
5.784355848196305327e-01
1.276144880428431216e+00
3.087120370730576546e+00
1.012799266369219131e+00
2.967966593530931174e+00
2.426934250102699697e-01
3.031895838372017149e+00
1.898408025036063984e+00
2.083735773856762563e+00
1.715235606625236553e+00
1.113372892085962018e+00
2.841153931813189537e+00
2.688431047457768841e+00
1.059001729635548505e+00
2.057361509331521177e+00
3.614542244692326545e+00
1.058464930326358688e+00
2.014973852410923971e+00
3.057561055276709183e+00
3.162362953304249658e+00
9.399760033131432380e-01
1.820696947001868571e+00
1.534389377811078869e+00
2.208043151175811847e+00
1.838956145720926250e+00
9.602259192950796107e-01
6.591674404574201507e-01
8.049480757011819865e-01
2.190649053329768670e+00
3.044347279728550237e+00
1.978754216945963096e+00
2.353285482249050098e+00
1.696785769076429862e+00
1.569534699667962885e+00
1.584998402390566774e+00
2.859430821941007839e+00
4.041017898494528637e+00
2.494443317284032791e+00
3.180251274795105498e+00
3.026793462326257789e+00
3.416829131146621457e+00
2.693573636323206344e+00
2.744216039744512781e+00
