1.619338046881075299e-01
1.276677379168597026e-01
3.320739264163028448e-01
3.060178292826072344e-01
2.434151244615072596e-01
3.684628636987247741e-01
2.782926368281035678e-01
9.042029930229233958e-02
3.458945939865076813e-01
3.256616574661692631e-01
1.924220551505422816e-01
3.278121166321122937e-01
3.323722753915511197e-01
3.341928113033753589e-01
3.710978268148973913e-01
2.140076115067918727e-01
1.941911076865788510e-01
1.924652722388353332e-01
3.739090564652545745e-01
2.616623578990747157e-01
2.494189420642100308e-01
2.854416739184492680e-01
8.214549759941891516e-02
2.929532489808908124e-01
2.753376392201591361e-01
2.331534859908772350e-01
3.347867666461267766e-01
3.689236813391712499e-01
1.362347474527038360e-01
1.776002036884899160e-01
3.769489847695518536e-01
1.659449132234816215e-01
2.449349080310095350e-01
3.087715618393748751e-01
3.645843825625065260e-01
2.475408368431595285e-01
3.829066546149149652e-01
3.396170793028607249e-01
3.133812831440466184e-01
2.925406246899480700e-01
2.129697962010226320e-01
1.687650382061520460e-01
2.470295278271046613e-01
3.308180812265611448e-01
3.117841178796965651e-01
7.993243922683573865e-02
2.265720517692733360e-01
2.325664767584239567e-01
3.620737300004507886e-01
3.369528287077361295e-01
3.524649005201663798e-01
3.491745497958468336e-01
2.819699199909930787e-01
3.035542753963354490e-01
2.598886283721064117e-01
2.329580798615513704e-01
2.166296157992231297e-01
2.222970470319839686e-01
2.666057002004934007e-01
2.380565007787766030e-01
3.718956814722008675e-01
1.908909510441281210e-01
3.313634080443448870e-01
3.696078311925448112e-01
3.121728623723682983e-01
3.250928280397596404e-01
2.647730274187989896e-01
3.491855830308092656e-01
3.348400263252881426e-01
2.875547061639937008e-01
1.547835944727117830e-01
2.452329958122291542e-01
1.914002881736072970e-01
3.502444984216966373e-01
1.378744513933014837e-01
3.423102429977112338e-01
2.434896536219916252e-01
1.978437993593785693e-01
2.439228906335356162e-01
3.796021968429574289e-01
1.581708579026543937e-01
2.754276087753054769e-01
2.462666459559252341e-01
2.962245526037881604e-01
3.287101709194685806e-01
1.534300585450031340e-01
2.337823598159864680e-01
3.319258564609720019e-01
3.815026006005245995e-01
2.713856245697500169e-01
2.835064886146755336e-01
3.313192815012683812e-01
2.841145604409794356e-01
2.363373262024202615e-01
2.995442804443403384e-01
3.287809498433448274e-01
1.142526694401495430e-01
1.989074813553380061e-01
2.459055027854389897e-01
3.556700701432513601e-01
3.785876560555950787e-01
3.791190580750569139e-01
2.532591763199518731e-01
3.651183686743559864e-01
3.450664362629000115e-01
2.577791601893715256e-01
2.412232191110582624e-01
3.831223014364081303e-01
3.731556979234612048e-01
3.657437686890300799e-01
1.516280165323883322e-01
3.660365918702561672e-01
2.659190093303252511e-01
1.775566977211620046e-01
5.169155821240692394e-02
3.100497676970725425e-01
3.232878293585031426e-01
3.097035532565033944e-01
3.686116932978545924e-01
1.231840444373298871e-01
3.090751737695690560e-01
3.506260970767678398e-01
2.161220414194496287e-01
3.770889264956107656e-01
3.156219303102263396e-01
3.832380797437766606e-01
2.876255168830202380e-01
1.601440107616919351e-01
3.680209334528701803e-01
1.058308226295326809e-01
3.343536350671106883e-01
2.057361923959332151e-01
3.753986475719539584e-01
2.049552264946023772e-01
3.029899487173910444e-01
3.238541968684306438e-01
3.440793308635077818e-01
3.744750917160367121e-01
2.927851674042581953e-01
3.815325532505826622e-01
1.642245748625368873e-01
2.015631808714029305e-01
3.437974019635233747e-01
3.593865592009222731e-01
1.500958805953133690e-01
3.069459876856999170e-01
3.703750382003155872e-01
2.202069691198571821e-01
3.108645491337153621e-01
1.721103648298116795e-01
3.223671397946923367e-01
3.307736617766023901e-01
2.578201266622454635e-01
1.850418464023788068e-01
3.388992899304932305e-01
3.668756704411761937e-01
3.263222739802358885e-01
2.672509279624553091e-01
3.357045365439060292e-01
3.745852667503273281e-01
2.808964720039818785e-01
2.188545458347096462e-01
2.318281055681858382e-01
4.863810734230260974e-02
3.152628235381125243e-01
2.845846828064121925e-01
3.100449642690037422e-01
1.963382486990192521e-01
2.712777432687533685e-01
3.254813528697058644e-01
3.126738506820413432e-01
2.146089737829307564e-01
3.700479184237060459e-01
2.957590363765910668e-01
3.119194205059831471e-01
3.666868523698539883e-01
3.263895972805300749e-01
2.691510341160324171e-01
3.127316860670631415e-01
3.112301132405358439e-01
1.354198769372607358e-01
3.317221467207299712e-01
1.188850319471763811e-01
3.101626677163238366e-01
3.815655181759298742e-01
3.705932061575548109e-01
2.896608261684252561e-01
3.762127557817727119e-01
3.601228958781527156e-01
2.161981041231464951e-01
1.631010689945460168e-01
3.124777511589056922e-01
2.386415202970963434e-01
3.238667374639689900e-01
3.254013474569550368e-01
3.372497685449126203e-01
2.809217601388364072e-01
2.920381467947216758e-01
2.172178950889445681e-01
3.014921154067285447e-01
2.648188908831036747e-01
2.384660267624548191e-01
3.388899739926101717e-01
1.858535156901966745e-01
3.761900501194893054e-01
3.638460790603103567e-01
3.458951738540571030e-01
3.019167093051948747e-01
2.592849380124861991e-01
3.703725087974147900e-01
2.653346279699020926e-01
1.415197008701941372e-01
2.605197042019791187e-01
3.707757872917554209e-01
2.756022203508805557e-01
3.666091643228165387e-01
3.715202951045233348e-01
9.606256985726543962e-02
2.822537413916031412e-01
3.392725155578136809e-01
3.259410092762991540e-01
2.739606712074021955e-01
2.967610309548138203e-01
2.978199174760335355e-01
2.289346887696515065e-01
2.102058618650180233e-01
3.480737941845316041e-01
3.444484954808954558e-01
3.575091377116505487e-01
3.471056706929698810e-01
3.823728704660098732e-01
2.291501198848295284e-01
2.435162121888458653e-01
3.592615911233636439e-01
3.470134575898562446e-01
2.710312108404847597e-01
3.663093009497448982e-01
3.744424698280661157e-01
2.791579704021403541e-01
2.875269806637762438e-01
2.523863057148721389e-01
1.116917191366044032e-01
2.992366916946837541e-01
3.216914785900462093e-01
3.442109650091084161e-01
2.862451208818651560e-01
3.002283932256487597e-01
3.749029632878048690e-01
3.158384578286369537e-01
3.336237063704566297e-01
3.709554728948897262e-01
3.241761415037858196e-01
3.458857094462038373e-01
3.836080283460489015e-01
9.510699487913107375e-02
2.172625542727105175e-01
2.702816783326369432e-01
3.046217196733820298e-01
3.615286161104084850e-01
3.607400046234576219e-01
3.726857158824286032e-01
3.762990198294725586e-01
3.617838114044377718e-01
3.072930105333863127e-01
2.965067820267572873e-01
2.924459913214745299e-01
3.460857271925855683e-01
3.000390947881295678e-01
3.145201931620787983e-01
2.591218949818888673e-01
1.433598166184112399e-01
3.338589240129554714e-01
2.726261727456789075e-01
3.694194527521381666e-01
2.622478152845731936e-01
3.656957506159214666e-01
3.780835935342775622e-01
2.315015349548253387e-01
1.539819626721198598e-01
3.346707475021230005e-01
1.492203596536262888e-01
2.766544089051433120e-01
3.823707632450968896e-01
3.099567684180200566e-01
3.523388636895148918e-01
3.814129074983718115e-01
2.069847633690635180e-01
3.142524687368544734e-01
3.596004649698251732e-01
3.473052155582990186e-01
2.373298551042565541e-01
1.354361420902459034e-01
3.833196726225530093e-01
3.242147351270642242e-01
3.361204841198539017e-01
3.770112765687450018e-01
3.381927162080564653e-01
2.809264600714231341e-01
2.115712042274652815e-01
2.950250561358325752e-01
3.408576751416242390e-01
1.554198787611210941e-01
3.802105401243149885e-01
3.509238052660393348e-01
5.599847512914719189e-02
2.685093735730203490e-01
3.816085190293855289e-01
1.751380720176060335e-01
3.021334480594869976e-01
1.357054959315363296e-01
3.443247353674396827e-01
1.979584313852887079e-01
3.718543383585704576e-01
3.120390937588738978e-01
1.956745498977271180e-01
8.276653651278285950e-02
3.458459295959495639e-01
3.688684908863903988e-01
2.503365487115908339e-01
3.328374598426373510e-01
3.702903136245302429e-01
2.862184281424609567e-01
2.613776391137289101e-01
2.407962975366106928e-01
2.688989925034763750e-01
1.853883385769490855e-01
3.701280631818341660e-01
2.535091502519747353e-01
2.479973108386424874e-01
3.691434120908513861e-01
3.342780650056454417e-01
3.606233379874551614e-01
3.730327590590667985e-01
2.998479697849062986e-01
3.652524525909071063e-01
3.799525870199916278e-01
3.757901893525630310e-01
3.666952745452472517e-01
3.368006416172845130e-01
3.623524095948954526e-01
3.170931601314289638e-01
2.825565159843657637e-01
3.270657429246184300e-01
3.565781472550779152e-01
2.035276657062506378e-01
3.832281196925572120e-01
2.191856372269239683e-01
3.715837525062104518e-01
3.468129497076692935e-01
9.437876163743827429e-02
1.195165830741257984e-01
2.009499864964048865e-01
2.157995547203628017e-01
2.480170598248116476e-01
2.520414936599367772e-01
2.663311374544384824e-01
2.865533280705183095e-01
3.395222341107346220e-01
3.194665233765922596e-01
3.668383693616269481e-01
9.883602344870812129e-02
2.471300102193744463e-01
2.960907861558624288e-01
2.909784281512965420e-01
1.233168210153857969e-01
2.859514961101140007e-01
2.740569962886296174e-01
1.021234351944777935e-01
2.518026404184267597e-01
3.397360438571103147e-01
3.005342710266594164e-01
1.615579941510876250e-01
1.612949294462193706e-01
3.705302521089043344e-01
8.299639897273064504e-02
3.184512149368859957e-01
2.343278427069333536e-01
2.497996638479060838e-01
3.421736270049319240e-01
1.580629167904211152e-01
3.841383266046475287e-01
3.531699470880097502e-01
2.264109930143862470e-01
3.384046719018421467e-01
3.464062979080596572e-01
3.706614686211956444e-01
2.582712919210795044e-01
1.797974627211266496e-01
3.780903707061154528e-01
3.682933512626526684e-01
3.444055852485455871e-01
3.533992465386374127e-01
3.509155473088856336e-01
3.486806935610974323e-01
2.869850885861456868e-01
2.937708140498279663e-01
2.625106785400111997e-01
3.192675769456824186e-01
2.612070954279740453e-01
2.649802328174297728e-01
3.803921103185623487e-01
1.706335285151617254e-01
2.655504328750902809e-01
1.523169404062991172e-01
3.760080337295661490e-01
2.965656161237535393e-01
2.011967385663053498e-01
3.454821250562452040e-01
1.341546787901980176e-01
3.514940971853671159e-01
3.445112092243242108e-01
3.328608700978252788e-01
2.929584389983341808e-01
3.716054162908062897e-01
6.729836136460619345e-02
3.742973866761162283e-01
3.664855689016809359e-01
3.288619719706831201e-01
3.775399014014184651e-01
3.444338868490864902e-01
1.805760611700190643e-01
2.421105695151352100e-01
3.350018310575882952e-01
1.384142804904961999e-01
1.490849440039795082e-01
3.427852424585434710e-01
3.763235964068056272e-01
3.239634220943940490e-01
2.037337090753640056e-01
3.268524948554201726e-01
2.996054727003081286e-01
3.202088202988081500e-01
3.382191234626602538e-01
1.858370967336181734e-01
3.604897315870212449e-01
2.344735144684559069e-01
2.594467355962526423e-01
3.670006860759262857e-01
3.243084995993466002e-01
2.878276927216965042e-01
1.589518968907879526e-01
1.704688884569027785e-01
1.955254704898742590e-01
1.460068070850160105e-01
2.601469734630765251e-01
1.198557293339058971e-01
3.705749835354490984e-01
3.061960587988560301e-01
2.272377624035295807e-01
2.668626287823802068e-01
3.258837810285442615e-01
3.645833622605853530e-01
3.663949222319000110e-01
2.714147853402445465e-01
3.474673317626767455e-01
3.745982631492312254e-01
3.320690267212562663e-01
3.197469216736385511e-01
2.633461631669396508e-01
3.486334296543753819e-01
2.341678567616923279e-01
2.605200564827436782e-01
1.618816742515792051e-01
2.488049635812371596e-01
1.488275192552576398e-01
2.903693388156000643e-01
2.240857780587682258e-01
3.642467030043575749e-01
2.944492080415230806e-01
3.639861399084929894e-01
3.389732156339394509e-01
2.956174146487483001e-01
2.896312691174837139e-01
2.125763921184051775e-01
2.883320186858869261e-01
3.146849150420235053e-01
1.687325812969483474e-01
3.818750400274827927e-01
1.009857454149036132e-01
2.196490546706975078e-01
2.990733158077812370e-01
3.067335842058857565e-01
1.318754382693461125e-01
1.831137427882237600e-01
2.981820038231912662e-01
3.842682835726839996e-01
2.590281156396709861e-01
3.127434516685814736e-01
1.391337472111036089e-01
3.082753155342406459e-01
3.566303588459762142e-01
2.934205975262463850e-01
2.898732638834192743e-01
3.417671255282959675e-01
2.947993532326920740e-01
3.067399304960681250e-01
3.536413028928482860e-01
3.670636654192269144e-01
3.236853833268130143e-01
3.489682721810384303e-01
2.112153938427897282e-01
3.287275329218599107e-01
3.343116985149331977e-01
2.462213702415635419e-01
2.969605527263499689e-01
3.325910560743973177e-01
2.608619591866253029e-01
3.403537232933904200e-01
2.324973797252682106e-01
2.415810651543189025e-01
2.699374005960517020e-01
2.180520611280485910e-01
1.166898011316261086e-01
2.955941006346241018e-01
3.778532295917779171e-01
2.970653553774392219e-01
3.702513655425913597e-01
3.720326407663097634e-01
3.551990503587852954e-01
1.564962526134057452e-01
3.610095891757520992e-01
1.747160541192611383e-01
3.047027049268388188e-01
3.543893898306325618e-01
2.600962987197581455e-01
3.772929939728156823e-01
2.873739954070811953e-01
2.413729960007165443e-01
2.102018618073110412e-01
3.839916894041826012e-01
2.624365004796766487e-01
3.433594069913200597e-01
2.707075877181455703e-01
3.761562806893588018e-01
1.573517902369265808e-01
2.771219394749038223e-01
2.414918473859923864e-01
2.953979290946791014e-01
3.807112872698298900e-01
3.084447119566657847e-01
2.138893759367642977e-01
3.618820080862601429e-01
2.520681867745482863e-01
2.136225428946150751e-01
3.050931854458011627e-01
3.133890222819794569e-01
2.005250371952773669e-01
1.786562700254303304e-01
3.773743084332498166e-01
1.340888306035009081e-01
3.636030494248514988e-01
3.788259775337046165e-01
2.641279625939025322e-01
1.332696601638646838e-01
3.601874794423948756e-01
1.749820664483022481e-01
2.999436454515468364e-01
3.628297022507287473e-01
2.748538236274555846e-01
3.122259364111018565e-01
1.370973256923746220e-01
3.078789964710519356e-01
2.140176745110726753e-01
3.705355514791963123e-01
3.315919196822681436e-01
2.028353263526795347e-01
3.488890349882002306e-01
1.401358448763208031e-01
2.983634884583152291e-01
3.800749551530759884e-01
1.715048706879787888e-01
3.058609490779837237e-01
2.584238652282910276e-01
2.930404933457440020e-01
2.230140891868317155e-01
6.837592063245488683e-02
1.952493834678249718e-01
3.451966147655547434e-01
3.117394059786910421e-01
9.729833826830115717e-02
2.556175861327229515e-01
2.747692758823957471e-01
1.851328639097251094e-01
3.673928650590372325e-01
3.642992203313335509e-01
3.515921420869765890e-01
3.160570705836133754e-01
3.567845697490246160e-01
2.724275448460343751e-01
1.950035530331571676e-01
2.625090131915436276e-01
3.238556405617594725e-01
3.650478859212700211e-01
3.405453513089239936e-01
3.771309678758268946e-01
3.056173460553742727e-01
3.087574803077932639e-01
3.457014121415792340e-01
3.191490983772083401e-01
3.262589444705871755e-01
3.787409920453410628e-01
2.123328621101941982e-01
3.337275302866422599e-01
2.459725234506506819e-01
3.346923599883944722e-01
3.116518082633457642e-01
2.453892332556838474e-01
1.353869772839150776e-01
3.707489072559783105e-01
1.710980376226652888e-01
2.596952588930047656e-01
3.466914385560584400e-01
2.435470320772296082e-01
3.738997887068780113e-01
2.872440651367401676e-01
2.709964021428852288e-01
3.003513338605897087e-01
2.677665695140948321e-01
3.207585840522928500e-01
1.589631698467674770e-01
3.316702982531417043e-01
3.563733473616279568e-01
2.107230663295969475e-01
2.286443393988181749e-01
3.423578536023339502e-01
2.918580956700878026e-01
3.601103414270409586e-01
3.131719930744626401e-01
2.230616002324261327e-01
9.615365520021922074e-02
2.280344164954195008e-01
1.803892905376227873e-01
3.351530203584801582e-01
3.776125604697175286e-01
2.172241202803228133e-01
3.325143765067268831e-01
3.750172517494977931e-01
2.678323388745161293e-01
1.427606575038362358e-01
3.738185646163392217e-01
3.422321097029831227e-01
3.735749864175613721e-01
1.830440286235294201e-01
2.751667383240185560e-01
3.736368825539466143e-01
1.797316345513038094e-01
2.962160491455420042e-01
3.681747087620666492e-01
2.356428650702013239e-01
1.427295863225248040e-01
3.138317460875405529e-01
2.609256867415095105e-01
3.091188234923710199e-01
3.727450291240665403e-01
2.571377784729017568e-01
3.679275665675404983e-01
3.579067276852873070e-01
3.420869231663654642e-01
3.224622097757472439e-01
3.807495168355071735e-01
3.233067402805528956e-01
2.747584565850763605e-01
3.505094481479222313e-01
3.564135987117228455e-01
2.872529083437724839e-01
3.354938705588123571e-01
3.802169022714711466e-01
3.778495710004557973e-01
2.015807577456630306e-01
2.701023076326219963e-01
2.773611456066923941e-01
2.073947563211550882e-01
3.594199485243534942e-01
3.016138129834147197e-01
3.051491973885318565e-01
1.624002429052878171e-01
3.180344625725718410e-01
3.010767848947008551e-01
3.758922047893101248e-01
3.141395440965042973e-01
2.033994937134744607e-01
2.758346944773606979e-01
3.065308925082802505e-01
2.657670549214350419e-01
3.647808843491308628e-01
3.220622111562349010e-01
3.314531398855344868e-01
3.672034259472036766e-01
2.339089098152310475e-01
3.079395801073220307e-01
1.912132205590801604e-01
3.497964225586815967e-01
3.120875305445660608e-01
3.829117171420324262e-01
3.006294206281119319e-01
3.304599004967459508e-01
1.968280322663638893e-01
2.751940970064453151e-01
2.666640928038630509e-01
2.488029739992772271e-01
3.686592876104696770e-01
2.345234490178446374e-01
3.199737714879241079e-01
3.432694978658105134e-01
3.454495337407065825e-01
2.806964445052648749e-01
2.166918164410326086e-01
2.231403145729553561e-01
3.826153089254678008e-01
2.233125860333615154e-01
1.966759218727207048e-01
2.716378190912712709e-01
2.327426553529292896e-01
1.026805698374803760e-01
3.758503204243353601e-01
3.667419647556248719e-01
1.780015221195295483e-01
2.873589830239856591e-01
3.723510718945166054e-01
3.648977087814833653e-01
3.774564839987222808e-01
2.241192460344026138e-01
1.426833978331102648e-01
3.793911333046349199e-01
2.013318628662159326e-01
3.482402735549630091e-01
3.657104642508683945e-01
2.222259467819042711e-01
1.975812424054338989e-01
2.174783247624566540e-01
2.548063235837509932e-01
2.285791804199529820e-01
3.682321072699704656e-01
3.336436506802864521e-01
3.131595320733320253e-01
3.542473476751817896e-01
3.540198446828997092e-01
2.834660320886738250e-01
3.359771831168743006e-01
3.351352476542300285e-01
2.686032783194503559e-01
3.669385711019610974e-01
3.080978328699711666e-01
3.363896800753209404e-01
3.613634672555412486e-01
3.075810450382911454e-01
2.810819640545983433e-01
3.731203658734182915e-01
2.642514976681038519e-01
1.474521217195090550e-01
3.690737076612873313e-01
3.567423807586060369e-01
1.894612152982449449e-01
2.574569618095865486e-01
2.010141102577186201e-01
1.158368462186755987e-01
3.815050624293039871e-01
3.493768127970934279e-01
3.831540486725732997e-01
2.617056456102753170e-01
3.573834898416454742e-01
9.702747083052436217e-02
1.859566154014183348e-01
3.810271195310777625e-01
3.488657890051720112e-01
2.540731671450480178e-01
1.754518254034986291e-01
1.966077350530260337e-01
3.163196921658495975e-01
3.594757583334207696e-01
2.580455259560148207e-01
3.672401980228168772e-01
2.819390370135566593e-01
3.539615106028855540e-01
3.738322290247517721e-01
3.025925916232697910e-01
3.629981976758626661e-01
3.236605004299180632e-01
2.090299851266028131e-01
3.185460217305210451e-01
3.547661372636335964e-01
2.754102034973203716e-01
2.396547242443748116e-01
1.653206338081293914e-01
2.628281653316539290e-01
2.890057513417840784e-01
3.671124727237415897e-01
5.344495062029498006e-02
3.047564614780219339e-01
1.467143376258102927e-01
9.545580975306885985e-02
3.211393773624406367e-01
3.687238783519145580e-01
7.135607528216053597e-02
3.835014450211314263e-01
2.543925245315831751e-01
2.001329607392963728e-01
2.179091853772526233e-01
3.346565012021972541e-01
2.680713648532657145e-01
2.948028803542586118e-01
2.700515359651669556e-01
1.942523978560652398e-01
3.123046136367189085e-01
2.040621232051830491e-01
3.528721458609382355e-01
3.571366738329550539e-01
2.404548703411006350e-01
3.439251100082584833e-01
3.797196792406280497e-01
3.769505993023414825e-01
9.560218415677315673e-02
2.525533761238993868e-01
1.732602961523295182e-01
3.708459011424674601e-01
2.624526447824879205e-01
2.902736323334397239e-01
3.784039129282525393e-01
3.750586108814174535e-01
2.801019338746494336e-01
2.891954391962536786e-01
3.782706690556442153e-01
1.831757913266057192e-01
2.428812071441054377e-01
3.425665160315971014e-01
2.037731245586655582e-01
3.803256360208399078e-01
2.888720244749609645e-01
3.046317534662750792e-01
1.684718642966512858e-01
2.887247713941058502e-01
3.500669689424490416e-01
2.955675314600733072e-01
2.582953999304498649e-01
3.564892708553792366e-01
2.694974819904315533e-01
3.041695613970768486e-01
3.415869102267241608e-01
1.498475013796376210e-01
1.262552851942570220e-01
2.321535712265492268e-01
3.756114389160105649e-01
2.888173303530138236e-01
1.889418228468587868e-01
1.786502135702347227e-01
3.336345924307992927e-01
3.418117106164426655e-01
1.506595852219666520e-01
2.464844640263292030e-01
3.240146694582121123e-01
2.027218877187942081e-01
3.217611991266067784e-01
3.619576277684553034e-01
2.919887198294996988e-01
3.375829911972941799e-01
3.135164623751879320e-01
9.751412490340070904e-02
3.374871763421237736e-01
3.627835750776782220e-01
2.118079755809224862e-01
2.238860810520010847e-01
1.692277447466430107e-01
1.039107190052526164e-01
3.662099432634077778e-01
3.526985897688126315e-01
3.540643721936163058e-01
3.744988674312918486e-01
2.993950994647079367e-01
2.452295973547325703e-01
3.782508399166628621e-01
3.285539305088843731e-01
3.366547661356086296e-01
3.076980565634330755e-01
2.958206366133748211e-01
1.836102725905154609e-01
3.308830952128432035e-01
1.990543272045542100e-01
2.098522134810976714e-01
2.309782175417940675e-01
2.150381659573070148e-01
3.667841660291940586e-01
1.451363795755509500e-01
3.176195458978753883e-01
3.241619468134517290e-01
2.110288067600656903e-01
3.758717569762430877e-01
3.025447975370869624e-01
3.602899793047066312e-01
2.734850623605178943e-01
3.762246657995669818e-01
3.289481717934287786e-01
3.733105764590765041e-01
1.204763639782129858e-01
2.801292084013788930e-01
3.726634613740777424e-01
1.683754721430748558e-01
3.823738091094962543e-01
3.533239509382017918e-01
1.588914358867779542e-01
3.147139030511517110e-01
2.694561897765848091e-01
3.401193519652231378e-01
2.973436214926032939e-01
9.477393406816649046e-02
3.730964613065000379e-01
1.418500955491650006e-01
2.020593371770811331e-01
2.861672920819393617e-01
2.971350175417556416e-01
1.646223564831142960e-01
2.409521988645280111e-01
3.481175324337262844e-01
3.491645294088444595e-01
1.922226226670791516e-01
3.231800697599642169e-01
3.469121300835718014e-01
3.271044649691868256e-01
3.405070010591844110e-01
3.752277259154709887e-01
3.250067348877442863e-01
3.608347063093577112e-01
2.879459573913272230e-01
3.517965610788105768e-01
3.477006932031233566e-01
2.646223481873778982e-01
3.782285884246184282e-01
2.777514073485652379e-01
1.752285218749638773e-01
3.844759387025665776e-01
2.565175685744826017e-01
3.379034397542093338e-01
2.555006285829534152e-01
3.262379034633517416e-01
3.174010295820879346e-01
3.414517019960675026e-01
3.197957678168074080e-01
2.240528615126210488e-01
3.691976557428202632e-01
2.267209920706453885e-01
2.762884824482852997e-01
3.345657122042896003e-01
3.392595151013389487e-01
3.586914866734821628e-01
2.056595305442810995e-01
3.239576004027451273e-01
1.078829715485763036e-01
3.087890729140363444e-01
3.159134501324056266e-01
1.113120097947998821e-01
3.739270726206636031e-01
2.821128385036479336e-01
2.683825410710258819e-01
1.009570546180094119e-01
3.466158515031042553e-01
2.121769757060102957e-01
2.953360057155980378e-01
3.375679556911226897e-01
3.025962244014139269e-01
1.124390983712772046e-01
2.623603470896329615e-01
1.903879788311471921e-01
2.652076518186561871e-01
3.681240956407297316e-01
2.116621173871720551e-01
3.470635532461860961e-01
3.821979411711126651e-01
3.416401647675673114e-01
2.095628789223079047e-01
2.587683457632429795e-01
3.203494200025923666e-01
1.450461632190727379e-01
2.819936797109838245e-01
1.791374524751357111e-01
3.385466797934753025e-01
1.404443532762188473e-01
3.056836573012269853e-01
7.383374364960906822e-02
3.741942299665620419e-01
1.708191083411760847e-01
3.662874857783058880e-01
2.548952079661718773e-01
2.358225914294292402e-01
3.817784884575758930e-01
3.372190215621546083e-01
3.764354070162226895e-01
1.595162569984840961e-01
3.590972377414802796e-01
2.386592786423665513e-01
2.961149224851646333e-01
3.752259255627276580e-01
2.695966755134854287e-01
2.977437231576564036e-01
2.210943482780993452e-01
3.365072141364174318e-01
2.614878230455380259e-01
2.544438227740073444e-01
2.557077040223302289e-01
3.700722314002227731e-01
1.719801684053133273e-01
3.332010610357754588e-01
