1.165823276416981802e+00
2.805914854536692093e+00
5.690010010442193567e-01
5.100721158964313107e-01
2.289307955658354210e+00
2.487910013906582840e+00
2.180827185551349245e+00
1.885819157607961705e+00
2.109231952259593257e+00
1.936383580681704464e+00
7.525742034390564550e-01
2.762374237341835848e+00
2.631179143697601752e+00
2.479571618170592018e+00
6.548138484831251827e-01
4.595976569018500046e-01
2.009294960269450314e+00
1.624374889990728654e+00
2.567740024880811767e+00
1.352169454141925575e+00
2.664052040195887816e+00
2.587709003059631030e+00
2.386535594965365714e+00
5.603477575409765432e-01
1.726705536066001301e+00
2.740897743645859919e+00
2.522459879494255652e+00
7.829537845499727755e-01
1.832302099376166726e+00
1.485317245061660962e+00
9.874670397463775062e-01
2.685634589376628245e+00
1.048632924586166526e+00
2.214847929184712072e+00
2.128213329077929483e+00
1.249938887170329416e+00
2.245299795098939732e+00
1.025001921226066814e+00
2.166518118026728779e+00
2.394930609185660142e+00
2.434026760899519637e+00
9.220792657635707990e-01
2.712216393178361162e+00
2.080405174437762739e+00
1.719309595000012347e+00
1.939171123424758170e+00
2.699485908370138798e+00
8.675643853180535769e-01
6.906793218816986712e-01
2.242468594893526568e+00
4.606258749309080081e-01
1.245703621221716739e+00
3.861956081165319743e-01
1.478525855022510216e+00
1.819112419936467662e+00
1.233178904048963132e+00
2.471044224562334524e+00
2.318388397965721381e+00
4.783179359276805154e-01
2.765563155139332263e+00
1.165711625362202852e+00
2.834408065127584031e+00
1.790248410062886819e+00
1.697780341385319414e+00
2.136239309300305589e+00
1.512535240166550610e+00
1.623128352221040904e+00
1.969630702937571032e+00
1.899487687223364585e+00
2.139588489576564001e+00
2.764472216495311496e+00
5.057831195282368464e-01
2.069347814039220967e+00
1.320115677470311999e+00
2.037799062958425278e+00
2.096484013130083923e+00
6.368062775920170226e-01
2.792556794635807194e+00
2.342895016267808828e+00
1.535285329945344390e+00
1.178461889353946024e+00
1.895959030290204517e+00
1.745720251104259990e+00
2.470483588093166816e+00
2.592208126860168882e+00
2.188231975008787966e+00
1.221541586818285952e+00
1.524853414641352156e+00
1.517717717922719700e+00
2.489560500683895228e+00
2.459154300195682374e+00
2.122337901068895860e+00
8.192687002801475327e-01
1.024530444155178577e+00
1.777832700268510813e+00
1.867307793496404855e+00
8.306533048787191342e-01
2.301022506983546378e+00
2.194343508029250600e+00
2.321213114853601933e+00
2.273873502195442597e+00
2.758903932410240234e+00
2.075029279863704446e+00
6.621117661450929281e-01
1.337047350936303225e+00
1.768897723714761172e+00
2.371083493808524345e+00
2.613002288314827837e+00
5.383502237883615038e-01
1.804364314574545602e+00
2.140537592020601565e+00
2.757710194272922521e+00
2.009582694900528210e+00
2.145860329899266450e+00
1.330250913939802659e+00
1.409554788258461144e+00
2.648632730884709297e+00
2.518497909126431455e+00
1.621135064241330470e+00
1.421012345748570826e+00
2.601155251310442118e+00
9.440689114527256454e-01
1.428896204679534154e+00
7.268767484996609962e-01
1.784623168043014019e+00
9.738671381033487950e-01
1.971720782447715870e+00
2.508027507418787216e+00
2.105613180341165958e+00
1.799839060609792041e+00
2.252163900779150296e+00
4.121193631959775838e-01
1.124655949282067136e+00
2.481976385976602639e+00
1.906049492309945137e+00
1.420075021708735230e+00
1.012333683566324805e+00
1.202882452809264091e+00
2.761861475670238431e+00
2.624683475849019398e+00
2.400905580202358447e+00
1.221008552485443266e+00
2.043651825246569853e+00
1.963351462980114759e+00
1.998396759410297818e+00
1.903190777080801643e+00
1.715386519225707840e+00
2.426442445534530368e+00
2.368294587984007826e+00
2.802612760058443619e+00
1.435617679452371176e+00
2.664077193885918682e+00
2.048948081925771270e+00
2.745772262173015843e+00
2.630174224741175237e+00
2.664780549644267360e+00
1.337069244348940478e+00
2.632091216494001351e+00
2.368364181233311161e+00
2.000693010219547041e+00
2.183783170861529399e+00
2.117882316393817188e+00
1.263656946702775619e+00
2.828895721767421545e+00
1.796101845260281937e+00
2.836817935714086136e+00
1.657054538812419597e+00
1.032250595553543482e+00
1.815040932087413461e+00
2.699644390333586497e+00
9.765159032113142068e-01
1.468560791860176185e+00
1.684668668550189041e+00
1.540055512698590201e+00
7.943683704860818873e-01
5.253069873167268700e-01
2.268185631627957388e+00
1.860602242497051417e+00
1.696580553704170491e+00
1.494411682396520114e+00
1.139507357462578474e+00
2.557626056070466447e+00
2.713107689797096711e+00
2.477674412655801461e+00
2.557210561776709579e+00
1.744658818392219590e+00
8.145117034708601045e-01
1.219295519777507497e+00
2.603823210257431242e+00
7.142874393735106908e-01
2.273494937676385330e+00
2.021034536816910254e+00
2.046015180070802852e+00
2.422522561275180841e+00
1.603055428526446002e+00
2.275522745015699400e+00
2.047180655597263144e+00
1.096586475223544799e+00
2.318593862061576694e+00
2.203151936996997406e+00
8.265744317876301261e-01
1.158187547863459788e+00
2.432770383499057054e+00
9.956831128392081842e-01
1.979644602063569625e+00
7.175494223699728780e-01
2.452408171222947075e+00
1.463476119739748560e+00
2.331761935164367028e+00
2.672844454448394913e+00
2.214391065549582205e+00
2.492835615863224330e+00
2.512588382534580056e+00
1.615398357983366173e+00
2.328736575346936899e+00
2.825675453490678279e+00
1.152275083486208773e+00
1.448890390298992470e+00
9.864017858191052035e-01
1.925646259607042277e+00
1.113649172825735834e+00
2.453926218051371677e+00
1.988777477544570571e+00
1.801654512449434531e+00
1.765610545159568501e+00
1.900880397415420475e+00
2.485497651223104398e+00
6.222655952389161138e-01
2.664985797654089161e+00
2.613894128357459046e+00
1.356663338883389747e+00
1.357902465186143992e+00
1.888058605768394127e+00
1.501536029342110279e+00
1.282181854132034449e+00
1.699765437060942963e+00
1.966227362151804714e+00
7.703129599822189366e-01
1.135965660091235785e+00
7.546662909278851750e-01
2.768700860145866471e+00
1.963305840361357912e+00
1.179559627001259159e+00
2.738284101117351543e+00
7.361023776293017518e-01
2.513755246297133539e+00
2.223745241804579553e+00
2.196610082447272738e+00
5.779607580001047129e-01
1.634589322586494919e+00
1.353815166740589770e+00
2.829399654572703593e+00
2.755924554507123592e+00
2.569226324708298481e+00
2.059778978846203756e+00
9.981462382712261716e-01
1.830473312390501262e+00
2.095564083203891759e+00
2.554379674447909920e+00
2.021616448235578734e+00
1.237963349152362724e+00
2.299730516542553449e+00
2.115745814896795807e+00
1.175301215530911936e+00
2.094138132385036766e+00
1.235417906339574490e+00
9.477572900339220618e-01
1.760802151164382323e+00
2.378740727310048264e+00
2.749366022111253471e+00
2.223523282224654896e+00
1.526801378694507161e+00
2.810201872196264272e+00
2.221373187651951575e+00
6.252048295589449634e-01
2.146519087448997887e+00
2.013356300271043064e+00
1.798476571595696072e+00
2.107991584242643768e+00
1.548879496279272017e+00
2.799940201815696916e+00
1.789213759510368318e+00
1.041957101267033003e+00
2.684488241671231457e+00
2.238823234929198325e+00
2.377865228348216842e-01
1.659814664371487947e+00
1.005687603102962235e+00
7.590184552667564866e-01
1.873748769940885239e+00
2.089286772951690629e+00
2.453919470139067638e+00
9.073256305076198291e-01
8.647432866627650094e-01
1.684450007844411124e+00
2.198582486946933923e+00
2.611229361276842909e+00
1.767727160600646386e+00
2.210038236439163750e+00
1.756771981353870027e+00
2.700791284894391353e+00
2.495838445997985211e+00
2.081808781382746609e+00
1.440193662454366974e+00
8.645415414037445068e-01
1.514425248058855367e+00
1.237472468006147741e+00
2.797247591458693172e+00
2.445068677424406367e+00
1.789490446068827678e+00
1.470741560276930260e+00
1.322396833060901500e+00
1.228664751812382772e+00
2.837398127129006742e+00
1.355195711324036933e+00
1.298674898293260327e+00
2.660344274268917175e+00
4.631113008845785806e-01
1.321185178697004581e+00
1.602468622314092483e+00
2.730919784957195340e+00
2.029001124546364832e+00
1.455702418053739677e+00
2.806903726622355322e+00
1.681995149114458243e+00
1.437172062129770111e+00
1.069733918882018076e+00
2.706599011136957778e+00
2.716855750912162915e+00
1.958863909762374345e+00
1.177685398582353438e+00
5.364553530385315350e-01
1.506846010682034276e+00
2.038718547958986882e+00
2.768791692838423302e+00
1.220335470286358026e+00
7.303362390030584406e-01
2.416064070957115284e+00
2.449128186758016135e+00
2.509157966466717404e+00
1.080204425908244836e+00
2.690740335990117860e+00
1.979713051647260080e+00
1.134394290648975456e+00
1.820902762874009317e+00
1.522196085893865014e+00
1.865112641165870944e+00
1.997936617805626813e+00
1.468782998193682188e+00
1.550601065116048449e+00
2.410361088059921553e+00
4.826672314582567402e-01
7.692655244083111965e-01
2.112016177392253002e+00
2.447534908324679570e+00
1.640928455501041716e+00
1.602238615131080124e+00
2.739798335658277129e+00
1.074606655707537106e+00
1.986914755924782172e+00
9.870214369907818197e-01
1.546535335282221313e+00
2.337475144617797707e+00
1.623799040251128867e+00
8.658958008149798546e-01
1.092615476148484088e+00
2.320094909312726550e+00
1.263461507673384165e+00
2.012997055611271069e+00
1.588909880607412450e+00
8.732935614240500133e-01
2.108812846600655266e+00
2.127150689221291024e+00
2.639974781998573938e+00
2.728855695999406361e+00
2.721259403486972150e+00
1.109773152640691318e+00
2.395641173050982342e+00
2.305569206717296371e+00
2.079306671455945832e+00
1.323525810044125173e+00
1.152503408161694942e+00
2.283918942038007049e+00
2.483055493346317366e+00
1.927186604783682533e+00
1.079345834501290513e+00
2.543563383481929563e+00
1.648362638703390282e+00
2.453185947291064650e+00
9.223414971733236989e-01
2.293237705704920248e+00
1.772589890371479626e+00
1.810908022209000379e+00
1.101021363734945524e+00
1.736734531972305318e+00
9.584769537852722010e-01
2.705634240771977339e+00
2.456626066801168573e+00
1.854024885828864377e+00
1.515417378802653703e+00
9.184982398201225751e-01
2.522114763471458243e+00
1.275457884054787883e+00
2.489372947594386432e+00
7.038256451731788044e-01
2.727427345861248131e+00
1.826202404564632342e+00
2.571736821515314020e+00
1.237830244029282101e+00
1.391992423181064753e+00
1.872480683665152856e+00
1.971678800253978903e+00
1.112527898284515482e+00
1.478238580263187441e+00
1.145221602764867175e+00
1.826307784606216122e+00
7.728955149587741769e-01
1.482952168495193845e+00
2.829925811639239175e+00
6.000801620772490130e-01
1.256623671692519872e+00
2.094169091508168545e+00
1.743990798661434027e+00
9.738540593627393882e-01
1.416718224916250879e+00
3.004400935233181302e-01
1.197669232100265324e+00
1.777684984475400354e+00
2.071795429578575654e+00
2.562401844526925654e+00
2.230977345061214034e+00
2.168417772075351024e+00
2.619235410780155870e+00
1.407788117833660868e+00
1.983348213709467567e+00
2.213877614354150758e+00
1.873647251052998230e+00
2.118879335811117759e+00
2.437953108788466050e+00
1.345446266716172623e+00
2.826082920532495990e+00
1.919516195584276330e+00
2.798946037611260707e+00
2.626263923191295202e+00
1.828587099859141807e+00
2.604170158656319067e+00
2.174939405512437585e+00
1.519877785977384654e+00
2.560099020334496878e+00
9.219013235971248443e-01
1.900081264324962715e+00
1.118073158602815642e+00
2.360916178626947914e+00
1.748365924034965158e+00
5.223405338677226117e-01
2.554926323799989074e+00
1.179177278648211313e+00
1.039174251070664967e+00
1.020543217468951935e+00
8.932628957279549198e-01
7.515221650590900859e-01
1.819162590408956337e+00
2.339571518807405326e+00
2.277964546156070469e+00
2.195207654746432091e+00
2.387252094022513482e+00
2.376148434558737588e+00
5.447621304728385017e-01
4.704732551122087769e-01
1.601062214016389484e+00
2.560405440343212380e+00
2.143749481179263228e+00
2.563203384525513329e+00
2.630988873275216910e+00
6.440949347560249727e-01
1.241134331771305721e+00
1.645911096037222299e+00
2.157787152252854224e+00
1.022762681218568614e+00
1.704183043157670774e+00
7.126202914655821452e-01
1.503692783990586257e+00
1.887248999495336088e+00
1.908186867370537110e+00
1.594547390466605652e+00
1.181392592772450012e+00
2.259571178302565375e+00
1.889548309783348978e+00
1.082621998675837194e+00
2.906028415358096195e-01
2.501090102930902948e+00
1.260689596710790283e+00
2.492703650767940093e+00
2.392122288756073356e+00
1.506293273421071444e+00
2.081447739479317605e+00
2.563663981714912943e+00
9.693808547986693114e-01
1.533254165547551562e+00
2.436708693053633912e+00
9.157479354793541804e-01
2.024917037031777056e+00
3.943861236254705416e-01
2.590255350196876805e+00
1.817537588324088293e+00
9.968903999623252021e-01
9.554012515017021867e-01
1.223436643742279673e+00
1.694959251532562439e+00
2.725431033252444735e+00
1.235465382400918966e+00
6.675572384596843989e-01
2.488404347690930773e+00
2.576499949223290287e+00
2.213103321728677741e+00
5.868088876238045648e-01
1.316435437792397023e+00
1.596023020720356289e+00
2.464123353428563590e+00
1.158913286117512653e+00
1.992172166769865083e+00
1.218595194903299594e+00
1.854442639554774841e+00
6.799923118092284779e-01
1.215699659458354009e+00
1.339297756678657469e+00
1.594160477552257316e+00
1.744423076548943907e+00
1.542346268277461574e+00
1.222803411603208046e+00
1.226708937668700372e+00
2.762174637325798265e+00
2.331955850652369655e+00
2.326545371903613546e+00
2.283163786668363837e+00
1.771264692663747642e+00
1.798219701337353538e+00
2.186267778152217733e+00
2.460875067950243356e+00
2.032412060873516335e+00
2.175614059405935663e+00
1.669415957364716929e+00
1.466899921241582749e+00
4.592483856396358810e-01
1.499238914562859737e+00
1.131895384369793423e+00
4.978047918597697241e-01
1.333851792481036469e+00
1.477510841581138656e+00
2.579833070609594881e+00
2.601849672769304345e+00
1.136043209139034005e+00
8.113786958428811369e-01
1.907931672932223766e+00
1.967700889534386599e+00
2.712072009791410387e+00
1.511586050236684908e+00
2.379998462706961693e+00
2.841073471677406648e+00
1.276621081158501037e+00
2.399456776826805360e+00
2.672328975936545170e+00
2.303040937578118008e+00
1.092134176777319388e+00
1.623279044753464184e+00
8.639461606211663591e-01
2.016546274916402925e+00
2.463254608795291123e+00
1.378561420959251160e+00
3.477677334979574209e-01
1.667292474725252216e+00
2.735010839958115003e+00
1.241411665819953214e+00
2.033356060111734198e+00
1.004424932818162697e+00
1.689721160845457204e+00
2.459881132087015754e+00
2.088334474780790373e+00
2.463170133831555919e+00
1.689202493110856462e+00
2.574019024686732493e+00
1.914393850607899461e+00
1.103034039671969113e+00
2.427591942378300338e+00
1.186493380404290754e+00
1.468635071748961796e+00
2.689406440731160419e+00
1.713915337211525003e+00
1.521422176649666280e+00
1.898853548025063231e+00
1.051288044621719431e+00
5.705959986018539487e-01
1.379110845878043223e+00
7.436686971512027622e-01
2.267653331766410485e+00
1.428672081003285133e+00
1.088671750415354023e+00
8.257332581010521366e-01
1.872597283127403811e+00
2.717694624673284043e+00
1.269591461356234019e+00
4.117656905556125735e-01
2.608728206347233680e+00
1.720655336385080503e+00
2.827936653066516648e+00
1.098985842218080489e+00
2.731070463629051037e+00
2.161123746685268632e+00
2.452481059862068324e+00
2.711729223938617483e+00
1.218203185976654224e+00
1.433993321594222214e+00
2.318244507007950261e+00
1.656704557862965776e+00
2.335913269558877570e+00
2.693605236586258389e+00
1.898902491865666287e+00
6.161713373624001511e-01
2.688476576113836281e+00
1.300888412514779047e+00
2.540083314857712438e+00
1.464830579673721989e+00
2.169668864202856540e+00
2.233145496265910079e+00
8.093524592769245629e-01
2.308113103296964397e+00
1.476983944683732508e+00
1.257957324959482870e+00
1.940208007973011073e+00
2.772354954851960152e+00
9.312140728202256135e-01
2.628155928958277876e+00
2.056466448417414217e+00
1.599835249918515112e+00
2.712338123694097991e+00
2.650700855359104491e+00
1.424834903359833760e+00
1.082467859225647366e+00
2.189283215993412135e+00
1.727027283300492266e+00
2.419067025987564623e-01
2.326936509237871764e+00
2.549445853703941278e+00
8.533300312692138068e-01
1.345930011421778483e+00
9.029131929907833198e-01
7.555455100975290161e-01
1.977247613924732139e+00
7.247932085933214141e-01
2.614256991900075988e+00
2.192367757101944203e+00
1.682004528027762680e+00
1.721057114411792988e+00
2.556358073019004973e+00
1.832710298524696579e+00
1.227296353837125764e+00
2.715418151072257480e+00
2.425297053664544400e+00
2.345578211818584169e-01
2.135984485079828410e+00
1.797839568456991000e+00
2.138308544101512165e+00
2.735597670981345875e+00
9.147234591441474327e-01
2.788401676202506341e+00
1.035178547784417091e+00
2.620740281315465658e+00
2.819531542665961066e+00
7.782782668521057712e-01
2.103438710082427221e+00
2.257289014372137359e+00
2.102737019015557429e+00
2.151278917186581818e+00
1.845851445525376944e+00
1.331833578251889083e+00
2.667997207893767708e+00
2.679738587055390475e+00
1.770779926743262900e+00
2.325920988364407194e+00
1.930886672475512045e+00
1.188704927134237810e+00
1.962897813016669435e+00
1.316337313354771554e+00
2.745288174625253763e+00
5.048828053126945825e-01
2.209516033773700538e+00
1.231338478888729604e+00
1.575982944752660320e+00
8.392711364380808226e-01
2.818744493200948220e+00
8.768323492797753804e-01
2.658875365858326845e+00
2.160932685487347626e+00
2.089665935095038396e+00
1.533672951275867113e+00
2.219719265407293918e+00
2.451294230690140630e+00
1.285228022734744346e+00
2.431960713246274608e+00
1.987380555123201997e+00
1.320155320720917125e+00
2.682011938816581509e+00
9.313084559255973005e-01
1.324136426767710262e+00
2.349104131005595786e+00
1.702601455299283195e+00
1.178252319462954611e+00
1.757803304372900888e+00
2.073179898296161117e+00
1.322179733183523442e+00
1.122868832456709542e+00
2.619126272605248662e+00
1.723324190039491111e+00
1.528089583952507491e+00
2.791483298210601038e+00
1.935277306732207769e+00
2.201797876040135105e+00
3.689588179988034233e-01
1.478810284817936305e+00
1.016817454936304044e+00
1.592498049143975303e+00
1.493141036023642121e+00
1.050295325677877978e+00
2.830111055264483699e+00
2.466665525472196308e+00
9.997314633386940042e-01
8.733284163490017127e-01
8.174644538354971512e-01
1.122368549445271535e+00
1.990543860566177159e+00
1.222946456150103334e+00
8.721713274857985088e-01
1.298545951738181214e+00
2.718079574414704602e+00
8.780205920948287446e-01
7.527857401255877434e-01
1.171780525719102295e+00
1.089759436088395983e+00
2.445852292640946501e+00
1.949316554631596254e+00
1.932758908962561639e+00
7.550268179602245278e-01
9.567034738192012888e-01
1.402160934760158018e+00
2.484841860929382751e+00
1.341558911263992071e+00
2.514083665392126576e+00
1.455389973339280996e+00
1.115184211195088260e+00
2.132761870753416389e+00
1.412937758202057692e+00
1.103828568422449585e+00
2.137863738828438720e+00
8.226529075752873066e-01
8.742559584786133708e-01
1.655867275589397281e+00
1.020798673827942649e+00
2.574608770280923054e+00
2.159325375850359219e+00
2.401898915768614806e+00
1.108219456590576080e+00
1.910040035950517856e+00
9.837660176800253620e-01
2.315557127074608257e+00
1.919551663826846166e+00
2.595587066748313632e+00
1.661770275365789917e+00
1.674568248954813043e+00
2.312106596011064052e+00
1.126211692040089529e+00
1.522874861338616270e+00
8.558909453932096456e-01
2.113282913878115288e+00
1.012561459781896600e+00
1.854918299387483760e+00
1.712114572620264674e+00
1.135113900933512499e+00
2.345790227603090639e+00
1.639455832223321474e+00
1.141516823698260019e+00
1.754614608016897837e+00
2.541933642752180145e+00
1.978741670865783897e+00
9.296054018707304856e-01
8.497161225201952384e-01
1.347786345830697341e+00
2.148941493745416320e+00
4.917194081576068965e-01
9.390523197634224051e-01
5.319234865072137719e-01
2.721685096529022907e+00
1.490727163384703902e+00
2.453489580506612366e+00
2.629883632777544999e+00
1.960353342879696426e+00
2.652872800874670034e+00
8.953370610295932064e-01
2.077234959344533394e+00
2.739583369796315004e+00
1.886239127190237896e+00
2.013367162430518942e+00
2.517329175062860802e+00
2.342075794685368528e+00
6.377073988618412459e-01
1.564685905054349124e+00
1.761059940351418440e+00
2.749034469546713488e+00
1.480997348095427490e+00
2.321491618518638500e+00
1.372329134325130040e+00
2.828464258616598226e+00
2.462212815850642667e+00
1.955115913928480831e+00
2.295194938059697431e+00
2.205816102002125856e+00
6.110855749691006533e-01
1.109975605139325250e+00
7.571808840379764538e-01
2.216535122935289870e+00
8.506540103130659780e-01
2.428539084034035511e+00
1.940539251463892834e+00
1.595504184266621994e+00
1.273071580089266686e+00
9.327026013204448018e-01
2.702670165783930933e+00
9.496124051325466331e-01
7.754965973501422027e-01
1.829887122619254125e+00
1.210709598777871543e+00
2.160665940890166503e+00
1.629826584851716387e+00
1.594489241322456730e+00
2.734551533984285410e+00
1.561489675020579782e+00
2.332618995565728159e+00
2.292190093237405524e+00
2.758321040511082511e+00
2.197607732928034352e+00
4.638782033504115776e-01
2.667892213299573712e+00
8.690526068157099493e-01
4.422922345269559852e-01
6.980659517512823875e-01
2.327708351269901943e+00
1.863833864114662342e+00
1.559598150682315554e+00
2.565781491163956485e+00
1.930148474344405507e+00
1.427308442277743339e+00
2.561978366743029589e+00
3.693187113378734732e-01
1.044793248878275405e+00
1.435330112985693019e+00
1.888871639766606769e+00
2.752824040273351258e+00
1.656962132022635759e+00
1.873435179608921475e+00
2.269915999301242771e+00
1.233682914476227355e+00
1.594828584071907418e+00
7.969628724237731721e-01
1.480201887031925789e+00
5.590818893668297873e-01
2.552559067835483919e+00
2.787597073593226504e+00
7.515885005142874942e-01
2.132817880201807625e+00
1.958277468797195775e+00
1.377044833116858991e+00
1.707426350222822187e+00
2.016944854741716586e+00
9.884407614234892447e-01
2.002401987525106009e+00
1.314536569353230488e+00
2.682572133034800466e+00
1.578639522860215916e+00
2.564462328753966514e+00
2.370717055108114923e+00
1.389643409425745713e+00
1.514486257253948365e+00
2.278890021777558950e+00
1.953138546772485107e+00
1.323232794297238391e+00
1.594975825536772973e+00
1.620239419651195778e+00
2.769201717785569006e+00
3.086607174704664169e-01
2.742419017684547100e+00
2.236631897142885794e+00
1.116330600087154012e+00
1.551690941507525068e+00
9.983166110648091784e-01
8.162808062928224029e-01
1.072891846500656943e+00
1.867050855529330367e+00
1.637215540628462973e+00
2.342490104093339021e+00
1.347621729210294550e+00
1.795156092356732014e+00
1.671785372174641404e+00
1.925541123786627118e+00
1.175899748801783939e+00
2.110667352076545988e+00
2.690010422713462468e+00
1.324425991523904944e+00
1.965460477014048468e+00
1.532583971425314218e+00
1.396318389284816108e+00
1.597552935083348169e+00
1.133525037301425842e+00
4.796766877790640260e-01
6.451487580009133138e-01
2.301487257730574942e+00
2.598709186130380822e+00
1.414786291301883825e+00
1.630840733005661569e+00
1.021543183335003269e+00
2.078112444221254407e+00
1.615778451270478477e+00
1.779237998213450744e+00
1.952897566173911414e+00
1.933227936885706155e+00
2.713557633395230706e+00
1.878545743749354013e+00
2.310776359257605606e+00
8.923112364167207211e-01
2.337578587828319954e+00
1.833427017694548633e+00
1.549523455334844479e+00
2.013111474818420454e+00
1.129817512571817506e+00
2.282866408270365799e+00
6.886711946275021479e-01
3.193130075947335778e-01
2.422430872710462868e+00
2.837223479810561333e+00
9.429050207061041577e-01
1.624011374746158864e+00
2.125005794107561297e+00
1.139180120475451696e+00
2.212364564013424406e+00
2.451836626965491206e+00
1.557121207054628087e+00
9.173083227986821298e-01
2.463411865636173204e+00
1.597619124276181246e+00
1.581395301552166899e+00
1.799020287079400759e+00
1.796247983934703418e+00
2.217639778025839892e+00
1.759224449411638469e+00
2.640326081157066795e+00
1.446874725236100723e+00
9.817203209128226860e-01
4.780816038100018095e-01
1.872737964344816541e+00
1.660916011268460890e+00
1.183676886365940595e+00
1.871366690116023523e+00
2.218632106986011543e+00
1.298294247247980593e+00
1.020407597728703486e+00
1.471594443352696180e+00
3.541272894891209777e-01
1.769311578432207765e+00
1.087416577237333204e+00
1.926976264283365214e+00
1.403641687354013845e+00
2.044411831698382809e+00
1.612141001383675665e+00
4.555817361640619456e-01
2.002135573514431943e+00
2.741895916599699223e+00
2.030002854528299761e+00
2.799885669638392471e+00
1.219634542183743786e+00
3.533786269753533271e-01
1.888890553504937175e+00
1.891779157257229338e+00
2.648664289870105826e+00
1.647562524158211472e+00
2.378458773344927391e+00
2.073357168390894234e+00
1.935331305679851788e+00
2.293269512671674004e+00
1.249330033972116505e+00
1.942926721324188755e+00
2.675224145203126902e+00
1.787460122436982157e+00
2.112254412688209904e+00
2.182095308285037394e+00
1.283693751881854528e+00
1.187137520948367886e+00
6.671288869153714218e-01
2.552014035346514387e+00
3.302520994490749651e-01
2.355524859896402479e+00
1.556113456670935813e+00
1.972015958508515299e+00
