2.648132223152041664e+00
2.751958759894517215e+00
3.408481873337425139e+00
3.785949537802726361e+00
3.544308948205849408e+00
3.108455998012933374e+00
3.751676900276274651e+00
2.979172081764418500e+00
3.677173325748204658e+00
2.940360168616622527e+00
2.319993008669368084e+00
2.486824847750066070e+00
1.157263335230910739e+00
3.537464111737565808e+00
3.524276199621767969e+00
3.709056709888485681e+00
3.911940970230830317e+00
3.783934443698727446e+00
3.343781883935713406e+00
3.886155283014658401e+00
3.188332154031713550e+00
3.301371082342491103e+00
3.331512234194894617e+00
3.509370984570184593e+00
2.680007369687396501e+00
3.882652768149019273e+00
3.144533388494799464e+00
3.357070991512873359e+00
3.261153792469394741e+00
2.578082462628602745e+00
3.323481234763295156e+00
3.047667158587302083e+00
3.010328991565267565e+00
2.357557106380359535e+00
2.712428019040001637e+00
3.605761980064508876e+00
3.587433804419517980e+00
3.899861984738582255e+00
3.076890783746031310e+00
3.611818741722217396e+00
3.391256564323424261e+00
2.933174055422367754e+00
3.750256486170817638e+00
3.599809800274784255e+00
3.256090720571111596e+00
1.569134023031958147e+00
2.269900722526757342e+00
2.346585912650178685e+00
3.423772925060448280e+00
3.341487618147422456e+00
3.052485991292332557e+00
2.881518803896159220e+00
3.807103635827773225e+00
2.590727273356805860e+00
3.696971935822581656e+00
3.327650586891853557e+00
3.815868797041309435e+00
2.828619022438757291e+00
3.420789379210928960e+00
3.861536593485882740e+00
3.211999622079034111e+00
2.697931078984999065e+00
2.575716134203620111e+00
3.562027259081212982e+00
1.577143519135049132e+00
3.849997182112215199e+00
3.761945472478346986e+00
3.083473119314999344e+00
3.273094964543247443e+00
3.541286637066825005e+00
2.404614340954850604e+00
2.824587304313281866e+00
3.575688832033074416e+00
2.453004302968285089e+00
1.944631645176817969e+00
2.378541849654928875e+00
2.266933021922930447e+00
3.140557360306939660e+00
3.360088467125294187e+00
2.998744099150137288e+00
2.474218285845318110e+00
3.919612504531607922e+00
3.412750339372644159e+00
2.606000011277753714e+00
2.685406564119228179e+00
3.466204647258364968e+00
3.058820965729150743e+00
3.444494591342359691e+00
3.711022471675347045e+00
3.681149521494908150e+00
3.769388560651865117e+00
3.747658613169204234e+00
3.296028269576618097e+00
3.142596911275385541e+00
1.011825860603745131e+00
3.081034687675250794e+00
3.320553055113887542e+00
3.744216887555564366e+00
2.726375405879014391e+00
2.517991862117187729e+00
3.568312050620563891e+00
3.520450951720765609e+00
3.659330880005157383e+00
2.473456101194694057e+00
3.596768981460732206e+00
2.566847203273238343e+00
3.686004983418295744e+00
3.382777402094305774e+00
2.866642805329535637e+00
2.873540716170840614e+00
2.132622307764146630e+00
2.847572128591589369e+00
3.064570356476357560e+00
2.971339911838007719e+00
3.889438522597986392e+00
2.741407194425790728e+00
3.388463890779835896e+00
3.405781771320967266e+00
3.500242084453413227e+00
3.352537336735221363e+00
3.752031171316253744e+00
2.864472861772872303e+00
2.794971562000546861e+00
2.853685080802447427e+00
1.958727426380715952e+00
1.844006991489046676e+00
3.668128474757603286e+00
3.761812207294390475e+00
3.649787718046562990e+00
2.800727133989804774e+00
3.868258542286860724e+00
3.843253931290712799e+00
3.370077995774479085e+00
2.173105773133667373e+00
3.518973123214078846e+00
3.030628723722060602e+00
2.558901965332930573e+00
3.618876180910731044e+00
3.837568217333691134e+00
3.037348151147929887e+00
1.842010158084947280e+00
2.888733946906623995e+00
3.066375952360206547e+00
2.688846625692309367e+00
2.573820076422200120e+00
3.225842412672071724e+00
3.080670172085137271e+00
2.759852633760192298e+00
3.699364377364017908e+00
2.801916875061368106e+00
3.686324868952796763e+00
3.063373226036765207e+00
2.808215108400758719e+00
2.736908826270918915e+00
3.204717143179097505e+00
3.491800019719210724e+00
2.900010955906042742e+00
3.302318517611741999e+00
3.274898021381501767e+00
3.567919641648054530e+00
2.369319095074251980e+00
2.539716687152047569e+00
1.857044240261785273e+00
3.144766814732248505e+00
2.722634871740648776e+00
1.950439487915507586e+00
2.659419981101922570e+00
7.628538410384162471e-01
1.856769808858707460e+00
3.511305331551002773e+00
3.611080634556908642e+00
3.048728367968754238e+00
3.901502263007174065e+00
3.558451625345431690e+00
3.616228688411666337e+00
2.103963435293230155e+00
3.233685897327045033e+00
3.649188011917149144e+00
3.288537942975575223e+00
3.925256260161546606e+00
3.590652276604826110e+00
3.554995138754822204e+00
3.706669884287169037e+00
3.719929980159692562e+00
2.523463425909366897e+00
2.725413594729607425e+00
3.011863554255172826e+00
3.045361094645053779e+00
3.272185164523420564e+00
2.488734890034779212e+00
3.779290141202158004e+00
3.109895677138126757e+00
3.612821087498873762e+00
3.595181764025678017e+00
2.978696909147610761e+00
3.225041811945270620e+00
3.819059994939894676e+00
2.744535848392838595e+00
3.556578143892355381e+00
3.020201738012254555e+00
2.189025329726331126e+00
2.813422843561302233e+00
2.659598548432299925e+00
2.019015230348817358e+00
3.032515173555418997e+00
3.432108143400775635e+00
3.544850055511182596e+00
3.852474012755170651e+00
2.015890771502221845e+00
1.380129378224675518e+00
3.887814867468705859e+00
2.438164049556531765e+00
3.593375869339953343e+00
2.684975253925796501e+00
3.380325031259065582e+00
2.991020694050735784e+00
2.746320859686086191e+00
3.177221021590027838e+00
3.585452009508764970e+00
3.882422433821579588e+00
3.846869197894001058e+00
2.826882867121580212e+00
3.450178223241986419e+00
3.318357252610987462e+00
3.405704234204100622e+00
2.741922271479428463e+00
3.899771685561325363e+00
2.506376270599240730e+00
3.225758073982683882e+00
1.145648475093512531e+00
3.707082613127826942e+00
3.802924794190218005e+00
3.690506272754436434e+00
3.160224019858107525e+00
3.201718263099590622e+00
2.360992302792587427e+00
2.610864506733111323e+00
3.263543470769219024e+00
2.353762174261235351e+00
3.592559910025338255e+00
3.415101480205894546e+00
3.895763332202530904e+00
3.052464426773819017e+00
3.509262710500432370e+00
2.946712193136495905e+00
1.493489681575224770e+00
1.853625334712482031e+00
2.809807915682920765e+00
2.017309469186755244e+00
3.596232371698891317e+00
2.109394021470317959e+00
3.755982874039804464e+00
3.807048587155935859e+00
3.709988189421034033e+00
2.140856083072653071e+00
3.314089801923196799e+00
3.259119419749629820e+00
2.617881411383690793e+00
3.143104979714210323e+00
3.906371618119738987e+00
2.274062809806177921e+00
2.635952141630268031e+00
3.480110984287287490e+00
3.318169239970535145e+00
2.370010000183358834e+00
3.104356243512825131e+00
3.718741729232859505e+00
2.979394793573427513e+00
3.775498627330627688e+00
2.245348842944825396e+00
3.912084694340827618e+00
3.893945583222198081e+00
3.814808173861085727e+00
3.331230409633555656e+00
3.780608198137265674e+00
2.393650047097374944e+00
2.816622196135662559e+00
2.848250093107632885e+00
2.895019354540471657e+00
2.977773659860616817e+00
3.871105808806590609e+00
3.674374413934855088e+00
3.744849739092094065e+00
3.576454554088285054e+00
2.011109585745085138e+00
3.493332700069617047e+00
2.415248677004752764e+00
3.888694662957981496e+00
2.168611050799025275e+00
3.526202184743772783e+00
2.220754627198620490e+00
3.240337234166513980e+00
3.285562858266492636e+00
3.298640308941290122e+00
2.384615707215799851e+00
3.147352700947657400e+00
3.752876421269960350e+00
3.276216681607427184e+00
3.746330958469359818e+00
3.523403136427443183e+00
2.937872924172674871e+00
3.165915779716343970e+00
2.751759851367462151e+00
2.756146284527761559e+00
3.917088700354671271e+00
3.905041269265258741e+00
3.899872568902624792e+00
2.097020953328027737e+00
3.322100015165634357e+00
2.793643450912036474e+00
3.109393286484321450e+00
2.690712130618267306e+00
3.683701110504356890e+00
1.923733697201721160e+00
2.526671240872039537e+00
3.748629708647999159e+00
3.135374083153349645e+00
3.306825054967704958e+00
3.564179472408171012e+00
2.047982183499270636e+00
3.862004563057098938e+00
3.623960167867446014e+00
1.589063381111681661e+00
3.147955073707361162e+00
2.085016465907844285e+00
1.856864404803004298e+00
2.113415226829718829e+00
2.934563119847910517e+00
3.262855617531049468e+00
3.735602234288462498e+00
2.415159514253736539e+00
2.831904415587401136e+00
2.788123887356008801e+00
3.667443191652857148e+00
3.891479312227275056e+00
2.878850966063817296e+00
3.484763036798030011e+00
3.748446833122442534e+00
2.469116527954760443e+00
3.007996853158534378e+00
3.833814881152253662e+00
3.701738792693696212e+00
3.635500137705027335e+00
3.718781695883333072e+00
3.579844662617799766e+00
3.380735617641935420e+00
2.581421428280717301e+00
2.994889751234706132e+00
2.770046984043041061e+00
3.588141690564877084e+00
3.796167854545342557e+00
3.443382552527631368e+00
3.056639058368006090e+00
3.655457819256675567e+00
2.357402175236856579e+00
2.901146397370794716e+00
2.337150305516345838e+00
3.481215391346385246e+00
3.231745773073187333e+00
3.649233554238508148e+00
1.784254402107266824e+00
3.159667755717968873e+00
3.893981909021524412e+00
3.400884209822511828e+00
3.656151226385188302e+00
2.426903499661929864e+00
3.907070090251500538e+00
1.859225381918394149e+00
3.506034058363233896e+00
3.187963819705377677e+00
2.896314189218269330e+00
2.945770191483455314e+00
3.462106853222721270e+00
2.759834579291798207e+00
3.440641467988468261e+00
3.656553995485180675e+00
3.735987977693674189e+00
3.773241823337118550e+00
2.974327186399240652e+00
2.640171698263209521e+00
1.622224532975942157e+00
3.168728013987237357e+00
2.588498662495371416e+00
3.061189826035058292e+00
3.015520056187438236e+00
3.387956316647440680e+00
3.770218636073304985e+00
3.525530502897876950e+00
3.899136692966274076e+00
2.184156043031157068e+00
2.726839703270552473e+00
3.862031605912351395e+00
3.821745154972947311e+00
3.106919572391801943e+00
2.936516532088478737e+00
3.477448124280198005e+00
3.723429295360480396e+00
3.845536369161723034e+00
3.497122208759396056e+00
2.530446948909171212e+00
2.887680723132723948e+00
3.421849654915054106e+00
2.892430682577257439e+00
2.925183214136508170e+00
3.331405185104481692e+00
2.467401153656048507e+00
9.329973563285259841e-01
3.783566480294763501e+00
2.529613087848533670e+00
8.608075631532241534e-01
1.809172909464944023e+00
3.349285615512990866e+00
1.636895993825424611e+00
3.502834820810434735e+00
2.070291886000544146e+00
3.349857849188739412e+00
2.286479906747363788e+00
2.643919130954754060e+00
3.580826297386467516e+00
3.115774260041716648e+00
3.655485076768842934e+00
2.886870857518251121e+00
3.923025521332399901e+00
3.381932799174722781e+00
1.897931221640900556e+00
3.248155062109881364e+00
3.135319261277023095e+00
2.518511518581907360e+00
3.910755492092373498e+00
3.602817702060471028e+00
2.829386269149082977e+00
2.874942251782750979e+00
2.459043656835612435e+00
2.737219182879746526e+00
3.149630022841825472e+00
2.581407720625438440e+00
1.804773318873917454e+00
2.626898343283237569e+00
1.830721462802208599e+00
3.723273125567871489e+00
3.424148809821860873e+00
2.431496686241568117e+00
3.926509692536717999e+00
3.815929787154813013e+00
3.258170455016284439e+00
3.465988586154264972e+00
2.604780431350303793e+00
3.122061867307599492e+00
1.997231772398889049e+00
3.041948996902045455e+00
3.820049933679384058e+00
3.168970444359794580e+00
3.845280728432608708e+00
2.884028644703735988e+00
3.334350988944096539e+00
1.842639247128231572e+00
3.863205166349826136e+00
3.476648998699965354e+00
3.625931981376564917e+00
3.698494968982844355e+00
2.879624009982976407e+00
3.646267831995616326e+00
1.378830152570384548e+00
1.917574303028388438e-01
2.845031936769387926e+00
2.698264371369056391e+00
3.723918256666250759e+00
3.040161153081757828e+00
2.577330020011001643e+00
2.610023760903034340e+00
3.197834549890526290e+00
3.061542030861163166e+00
3.018108913976639940e+00
3.597473241164263591e+00
3.120590946478405847e+00
1.305928214106793606e+00
3.812857143228619794e+00
3.193164474004344555e+00
3.652505770046048816e+00
3.391797066605272803e+00
2.319513263923753676e+00
3.369596138082785242e+00
2.832095740532214023e+00
2.608099411327818640e+00
3.528129346721912363e+00
3.604751408387251832e+00
3.371134668046378291e+00
2.398029121485878434e+00
3.431631867593032847e+00
3.301099803205698624e+00
2.745843996984879798e+00
3.758893796428187883e+00
3.696643900327523991e+00
3.774093990204817395e+00
1.200064387242119057e+00
1.999630012195541040e+00
3.418341455810973262e+00
2.012587588462492416e+00
3.562397405588993760e+00
3.263809717909775809e+00
3.324017243503323726e+00
3.191829250220350023e+00
3.282706232703548110e+00
3.644104885561652907e+00
2.724161826729791791e+00
2.883000872586699792e+00
3.258896788038867953e+00
3.231506475761159791e+00
3.259193499124480198e+00
3.497208957020359943e+00
3.683472523448104052e+00
3.843110570328576614e+00
2.988488841946792540e+00
2.228440619678065282e+00
3.757432578607090790e+00
3.425949559116226339e+00
3.908888644073150953e+00
2.896849220186761276e+00
3.557631881138635599e+00
2.177829980823649425e+00
3.532166864733542244e+00
3.560336884989382611e+00
3.096235204893691417e+00
3.136465254068132147e+00
3.854837317598897695e+00
2.835423626005280529e+00
1.517020704444417500e+00
2.956077569409838013e+00
2.591958344720266538e+00
3.106974877615882313e+00
2.747074489240984185e+00
3.714147938944042604e+00
3.661699940626482075e+00
3.232585225600735246e+00
3.207059752227972460e+00
3.435315288345793139e+00
3.280925748113528329e+00
3.848701508988733977e+00
2.931784218037477796e+00
3.596207935785247667e+00
3.361913027794433795e+00
3.240137872817846709e+00
3.744316570965942947e+00
3.008462499098516041e+00
1.613050847845841629e+00
3.283878357284603755e+00
3.322136338281117318e+00
3.287986271472432609e+00
3.304263553416880050e+00
3.883606488815625202e+00
3.020402338565213896e+00
3.727032509438368280e+00
2.894675630607114414e+00
2.240328331063777600e+00
3.349558138422611631e+00
2.341805870462186689e+00
3.657597249346534074e+00
1.183076251072755714e+00
2.879629303115327055e+00
2.469302286921774670e+00
3.106417411922844263e+00
3.889143900016149846e+00
3.879862643867789007e+00
3.277893540796282146e+00
3.505528471046252648e+00
3.048747472602239661e+00
2.578750971255498126e+00
2.703798648420718376e+00
3.506565899927486019e+00
3.242067575067228979e+00
3.470606528469910135e+00
3.679721849417939783e+00
3.160807468334117409e+00
3.685272873200826638e+00
3.512551813920744337e+00
3.089151949649383333e+00
2.454978418925781281e+00
3.540988562286050190e+00
3.707914663528915522e+00
3.696361984339262552e+00
2.107887366394410655e+00
3.001863433084758448e+00
3.799262772597873816e+00
3.158354356659179629e+00
3.854865020051888802e+00
2.372762770716029923e+00
2.749741737228303062e+00
3.590620552285405331e+00
3.801220634981354873e+00
3.271649611770946375e+00
3.098335593806145205e+00
3.654474957006840441e+00
3.722671918136796876e+00
3.116919930399559835e+00
2.886037708242782163e+00
3.593982260681519048e+00
3.227248976590694873e+00
3.540480073480117174e+00
3.673769134790857205e+00
3.580190213772910468e+00
1.160684824931825343e+00
2.324919411452610607e+00
3.309405634157905673e+00
3.826978002786657562e+00
2.424646972551328439e+00
2.865006511620209917e+00
3.607520439796910061e+00
2.229890346589863626e+00
2.536541646211561751e+00
2.193210203962937310e+00
3.175734806947591249e+00
2.430159283417664629e+00
2.650539255347942103e+00
2.080201496436517417e+00
2.808112925689242534e+00
2.967856573961149991e+00
2.967243871974118541e+00
2.156869483084289829e+00
3.343310984028611266e+00
2.484365513839076556e+00
2.484522566377707520e+00
2.040568425498472838e+00
3.263156974740687222e+00
2.849530926445298373e+00
2.629596343354314136e+00
3.309519211712244058e+00
3.547134263573803903e+00
2.487758213249639194e+00
3.841759476415285146e+00
3.925576159691706479e+00
3.412377755638197119e+00
3.014223268980326331e+00
3.517929429708877898e+00
2.198005871979274328e+00
3.773476423885438358e+00
3.880908042616241005e+00
3.025523892126919190e+00
3.537263909837270237e+00
3.511127961628198513e+00
2.847700546977516733e+00
1.590842206249281521e+00
3.607164720357687315e+00
3.381972210316563032e+00
3.251297406069348028e+00
3.794697605631090376e+00
3.345412437383770587e+00
2.503273632965745676e+00
3.879894889999505825e+00
2.420257826265343137e+00
1.516422059733369743e+00
2.313886295551816019e+00
2.205189970672915667e+00
2.621119335755091484e+00
3.342075572664227057e+00
3.712618680603215093e+00
2.646207325177394765e+00
3.850536848388323108e+00
3.167445966874258723e+00
3.908985578186751741e+00
2.482039384547003902e+00
3.912511175390966045e+00
2.478090441202152050e+00
3.652705084865139451e+00
2.828033192782121841e+00
1.863784967423363081e+00
3.085287175656941994e+00
3.566320514185660873e+00
2.541002471900253745e+00
2.381868915583905455e+00
3.754308268092256817e+00
1.023044992080998528e+00
3.258416448701898283e+00
3.137303975462563344e+00
3.318893248219272785e+00
3.753914291221387423e+00
3.036313924090805028e+00
2.784105766936981752e+00
3.479855575506305421e+00
2.516734079326701234e+00
3.098522834345149857e+00
2.440651288389867002e+00
3.094368260389617653e+00
3.095997543451197043e+00
2.596862370068746984e+00
3.223233699082249437e+00
3.640558137990004273e+00
3.326362842966760880e+00
2.925486092818919470e+00
3.747894881725784000e+00
2.655794376138508550e+00
2.959767102036796604e+00
2.664600546302526407e+00
3.653590130758119336e+00
2.609080040331928085e+00
2.243687767722692961e+00
3.787175620676334287e+00
2.237910996286140097e+00
2.828088850190277892e+00
2.327228187117263314e+00
3.186734886010808676e+00
3.165463127343687066e+00
2.742061119583088846e+00
3.224303751628198267e+00
2.693532633903615192e+00
3.699488359491532208e+00
3.776154270412407588e+00
3.887241934410854416e+00
3.501331714030712305e+00
3.151924602120133478e+00
3.286878671158260268e+00
3.850892495351684985e+00
1.945176523808825664e+00
2.178456009426950057e+00
2.713670306109406738e+00
3.621973994610559355e+00
2.593686577808311355e+00
3.145598704853119987e+00
3.718270422716177137e+00
2.405669149029083798e+00
2.450389601227075609e+00
3.418705704873546303e+00
2.802348296956350904e+00
3.182171460897795789e+00
3.147615161198963563e+00
3.272319049311861683e+00
3.520919669027241294e+00
2.882810341024701906e+00
2.962449451583470061e+00
2.573888015779408622e+00
3.117286186874390630e+00
3.497372125879668392e+00
2.813766445499481073e+00
2.883270682823216191e+00
3.870170023058017605e+00
3.007056565841482954e+00
2.520850392250905347e+00
3.708407402565798261e+00
3.910387313361701533e+00
3.491435247787718854e+00
3.780128902027084070e+00
3.748548731034410331e+00
2.410388036868287731e+00
2.911691250189996083e+00
3.413747085168776785e+00
3.511002619168942296e+00
3.898212267147493471e+00
3.858670135214083086e+00
3.521562188283555717e+00
3.707885692408060319e+00
2.241895841445435522e+00
3.691258189706874582e+00
3.207288360243084391e+00
2.621471651996116758e+00
3.189858531690846988e+00
3.617211636998965751e+00
1.856479157963308424e+00
2.650527843249405713e+00
2.770651275824069781e+00
2.850458753448441129e+00
3.564781272291718039e+00
2.866684656987441127e+00
3.153454485657944950e+00
2.963559081784840288e+00
2.369608186890491908e+00
3.848900519197151038e+00
3.719608429473041156e+00
3.240964502803748815e+00
3.266144375210120465e+00
2.210428025956023390e+00
3.273297221563470139e+00
3.141055030873076248e+00
2.996713201081868228e+00
1.245482012684193451e+00
2.491204608173437585e+00
2.923661216173966348e+00
3.292833223636641105e+00
2.132280889788474187e+00
3.576234512358315687e+00
2.991103479780662155e+00
3.372778368588435161e+00
3.679981244294334708e+00
3.878772752352238840e+00
2.826046722325656901e+00
3.152784271538228822e+00
3.918933341215166788e+00
3.214108497039285695e+00
3.087022859924897666e+00
1.869966795310076924e+00
3.919089380856664473e+00
3.838395649111485231e+00
3.119574087111158356e+00
2.804067364646466221e+00
2.660323245047038210e+00
2.493862676739006634e+00
3.846764018842204980e+00
2.738332220449344323e+00
3.157682000299856906e+00
2.815683287355073006e+00
2.863036401795076458e+00
3.261662239165919353e+00
3.764857611495743495e+00
2.401910416844325269e+00
3.460472293609571093e+00
3.480303518083363912e+00
2.565501677949731274e+00
2.613828325579077738e+00
3.188486186448082016e+00
3.764214691295831638e+00
3.023945601864202359e+00
2.948230995771742968e+00
3.647508649773479661e+00
2.066478083544174282e+00
1.743555973529193892e+00
3.801286873724152304e+00
2.516608002242478825e+00
3.566055355304562635e+00
3.801703151390627422e+00
3.827443423863478245e+00
2.967496566485898324e+00
3.308710397394950764e+00
3.533813697349365679e+00
3.570481837035403228e+00
3.030772199058632932e+00
2.543679687976460269e+00
3.188153390926572683e+00
2.890383610108270496e+00
3.461913168185936307e+00
3.116852605258823239e+00
3.891815406511439424e+00
3.700190279040991292e+00
2.999704829412997320e+00
2.455558887769749621e+00
3.853796481385629580e+00
3.001979809289255563e+00
2.762384926353361081e+00
3.527692606860135083e+00
3.678977755077357692e+00
3.774560045025503907e+00
2.894690511947469513e+00
3.656015319873003655e+00
3.603555238616576339e+00
2.142362556822759334e+00
3.694705671489053600e+00
2.023053703687985649e+00
2.946018386523594934e+00
2.862834833678523871e+00
3.842944662075756135e+00
2.615970190078910740e+00
3.743074943985845504e+00
3.890405360174169935e+00
2.834264884566876752e+00
3.391979708283572759e+00
3.723363727654870114e+00
1.897870697972327880e+00
3.426098620080254786e+00
3.176358680196480933e+00
2.924676903845649711e+00
3.443948181614143067e+00
2.058252552584935113e+00
3.035186877806484773e+00
2.286951837024540524e+00
3.797011041098014683e+00
3.072623016310136457e+00
3.779573306951859557e+00
3.042615091365179492e+00
3.202867208643433106e+00
3.663650002470559830e+00
3.740570531308771152e+00
3.394703258457655970e+00
3.338379392918654709e+00
3.557063387210968486e+00
3.043185328681232260e+00
3.560062866270104376e+00
1.520331171316628760e+00
3.464247078855231532e+00
3.669980459807156148e+00
3.524318754671887266e+00
3.920912276822204667e+00
3.709863137751979956e+00
2.224208013431421271e+00
2.375124064087871467e+00
1.585673165448558519e+00
2.859373700435118515e+00
3.833303731280250481e+00
3.520723486562709947e+00
3.037464962453141126e+00
2.544595096573010196e+00
3.505660518141076487e+00
3.711307748022796726e+00
3.109127145674075443e+00
3.723728506824842910e+00
1.542475486789343320e+00
3.850310374486805465e+00
3.916209287379964987e+00
3.737762814663013966e+00
2.299807587421048183e+00
3.332007708720872596e+00
3.733912774163836712e+00
3.549828771017411011e+00
3.393462685564773818e+00
3.066879019257329198e+00
1.670537452067047957e+00
2.298081873474413950e+00
2.536609779054205926e+00
3.724029852596848489e+00
3.590922809107688352e+00
3.622787013735369488e+00
1.387168892596458480e+00
1.543489832050498389e+00
2.999818883394283375e+00
3.484268837692807708e+00
2.458064722232458532e+00
3.895848723957324733e+00
3.895329234807949792e+00
3.778693891435069396e+00
2.590932306329894352e+00
3.675226477050029583e+00
3.560945791977886188e+00
3.534022627914482406e+00
3.334135980278384981e+00
2.482776729860522114e+00
3.549398141499732873e+00
3.744727215848167035e+00
3.426005131669200843e+00
1.748765297426944976e+00
3.239050784005893746e+00
2.457070231385185100e+00
3.507148978317584653e+00
2.901717488407370649e+00
3.544832658391743330e+00
3.901760149470663741e+00
3.099402804598606842e+00
3.239864848288481980e+00
3.701419407259949779e+00
1.775575511277772467e+00
3.786670600438109435e+00
2.383696546574769926e+00
3.554173745838610454e+00
2.726224116752047788e+00
3.301201064291911180e+00
3.566728025147964942e+00
2.507887582717021058e+00
3.506866348812448297e+00
3.587395758756048547e+00
3.619185417843020502e+00
3.766821431770122075e+00
2.414206742861555011e+00
3.639079696788038110e+00
2.880588775943461410e+00
2.446939890406274021e+00
2.620365089861202978e+00
3.501607523864119997e+00
2.241724789373850335e+00
3.879905186740038481e+00
3.554760473704364543e+00
2.134306558086215055e+00
3.517003819509334939e+00
3.175187895831720564e+00
2.638009040764301094e+00
1.763991887981976703e+00
3.386728248437038680e+00
2.711736504882451104e+00
2.128263230453204535e+00
3.763688277135996518e+00
2.056064459389643773e+00
2.824032530955340459e+00
3.254537758830986505e+00
3.803836429622440729e+00
2.285036398905206489e+00
3.830184420630526887e+00
3.787960464922895731e+00
2.785394320273512303e+00
2.999467304972638360e+00
3.521304230891036724e+00
3.079239075404897719e+00
3.501064757587373233e+00
2.575367296735048495e+00
2.932535780482169674e+00
2.780872706296063868e+00
3.740761500925041894e+00
3.882251997029070534e+00
3.146084249415872502e+00
2.903367203923659545e+00
3.829351389344302969e+00
2.716541332876651449e+00
3.130908042017634507e+00
3.545153309662369967e+00
2.936459131097445052e+00
3.317006754906804300e+00
3.178656223953270299e+00
2.672704954495227714e+00
2.759748328656830729e+00
3.913229571723835232e+00
3.382450418216537358e+00
3.914489493781874607e+00
3.042432967610738004e+00
3.743330277200779044e+00
3.776860094345569685e+00
3.855897375003066507e+00
3.255891636336758044e+00
