1.219930821220587989e-03
7.339643568935531577e-04
7.419218032329924755e-04
7.766217034533021363e-04
1.550157430983545000e-03
9.742903868777233771e-04
7.249574985465776422e-04
1.216432474934727110e-03
8.199968640410876209e-04
1.117900762329755108e-03
8.915971803092943458e-04
8.757010928444601983e-04
1.205689723686038852e-03
1.167892614592751926e-03
6.627540461171746314e-04
1.140269814756072683e-03
1.011954033038329039e-03
7.955264453549509016e-04
9.005632285317168289e-04
1.881125718421444498e-03
1.748288847417562306e-03
1.406143857081075923e-03
1.149002567170291731e-03
7.501709472261887434e-04
9.828329985951387605e-04
8.043614169562943259e-04
1.007460274348938051e-03
6.249222677129171333e-04
8.190849245664704554e-04
1.429297013175448742e-03
1.037694729087129675e-03
8.787985211296529646e-04
7.170679601662985174e-04
1.147545483258695679e-03
1.068285528354882613e-03
1.056526974021084831e-03
9.504591113990697258e-04
1.139028656156672445e-03
8.769690798236099739e-04
9.271091242117992289e-04
7.107628099594800021e-04
1.185105062792453194e-03
1.222571622696405277e-03
1.405201468408165356e-03
1.516792543044573381e-03
1.058354129769165965e-03
1.609618262858220810e-03
1.129919159584308287e-03
7.031380943282187004e-04
7.163706904120879879e-04
8.422723143673839334e-04
7.730519413614683451e-04
6.849458626833985217e-04
8.315940682233515088e-04
9.367183906213021353e-04
7.991190974255069426e-04
1.081158898713536348e-03
1.779363409124812539e-03
7.743697948410040079e-04
8.564273360277318897e-04
1.225850657960226566e-03
7.482439033119181026e-04
7.756498116700509407e-04
7.950268906801261169e-04
8.755992638877983488e-04
9.271341038896217628e-04
6.930356244627835062e-04
8.078519315395048771e-04
9.624348395017941118e-04
1.244792291899117715e-03
9.456502309169284018e-04
9.830677192809945866e-04
8.139353857323579529e-04
7.988991420057209259e-04
8.076356486467210945e-04
1.003191218548696350e-03
8.643086083676913400e-04
6.140873174412647120e-04
1.099464015813441569e-03
7.317397229727978618e-04
1.661605880569056717e-03
9.778387513078776443e-04
8.347924667515039827e-04
9.149090571088046558e-04
9.968719273095339329e-04
8.952731375200758714e-04
8.846152703949767540e-04
6.743953194815802393e-04
9.481127132112391774e-04
1.027612433605074385e-03
1.738683689281757738e-03
8.739977607542520751e-04
1.068450838706910431e-03
1.326976525962171496e-03
6.398614793673389331e-04
1.110825918746784127e-03
1.559966522203897832e-03
9.244294635544956194e-04
7.134038748018141449e-04
7.186903970443729844e-04
7.522631893642452898e-04
6.127459921637417239e-04
1.078460640039509508e-03
7.947058879440648893e-04
8.263386350517075386e-04
1.045752121423503683e-03
8.080033640674943139e-04
1.003759742428797811e-03
7.297947434461710256e-04
7.778857911855879348e-04
9.748620870555929369e-04
7.240111175391227396e-04
8.149213318313188511e-04
7.369610641638925765e-04
7.100687691457647707e-04
7.458665330569361337e-04
1.237976115974274462e-03
1.082998606585417042e-03
7.914201269827057447e-04
1.085954434349305957e-03
1.590491498004015063e-03
8.771906613957807224e-04
8.790463167309918837e-04
9.506805141825644444e-04
9.724873239439172246e-04
8.418973449492451458e-04
9.193797659698873517e-04
2.323516659092450184e-03
1.153354036504835060e-03
9.352881415733147515e-04
1.353189050913442167e-03
8.876662158362925862e-04
1.171908423996971798e-03
8.621666051564727149e-04
1.351107549072431665e-03
7.986432708455365676e-04
6.616852710046484823e-04
8.486423922199120770e-04
9.536118895425287631e-04
8.347284534687982862e-04
8.926753500457208172e-04
1.145448724743948748e-03
7.981903043051448302e-04
1.005664850268311351e-03
6.795911568000401887e-04
1.239701477068368054e-03
8.848355390460437443e-04
1.050850079374886746e-03
1.160231087108610322e-03
9.511115460313265260e-04
7.538396335842114260e-04
1.422583981419278578e-03
8.303644003176888222e-04
2.231018659212872634e-03
8.279163141789595880e-04
9.108017623321167404e-04
6.276681441237560695e-04
1.018612655063393189e-03
8.761874803976736322e-04
7.468181217102858429e-04
7.363373747607202804e-04
1.295700675359743063e-03
1.054059490488175885e-03
1.771695109065945075e-03
7.705267812118516118e-04
8.149604220977445506e-04
1.192583533237407886e-03
7.574144783122026530e-04
1.306990993357989893e-03
1.188211665974573013e-03
1.541835376649391444e-03
1.442475563211143225e-03
9.698798735545829334e-04
1.094982588360518061e-03
1.067332381476540724e-03
6.744183694732616436e-04
8.815551943531357024e-04
1.355527959858235029e-03
1.133691173026297972e-03
9.153874304926755065e-04
1.733605179696086395e-03
8.768948592313038611e-04
7.290238037149054766e-04
9.689159978847346850e-04
8.000070639931522887e-04
1.047540804110036602e-03
1.330092210974927582e-03
1.130961419433657283e-03
1.463625842768740944e-03
8.028661011067189787e-04
9.410209181066813778e-04
8.873912677574725136e-04
7.326860480342838782e-04
1.291805832041284215e-03
1.361391955486775844e-03
1.310830922705136714e-03
1.161121008719006838e-03
2.797611313595189941e-03
1.238752876054469284e-03
1.300051750866947813e-03
7.964620025230815213e-04
1.009871643248745794e-03
8.841720854386298217e-04
7.173850887773481743e-04
1.618820852545560388e-03
1.098480930484588888e-03
8.791941716242179013e-04
1.374830880871987177e-03
6.804106258224883403e-04
1.391157736591716078e-03
9.230788056347795107e-04
6.776700685286688591e-04
7.103609105132820080e-04
8.823795389275596729e-04
1.179016951956538949e-03
1.558324342280325864e-03
1.259398116121867228e-03
7.969651707748514648e-04
9.401973533524318792e-04
8.486987519931333971e-04
1.020465764865979711e-03
1.063444956697320084e-03
8.268262073376700513e-04
1.063951816417766771e-03
1.247214655803710560e-03
1.058644756265609459e-03
1.037316053837527684e-03
1.506996550701819246e-03
8.319397512145810646e-04
1.321747943352741912e-03
9.361691645351954061e-04
8.849475193163913993e-04
1.065250594082898334e-03
9.566810812031348440e-04
1.496426618941651973e-03
7.222175062842710585e-04
1.420049836514825125e-03
1.203228848913828319e-03
1.178283483215095129e-03
1.057959632088945013e-03
8.828996772207662594e-04
1.357320616644268384e-03
7.409002713865226949e-04
1.156941362471322144e-03
9.121295815906343973e-04
7.302696688818013709e-04
8.704048061726232018e-04
7.334127503311484685e-04
1.030785220182300552e-03
7.976481223982219600e-04
1.092085858936053810e-03
9.075576898721937928e-04
1.240843862708889507e-03
9.011254200779081304e-04
7.882616565711767203e-04
8.185098797529160577e-04
9.024600256570653421e-04
1.148537762775020919e-03
1.387204720332780574e-03
8.234434105068864961e-04
1.154454384027649595e-03
1.226193028812036295e-03
1.010623908399398661e-03
7.079373456674855833e-04
1.625716579932216322e-03
7.580315694775947941e-04
9.409622728832385151e-04
1.030828959344886209e-03
1.071777612841124522e-03
6.882917375566371303e-04
1.365689984083980329e-03
6.647508522863736138e-04
8.583926107373746582e-04
9.312988546555308082e-04
1.364691772728247833e-03
6.611532173106876098e-04
1.307603841686095884e-03
6.969169984718694274e-04
7.699534614153258480e-04
7.673325915378624400e-04
1.014921828860252577e-03
9.523374536353529547e-04
8.623191337166587938e-04
9.470373945678968756e-04
8.551124895745932080e-04
1.010890388496974790e-03
6.824765977826240766e-04
1.252828043681475855e-03
7.386634077852383823e-04
9.040035723661796370e-04
8.297776841073194794e-04
9.268498725155408175e-04
1.402440166656683052e-03
1.051306956760103333e-03
1.204734477302105665e-03
2.391916536255150102e-03
7.699368141325477633e-04
8.276934701026283795e-04
9.006466680153604309e-04
1.645326254165166034e-03
1.111981785972021358e-03
9.010149691147594734e-04
6.723874125301523841e-04
9.572183608342005410e-04
6.933207607469707174e-04
9.918556129354738973e-04
7.119987096555319660e-04
1.239442321365315756e-03
8.948976563945282162e-04
9.144664246226687958e-04
1.003691475996982847e-03
7.601624539958454652e-04
1.062918375449847146e-03
8.953920826614022001e-04
1.187427391465494366e-03
1.267178466925156406e-03
8.176727773682347525e-04
9.834106171989159904e-04
1.751001321144125909e-03
8.624968278717058982e-04
1.005390953853030518e-03
1.019871605711915189e-03
7.446363399128106981e-04
8.474630093556231696e-04
1.499319414111110679e-03
1.021704426395925744e-03
1.016568408672446607e-03
6.725297347664490168e-04
2.017994458492538591e-03
7.998161375064777355e-04
8.915986129936135079e-04
8.538904353724793318e-04
1.039979920301096518e-03
8.230144211160072502e-04
1.853207000229560456e-03
7.196466589678282219e-04
1.136611671120737370e-03
1.706891676985961958e-03
9.598068513414257470e-04
1.170034271784485243e-03
8.699947880451934642e-04
9.193986836284550419e-04
8.356807916182671346e-04
1.059063523743523656e-03
7.462105321658807789e-04
1.202070176791414586e-03
8.365891858177052940e-04
7.049055285265863483e-04
8.319192983232062818e-04
7.294935720226830220e-04
8.992680048330198858e-04
7.805688895598851020e-04
8.609619255612605947e-04
9.603655745269556575e-04
1.113841793414909473e-03
1.308469802709839825e-03
1.166404957010860758e-03
2.183334635573646980e-03
8.753612365868476165e-04
1.069454373057591393e-03
8.406863352690498213e-04
9.573537377569192293e-04
6.586806041603169648e-04
1.357338007580837684e-03
6.899070422254554658e-04
1.032514795946536329e-03
9.982127955530638048e-04
1.183104205789477182e-03
1.211709235247581881e-03
1.094174882095642247e-03
7.636928534062249795e-04
1.365969397561548650e-03
1.812169745259389333e-03
9.529540492277129406e-04
9.407297014598917572e-04
1.204900195537362629e-03
9.632668028007211397e-04
1.536439122912488901e-03
6.418351411586722044e-04
8.133894908285709035e-04
7.589020045485804717e-04
7.725846183017570038e-04
6.908127744061888726e-04
8.722674532443636195e-04
7.709008808045572560e-04
1.857002736592304687e-03
9.877058270223290550e-04
9.545645617619061751e-04
1.278907647744651020e-03
1.005593896749294768e-03
1.195294535810338980e-03
8.645345559824810016e-04
8.909569490449268866e-04
1.092292484571536675e-03
7.232596589023504007e-04
9.741116316319514386e-04
1.034626703663513820e-03
1.091159642067301636e-03
1.486095021432999250e-03
1.283485742068337992e-03
9.248361992840197941e-04
9.763346498000991793e-04
9.975526359663306700e-04
7.300561077907348657e-04
1.145166321926770594e-03
1.083012655972316130e-03
1.346372595462743760e-03
8.237476318435970821e-04
1.163671961313547882e-03
7.590183522022358846e-04
8.255706321119160584e-04
7.643600904180665413e-04
8.082888186689898011e-04
7.167743491198829515e-04
1.024054572003828354e-03
6.206803177059616638e-04
8.087673911765284017e-04
1.229667765823593819e-03
6.279543117018670205e-04
8.676282071567629432e-04
9.351730404221573470e-04
9.615325888003938264e-04
1.085103814878311118e-03
7.532331909560172371e-04
1.617685425782032461e-03
9.466447533575684517e-04
9.600918974728993218e-04
1.028170931483426542e-03
7.683176201606836805e-04
7.214154908578291996e-04
7.185310848908457726e-04
7.723999731447565116e-04
6.642432506053444355e-04
1.057366624275929033e-03
8.341541509200410412e-04
1.442277091717055230e-03
1.041453497220649763e-03
7.581198545669032675e-04
1.095233870906763083e-03
1.785879583387272283e-03
9.286474129638566883e-04
7.938761635502543943e-04
7.599292259366271628e-04
7.749675859513912440e-04
1.072126807946564972e-03
6.546264640680707044e-04
9.813424770388644216e-04
1.017615334671932888e-03
1.039840561911303503e-03
1.154942280150172106e-03
1.074718158455302596e-03
9.463480736066718236e-04
8.655942011953496806e-04
1.866022886027163697e-03
8.746062119008791080e-04
7.071874722414115202e-04
1.067803070175700302e-03
1.382144807622826769e-03
1.160066204519872137e-03
9.590133311791219830e-04
1.367522115666424710e-03
1.085324541704060222e-03
1.572465589545810711e-03
7.604242411949964798e-04
9.504927244223306546e-04
7.835967480251875917e-04
1.092543797498259127e-03
1.278011156553567973e-03
9.785063547863633460e-04
6.290702064618157625e-04
1.046979249658663283e-03
7.964780249246459923e-04
6.582593520393680486e-04
8.630702621140935206e-04
1.275444248838521547e-03
1.297099844113742571e-03
1.275291183862058402e-03
6.728733292781072153e-04
8.653943913230770398e-04
8.905304768919962161e-04
6.934199142653263382e-04
7.795132073667828320e-04
1.017145992720148171e-03
1.091324496091798137e-03
7.924603077002523614e-04
7.137199767883510787e-04
6.555209947494807432e-04
7.711368647030599800e-04
1.309489617471057193e-03
7.211959992195920467e-04
7.718077772188470121e-04
1.106027783840372262e-03
9.006490774152909771e-04
7.172457843493143742e-04
8.924835544291488719e-04
9.899327987686740420e-04
6.252418849737596514e-04
8.292314159680768673e-04
7.866213666575579827e-04
7.673977118032273203e-04
6.621655825168158574e-04
1.125513863469237812e-03
1.044240579199472553e-03
6.362279301967391394e-04
1.320232325202524808e-03
1.275535829003667746e-03
9.677687066261907558e-04
7.744768809450063582e-04
9.067594511126880405e-04
1.310221890579778845e-03
9.788060603180871472e-04
9.359752743826809870e-04
7.500090975096411440e-04
7.498158348724207924e-04
1.104476931615414005e-03
8.702445711215828043e-04
1.064355240336867714e-03
1.307323492182561409e-03
9.328969792257165794e-04
6.645409781325106735e-04
7.016284040749324073e-04
9.155386052998235307e-04
7.005178207383152026e-04
6.334633546507430343e-04
7.511061558355896324e-04
7.699218464846417295e-04
8.900269045265216420e-04
9.946055739299527933e-04
6.483483808889366901e-04
1.583826515763459702e-03
6.335445469707313938e-04
1.099714071089757245e-03
8.683286925329367295e-04
1.269249545033636784e-03
9.705275755342243366e-04
6.585614105340378615e-04
9.844713246914302100e-04
7.385973243173216043e-04
8.162949313102764708e-04
8.502498359258353578e-04
9.677009091612655267e-04
8.833447548007431665e-04
8.080238911807031792e-04
1.228758290709920046e-03
7.973162952877181674e-04
8.386287808875484253e-04
6.487214354116253726e-04
8.808704065420728613e-04
9.241313751157632320e-04
9.654417740872790190e-04
9.298513005267696873e-04
1.260031904428086675e-03
7.996816437124086834e-04
8.086718383639710829e-04
1.486187289399427524e-03
1.286250494524086678e-03
1.599180011657224407e-03
7.706233108960709429e-04
1.038121122944572414e-03
6.876894655740557706e-04
8.908251069360640989e-04
1.096885288076561004e-03
7.133394576610217188e-04
9.230363022767616894e-04
8.405297712299539389e-04
9.095379119788765069e-04
7.510851003492243416e-04
1.110226566138224156e-03
1.900968689484092275e-03
8.025668282689726136e-04
1.440152713030802903e-03
7.453937110406490046e-04
1.365920892560556566e-03
9.427964775985592022e-04
1.025965571811636229e-03
1.050412164094966048e-03
9.303382870742558149e-04
1.189434017262767668e-03
7.139384448682353562e-04
8.170346002520837260e-04
6.259208473767509861e-04
9.032749421236181860e-04
9.213784425780570343e-04
1.013873378383172222e-03
1.218246812859153554e-03
1.081489409452822490e-03
9.123876981607382782e-04
1.089706001886711888e-03
7.872699574041264105e-04
1.301757193092397064e-03
8.799359298912495971e-04
8.602556688546847278e-04
1.045146949418818355e-03
6.815352517209277792e-04
9.090842045632084936e-04
9.495006233228562610e-04
1.291476471772006612e-03
8.246385560344467180e-04
1.264019202741658871e-03
8.032245120740595396e-04
7.510094069399503433e-04
1.396420879026032081e-03
8.570880534761619656e-04
9.307205215417094571e-04
1.472799529730819219e-03
8.044574075466992547e-04
6.172392737672638538e-04
6.973962378618520433e-04
6.318982315906785871e-04
7.307923626365608275e-04
1.581577780342967570e-03
9.451680347694375742e-04
1.539563636815788556e-03
1.491439236493883290e-03
1.496907548966547145e-03
8.236858107188936009e-04
1.194383806209959502e-03
6.926360814524249376e-04
9.548614774574121396e-04
1.257743862898266047e-03
9.528715404347951057e-04
1.743597054412614330e-03
1.211687928416265879e-03
1.032205079311813208e-03
7.421464976331524103e-04
8.069014129616240488e-04
8.137515760150162113e-04
9.846035087112097860e-04
9.092427706433726768e-04
1.086479360707065999e-03
7.101618729732026838e-04
8.029511161737136514e-04
8.389321481769363483e-04
9.023100460251957250e-04
6.810797779556354743e-04
1.211825950456189805e-03
9.277743324034571065e-04
8.254259284137362629e-04
7.562930026608499518e-04
6.691907641208077063e-04
1.080545254960694731e-03
9.303736755650710791e-04
9.878980432863797637e-04
1.750929287173198876e-03
1.188924226400327362e-03
1.256168983455375294e-03
1.162295391612887556e-03
8.878329132584803071e-04
7.833668626173676940e-04
1.341866548984516636e-03
1.566192006048320803e-03
8.521822808575798625e-04
1.062097677884889842e-03
1.076451205680266842e-03
8.071169929221466048e-04
8.917920974266083144e-04
8.332349353178152484e-04
7.573222426110410091e-04
9.319136092959184403e-04
1.488119106598165611e-03
8.527943742503423397e-04
7.101623956728537156e-04
9.603938115173532401e-04
9.242874110996160278e-04
1.170142548187446275e-03
9.044308804891255243e-04
1.253577855908745865e-03
8.651505144906166365e-04
1.499967182818801818e-03
8.323666463798103186e-04
7.617853496847776197e-04
1.225008914581534073e-03
1.059336639222657143e-03
8.740235382013743400e-04
1.163494790421004850e-03
1.095786609264660059e-03
8.530695885056263118e-04
1.399162275793077196e-03
6.412595322517591944e-04
1.683128501426406571e-03
8.994785871912617560e-04
7.248459324950308480e-04
9.986342809352127901e-04
1.065353777081724058e-03
7.738769188719561189e-04
1.285853353983163957e-03
7.833271713467962385e-04
8.504128856947300568e-04
6.554471685982450396e-04
9.234271746422439107e-04
9.806572364879162854e-04
1.086249464141290791e-03
9.766339301337200168e-04
9.621080621031388594e-04
9.459376952520676075e-04
6.684133616937883897e-04
1.137525857407561307e-03
6.699282094715864255e-04
7.990393129208790734e-04
6.447523154966950222e-04
1.026131016473646020e-03
1.033129947068286677e-03
8.792419997776624663e-04
6.805629065604032512e-04
1.883065755907556123e-03
6.921584363642613574e-04
1.196668057758635672e-03
7.667789445767218218e-04
8.335284436985859486e-04
6.680005665045359638e-04
1.154297047664251327e-03
8.462859517947360225e-04
9.862698793011144636e-04
8.702513102710608510e-04
8.325458966872433019e-04
6.708057253863139620e-04
1.334006256908166392e-03
1.389979360962219704e-03
8.278508146173294132e-04
1.121458025952978355e-03
1.206248408936940776e-03
1.512026994808530990e-03
9.478615918087535163e-04
7.508316607798491129e-04
9.548256839928790122e-04
7.426092035101120601e-04
7.101658081910345102e-04
7.614007725698760960e-04
9.128237741493603914e-04
1.086364093961544527e-03
1.016422820321890826e-03
9.083048688179074523e-04
1.003100850921726569e-03
1.142060623111115303e-03
8.815706652195656615e-04
7.536513489176279021e-04
1.058747861455002024e-03
1.057915126040311418e-03
1.009675763661968973e-03
7.729475079331641274e-04
1.220511121255515473e-03
1.186335902896182466e-03
1.061627797719667983e-03
8.954120643343705657e-04
1.013904169349812102e-03
1.210713535241664338e-03
8.089612022551775266e-04
1.719629109802235309e-03
1.496114345923972187e-03
9.605756607286403907e-04
1.300280603624601487e-03
7.695395813634821683e-04
1.018086098691201122e-03
8.161370742997919956e-04
8.432286994959969440e-04
7.644007209174754963e-04
1.447808424103138106e-03
7.907102548351849875e-04
8.514169131768717065e-04
1.282049325633725445e-03
9.526784102719746935e-04
1.018447844304428904e-03
1.067107699184943531e-03
1.136004317574550561e-03
8.177757244970505377e-04
9.620967597435981780e-04
9.106319464513684117e-04
1.198874619160820217e-03
7.509370215658562209e-04
7.528691215898806110e-04
7.259710233759489144e-04
6.782013322119474254e-04
1.299407263725079788e-03
1.202732123008194969e-03
8.437287495788560942e-04
1.073077037527539425e-03
1.255499716952859042e-03
1.861403017328291552e-03
8.804989009726830280e-04
1.620253265065689768e-03
7.439217800409675093e-04
1.268016159792572902e-03
8.022046922476930254e-04
1.381526401884782072e-03
1.331726021135772259e-03
9.275775994593232852e-04
9.517403284369157579e-04
7.474653212647178451e-04
1.374677435389851923e-03
9.031639155497656795e-04
9.990413917574756265e-04
8.368648731012878718e-04
7.209228527838884614e-04
1.156330081094455488e-03
7.575348363410834389e-04
9.114396531732454161e-04
1.292541786065696174e-03
1.258530183813749486e-03
8.816900765082497917e-04
6.465750599144964687e-04
1.017278132789984453e-03
7.165089576544240004e-04
1.302593868017037264e-03
6.372463875615883488e-04
1.199842331888542049e-03
1.434133453313466387e-03
7.840512670850184000e-04
7.140859777446239166e-04
7.187510490537228928e-04
7.557415703930150334e-04
1.342508346660502023e-03
8.900578140891167358e-04
8.889500244765617329e-04
1.023382149315429793e-03
8.807580920071814276e-04
9.098014135672271348e-04
9.491599383521768683e-04
6.905828214083529256e-04
8.093877602694140010e-04
9.456839876874032240e-04
7.976976767564451440e-04
6.401858986244709886e-04
6.834635047740224246e-04
8.735142826456079130e-04
1.096578676732974525e-03
8.293839451074757306e-04
1.419661287439091422e-03
8.289294059713272524e-04
1.010824117344739622e-03
9.368475543741461818e-04
9.355574405095065313e-04
9.351191364655405715e-04
7.656502034126535725e-04
8.179088973967943562e-04
1.106494688014602939e-03
1.287944200248570831e-03
9.666832506938318782e-04
1.159898059465759058e-03
1.374005860847468804e-03
9.960939519426806939e-04
9.496749376677124247e-04
9.683018339983091860e-04
1.073237500729448896e-03
1.105329711230492850e-03
9.159152294896399666e-04
8.414892875387469965e-04
9.930510037882318841e-04
7.754395935388252396e-04
6.188312290397492144e-04
1.272336411335226293e-03
9.284975795696299430e-04
6.363426177244101709e-04
7.993392449943558962e-04
6.753931707066947003e-04
8.762533657000161824e-04
7.875119926741637509e-04
9.891455835377440352e-04
2.246557109469503929e-03
6.824963079479160746e-04
8.956948363990240893e-04
9.992324735319108031e-04
1.081576921927896329e-03
6.792173347057269732e-04
7.016638512677018848e-04
1.187870173339828977e-03
1.232647991116807241e-03
9.772384210062162822e-04
6.158334430598160327e-04
7.967042965569079037e-04
6.884484773310212049e-04
7.534174369884310499e-04
9.356386646366661539e-04
1.084310622495479647e-03
7.463808684281099609e-04
9.615928783245512651e-04
1.173818629823125377e-03
8.183740480454132103e-04
1.051888527091376794e-03
1.158816698243824318e-03
9.004882479523494774e-04
8.343322709541843487e-04
9.671384049567763189e-04
1.014983892761229210e-03
7.088186302525938771e-04
9.856732055482850512e-04
9.570591232372199211e-04
7.828184683190060915e-04
7.188799868534585021e-04
1.497483435246006528e-03
2.513873610379859305e-03
8.373732319480450608e-04
6.764083282769029273e-04
1.296769318168009650e-03
8.348264584131562770e-04
7.558636417034688554e-04
1.668319776372954562e-03
1.003257959887861707e-03
7.496739855217330857e-04
1.354732244094607576e-03
9.013853693174132299e-04
7.435044600037496931e-04
1.104412416556783136e-03
6.426227457216626172e-04
8.738027236480513330e-04
7.966519266194234438e-04
1.071281320471315383e-03
1.269172287156727268e-03
6.874205179500869015e-04
8.794254725663110377e-04
1.021918171147628970e-03
1.614663622861786142e-03
7.652627181263466430e-04
1.001166244493448872e-03
7.624081594391957963e-04
1.098165339761108476e-03
6.686774961604347945e-04
9.096400074077406247e-04
1.065162779896606420e-03
7.702524521850469177e-04
1.216790010857389135e-03
8.069775049200367256e-04
1.574230261843265416e-03
1.470847689128323586e-03
6.105650936552227707e-04
8.969293738549131501e-04
1.535450010491307962e-03
1.009652247269233073e-03
1.344769512193776540e-03
8.300242092410747233e-04
8.377989470018976396e-04
1.451004911451186539e-03
1.001496085905404258e-03
1.001479445341759561e-03
7.216534513889405998e-04
9.876430305696200403e-04
6.812094128556496269e-04
6.870181735608832906e-04
1.164468891797588350e-03
1.042202529399703431e-03
7.355829142106724752e-04
9.091779173319561097e-04
6.350650656507641004e-04
1.015357721767584220e-03
8.784541342454854716e-04
1.002799842506335928e-03
7.050970383188326059e-04
6.852926017208896920e-04
7.516507109620437690e-04
1.064032291403758674e-03
8.796024196893630683e-04
1.398985343846601524e-03
1.193983003080420491e-03
1.470764531124623071e-03
8.434431408291989240e-04
7.105846629568785206e-04
1.009980867921216833e-03
1.122860104748716909e-03
1.082858962222330371e-03
1.534879923666073159e-03
9.952100006616621929e-04
9.062559110960759874e-04
8.979867065960499316e-04
9.043181474897310241e-04
1.228152341646866113e-03
1.298081129334988440e-03
1.067024253122028513e-03
1.324962382643066162e-03
8.636415333809676015e-04
6.524964854656898055e-04
1.324012944245194683e-03
1.178361293576498346e-03
9.313570073388170072e-04
7.832265080787156409e-04
1.267758444844437884e-03
9.212022248574944748e-04
1.259820526273784354e-03
8.217303547883356542e-04
1.303260092364866719e-03
9.235802362929832442e-04
7.655933856023355031e-04
8.065559017942879310e-04
7.496662266747758071e-04
1.525450402612897258e-03
9.398338305865123815e-04
7.148642924173070077e-04
9.614764196897823386e-04
1.035818262548360638e-03
1.402083281127461303e-03
1.115970458646180262e-03
6.796210331335100861e-04
1.047392039717920430e-03
1.734869045882650538e-03
1.492636525225447645e-03
1.092503397491286941e-03
1.167995542862049164e-03
7.807751208981565487e-04
9.980106650313718981e-04
7.259845231508983004e-04
1.390783257347819090e-03
1.465325759233550339e-03
